[15:23:50:524]\\?\hid#dell09c2&col02#5&bc4dc33&0&0001#{4d1e55b2-f16f-11cf-88cb-001111000030}
[15:23:50:524]\\?\hid#dell09c2&col03#5&bc4dc33&0&0002#{4d1e55b2-f16f-11cf-88cb-001111000030}
[15:23:50:524]\\?\hid#intc816&col01#3&207f9b7f&0&0000#{4d1e55b2-f16f-11cf-88cb-001111000030}
[15:23:50:524]\\?\hid#intc816&col02#3&207f9b7f&0&0001#{4d1e55b2-f16f-11cf-88cb-001111000030}
[15:23:50:524]\\?\hid#converteddevice&col02#5&17bac0a6&0&0001#{4d1e55b2-f16f-11cf-88cb-001111000030}
[15:23:50:524]\\?\hid#converteddevice&col03#5&17bac0a6&0&0002#{4d1e55b2-f16f-11cf-88cb-001111000030}
[15:23:50:524]\\?\hid#dell09c2&col04#5&bc4dc33&0&0003#{4d1e55b2-f16f-11cf-88cb-001111000030}
[15:23:50:524]\\?\hid#{00001812-0000-1000-8000-00805f9b34fb}_dev_vid&0232c2_pid&0001_rev&0068_ccb624cd66b1#9&326e3aae&0&0000#{4d1e55b2-f16f-11cf-88cb-001111000030}
[15:23:50:525]\\?\hid#dell09c2&col05#5&bc4dc33&0&0004#{4d1e55b2-f16f-11cf-88cb-001111000030}
[15:23:50:525]\\?\hid#converteddevice&col01#5&17bac0a6&0&0000#{4d1e55b2-f16f-11cf-88cb-001111000030}\kbd
[15:23:50:525]\\?\hid#dell09c2&col01#5&bc4dc33&0&0000#{4d1e55b2-f16f-11cf-88cb-001111000030}
[15:23:50:525]\\?\hid#vid_046d&pid_0adf&mi_00#7&3e7114f&0&0000#{4d1e55b2-f16f-11cf-88cb-001111000030}
[15:23:50:525]\\?\hid#vid_046d&pid_0adf&mi_04#7&31212da2&0&0000#{4d1e55b2-f16f-11cf-88cb-001111000030}
[15:23:50:527]try_path=\\?\hid#vid_046d&pid_0adf&mi_00#7&3e7114f&0&0000#{4d1e55b2-f16f-11cf-88cb-001111000030}
[15:23:50:529]	InputReportByteLength=65
[15:23:50:529]	OutputReportByteLength=65
[15:23:50:530]HID_Connected=\\?\hid#vid_046d&pid_0adf&mi_00#7&3e7114f&0&0000#{4d1e55b2-f16f-11cf-88cb-001111000030}
[15:23:50:531][HID_TX]00-84-01-D1-55-01-00-00-00-00-00-00-00-00-00-00-00-00-00-00-00-00-00-00-00-00-00-00-00-00-00-00-00-00-00-00-00-00-00-00-00-00-00-00-00-00-00-00-00-00-00-00-00-00-00-00-00-00-00-00-00-00-00-00-00
[15:23:50:533]HidD_GetInputReport=True
[15:23:50:533]reply_report=00-4F-56-31-2E-38-2E-35-2E-31-00-00-00-00-00-00-00-00-00-00-00-00-00-00-00-00-00-00-00-00-00-00-00-00-00-00-00-00-00-00-00-00-00-00-00-00-00-00-00-00-00-00-00-00-00-00-00-00-00-00-00-00-00-00-00
[15:23:50:533][ys_tech] fw_version=V1.8.5.1
[15:23:50:534]ystech_Power_Saving, is_EnablePowerSaving=False
[15:23:50:534][HID_TX]00-85-01-83-8B-01-00-00-00-00-00-00-00-00-00-00-00-00-00-00-00-00-00-00-00-00-00-00-00-00-00-00-00-00-00-00-00-00-00-00-00-00-00-00-00-00-00-00-00-00-00-00-00-00-00-00-00-00-00-00-00-00-00-00-00
[15:23:50:535]HidD_GetInputReport=True
[15:23:50:535]reply_report=00-4F-00-00-00-00-00-00-00-00-00-00-00-00-00-00-00-00-00-00-00-00-00-00-00-00-00-00-00-00-00-00-00-00-00-00-00-00-00-00-00-00-00-00-00-00-00-00-00-00-00-00-00-00-00-00-00-00-00-00-00-00-00-00-00
[15:23:50:535]HID_CMD_POWER_SAVING_Disable
[15:23:50:535]path_connected=\\?\hid#vid_046d&pid_0adf&mi_00#7&3e7114f&0&0000#{4d1e55b2-f16f-11cf-88cb-001111000030}
[15:23:51:755][HID_TX]00-80-06-1C-7D-50-41-0E-01-01-E0-00-00-00-00-00-00-00-00-00-00-00-00-00-00-00-00-00-00-00-00-00-00-00-00-00-00-00-00-00-00-00-00-00-00-00-00-00-00-00-00-00-00-00-00-00-00-00-00-00-00-00-00-00-00
[15:23:51:757]HidD_GetInputReport=True
[15:23:51:757]reply_report=00-4F-00-00-00-00-00-00-00-00-00-00-00-00-00-00-00-00-00-00-00-00-00-00-00-00-00-00-00-00-00-00-00-00-00-00-00-00-00-00-00-00-00-00-00-00-00-00-00-00-00-00-00-00-00-00-00-00-00-00-00-00-00-00-00
[15:23:51:757]50-41-0E-01-01-E0 [CMD_SENT][REMOTE_GET_MODE]
[15:23:51:762][HID_TX_ack]00-19-50-49-01-C0-44-08-02-00-03-00-0E-81-00-50-49-0E-CB-00-00-00-00-02-00-E0-01-00-32-50-49-01-C0-22-05-00-00-03-00-11-88-19-00-00-00-00-00-00-00-00-00-00-00-00-00-00-00-00-00-00-00-00-00-00-00
[15:23:51:766]REMOTE_GET_MODE=01
[15:23:51:766]50-49-01-C0-44-08-02-00-03-00-0E-81-00
[15:23:51:766]50-49-0E-CB-00-00-00-00-02-00-E0-01-
[15:23:51:766][HID_TX]00-80-07-1B-E1-50-41-06-02-01-00-63-00-00-00-00-00-00-00-00-00-00-00-00-00-00-00-00-00-00-00-00-00-00-00-00-00-00-00-00-00-00-00-00-00-00-00-00-00-00-00-00-00-00-00-00-00-00-00-00-00-00-00-00-00
[15:23:51:767]HidD_GetInputReport=True
[15:23:51:767]reply_report=00-4F-00-00-00-00-00-00-00-00-00-00-00-00-00-00-00-00-00-00-00-00-00-00-00-00-00-00-00-00-00-00-00-00-00-00-00-00-00-00-00-00-00-00-00-00-00-00-00-00-00-00-00-00-00-00-00-00-00-00-00-00-00-00-00
[15:23:51:767]50-41-06-02-01-00-63 [CMD_SENT][CMD_GET_IO_LEVEL]
[15:23:51:799][HID_TX_ack]00-12-50-49-01-CC-E9-21-02-00-08-00-06-82-00-01-FF-FF-1F-00-00-00-00-02-00-E0-01-00-32-50-49-01-C0-22-05-00-00-03-00-11-88-19-00-00-00-00-00-00-00-00-00-00-00-00-00-00-00-00-00-00-00-00-00-00-00
[15:23:51:799]50-49-01-CC-E9-21-02-00-08-00-06-82-00-01-FF-FF-1F-00
[15:23:52:014][HID_TX]00-80-06-F7-52-50-41-0E-03-01-E0-00-00-00-00-00-00-00-00-00-00-00-00-00-00-00-00-00-00-00-00-00-00-00-00-00-00-00-00-00-00-00-00-00-00-00-00-00-00-00-00-00-00-00-00-00-00-00-00-00-00-00-00-00-00
[15:23:52:015]HidD_GetInputReport=True
[15:23:52:015]reply_report=00-4F-00-00-00-00-00-00-00-00-00-00-00-00-00-00-00-00-00-00-00-00-00-00-00-00-00-00-00-00-00-00-00-00-00-00-00-00-00-00-00-00-00-00-00-00-00-00-00-00-00-00-00-00-00-00-00-00-00-00-00-00-00-00-00
[15:23:52:015]50-41-0E-03-01-E0 [CMD_SENT][REMOTE_GET_MODE]
[15:23:52:018][HID_TX_ack]00-19-50-49-01-C0-13-09-02-00-03-00-0E-83-00-50-49-0E-CD-00-00-00-00-02-00-E0-01-00-32-50-49-01-C0-22-05-00-00-03-00-11-88-19-00-00-00-00-00-00-00-00-00-00-00-00-00-00-00-00-00-00-00-00-00-00-00
[15:23:52:018]50-49-01-C0-13-09-02-00-03-00-0E-83-00
[15:23:52:018]50-49-0E-CD-00-00-00-00-02-00-E0-01-
[15:23:52:018]REMOTE_GET_MODE=01
[15:23:52:018][HID_TX]00-80-07-26-91-50-41-06-04-01-00-63-00-00-00-00-00-00-00-00-00-00-00-00-00-00-00-00-00-00-00-00-00-00-00-00-00-00-00-00-00-00-00-00-00-00-00-00-00-00-00-00-00-00-00-00-00-00-00-00-00-00-00-00-00
[15:23:52:019]HidD_GetInputReport=True
[15:23:52:019]reply_report=00-4F-00-00-00-00-00-00-00-00-00-00-00-00-00-00-00-00-00-00-00-00-00-00-00-00-00-00-00-00-00-00-00-00-00-00-00-00-00-00-00-00-00-00-00-00-00-00-00-00-00-00-00-00-00-00-00-00-00-00-00-00-00-00-00
[15:23:52:019]50-41-06-04-01-00-63 [CMD_SENT][CMD_GET_IO_LEVEL]
[15:23:52:040][HID_TX_ack]00-12-50-49-01-CE-BC-22-02-00-08-00-06-84-00-01-FF-FF-1F-00-00-00-00-02-00-E0-01-00-32-50-49-01-C0-22-05-00-00-03-00-11-88-19-00-00-00-00-00-00-00-00-00-00-00-00-00-00-00-00-00-00-00-00-00-00-00
[15:23:52:040]50-49-01-CE-BC-22-02-00-08-00-06-84-00-01-FF-FF-1F-00
[15:23:52:265][HID_TX]00-80-06-CA-22-50-41-0E-05-01-E0-00-00-00-00-00-00-00-00-00-00-00-00-00-00-00-00-00-00-00-00-00-00-00-00-00-00-00-00-00-00-00-00-00-00-00-00-00-00-00-00-00-00-00-00-00-00-00-00-00-00-00-00-00-00
[15:23:52:266]HidD_GetInputReport=True
[15:23:52:266]reply_report=00-4F-00-00-00-00-00-00-00-00-00-00-00-00-00-00-00-00-00-00-00-00-00-00-00-00-00-00-00-00-00-00-00-00-00-00-00-00-00-00-00-00-00-00-00-00-00-00-00-00-00-00-00-00-00-00-00-00-00-00-00-00-00-00-00
[15:23:52:266]50-41-0E-05-01-E0 [CMD_SENT][REMOTE_GET_MODE]
[15:23:52:270][HID_TX_ack]00-19-50-49-01-C0-DB-09-02-00-03-00-0E-85-00-50-49-0E-CF-00-00-00-00-02-00-E0-01-00-32-50-49-01-C0-22-05-00-00-03-00-11-88-19-00-00-00-00-00-00-00-00-00-00-00-00-00-00-00-00-00-00-00-00-00-00-00
[15:23:52:270]50-49-01-C0-DB-09-02-00-03-00-0E-85-00
[15:23:52:270]50-49-0E-CF-00-00-00-00-02-00-E0-01-
[15:23:52:270]REMOTE_GET_MODE=01
[15:23:52:270][HID_TX]00-80-07-CD-BE-50-41-06-06-01-00-63-00-00-00-00-00-00-00-00-00-00-00-00-00-00-00-00-00-00-00-00-00-00-00-00-00-00-00-00-00-00-00-00-00-00-00-00-00-00-00-00-00-00-00-00-00-00-00-00-00-00-00-00-00
[15:23:52:272]HidD_GetInputReport=True
[15:23:52:272]reply_report=00-4F-00-00-00-00-00-00-00-00-00-00-00-00-00-00-00-00-00-00-00-00-00-00-00-00-00-00-00-00-00-00-00-00-00-00-00-00-00-00-00-00-00-00-00-00-00-00-00-00-00-00-00-00-00-00-00-00-00-00-00-00-00-00-00
[15:23:52:272]50-41-06-06-01-00-63 [CMD_SENT][CMD_GET_IO_LEVEL]
[15:23:52:302][HID_TX_ack]00-12-50-49-01-D0-7C-23-02-00-08-00-06-86-00-01-FF-FF-1F-00-00-00-00-02-00-E0-01-00-32-50-49-01-C0-22-05-00-00-03-00-11-88-19-00-00-00-00-00-00-00-00-00-00-00-00-00-00-00-00-00-00-00-00-00-00-00
[15:23:52:302]50-49-01-D0-7C-23-02-00-08-00-06-86-00-01-FF-FF-1F-00
[15:23:52:513][HID_TX]00-80-06-21-0D-50-41-0E-07-01-E0-00-00-00-00-00-00-00-00-00-00-00-00-00-00-00-00-00-00-00-00-00-00-00-00-00-00-00-00-00-00-00-00-00-00-00-00-00-00-00-00-00-00-00-00-00-00-00-00-00-00-00-00-00-00
[15:23:52:515]HidD_GetInputReport=True
[15:23:52:515]reply_report=00-4F-00-00-00-00-00-00-00-00-00-00-00-00-00-00-00-00-00-00-00-00-00-00-00-00-00-00-00-00-00-00-00-00-00-00-00-00-00-00-00-00-00-00-00-00-00-00-00-00-00-00-00-00-00-00-00-00-00-00-00-00-00-00-00
[15:23:52:515]50-41-0E-07-01-E0 [CMD_SENT][REMOTE_GET_MODE]
[15:23:52:518][HID_TX_ack]00-19-50-49-01-C0-A2-0A-02-00-03-00-0E-87-00-50-49-0E-D1-00-00-00-00-02-00-E0-01-00-32-50-49-01-C0-22-05-00-00-03-00-11-88-19-00-00-00-00-00-00-00-00-00-00-00-00-00-00-00-00-00-00-00-00-00-00-00
[15:23:52:518]50-49-01-C0-A2-0A-02-00-03-00-0E-87-00
[15:23:52:518]50-49-0E-D1-00-00-00-00-02-00-E0-01-
[15:23:52:518]REMOTE_GET_MODE=01
[15:23:52:518][HID_TX]00-80-07-5C-71-50-41-06-08-01-00-63-00-00-00-00-00-00-00-00-00-00-00-00-00-00-00-00-00-00-00-00-00-00-00-00-00-00-00-00-00-00-00-00-00-00-00-00-00-00-00-00-00-00-00-00-00-00-00-00-00-00-00-00-00
[15:23:52:519]HidD_GetInputReport=True
[15:23:52:519]reply_report=00-4F-00-00-00-00-00-00-00-00-00-00-00-00-00-00-00-00-00-00-00-00-00-00-00-00-00-00-00-00-00-00-00-00-00-00-00-00-00-00-00-00-00-00-00-00-00-00-00-00-00-00-00-00-00-00-00-00-00-00-00-00-00-00-00
[15:23:52:519]50-41-06-08-01-00-63 [CMD_SENT][CMD_GET_IO_LEVEL]
[15:23:52:555][HID_TX_ack]00-12-50-49-01-D2-47-24-02-00-08-00-06-88-00-01-FF-FF-1F-00-00-00-00-02-00-E0-01-00-32-50-49-01-C0-22-05-00-00-03-00-11-88-19-00-00-00-00-00-00-00-00-00-00-00-00-00-00-00-00-00-00-00-00-00-00-00
[15:23:52:555]50-49-01-D2-47-24-02-00-08-00-06-88-00-01-FF-FF-1F-00
[15:23:52:776][HID_TX]00-80-06-B0-C2-50-41-0E-09-01-E0-00-00-00-00-00-00-00-00-00-00-00-00-00-00-00-00-00-00-00-00-00-00-00-00-00-00-00-00-00-00-00-00-00-00-00-00-00-00-00-00-00-00-00-00-00-00-00-00-00-00-00-00-00-00
[15:23:52:778]HidD_GetInputReport=True
[15:23:52:778]reply_report=00-4F-00-00-00-00-00-00-00-00-00-00-00-00-00-00-00-00-00-00-00-00-00-00-00-00-00-00-00-00-00-00-00-00-00-00-00-00-00-00-00-00-00-00-00-00-00-00-00-00-00-00-00-00-00-00-00-00-00-00-00-00-00-00-00
[15:23:52:778]50-41-0E-09-01-E0 [CMD_SENT][REMOTE_GET_MODE]
[15:23:52:780][HID_TX_ack]00-19-50-49-01-C0-75-0B-02-00-03-00-0E-89-00-50-49-0E-D3-00-00-00-00-02-00-E0-01-00-32-50-49-01-C0-22-05-00-00-03-00-11-88-19-00-00-00-00-00-00-00-00-00-00-00-00-00-00-00-00-00-00-00-00-00-00-00
[15:23:52:780]50-49-01-C0-75-0B-02-00-03-00-0E-89-00
[15:23:52:780]50-49-0E-D3-00-00-00-00-02-00-E0-01-
[15:23:52:780]REMOTE_GET_MODE=01
[15:23:52:781][HID_TX]00-80-07-B7-5E-50-41-06-0A-01-00-63-00-00-00-00-00-00-00-00-00-00-00-00-00-00-00-00-00-00-00-00-00-00-00-00-00-00-00-00-00-00-00-00-00-00-00-00-00-00-00-00-00-00-00-00-00-00-00-00-00-00-00-00-00
[15:23:52:782]HidD_GetInputReport=True
[15:23:52:782]reply_report=00-4F-00-00-00-00-00-00-00-00-00-00-00-00-00-00-00-00-00-00-00-00-00-00-00-00-00-00-00-00-00-00-00-00-00-00-00-00-00-00-00-00-00-00-00-00-00-00-00-00-00-00-00-00-00-00-00-00-00-00-00-00-00-00-00
[15:23:52:782]50-41-06-0A-01-00-63 [CMD_SENT][CMD_GET_IO_LEVEL]
[15:23:52:807][HID_TX_ack]00-12-50-49-01-D4-1B-25-02-00-08-00-06-8A-00-01-FF-FF-1F-00-00-00-00-02-00-E0-01-00-32-50-49-01-C0-22-05-00-00-03-00-11-88-19-00-00-00-00-00-00-00-00-00-00-00-00-00-00-00-00-00-00-00-00-00-00-00
[15:23:52:808]50-49-01-D4-1B-25-02-00-08-00-06-8A-00-01-FF-FF-1F-00
[15:23:53:026][HID_TX]00-80-06-5B-ED-50-41-0E-0B-01-E0-00-00-00-00-00-00-00-00-00-00-00-00-00-00-00-00-00-00-00-00-00-00-00-00-00-00-00-00-00-00-00-00-00-00-00-00-00-00-00-00-00-00-00-00-00-00-00-00-00-00-00-00-00-00
[15:23:53:027]HidD_GetInputReport=True
[15:23:53:027]reply_report=00-4F-00-00-00-00-00-00-00-00-00-00-00-00-00-00-00-00-00-00-00-00-00-00-00-00-00-00-00-00-00-00-00-00-00-00-00-00-00-00-00-00-00-00-00-00-00-00-00-00-00-00-00-00-00-00-00-00-00-00-00-00-00-00-00
[15:23:53:029]50-41-0E-0B-01-E0 [CMD_SENT][REMOTE_GET_MODE]
[15:23:53:030][HID_TX_ack]00-19-50-49-01-C0-3C-0C-02-00-03-00-0E-8B-00-50-49-0E-D5-00-00-00-00-02-00-E0-01-00-32-50-49-01-C0-22-05-00-00-03-00-11-88-19-00-00-00-00-00-00-00-00-00-00-00-00-00-00-00-00-00-00-00-00-00-00-00
[15:23:53:030]50-49-01-C0-3C-0C-02-00-03-00-0E-8B-00
[15:23:53:030]50-49-0E-D5-00-00-00-00-02-00-E0-01-
[15:23:53:030]REMOTE_GET_MODE=01
[15:23:53:030][HID_TX]00-80-07-8A-2E-50-41-06-0C-01-00-63-00-00-00-00-00-00-00-00-00-00-00-00-00-00-00-00-00-00-00-00-00-00-00-00-00-00-00-00-00-00-00-00-00-00-00-00-00-00-00-00-00-00-00-00-00-00-00-00-00-00-00-00-00
[15:23:53:032]HidD_GetInputReport=True
[15:23:53:032]reply_report=00-4F-00-00-00-00-00-00-00-00-00-00-00-00-00-00-00-00-00-00-00-00-00-00-00-00-00-00-00-00-00-00-00-00-00-00-00-00-00-00-00-00-00-00-00-00-00-00-00-00-00-00-00-00-00-00-00-00-00-00-00-00-00-00-00
[15:23:53:032]50-41-06-0C-01-00-63 [CMD_SENT][CMD_GET_IO_LEVEL]
[15:23:53:053][HID_TX_ack]00-12-50-49-01-D6-E3-25-02-00-08-00-06-8C-00-01-FF-FF-1F-00-00-00-00-02-00-E0-01-00-32-50-49-01-C0-22-05-00-00-03-00-11-88-19-00-00-00-00-00-00-00-00-00-00-00-00-00-00-00-00-00-00-00-00-00-00-00
[15:23:53:053]50-49-01-D6-E3-25-02-00-08-00-06-8C-00-01-FF-FF-1F-00
[15:23:53:276][HID_TX]00-80-06-66-9D-50-41-0E-0D-01-E0-00-00-00-00-00-00-00-00-00-00-00-00-00-00-00-00-00-00-00-00-00-00-00-00-00-00-00-00-00-00-00-00-00-00-00-00-00-00-00-00-00-00-00-00-00-00-00-00-00-00-00-00-00-00
[15:23:53:277]HidD_GetInputReport=True
[15:23:53:277]reply_report=00-4F-00-00-00-00-00-00-00-00-00-00-00-00-00-00-00-00-00-00-00-00-00-00-00-00-00-00-00-00-00-00-00-00-00-00-00-00-00-00-00-00-00-00-00-00-00-00-00-00-00-00-00-00-00-00-00-00-00-00-00-00-00-00-00
[15:23:53:277]50-41-0E-0D-01-E0 [CMD_SENT][REMOTE_GET_MODE]
[15:23:53:284][HID_TX_ack]00-19-50-49-01-C0-04-0D-02-00-03-00-0E-8D-00-50-49-0E-D7-00-00-00-00-02-00-E0-01-00-32-50-49-01-C0-22-05-00-00-03-00-11-88-19-00-00-00-00-00-00-00-00-00-00-00-00-00-00-00-00-00-00-00-00-00-00-00
[15:23:53:284]50-49-01-C0-04-0D-02-00-03-00-0E-8D-00
[15:23:53:284]50-49-0E-D7-00-00-00-00-02-00-E0-01-
[15:23:53:284]REMOTE_GET_MODE=01
[15:23:53:285][HID_TX]00-80-07-61-01-50-41-06-0E-01-00-63-00-00-00-00-00-00-00-00-00-00-00-00-00-00-00-00-00-00-00-00-00-00-00-00-00-00-00-00-00-00-00-00-00-00-00-00-00-00-00-00-00-00-00-00-00-00-00-00-00-00-00-00-00
[15:23:53:286]HidD_GetInputReport=True
[15:23:53:286]reply_report=00-4F-00-00-00-00-00-00-00-00-00-00-00-00-00-00-00-00-00-00-00-00-00-00-00-00-00-00-00-00-00-00-00-00-00-00-00-00-00-00-00-00-00-00-00-00-00-00-00-00-00-00-00-00-00-00-00-00-00-00-00-00-00-00-00
[15:23:53:286]50-41-06-0E-01-00-63 [CMD_SENT][CMD_GET_IO_LEVEL]
[15:23:53:314][HID_TX_ack]00-12-50-49-01-D8-B7-26-02-00-08-00-06-8E-00-01-FF-FF-1F-00-00-00-00-02-00-E0-01-00-32-50-49-01-C0-22-05-00-00-03-00-11-88-19-00-00-00-00-00-00-00-00-00-00-00-00-00-00-00-00-00-00-00-00-00-00-00
[15:23:53:315]50-49-01-D8-B7-26-02-00-08-00-06-8E-00-01-FF-FF-1F-00
[15:23:53:538][HID_TX]00-80-06-8D-B2-50-41-0E-0F-01-E0-00-00-00-00-00-00-00-00-00-00-00-00-00-00-00-00-00-00-00-00-00-00-00-00-00-00-00-00-00-00-00-00-00-00-00-00-00-00-00-00-00-00-00-00-00-00-00-00-00-00-00-00-00-00
[15:23:53:540]HidD_GetInputReport=True
[15:23:53:540]reply_report=00-4F-00-00-00-00-00-00-00-00-00-00-00-00-00-00-00-00-00-00-00-00-00-00-00-00-00-00-00-00-00-00-00-00-00-00-00-00-00-00-00-00-00-00-00-00-00-00-00-00-00-00-00-00-00-00-00-00-00-00-00-00-00-00-00
[15:23:53:540]50-41-0E-0F-01-E0 [CMD_SENT][REMOTE_GET_MODE]
[15:23:53:543][HID_TX_ack]00-19-50-49-01-C0-D6-0D-02-00-03-00-0E-8F-00-50-49-0E-D9-00-00-00-00-02-00-E0-01-00-32-50-49-01-C0-22-05-00-00-03-00-11-88-19-00-00-00-00-00-00-00-00-00-00-00-00-00-00-00-00-00-00-00-00-00-00-00
[15:23:53:543]50-49-01-C0-D6-0D-02-00-03-00-0E-8F-00
[15:23:53:543]50-49-0E-D9-00-00-00-00-02-00-E0-01-
[15:23:53:543]REMOTE_GET_MODE=01
[15:23:53:543][HID_TX]00-80-07-89-A1-50-41-06-10-01-00-63-00-00-00-00-00-00-00-00-00-00-00-00-00-00-00-00-00-00-00-00-00-00-00-00-00-00-00-00-00-00-00-00-00-00-00-00-00-00-00-00-00-00-00-00-00-00-00-00-00-00-00-00-00
[15:23:53:544]HidD_GetInputReport=True
[15:23:53:544]reply_report=00-4F-00-00-00-00-00-00-00-00-00-00-00-00-00-00-00-00-00-00-00-00-00-00-00-00-00-00-00-00-00-00-00-00-00-00-00-00-00-00-00-00-00-00-00-00-00-00-00-00-00-00-00-00-00-00-00-00-00-00-00-00-00-00-00
[15:23:53:544]50-41-06-10-01-00-63 [CMD_SENT][CMD_GET_IO_LEVEL]
[15:23:53:577][HID_TX_ack]00-12-50-49-01-DA-89-27-02-00-08-00-06-90-00-01-FF-FF-1F-00-00-00-00-02-00-E0-01-00-32-50-49-01-C0-22-05-00-00-03-00-11-88-19-00-00-00-00-00-00-00-00-00-00-00-00-00-00-00-00-00-00-00-00-00-00-00
[15:23:53:578]50-49-01-DA-89-27-02-00-08-00-06-90-00-01-FF-FF-1F-00
[15:23:53:801][HID_TX]00-80-06-65-12-50-41-0E-11-01-E0-00-00-00-00-00-00-00-00-00-00-00-00-00-00-00-00-00-00-00-00-00-00-00-00-00-00-00-00-00-00-00-00-00-00-00-00-00-00-00-00-00-00-00-00-00-00-00-00-00-00-00-00-00-00
[15:23:53:803]HidD_GetInputReport=True
[15:23:53:803]reply_report=00-4F-00-00-00-00-00-00-00-00-00-00-00-00-00-00-00-00-00-00-00-00-00-00-00-00-00-00-00-00-00-00-00-00-00-00-00-00-00-00-00-00-00-00-00-00-00-00-00-00-00-00-00-00-00-00-00-00-00-00-00-00-00-00-00
[15:23:53:803]50-41-0E-11-01-E0 [CMD_SENT][REMOTE_GET_MODE]
[15:23:53:805][HID_TX_ack]00-19-50-49-01-C0-A9-0E-02-00-03-00-0E-91-00-50-49-0E-DB-00-00-00-00-02-00-E0-01-00-32-50-49-01-C0-22-05-00-00-03-00-11-88-19-00-00-00-00-00-00-00-00-00-00-00-00-00-00-00-00-00-00-00-00-00-00-00
[15:23:53:805]50-49-01-C0-A9-0E-02-00-03-00-0E-91-00
[15:23:53:805]50-49-0E-DB-00-00-00-00-02-00-E0-01-
[15:23:53:805]REMOTE_GET_MODE=01
[15:23:53:806][HID_TX]00-80-07-62-8E-50-41-06-12-01-00-63-00-00-00-00-00-00-00-00-00-00-00-00-00-00-00-00-00-00-00-00-00-00-00-00-00-00-00-00-00-00-00-00-00-00-00-00-00-00-00-00-00-00-00-00-00-00-00-00-00-00-00-00-00
[15:23:53:807]HidD_GetInputReport=True
[15:23:53:807]reply_report=00-4F-00-00-00-00-00-00-00-00-00-00-00-00-00-00-00-00-00-00-00-00-00-00-00-00-00-00-00-00-00-00-00-00-00-00-00-00-00-00-00-00-00-00-00-00-00-00-00-00-00-00-00-00-00-00-00-00-00-00-00-00-00-00-00
[15:23:53:807]50-41-06-12-01-00-63 [CMD_SENT][CMD_GET_IO_LEVEL]
[15:23:53:840][HID_TX_ack]00-12-50-49-01-DC-5B-28-02-00-08-00-06-92-00-01-FF-FF-1F-00-00-00-00-02-00-E0-01-00-32-50-49-01-C0-22-05-00-00-03-00-11-88-19-00-00-00-00-00-00-00-00-00-00-00-00-00-00-00-00-00-00-00-00-00-00-00
[15:23:53:840]50-49-01-DC-5B-28-02-00-08-00-06-92-00-01-FF-FF-1F-00
[15:23:54:050][HID_TX]00-80-06-8E-3D-50-41-0E-13-01-E0-00-00-00-00-00-00-00-00-00-00-00-00-00-00-00-00-00-00-00-00-00-00-00-00-00-00-00-00-00-00-00-00-00-00-00-00-00-00-00-00-00-00-00-00-00-00-00-00-00-00-00-00-00-00
[15:23:54:051]HidD_GetInputReport=True
[15:23:54:051]reply_report=00-4F-00-00-00-00-00-00-00-00-00-00-00-00-00-00-00-00-00-00-00-00-00-00-00-00-00-00-00-00-00-00-00-00-00-00-00-00-00-00-00-00-00-00-00-00-00-00-00-00-00-00-00-00-00-00-00-00-00-00-00-00-00-00-00
[15:23:54:051]50-41-0E-13-01-E0 [CMD_SENT][REMOTE_GET_MODE]
[15:23:54:055][HID_TX_ack]00-19-50-49-01-C0-6F-0F-02-00-03-00-0E-93-00-50-49-0E-DD-00-00-00-00-02-00-E0-01-00-32-50-49-01-C0-22-05-00-00-03-00-11-88-19-00-00-00-00-00-00-00-00-00-00-00-00-00-00-00-00-00-00-00-00-00-00-00
[15:23:54:055]50-49-01-C0-6F-0F-02-00-03-00-0E-93-00
[15:23:54:055]50-49-0E-DD-00-00-00-00-02-00-E0-01-
[15:23:54:055]REMOTE_GET_MODE=01
[15:23:54:055][HID_TX]00-80-07-5F-FE-50-41-06-14-01-00-63-00-00-00-00-00-00-00-00-00-00-00-00-00-00-00-00-00-00-00-00-00-00-00-00-00-00-00-00-00-00-00-00-00-00-00-00-00-00-00-00-00-00-00-00-00-00-00-00-00-00-00-00-00
[15:23:54:056]HidD_GetInputReport=True
[15:23:54:056]reply_report=00-4F-00-00-00-00-00-00-00-00-00-00-00-00-00-00-00-00-00-00-00-00-00-00-00-00-00-00-00-00-00-00-00-00-00-00-00-00-00-00-00-00-00-00-00-00-00-00-00-00-00-00-00-00-00-00-00-00-00-00-00-00-00-00-00
[15:23:54:056]50-41-06-14-01-00-63 [CMD_SENT][CMD_GET_IO_LEVEL]
[15:23:54:085][HID_TX_ack]00-12-50-49-01-DE-19-29-02-00-08-00-06-94-00-01-FF-FF-1F-00-00-00-00-02-00-E0-01-00-32-50-49-01-C0-22-05-00-00-03-00-11-88-19-00-00-00-00-00-00-00-00-00-00-00-00-00-00-00-00-00-00-00-00-00-00-00
[15:23:54:085]50-49-01-DE-19-29-02-00-08-00-06-94-00-01-FF-FF-1F-00
[15:23:54:301][HID_TX]00-80-06-B3-4D-50-41-0E-15-01-E0-00-00-00-00-00-00-00-00-00-00-00-00-00-00-00-00-00-00-00-00-00-00-00-00-00-00-00-00-00-00-00-00-00-00-00-00-00-00-00-00-00-00-00-00-00-00-00-00-00-00-00-00-00-00
[15:23:54:302]HidD_GetInputReport=True
[15:23:54:302]reply_report=00-4F-00-00-00-00-00-00-00-00-00-00-00-00-00-00-00-00-00-00-00-00-00-00-00-00-00-00-00-00-00-00-00-00-00-00-00-00-00-00-00-00-00-00-00-00-00-00-00-00-00-00-00-00-00-00-00-00-00-00-00-00-00-00-00
[15:23:54:302]50-41-0E-15-01-E0 [CMD_SENT][REMOTE_GET_MODE]
[15:23:54:305][HID_TX_ack]00-19-50-49-01-C0-38-10-02-00-03-00-0E-95-00-50-49-0E-DF-00-00-00-00-02-00-E0-01-00-32-50-49-01-C0-22-05-00-00-03-00-11-88-19-00-00-00-00-00-00-00-00-00-00-00-00-00-00-00-00-00-00-00-00-00-00-00
[15:23:54:305]50-49-01-C0-38-10-02-00-03-00-0E-95-00
[15:23:54:305]50-49-0E-DF-00-00-00-00-02-00-E0-01-
[15:23:54:305]REMOTE_GET_MODE=01
[15:23:54:305][HID_TX]00-80-07-B4-D1-50-41-06-16-01-00-63-00-00-00-00-00-00-00-00-00-00-00-00-00-00-00-00-00-00-00-00-00-00-00-00-00-00-00-00-00-00-00-00-00-00-00-00-00-00-00-00-00-00-00-00-00-00-00-00-00-00-00-00-00
[15:23:54:306]HidD_GetInputReport=True
[15:23:54:306]reply_report=00-4F-00-00-00-00-00-00-00-00-00-00-00-00-00-00-00-00-00-00-00-00-00-00-00-00-00-00-00-00-00-00-00-00-00-00-00-00-00-00-00-00-00-00-00-00-00-00-00-00-00-00-00-00-00-00-00-00-00-00-00-00-00-00-00
[15:23:54:306]50-41-06-16-01-00-63 [CMD_SENT][CMD_GET_IO_LEVEL]
[15:23:54:330][HID_TX_ack]00-12-50-49-01-E0-E1-29-02-00-08-00-06-96-00-01-FF-FF-1F-00-00-00-00-02-00-E0-01-00-32-50-49-01-C0-22-05-00-00-03-00-11-88-19-00-00-00-00-00-00-00-00-00-00-00-00-00-00-00-00-00-00-00-00-00-00-00
[15:23:54:330]50-49-01-E0-E1-29-02-00-08-00-06-96-00-01-FF-FF-1F-00
[15:23:54:549][HID_TX]00-80-06-58-62-50-41-0E-17-01-E0-00-00-00-00-00-00-00-00-00-00-00-00-00-00-00-00-00-00-00-00-00-00-00-00-00-00-00-00-00-00-00-00-00-00-00-00-00-00-00-00-00-00-00-00-00-00-00-00-00-00-00-00-00-00
[15:23:54:550]HidD_GetInputReport=True
[15:23:54:550]reply_report=00-4F-00-00-00-00-00-00-00-00-00-00-00-00-00-00-00-00-00-00-00-00-00-00-00-00-00-00-00-00-00-00-00-00-00-00-00-00-00-00-00-00-00-00-00-00-00-00-00-00-00-00-00-00-00-00-00-00-00-00-00-00-00-00-00
[15:23:54:550]50-41-0E-17-01-E0 [CMD_SENT][REMOTE_GET_MODE]
[15:23:54:553][HID_TX_ack]00-19-50-49-01-C0-FE-10-02-00-03-00-0E-97-00-50-49-0E-E1-00-00-00-00-02-00-E0-01-00-32-50-49-01-C0-22-05-00-00-03-00-11-88-19-00-00-00-00-00-00-00-00-00-00-00-00-00-00-00-00-00-00-00-00-00-00-00
[15:23:54:553]50-49-01-C0-FE-10-02-00-03-00-0E-97-00
[15:23:54:553]50-49-0E-E1-00-00-00-00-02-00-E0-01-
[15:23:54:553]REMOTE_GET_MODE=01
[15:23:54:553][HID_TX]00-80-07-25-1E-50-41-06-18-01-00-63-00-00-00-00-00-00-00-00-00-00-00-00-00-00-00-00-00-00-00-00-00-00-00-00-00-00-00-00-00-00-00-00-00-00-00-00-00-00-00-00-00-00-00-00-00-00-00-00-00-00-00-00-00
[15:23:54:554]HidD_GetInputReport=True
[15:23:54:554]reply_report=00-4F-00-00-00-00-00-00-00-00-00-00-00-00-00-00-00-00-00-00-00-00-00-00-00-00-00-00-00-00-00-00-00-00-00-00-00-00-00-00-00-00-00-00-00-00-00-00-00-00-00-00-00-00-00-00-00-00-00-00-00-00-00-00-00
[15:23:54:554]50-41-06-18-01-00-63 [CMD_SENT][CMD_GET_IO_LEVEL]
[15:23:54:575][HID_TX_ack]00-12-50-49-01-E2-A1-2A-02-00-08-00-06-98-00-01-FF-FF-1F-00-00-00-00-02-00-E0-01-00-32-50-49-01-C0-22-05-00-00-03-00-11-88-19-00-00-00-00-00-00-00-00-00-00-00-00-00-00-00-00-00-00-00-00-00-00-00
[15:23:54:575]50-49-01-E2-A1-2A-02-00-08-00-06-98-00-01-FF-FF-1F-00
[15:23:54:799][HID_TX]00-80-06-C9-AD-50-41-0E-19-01-E0-00-00-00-00-00-00-00-00-00-00-00-00-00-00-00-00-00-00-00-00-00-00-00-00-00-00-00-00-00-00-00-00-00-00-00-00-00-00-00-00-00-00-00-00-00-00-00-00-00-00-00-00-00-00
[15:23:54:799]HidD_GetInputReport=True
[15:23:54:799]reply_report=00-4F-00-00-00-00-00-00-00-00-00-00-00-00-00-00-00-00-00-00-00-00-00-00-00-00-00-00-00-00-00-00-00-00-00-00-00-00-00-00-00-00-00-00-00-00-00-00-00-00-00-00-00-00-00-00-00-00-00-00-00-00-00-00-00
[15:23:54:799]50-41-0E-19-01-E0 [CMD_SENT][REMOTE_GET_MODE]
[15:23:54:802][HID_TX_ack]00-19-50-49-01-C0-C6-11-02-00-03-00-0E-99-00-50-49-0E-E3-00-00-00-00-02-00-E0-01-00-32-50-49-01-C0-22-05-00-00-03-00-11-88-19-00-00-00-00-00-00-00-00-00-00-00-00-00-00-00-00-00-00-00-00-00-00-00
[15:23:54:802]50-49-01-C0-C6-11-02-00-03-00-0E-99-00
[15:23:54:802]50-49-0E-E3-00-00-00-00-02-00-E0-01-
[15:23:54:803]REMOTE_GET_MODE=01
[15:23:54:803][HID_TX]00-80-07-CE-31-50-41-06-1A-01-00-63-00-00-00-00-00-00-00-00-00-00-00-00-00-00-00-00-00-00-00-00-00-00-00-00-00-00-00-00-00-00-00-00-00-00-00-00-00-00-00-00-00-00-00-00-00-00-00-00-00-00-00-00-00
[15:23:54:803]HidD_GetInputReport=True
[15:23:54:803]reply_report=00-4F-00-00-00-00-00-00-00-00-00-00-00-00-00-00-00-00-00-00-00-00-00-00-00-00-00-00-00-00-00-00-00-00-00-00-00-00-00-00-00-00-00-00-00-00-00-00-00-00-00-00-00-00-00-00-00-00-00-00-00-00-00-00-00
[15:23:54:803]50-41-06-1A-01-00-63 [CMD_SENT][CMD_GET_IO_LEVEL]
[15:23:54:839][HID_TX_ack]00-12-50-49-01-E4-6A-2B-02-00-08-00-06-9A-00-01-FF-FF-1F-00-00-00-00-02-00-E0-01-00-32-50-49-01-C0-22-05-00-00-03-00-11-88-19-00-00-00-00-00-00-00-00-00-00-00-00-00-00-00-00-00-00-00-00-00-00-00
[15:23:54:839]50-49-01-E4-6A-2B-02-00-08-00-06-9A-00-01-FF-FF-1F-00
[15:23:55:063][HID_TX]00-80-06-22-82-50-41-0E-1B-01-E0-00-00-00-00-00-00-00-00-00-00-00-00-00-00-00-00-00-00-00-00-00-00-00-00-00-00-00-00-00-00-00-00-00-00-00-00-00-00-00-00-00-00-00-00-00-00-00-00-00-00-00-00-00-00
[15:23:55:065]HidD_GetInputReport=True
[15:23:55:065]reply_report=00-4F-00-00-00-00-00-00-00-00-00-00-00-00-00-00-00-00-00-00-00-00-00-00-00-00-00-00-00-00-00-00-00-00-00-00-00-00-00-00-00-00-00-00-00-00-00-00-00-00-00-00-00-00-00-00-00-00-00-00-00-00-00-00-00
[15:23:55:065]50-41-0E-1B-01-E0 [CMD_SENT][REMOTE_GET_MODE]
[15:23:55:067][HID_TX_ack]00-19-50-49-01-C0-9A-12-02-00-03-00-0E-9B-00-50-49-0E-E5-00-00-00-00-02-00-E0-01-00-32-50-49-01-C0-22-05-00-00-03-00-11-88-19-00-00-00-00-00-00-00-00-00-00-00-00-00-00-00-00-00-00-00-00-00-00-00
[15:23:55:067]50-49-01-C0-9A-12-02-00-03-00-0E-9B-00
[15:23:55:067]50-49-0E-E5-00-00-00-00-02-00-E0-01-
[15:23:55:067]REMOTE_GET_MODE=01
[15:23:55:067][HID_TX]00-80-07-F3-41-50-41-06-1C-01-00-63-00-00-00-00-00-00-00-00-00-00-00-00-00-00-00-00-00-00-00-00-00-00-00-00-00-00-00-00-00-00-00-00-00-00-00-00-00-00-00-00-00-00-00-00-00-00-00-00-00-00-00-00-00
[15:23:55:068]HidD_GetInputReport=True
[15:23:55:068]reply_report=00-4F-00-00-00-00-00-00-00-00-00-00-00-00-00-00-00-00-00-00-00-00-00-00-00-00-00-00-00-00-00-00-00-00-00-00-00-00-00-00-00-00-00-00-00-00-00-00-00-00-00-00-00-00-00-00-00-00-00-00-00-00-00-00-00
[15:23:55:068]50-41-06-1C-01-00-63 [CMD_SENT][CMD_GET_IO_LEVEL]
[15:23:55:100][HID_TX_ack]00-12-50-49-01-E6-4B-2C-02-00-08-00-06-9C-00-01-FF-FF-1F-00-00-00-00-02-00-E0-01-00-32-50-49-01-C0-22-05-00-00-03-00-11-88-19-00-00-00-00-00-00-00-00-00-00-00-00-00-00-00-00-00-00-00-00-00-00-00
[15:23:55:100]50-49-01-E6-4B-2C-02-00-08-00-06-9C-00-01-FF-FF-1F-00
[15:23:55:310][HID_TX]00-80-06-1F-F2-50-41-0E-1D-01-E0-00-00-00-00-00-00-00-00-00-00-00-00-00-00-00-00-00-00-00-00-00-00-00-00-00-00-00-00-00-00-00-00-00-00-00-00-00-00-00-00-00-00-00-00-00-00-00-00-00-00-00-00-00-00
[15:23:55:311]HidD_GetInputReport=True
[15:23:55:311]reply_report=00-4F-00-00-00-00-00-00-00-00-00-00-00-00-00-00-00-00-00-00-00-00-00-00-00-00-00-00-00-00-00-00-00-00-00-00-00-00-00-00-00-00-00-00-00-00-00-00-00-00-00-00-00-00-00-00-00-00-00-00-00-00-00-00-00
[15:23:55:311]50-41-0E-1D-01-E0 [CMD_SENT][REMOTE_GET_MODE]
[15:23:55:315][HID_TX_ack]00-19-50-49-01-C0-60-13-02-00-03-00-0E-9D-00-50-49-0E-E7-00-00-00-00-02-00-E0-01-00-32-50-49-01-C0-22-05-00-00-03-00-11-88-19-00-00-00-00-00-00-00-00-00-00-00-00-00-00-00-00-00-00-00-00-00-00-00
[15:23:55:315]50-49-01-C0-60-13-02-00-03-00-0E-9D-00
[15:23:55:315]50-49-0E-E7-00-00-00-00-02-00-E0-01-
[15:23:55:315]REMOTE_GET_MODE=01
[15:23:55:315][HID_TX]00-80-07-18-6E-50-41-06-1E-01-00-63-00-00-00-00-00-00-00-00-00-00-00-00-00-00-00-00-00-00-00-00-00-00-00-00-00-00-00-00-00-00-00-00-00-00-00-00-00-00-00-00-00-00-00-00-00-00-00-00-00-00-00-00-00
[15:23:55:317]HidD_GetInputReport=True
[15:23:55:317]reply_report=00-4F-00-00-00-00-00-00-00-00-00-00-00-00-00-00-00-00-00-00-00-00-00-00-00-00-00-00-00-00-00-00-00-00-00-00-00-00-00-00-00-00-00-00-00-00-00-00-00-00-00-00-00-00-00-00-00-00-00-00-00-00-00-00-00
[15:23:55:317]50-41-06-1E-01-00-63 [CMD_SENT][CMD_GET_IO_LEVEL]
[15:23:55:345][HID_TX_ack]00-12-50-49-01-E8-09-2D-02-00-08-00-06-9E-00-01-FF-FF-1F-00-00-00-00-02-00-E0-01-00-32-50-49-01-C0-22-05-00-00-03-00-11-88-19-00-00-00-00-00-00-00-00-00-00-00-00-00-00-00-00-00-00-00-00-00-00-00
[15:23:55:345]50-49-01-E8-09-2D-02-00-08-00-06-9E-00-01-FF-FF-1F-00
[15:23:55:560][HID_TX]00-80-06-F4-DD-50-41-0E-1F-01-E0-00-00-00-00-00-00-00-00-00-00-00-00-00-00-00-00-00-00-00-00-00-00-00-00-00-00-00-00-00-00-00-00-00-00-00-00-00-00-00-00-00-00-00-00-00-00-00-00-00-00-00-00-00-00
[15:23:55:561]HidD_GetInputReport=True
[15:23:55:561]reply_report=00-4F-00-00-00-00-00-00-00-00-00-00-00-00-00-00-00-00-00-00-00-00-00-00-00-00-00-00-00-00-00-00-00-00-00-00-00-00-00-00-00-00-00-00-00-00-00-00-00-00-00-00-00-00-00-00-00-00-00-00-00-00-00-00-00
[15:23:55:561]50-41-0E-1F-01-E0 [CMD_SENT][REMOTE_GET_MODE]
[15:23:55:564][HID_TX_ack]00-19-50-49-01-C0-27-14-02-00-03-00-0E-9F-00-50-49-0E-E9-00-00-00-00-02-00-E0-01-00-32-50-49-01-C0-22-05-00-00-03-00-11-88-19-00-00-00-00-00-00-00-00-00-00-00-00-00-00-00-00-00-00-00-00-00-00-00
[15:23:55:564]50-49-01-C0-27-14-02-00-03-00-0E-9F-00
[15:23:55:564]50-49-0E-E9-00-00-00-00-02-00-E0-01-
[15:23:55:564]REMOTE_GET_MODE=01
[15:23:55:564][HID_TX]00-80-07-02-10-50-41-06-20-01-00-63-00-00-00-00-00-00-00-00-00-00-00-00-00-00-00-00-00-00-00-00-00-00-00-00-00-00-00-00-00-00-00-00-00-00-00-00-00-00-00-00-00-00-00-00-00-00-00-00-00-00-00-00-00
[15:23:55:566]HidD_GetInputReport=True
[15:23:55:566]reply_report=00-4F-00-00-00-00-00-00-00-00-00-00-00-00-00-00-00-00-00-00-00-00-00-00-00-00-00-00-00-00-00-00-00-00-00-00-00-00-00-00-00-00-00-00-00-00-00-00-00-00-00-00-00-00-00-00-00-00-00-00-00-00-00-00-00
[15:23:55:566]50-41-06-20-01-00-63 [CMD_SENT][CMD_GET_IO_LEVEL]
[15:23:55:590][HID_TX_ack]00-12-50-49-01-EA-D1-2D-02-00-08-00-06-A0-00-01-FF-FF-1F-00-00-00-00-02-00-E0-01-00-32-50-49-01-C0-22-05-00-00-03-00-11-88-19-00-00-00-00-00-00-00-00-00-00-00-00-00-00-00-00-00-00-00-00-00-00-00
[15:23:55:590]50-49-01-EA-D1-2D-02-00-08-00-06-A0-00-01-FF-FF-1F-00
[15:23:55:808][HID_TX]00-80-06-EE-A3-50-41-0E-21-01-E0-00-00-00-00-00-00-00-00-00-00-00-00-00-00-00-00-00-00-00-00-00-00-00-00-00-00-00-00-00-00-00-00-00-00-00-00-00-00-00-00-00-00-00-00-00-00-00-00-00-00-00-00-00-00
[15:23:55:808]HidD_GetInputReport=True
[15:23:55:808]reply_report=00-4F-00-00-00-00-00-00-00-00-00-00-00-00-00-00-00-00-00-00-00-00-00-00-00-00-00-00-00-00-00-00-00-00-00-00-00-00-00-00-00-00-00-00-00-00-00-00-00-00-00-00-00-00-00-00-00-00-00-00-00-00-00-00-00
[15:23:55:808]50-41-0E-21-01-E0 [CMD_SENT][REMOTE_GET_MODE]
[15:23:55:811][HID_TX_ack]00-19-50-49-01-C0-EE-14-02-00-03-00-0E-A1-00-50-49-0E-EB-00-00-00-00-02-00-E0-01-00-32-50-49-01-C0-22-05-00-00-03-00-11-88-19-00-00-00-00-00-00-00-00-00-00-00-00-00-00-00-00-00-00-00-00-00-00-00
[15:23:55:811]50-49-01-C0-EE-14-02-00-03-00-0E-A1-00
[15:23:55:811]50-49-0E-EB-00-00-00-00-02-00-E0-01-
[15:23:55:811]REMOTE_GET_MODE=01
[15:23:55:811][HID_TX]00-80-07-E9-3F-50-41-06-22-01-00-63-00-00-00-00-00-00-00-00-00-00-00-00-00-00-00-00-00-00-00-00-00-00-00-00-00-00-00-00-00-00-00-00-00-00-00-00-00-00-00-00-00-00-00-00-00-00-00-00-00-00-00-00-00
[15:23:55:813]HidD_GetInputReport=True
[15:23:55:813]reply_report=00-4F-00-00-00-00-00-00-00-00-00-00-00-00-00-00-00-00-00-00-00-00-00-00-00-00-00-00-00-00-00-00-00-00-00-00-00-00-00-00-00-00-00-00-00-00-00-00-00-00-00-00-00-00-00-00-00-00-00-00-00-00-00-00-00
[15:23:55:813]50-41-06-22-01-00-63 [CMD_SENT][CMD_GET_IO_LEVEL]
[15:23:55:835][HID_TX_ack]00-12-50-49-01-EC-91-2E-02-00-08-00-06-A2-00-01-FF-FF-1F-00-00-00-00-02-00-E0-01-00-32-50-49-01-C0-22-05-00-00-03-00-11-88-19-00-00-00-00-00-00-00-00-00-00-00-00-00-00-00-00-00-00-00-00-00-00-00
[15:23:55:835]50-49-01-EC-91-2E-02-00-08-00-06-A2-00-01-FF-FF-1F-00
[15:23:56:055][HID_TX]00-80-06-05-8C-50-41-0E-23-01-E0-00-00-00-00-00-00-00-00-00-00-00-00-00-00-00-00-00-00-00-00-00-00-00-00-00-00-00-00-00-00-00-00-00-00-00-00-00-00-00-00-00-00-00-00-00-00-00-00-00-00-00-00-00-00
[15:23:56:057]HidD_GetInputReport=True
[15:23:56:057]reply_report=00-4F-00-00-00-00-00-00-00-00-00-00-00-00-00-00-00-00-00-00-00-00-00-00-00-00-00-00-00-00-00-00-00-00-00-00-00-00-00-00-00-00-00-00-00-00-00-00-00-00-00-00-00-00-00-00-00-00-00-00-00-00-00-00-00
[15:23:56:057]50-41-0E-23-01-E0 [CMD_SENT][REMOTE_GET_MODE]
[15:23:56:060][HID_TX_ack]00-19-50-49-01-C0-B4-15-02-00-03-00-0E-A3-00-50-49-0E-ED-00-00-00-00-02-00-E0-01-00-32-50-49-01-C0-22-05-00-00-03-00-11-88-19-00-00-00-00-00-00-00-00-00-00-00-00-00-00-00-00-00-00-00-00-00-00-00
[15:23:56:060]50-49-01-C0-B4-15-02-00-03-00-0E-A3-00
[15:23:56:060]50-49-0E-ED-00-00-00-00-02-00-E0-01-
[15:23:56:060]REMOTE_GET_MODE=01
[15:23:56:060][HID_TX]00-80-07-D4-4F-50-41-06-24-01-00-63-00-00-00-00-00-00-00-00-00-00-00-00-00-00-00-00-00-00-00-00-00-00-00-00-00-00-00-00-00-00-00-00-00-00-00-00-00-00-00-00-00-00-00-00-00-00-00-00-00-00-00-00-00
[15:23:56:062]HidD_GetInputReport=True
[15:23:56:062]reply_report=00-4F-00-00-00-00-00-00-00-00-00-00-00-00-00-00-00-00-00-00-00-00-00-00-00-00-00-00-00-00-00-00-00-00-00-00-00-00-00-00-00-00-00-00-00-00-00-00-00-00-00-00-00-00-00-00-00-00-00-00-00-00-00-00-00
[15:23:56:062]50-41-06-24-01-00-63 [CMD_SENT][CMD_GET_IO_LEVEL]
[15:23:56:082][HID_TX_ack]00-12-50-49-01-EE-59-2F-02-00-08-00-06-A4-00-01-FF-FF-1F-00-00-00-00-02-00-E0-01-00-32-50-49-01-C0-22-05-00-00-03-00-11-88-19-00-00-00-00-00-00-00-00-00-00-00-00-00-00-00-00-00-00-00-00-00-00-00
[15:23:56:082]50-49-01-EE-59-2F-02-00-08-00-06-A4-00-01-FF-FF-1F-00
[15:23:56:305][HID_TX]00-80-06-38-FC-50-41-0E-25-01-E0-00-00-00-00-00-00-00-00-00-00-00-00-00-00-00-00-00-00-00-00-00-00-00-00-00-00-00-00-00-00-00-00-00-00-00-00-00-00-00-00-00-00-00-00-00-00-00-00-00-00-00-00-00-00
[15:23:56:307]HidD_GetInputReport=True
[15:23:56:307]reply_report=00-4F-00-00-00-00-00-00-00-00-00-00-00-00-00-00-00-00-00-00-00-00-00-00-00-00-00-00-00-00-00-00-00-00-00-00-00-00-00-00-00-00-00-00-00-00-00-00-00-00-00-00-00-00-00-00-00-00-00-00-00-00-00-00-00
[15:23:56:307]50-41-0E-25-01-E0 [CMD_SENT][REMOTE_GET_MODE]
[15:23:56:310][HID_TX_ack]00-19-50-49-01-C0-7C-16-02-00-03-00-0E-A5-00-50-49-0E-EF-00-00-00-00-02-00-E0-01-00-32-50-49-01-C0-22-05-00-00-03-00-11-88-19-00-00-00-00-00-00-00-00-00-00-00-00-00-00-00-00-00-00-00-00-00-00-00
[15:23:56:310]REMOTE_GET_MODE=01
[15:23:56:310]50-49-01-C0-7C-16-02-00-03-00-0E-A5-00
[15:23:56:310]50-49-0E-EF-00-00-00-00-02-00-E0-01-
[15:23:56:310][HID_TX]00-80-07-3F-60-50-41-06-26-01-00-63-00-00-00-00-00-00-00-00-00-00-00-00-00-00-00-00-00-00-00-00-00-00-00-00-00-00-00-00-00-00-00-00-00-00-00-00-00-00-00-00-00-00-00-00-00-00-00-00-00-00-00-00-00
[15:23:56:311]HidD_GetInputReport=True
[15:23:56:311]reply_report=00-4F-00-00-00-00-00-00-00-00-00-00-00-00-00-00-00-00-00-00-00-00-00-00-00-00-00-00-00-00-00-00-00-00-00-00-00-00-00-00-00-00-00-00-00-00-00-00-00-00-00-00-00-00-00-00-00-00-00-00-00-00-00-00-00
[15:23:56:311]50-41-06-26-01-00-63 [CMD_SENT][CMD_GET_IO_LEVEL]
[15:23:56:343][HID_TX_ack]00-12-50-49-01-F0-2D-30-02-00-08-00-06-A6-00-01-FF-FF-1F-00-00-00-00-02-00-E0-01-00-32-50-49-01-C0-22-05-00-00-03-00-11-88-19-00-00-00-00-00-00-00-00-00-00-00-00-00-00-00-00-00-00-00-00-00-00-00
[15:23:56:343]50-49-01-F0-2D-30-02-00-08-00-06-A6-00-01-FF-FF-1F-00
[15:23:56:552][HID_TX]00-80-06-D3-D3-50-41-0E-27-01-E0-00-00-00-00-00-00-00-00-00-00-00-00-00-00-00-00-00-00-00-00-00-00-00-00-00-00-00-00-00-00-00-00-00-00-00-00-00-00-00-00-00-00-00-00-00-00-00-00-00-00-00-00-00-00
[15:23:56:553]HidD_GetInputReport=True
[15:23:56:553]reply_report=00-4F-00-00-00-00-00-00-00-00-00-00-00-00-00-00-00-00-00-00-00-00-00-00-00-00-00-00-00-00-00-00-00-00-00-00-00-00-00-00-00-00-00-00-00-00-00-00-00-00-00-00-00-00-00-00-00-00-00-00-00-00-00-00-00
[15:23:56:553]50-41-0E-27-01-E0 [CMD_SENT][REMOTE_GET_MODE]
[15:23:56:556][HID_TX_ack]00-19-50-49-01-C0-41-17-02-00-03-00-0E-A7-00-50-49-0E-F1-00-00-00-00-02-00-E0-01-00-32-50-49-01-C0-22-05-00-00-03-00-11-88-19-00-00-00-00-00-00-00-00-00-00-00-00-00-00-00-00-00-00-00-00-00-00-00
[15:23:56:556]50-49-01-C0-41-17-02-00-03-00-0E-A7-00
[15:23:56:556]50-49-0E-F1-00-00-00-00-02-00-E0-01-
[15:23:56:556]REMOTE_GET_MODE=01
[15:23:56:556][HID_TX]00-80-07-AE-AF-50-41-06-28-01-00-63-00-00-00-00-00-00-00-00-00-00-00-00-00-00-00-00-00-00-00-00-00-00-00-00-00-00-00-00-00-00-00-00-00-00-00-00-00-00-00-00-00-00-00-00-00-00-00-00-00-00-00-00-00
[15:23:56:557]HidD_GetInputReport=True
[15:23:56:557]reply_report=00-4F-00-00-00-00-00-00-00-00-00-00-00-00-00-00-00-00-00-00-00-00-00-00-00-00-00-00-00-00-00-00-00-00-00-00-00-00-00-00-00-00-00-00-00-00-00-00-00-00-00-00-00-00-00-00-00-00-00-00-00-00-00-00-00
[15:23:56:557]50-41-06-28-01-00-63 [CMD_SENT][CMD_GET_IO_LEVEL]
[15:23:56:587][HID_TX_ack]00-12-50-49-01-F2-EB-30-02-00-08-00-06-A8-00-01-FF-FF-1F-00-00-00-00-02-00-E0-01-00-32-50-49-01-C0-22-05-00-00-03-00-11-88-19-00-00-00-00-00-00-00-00-00-00-00-00-00-00-00-00-00-00-00-00-00-00-00
[15:23:56:587]50-49-01-F2-EB-30-02-00-08-00-06-A8-00-01-FF-FF-1F-00
[15:23:56:800][HID_TX]00-80-06-42-1C-50-41-0E-29-01-E0-00-00-00-00-00-00-00-00-00-00-00-00-00-00-00-00-00-00-00-00-00-00-00-00-00-00-00-00-00-00-00-00-00-00-00-00-00-00-00-00-00-00-00-00-00-00-00-00-00-00-00-00-00-00
[15:23:56:801]HidD_GetInputReport=True
[15:23:56:801]reply_report=00-4F-00-00-00-00-00-00-00-00-00-00-00-00-00-00-00-00-00-00-00-00-00-00-00-00-00-00-00-00-00-00-00-00-00-00-00-00-00-00-00-00-00-00-00-00-00-00-00-00-00-00-00-00-00-00-00-00-00-00-00-00-00-00-00
[15:23:56:801]50-41-0E-29-01-E0 [CMD_SENT][REMOTE_GET_MODE]
[15:23:56:804][HID_TX_ack]00-19-50-49-01-C0-07-18-02-00-03-00-0E-A9-00-50-49-0E-F3-00-00-00-00-02-00-E0-01-00-32-50-49-01-C0-22-05-00-00-03-00-11-88-19-00-00-00-00-00-00-00-00-00-00-00-00-00-00-00-00-00-00-00-00-00-00-00
[15:23:56:804]50-49-01-C0-07-18-02-00-03-00-0E-A9-00
[15:23:56:804]50-49-0E-F3-00-00-00-00-02-00-E0-01-
[15:23:56:804]REMOTE_GET_MODE=01
[15:23:56:804][HID_TX]00-80-07-45-80-50-41-06-2A-01-00-63-00-00-00-00-00-00-00-00-00-00-00-00-00-00-00-00-00-00-00-00-00-00-00-00-00-00-00-00-00-00-00-00-00-00-00-00-00-00-00-00-00-00-00-00-00-00-00-00-00-00-00-00-00
[15:23:56:805]HidD_GetInputReport=True
[15:23:56:805]reply_report=00-4F-00-00-00-00-00-00-00-00-00-00-00-00-00-00-00-00-00-00-00-00-00-00-00-00-00-00-00-00-00-00-00-00-00-00-00-00-00-00-00-00-00-00-00-00-00-00-00-00-00-00-00-00-00-00-00-00-00-00-00-00-00-00-00
[15:23:56:805]50-41-06-2A-01-00-63 [CMD_SENT][CMD_GET_IO_LEVEL]
[15:23:56:833][HID_TX_ack]00-12-50-49-01-F4-B3-31-02-00-08-00-06-AA-00-01-FF-FF-1F-00-00-00-00-02-00-E0-01-00-32-50-49-01-C0-22-05-00-00-03-00-11-88-19-00-00-00-00-00-00-00-00-00-00-00-00-00-00-00-00-00-00-00-00-00-00-00
[15:23:56:833]50-49-01-F4-B3-31-02-00-08-00-06-AA-00-01-FF-FF-1F-00
[15:23:57:049][HID_TX]00-80-06-A9-33-50-41-0E-2B-01-E0-00-00-00-00-00-00-00-00-00-00-00-00-00-00-00-00-00-00-00-00-00-00-00-00-00-00-00-00-00-00-00-00-00-00-00-00-00-00-00-00-00-00-00-00-00-00-00-00-00-00-00-00-00-00
[15:23:57:050]HidD_GetInputReport=True
[15:23:57:050]reply_report=00-4F-00-00-00-00-00-00-00-00-00-00-00-00-00-00-00-00-00-00-00-00-00-00-00-00-00-00-00-00-00-00-00-00-00-00-00-00-00-00-00-00-00-00-00-00-00-00-00-00-00-00-00-00-00-00-00-00-00-00-00-00-00-00-00
[15:23:57:050]50-41-0E-2B-01-E0 [CMD_SENT][REMOTE_GET_MODE]
[15:23:57:053][HID_TX_ack]00-19-50-49-01-C0-CE-18-02-00-03-00-0E-AB-00-50-49-0E-F5-00-00-00-00-02-00-E0-01-00-32-50-49-01-C0-22-05-00-00-03-00-11-88-19-00-00-00-00-00-00-00-00-00-00-00-00-00-00-00-00-00-00-00-00-00-00-00
[15:23:57:053]50-49-01-C0-CE-18-02-00-03-00-0E-AB-00
[15:23:57:053]50-49-0E-F5-00-00-00-00-02-00-E0-01-
[15:23:57:053]REMOTE_GET_MODE=01
[15:23:57:053][HID_TX]00-80-07-78-F0-50-41-06-2C-01-00-63-00-00-00-00-00-00-00-00-00-00-00-00-00-00-00-00-00-00-00-00-00-00-00-00-00-00-00-00-00-00-00-00-00-00-00-00-00-00-00-00-00-00-00-00-00-00-00-00-00-00-00-00-00
[15:23:57:054]HidD_GetInputReport=True
[15:23:57:054]reply_report=00-4F-00-00-00-00-00-00-00-00-00-00-00-00-00-00-00-00-00-00-00-00-00-00-00-00-00-00-00-00-00-00-00-00-00-00-00-00-00-00-00-00-00-00-00-00-00-00-00-00-00-00-00-00-00-00-00-00-00-00-00-00-00-00-00
[15:23:57:054]50-41-06-2C-01-00-63 [CMD_SENT][CMD_GET_IO_LEVEL]
[15:23:57:078][HID_TX_ack]00-12-50-49-01-F6-73-32-02-00-08-00-06-AC-00-01-FF-FF-1F-00-00-00-00-02-00-E0-01-00-32-50-49-01-C0-22-05-00-00-03-00-11-88-19-00-00-00-00-00-00-00-00-00-00-00-00-00-00-00-00-00-00-00-00-00-00-00
[15:23:57:078]50-49-01-F6-73-32-02-00-08-00-06-AC-00-01-FF-FF-1F-00
[15:23:57:297][HID_TX]00-80-06-94-43-50-41-0E-2D-01-E0-00-00-00-00-00-00-00-00-00-00-00-00-00-00-00-00-00-00-00-00-00-00-00-00-00-00-00-00-00-00-00-00-00-00-00-00-00-00-00-00-00-00-00-00-00-00-00-00-00-00-00-00-00-00
[15:23:57:297]HidD_GetInputReport=True
[15:23:57:297]reply_report=00-4F-00-00-00-00-00-00-00-00-00-00-00-00-00-00-00-00-00-00-00-00-00-00-00-00-00-00-00-00-00-00-00-00-00-00-00-00-00-00-00-00-00-00-00-00-00-00-00-00-00-00-00-00-00-00-00-00-00-00-00-00-00-00-00
[15:23:57:297]50-41-0E-2D-01-E0 [CMD_SENT][REMOTE_GET_MODE]
[15:23:57:300][HID_TX_ack]00-19-50-49-01-C0-95-19-02-00-03-00-0E-AD-00-50-49-0E-F7-00-00-00-00-02-00-E0-01-00-32-50-49-01-C0-22-05-00-00-03-00-11-88-19-00-00-00-00-00-00-00-00-00-00-00-00-00-00-00-00-00-00-00-00-00-00-00
[15:23:57:300]50-49-01-C0-95-19-02-00-03-00-0E-AD-00
[15:23:57:300]50-49-0E-F7-00-00-00-00-02-00-E0-01-
[15:23:57:300]REMOTE_GET_MODE=01
[15:23:57:300][HID_TX]00-80-07-93-DF-50-41-06-2E-01-00-63-00-00-00-00-00-00-00-00-00-00-00-00-00-00-00-00-00-00-00-00-00-00-00-00-00-00-00-00-00-00-00-00-00-00-00-00-00-00-00-00-00-00-00-00-00-00-00-00-00-00-00-00-00
[15:23:57:301]HidD_GetInputReport=True
[15:23:57:301]reply_report=00-4F-00-00-00-00-00-00-00-00-00-00-00-00-00-00-00-00-00-00-00-00-00-00-00-00-00-00-00-00-00-00-00-00-00-00-00-00-00-00-00-00-00-00-00-00-00-00-00-00-00-00-00-00-00-00-00-00-00-00-00-00-00-00-00
[15:23:57:301]50-41-06-2E-01-00-63 [CMD_SENT][CMD_GET_IO_LEVEL]
[15:23:57:322][HID_TX_ack]00-12-50-49-01-F8-3B-33-02-00-08-00-06-AE-00-01-FF-FF-1F-00-00-00-00-02-00-E0-01-00-32-50-49-01-C0-22-05-00-00-03-00-11-88-19-00-00-00-00-00-00-00-00-00-00-00-00-00-00-00-00-00-00-00-00-00-00-00
[15:23:57:322]50-49-01-F8-3B-33-02-00-08-00-06-AE-00-01-FF-FF-1F-00
[15:24:04:777][HID_TX]00-80-06-7F-6C-50-41-0E-2F-01-E0-00-00-00-00-00-00-00-00-00-00-00-00-00-00-00-00-00-00-00-00-00-00-00-00-00-00-00-00-00-00-00-00-00-00-00-00-00-00-00-00-00-00-00-00-00-00-00-00-00-00-00-00-00-00
[15:24:04:778]HidD_GetInputReport=True
[15:24:04:778]reply_report=00-4F-00-00-00-00-00-00-00-00-00-00-00-00-00-00-00-00-00-00-00-00-00-00-00-00-00-00-00-00-00-00-00-00-00-00-00-00-00-00-00-00-00-00-00-00-00-00-00-00-00-00-00-00-00-00-00-00-00-00-00-00-00-00-00
[15:24:04:778]50-41-0E-2F-01-E0 [CMD_SENT][REMOTE_GET_MODE]
[15:24:04:782][HID_TX_ack]00-19-50-49-01-C0-F6-30-02-00-03-00-0E-AF-00-50-49-0E-F9-00-00-00-00-02-00-E0-01-00-32-50-49-01-C0-22-05-00-00-03-00-11-88-19-00-00-00-00-00-00-00-00-00-00-00-00-00-00-00-00-00-00-00-00-00-00-00
[15:24:04:782]50-49-01-C0-F6-30-02-00-03-00-0E-AF-00
[15:24:04:782]50-49-0E-F9-00-00-00-00-02-00-E0-01-
[15:24:04:782]REMOTE_GET_MODE=01
[15:24:04:782][HID_TX]00-80-07-7B-7F-50-41-06-30-01-00-63-00-00-00-00-00-00-00-00-00-00-00-00-00-00-00-00-00-00-00-00-00-00-00-00-00-00-00-00-00-00-00-00-00-00-00-00-00-00-00-00-00-00-00-00-00-00-00-00-00-00-00-00-00
[15:24:04:783]HidD_GetInputReport=True
[15:24:04:783]reply_report=00-4F-00-00-00-00-00-00-00-00-00-00-00-00-00-00-00-00-00-00-00-00-00-00-00-00-00-00-00-00-00-00-00-00-00-00-00-00-00-00-00-00-00-00-00-00-00-00-00-00-00-00-00-00-00-00-00-00-00-00-00-00-00-00-00
[15:24:04:783]50-41-06-30-01-00-63 [CMD_SENT][CMD_GET_IO_LEVEL]
[15:24:04:812][HID_TX_ack]00-12-50-49-01-FA-A3-4A-02-00-08-00-06-B0-00-01-FF-FF-1F-00-00-00-00-02-00-E0-01-00-32-50-49-01-C0-22-05-00-00-03-00-11-88-19-00-00-00-00-00-00-00-00-00-00-00-00-00-00-00-00-00-00-00-00-00-00-00
[15:24:04:812]50-49-01-FA-A3-4A-02-00-08-00-06-B0-00-01-FF-FF-1F-00
[15:24:07:792][HID_TX]00-80-06-97-CC-50-41-0E-31-01-E0-00-00-00-00-00-00-00-00-00-00-00-00-00-00-00-00-00-00-00-00-00-00-00-00-00-00-00-00-00-00-00-00-00-00-00-00-00-00-00-00-00-00-00-00-00-00-00-00-00-00-00-00-00-00
[15:24:07:794]HidD_GetInputReport=True
[15:24:07:794]reply_report=00-4F-00-00-00-00-00-00-00-00-00-00-00-00-00-00-00-00-00-00-00-00-00-00-00-00-00-00-00-00-00-00-00-00-00-00-00-00-00-00-00-00-00-00-00-00-00-00-00-00-00-00-00-00-00-00-00-00-00-00-00-00-00-00-00
[15:24:07:794]50-41-0E-31-01-E0 [CMD_SENT][REMOTE_GET_MODE]
[15:24:07:796][HID_TX_ack]00-19-50-49-01-C0-62-3A-02-00-03-00-0E-B1-00-50-49-0E-FB-00-00-00-00-02-00-E0-01-00-32-50-49-01-C0-22-05-00-00-03-00-11-88-19-00-00-00-00-00-00-00-00-00-00-00-00-00-00-00-00-00-00-00-00-00-00-00
[15:24:07:796]50-49-01-C0-62-3A-02-00-03-00-0E-B1-00
[15:24:07:796]50-49-0E-FB-00-00-00-00-02-00-E0-01-
[15:24:07:796]REMOTE_GET_MODE=01
[15:24:07:797][HID_TX]00-80-07-90-50-50-41-06-32-01-00-63-00-00-00-00-00-00-00-00-00-00-00-00-00-00-00-00-00-00-00-00-00-00-00-00-00-00-00-00-00-00-00-00-00-00-00-00-00-00-00-00-00-00-00-00-00-00-00-00-00-00-00-00-00
[15:24:07:798]HidD_GetInputReport=True
[15:24:07:798]reply_report=00-4F-00-00-00-00-00-00-00-00-00-00-00-00-00-00-00-00-00-00-00-00-00-00-00-00-00-00-00-00-00-00-00-00-00-00-00-00-00-00-00-00-00-00-00-00-00-00-00-00-00-00-00-00-00-00-00-00-00-00-00-00-00-00-00
[15:24:07:798]50-41-06-32-01-00-63 [CMD_SENT][CMD_GET_IO_LEVEL]
[15:24:07:823][HID_TX_ack]00-12-50-49-01-FC-0F-54-02-00-08-00-06-B2-00-01-FF-FF-1F-00-00-00-00-02-00-E0-01-00-32-50-49-01-C0-22-05-00-00-03-00-11-88-19-00-00-00-00-00-00-00-00-00-00-00-00-00-00-00-00-00-00-00-00-00-00-00
[15:24:07:824]50-49-01-FC-0F-54-02-00-08-00-06-B2-00-01-FF-FF-1F-00
