[15:50:03:501]\\?\hid#dell09c2&col02#5&bc4dc33&0&0001#{4d1e55b2-f16f-11cf-88cb-001111000030}
[15:50:03:501]\\?\hid#dell09c2&col03#5&bc4dc33&0&0002#{4d1e55b2-f16f-11cf-88cb-001111000030}
[15:50:03:501]\\?\hid#intc816&col01#3&207f9b7f&0&0000#{4d1e55b2-f16f-11cf-88cb-001111000030}
[15:50:03:501]\\?\hid#vid_046d&pid_0adf&mi_04#7&2ad3f249&0&0000#{4d1e55b2-f16f-11cf-88cb-001111000030}
[15:50:03:501]\\?\hid#intc816&col02#3&207f9b7f&0&0001#{4d1e55b2-f16f-11cf-88cb-001111000030}
[15:50:03:501]\\?\hid#converteddevice&col02#5&17bac0a6&0&0001#{4d1e55b2-f16f-11cf-88cb-001111000030}
[15:50:03:501]\\?\hid#converteddevice&col03#5&17bac0a6&0&0002#{4d1e55b2-f16f-11cf-88cb-001111000030}
[15:50:03:501]\\?\hid#dell09c2&col04#5&bc4dc33&0&0003#{4d1e55b2-f16f-11cf-88cb-001111000030}
[15:50:03:501]\\?\hid#dell09c2&col05#5&bc4dc33&0&0004#{4d1e55b2-f16f-11cf-88cb-001111000030}
[15:50:03:501]\\?\hid#vid_046d&pid_0adf&mi_00#7&28ee3ab8&0&0000#{4d1e55b2-f16f-11cf-88cb-001111000030}
[15:50:03:501]\\?\hid#converteddevice&col01#5&17bac0a6&0&0000#{4d1e55b2-f16f-11cf-88cb-001111000030}\kbd
[15:50:03:501]\\?\hid#dell09c2&col01#5&bc4dc33&0&0000#{4d1e55b2-f16f-11cf-88cb-001111000030}
[15:50:03:501]\\?\hid#vid_413c&pid_301a#6&3b68e75b&0&0000#{4d1e55b2-f16f-11cf-88cb-001111000030}
[15:50:03:502]try_path=\\?\hid#vid_046d&pid_0adf&mi_04#7&2ad3f249&0&0000#{4d1e55b2-f16f-11cf-88cb-001111000030}
[15:50:03:513][invalid device][System.Exception]
[15:50:03:517]   at ..connect(String path)
[15:50:03:517]close_hid_handle
[15:50:03:520][connect HID device fail : invalid device][System.Exception]
[15:50:03:520]   at ..connect(String path)
   at ..(String  )
   at ..connect(UInt16 vid, UInt16 pid,  vt)
[15:50:03:520]try_path=\\?\hid#vid_046d&pid_0adf&mi_00#7&28ee3ab8&0&0000#{4d1e55b2-f16f-11cf-88cb-001111000030}
[15:50:03:520]	InputReportByteLength=65
[15:50:03:520]	OutputReportByteLength=65
[15:50:03:520]HID_Connected=\\?\hid#vid_046d&pid_0adf&mi_00#7&28ee3ab8&0&0000#{4d1e55b2-f16f-11cf-88cb-001111000030}
[15:50:03:521][HID_TX]00-84-01-D1-55-01-00-00-00-00-00-00-00-00-00-00-00-00-00-00-00-00-00-00-00-00-00-00-00-00-00-00-00-00-00-00-00-00-00-00-00-00-00-00-00-00-00-00-00-00-00-00-00-00-00-00-00-00-00-00-00-00-00-00-00
[15:50:03:522]HidD_GetInputReport=True
[15:50:03:522]reply_report=00-4F-56-31-2E-36-2E-31-00-00-00-00-00-00-00-00-00-00-00-00-00-00-00-00-00-00-00-00-00-00-00-00-00-00-00-00-00-00-00-00-00-00-00-00-00-00-00-00-00-00-00-00-00-00-00-00-00-00-00-00-00-00-00-00-00
[15:50:03:522][ys_tech] fw_version=V1.6.1
[15:50:03:523]ystech_Power_Saving, is_EnablePowerSaving=False
[15:50:03:523][HID_TX]00-85-01-83-8B-01-00-00-00-00-00-00-00-00-00-00-00-00-00-00-00-00-00-00-00-00-00-00-00-00-00-00-00-00-00-00-00-00-00-00-00-00-00-00-00-00-00-00-00-00-00-00-00-00-00-00-00-00-00-00-00-00-00-00-00
[15:50:03:524]HidD_GetInputReport=True
[15:50:03:524]reply_report=00-46-00-00-00-00-00-00-00-00-00-00-00-00-00-00-00-00-00-00-00-00-00-00-00-00-00-00-00-00-00-00-00-00-00-00-00-00-00-00-00-00-00-00-00-00-00-00-00-00-00-00-00-00-00-00-00-00-00-00-00-00-00-00-00
[15:50:03:528][Response Fail][System.Exception]
[15:50:03:528]   at ..(Boolean  )
   at ..(Byte  , Byte[]  )
[15:50:03:588]_ystech_retry_count=1
[15:50:03:588][HID_TX]00-85-01-83-8B-01-00-00-00-00-00-00-00-00-00-00-00-00-00-00-00-00-00-00-00-00-00-00-00-00-00-00-00-00-00-00-00-00-00-00-00-00-00-00-00-00-00-00-00-00-00-00-00-00-00-00-00-00-00-00-00-00-00-00-00
[15:50:03:589]HidD_GetInputReport=True
[15:50:03:589]reply_report=00-4F-00-00-00-00-00-00-00-00-00-00-00-00-00-00-00-00-00-00-00-00-00-00-00-00-00-00-00-00-00-00-00-00-00-00-00-00-00-00-00-00-00-00-00-00-00-00-00-00-00-00-00-00-00-00-00-00-00-00-00-00-00-00-00
[15:50:03:589]HID_CMD_POWER_SAVING_Disable
[15:50:03:589]path_connected=\\?\hid#vid_046d&pid_0adf&mi_00#7&28ee3ab8&0&0000#{4d1e55b2-f16f-11cf-88cb-001111000030}
[15:50:04:600][HID_TX]00-84-01-D1-55-01-00-00-00-00-00-00-00-00-00-00-00-00-00-00-00-00-00-00-00-00-00-00-00-00-00-00-00-00-00-00-00-00-00-00-00-00-00-00-00-00-00-00-00-00-00-00-00-00-00-00-00-00-00-00-00-00-00-00-00
[15:50:04:601]HidD_GetInputReport=True
[15:50:04:601]reply_report=00-4F-56-31-2E-36-2E-31-00-00-00-00-00-00-00-00-00-00-00-00-00-00-00-00-00-00-00-00-00-00-00-00-00-00-00-00-00-00-00-00-00-00-00-00-00-00-00-00-00-00-00-00-00-00-00-00-00-00-00-00-00-00-00-00-00
[15:50:09:123][HID_TX]00-80-06-1C-7D-50-41-0E-01-01-E0-00-00-00-00-00-00-00-00-00-00-00-00-00-00-00-00-00-00-00-00-00-00-00-00-00-00-00-00-00-00-00-00-00-00-00-00-00-00-00-00-00-00-00-00-00-00-00-00-00-00-00-00-00-00
[15:50:09:125]HidD_GetInputReport=True
[15:50:09:125]reply_report=00-4F-00-00-00-00-00-00-00-00-00-00-00-00-00-00-00-00-00-00-00-00-00-00-00-00-00-00-00-00-00-00-00-00-00-00-00-00-00-00-00-00-00-00-00-00-00-00-00-00-00-00-00-00-00-00-00-00-00-00-00-00-00-00-00
[15:50:09:125]50-41-0E-01-01-E0 [CMD_SENT][REMOTE_GET_MODE]
[15:50:09:129][HID_TX_ack]00-19-50-49-01-C0-D3-ED-0C-00-03-00-0E-81-00-50-49-0E-FE-00-00-00-00-02-00-E0-00-3A-30-38-3A-30-39-3A-31-34-3A-33-38-3A-30-34-2C-31-2C-41-57-54-42-55-30-5F-30-30-31-30-35-37-20-C0-7F-00-00-00-00
[15:50:09:769]50-49-01-C0-D3-ED-0C-00-03-00-0E-81-00
[15:50:09:769]50-49-0E-FE-00-00-00-00-02-00-E0-00-
[15:50:09:770]REMOTE_GET_MODE=00
[15:50:09:772]send_OTA_CMD_GET_IMAGE_VERSION=MC
[15:50:09:772][HID_TX]00-80-0A-03-99-50-41-06-02-04-00-34-01-4D-43-00-00-00-00-00-00-00-00-00-00-00-00-00-00-00-00-00-00-00-00-00-00-00-00-00-00-00-00-00-00-00-00-00-00-00-00-00-00-00-00-00-00-00-00-00-00-00-00-00-00
[15:50:09:773]HidD_GetInputReport=True
[15:50:09:773]reply_report=00-4F-00-00-00-00-00-00-00-00-00-00-00-00-00-00-00-00-00-00-00-00-00-00-00-00-00-00-00-00-00-00-00-00-00-00-00-00-00-00-00-00-00-00-00-00-00-00-00-00-00-00-00-00-00-00-00-00-00-00-00-00-00-00-00
[15:50:09:773]50-41-06-02-04-00-34-01-4D-43 [CMD_SENT][OTA_CMD_GET_IMAGE_VERSION]
[15:50:09:776][HID_TX_ack]00-11-50-49-01-C0-DB-EF-0C-00-07-00-06-82-00-64-00-01-04-00-00-00-00-02-00-E0-00-3A-30-38-3A-30-39-3A-31-34-3A-33-38-3A-30-34-2C-31-2C-41-57-54-42-55-30-5F-30-30-31-30-35-37-20-C0-7F-00-00-00-00
[15:50:09:776]50-49-01-C0-DB-EF-0C-00-07-00-06-82-00-64-00-01-04
[15:50:10:780][HID_TX]00-80-07-77-A6-50-41-0E-03-02-E1-00-00-00-00-00-00-00-00-00-00-00-00-00-00-00-00-00-00-00-00-00-00-00-00-00-00-00-00-00-00-00-00-00-00-00-00-00-00-00-00-00-00-00-00-00-00-00-00-00-00-00-00-00-00
[15:50:10:781]HidD_GetInputReport=True
[15:50:10:781]reply_report=00-4F-00-00-00-00-00-00-00-00-00-00-00-00-00-00-00-00-00-00-00-00-00-00-00-00-00-00-00-00-00-00-00-00-00-00-00-00-00-00-00-00-00-00-00-00-00-00-00-00-00-00-00-00-00-00-00-00-00-00-00-00-00-00-00
[15:50:10:781]50-41-0E-03-02-E1-00 [CMD_SENT][REMOTE_SET_MODE] is_remote=False
[15:50:10:784][HID_TX_ack]00-0D-50-49-01-C0-01-F3-0C-00-03-00-0E-83-00-64-00-01-04-00-00-00-00-02-00-E0-00-3A-30-38-3A-30-39-3A-31-34-3A-33-38-3A-30-34-2C-31-2C-41-57-54-42-55-30-5F-30-30-31-30-35-37-20-C0-7F-00-00-00-00
[15:50:10:784]50-49-01-C0-01-F3-0C-00-03-00-0E-83-00
[15:50:10:784]ystech_Power_Saving, is_EnablePowerSaving=True
[15:50:10:784][HID_TX]00-85-01-73-56-02-00-00-00-00-00-00-00-00-00-00-00-00-00-00-00-00-00-00-00-00-00-00-00-00-00-00-00-00-00-00-00-00-00-00-00-00-00-00-00-00-00-00-00-00-00-00-00-00-00-00-00-00-00-00-00-00-00-00-00
[15:50:10:785]HidD_GetInputReport=True
[15:50:10:785]reply_report=00-4F-00-00-00-00-00-00-00-00-00-00-00-00-00-00-00-00-00-00-00-00-00-00-00-00-00-00-00-00-00-00-00-00-00-00-00-00-00-00-00-00-00-00-00-00-00-00-00-00-00-00-00-00-00-00-00-00-00-00-00-00-00-00-00
[15:50:10:785]HID_CMD_POWER_SAVING_Enable
[15:50:10:785]close_hid_stream
[15:50:10:785]close_hid_handle
