[10:45:32:600]\\?\hid#dell09c2&col02#5&bc4dc33&0&0001#{4d1e55b2-f16f-11cf-88cb-001111000030}
[10:45:32:600]\\?\hid#dell09c2&col03#5&bc4dc33&0&0002#{4d1e55b2-f16f-11cf-88cb-001111000030}
[10:45:32:600]\\?\hid#intc816&col01#3&207f9b7f&0&0000#{4d1e55b2-f16f-11cf-88cb-001111000030}
[10:45:32:600]\\?\hid#intc816&col02#3&207f9b7f&0&0001#{4d1e55b2-f16f-11cf-88cb-001111000030}
[10:45:32:600]\\?\hid#converteddevice&col02#5&17bac0a6&0&0001#{4d1e55b2-f16f-11cf-88cb-001111000030}
[10:45:32:600]\\?\hid#converteddevice&col03#5&17bac0a6&0&0002#{4d1e55b2-f16f-11cf-88cb-001111000030}
[10:45:32:600]\\?\hid#dell09c2&col04#5&bc4dc33&0&0003#{4d1e55b2-f16f-11cf-88cb-001111000030}
[10:45:32:600]\\?\hid#{00001812-0000-1000-8000-00805f9b34fb}_dev_vid&0232c2_pid&0001_rev&0068_ccb624cd66b1#9&326e3aae&0&0000#{4d1e55b2-f16f-11cf-88cb-001111000030}
[10:45:32:601]\\?\hid#dell09c2&col05#5&bc4dc33&0&0004#{4d1e55b2-f16f-11cf-88cb-001111000030}
[10:45:32:601]\\?\hid#converteddevice&col01#5&17bac0a6&0&0000#{4d1e55b2-f16f-11cf-88cb-001111000030}\kbd
[10:45:32:601]\\?\hid#dell09c2&col01#5&bc4dc33&0&0000#{4d1e55b2-f16f-11cf-88cb-001111000030}
[10:45:32:601]\\?\hid#vid_046d&pid_0adf&mi_00#7&3ad8dff3&0&0000#{4d1e55b2-f16f-11cf-88cb-001111000030}
[10:45:32:601]\\?\hid#vid_046d&pid_0adf&mi_04#7&18e94d0e&0&0000#{4d1e55b2-f16f-11cf-88cb-001111000030}
[10:45:32:603]try_path=\\?\hid#vid_046d&pid_0adf&mi_00#7&3ad8dff3&0&0000#{4d1e55b2-f16f-11cf-88cb-001111000030}
[10:45:32:604]	InputReportByteLength=65
[10:45:32:604]	OutputReportByteLength=65
[10:45:32:605]HID_Connected=\\?\hid#vid_046d&pid_0adf&mi_00#7&3ad8dff3&0&0000#{4d1e55b2-f16f-11cf-88cb-001111000030}
[10:45:32:606][HID_TX]00-84-01-D1-55-01-00-00-00-00-00-00-00-00-00-00-00-00-00-00-00-00-00-00-00-00-00-00-00-00-00-00-00-00-00-00-00-00-00-00-00-00-00-00-00-00-00-00-00-00-00-00-00-00-00-00-00-00-00-00-00-00-00-00-00
[10:45:32:607]HidD_GetInputReport=True
[10:45:32:607]reply_report=00-4F-56-31-2E-38-2E-35-2E-31-00-00-00-00-00-00-00-00-00-00-00-00-00-00-00-00-00-00-00-00-00-00-00-00-00-00-00-00-00-00-00-00-00-00-00-00-00-00-00-00-00-00-00-00-00-00-00-00-00-00-00-00-00-00-00
[10:45:32:607][ys_tech] fw_version=V1.8.5.1
[10:45:32:608]ystech_Power_Saving, is_EnablePowerSaving=False
[10:45:32:608][HID_TX]00-85-01-83-8B-01-00-00-00-00-00-00-00-00-00-00-00-00-00-00-00-00-00-00-00-00-00-00-00-00-00-00-00-00-00-00-00-00-00-00-00-00-00-00-00-00-00-00-00-00-00-00-00-00-00-00-00-00-00-00-00-00-00-00-00
[10:45:32:609]HidD_GetInputReport=True
[10:45:32:609]reply_report=00-46-00-00-00-00-00-00-00-00-00-00-00-00-00-00-00-00-00-00-00-00-00-00-00-00-00-00-00-00-00-00-00-00-00-00-00-00-00-00-00-00-00-00-00-00-00-00-00-00-00-00-00-00-00-00-00-00-00-00-00-00-00-00-00
[10:45:32:622][Response Fail][System.Exception]
[10:45:32:627]   at ..(Boolean  )
   at ..(Byte  , Byte[]  )
[10:45:32:680]_ystech_retry_count=1
[10:45:32:680][HID_TX]00-85-01-83-8B-01-00-00-00-00-00-00-00-00-00-00-00-00-00-00-00-00-00-00-00-00-00-00-00-00-00-00-00-00-00-00-00-00-00-00-00-00-00-00-00-00-00-00-00-00-00-00-00-00-00-00-00-00-00-00-00-00-00-00-00
[10:45:32:682]HidD_GetInputReport=True
[10:45:32:682]reply_report=00-4F-00-00-00-00-00-00-00-00-00-00-00-00-00-00-00-00-00-00-00-00-00-00-00-00-00-00-00-00-00-00-00-00-00-00-00-00-00-00-00-00-00-00-00-00-00-00-00-00-00-00-00-00-00-00-00-00-00-00-00-00-00-00-00
[10:45:32:682]HID_CMD_POWER_SAVING_Disable
[10:45:32:682]path_connected=\\?\hid#vid_046d&pid_0adf&mi_00#7&3ad8dff3&0&0000#{4d1e55b2-f16f-11cf-88cb-001111000030}
[10:45:33:861][HID_TX]00-80-06-1C-7D-50-41-0E-01-01-E0-00-00-00-00-00-00-00-00-00-00-00-00-00-00-00-00-00-00-00-00-00-00-00-00-00-00-00-00-00-00-00-00-00-00-00-00-00-00-00-00-00-00-00-00-00-00-00-00-00-00-00-00-00-00
[10:45:33:862]HidD_GetInputReport=True
[10:45:33:862]reply_report=00-4F-00-00-00-00-00-00-00-00-00-00-00-00-00-00-00-00-00-00-00-00-00-00-00-00-00-00-00-00-00-00-00-00-00-00-00-00-00-00-00-00-00-00-00-00-00-00-00-00-00-00-00-00-00-00-00-00-00-00-00-00-00-00-00
[10:45:33:862]50-41-0E-01-01-E0 [CMD_SENT][REMOTE_GET_MODE]
[10:45:33:866][HID_TX_ack]00-19-50-49-01-C0-30-99-07-00-03-00-0E-81-00-50-49-0E-E6-00-00-00-00-02-00-E0-00-17-01-FF-FF-1F-00-06-00-03-00-11-EB-18-50-49-01-C0-56-AB-06-00-03-00-11-EC-17-00-00-00-00-00-00-00-00-00-00-00-00
[10:45:33:870]REMOTE_GET_MODE=00
[10:45:33:870]50-49-01-C0-30-99-07-00-03-00-0E-81-00
[10:45:33:870]50-49-0E-E6-00-00-00-00-02-00-E0-00-
[10:45:33:871][HID_TX]00-80-07-F5-A5-50-41-0E-02-02-E1-01-00-00-00-00-00-00-00-00-00-00-00-00-00-00-00-00-00-00-00-00-00-00-00-00-00-00-00-00-00-00-00-00-00-00-00-00-00-00-00-00-00-00-00-00-00-00-00-00-00-00-00-00-00
[10:45:33:872]HidD_GetInputReport=True
[10:45:33:872]reply_report=00-4F-00-00-00-00-00-00-00-00-00-00-00-00-00-00-00-00-00-00-00-00-00-00-00-00-00-00-00-00-00-00-00-00-00-00-00-00-00-00-00-00-00-00-00-00-00-00-00-00-00-00-00-00-00-00-00-00-00-00-00-00-00-00-00
[10:45:33:872]50-41-0E-02-02-E1-01 [CMD_SENT][REMOTE_SET_MODE] is_remote=True
[10:45:33:875][HID_TX_ack]00-0D-50-49-01-C0-38-99-07-00-03-00-0E-82-00-50-49-0E-E6-00-00-00-00-02-00-E0-00-17-01-FF-FF-1F-00-06-00-03-00-11-EB-18-50-49-01-C0-56-AB-06-00-03-00-11-EC-17-00-00-00-00-00-00-00-00-00-00-00-00
[10:45:33:875]50-49-01-C0-38-99-07-00-03-00-0E-82-00
[10:45:33:875][HID_TX]00-80-13-A8-D9-50-41-06-03-0D-00-25-34-12-5A-5A-01-00-00-00-F0-00-00-00-00-00-00-00-00-00-00-00-00-00-00-00-00-00-00-00-00-00-00-00-00-00-00-00-00-00-00-00-00-00-00-00-00-00-00-00-00-00-00-00-00
[10:45:33:876]HidD_GetInputReport=True
[10:45:33:876]reply_report=00-4F-00-00-00-00-00-00-00-00-00-00-00-00-00-00-00-00-00-00-00-00-00-00-00-00-00-00-00-00-00-00-00-00-00-00-00-00-00-00-00-00-00-00-00-00-00-00-00-00-00-00-00-00-00-00-00-00-00-00-00-00-00-00-00
[10:45:33:876]50-41-06-03-0D-00-25-34-12-5A-5A-01-00-00-00-F0-00-00-00 [CMD_SENT][OTA_CMD_IOCTL][READ_MAX_LEN]
[10:45:33:897][HID_TX_ack]00-11-50-49-01-E7-07-DE-08-00-07-00-06-83-00-F0-00-00-00-00-00-00-00-02-00-E0-00-17-01-FF-FF-1F-00-06-00-03-00-11-EB-18-50-49-01-C0-56-AB-06-00-03-00-11-EC-17-00-00-00-00-00-00-00-00-00-00-00-00
[10:45:33:897]50-49-01-E7-07-DE-08-00-07-00-06-83-00-F0-00-00-00
[10:45:33:897][HID_TX]00-80-06-2F-BD-50-41-0E-04-01-E0-00-00-00-00-00-00-00-00-00-00-00-00-00-00-00-00-00-00-00-00-00-00-00-00-00-00-00-00-00-00-00-00-00-00-00-00-00-00-00-00-00-00-00-00-00-00-00-00-00-00-00-00-00-00
[10:45:33:898]HidD_GetInputReport=True
[10:45:33:898]reply_report=00-4F-00-00-00-00-00-00-00-00-00-00-00-00-00-00-00-00-00-00-00-00-00-00-00-00-00-00-00-00-00-00-00-00-00-00-00-00-00-00-00-00-00-00-00-00-00-00-00-00-00-00-00-00-00-00-00-00-00-00-00-00-00-00-00
[10:45:33:898]50-41-0E-04-01-E0 [CMD_SENT][REMOTE_GET_MODE]
[10:45:33:901][HID_TX_ack]00-19-50-49-01-C0-4D-99-07-00-03-00-0E-84-00-50-49-0E-E8-00-00-00-00-02-00-E0-01-17-01-FF-FF-1F-00-06-00-03-00-11-EB-18-50-49-01-C0-56-AB-06-00-03-00-11-EC-17-00-00-00-00-00-00-00-00-00-00-00-00
[10:45:33:901]50-49-01-C0-4D-99-07-00-03-00-0E-84-00
[10:45:33:901]50-49-0E-E8-00-00-00-00-02-00-E0-01-
[10:45:33:901]REMOTE_GET_MODE=01
[10:45:33:901][HID_TX]00-80-07-C3-0E-50-41-06-05-01-00-63-00-00-00-00-00-00-00-00-00-00-00-00-00-00-00-00-00-00-00-00-00-00-00-00-00-00-00-00-00-00-00-00-00-00-00-00-00-00-00-00-00-00-00-00-00-00-00-00-00-00-00-00-00
[10:45:33:902]HidD_GetInputReport=True
[10:45:33:902]reply_report=00-4F-00-00-00-00-00-00-00-00-00-00-00-00-00-00-00-00-00-00-00-00-00-00-00-00-00-00-00-00-00-00-00-00-00-00-00-00-00-00-00-00-00-00-00-00-00-00-00-00-00-00-00-00-00-00-00-00-00-00-00-00-00-00-00
[10:45:33:902]50-41-06-05-01-00-63 [CMD_SENT][CMD_GET_IO_LEVEL]
[10:45:33:911][HID_TX_ack]00-12-50-49-01-E9-16-DE-08-00-08-00-06-85-00-01-FF-FF-1F-00-00-00-00-02-00-E0-01-17-01-FF-FF-1F-00-06-00-03-00-11-EB-18-50-49-01-C0-56-AB-06-00-03-00-11-EC-17-00-00-00-00-00-00-00-00-00-00-00-00
[10:45:33:911]50-49-01-E9-16-DE-08-00-08-00-06-85-00-01-FF-FF-1F-00
