[15:26:53:723]\\?\hid#dell09c2&col02#5&bc4dc33&0&0001#{4d1e55b2-f16f-11cf-88cb-001111000030}
[15:26:53:723]\\?\hid#dell09c2&col03#5&bc4dc33&0&0002#{4d1e55b2-f16f-11cf-88cb-001111000030}
[15:26:53:723]\\?\hid#intc816&col01#3&207f9b7f&0&0000#{4d1e55b2-f16f-11cf-88cb-001111000030}
[15:26:53:723]\\?\hid#intc816&col02#3&207f9b7f&0&0001#{4d1e55b2-f16f-11cf-88cb-001111000030}
[15:26:53:723]\\?\hid#converteddevice&col02#5&17bac0a6&0&0001#{4d1e55b2-f16f-11cf-88cb-001111000030}
[15:26:53:723]\\?\hid#converteddevice&col03#5&17bac0a6&0&0002#{4d1e55b2-f16f-11cf-88cb-001111000030}
[15:26:53:723]\\?\hid#dell09c2&col04#5&bc4dc33&0&0003#{4d1e55b2-f16f-11cf-88cb-001111000030}
[15:26:53:723]\\?\hid#{00001812-0000-1000-8000-00805f9b34fb}_dev_vid&0232c2_pid&0001_rev&0068_ccb624cd66b1#9&326e3aae&0&0000#{4d1e55b2-f16f-11cf-88cb-001111000030}
[15:26:53:724]\\?\hid#dell09c2&col05#5&bc4dc33&0&0004#{4d1e55b2-f16f-11cf-88cb-001111000030}
[15:26:53:724]\\?\hid#converteddevice&col01#5&17bac0a6&0&0000#{4d1e55b2-f16f-11cf-88cb-001111000030}\kbd
[15:26:53:724]\\?\hid#dell09c2&col01#5&bc4dc33&0&0000#{4d1e55b2-f16f-11cf-88cb-001111000030}
[15:26:53:724]\\?\hid#vid_046d&pid_0adf&mi_00#7&3e7114f&0&0000#{4d1e55b2-f16f-11cf-88cb-001111000030}
[15:26:53:724]\\?\hid#vid_046d&pid_0adf&mi_04#7&31212da2&0&0000#{4d1e55b2-f16f-11cf-88cb-001111000030}
[15:26:53:727]try_path=\\?\hid#vid_046d&pid_0adf&mi_00#7&3e7114f&0&0000#{4d1e55b2-f16f-11cf-88cb-001111000030}
[15:26:53:729]	InputReportByteLength=65
[15:26:53:729]	OutputReportByteLength=65
[15:26:53:730]HID_Connected=\\?\hid#vid_046d&pid_0adf&mi_00#7&3e7114f&0&0000#{4d1e55b2-f16f-11cf-88cb-001111000030}
[15:26:53:731][HID_TX]00-84-01-D1-55-01-00-00-00-00-00-00-00-00-00-00-00-00-00-00-00-00-00-00-00-00-00-00-00-00-00-00-00-00-00-00-00-00-00-00-00-00-00-00-00-00-00-00-00-00-00-00-00-00-00-00-00-00-00-00-00-00-00-00-00
[15:26:53:734]HidD_GetInputReport=True
[15:26:53:734]reply_report=00-4F-56-31-2E-38-2E-35-2E-31-00-00-00-00-00-00-00-00-00-00-00-00-00-00-00-00-00-00-00-00-00-00-00-00-00-00-00-00-00-00-00-00-00-00-00-00-00-00-00-00-00-00-00-00-00-00-00-00-00-00-00-00-00-00-00
[15:26:53:734][ys_tech] fw_version=V1.8.5.1
[15:26:53:734]ystech_Power_Saving, is_EnablePowerSaving=False
[15:26:53:734][HID_TX]00-85-01-83-8B-01-00-00-00-00-00-00-00-00-00-00-00-00-00-00-00-00-00-00-00-00-00-00-00-00-00-00-00-00-00-00-00-00-00-00-00-00-00-00-00-00-00-00-00-00-00-00-00-00-00-00-00-00-00-00-00-00-00-00-00
[15:26:53:735]HidD_GetInputReport=True
[15:26:53:735]reply_report=00-4F-00-00-00-00-00-00-00-00-00-00-00-00-00-00-00-00-00-00-00-00-00-00-00-00-00-00-00-00-00-00-00-00-00-00-00-00-00-00-00-00-00-00-00-00-00-00-00-00-00-00-00-00-00-00-00-00-00-00-00-00-00-00-00
[15:26:53:735]HID_CMD_POWER_SAVING_Disable
[15:26:53:735]path_connected=\\?\hid#vid_046d&pid_0adf&mi_00#7&3e7114f&0&0000#{4d1e55b2-f16f-11cf-88cb-001111000030}
[15:26:54:964][HID_TX]00-80-06-1C-7D-50-41-0E-01-01-E0-00-00-00-00-00-00-00-00-00-00-00-00-00-00-00-00-00-00-00-00-00-00-00-00-00-00-00-00-00-00-00-00-00-00-00-00-00-00-00-00-00-00-00-00-00-00-00-00-00-00-00-00-00-00
[15:26:54:965]HidD_GetInputReport=True
[15:26:54:965]reply_report=00-4F-00-00-00-00-00-00-00-00-00-00-00-00-00-00-00-00-00-00-00-00-00-00-00-00-00-00-00-00-00-00-00-00-00-00-00-00-00-00-00-00-00-00-00-00-00-00-00-00-00-00-00-00-00-00-00-00-00-00-00-00-00-00-00
[15:26:54:966]50-41-0E-01-01-E0 [CMD_SENT][REMOTE_GET_MODE]
[15:26:54:970][HID_TX_ack]00-19-50-49-01-C0-CB-44-04-00-03-00-0E-81-00-50-49-0E-C6-00-00-00-00-02-00-E0-01-17-32-50-49-01-C0-22-05-00-00-03-00-11-88-19-00-00-00-00-00-00-00-00-00-00-00-00-00-00-00-00-00-00-00-00-00-00-00
[15:26:54:973]REMOTE_GET_MODE=01
[15:26:54:974]50-49-01-C0-CB-44-04-00-03-00-0E-81-00
[15:26:54:974]50-49-0E-C6-00-00-00-00-02-00-E0-01-
[15:26:54:974][HID_TX]00-80-07-1B-E1-50-41-06-02-01-00-63-00-00-00-00-00-00-00-00-00-00-00-00-00-00-00-00-00-00-00-00-00-00-00-00-00-00-00-00-00-00-00-00-00-00-00-00-00-00-00-00-00-00-00-00-00-00-00-00-00-00-00-00-00
[15:26:54:975]HidD_GetInputReport=True
[15:26:54:975]reply_report=00-4F-00-00-00-00-00-00-00-00-00-00-00-00-00-00-00-00-00-00-00-00-00-00-00-00-00-00-00-00-00-00-00-00-00-00-00-00-00-00-00-00-00-00-00-00-00-00-00-00-00-00-00-00-00-00-00-00-00-00-00-00-00-00-00
[15:26:54:975]50-41-06-02-01-00-63 [CMD_SENT][CMD_GET_IO_LEVEL]
[15:26:54:995][HID_TX_ack]00-12-50-49-01-C7-78-5E-04-00-08-00-06-82-00-01-FF-FF-1F-00-00-00-00-02-00-E0-01-17-32-50-49-01-C0-22-05-00-00-03-00-11-88-19-00-00-00-00-00-00-00-00-00-00-00-00-00-00-00-00-00-00-00-00-00-00-00
[15:26:54:995]50-49-01-C7-78-5E-04-00-08-00-06-82-00-01-FF-FF-1F-00
[15:26:56:616][HID_TX]00-80-06-F7-52-50-41-0E-03-01-E0-00-00-00-00-00-00-00-00-00-00-00-00-00-00-00-00-00-00-00-00-00-00-00-00-00-00-00-00-00-00-00-00-00-00-00-00-00-00-00-00-00-00-00-00-00-00-00-00-00-00-00-00-00-00
[15:26:56:617]HidD_GetInputReport=True
[15:26:56:617]reply_report=00-4F-00-00-00-00-00-00-00-00-00-00-00-00-00-00-00-00-00-00-00-00-00-00-00-00-00-00-00-00-00-00-00-00-00-00-00-00-00-00-00-00-00-00-00-00-00-00-00-00-00-00-00-00-00-00-00-00-00-00-00-00-00-00-00
[15:26:56:617]50-41-0E-03-01-E0 [CMD_SENT][REMOTE_GET_MODE]
[15:26:56:622][HID_TX_ack]00-19-50-49-01-C0-F4-49-04-00-03-00-0E-83-00-50-49-0E-C8-00-00-00-00-02-00-E0-01-17-32-50-49-01-C0-22-05-00-00-03-00-11-88-19-00-00-00-00-00-00-00-00-00-00-00-00-00-00-00-00-00-00-00-00-00-00-00
[15:26:56:622]50-49-01-C0-F4-49-04-00-03-00-0E-83-00
[15:26:56:622]50-49-0E-C8-00-00-00-00-02-00-E0-01-
[15:26:56:622]REMOTE_GET_MODE=01
[15:26:56:622][HID_TX]00-80-07-26-91-50-41-06-04-01-00-63-00-00-00-00-00-00-00-00-00-00-00-00-00-00-00-00-00-00-00-00-00-00-00-00-00-00-00-00-00-00-00-00-00-00-00-00-00-00-00-00-00-00-00-00-00-00-00-00-00-00-00-00-00
[15:26:56:623]HidD_GetInputReport=True
[15:26:56:623]reply_report=00-4F-00-00-00-00-00-00-00-00-00-00-00-00-00-00-00-00-00-00-00-00-00-00-00-00-00-00-00-00-00-00-00-00-00-00-00-00-00-00-00-00-00-00-00-00-00-00-00-00-00-00-00-00-00-00-00-00-00-00-00-00-00-00-00
[15:26:56:623]50-41-06-04-01-00-63 [CMD_SENT][CMD_GET_IO_LEVEL]
[15:26:56:656][HID_TX_ack]00-12-50-49-01-C9-97-63-04-00-08-00-06-84-00-01-FF-FF-1F-00-00-00-00-02-00-E0-01-17-32-50-49-01-C0-22-05-00-00-03-00-11-88-19-00-00-00-00-00-00-00-00-00-00-00-00-00-00-00-00-00-00-00-00-00-00-00
[15:26:56:656]50-49-01-C9-97-63-04-00-08-00-06-84-00-01-FF-FF-1F-00
[15:26:58:181][HID_TX]00-80-06-CA-22-50-41-0E-05-01-E0-00-00-00-00-00-00-00-00-00-00-00-00-00-00-00-00-00-00-00-00-00-00-00-00-00-00-00-00-00-00-00-00-00-00-00-00-00-00-00-00-00-00-00-00-00-00-00-00-00-00-00-00-00-00
[15:26:58:182]HidD_GetInputReport=True
[15:26:58:182]reply_report=00-4F-00-00-00-00-00-00-00-00-00-00-00-00-00-00-00-00-00-00-00-00-00-00-00-00-00-00-00-00-00-00-00-00-00-00-00-00-00-00-00-00-00-00-00-00-00-00-00-00-00-00-00-00-00-00-00-00-00-00-00-00-00-00-00
[15:26:58:182]50-41-0E-05-01-E0 [CMD_SENT][REMOTE_GET_MODE]
[15:26:58:185][HID_TX_ack]00-19-50-49-01-C0-D8-4E-04-00-03-00-0E-85-00-50-49-0E-CA-00-00-00-00-02-00-E0-01-17-32-50-49-01-C0-22-05-00-00-03-00-11-88-19-00-00-00-00-00-00-00-00-00-00-00-00-00-00-00-00-00-00-00-00-00-00-00
[15:26:58:185]50-49-01-C0-D8-4E-04-00-03-00-0E-85-00
[15:26:58:185]50-49-0E-CA-00-00-00-00-02-00-E0-01-
[15:26:58:185]REMOTE_GET_MODE=01
[15:26:58:185][HID_TX]00-80-07-CD-BE-50-41-06-06-01-00-63-00-00-00-00-00-00-00-00-00-00-00-00-00-00-00-00-00-00-00-00-00-00-00-00-00-00-00-00-00-00-00-00-00-00-00-00-00-00-00-00-00-00-00-00-00-00-00-00-00-00-00-00-00
[15:26:58:186]HidD_GetInputReport=True
[15:26:58:186]reply_report=00-4F-00-00-00-00-00-00-00-00-00-00-00-00-00-00-00-00-00-00-00-00-00-00-00-00-00-00-00-00-00-00-00-00-00-00-00-00-00-00-00-00-00-00-00-00-00-00-00-00-00-00-00-00-00-00-00-00-00-00-00-00-00-00-00
[15:26:58:186]50-41-06-06-01-00-63 [CMD_SENT][CMD_GET_IO_LEVEL]
[15:26:58:215][HID_TX_ack]00-12-50-49-01-CB-89-68-04-00-08-00-06-86-00-01-FF-FF-1F-00-00-00-00-02-00-E0-01-17-32-50-49-01-C0-22-05-00-00-03-00-11-88-19-00-00-00-00-00-00-00-00-00-00-00-00-00-00-00-00-00-00-00-00-00-00-00
[15:26:58:215]50-49-01-CB-89-68-04-00-08-00-06-86-00-01-FF-FF-1F-00
