[10:56:59:354]\\?\hid#dell09c2&col02#5&bc4dc33&0&0001#{4d1e55b2-f16f-11cf-88cb-001111000030}
[10:56:59:354]\\?\hid#dell09c2&col03#5&bc4dc33&0&0002#{4d1e55b2-f16f-11cf-88cb-001111000030}
[10:56:59:354]\\?\hid#intc816&col01#3&207f9b7f&0&0000#{4d1e55b2-f16f-11cf-88cb-001111000030}
[10:56:59:354]\\?\hid#intc816&col02#3&207f9b7f&0&0001#{4d1e55b2-f16f-11cf-88cb-001111000030}
[10:56:59:354]\\?\hid#converteddevice&col02#5&17bac0a6&0&0001#{4d1e55b2-f16f-11cf-88cb-001111000030}
[10:56:59:354]\\?\hid#converteddevice&col03#5&17bac0a6&0&0002#{4d1e55b2-f16f-11cf-88cb-001111000030}
[10:56:59:354]\\?\hid#dell09c2&col04#5&bc4dc33&0&0003#{4d1e55b2-f16f-11cf-88cb-001111000030}
[10:56:59:354]\\?\hid#{00001812-0000-1000-8000-00805f9b34fb}_dev_vid&0232c2_pid&0001_rev&0068_ccb624cd66b1#9&326e3aae&0&0000#{4d1e55b2-f16f-11cf-88cb-001111000030}
[10:56:59:355]\\?\hid#dell09c2&col05#5&bc4dc33&0&0004#{4d1e55b2-f16f-11cf-88cb-001111000030}
[10:56:59:355]\\?\hid#converteddevice&col01#5&17bac0a6&0&0000#{4d1e55b2-f16f-11cf-88cb-001111000030}\kbd
[10:56:59:355]\\?\hid#dell09c2&col01#5&bc4dc33&0&0000#{4d1e55b2-f16f-11cf-88cb-001111000030}
[10:56:59:355]\\?\hid#vid_046d&pid_0adf&mi_00#7&3ad8dff3&0&0000#{4d1e55b2-f16f-11cf-88cb-001111000030}
[10:56:59:355]\\?\hid#vid_046d&pid_0adf&mi_04#7&18e94d0e&0&0000#{4d1e55b2-f16f-11cf-88cb-001111000030}
[10:56:59:358]try_path=\\?\hid#vid_046d&pid_0adf&mi_00#7&3ad8dff3&0&0000#{4d1e55b2-f16f-11cf-88cb-001111000030}
[10:56:59:359]	InputReportByteLength=65
[10:56:59:360]	OutputReportByteLength=65
[10:56:59:360]HID_Connected=\\?\hid#vid_046d&pid_0adf&mi_00#7&3ad8dff3&0&0000#{4d1e55b2-f16f-11cf-88cb-001111000030}
[10:56:59:362][HID_TX]00-84-01-D1-55-01-00-00-00-00-00-00-00-00-00-00-00-00-00-00-00-00-00-00-00-00-00-00-00-00-00-00-00-00-00-00-00-00-00-00-00-00-00-00-00-00-00-00-00-00-00-00-00-00-00-00-00-00-00-00-00-00-00-00-00
[10:56:59:364]HidD_GetInputReport=True
[10:56:59:364]reply_report=00-4F-56-31-2E-38-2E-35-2E-31-00-00-00-00-00-00-00-00-00-00-00-00-00-00-00-00-00-00-00-00-00-00-00-00-00-00-00-00-00-00-00-00-00-00-00-00-00-00-00-00-00-00-00-00-00-00-00-00-00-00-00-00-00-00-00
[10:56:59:364][ys_tech] fw_version=V1.8.5.1
[10:56:59:365]ystech_Power_Saving, is_EnablePowerSaving=False
[10:56:59:365][HID_TX]00-85-01-83-8B-01-00-00-00-00-00-00-00-00-00-00-00-00-00-00-00-00-00-00-00-00-00-00-00-00-00-00-00-00-00-00-00-00-00-00-00-00-00-00-00-00-00-00-00-00-00-00-00-00-00-00-00-00-00-00-00-00-00-00-00
[10:56:59:366]HidD_GetInputReport=True
[10:56:59:366]reply_report=00-46-00-00-00-00-00-00-00-00-00-00-00-00-00-00-00-00-00-00-00-00-00-00-00-00-00-00-00-00-00-00-00-00-00-00-00-00-00-00-00-00-00-00-00-00-00-00-00-00-00-00-00-00-00-00-00-00-00-00-00-00-00-00-00
[10:56:59:383][Response Fail][System.Exception]
[10:56:59:388]   at ..(Boolean  )
   at ..(Byte  , Byte[]  )
[10:56:59:450]_ystech_retry_count=1
[10:56:59:450][HID_TX]00-85-01-83-8B-01-00-00-00-00-00-00-00-00-00-00-00-00-00-00-00-00-00-00-00-00-00-00-00-00-00-00-00-00-00-00-00-00-00-00-00-00-00-00-00-00-00-00-00-00-00-00-00-00-00-00-00-00-00-00-00-00-00-00-00
[10:56:59:450]HidD_GetInputReport=True
[10:56:59:450]reply_report=00-4F-00-00-00-00-00-00-00-00-00-00-00-00-00-00-00-00-00-00-00-00-00-00-00-00-00-00-00-00-00-00-00-00-00-00-00-00-00-00-00-00-00-00-00-00-00-00-00-00-00-00-00-00-00-00-00-00-00-00-00-00-00-00-00
[10:56:59:450]HID_CMD_POWER_SAVING_Disable
[10:56:59:450]path_connected=\\?\hid#vid_046d&pid_0adf&mi_00#7&3ad8dff3&0&0000#{4d1e55b2-f16f-11cf-88cb-001111000030}
[10:57:00:626][HID_TX]00-80-06-1C-7D-50-41-0E-01-01-E0-00-00-00-00-00-00-00-00-00-00-00-00-00-00-00-00-00-00-00-00-00-00-00-00-00-00-00-00-00-00-00-00-00-00-00-00-00-00-00-00-00-00-00-00-00-00-00-00-00-00-00-00-00-00
[10:57:00:626]HidD_GetInputReport=True
[10:57:00:626]reply_report=00-4F-00-00-00-00-00-00-00-00-00-00-00-00-00-00-00-00-00-00-00-00-00-00-00-00-00-00-00-00-00-00-00-00-00-00-00-00-00-00-00-00-00-00-00-00-00-00-00-00-00-00-00-00-00-00-00-00-00-00-00-00-00-00-00
[10:57:00:627]50-41-0E-01-01-E0 [CMD_SENT][REMOTE_GET_MODE]
[10:57:00:631][HID_TX_ack]00-19-50-49-01-C0-4F-87-00-00-03-00-0E-81-00-50-49-0E-C5-00-00-00-00-02-00-E0-00-00-32-00-00-00-00-00-00-00-00-00-00-00-00-00-00-00-00-00-00-00-00-00-00-00-00-00-00-00-00-00-00-00-00-00-00-00-00
[10:57:00:635]REMOTE_GET_MODE=00
[10:57:00:635]50-49-01-C0-4F-87-00-00-03-00-0E-81-00
[10:57:00:635]50-49-0E-C5-00-00-00-00-02-00-E0-00-
[10:57:00:636][HID_TX]00-80-07-F5-A5-50-41-0E-02-02-E1-01-00-00-00-00-00-00-00-00-00-00-00-00-00-00-00-00-00-00-00-00-00-00-00-00-00-00-00-00-00-00-00-00-00-00-00-00-00-00-00-00-00-00-00-00-00-00-00-00-00-00-00-00-00
[10:57:00:637]HidD_GetInputReport=True
[10:57:00:637]reply_report=00-4F-00-00-00-00-00-00-00-00-00-00-00-00-00-00-00-00-00-00-00-00-00-00-00-00-00-00-00-00-00-00-00-00-00-00-00-00-00-00-00-00-00-00-00-00-00-00-00-00-00-00-00-00-00-00-00-00-00-00-00-00-00-00-00
[10:57:00:637]50-41-0E-02-02-E1-01 [CMD_SENT][REMOTE_SET_MODE] is_remote=True
[10:57:00:640][HID_TX_ack]00-0D-50-49-01-C0-57-87-00-00-03-00-0E-82-00-50-49-0E-C5-00-00-00-00-02-00-E0-00-00-32-00-00-00-00-00-00-00-00-00-00-00-00-00-00-00-00-00-00-00-00-00-00-00-00-00-00-00-00-00-00-00-00-00-00-00-00
[10:57:00:640]50-49-01-C0-57-87-00-00-03-00-0E-82-00
[10:57:00:640][HID_TX]00-80-13-A8-D9-50-41-06-03-0D-00-25-34-12-5A-5A-01-00-00-00-F0-00-00-00-00-00-00-00-00-00-00-00-00-00-00-00-00-00-00-00-00-00-00-00-00-00-00-00-00-00-00-00-00-00-00-00-00-00-00-00-00-00-00-00-00
[10:57:00:641]HidD_GetInputReport=True
[10:57:00:641]reply_report=00-4F-00-00-00-00-00-00-00-00-00-00-00-00-00-00-00-00-00-00-00-00-00-00-00-00-00-00-00-00-00-00-00-00-00-00-00-00-00-00-00-00-00-00-00-00-00-00-00-00-00-00-00-00-00-00-00-00-00-00-00-00-00-00-00
[10:57:00:641]50-41-06-03-0D-00-25-34-12-5A-5A-01-00-00-00-F0-00-00-00 [CMD_SENT][OTA_CMD_IOCTL][READ_MAX_LEN]
[10:57:00:675][HID_TX_ack]00-11-50-49-01-C6-22-40-11-00-07-00-06-83-00-F0-00-00-00-00-00-00-00-02-00-E0-00-00-32-00-00-00-00-00-00-00-00-00-00-00-00-00-00-00-00-00-00-00-00-00-00-00-00-00-00-00-00-00-00-00-00-00-00-00-00
[10:57:00:675]50-49-01-C6-22-40-11-00-07-00-06-83-00-F0-00-00-00
[10:57:00:675][HID_TX]00-80-06-2F-BD-50-41-0E-04-01-E0-00-00-00-00-00-00-00-00-00-00-00-00-00-00-00-00-00-00-00-00-00-00-00-00-00-00-00-00-00-00-00-00-00-00-00-00-00-00-00-00-00-00-00-00-00-00-00-00-00-00-00-00-00-00
[10:57:00:676]HidD_GetInputReport=True
[10:57:00:676]reply_report=00-4F-00-00-00-00-00-00-00-00-00-00-00-00-00-00-00-00-00-00-00-00-00-00-00-00-00-00-00-00-00-00-00-00-00-00-00-00-00-00-00-00-00-00-00-00-00-00-00-00-00-00-00-00-00-00-00-00-00-00-00-00-00-00-00
[10:57:00:676]50-41-0E-04-01-E0 [CMD_SENT][REMOTE_GET_MODE]
[10:57:00:679][HID_TX_ack]00-19-50-49-01-C0-77-87-00-00-03-00-0E-84-00-50-49-0E-C7-00-00-00-00-02-00-E0-01-00-32-00-00-00-00-00-00-00-00-00-00-00-00-00-00-00-00-00-00-00-00-00-00-00-00-00-00-00-00-00-00-00-00-00-00-00-00
[10:57:00:679]50-49-01-C0-77-87-00-00-03-00-0E-84-00
[10:57:00:679]50-49-0E-C7-00-00-00-00-02-00-E0-01-
[10:57:00:679]REMOTE_GET_MODE=01
[10:57:00:679][HID_TX]00-80-07-C3-0E-50-41-06-05-01-00-63-00-00-00-00-00-00-00-00-00-00-00-00-00-00-00-00-00-00-00-00-00-00-00-00-00-00-00-00-00-00-00-00-00-00-00-00-00-00-00-00-00-00-00-00-00-00-00-00-00-00-00-00-00
[10:57:00:680]HidD_GetInputReport=True
[10:57:00:680]reply_report=00-4F-00-00-00-00-00-00-00-00-00-00-00-00-00-00-00-00-00-00-00-00-00-00-00-00-00-00-00-00-00-00-00-00-00-00-00-00-00-00-00-00-00-00-00-00-00-00-00-00-00-00-00-00-00-00-00-00-00-00-00-00-00-00-00
[10:57:00:680]50-41-06-05-01-00-63 [CMD_SENT][CMD_GET_IO_LEVEL]
[10:57:00:698][HID_TX_ack]00-12-50-49-01-C8-43-40-11-00-08-00-06-85-00-01-FF-FF-1F-00-00-00-00-02-00-E0-01-00-32-00-00-00-00-00-00-00-00-00-00-00-00-00-00-00-00-00-00-00-00-00-00-00-00-00-00-00-00-00-00-00-00-00-00-00-00
[10:57:00:698]50-49-01-C8-43-40-11-00-08-00-06-85-00-01-FF-FF-1F-00
[10:57:00:909][HID_TX]00-80-06-C4-92-50-41-0E-06-01-E0-00-00-00-00-00-00-00-00-00-00-00-00-00-00-00-00-00-00-00-00-00-00-00-00-00-00-00-00-00-00-00-00-00-00-00-00-00-00-00-00-00-00-00-00-00-00-00-00-00-00-00-00-00-00
[10:57:00:911]HidD_GetInputReport=True
[10:57:00:911]reply_report=00-4F-00-00-00-00-00-00-00-00-00-00-00-00-00-00-00-00-00-00-00-00-00-00-00-00-00-00-00-00-00-00-00-00-00-00-00-00-00-00-00-00-00-00-00-00-00-00-00-00-00-00-00-00-00-00-00-00-00-00-00-00-00-00-00
[10:57:00:911]50-41-0E-06-01-E0 [CMD_SENT][REMOTE_GET_MODE]
[10:57:00:913][HID_TX_ack]00-19-50-49-01-C0-33-88-00-00-03-00-0E-86-00-50-49-0E-C9-00-00-00-00-02-00-E0-01-00-32-00-00-00-00-00-00-00-00-00-00-00-00-00-00-00-00-00-00-00-00-00-00-00-00-00-00-00-00-00-00-00-00-00-00-00-00
[10:57:00:914]50-49-01-C0-33-88-00-00-03-00-0E-86-00
[10:57:00:914]50-49-0E-C9-00-00-00-00-02-00-E0-01-
[10:57:00:914]REMOTE_GET_MODE=01
[10:57:00:914][HID_TX]00-80-07-28-21-50-41-06-07-01-00-63-00-00-00-00-00-00-00-00-00-00-00-00-00-00-00-00-00-00-00-00-00-00-00-00-00-00-00-00-00-00-00-00-00-00-00-00-00-00-00-00-00-00-00-00-00-00-00-00-00-00-00-00-00
[10:57:00:916]HidD_GetInputReport=True
[10:57:00:916]reply_report=00-4F-00-00-00-00-00-00-00-00-00-00-00-00-00-00-00-00-00-00-00-00-00-00-00-00-00-00-00-00-00-00-00-00-00-00-00-00-00-00-00-00-00-00-00-00-00-00-00-00-00-00-00-00-00-00-00-00-00-00-00-00-00-00-00
[10:57:00:916]50-41-06-07-01-00-63 [CMD_SENT][CMD_GET_IO_LEVEL]
[10:57:00:940][HID_TX_ack]00-12-50-49-01-CA-07-41-11-00-08-00-06-87-00-01-FF-FF-1F-00-00-00-00-02-00-E0-01-00-32-00-00-00-00-00-00-00-00-00-00-00-00-00-00-00-00-00-00-00-00-00-00-00-00-00-00-00-00-00-00-00-00-00-00-00-00
[10:57:00:940]50-49-01-CA-07-41-11-00-08-00-06-87-00-01-FF-FF-1F-00
[10:57:01:156][HID_TX]00-80-06-55-5D-50-41-0E-08-01-E0-00-00-00-00-00-00-00-00-00-00-00-00-00-00-00-00-00-00-00-00-00-00-00-00-00-00-00-00-00-00-00-00-00-00-00-00-00-00-00-00-00-00-00-00-00-00-00-00-00-00-00-00-00-00
[10:57:01:158]HidD_GetInputReport=True
[10:57:01:158]reply_report=00-4F-00-00-00-00-00-00-00-00-00-00-00-00-00-00-00-00-00-00-00-00-00-00-00-00-00-00-00-00-00-00-00-00-00-00-00-00-00-00-00-00-00-00-00-00-00-00-00-00-00-00-00-00-00-00-00-00-00-00-00-00-00-00-00
[10:57:01:158]50-41-0E-08-01-E0 [CMD_SENT][REMOTE_GET_MODE]
[10:57:01:161][HID_TX_ack]00-19-50-49-01-C0-F8-88-00-00-03-00-0E-88-00-50-49-0E-CB-00-00-00-00-02-00-E0-01-00-32-00-00-00-00-00-00-00-00-00-00-00-00-00-00-00-00-00-00-00-00-00-00-00-00-00-00-00-00-00-00-00-00-00-00-00-00
[10:57:01:161]50-49-01-C0-F8-88-00-00-03-00-0E-88-00
[10:57:01:161]50-49-0E-CB-00-00-00-00-02-00-E0-01-
[10:57:01:161]REMOTE_GET_MODE=01
[10:57:01:161][HID_TX]00-80-07-B9-EE-50-41-06-09-01-00-63-00-00-00-00-00-00-00-00-00-00-00-00-00-00-00-00-00-00-00-00-00-00-00-00-00-00-00-00-00-00-00-00-00-00-00-00-00-00-00-00-00-00-00-00-00-00-00-00-00-00-00-00-00
[10:57:01:162]HidD_GetInputReport=True
[10:57:01:162]reply_report=00-4F-00-00-00-00-00-00-00-00-00-00-00-00-00-00-00-00-00-00-00-00-00-00-00-00-00-00-00-00-00-00-00-00-00-00-00-00-00-00-00-00-00-00-00-00-00-00-00-00-00-00-00-00-00-00-00-00-00-00-00-00-00-00-00
[10:57:01:162]50-41-06-09-01-00-63 [CMD_SENT][CMD_GET_IO_LEVEL]
[10:57:01:181][HID_TX_ack]00-12-50-49-01-CC-C3-41-11-00-08-00-06-89-00-01-FF-FF-1F-00-00-00-00-02-00-E0-01-00-32-00-00-00-00-00-00-00-00-00-00-00-00-00-00-00-00-00-00-00-00-00-00-00-00-00-00-00-00-00-00-00-00-00-00-00-00
[10:57:01:181]50-49-01-CC-C3-41-11-00-08-00-06-89-00-01-FF-FF-1F-00
[10:57:01:404][HID_TX]00-80-06-BE-72-50-41-0E-0A-01-E0-00-00-00-00-00-00-00-00-00-00-00-00-00-00-00-00-00-00-00-00-00-00-00-00-00-00-00-00-00-00-00-00-00-00-00-00-00-00-00-00-00-00-00-00-00-00-00-00-00-00-00-00-00-00
[10:57:01:405]HidD_GetInputReport=True
[10:57:01:405]reply_report=00-4F-00-00-00-00-00-00-00-00-00-00-00-00-00-00-00-00-00-00-00-00-00-00-00-00-00-00-00-00-00-00-00-00-00-00-00-00-00-00-00-00-00-00-00-00-00-00-00-00-00-00-00-00-00-00-00-00-00-00-00-00-00-00-00
[10:57:01:405]50-41-0E-0A-01-E0 [CMD_SENT][REMOTE_GET_MODE]
[10:57:01:407][HID_TX_ack]00-19-50-49-01-C0-BE-89-00-00-03-00-0E-8A-00-50-49-0E-CD-00-00-00-00-02-00-E0-01-00-32-00-00-00-00-00-00-00-00-00-00-00-00-00-00-00-00-00-00-00-00-00-00-00-00-00-00-00-00-00-00-00-00-00-00-00-00
[10:57:01:409]50-49-01-C0-BE-89-00-00-03-00-0E-8A-00
[10:57:01:409]50-49-0E-CD-00-00-00-00-02-00-E0-01-
[10:57:01:411]REMOTE_GET_MODE=01
[10:57:01:412][HID_TX]00-80-07-52-C1-50-41-06-0B-01-00-63-00-00-00-00-00-00-00-00-00-00-00-00-00-00-00-00-00-00-00-00-00-00-00-00-00-00-00-00-00-00-00-00-00-00-00-00-00-00-00-00-00-00-00-00-00-00-00-00-00-00-00-00-00
[10:57:01:415]HidD_GetInputReport=True
[10:57:01:415]reply_report=00-4F-00-00-00-00-00-00-00-00-00-00-00-00-00-00-00-00-00-00-00-00-00-00-00-00-00-00-00-00-00-00-00-00-00-00-00-00-00-00-00-00-00-00-00-00-00-00-00-00-00-00-00-00-00-00-00-00-00-00-00-00-00-00-00
[10:57:01:415]50-41-06-0B-01-00-63 [CMD_SENT][CMD_GET_IO_LEVEL]
[10:57:01:443][HID_TX_ack]00-12-50-49-01-CE-99-42-11-00-08-00-06-8B-00-01-F7-FF-1F-00-00-00-00-02-00-E0-01-00-32-00-00-00-00-00-00-00-00-00-00-00-00-00-00-00-00-00-00-00-00-00-00-00-00-00-00-00-00-00-00-00-00-00-00-00-00
[10:57:01:443]50-49-01-CE-99-42-11-00-08-00-06-8B-00-01-F7-FF-1F-00
[10:57:01:649][HID_TX]00-80-06-83-02-50-41-0E-0C-01-E0-00-00-00-00-00-00-00-00-00-00-00-00-00-00-00-00-00-00-00-00-00-00-00-00-00-00-00-00-00-00-00-00-00-00-00-00-00-00-00-00-00-00-00-00-00-00-00-00-00-00-00-00-00-00
[10:57:01:649]HidD_GetInputReport=True
[10:57:01:649]reply_report=00-4F-00-00-00-00-00-00-00-00-00-00-00-00-00-00-00-00-00-00-00-00-00-00-00-00-00-00-00-00-00-00-00-00-00-00-00-00-00-00-00-00-00-00-00-00-00-00-00-00-00-00-00-00-00-00-00-00-00-00-00-00-00-00-00
[10:57:01:649]50-41-0E-0C-01-E0 [CMD_SENT][REMOTE_GET_MODE]
[10:57:01:652][HID_TX_ack]00-19-50-49-01-C0-82-8A-00-00-03-00-0E-8C-00-50-49-0E-CF-00-00-00-00-02-00-E0-01-00-32-00-00-00-00-00-00-00-00-00-00-00-00-00-00-00-00-00-00-00-00-00-00-00-00-00-00-00-00-00-00-00-00-00-00-00-00
[10:57:01:652]50-49-01-C0-82-8A-00-00-03-00-0E-8C-00
[10:57:01:652]50-49-0E-CF-00-00-00-00-02-00-E0-01-
[10:57:01:652]REMOTE_GET_MODE=01
[10:57:01:652][HID_TX]00-80-07-6F-B1-50-41-06-0D-01-00-63-00-00-00-00-00-00-00-00-00-00-00-00-00-00-00-00-00-00-00-00-00-00-00-00-00-00-00-00-00-00-00-00-00-00-00-00-00-00-00-00-00-00-00-00-00-00-00-00-00-00-00-00-00
[10:57:01:653]HidD_GetInputReport=True
[10:57:01:653]reply_report=00-4F-00-00-00-00-00-00-00-00-00-00-00-00-00-00-00-00-00-00-00-00-00-00-00-00-00-00-00-00-00-00-00-00-00-00-00-00-00-00-00-00-00-00-00-00-00-00-00-00-00-00-00-00-00-00-00-00-00-00-00-00-00-00-00
[10:57:01:653]50-41-06-0D-01-00-63 [CMD_SENT][CMD_GET_IO_LEVEL]
[10:57:01:674][HID_TX_ack]00-12-50-49-01-D0-54-43-11-00-08-00-06-8D-00-01-F7-FF-1F-00-00-00-00-02-00-E0-01-00-32-00-00-00-00-00-00-00-00-00-00-00-00-00-00-00-00-00-00-00-00-00-00-00-00-00-00-00-00-00-00-00-00-00-00-00-00
[10:57:01:674]50-49-01-D0-54-43-11-00-08-00-06-8D-00-01-F7-FF-1F-00
[10:57:02:832][HID_TX]00-80-06-68-2D-50-41-0E-0E-01-E0-00-00-00-00-00-00-00-00-00-00-00-00-00-00-00-00-00-00-00-00-00-00-00-00-00-00-00-00-00-00-00-00-00-00-00-00-00-00-00-00-00-00-00-00-00-00-00-00-00-00-00-00-00-00
[10:57:02:833]HidD_GetInputReport=True
[10:57:02:833]reply_report=00-4F-00-00-00-00-00-00-00-00-00-00-00-00-00-00-00-00-00-00-00-00-00-00-00-00-00-00-00-00-00-00-00-00-00-00-00-00-00-00-00-00-00-00-00-00-00-00-00-00-00-00-00-00-00-00-00-00-00-00-00-00-00-00-00
[10:57:02:833]50-41-0E-0E-01-E0 [CMD_SENT][REMOTE_GET_MODE]
[10:57:02:835][HID_TX_ack]00-19-50-49-01-C0-34-8E-00-00-03-00-0E-8E-00-50-49-0E-D1-00-00-00-00-02-00-E0-01-00-32-00-00-00-00-00-00-00-00-00-00-00-00-00-00-00-00-00-00-00-00-00-00-00-00-00-00-00-00-00-00-00-00-00-00-00-00
[10:57:02:835]50-49-01-C0-34-8E-00-00-03-00-0E-8E-00
[10:57:02:835]50-49-0E-D1-00-00-00-00-02-00-E0-01-
[10:57:02:835]REMOTE_GET_MODE=01
[10:57:02:835][HID_TX]00-80-07-84-9E-50-41-06-0F-01-00-63-00-00-00-00-00-00-00-00-00-00-00-00-00-00-00-00-00-00-00-00-00-00-00-00-00-00-00-00-00-00-00-00-00-00-00-00-00-00-00-00-00-00-00-00-00-00-00-00-00-00-00-00-00
[10:57:02:837]HidD_GetInputReport=True
[10:57:02:837]reply_report=00-4F-00-00-00-00-00-00-00-00-00-00-00-00-00-00-00-00-00-00-00-00-00-00-00-00-00-00-00-00-00-00-00-00-00-00-00-00-00-00-00-00-00-00-00-00-00-00-00-00-00-00-00-00-00-00-00-00-00-00-00-00-00-00-00
[10:57:02:837]50-41-06-0F-01-00-63 [CMD_SENT][CMD_GET_IO_LEVEL]
[10:57:02:870][HID_TX_ack]00-12-50-49-01-D2-FD-46-11-00-08-00-06-8F-00-01-FF-FF-1F-00-00-00-00-02-00-E0-01-00-32-00-00-00-00-00-00-00-00-00-00-00-00-00-00-00-00-00-00-00-00-00-00-00-00-00-00-00-00-00-00-00-00-00-00-00-00
[10:57:02:870]50-49-01-D2-FD-46-11-00-08-00-06-8F-00-01-FF-FF-1F-00
[10:57:03:081][HID_TX]00-80-06-80-8D-50-41-0E-10-01-E0-00-00-00-00-00-00-00-00-00-00-00-00-00-00-00-00-00-00-00-00-00-00-00-00-00-00-00-00-00-00-00-00-00-00-00-00-00-00-00-00-00-00-00-00-00-00-00-00-00-00-00-00-00-00
[10:57:03:082]HidD_GetInputReport=True
[10:57:03:082]reply_report=00-4F-00-00-00-00-00-00-00-00-00-00-00-00-00-00-00-00-00-00-00-00-00-00-00-00-00-00-00-00-00-00-00-00-00-00-00-00-00-00-00-00-00-00-00-00-00-00-00-00-00-00-00-00-00-00-00-00-00-00-00-00-00-00-00
[10:57:03:082]50-41-0E-10-01-E0 [CMD_SENT][REMOTE_GET_MODE]
[10:57:03:085][HID_TX_ack]00-19-50-49-01-C0-FB-8E-00-00-03-00-0E-90-00-50-49-0E-D3-00-00-00-00-02-00-E0-01-00-32-00-00-00-00-00-00-00-00-00-00-00-00-00-00-00-00-00-00-00-00-00-00-00-00-00-00-00-00-00-00-00-00-00-00-00-00
[10:57:03:085]50-49-01-C0-FB-8E-00-00-03-00-0E-90-00
[10:57:03:085]REMOTE_GET_MODE=01
[10:57:03:085]50-49-0E-D3-00-00-00-00-02-00-E0-01-
[10:57:03:085][HID_TX]00-80-07-6C-3E-50-41-06-11-01-00-63-00-00-00-00-00-00-00-00-00-00-00-00-00-00-00-00-00-00-00-00-00-00-00-00-00-00-00-00-00-00-00-00-00-00-00-00-00-00-00-00-00-00-00-00-00-00-00-00-00-00-00-00-00
[10:57:03:085]HidD_GetInputReport=True
[10:57:03:085]reply_report=00-4F-00-00-00-00-00-00-00-00-00-00-00-00-00-00-00-00-00-00-00-00-00-00-00-00-00-00-00-00-00-00-00-00-00-00-00-00-00-00-00-00-00-00-00-00-00-00-00-00-00-00-00-00-00-00-00-00-00-00-00-00-00-00-00
[10:57:03:085]50-41-06-11-01-00-63 [CMD_SENT][CMD_GET_IO_LEVEL]
[10:57:03:107][HID_TX_ack]00-12-50-49-01-D4-CF-47-11-00-08-00-06-91-00-01-FF-FF-1F-00-00-00-00-02-00-E0-01-00-32-00-00-00-00-00-00-00-00-00-00-00-00-00-00-00-00-00-00-00-00-00-00-00-00-00-00-00-00-00-00-00-00-00-00-00-00
[10:57:03:108]50-49-01-D4-CF-47-11-00-08-00-06-91-00-01-FF-FF-1F-00
[10:57:03:328][HID_TX]00-80-06-6B-A2-50-41-0E-12-01-E0-00-00-00-00-00-00-00-00-00-00-00-00-00-00-00-00-00-00-00-00-00-00-00-00-00-00-00-00-00-00-00-00-00-00-00-00-00-00-00-00-00-00-00-00-00-00-00-00-00-00-00-00-00-00
[10:57:03:330]HidD_GetInputReport=True
[10:57:03:330]reply_report=00-4F-00-00-00-00-00-00-00-00-00-00-00-00-00-00-00-00-00-00-00-00-00-00-00-00-00-00-00-00-00-00-00-00-00-00-00-00-00-00-00-00-00-00-00-00-00-00-00-00-00-00-00-00-00-00-00-00-00-00-00-00-00-00-00
[10:57:03:330]50-41-0E-12-01-E0 [CMD_SENT][REMOTE_GET_MODE]
[10:57:03:332][HID_TX_ack]00-19-50-49-01-C0-C2-8F-00-00-03-00-0E-92-00-50-49-0E-D5-00-00-00-00-02-00-E0-01-00-32-00-00-00-00-00-00-00-00-00-00-00-00-00-00-00-00-00-00-00-00-00-00-00-00-00-00-00-00-00-00-00-00-00-00-00-00
[10:57:03:333]50-49-01-C0-C2-8F-00-00-03-00-0E-92-00
[10:57:03:333]50-49-0E-D5-00-00-00-00-02-00-E0-01-
[10:57:03:333]REMOTE_GET_MODE=01
[10:57:03:333][HID_TX]00-80-07-87-11-50-41-06-13-01-00-63-00-00-00-00-00-00-00-00-00-00-00-00-00-00-00-00-00-00-00-00-00-00-00-00-00-00-00-00-00-00-00-00-00-00-00-00-00-00-00-00-00-00-00-00-00-00-00-00-00-00-00-00-00
[10:57:03:336]HidD_GetInputReport=True
[10:57:03:336]reply_report=00-4F-00-00-00-00-00-00-00-00-00-00-00-00-00-00-00-00-00-00-00-00-00-00-00-00-00-00-00-00-00-00-00-00-00-00-00-00-00-00-00-00-00-00-00-00-00-00-00-00-00-00-00-00-00-00-00-00-00-00-00-00-00-00-00
[10:57:03:336]50-41-06-13-01-00-63 [CMD_SENT][CMD_GET_IO_LEVEL]
[10:57:03:369][HID_TX_ack]00-12-50-49-01-D6-8E-48-11-00-08-00-06-93-00-01-FF-FF-1F-00-00-00-00-02-00-E0-01-00-32-00-00-00-00-00-00-00-00-00-00-00-00-00-00-00-00-00-00-00-00-00-00-00-00-00-00-00-00-00-00-00-00-00-00-00-00
[10:57:03:369]50-49-01-D6-8E-48-11-00-08-00-06-93-00-01-FF-FF-1F-00
[10:57:03:589][HID_TX]00-80-06-56-D2-50-41-0E-14-01-E0-00-00-00-00-00-00-00-00-00-00-00-00-00-00-00-00-00-00-00-00-00-00-00-00-00-00-00-00-00-00-00-00-00-00-00-00-00-00-00-00-00-00-00-00-00-00-00-00-00-00-00-00-00-00
[10:57:03:589]HidD_GetInputReport=True
[10:57:03:589]reply_report=00-4F-00-00-00-00-00-00-00-00-00-00-00-00-00-00-00-00-00-00-00-00-00-00-00-00-00-00-00-00-00-00-00-00-00-00-00-00-00-00-00-00-00-00-00-00-00-00-00-00-00-00-00-00-00-00-00-00-00-00-00-00-00-00-00
[10:57:03:589]50-41-0E-14-01-E0 [CMD_SENT][REMOTE_GET_MODE]
[10:57:03:592][HID_TX_ack]00-19-50-49-01-C0-92-90-00-00-03-00-0E-94-00-50-49-0E-D7-00-00-00-00-02-00-E0-01-00-32-00-00-00-00-00-00-00-00-00-00-00-00-00-00-00-00-00-00-00-00-00-00-00-00-00-00-00-00-00-00-00-00-00-00-00-00
[10:57:03:592]50-49-01-C0-92-90-00-00-03-00-0E-94-00
[10:57:03:592]50-49-0E-D7-00-00-00-00-02-00-E0-01-
[10:57:03:592]REMOTE_GET_MODE=01
[10:57:03:592][HID_TX]00-80-07-BA-61-50-41-06-15-01-00-63-00-00-00-00-00-00-00-00-00-00-00-00-00-00-00-00-00-00-00-00-00-00-00-00-00-00-00-00-00-00-00-00-00-00-00-00-00-00-00-00-00-00-00-00-00-00-00-00-00-00-00-00-00
[10:57:03:593]HidD_GetInputReport=True
[10:57:03:594]reply_report=00-4F-00-00-00-00-00-00-00-00-00-00-00-00-00-00-00-00-00-00-00-00-00-00-00-00-00-00-00-00-00-00-00-00-00-00-00-00-00-00-00-00-00-00-00-00-00-00-00-00-00-00-00-00-00-00-00-00-00-00-00-00-00-00-00
[10:57:03:594]50-41-06-15-01-00-63 [CMD_SENT][CMD_GET_IO_LEVEL]
[10:57:03:613][HID_TX_ack]00-12-50-49-01-D8-5B-49-11-00-08-00-06-95-00-01-FF-FF-1F-00-00-00-00-02-00-E0-01-00-32-00-00-00-00-00-00-00-00-00-00-00-00-00-00-00-00-00-00-00-00-00-00-00-00-00-00-00-00-00-00-00-00-00-00-00-00
[10:57:03:613]50-49-01-D8-5B-49-11-00-08-00-06-95-00-01-FF-FF-1F-00
[10:57:03:839][HID_TX]00-80-06-BD-FD-50-41-0E-16-01-E0-00-00-00-00-00-00-00-00-00-00-00-00-00-00-00-00-00-00-00-00-00-00-00-00-00-00-00-00-00-00-00-00-00-00-00-00-00-00-00-00-00-00-00-00-00-00-00-00-00-00-00-00-00-00
[10:57:03:840]HidD_GetInputReport=True
[10:57:03:840]reply_report=00-4F-00-00-00-00-00-00-00-00-00-00-00-00-00-00-00-00-00-00-00-00-00-00-00-00-00-00-00-00-00-00-00-00-00-00-00-00-00-00-00-00-00-00-00-00-00-00-00-00-00-00-00-00-00-00-00-00-00-00-00-00-00-00-00
[10:57:03:840]50-41-0E-16-01-E0 [CMD_SENT][REMOTE_GET_MODE]
[10:57:03:843][HID_TX_ack]00-19-50-49-01-C0-5A-91-00-00-03-00-0E-96-00-50-49-0E-D9-00-00-00-00-02-00-E0-01-00-32-00-00-00-00-00-00-00-00-00-00-00-00-00-00-00-00-00-00-00-00-00-00-00-00-00-00-00-00-00-00-00-00-00-00-00-00
[10:57:03:843]50-49-01-C0-5A-91-00-00-03-00-0E-96-00
[10:57:03:843]50-49-0E-D9-00-00-00-00-02-00-E0-01-
[10:57:03:843]REMOTE_GET_MODE=01
[10:57:03:843][HID_TX]00-80-07-51-4E-50-41-06-17-01-00-63-00-00-00-00-00-00-00-00-00-00-00-00-00-00-00-00-00-00-00-00-00-00-00-00-00-00-00-00-00-00-00-00-00-00-00-00-00-00-00-00-00-00-00-00-00-00-00-00-00-00-00-00-00
[10:57:03:844]HidD_GetInputReport=True
[10:57:03:844]reply_report=00-4F-00-00-00-00-00-00-00-00-00-00-00-00-00-00-00-00-00-00-00-00-00-00-00-00-00-00-00-00-00-00-00-00-00-00-00-00-00-00-00-00-00-00-00-00-00-00-00-00-00-00-00-00-00-00-00-00-00-00-00-00-00-00-00
[10:57:03:844]50-41-06-17-01-00-63 [CMD_SENT][CMD_GET_IO_LEVEL]
[10:57:03:877][HID_TX_ack]00-12-50-49-01-DA-23-4A-11-00-08-00-06-97-00-01-FF-FF-1F-00-00-00-00-02-00-E0-01-00-32-00-00-00-00-00-00-00-00-00-00-00-00-00-00-00-00-00-00-00-00-00-00-00-00-00-00-00-00-00-00-00-00-00-00-00-00
[10:57:03:877]50-49-01-DA-23-4A-11-00-08-00-06-97-00-01-FF-FF-1F-00
[10:57:04:099][HID_TX]00-80-06-2C-32-50-41-0E-18-01-E0-00-00-00-00-00-00-00-00-00-00-00-00-00-00-00-00-00-00-00-00-00-00-00-00-00-00-00-00-00-00-00-00-00-00-00-00-00-00-00-00-00-00-00-00-00-00-00-00-00-00-00-00-00-00
[10:57:04:100]HidD_GetInputReport=True
[10:57:04:100]reply_report=00-4F-00-00-00-00-00-00-00-00-00-00-00-00-00-00-00-00-00-00-00-00-00-00-00-00-00-00-00-00-00-00-00-00-00-00-00-00-00-00-00-00-00-00-00-00-00-00-00-00-00-00-00-00-00-00-00-00-00-00-00-00-00-00-00
[10:57:04:100]50-41-0E-18-01-E0 [CMD_SENT][REMOTE_GET_MODE]
[10:57:04:103][HID_TX_ack]00-19-50-49-01-C0-2A-92-00-00-03-00-0E-98-00-50-49-0E-DB-00-00-00-00-02-00-E0-01-00-32-00-00-00-00-00-00-00-00-00-00-00-00-00-00-00-00-00-00-00-00-00-00-00-00-00-00-00-00-00-00-00-00-00-00-00-00
[10:57:04:103]50-49-01-C0-2A-92-00-00-03-00-0E-98-00
[10:57:04:103]50-49-0E-DB-00-00-00-00-02-00-E0-01-
[10:57:04:103]REMOTE_GET_MODE=01
[10:57:04:103][HID_TX]00-80-07-C0-81-50-41-06-19-01-00-63-00-00-00-00-00-00-00-00-00-00-00-00-00-00-00-00-00-00-00-00-00-00-00-00-00-00-00-00-00-00-00-00-00-00-00-00-00-00-00-00-00-00-00-00-00-00-00-00-00-00-00-00-00
[10:57:04:104]HidD_GetInputReport=True
[10:57:04:104]reply_report=00-4F-00-00-00-00-00-00-00-00-00-00-00-00-00-00-00-00-00-00-00-00-00-00-00-00-00-00-00-00-00-00-00-00-00-00-00-00-00-00-00-00-00-00-00-00-00-00-00-00-00-00-00-00-00-00-00-00-00-00-00-00-00-00-00
[10:57:04:104]50-41-06-19-01-00-63 [CMD_SENT][CMD_GET_IO_LEVEL]
[10:57:04:123][HID_TX_ack]00-12-50-49-01-DC-F3-4A-11-00-08-00-06-99-00-01-FF-FF-1E-00-00-00-00-02-00-E0-01-00-32-00-00-00-00-00-00-00-00-00-00-00-00-00-00-00-00-00-00-00-00-00-00-00-00-00-00-00-00-00-00-00-00-00-00-00-00
[10:57:04:123]50-49-01-DC-F3-4A-11-00-08-00-06-99-00-01-FF-FF-1E-00
[10:57:04:511][HID_TX_ack]00-0D-50-49-11-DD-6F-93-00-00-03-00-20-EA-00-01-FF-FF-1E-00-00-00-00-02-00-E0-01-00-32-00-00-00-00-00-00-00-00-00-00-00-00-00-00-00-00-00-00-00-00-00-00-00-00-00-00-00-00-00-00-00-00-00-00-00-00
[10:57:04:511]50-49-11-DD-6F-93-00-00-03-00-20-EA-00
[10:57:04:528][HID_TX_ack]00-1A-50-49-01-C0-7D-93-00-00-03-00-11-8A-18-50-49-01-C0-7E-93-00-00-03-00-11-8B-17-32-00-00-00-00-00-00-00-00-00-00-00-00-00-00-00-00-00-00-00-00-00-00-00-00-00-00-00-00-00-00-00-00-00-00-00-00
[10:57:04:528]50-49-01-C0-7D-93-00-00-03-00-11-8A-18
[10:57:04:528]50-49-01-C0-7E-93-00-00-03-00-11-8B-17
[10:57:04:531][HID_TX_ack]00-0D-50-49-11-DE-80-93-00-00-03-00-20-00-00-50-49-01-C0-7E-93-00-00-03-00-11-8B-17-32-00-00-00-00-00-00-00-00-00-00-00-00-00-00-00-00-00-00-00-00-00-00-00-00-00-00-00-00-00-00-00-00-00-00-00-00
[10:57:04:531]50-49-11-DE-80-93-00-00-03-00-20-00-00
[10:57:05:328][HID_TX]00-80-06-C7-1D-50-41-0E-1A-01-E0-00-00-00-00-00-00-00-00-00-00-00-00-00-00-00-00-00-00-00-00-00-00-00-00-00-00-00-00-00-00-00-00-00-00-00-00-00-00-00-00-00-00-00-00-00-00-00-00-00-00-00-00-00-00
[10:57:05:329]HidD_GetInputReport=True
[10:57:05:329]reply_report=00-4F-00-00-00-00-00-00-00-00-00-00-00-00-00-00-00-00-00-00-00-00-00-00-00-00-00-00-00-00-00-00-00-00-00-00-00-00-00-00-00-00-00-00-00-00-00-00-00-00-00-00-00-00-00-00-00-00-00-00-00-00-00-00-00
[10:57:05:329]50-41-0E-1A-01-E0 [CMD_SENT][REMOTE_GET_MODE]
[10:57:05:332][HID_TX_ack]00-19-50-49-01-C0-01-96-00-00-03-00-0E-9A-00-50-49-0E-DF-00-00-00-00-02-00-E0-01-17-32-00-00-00-00-00-00-00-00-00-00-00-00-00-00-00-00-00-00-00-00-00-00-00-00-00-00-00-00-00-00-00-00-00-00-00-00
[10:57:05:332]50-49-01-C0-01-96-00-00-03-00-0E-9A-00
[10:57:05:332]50-49-0E-DF-00-00-00-00-02-00-E0-01-
[10:57:05:332]REMOTE_GET_MODE=01
[10:57:05:332][HID_TX]00-80-07-2B-AE-50-41-06-1B-01-00-63-00-00-00-00-00-00-00-00-00-00-00-00-00-00-00-00-00-00-00-00-00-00-00-00-00-00-00-00-00-00-00-00-00-00-00-00-00-00-00-00-00-00-00-00-00-00-00-00-00-00-00-00-00
[10:57:05:333]HidD_GetInputReport=True
[10:57:05:333]reply_report=00-4F-00-00-00-00-00-00-00-00-00-00-00-00-00-00-00-00-00-00-00-00-00-00-00-00-00-00-00-00-00-00-00-00-00-00-00-00-00-00-00-00-00-00-00-00-00-00-00-00-00-00-00-00-00-00-00-00-00-00-00-00-00-00-00
[10:57:05:333]50-41-06-1B-01-00-63 [CMD_SENT][CMD_GET_IO_LEVEL]
[10:57:05:375][HID_TX_ack]00-12-50-49-01-E0-D1-4E-11-00-08-00-06-9B-00-01-FF-FF-1F-00-00-00-00-02-00-E0-01-17-32-00-00-00-00-00-00-00-00-00-00-00-00-00-00-00-00-00-00-00-00-00-00-00-00-00-00-00-00-00-00-00-00-00-00-00-00
[10:57:05:375]50-49-01-E0-D1-4E-11-00-08-00-06-9B-00-01-FF-FF-1F-00
[10:57:05:592][HID_TX]00-80-06-FA-6D-50-41-0E-1C-01-E0-00-00-00-00-00-00-00-00-00-00-00-00-00-00-00-00-00-00-00-00-00-00-00-00-00-00-00-00-00-00-00-00-00-00-00-00-00-00-00-00-00-00-00-00-00-00-00-00-00-00-00-00-00-00
[10:57:05:593]HidD_GetInputReport=True
[10:57:05:593]reply_report=00-4F-00-00-00-00-00-00-00-00-00-00-00-00-00-00-00-00-00-00-00-00-00-00-00-00-00-00-00-00-00-00-00-00-00-00-00-00-00-00-00-00-00-00-00-00-00-00-00-00-00-00-00-00-00-00-00-00-00-00-00-00-00-00-00
[10:57:05:593]50-41-0E-1C-01-E0 [CMD_SENT][REMOTE_GET_MODE]
[10:57:05:596][HID_TX_ack]00-19-50-49-01-C0-D4-96-00-00-03-00-0E-9C-00-50-49-0E-E1-00-00-00-00-02-00-E0-01-17-32-00-00-00-00-00-00-00-00-00-00-00-00-00-00-00-00-00-00-00-00-00-00-00-00-00-00-00-00-00-00-00-00-00-00-00-00
[10:57:05:596]50-49-01-C0-D4-96-00-00-03-00-0E-9C-00
[10:57:05:596]50-49-0E-E1-00-00-00-00-02-00-E0-01-
[10:57:05:596]REMOTE_GET_MODE=01
[10:57:05:596][HID_TX]00-80-07-16-DE-50-41-06-1D-01-00-63-00-00-00-00-00-00-00-00-00-00-00-00-00-00-00-00-00-00-00-00-00-00-00-00-00-00-00-00-00-00-00-00-00-00-00-00-00-00-00-00-00-00-00-00-00-00-00-00-00-00-00-00-00
[10:57:05:597]HidD_GetInputReport=True
[10:57:05:597]reply_report=00-4F-00-00-00-00-00-00-00-00-00-00-00-00-00-00-00-00-00-00-00-00-00-00-00-00-00-00-00-00-00-00-00-00-00-00-00-00-00-00-00-00-00-00-00-00-00-00-00-00-00-00-00-00-00-00-00-00-00-00-00-00-00-00-00
[10:57:05:597]50-41-06-1D-01-00-63 [CMD_SENT][CMD_GET_IO_LEVEL]
[10:57:05:626][HID_TX_ack]00-12-50-49-01-E2-A6-4F-11-00-08-00-06-9D-00-01-FF-FF-1F-00-00-00-00-02-00-E0-01-17-32-00-00-00-00-00-00-00-00-00-00-00-00-00-00-00-00-00-00-00-00-00-00-00-00-00-00-00-00-00-00-00-00-00-00-00-00
[10:57:05:626]50-49-01-E2-A6-4F-11-00-08-00-06-9D-00-01-FF-FF-1F-00
[10:57:05:840][HID_TX]00-80-06-11-42-50-41-0E-1E-01-E0-00-00-00-00-00-00-00-00-00-00-00-00-00-00-00-00-00-00-00-00-00-00-00-00-00-00-00-00-00-00-00-00-00-00-00-00-00-00-00-00-00-00-00-00-00-00-00-00-00-00-00-00-00-00
[10:57:05:841]HidD_GetInputReport=True
[10:57:05:841]reply_report=00-4F-00-00-00-00-00-00-00-00-00-00-00-00-00-00-00-00-00-00-00-00-00-00-00-00-00-00-00-00-00-00-00-00-00-00-00-00-00-00-00-00-00-00-00-00-00-00-00-00-00-00-00-00-00-00-00-00-00-00-00-00-00-00-00
[10:57:05:841]50-41-0E-1E-01-E0 [CMD_SENT][REMOTE_GET_MODE]
[10:57:05:845][HID_TX_ack]00-19-50-49-01-C0-9B-97-00-00-03-00-0E-9E-00-50-49-0E-E3-00-00-00-00-02-00-E0-01-17-32-00-00-00-00-00-00-00-00-00-00-00-00-00-00-00-00-00-00-00-00-00-00-00-00-00-00-00-00-00-00-00-00-00-00-00-00
[10:57:05:845]50-49-01-C0-9B-97-00-00-03-00-0E-9E-00
[10:57:05:845]50-49-0E-E3-00-00-00-00-02-00-E0-01-
[10:57:05:845]REMOTE_GET_MODE=01
[10:57:05:845][HID_TX]00-80-07-FD-F1-50-41-06-1F-01-00-63-00-00-00-00-00-00-00-00-00-00-00-00-00-00-00-00-00-00-00-00-00-00-00-00-00-00-00-00-00-00-00-00-00-00-00-00-00-00-00-00-00-00-00-00-00-00-00-00-00-00-00-00-00
[10:57:05:847]HidD_GetInputReport=True
[10:57:05:847]reply_report=00-4F-00-00-00-00-00-00-00-00-00-00-00-00-00-00-00-00-00-00-00-00-00-00-00-00-00-00-00-00-00-00-00-00-00-00-00-00-00-00-00-00-00-00-00-00-00-00-00-00-00-00-00-00-00-00-00-00-00-00-00-00-00-00-00
[10:57:05:847]50-41-06-1F-01-00-63 [CMD_SENT][CMD_GET_IO_LEVEL]
[10:57:05:871][HID_TX_ack]00-12-50-49-01-E4-6E-50-11-00-08-00-06-9F-00-01-FF-FF-1F-00-00-00-00-02-00-E0-01-17-32-00-00-00-00-00-00-00-00-00-00-00-00-00-00-00-00-00-00-00-00-00-00-00-00-00-00-00-00-00-00-00-00-00-00-00-00
[10:57:05:871]50-49-01-E4-6E-50-11-00-08-00-06-9F-00-01-FF-FF-1F-00
[10:57:06:086][HID_TX]00-80-06-0B-3C-50-41-0E-20-01-E0-00-00-00-00-00-00-00-00-00-00-00-00-00-00-00-00-00-00-00-00-00-00-00-00-00-00-00-00-00-00-00-00-00-00-00-00-00-00-00-00-00-00-00-00-00-00-00-00-00-00-00-00-00-00
[10:57:06:088]HidD_GetInputReport=True
[10:57:06:088]reply_report=00-4F-00-00-00-00-00-00-00-00-00-00-00-00-00-00-00-00-00-00-00-00-00-00-00-00-00-00-00-00-00-00-00-00-00-00-00-00-00-00-00-00-00-00-00-00-00-00-00-00-00-00-00-00-00-00-00-00-00-00-00-00-00-00-00
[10:57:06:088]50-41-0E-20-01-E0 [CMD_SENT][REMOTE_GET_MODE]
[10:57:06:090][HID_TX_ack]00-19-50-49-01-C0-60-98-00-00-03-00-0E-A0-00-50-49-0E-E5-00-00-00-00-02-00-E0-01-17-32-00-00-00-00-00-00-00-00-00-00-00-00-00-00-00-00-00-00-00-00-00-00-00-00-00-00-00-00-00-00-00-00-00-00-00-00
[10:57:06:090]50-49-01-C0-60-98-00-00-03-00-0E-A0-00
[10:57:06:090]50-49-0E-E5-00-00-00-00-02-00-E0-01-
[10:57:06:090]REMOTE_GET_MODE=01
[10:57:06:091][HID_TX]00-80-07-E7-8F-50-41-06-21-01-00-63-00-00-00-00-00-00-00-00-00-00-00-00-00-00-00-00-00-00-00-00-00-00-00-00-00-00-00-00-00-00-00-00-00-00-00-00-00-00-00-00-00-00-00-00-00-00-00-00-00-00-00-00-00
[10:57:06:092]HidD_GetInputReport=True
[10:57:06:092]reply_report=00-4F-00-00-00-00-00-00-00-00-00-00-00-00-00-00-00-00-00-00-00-00-00-00-00-00-00-00-00-00-00-00-00-00-00-00-00-00-00-00-00-00-00-00-00-00-00-00-00-00-00-00-00-00-00-00-00-00-00-00-00-00-00-00-00
[10:57:06:092]50-41-06-21-01-00-63 [CMD_SENT][CMD_GET_IO_LEVEL]
[10:57:06:116][HID_TX_ack]00-12-50-49-01-E6-2D-51-11-00-08-00-06-A1-00-01-FF-FF-1D-00-00-00-00-02-00-E0-01-17-32-00-00-00-00-00-00-00-00-00-00-00-00-00-00-00-00-00-00-00-00-00-00-00-00-00-00-00-00-00-00-00-00-00-00-00-00
[10:57:06:116]50-49-01-E6-2D-51-11-00-08-00-06-A1-00-01-FF-FF-1D-00
[10:57:06:431][HID_TX_ack]00-0D-50-49-11-E7-6F-99-00-00-03-00-20-E9-00-01-FF-FF-1D-00-00-00-00-02-00-E0-01-17-32-00-00-00-00-00-00-00-00-00-00-00-00-00-00-00-00-00-00-00-00-00-00-00-00-00-00-00-00-00-00-00-00-00-00-00-00
[10:57:06:431]50-49-11-E7-6F-99-00-00-03-00-20-E9-00
[10:57:06:440][HID_TX_ack]00-1A-50-49-01-C0-77-99-00-00-03-00-11-8C-18-50-49-01-C0-77-99-00-00-03-00-11-8D-17-32-00-00-00-00-00-00-00-00-00-00-00-00-00-00-00-00-00-00-00-00-00-00-00-00-00-00-00-00-00-00-00-00-00-00-00-00
[10:57:06:440]50-49-01-C0-77-99-00-00-03-00-11-8C-18
[10:57:06:440]50-49-01-C0-77-99-00-00-03-00-11-8D-17
[10:57:06:443][HID_TX_ack]00-0D-50-49-11-E8-79-99-00-00-03-00-20-00-00-50-49-01-C0-77-99-00-00-03-00-11-8D-17-32-00-00-00-00-00-00-00-00-00-00-00-00-00-00-00-00-00-00-00-00-00-00-00-00-00-00-00-00-00-00-00-00-00-00-00-00
[10:57:06:443]50-49-11-E8-79-99-00-00-03-00-20-00-00
[10:57:07:158][HID_TX]00-80-07-60-E7-50-41-0E-22-02-E1-00-00-00-00-00-00-00-00-00-00-00-00-00-00-00-00-00-00-00-00-00-00-00-00-00-00-00-00-00-00-00-00-00-00-00-00-00-00-00-00-00-00-00-00-00-00-00-00-00-00-00-00-00-00
[10:57:07:161]HidD_GetInputReport=True
[10:57:07:161]reply_report=00-4F-00-00-00-00-00-00-00-00-00-00-00-00-00-00-00-00-00-00-00-00-00-00-00-00-00-00-00-00-00-00-00-00-00-00-00-00-00-00-00-00-00-00-00-00-00-00-00-00-00-00-00-00-00-00-00-00-00-00-00-00-00-00-00
[10:57:07:161]50-41-0E-22-02-E1-00 [CMD_SENT][REMOTE_SET_MODE] is_remote=False
[10:57:07:163][HID_TX_ack]00-0D-50-49-01-C0-BA-9B-00-00-03-00-0E-A2-00-50-49-01-C0-77-99-00-00-03-00-11-8D-17-32-00-00-00-00-00-00-00-00-00-00-00-00-00-00-00-00-00-00-00-00-00-00-00-00-00-00-00-00-00-00-00-00-00-00-00-00
[10:57:07:163]50-49-01-C0-BA-9B-00-00-03-00-0E-A2-00
[10:57:07:164]ystech_Power_Saving, is_EnablePowerSaving=True
[10:57:07:165][HID_TX]00-85-01-73-56-02-00-00-00-00-00-00-00-00-00-00-00-00-00-00-00-00-00-00-00-00-00-00-00-00-00-00-00-00-00-00-00-00-00-00-00-00-00-00-00-00-00-00-00-00-00-00-00-00-00-00-00-00-00-00-00-00-00-00-00
[10:57:07:166]HidD_GetInputReport=True
[10:57:07:166]reply_report=00-4F-00-00-00-00-00-00-00-00-00-00-00-00-00-00-00-00-00-00-00-00-00-00-00-00-00-00-00-00-00-00-00-00-00-00-00-00-00-00-00-00-00-00-00-00-00-00-00-00-00-00-00-00-00-00-00-00-00-00-00-00-00-00-00
[10:57:07:166]HID_CMD_POWER_SAVING_Enable
[10:57:07:166]close_hid_stream
[10:57:07:166]close_hid_handle
