[12:27:34:224]\\?\hid#dell09c2&col02#5&bc4dc33&0&0001#{4d1e55b2-f16f-11cf-88cb-001111000030}
[12:27:34:224]\\?\hid#dell09c2&col03#5&bc4dc33&0&0002#{4d1e55b2-f16f-11cf-88cb-001111000030}
[12:27:34:224]\\?\hid#intc816&col01#3&207f9b7f&0&0000#{4d1e55b2-f16f-11cf-88cb-001111000030}
[12:27:34:224]\\?\hid#vid_046d&pid_0adf&mi_04#7&2ad3f249&0&0000#{4d1e55b2-f16f-11cf-88cb-001111000030}
[12:27:34:224]\\?\hid#intc816&col02#3&207f9b7f&0&0001#{4d1e55b2-f16f-11cf-88cb-001111000030}
[12:27:34:224]\\?\hid#converteddevice&col02#5&17bac0a6&0&0001#{4d1e55b2-f16f-11cf-88cb-001111000030}
[12:27:34:224]\\?\hid#converteddevice&col03#5&17bac0a6&0&0002#{4d1e55b2-f16f-11cf-88cb-001111000030}
[12:27:34:224]\\?\hid#dell09c2&col04#5&bc4dc33&0&0003#{4d1e55b2-f16f-11cf-88cb-001111000030}
[12:27:34:224]\\?\hid#dell09c2&col05#5&bc4dc33&0&0004#{4d1e55b2-f16f-11cf-88cb-001111000030}
[12:27:34:224]\\?\hid#vid_046d&pid_0adf&mi_00#7&28ee3ab8&0&0000#{4d1e55b2-f16f-11cf-88cb-001111000030}
[12:27:34:224]\\?\hid#converteddevice&col01#5&17bac0a6&0&0000#{4d1e55b2-f16f-11cf-88cb-001111000030}\kbd
[12:27:34:224]\\?\hid#dell09c2&col01#5&bc4dc33&0&0000#{4d1e55b2-f16f-11cf-88cb-001111000030}
[12:27:34:224]\\?\hid#vid_413c&pid_301a#6&3b68e75b&0&0000#{4d1e55b2-f16f-11cf-88cb-001111000030}
[12:27:34:226]try_path=\\?\hid#vid_046d&pid_0adf&mi_04#7&2ad3f249&0&0000#{4d1e55b2-f16f-11cf-88cb-001111000030}
[12:27:34:237][invalid device][System.Exception]
[12:27:34:241]   at ..connect(String path)
[12:27:34:241]close_hid_handle
[12:27:34:244][connect HID device fail : invalid device][System.Exception]
[12:27:34:244]   at ..connect(String path)
   at ..(String  )
   at ..connect(UInt16 vid, UInt16 pid,  vt)
[12:27:34:244]try_path=\\?\hid#vid_046d&pid_0adf&mi_00#7&28ee3ab8&0&0000#{4d1e55b2-f16f-11cf-88cb-001111000030}
[12:27:34:244]	InputReportByteLength=65
[12:27:34:244]	OutputReportByteLength=65
[12:27:34:245]HID_Connected=\\?\hid#vid_046d&pid_0adf&mi_00#7&28ee3ab8&0&0000#{4d1e55b2-f16f-11cf-88cb-001111000030}
[12:27:34:246][HID_TX]00-84-01-D1-55-01-00-00-00-00-00-00-00-00-00-00-00-00-00-00-00-00-00-00-00-00-00-00-00-00-00-00-00-00-00-00-00-00-00-00-00-00-00-00-00-00-00-00-00-00-00-00-00-00-00-00-00-00-00-00-00-00-00-00-00
[12:27:34:248]HidD_GetInputReport=True
[12:27:34:248]reply_report=00-4F-56-31-2E-36-2E-31-00-00-00-00-00-00-00-00-00-00-00-00-00-00-00-00-00-00-00-00-00-00-00-00-00-00-00-00-00-00-00-00-00-00-00-00-00-00-00-00-00-00-00-00-00-00-00-00-00-00-00-00-00-00-00-00-00
[12:27:34:248][ys_tech] fw_version=V1.6.1
[12:27:34:248]ystech_Power_Saving, is_EnablePowerSaving=False
[12:27:34:248][HID_TX]00-85-01-83-8B-01-00-00-00-00-00-00-00-00-00-00-00-00-00-00-00-00-00-00-00-00-00-00-00-00-00-00-00-00-00-00-00-00-00-00-00-00-00-00-00-00-00-00-00-00-00-00-00-00-00-00-00-00-00-00-00-00-00-00-00
[12:27:34:250]HidD_GetInputReport=True
[12:27:34:250]reply_report=00-4F-00-00-00-00-00-00-00-00-00-00-00-00-00-00-00-00-00-00-00-00-00-00-00-00-00-00-00-00-00-00-00-00-00-00-00-00-00-00-00-00-00-00-00-00-00-00-00-00-00-00-00-00-00-00-00-00-00-00-00-00-00-00-00
[12:27:34:250]HID_CMD_POWER_SAVING_Disable
[12:27:34:250]path_connected=\\?\hid#vid_046d&pid_0adf&mi_00#7&28ee3ab8&0&0000#{4d1e55b2-f16f-11cf-88cb-001111000030}
[12:27:35:263][HID_TX]00-84-01-D1-55-01-00-00-00-00-00-00-00-00-00-00-00-00-00-00-00-00-00-00-00-00-00-00-00-00-00-00-00-00-00-00-00-00-00-00-00-00-00-00-00-00-00-00-00-00-00-00-00-00-00-00-00-00-00-00-00-00-00-00-00
[12:27:35:264]HidD_GetInputReport=True
[12:27:35:264]reply_report=00-4F-56-31-2E-36-2E-31-00-00-00-00-00-00-00-00-00-00-00-00-00-00-00-00-00-00-00-00-00-00-00-00-00-00-00-00-00-00-00-00-00-00-00-00-00-00-00-00-00-00-00-00-00-00-00-00-00-00-00-00-00-00-00-00-00
[12:27:36:280][HID_TX]00-80-06-1C-7D-50-41-0E-01-01-E0-00-00-00-00-00-00-00-00-00-00-00-00-00-00-00-00-00-00-00-00-00-00-00-00-00-00-00-00-00-00-00-00-00-00-00-00-00-00-00-00-00-00-00-00-00-00-00-00-00-00-00-00-00-00
[12:27:36:282]HidD_GetInputReport=True
[12:27:36:282]reply_report=00-4F-00-00-00-00-00-00-00-00-00-00-00-00-00-00-00-00-00-00-00-00-00-00-00-00-00-00-00-00-00-00-00-00-00-00-00-00-00-00-00-00-00-00-00-00-00-00-00-00-00-00-00-00-00-00-00-00-00-00-00-00-00-00-00
[12:27:36:282]50-41-0E-01-01-E0 [CMD_SENT][REMOTE_GET_MODE]
[12:27:36:285][HID_TX_ack]00-19-50-49-01-C0-AE-11-26-00-03-00-0E-81-00-50-49-0E-C6-00-00-00-00-02-00-E0-00-00-01-00-01-00-31-00-00-00-31-00-01-00-10-00-00-00-00-00-00-00-00-00-00-00-00-00-00-00-00-00-00-00-00-00-00-00-00
[12:27:36:895]REMOTE_GET_MODE=00
[12:27:36:895]50-49-01-C0-AE-11-26-00-03-00-0E-81-00
[12:27:36:895]50-49-0E-C6-00-00-00-00-02-00-E0-00-
[12:27:36:896]send_OTA_CMD_GET_IMAGE_VERSION=MC
[12:27:36:897][HID_TX]00-80-0A-03-99-50-41-06-02-04-00-34-01-4D-43-00-00-00-00-00-00-00-00-00-00-00-00-00-00-00-00-00-00-00-00-00-00-00-00-00-00-00-00-00-00-00-00-00-00-00-00-00-00-00-00-00-00-00-00-00-00-00-00-00-00
[12:27:36:898]HidD_GetInputReport=True
[12:27:36:898]reply_report=00-4F-00-00-00-00-00-00-00-00-00-00-00-00-00-00-00-00-00-00-00-00-00-00-00-00-00-00-00-00-00-00-00-00-00-00-00-00-00-00-00-00-00-00-00-00-00-00-00-00-00-00-00-00-00-00-00-00-00-00-00-00-00-00-00
[12:27:36:898]50-41-06-02-04-00-34-01-4D-43 [CMD_SENT][OTA_CMD_GET_IMAGE_VERSION]
[12:27:36:901][HID_TX_ack]00-11-50-49-01-C0-9C-13-26-00-07-00-06-82-00-64-00-01-05-00-00-00-00-02-00-E0-00-00-01-00-01-00-31-00-00-00-31-00-01-00-10-00-00-00-00-00-00-00-00-00-00-00-00-00-00-00-00-00-00-00-00-00-00-00-00
[12:27:36:901]50-49-01-C0-9C-13-26-00-07-00-06-82-00-64-00-01-05
[12:27:37:912][HID_TX]00-80-07-77-A6-50-41-0E-03-02-E1-00-00-00-00-00-00-00-00-00-00-00-00-00-00-00-00-00-00-00-00-00-00-00-00-00-00-00-00-00-00-00-00-00-00-00-00-00-00-00-00-00-00-00-00-00-00-00-00-00-00-00-00-00-00
[12:27:37:914]HidD_GetInputReport=True
[12:27:37:914]reply_report=00-4F-00-00-00-00-00-00-00-00-00-00-00-00-00-00-00-00-00-00-00-00-00-00-00-00-00-00-00-00-00-00-00-00-00-00-00-00-00-00-00-00-00-00-00-00-00-00-00-00-00-00-00-00-00-00-00-00-00-00-00-00-00-00-00
[12:27:37:914]50-41-0E-03-02-E1-00 [CMD_SENT][REMOTE_SET_MODE] is_remote=False
[12:27:37:917][HID_TX_ack]00-0D-50-49-01-C0-C8-16-26-00-03-00-0E-83-00-64-00-01-05-00-00-00-00-02-00-E0-00-00-01-00-01-00-31-00-00-00-31-00-01-00-10-00-00-00-00-00-00-00-00-00-00-00-00-00-00-00-00-00-00-00-00-00-00-00-00
[12:27:37:917]50-49-01-C0-C8-16-26-00-03-00-0E-83-00
[12:27:37:917]ystech_Power_Saving, is_EnablePowerSaving=True
[12:27:37:917][HID_TX]00-85-01-73-56-02-00-00-00-00-00-00-00-00-00-00-00-00-00-00-00-00-00-00-00-00-00-00-00-00-00-00-00-00-00-00-00-00-00-00-00-00-00-00-00-00-00-00-00-00-00-00-00-00-00-00-00-00-00-00-00-00-00-00-00
[12:27:37:918]HidD_GetInputReport=True
[12:27:37:918]reply_report=00-4F-00-00-00-00-00-00-00-00-00-00-00-00-00-00-00-00-00-00-00-00-00-00-00-00-00-00-00-00-00-00-00-00-00-00-00-00-00-00-00-00-00-00-00-00-00-00-00-00-00-00-00-00-00-00-00-00-00-00-00-00-00-00-00
[12:27:37:918]HID_CMD_POWER_SAVING_Enable
[12:27:37:918]close_hid_stream
[12:27:37:918]close_hid_handle
