[10:59:37:701]\\?\hid#dell09c2&col02#5&bc4dc33&0&0001#{4d1e55b2-f16f-11cf-88cb-001111000030}
[10:59:37:701]\\?\hid#dell09c2&col03#5&bc4dc33&0&0002#{4d1e55b2-f16f-11cf-88cb-001111000030}
[10:59:37:701]\\?\hid#intc816&col01#3&207f9b7f&0&0000#{4d1e55b2-f16f-11cf-88cb-001111000030}
[10:59:37:701]\\?\hid#intc816&col02#3&207f9b7f&0&0001#{4d1e55b2-f16f-11cf-88cb-001111000030}
[10:59:37:701]\\?\hid#converteddevice&col02#5&17bac0a6&0&0001#{4d1e55b2-f16f-11cf-88cb-001111000030}
[10:59:37:701]\\?\hid#converteddevice&col03#5&17bac0a6&0&0002#{4d1e55b2-f16f-11cf-88cb-001111000030}
[10:59:37:702]\\?\hid#dell09c2&col04#5&bc4dc33&0&0003#{4d1e55b2-f16f-11cf-88cb-001111000030}
[10:59:37:702]\\?\hid#{00001812-0000-1000-8000-00805f9b34fb}_dev_vid&0232c2_pid&0001_rev&0068_ccb624cd66b1#9&326e3aae&0&0000#{4d1e55b2-f16f-11cf-88cb-001111000030}
[10:59:37:702]\\?\hid#dell09c2&col05#5&bc4dc33&0&0004#{4d1e55b2-f16f-11cf-88cb-001111000030}
[10:59:37:702]\\?\hid#converteddevice&col01#5&17bac0a6&0&0000#{4d1e55b2-f16f-11cf-88cb-001111000030}\kbd
[10:59:37:702]\\?\hid#dell09c2&col01#5&bc4dc33&0&0000#{4d1e55b2-f16f-11cf-88cb-001111000030}
[10:59:37:702]\\?\hid#vid_046d&pid_0adf&mi_00#7&3ad8dff3&0&0000#{4d1e55b2-f16f-11cf-88cb-001111000030}
[10:59:37:702]\\?\hid#vid_046d&pid_0adf&mi_04#7&18e94d0e&0&0000#{4d1e55b2-f16f-11cf-88cb-001111000030}
[10:59:37:703]try_path=\\?\hid#vid_046d&pid_0adf&mi_00#7&3ad8dff3&0&0000#{4d1e55b2-f16f-11cf-88cb-001111000030}
[10:59:37:705]	InputReportByteLength=65
[10:59:37:705]	OutputReportByteLength=65
[10:59:37:705]HID_Connected=\\?\hid#vid_046d&pid_0adf&mi_00#7&3ad8dff3&0&0000#{4d1e55b2-f16f-11cf-88cb-001111000030}
[10:59:37:706][HID_TX]00-84-01-D1-55-01-00-00-00-00-00-00-00-00-00-00-00-00-00-00-00-00-00-00-00-00-00-00-00-00-00-00-00-00-00-00-00-00-00-00-00-00-00-00-00-00-00-00-00-00-00-00-00-00-00-00-00-00-00-00-00-00-00-00-00
[10:59:37:707]HidD_GetInputReport=True
[10:59:37:707]reply_report=00-4F-56-31-2E-38-2E-35-2E-31-00-00-00-00-00-00-00-00-00-00-00-00-00-00-00-00-00-00-00-00-00-00-00-00-00-00-00-00-00-00-00-00-00-00-00-00-00-00-00-00-00-00-00-00-00-00-00-00-00-00-00-00-00-00-00
[10:59:37:708][ys_tech] fw_version=V1.8.5.1
[10:59:37:708]ystech_Power_Saving, is_EnablePowerSaving=False
[10:59:37:708][HID_TX]00-85-01-83-8B-01-00-00-00-00-00-00-00-00-00-00-00-00-00-00-00-00-00-00-00-00-00-00-00-00-00-00-00-00-00-00-00-00-00-00-00-00-00-00-00-00-00-00-00-00-00-00-00-00-00-00-00-00-00-00-00-00-00-00-00
[10:59:37:709]HidD_GetInputReport=True
[10:59:37:709]reply_report=00-46-00-00-00-00-00-00-00-00-00-00-00-00-00-00-00-00-00-00-00-00-00-00-00-00-00-00-00-00-00-00-00-00-00-00-00-00-00-00-00-00-00-00-00-00-00-00-00-00-00-00-00-00-00-00-00-00-00-00-00-00-00-00-00
[10:59:37:723][Response Fail][System.Exception]
[10:59:37:727]   at ..(Boolean  )
   at ..(Byte  , Byte[]  )
[10:59:37:787]_ystech_retry_count=1
[10:59:37:787][HID_TX]00-85-01-83-8B-01-00-00-00-00-00-00-00-00-00-00-00-00-00-00-00-00-00-00-00-00-00-00-00-00-00-00-00-00-00-00-00-00-00-00-00-00-00-00-00-00-00-00-00-00-00-00-00-00-00-00-00-00-00-00-00-00-00-00-00
[10:59:37:788]HidD_GetInputReport=True
[10:59:37:788]reply_report=00-4F-00-00-00-00-00-00-00-00-00-00-00-00-00-00-00-00-00-00-00-00-00-00-00-00-00-00-00-00-00-00-00-00-00-00-00-00-00-00-00-00-00-00-00-00-00-00-00-00-00-00-00-00-00-00-00-00-00-00-00-00-00-00-00
[10:59:37:788]HID_CMD_POWER_SAVING_Disable
[10:59:37:788]path_connected=\\?\hid#vid_046d&pid_0adf&mi_00#7&3ad8dff3&0&0000#{4d1e55b2-f16f-11cf-88cb-001111000030}
[10:59:38:965][HID_TX]00-80-06-1C-7D-50-41-0E-01-01-E0-00-00-00-00-00-00-00-00-00-00-00-00-00-00-00-00-00-00-00-00-00-00-00-00-00-00-00-00-00-00-00-00-00-00-00-00-00-00-00-00-00-00-00-00-00-00-00-00-00-00-00-00-00-00
[10:59:38:967]HidD_GetInputReport=True
[10:59:38:967]reply_report=00-4F-00-00-00-00-00-00-00-00-00-00-00-00-00-00-00-00-00-00-00-00-00-00-00-00-00-00-00-00-00-00-00-00-00-00-00-00-00-00-00-00-00-00-00-00-00-00-00-00-00-00-00-00-00-00-00-00-00-00-00-00-00-00-00
[10:59:38:967]50-41-0E-01-01-E0 [CMD_SENT][REMOTE_GET_MODE]
[10:59:38:972][HID_TX_ack]00-19-50-49-01-C0-20-76-02-00-03-00-0E-81-00-50-49-0E-C7-00-00-00-00-02-00-E0-00-17-03-00-20-00-00-00-00-00-00-00-00-00-00-00-00-00-00-00-00-00-00-00-00-00-00-00-00-00-00-00-00-00-00-00-00-00-00
[10:59:38:975]REMOTE_GET_MODE=00
[10:59:38:976]50-49-01-C0-20-76-02-00-03-00-0E-81-00
[10:59:38:976]50-49-0E-C7-00-00-00-00-02-00-E0-00-
[10:59:38:976][HID_TX]00-80-07-F5-A5-50-41-0E-02-02-E1-01-00-00-00-00-00-00-00-00-00-00-00-00-00-00-00-00-00-00-00-00-00-00-00-00-00-00-00-00-00-00-00-00-00-00-00-00-00-00-00-00-00-00-00-00-00-00-00-00-00-00-00-00-00
[10:59:38:977]HidD_GetInputReport=True
[10:59:38:977]reply_report=00-4F-00-00-00-00-00-00-00-00-00-00-00-00-00-00-00-00-00-00-00-00-00-00-00-00-00-00-00-00-00-00-00-00-00-00-00-00-00-00-00-00-00-00-00-00-00-00-00-00-00-00-00-00-00-00-00-00-00-00-00-00-00-00-00
[10:59:38:977]50-41-0E-02-02-E1-01 [CMD_SENT][REMOTE_SET_MODE] is_remote=True
[10:59:38:980][HID_TX_ack]00-0D-50-49-01-C0-28-76-02-00-03-00-0E-82-00-50-49-0E-C7-00-00-00-00-02-00-E0-00-17-03-00-20-00-00-00-00-00-00-00-00-00-00-00-00-00-00-00-00-00-00-00-00-00-00-00-00-00-00-00-00-00-00-00-00-00-00
[10:59:38:980]50-49-01-C0-28-76-02-00-03-00-0E-82-00
[10:59:38:980][HID_TX]00-80-13-A8-D9-50-41-06-03-0D-00-25-34-12-5A-5A-01-00-00-00-F0-00-00-00-00-00-00-00-00-00-00-00-00-00-00-00-00-00-00-00-00-00-00-00-00-00-00-00-00-00-00-00-00-00-00-00-00-00-00-00-00-00-00-00-00
[10:59:38:981]HidD_GetInputReport=True
[10:59:38:981]reply_report=00-4F-00-00-00-00-00-00-00-00-00-00-00-00-00-00-00-00-00-00-00-00-00-00-00-00-00-00-00-00-00-00-00-00-00-00-00-00-00-00-00-00-00-00-00-00-00-00-00-00-00-00-00-00-00-00-00-00-00-00-00-00-00-00-00
[10:59:38:981]50-41-06-03-0D-00-25-34-12-5A-5A-01-00-00-00-F0-00-00-00 [CMD_SENT][OTA_CMD_IOCTL][READ_MAX_LEN]
[10:59:39:014][HID_TX_ack]00-11-50-49-01-C8-F1-2E-13-00-07-00-06-83-00-F0-00-00-00-00-00-00-00-02-00-E0-00-17-03-00-20-00-00-00-00-00-00-00-00-00-00-00-00-00-00-00-00-00-00-00-00-00-00-00-00-00-00-00-00-00-00-00-00-00-00
[10:59:39:014]50-49-01-C8-F1-2E-13-00-07-00-06-83-00-F0-00-00-00
[10:59:39:014][HID_TX]00-80-06-2F-BD-50-41-0E-04-01-E0-00-00-00-00-00-00-00-00-00-00-00-00-00-00-00-00-00-00-00-00-00-00-00-00-00-00-00-00-00-00-00-00-00-00-00-00-00-00-00-00-00-00-00-00-00-00-00-00-00-00-00-00-00-00
[10:59:39:015]HidD_GetInputReport=True
[10:59:39:015]reply_report=00-4F-00-00-00-00-00-00-00-00-00-00-00-00-00-00-00-00-00-00-00-00-00-00-00-00-00-00-00-00-00-00-00-00-00-00-00-00-00-00-00-00-00-00-00-00-00-00-00-00-00-00-00-00-00-00-00-00-00-00-00-00-00-00-00
[10:59:39:015]50-41-0E-04-01-E0 [CMD_SENT][REMOTE_GET_MODE]
[10:59:39:018][HID_TX_ack]00-19-50-49-01-C0-47-76-02-00-03-00-0E-84-00-50-49-0E-C9-00-00-00-00-02-00-E0-01-17-03-00-20-00-00-00-00-00-00-00-00-00-00-00-00-00-00-00-00-00-00-00-00-00-00-00-00-00-00-00-00-00-00-00-00-00-00
[10:59:39:018]50-49-01-C0-47-76-02-00-03-00-0E-84-00
[10:59:39:018]50-49-0E-C9-00-00-00-00-02-00-E0-01-
[10:59:39:018]REMOTE_GET_MODE=01
[10:59:39:018][HID_TX]00-80-07-C3-0E-50-41-06-05-01-00-63-00-00-00-00-00-00-00-00-00-00-00-00-00-00-00-00-00-00-00-00-00-00-00-00-00-00-00-00-00-00-00-00-00-00-00-00-00-00-00-00-00-00-00-00-00-00-00-00-00-00-00-00-00
[10:59:39:019]HidD_GetInputReport=True
[10:59:39:019]reply_report=00-4F-00-00-00-00-00-00-00-00-00-00-00-00-00-00-00-00-00-00-00-00-00-00-00-00-00-00-00-00-00-00-00-00-00-00-00-00-00-00-00-00-00-00-00-00-00-00-00-00-00-00-00-00-00-00-00-00-00-00-00-00-00-00-00
[10:59:39:019]50-41-06-05-01-00-63 [CMD_SENT][CMD_GET_IO_LEVEL]
[10:59:39:038][HID_TX_ack]00-12-50-49-01-CA-13-2F-13-00-08-00-06-85-00-01-FF-FF-1F-00-00-00-00-02-00-E0-01-17-03-00-20-00-00-00-00-00-00-00-00-00-00-00-00-00-00-00-00-00-00-00-00-00-00-00-00-00-00-00-00-00-00-00-00-00-00
[10:59:39:038]50-49-01-CA-13-2F-13-00-08-00-06-85-00-01-FF-FF-1F-00
[10:59:39:249][HID_TX]00-80-06-C4-92-50-41-0E-06-01-E0-00-00-00-00-00-00-00-00-00-00-00-00-00-00-00-00-00-00-00-00-00-00-00-00-00-00-00-00-00-00-00-00-00-00-00-00-00-00-00-00-00-00-00-00-00-00-00-00-00-00-00-00-00-00
[10:59:39:251]HidD_GetInputReport=True
[10:59:39:251]reply_report=00-4F-00-00-00-00-00-00-00-00-00-00-00-00-00-00-00-00-00-00-00-00-00-00-00-00-00-00-00-00-00-00-00-00-00-00-00-00-00-00-00-00-00-00-00-00-00-00-00-00-00-00-00-00-00-00-00-00-00-00-00-00-00-00-00
[10:59:39:251]50-41-0E-06-01-E0 [CMD_SENT][REMOTE_GET_MODE]
[10:59:39:254][HID_TX_ack]00-19-50-49-01-C0-03-77-02-00-03-00-0E-86-00-50-49-0E-CB-00-00-00-00-02-00-E0-01-17-03-00-20-00-00-00-00-00-00-00-00-00-00-00-00-00-00-00-00-00-00-00-00-00-00-00-00-00-00-00-00-00-00-00-00-00-00
[10:59:39:254]50-49-01-C0-03-77-02-00-03-00-0E-86-00
[10:59:39:254]50-49-0E-CB-00-00-00-00-02-00-E0-01-
[10:59:39:254]REMOTE_GET_MODE=01
[10:59:39:254][HID_TX]00-80-07-28-21-50-41-06-07-01-00-63-00-00-00-00-00-00-00-00-00-00-00-00-00-00-00-00-00-00-00-00-00-00-00-00-00-00-00-00-00-00-00-00-00-00-00-00-00-00-00-00-00-00-00-00-00-00-00-00-00-00-00-00-00
[10:59:39:256]HidD_GetInputReport=True
[10:59:39:256]reply_report=00-4F-00-00-00-00-00-00-00-00-00-00-00-00-00-00-00-00-00-00-00-00-00-00-00-00-00-00-00-00-00-00-00-00-00-00-00-00-00-00-00-00-00-00-00-00-00-00-00-00-00-00-00-00-00-00-00-00-00-00-00-00-00-00-00
[10:59:39:256]50-41-06-07-01-00-63 [CMD_SENT][CMD_GET_IO_LEVEL]
[10:59:39:276][HID_TX_ack]00-12-50-49-01-CC-CD-2F-13-00-08-00-06-87-00-01-FF-FF-1F-00-00-00-00-02-00-E0-01-17-03-00-20-00-00-00-00-00-00-00-00-00-00-00-00-00-00-00-00-00-00-00-00-00-00-00-00-00-00-00-00-00-00-00-00-00-00
[10:59:39:276]50-49-01-CC-CD-2F-13-00-08-00-06-87-00-01-FF-FF-1F-00
[10:59:39:497][HID_TX]00-80-06-55-5D-50-41-0E-08-01-E0-00-00-00-00-00-00-00-00-00-00-00-00-00-00-00-00-00-00-00-00-00-00-00-00-00-00-00-00-00-00-00-00-00-00-00-00-00-00-00-00-00-00-00-00-00-00-00-00-00-00-00-00-00-00
[10:59:39:498]HidD_GetInputReport=True
[10:59:39:498]reply_report=00-4F-00-00-00-00-00-00-00-00-00-00-00-00-00-00-00-00-00-00-00-00-00-00-00-00-00-00-00-00-00-00-00-00-00-00-00-00-00-00-00-00-00-00-00-00-00-00-00-00-00-00-00-00-00-00-00-00-00-00-00-00-00-00-00
[10:59:39:498]50-41-0E-08-01-E0 [CMD_SENT][REMOTE_GET_MODE]
[10:59:39:502][HID_TX_ack]00-19-50-49-01-C0-C9-77-02-00-03-00-0E-88-00-50-49-0E-CD-00-00-00-00-02-00-E0-01-17-03-00-20-00-00-00-00-00-00-00-00-00-00-00-00-00-00-00-00-00-00-00-00-00-00-00-00-00-00-00-00-00-00-00-00-00-00
[10:59:39:502]50-49-01-C0-C9-77-02-00-03-00-0E-88-00
[10:59:39:502]50-49-0E-CD-00-00-00-00-02-00-E0-01-
[10:59:39:502]REMOTE_GET_MODE=01
[10:59:39:502][HID_TX]00-80-07-B9-EE-50-41-06-09-01-00-63-00-00-00-00-00-00-00-00-00-00-00-00-00-00-00-00-00-00-00-00-00-00-00-00-00-00-00-00-00-00-00-00-00-00-00-00-00-00-00-00-00-00-00-00-00-00-00-00-00-00-00-00-00
[10:59:39:503]HidD_GetInputReport=True
[10:59:39:503]reply_report=00-4F-00-00-00-00-00-00-00-00-00-00-00-00-00-00-00-00-00-00-00-00-00-00-00-00-00-00-00-00-00-00-00-00-00-00-00-00-00-00-00-00-00-00-00-00-00-00-00-00-00-00-00-00-00-00-00-00-00-00-00-00-00-00-00
[10:59:39:503]50-41-06-09-01-00-63 [CMD_SENT][CMD_GET_IO_LEVEL]
[10:59:39:521][HID_TX_ack]00-12-50-49-01-CE-95-30-13-00-08-00-06-89-00-01-FF-FF-1F-00-00-00-00-02-00-E0-01-17-03-00-20-00-00-00-00-00-00-00-00-00-00-00-00-00-00-00-00-00-00-00-00-00-00-00-00-00-00-00-00-00-00-00-00-00-00
[10:59:39:521]50-49-01-CE-95-30-13-00-08-00-06-89-00-01-FF-FF-1F-00
[10:59:39:742][HID_TX]00-80-06-BE-72-50-41-0E-0A-01-E0-00-00-00-00-00-00-00-00-00-00-00-00-00-00-00-00-00-00-00-00-00-00-00-00-00-00-00-00-00-00-00-00-00-00-00-00-00-00-00-00-00-00-00-00-00-00-00-00-00-00-00-00-00-00
[10:59:39:744]HidD_GetInputReport=True
[10:59:39:744]reply_report=00-4F-00-00-00-00-00-00-00-00-00-00-00-00-00-00-00-00-00-00-00-00-00-00-00-00-00-00-00-00-00-00-00-00-00-00-00-00-00-00-00-00-00-00-00-00-00-00-00-00-00-00-00-00-00-00-00-00-00-00-00-00-00-00-00
[10:59:39:744]50-41-0E-0A-01-E0 [CMD_SENT][REMOTE_GET_MODE]
[10:59:39:746][HID_TX_ack]00-19-50-49-01-C0-8D-78-02-00-03-00-0E-8A-00-50-49-0E-CF-00-00-00-00-02-00-E0-01-17-03-00-20-00-00-00-00-00-00-00-00-00-00-00-00-00-00-00-00-00-00-00-00-00-00-00-00-00-00-00-00-00-00-00-00-00-00
[10:59:39:747]50-49-01-C0-8D-78-02-00-03-00-0E-8A-00
[10:59:39:747]50-49-0E-CF-00-00-00-00-02-00-E0-01-
[10:59:39:747]REMOTE_GET_MODE=01
[10:59:39:747][HID_TX]00-80-07-52-C1-50-41-06-0B-01-00-63-00-00-00-00-00-00-00-00-00-00-00-00-00-00-00-00-00-00-00-00-00-00-00-00-00-00-00-00-00-00-00-00-00-00-00-00-00-00-00-00-00-00-00-00-00-00-00-00-00-00-00-00-00
[10:59:39:748]HidD_GetInputReport=True
[10:59:39:748]reply_report=00-4F-00-00-00-00-00-00-00-00-00-00-00-00-00-00-00-00-00-00-00-00-00-00-00-00-00-00-00-00-00-00-00-00-00-00-00-00-00-00-00-00-00-00-00-00-00-00-00-00-00-00-00-00-00-00-00-00-00-00-00-00-00-00-00
[10:59:39:748]50-41-06-0B-01-00-63 [CMD_SENT][CMD_GET_IO_LEVEL]
[10:59:39:765][HID_TX_ack]00-12-50-49-01-D0-56-31-13-00-08-00-06-8B-00-01-FF-FF-1F-00-00-00-00-02-00-E0-01-17-03-00-20-00-00-00-00-00-00-00-00-00-00-00-00-00-00-00-00-00-00-00-00-00-00-00-00-00-00-00-00-00-00-00-00-00-00
[10:59:39:765]50-49-01-D0-56-31-13-00-08-00-06-8B-00-01-FF-FF-1F-00
[10:59:39:976][HID_TX]00-80-06-83-02-50-41-0E-0C-01-E0-00-00-00-00-00-00-00-00-00-00-00-00-00-00-00-00-00-00-00-00-00-00-00-00-00-00-00-00-00-00-00-00-00-00-00-00-00-00-00-00-00-00-00-00-00-00-00-00-00-00-00-00-00-00
[10:59:39:977]HidD_GetInputReport=True
[10:59:39:977]reply_report=00-4F-00-00-00-00-00-00-00-00-00-00-00-00-00-00-00-00-00-00-00-00-00-00-00-00-00-00-00-00-00-00-00-00-00-00-00-00-00-00-00-00-00-00-00-00-00-00-00-00-00-00-00-00-00-00-00-00-00-00-00-00-00-00-00
[10:59:39:977]50-41-0E-0C-01-E0 [CMD_SENT][REMOTE_GET_MODE]
[10:59:39:980][HID_TX_ack]00-19-50-49-01-C0-48-79-02-00-03-00-0E-8C-00-50-49-0E-D1-00-00-00-00-02-00-E0-01-17-03-00-20-00-00-00-00-00-00-00-00-00-00-00-00-00-00-00-00-00-00-00-00-00-00-00-00-00-00-00-00-00-00-00-00-00-00
[10:59:39:980]50-49-01-C0-48-79-02-00-03-00-0E-8C-00
[10:59:39:980]50-49-0E-D1-00-00-00-00-02-00-E0-01-
[10:59:39:980]REMOTE_GET_MODE=01
[10:59:39:980][HID_TX]00-80-07-6F-B1-50-41-06-0D-01-00-63-00-00-00-00-00-00-00-00-00-00-00-00-00-00-00-00-00-00-00-00-00-00-00-00-00-00-00-00-00-00-00-00-00-00-00-00-00-00-00-00-00-00-00-00-00-00-00-00-00-00-00-00-00
[10:59:39:981]HidD_GetInputReport=True
[10:59:39:981]reply_report=00-4F-00-00-00-00-00-00-00-00-00-00-00-00-00-00-00-00-00-00-00-00-00-00-00-00-00-00-00-00-00-00-00-00-00-00-00-00-00-00-00-00-00-00-00-00-00-00-00-00-00-00-00-00-00-00-00-00-00-00-00-00-00-00-00
[10:59:39:981]50-41-06-0D-01-00-63 [CMD_SENT][CMD_GET_IO_LEVEL]
[10:59:40:010][HID_TX_ack]00-12-50-49-01-D2-1D-32-13-00-08-00-06-8D-00-01-FF-FF-1F-00-00-00-00-02-00-E0-01-17-03-00-20-00-00-00-00-00-00-00-00-00-00-00-00-00-00-00-00-00-00-00-00-00-00-00-00-00-00-00-00-00-00-00-00-00-00
[10:59:40:010]50-49-01-D2-1D-32-13-00-08-00-06-8D-00-01-FF-FF-1F-00
[10:59:40:225][HID_TX]00-80-06-68-2D-50-41-0E-0E-01-E0-00-00-00-00-00-00-00-00-00-00-00-00-00-00-00-00-00-00-00-00-00-00-00-00-00-00-00-00-00-00-00-00-00-00-00-00-00-00-00-00-00-00-00-00-00-00-00-00-00-00-00-00-00-00
[10:59:40:226]HidD_GetInputReport=True
[10:59:40:226]reply_report=00-4F-00-00-00-00-00-00-00-00-00-00-00-00-00-00-00-00-00-00-00-00-00-00-00-00-00-00-00-00-00-00-00-00-00-00-00-00-00-00-00-00-00-00-00-00-00-00-00-00-00-00-00-00-00-00-00-00-00-00-00-00-00-00-00
[10:59:40:226]50-41-0E-0E-01-E0 [CMD_SENT][REMOTE_GET_MODE]
[10:59:40:228][HID_TX_ack]00-19-50-49-01-C0-0F-7A-02-00-03-00-0E-8E-00-50-49-0E-D3-00-00-00-00-02-00-E0-01-17-03-00-20-00-00-00-00-00-00-00-00-00-00-00-00-00-00-00-00-00-00-00-00-00-00-00-00-00-00-00-00-00-00-00-00-00-00
[10:59:40:228]50-49-01-C0-0F-7A-02-00-03-00-0E-8E-00
[10:59:40:228]50-49-0E-D3-00-00-00-00-02-00-E0-01-
[10:59:40:228]REMOTE_GET_MODE=01
[10:59:40:228][HID_TX]00-80-07-84-9E-50-41-06-0F-01-00-63-00-00-00-00-00-00-00-00-00-00-00-00-00-00-00-00-00-00-00-00-00-00-00-00-00-00-00-00-00-00-00-00-00-00-00-00-00-00-00-00-00-00-00-00-00-00-00-00-00-00-00-00-00
[10:59:40:230]HidD_GetInputReport=True
[10:59:40:230]reply_report=00-4F-00-00-00-00-00-00-00-00-00-00-00-00-00-00-00-00-00-00-00-00-00-00-00-00-00-00-00-00-00-00-00-00-00-00-00-00-00-00-00-00-00-00-00-00-00-00-00-00-00-00-00-00-00-00-00-00-00-00-00-00-00-00-00
[10:59:40:230]50-41-06-0F-01-00-63 [CMD_SENT][CMD_GET_IO_LEVEL]
[10:59:40:256][HID_TX_ack]00-12-50-49-01-D4-DD-32-13-00-08-00-06-8F-00-01-F7-FF-1F-00-00-00-00-02-00-E0-01-17-03-00-20-00-00-00-00-00-00-00-00-00-00-00-00-00-00-00-00-00-00-00-00-00-00-00-00-00-00-00-00-00-00-00-00-00-00
[10:59:40:256]50-49-01-D4-DD-32-13-00-08-00-06-8F-00-01-F7-FF-1F-00
[10:59:40:474][HID_TX]00-80-06-80-8D-50-41-0E-10-01-E0-00-00-00-00-00-00-00-00-00-00-00-00-00-00-00-00-00-00-00-00-00-00-00-00-00-00-00-00-00-00-00-00-00-00-00-00-00-00-00-00-00-00-00-00-00-00-00-00-00-00-00-00-00-00
[10:59:40:476]HidD_GetInputReport=True
[10:59:40:476]reply_report=00-4F-00-00-00-00-00-00-00-00-00-00-00-00-00-00-00-00-00-00-00-00-00-00-00-00-00-00-00-00-00-00-00-00-00-00-00-00-00-00-00-00-00-00-00-00-00-00-00-00-00-00-00-00-00-00-00-00-00-00-00-00-00-00-00
[10:59:40:476]50-41-0E-10-01-E0 [CMD_SENT][REMOTE_GET_MODE]
[10:59:40:478][HID_TX_ack]00-19-50-49-01-C0-D7-7A-02-00-03-00-0E-90-00-50-49-0E-D5-00-00-00-00-02-00-E0-01-17-03-00-20-00-00-00-00-00-00-00-00-00-00-00-00-00-00-00-00-00-00-00-00-00-00-00-00-00-00-00-00-00-00-00-00-00-00
[10:59:40:478]50-49-01-C0-D7-7A-02-00-03-00-0E-90-00
[10:59:40:478]REMOTE_GET_MODE=01
[10:59:40:478]50-49-0E-D5-00-00-00-00-02-00-E0-01-
[10:59:40:478][HID_TX]00-80-07-6C-3E-50-41-06-11-01-00-63-00-00-00-00-00-00-00-00-00-00-00-00-00-00-00-00-00-00-00-00-00-00-00-00-00-00-00-00-00-00-00-00-00-00-00-00-00-00-00-00-00-00-00-00-00-00-00-00-00-00-00-00-00
[10:59:40:479]HidD_GetInputReport=True
[10:59:40:479]reply_report=00-4F-00-00-00-00-00-00-00-00-00-00-00-00-00-00-00-00-00-00-00-00-00-00-00-00-00-00-00-00-00-00-00-00-00-00-00-00-00-00-00-00-00-00-00-00-00-00-00-00-00-00-00-00-00-00-00-00-00-00-00-00-00-00-00
[10:59:40:479]50-41-06-11-01-00-63 [CMD_SENT][CMD_GET_IO_LEVEL]
[10:59:40:501][HID_TX_ack]00-12-50-49-01-D6-A6-33-13-00-08-00-06-91-00-01-F7-FF-1F-00-00-00-00-02-00-E0-01-17-03-00-20-00-00-00-00-00-00-00-00-00-00-00-00-00-00-00-00-00-00-00-00-00-00-00-00-00-00-00-00-00-00-00-00-00-00
[10:59:40:501]50-49-01-D6-A6-33-13-00-08-00-06-91-00-01-F7-FF-1F-00
[10:59:41:705][HID_TX]00-80-06-6B-A2-50-41-0E-12-01-E0-00-00-00-00-00-00-00-00-00-00-00-00-00-00-00-00-00-00-00-00-00-00-00-00-00-00-00-00-00-00-00-00-00-00-00-00-00-00-00-00-00-00-00-00-00-00-00-00-00-00-00-00-00-00
[10:59:41:706]HidD_GetInputReport=True
[10:59:41:706]reply_report=00-4F-00-00-00-00-00-00-00-00-00-00-00-00-00-00-00-00-00-00-00-00-00-00-00-00-00-00-00-00-00-00-00-00-00-00-00-00-00-00-00-00-00-00-00-00-00-00-00-00-00-00-00-00-00-00-00-00-00-00-00-00-00-00-00
[10:59:41:706]50-41-0E-12-01-E0 [CMD_SENT][REMOTE_GET_MODE]
[10:59:41:711][HID_TX_ack]00-19-50-49-01-C0-AF-7E-02-00-03-00-0E-92-00-50-49-0E-D7-00-00-00-00-02-00-E0-01-17-03-00-20-00-00-00-00-00-00-00-00-00-00-00-00-00-00-00-00-00-00-00-00-00-00-00-00-00-00-00-00-00-00-00-00-00-00
[10:59:41:711]50-49-01-C0-AF-7E-02-00-03-00-0E-92-00
[10:59:41:711]50-49-0E-D7-00-00-00-00-02-00-E0-01-
[10:59:41:711]REMOTE_GET_MODE=01
[10:59:41:711][HID_TX]00-80-07-87-11-50-41-06-13-01-00-63-00-00-00-00-00-00-00-00-00-00-00-00-00-00-00-00-00-00-00-00-00-00-00-00-00-00-00-00-00-00-00-00-00-00-00-00-00-00-00-00-00-00-00-00-00-00-00-00-00-00-00-00-00
[10:59:41:712]HidD_GetInputReport=True
[10:59:41:712]reply_report=00-4F-00-00-00-00-00-00-00-00-00-00-00-00-00-00-00-00-00-00-00-00-00-00-00-00-00-00-00-00-00-00-00-00-00-00-00-00-00-00-00-00-00-00-00-00-00-00-00-00-00-00-00-00-00-00-00-00-00-00-00-00-00-00-00
[10:59:41:712]50-41-06-13-01-00-63 [CMD_SENT][CMD_GET_IO_LEVEL]
[10:59:41:744][HID_TX_ack]00-12-50-49-01-D8-85-37-13-00-08-00-06-93-00-01-FF-FF-1E-00-00-00-00-02-00-E0-01-17-03-00-20-00-00-00-00-00-00-00-00-00-00-00-00-00-00-00-00-00-00-00-00-00-00-00-00-00-00-00-00-00-00-00-00-00-00
[10:59:41:744]50-49-01-D8-85-37-13-00-08-00-06-93-00-01-FF-FF-1E-00
[10:59:41:968][HID_TX]00-80-06-56-D2-50-41-0E-14-01-E0-00-00-00-00-00-00-00-00-00-00-00-00-00-00-00-00-00-00-00-00-00-00-00-00-00-00-00-00-00-00-00-00-00-00-00-00-00-00-00-00-00-00-00-00-00-00-00-00-00-00-00-00-00-00
[10:59:41:969]HidD_GetInputReport=True
[10:59:41:969]reply_report=00-4F-00-00-00-00-00-00-00-00-00-00-00-00-00-00-00-00-00-00-00-00-00-00-00-00-00-00-00-00-00-00-00-00-00-00-00-00-00-00-00-00-00-00-00-00-00-00-00-00-00-00-00-00-00-00-00-00-00-00-00-00-00-00-00
[10:59:41:969]50-41-0E-14-01-E0 [CMD_SENT][REMOTE_GET_MODE]
[10:59:41:972][HID_TX_ack]00-19-50-49-01-C0-82-7F-02-00-03-00-0E-94-00-50-49-0E-D9-00-00-00-00-02-00-E0-01-17-03-00-20-00-00-00-00-00-00-00-00-00-00-00-00-00-00-00-00-00-00-00-00-00-00-00-00-00-00-00-00-00-00-00-00-00-00
[10:59:41:972]50-49-01-C0-82-7F-02-00-03-00-0E-94-00
[10:59:41:972]50-49-0E-D9-00-00-00-00-02-00-E0-01-
[10:59:41:972]REMOTE_GET_MODE=01
[10:59:41:972][HID_TX]00-80-07-BA-61-50-41-06-15-01-00-63-00-00-00-00-00-00-00-00-00-00-00-00-00-00-00-00-00-00-00-00-00-00-00-00-00-00-00-00-00-00-00-00-00-00-00-00-00-00-00-00-00-00-00-00-00-00-00-00-00-00-00-00-00
[10:59:41:975]HidD_GetInputReport=True
[10:59:41:975]reply_report=00-4F-00-00-00-00-00-00-00-00-00-00-00-00-00-00-00-00-00-00-00-00-00-00-00-00-00-00-00-00-00-00-00-00-00-00-00-00-00-00-00-00-00-00-00-00-00-00-00-00-00-00-00-00-00-00-00-00-00-00-00-00-00-00-00
[10:59:41:975]50-41-06-15-01-00-63 [CMD_SENT][CMD_GET_IO_LEVEL]
[10:59:42:006][HID_TX_ack]00-12-50-49-01-DA-5B-38-13-00-08-00-06-95-00-01-FF-FF-1E-00-00-00-00-02-00-E0-01-17-03-00-20-00-00-00-00-00-00-00-00-00-00-00-00-00-00-00-00-00-00-00-00-00-00-00-00-00-00-00-00-00-00-00-00-00-00
[10:59:42:006]50-49-01-DA-5B-38-13-00-08-00-06-95-00-01-FF-FF-1E-00
[10:59:42:240][HID_TX_ack]00-0D-50-49-11-DB-57-80-02-00-03-00-20-EA-00-01-FF-FF-1E-00-00-00-00-02-00-E0-01-17-03-00-20-00-00-00-00-00-00-00-00-00-00-00-00-00-00-00-00-00-00-00-00-00-00-00-00-00-00-00-00-00-00-00-00-00-00
[10:59:42:240]50-49-11-DB-57-80-02-00-03-00-20-EA-00
[10:59:42:252][HID_TX_ack]00-1A-50-49-01-C0-60-80-02-00-03-00-11-B2-18-50-49-01-C0-61-80-02-00-03-00-11-B3-17-03-00-20-00-00-00-00-00-00-00-00-00-00-00-00-00-00-00-00-00-00-00-00-00-00-00-00-00-00-00-00-00-00-00-00-00-00
[10:59:42:252]50-49-01-C0-60-80-02-00-03-00-11-B2-18
[10:59:42:252]50-49-01-C0-61-80-02-00-03-00-11-B3-17
[10:59:42:254][HID_TX_ack]00-0D-50-49-11-DC-62-80-02-00-03-00-20-00-00-50-49-01-C0-61-80-02-00-03-00-11-B3-17-03-00-20-00-00-00-00-00-00-00-00-00-00-00-00-00-00-00-00-00-00-00-00-00-00-00-00-00-00-00-00-00-00-00-00-00-00
[10:59:42:254]50-49-11-DC-62-80-02-00-03-00-20-00-00
[10:59:43:054][HID_TX]00-80-06-BD-FD-50-41-0E-16-01-E0-00-00-00-00-00-00-00-00-00-00-00-00-00-00-00-00-00-00-00-00-00-00-00-00-00-00-00-00-00-00-00-00-00-00-00-00-00-00-00-00-00-00-00-00-00-00-00-00-00-00-00-00-00-00
[10:59:43:055]HidD_GetInputReport=True
[10:59:43:055]reply_report=00-4F-00-00-00-00-00-00-00-00-00-00-00-00-00-00-00-00-00-00-00-00-00-00-00-00-00-00-00-00-00-00-00-00-00-00-00-00-00-00-00-00-00-00-00-00-00-00-00-00-00-00-00-00-00-00-00-00-00-00-00-00-00-00-00
[10:59:43:055]50-41-0E-16-01-E0 [CMD_SENT][REMOTE_GET_MODE]
[10:59:43:059][HID_TX_ack]00-19-50-49-01-C0-E7-82-02-00-03-00-0E-96-00-50-49-0E-DD-00-00-00-00-02-00-E0-01-17-03-00-20-00-00-00-00-00-00-00-00-00-00-00-00-00-00-00-00-00-00-00-00-00-00-00-00-00-00-00-00-00-00-00-00-00-00
[10:59:43:059]50-49-01-C0-E7-82-02-00-03-00-0E-96-00
[10:59:43:059]50-49-0E-DD-00-00-00-00-02-00-E0-01-
[10:59:43:059]REMOTE_GET_MODE=01
[10:59:43:059][HID_TX]00-80-07-51-4E-50-41-06-17-01-00-63-00-00-00-00-00-00-00-00-00-00-00-00-00-00-00-00-00-00-00-00-00-00-00-00-00-00-00-00-00-00-00-00-00-00-00-00-00-00-00-00-00-00-00-00-00-00-00-00-00-00-00-00-00
[10:59:43:060]HidD_GetInputReport=True
[10:59:43:060]reply_report=00-4F-00-00-00-00-00-00-00-00-00-00-00-00-00-00-00-00-00-00-00-00-00-00-00-00-00-00-00-00-00-00-00-00-00-00-00-00-00-00-00-00-00-00-00-00-00-00-00-00-00-00-00-00-00-00-00-00-00-00-00-00-00-00-00
[10:59:43:060]50-41-06-17-01-00-63 [CMD_SENT][CMD_GET_IO_LEVEL]
[10:59:43:091][HID_TX_ack]00-12-50-49-01-DE-C0-3B-13-00-08-00-06-97-00-01-FF-FF-1D-00-00-00-00-02-00-E0-01-17-03-00-20-00-00-00-00-00-00-00-00-00-00-00-00-00-00-00-00-00-00-00-00-00-00-00-00-00-00-00-00-00-00-00-00-00-00
[10:59:43:091]50-49-01-DE-C0-3B-13-00-08-00-06-97-00-01-FF-FF-1D-00
[10:59:43:302][HID_TX]00-80-06-2C-32-50-41-0E-18-01-E0-00-00-00-00-00-00-00-00-00-00-00-00-00-00-00-00-00-00-00-00-00-00-00-00-00-00-00-00-00-00-00-00-00-00-00-00-00-00-00-00-00-00-00-00-00-00-00-00-00-00-00-00-00-00
[10:59:43:304]HidD_GetInputReport=True
[10:59:43:304]reply_report=00-4F-00-00-00-00-00-00-00-00-00-00-00-00-00-00-00-00-00-00-00-00-00-00-00-00-00-00-00-00-00-00-00-00-00-00-00-00-00-00-00-00-00-00-00-00-00-00-00-00-00-00-00-00-00-00-00-00-00-00-00-00-00-00-00
[10:59:43:304]50-41-0E-18-01-E0 [CMD_SENT][REMOTE_GET_MODE]
[10:59:43:306][HID_TX_ack]00-19-50-49-01-C0-AD-83-02-00-03-00-0E-98-00-50-49-0E-DF-00-00-00-00-02-00-E0-01-17-03-00-20-00-00-00-00-00-00-00-00-00-00-00-00-00-00-00-00-00-00-00-00-00-00-00-00-00-00-00-00-00-00-00-00-00-00
[10:59:43:306]50-49-01-C0-AD-83-02-00-03-00-0E-98-00
[10:59:43:306]50-49-0E-DF-00-00-00-00-02-00-E0-01-
[10:59:43:306]REMOTE_GET_MODE=01
[10:59:43:306][HID_TX]00-80-07-C0-81-50-41-06-19-01-00-63-00-00-00-00-00-00-00-00-00-00-00-00-00-00-00-00-00-00-00-00-00-00-00-00-00-00-00-00-00-00-00-00-00-00-00-00-00-00-00-00-00-00-00-00-00-00-00-00-00-00-00-00-00
[10:59:43:307]HidD_GetInputReport=True
[10:59:43:307]reply_report=00-4F-00-00-00-00-00-00-00-00-00-00-00-00-00-00-00-00-00-00-00-00-00-00-00-00-00-00-00-00-00-00-00-00-00-00-00-00-00-00-00-00-00-00-00-00-00-00-00-00-00-00-00-00-00-00-00-00-00-00-00-00-00-00-00
[10:59:43:307]50-41-06-19-01-00-63 [CMD_SENT][CMD_GET_IO_LEVEL]
[10:59:43:336][HID_TX_ack]00-12-50-49-01-E0-7D-3C-13-00-08-00-06-99-00-01-FF-FF-1D-00-00-00-00-02-00-E0-01-17-03-00-20-00-00-00-00-00-00-00-00-00-00-00-00-00-00-00-00-00-00-00-00-00-00-00-00-00-00-00-00-00-00-00-00-00-00
[10:59:43:336]50-49-01-E0-7D-3C-13-00-08-00-06-99-00-01-FF-FF-1D-00
[10:59:43:601][HID_TX_ack]00-0D-50-49-11-E1-97-84-02-00-03-00-20-E9-00-01-FF-FF-1D-00-00-00-00-02-00-E0-01-17-03-00-20-00-00-00-00-00-00-00-00-00-00-00-00-00-00-00-00-00-00-00-00-00-00-00-00-00-00-00-00-00-00-00-00-00-00
[10:59:43:601]50-49-11-E1-97-84-02-00-03-00-20-E9-00
[10:59:43:611][HID_TX_ack]00-1A-50-49-01-C0-A0-84-02-00-03-00-11-B4-18-50-49-01-C0-A1-84-02-00-03-00-11-B5-17-03-00-20-00-00-00-00-00-00-00-00-00-00-00-00-00-00-00-00-00-00-00-00-00-00-00-00-00-00-00-00-00-00-00-00-00-00
[10:59:43:611]50-49-01-C0-A0-84-02-00-03-00-11-B4-18
[10:59:43:611]50-49-01-C0-A1-84-02-00-03-00-11-B5-17
[10:59:43:614][HID_TX_ack]00-0D-50-49-11-E2-A2-84-02-00-03-00-20-00-00-50-49-01-C0-A1-84-02-00-03-00-11-B5-17-03-00-20-00-00-00-00-00-00-00-00-00-00-00-00-00-00-00-00-00-00-00-00-00-00-00-00-00-00-00-00-00-00-00-00-00-00
[10:59:43:614]50-49-11-E2-A2-84-02-00-03-00-20-00-00
[10:59:44:234][HID_TX]00-80-07-47-E9-50-41-0E-1A-02-E1-00-00-00-00-00-00-00-00-00-00-00-00-00-00-00-00-00-00-00-00-00-00-00-00-00-00-00-00-00-00-00-00-00-00-00-00-00-00-00-00-00-00-00-00-00-00-00-00-00-00-00-00-00-00
[10:59:44:235]HidD_GetInputReport=True
[10:59:44:235]reply_report=00-4F-00-00-00-00-00-00-00-00-00-00-00-00-00-00-00-00-00-00-00-00-00-00-00-00-00-00-00-00-00-00-00-00-00-00-00-00-00-00-00-00-00-00-00-00-00-00-00-00-00-00-00-00-00-00-00-00-00-00-00-00-00-00-00
[10:59:44:235]50-41-0E-1A-02-E1-00 [CMD_SENT][REMOTE_SET_MODE] is_remote=False
[10:59:44:239][HID_TX_ack]00-0D-50-49-01-C0-97-86-02-00-03-00-0E-9A-00-50-49-01-C0-A1-84-02-00-03-00-11-B5-17-03-00-20-00-00-00-00-00-00-00-00-00-00-00-00-00-00-00-00-00-00-00-00-00-00-00-00-00-00-00-00-00-00-00-00-00-00
[10:59:44:239]50-49-01-C0-97-86-02-00-03-00-0E-9A-00
[10:59:44:240]ystech_Power_Saving, is_EnablePowerSaving=True
[10:59:44:240][HID_TX]00-85-01-73-56-02-00-00-00-00-00-00-00-00-00-00-00-00-00-00-00-00-00-00-00-00-00-00-00-00-00-00-00-00-00-00-00-00-00-00-00-00-00-00-00-00-00-00-00-00-00-00-00-00-00-00-00-00-00-00-00-00-00-00-00
[10:59:44:242]HidD_GetInputReport=True
[10:59:44:242]reply_report=00-4F-00-00-00-00-00-00-00-00-00-00-00-00-00-00-00-00-00-00-00-00-00-00-00-00-00-00-00-00-00-00-00-00-00-00-00-00-00-00-00-00-00-00-00-00-00-00-00-00-00-00-00-00-00-00-00-00-00-00-00-00-00-00-00
[10:59:44:242]HID_CMD_POWER_SAVING_Enable
[10:59:44:242]close_hid_stream
[10:59:44:242]close_hid_handle
