[10:48:51:923]\\?\hid#dell09c2&col02#5&bc4dc33&0&0001#{4d1e55b2-f16f-11cf-88cb-001111000030}
[10:48:51:923]\\?\hid#dell09c2&col03#5&bc4dc33&0&0002#{4d1e55b2-f16f-11cf-88cb-001111000030}
[10:48:51:923]\\?\hid#intc816&col01#3&207f9b7f&0&0000#{4d1e55b2-f16f-11cf-88cb-001111000030}
[10:48:51:923]\\?\hid#intc816&col02#3&207f9b7f&0&0001#{4d1e55b2-f16f-11cf-88cb-001111000030}
[10:48:51:923]\\?\hid#converteddevice&col02#5&17bac0a6&0&0001#{4d1e55b2-f16f-11cf-88cb-001111000030}
[10:48:51:923]\\?\hid#converteddevice&col03#5&17bac0a6&0&0002#{4d1e55b2-f16f-11cf-88cb-001111000030}
[10:48:51:923]\\?\hid#dell09c2&col04#5&bc4dc33&0&0003#{4d1e55b2-f16f-11cf-88cb-001111000030}
[10:48:51:923]\\?\hid#{00001812-0000-1000-8000-00805f9b34fb}_dev_vid&0232c2_pid&0001_rev&0068_ccb624cd66b1#9&326e3aae&0&0000#{4d1e55b2-f16f-11cf-88cb-001111000030}
[10:48:51:924]\\?\hid#dell09c2&col05#5&bc4dc33&0&0004#{4d1e55b2-f16f-11cf-88cb-001111000030}
[10:48:51:924]\\?\hid#converteddevice&col01#5&17bac0a6&0&0000#{4d1e55b2-f16f-11cf-88cb-001111000030}\kbd
[10:48:51:924]\\?\hid#dell09c2&col01#5&bc4dc33&0&0000#{4d1e55b2-f16f-11cf-88cb-001111000030}
[10:48:51:924]\\?\hid#vid_046d&pid_0adf&mi_00#7&3ad8dff3&0&0000#{4d1e55b2-f16f-11cf-88cb-001111000030}
[10:48:51:924]\\?\hid#vid_046d&pid_0adf&mi_04#7&18e94d0e&0&0000#{4d1e55b2-f16f-11cf-88cb-001111000030}
[10:48:51:926]try_path=\\?\hid#vid_046d&pid_0adf&mi_00#7&3ad8dff3&0&0000#{4d1e55b2-f16f-11cf-88cb-001111000030}
[10:48:51:927]	InputReportByteLength=65
[10:48:51:927]	OutputReportByteLength=65
[10:48:51:928]HID_Connected=\\?\hid#vid_046d&pid_0adf&mi_00#7&3ad8dff3&0&0000#{4d1e55b2-f16f-11cf-88cb-001111000030}
[10:48:51:929][HID_TX]00-84-01-D1-55-01-00-00-00-00-00-00-00-00-00-00-00-00-00-00-00-00-00-00-00-00-00-00-00-00-00-00-00-00-00-00-00-00-00-00-00-00-00-00-00-00-00-00-00-00-00-00-00-00-00-00-00-00-00-00-00-00-00-00-00
[10:48:51:930]HidD_GetInputReport=True
[10:48:51:930]reply_report=00-4F-56-31-2E-38-2E-35-2E-31-00-00-00-00-00-00-00-00-00-00-00-00-00-00-00-00-00-00-00-00-00-00-00-00-00-00-00-00-00-00-00-00-00-00-00-00-00-00-00-00-00-00-00-00-00-00-00-00-00-00-00-00-00-00-00
[10:48:51:930][ys_tech] fw_version=V1.8.5.1
[10:48:51:931]ystech_Power_Saving, is_EnablePowerSaving=False
[10:48:51:931][HID_TX]00-85-01-83-8B-01-00-00-00-00-00-00-00-00-00-00-00-00-00-00-00-00-00-00-00-00-00-00-00-00-00-00-00-00-00-00-00-00-00-00-00-00-00-00-00-00-00-00-00-00-00-00-00-00-00-00-00-00-00-00-00-00-00-00-00
[10:48:51:931]HidD_GetInputReport=True
[10:48:51:931]reply_report=00-4F-00-00-00-00-00-00-00-00-00-00-00-00-00-00-00-00-00-00-00-00-00-00-00-00-00-00-00-00-00-00-00-00-00-00-00-00-00-00-00-00-00-00-00-00-00-00-00-00-00-00-00-00-00-00-00-00-00-00-00-00-00-00-00
[10:48:51:931]HID_CMD_POWER_SAVING_Disable
[10:48:51:932]path_connected=\\?\hid#vid_046d&pid_0adf&mi_00#7&3ad8dff3&0&0000#{4d1e55b2-f16f-11cf-88cb-001111000030}
[10:48:53:108][HID_TX]00-80-06-1C-7D-50-41-0E-01-01-E0-00-00-00-00-00-00-00-00-00-00-00-00-00-00-00-00-00-00-00-00-00-00-00-00-00-00-00-00-00-00-00-00-00-00-00-00-00-00-00-00-00-00-00-00-00-00-00-00-00-00-00-00-00-00
[10:48:53:109]HidD_GetInputReport=True
[10:48:53:109]reply_report=00-4F-00-00-00-00-00-00-00-00-00-00-00-00-00-00-00-00-00-00-00-00-00-00-00-00-00-00-00-00-00-00-00-00-00-00-00-00-00-00-00-00-00-00-00-00-00-00-00-00-00-00-00-00-00-00-00-00-00-00-00-00-00-00-00
[10:48:53:109]50-41-0E-01-01-E0 [CMD_SENT][REMOTE_GET_MODE]
[10:48:53:113][HID_TX_ack]00-19-50-49-01-C0-D4-07-0A-00-03-00-0E-81-00-50-49-0E-EA-00-00-00-00-02-00-E0-01-17-01-FF-FF-1F-00-06-00-03-00-11-EB-18-50-49-01-C0-56-AB-06-00-03-00-11-EC-17-00-00-00-00-00-00-00-00-00-00-00-00
[10:48:53:117]REMOTE_GET_MODE=01
[10:48:53:117]50-49-01-C0-D4-07-0A-00-03-00-0E-81-00
[10:48:53:117]50-49-0E-EA-00-00-00-00-02-00-E0-01-
[10:48:53:117][HID_TX]00-80-07-1B-E1-50-41-06-02-01-00-63-00-00-00-00-00-00-00-00-00-00-00-00-00-00-00-00-00-00-00-00-00-00-00-00-00-00-00-00-00-00-00-00-00-00-00-00-00-00-00-00-00-00-00-00-00-00-00-00-00-00-00-00-00
[10:48:53:118]HidD_GetInputReport=True
[10:48:53:118]reply_report=00-4F-00-00-00-00-00-00-00-00-00-00-00-00-00-00-00-00-00-00-00-00-00-00-00-00-00-00-00-00-00-00-00-00-00-00-00-00-00-00-00-00-00-00-00-00-00-00-00-00-00-00-00-00-00-00-00-00-00-00-00-00-00-00-00
[10:48:53:118]50-41-06-02-01-00-63 [CMD_SENT][CMD_GET_IO_LEVEL]
[10:48:53:137][HID_TX_ack]00-12-50-49-01-EB-A5-4C-0B-00-08-00-06-82-00-01-FF-FF-1F-00-00-00-00-02-00-E0-01-17-01-FF-FF-1F-00-06-00-03-00-11-EB-18-50-49-01-C0-56-AB-06-00-03-00-11-EC-17-00-00-00-00-00-00-00-00-00-00-00-00
[10:48:53:137]50-49-01-EB-A5-4C-0B-00-08-00-06-82-00-01-FF-FF-1F-00
[10:48:53:352][HID_TX]00-80-06-F7-52-50-41-0E-03-01-E0-00-00-00-00-00-00-00-00-00-00-00-00-00-00-00-00-00-00-00-00-00-00-00-00-00-00-00-00-00-00-00-00-00-00-00-00-00-00-00-00-00-00-00-00-00-00-00-00-00-00-00-00-00-00
[10:48:53:354]HidD_GetInputReport=True
[10:48:53:354]reply_report=00-4F-00-00-00-00-00-00-00-00-00-00-00-00-00-00-00-00-00-00-00-00-00-00-00-00-00-00-00-00-00-00-00-00-00-00-00-00-00-00-00-00-00-00-00-00-00-00-00-00-00-00-00-00-00-00-00-00-00-00-00-00-00-00-00
[10:48:53:354]50-41-0E-03-01-E0 [CMD_SENT][REMOTE_GET_MODE]
[10:48:53:356][HID_TX_ack]00-19-50-49-01-C0-97-08-0A-00-03-00-0E-83-00-50-49-0E-EC-00-00-00-00-02-00-E0-01-17-01-FF-FF-1F-00-06-00-03-00-11-EB-18-50-49-01-C0-56-AB-06-00-03-00-11-EC-17-00-00-00-00-00-00-00-00-00-00-00-00
[10:48:53:356]50-49-01-C0-97-08-0A-00-03-00-0E-83-00
[10:48:53:356]50-49-0E-EC-00-00-00-00-02-00-E0-01-
[10:48:53:356]REMOTE_GET_MODE=01
[10:48:53:356][HID_TX]00-80-07-26-91-50-41-06-04-01-00-63-00-00-00-00-00-00-00-00-00-00-00-00-00-00-00-00-00-00-00-00-00-00-00-00-00-00-00-00-00-00-00-00-00-00-00-00-00-00-00-00-00-00-00-00-00-00-00-00-00-00-00-00-00
[10:48:53:357]HidD_GetInputReport=True
[10:48:53:357]reply_report=00-4F-00-00-00-00-00-00-00-00-00-00-00-00-00-00-00-00-00-00-00-00-00-00-00-00-00-00-00-00-00-00-00-00-00-00-00-00-00-00-00-00-00-00-00-00-00-00-00-00-00-00-00-00-00-00-00-00-00-00-00-00-00-00-00
[10:48:53:357]50-41-06-04-01-00-63 [CMD_SENT][CMD_GET_IO_LEVEL]
[10:48:53:383][HID_TX_ack]00-12-50-49-01-ED-65-4D-0B-00-08-00-06-84-00-01-FF-FF-1F-00-00-00-00-02-00-E0-01-17-01-FF-FF-1F-00-06-00-03-00-11-EB-18-50-49-01-C0-56-AB-06-00-03-00-11-EC-17-00-00-00-00-00-00-00-00-00-00-00-00
[10:48:53:383]50-49-01-ED-65-4D-0B-00-08-00-06-84-00-01-FF-FF-1F-00
[10:48:53:602][HID_TX]00-80-06-CA-22-50-41-0E-05-01-E0-00-00-00-00-00-00-00-00-00-00-00-00-00-00-00-00-00-00-00-00-00-00-00-00-00-00-00-00-00-00-00-00-00-00-00-00-00-00-00-00-00-00-00-00-00-00-00-00-00-00-00-00-00-00
[10:48:53:602]HidD_GetInputReport=True
[10:48:53:602]reply_report=00-4F-00-00-00-00-00-00-00-00-00-00-00-00-00-00-00-00-00-00-00-00-00-00-00-00-00-00-00-00-00-00-00-00-00-00-00-00-00-00-00-00-00-00-00-00-00-00-00-00-00-00-00-00-00-00-00-00-00-00-00-00-00-00-00
[10:48:53:602]50-41-0E-05-01-E0 [CMD_SENT][REMOTE_GET_MODE]
[10:48:53:605][HID_TX_ack]00-19-50-49-01-C0-5F-09-0A-00-03-00-0E-85-00-50-49-0E-EE-00-00-00-00-02-00-E0-01-17-01-FF-FF-1F-00-06-00-03-00-11-EB-18-50-49-01-C0-56-AB-06-00-03-00-11-EC-17-00-00-00-00-00-00-00-00-00-00-00-00
[10:48:53:605]50-49-01-C0-5F-09-0A-00-03-00-0E-85-00
[10:48:53:605]50-49-0E-EE-00-00-00-00-02-00-E0-01-
[10:48:53:605]REMOTE_GET_MODE=01
[10:48:53:605][HID_TX]00-80-07-CD-BE-50-41-06-06-01-00-63-00-00-00-00-00-00-00-00-00-00-00-00-00-00-00-00-00-00-00-00-00-00-00-00-00-00-00-00-00-00-00-00-00-00-00-00-00-00-00-00-00-00-00-00-00-00-00-00-00-00-00-00-00
[10:48:53:607]HidD_GetInputReport=True
[10:48:53:607]reply_report=00-4F-00-00-00-00-00-00-00-00-00-00-00-00-00-00-00-00-00-00-00-00-00-00-00-00-00-00-00-00-00-00-00-00-00-00-00-00-00-00-00-00-00-00-00-00-00-00-00-00-00-00-00-00-00-00-00-00-00-00-00-00-00-00-00
[10:48:53:607]50-41-06-06-01-00-63 [CMD_SENT][CMD_GET_IO_LEVEL]
[10:48:53:627][HID_TX_ack]00-12-50-49-01-EF-2E-4E-0B-00-08-00-06-86-00-01-FF-FF-1F-00-00-00-00-02-00-E0-01-17-01-FF-FF-1F-00-06-00-03-00-11-EB-18-50-49-01-C0-56-AB-06-00-03-00-11-EC-17-00-00-00-00-00-00-00-00-00-00-00-00
[10:48:53:627]50-49-01-EF-2E-4E-0B-00-08-00-06-86-00-01-FF-FF-1F-00
[10:48:53:850][HID_TX]00-80-06-21-0D-50-41-0E-07-01-E0-00-00-00-00-00-00-00-00-00-00-00-00-00-00-00-00-00-00-00-00-00-00-00-00-00-00-00-00-00-00-00-00-00-00-00-00-00-00-00-00-00-00-00-00-00-00-00-00-00-00-00-00-00-00
[10:48:53:851]HidD_GetInputReport=True
[10:48:53:851]reply_report=00-4F-00-00-00-00-00-00-00-00-00-00-00-00-00-00-00-00-00-00-00-00-00-00-00-00-00-00-00-00-00-00-00-00-00-00-00-00-00-00-00-00-00-00-00-00-00-00-00-00-00-00-00-00-00-00-00-00-00-00-00-00-00-00-00
[10:48:53:851]50-41-0E-07-01-E0 [CMD_SENT][REMOTE_GET_MODE]
[10:48:53:854][HID_TX_ack]00-19-50-49-01-C0-26-0A-0A-00-03-00-0E-87-00-50-49-0E-F0-00-00-00-00-02-00-E0-01-17-01-FF-FF-1F-00-06-00-03-00-11-EB-18-50-49-01-C0-56-AB-06-00-03-00-11-EC-17-00-00-00-00-00-00-00-00-00-00-00-00
[10:48:53:854]50-49-01-C0-26-0A-0A-00-03-00-0E-87-00
[10:48:53:854]50-49-0E-F0-00-00-00-00-02-00-E0-01-
[10:48:53:854]REMOTE_GET_MODE=01
[10:48:53:854][HID_TX]00-80-07-5C-71-50-41-06-08-01-00-63-00-00-00-00-00-00-00-00-00-00-00-00-00-00-00-00-00-00-00-00-00-00-00-00-00-00-00-00-00-00-00-00-00-00-00-00-00-00-00-00-00-00-00-00-00-00-00-00-00-00-00-00-00
[10:48:53:856]HidD_GetInputReport=True
[10:48:53:856]reply_report=00-4F-00-00-00-00-00-00-00-00-00-00-00-00-00-00-00-00-00-00-00-00-00-00-00-00-00-00-00-00-00-00-00-00-00-00-00-00-00-00-00-00-00-00-00-00-00-00-00-00-00-00-00-00-00-00-00-00-00-00-00-00-00-00-00
[10:48:53:856]50-41-06-08-01-00-63 [CMD_SENT][CMD_GET_IO_LEVEL]
[10:48:53:891][HID_TX_ack]00-12-50-49-01-F1-01-4F-0B-00-08-00-06-88-00-01-FF-FF-1F-00-00-00-00-02-00-E0-01-17-01-FF-FF-1F-00-06-00-03-00-11-EB-18-50-49-01-C0-56-AB-06-00-03-00-11-EC-17-00-00-00-00-00-00-00-00-00-00-00-00
[10:48:53:891]50-49-01-F1-01-4F-0B-00-08-00-06-88-00-01-FF-FF-1F-00
[10:48:54:115][HID_TX]00-80-06-B0-C2-50-41-0E-09-01-E0-00-00-00-00-00-00-00-00-00-00-00-00-00-00-00-00-00-00-00-00-00-00-00-00-00-00-00-00-00-00-00-00-00-00-00-00-00-00-00-00-00-00-00-00-00-00-00-00-00-00-00-00-00-00
[10:48:54:117]HidD_GetInputReport=True
[10:48:54:117]reply_report=00-4F-00-00-00-00-00-00-00-00-00-00-00-00-00-00-00-00-00-00-00-00-00-00-00-00-00-00-00-00-00-00-00-00-00-00-00-00-00-00-00-00-00-00-00-00-00-00-00-00-00-00-00-00-00-00-00-00-00-00-00-00-00-00-00
[10:48:54:117]50-41-0E-09-01-E0 [CMD_SENT][REMOTE_GET_MODE]
[10:48:54:121][HID_TX_ack]00-19-50-49-01-C0-FA-0A-0A-00-03-00-0E-89-00-50-49-0E-F2-00-00-00-00-02-00-E0-01-17-01-FF-FF-1F-00-06-00-03-00-11-EB-18-50-49-01-C0-56-AB-06-00-03-00-11-EC-17-00-00-00-00-00-00-00-00-00-00-00-00
[10:48:54:121]50-49-01-C0-FA-0A-0A-00-03-00-0E-89-00
[10:48:54:121]50-49-0E-F2-00-00-00-00-02-00-E0-01-
[10:48:54:121]REMOTE_GET_MODE=01
[10:48:54:121][HID_TX]00-80-07-B7-5E-50-41-06-0A-01-00-63-00-00-00-00-00-00-00-00-00-00-00-00-00-00-00-00-00-00-00-00-00-00-00-00-00-00-00-00-00-00-00-00-00-00-00-00-00-00-00-00-00-00-00-00-00-00-00-00-00-00-00-00-00
[10:48:54:123]HidD_GetInputReport=True
[10:48:54:123]reply_report=00-4F-00-00-00-00-00-00-00-00-00-00-00-00-00-00-00-00-00-00-00-00-00-00-00-00-00-00-00-00-00-00-00-00-00-00-00-00-00-00-00-00-00-00-00-00-00-00-00-00-00-00-00-00-00-00-00-00-00-00-00-00-00-00-00
[10:48:54:123]50-41-06-0A-01-00-63 [CMD_SENT][CMD_GET_IO_LEVEL]
[10:48:54:153][HID_TX_ack]00-12-50-49-01-F3-D3-4F-0B-00-08-00-06-8A-00-01-FF-FF-1F-00-00-00-00-02-00-E0-01-17-01-FF-FF-1F-00-06-00-03-00-11-EB-18-50-49-01-C0-56-AB-06-00-03-00-11-EC-17-00-00-00-00-00-00-00-00-00-00-00-00
[10:48:54:153]50-49-01-F3-D3-4F-0B-00-08-00-06-8A-00-01-FF-FF-1F-00
[10:48:54:362][HID_TX]00-80-06-5B-ED-50-41-0E-0B-01-E0-00-00-00-00-00-00-00-00-00-00-00-00-00-00-00-00-00-00-00-00-00-00-00-00-00-00-00-00-00-00-00-00-00-00-00-00-00-00-00-00-00-00-00-00-00-00-00-00-00-00-00-00-00-00
[10:48:54:362]HidD_GetInputReport=True
[10:48:54:362]reply_report=00-4F-00-00-00-00-00-00-00-00-00-00-00-00-00-00-00-00-00-00-00-00-00-00-00-00-00-00-00-00-00-00-00-00-00-00-00-00-00-00-00-00-00-00-00-00-00-00-00-00-00-00-00-00-00-00-00-00-00-00-00-00-00-00-00
[10:48:54:365]50-41-0E-0B-01-E0 [CMD_SENT][REMOTE_GET_MODE]
[10:48:54:365][HID_TX_ack]00-19-50-49-01-C0-BF-0B-0A-00-03-00-0E-8B-00-50-49-0E-F4-00-00-00-00-02-00-E0-01-17-01-FF-FF-1F-00-06-00-03-00-11-EB-18-50-49-01-C0-56-AB-06-00-03-00-11-EC-17-00-00-00-00-00-00-00-00-00-00-00-00
[10:48:54:365]50-49-01-C0-BF-0B-0A-00-03-00-0E-8B-00
[10:48:54:365]50-49-0E-F4-00-00-00-00-02-00-E0-01-
[10:48:54:365]REMOTE_GET_MODE=01
[10:48:54:365][HID_TX]00-80-07-8A-2E-50-41-06-0C-01-00-63-00-00-00-00-00-00-00-00-00-00-00-00-00-00-00-00-00-00-00-00-00-00-00-00-00-00-00-00-00-00-00-00-00-00-00-00-00-00-00-00-00-00-00-00-00-00-00-00-00-00-00-00-00
[10:48:54:366]HidD_GetInputReport=True
[10:48:54:366]reply_report=00-4F-00-00-00-00-00-00-00-00-00-00-00-00-00-00-00-00-00-00-00-00-00-00-00-00-00-00-00-00-00-00-00-00-00-00-00-00-00-00-00-00-00-00-00-00-00-00-00-00-00-00-00-00-00-00-00-00-00-00-00-00-00-00-00
[10:48:54:366]50-41-06-0C-01-00-63 [CMD_SENT][CMD_GET_IO_LEVEL]
[10:48:54:397][HID_TX_ack]00-12-50-49-01-F5-92-50-0B-00-08-00-06-8C-00-01-FF-FF-1F-00-00-00-00-02-00-E0-01-17-01-FF-FF-1F-00-06-00-03-00-11-EB-18-50-49-01-C0-56-AB-06-00-03-00-11-EC-17-00-00-00-00-00-00-00-00-00-00-00-00
[10:48:54:397]50-49-01-F5-92-50-0B-00-08-00-06-8C-00-01-FF-FF-1F-00
[10:48:54:607][HID_TX]00-80-06-66-9D-50-41-0E-0D-01-E0-00-00-00-00-00-00-00-00-00-00-00-00-00-00-00-00-00-00-00-00-00-00-00-00-00-00-00-00-00-00-00-00-00-00-00-00-00-00-00-00-00-00-00-00-00-00-00-00-00-00-00-00-00-00
[10:48:54:608]HidD_GetInputReport=True
[10:48:54:608]reply_report=00-4F-00-00-00-00-00-00-00-00-00-00-00-00-00-00-00-00-00-00-00-00-00-00-00-00-00-00-00-00-00-00-00-00-00-00-00-00-00-00-00-00-00-00-00-00-00-00-00-00-00-00-00-00-00-00-00-00-00-00-00-00-00-00-00
[10:48:54:608]50-41-0E-0D-01-E0 [CMD_SENT][REMOTE_GET_MODE]
[10:48:54:613][HID_TX_ack]00-19-50-49-01-C0-83-0C-0A-00-03-00-0E-8D-00-50-49-0E-F6-00-00-00-00-02-00-E0-01-17-01-FF-FF-1F-00-06-00-03-00-11-EB-18-50-49-01-C0-56-AB-06-00-03-00-11-EC-17-00-00-00-00-00-00-00-00-00-00-00-00
[10:48:54:613]50-49-01-C0-83-0C-0A-00-03-00-0E-8D-00
[10:48:54:613]50-49-0E-F6-00-00-00-00-02-00-E0-01-
[10:48:54:613]REMOTE_GET_MODE=01
[10:48:54:613][HID_TX]00-80-07-61-01-50-41-06-0E-01-00-63-00-00-00-00-00-00-00-00-00-00-00-00-00-00-00-00-00-00-00-00-00-00-00-00-00-00-00-00-00-00-00-00-00-00-00-00-00-00-00-00-00-00-00-00-00-00-00-00-00-00-00-00-00
[10:48:54:615]HidD_GetInputReport=True
[10:48:54:615]reply_report=00-4F-00-00-00-00-00-00-00-00-00-00-00-00-00-00-00-00-00-00-00-00-00-00-00-00-00-00-00-00-00-00-00-00-00-00-00-00-00-00-00-00-00-00-00-00-00-00-00-00-00-00-00-00-00-00-00-00-00-00-00-00-00-00-00
[10:48:54:615]50-41-06-0E-01-00-63 [CMD_SENT][CMD_GET_IO_LEVEL]
[10:48:54:642][HID_TX_ack]00-12-50-49-01-F7-59-51-0B-00-08-00-06-8E-00-01-FF-FF-1F-00-00-00-00-02-00-E0-01-17-01-FF-FF-1F-00-06-00-03-00-11-EB-18-50-49-01-C0-56-AB-06-00-03-00-11-EC-17-00-00-00-00-00-00-00-00-00-00-00-00
[10:48:54:642]50-49-01-F7-59-51-0B-00-08-00-06-8E-00-01-FF-FF-1F-00
[10:48:54:856][HID_TX]00-80-06-8D-B2-50-41-0E-0F-01-E0-00-00-00-00-00-00-00-00-00-00-00-00-00-00-00-00-00-00-00-00-00-00-00-00-00-00-00-00-00-00-00-00-00-00-00-00-00-00-00-00-00-00-00-00-00-00-00-00-00-00-00-00-00-00
[10:48:54:857]HidD_GetInputReport=True
[10:48:54:857]reply_report=00-4F-00-00-00-00-00-00-00-00-00-00-00-00-00-00-00-00-00-00-00-00-00-00-00-00-00-00-00-00-00-00-00-00-00-00-00-00-00-00-00-00-00-00-00-00-00-00-00-00-00-00-00-00-00-00-00-00-00-00-00-00-00-00-00
[10:48:54:857]50-41-0E-0F-01-E0 [CMD_SENT][REMOTE_GET_MODE]
[10:48:54:860][HID_TX_ack]00-19-50-49-01-C0-4B-0D-0A-00-03-00-0E-8F-00-50-49-0E-F8-00-00-00-00-02-00-E0-01-17-01-FF-FF-1F-00-06-00-03-00-11-EB-18-50-49-01-C0-56-AB-06-00-03-00-11-EC-17-00-00-00-00-00-00-00-00-00-00-00-00
[10:48:54:860]50-49-01-C0-4B-0D-0A-00-03-00-0E-8F-00
[10:48:54:860]50-49-0E-F8-00-00-00-00-02-00-E0-01-
[10:48:54:860]REMOTE_GET_MODE=01
[10:48:54:860][HID_TX]00-80-07-89-A1-50-41-06-10-01-00-63-00-00-00-00-00-00-00-00-00-00-00-00-00-00-00-00-00-00-00-00-00-00-00-00-00-00-00-00-00-00-00-00-00-00-00-00-00-00-00-00-00-00-00-00-00-00-00-00-00-00-00-00-00
[10:48:54:861]HidD_GetInputReport=True
[10:48:54:861]reply_report=00-4F-00-00-00-00-00-00-00-00-00-00-00-00-00-00-00-00-00-00-00-00-00-00-00-00-00-00-00-00-00-00-00-00-00-00-00-00-00-00-00-00-00-00-00-00-00-00-00-00-00-00-00-00-00-00-00-00-00-00-00-00-00-00-00
[10:48:54:861]50-41-06-10-01-00-63 [CMD_SENT][CMD_GET_IO_LEVEL]
[10:48:54:887][HID_TX_ack]00-12-50-49-01-F9-19-52-0B-00-08-00-06-90-00-01-FF-FF-1F-00-00-00-00-02-00-E0-01-17-01-FF-FF-1F-00-06-00-03-00-11-EB-18-50-49-01-C0-56-AB-06-00-03-00-11-EC-17-00-00-00-00-00-00-00-00-00-00-00-00
[10:48:54:888]50-49-01-F9-19-52-0B-00-08-00-06-90-00-01-FF-FF-1F-00
[10:48:55:105][HID_TX]00-80-06-65-12-50-41-0E-11-01-E0-00-00-00-00-00-00-00-00-00-00-00-00-00-00-00-00-00-00-00-00-00-00-00-00-00-00-00-00-00-00-00-00-00-00-00-00-00-00-00-00-00-00-00-00-00-00-00-00-00-00-00-00-00-00
[10:48:55:106]HidD_GetInputReport=True
[10:48:55:106]reply_report=00-4F-00-00-00-00-00-00-00-00-00-00-00-00-00-00-00-00-00-00-00-00-00-00-00-00-00-00-00-00-00-00-00-00-00-00-00-00-00-00-00-00-00-00-00-00-00-00-00-00-00-00-00-00-00-00-00-00-00-00-00-00-00-00-00
[10:48:55:106]50-41-0E-11-01-E0 [CMD_SENT][REMOTE_GET_MODE]
[10:48:55:108][HID_TX_ack]00-19-50-49-01-C0-11-0E-0A-00-03-00-0E-91-00-50-49-0E-FA-00-00-00-00-02-00-E0-01-17-01-FF-FF-1F-00-06-00-03-00-11-EB-18-50-49-01-C0-56-AB-06-00-03-00-11-EC-17-00-00-00-00-00-00-00-00-00-00-00-00
[10:48:55:108]50-49-01-C0-11-0E-0A-00-03-00-0E-91-00
[10:48:55:108]50-49-0E-FA-00-00-00-00-02-00-E0-01-
[10:48:55:108]REMOTE_GET_MODE=01
[10:48:55:108][HID_TX]00-80-07-62-8E-50-41-06-12-01-00-63-00-00-00-00-00-00-00-00-00-00-00-00-00-00-00-00-00-00-00-00-00-00-00-00-00-00-00-00-00-00-00-00-00-00-00-00-00-00-00-00-00-00-00-00-00-00-00-00-00-00-00-00-00
[10:48:55:109]HidD_GetInputReport=True
[10:48:55:109]reply_report=00-4F-00-00-00-00-00-00-00-00-00-00-00-00-00-00-00-00-00-00-00-00-00-00-00-00-00-00-00-00-00-00-00-00-00-00-00-00-00-00-00-00-00-00-00-00-00-00-00-00-00-00-00-00-00-00-00-00-00-00-00-00-00-00-00
[10:48:55:109]50-41-06-12-01-00-63 [CMD_SENT][CMD_GET_IO_LEVEL]
[10:48:55:133][HID_TX_ack]00-12-50-49-01-FB-E2-52-0B-00-08-00-06-92-00-01-FF-FF-1F-00-00-00-00-02-00-E0-01-17-01-FF-FF-1F-00-06-00-03-00-11-EB-18-50-49-01-C0-56-AB-06-00-03-00-11-EC-17-00-00-00-00-00-00-00-00-00-00-00-00
[10:48:55:133]50-49-01-FB-E2-52-0B-00-08-00-06-92-00-01-FF-FF-1F-00
