[15:48:03:576]\\?\hid#dell09c2&col02#5&bc4dc33&0&0001#{4d1e55b2-f16f-11cf-88cb-001111000030}
[15:48:03:576]\\?\hid#dell09c2&col03#5&bc4dc33&0&0002#{4d1e55b2-f16f-11cf-88cb-001111000030}
[15:48:03:576]\\?\hid#intc816&col01#3&207f9b7f&0&0000#{4d1e55b2-f16f-11cf-88cb-001111000030}
[15:48:03:576]\\?\hid#intc816&col02#3&207f9b7f&0&0001#{4d1e55b2-f16f-11cf-88cb-001111000030}
[15:48:03:576]\\?\hid#converteddevice&col02#5&17bac0a6&0&0001#{4d1e55b2-f16f-11cf-88cb-001111000030}
[15:48:03:576]\\?\hid#converteddevice&col03#5&17bac0a6&0&0002#{4d1e55b2-f16f-11cf-88cb-001111000030}
[15:48:03:576]\\?\hid#dell09c2&col04#5&bc4dc33&0&0003#{4d1e55b2-f16f-11cf-88cb-001111000030}
[15:48:03:576]\\?\hid#{00001812-0000-1000-8000-00805f9b34fb}_dev_vid&0232c2_pid&0001_rev&0068_ccb624cd66b1#9&326e3aae&0&0000#{4d1e55b2-f16f-11cf-88cb-001111000030}
[15:48:03:576]\\?\hid#dell09c2&col05#5&bc4dc33&0&0004#{4d1e55b2-f16f-11cf-88cb-001111000030}
[15:48:03:576]\\?\hid#converteddevice&col01#5&17bac0a6&0&0000#{4d1e55b2-f16f-11cf-88cb-001111000030}\kbd
[15:48:03:576]\\?\hid#dell09c2&col01#5&bc4dc33&0&0000#{4d1e55b2-f16f-11cf-88cb-001111000030}
[15:48:03:576]\\?\hid#vid_046d&pid_0adf&mi_00#7&3ad8dff3&0&0000#{4d1e55b2-f16f-11cf-88cb-001111000030}
[15:48:03:576]\\?\hid#vid_046d&pid_0adf&mi_04#7&18e94d0e&0&0000#{4d1e55b2-f16f-11cf-88cb-001111000030}
[15:48:03:578]try_path=\\?\hid#vid_046d&pid_0adf&mi_00#7&3ad8dff3&0&0000#{4d1e55b2-f16f-11cf-88cb-001111000030}
[15:48:03:580]	InputReportByteLength=65
[15:48:03:580]	OutputReportByteLength=65
[15:48:03:581]HID_Connected=\\?\hid#vid_046d&pid_0adf&mi_00#7&3ad8dff3&0&0000#{4d1e55b2-f16f-11cf-88cb-001111000030}
[15:48:03:582][HID_TX]00-84-01-D1-55-01-00-00-00-00-00-00-00-00-00-00-00-00-00-00-00-00-00-00-00-00-00-00-00-00-00-00-00-00-00-00-00-00-00-00-00-00-00-00-00-00-00-00-00-00-00-00-00-00-00-00-00-00-00-00-00-00-00-00-00
[15:48:03:583]HidD_GetInputReport=True
[15:48:03:583]reply_report=00-4F-56-31-2E-38-2E-35-2E-31-00-00-00-00-00-00-00-00-00-00-00-00-00-00-00-00-00-00-00-00-00-00-00-00-00-00-00-00-00-00-00-00-00-00-00-00-00-00-00-00-00-00-00-00-00-00-00-00-00-00-00-00-00-00-00
[15:48:03:583][ys_tech] fw_version=V1.8.5.1
[15:48:03:584]ystech_Power_Saving, is_EnablePowerSaving=False
[15:48:03:584][HID_TX]00-85-01-83-8B-01-00-00-00-00-00-00-00-00-00-00-00-00-00-00-00-00-00-00-00-00-00-00-00-00-00-00-00-00-00-00-00-00-00-00-00-00-00-00-00-00-00-00-00-00-00-00-00-00-00-00-00-00-00-00-00-00-00-00-00
[15:48:03:586]HidD_GetInputReport=True
[15:48:03:586]reply_report=00-4F-00-00-00-00-00-00-00-00-00-00-00-00-00-00-00-00-00-00-00-00-00-00-00-00-00-00-00-00-00-00-00-00-00-00-00-00-00-00-00-00-00-00-00-00-00-00-00-00-00-00-00-00-00-00-00-00-00-00-00-00-00-00-00
[15:48:03:586]HID_CMD_POWER_SAVING_Disable
[15:48:03:586]path_connected=\\?\hid#vid_046d&pid_0adf&mi_00#7&3ad8dff3&0&0000#{4d1e55b2-f16f-11cf-88cb-001111000030}
[15:48:04:772][HID_TX]00-80-06-1C-7D-50-41-0E-01-01-E0-00-00-00-00-00-00-00-00-00-00-00-00-00-00-00-00-00-00-00-00-00-00-00-00-00-00-00-00-00-00-00-00-00-00-00-00-00-00-00-00-00-00-00-00-00-00-00-00-00-00-00-00-00-00
[15:48:04:773]HidD_GetInputReport=True
[15:48:04:773]reply_report=00-4F-00-00-00-00-00-00-00-00-00-00-00-00-00-00-00-00-00-00-00-00-00-00-00-00-00-00-00-00-00-00-00-00-00-00-00-00-00-00-00-00-00-00-00-00-00-00-00-00-00-00-00-00-00-00-00-00-00-00-00-00-00-00-00
[15:48:04:773]50-41-0E-01-01-E0 [CMD_SENT][REMOTE_GET_MODE]
[15:48:04:778][HID_TX_ack]00-19-50-49-01-C0-96-29-06-00-03-00-0E-81-00-50-49-0E-C8-00-00-00-00-02-00-E0-00-17-49-01-C0-0E-2D-00-00-03-00-11-AA-18-00-00-00-00-00-00-00-00-00-00-00-00-00-00-00-00-00-00-00-00-00-00-00-00-00
[15:48:04:782]REMOTE_GET_MODE=00
[15:48:04:783]50-49-01-C0-96-29-06-00-03-00-0E-81-00
[15:48:04:783]50-49-0E-C8-00-00-00-00-02-00-E0-00-
[15:48:04:783][HID_TX]00-80-07-F5-A5-50-41-0E-02-02-E1-01-00-00-00-00-00-00-00-00-00-00-00-00-00-00-00-00-00-00-00-00-00-00-00-00-00-00-00-00-00-00-00-00-00-00-00-00-00-00-00-00-00-00-00-00-00-00-00-00-00-00-00-00-00
[15:48:04:784]HidD_GetInputReport=True
[15:48:04:784]reply_report=00-4F-00-00-00-00-00-00-00-00-00-00-00-00-00-00-00-00-00-00-00-00-00-00-00-00-00-00-00-00-00-00-00-00-00-00-00-00-00-00-00-00-00-00-00-00-00-00-00-00-00-00-00-00-00-00-00-00-00-00-00-00-00-00-00
[15:48:04:784]50-41-0E-02-02-E1-01 [CMD_SENT][REMOTE_SET_MODE] is_remote=True
[15:48:04:787][HID_TX_ack]00-0D-50-49-01-C0-9E-29-06-00-03-00-0E-82-00-50-49-0E-C8-00-00-00-00-02-00-E0-00-17-49-01-C0-0E-2D-00-00-03-00-11-AA-18-00-00-00-00-00-00-00-00-00-00-00-00-00-00-00-00-00-00-00-00-00-00-00-00-00
[15:48:04:787]50-49-01-C0-9E-29-06-00-03-00-0E-82-00
[15:48:04:787][HID_TX]00-80-13-A8-D9-50-41-06-03-0D-00-25-34-12-5A-5A-01-00-00-00-F0-00-00-00-00-00-00-00-00-00-00-00-00-00-00-00-00-00-00-00-00-00-00-00-00-00-00-00-00-00-00-00-00-00-00-00-00-00-00-00-00-00-00-00-00
[15:48:04:788]HidD_GetInputReport=True
[15:48:04:788]reply_report=00-4F-00-00-00-00-00-00-00-00-00-00-00-00-00-00-00-00-00-00-00-00-00-00-00-00-00-00-00-00-00-00-00-00-00-00-00-00-00-00-00-00-00-00-00-00-00-00-00-00-00-00-00-00-00-00-00-00-00-00-00-00-00-00-00
[15:48:04:788]50-41-06-03-0D-00-25-34-12-5A-5A-01-00-00-00-F0-00-00-00 [CMD_SENT][OTA_CMD_IOCTL][READ_MAX_LEN]
[15:48:04:807][HID_TX_ack]00-11-50-49-01-C9-40-1D-09-00-07-00-06-83-00-F0-00-00-00-00-00-00-00-02-00-E0-00-17-49-01-C0-0E-2D-00-00-03-00-11-AA-18-00-00-00-00-00-00-00-00-00-00-00-00-00-00-00-00-00-00-00-00-00-00-00-00-00
[15:48:04:807]50-49-01-C9-40-1D-09-00-07-00-06-83-00-F0-00-00-00
[15:48:04:807][HID_TX]00-80-06-2F-BD-50-41-0E-04-01-E0-00-00-00-00-00-00-00-00-00-00-00-00-00-00-00-00-00-00-00-00-00-00-00-00-00-00-00-00-00-00-00-00-00-00-00-00-00-00-00-00-00-00-00-00-00-00-00-00-00-00-00-00-00-00
[15:48:04:809]HidD_GetInputReport=True
[15:48:04:809]reply_report=00-4F-00-00-00-00-00-00-00-00-00-00-00-00-00-00-00-00-00-00-00-00-00-00-00-00-00-00-00-00-00-00-00-00-00-00-00-00-00-00-00-00-00-00-00-00-00-00-00-00-00-00-00-00-00-00-00-00-00-00-00-00-00-00-00
[15:48:04:809]50-41-0E-04-01-E0 [CMD_SENT][REMOTE_GET_MODE]
[15:48:04:811][HID_TX_ack]00-19-50-49-01-C0-B2-29-06-00-03-00-0E-84-00-50-49-0E-CA-00-00-00-00-02-00-E0-01-17-49-01-C0-0E-2D-00-00-03-00-11-AA-18-00-00-00-00-00-00-00-00-00-00-00-00-00-00-00-00-00-00-00-00-00-00-00-00-00
[15:48:04:811]50-49-01-C0-B2-29-06-00-03-00-0E-84-00
[15:48:04:811]50-49-0E-CA-00-00-00-00-02-00-E0-01-
[15:48:04:811]REMOTE_GET_MODE=01
[15:48:04:812][HID_TX]00-80-07-C3-0E-50-41-06-05-01-00-63-00-00-00-00-00-00-00-00-00-00-00-00-00-00-00-00-00-00-00-00-00-00-00-00-00-00-00-00-00-00-00-00-00-00-00-00-00-00-00-00-00-00-00-00-00-00-00-00-00-00-00-00-00
[15:48:04:813]HidD_GetInputReport=True
[15:48:04:813]reply_report=00-4F-00-00-00-00-00-00-00-00-00-00-00-00-00-00-00-00-00-00-00-00-00-00-00-00-00-00-00-00-00-00-00-00-00-00-00-00-00-00-00-00-00-00-00-00-00-00-00-00-00-00-00-00-00-00-00-00-00-00-00-00-00-00-00
[15:48:04:813]50-41-06-05-01-00-63 [CMD_SENT][CMD_GET_IO_LEVEL]
[15:48:04:822][HID_TX_ack]00-12-50-49-01-CB-4A-1D-09-00-08-00-06-85-00-01-FF-FF-0F-00-00-00-00-02-00-E0-01-17-49-01-C0-0E-2D-00-00-03-00-11-AA-18-00-00-00-00-00-00-00-00-00-00-00-00-00-00-00-00-00-00-00-00-00-00-00-00-00
[15:48:04:822]50-49-01-CB-4A-1D-09-00-08-00-06-85-00-01-FF-FF-0F-00
[15:48:13:105][HID_TX]00-80-06-C4-92-50-41-0E-06-01-E0-00-00-00-00-00-00-00-00-00-00-00-00-00-00-00-00-00-00-00-00-00-00-00-00-00-00-00-00-00-00-00-00-00-00-00-00-00-00-00-00-00-00-00-00-00-00-00-00-00-00-00-00-00-00
[15:48:13:107]HidD_GetInputReport=True
[15:48:13:107]reply_report=00-4F-00-00-00-00-00-00-00-00-00-00-00-00-00-00-00-00-00-00-00-00-00-00-00-00-00-00-00-00-00-00-00-00-00-00-00-00-00-00-00-00-00-00-00-00-00-00-00-00-00-00-00-00-00-00-00-00-00-00-00-00-00-00-00
[15:48:13:107]50-41-0E-06-01-E0 [CMD_SENT][REMOTE_GET_MODE]
[15:48:13:110][HID_TX_ack]00-19-50-49-01-C0-A1-43-06-00-03-00-0E-86-00-50-49-0E-CC-00-00-00-00-02-00-E0-01-17-49-01-C0-0E-2D-00-00-03-00-11-AA-18-00-00-00-00-00-00-00-00-00-00-00-00-00-00-00-00-00-00-00-00-00-00-00-00-00
[15:48:13:110]50-49-01-C0-A1-43-06-00-03-00-0E-86-00
[15:48:13:110]50-49-0E-CC-00-00-00-00-02-00-E0-01-
[15:48:13:110]REMOTE_GET_MODE=01
[15:48:13:110][HID_TX]00-80-07-28-21-50-41-06-07-01-00-63-00-00-00-00-00-00-00-00-00-00-00-00-00-00-00-00-00-00-00-00-00-00-00-00-00-00-00-00-00-00-00-00-00-00-00-00-00-00-00-00-00-00-00-00-00-00-00-00-00-00-00-00-00
[15:48:13:112]HidD_GetInputReport=True
[15:48:13:112]reply_report=00-4F-00-00-00-00-00-00-00-00-00-00-00-00-00-00-00-00-00-00-00-00-00-00-00-00-00-00-00-00-00-00-00-00-00-00-00-00-00-00-00-00-00-00-00-00-00-00-00-00-00-00-00-00-00-00-00-00-00-00-00-00-00-00-00
[15:48:13:112]50-41-06-07-01-00-63 [CMD_SENT][CMD_GET_IO_LEVEL]
[15:48:13:144][HID_TX_ack]00-12-50-49-01-CD-3A-37-09-00-08-00-06-87-00-01-FF-FF-0F-00-00-00-00-02-00-E0-01-17-49-01-C0-0E-2D-00-00-03-00-11-AA-18-00-00-00-00-00-00-00-00-00-00-00-00-00-00-00-00-00-00-00-00-00-00-00-00-00
[15:48:13:144]50-49-01-CD-3A-37-09-00-08-00-06-87-00-01-FF-FF-0F-00
[15:48:13:355][HID_TX]00-80-06-55-5D-50-41-0E-08-01-E0-00-00-00-00-00-00-00-00-00-00-00-00-00-00-00-00-00-00-00-00-00-00-00-00-00-00-00-00-00-00-00-00-00-00-00-00-00-00-00-00-00-00-00-00-00-00-00-00-00-00-00-00-00-00
[15:48:13:356]HidD_GetInputReport=True
[15:48:13:356]reply_report=00-4F-00-00-00-00-00-00-00-00-00-00-00-00-00-00-00-00-00-00-00-00-00-00-00-00-00-00-00-00-00-00-00-00-00-00-00-00-00-00-00-00-00-00-00-00-00-00-00-00-00-00-00-00-00-00-00-00-00-00-00-00-00-00-00
[15:48:13:356]50-41-0E-08-01-E0 [CMD_SENT][REMOTE_GET_MODE]
[15:48:13:359][HID_TX_ack]00-19-50-49-01-C0-68-44-06-00-03-00-0E-88-00-50-49-0E-CE-00-00-00-00-02-00-E0-01-17-49-01-C0-0E-2D-00-00-03-00-11-AA-18-00-00-00-00-00-00-00-00-00-00-00-00-00-00-00-00-00-00-00-00-00-00-00-00-00
[15:48:13:359]50-49-01-C0-68-44-06-00-03-00-0E-88-00
[15:48:13:359]50-49-0E-CE-00-00-00-00-02-00-E0-01-
[15:48:13:359]REMOTE_GET_MODE=01
[15:48:13:359][HID_TX]00-80-07-B9-EE-50-41-06-09-01-00-63-00-00-00-00-00-00-00-00-00-00-00-00-00-00-00-00-00-00-00-00-00-00-00-00-00-00-00-00-00-00-00-00-00-00-00-00-00-00-00-00-00-00-00-00-00-00-00-00-00-00-00-00-00
[15:48:13:360]HidD_GetInputReport=True
[15:48:13:360]reply_report=00-4F-00-00-00-00-00-00-00-00-00-00-00-00-00-00-00-00-00-00-00-00-00-00-00-00-00-00-00-00-00-00-00-00-00-00-00-00-00-00-00-00-00-00-00-00-00-00-00-00-00-00-00-00-00-00-00-00-00-00-00-00-00-00-00
[15:48:13:360]50-41-06-09-01-00-63 [CMD_SENT][CMD_GET_IO_LEVEL]
[15:48:13:383][HID_TX_ack]00-12-50-49-01-CF-0C-38-09-00-08-00-06-89-00-01-FF-FF-0F-00-00-00-00-02-00-E0-01-17-49-01-C0-0E-2D-00-00-03-00-11-AA-18-00-00-00-00-00-00-00-00-00-00-00-00-00-00-00-00-00-00-00-00-00-00-00-00-00
[15:48:13:383]50-49-01-CF-0C-38-09-00-08-00-06-89-00-01-FF-FF-0F-00
[15:48:13:604][HID_TX]00-80-06-BE-72-50-41-0E-0A-01-E0-00-00-00-00-00-00-00-00-00-00-00-00-00-00-00-00-00-00-00-00-00-00-00-00-00-00-00-00-00-00-00-00-00-00-00-00-00-00-00-00-00-00-00-00-00-00-00-00-00-00-00-00-00-00
[15:48:13:606]HidD_GetInputReport=True
[15:48:13:606]reply_report=00-4F-00-00-00-00-00-00-00-00-00-00-00-00-00-00-00-00-00-00-00-00-00-00-00-00-00-00-00-00-00-00-00-00-00-00-00-00-00-00-00-00-00-00-00-00-00-00-00-00-00-00-00-00-00-00-00-00-00-00-00-00-00-00-00
[15:48:13:606]50-41-0E-0A-01-E0 [CMD_SENT][REMOTE_GET_MODE]
[15:48:13:608][HID_TX_ack]00-19-50-49-01-C0-2F-45-06-00-03-00-0E-8A-00-50-49-0E-D0-00-00-00-00-02-00-E0-01-17-49-01-C0-0E-2D-00-00-03-00-11-AA-18-00-00-00-00-00-00-00-00-00-00-00-00-00-00-00-00-00-00-00-00-00-00-00-00-00
[15:48:13:608]50-49-01-C0-2F-45-06-00-03-00-0E-8A-00
[15:48:13:608]50-49-0E-D0-00-00-00-00-02-00-E0-01-
[15:48:13:608]REMOTE_GET_MODE=01
[15:48:13:609][HID_TX]00-80-07-52-C1-50-41-06-0B-01-00-63-00-00-00-00-00-00-00-00-00-00-00-00-00-00-00-00-00-00-00-00-00-00-00-00-00-00-00-00-00-00-00-00-00-00-00-00-00-00-00-00-00-00-00-00-00-00-00-00-00-00-00-00-00
[15:48:13:611]HidD_GetInputReport=True
[15:48:13:611]reply_report=00-4F-00-00-00-00-00-00-00-00-00-00-00-00-00-00-00-00-00-00-00-00-00-00-00-00-00-00-00-00-00-00-00-00-00-00-00-00-00-00-00-00-00-00-00-00-00-00-00-00-00-00-00-00-00-00-00-00-00-00-00-00-00-00-00
[15:48:13:613]50-41-06-0B-01-00-63 [CMD_SENT][CMD_GET_IO_LEVEL]
[15:48:13:642][HID_TX_ack]00-12-50-49-01-D1-C8-38-09-00-08-00-06-8B-00-01-FF-FF-0F-00-00-00-00-02-00-E0-01-17-49-01-C0-0E-2D-00-00-03-00-11-AA-18-00-00-00-00-00-00-00-00-00-00-00-00-00-00-00-00-00-00-00-00-00-00-00-00-00
[15:48:13:642]50-49-01-D1-C8-38-09-00-08-00-06-8B-00-01-FF-FF-0F-00
[15:48:13:853][HID_TX]00-80-06-83-02-50-41-0E-0C-01-E0-00-00-00-00-00-00-00-00-00-00-00-00-00-00-00-00-00-00-00-00-00-00-00-00-00-00-00-00-00-00-00-00-00-00-00-00-00-00-00-00-00-00-00-00-00-00-00-00-00-00-00-00-00-00
[15:48:13:855]HidD_GetInputReport=True
[15:48:13:855]reply_report=00-4F-00-00-00-00-00-00-00-00-00-00-00-00-00-00-00-00-00-00-00-00-00-00-00-00-00-00-00-00-00-00-00-00-00-00-00-00-00-00-00-00-00-00-00-00-00-00-00-00-00-00-00-00-00-00-00-00-00-00-00-00-00-00-00
[15:48:13:855]50-41-0E-0C-01-E0 [CMD_SENT][REMOTE_GET_MODE]
[15:48:13:858][HID_TX_ack]00-19-50-49-01-C0-F6-45-06-00-03-00-0E-8C-00-50-49-0E-D2-00-00-00-00-02-00-E0-01-17-49-01-C0-0E-2D-00-00-03-00-11-AA-18-00-00-00-00-00-00-00-00-00-00-00-00-00-00-00-00-00-00-00-00-00-00-00-00-00
[15:48:13:858]50-49-01-C0-F6-45-06-00-03-00-0E-8C-00
[15:48:13:858]50-49-0E-D2-00-00-00-00-02-00-E0-01-
[15:48:13:859]REMOTE_GET_MODE=01
[15:48:13:859][HID_TX]00-80-07-6F-B1-50-41-06-0D-01-00-63-00-00-00-00-00-00-00-00-00-00-00-00-00-00-00-00-00-00-00-00-00-00-00-00-00-00-00-00-00-00-00-00-00-00-00-00-00-00-00-00-00-00-00-00-00-00-00-00-00-00-00-00-00
[15:48:13:861]HidD_GetInputReport=True
[15:48:13:861]reply_report=00-4F-00-00-00-00-00-00-00-00-00-00-00-00-00-00-00-00-00-00-00-00-00-00-00-00-00-00-00-00-00-00-00-00-00-00-00-00-00-00-00-00-00-00-00-00-00-00-00-00-00-00-00-00-00-00-00-00-00-00-00-00-00-00-00
[15:48:13:861]50-41-06-0D-01-00-63 [CMD_SENT][CMD_GET_IO_LEVEL]
[15:48:13:888][HID_TX_ack]00-12-50-49-01-D3-98-39-09-00-08-00-06-8D-00-01-FF-FF-0F-00-00-00-00-02-00-E0-01-17-49-01-C0-0E-2D-00-00-03-00-11-AA-18-00-00-00-00-00-00-00-00-00-00-00-00-00-00-00-00-00-00-00-00-00-00-00-00-00
[15:48:13:888]50-49-01-D3-98-39-09-00-08-00-06-8D-00-01-FF-FF-0F-00
[15:48:14:100][HID_TX]00-80-06-68-2D-50-41-0E-0E-01-E0-00-00-00-00-00-00-00-00-00-00-00-00-00-00-00-00-00-00-00-00-00-00-00-00-00-00-00-00-00-00-00-00-00-00-00-00-00-00-00-00-00-00-00-00-00-00-00-00-00-00-00-00-00-00
[15:48:14:101]HidD_GetInputReport=True
[15:48:14:101]reply_report=00-4F-00-00-00-00-00-00-00-00-00-00-00-00-00-00-00-00-00-00-00-00-00-00-00-00-00-00-00-00-00-00-00-00-00-00-00-00-00-00-00-00-00-00-00-00-00-00-00-00-00-00-00-00-00-00-00-00-00-00-00-00-00-00-00
[15:48:14:101]50-41-0E-0E-01-E0 [CMD_SENT][REMOTE_GET_MODE]
[15:48:14:103][HID_TX_ack]00-19-50-49-01-C0-BC-46-06-00-03-00-0E-8E-00-50-49-0E-D4-00-00-00-00-02-00-E0-01-17-49-01-C0-0E-2D-00-00-03-00-11-AA-18-00-00-00-00-00-00-00-00-00-00-00-00-00-00-00-00-00-00-00-00-00-00-00-00-00
[15:48:14:104]50-49-01-C0-BC-46-06-00-03-00-0E-8E-00
[15:48:14:104]50-49-0E-D4-00-00-00-00-02-00-E0-01-
[15:48:14:104]REMOTE_GET_MODE=01
[15:48:14:104][HID_TX]00-80-07-84-9E-50-41-06-0F-01-00-63-00-00-00-00-00-00-00-00-00-00-00-00-00-00-00-00-00-00-00-00-00-00-00-00-00-00-00-00-00-00-00-00-00-00-00-00-00-00-00-00-00-00-00-00-00-00-00-00-00-00-00-00-00
[15:48:14:105]HidD_GetInputReport=True
[15:48:14:105]reply_report=00-4F-00-00-00-00-00-00-00-00-00-00-00-00-00-00-00-00-00-00-00-00-00-00-00-00-00-00-00-00-00-00-00-00-00-00-00-00-00-00-00-00-00-00-00-00-00-00-00-00-00-00-00-00-00-00-00-00-00-00-00-00-00-00-00
[15:48:14:105]50-41-06-0F-01-00-63 [CMD_SENT][CMD_GET_IO_LEVEL]
[15:48:14:133][HID_TX_ack]00-12-50-49-01-D5-61-3A-09-00-08-00-06-8F-00-01-FF-FF-0F-00-00-00-00-02-00-E0-01-17-49-01-C0-0E-2D-00-00-03-00-11-AA-18-00-00-00-00-00-00-00-00-00-00-00-00-00-00-00-00-00-00-00-00-00-00-00-00-00
[15:48:14:133]50-49-01-D5-61-3A-09-00-08-00-06-8F-00-01-FF-FF-0F-00
[15:48:14:347][HID_TX]00-80-06-80-8D-50-41-0E-10-01-E0-00-00-00-00-00-00-00-00-00-00-00-00-00-00-00-00-00-00-00-00-00-00-00-00-00-00-00-00-00-00-00-00-00-00-00-00-00-00-00-00-00-00-00-00-00-00-00-00-00-00-00-00-00-00
[15:48:14:348]HidD_GetInputReport=True
[15:48:14:348]reply_report=00-4F-00-00-00-00-00-00-00-00-00-00-00-00-00-00-00-00-00-00-00-00-00-00-00-00-00-00-00-00-00-00-00-00-00-00-00-00-00-00-00-00-00-00-00-00-00-00-00-00-00-00-00-00-00-00-00-00-00-00-00-00-00-00-00
[15:48:14:349]50-41-0E-10-01-E0 [CMD_SENT][REMOTE_GET_MODE]
[15:48:14:351][HID_TX_ack]00-19-50-49-01-C0-82-47-06-00-03-00-0E-90-00-50-49-0E-D6-00-00-00-00-02-00-E0-01-17-49-01-C0-0E-2D-00-00-03-00-11-AA-18-00-00-00-00-00-00-00-00-00-00-00-00-00-00-00-00-00-00-00-00-00-00-00-00-00
[15:48:14:351]50-49-01-C0-82-47-06-00-03-00-0E-90-00
[15:48:14:351]50-49-0E-D6-00-00-00-00-02-00-E0-01-
[15:48:14:351]REMOTE_GET_MODE=01
[15:48:14:351][HID_TX]00-80-07-6C-3E-50-41-06-11-01-00-63-00-00-00-00-00-00-00-00-00-00-00-00-00-00-00-00-00-00-00-00-00-00-00-00-00-00-00-00-00-00-00-00-00-00-00-00-00-00-00-00-00-00-00-00-00-00-00-00-00-00-00-00-00
[15:48:14:352]HidD_GetInputReport=True
[15:48:14:352]reply_report=00-4F-00-00-00-00-00-00-00-00-00-00-00-00-00-00-00-00-00-00-00-00-00-00-00-00-00-00-00-00-00-00-00-00-00-00-00-00-00-00-00-00-00-00-00-00-00-00-00-00-00-00-00-00-00-00-00-00-00-00-00-00-00-00-00
[15:48:14:352]50-41-06-11-01-00-63 [CMD_SENT][CMD_GET_IO_LEVEL]
[15:48:14:378][HID_TX_ack]00-12-50-49-01-D7-20-3B-09-00-08-00-06-91-00-01-F7-FF-0F-00-00-00-00-02-00-E0-01-17-49-01-C0-0E-2D-00-00-03-00-11-AA-18-00-00-00-00-00-00-00-00-00-00-00-00-00-00-00-00-00-00-00-00-00-00-00-00-00
[15:48:14:378]50-49-01-D7-20-3B-09-00-08-00-06-91-00-01-F7-FF-0F-00
[15:48:14:594][HID_TX]00-80-06-6B-A2-50-41-0E-12-01-E0-00-00-00-00-00-00-00-00-00-00-00-00-00-00-00-00-00-00-00-00-00-00-00-00-00-00-00-00-00-00-00-00-00-00-00-00-00-00-00-00-00-00-00-00-00-00-00-00-00-00-00-00-00-00
[15:48:14:595]HidD_GetInputReport=True
[15:48:14:595]reply_report=00-4F-00-00-00-00-00-00-00-00-00-00-00-00-00-00-00-00-00-00-00-00-00-00-00-00-00-00-00-00-00-00-00-00-00-00-00-00-00-00-00-00-00-00-00-00-00-00-00-00-00-00-00-00-00-00-00-00-00-00-00-00-00-00-00
[15:48:14:595]50-41-0E-12-01-E0 [CMD_SENT][REMOTE_GET_MODE]
[15:48:14:598][HID_TX_ack]00-19-50-49-01-C0-47-48-06-00-03-00-0E-92-00-50-49-0E-D8-00-00-00-00-02-00-E0-01-17-49-01-C0-0E-2D-00-00-03-00-11-AA-18-00-00-00-00-00-00-00-00-00-00-00-00-00-00-00-00-00-00-00-00-00-00-00-00-00
[15:48:14:598]50-49-01-C0-47-48-06-00-03-00-0E-92-00
[15:48:14:598]50-49-0E-D8-00-00-00-00-02-00-E0-01-
[15:48:14:598]REMOTE_GET_MODE=01
[15:48:14:598][HID_TX]00-80-07-87-11-50-41-06-13-01-00-63-00-00-00-00-00-00-00-00-00-00-00-00-00-00-00-00-00-00-00-00-00-00-00-00-00-00-00-00-00-00-00-00-00-00-00-00-00-00-00-00-00-00-00-00-00-00-00-00-00-00-00-00-00
[15:48:14:600]HidD_GetInputReport=True
[15:48:14:600]reply_report=00-4F-00-00-00-00-00-00-00-00-00-00-00-00-00-00-00-00-00-00-00-00-00-00-00-00-00-00-00-00-00-00-00-00-00-00-00-00-00-00-00-00-00-00-00-00-00-00-00-00-00-00-00-00-00-00-00-00-00-00-00-00-00-00-00
[15:48:14:600]50-41-06-13-01-00-63 [CMD_SENT][CMD_GET_IO_LEVEL]
[15:48:14:623][HID_TX_ack]00-12-50-49-01-D9-E8-3B-09-00-08-00-06-93-00-01-FF-FF-0F-00-00-00-00-02-00-E0-01-17-49-01-C0-0E-2D-00-00-03-00-11-AA-18-00-00-00-00-00-00-00-00-00-00-00-00-00-00-00-00-00-00-00-00-00-00-00-00-00
[15:48:14:623]50-49-01-D9-E8-3B-09-00-08-00-06-93-00-01-FF-FF-0F-00
[15:48:14:842][HID_TX]00-80-06-56-D2-50-41-0E-14-01-E0-00-00-00-00-00-00-00-00-00-00-00-00-00-00-00-00-00-00-00-00-00-00-00-00-00-00-00-00-00-00-00-00-00-00-00-00-00-00-00-00-00-00-00-00-00-00-00-00-00-00-00-00-00-00
[15:48:14:844]HidD_GetInputReport=True
[15:48:14:844]reply_report=00-4F-00-00-00-00-00-00-00-00-00-00-00-00-00-00-00-00-00-00-00-00-00-00-00-00-00-00-00-00-00-00-00-00-00-00-00-00-00-00-00-00-00-00-00-00-00-00-00-00-00-00-00-00-00-00-00-00-00-00-00-00-00-00-00
[15:48:14:844]50-41-0E-14-01-E0 [CMD_SENT][REMOTE_GET_MODE]
[15:48:14:846][HID_TX_ack]00-19-50-49-01-C0-0E-49-06-00-03-00-0E-94-00-50-49-0E-DA-00-00-00-00-02-00-E0-01-17-49-01-C0-0E-2D-00-00-03-00-11-AA-18-00-00-00-00-00-00-00-00-00-00-00-00-00-00-00-00-00-00-00-00-00-00-00-00-00
[15:48:14:847]50-49-01-C0-0E-49-06-00-03-00-0E-94-00
[15:48:14:847]50-49-0E-DA-00-00-00-00-02-00-E0-01-
[15:48:14:847]REMOTE_GET_MODE=01
[15:48:14:847][HID_TX]00-80-07-BA-61-50-41-06-15-01-00-63-00-00-00-00-00-00-00-00-00-00-00-00-00-00-00-00-00-00-00-00-00-00-00-00-00-00-00-00-00-00-00-00-00-00-00-00-00-00-00-00-00-00-00-00-00-00-00-00-00-00-00-00-00
[15:48:14:848]HidD_GetInputReport=True
[15:48:14:848]reply_report=00-4F-00-00-00-00-00-00-00-00-00-00-00-00-00-00-00-00-00-00-00-00-00-00-00-00-00-00-00-00-00-00-00-00-00-00-00-00-00-00-00-00-00-00-00-00-00-00-00-00-00-00-00-00-00-00-00-00-00-00-00-00-00-00-00
[15:48:14:848]50-41-06-15-01-00-63 [CMD_SENT][CMD_GET_IO_LEVEL]
[15:48:14:868][HID_TX_ack]00-12-50-49-01-DB-A9-3C-09-00-08-00-06-95-00-01-FB-FF-0F-00-00-00-00-02-00-E0-01-17-49-01-C0-0E-2D-00-00-03-00-11-AA-18-00-00-00-00-00-00-00-00-00-00-00-00-00-00-00-00-00-00-00-00-00-00-00-00-00
[15:48:14:868]50-49-01-DB-A9-3C-09-00-08-00-06-95-00-01-FB-FF-0F-00
[15:48:15:993][HID_TX]00-80-06-BD-FD-50-41-0E-16-01-E0-00-00-00-00-00-00-00-00-00-00-00-00-00-00-00-00-00-00-00-00-00-00-00-00-00-00-00-00-00-00-00-00-00-00-00-00-00-00-00-00-00-00-00-00-00-00-00-00-00-00-00-00-00-00
[15:48:15:994]HidD_GetInputReport=True
[15:48:15:994]reply_report=00-4F-00-00-00-00-00-00-00-00-00-00-00-00-00-00-00-00-00-00-00-00-00-00-00-00-00-00-00-00-00-00-00-00-00-00-00-00-00-00-00-00-00-00-00-00-00-00-00-00-00-00-00-00-00-00-00-00-00-00-00-00-00-00-00
[15:48:15:994]50-41-0E-16-01-E0 [CMD_SENT][REMOTE_GET_MODE]
[15:48:15:996][HID_TX_ack]00-19-50-49-01-C0-A6-4C-06-00-03-00-0E-96-00-50-49-0E-DC-00-00-00-00-02-00-E0-01-17-49-01-C0-0E-2D-00-00-03-00-11-AA-18-00-00-00-00-00-00-00-00-00-00-00-00-00-00-00-00-00-00-00-00-00-00-00-00-00
[15:48:15:996]50-49-01-C0-A6-4C-06-00-03-00-0E-96-00
[15:48:15:996]REMOTE_GET_MODE=01
[15:48:15:996]50-49-0E-DC-00-00-00-00-02-00-E0-01-
[15:48:15:996][HID_TX]00-80-07-51-4E-50-41-06-17-01-00-63-00-00-00-00-00-00-00-00-00-00-00-00-00-00-00-00-00-00-00-00-00-00-00-00-00-00-00-00-00-00-00-00-00-00-00-00-00-00-00-00-00-00-00-00-00-00-00-00-00-00-00-00-00
[15:48:15:998]HidD_GetInputReport=True
[15:48:15:998]reply_report=00-4F-00-00-00-00-00-00-00-00-00-00-00-00-00-00-00-00-00-00-00-00-00-00-00-00-00-00-00-00-00-00-00-00-00-00-00-00-00-00-00-00-00-00-00-00-00-00-00-00-00-00-00-00-00-00-00-00-00-00-00-00-00-00-00
[15:48:15:998]50-41-06-17-01-00-63 [CMD_SENT][CMD_GET_IO_LEVEL]
[15:48:16:032][HID_TX_ack]00-12-50-49-01-DD-41-40-09-00-08-00-06-97-00-01-FF-FF-0F-00-00-00-00-02-00-E0-01-17-49-01-C0-0E-2D-00-00-03-00-11-AA-18-00-00-00-00-00-00-00-00-00-00-00-00-00-00-00-00-00-00-00-00-00-00-00-00-00
[15:48:16:032]50-49-01-DD-41-40-09-00-08-00-06-97-00-01-FF-FF-0F-00
[15:48:16:257][HID_TX]00-80-06-2C-32-50-41-0E-18-01-E0-00-00-00-00-00-00-00-00-00-00-00-00-00-00-00-00-00-00-00-00-00-00-00-00-00-00-00-00-00-00-00-00-00-00-00-00-00-00-00-00-00-00-00-00-00-00-00-00-00-00-00-00-00-00
[15:48:16:257]HidD_GetInputReport=True
[15:48:16:257]reply_report=00-4F-00-00-00-00-00-00-00-00-00-00-00-00-00-00-00-00-00-00-00-00-00-00-00-00-00-00-00-00-00-00-00-00-00-00-00-00-00-00-00-00-00-00-00-00-00-00-00-00-00-00-00-00-00-00-00-00-00-00-00-00-00-00-00
[15:48:16:257]50-41-0E-18-01-E0 [CMD_SENT][REMOTE_GET_MODE]
[15:48:16:260][HID_TX_ack]00-19-50-49-01-C0-79-4D-06-00-03-00-0E-98-00-50-49-0E-DE-00-00-00-00-02-00-E0-01-17-49-01-C0-0E-2D-00-00-03-00-11-AA-18-00-00-00-00-00-00-00-00-00-00-00-00-00-00-00-00-00-00-00-00-00-00-00-00-00
[15:48:16:260]50-49-01-C0-79-4D-06-00-03-00-0E-98-00
[15:48:16:260]50-49-0E-DE-00-00-00-00-02-00-E0-01-
[15:48:16:260]REMOTE_GET_MODE=01
[15:48:16:260][HID_TX]00-80-07-C0-81-50-41-06-19-01-00-63-00-00-00-00-00-00-00-00-00-00-00-00-00-00-00-00-00-00-00-00-00-00-00-00-00-00-00-00-00-00-00-00-00-00-00-00-00-00-00-00-00-00-00-00-00-00-00-00-00-00-00-00-00
[15:48:16:261]HidD_GetInputReport=True
[15:48:16:261]reply_report=00-4F-00-00-00-00-00-00-00-00-00-00-00-00-00-00-00-00-00-00-00-00-00-00-00-00-00-00-00-00-00-00-00-00-00-00-00-00-00-00-00-00-00-00-00-00-00-00-00-00-00-00-00-00-00-00-00-00-00-00-00-00-00-00-00
[15:48:16:261]50-41-06-19-01-00-63 [CMD_SENT][CMD_GET_IO_LEVEL]
[15:48:16:286][HID_TX_ack]00-12-50-49-01-DF-16-41-09-00-08-00-06-99-00-01-FF-FF-0F-00-00-00-00-02-00-E0-01-17-49-01-C0-0E-2D-00-00-03-00-11-AA-18-00-00-00-00-00-00-00-00-00-00-00-00-00-00-00-00-00-00-00-00-00-00-00-00-00
[15:48:16:286]50-49-01-DF-16-41-09-00-08-00-06-99-00-01-FF-FF-0F-00
[15:48:16:505][HID_TX]00-80-06-C7-1D-50-41-0E-1A-01-E0-00-00-00-00-00-00-00-00-00-00-00-00-00-00-00-00-00-00-00-00-00-00-00-00-00-00-00-00-00-00-00-00-00-00-00-00-00-00-00-00-00-00-00-00-00-00-00-00-00-00-00-00-00-00
[15:48:16:506]HidD_GetInputReport=True
[15:48:16:506]reply_report=00-4F-00-00-00-00-00-00-00-00-00-00-00-00-00-00-00-00-00-00-00-00-00-00-00-00-00-00-00-00-00-00-00-00-00-00-00-00-00-00-00-00-00-00-00-00-00-00-00-00-00-00-00-00-00-00-00-00-00-00-00-00-00-00-00
[15:48:16:506]50-41-0E-1A-01-E0 [CMD_SENT][REMOTE_GET_MODE]
[15:48:16:514][HID_TX_ack]00-19-50-49-01-C0-40-4E-06-00-03-00-0E-9A-00-50-49-0E-E0-00-00-00-00-02-00-E0-01-17-49-01-C0-0E-2D-00-00-03-00-11-AA-18-00-00-00-00-00-00-00-00-00-00-00-00-00-00-00-00-00-00-00-00-00-00-00-00-00
[15:48:16:514]50-49-01-C0-40-4E-06-00-03-00-0E-9A-00
[15:48:16:514]50-49-0E-E0-00-00-00-00-02-00-E0-01-
[15:48:16:514]REMOTE_GET_MODE=01
[15:48:16:514][HID_TX]00-80-07-2B-AE-50-41-06-1B-01-00-63-00-00-00-00-00-00-00-00-00-00-00-00-00-00-00-00-00-00-00-00-00-00-00-00-00-00-00-00-00-00-00-00-00-00-00-00-00-00-00-00-00-00-00-00-00-00-00-00-00-00-00-00-00
[15:48:16:516]HidD_GetInputReport=True
[15:48:16:516]reply_report=00-4F-00-00-00-00-00-00-00-00-00-00-00-00-00-00-00-00-00-00-00-00-00-00-00-00-00-00-00-00-00-00-00-00-00-00-00-00-00-00-00-00-00-00-00-00-00-00-00-00-00-00-00-00-00-00-00-00-00-00-00-00-00-00-00
[15:48:16:516]50-41-06-1B-01-00-63 [CMD_SENT][CMD_GET_IO_LEVEL]
[15:48:16:548][HID_TX_ack]00-12-50-49-01-E1-DF-41-09-00-08-00-06-9B-00-01-FF-FF-0F-00-00-00-00-02-00-E0-01-17-49-01-C0-0E-2D-00-00-03-00-11-AA-18-00-00-00-00-00-00-00-00-00-00-00-00-00-00-00-00-00-00-00-00-00-00-00-00-00
[15:48:16:548]50-49-01-E1-DF-41-09-00-08-00-06-9B-00-01-FF-FF-0F-00
[15:48:16:769][HID_TX]00-80-06-FA-6D-50-41-0E-1C-01-E0-00-00-00-00-00-00-00-00-00-00-00-00-00-00-00-00-00-00-00-00-00-00-00-00-00-00-00-00-00-00-00-00-00-00-00-00-00-00-00-00-00-00-00-00-00-00-00-00-00-00-00-00-00-00
[15:48:16:770]HidD_GetInputReport=True
[15:48:16:770]reply_report=00-4F-00-00-00-00-00-00-00-00-00-00-00-00-00-00-00-00-00-00-00-00-00-00-00-00-00-00-00-00-00-00-00-00-00-00-00-00-00-00-00-00-00-00-00-00-00-00-00-00-00-00-00-00-00-00-00-00-00-00-00-00-00-00-00
[15:48:16:770]50-41-0E-1C-01-E0 [CMD_SENT][REMOTE_GET_MODE]
[15:48:16:773][HID_TX_ack]00-19-50-49-01-C0-13-4F-06-00-03-00-0E-9C-00-50-49-0E-E2-00-00-00-00-02-00-E0-01-17-49-01-C0-0E-2D-00-00-03-00-11-AA-18-00-00-00-00-00-00-00-00-00-00-00-00-00-00-00-00-00-00-00-00-00-00-00-00-00
[15:48:16:773]50-49-01-C0-13-4F-06-00-03-00-0E-9C-00
[15:48:16:773]50-49-0E-E2-00-00-00-00-02-00-E0-01-
[15:48:16:773]REMOTE_GET_MODE=01
[15:48:16:773][HID_TX]00-80-07-16-DE-50-41-06-1D-01-00-63-00-00-00-00-00-00-00-00-00-00-00-00-00-00-00-00-00-00-00-00-00-00-00-00-00-00-00-00-00-00-00-00-00-00-00-00-00-00-00-00-00-00-00-00-00-00-00-00-00-00-00-00-00
[15:48:16:776]HidD_GetInputReport=True
[15:48:16:776]reply_report=00-4F-00-00-00-00-00-00-00-00-00-00-00-00-00-00-00-00-00-00-00-00-00-00-00-00-00-00-00-00-00-00-00-00-00-00-00-00-00-00-00-00-00-00-00-00-00-00-00-00-00-00-00-00-00-00-00-00-00-00-00-00-00-00-00
[15:48:16:776]50-41-06-1D-01-00-63 [CMD_SENT][CMD_GET_IO_LEVEL]
[15:48:16:793][HID_TX_ack]00-12-50-49-01-E3-AC-42-09-00-08-00-06-9D-00-01-FF-FF-0F-00-00-00-00-02-00-E0-01-17-49-01-C0-0E-2D-00-00-03-00-11-AA-18-00-00-00-00-00-00-00-00-00-00-00-00-00-00-00-00-00-00-00-00-00-00-00-00-00
[15:48:16:793]50-49-01-E3-AC-42-09-00-08-00-06-9D-00-01-FF-FF-0F-00
[15:48:17:003][HID_TX]00-80-06-11-42-50-41-0E-1E-01-E0-00-00-00-00-00-00-00-00-00-00-00-00-00-00-00-00-00-00-00-00-00-00-00-00-00-00-00-00-00-00-00-00-00-00-00-00-00-00-00-00-00-00-00-00-00-00-00-00-00-00-00-00-00-00
[15:48:17:004]HidD_GetInputReport=True
[15:48:17:004]reply_report=00-4F-00-00-00-00-00-00-00-00-00-00-00-00-00-00-00-00-00-00-00-00-00-00-00-00-00-00-00-00-00-00-00-00-00-00-00-00-00-00-00-00-00-00-00-00-00-00-00-00-00-00-00-00-00-00-00-00-00-00-00-00-00-00-00
[15:48:17:004]50-41-0E-1E-01-E0 [CMD_SENT][REMOTE_GET_MODE]
[15:48:17:007][HID_TX_ack]00-19-50-49-01-C0-CE-4F-06-00-03-00-0E-9E-00-50-49-0E-E4-00-00-00-00-02-00-E0-01-17-49-01-C0-0E-2D-00-00-03-00-11-AA-18-00-00-00-00-00-00-00-00-00-00-00-00-00-00-00-00-00-00-00-00-00-00-00-00-00
[15:48:17:008]50-49-01-C0-CE-4F-06-00-03-00-0E-9E-00
[15:48:17:008]50-49-0E-E4-00-00-00-00-02-00-E0-01-
[15:48:17:008]REMOTE_GET_MODE=01
[15:48:17:008][HID_TX]00-80-07-FD-F1-50-41-06-1F-01-00-63-00-00-00-00-00-00-00-00-00-00-00-00-00-00-00-00-00-00-00-00-00-00-00-00-00-00-00-00-00-00-00-00-00-00-00-00-00-00-00-00-00-00-00-00-00-00-00-00-00-00-00-00-00
[15:48:17:009]HidD_GetInputReport=True
[15:48:17:009]reply_report=00-4F-00-00-00-00-00-00-00-00-00-00-00-00-00-00-00-00-00-00-00-00-00-00-00-00-00-00-00-00-00-00-00-00-00-00-00-00-00-00-00-00-00-00-00-00-00-00-00-00-00-00-00-00-00-00-00-00-00-00-00-00-00-00-00
[15:48:17:009]50-41-06-1F-01-00-63 [CMD_SENT][CMD_GET_IO_LEVEL]
[15:48:17:037][HID_TX_ack]00-12-50-49-01-E5-74-43-09-00-08-00-06-9F-00-01-FF-FF-0F-00-00-00-00-02-00-E0-01-17-49-01-C0-0E-2D-00-00-03-00-11-AA-18-00-00-00-00-00-00-00-00-00-00-00-00-00-00-00-00-00-00-00-00-00-00-00-00-00
[15:48:17:038]50-49-01-E5-74-43-09-00-08-00-06-9F-00-01-FF-FF-0F-00
[15:48:17:251][HID_TX]00-80-06-0B-3C-50-41-0E-20-01-E0-00-00-00-00-00-00-00-00-00-00-00-00-00-00-00-00-00-00-00-00-00-00-00-00-00-00-00-00-00-00-00-00-00-00-00-00-00-00-00-00-00-00-00-00-00-00-00-00-00-00-00-00-00-00
[15:48:17:252]HidD_GetInputReport=True
[15:48:17:252]reply_report=00-4F-00-00-00-00-00-00-00-00-00-00-00-00-00-00-00-00-00-00-00-00-00-00-00-00-00-00-00-00-00-00-00-00-00-00-00-00-00-00-00-00-00-00-00-00-00-00-00-00-00-00-00-00-00-00-00-00-00-00-00-00-00-00-00
[15:48:17:252]50-41-0E-20-01-E0 [CMD_SENT][REMOTE_GET_MODE]
[15:48:17:255][HID_TX_ack]00-19-50-49-01-C0-95-50-06-00-03-00-0E-A0-00-50-49-0E-E6-00-00-00-00-02-00-E0-01-17-49-01-C0-0E-2D-00-00-03-00-11-AA-18-00-00-00-00-00-00-00-00-00-00-00-00-00-00-00-00-00-00-00-00-00-00-00-00-00
[15:48:17:255]50-49-01-C0-95-50-06-00-03-00-0E-A0-00
[15:48:17:255]50-49-0E-E6-00-00-00-00-02-00-E0-01-
[15:48:17:255]REMOTE_GET_MODE=01
[15:48:17:255][HID_TX]00-80-07-E7-8F-50-41-06-21-01-00-63-00-00-00-00-00-00-00-00-00-00-00-00-00-00-00-00-00-00-00-00-00-00-00-00-00-00-00-00-00-00-00-00-00-00-00-00-00-00-00-00-00-00-00-00-00-00-00-00-00-00-00-00-00
[15:48:17:256]HidD_GetInputReport=True
[15:48:17:256]reply_report=00-4F-00-00-00-00-00-00-00-00-00-00-00-00-00-00-00-00-00-00-00-00-00-00-00-00-00-00-00-00-00-00-00-00-00-00-00-00-00-00-00-00-00-00-00-00-00-00-00-00-00-00-00-00-00-00-00-00-00-00-00-00-00-00-00
[15:48:17:256]50-41-06-21-01-00-63 [CMD_SENT][CMD_GET_IO_LEVEL]
[15:48:17:283][HID_TX_ack]00-12-50-49-01-E7-35-44-09-00-08-00-06-A1-00-01-FF-FF-0F-00-00-00-00-02-00-E0-01-17-49-01-C0-0E-2D-00-00-03-00-11-AA-18-00-00-00-00-00-00-00-00-00-00-00-00-00-00-00-00-00-00-00-00-00-00-00-00-00
[15:48:17:283]50-49-01-E7-35-44-09-00-08-00-06-A1-00-01-FF-FF-0F-00
[15:48:17:499][HID_TX]00-80-06-E0-13-50-41-0E-22-01-E0-00-00-00-00-00-00-00-00-00-00-00-00-00-00-00-00-00-00-00-00-00-00-00-00-00-00-00-00-00-00-00-00-00-00-00-00-00-00-00-00-00-00-00-00-00-00-00-00-00-00-00-00-00-00
[15:48:17:500]HidD_GetInputReport=True
[15:48:17:500]reply_report=00-4F-00-00-00-00-00-00-00-00-00-00-00-00-00-00-00-00-00-00-00-00-00-00-00-00-00-00-00-00-00-00-00-00-00-00-00-00-00-00-00-00-00-00-00-00-00-00-00-00-00-00-00-00-00-00-00-00-00-00-00-00-00-00-00
[15:48:17:500]50-41-0E-22-01-E0 [CMD_SENT][REMOTE_GET_MODE]
[15:48:17:503][HID_TX_ack]00-19-50-49-01-C0-5B-51-06-00-03-00-0E-A2-00-50-49-0E-E8-00-00-00-00-02-00-E0-01-17-49-01-C0-0E-2D-00-00-03-00-11-AA-18-00-00-00-00-00-00-00-00-00-00-00-00-00-00-00-00-00-00-00-00-00-00-00-00-00
[15:48:17:503]50-49-01-C0-5B-51-06-00-03-00-0E-A2-00
[15:48:17:503]50-49-0E-E8-00-00-00-00-02-00-E0-01-
[15:48:17:503]REMOTE_GET_MODE=01
[15:48:17:503][HID_TX]00-80-07-0C-A0-50-41-06-23-01-00-63-00-00-00-00-00-00-00-00-00-00-00-00-00-00-00-00-00-00-00-00-00-00-00-00-00-00-00-00-00-00-00-00-00-00-00-00-00-00-00-00-00-00-00-00-00-00-00-00-00-00-00-00-00
[15:48:17:504]HidD_GetInputReport=True
[15:48:17:504]reply_report=00-4F-00-00-00-00-00-00-00-00-00-00-00-00-00-00-00-00-00-00-00-00-00-00-00-00-00-00-00-00-00-00-00-00-00-00-00-00-00-00-00-00-00-00-00-00-00-00-00-00-00-00-00-00-00-00-00-00-00-00-00-00-00-00-00
[15:48:17:504]50-41-06-23-01-00-63 [CMD_SENT][CMD_GET_IO_LEVEL]
[15:48:17:528][HID_TX_ack]00-12-50-49-01-E9-FC-44-09-00-08-00-06-A3-00-01-FF-FF-0F-00-00-00-00-02-00-E0-01-17-49-01-C0-0E-2D-00-00-03-00-11-AA-18-00-00-00-00-00-00-00-00-00-00-00-00-00-00-00-00-00-00-00-00-00-00-00-00-00
[15:48:17:528]50-49-01-E9-FC-44-09-00-08-00-06-A3-00-01-FF-FF-0F-00
[15:48:17:750][HID_TX]00-80-06-DD-63-50-41-0E-24-01-E0-00-00-00-00-00-00-00-00-00-00-00-00-00-00-00-00-00-00-00-00-00-00-00-00-00-00-00-00-00-00-00-00-00-00-00-00-00-00-00-00-00-00-00-00-00-00-00-00-00-00-00-00-00-00
[15:48:17:751]HidD_GetInputReport=True
[15:48:17:751]reply_report=00-4F-00-00-00-00-00-00-00-00-00-00-00-00-00-00-00-00-00-00-00-00-00-00-00-00-00-00-00-00-00-00-00-00-00-00-00-00-00-00-00-00-00-00-00-00-00-00-00-00-00-00-00-00-00-00-00-00-00-00-00-00-00-00-00
[15:48:17:751]50-41-0E-24-01-E0 [CMD_SENT][REMOTE_GET_MODE]
[15:48:17:754][HID_TX_ack]00-19-50-49-01-C0-24-52-06-00-03-00-0E-A4-00-50-49-0E-EA-00-00-00-00-02-00-E0-01-17-49-01-C0-0E-2D-00-00-03-00-11-AA-18-00-00-00-00-00-00-00-00-00-00-00-00-00-00-00-00-00-00-00-00-00-00-00-00-00
[15:48:17:754]50-49-01-C0-24-52-06-00-03-00-0E-A4-00
[15:48:17:754]50-49-0E-EA-00-00-00-00-02-00-E0-01-
[15:48:17:754]REMOTE_GET_MODE=01
[15:48:17:754][HID_TX]00-80-07-31-D0-50-41-06-25-01-00-63-00-00-00-00-00-00-00-00-00-00-00-00-00-00-00-00-00-00-00-00-00-00-00-00-00-00-00-00-00-00-00-00-00-00-00-00-00-00-00-00-00-00-00-00-00-00-00-00-00-00-00-00-00
[15:48:17:755]HidD_GetInputReport=True
[15:48:17:755]reply_report=00-4F-00-00-00-00-00-00-00-00-00-00-00-00-00-00-00-00-00-00-00-00-00-00-00-00-00-00-00-00-00-00-00-00-00-00-00-00-00-00-00-00-00-00-00-00-00-00-00-00-00-00-00-00-00-00-00-00-00-00-00-00-00-00-00
[15:48:17:755]50-41-06-25-01-00-63 [CMD_SENT][CMD_GET_IO_LEVEL]
[15:48:17:763][HID_TX_ack]00-0D-50-49-11-EB-2B-52-06-00-03-00-20-E9-00-50-49-0E-EA-00-00-00-00-02-00-E0-01-17-49-01-C0-0E-2D-00-00-03-00-11-AA-18-00-00-00-00-00-00-00-00-00-00-00-00-00-00-00-00-00-00-00-00-00-00-00-00-00
[15:48:17:763]50-49-11-EB-2B-52-06-00-03-00-20-E9-00
[15:48:17:773][HID_TX_ack]00-12-50-49-01-EC-BC-45-09-00-08-00-06-A5-00-01-FF-FF-0F-00-00-00-00-02-00-E0-01-17-49-01-C0-0E-2D-00-00-03-00-11-AA-18-00-00-00-00-00-00-00-00-00-00-00-00-00-00-00-00-00-00-00-00-00-00-00-00-00
[15:48:17:773]50-49-01-EC-BC-45-09-00-08-00-06-A5-00-01-FF-FF-0F-00
[15:48:17:783][HID_TX_ack]00-0D-50-49-01-C0-3C-52-06-00-03-00-11-80-16-01-FF-FF-0F-00-00-00-00-02-00-E0-01-17-49-01-C0-0E-2D-00-00-03-00-11-AA-18-00-00-00-00-00-00-00-00-00-00-00-00-00-00-00-00-00-00-00-00-00-00-00-00-00
[15:48:17:783]50-49-01-C0-3C-52-06-00-03-00-11-80-16
[15:48:17:787][HID_TX_ack]00-1A-50-49-01-C0-3E-52-06-00-03-00-11-81-18-50-49-01-C0-3F-52-06-00-03-00-11-82-17-49-01-C0-0E-2D-00-00-03-00-11-AA-18-00-00-00-00-00-00-00-00-00-00-00-00-00-00-00-00-00-00-00-00-00-00-00-00-00
[15:48:17:788]50-49-01-C0-3E-52-06-00-03-00-11-81-18
[15:48:17:788]50-49-01-C0-3F-52-06-00-03-00-11-82-17
[15:48:17:790][HID_TX_ack]00-0D-50-49-11-ED-41-52-06-00-03-00-20-00-00-50-49-01-C0-3F-52-06-00-03-00-11-82-17-49-01-C0-0E-2D-00-00-03-00-11-AA-18-00-00-00-00-00-00-00-00-00-00-00-00-00-00-00-00-00-00-00-00-00-00-00-00-00
[15:48:17:791]50-49-11-ED-41-52-06-00-03-00-20-00-00
[15:48:17:983][HID_TX]00-80-06-36-4C-50-41-0E-26-01-E0-00-00-00-00-00-00-00-00-00-00-00-00-00-00-00-00-00-00-00-00-00-00-00-00-00-00-00-00-00-00-00-00-00-00-00-00-00-00-00-00-00-00-00-00-00-00-00-00-00-00-00-00-00-00
[15:48:17:984]HidD_GetInputReport=True
[15:48:17:984]reply_report=00-4F-00-00-00-00-00-00-00-00-00-00-00-00-00-00-00-00-00-00-00-00-00-00-00-00-00-00-00-00-00-00-00-00-00-00-00-00-00-00-00-00-00-00-00-00-00-00-00-00-00-00-00-00-00-00-00-00-00-00-00-00-00-00-00
[15:48:17:985]50-41-0E-26-01-E0 [CMD_SENT][REMOTE_GET_MODE]
[15:48:17:988][HID_TX_ack]00-19-50-49-01-C0-DE-52-06-00-03-00-0E-A6-00-50-49-0E-EE-00-00-00-00-02-00-E0-01-17-49-01-C0-0E-2D-00-00-03-00-11-AA-18-00-00-00-00-00-00-00-00-00-00-00-00-00-00-00-00-00-00-00-00-00-00-00-00-00
[15:48:17:988]50-49-01-C0-DE-52-06-00-03-00-0E-A6-00
[15:48:17:988]50-49-0E-EE-00-00-00-00-02-00-E0-01-
[15:48:17:988]REMOTE_GET_MODE=01
[15:48:17:989][HID_TX]00-80-07-DA-FF-50-41-06-27-01-00-63-00-00-00-00-00-00-00-00-00-00-00-00-00-00-00-00-00-00-00-00-00-00-00-00-00-00-00-00-00-00-00-00-00-00-00-00-00-00-00-00-00-00-00-00-00-00-00-00-00-00-00-00-00
[15:48:17:990]HidD_GetInputReport=True
[15:48:17:990]reply_report=00-4F-00-00-00-00-00-00-00-00-00-00-00-00-00-00-00-00-00-00-00-00-00-00-00-00-00-00-00-00-00-00-00-00-00-00-00-00-00-00-00-00-00-00-00-00-00-00-00-00-00-00-00-00-00-00-00-00-00-00-00-00-00-00-00
[15:48:17:991]50-41-06-27-01-00-63 [CMD_SENT][CMD_GET_IO_LEVEL]
[15:48:18:017][HID_TX_ack]00-12-50-49-01-EF-7B-46-09-00-08-00-06-A7-00-01-FF-FF-0F-00-00-00-00-02-00-E0-01-17-49-01-C0-0E-2D-00-00-03-00-11-AA-18-00-00-00-00-00-00-00-00-00-00-00-00-00-00-00-00-00-00-00-00-00-00-00-00-00
[15:48:18:018]50-49-01-EF-7B-46-09-00-08-00-06-A7-00-01-FF-FF-0F-00
[15:48:18:231][HID_TX]00-80-06-A7-83-50-41-0E-28-01-E0-00-00-00-00-00-00-00-00-00-00-00-00-00-00-00-00-00-00-00-00-00-00-00-00-00-00-00-00-00-00-00-00-00-00-00-00-00-00-00-00-00-00-00-00-00-00-00-00-00-00-00-00-00-00
[15:48:18:232]HidD_GetInputReport=True
[15:48:18:232]reply_report=00-4F-00-00-00-00-00-00-00-00-00-00-00-00-00-00-00-00-00-00-00-00-00-00-00-00-00-00-00-00-00-00-00-00-00-00-00-00-00-00-00-00-00-00-00-00-00-00-00-00-00-00-00-00-00-00-00-00-00-00-00-00-00-00-00
[15:48:18:233]50-41-0E-28-01-E0 [CMD_SENT][REMOTE_GET_MODE]
[15:48:18:235][HID_TX_ack]00-19-50-49-01-C0-A5-53-06-00-03-00-0E-A8-00-50-49-0E-F0-00-00-00-00-02-00-E0-01-17-49-01-C0-0E-2D-00-00-03-00-11-AA-18-00-00-00-00-00-00-00-00-00-00-00-00-00-00-00-00-00-00-00-00-00-00-00-00-00
[15:48:18:235]50-49-01-C0-A5-53-06-00-03-00-0E-A8-00
[15:48:18:235]50-49-0E-F0-00-00-00-00-02-00-E0-01-
[15:48:18:235]REMOTE_GET_MODE=01
[15:48:18:235][HID_TX]00-80-07-4B-30-50-41-06-29-01-00-63-00-00-00-00-00-00-00-00-00-00-00-00-00-00-00-00-00-00-00-00-00-00-00-00-00-00-00-00-00-00-00-00-00-00-00-00-00-00-00-00-00-00-00-00-00-00-00-00-00-00-00-00-00
[15:48:18:237]HidD_GetInputReport=True
[15:48:18:238]reply_report=00-4F-00-00-00-00-00-00-00-00-00-00-00-00-00-00-00-00-00-00-00-00-00-00-00-00-00-00-00-00-00-00-00-00-00-00-00-00-00-00-00-00-00-00-00-00-00-00-00-00-00-00-00-00-00-00-00-00-00-00-00-00-00-00-00
[15:48:18:238]50-41-06-29-01-00-63 [CMD_SENT][CMD_GET_IO_LEVEL]
[15:48:18:263][HID_TX_ack]00-12-50-49-01-F1-44-47-09-00-08-00-06-A9-00-01-FF-FF-0F-00-00-00-00-02-00-E0-01-17-49-01-C0-0E-2D-00-00-03-00-11-AA-18-00-00-00-00-00-00-00-00-00-00-00-00-00-00-00-00-00-00-00-00-00-00-00-00-00
[15:48:18:263]50-49-01-F1-44-47-09-00-08-00-06-A9-00-01-FF-FF-0F-00
[15:48:18:480][HID_TX]00-80-06-4C-AC-50-41-0E-2A-01-E0-00-00-00-00-00-00-00-00-00-00-00-00-00-00-00-00-00-00-00-00-00-00-00-00-00-00-00-00-00-00-00-00-00-00-00-00-00-00-00-00-00-00-00-00-00-00-00-00-00-00-00-00-00-00
[15:48:18:481]HidD_GetInputReport=True
[15:48:18:481]reply_report=00-4F-00-00-00-00-00-00-00-00-00-00-00-00-00-00-00-00-00-00-00-00-00-00-00-00-00-00-00-00-00-00-00-00-00-00-00-00-00-00-00-00-00-00-00-00-00-00-00-00-00-00-00-00-00-00-00-00-00-00-00-00-00-00-00
[15:48:18:481]50-41-0E-2A-01-E0 [CMD_SENT][REMOTE_GET_MODE]
[15:48:18:484][HID_TX_ack]00-19-50-49-01-C0-6C-54-06-00-03-00-0E-AA-00-50-49-0E-F2-00-00-00-00-02-00-E0-01-17-49-01-C0-0E-2D-00-00-03-00-11-AA-18-00-00-00-00-00-00-00-00-00-00-00-00-00-00-00-00-00-00-00-00-00-00-00-00-00
[15:48:18:484]50-49-01-C0-6C-54-06-00-03-00-0E-AA-00
[15:48:18:484]50-49-0E-F2-00-00-00-00-02-00-E0-01-
[15:48:18:484]REMOTE_GET_MODE=01
[15:48:18:484][HID_TX]00-80-07-A0-1F-50-41-06-2B-01-00-63-00-00-00-00-00-00-00-00-00-00-00-00-00-00-00-00-00-00-00-00-00-00-00-00-00-00-00-00-00-00-00-00-00-00-00-00-00-00-00-00-00-00-00-00-00-00-00-00-00-00-00-00-00
[15:48:18:485]HidD_GetInputReport=True
[15:48:18:485]reply_report=00-4F-00-00-00-00-00-00-00-00-00-00-00-00-00-00-00-00-00-00-00-00-00-00-00-00-00-00-00-00-00-00-00-00-00-00-00-00-00-00-00-00-00-00-00-00-00-00-00-00-00-00-00-00-00-00-00-00-00-00-00-00-00-00-00
[15:48:18:485]50-41-06-2B-01-00-63 [CMD_SENT][CMD_GET_IO_LEVEL]
[15:48:18:508][HID_TX_ack]00-12-50-49-01-F3-0C-48-09-00-08-00-06-AB-00-01-FF-FF-0E-00-00-00-00-02-00-E0-01-17-49-01-C0-0E-2D-00-00-03-00-11-AA-18-00-00-00-00-00-00-00-00-00-00-00-00-00-00-00-00-00-00-00-00-00-00-00-00-00
[15:48:18:509]50-49-01-F3-0C-48-09-00-08-00-06-AB-00-01-FF-FF-0E-00
[15:48:18:643][HID_TX_ack]00-0D-50-49-11-F4-EA-54-06-00-03-00-20-EA-00-01-FF-FF-0E-00-00-00-00-02-00-E0-01-17-49-01-C0-0E-2D-00-00-03-00-11-AA-18-00-00-00-00-00-00-00-00-00-00-00-00-00-00-00-00-00-00-00-00-00-00-00-00-00
[15:48:18:643]50-49-11-F4-EA-54-06-00-03-00-20-EA-00
[15:48:18:656][HID_TX_ack]00-1A-50-49-01-C0-F5-54-06-00-03-00-11-83-18-50-49-01-C0-F6-54-06-00-03-00-11-84-17-49-01-C0-0E-2D-00-00-03-00-11-AA-18-00-00-00-00-00-00-00-00-00-00-00-00-00-00-00-00-00-00-00-00-00-00-00-00-00
[15:48:18:656]50-49-01-C0-F5-54-06-00-03-00-11-83-18
[15:48:18:656]50-49-01-C0-F6-54-06-00-03-00-11-84-17
[15:48:18:658][HID_TX_ack]00-0D-50-49-11-F5-F7-54-06-00-03-00-20-00-00-50-49-01-C0-F6-54-06-00-03-00-11-84-17-49-01-C0-0E-2D-00-00-03-00-11-AA-18-00-00-00-00-00-00-00-00-00-00-00-00-00-00-00-00-00-00-00-00-00-00-00-00-00
[15:48:18:658]50-49-11-F5-F7-54-06-00-03-00-20-00-00
[15:48:18:727][HID_TX]00-80-06-71-DC-50-41-0E-2C-01-E0-00-00-00-00-00-00-00-00-00-00-00-00-00-00-00-00-00-00-00-00-00-00-00-00-00-00-00-00-00-00-00-00-00-00-00-00-00-00-00-00-00-00-00-00-00-00-00-00-00-00-00-00-00-00
[15:48:18:728]HidD_GetInputReport=True
[15:48:18:728]reply_report=00-4F-00-00-00-00-00-00-00-00-00-00-00-00-00-00-00-00-00-00-00-00-00-00-00-00-00-00-00-00-00-00-00-00-00-00-00-00-00-00-00-00-00-00-00-00-00-00-00-00-00-00-00-00-00-00-00-00-00-00-00-00-00-00-00
[15:48:18:728]50-41-0E-2C-01-E0 [CMD_SENT][REMOTE_GET_MODE]
[15:48:18:730][HID_TX_ack]00-19-50-49-01-C0-32-55-06-00-03-00-0E-AC-00-50-49-0E-F6-00-00-00-00-02-00-E0-01-17-49-01-C0-0E-2D-00-00-03-00-11-AA-18-00-00-00-00-00-00-00-00-00-00-00-00-00-00-00-00-00-00-00-00-00-00-00-00-00
[15:48:18:730]50-49-01-C0-32-55-06-00-03-00-0E-AC-00
[15:48:18:730]50-49-0E-F6-00-00-00-00-02-00-E0-01-
[15:48:18:730]REMOTE_GET_MODE=01
[15:48:18:731][HID_TX]00-80-07-9D-6F-50-41-06-2D-01-00-63-00-00-00-00-00-00-00-00-00-00-00-00-00-00-00-00-00-00-00-00-00-00-00-00-00-00-00-00-00-00-00-00-00-00-00-00-00-00-00-00-00-00-00-00-00-00-00-00-00-00-00-00-00
[15:48:18:732]HidD_GetInputReport=True
[15:48:18:732]reply_report=00-4F-00-00-00-00-00-00-00-00-00-00-00-00-00-00-00-00-00-00-00-00-00-00-00-00-00-00-00-00-00-00-00-00-00-00-00-00-00-00-00-00-00-00-00-00-00-00-00-00-00-00-00-00-00-00-00-00-00-00-00-00-00-00-00
[15:48:18:732]50-41-06-2D-01-00-63 [CMD_SENT][CMD_GET_IO_LEVEL]
[15:48:18:759][HID_TX_ack]00-12-50-49-01-F7-D6-48-09-00-08-00-06-AD-00-01-FF-FF-0F-00-00-00-00-02-00-E0-01-17-49-01-C0-0E-2D-00-00-03-00-11-AA-18-00-00-00-00-00-00-00-00-00-00-00-00-00-00-00-00-00-00-00-00-00-00-00-00-00
[15:48:18:759]50-49-01-F7-D6-48-09-00-08-00-06-AD-00-01-FF-FF-0F-00
[15:48:19:861][HID_TX]00-80-06-9A-F3-50-41-0E-2E-01-E0-00-00-00-00-00-00-00-00-00-00-00-00-00-00-00-00-00-00-00-00-00-00-00-00-00-00-00-00-00-00-00-00-00-00-00-00-00-00-00-00-00-00-00-00-00-00-00-00-00-00-00-00-00-00
[15:48:19:863]HidD_GetInputReport=True
[15:48:19:863]reply_report=00-4F-00-00-00-00-00-00-00-00-00-00-00-00-00-00-00-00-00-00-00-00-00-00-00-00-00-00-00-00-00-00-00-00-00-00-00-00-00-00-00-00-00-00-00-00-00-00-00-00-00-00-00-00-00-00-00-00-00-00-00-00-00-00-00
[15:48:19:863]50-41-0E-2E-01-E0 [CMD_SENT][REMOTE_GET_MODE]
[15:48:19:865][HID_TX_ack]00-19-50-49-01-C0-BD-58-06-00-03-00-0E-AE-00-50-49-0E-F8-00-00-00-00-02-00-E0-01-17-49-01-C0-0E-2D-00-00-03-00-11-AA-18-00-00-00-00-00-00-00-00-00-00-00-00-00-00-00-00-00-00-00-00-00-00-00-00-00
[15:48:19:865]50-49-01-C0-BD-58-06-00-03-00-0E-AE-00
[15:48:19:865]50-49-0E-F8-00-00-00-00-02-00-E0-01-
[15:48:19:865]REMOTE_GET_MODE=01
[15:48:19:865][HID_TX]00-80-07-76-40-50-41-06-2F-01-00-63-00-00-00-00-00-00-00-00-00-00-00-00-00-00-00-00-00-00-00-00-00-00-00-00-00-00-00-00-00-00-00-00-00-00-00-00-00-00-00-00-00-00-00-00-00-00-00-00-00-00-00-00-00
[15:48:19:866]HidD_GetInputReport=True
[15:48:19:867]reply_report=00-4F-00-00-00-00-00-00-00-00-00-00-00-00-00-00-00-00-00-00-00-00-00-00-00-00-00-00-00-00-00-00-00-00-00-00-00-00-00-00-00-00-00-00-00-00-00-00-00-00-00-00-00-00-00-00-00-00-00-00-00-00-00-00-00
[15:48:19:867]50-41-06-2F-01-00-63 [CMD_SENT][CMD_GET_IO_LEVEL]
[15:48:19:891][HID_TX_ack]00-12-50-49-01-F9-5A-4C-09-00-08-00-06-AF-00-01-FF-FF-0F-00-00-00-00-02-00-E0-01-17-49-01-C0-0E-2D-00-00-03-00-11-AA-18-00-00-00-00-00-00-00-00-00-00-00-00-00-00-00-00-00-00-00-00-00-00-00-00-00
[15:48:19:891]50-49-01-F9-5A-4C-09-00-08-00-06-AF-00-01-FF-FF-0F-00
[15:48:20:109][HID_TX]00-80-06-72-53-50-41-0E-30-01-E0-00-00-00-00-00-00-00-00-00-00-00-00-00-00-00-00-00-00-00-00-00-00-00-00-00-00-00-00-00-00-00-00-00-00-00-00-00-00-00-00-00-00-00-00-00-00-00-00-00-00-00-00-00-00
[15:48:20:110]HidD_GetInputReport=True
[15:48:20:110]reply_report=00-4F-00-00-00-00-00-00-00-00-00-00-00-00-00-00-00-00-00-00-00-00-00-00-00-00-00-00-00-00-00-00-00-00-00-00-00-00-00-00-00-00-00-00-00-00-00-00-00-00-00-00-00-00-00-00-00-00-00-00-00-00-00-00-00
[15:48:20:110]50-41-0E-30-01-E0 [CMD_SENT][REMOTE_GET_MODE]
[15:48:20:113][HID_TX_ack]00-19-50-49-01-C0-83-59-06-00-03-00-0E-B0-00-50-49-0E-FA-00-00-00-00-02-00-E0-01-17-49-01-C0-0E-2D-00-00-03-00-11-AA-18-00-00-00-00-00-00-00-00-00-00-00-00-00-00-00-00-00-00-00-00-00-00-00-00-00
[15:48:20:113]50-49-01-C0-83-59-06-00-03-00-0E-B0-00
[15:48:20:113]50-49-0E-FA-00-00-00-00-02-00-E0-01-
[15:48:20:113]REMOTE_GET_MODE=01
[15:48:20:113][HID_TX]00-80-07-9E-E0-50-41-06-31-01-00-63-00-00-00-00-00-00-00-00-00-00-00-00-00-00-00-00-00-00-00-00-00-00-00-00-00-00-00-00-00-00-00-00-00-00-00-00-00-00-00-00-00-00-00-00-00-00-00-00-00-00-00-00-00
[15:48:20:114]HidD_GetInputReport=True
[15:48:20:114]reply_report=00-4F-00-00-00-00-00-00-00-00-00-00-00-00-00-00-00-00-00-00-00-00-00-00-00-00-00-00-00-00-00-00-00-00-00-00-00-00-00-00-00-00-00-00-00-00-00-00-00-00-00-00-00-00-00-00-00-00-00-00-00-00-00-00-00
[15:48:20:114]50-41-06-31-01-00-63 [CMD_SENT][CMD_GET_IO_LEVEL]
[15:48:20:136][HID_TX_ack]00-12-50-49-01-FB-22-4D-09-00-08-00-06-B1-00-01-FF-FF-0F-00-00-00-00-02-00-E0-01-17-49-01-C0-0E-2D-00-00-03-00-11-AA-18-00-00-00-00-00-00-00-00-00-00-00-00-00-00-00-00-00-00-00-00-00-00-00-00-00
[15:48:20:136]50-49-01-FB-22-4D-09-00-08-00-06-B1-00-01-FF-FF-0F-00
[15:48:20:358][HID_TX]00-80-06-99-7C-50-41-0E-32-01-E0-00-00-00-00-00-00-00-00-00-00-00-00-00-00-00-00-00-00-00-00-00-00-00-00-00-00-00-00-00-00-00-00-00-00-00-00-00-00-00-00-00-00-00-00-00-00-00-00-00-00-00-00-00-00
[15:48:20:360]HidD_GetInputReport=True
[15:48:20:360]reply_report=00-4F-00-00-00-00-00-00-00-00-00-00-00-00-00-00-00-00-00-00-00-00-00-00-00-00-00-00-00-00-00-00-00-00-00-00-00-00-00-00-00-00-00-00-00-00-00-00-00-00-00-00-00-00-00-00-00-00-00-00-00-00-00-00-00
[15:48:20:360]50-41-0E-32-01-E0 [CMD_SENT][REMOTE_GET_MODE]
[15:48:20:362][HID_TX_ack]00-19-50-49-01-C0-4A-5A-06-00-03-00-0E-B2-00-50-49-0E-FC-00-00-00-00-02-00-E0-01-17-49-01-C0-0E-2D-00-00-03-00-11-AA-18-00-00-00-00-00-00-00-00-00-00-00-00-00-00-00-00-00-00-00-00-00-00-00-00-00
[15:48:20:362]50-49-01-C0-4A-5A-06-00-03-00-0E-B2-00
[15:48:20:362]50-49-0E-FC-00-00-00-00-02-00-E0-01-
[15:48:20:362]REMOTE_GET_MODE=01
[15:48:20:363][HID_TX]00-80-07-75-CF-50-41-06-33-01-00-63-00-00-00-00-00-00-00-00-00-00-00-00-00-00-00-00-00-00-00-00-00-00-00-00-00-00-00-00-00-00-00-00-00-00-00-00-00-00-00-00-00-00-00-00-00-00-00-00-00-00-00-00-00
[15:48:20:364]HidD_GetInputReport=True
[15:48:20:364]reply_report=00-4F-00-00-00-00-00-00-00-00-00-00-00-00-00-00-00-00-00-00-00-00-00-00-00-00-00-00-00-00-00-00-00-00-00-00-00-00-00-00-00-00-00-00-00-00-00-00-00-00-00-00-00-00-00-00-00-00-00-00-00-00-00-00-00
[15:48:20:364]50-41-06-33-01-00-63 [CMD_SENT][CMD_GET_IO_LEVEL]
[15:48:20:381][HID_TX_ack]00-12-50-49-01-FD-E3-4D-09-00-08-00-06-B3-00-01-FF-FF-0D-00-00-00-00-02-00-E0-01-17-49-01-C0-0E-2D-00-00-03-00-11-AA-18-00-00-00-00-00-00-00-00-00-00-00-00-00-00-00-00-00-00-00-00-00-00-00-00-00
[15:48:20:381]50-49-01-FD-E3-4D-09-00-08-00-06-B3-00-01-FF-FF-0D-00
[15:48:20:496][HID_TX_ack]00-0D-50-49-11-FE-B4-5A-06-00-03-00-20-E9-00-01-FF-FF-0D-00-00-00-00-02-00-E0-01-17-49-01-C0-0E-2D-00-00-03-00-11-AA-18-00-00-00-00-00-00-00-00-00-00-00-00-00-00-00-00-00-00-00-00-00-00-00-00-00
[15:48:20:496]50-49-11-FE-B4-5A-06-00-03-00-20-E9-00
[15:48:20:504][HID_TX_ack]00-1A-50-49-01-C0-BB-5A-06-00-03-00-11-85-18-50-49-01-C0-BC-5A-06-00-03-00-11-86-17-49-01-C0-0E-2D-00-00-03-00-11-AA-18-00-00-00-00-00-00-00-00-00-00-00-00-00-00-00-00-00-00-00-00-00-00-00-00-00
[15:48:20:504]50-49-01-C0-BB-5A-06-00-03-00-11-85-18
[15:48:20:505]50-49-01-C0-BC-5A-06-00-03-00-11-86-17
[15:48:20:507][HID_TX_ack]00-0D-50-49-11-FF-BD-5A-06-00-03-00-20-00-00-50-49-01-C0-BC-5A-06-00-03-00-11-86-17-49-01-C0-0E-2D-00-00-03-00-11-AA-18-00-00-00-00-00-00-00-00-00-00-00-00-00-00-00-00-00-00-00-00-00-00-00-00-00
[15:48:20:507]50-49-11-FF-BD-5A-06-00-03-00-20-00-00
[15:48:20:592][HID_TX]00-80-06-A4-0C-50-41-0E-34-01-E0-00-00-00-00-00-00-00-00-00-00-00-00-00-00-00-00-00-00-00-00-00-00-00-00-00-00-00-00-00-00-00-00-00-00-00-00-00-00-00-00-00-00-00-00-00-00-00-00-00-00-00-00-00-00
[15:48:20:594]HidD_GetInputReport=True
[15:48:20:594]reply_report=00-4F-00-00-00-00-00-00-00-00-00-00-00-00-00-00-00-00-00-00-00-00-00-00-00-00-00-00-00-00-00-00-00-00-00-00-00-00-00-00-00-00-00-00-00-00-00-00-00-00-00-00-00-00-00-00-00-00-00-00-00-00-00-00-00
[15:48:20:594]50-41-0E-34-01-E0 [CMD_SENT][REMOTE_GET_MODE]
[15:48:20:597][HID_TX_ack]00-19-50-49-01-C0-06-5B-06-00-03-00-0E-B4-00-50-49-0E-C0-00-00-00-00-02-00-E0-01-17-49-01-C0-0E-2D-00-00-03-00-11-AA-18-00-00-00-00-00-00-00-00-00-00-00-00-00-00-00-00-00-00-00-00-00-00-00-00-00
[15:48:20:597]50-49-01-C0-06-5B-06-00-03-00-0E-B4-00
[15:48:20:597]50-49-0E-C0-00-00-00-00-02-00-E0-01-
[15:48:20:597]REMOTE_GET_MODE=01
[15:48:20:597][HID_TX]00-80-07-48-BF-50-41-06-35-01-00-63-00-00-00-00-00-00-00-00-00-00-00-00-00-00-00-00-00-00-00-00-00-00-00-00-00-00-00-00-00-00-00-00-00-00-00-00-00-00-00-00-00-00-00-00-00-00-00-00-00-00-00-00-00
[15:48:20:598]HidD_GetInputReport=True
[15:48:20:598]reply_report=00-4F-00-00-00-00-00-00-00-00-00-00-00-00-00-00-00-00-00-00-00-00-00-00-00-00-00-00-00-00-00-00-00-00-00-00-00-00-00-00-00-00-00-00-00-00-00-00-00-00-00-00-00-00-00-00-00-00-00-00-00-00-00-00-00
[15:48:20:598]50-41-06-35-01-00-63 [CMD_SENT][CMD_GET_IO_LEVEL]
[15:48:20:637][HID_TX_ack]00-12-50-49-01-C1-A4-4E-09-00-08-00-06-B5-00-01-FF-FF-0F-00-00-00-00-02-00-E0-01-17-49-01-C0-0E-2D-00-00-03-00-11-AA-18-00-00-00-00-00-00-00-00-00-00-00-00-00-00-00-00-00-00-00-00-00-00-00-00-00
[15:48:20:637]50-49-01-C1-A4-4E-09-00-08-00-06-B5-00-01-FF-FF-0F-00
[15:48:21:555][HID_TX]00-80-07-CF-D7-50-41-0E-36-02-E1-00-00-00-00-00-00-00-00-00-00-00-00-00-00-00-00-00-00-00-00-00-00-00-00-00-00-00-00-00-00-00-00-00-00-00-00-00-00-00-00-00-00-00-00-00-00-00-00-00-00-00-00-00-00
[15:48:21:557]HidD_GetInputReport=True
[15:48:21:557]reply_report=00-4F-00-00-00-00-00-00-00-00-00-00-00-00-00-00-00-00-00-00-00-00-00-00-00-00-00-00-00-00-00-00-00-00-00-00-00-00-00-00-00-00-00-00-00-00-00-00-00-00-00-00-00-00-00-00-00-00-00-00-00-00-00-00-00
[15:48:21:557]50-41-0E-36-02-E1-00 [CMD_SENT][REMOTE_SET_MODE] is_remote=False
[15:48:21:559][HID_TX_ack]00-0D-50-49-01-C0-08-5E-06-00-03-00-0E-B6-00-01-FF-FF-0F-00-00-00-00-02-00-E0-01-17-49-01-C0-0E-2D-00-00-03-00-11-AA-18-00-00-00-00-00-00-00-00-00-00-00-00-00-00-00-00-00-00-00-00-00-00-00-00-00
[15:48:21:559]50-49-01-C0-08-5E-06-00-03-00-0E-B6-00
[15:48:21:561]ystech_Power_Saving, is_EnablePowerSaving=True
[15:48:21:561][HID_TX]00-85-01-73-56-02-00-00-00-00-00-00-00-00-00-00-00-00-00-00-00-00-00-00-00-00-00-00-00-00-00-00-00-00-00-00-00-00-00-00-00-00-00-00-00-00-00-00-00-00-00-00-00-00-00-00-00-00-00-00-00-00-00-00-00
[15:48:21:562]HidD_GetInputReport=True
[15:48:21:562]reply_report=00-4F-00-00-00-00-00-00-00-00-00-00-00-00-00-00-00-00-00-00-00-00-00-00-00-00-00-00-00-00-00-00-00-00-00-00-00-00-00-00-00-00-00-00-00-00-00-00-00-00-00-00-00-00-00-00-00-00-00-00-00-00-00-00-00
[15:48:21:562]HID_CMD_POWER_SAVING_Enable
[15:48:21:562]close_hid_stream
[15:48:21:562]close_hid_handle
