[08:51:28:541]\\?\hid#dell09c2&col02#5&bc4dc33&0&0001#{4d1e55b2-f16f-11cf-88cb-001111000030}
[08:51:28:541]\\?\hid#dell09c2&col03#5&bc4dc33&0&0002#{4d1e55b2-f16f-11cf-88cb-001111000030}
[08:51:28:541]\\?\hid#intc816&col01#3&207f9b7f&0&0000#{4d1e55b2-f16f-11cf-88cb-001111000030}
[08:51:28:541]\\?\hid#vid_046d&pid_0adf&mi_04#7&2ad3f249&0&0000#{4d1e55b2-f16f-11cf-88cb-001111000030}
[08:51:28:541]\\?\hid#intc816&col02#3&207f9b7f&0&0001#{4d1e55b2-f16f-11cf-88cb-001111000030}
[08:51:28:541]\\?\hid#converteddevice&col02#5&17bac0a6&0&0001#{4d1e55b2-f16f-11cf-88cb-001111000030}
[08:51:28:541]\\?\hid#converteddevice&col03#5&17bac0a6&0&0002#{4d1e55b2-f16f-11cf-88cb-001111000030}
[08:51:28:541]\\?\hid#dell09c2&col04#5&bc4dc33&0&0003#{4d1e55b2-f16f-11cf-88cb-001111000030}
[08:51:28:542]\\?\hid#dell09c2&col05#5&bc4dc33&0&0004#{4d1e55b2-f16f-11cf-88cb-001111000030}
[08:51:28:542]\\?\hid#vid_046d&pid_0adf&mi_00#7&28ee3ab8&0&0000#{4d1e55b2-f16f-11cf-88cb-001111000030}
[08:51:28:542]\\?\hid#converteddevice&col01#5&17bac0a6&0&0000#{4d1e55b2-f16f-11cf-88cb-001111000030}\kbd
[08:51:28:542]\\?\hid#dell09c2&col01#5&bc4dc33&0&0000#{4d1e55b2-f16f-11cf-88cb-001111000030}
[08:51:28:542]\\?\hid#vid_413c&pid_301a#6&3b68e75b&0&0000#{4d1e55b2-f16f-11cf-88cb-001111000030}
[08:51:28:543]try_path=\\?\hid#vid_046d&pid_0adf&mi_04#7&2ad3f249&0&0000#{4d1e55b2-f16f-11cf-88cb-001111000030}
[08:51:28:554][invalid device][System.Exception]
[08:51:28:558]   at ..connect(String path)
[08:51:28:558]close_hid_handle
[08:51:28:561][connect HID device fail : invalid device][System.Exception]
[08:51:28:561]   at ..connect(String path)
   at ..(String  )
   at ..connect(UInt16 vid, UInt16 pid,  vt)
[08:51:28:561]try_path=\\?\hid#vid_046d&pid_0adf&mi_00#7&28ee3ab8&0&0000#{4d1e55b2-f16f-11cf-88cb-001111000030}
[08:51:28:561]	InputReportByteLength=65
[08:51:28:561]	OutputReportByteLength=65
[08:51:28:561]HID_Connected=\\?\hid#vid_046d&pid_0adf&mi_00#7&28ee3ab8&0&0000#{4d1e55b2-f16f-11cf-88cb-001111000030}
[08:51:28:562][HID_TX]00-84-01-D1-55-01-00-00-00-00-00-00-00-00-00-00-00-00-00-00-00-00-00-00-00-00-00-00-00-00-00-00-00-00-00-00-00-00-00-00-00-00-00-00-00-00-00-00-00-00-00-00-00-00-00-00-00-00-00-00-00-00-00-00-00
[08:51:28:564]HidD_GetInputReport=True
[08:51:28:564]reply_report=00-4F-56-31-2E-36-2E-31-00-00-00-00-00-00-00-00-00-00-00-00-00-00-00-00-00-00-00-00-00-00-00-00-00-00-00-00-00-00-00-00-00-00-00-00-00-00-00-00-00-00-00-00-00-00-00-00-00-00-00-00-00-00-00-00-00
[08:51:28:564][ys_tech] fw_version=V1.6.1
[08:51:28:564]ystech_Power_Saving, is_EnablePowerSaving=False
[08:51:28:564][HID_TX]00-85-01-83-8B-01-00-00-00-00-00-00-00-00-00-00-00-00-00-00-00-00-00-00-00-00-00-00-00-00-00-00-00-00-00-00-00-00-00-00-00-00-00-00-00-00-00-00-00-00-00-00-00-00-00-00-00-00-00-00-00-00-00-00-00
[08:51:28:565]HidD_GetInputReport=True
[08:51:28:565]reply_report=00-4F-00-00-00-00-00-00-00-00-00-00-00-00-00-00-00-00-00-00-00-00-00-00-00-00-00-00-00-00-00-00-00-00-00-00-00-00-00-00-00-00-00-00-00-00-00-00-00-00-00-00-00-00-00-00-00-00-00-00-00-00-00-00-00
[08:51:28:565]HID_CMD_POWER_SAVING_Disable
[08:51:28:565]path_connected=\\?\hid#vid_046d&pid_0adf&mi_00#7&28ee3ab8&0&0000#{4d1e55b2-f16f-11cf-88cb-001111000030}
[08:51:36:750][HID_TX]00-80-06-1C-7D-50-41-0E-01-01-E0-00-00-00-00-00-00-00-00-00-00-00-00-00-00-00-00-00-00-00-00-00-00-00-00-00-00-00-00-00-00-00-00-00-00-00-00-00-00-00-00-00-00-00-00-00-00-00-00-00-00-00-00-00-00
[08:51:36:751]HidD_GetInputReport=True
[08:51:36:751]reply_report=00-4F-00-00-00-00-00-00-00-00-00-00-00-00-00-00-00-00-00-00-00-00-00-00-00-00-00-00-00-00-00-00-00-00-00-00-00-00-00-00-00-00-00-00-00-00-00-00-00-00-00-00-00-00-00-00-00-00-00-00-00-00-00-00-00
[08:51:36:751]50-41-0E-01-01-E0 [CMD_SENT][REMOTE_GET_MODE]
[08:51:36:755][HID_TX_ack]00-19-50-49-01-C0-17-A0-06-00-03-00-0E-81-00-50-49-0E-C8-00-00-00-00-02-00-E0-00-13-01-00-01-00-31-00-00-00-31-00-01-00-18-00-00-00-00-00-00-00-00-00-00-00-00-00-00-00-00-00-00-00-00-00-00-00-00
[08:51:36:768]REMOTE_GET_MODE=00
[08:51:36:768]50-49-01-C0-17-A0-06-00-03-00-0E-81-00
[08:51:36:768]50-49-0E-C8-00-00-00-00-02-00-E0-00-
[08:51:36:769]send_OTA_CMD_GET_IMAGE_VERSION=MC
[08:51:36:769][HID_TX]00-80-0A-03-99-50-41-06-02-04-00-34-01-4D-43-00-00-00-00-00-00-00-00-00-00-00-00-00-00-00-00-00-00-00-00-00-00-00-00-00-00-00-00-00-00-00-00-00-00-00-00-00-00-00-00-00-00-00-00-00-00-00-00-00-00
[08:51:36:770]HidD_GetInputReport=True
[08:51:36:770]reply_report=00-4F-00-00-00-00-00-00-00-00-00-00-00-00-00-00-00-00-00-00-00-00-00-00-00-00-00-00-00-00-00-00-00-00-00-00-00-00-00-00-00-00-00-00-00-00-00-00-00-00-00-00-00-00-00-00-00-00-00-00-00-00-00-00-00
[08:51:36:770]50-41-06-02-04-00-34-01-4D-43 [CMD_SENT][OTA_CMD_GET_IMAGE_VERSION]
[08:51:36:781][HID_TX_ack]00-11-50-49-01-C0-17-A0-06-00-07-00-06-82-00-00-00-01-00-00-00-00-00-02-00-E0-00-13-01-00-01-00-31-00-00-00-31-00-01-00-18-00-00-00-00-00-00-00-00-00-00-00-00-00-00-00-00-00-00-00-00-00-00-00-00
[08:51:36:781]50-49-01-C0-17-A0-06-00-07-00-06-82-00-00-00-01-00
[08:51:37:790][HID_TX]00-80-06-F7-52-50-41-0E-03-01-E0-00-00-00-00-00-00-00-00-00-00-00-00-00-00-00-00-00-00-00-00-00-00-00-00-00-00-00-00-00-00-00-00-00-00-00-00-00-00-00-00-00-00-00-00-00-00-00-00-00-00-00-00-00-00
[08:51:37:791]HidD_GetInputReport=True
[08:51:37:791]reply_report=00-4F-00-00-00-00-00-00-00-00-00-00-00-00-00-00-00-00-00-00-00-00-00-00-00-00-00-00-00-00-00-00-00-00-00-00-00-00-00-00-00-00-00-00-00-00-00-00-00-00-00-00-00-00-00-00-00-00-00-00-00-00-00-00-00
[08:51:37:791]50-41-0E-03-01-E0 [CMD_SENT][REMOTE_GET_MODE]
[08:51:37:793][HID_TX_ack]00-19-50-49-01-C0-5F-A3-06-00-03-00-0E-83-00-50-49-0E-C9-00-00-00-00-02-00-E0-00-13-01-00-01-00-31-00-00-00-31-00-01-00-18-00-00-00-00-00-00-00-00-00-00-00-00-00-00-00-00-00-00-00-00-00-00-00-00
[08:51:37:793]50-49-01-C0-5F-A3-06-00-03-00-0E-83-00
[08:51:37:793]50-49-0E-C9-00-00-00-00-02-00-E0-00-
[08:51:37:793]REMOTE_GET_MODE=00
[08:51:37:793][HID_TX]00-80-08-35-96-50-41-06-04-02-00-43-01-00-00-00-00-00-00-00-00-00-00-00-00-00-00-00-00-00-00-00-00-00-00-00-00-00-00-00-00-00-00-00-00-00-00-00-00-00-00-00-00-00-00-00-00-00-00-00-00-00-00-00-00
[08:51:37:795]HidD_GetInputReport=True
[08:51:37:795]reply_report=00-4F-00-00-00-00-00-00-00-00-00-00-00-00-00-00-00-00-00-00-00-00-00-00-00-00-00-00-00-00-00-00-00-00-00-00-00-00-00-00-00-00-00-00-00-00-00-00-00-00-00-00-00-00-00-00-00-00-00-00-00-00-00-00-00
[08:51:37:795]50-41-06-04-02-00-43-01 [CMD_SENT][CMD_READ_MP_DATA_BY_ID]
[08:51:37:797][HID_TX_ack]00-13-50-49-01-C0-5F-A3-06-00-09-00-06-84-00-49-24-14-09-08-21-00-00-02-00-E0-00-13-01-00-01-00-31-00-00-00-31-00-01-00-18-00-00-00-00-00-00-00-00-00-00-00-00-00-00-00-00-00-00-00-00-00-00-00-00
[08:51:37:797]50-49-01-C0-5F-A3-06-00-09-00-06-84-00-49-24-14-09-08-21
[08:51:38:800][HID_TX]00-80-06-CA-22-50-41-0E-05-01-E0-00-00-00-00-00-00-00-00-00-00-00-00-00-00-00-00-00-00-00-00-00-00-00-00-00-00-00-00-00-00-00-00-00-00-00-00-00-00-00-00-00-00-00-00-00-00-00-00-00-00-00-00-00-00
[08:51:38:801]HidD_GetInputReport=True
[08:51:38:801]reply_report=00-4F-00-00-00-00-00-00-00-00-00-00-00-00-00-00-00-00-00-00-00-00-00-00-00-00-00-00-00-00-00-00-00-00-00-00-00-00-00-00-00-00-00-00-00-00-00-00-00-00-00-00-00-00-00-00-00-00-00-00-00-00-00-00-00
[08:51:38:801]50-41-0E-05-01-E0 [CMD_SENT][REMOTE_GET_MODE]
[08:51:38:804][HID_TX_ack]00-19-50-49-01-C0-99-A6-06-00-03-00-0E-85-00-50-49-0E-CA-00-00-00-00-02-00-E0-00-13-01-00-01-00-31-00-00-00-31-00-01-00-18-00-00-00-00-00-00-00-00-00-00-00-00-00-00-00-00-00-00-00-00-00-00-00-00
[08:51:38:804]50-49-01-C0-99-A6-06-00-03-00-0E-85-00
[08:51:38:804]50-49-0E-CA-00-00-00-00-02-00-E0-00-
[08:51:38:804]REMOTE_GET_MODE=00
[08:51:38:805][HID_TX]00-80-08-B9-7F-50-41-07-06-03-08-00-E1-00-00-00-00-00-00-00-00-00-00-00-00-00-00-00-00-00-00-00-00-00-00-00-00-00-00-00-00-00-00-00-00-00-00-00-00-00-00-00-00-00-00-00-00-00-00-00-00-00-00-00-00
[08:51:38:806]HidD_GetInputReport=True
[08:51:38:806]reply_report=00-4F-00-00-00-00-00-00-00-00-00-00-00-00-00-00-00-00-00-00-00-00-00-00-00-00-00-00-00-00-00-00-00-00-00-00-00-00-00-00-00-00-00-00-00-00-00-00-00-00-00-00-00-00-00-00-00-00-00-00-00-00-00-00-00
[08:51:38:806]50-41-07-06-03-08-00-E1 [CMD_SENT] [CMD_SENT][UNKNOW]
[08:51:38:810][HID_TX_ack]00-0F-50-49-01-C0-9E-A6-06-00-05-00-07-86-08-00-00-0E-CA-00-00-00-00-02-00-E0-00-13-01-00-01-00-31-00-00-00-31-00-01-00-18-00-00-00-00-00-00-00-00-00-00-00-00-00-00-00-00-00-00-00-00-00-00-00-00
[08:51:38:810]50-49-01-C0-9E-A6-06-00-05-00-07-86-08-00-00
[08:51:39:823][HID_TX]00-80-07-A1-F9-50-41-0E-07-02-E1-00-00-00-00-00-00-00-00-00-00-00-00-00-00-00-00-00-00-00-00-00-00-00-00-00-00-00-00-00-00-00-00-00-00-00-00-00-00-00-00-00-00-00-00-00-00-00-00-00-00-00-00-00-00
[08:51:39:825]HidD_GetInputReport=True
[08:51:39:825]reply_report=00-4F-00-00-00-00-00-00-00-00-00-00-00-00-00-00-00-00-00-00-00-00-00-00-00-00-00-00-00-00-00-00-00-00-00-00-00-00-00-00-00-00-00-00-00-00-00-00-00-00-00-00-00-00-00-00-00-00-00-00-00-00-00-00-00
[08:51:39:825]50-41-0E-07-02-E1-00 [CMD_SENT][REMOTE_SET_MODE] is_remote=False
[08:51:39:827][HID_TX_ack]00-0D-50-49-01-C0-CC-A9-06-00-03-00-0E-87-00-00-00-0E-CA-00-00-00-00-02-00-E0-00-13-01-00-01-00-31-00-00-00-31-00-01-00-18-00-00-00-00-00-00-00-00-00-00-00-00-00-00-00-00-00-00-00-00-00-00-00-00
[08:51:39:827]50-49-01-C0-CC-A9-06-00-03-00-0E-87-00
[08:51:39:827]ystech_Power_Saving, is_EnablePowerSaving=True
[08:51:39:827][HID_TX]00-85-01-73-56-02-00-00-00-00-00-00-00-00-00-00-00-00-00-00-00-00-00-00-00-00-00-00-00-00-00-00-00-00-00-00-00-00-00-00-00-00-00-00-00-00-00-00-00-00-00-00-00-00-00-00-00-00-00-00-00-00-00-00-00
[08:51:39:828]HidD_GetInputReport=True
[08:51:39:828]reply_report=00-4F-00-00-00-00-00-00-00-00-00-00-00-00-00-00-00-00-00-00-00-00-00-00-00-00-00-00-00-00-00-00-00-00-00-00-00-00-00-00-00-00-00-00-00-00-00-00-00-00-00-00-00-00-00-00-00-00-00-00-00-00-00-00-00
[08:51:39:828]HID_CMD_POWER_SAVING_Enable
[08:51:39:828]close_hid_stream
[08:51:39:828]close_hid_handle
