[02:37:55:005]\\?\hid#dell09c2&col02#5&bc4dc33&0&0001#{4d1e55b2-f16f-11cf-88cb-001111000030}
[02:37:55:005]\\?\hid#dell09c2&col03#5&bc4dc33&0&0002#{4d1e55b2-f16f-11cf-88cb-001111000030}
[02:37:55:005]\\?\hid#intc816&col01#3&207f9b7f&0&0000#{4d1e55b2-f16f-11cf-88cb-001111000030}
[02:37:55:005]\\?\hid#intc816&col02#3&207f9b7f&0&0001#{4d1e55b2-f16f-11cf-88cb-001111000030}
[02:37:55:005]\\?\hid#converteddevice&col02#5&17bac0a6&0&0001#{4d1e55b2-f16f-11cf-88cb-001111000030}
[02:37:55:005]\\?\hid#converteddevice&col03#5&17bac0a6&0&0002#{4d1e55b2-f16f-11cf-88cb-001111000030}
[02:37:55:005]\\?\hid#dell09c2&col04#5&bc4dc33&0&0003#{4d1e55b2-f16f-11cf-88cb-001111000030}
[02:37:55:005]\\?\hid#{00001812-0000-1000-8000-00805f9b34fb}_dev_vid&0232c2_pid&0001_rev&0068_ccb624cd66b1#9&326e3aae&0&0000#{4d1e55b2-f16f-11cf-88cb-001111000030}
[02:37:55:005]\\?\hid#dell09c2&col05#5&bc4dc33&0&0004#{4d1e55b2-f16f-11cf-88cb-001111000030}
[02:37:55:005]\\?\hid#converteddevice&col01#5&17bac0a6&0&0000#{4d1e55b2-f16f-11cf-88cb-001111000030}\kbd
[02:37:55:005]\\?\hid#dell09c2&col01#5&bc4dc33&0&0000#{4d1e55b2-f16f-11cf-88cb-001111000030}
[02:37:55:005]\\?\hid#vid_046d&pid_0adf&mi_00#7&3ad8dff3&0&0000#{4d1e55b2-f16f-11cf-88cb-001111000030}
[02:37:55:005]\\?\hid#vid_046d&pid_0adf&mi_04#7&18e94d0e&0&0000#{4d1e55b2-f16f-11cf-88cb-001111000030}
[02:37:55:007]try_path=\\?\hid#vid_046d&pid_0adf&mi_00#7&3ad8dff3&0&0000#{4d1e55b2-f16f-11cf-88cb-001111000030}
[02:37:55:008]	InputReportByteLength=65
[02:37:55:009]	OutputReportByteLength=65
[02:37:55:009]HID_Connected=\\?\hid#vid_046d&pid_0adf&mi_00#7&3ad8dff3&0&0000#{4d1e55b2-f16f-11cf-88cb-001111000030}
[02:37:55:009][HID_TX]00-84-01-D1-55-01-00-00-00-00-00-00-00-00-00-00-00-00-00-00-00-00-00-00-00-00-00-00-00-00-00-00-00-00-00-00-00-00-00-00-00-00-00-00-00-00-00-00-00-00-00-00-00-00-00-00-00-00-00-00-00-00-00-00-00
[02:37:55:012]HidD_GetInputReport=True
[02:37:55:012]reply_report=00-4F-56-31-2E-38-2E-35-2E-31-00-00-00-00-00-00-00-00-00-00-00-00-00-00-00-00-00-00-00-00-00-00-00-00-00-00-00-00-00-00-00-00-00-00-00-00-00-00-00-00-00-00-00-00-00-00-00-00-00-00-00-00-00-00-00
[02:37:55:012][ys_tech] fw_version=V1.8.5.1
[02:37:55:012]ystech_Power_Saving, is_EnablePowerSaving=False
[02:37:55:012][HID_TX]00-85-01-83-8B-01-00-00-00-00-00-00-00-00-00-00-00-00-00-00-00-00-00-00-00-00-00-00-00-00-00-00-00-00-00-00-00-00-00-00-00-00-00-00-00-00-00-00-00-00-00-00-00-00-00-00-00-00-00-00-00-00-00-00-00
[02:37:55:013]HidD_GetInputReport=True
[02:37:55:013]reply_report=00-46-00-00-00-00-00-00-00-00-00-00-00-00-00-00-00-00-00-00-00-00-00-00-00-00-00-00-00-00-00-00-00-00-00-00-00-00-00-00-00-00-00-00-00-00-00-00-00-00-00-00-00-00-00-00-00-00-00-00-00-00-00-00-00
[02:37:55:027][Response Fail][System.Exception]
[02:37:55:032]   at ..(Boolean  )
   at ..(Byte  , Byte[]  )
[02:37:55:089]_ystech_retry_count=1
[02:37:55:089][HID_TX]00-85-01-83-8B-01-00-00-00-00-00-00-00-00-00-00-00-00-00-00-00-00-00-00-00-00-00-00-00-00-00-00-00-00-00-00-00-00-00-00-00-00-00-00-00-00-00-00-00-00-00-00-00-00-00-00-00-00-00-00-00-00-00-00-00
[02:37:55:090]HidD_GetInputReport=True
[02:37:55:090]reply_report=00-4F-00-00-00-00-00-00-00-00-00-00-00-00-00-00-00-00-00-00-00-00-00-00-00-00-00-00-00-00-00-00-00-00-00-00-00-00-00-00-00-00-00-00-00-00-00-00-00-00-00-00-00-00-00-00-00-00-00-00-00-00-00-00-00
[02:37:55:090]HID_CMD_POWER_SAVING_Disable
[02:37:55:090]path_connected=\\?\hid#vid_046d&pid_0adf&mi_00#7&3ad8dff3&0&0000#{4d1e55b2-f16f-11cf-88cb-001111000030}
[02:38:00:806][HID_TX]00-80-06-1C-7D-50-41-0E-01-01-E0-00-00-00-00-00-00-00-00-00-00-00-00-00-00-00-00-00-00-00-00-00-00-00-00-00-00-00-00-00-00-00-00-00-00-00-00-00-00-00-00-00-00-00-00-00-00-00-00-00-00-00-00-00-00
[02:38:00:807]HidD_GetInputReport=True
[02:38:00:807]reply_report=00-4F-00-00-00-00-00-00-00-00-00-00-00-00-00-00-00-00-00-00-00-00-00-00-00-00-00-00-00-00-00-00-00-00-00-00-00-00-00-00-00-00-00-00-00-00-00-00-00-00-00-00-00-00-00-00-00-00-00-00-00-00-00-00-00
[02:38:00:807]50-41-0E-01-01-E0 [CMD_SENT][REMOTE_GET_MODE]
[02:38:00:811][HID_TX_ack]00-19-50-49-01-C0-B4-A3-00-00-03-00-0E-81-00-50-49-0E-C5-00-00-00-00-02-00-E0-00-00-32-00-00-00-00-00-00-00-00-00-00-00-00-00-00-00-00-00-00-00-00-00-00-00-00-00-00-00-00-00-00-00-00-00-00-00-00
[02:38:00:828]REMOTE_GET_MODE=00
[02:38:00:829]50-49-01-C0-B4-A3-00-00-03-00-0E-81-00
[02:38:00:829]50-49-0E-C5-00-00-00-00-02-00-E0-00-
[02:38:00:829][HID_TX]00-80-07-F5-A5-50-41-0E-02-02-E1-01-00-00-00-00-00-00-00-00-00-00-00-00-00-00-00-00-00-00-00-00-00-00-00-00-00-00-00-00-00-00-00-00-00-00-00-00-00-00-00-00-00-00-00-00-00-00-00-00-00-00-00-00-00
[02:38:00:830]HidD_GetInputReport=True
[02:38:00:830]reply_report=00-4F-00-00-00-00-00-00-00-00-00-00-00-00-00-00-00-00-00-00-00-00-00-00-00-00-00-00-00-00-00-00-00-00-00-00-00-00-00-00-00-00-00-00-00-00-00-00-00-00-00-00-00-00-00-00-00-00-00-00-00-00-00-00-00
[02:38:00:830]50-41-0E-02-02-E1-01 [CMD_SENT][REMOTE_SET_MODE] is_remote=True
[02:38:00:832][HID_TX_ack]00-0D-50-49-01-C0-C6-A3-00-00-03-00-0E-82-00-50-49-0E-C5-00-00-00-00-02-00-E0-00-00-32-00-00-00-00-00-00-00-00-00-00-00-00-00-00-00-00-00-00-00-00-00-00-00-00-00-00-00-00-00-00-00-00-00-00-00-00
[02:38:00:833]50-49-01-C0-C6-A3-00-00-03-00-0E-82-00
[02:38:00:833][HID_TX]00-80-13-A8-D9-50-41-06-03-0D-00-25-34-12-5A-5A-01-00-00-00-F0-00-00-00-00-00-00-00-00-00-00-00-00-00-00-00-00-00-00-00-00-00-00-00-00-00-00-00-00-00-00-00-00-00-00-00-00-00-00-00-00-00-00-00-00
[02:38:00:834]HidD_GetInputReport=True
[02:38:00:834]reply_report=00-4F-00-00-00-00-00-00-00-00-00-00-00-00-00-00-00-00-00-00-00-00-00-00-00-00-00-00-00-00-00-00-00-00-00-00-00-00-00-00-00-00-00-00-00-00-00-00-00-00-00-00-00-00-00-00-00-00-00-00-00-00-00-00-00
[02:38:00:834]50-41-06-03-0D-00-25-34-12-5A-5A-01-00-00-00-F0-00-00-00 [CMD_SENT][OTA_CMD_IOCTL][READ_MAX_LEN]
[02:38:00:852][HID_TX_ack]00-11-50-49-01-C6-7A-72-01-00-07-00-06-83-00-F0-00-00-00-00-00-00-00-02-00-E0-00-00-32-00-00-00-00-00-00-00-00-00-00-00-00-00-00-00-00-00-00-00-00-00-00-00-00-00-00-00-00-00-00-00-00-00-00-00-00
[02:38:00:853]50-49-01-C6-7A-72-01-00-07-00-06-83-00-F0-00-00-00
[02:38:00:853][HID_TX]00-80-06-2F-BD-50-41-0E-04-01-E0-00-00-00-00-00-00-00-00-00-00-00-00-00-00-00-00-00-00-00-00-00-00-00-00-00-00-00-00-00-00-00-00-00-00-00-00-00-00-00-00-00-00-00-00-00-00-00-00-00-00-00-00-00-00
[02:38:00:854]HidD_GetInputReport=True
[02:38:00:854]reply_report=00-4F-00-00-00-00-00-00-00-00-00-00-00-00-00-00-00-00-00-00-00-00-00-00-00-00-00-00-00-00-00-00-00-00-00-00-00-00-00-00-00-00-00-00-00-00-00-00-00-00-00-00-00-00-00-00-00-00-00-00-00-00-00-00-00
[02:38:00:854]50-41-0E-04-01-E0 [CMD_SENT][REMOTE_GET_MODE]
[02:38:00:856][HID_TX_ack]00-19-50-49-01-C0-D9-A3-00-00-03-00-0E-84-00-50-49-0E-C7-00-00-00-00-02-00-E0-01-00-32-00-00-00-00-00-00-00-00-00-00-00-00-00-00-00-00-00-00-00-00-00-00-00-00-00-00-00-00-00-00-00-00-00-00-00-00
[02:38:00:856]50-49-01-C0-D9-A3-00-00-03-00-0E-84-00
[02:38:00:856]50-49-0E-C7-00-00-00-00-02-00-E0-01-
[02:38:00:856]REMOTE_GET_MODE=01
[02:38:00:858][HID_TX]00-80-15-55-33-50-41-02-05-10-74-72-61-63-65-72-20-6E-76-64-73-72-20-32-33-36-00-00-00-00-00-00-00-00-00-00-00-00-00-00-00-00-00-00-00-00-00-00-00-00-00-00-00-00-00-00-00-00-00-00-00-00-00-00-00
[02:38:00:859]HidD_GetInputReport=True
[02:38:00:859]reply_report=00-4F-00-00-00-00-00-00-00-00-00-00-00-00-00-00-00-00-00-00-00-00-00-00-00-00-00-00-00-00-00-00-00-00-00-00-00-00-00-00-00-00-00-00-00-00-00-00-00-00-00-00-00-00-00-00-00-00-00-00-00-00-00-00-00
[02:38:00:859]50-41-02-05-10-74-72-61-63-65-72-20-6E-76-64-73-72-20-32-33-36 [CMD_SENT][write_tracer][tracer nvdsr 236]
[02:38:00:870][HID_TX_ack]00-27-50-49-01-C8-89-72-01-00-1D-00-02-05-2D-2D-2D-2D-2D-2D-2D-2D-4E-56-44-53-20-52-65-61-64-20-46-69-6C-65-5B-32-33-36-5D-00-00-00-00-00-00-00-00-00-00-00-00-00-00-00-00-00-00-00-00-00-00-00-00
[02:38:00:871]50-49-01-C8-89-72-01-00-1D-00-02-05-2D-2D-2D-2D-2D-2D-2D-2D-4E-56-44-53-20-52-65-61-64-20-46-69-6C-65-5B-32-33-36-5D
[02:38:00:877][HID_TX_ack]00-1B-50-49-01-C9-90-72-01-00-11-00-02-05-47-65-74-20-46-69-6C-65-20-45-72-72-6F-72-21-61-64-20-46-69-6C-65-5B-32-33-36-5D-00-00-00-00-00-00-00-00-00-00-00-00-00-00-00-00-00-00-00-00-00-00-00-00
[02:38:00:878]50-49-01-C9-90-72-01-00-11-00-02-05-47-65-74-20-46-69-6C-65-20-45-72-72-6F-72-21
[02:38:00:946][HID_TX_ack]00-0C-50-49-01-CA-91-72-01-00-02-00-02-85-47-65-74-20-46-69-6C-65-20-45-72-72-6F-72-21-61-64-20-46-69-6C-65-5B-32-33-36-5D-00-00-00-00-00-00-00-00-00-00-00-00-00-00-00-00-00-00-00-00-00-00-00-00
[02:38:00:947]50-49-01-CA-91-72-01-00-02-00-02-85-
[02:38:00:947][write_tracer_result]
[02:38:00:947][write_tracer_result]--------NVDS Read File[236]Get File Error!
[02:38:00:947]rep1=--------NVDS Read File[236]Get File Error!
[02:38:00:947]rep2=]Get File Error!
[02:38:00:947][HID_TX]00-80-15-5B-83-50-41-02-06-10-74-72-61-63-65-72-20-6E-76-64-73-72-20-32-33-36-00-00-00-00-00-00-00-00-00-00-00-00-00-00-00-00-00-00-00-00-00-00-00-00-00-00-00-00-00-00-00-00-00-00-00-00-00-00-00
[02:38:00:948]HidD_GetInputReport=True
[02:38:00:948]reply_report=00-4F-00-00-00-00-00-00-00-00-00-00-00-00-00-00-00-00-00-00-00-00-00-00-00-00-00-00-00-00-00-00-00-00-00-00-00-00-00-00-00-00-00-00-00-00-00-00-00-00-00-00-00-00-00-00-00-00-00-00-00-00-00-00-00
[02:38:00:948]50-41-02-06-10-74-72-61-63-65-72-20-6E-76-64-73-72-20-32-33-36 [CMD_SENT][write_tracer][tracer nvdsr 236]
[02:38:00:975][HID_TX_ack]00-27-50-49-01-CB-DF-72-01-00-1D-00-02-06-2D-2D-2D-2D-2D-2D-2D-2D-4E-56-44-53-20-52-65-61-64-20-46-69-6C-65-5B-32-33-36-5D-00-00-00-00-00-00-00-00-00-00-00-00-00-00-00-00-00-00-00-00-00-00-00-00
[02:38:00:975]50-49-01-CB-DF-72-01-00-1D-00-02-06-2D-2D-2D-2D-2D-2D-2D-2D-4E-56-44-53-20-52-65-61-64-20-46-69-6C-65-5B-32-33-36-5D
[02:38:00:983][HID_TX_ack]00-1B-50-49-01-CC-E6-72-01-00-11-00-02-06-47-65-74-20-46-69-6C-65-20-45-72-72-6F-72-21-61-64-20-46-69-6C-65-5B-32-33-36-5D-00-00-00-00-00-00-00-00-00-00-00-00-00-00-00-00-00-00-00-00-00-00-00-00
[02:38:00:983]50-49-01-CC-E6-72-01-00-11-00-02-06-47-65-74-20-46-69-6C-65-20-45-72-72-6F-72-21
[02:38:01:052][HID_TX_ack]00-0C-50-49-01-CD-E6-72-01-00-02-00-02-86-47-65-74-20-46-69-6C-65-20-45-72-72-6F-72-21-61-64-20-46-69-6C-65-5B-32-33-36-5D-00-00-00-00-00-00-00-00-00-00-00-00-00-00-00-00-00-00-00-00-00-00-00-00
[02:38:01:052]50-49-01-CD-E6-72-01-00-02-00-02-86-
[02:38:01:052][write_tracer_result]
[02:38:01:052][write_tracer_result]--------NVDS Read File[236]Get File Error!
[02:38:01:052]rep1=--------NVDS Read File[236]Get File Error!
[02:38:01:052]rep2=]Get File Error!
[02:38:17:017][HID_TX]00-80-06-21-0D-50-41-0E-07-01-E0-00-00-00-00-00-00-00-00-00-00-00-00-00-00-00-00-00-00-00-00-00-00-00-00-00-00-00-00-00-00-00-00-00-00-00-00-00-00-00-00-00-00-00-00-00-00-00-00-00-00-00-00-00-00
[02:38:17:018]HidD_GetInputReport=True
[02:38:17:018]reply_report=00-4F-00-00-00-00-00-00-00-00-00-00-00-00-00-00-00-00-00-00-00-00-00-00-00-00-00-00-00-00-00-00-00-00-00-00-00-00-00-00-00-00-00-00-00-00-00-00-00-00-00-00-00-00-00-00-00-00-00-00-00-00-00-00-00
[02:38:17:018]50-41-0E-07-01-E0 [CMD_SENT][REMOTE_GET_MODE]
[02:38:17:021][HID_TX_ack]00-19-50-49-01-C0-5C-D6-00-00-03-00-0E-87-00-50-49-0E-CE-00-00-00-00-02-00-E0-01-72-21-61-64-20-46-69-6C-65-5B-32-33-36-5D-00-00-00-00-00-00-00-00-00-00-00-00-00-00-00-00-00-00-00-00-00-00-00-00
[02:38:17:022]50-49-01-C0-5C-D6-00-00-03-00-0E-87-00
[02:38:17:022]50-49-0E-CE-00-00-00-00-02-00-E0-01-
[02:38:17:022]REMOTE_GET_MODE=01
[02:38:17:022][HID_TX]00-80-15-CA-4C-50-41-02-08-10-74-72-61-63-65-72-20-6E-76-64-73-72-20-32-33-36-00-00-00-00-00-00-00-00-00-00-00-00-00-00-00-00-00-00-00-00-00-00-00-00-00-00-00-00-00-00-00-00-00-00-00-00-00-00-00
[02:38:17:023]HidD_GetInputReport=True
[02:38:17:023]reply_report=00-4F-00-00-00-00-00-00-00-00-00-00-00-00-00-00-00-00-00-00-00-00-00-00-00-00-00-00-00-00-00-00-00-00-00-00-00-00-00-00-00-00-00-00-00-00-00-00-00-00-00-00-00-00-00-00-00-00-00-00-00-00-00-00-00
[02:38:17:023]50-41-02-08-10-74-72-61-63-65-72-20-6E-76-64-73-72-20-32-33-36 [CMD_SENT][write_tracer][tracer nvdsr 236]
[02:38:17:043][HID_TX_ack]00-27-50-49-01-CF-16-A5-01-00-1D-00-02-08-2D-2D-2D-2D-2D-2D-2D-2D-4E-56-44-53-20-52-65-61-64-20-46-69-6C-65-5B-32-33-36-5D-00-00-00-00-00-00-00-00-00-00-00-00-00-00-00-00-00-00-00-00-00-00-00-00
[02:38:17:043]50-49-01-CF-16-A5-01-00-1D-00-02-08-2D-2D-2D-2D-2D-2D-2D-2D-4E-56-44-53-20-52-65-61-64-20-46-69-6C-65-5B-32-33-36-5D
[02:38:17:052][HID_TX_ack]00-1B-50-49-01-D0-1D-A5-01-00-11-00-02-08-47-65-74-20-46-69-6C-65-20-45-72-72-6F-72-21-61-64-20-46-69-6C-65-5B-32-33-36-5D-00-00-00-00-00-00-00-00-00-00-00-00-00-00-00-00-00-00-00-00-00-00-00-00
[02:38:17:052]50-49-01-D0-1D-A5-01-00-11-00-02-08-47-65-74-20-46-69-6C-65-20-45-72-72-6F-72-21
[02:38:17:116][HID_TX_ack]00-0C-50-49-01-D1-1E-A5-01-00-02-00-02-88-47-65-74-20-46-69-6C-65-20-45-72-72-6F-72-21-61-64-20-46-69-6C-65-5B-32-33-36-5D-00-00-00-00-00-00-00-00-00-00-00-00-00-00-00-00-00-00-00-00-00-00-00-00
[02:38:17:116]50-49-01-D1-1E-A5-01-00-02-00-02-88-
[02:38:17:117][write_tracer_result]
[02:38:17:117][write_tracer_result]--------NVDS Read File[236]Get File Error!
[02:38:17:117]rep1=--------NVDS Read File[236]Get File Error!
[02:38:17:117]rep2=]Get File Error!
[02:38:17:117][HID_TX]00-80-15-2F-D3-50-41-02-09-10-74-72-61-63-65-72-20-6E-76-64-73-72-20-32-33-36-00-00-00-00-00-00-00-00-00-00-00-00-00-00-00-00-00-00-00-00-00-00-00-00-00-00-00-00-00-00-00-00-00-00-00-00-00-00-00
[02:38:17:118]HidD_GetInputReport=True
[02:38:17:118]reply_report=00-4F-00-00-00-00-00-00-00-00-00-00-00-00-00-00-00-00-00-00-00-00-00-00-00-00-00-00-00-00-00-00-00-00-00-00-00-00-00-00-00-00-00-00-00-00-00-00-00-00-00-00-00-00-00-00-00-00-00-00-00-00-00-00-00
[02:38:17:118]50-41-02-09-10-74-72-61-63-65-72-20-6E-76-64-73-72-20-32-33-36 [CMD_SENT][write_tracer][tracer nvdsr 236]
[02:38:17:145][HID_TX_ack]00-27-50-49-01-D2-66-A5-01-00-1D-00-02-09-2D-2D-2D-2D-2D-2D-2D-2D-4E-56-44-53-20-52-65-61-64-20-46-69-6C-65-5B-32-33-36-5D-00-00-00-00-00-00-00-00-00-00-00-00-00-00-00-00-00-00-00-00-00-00-00-00
[02:38:17:145]50-49-01-D2-66-A5-01-00-1D-00-02-09-2D-2D-2D-2D-2D-2D-2D-2D-4E-56-44-53-20-52-65-61-64-20-46-69-6C-65-5B-32-33-36-5D
[02:38:17:153][HID_TX_ack]00-1B-50-49-01-D3-6D-A5-01-00-11-00-02-09-47-65-74-20-46-69-6C-65-20-45-72-72-6F-72-21-61-64-20-46-69-6C-65-5B-32-33-36-5D-00-00-00-00-00-00-00-00-00-00-00-00-00-00-00-00-00-00-00-00-00-00-00-00
[02:38:17:153]50-49-01-D3-6D-A5-01-00-11-00-02-09-47-65-74-20-46-69-6C-65-20-45-72-72-6F-72-21
[02:38:17:221][HID_TX_ack]00-0C-50-49-01-D4-6E-A5-01-00-02-00-02-89-47-65-74-20-46-69-6C-65-20-45-72-72-6F-72-21-61-64-20-46-69-6C-65-5B-32-33-36-5D-00-00-00-00-00-00-00-00-00-00-00-00-00-00-00-00-00-00-00-00-00-00-00-00
[02:38:17:221]50-49-01-D4-6E-A5-01-00-02-00-02-89-
[02:38:17:222][write_tracer_result]
[02:38:17:222][write_tracer_result]--------NVDS Read File[236]Get File Error!
[02:38:17:222]rep1=--------NVDS Read File[236]Get File Error!
[02:38:17:222]rep2=]Get File Error!
[02:38:35:104][HID_TX]00-80-07-3E-86-50-41-0E-0A-02-E1-00-00-00-00-00-00-00-00-00-00-00-00-00-00-00-00-00-00-00-00-00-00-00-00-00-00-00-00-00-00-00-00-00-00-00-00-00-00-00-00-00-00-00-00-00-00-00-00-00-00-00-00-00-00
[02:38:35:106]HidD_GetInputReport=True
[02:38:35:106]reply_report=00-4F-00-00-00-00-00-00-00-00-00-00-00-00-00-00-00-00-00-00-00-00-00-00-00-00-00-00-00-00-00-00-00-00-00-00-00-00-00-00-00-00-00-00-00-00-00-00-00-00-00-00-00-00-00-00-00-00-00-00-00-00-00-00-00
[02:38:35:106]50-41-0E-0A-02-E1-00 [CMD_SENT][REMOTE_SET_MODE] is_remote=False
[02:38:35:109][HID_TX_ack]00-0D-50-49-01-C0-E3-0E-01-00-03-00-0E-8A-00-65-74-20-46-69-6C-65-20-45-72-72-6F-72-21-61-64-20-46-69-6C-65-5B-32-33-36-5D-00-00-00-00-00-00-00-00-00-00-00-00-00-00-00-00-00-00-00-00-00-00-00-00
[02:38:35:109]50-49-01-C0-E3-0E-01-00-03-00-0E-8A-00
[02:38:35:110]ystech_Power_Saving, is_EnablePowerSaving=True
[02:38:35:110][HID_TX]00-85-01-73-56-02-00-00-00-00-00-00-00-00-00-00-00-00-00-00-00-00-00-00-00-00-00-00-00-00-00-00-00-00-00-00-00-00-00-00-00-00-00-00-00-00-00-00-00-00-00-00-00-00-00-00-00-00-00-00-00-00-00-00-00
[02:38:35:111]HidD_GetInputReport=True
[02:38:35:111]reply_report=00-4F-00-00-00-00-00-00-00-00-00-00-00-00-00-00-00-00-00-00-00-00-00-00-00-00-00-00-00-00-00-00-00-00-00-00-00-00-00-00-00-00-00-00-00-00-00-00-00-00-00-00-00-00-00-00-00-00-00-00-00-00-00-00-00
[02:38:35:111]HID_CMD_POWER_SAVING_Enable
[02:38:35:111]close_hid_stream
[02:38:35:111]close_hid_handle
