[07:57:17:991]\\?\hid#dell09c2&col02#5&bc4dc33&0&0001#{4d1e55b2-f16f-11cf-88cb-001111000030}
[07:57:17:991]\\?\hid#dell09c2&col03#5&bc4dc33&0&0002#{4d1e55b2-f16f-11cf-88cb-001111000030}
[07:57:17:991]\\?\hid#intc816&col01#3&207f9b7f&0&0000#{4d1e55b2-f16f-11cf-88cb-001111000030}
[07:57:17:991]\\?\hid#vid_046d&pid_0adf&mi_04#7&2ad3f249&0&0000#{4d1e55b2-f16f-11cf-88cb-001111000030}
[07:57:17:991]\\?\hid#intc816&col02#3&207f9b7f&0&0001#{4d1e55b2-f16f-11cf-88cb-001111000030}
[07:57:17:991]\\?\hid#converteddevice&col02#5&17bac0a6&0&0001#{4d1e55b2-f16f-11cf-88cb-001111000030}
[07:57:17:991]\\?\hid#converteddevice&col03#5&17bac0a6&0&0002#{4d1e55b2-f16f-11cf-88cb-001111000030}
[07:57:17:991]\\?\hid#dell09c2&col04#5&bc4dc33&0&0003#{4d1e55b2-f16f-11cf-88cb-001111000030}
[07:57:17:991]\\?\hid#dell09c2&col05#5&bc4dc33&0&0004#{4d1e55b2-f16f-11cf-88cb-001111000030}
[07:57:17:991]\\?\hid#vid_046d&pid_0adf&mi_00#7&28ee3ab8&0&0000#{4d1e55b2-f16f-11cf-88cb-001111000030}
[07:57:17:991]\\?\hid#converteddevice&col01#5&17bac0a6&0&0000#{4d1e55b2-f16f-11cf-88cb-001111000030}\kbd
[07:57:17:991]\\?\hid#dell09c2&col01#5&bc4dc33&0&0000#{4d1e55b2-f16f-11cf-88cb-001111000030}
[07:57:17:991]\\?\hid#vid_413c&pid_301a#6&3b68e75b&0&0000#{4d1e55b2-f16f-11cf-88cb-001111000030}
[07:57:17:991]try_path=\\?\hid#vid_046d&pid_0adf&mi_04#7&2ad3f249&0&0000#{4d1e55b2-f16f-11cf-88cb-001111000030}
[07:57:18:007][invalid device][System.Exception]
[07:57:18:007]   at ..connect(String path)
[07:57:18:007]close_hid_handle
[07:57:18:007][connect HID device fail : invalid device][System.Exception]
[07:57:18:007]   at ..connect(String path)
   at ..(String  )
   at ..connect(UInt16 vid, UInt16 pid,  vt)
[07:57:18:007]try_path=\\?\hid#vid_046d&pid_0adf&mi_00#7&28ee3ab8&0&0000#{4d1e55b2-f16f-11cf-88cb-001111000030}
[07:57:18:007]	InputReportByteLength=65
[07:57:18:007]	OutputReportByteLength=65
[07:57:18:007]HID_Connected=\\?\hid#vid_046d&pid_0adf&mi_00#7&28ee3ab8&0&0000#{4d1e55b2-f16f-11cf-88cb-001111000030}
[07:57:18:007][HID_TX]00-84-01-D1-55-01-00-00-00-00-00-00-00-00-00-00-00-00-00-00-00-00-00-00-00-00-00-00-00-00-00-00-00-00-00-00-00-00-00-00-00-00-00-00-00-00-00-00-00-00-00-00-00-00-00-00-00-00-00-00-00-00-00-00-00
[07:57:18:007]HidD_GetInputReport=True
[07:57:18:007]reply_report=00-4F-56-31-2E-36-2E-31-00-00-00-00-00-00-00-00-00-00-00-00-00-00-00-00-00-00-00-00-00-00-00-00-00-00-00-00-00-00-00-00-00-00-00-00-00-00-00-00-00-00-00-00-00-00-00-00-00-00-00-00-00-00-00-00-00
[07:57:18:007][ys_tech] fw_version=V1.6.1
[07:57:18:007]ystech_Power_Saving, is_EnablePowerSaving=False
[07:57:18:007][HID_TX]00-85-01-83-8B-01-00-00-00-00-00-00-00-00-00-00-00-00-00-00-00-00-00-00-00-00-00-00-00-00-00-00-00-00-00-00-00-00-00-00-00-00-00-00-00-00-00-00-00-00-00-00-00-00-00-00-00-00-00-00-00-00-00-00-00
[07:57:18:007]HidD_GetInputReport=True
[07:57:18:007]reply_report=00-46-00-00-00-00-00-00-00-00-00-00-00-00-00-00-00-00-00-00-00-00-00-00-00-00-00-00-00-00-00-00-00-00-00-00-00-00-00-00-00-00-00-00-00-00-00-00-00-00-00-00-00-00-00-00-00-00-00-00-00-00-00-00-00
[07:57:18:022][Response Fail][System.Exception]
[07:57:18:022]   at ..(Boolean  )
   at ..(Byte  , Byte[]  )
[07:57:18:085]_ystech_retry_count=1
[07:57:18:085][HID_TX]00-85-01-83-8B-01-00-00-00-00-00-00-00-00-00-00-00-00-00-00-00-00-00-00-00-00-00-00-00-00-00-00-00-00-00-00-00-00-00-00-00-00-00-00-00-00-00-00-00-00-00-00-00-00-00-00-00-00-00-00-00-00-00-00-00
[07:57:18:085]HidD_GetInputReport=True
[07:57:18:085]reply_report=00-4F-00-00-00-00-00-00-00-00-00-00-00-00-00-00-00-00-00-00-00-00-00-00-00-00-00-00-00-00-00-00-00-00-00-00-00-00-00-00-00-00-00-00-00-00-00-00-00-00-00-00-00-00-00-00-00-00-00-00-00-00-00-00-00
[07:57:18:085]HID_CMD_POWER_SAVING_Disable
[07:57:18:085]path_connected=\\?\hid#vid_046d&pid_0adf&mi_00#7&28ee3ab8&0&0000#{4d1e55b2-f16f-11cf-88cb-001111000030}
[07:57:19:097][HID_TX]00-80-06-1C-7D-50-41-0E-01-01-E0-00-00-00-00-00-00-00-00-00-00-00-00-00-00-00-00-00-00-00-00-00-00-00-00-00-00-00-00-00-00-00-00-00-00-00-00-00-00-00-00-00-00-00-00-00-00-00-00-00-00-00-00-00-00
[07:57:19:097]HidD_GetInputReport=True
[07:57:19:097]reply_report=00-4F-00-00-00-00-00-00-00-00-00-00-00-00-00-00-00-00-00-00-00-00-00-00-00-00-00-00-00-00-00-00-00-00-00-00-00-00-00-00-00-00-00-00-00-00-00-00-00-00-00-00-00-00-00-00-00-00-00-00-00-00-00-00-00
[07:57:19:097]50-41-0E-01-01-E0 [CMD_SENT][REMOTE_GET_MODE]
[07:57:19:097][HID_TX_ack]00-19-50-49-01-C0-71-12-06-00-03-00-0E-81-00-50-49-0E-C6-00-00-00-00-02-00-E0-00-13-01-00-01-00-31-00-00-00-31-00-01-00-07-00-00-00-00-00-00-00-00-00-00-00-00-00-00-00-00-00-00-00-00-00-00-00-00
[07:57:19:113]REMOTE_GET_MODE=00
[07:57:19:113]50-49-01-C0-71-12-06-00-03-00-0E-81-00
[07:57:19:113]50-49-0E-C6-00-00-00-00-02-00-E0-00-
[07:57:19:113][HID_TX]00-80-08-08-E6-50-41-06-02-02-00-43-01-00-00-00-00-00-00-00-00-00-00-00-00-00-00-00-00-00-00-00-00-00-00-00-00-00-00-00-00-00-00-00-00-00-00-00-00-00-00-00-00-00-00-00-00-00-00-00-00-00-00-00-00
[07:57:19:113]HidD_GetInputReport=True
[07:57:19:113]reply_report=00-4F-00-00-00-00-00-00-00-00-00-00-00-00-00-00-00-00-00-00-00-00-00-00-00-00-00-00-00-00-00-00-00-00-00-00-00-00-00-00-00-00-00-00-00-00-00-00-00-00-00-00-00-00-00-00-00-00-00-00-00-00-00-00-00
[07:57:19:113]50-41-06-02-02-00-43-01 [CMD_SENT][CMD_READ_MP_DATA_BY_ID]
[07:57:19:113][HID_TX_ack]00-13-50-49-01-C0-82-12-06-00-09-00-06-82-00-87-56-03-99-58-40-00-00-02-00-E0-00-13-01-00-01-00-31-00-00-00-31-00-01-00-07-00-00-00-00-00-00-00-00-00-00-00-00-00-00-00-00-00-00-00-00-00-00-00-00
[07:57:19:113]50-49-01-C0-82-12-06-00-09-00-06-82-00-87-56-03-99-58-40
[07:57:20:125][HID_TX]00-80-06-F7-52-50-41-0E-03-01-E0-00-00-00-00-00-00-00-00-00-00-00-00-00-00-00-00-00-00-00-00-00-00-00-00-00-00-00-00-00-00-00-00-00-00-00-00-00-00-00-00-00-00-00-00-00-00-00-00-00-00-00-00-00-00
[07:57:20:125]HidD_GetInputReport=True
[07:57:20:125]reply_report=00-4F-00-00-00-00-00-00-00-00-00-00-00-00-00-00-00-00-00-00-00-00-00-00-00-00-00-00-00-00-00-00-00-00-00-00-00-00-00-00-00-00-00-00-00-00-00-00-00-00-00-00-00-00-00-00-00-00-00-00-00-00-00-00-00
[07:57:20:125]50-41-0E-03-01-E0 [CMD_SENT][REMOTE_GET_MODE]
[07:57:20:125][HID_TX_ack]00-19-50-49-01-C0-90-15-06-00-03-00-0E-83-00-50-49-0E-C7-00-00-00-00-02-00-E0-00-13-01-00-01-00-31-00-00-00-31-00-01-00-07-00-00-00-00-00-00-00-00-00-00-00-00-00-00-00-00-00-00-00-00-00-00-00-00
[07:57:20:125]50-49-01-C0-90-15-06-00-03-00-0E-83-00
[07:57:20:125]50-49-0E-C7-00-00-00-00-02-00-E0-00-
[07:57:20:125]REMOTE_GET_MODE=00
[07:57:20:125][HID_TX]00-80-0E-8A-21-50-41-06-04-08-00-44-01-4C-24-14-09-08-21-00-00-00-00-00-00-00-00-00-00-00-00-00-00-00-00-00-00-00-00-00-00-00-00-00-00-00-00-00-00-00-00-00-00-00-00-00-00-00-00-00-00-00-00-00-00
[07:57:20:125]HidD_GetInputReport=True
[07:57:20:125]reply_report=00-4F-00-00-00-00-00-00-00-00-00-00-00-00-00-00-00-00-00-00-00-00-00-00-00-00-00-00-00-00-00-00-00-00-00-00-00-00-00-00-00-00-00-00-00-00-00-00-00-00-00-00-00-00-00-00-00-00-00-00-00-00-00-00-00
[07:57:20:125]50-41-06-04-08-00-44-01-4C-24-14-09-08-21 [CMD_SENT][CMD_WRITE_MP_DATA_BY_ID]
[07:57:20:188][HID_TX_ack]00-0D-50-49-01-C0-90-15-06-00-03-00-06-84-00-50-49-0E-C7-00-00-00-00-02-00-E0-00-13-01-00-01-00-31-00-00-00-31-00-01-00-07-00-00-00-00-00-00-00-00-00-00-00-00-00-00-00-00-00-00-00-00-00-00-00-00
[07:57:20:188]50-49-01-C0-90-15-06-00-03-00-06-84-00
[07:57:21:200][HID_TX]00-80-07-4A-D6-50-41-0E-05-02-E1-00-00-00-00-00-00-00-00-00-00-00-00-00-00-00-00-00-00-00-00-00-00-00-00-00-00-00-00-00-00-00-00-00-00-00-00-00-00-00-00-00-00-00-00-00-00-00-00-00-00-00-00-00-00
[07:57:21:200]HidD_GetInputReport=True
[07:57:21:200]reply_report=00-4F-00-00-00-00-00-00-00-00-00-00-00-00-00-00-00-00-00-00-00-00-00-00-00-00-00-00-00-00-00-00-00-00-00-00-00-00-00-00-00-00-00-00-00-00-00-00-00-00-00-00-00-00-00-00-00-00-00-00-00-00-00-00-00
[07:57:21:200]50-41-0E-05-02-E1-00 [CMD_SENT][REMOTE_SET_MODE] is_remote=False
[07:57:21:200][HID_TX_ack]00-0D-50-49-01-C0-90-18-06-00-03-00-0E-85-00-50-49-0E-C7-00-00-00-00-02-00-E0-00-13-01-00-01-00-31-00-00-00-31-00-01-00-07-00-00-00-00-00-00-00-00-00-00-00-00-00-00-00-00-00-00-00-00-00-00-00-00
[07:57:21:200]50-49-01-C0-90-18-06-00-03-00-0E-85-00
[07:57:21:200]ystech_Power_Saving, is_EnablePowerSaving=True
[07:57:21:200][HID_TX]00-85-01-73-56-02-00-00-00-00-00-00-00-00-00-00-00-00-00-00-00-00-00-00-00-00-00-00-00-00-00-00-00-00-00-00-00-00-00-00-00-00-00-00-00-00-00-00-00-00-00-00-00-00-00-00-00-00-00-00-00-00-00-00-00
[07:57:21:200]HidD_GetInputReport=True
[07:57:21:200]reply_report=00-4F-00-00-00-00-00-00-00-00-00-00-00-00-00-00-00-00-00-00-00-00-00-00-00-00-00-00-00-00-00-00-00-00-00-00-00-00-00-00-00-00-00-00-00-00-00-00-00-00-00-00-00-00-00-00-00-00-00-00-00-00-00-00-00
[07:57:21:200]HID_CMD_POWER_SAVING_Enable
[07:57:21:200]close_hid_stream
[07:57:21:200]close_hid_handle
