[18:03:48:176]connect_auto_select
[18:03:48:181]\\?\hid#dell09c2&col02#5&bc4dc33&0&0001#{4d1e55b2-f16f-11cf-88cb-001111000030}
[18:03:48:181]\\?\hid#vid_046d&pid_0adf&mi_04#7&31212da2&0&0000#{4d1e55b2-f16f-11cf-88cb-001111000030}
[18:03:48:181]\\?\hid#vid_046d&pid_0adf&mi_00#7&3e7114f&0&0000#{4d1e55b2-f16f-11cf-88cb-001111000030}
[18:03:48:181]\\?\hid#dell09c2&col03#5&bc4dc33&0&0002#{4d1e55b2-f16f-11cf-88cb-001111000030}
[18:03:48:181]\\?\hid#intc816&col01#3&207f9b7f&0&0000#{4d1e55b2-f16f-11cf-88cb-001111000030}
[18:03:48:181]\\?\hid#intc816&col02#3&207f9b7f&0&0001#{4d1e55b2-f16f-11cf-88cb-001111000030}
[18:03:48:181]\\?\hid#converteddevice&col02#5&17bac0a6&0&0001#{4d1e55b2-f16f-11cf-88cb-001111000030}
[18:03:48:181]\\?\hid#converteddevice&col03#5&17bac0a6&0&0002#{4d1e55b2-f16f-11cf-88cb-001111000030}
[18:03:48:181]\\?\hid#dell09c2&col04#5&bc4dc33&0&0003#{4d1e55b2-f16f-11cf-88cb-001111000030}
[18:03:48:181]\\?\hid#{00001812-0000-1000-8000-00805f9b34fb}_dev_vid&0232c2_pid&0001_rev&0068_ccb624cd66b1#9&326e3aae&0&0000#{4d1e55b2-f16f-11cf-88cb-001111000030}
[18:03:48:181]\\?\hid#dell09c2&col05#5&bc4dc33&0&0004#{4d1e55b2-f16f-11cf-88cb-001111000030}
[18:03:48:181]\\?\hid#converteddevice&col01#5&17bac0a6&0&0000#{4d1e55b2-f16f-11cf-88cb-001111000030}\kbd
[18:03:48:181]\\?\hid#dell09c2&col01#5&bc4dc33&0&0000#{4d1e55b2-f16f-11cf-88cb-001111000030}
[18:03:48:183]id=VID=046D,PID=0ADF
[18:03:48:184]CloseHandleX
[18:03:48:184]id=VID=046D,PID=0ADF
[18:03:48:184]	attributes.VendorID=0x46D
[18:03:48:184]	attributes.ProductID=0xADF
[18:03:48:184]	attributes.VersionNumber=512
[18:03:48:184]	attributes.Size=12
[18:03:48:184]	SerialNumberString=V001008005.1
[18:03:48:185]	ManufacturerString=쉐ĕ뾰ĒȀ
[18:03:48:185]	ProductString=G435 Wireless Gaming Headset
[18:03:48:185]CloseHandleX
[18:03:48:185]try_path=\\?\hid#vid_046d&pid_0adf&mi_00#7&3e7114f&0&0000#{4d1e55b2-f16f-11cf-88cb-001111000030}
[18:03:48:186]	InputReportByteLength=65
[18:03:48:186]	OutputReportByteLength=65
[18:03:48:186]HID_Connected=\\?\hid#vid_046d&pid_0adf&mi_00#7&3e7114f&0&0000#{4d1e55b2-f16f-11cf-88cb-001111000030}
[18:03:48:186]ystech_read_fw_version
[18:03:48:187][HID_TX]00-84-01-D1-55-01-00-00-00-00-00-00-00-00-00-00-00-00-00-00-00-00-00-00-00-00-00-00-00-00-00-00-00-00-00-00-00-00-00-00-00-00-00-00-00-00-00-00-00-00-00-00-00-00-00-00-00-00-00-00-00-00-00-00-00
[18:03:48:189]HidD_GetInputReport=True
[18:03:48:189]reply_report=00-4F-56-31-2E-38-2E-35-2E-31-00-00-00-00-00-00-00-00-00-00-00-00-00-00-00-00-00-00-00-00-00-00-00-00-00-00-00-00-00-00-00-00-00-00-00-00-00-00-00-00-00-00-00-00-00-00-00-00-00-00-00-00-00-00-00
[18:03:48:189][ys_tech] fw_version=V1.8.5.1
[18:03:48:190]ystech_Power_Saving, is_EnablePowerSaving=False
[18:03:48:190][HID_TX]00-85-01-83-8B-01-00-00-00-00-00-00-00-00-00-00-00-00-00-00-00-00-00-00-00-00-00-00-00-00-00-00-00-00-00-00-00-00-00-00-00-00-00-00-00-00-00-00-00-00-00-00-00-00-00-00-00-00-00-00-00-00-00-00-00
[18:03:48:190]HidD_GetInputReport=True
[18:03:48:190]reply_report=00-4F-00-00-00-00-00-00-00-00-00-00-00-00-00-00-00-00-00-00-00-00-00-00-00-00-00-00-00-00-00-00-00-00-00-00-00-00-00-00-00-00-00-00-00-00-00-00-00-00-00-00-00-00-00-00-00-00-00-00-00-00-00-00-00
[18:03:48:190]HID_CMD_POWER_SAVING_Disable
[18:03:48:190]path_connected=\\?\hid#vid_046d&pid_0adf&mi_00#7&3e7114f&0&0000#{4d1e55b2-f16f-11cf-88cb-001111000030}
[18:03:48:193][HID_TX]00-80-13-43-F6-50-41-06-01-0D-00-25-34-12-5A-5A-01-00-00-00-F0-00-00-00-00-00-00-00-00-00-00-00-00-00-00-00-00-00-00-00-00-00-00-00-00-00-00-00-00-00-00-00-00-00-00-00-00-00-00-00-00-00-00-00-00
[18:03:48:194]HidD_GetInputReport=True
[18:03:48:194]reply_report=00-4F-00-00-00-00-00-00-00-00-00-00-00-00-00-00-00-00-00-00-00-00-00-00-00-00-00-00-00-00-00-00-00-00-00-00-00-00-00-00-00-00-00-00-00-00-00-00-00-00-00-00-00-00-00-00-00-00-00-00-00-00-00-00-00
[18:03:48:194]50-41-06-01-0D-00-25-34-12-5A-5A-01-00-00-00-F0-00-00-00 [CMD_SENT][OTA_CMD_IOCTL][READ_MAX_LEN=240]
[18:03:48:199][HID_TX_ack]00-11-50-49-01-C0-8E-CB-00-00-07-00-06-81-00-F0-00-00-00-8E-04-00-00-04-00-04-00-00-32-50-49-01-C0-8E-04-00-00-03-00-11-8A-19-00-00-00-00-00-00-00-00-00-00-00-00-00-00-00-00-00-00-00-00-00-00-00
[18:03:48:830]50-49-01-C0-8E-CB-00-00-07-00-06-81-00-F0-00-00-00
[18:03:52:600][HID_TX]00-80-06-12-CD-50-41-0E-02-01-E0-00-00-00-00-00-00-00-00-00-00-00-00-00-00-00-00-00-00-00-00-00-00-00-00-00-00-00-00-00-00-00-00-00-00-00-00-00-00-00-00-00-00-00-00-00-00-00-00-00-00-00-00-00-00
[18:03:52:602]HidD_GetInputReport=True
[18:03:52:602]reply_report=00-4F-00-00-00-00-00-00-00-00-00-00-00-00-00-00-00-00-00-00-00-00-00-00-00-00-00-00-00-00-00-00-00-00-00-00-00-00-00-00-00-00-00-00-00-00-00-00-00-00-00-00-00-00-00-00-00-00-00-00-00-00-00-00-00
[18:03:52:602]50-41-0E-02-01-E0 [CMD_SENT][REMOTE_GET_MODE]
[18:03:52:605][HID_TX_ack]00-19-50-49-01-C0-8E-D9-00-00-03-00-0E-82-00-50-49-0E-C4-00-00-00-00-02-00-E0-00-00-32-50-49-01-C0-8E-04-00-00-03-00-11-8A-19-00-00-00-00-00-00-00-00-00-00-00-00-00-00-00-00-00-00-00-00-00-00-00
[18:03:52:605]REMOTE_GET_MODE=00
[18:03:52:605]50-49-01-C0-8E-D9-00-00-03-00-0E-82-00
[18:03:52:605]50-49-0E-C4-00-00-00-00-02-00-E0-00-
[18:03:52:606][HID_TX]00-80-08-ED-79-50-41-06-03-02-00-43-01-00-00-00-00-00-00-00-00-00-00-00-00-00-00-00-00-00-00-00-00-00-00-00-00-00-00-00-00-00-00-00-00-00-00-00-00-00-00-00-00-00-00-00-00-00-00-00-00-00-00-00-00
[18:03:52:607]HidD_GetInputReport=True
[18:03:52:607]reply_report=00-4F-00-00-00-00-00-00-00-00-00-00-00-00-00-00-00-00-00-00-00-00-00-00-00-00-00-00-00-00-00-00-00-00-00-00-00-00-00-00-00-00-00-00-00-00-00-00-00-00-00-00-00-00-00-00-00-00-00-00-00-00-00-00-00
[18:03:52:607]50-41-06-03-02-00-43-01 [CMD_SENT][CMD_READ_MP_DATA_BY_ID]
[18:03:52:609][HID_TX_ack]00-13-50-49-01-C0-8E-D9-00-00-09-00-06-83-00-39-0D-0E-99-58-40-00-00-02-00-E0-00-00-32-50-49-01-C0-8E-04-00-00-03-00-11-8A-19-00-00-00-00-00-00-00-00-00-00-00-00-00-00-00-00-00-00-00-00-00-00-00
[18:03:52:610]50-49-01-C0-8E-D9-00-00-09-00-06-83-00-39-0D-0E-99-58-40
[18:03:55:148][HID_TX]00-80-06-2F-BD-50-41-0E-04-01-E0-00-00-00-00-00-00-00-00-00-00-00-00-00-00-00-00-00-00-00-00-00-00-00-00-00-00-00-00-00-00-00-00-00-00-00-00-00-00-00-00-00-00-00-00-00-00-00-00-00-00-00-00-00-00
[18:03:55:150]HidD_GetInputReport=True
[18:03:55:150]reply_report=00-4F-00-00-00-00-00-00-00-00-00-00-00-00-00-00-00-00-00-00-00-00-00-00-00-00-00-00-00-00-00-00-00-00-00-00-00-00-00-00-00-00-00-00-00-00-00-00-00-00-00-00-00-00-00-00-00-00-00-00-00-00-00-00-00
[18:03:55:150]50-41-0E-04-01-E0 [CMD_SENT][REMOTE_GET_MODE]
[18:03:55:153][HID_TX_ack]00-19-50-49-01-C0-8E-E1-00-00-03-00-0E-84-00-50-49-0E-C5-00-00-00-00-02-00-E0-00-00-32-50-49-01-C0-8E-04-00-00-03-00-11-8A-19-00-00-00-00-00-00-00-00-00-00-00-00-00-00-00-00-00-00-00-00-00-00-00
[18:03:55:153]50-49-01-C0-8E-E1-00-00-03-00-0E-84-00
[18:03:55:153]50-49-0E-C5-00-00-00-00-02-00-E0-00-
[18:03:55:153]REMOTE_GET_MODE=00
[18:03:55:154][HID_TX]00-80-08-F9-5F-50-41-07-05-03-08-00-E4-00-00-00-00-00-00-00-00-00-00-00-00-00-00-00-00-00-00-00-00-00-00-00-00-00-00-00-00-00-00-00-00-00-00-00-00-00-00-00-00-00-00-00-00-00-00-00-00-00-00-00-00
[18:03:55:156]HidD_GetInputReport=True
[18:03:55:156]reply_report=00-4F-00-00-00-00-00-00-00-00-00-00-00-00-00-00-00-00-00-00-00-00-00-00-00-00-00-00-00-00-00-00-00-00-00-00-00-00-00-00-00-00-00-00-00-00-00-00-00-00-00-00-00-00-00-00-00-00-00-00-00-00-00-00-00
[18:03:55:156]50-41-07-05-03-08-00-E4 [CMD_SENT] [CMD_SENT][UNKNOW]
[18:03:55:211][HID_TX_ack]00-0F-50-49-01-C0-8E-E1-00-00-05-00-07-85-08-00-00-0E-C5-00-00-00-00-02-00-E0-00-00-32-50-49-01-C0-8E-04-00-00-03-00-11-8A-19-00-00-00-00-00-00-00-00-00-00-00-00-00-00-00-00-00-00-00-00-00-00-00
[18:03:55:211]50-49-01-C0-8E-E1-00-00-05-00-07-85-08-00-00
[18:04:02:558][The device is not connected.
][System.IO.IOException]
[18:04:02:558]   at System.IO.__Error.WinIOError(Int32 errorCode, String maybeFullPath)
   at System.IO.FileStream.BeginReadCore(Byte[] bytes, Int32 offset, Int32 numBytes, AsyncCallback userCallback, Object stateObject, Int32 numBufferedBytesRead)
   at System.IO.FileStream.BeginReadAsync(Byte[] array, Int32 offset, Int32 numBytes, AsyncCallback userCallback, Object stateObject)
   at System.IO.FileStream.BeginRead(Byte[] array, Int32 offset, Int32 numBytes, AsyncCallback userCallback, Object stateObject)
   at ..()
[18:04:02:559]ystech_Power_Saving, is_EnablePowerSaving=True
[18:04:02:559][HID_TX]00-85-01-73-56-02-00-00-00-00-00-00-00-00-00-00-00-00-00-00-00-00-00-00-00-00-00-00-00-00-00-00-00-00-00-00-00-00-00-00-00-00-00-00-00-00-00-00-00-00-00-00-00-00-00-00-00-00-00-00-00-00-00-00-00
[18:04:02:569][The device is not connected.
][System.IO.IOException]
[18:04:02:569]   at System.IO.__Error.WinIOError(Int32 errorCode, String maybeFullPath)
   at System.IO.FileStream.BeginWriteCore(Byte[] bytes, Int32 offset, Int32 numBytes, AsyncCallback userCallback, Object stateObject)
   at System.IO.FileStream.WriteCore(Byte[] buffer, Int32 offset, Int32 count)
   at System.IO.FileStream.Write(Byte[] array, Int32 offset, Int32 count)
   at ..(Byte  , Byte[]  )
[18:04:02:569]CloseHandleX
[18:04:02:573][connect HID device fail : The device is not connected.
][System.Exception]
[18:04:02:573]   at ..(Byte  , Byte[]  )
   at ..(Boolean  )
   at ..()
[18:04:02:573]close_hid_stream
[18:04:02:578]se.ErrorCode=-2147467259
[18:04:02:578][External component has thrown an exception.][System.Runtime.InteropServices.SEHException]
[18:04:02:578]   at ..(IntPtr  )
   at ..CloseHandleX(IntPtr hObject)
[18:04:02:578]close_hid_handle
[18:04:14:217]connect_auto_select
[18:04:14:218]\\?\hid#dell09c2&col02#5&bc4dc33&0&0001#{4d1e55b2-f16f-11cf-88cb-001111000030}
[18:04:14:218]\\?\hid#vid_046d&pid_0adf&mi_04#7&31212da2&0&0000#{4d1e55b2-f16f-11cf-88cb-001111000030}
[18:04:14:218]\\?\hid#vid_046d&pid_0adf&mi_00#7&3e7114f&0&0000#{4d1e55b2-f16f-11cf-88cb-001111000030}
[18:04:14:218]\\?\hid#dell09c2&col03#5&bc4dc33&0&0002#{4d1e55b2-f16f-11cf-88cb-001111000030}
[18:04:14:218]\\?\hid#intc816&col01#3&207f9b7f&0&0000#{4d1e55b2-f16f-11cf-88cb-001111000030}
[18:04:14:218]\\?\hid#intc816&col02#3&207f9b7f&0&0001#{4d1e55b2-f16f-11cf-88cb-001111000030}
[18:04:14:218]\\?\hid#converteddevice&col02#5&17bac0a6&0&0001#{4d1e55b2-f16f-11cf-88cb-001111000030}
[18:04:14:218]\\?\hid#converteddevice&col03#5&17bac0a6&0&0002#{4d1e55b2-f16f-11cf-88cb-001111000030}
[18:04:14:218]\\?\hid#dell09c2&col04#5&bc4dc33&0&0003#{4d1e55b2-f16f-11cf-88cb-001111000030}
[18:04:14:218]\\?\hid#{00001812-0000-1000-8000-00805f9b34fb}_dev_vid&0232c2_pid&0001_rev&0068_ccb624cd66b1#9&326e3aae&0&0000#{4d1e55b2-f16f-11cf-88cb-001111000030}
[18:04:14:218]\\?\hid#dell09c2&col05#5&bc4dc33&0&0004#{4d1e55b2-f16f-11cf-88cb-001111000030}
[18:04:14:219]\\?\hid#converteddevice&col01#5&17bac0a6&0&0000#{4d1e55b2-f16f-11cf-88cb-001111000030}\kbd
[18:04:14:219]\\?\hid#dell09c2&col01#5&bc4dc33&0&0000#{4d1e55b2-f16f-11cf-88cb-001111000030}
[18:04:14:219]id=VID=046D,PID=0ADF
[18:04:14:219]CloseHandleX
[18:04:14:219]id=VID=046D,PID=0ADF
[18:04:14:219]	attributes.VendorID=0x46D
[18:04:14:219]	attributes.ProductID=0xADF
[18:04:14:219]	attributes.VersionNumber=512
[18:04:14:219]	attributes.Size=12
[18:04:14:219]	SerialNumberString=V001008005.1
[18:04:14:220]	ManufacturerString=
[18:04:14:220]	ProductString=G435 Wireless Gaming Headset
[18:04:14:220]CloseHandleX
[18:04:14:220]try_path=\\?\hid#vid_046d&pid_0adf&mi_00#7&3e7114f&0&0000#{4d1e55b2-f16f-11cf-88cb-001111000030}
[18:04:14:220]	InputReportByteLength=65
[18:04:14:220]	OutputReportByteLength=65
[18:04:14:220]HID_Connected=\\?\hid#vid_046d&pid_0adf&mi_00#7&3e7114f&0&0000#{4d1e55b2-f16f-11cf-88cb-001111000030}
[18:04:14:220]ystech_read_fw_version
[18:04:14:220][HID_TX]00-84-01-D1-55-01-00-00-00-00-00-00-00-00-00-00-00-00-00-00-00-00-00-00-00-00-00-00-00-00-00-00-00-00-00-00-00-00-00-00-00-00-00-00-00-00-00-00-00-00-00-00-00-00-00-00-00-00-00-00-00-00-00-00-00
[18:04:14:222]HidD_GetInputReport=True
[18:04:14:222]reply_report=00-4F-56-31-2E-38-2E-35-2E-31-00-00-00-00-00-00-00-00-00-00-00-00-00-00-00-00-00-00-00-00-00-00-00-00-00-00-00-00-00-00-00-00-00-00-00-00-00-00-00-00-00-00-00-00-00-00-00-00-00-00-00-00-00-00-00
[18:04:14:222][ys_tech] fw_version=V1.8.5.1
[18:04:14:222]ystech_Power_Saving, is_EnablePowerSaving=False
[18:04:14:222][HID_TX]00-85-01-83-8B-01-00-00-00-00-00-00-00-00-00-00-00-00-00-00-00-00-00-00-00-00-00-00-00-00-00-00-00-00-00-00-00-00-00-00-00-00-00-00-00-00-00-00-00-00-00-00-00-00-00-00-00-00-00-00-00-00-00-00-00
[18:04:14:223]HidD_GetInputReport=True
[18:04:14:223]reply_report=00-4F-00-00-00-00-00-00-00-00-00-00-00-00-00-00-00-00-00-00-00-00-00-00-00-00-00-00-00-00-00-00-00-00-00-00-00-00-00-00-00-00-00-00-00-00-00-00-00-00-00-00-00-00-00-00-00-00-00-00-00-00-00-00-00
[18:04:14:223]HID_CMD_POWER_SAVING_Disable
[18:04:14:223]path_connected=\\?\hid#vid_046d&pid_0adf&mi_00#7&3e7114f&0&0000#{4d1e55b2-f16f-11cf-88cb-001111000030}
[18:04:14:223][HID_TX]00-80-13-9B-19-50-41-06-06-0D-00-25-34-12-5A-5A-01-00-00-00-F0-00-00-00-00-00-00-00-00-00-00-00-00-00-00-00-00-00-00-00-00-00-00-00-00-00-00-00-00-00-00-00-00-00-00-00-00-00-00-00-00-00-00-00-00
[18:04:14:224]HidD_GetInputReport=True
[18:04:14:224]reply_report=00-4F-00-00-00-00-00-00-00-00-00-00-00-00-00-00-00-00-00-00-00-00-00-00-00-00-00-00-00-00-00-00-00-00-00-00-00-00-00-00-00-00-00-00-00-00-00-00-00-00-00-00-00-00-00-00-00-00-00-00-00-00-00-00-00
[18:04:14:224]50-41-06-06-0D-00-25-34-12-5A-5A-01-00-00-00-F0-00-00-00 [CMD_SENT][OTA_CMD_IOCTL][READ_MAX_LEN=240]
[18:04:14:227][HID_TX_ack]00-11-50-49-01-C0-9A-20-00-00-07-00-06-86-00-F0-00-00-00-8E-04-00-00-04-00-04-00-00-32-50-49-01-C0-8E-04-00-00-03-00-11-8A-19-00-00-00-00-00-00-00-00-00-00-00-00-00-00-00-00-00-00-00-00-00-00-00
[18:04:14:227]50-49-01-C0-9A-20-00-00-07-00-06-86-00-F0-00-00-00
[18:04:14:227][HID_TX]00-80-06-7E-62-50-41-0E-07-01-E3-00-00-00-00-00-00-00-00-00-00-00-00-00-00-00-00-00-00-00-00-00-00-00-00-00-00-00-00-00-00-00-00-00-00-00-00-00-00-00-00-00-00-00-00-00-00-00-00-00-00-00-00-00-00
[18:04:14:228]HidD_GetInputReport=True
[18:04:14:228]reply_report=00-4F-00-00-00-00-00-00-00-00-00-00-00-00-00-00-00-00-00-00-00-00-00-00-00-00-00-00-00-00-00-00-00-00-00-00-00-00-00-00-00-00-00-00-00-00-00-00-00-00-00-00-00-00-00-00-00-00-00-00-00-00-00-00-00
[18:04:14:228]50-41-0E-07-01-E3 [CMD_SENT][REMOTE_GET_CONNECT_STATUS]
[18:04:14:232][HID_TX_ack]00-19-50-49-01-C0-9D-20-00-00-03-00-0E-87-00-50-49-0E-C5-00-00-00-00-02-00-E3-01-00-32-50-49-01-C0-8E-04-00-00-03-00-11-8A-19-00-00-00-00-00-00-00-00-00-00-00-00-00-00-00-00-00-00-00-00-00-00-00
[18:04:14:232]REMOTE_GET_CONNECT_STATUS=01
[18:04:14:232]50-49-01-C0-9D-20-00-00-03-00-0E-87-00
[18:04:14:232]50-49-0E-C5-00-00-00-00-02-00-E3-01-
[18:04:15:239][HID_TX]00-80-07-D5-A9-50-41-0E-08-02-E1-00-00-00-00-00-00-00-00-00-00-00-00-00-00-00-00-00-00-00-00-00-00-00-00-00-00-00-00-00-00-00-00-00-00-00-00-00-00-00-00-00-00-00-00-00-00-00-00-00-00-00-00-00-00
[18:04:15:241]HidD_GetInputReport=True
[18:04:15:241]reply_report=00-4F-00-00-00-00-00-00-00-00-00-00-00-00-00-00-00-00-00-00-00-00-00-00-00-00-00-00-00-00-00-00-00-00-00-00-00-00-00-00-00-00-00-00-00-00-00-00-00-00-00-00-00-00-00-00-00-00-00-00-00-00-00-00-00
[18:04:15:241]50-41-0E-08-02-E1-00 [CMD_SENT][REMOTE_SET_MODE] is_remote=False
[18:04:15:243][HID_TX_ack]00-0D-50-49-01-C0-C7-23-00-00-03-00-0E-88-00-50-49-0E-C5-00-00-00-00-02-00-E3-01-00-32-50-49-01-C0-8E-04-00-00-03-00-11-8A-19-00-00-00-00-00-00-00-00-00-00-00-00-00-00-00-00-00-00-00-00-00-00-00
[18:04:15:243]50-49-01-C0-C7-23-00-00-03-00-0E-88-00
[18:04:15:243]ystech_Power_Saving, is_EnablePowerSaving=True
[18:04:15:243][HID_TX]00-85-01-73-56-02-00-00-00-00-00-00-00-00-00-00-00-00-00-00-00-00-00-00-00-00-00-00-00-00-00-00-00-00-00-00-00-00-00-00-00-00-00-00-00-00-00-00-00-00-00-00-00-00-00-00-00-00-00-00-00-00-00-00-00
[18:04:15:245]HidD_GetInputReport=True
[18:04:15:245]reply_report=00-4F-00-00-00-00-00-00-00-00-00-00-00-00-00-00-00-00-00-00-00-00-00-00-00-00-00-00-00-00-00-00-00-00-00-00-00-00-00-00-00-00-00-00-00-00-00-00-00-00-00-00-00-00-00-00-00-00-00-00-00-00-00-00-00
[18:04:15:245]HID_CMD_POWER_SAVING_Enable
[18:04:15:245]close_hid_stream
[18:04:15:245]CloseHandleX
[18:04:15:245]close_hid_handle
