[15:11:38:850]\\?\hid#dell09c2&col02#5&bc4dc33&0&0001#{4d1e55b2-f16f-11cf-88cb-001111000030}
[15:11:38:850]\\?\hid#dell09c2&col03#5&bc4dc33&0&0002#{4d1e55b2-f16f-11cf-88cb-001111000030}
[15:11:38:850]\\?\hid#intc816&col01#3&207f9b7f&0&0000#{4d1e55b2-f16f-11cf-88cb-001111000030}
[15:11:38:850]\\?\hid#intc816&col02#3&207f9b7f&0&0001#{4d1e55b2-f16f-11cf-88cb-001111000030}
[15:11:38:850]\\?\hid#converteddevice&col02#5&17bac0a6&0&0001#{4d1e55b2-f16f-11cf-88cb-001111000030}
[15:11:38:850]\\?\hid#converteddevice&col03#5&17bac0a6&0&0002#{4d1e55b2-f16f-11cf-88cb-001111000030}
[15:11:38:850]\\?\hid#dell09c2&col04#5&bc4dc33&0&0003#{4d1e55b2-f16f-11cf-88cb-001111000030}
[15:11:38:850]\\?\hid#{00001812-0000-1000-8000-00805f9b34fb}_dev_vid&0232c2_pid&0001_rev&0068_ccb624cd66b1#9&326e3aae&0&0000#{4d1e55b2-f16f-11cf-88cb-001111000030}
[15:11:38:851]\\?\hid#dell09c2&col05#5&bc4dc33&0&0004#{4d1e55b2-f16f-11cf-88cb-001111000030}
[15:11:38:851]\\?\hid#converteddevice&col01#5&17bac0a6&0&0000#{4d1e55b2-f16f-11cf-88cb-001111000030}\kbd
[15:11:38:851]\\?\hid#dell09c2&col01#5&bc4dc33&0&0000#{4d1e55b2-f16f-11cf-88cb-001111000030}
[15:11:38:851]\\?\hid#vid_046d&pid_0adf&mi_00#7&3ad8dff3&0&0000#{4d1e55b2-f16f-11cf-88cb-001111000030}
[15:11:38:851]\\?\hid#vid_046d&pid_0adf&mi_04#7&18e94d0e&0&0000#{4d1e55b2-f16f-11cf-88cb-001111000030}
[15:11:38:853]try_path=\\?\hid#vid_046d&pid_0adf&mi_00#7&3ad8dff3&0&0000#{4d1e55b2-f16f-11cf-88cb-001111000030}
[15:11:38:854]	InputReportByteLength=65
[15:11:38:854]	OutputReportByteLength=65
[15:11:38:855]HID_Connected=\\?\hid#vid_046d&pid_0adf&mi_00#7&3ad8dff3&0&0000#{4d1e55b2-f16f-11cf-88cb-001111000030}
[15:11:38:856][HID_TX]00-84-01-D1-55-01-00-00-00-00-00-00-00-00-00-00-00-00-00-00-00-00-00-00-00-00-00-00-00-00-00-00-00-00-00-00-00-00-00-00-00-00-00-00-00-00-00-00-00-00-00-00-00-00-00-00-00-00-00-00-00-00-00-00-00
[15:11:38:857]HidD_GetInputReport=True
[15:11:38:857]reply_report=00-4F-56-31-2E-38-2E-35-2E-31-00-00-00-00-00-00-00-00-00-00-00-00-00-00-00-00-00-00-00-00-00-00-00-00-00-00-00-00-00-00-00-00-00-00-00-00-00-00-00-00-00-00-00-00-00-00-00-00-00-00-00-00-00-00-00
[15:11:38:857][ys_tech] fw_version=V1.8.5.1
[15:11:38:858]ystech_Power_Saving, is_EnablePowerSaving=False
[15:11:38:858][HID_TX]00-85-01-83-8B-01-00-00-00-00-00-00-00-00-00-00-00-00-00-00-00-00-00-00-00-00-00-00-00-00-00-00-00-00-00-00-00-00-00-00-00-00-00-00-00-00-00-00-00-00-00-00-00-00-00-00-00-00-00-00-00-00-00-00-00
[15:11:38:858]HidD_GetInputReport=True
[15:11:38:858]reply_report=00-46-00-00-00-00-00-00-00-00-00-00-00-00-00-00-00-00-00-00-00-00-00-00-00-00-00-00-00-00-00-00-00-00-00-00-00-00-00-00-00-00-00-00-00-00-00-00-00-00-00-00-00-00-00-00-00-00-00-00-00-00-00-00-00
[15:11:38:875][Response Fail][System.Exception]
[15:11:38:881]   at ..(Boolean  )
   at ..(Byte  , Byte[]  )
[15:11:38:936]_ystech_retry_count=1
[15:11:38:936][HID_TX]00-85-01-83-8B-01-00-00-00-00-00-00-00-00-00-00-00-00-00-00-00-00-00-00-00-00-00-00-00-00-00-00-00-00-00-00-00-00-00-00-00-00-00-00-00-00-00-00-00-00-00-00-00-00-00-00-00-00-00-00-00-00-00-00-00
[15:11:38:937]HidD_GetInputReport=True
[15:11:38:937]reply_report=00-4F-00-00-00-00-00-00-00-00-00-00-00-00-00-00-00-00-00-00-00-00-00-00-00-00-00-00-00-00-00-00-00-00-00-00-00-00-00-00-00-00-00-00-00-00-00-00-00-00-00-00-00-00-00-00-00-00-00-00-00-00-00-00-00
[15:11:38:937]HID_CMD_POWER_SAVING_Disable
[15:11:38:937]path_connected=\\?\hid#vid_046d&pid_0adf&mi_00#7&3ad8dff3&0&0000#{4d1e55b2-f16f-11cf-88cb-001111000030}
[15:11:40:131][HID_TX]00-80-06-1C-7D-50-41-0E-01-01-E0-00-00-00-00-00-00-00-00-00-00-00-00-00-00-00-00-00-00-00-00-00-00-00-00-00-00-00-00-00-00-00-00-00-00-00-00-00-00-00-00-00-00-00-00-00-00-00-00-00-00-00-00-00-00
[15:11:40:132]HidD_GetInputReport=True
[15:11:40:133]reply_report=00-4F-00-00-00-00-00-00-00-00-00-00-00-00-00-00-00-00-00-00-00-00-00-00-00-00-00-00-00-00-00-00-00-00-00-00-00-00-00-00-00-00-00-00-00-00-00-00-00-00-00-00-00-00-00-00-00-00-00-00-00-00-00-00-00
[15:11:40:133]50-41-0E-01-01-E0 [CMD_SENT][REMOTE_GET_MODE]
[15:11:40:140][HID_TX_ack]00-19-50-49-01-C0-68-21-05-00-03-00-0E-81-00-50-49-0E-FB-00-00-00-00-02-00-E0-00-17-03-00-11-BD-18-50-49-01-C0-7A-3E-03-00-03-00-11-BE-17-00-00-00-00-00-00-00-00-00-00-00-00-00-00-00-00-00-00-00
[15:11:40:148]REMOTE_GET_MODE=00
[15:11:40:148]50-49-01-C0-68-21-05-00-03-00-0E-81-00
[15:11:40:148]50-49-0E-FB-00-00-00-00-02-00-E0-00-
[15:11:40:149][HID_TX]00-80-07-1B-E1-50-41-06-02-01-00-63-00-00-00-00-00-00-00-00-00-00-00-00-00-00-00-00-00-00-00-00-00-00-00-00-00-00-00-00-00-00-00-00-00-00-00-00-00-00-00-00-00-00-00-00-00-00-00-00-00-00-00-00-00
[15:11:40:150]HidD_GetInputReport=True
[15:11:40:150]reply_report=00-4F-00-00-00-00-00-00-00-00-00-00-00-00-00-00-00-00-00-00-00-00-00-00-00-00-00-00-00-00-00-00-00-00-00-00-00-00-00-00-00-00-00-00-00-00-00-00-00-00-00-00-00-00-00-00-00-00-00-00-00-00-00-00-00
[15:11:40:150]50-41-06-02-01-00-63 [CMD_SENT][CMD_GET_IO_LEVEL]
[15:11:40:153][HID_TX_ack]00-12-50-49-01-C0-76-21-05-00-08-00-06-82-00-01-DD-FF-1F-00-00-00-00-02-00-E0-00-17-03-00-11-BD-18-50-49-01-C0-7A-3E-03-00-03-00-11-BE-17-00-00-00-00-00-00-00-00-00-00-00-00-00-00-00-00-00-00-00
[15:11:40:153]50-49-01-C0-76-21-05-00-08-00-06-82-00-01-DD-FF-1F-00
[15:11:40:369][HID_TX]00-80-06-F7-52-50-41-0E-03-01-E0-00-00-00-00-00-00-00-00-00-00-00-00-00-00-00-00-00-00-00-00-00-00-00-00-00-00-00-00-00-00-00-00-00-00-00-00-00-00-00-00-00-00-00-00-00-00-00-00-00-00-00-00-00-00
[15:11:40:370]HidD_GetInputReport=True
[15:11:40:370]reply_report=00-4F-00-00-00-00-00-00-00-00-00-00-00-00-00-00-00-00-00-00-00-00-00-00-00-00-00-00-00-00-00-00-00-00-00-00-00-00-00-00-00-00-00-00-00-00-00-00-00-00-00-00-00-00-00-00-00-00-00-00-00-00-00-00-00
[15:11:40:370]50-41-0E-03-01-E0 [CMD_SENT][REMOTE_GET_MODE]
[15:11:40:377][HID_TX_ack]00-19-50-49-01-C0-25-22-05-00-03-00-0E-83-00-50-49-0E-FC-00-00-00-00-02-00-E0-00-17-03-00-11-BD-18-50-49-01-C0-7A-3E-03-00-03-00-11-BE-17-00-00-00-00-00-00-00-00-00-00-00-00-00-00-00-00-00-00-00
[15:11:40:378]50-49-01-C0-25-22-05-00-03-00-0E-83-00
[15:11:40:378]50-49-0E-FC-00-00-00-00-02-00-E0-00-
[15:11:40:378]REMOTE_GET_MODE=00
[15:11:40:378][HID_TX]00-80-07-26-91-50-41-06-04-01-00-63-00-00-00-00-00-00-00-00-00-00-00-00-00-00-00-00-00-00-00-00-00-00-00-00-00-00-00-00-00-00-00-00-00-00-00-00-00-00-00-00-00-00-00-00-00-00-00-00-00-00-00-00-00
[15:11:40:379]HidD_GetInputReport=True
[15:11:40:379]reply_report=00-4F-00-00-00-00-00-00-00-00-00-00-00-00-00-00-00-00-00-00-00-00-00-00-00-00-00-00-00-00-00-00-00-00-00-00-00-00-00-00-00-00-00-00-00-00-00-00-00-00-00-00-00-00-00-00-00-00-00-00-00-00-00-00-00
[15:11:40:379]50-41-06-04-01-00-63 [CMD_SENT][CMD_GET_IO_LEVEL]
[15:11:40:382][HID_TX_ack]00-12-50-49-01-C0-2D-22-05-00-08-00-06-84-00-01-DD-FF-1F-00-00-00-00-02-00-E0-00-17-03-00-11-BD-18-50-49-01-C0-7A-3E-03-00-03-00-11-BE-17-00-00-00-00-00-00-00-00-00-00-00-00-00-00-00-00-00-00-00
[15:11:40:382]50-49-01-C0-2D-22-05-00-08-00-06-84-00-01-DD-FF-1F-00
[15:11:40:600][HID_TX]00-80-06-CA-22-50-41-0E-05-01-E0-00-00-00-00-00-00-00-00-00-00-00-00-00-00-00-00-00-00-00-00-00-00-00-00-00-00-00-00-00-00-00-00-00-00-00-00-00-00-00-00-00-00-00-00-00-00-00-00-00-00-00-00-00-00
[15:11:40:601]HidD_GetInputReport=True
[15:11:40:601]reply_report=00-4F-00-00-00-00-00-00-00-00-00-00-00-00-00-00-00-00-00-00-00-00-00-00-00-00-00-00-00-00-00-00-00-00-00-00-00-00-00-00-00-00-00-00-00-00-00-00-00-00-00-00-00-00-00-00-00-00-00-00-00-00-00-00-00
[15:11:40:601]50-41-0E-05-01-E0 [CMD_SENT][REMOTE_GET_MODE]
[15:11:40:604][HID_TX_ack]00-19-50-49-01-C0-DE-22-05-00-03-00-0E-85-00-50-49-0E-FD-00-00-00-00-02-00-E0-00-17-03-00-11-BD-18-50-49-01-C0-7A-3E-03-00-03-00-11-BE-17-00-00-00-00-00-00-00-00-00-00-00-00-00-00-00-00-00-00-00
[15:11:40:604]50-49-01-C0-DE-22-05-00-03-00-0E-85-00
[15:11:40:604]50-49-0E-FD-00-00-00-00-02-00-E0-00-
[15:11:40:604]REMOTE_GET_MODE=00
[15:11:40:604][HID_TX]00-80-07-CD-BE-50-41-06-06-01-00-63-00-00-00-00-00-00-00-00-00-00-00-00-00-00-00-00-00-00-00-00-00-00-00-00-00-00-00-00-00-00-00-00-00-00-00-00-00-00-00-00-00-00-00-00-00-00-00-00-00-00-00-00-00
[15:11:40:605]HidD_GetInputReport=True
[15:11:40:605]reply_report=00-4F-00-00-00-00-00-00-00-00-00-00-00-00-00-00-00-00-00-00-00-00-00-00-00-00-00-00-00-00-00-00-00-00-00-00-00-00-00-00-00-00-00-00-00-00-00-00-00-00-00-00-00-00-00-00-00-00-00-00-00-00-00-00-00
[15:11:40:605]50-41-06-06-01-00-63 [CMD_SENT][CMD_GET_IO_LEVEL]
[15:11:40:609][HID_TX_ack]00-12-50-49-01-C0-E2-22-05-00-08-00-06-86-00-01-DD-FF-1F-00-00-00-00-02-00-E0-00-17-03-00-11-BD-18-50-49-01-C0-7A-3E-03-00-03-00-11-BE-17-00-00-00-00-00-00-00-00-00-00-00-00-00-00-00-00-00-00-00
[15:11:40:609]50-49-01-C0-E2-22-05-00-08-00-06-86-00-01-DD-FF-1F-00
[15:11:40:831][HID_TX]00-80-06-21-0D-50-41-0E-07-01-E0-00-00-00-00-00-00-00-00-00-00-00-00-00-00-00-00-00-00-00-00-00-00-00-00-00-00-00-00-00-00-00-00-00-00-00-00-00-00-00-00-00-00-00-00-00-00-00-00-00-00-00-00-00-00
[15:11:40:832]HidD_GetInputReport=True
[15:11:40:832]reply_report=00-4F-00-00-00-00-00-00-00-00-00-00-00-00-00-00-00-00-00-00-00-00-00-00-00-00-00-00-00-00-00-00-00-00-00-00-00-00-00-00-00-00-00-00-00-00-00-00-00-00-00-00-00-00-00-00-00-00-00-00-00-00-00-00-00
[15:11:40:832]50-41-0E-07-01-E0 [CMD_SENT][REMOTE_GET_MODE]
[15:11:40:835][HID_TX_ack]00-19-50-49-01-C0-97-23-05-00-03-00-0E-87-00-50-49-0E-FE-00-00-00-00-02-00-E0-00-17-03-00-11-BD-18-50-49-01-C0-7A-3E-03-00-03-00-11-BE-17-00-00-00-00-00-00-00-00-00-00-00-00-00-00-00-00-00-00-00
[15:11:40:835]50-49-01-C0-97-23-05-00-03-00-0E-87-00
[15:11:40:835]50-49-0E-FE-00-00-00-00-02-00-E0-00-
[15:11:40:835]REMOTE_GET_MODE=00
[15:11:40:835][HID_TX]00-80-07-5C-71-50-41-06-08-01-00-63-00-00-00-00-00-00-00-00-00-00-00-00-00-00-00-00-00-00-00-00-00-00-00-00-00-00-00-00-00-00-00-00-00-00-00-00-00-00-00-00-00-00-00-00-00-00-00-00-00-00-00-00-00
[15:11:40:838]HidD_GetInputReport=True
[15:11:40:838]reply_report=00-4F-00-00-00-00-00-00-00-00-00-00-00-00-00-00-00-00-00-00-00-00-00-00-00-00-00-00-00-00-00-00-00-00-00-00-00-00-00-00-00-00-00-00-00-00-00-00-00-00-00-00-00-00-00-00-00-00-00-00-00-00-00-00-00
[15:11:40:838]50-41-06-08-01-00-63 [CMD_SENT][CMD_GET_IO_LEVEL]
[15:11:40:840][HID_TX_ack]00-12-50-49-01-C0-9B-23-05-00-08-00-06-88-00-01-DD-FF-1F-00-00-00-00-02-00-E0-00-17-03-00-11-BD-18-50-49-01-C0-7A-3E-03-00-03-00-11-BE-17-00-00-00-00-00-00-00-00-00-00-00-00-00-00-00-00-00-00-00
[15:11:40:840]50-49-01-C0-9B-23-05-00-08-00-06-88-00-01-DD-FF-1F-00
[15:11:41:063][HID_TX]00-80-06-B0-C2-50-41-0E-09-01-E0-00-00-00-00-00-00-00-00-00-00-00-00-00-00-00-00-00-00-00-00-00-00-00-00-00-00-00-00-00-00-00-00-00-00-00-00-00-00-00-00-00-00-00-00-00-00-00-00-00-00-00-00-00-00
[15:11:41:064]HidD_GetInputReport=True
[15:11:41:064]reply_report=00-4F-00-00-00-00-00-00-00-00-00-00-00-00-00-00-00-00-00-00-00-00-00-00-00-00-00-00-00-00-00-00-00-00-00-00-00-00-00-00-00-00-00-00-00-00-00-00-00-00-00-00-00-00-00-00-00-00-00-00-00-00-00-00-00
[15:11:41:064]50-41-0E-09-01-E0 [CMD_SENT][REMOTE_GET_MODE]
[15:11:41:066][HID_TX_ack]00-19-50-49-01-C0-51-24-05-00-03-00-0E-89-00-50-49-0E-FF-00-00-00-00-02-00-E0-00-17-03-00-11-BD-18-50-49-01-C0-7A-3E-03-00-03-00-11-BE-17-00-00-00-00-00-00-00-00-00-00-00-00-00-00-00-00-00-00-00
[15:11:41:067]50-49-01-C0-51-24-05-00-03-00-0E-89-00
[15:11:41:067]50-49-0E-FF-00-00-00-00-02-00-E0-00-
[15:11:41:067]REMOTE_GET_MODE=00
[15:11:41:067][HID_TX]00-80-07-B7-5E-50-41-06-0A-01-00-63-00-00-00-00-00-00-00-00-00-00-00-00-00-00-00-00-00-00-00-00-00-00-00-00-00-00-00-00-00-00-00-00-00-00-00-00-00-00-00-00-00-00-00-00-00-00-00-00-00-00-00-00-00
[15:11:41:068]HidD_GetInputReport=True
[15:11:41:068]reply_report=00-4F-00-00-00-00-00-00-00-00-00-00-00-00-00-00-00-00-00-00-00-00-00-00-00-00-00-00-00-00-00-00-00-00-00-00-00-00-00-00-00-00-00-00-00-00-00-00-00-00-00-00-00-00-00-00-00-00-00-00-00-00-00-00-00
[15:11:41:069]50-41-06-0A-01-00-63 [CMD_SENT][CMD_GET_IO_LEVEL]
[15:11:41:070][HID_TX_ack]00-12-50-49-01-C0-54-24-05-00-08-00-06-8A-00-01-DD-FF-1F-00-00-00-00-02-00-E0-00-17-03-00-11-BD-18-50-49-01-C0-7A-3E-03-00-03-00-11-BE-17-00-00-00-00-00-00-00-00-00-00-00-00-00-00-00-00-00-00-00
[15:11:41:070]50-49-01-C0-54-24-05-00-08-00-06-8A-00-01-DD-FF-1F-00
[15:11:41:278][HID_TX]00-80-06-5B-ED-50-41-0E-0B-01-E0-00-00-00-00-00-00-00-00-00-00-00-00-00-00-00-00-00-00-00-00-00-00-00-00-00-00-00-00-00-00-00-00-00-00-00-00-00-00-00-00-00-00-00-00-00-00-00-00-00-00-00-00-00-00
[15:11:41:280]HidD_GetInputReport=True
[15:11:41:280]reply_report=00-4F-00-00-00-00-00-00-00-00-00-00-00-00-00-00-00-00-00-00-00-00-00-00-00-00-00-00-00-00-00-00-00-00-00-00-00-00-00-00-00-00-00-00-00-00-00-00-00-00-00-00-00-00-00-00-00-00-00-00-00-00-00-00-00
[15:11:41:280]50-41-0E-0B-01-E0 [CMD_SENT][REMOTE_GET_MODE]
[15:11:41:283][HID_TX_ack]00-19-50-49-01-C0-FD-24-05-00-03-00-0E-8B-00-50-49-0E-C0-00-00-00-00-02-00-E0-00-17-03-00-11-BD-18-50-49-01-C0-7A-3E-03-00-03-00-11-BE-17-00-00-00-00-00-00-00-00-00-00-00-00-00-00-00-00-00-00-00
[15:11:41:283]50-49-01-C0-FD-24-05-00-03-00-0E-8B-00
[15:11:41:283]50-49-0E-C0-00-00-00-00-02-00-E0-00-
[15:11:41:283]REMOTE_GET_MODE=00
[15:11:41:283][HID_TX]00-80-07-8A-2E-50-41-06-0C-01-00-63-00-00-00-00-00-00-00-00-00-00-00-00-00-00-00-00-00-00-00-00-00-00-00-00-00-00-00-00-00-00-00-00-00-00-00-00-00-00-00-00-00-00-00-00-00-00-00-00-00-00-00-00-00
[15:11:41:285]HidD_GetInputReport=True
[15:11:41:285]reply_report=00-4F-00-00-00-00-00-00-00-00-00-00-00-00-00-00-00-00-00-00-00-00-00-00-00-00-00-00-00-00-00-00-00-00-00-00-00-00-00-00-00-00-00-00-00-00-00-00-00-00-00-00-00-00-00-00-00-00-00-00-00-00-00-00-00
[15:11:41:285]50-41-06-0C-01-00-63 [CMD_SENT][CMD_GET_IO_LEVEL]
[15:11:41:288][HID_TX_ack]00-12-50-49-01-C0-02-25-05-00-08-00-06-8C-00-01-DD-FF-1F-00-00-00-00-02-00-E0-00-17-03-00-11-BD-18-50-49-01-C0-7A-3E-03-00-03-00-11-BE-17-00-00-00-00-00-00-00-00-00-00-00-00-00-00-00-00-00-00-00
[15:11:41:288]50-49-01-C0-02-25-05-00-08-00-06-8C-00-01-DD-FF-1F-00
[15:11:41:508][HID_TX]00-80-06-66-9D-50-41-0E-0D-01-E0-00-00-00-00-00-00-00-00-00-00-00-00-00-00-00-00-00-00-00-00-00-00-00-00-00-00-00-00-00-00-00-00-00-00-00-00-00-00-00-00-00-00-00-00-00-00-00-00-00-00-00-00-00-00
[15:11:41:510]HidD_GetInputReport=True
[15:11:41:510]reply_report=00-4F-00-00-00-00-00-00-00-00-00-00-00-00-00-00-00-00-00-00-00-00-00-00-00-00-00-00-00-00-00-00-00-00-00-00-00-00-00-00-00-00-00-00-00-00-00-00-00-00-00-00-00-00-00-00-00-00-00-00-00-00-00-00-00
[15:11:41:510]50-41-0E-0D-01-E0 [CMD_SENT][REMOTE_GET_MODE]
[15:11:41:512][HID_TX_ack]00-19-50-49-01-C0-B5-25-05-00-03-00-0E-8D-00-50-49-0E-C1-00-00-00-00-02-00-E0-00-17-03-00-11-BD-18-50-49-01-C0-7A-3E-03-00-03-00-11-BE-17-00-00-00-00-00-00-00-00-00-00-00-00-00-00-00-00-00-00-00
[15:11:41:512]50-49-01-C0-B5-25-05-00-03-00-0E-8D-00
[15:11:41:512]50-49-0E-C1-00-00-00-00-02-00-E0-00-
[15:11:41:512]REMOTE_GET_MODE=00
[15:11:41:513][HID_TX]00-80-07-61-01-50-41-06-0E-01-00-63-00-00-00-00-00-00-00-00-00-00-00-00-00-00-00-00-00-00-00-00-00-00-00-00-00-00-00-00-00-00-00-00-00-00-00-00-00-00-00-00-00-00-00-00-00-00-00-00-00-00-00-00-00
[15:11:41:516]HidD_GetInputReport=True
[15:11:41:516]reply_report=00-4F-00-00-00-00-00-00-00-00-00-00-00-00-00-00-00-00-00-00-00-00-00-00-00-00-00-00-00-00-00-00-00-00-00-00-00-00-00-00-00-00-00-00-00-00-00-00-00-00-00-00-00-00-00-00-00-00-00-00-00-00-00-00-00
[15:11:41:516]50-41-06-0E-01-00-63 [CMD_SENT][CMD_GET_IO_LEVEL]
[15:11:41:519][HID_TX_ack]00-12-50-49-01-C0-BA-25-05-00-08-00-06-8E-00-01-DD-FF-1F-00-00-00-00-02-00-E0-00-17-03-00-11-BD-18-50-49-01-C0-7A-3E-03-00-03-00-11-BE-17-00-00-00-00-00-00-00-00-00-00-00-00-00-00-00-00-00-00-00
[15:11:41:519]50-49-01-C0-BA-25-05-00-08-00-06-8E-00-01-DD-FF-1F-00
[15:11:41:741][HID_TX]00-80-06-8D-B2-50-41-0E-0F-01-E0-00-00-00-00-00-00-00-00-00-00-00-00-00-00-00-00-00-00-00-00-00-00-00-00-00-00-00-00-00-00-00-00-00-00-00-00-00-00-00-00-00-00-00-00-00-00-00-00-00-00-00-00-00-00
[15:11:41:743]HidD_GetInputReport=True
[15:11:41:743]reply_report=00-4F-00-00-00-00-00-00-00-00-00-00-00-00-00-00-00-00-00-00-00-00-00-00-00-00-00-00-00-00-00-00-00-00-00-00-00-00-00-00-00-00-00-00-00-00-00-00-00-00-00-00-00-00-00-00-00-00-00-00-00-00-00-00-00
[15:11:41:743]50-41-0E-0F-01-E0 [CMD_SENT][REMOTE_GET_MODE]
[15:11:41:747][HID_TX_ack]00-19-50-49-01-C0-70-26-05-00-03-00-0E-8F-00-50-49-0E-C2-00-00-00-00-02-00-E0-00-17-03-00-11-BD-18-50-49-01-C0-7A-3E-03-00-03-00-11-BE-17-00-00-00-00-00-00-00-00-00-00-00-00-00-00-00-00-00-00-00
[15:11:41:747]50-49-01-C0-70-26-05-00-03-00-0E-8F-00
[15:11:41:747]50-49-0E-C2-00-00-00-00-02-00-E0-00-
[15:11:41:747]REMOTE_GET_MODE=00
[15:11:41:747][HID_TX]00-80-07-89-A1-50-41-06-10-01-00-63-00-00-00-00-00-00-00-00-00-00-00-00-00-00-00-00-00-00-00-00-00-00-00-00-00-00-00-00-00-00-00-00-00-00-00-00-00-00-00-00-00-00-00-00-00-00-00-00-00-00-00-00-00
[15:11:41:749]HidD_GetInputReport=True
[15:11:41:749]reply_report=00-4F-00-00-00-00-00-00-00-00-00-00-00-00-00-00-00-00-00-00-00-00-00-00-00-00-00-00-00-00-00-00-00-00-00-00-00-00-00-00-00-00-00-00-00-00-00-00-00-00-00-00-00-00-00-00-00-00-00-00-00-00-00-00-00
[15:11:41:749]50-41-06-10-01-00-63 [CMD_SENT][CMD_GET_IO_LEVEL]
[15:11:41:751][HID_TX_ack]00-12-50-49-01-C0-75-26-05-00-08-00-06-90-00-01-DD-FF-1F-00-00-00-00-02-00-E0-00-17-03-00-11-BD-18-50-49-01-C0-7A-3E-03-00-03-00-11-BE-17-00-00-00-00-00-00-00-00-00-00-00-00-00-00-00-00-00-00-00
[15:11:41:751]50-49-01-C0-75-26-05-00-08-00-06-90-00-01-DD-FF-1F-00
[15:11:41:975][HID_TX]00-80-06-65-12-50-41-0E-11-01-E0-00-00-00-00-00-00-00-00-00-00-00-00-00-00-00-00-00-00-00-00-00-00-00-00-00-00-00-00-00-00-00-00-00-00-00-00-00-00-00-00-00-00-00-00-00-00-00-00-00-00-00-00-00-00
[15:11:41:976]HidD_GetInputReport=True
[15:11:41:976]reply_report=00-4F-00-00-00-00-00-00-00-00-00-00-00-00-00-00-00-00-00-00-00-00-00-00-00-00-00-00-00-00-00-00-00-00-00-00-00-00-00-00-00-00-00-00-00-00-00-00-00-00-00-00-00-00-00-00-00-00-00-00-00-00-00-00-00
[15:11:41:976]50-41-0E-11-01-E0 [CMD_SENT][REMOTE_GET_MODE]
[15:11:41:979][HID_TX_ack]00-19-50-49-01-C0-2A-27-05-00-03-00-0E-91-00-50-49-0E-C3-00-00-00-00-02-00-E0-00-17-03-00-11-BD-18-50-49-01-C0-7A-3E-03-00-03-00-11-BE-17-00-00-00-00-00-00-00-00-00-00-00-00-00-00-00-00-00-00-00
[15:11:41:979]50-49-01-C0-2A-27-05-00-03-00-0E-91-00
[15:11:41:979]50-49-0E-C3-00-00-00-00-02-00-E0-00-
[15:11:41:979]REMOTE_GET_MODE=00
[15:11:41:979][HID_TX]00-80-07-62-8E-50-41-06-12-01-00-63-00-00-00-00-00-00-00-00-00-00-00-00-00-00-00-00-00-00-00-00-00-00-00-00-00-00-00-00-00-00-00-00-00-00-00-00-00-00-00-00-00-00-00-00-00-00-00-00-00-00-00-00-00
[15:11:41:981]HidD_GetInputReport=True
[15:11:41:981]reply_report=00-4F-00-00-00-00-00-00-00-00-00-00-00-00-00-00-00-00-00-00-00-00-00-00-00-00-00-00-00-00-00-00-00-00-00-00-00-00-00-00-00-00-00-00-00-00-00-00-00-00-00-00-00-00-00-00-00-00-00-00-00-00-00-00-00
[15:11:41:981]50-41-06-12-01-00-63 [CMD_SENT][CMD_GET_IO_LEVEL]
[15:11:41:984][HID_TX_ack]00-12-50-49-01-C0-2E-27-05-00-08-00-06-92-00-01-DD-FF-1F-00-00-00-00-02-00-E0-00-17-03-00-11-BD-18-50-49-01-C0-7A-3E-03-00-03-00-11-BE-17-00-00-00-00-00-00-00-00-00-00-00-00-00-00-00-00-00-00-00
[15:11:41:984]50-49-01-C0-2E-27-05-00-08-00-06-92-00-01-DD-FF-1F-00
[15:11:42:207][HID_TX]00-80-06-8E-3D-50-41-0E-13-01-E0-00-00-00-00-00-00-00-00-00-00-00-00-00-00-00-00-00-00-00-00-00-00-00-00-00-00-00-00-00-00-00-00-00-00-00-00-00-00-00-00-00-00-00-00-00-00-00-00-00-00-00-00-00-00
[15:11:42:207]HidD_GetInputReport=True
[15:11:42:207]reply_report=00-4F-00-00-00-00-00-00-00-00-00-00-00-00-00-00-00-00-00-00-00-00-00-00-00-00-00-00-00-00-00-00-00-00-00-00-00-00-00-00-00-00-00-00-00-00-00-00-00-00-00-00-00-00-00-00-00-00-00-00-00-00-00-00-00
[15:11:42:208]50-41-0E-13-01-E0 [CMD_SENT][REMOTE_GET_MODE]
[15:11:42:210][HID_TX_ack]00-19-50-49-01-C0-E4-27-05-00-03-00-0E-93-00-50-49-0E-C4-00-00-00-00-02-00-E0-00-17-03-00-11-BD-18-50-49-01-C0-7A-3E-03-00-03-00-11-BE-17-00-00-00-00-00-00-00-00-00-00-00-00-00-00-00-00-00-00-00
[15:11:42:210]50-49-01-C0-E4-27-05-00-03-00-0E-93-00
[15:11:42:210]50-49-0E-C4-00-00-00-00-02-00-E0-00-
[15:11:42:210]REMOTE_GET_MODE=00
[15:11:42:210][HID_TX]00-80-07-5F-FE-50-41-06-14-01-00-63-00-00-00-00-00-00-00-00-00-00-00-00-00-00-00-00-00-00-00-00-00-00-00-00-00-00-00-00-00-00-00-00-00-00-00-00-00-00-00-00-00-00-00-00-00-00-00-00-00-00-00-00-00
[15:11:42:211]HidD_GetInputReport=True
[15:11:42:211]reply_report=00-4F-00-00-00-00-00-00-00-00-00-00-00-00-00-00-00-00-00-00-00-00-00-00-00-00-00-00-00-00-00-00-00-00-00-00-00-00-00-00-00-00-00-00-00-00-00-00-00-00-00-00-00-00-00-00-00-00-00-00-00-00-00-00-00
[15:11:42:212]50-41-06-14-01-00-63 [CMD_SENT][CMD_GET_IO_LEVEL]
[15:11:42:214][HID_TX_ack]00-12-50-49-01-C0-E7-27-05-00-08-00-06-94-00-01-DD-FF-1F-00-00-00-00-02-00-E0-00-17-03-00-11-BD-18-50-49-01-C0-7A-3E-03-00-03-00-11-BE-17-00-00-00-00-00-00-00-00-00-00-00-00-00-00-00-00-00-00-00
[15:11:42:214]50-49-01-C0-E7-27-05-00-08-00-06-94-00-01-DD-FF-1F-00
[15:11:42:237][HID_TX_ack]00-0D-50-49-11-C5-F7-27-05-00-03-00-20-E9-00-01-DD-FF-1F-00-00-00-00-02-00-E0-00-17-03-00-11-BD-18-50-49-01-C0-7A-3E-03-00-03-00-11-BE-17-00-00-00-00-00-00-00-00-00-00-00-00-00-00-00-00-00-00-00
[15:11:42:237]50-49-11-C5-F7-27-05-00-03-00-20-E9-00
[15:11:42:247][HID_TX_ack]00-1A-50-49-01-C0-00-28-05-00-03-00-11-C6-18-50-49-01-C0-01-28-05-00-03-00-11-C7-17-03-00-11-BD-18-50-49-01-C0-7A-3E-03-00-03-00-11-BE-17-00-00-00-00-00-00-00-00-00-00-00-00-00-00-00-00-00-00-00
[15:11:42:247]50-49-01-C0-00-28-05-00-03-00-11-C6-18
[15:11:42:247]50-49-01-C0-01-28-05-00-03-00-11-C7-17
[15:11:42:250][HID_TX_ack]00-0D-50-49-11-C6-02-28-05-00-03-00-20-00-00-50-49-01-C0-01-28-05-00-03-00-11-C7-17-03-00-11-BD-18-50-49-01-C0-7A-3E-03-00-03-00-11-BE-17-00-00-00-00-00-00-00-00-00-00-00-00-00-00-00-00-00-00-00
[15:11:42:250]50-49-11-C6-02-28-05-00-03-00-20-00-00
[15:11:42:265][HID_TX_ack]00-0D-50-49-01-C0-0F-28-05-00-03-00-11-C8-16-50-49-01-C0-01-28-05-00-03-00-11-C7-17-03-00-11-BD-18-50-49-01-C0-7A-3E-03-00-03-00-11-BE-17-00-00-00-00-00-00-00-00-00-00-00-00-00-00-00-00-00-00-00
[15:11:42:265]50-49-01-C0-0F-28-05-00-03-00-11-C8-16
[15:11:42:439][HID_TX]00-80-06-B3-4D-50-41-0E-15-01-E0-00-00-00-00-00-00-00-00-00-00-00-00-00-00-00-00-00-00-00-00-00-00-00-00-00-00-00-00-00-00-00-00-00-00-00-00-00-00-00-00-00-00-00-00-00-00-00-00-00-00-00-00-00-00
[15:11:42:440]HidD_GetInputReport=True
[15:11:42:440]reply_report=00-4F-00-00-00-00-00-00-00-00-00-00-00-00-00-00-00-00-00-00-00-00-00-00-00-00-00-00-00-00-00-00-00-00-00-00-00-00-00-00-00-00-00-00-00-00-00-00-00-00-00-00-00-00-00-00-00-00-00-00-00-00-00-00-00
[15:11:42:440]50-41-0E-15-01-E0 [CMD_SENT][REMOTE_GET_MODE]
[15:11:42:442][HID_TX_ack]00-19-50-49-01-C0-9D-28-05-00-03-00-0E-95-00-50-49-0E-C7-00-00-00-00-02-00-E0-00-17-03-00-11-BD-18-50-49-01-C0-7A-3E-03-00-03-00-11-BE-17-00-00-00-00-00-00-00-00-00-00-00-00-00-00-00-00-00-00-00
[15:11:42:442]50-49-01-C0-9D-28-05-00-03-00-0E-95-00
[15:11:42:442]50-49-0E-C7-00-00-00-00-02-00-E0-00-
[15:11:42:442]REMOTE_GET_MODE=00
[15:11:42:442][HID_TX]00-80-07-B4-D1-50-41-06-16-01-00-63-00-00-00-00-00-00-00-00-00-00-00-00-00-00-00-00-00-00-00-00-00-00-00-00-00-00-00-00-00-00-00-00-00-00-00-00-00-00-00-00-00-00-00-00-00-00-00-00-00-00-00-00-00
[15:11:42:443]HidD_GetInputReport=True
[15:11:42:443]reply_report=00-4F-00-00-00-00-00-00-00-00-00-00-00-00-00-00-00-00-00-00-00-00-00-00-00-00-00-00-00-00-00-00-00-00-00-00-00-00-00-00-00-00-00-00-00-00-00-00-00-00-00-00-00-00-00-00-00-00-00-00-00-00-00-00-00
[15:11:42:443]50-41-06-16-01-00-63 [CMD_SENT][CMD_GET_IO_LEVEL]
[15:11:42:447][HID_TX_ack]00-12-50-49-01-C0-A1-28-05-00-08-00-06-96-00-01-DD-FF-1F-00-00-00-00-02-00-E0-00-17-03-00-11-BD-18-50-49-01-C0-7A-3E-03-00-03-00-11-BE-17-00-00-00-00-00-00-00-00-00-00-00-00-00-00-00-00-00-00-00
[15:11:42:447]50-49-01-C0-A1-28-05-00-08-00-06-96-00-01-DD-FF-1F-00
[15:11:42:670][HID_TX]00-80-06-58-62-50-41-0E-17-01-E0-00-00-00-00-00-00-00-00-00-00-00-00-00-00-00-00-00-00-00-00-00-00-00-00-00-00-00-00-00-00-00-00-00-00-00-00-00-00-00-00-00-00-00-00-00-00-00-00-00-00-00-00-00-00
[15:11:42:672]HidD_GetInputReport=True
[15:11:42:672]reply_report=00-4F-00-00-00-00-00-00-00-00-00-00-00-00-00-00-00-00-00-00-00-00-00-00-00-00-00-00-00-00-00-00-00-00-00-00-00-00-00-00-00-00-00-00-00-00-00-00-00-00-00-00-00-00-00-00-00-00-00-00-00-00-00-00-00
[15:11:42:672]50-41-0E-17-01-E0 [CMD_SENT][REMOTE_GET_MODE]
[15:11:42:674][HID_TX_ack]00-19-50-49-01-C0-57-29-05-00-03-00-0E-97-00-50-49-0E-C8-00-00-00-00-02-00-E0-00-17-03-00-11-BD-18-50-49-01-C0-7A-3E-03-00-03-00-11-BE-17-00-00-00-00-00-00-00-00-00-00-00-00-00-00-00-00-00-00-00
[15:11:42:675]50-49-01-C0-57-29-05-00-03-00-0E-97-00
[15:11:42:675]50-49-0E-C8-00-00-00-00-02-00-E0-00-
[15:11:42:676]REMOTE_GET_MODE=00
[15:11:42:676][HID_TX]00-80-07-25-1E-50-41-06-18-01-00-63-00-00-00-00-00-00-00-00-00-00-00-00-00-00-00-00-00-00-00-00-00-00-00-00-00-00-00-00-00-00-00-00-00-00-00-00-00-00-00-00-00-00-00-00-00-00-00-00-00-00-00-00-00
[15:11:42:678]HidD_GetInputReport=True
[15:11:42:678]reply_report=00-4F-00-00-00-00-00-00-00-00-00-00-00-00-00-00-00-00-00-00-00-00-00-00-00-00-00-00-00-00-00-00-00-00-00-00-00-00-00-00-00-00-00-00-00-00-00-00-00-00-00-00-00-00-00-00-00-00-00-00-00-00-00-00-00
[15:11:42:678]50-41-06-18-01-00-63 [CMD_SENT][CMD_GET_IO_LEVEL]
[15:11:42:680][HID_TX_ack]00-12-50-49-01-C0-5C-29-05-00-08-00-06-98-00-01-DD-FF-1F-00-00-00-00-02-00-E0-00-17-03-00-11-BD-18-50-49-01-C0-7A-3E-03-00-03-00-11-BE-17-00-00-00-00-00-00-00-00-00-00-00-00-00-00-00-00-00-00-00
[15:11:42:681]50-49-01-C0-5C-29-05-00-08-00-06-98-00-01-DD-FF-1F-00
[15:11:42:904][HID_TX]00-80-06-C9-AD-50-41-0E-19-01-E0-00-00-00-00-00-00-00-00-00-00-00-00-00-00-00-00-00-00-00-00-00-00-00-00-00-00-00-00-00-00-00-00-00-00-00-00-00-00-00-00-00-00-00-00-00-00-00-00-00-00-00-00-00-00
[15:11:42:905]HidD_GetInputReport=True
[15:11:42:905]reply_report=00-4F-00-00-00-00-00-00-00-00-00-00-00-00-00-00-00-00-00-00-00-00-00-00-00-00-00-00-00-00-00-00-00-00-00-00-00-00-00-00-00-00-00-00-00-00-00-00-00-00-00-00-00-00-00-00-00-00-00-00-00-00-00-00-00
[15:11:42:905]50-41-0E-19-01-E0 [CMD_SENT][REMOTE_GET_MODE]
[15:11:42:907][HID_TX_ack]00-19-50-49-01-C0-11-2A-05-00-03-00-0E-99-00-50-49-0E-C9-00-00-00-00-02-00-E0-00-17-03-00-11-BD-18-50-49-01-C0-7A-3E-03-00-03-00-11-BE-17-00-00-00-00-00-00-00-00-00-00-00-00-00-00-00-00-00-00-00
[15:11:42:907]50-49-01-C0-11-2A-05-00-03-00-0E-99-00
[15:11:42:907]50-49-0E-C9-00-00-00-00-02-00-E0-00-
[15:11:42:907]REMOTE_GET_MODE=00
[15:11:42:907][HID_TX]00-80-07-CE-31-50-41-06-1A-01-00-63-00-00-00-00-00-00-00-00-00-00-00-00-00-00-00-00-00-00-00-00-00-00-00-00-00-00-00-00-00-00-00-00-00-00-00-00-00-00-00-00-00-00-00-00-00-00-00-00-00-00-00-00-00
[15:11:42:909]HidD_GetInputReport=True
[15:11:42:909]reply_report=00-4F-00-00-00-00-00-00-00-00-00-00-00-00-00-00-00-00-00-00-00-00-00-00-00-00-00-00-00-00-00-00-00-00-00-00-00-00-00-00-00-00-00-00-00-00-00-00-00-00-00-00-00-00-00-00-00-00-00-00-00-00-00-00-00
[15:11:42:909]50-41-06-1A-01-00-63 [CMD_SENT][CMD_GET_IO_LEVEL]
[15:11:42:911][HID_TX_ack]00-12-50-49-01-C0-15-2A-05-00-08-00-06-9A-00-01-DD-FF-1F-00-00-00-00-02-00-E0-00-17-03-00-11-BD-18-50-49-01-C0-7A-3E-03-00-03-00-11-BE-17-00-00-00-00-00-00-00-00-00-00-00-00-00-00-00-00-00-00-00
[15:11:42:912]50-49-01-C0-15-2A-05-00-08-00-06-9A-00-01-DD-FF-1F-00
[15:11:43:123][HID_TX]00-80-06-22-82-50-41-0E-1B-01-E0-00-00-00-00-00-00-00-00-00-00-00-00-00-00-00-00-00-00-00-00-00-00-00-00-00-00-00-00-00-00-00-00-00-00-00-00-00-00-00-00-00-00-00-00-00-00-00-00-00-00-00-00-00-00
[15:11:43:124]HidD_GetInputReport=True
[15:11:43:124]reply_report=00-4F-00-00-00-00-00-00-00-00-00-00-00-00-00-00-00-00-00-00-00-00-00-00-00-00-00-00-00-00-00-00-00-00-00-00-00-00-00-00-00-00-00-00-00-00-00-00-00-00-00-00-00-00-00-00-00-00-00-00-00-00-00-00-00
[15:11:43:124]50-41-0E-1B-01-E0 [CMD_SENT][REMOTE_GET_MODE]
[15:11:43:126][HID_TX_ack]00-19-50-49-01-C0-C1-2A-05-00-03-00-0E-9B-00-50-49-0E-CA-00-00-00-00-02-00-E0-00-17-03-00-11-BD-18-50-49-01-C0-7A-3E-03-00-03-00-11-BE-17-00-00-00-00-00-00-00-00-00-00-00-00-00-00-00-00-00-00-00
[15:11:43:126]50-49-01-C0-C1-2A-05-00-03-00-0E-9B-00
[15:11:43:126]50-49-0E-CA-00-00-00-00-02-00-E0-00-
[15:11:43:126]REMOTE_GET_MODE=00
[15:11:43:127][HID_TX]00-80-07-F3-41-50-41-06-1C-01-00-63-00-00-00-00-00-00-00-00-00-00-00-00-00-00-00-00-00-00-00-00-00-00-00-00-00-00-00-00-00-00-00-00-00-00-00-00-00-00-00-00-00-00-00-00-00-00-00-00-00-00-00-00-00
[15:11:43:128]HidD_GetInputReport=True
[15:11:43:128]reply_report=00-4F-00-00-00-00-00-00-00-00-00-00-00-00-00-00-00-00-00-00-00-00-00-00-00-00-00-00-00-00-00-00-00-00-00-00-00-00-00-00-00-00-00-00-00-00-00-00-00-00-00-00-00-00-00-00-00-00-00-00-00-00-00-00-00
[15:11:43:128]50-41-06-1C-01-00-63 [CMD_SENT][CMD_GET_IO_LEVEL]
[15:11:43:130][HID_TX_ack]00-12-50-49-01-C0-C4-2A-05-00-08-00-06-9C-00-01-DD-FF-1F-00-00-00-00-02-00-E0-00-17-03-00-11-BD-18-50-49-01-C0-7A-3E-03-00-03-00-11-BE-17-00-00-00-00-00-00-00-00-00-00-00-00-00-00-00-00-00-00-00
[15:11:43:130]50-49-01-C0-C4-2A-05-00-08-00-06-9C-00-01-DD-FF-1F-00
[15:11:43:341][HID_TX_ack]00-0D-50-49-11-CB-6B-2B-05-00-03-00-20-EA-00-01-DD-FF-1F-00-00-00-00-02-00-E0-00-17-03-00-11-BD-18-50-49-01-C0-7A-3E-03-00-03-00-11-BE-17-00-00-00-00-00-00-00-00-00-00-00-00-00-00-00-00-00-00-00
[15:11:43:341]50-49-11-CB-6B-2B-05-00-03-00-20-EA-00
[15:11:43:352][HID_TX_ack]00-1A-50-49-01-C0-74-2B-05-00-03-00-11-C9-18-50-49-01-C0-75-2B-05-00-03-00-11-CA-17-03-00-11-BD-18-50-49-01-C0-7A-3E-03-00-03-00-11-BE-17-00-00-00-00-00-00-00-00-00-00-00-00-00-00-00-00-00-00-00
[15:11:43:352]50-49-01-C0-74-2B-05-00-03-00-11-C9-18
[15:11:43:352]50-49-01-C0-75-2B-05-00-03-00-11-CA-17
[15:11:43:354][HID_TX]00-80-06-1F-F2-50-41-0E-1D-01-E0-00-00-00-00-00-00-00-00-00-00-00-00-00-00-00-00-00-00-00-00-00-00-00-00-00-00-00-00-00-00-00-00-00-00-00-00-00-00-00-00-00-00-00-00-00-00-00-00-00-00-00-00-00-00
[15:11:43:355][HID_TX_ack]00-0D-50-49-11-CC-76-2B-05-00-03-00-20-00-00-50-49-01-C0-75-2B-05-00-03-00-11-CA-17-03-00-11-BD-18-50-49-01-C0-7A-3E-03-00-03-00-11-BE-17-00-00-00-00-00-00-00-00-00-00-00-00-00-00-00-00-00-00-00
[15:11:43:355]50-49-11-CC-76-2B-05-00-03-00-20-00-00
[15:11:43:355]HidD_GetInputReport=True
[15:11:43:355]reply_report=00-4F-00-00-00-00-00-00-00-00-00-00-00-00-00-00-00-00-00-00-00-00-00-00-00-00-00-00-00-00-00-00-00-00-00-00-00-00-00-00-00-00-00-00-00-00-00-00-00-00-00-00-00-00-00-00-00-00-00-00-00-00-00-00-00
[15:11:43:356]50-41-0E-1D-01-E0 [CMD_SENT][REMOTE_GET_MODE]
[15:11:43:372][HID_TX_ack]00-26-50-49-01-C0-83-2B-05-00-03-00-11-CB-16-50-49-01-C0-84-2B-05-00-03-00-0E-9D-00-50-49-0E-CD-00-00-00-00-02-00-E0-00-00-03-00-11-BE-17-00-00-00-00-00-00-00-00-00-00-00-00-00-00-00-00-00-00-00
[15:11:43:372]50-49-01-C0-83-2B-05-00-03-00-11-CB-16
[15:11:43:372]50-49-01-C0-84-2B-05-00-03-00-0E-9D-00
[15:11:43:372]50-49-0E-CD-00-00-00-00-02-00-E0-00-
[15:11:43:372]REMOTE_GET_MODE=00
[15:11:43:372][HID_TX]00-80-07-18-6E-50-41-06-1E-01-00-63-00-00-00-00-00-00-00-00-00-00-00-00-00-00-00-00-00-00-00-00-00-00-00-00-00-00-00-00-00-00-00-00-00-00-00-00-00-00-00-00-00-00-00-00-00-00-00-00-00-00-00-00-00
[15:11:43:373]HidD_GetInputReport=True
[15:11:43:373]reply_report=00-4F-00-00-00-00-00-00-00-00-00-00-00-00-00-00-00-00-00-00-00-00-00-00-00-00-00-00-00-00-00-00-00-00-00-00-00-00-00-00-00-00-00-00-00-00-00-00-00-00-00-00-00-00-00-00-00-00-00-00-00-00-00-00-00
[15:11:43:373]50-41-06-1E-01-00-63 [CMD_SENT][CMD_GET_IO_LEVEL]
[15:11:43:376][HID_TX_ack]00-12-50-49-01-C0-88-2B-05-00-08-00-06-9E-00-01-DD-FF-1F-00-2B-05-00-03-00-0E-9D-00-50-49-0E-CD-00-00-00-00-02-00-E0-00-00-03-00-11-BE-17-00-00-00-00-00-00-00-00-00-00-00-00-00-00-00-00-00-00-00
[15:11:43:376]50-49-01-C0-88-2B-05-00-08-00-06-9E-00-01-DD-FF-1F-00
[15:11:43:600][HID_TX]00-80-06-F4-DD-50-41-0E-1F-01-E0-00-00-00-00-00-00-00-00-00-00-00-00-00-00-00-00-00-00-00-00-00-00-00-00-00-00-00-00-00-00-00-00-00-00-00-00-00-00-00-00-00-00-00-00-00-00-00-00-00-00-00-00-00-00
[15:11:43:600]HidD_GetInputReport=True
[15:11:43:600]reply_report=00-4F-00-00-00-00-00-00-00-00-00-00-00-00-00-00-00-00-00-00-00-00-00-00-00-00-00-00-00-00-00-00-00-00-00-00-00-00-00-00-00-00-00-00-00-00-00-00-00-00-00-00-00-00-00-00-00-00-00-00-00-00-00-00-00
[15:11:43:601]50-41-0E-1F-01-E0 [CMD_SENT][REMOTE_GET_MODE]
[15:11:43:603][HID_TX_ack]00-19-50-49-01-C0-3E-2C-05-00-03-00-0E-9F-00-50-49-0E-CE-00-00-00-00-02-00-E0-00-00-50-49-0E-CD-00-00-00-00-02-00-E0-00-00-03-00-11-BE-17-00-00-00-00-00-00-00-00-00-00-00-00-00-00-00-00-00-00-00
[15:11:43:603]50-49-01-C0-3E-2C-05-00-03-00-0E-9F-00
[15:11:43:603]50-49-0E-CE-00-00-00-00-02-00-E0-00-
[15:11:43:603]REMOTE_GET_MODE=00
[15:11:43:604][HID_TX]00-80-07-02-10-50-41-06-20-01-00-63-00-00-00-00-00-00-00-00-00-00-00-00-00-00-00-00-00-00-00-00-00-00-00-00-00-00-00-00-00-00-00-00-00-00-00-00-00-00-00-00-00-00-00-00-00-00-00-00-00-00-00-00-00
[15:11:43:605]HidD_GetInputReport=True
[15:11:43:605]reply_report=00-4F-00-00-00-00-00-00-00-00-00-00-00-00-00-00-00-00-00-00-00-00-00-00-00-00-00-00-00-00-00-00-00-00-00-00-00-00-00-00-00-00-00-00-00-00-00-00-00-00-00-00-00-00-00-00-00-00-00-00-00-00-00-00-00
[15:11:43:605]50-41-06-20-01-00-63 [CMD_SENT][CMD_GET_IO_LEVEL]
[15:11:43:607][HID_TX_ack]00-12-50-49-01-C0-42-2C-05-00-08-00-06-A0-00-01-DD-FF-1F-00-00-00-00-02-00-E0-00-00-50-49-0E-CD-00-00-00-00-02-00-E0-00-00-03-00-11-BE-17-00-00-00-00-00-00-00-00-00-00-00-00-00-00-00-00-00-00-00
[15:11:43:607]50-49-01-C0-42-2C-05-00-08-00-06-A0-00-01-DD-FF-1F-00
[15:11:43:832][HID_TX]00-80-06-EE-A3-50-41-0E-21-01-E0-00-00-00-00-00-00-00-00-00-00-00-00-00-00-00-00-00-00-00-00-00-00-00-00-00-00-00-00-00-00-00-00-00-00-00-00-00-00-00-00-00-00-00-00-00-00-00-00-00-00-00-00-00-00
[15:11:43:833]HidD_GetInputReport=True
[15:11:43:833]reply_report=00-4F-00-00-00-00-00-00-00-00-00-00-00-00-00-00-00-00-00-00-00-00-00-00-00-00-00-00-00-00-00-00-00-00-00-00-00-00-00-00-00-00-00-00-00-00-00-00-00-00-00-00-00-00-00-00-00-00-00-00-00-00-00-00-00
[15:11:43:833]50-41-0E-21-01-E0 [CMD_SENT][REMOTE_GET_MODE]
[15:11:43:836][HID_TX_ack]00-19-50-49-01-C0-F8-2C-05-00-03-00-0E-A1-00-50-49-0E-CF-00-00-00-00-02-00-E0-00-00-50-49-0E-CD-00-00-00-00-02-00-E0-00-00-03-00-11-BE-17-00-00-00-00-00-00-00-00-00-00-00-00-00-00-00-00-00-00-00
[15:11:43:836]50-49-01-C0-F8-2C-05-00-03-00-0E-A1-00
[15:11:43:836]50-49-0E-CF-00-00-00-00-02-00-E0-00-
[15:11:43:836]REMOTE_GET_MODE=00
[15:11:43:836][HID_TX]00-80-07-E9-3F-50-41-06-22-01-00-63-00-00-00-00-00-00-00-00-00-00-00-00-00-00-00-00-00-00-00-00-00-00-00-00-00-00-00-00-00-00-00-00-00-00-00-00-00-00-00-00-00-00-00-00-00-00-00-00-00-00-00-00-00
[15:11:43:837]HidD_GetInputReport=True
[15:11:43:837]reply_report=00-4F-00-00-00-00-00-00-00-00-00-00-00-00-00-00-00-00-00-00-00-00-00-00-00-00-00-00-00-00-00-00-00-00-00-00-00-00-00-00-00-00-00-00-00-00-00-00-00-00-00-00-00-00-00-00-00-00-00-00-00-00-00-00-00
[15:11:43:837]50-41-06-22-01-00-63 [CMD_SENT][CMD_GET_IO_LEVEL]
[15:11:43:840][HID_TX_ack]00-12-50-49-01-C0-FB-2C-05-00-08-00-06-A2-00-01-DD-FF-1F-00-00-00-00-02-00-E0-00-00-50-49-0E-CD-00-00-00-00-02-00-E0-00-00-03-00-11-BE-17-00-00-00-00-00-00-00-00-00-00-00-00-00-00-00-00-00-00-00
[15:11:43:840]50-49-01-C0-FB-2C-05-00-08-00-06-A2-00-01-DD-FF-1F-00
[15:11:44:064][HID_TX]00-80-06-05-8C-50-41-0E-23-01-E0-00-00-00-00-00-00-00-00-00-00-00-00-00-00-00-00-00-00-00-00-00-00-00-00-00-00-00-00-00-00-00-00-00-00-00-00-00-00-00-00-00-00-00-00-00-00-00-00-00-00-00-00-00-00
[15:11:44:065]HidD_GetInputReport=True
[15:11:44:065]reply_report=00-4F-00-00-00-00-00-00-00-00-00-00-00-00-00-00-00-00-00-00-00-00-00-00-00-00-00-00-00-00-00-00-00-00-00-00-00-00-00-00-00-00-00-00-00-00-00-00-00-00-00-00-00-00-00-00-00-00-00-00-00-00-00-00-00
[15:11:44:065]50-41-0E-23-01-E0 [CMD_SENT][REMOTE_GET_MODE]
[15:11:44:068][HID_TX_ack]00-19-50-49-01-C0-B1-2D-05-00-03-00-0E-A3-00-50-49-0E-D0-00-00-00-00-02-00-E0-00-00-50-49-0E-CD-00-00-00-00-02-00-E0-00-00-03-00-11-BE-17-00-00-00-00-00-00-00-00-00-00-00-00-00-00-00-00-00-00-00
[15:11:44:068]50-49-01-C0-B1-2D-05-00-03-00-0E-A3-00
[15:11:44:068]50-49-0E-D0-00-00-00-00-02-00-E0-00-
[15:11:44:068]REMOTE_GET_MODE=00
[15:11:44:068][HID_TX]00-80-07-D4-4F-50-41-06-24-01-00-63-00-00-00-00-00-00-00-00-00-00-00-00-00-00-00-00-00-00-00-00-00-00-00-00-00-00-00-00-00-00-00-00-00-00-00-00-00-00-00-00-00-00-00-00-00-00-00-00-00-00-00-00-00
[15:11:44:069]HidD_GetInputReport=True
[15:11:44:069]reply_report=00-4F-00-00-00-00-00-00-00-00-00-00-00-00-00-00-00-00-00-00-00-00-00-00-00-00-00-00-00-00-00-00-00-00-00-00-00-00-00-00-00-00-00-00-00-00-00-00-00-00-00-00-00-00-00-00-00-00-00-00-00-00-00-00-00
[15:11:44:069]50-41-06-24-01-00-63 [CMD_SENT][CMD_GET_IO_LEVEL]
[15:11:44:072][HID_TX_ack]00-12-50-49-01-C0-B5-2D-05-00-08-00-06-A4-00-01-DD-FF-1F-00-00-00-00-02-00-E0-00-00-50-49-0E-CD-00-00-00-00-02-00-E0-00-00-03-00-11-BE-17-00-00-00-00-00-00-00-00-00-00-00-00-00-00-00-00-00-00-00
[15:11:44:072]50-49-01-C0-B5-2D-05-00-08-00-06-A4-00-01-DD-FF-1F-00
[15:11:44:298][HID_TX]00-80-06-38-FC-50-41-0E-25-01-E0-00-00-00-00-00-00-00-00-00-00-00-00-00-00-00-00-00-00-00-00-00-00-00-00-00-00-00-00-00-00-00-00-00-00-00-00-00-00-00-00-00-00-00-00-00-00-00-00-00-00-00-00-00-00
[15:11:44:300]HidD_GetInputReport=True
[15:11:44:300]reply_report=00-4F-00-00-00-00-00-00-00-00-00-00-00-00-00-00-00-00-00-00-00-00-00-00-00-00-00-00-00-00-00-00-00-00-00-00-00-00-00-00-00-00-00-00-00-00-00-00-00-00-00-00-00-00-00-00-00-00-00-00-00-00-00-00-00
[15:11:44:300]50-41-0E-25-01-E0 [CMD_SENT][REMOTE_GET_MODE]
[15:11:44:303][HID_TX_ack]00-19-50-49-01-C0-6D-2E-05-00-03-00-0E-A5-00-50-49-0E-D1-00-00-00-00-02-00-E0-00-00-50-49-0E-CD-00-00-00-00-02-00-E0-00-00-03-00-11-BE-17-00-00-00-00-00-00-00-00-00-00-00-00-00-00-00-00-00-00-00
[15:11:44:303]50-49-01-C0-6D-2E-05-00-03-00-0E-A5-00
[15:11:44:303]50-49-0E-D1-00-00-00-00-02-00-E0-00-
[15:11:44:303]REMOTE_GET_MODE=00
[15:11:44:303][HID_TX]00-80-07-3F-60-50-41-06-26-01-00-63-00-00-00-00-00-00-00-00-00-00-00-00-00-00-00-00-00-00-00-00-00-00-00-00-00-00-00-00-00-00-00-00-00-00-00-00-00-00-00-00-00-00-00-00-00-00-00-00-00-00-00-00-00
[15:11:44:305]HidD_GetInputReport=True
[15:11:44:305]reply_report=00-4F-00-00-00-00-00-00-00-00-00-00-00-00-00-00-00-00-00-00-00-00-00-00-00-00-00-00-00-00-00-00-00-00-00-00-00-00-00-00-00-00-00-00-00-00-00-00-00-00-00-00-00-00-00-00-00-00-00-00-00-00-00-00-00
[15:11:44:305]50-41-06-26-01-00-63 [CMD_SENT][CMD_GET_IO_LEVEL]
[15:11:44:308][HID_TX_ack]00-12-50-49-01-C0-71-2E-05-00-08-00-06-A6-00-01-DD-FF-1F-00-00-00-00-02-00-E0-00-00-50-49-0E-CD-00-00-00-00-02-00-E0-00-00-03-00-11-BE-17-00-00-00-00-00-00-00-00-00-00-00-00-00-00-00-00-00-00-00
[15:11:44:308]50-49-01-C0-71-2E-05-00-08-00-06-A6-00-01-DD-FF-1F-00
[15:11:44:531][HID_TX]00-80-06-D3-D3-50-41-0E-27-01-E0-00-00-00-00-00-00-00-00-00-00-00-00-00-00-00-00-00-00-00-00-00-00-00-00-00-00-00-00-00-00-00-00-00-00-00-00-00-00-00-00-00-00-00-00-00-00-00-00-00-00-00-00-00-00
[15:11:44:533]HidD_GetInputReport=True
[15:11:44:533]reply_report=00-4F-00-00-00-00-00-00-00-00-00-00-00-00-00-00-00-00-00-00-00-00-00-00-00-00-00-00-00-00-00-00-00-00-00-00-00-00-00-00-00-00-00-00-00-00-00-00-00-00-00-00-00-00-00-00-00-00-00-00-00-00-00-00-00
[15:11:44:533]50-41-0E-27-01-E0 [CMD_SENT][REMOTE_GET_MODE]
[15:11:44:535][HID_TX_ack]00-19-50-49-01-C0-28-2F-05-00-03-00-0E-A7-00-50-49-0E-D2-00-00-00-00-02-00-E0-00-00-50-49-0E-CD-00-00-00-00-02-00-E0-00-00-03-00-11-BE-17-00-00-00-00-00-00-00-00-00-00-00-00-00-00-00-00-00-00-00
[15:11:44:535]50-49-01-C0-28-2F-05-00-03-00-0E-A7-00
[15:11:44:535]50-49-0E-D2-00-00-00-00-02-00-E0-00-
[15:11:44:536]REMOTE_GET_MODE=00
[15:11:44:536][HID_TX]00-80-07-AE-AF-50-41-06-28-01-00-63-00-00-00-00-00-00-00-00-00-00-00-00-00-00-00-00-00-00-00-00-00-00-00-00-00-00-00-00-00-00-00-00-00-00-00-00-00-00-00-00-00-00-00-00-00-00-00-00-00-00-00-00-00
[15:11:44:539]HidD_GetInputReport=True
[15:11:44:539]reply_report=00-4F-00-00-00-00-00-00-00-00-00-00-00-00-00-00-00-00-00-00-00-00-00-00-00-00-00-00-00-00-00-00-00-00-00-00-00-00-00-00-00-00-00-00-00-00-00-00-00-00-00-00-00-00-00-00-00-00-00-00-00-00-00-00-00
[15:11:44:539]50-41-06-28-01-00-63 [CMD_SENT][CMD_GET_IO_LEVEL]
[15:11:44:541][HID_TX_ack]00-12-50-49-01-C0-2C-2F-05-00-08-00-06-A8-00-01-DD-FF-1F-00-00-00-00-02-00-E0-00-00-50-49-0E-CD-00-00-00-00-02-00-E0-00-00-03-00-11-BE-17-00-00-00-00-00-00-00-00-00-00-00-00-00-00-00-00-00-00-00
[15:11:44:541]50-49-01-C0-2C-2F-05-00-08-00-06-A8-00-01-DD-FF-1F-00
[15:11:44:764][HID_TX]00-80-06-42-1C-50-41-0E-29-01-E0-00-00-00-00-00-00-00-00-00-00-00-00-00-00-00-00-00-00-00-00-00-00-00-00-00-00-00-00-00-00-00-00-00-00-00-00-00-00-00-00-00-00-00-00-00-00-00-00-00-00-00-00-00-00
[15:11:44:765]HidD_GetInputReport=True
[15:11:44:765]reply_report=00-4F-00-00-00-00-00-00-00-00-00-00-00-00-00-00-00-00-00-00-00-00-00-00-00-00-00-00-00-00-00-00-00-00-00-00-00-00-00-00-00-00-00-00-00-00-00-00-00-00-00-00-00-00-00-00-00-00-00-00-00-00-00-00-00
[15:11:44:765]50-41-0E-29-01-E0 [CMD_SENT][REMOTE_GET_MODE]
[15:11:44:767][HID_TX_ack]00-19-50-49-01-C0-E1-2F-05-00-03-00-0E-A9-00-50-49-0E-D3-00-00-00-00-02-00-E0-00-00-50-49-0E-CD-00-00-00-00-02-00-E0-00-00-03-00-11-BE-17-00-00-00-00-00-00-00-00-00-00-00-00-00-00-00-00-00-00-00
[15:11:44:768]50-49-01-C0-E1-2F-05-00-03-00-0E-A9-00
[15:11:44:768]50-49-0E-D3-00-00-00-00-02-00-E0-00-
[15:11:44:768]REMOTE_GET_MODE=00
[15:11:44:768][HID_TX]00-80-07-45-80-50-41-06-2A-01-00-63-00-00-00-00-00-00-00-00-00-00-00-00-00-00-00-00-00-00-00-00-00-00-00-00-00-00-00-00-00-00-00-00-00-00-00-00-00-00-00-00-00-00-00-00-00-00-00-00-00-00-00-00-00
[15:11:44:769]HidD_GetInputReport=True
[15:11:44:769]reply_report=00-4F-00-00-00-00-00-00-00-00-00-00-00-00-00-00-00-00-00-00-00-00-00-00-00-00-00-00-00-00-00-00-00-00-00-00-00-00-00-00-00-00-00-00-00-00-00-00-00-00-00-00-00-00-00-00-00-00-00-00-00-00-00-00-00
[15:11:44:769]50-41-06-2A-01-00-63 [CMD_SENT][CMD_GET_IO_LEVEL]
[15:11:44:772][HID_TX_ack]00-12-50-49-01-C0-E5-2F-05-00-08-00-06-AA-00-01-DD-FF-1F-00-00-00-00-02-00-E0-00-00-50-49-0E-CD-00-00-00-00-02-00-E0-00-00-03-00-11-BE-17-00-00-00-00-00-00-00-00-00-00-00-00-00-00-00-00-00-00-00
[15:11:44:772]50-49-01-C0-E5-2F-05-00-08-00-06-AA-00-01-DD-FF-1F-00
[15:11:44:996][HID_TX]00-80-06-A9-33-50-41-0E-2B-01-E0-00-00-00-00-00-00-00-00-00-00-00-00-00-00-00-00-00-00-00-00-00-00-00-00-00-00-00-00-00-00-00-00-00-00-00-00-00-00-00-00-00-00-00-00-00-00-00-00-00-00-00-00-00-00
[15:11:44:998]HidD_GetInputReport=True
[15:11:44:998]reply_report=00-4F-00-00-00-00-00-00-00-00-00-00-00-00-00-00-00-00-00-00-00-00-00-00-00-00-00-00-00-00-00-00-00-00-00-00-00-00-00-00-00-00-00-00-00-00-00-00-00-00-00-00-00-00-00-00-00-00-00-00-00-00-00-00-00
[15:11:44:998]50-41-0E-2B-01-E0 [CMD_SENT][REMOTE_GET_MODE]
[15:11:45:002][HID_TX_ack]00-19-50-49-01-C0-9C-30-05-00-03-00-0E-AB-00-50-49-0E-D4-00-00-00-00-02-00-E0-00-00-50-49-0E-CD-00-00-00-00-02-00-E0-00-00-03-00-11-BE-17-00-00-00-00-00-00-00-00-00-00-00-00-00-00-00-00-00-00-00
[15:11:45:002]50-49-01-C0-9C-30-05-00-03-00-0E-AB-00
[15:11:45:002]50-49-0E-D4-00-00-00-00-02-00-E0-00-
[15:11:45:002]REMOTE_GET_MODE=00
[15:11:45:002][HID_TX]00-80-07-78-F0-50-41-06-2C-01-00-63-00-00-00-00-00-00-00-00-00-00-00-00-00-00-00-00-00-00-00-00-00-00-00-00-00-00-00-00-00-00-00-00-00-00-00-00-00-00-00-00-00-00-00-00-00-00-00-00-00-00-00-00-00
[15:11:45:004]HidD_GetInputReport=True
[15:11:45:005]reply_report=00-4F-00-00-00-00-00-00-00-00-00-00-00-00-00-00-00-00-00-00-00-00-00-00-00-00-00-00-00-00-00-00-00-00-00-00-00-00-00-00-00-00-00-00-00-00-00-00-00-00-00-00-00-00-00-00-00-00-00-00-00-00-00-00-00
[15:11:45:005]50-41-06-2C-01-00-63 [CMD_SENT][CMD_GET_IO_LEVEL]
[15:11:45:007][HID_TX_ack]00-12-50-49-01-C0-A1-30-05-00-08-00-06-AC-00-01-DD-FF-1F-00-00-00-00-02-00-E0-00-00-50-49-0E-CD-00-00-00-00-02-00-E0-00-00-03-00-11-BE-17-00-00-00-00-00-00-00-00-00-00-00-00-00-00-00-00-00-00-00
[15:11:45:007]50-49-01-C0-A1-30-05-00-08-00-06-AC-00-01-DD-FF-1F-00
[15:11:45:228][HID_TX]00-80-06-94-43-50-41-0E-2D-01-E0-00-00-00-00-00-00-00-00-00-00-00-00-00-00-00-00-00-00-00-00-00-00-00-00-00-00-00-00-00-00-00-00-00-00-00-00-00-00-00-00-00-00-00-00-00-00-00-00-00-00-00-00-00-00
[15:11:45:229]HidD_GetInputReport=True
[15:11:45:229]reply_report=00-4F-00-00-00-00-00-00-00-00-00-00-00-00-00-00-00-00-00-00-00-00-00-00-00-00-00-00-00-00-00-00-00-00-00-00-00-00-00-00-00-00-00-00-00-00-00-00-00-00-00-00-00-00-00-00-00-00-00-00-00-00-00-00-00
[15:11:45:229]50-41-0E-2D-01-E0 [CMD_SENT][REMOTE_GET_MODE]
[15:11:45:232][HID_TX_ack]00-19-50-49-01-C0-55-31-05-00-03-00-0E-AD-00-50-49-0E-D5-00-00-00-00-02-00-E0-00-00-50-49-0E-CD-00-00-00-00-02-00-E0-00-00-03-00-11-BE-17-00-00-00-00-00-00-00-00-00-00-00-00-00-00-00-00-00-00-00
[15:11:45:232]50-49-01-C0-55-31-05-00-03-00-0E-AD-00
[15:11:45:232]REMOTE_GET_MODE=00
[15:11:45:232]50-49-0E-D5-00-00-00-00-02-00-E0-00-
[15:11:45:232][HID_TX]00-80-07-93-DF-50-41-06-2E-01-00-63-00-00-00-00-00-00-00-00-00-00-00-00-00-00-00-00-00-00-00-00-00-00-00-00-00-00-00-00-00-00-00-00-00-00-00-00-00-00-00-00-00-00-00-00-00-00-00-00-00-00-00-00-00
[15:11:45:233]HidD_GetInputReport=True
[15:11:45:233]reply_report=00-4F-00-00-00-00-00-00-00-00-00-00-00-00-00-00-00-00-00-00-00-00-00-00-00-00-00-00-00-00-00-00-00-00-00-00-00-00-00-00-00-00-00-00-00-00-00-00-00-00-00-00-00-00-00-00-00-00-00-00-00-00-00-00-00
[15:11:45:233]50-41-06-2E-01-00-63 [CMD_SENT][CMD_GET_IO_LEVEL]
[15:11:45:236][HID_TX_ack]00-12-50-49-01-C0-58-31-05-00-08-00-06-AE-00-01-DD-FF-1F-00-00-00-00-02-00-E0-00-00-50-49-0E-CD-00-00-00-00-02-00-E0-00-00-03-00-11-BE-17-00-00-00-00-00-00-00-00-00-00-00-00-00-00-00-00-00-00-00
[15:11:45:236]50-49-01-C0-58-31-05-00-08-00-06-AE-00-01-DD-FF-1F-00
[15:11:45:459][HID_TX]00-80-06-7F-6C-50-41-0E-2F-01-E0-00-00-00-00-00-00-00-00-00-00-00-00-00-00-00-00-00-00-00-00-00-00-00-00-00-00-00-00-00-00-00-00-00-00-00-00-00-00-00-00-00-00-00-00-00-00-00-00-00-00-00-00-00-00
[15:11:45:461]HidD_GetInputReport=True
[15:11:45:461]reply_report=00-4F-00-00-00-00-00-00-00-00-00-00-00-00-00-00-00-00-00-00-00-00-00-00-00-00-00-00-00-00-00-00-00-00-00-00-00-00-00-00-00-00-00-00-00-00-00-00-00-00-00-00-00-00-00-00-00-00-00-00-00-00-00-00-00
[15:11:45:461]50-41-0E-2F-01-E0 [CMD_SENT][REMOTE_GET_MODE]
[15:11:45:464][HID_TX_ack]00-19-50-49-01-C0-0E-32-05-00-03-00-0E-AF-00-50-49-0E-D6-00-00-00-00-02-00-E0-00-00-50-49-0E-CD-00-00-00-00-02-00-E0-00-00-03-00-11-BE-17-00-00-00-00-00-00-00-00-00-00-00-00-00-00-00-00-00-00-00
[15:11:45:464]50-49-01-C0-0E-32-05-00-03-00-0E-AF-00
[15:11:45:464]50-49-0E-D6-00-00-00-00-02-00-E0-00-
[15:11:45:464]REMOTE_GET_MODE=00
[15:11:45:464][HID_TX]00-80-07-7B-7F-50-41-06-30-01-00-63-00-00-00-00-00-00-00-00-00-00-00-00-00-00-00-00-00-00-00-00-00-00-00-00-00-00-00-00-00-00-00-00-00-00-00-00-00-00-00-00-00-00-00-00-00-00-00-00-00-00-00-00-00
[15:11:45:465]HidD_GetInputReport=True
[15:11:45:465]reply_report=00-4F-00-00-00-00-00-00-00-00-00-00-00-00-00-00-00-00-00-00-00-00-00-00-00-00-00-00-00-00-00-00-00-00-00-00-00-00-00-00-00-00-00-00-00-00-00-00-00-00-00-00-00-00-00-00-00-00-00-00-00-00-00-00-00
[15:11:45:466]50-41-06-30-01-00-63 [CMD_SENT][CMD_GET_IO_LEVEL]
[15:11:45:468][HID_TX_ack]00-12-50-49-01-C0-11-32-05-00-08-00-06-B0-00-01-DD-FF-1F-00-00-00-00-02-00-E0-00-00-50-49-0E-CD-00-00-00-00-02-00-E0-00-00-03-00-11-BE-17-00-00-00-00-00-00-00-00-00-00-00-00-00-00-00-00-00-00-00
[15:11:45:468]50-49-01-C0-11-32-05-00-08-00-06-B0-00-01-DD-FF-1F-00
[15:11:45:692][HID_TX]00-80-06-97-CC-50-41-0E-31-01-E0-00-00-00-00-00-00-00-00-00-00-00-00-00-00-00-00-00-00-00-00-00-00-00-00-00-00-00-00-00-00-00-00-00-00-00-00-00-00-00-00-00-00-00-00-00-00-00-00-00-00-00-00-00-00
[15:11:45:693]HidD_GetInputReport=True
[15:11:45:693]reply_report=00-4F-00-00-00-00-00-00-00-00-00-00-00-00-00-00-00-00-00-00-00-00-00-00-00-00-00-00-00-00-00-00-00-00-00-00-00-00-00-00-00-00-00-00-00-00-00-00-00-00-00-00-00-00-00-00-00-00-00-00-00-00-00-00-00
[15:11:45:693]50-41-0E-31-01-E0 [CMD_SENT][REMOTE_GET_MODE]
[15:11:45:696][HID_TX_ack]00-19-50-49-01-C0-C8-32-05-00-03-00-0E-B1-00-50-49-0E-D7-00-00-00-00-02-00-E0-00-00-50-49-0E-CD-00-00-00-00-02-00-E0-00-00-03-00-11-BE-17-00-00-00-00-00-00-00-00-00-00-00-00-00-00-00-00-00-00-00
[15:11:45:696]50-49-01-C0-C8-32-05-00-03-00-0E-B1-00
[15:11:45:696]50-49-0E-D7-00-00-00-00-02-00-E0-00-
[15:11:45:696]REMOTE_GET_MODE=00
[15:11:45:696][HID_TX]00-80-07-90-50-50-41-06-32-01-00-63-00-00-00-00-00-00-00-00-00-00-00-00-00-00-00-00-00-00-00-00-00-00-00-00-00-00-00-00-00-00-00-00-00-00-00-00-00-00-00-00-00-00-00-00-00-00-00-00-00-00-00-00-00
[15:11:45:697]HidD_GetInputReport=True
[15:11:45:697]reply_report=00-4F-00-00-00-00-00-00-00-00-00-00-00-00-00-00-00-00-00-00-00-00-00-00-00-00-00-00-00-00-00-00-00-00-00-00-00-00-00-00-00-00-00-00-00-00-00-00-00-00-00-00-00-00-00-00-00-00-00-00-00-00-00-00-00
[15:11:45:697]50-41-06-32-01-00-63 [CMD_SENT][CMD_GET_IO_LEVEL]
[15:11:45:700][HID_TX_ack]00-12-50-49-01-C0-CB-32-05-00-08-00-06-B2-00-01-DD-FF-1F-00-00-00-00-02-00-E0-00-00-50-49-0E-CD-00-00-00-00-02-00-E0-00-00-03-00-11-BE-17-00-00-00-00-00-00-00-00-00-00-00-00-00-00-00-00-00-00-00
[15:11:45:700]50-49-01-C0-CB-32-05-00-08-00-06-B2-00-01-DD-FF-1F-00
[15:11:45:924][HID_TX]00-80-06-7C-E3-50-41-0E-33-01-E0-00-00-00-00-00-00-00-00-00-00-00-00-00-00-00-00-00-00-00-00-00-00-00-00-00-00-00-00-00-00-00-00-00-00-00-00-00-00-00-00-00-00-00-00-00-00-00-00-00-00-00-00-00-00
[15:11:45:925]HidD_GetInputReport=True
[15:11:45:925]reply_report=00-4F-00-00-00-00-00-00-00-00-00-00-00-00-00-00-00-00-00-00-00-00-00-00-00-00-00-00-00-00-00-00-00-00-00-00-00-00-00-00-00-00-00-00-00-00-00-00-00-00-00-00-00-00-00-00-00-00-00-00-00-00-00-00-00
[15:11:45:925]50-41-0E-33-01-E0 [CMD_SENT][REMOTE_GET_MODE]
[15:11:45:929][HID_TX_ack]00-19-50-49-01-C0-82-33-05-00-03-00-0E-B3-00-50-49-0E-D8-00-00-00-00-02-00-E0-00-00-50-49-0E-CD-00-00-00-00-02-00-E0-00-00-03-00-11-BE-17-00-00-00-00-00-00-00-00-00-00-00-00-00-00-00-00-00-00-00
[15:11:45:929]50-49-01-C0-82-33-05-00-03-00-0E-B3-00
[15:11:45:929]50-49-0E-D8-00-00-00-00-02-00-E0-00-
[15:11:45:929]REMOTE_GET_MODE=00
[15:11:45:929][HID_TX]00-80-07-AD-20-50-41-06-34-01-00-63-00-00-00-00-00-00-00-00-00-00-00-00-00-00-00-00-00-00-00-00-00-00-00-00-00-00-00-00-00-00-00-00-00-00-00-00-00-00-00-00-00-00-00-00-00-00-00-00-00-00-00-00-00
[15:11:45:930]HidD_GetInputReport=True
[15:11:45:930]reply_report=00-4F-00-00-00-00-00-00-00-00-00-00-00-00-00-00-00-00-00-00-00-00-00-00-00-00-00-00-00-00-00-00-00-00-00-00-00-00-00-00-00-00-00-00-00-00-00-00-00-00-00-00-00-00-00-00-00-00-00-00-00-00-00-00-00
[15:11:45:930]50-41-06-34-01-00-63 [CMD_SENT][CMD_GET_IO_LEVEL]
[15:11:45:932][HID_TX_ack]00-12-50-49-01-C0-85-33-05-00-08-00-06-B4-00-01-DD-FF-1F-00-00-00-00-02-00-E0-00-00-50-49-0E-CD-00-00-00-00-02-00-E0-00-00-03-00-11-BE-17-00-00-00-00-00-00-00-00-00-00-00-00-00-00-00-00-00-00-00
[15:11:45:932]50-49-01-C0-85-33-05-00-08-00-06-B4-00-01-DD-FF-1F-00
[15:11:46:142][HID_TX]00-80-06-41-93-50-41-0E-35-01-E0-00-00-00-00-00-00-00-00-00-00-00-00-00-00-00-00-00-00-00-00-00-00-00-00-00-00-00-00-00-00-00-00-00-00-00-00-00-00-00-00-00-00-00-00-00-00-00-00-00-00-00-00-00-00
[15:11:46:142]HidD_GetInputReport=True
[15:11:46:142]reply_report=00-4F-00-00-00-00-00-00-00-00-00-00-00-00-00-00-00-00-00-00-00-00-00-00-00-00-00-00-00-00-00-00-00-00-00-00-00-00-00-00-00-00-00-00-00-00-00-00-00-00-00-00-00-00-00-00-00-00-00-00-00-00-00-00-00
[15:11:46:142]50-41-0E-35-01-E0 [CMD_SENT][REMOTE_GET_MODE]
[15:11:46:145][HID_TX_ack]00-19-50-49-01-C0-30-34-05-00-03-00-0E-B5-00-50-49-0E-D9-00-00-00-00-02-00-E0-00-00-50-49-0E-CD-00-00-00-00-02-00-E0-00-00-03-00-11-BE-17-00-00-00-00-00-00-00-00-00-00-00-00-00-00-00-00-00-00-00
[15:11:46:145]50-49-01-C0-30-34-05-00-03-00-0E-B5-00
[15:11:46:145]50-49-0E-D9-00-00-00-00-02-00-E0-00-
[15:11:46:145]REMOTE_GET_MODE=00
[15:11:46:145][HID_TX]00-80-07-46-0F-50-41-06-36-01-00-63-00-00-00-00-00-00-00-00-00-00-00-00-00-00-00-00-00-00-00-00-00-00-00-00-00-00-00-00-00-00-00-00-00-00-00-00-00-00-00-00-00-00-00-00-00-00-00-00-00-00-00-00-00
[15:11:46:146]HidD_GetInputReport=True
[15:11:46:146]reply_report=00-4F-00-00-00-00-00-00-00-00-00-00-00-00-00-00-00-00-00-00-00-00-00-00-00-00-00-00-00-00-00-00-00-00-00-00-00-00-00-00-00-00-00-00-00-00-00-00-00-00-00-00-00-00-00-00-00-00-00-00-00-00-00-00-00
[15:11:46:146]50-41-06-36-01-00-63 [CMD_SENT][CMD_GET_IO_LEVEL]
[15:11:46:149][HID_TX_ack]00-12-50-49-01-C0-33-34-05-00-08-00-06-B6-00-01-DD-FF-1F-00-00-00-00-02-00-E0-00-00-50-49-0E-CD-00-00-00-00-02-00-E0-00-00-03-00-11-BE-17-00-00-00-00-00-00-00-00-00-00-00-00-00-00-00-00-00-00-00
[15:11:46:149]50-49-01-C0-33-34-05-00-08-00-06-B6-00-01-DD-FF-1F-00
[15:11:46:375][HID_TX]00-80-06-AA-BC-50-41-0E-37-01-E0-00-00-00-00-00-00-00-00-00-00-00-00-00-00-00-00-00-00-00-00-00-00-00-00-00-00-00-00-00-00-00-00-00-00-00-00-00-00-00-00-00-00-00-00-00-00-00-00-00-00-00-00-00-00
[15:11:46:376]HidD_GetInputReport=True
[15:11:46:376]reply_report=00-4F-00-00-00-00-00-00-00-00-00-00-00-00-00-00-00-00-00-00-00-00-00-00-00-00-00-00-00-00-00-00-00-00-00-00-00-00-00-00-00-00-00-00-00-00-00-00-00-00-00-00-00-00-00-00-00-00-00-00-00-00-00-00-00
[15:11:46:376]50-41-0E-37-01-E0 [CMD_SENT][REMOTE_GET_MODE]
[15:11:46:379][HID_TX_ack]00-19-50-49-01-C0-EA-34-05-00-03-00-0E-B7-00-50-49-0E-DA-00-00-00-00-02-00-E0-00-00-50-49-0E-CD-00-00-00-00-02-00-E0-00-00-03-00-11-BE-17-00-00-00-00-00-00-00-00-00-00-00-00-00-00-00-00-00-00-00
[15:11:46:379]50-49-01-C0-EA-34-05-00-03-00-0E-B7-00
[15:11:46:379]50-49-0E-DA-00-00-00-00-02-00-E0-00-
[15:11:46:379]REMOTE_GET_MODE=00
[15:11:46:379][HID_TX]00-80-07-D7-C0-50-41-06-38-01-00-63-00-00-00-00-00-00-00-00-00-00-00-00-00-00-00-00-00-00-00-00-00-00-00-00-00-00-00-00-00-00-00-00-00-00-00-00-00-00-00-00-00-00-00-00-00-00-00-00-00-00-00-00-00
[15:11:46:380]HidD_GetInputReport=True
[15:11:46:380]reply_report=00-4F-00-00-00-00-00-00-00-00-00-00-00-00-00-00-00-00-00-00-00-00-00-00-00-00-00-00-00-00-00-00-00-00-00-00-00-00-00-00-00-00-00-00-00-00-00-00-00-00-00-00-00-00-00-00-00-00-00-00-00-00-00-00-00
[15:11:46:380]50-41-06-38-01-00-63 [CMD_SENT][CMD_GET_IO_LEVEL]
[15:11:46:384][HID_TX_ack]00-12-50-49-01-C0-ED-34-05-00-08-00-06-B8-00-01-DD-FF-1F-00-00-00-00-02-00-E0-00-00-50-49-0E-CD-00-00-00-00-02-00-E0-00-00-03-00-11-BE-17-00-00-00-00-00-00-00-00-00-00-00-00-00-00-00-00-00-00-00
[15:11:46:384]50-49-01-C0-ED-34-05-00-08-00-06-B8-00-01-DD-FF-1F-00
[15:11:46:608][HID_TX]00-80-06-3B-73-50-41-0E-39-01-E0-00-00-00-00-00-00-00-00-00-00-00-00-00-00-00-00-00-00-00-00-00-00-00-00-00-00-00-00-00-00-00-00-00-00-00-00-00-00-00-00-00-00-00-00-00-00-00-00-00-00-00-00-00-00
[15:11:46:609]HidD_GetInputReport=True
[15:11:46:609]reply_report=00-4F-00-00-00-00-00-00-00-00-00-00-00-00-00-00-00-00-00-00-00-00-00-00-00-00-00-00-00-00-00-00-00-00-00-00-00-00-00-00-00-00-00-00-00-00-00-00-00-00-00-00-00-00-00-00-00-00-00-00-00-00-00-00-00
[15:11:46:609]50-41-0E-39-01-E0 [CMD_SENT][REMOTE_GET_MODE]
[15:11:46:611][HID_TX_ack]00-19-50-49-01-C0-A5-35-05-00-03-00-0E-B9-00-50-49-0E-DB-00-00-00-00-02-00-E0-00-00-50-49-0E-CD-00-00-00-00-02-00-E0-00-00-03-00-11-BE-17-00-00-00-00-00-00-00-00-00-00-00-00-00-00-00-00-00-00-00
[15:11:46:612]50-49-01-C0-A5-35-05-00-03-00-0E-B9-00
[15:11:46:612]50-49-0E-DB-00-00-00-00-02-00-E0-00-
[15:11:46:612]REMOTE_GET_MODE=00
[15:11:46:612][HID_TX]00-80-07-3C-EF-50-41-06-3A-01-00-63-00-00-00-00-00-00-00-00-00-00-00-00-00-00-00-00-00-00-00-00-00-00-00-00-00-00-00-00-00-00-00-00-00-00-00-00-00-00-00-00-00-00-00-00-00-00-00-00-00-00-00-00-00
[15:11:46:613]HidD_GetInputReport=True
[15:11:46:613]reply_report=00-4F-00-00-00-00-00-00-00-00-00-00-00-00-00-00-00-00-00-00-00-00-00-00-00-00-00-00-00-00-00-00-00-00-00-00-00-00-00-00-00-00-00-00-00-00-00-00-00-00-00-00-00-00-00-00-00-00-00-00-00-00-00-00-00
[15:11:46:613]50-41-06-3A-01-00-63 [CMD_SENT][CMD_GET_IO_LEVEL]
[15:11:46:615][HID_TX_ack]00-12-50-49-01-C0-A8-35-05-00-08-00-06-BA-00-01-DD-FF-1F-00-00-00-00-02-00-E0-00-00-50-49-0E-CD-00-00-00-00-02-00-E0-00-00-03-00-11-BE-17-00-00-00-00-00-00-00-00-00-00-00-00-00-00-00-00-00-00-00
[15:11:46:615]50-49-01-C0-A8-35-05-00-08-00-06-BA-00-01-DD-FF-1F-00
[15:11:46:826][HID_TX]00-80-06-D0-5C-50-41-0E-3B-01-E0-00-00-00-00-00-00-00-00-00-00-00-00-00-00-00-00-00-00-00-00-00-00-00-00-00-00-00-00-00-00-00-00-00-00-00-00-00-00-00-00-00-00-00-00-00-00-00-00-00-00-00-00-00-00
[15:11:46:827]HidD_GetInputReport=True
[15:11:46:827]reply_report=00-4F-00-00-00-00-00-00-00-00-00-00-00-00-00-00-00-00-00-00-00-00-00-00-00-00-00-00-00-00-00-00-00-00-00-00-00-00-00-00-00-00-00-00-00-00-00-00-00-00-00-00-00-00-00-00-00-00-00-00-00-00-00-00-00
[15:11:46:827]50-41-0E-3B-01-E0 [CMD_SENT][REMOTE_GET_MODE]
[15:11:46:830][HID_TX_ack]00-19-50-49-01-C0-53-36-05-00-03-00-0E-BB-00-50-49-0E-DC-00-00-00-00-02-00-E0-00-00-50-49-0E-CD-00-00-00-00-02-00-E0-00-00-03-00-11-BE-17-00-00-00-00-00-00-00-00-00-00-00-00-00-00-00-00-00-00-00
[15:11:46:830]50-49-01-C0-53-36-05-00-03-00-0E-BB-00
[15:11:46:830]50-49-0E-DC-00-00-00-00-02-00-E0-00-
[15:11:46:830]REMOTE_GET_MODE=00
[15:11:46:830][HID_TX]00-80-07-01-9F-50-41-06-3C-01-00-63-00-00-00-00-00-00-00-00-00-00-00-00-00-00-00-00-00-00-00-00-00-00-00-00-00-00-00-00-00-00-00-00-00-00-00-00-00-00-00-00-00-00-00-00-00-00-00-00-00-00-00-00-00
[15:11:46:831]HidD_GetInputReport=True
[15:11:46:831]reply_report=00-4F-00-00-00-00-00-00-00-00-00-00-00-00-00-00-00-00-00-00-00-00-00-00-00-00-00-00-00-00-00-00-00-00-00-00-00-00-00-00-00-00-00-00-00-00-00-00-00-00-00-00-00-00-00-00-00-00-00-00-00-00-00-00-00
[15:11:46:831]50-41-06-3C-01-00-63 [CMD_SENT][CMD_GET_IO_LEVEL]
[15:11:46:834][HID_TX_ack]00-12-50-49-01-C0-56-36-05-00-08-00-06-BC-00-01-DD-FF-1F-00-00-00-00-02-00-E0-00-00-50-49-0E-CD-00-00-00-00-02-00-E0-00-00-03-00-11-BE-17-00-00-00-00-00-00-00-00-00-00-00-00-00-00-00-00-00-00-00
[15:11:46:834]50-49-01-C0-56-36-05-00-08-00-06-BC-00-01-DD-FF-1F-00
[15:11:47:043][HID_TX]00-80-06-ED-2C-50-41-0E-3D-01-E0-00-00-00-00-00-00-00-00-00-00-00-00-00-00-00-00-00-00-00-00-00-00-00-00-00-00-00-00-00-00-00-00-00-00-00-00-00-00-00-00-00-00-00-00-00-00-00-00-00-00-00-00-00-00
[15:11:47:045]HidD_GetInputReport=True
[15:11:47:045]reply_report=00-4F-00-00-00-00-00-00-00-00-00-00-00-00-00-00-00-00-00-00-00-00-00-00-00-00-00-00-00-00-00-00-00-00-00-00-00-00-00-00-00-00-00-00-00-00-00-00-00-00-00-00-00-00-00-00-00-00-00-00-00-00-00-00-00
[15:11:47:045]50-41-0E-3D-01-E0 [CMD_SENT][REMOTE_GET_MODE]
[15:11:47:049][HID_TX_ack]00-19-50-49-01-C0-01-37-05-00-03-00-0E-BD-00-50-49-0E-DD-00-00-00-00-02-00-E0-00-00-50-49-0E-CD-00-00-00-00-02-00-E0-00-00-03-00-11-BE-17-00-00-00-00-00-00-00-00-00-00-00-00-00-00-00-00-00-00-00
[15:11:47:049]50-49-01-C0-01-37-05-00-03-00-0E-BD-00
[15:11:47:049]50-49-0E-DD-00-00-00-00-02-00-E0-00-
[15:11:47:049]REMOTE_GET_MODE=00
[15:11:47:049][HID_TX]00-80-07-EA-B0-50-41-06-3E-01-00-63-00-00-00-00-00-00-00-00-00-00-00-00-00-00-00-00-00-00-00-00-00-00-00-00-00-00-00-00-00-00-00-00-00-00-00-00-00-00-00-00-00-00-00-00-00-00-00-00-00-00-00-00-00
[15:11:47:052]HidD_GetInputReport=True
[15:11:47:052]reply_report=00-4F-00-00-00-00-00-00-00-00-00-00-00-00-00-00-00-00-00-00-00-00-00-00-00-00-00-00-00-00-00-00-00-00-00-00-00-00-00-00-00-00-00-00-00-00-00-00-00-00-00-00-00-00-00-00-00-00-00-00-00-00-00-00-00
[15:11:47:052]50-41-06-3E-01-00-63 [CMD_SENT][CMD_GET_IO_LEVEL]
[15:11:47:054][HID_TX_ack]00-12-50-49-01-C0-06-37-05-00-08-00-06-BE-00-01-DD-FF-1F-00-00-00-00-02-00-E0-00-00-50-49-0E-CD-00-00-00-00-02-00-E0-00-00-03-00-11-BE-17-00-00-00-00-00-00-00-00-00-00-00-00-00-00-00-00-00-00-00
[15:11:47:054]50-49-01-C0-06-37-05-00-08-00-06-BE-00-01-DD-FF-1F-00
[15:11:47:278][HID_TX]00-80-06-06-03-50-41-0E-3F-01-E0-00-00-00-00-00-00-00-00-00-00-00-00-00-00-00-00-00-00-00-00-00-00-00-00-00-00-00-00-00-00-00-00-00-00-00-00-00-00-00-00-00-00-00-00-00-00-00-00-00-00-00-00-00-00
[15:11:47:279]HidD_GetInputReport=True
[15:11:47:279]reply_report=00-4F-00-00-00-00-00-00-00-00-00-00-00-00-00-00-00-00-00-00-00-00-00-00-00-00-00-00-00-00-00-00-00-00-00-00-00-00-00-00-00-00-00-00-00-00-00-00-00-00-00-00-00-00-00-00-00-00-00-00-00-00-00-00-00
[15:11:47:279]50-41-0E-3F-01-E0 [CMD_SENT][REMOTE_GET_MODE]
[15:11:47:283][HID_TX_ack]00-19-50-49-01-C0-BD-37-05-00-03-00-0E-BF-00-50-49-0E-DE-00-00-00-00-02-00-E0-00-00-50-49-0E-CD-00-00-00-00-02-00-E0-00-00-03-00-11-BE-17-00-00-00-00-00-00-00-00-00-00-00-00-00-00-00-00-00-00-00
[15:11:47:283]50-49-01-C0-BD-37-05-00-03-00-0E-BF-00
[15:11:47:283]50-49-0E-DE-00-00-00-00-02-00-E0-00-
[15:11:47:283]REMOTE_GET_MODE=00
[15:11:47:283][HID_TX]00-80-07-35-63-50-41-06-40-01-00-63-00-00-00-00-00-00-00-00-00-00-00-00-00-00-00-00-00-00-00-00-00-00-00-00-00-00-00-00-00-00-00-00-00-00-00-00-00-00-00-00-00-00-00-00-00-00-00-00-00-00-00-00-00
[15:11:47:286]HidD_GetInputReport=True
[15:11:47:286]reply_report=00-4F-00-00-00-00-00-00-00-00-00-00-00-00-00-00-00-00-00-00-00-00-00-00-00-00-00-00-00-00-00-00-00-00-00-00-00-00-00-00-00-00-00-00-00-00-00-00-00-00-00-00-00-00-00-00-00-00-00-00-00-00-00-00-00
[15:11:47:286]50-41-06-40-01-00-63 [CMD_SENT][CMD_GET_IO_LEVEL]
[15:11:47:288][HID_TX_ack]00-12-50-49-01-C0-C1-37-05-00-08-00-06-C0-00-01-DD-FF-1F-00-00-00-00-02-00-E0-00-00-50-49-0E-CD-00-00-00-00-02-00-E0-00-00-03-00-11-BE-17-00-00-00-00-00-00-00-00-00-00-00-00-00-00-00-00-00-00-00
[15:11:47:288]50-49-01-C0-C1-37-05-00-08-00-06-C0-00-01-DD-FF-1F-00
[15:11:47:511][HID_TX]00-80-06-D9-D0-50-41-0E-41-01-E0-00-00-00-00-00-00-00-00-00-00-00-00-00-00-00-00-00-00-00-00-00-00-00-00-00-00-00-00-00-00-00-00-00-00-00-00-00-00-00-00-00-00-00-00-00-00-00-00-00-00-00-00-00-00
[15:11:47:512]HidD_GetInputReport=True
[15:11:47:512]reply_report=00-4F-00-00-00-00-00-00-00-00-00-00-00-00-00-00-00-00-00-00-00-00-00-00-00-00-00-00-00-00-00-00-00-00-00-00-00-00-00-00-00-00-00-00-00-00-00-00-00-00-00-00-00-00-00-00-00-00-00-00-00-00-00-00-00
[15:11:47:512]50-41-0E-41-01-E0 [CMD_SENT][REMOTE_GET_MODE]
[15:11:47:514][HID_TX_ack]00-19-50-49-01-C0-77-38-05-00-03-00-0E-C1-00-50-49-0E-DF-00-00-00-00-02-00-E0-00-00-50-49-0E-CD-00-00-00-00-02-00-E0-00-00-03-00-11-BE-17-00-00-00-00-00-00-00-00-00-00-00-00-00-00-00-00-00-00-00
[15:11:47:514]50-49-01-C0-77-38-05-00-03-00-0E-C1-00
[15:11:47:515]50-49-0E-DF-00-00-00-00-02-00-E0-00-
[15:11:47:515]REMOTE_GET_MODE=00
[15:11:47:515][HID_TX]00-80-07-DE-4C-50-41-06-42-01-00-63-00-00-00-00-00-00-00-00-00-00-00-00-00-00-00-00-00-00-00-00-00-00-00-00-00-00-00-00-00-00-00-00-00-00-00-00-00-00-00-00-00-00-00-00-00-00-00-00-00-00-00-00-00
[15:11:47:516]HidD_GetInputReport=True
[15:11:47:516]reply_report=00-4F-00-00-00-00-00-00-00-00-00-00-00-00-00-00-00-00-00-00-00-00-00-00-00-00-00-00-00-00-00-00-00-00-00-00-00-00-00-00-00-00-00-00-00-00-00-00-00-00-00-00-00-00-00-00-00-00-00-00-00-00-00-00-00
[15:11:47:516]50-41-06-42-01-00-63 [CMD_SENT][CMD_GET_IO_LEVEL]
[15:11:47:518][HID_TX_ack]00-12-50-49-01-C0-7A-38-05-00-08-00-06-C2-00-01-DD-FF-1F-00-00-00-00-02-00-E0-00-00-50-49-0E-CD-00-00-00-00-02-00-E0-00-00-03-00-11-BE-17-00-00-00-00-00-00-00-00-00-00-00-00-00-00-00-00-00-00-00
[15:11:47:518]50-49-01-C0-7A-38-05-00-08-00-06-C2-00-01-DD-FF-1F-00
[15:11:47:743][HID_TX]00-80-06-32-FF-50-41-0E-43-01-E0-00-00-00-00-00-00-00-00-00-00-00-00-00-00-00-00-00-00-00-00-00-00-00-00-00-00-00-00-00-00-00-00-00-00-00-00-00-00-00-00-00-00-00-00-00-00-00-00-00-00-00-00-00-00
[15:11:47:745]HidD_GetInputReport=True
[15:11:47:745]reply_report=00-4F-00-00-00-00-00-00-00-00-00-00-00-00-00-00-00-00-00-00-00-00-00-00-00-00-00-00-00-00-00-00-00-00-00-00-00-00-00-00-00-00-00-00-00-00-00-00-00-00-00-00-00-00-00-00-00-00-00-00-00-00-00-00-00
[15:11:47:745]50-41-0E-43-01-E0 [CMD_SENT][REMOTE_GET_MODE]
[15:11:47:748][HID_TX_ack]00-19-50-49-01-C0-31-39-05-00-03-00-0E-C3-00-50-49-0E-E0-00-00-00-00-02-00-E0-00-00-50-49-0E-CD-00-00-00-00-02-00-E0-00-00-03-00-11-BE-17-00-00-00-00-00-00-00-00-00-00-00-00-00-00-00-00-00-00-00
[15:11:47:749]50-49-01-C0-31-39-05-00-03-00-0E-C3-00
[15:11:47:749]50-49-0E-E0-00-00-00-00-02-00-E0-00-
[15:11:47:749]REMOTE_GET_MODE=00
[15:11:47:749][HID_TX]00-80-07-E3-3C-50-41-06-44-01-00-63-00-00-00-00-00-00-00-00-00-00-00-00-00-00-00-00-00-00-00-00-00-00-00-00-00-00-00-00-00-00-00-00-00-00-00-00-00-00-00-00-00-00-00-00-00-00-00-00-00-00-00-00-00
[15:11:47:751]HidD_GetInputReport=True
[15:11:47:751]reply_report=00-4F-00-00-00-00-00-00-00-00-00-00-00-00-00-00-00-00-00-00-00-00-00-00-00-00-00-00-00-00-00-00-00-00-00-00-00-00-00-00-00-00-00-00-00-00-00-00-00-00-00-00-00-00-00-00-00-00-00-00-00-00-00-00-00
[15:11:47:751]50-41-06-44-01-00-63 [CMD_SENT][CMD_GET_IO_LEVEL]
[15:11:47:753][HID_TX_ack]00-12-50-49-01-C0-36-39-05-00-08-00-06-C4-00-01-DD-FF-1F-00-00-00-00-02-00-E0-00-00-50-49-0E-CD-00-00-00-00-02-00-E0-00-00-03-00-11-BE-17-00-00-00-00-00-00-00-00-00-00-00-00-00-00-00-00-00-00-00
[15:11:47:754]50-49-01-C0-36-39-05-00-08-00-06-C4-00-01-DD-FF-1F-00
[15:11:47:977][HID_TX]00-80-06-0F-8F-50-41-0E-45-01-E0-00-00-00-00-00-00-00-00-00-00-00-00-00-00-00-00-00-00-00-00-00-00-00-00-00-00-00-00-00-00-00-00-00-00-00-00-00-00-00-00-00-00-00-00-00-00-00-00-00-00-00-00-00-00
[15:11:47:979]HidD_GetInputReport=True
[15:11:47:979]reply_report=00-4F-00-00-00-00-00-00-00-00-00-00-00-00-00-00-00-00-00-00-00-00-00-00-00-00-00-00-00-00-00-00-00-00-00-00-00-00-00-00-00-00-00-00-00-00-00-00-00-00-00-00-00-00-00-00-00-00-00-00-00-00-00-00-00
[15:11:47:979]50-41-0E-45-01-E0 [CMD_SENT][REMOTE_GET_MODE]
[15:11:47:982][HID_TX_ack]00-19-50-49-01-C0-ED-39-05-00-03-00-0E-C5-00-50-49-0E-E1-00-00-00-00-02-00-E0-00-00-50-49-0E-CD-00-00-00-00-02-00-E0-00-00-03-00-11-BE-17-00-00-00-00-00-00-00-00-00-00-00-00-00-00-00-00-00-00-00
[15:11:47:982]50-49-01-C0-ED-39-05-00-03-00-0E-C5-00
[15:11:47:982]50-49-0E-E1-00-00-00-00-02-00-E0-00-
[15:11:47:982]REMOTE_GET_MODE=00
[15:11:47:982][HID_TX]00-80-07-08-13-50-41-06-46-01-00-63-00-00-00-00-00-00-00-00-00-00-00-00-00-00-00-00-00-00-00-00-00-00-00-00-00-00-00-00-00-00-00-00-00-00-00-00-00-00-00-00-00-00-00-00-00-00-00-00-00-00-00-00-00
[15:11:47:984]HidD_GetInputReport=True
[15:11:47:984]reply_report=00-4F-00-00-00-00-00-00-00-00-00-00-00-00-00-00-00-00-00-00-00-00-00-00-00-00-00-00-00-00-00-00-00-00-00-00-00-00-00-00-00-00-00-00-00-00-00-00-00-00-00-00-00-00-00-00-00-00-00-00-00-00-00-00-00
[15:11:47:984]50-41-06-46-01-00-63 [CMD_SENT][CMD_GET_IO_LEVEL]
[15:11:47:987][HID_TX_ack]00-12-50-49-01-C0-F1-39-05-00-08-00-06-C6-00-01-DD-FF-1F-00-00-00-00-02-00-E0-00-00-50-49-0E-CD-00-00-00-00-02-00-E0-00-00-03-00-11-BE-17-00-00-00-00-00-00-00-00-00-00-00-00-00-00-00-00-00-00-00
[15:11:47:987]50-49-01-C0-F1-39-05-00-08-00-06-C6-00-01-DD-FF-1F-00
[15:11:48:209][HID_TX]00-80-06-E4-A0-50-41-0E-47-01-E0-00-00-00-00-00-00-00-00-00-00-00-00-00-00-00-00-00-00-00-00-00-00-00-00-00-00-00-00-00-00-00-00-00-00-00-00-00-00-00-00-00-00-00-00-00-00-00-00-00-00-00-00-00-00
[15:11:48:210]HidD_GetInputReport=True
[15:11:48:210]reply_report=00-4F-00-00-00-00-00-00-00-00-00-00-00-00-00-00-00-00-00-00-00-00-00-00-00-00-00-00-00-00-00-00-00-00-00-00-00-00-00-00-00-00-00-00-00-00-00-00-00-00-00-00-00-00-00-00-00-00-00-00-00-00-00-00-00
[15:11:48:210]50-41-0E-47-01-E0 [CMD_SENT][REMOTE_GET_MODE]
[15:11:48:213][HID_TX_ack]00-19-50-49-01-C0-A5-3A-05-00-03-00-0E-C7-00-50-49-0E-E2-00-00-00-00-02-00-E0-00-00-50-49-0E-CD-00-00-00-00-02-00-E0-00-00-03-00-11-BE-17-00-00-00-00-00-00-00-00-00-00-00-00-00-00-00-00-00-00-00
[15:11:48:213]50-49-01-C0-A5-3A-05-00-03-00-0E-C7-00
[15:11:48:213]50-49-0E-E2-00-00-00-00-02-00-E0-00-
[15:11:48:213]REMOTE_GET_MODE=00
[15:11:48:213][HID_TX]00-80-07-99-DC-50-41-06-48-01-00-63-00-00-00-00-00-00-00-00-00-00-00-00-00-00-00-00-00-00-00-00-00-00-00-00-00-00-00-00-00-00-00-00-00-00-00-00-00-00-00-00-00-00-00-00-00-00-00-00-00-00-00-00-00
[15:11:48:214]HidD_GetInputReport=True
[15:11:48:214]reply_report=00-4F-00-00-00-00-00-00-00-00-00-00-00-00-00-00-00-00-00-00-00-00-00-00-00-00-00-00-00-00-00-00-00-00-00-00-00-00-00-00-00-00-00-00-00-00-00-00-00-00-00-00-00-00-00-00-00-00-00-00-00-00-00-00-00
[15:11:48:214]50-41-06-48-01-00-63 [CMD_SENT][CMD_GET_IO_LEVEL]
[15:11:48:217][HID_TX_ack]00-12-50-49-01-C0-A9-3A-05-00-08-00-06-C8-00-01-DD-FF-1F-00-00-00-00-02-00-E0-00-00-50-49-0E-CD-00-00-00-00-02-00-E0-00-00-03-00-11-BE-17-00-00-00-00-00-00-00-00-00-00-00-00-00-00-00-00-00-00-00
[15:11:48:217]50-49-01-C0-A9-3A-05-00-08-00-06-C8-00-01-DD-FF-1F-00
[15:11:48:427][HID_TX]00-80-06-75-6F-50-41-0E-49-01-E0-00-00-00-00-00-00-00-00-00-00-00-00-00-00-00-00-00-00-00-00-00-00-00-00-00-00-00-00-00-00-00-00-00-00-00-00-00-00-00-00-00-00-00-00-00-00-00-00-00-00-00-00-00-00
[15:11:48:427]HidD_GetInputReport=True
[15:11:48:427]reply_report=00-4F-00-00-00-00-00-00-00-00-00-00-00-00-00-00-00-00-00-00-00-00-00-00-00-00-00-00-00-00-00-00-00-00-00-00-00-00-00-00-00-00-00-00-00-00-00-00-00-00-00-00-00-00-00-00-00-00-00-00-00-00-00-00-00
[15:11:48:427]50-41-0E-49-01-E0 [CMD_SENT][REMOTE_GET_MODE]
[15:11:48:432][HID_TX_ack]00-19-50-49-01-C0-54-3B-05-00-03-00-0E-C9-00-50-49-0E-E3-00-00-00-00-02-00-E0-00-00-50-49-0E-CD-00-00-00-00-02-00-E0-00-00-03-00-11-BE-17-00-00-00-00-00-00-00-00-00-00-00-00-00-00-00-00-00-00-00
[15:11:48:432]50-49-01-C0-54-3B-05-00-03-00-0E-C9-00
[15:11:48:432]50-49-0E-E3-00-00-00-00-02-00-E0-00-
[15:11:48:432]REMOTE_GET_MODE=00
[15:11:48:432][HID_TX]00-80-07-72-F3-50-41-06-4A-01-00-63-00-00-00-00-00-00-00-00-00-00-00-00-00-00-00-00-00-00-00-00-00-00-00-00-00-00-00-00-00-00-00-00-00-00-00-00-00-00-00-00-00-00-00-00-00-00-00-00-00-00-00-00-00
[15:11:48:433]HidD_GetInputReport=True
[15:11:48:433]reply_report=00-4F-00-00-00-00-00-00-00-00-00-00-00-00-00-00-00-00-00-00-00-00-00-00-00-00-00-00-00-00-00-00-00-00-00-00-00-00-00-00-00-00-00-00-00-00-00-00-00-00-00-00-00-00-00-00-00-00-00-00-00-00-00-00-00
[15:11:48:433]50-41-06-4A-01-00-63 [CMD_SENT][CMD_GET_IO_LEVEL]
[15:11:48:435][HID_TX_ack]00-12-50-49-01-C0-58-3B-05-00-08-00-06-CA-00-01-DD-FF-1F-00-00-00-00-02-00-E0-00-00-50-49-0E-CD-00-00-00-00-02-00-E0-00-00-03-00-11-BE-17-00-00-00-00-00-00-00-00-00-00-00-00-00-00-00-00-00-00-00
[15:11:48:435]50-49-01-C0-58-3B-05-00-08-00-06-CA-00-01-DD-FF-1F-00
[15:11:48:645][HID_TX]00-80-06-9E-40-50-41-0E-4B-01-E0-00-00-00-00-00-00-00-00-00-00-00-00-00-00-00-00-00-00-00-00-00-00-00-00-00-00-00-00-00-00-00-00-00-00-00-00-00-00-00-00-00-00-00-00-00-00-00-00-00-00-00-00-00-00
[15:11:48:646]HidD_GetInputReport=True
[15:11:48:646]reply_report=00-4F-00-00-00-00-00-00-00-00-00-00-00-00-00-00-00-00-00-00-00-00-00-00-00-00-00-00-00-00-00-00-00-00-00-00-00-00-00-00-00-00-00-00-00-00-00-00-00-00-00-00-00-00-00-00-00-00-00-00-00-00-00-00-00
[15:11:48:646]50-41-0E-4B-01-E0 [CMD_SENT][REMOTE_GET_MODE]
[15:11:48:650][HID_TX_ack]00-19-50-49-01-C0-03-3C-05-00-03-00-0E-CB-00-50-49-0E-E4-00-00-00-00-02-00-E0-00-00-50-49-0E-CD-00-00-00-00-02-00-E0-00-00-03-00-11-BE-17-00-00-00-00-00-00-00-00-00-00-00-00-00-00-00-00-00-00-00
[15:11:48:650]50-49-01-C0-03-3C-05-00-03-00-0E-CB-00
[15:11:48:650]50-49-0E-E4-00-00-00-00-02-00-E0-00-
[15:11:48:650]REMOTE_GET_MODE=00
[15:11:48:650][HID_TX]00-80-07-4F-83-50-41-06-4C-01-00-63-00-00-00-00-00-00-00-00-00-00-00-00-00-00-00-00-00-00-00-00-00-00-00-00-00-00-00-00-00-00-00-00-00-00-00-00-00-00-00-00-00-00-00-00-00-00-00-00-00-00-00-00-00
[15:11:48:652]HidD_GetInputReport=True
[15:11:48:653]reply_report=00-4F-00-00-00-00-00-00-00-00-00-00-00-00-00-00-00-00-00-00-00-00-00-00-00-00-00-00-00-00-00-00-00-00-00-00-00-00-00-00-00-00-00-00-00-00-00-00-00-00-00-00-00-00-00-00-00-00-00-00-00-00-00-00-00
[15:11:48:653]50-41-06-4C-01-00-63 [CMD_SENT][CMD_GET_IO_LEVEL]
[15:11:48:655][HID_TX_ack]00-12-50-49-01-C0-07-3C-05-00-08-00-06-CC-00-01-DD-FF-1F-00-00-00-00-02-00-E0-00-00-50-49-0E-CD-00-00-00-00-02-00-E0-00-00-03-00-11-BE-17-00-00-00-00-00-00-00-00-00-00-00-00-00-00-00-00-00-00-00
[15:11:48:655]50-49-01-C0-07-3C-05-00-08-00-06-CC-00-01-DD-FF-1F-00
[15:11:48:877][HID_TX]00-80-06-A3-30-50-41-0E-4D-01-E0-00-00-00-00-00-00-00-00-00-00-00-00-00-00-00-00-00-00-00-00-00-00-00-00-00-00-00-00-00-00-00-00-00-00-00-00-00-00-00-00-00-00-00-00-00-00-00-00-00-00-00-00-00-00
[15:11:48:879]HidD_GetInputReport=True
[15:11:48:879]reply_report=00-4F-00-00-00-00-00-00-00-00-00-00-00-00-00-00-00-00-00-00-00-00-00-00-00-00-00-00-00-00-00-00-00-00-00-00-00-00-00-00-00-00-00-00-00-00-00-00-00-00-00-00-00-00-00-00-00-00-00-00-00-00-00-00-00
[15:11:48:879]50-41-0E-4D-01-E0 [CMD_SENT][REMOTE_GET_MODE]
[15:11:48:882][HID_TX_ack]00-19-50-49-01-C0-BD-3C-05-00-03-00-0E-CD-00-50-49-0E-E5-00-00-00-00-02-00-E0-00-00-50-49-0E-CD-00-00-00-00-02-00-E0-00-00-03-00-11-BE-17-00-00-00-00-00-00-00-00-00-00-00-00-00-00-00-00-00-00-00
[15:11:48:882]50-49-01-C0-BD-3C-05-00-03-00-0E-CD-00
[15:11:48:882]50-49-0E-E5-00-00-00-00-02-00-E0-00-
[15:11:48:882]REMOTE_GET_MODE=00
[15:11:48:882][HID_TX]00-80-07-A4-AC-50-41-06-4E-01-00-63-00-00-00-00-00-00-00-00-00-00-00-00-00-00-00-00-00-00-00-00-00-00-00-00-00-00-00-00-00-00-00-00-00-00-00-00-00-00-00-00-00-00-00-00-00-00-00-00-00-00-00-00-00
[15:11:48:884]HidD_GetInputReport=True
[15:11:48:884]reply_report=00-4F-00-00-00-00-00-00-00-00-00-00-00-00-00-00-00-00-00-00-00-00-00-00-00-00-00-00-00-00-00-00-00-00-00-00-00-00-00-00-00-00-00-00-00-00-00-00-00-00-00-00-00-00-00-00-00-00-00-00-00-00-00-00-00
[15:11:48:884]50-41-06-4E-01-00-63 [CMD_SENT][CMD_GET_IO_LEVEL]
[15:11:48:887][HID_TX_ack]00-12-50-49-01-C0-C1-3C-05-00-08-00-06-CE-00-01-DD-FF-1F-00-00-00-00-02-00-E0-00-00-50-49-0E-CD-00-00-00-00-02-00-E0-00-00-03-00-11-BE-17-00-00-00-00-00-00-00-00-00-00-00-00-00-00-00-00-00-00-00
[15:11:48:887]50-49-01-C0-C1-3C-05-00-08-00-06-CE-00-01-DD-FF-1F-00
[15:11:49:110][HID_TX]00-80-06-48-1F-50-41-0E-4F-01-E0-00-00-00-00-00-00-00-00-00-00-00-00-00-00-00-00-00-00-00-00-00-00-00-00-00-00-00-00-00-00-00-00-00-00-00-00-00-00-00-00-00-00-00-00-00-00-00-00-00-00-00-00-00-00
[15:11:49:112]HidD_GetInputReport=True
[15:11:49:112]reply_report=00-4F-00-00-00-00-00-00-00-00-00-00-00-00-00-00-00-00-00-00-00-00-00-00-00-00-00-00-00-00-00-00-00-00-00-00-00-00-00-00-00-00-00-00-00-00-00-00-00-00-00-00-00-00-00-00-00-00-00-00-00-00-00-00-00
[15:11:49:112]50-41-0E-4F-01-E0 [CMD_SENT][REMOTE_GET_MODE]
[15:11:49:114][HID_TX_ack]00-19-50-49-01-C0-77-3D-05-00-03-00-0E-CF-00-50-49-0E-E6-00-00-00-00-02-00-E0-00-00-50-49-0E-CD-00-00-00-00-02-00-E0-00-00-03-00-11-BE-17-00-00-00-00-00-00-00-00-00-00-00-00-00-00-00-00-00-00-00
[15:11:49:114]50-49-01-C0-77-3D-05-00-03-00-0E-CF-00
[15:11:49:114]50-49-0E-E6-00-00-00-00-02-00-E0-00-
[15:11:49:115]REMOTE_GET_MODE=00
[15:11:49:115][HID_TX]00-80-07-4C-0C-50-41-06-50-01-00-63-00-00-00-00-00-00-00-00-00-00-00-00-00-00-00-00-00-00-00-00-00-00-00-00-00-00-00-00-00-00-00-00-00-00-00-00-00-00-00-00-00-00-00-00-00-00-00-00-00-00-00-00-00
[15:11:49:116]HidD_GetInputReport=True
[15:11:49:116]reply_report=00-4F-00-00-00-00-00-00-00-00-00-00-00-00-00-00-00-00-00-00-00-00-00-00-00-00-00-00-00-00-00-00-00-00-00-00-00-00-00-00-00-00-00-00-00-00-00-00-00-00-00-00-00-00-00-00-00-00-00-00-00-00-00-00-00
[15:11:49:116]50-41-06-50-01-00-63 [CMD_SENT][CMD_GET_IO_LEVEL]
[15:11:49:118][HID_TX_ack]00-12-50-49-01-C0-7A-3D-05-00-08-00-06-D0-00-01-DD-FF-1F-00-00-00-00-02-00-E0-00-00-50-49-0E-CD-00-00-00-00-02-00-E0-00-00-03-00-11-BE-17-00-00-00-00-00-00-00-00-00-00-00-00-00-00-00-00-00-00-00
[15:11:49:118]50-49-01-C0-7A-3D-05-00-08-00-06-D0-00-01-DD-FF-1F-00
[15:11:49:342][HID_TX]00-80-06-A0-BF-50-41-0E-51-01-E0-00-00-00-00-00-00-00-00-00-00-00-00-00-00-00-00-00-00-00-00-00-00-00-00-00-00-00-00-00-00-00-00-00-00-00-00-00-00-00-00-00-00-00-00-00-00-00-00-00-00-00-00-00-00
[15:11:49:344]HidD_GetInputReport=True
[15:11:49:344]reply_report=00-4F-00-00-00-00-00-00-00-00-00-00-00-00-00-00-00-00-00-00-00-00-00-00-00-00-00-00-00-00-00-00-00-00-00-00-00-00-00-00-00-00-00-00-00-00-00-00-00-00-00-00-00-00-00-00-00-00-00-00-00-00-00-00-00
[15:11:49:344]50-41-0E-51-01-E0 [CMD_SENT][REMOTE_GET_MODE]
[15:11:49:347][HID_TX_ack]00-19-50-49-01-C0-31-3E-05-00-03-00-0E-D1-00-50-49-0E-E7-00-00-00-00-02-00-E0-00-00-50-49-0E-CD-00-00-00-00-02-00-E0-00-00-03-00-11-BE-17-00-00-00-00-00-00-00-00-00-00-00-00-00-00-00-00-00-00-00
[15:11:49:347]50-49-01-C0-31-3E-05-00-03-00-0E-D1-00
[15:11:49:347]50-49-0E-E7-00-00-00-00-02-00-E0-00-
[15:11:49:347]REMOTE_GET_MODE=00
[15:11:49:347][HID_TX]00-80-07-A7-23-50-41-06-52-01-00-63-00-00-00-00-00-00-00-00-00-00-00-00-00-00-00-00-00-00-00-00-00-00-00-00-00-00-00-00-00-00-00-00-00-00-00-00-00-00-00-00-00-00-00-00-00-00-00-00-00-00-00-00-00
[15:11:49:349]HidD_GetInputReport=True
[15:11:49:349]reply_report=00-4F-00-00-00-00-00-00-00-00-00-00-00-00-00-00-00-00-00-00-00-00-00-00-00-00-00-00-00-00-00-00-00-00-00-00-00-00-00-00-00-00-00-00-00-00-00-00-00-00-00-00-00-00-00-00-00-00-00-00-00-00-00-00-00
[15:11:49:349]50-41-06-52-01-00-63 [CMD_SENT][CMD_GET_IO_LEVEL]
[15:11:49:351][HID_TX_ack]00-12-50-49-01-C0-35-3E-05-00-08-00-06-D2-00-01-DD-FF-1F-00-00-00-00-02-00-E0-00-00-50-49-0E-CD-00-00-00-00-02-00-E0-00-00-03-00-11-BE-17-00-00-00-00-00-00-00-00-00-00-00-00-00-00-00-00-00-00-00
[15:11:49:352]50-49-01-C0-35-3E-05-00-08-00-06-D2-00-01-DD-FF-1F-00
[15:11:49:576][HID_TX]00-80-06-4B-90-50-41-0E-53-01-E0-00-00-00-00-00-00-00-00-00-00-00-00-00-00-00-00-00-00-00-00-00-00-00-00-00-00-00-00-00-00-00-00-00-00-00-00-00-00-00-00-00-00-00-00-00-00-00-00-00-00-00-00-00-00
[15:11:49:576]HidD_GetInputReport=True
[15:11:49:577]reply_report=00-4F-00-00-00-00-00-00-00-00-00-00-00-00-00-00-00-00-00-00-00-00-00-00-00-00-00-00-00-00-00-00-00-00-00-00-00-00-00-00-00-00-00-00-00-00-00-00-00-00-00-00-00-00-00-00-00-00-00-00-00-00-00-00-00
[15:11:49:577]50-41-0E-53-01-E0 [CMD_SENT][REMOTE_GET_MODE]
[15:11:49:580][HID_TX_ack]00-19-50-49-01-C0-EB-3E-05-00-03-00-0E-D3-00-50-49-0E-E8-00-00-00-00-02-00-E0-00-00-50-49-0E-CD-00-00-00-00-02-00-E0-00-00-03-00-11-BE-17-00-00-00-00-00-00-00-00-00-00-00-00-00-00-00-00-00-00-00
[15:11:49:580]50-49-01-C0-EB-3E-05-00-03-00-0E-D3-00
[15:11:49:580]50-49-0E-E8-00-00-00-00-02-00-E0-00-
[15:11:49:580]REMOTE_GET_MODE=00
[15:11:49:580][HID_TX]00-80-07-9A-53-50-41-06-54-01-00-63-00-00-00-00-00-00-00-00-00-00-00-00-00-00-00-00-00-00-00-00-00-00-00-00-00-00-00-00-00-00-00-00-00-00-00-00-00-00-00-00-00-00-00-00-00-00-00-00-00-00-00-00-00
[15:11:49:583]HidD_GetInputReport=True
[15:11:49:583]reply_report=00-4F-00-00-00-00-00-00-00-00-00-00-00-00-00-00-00-00-00-00-00-00-00-00-00-00-00-00-00-00-00-00-00-00-00-00-00-00-00-00-00-00-00-00-00-00-00-00-00-00-00-00-00-00-00-00-00-00-00-00-00-00-00-00-00
[15:11:49:583]50-41-06-54-01-00-63 [CMD_SENT][CMD_GET_IO_LEVEL]
[15:11:49:585][HID_TX_ack]00-12-50-49-01-C0-EF-3E-05-00-08-00-06-D4-00-01-DD-FF-1F-00-00-00-00-02-00-E0-00-00-50-49-0E-CD-00-00-00-00-02-00-E0-00-00-03-00-11-BE-17-00-00-00-00-00-00-00-00-00-00-00-00-00-00-00-00-00-00-00
[15:11:49:585]50-49-01-C0-EF-3E-05-00-08-00-06-D4-00-01-DD-FF-1F-00
[15:11:49:807][HID_TX]00-80-06-76-E0-50-41-0E-55-01-E0-00-00-00-00-00-00-00-00-00-00-00-00-00-00-00-00-00-00-00-00-00-00-00-00-00-00-00-00-00-00-00-00-00-00-00-00-00-00-00-00-00-00-00-00-00-00-00-00-00-00-00-00-00-00
[15:11:49:809]HidD_GetInputReport=True
[15:11:49:809]reply_report=00-4F-00-00-00-00-00-00-00-00-00-00-00-00-00-00-00-00-00-00-00-00-00-00-00-00-00-00-00-00-00-00-00-00-00-00-00-00-00-00-00-00-00-00-00-00-00-00-00-00-00-00-00-00-00-00-00-00-00-00-00-00-00-00-00
[15:11:49:809]50-41-0E-55-01-E0 [CMD_SENT][REMOTE_GET_MODE]
[15:11:49:812][HID_TX_ack]00-19-50-49-01-C0-A5-3F-05-00-03-00-0E-D5-00-50-49-0E-E9-00-00-00-00-02-00-E0-00-00-50-49-0E-CD-00-00-00-00-02-00-E0-00-00-03-00-11-BE-17-00-00-00-00-00-00-00-00-00-00-00-00-00-00-00-00-00-00-00
[15:11:49:812]50-49-01-C0-A5-3F-05-00-03-00-0E-D5-00
[15:11:49:812]50-49-0E-E9-00-00-00-00-02-00-E0-00-
[15:11:49:812]REMOTE_GET_MODE=00
[15:11:49:812][HID_TX]00-80-07-71-7C-50-41-06-56-01-00-63-00-00-00-00-00-00-00-00-00-00-00-00-00-00-00-00-00-00-00-00-00-00-00-00-00-00-00-00-00-00-00-00-00-00-00-00-00-00-00-00-00-00-00-00-00-00-00-00-00-00-00-00-00
[15:11:49:814]HidD_GetInputReport=True
[15:11:49:814]reply_report=00-4F-00-00-00-00-00-00-00-00-00-00-00-00-00-00-00-00-00-00-00-00-00-00-00-00-00-00-00-00-00-00-00-00-00-00-00-00-00-00-00-00-00-00-00-00-00-00-00-00-00-00-00-00-00-00-00-00-00-00-00-00-00-00-00
[15:11:49:814]50-41-06-56-01-00-63 [CMD_SENT][CMD_GET_IO_LEVEL]
[15:11:49:817][HID_TX_ack]00-12-50-49-01-C0-A9-3F-05-00-08-00-06-D6-00-01-DD-FF-1F-00-00-00-00-02-00-E0-00-00-50-49-0E-CD-00-00-00-00-02-00-E0-00-00-03-00-11-BE-17-00-00-00-00-00-00-00-00-00-00-00-00-00-00-00-00-00-00-00
[15:11:49:817]50-49-01-C0-A9-3F-05-00-08-00-06-D6-00-01-DD-FF-1F-00
[15:11:50:042][HID_TX]00-80-06-9D-CF-50-41-0E-57-01-E0-00-00-00-00-00-00-00-00-00-00-00-00-00-00-00-00-00-00-00-00-00-00-00-00-00-00-00-00-00-00-00-00-00-00-00-00-00-00-00-00-00-00-00-00-00-00-00-00-00-00-00-00-00-00
[15:11:50:044]HidD_GetInputReport=True
[15:11:50:044]reply_report=00-4F-00-00-00-00-00-00-00-00-00-00-00-00-00-00-00-00-00-00-00-00-00-00-00-00-00-00-00-00-00-00-00-00-00-00-00-00-00-00-00-00-00-00-00-00-00-00-00-00-00-00-00-00-00-00-00-00-00-00-00-00-00-00-00
[15:11:50:044]50-41-0E-57-01-E0 [CMD_SENT][REMOTE_GET_MODE]
[15:11:50:047][HID_TX_ack]00-19-50-49-01-C0-61-40-05-00-03-00-0E-D7-00-50-49-0E-EA-00-00-00-00-02-00-E0-00-00-50-49-0E-CD-00-00-00-00-02-00-E0-00-00-03-00-11-BE-17-00-00-00-00-00-00-00-00-00-00-00-00-00-00-00-00-00-00-00
[15:11:50:047]50-49-01-C0-61-40-05-00-03-00-0E-D7-00
[15:11:50:047]50-49-0E-EA-00-00-00-00-02-00-E0-00-
[15:11:50:047]REMOTE_GET_MODE=00
[15:11:50:047][HID_TX]00-80-07-E0-B3-50-41-06-58-01-00-63-00-00-00-00-00-00-00-00-00-00-00-00-00-00-00-00-00-00-00-00-00-00-00-00-00-00-00-00-00-00-00-00-00-00-00-00-00-00-00-00-00-00-00-00-00-00-00-00-00-00-00-00-00
[15:11:50:048]HidD_GetInputReport=True
[15:11:50:048]reply_report=00-4F-00-00-00-00-00-00-00-00-00-00-00-00-00-00-00-00-00-00-00-00-00-00-00-00-00-00-00-00-00-00-00-00-00-00-00-00-00-00-00-00-00-00-00-00-00-00-00-00-00-00-00-00-00-00-00-00-00-00-00-00-00-00-00
[15:11:50:048]50-41-06-58-01-00-63 [CMD_SENT][CMD_GET_IO_LEVEL]
[15:11:50:051][HID_TX_ack]00-12-50-49-01-C0-64-40-05-00-08-00-06-D8-00-01-DD-FF-1F-00-00-00-00-02-00-E0-00-00-50-49-0E-CD-00-00-00-00-02-00-E0-00-00-03-00-11-BE-17-00-00-00-00-00-00-00-00-00-00-00-00-00-00-00-00-00-00-00
[15:11:50:051]50-49-01-C0-64-40-05-00-08-00-06-D8-00-01-DD-FF-1F-00
[15:11:50:275][HID_TX]00-80-06-0C-00-50-41-0E-59-01-E0-00-00-00-00-00-00-00-00-00-00-00-00-00-00-00-00-00-00-00-00-00-00-00-00-00-00-00-00-00-00-00-00-00-00-00-00-00-00-00-00-00-00-00-00-00-00-00-00-00-00-00-00-00-00
[15:11:50:275]HidD_GetInputReport=True
[15:11:50:276]reply_report=00-4F-00-00-00-00-00-00-00-00-00-00-00-00-00-00-00-00-00-00-00-00-00-00-00-00-00-00-00-00-00-00-00-00-00-00-00-00-00-00-00-00-00-00-00-00-00-00-00-00-00-00-00-00-00-00-00-00-00-00-00-00-00-00-00
[15:11:50:276]50-41-0E-59-01-E0 [CMD_SENT][REMOTE_GET_MODE]
[15:11:50:278][HID_TX_ack]00-19-50-49-01-C0-1A-41-05-00-03-00-0E-D9-00-50-49-0E-EB-00-00-00-00-02-00-E0-00-00-50-49-0E-CD-00-00-00-00-02-00-E0-00-00-03-00-11-BE-17-00-00-00-00-00-00-00-00-00-00-00-00-00-00-00-00-00-00-00
[15:11:50:278]50-49-01-C0-1A-41-05-00-03-00-0E-D9-00
[15:11:50:278]50-49-0E-EB-00-00-00-00-02-00-E0-00-
[15:11:50:278]REMOTE_GET_MODE=00
[15:11:50:278][HID_TX]00-80-07-0B-9C-50-41-06-5A-01-00-63-00-00-00-00-00-00-00-00-00-00-00-00-00-00-00-00-00-00-00-00-00-00-00-00-00-00-00-00-00-00-00-00-00-00-00-00-00-00-00-00-00-00-00-00-00-00-00-00-00-00-00-00-00
[15:11:50:280]HidD_GetInputReport=True
[15:11:50:280]reply_report=00-4F-00-00-00-00-00-00-00-00-00-00-00-00-00-00-00-00-00-00-00-00-00-00-00-00-00-00-00-00-00-00-00-00-00-00-00-00-00-00-00-00-00-00-00-00-00-00-00-00-00-00-00-00-00-00-00-00-00-00-00-00-00-00-00
[15:11:50:280]50-41-06-5A-01-00-63 [CMD_SENT][CMD_GET_IO_LEVEL]
[15:11:50:283][HID_TX_ack]00-12-50-49-01-C0-1D-41-05-00-08-00-06-DA-00-01-DD-FF-1F-00-00-00-00-02-00-E0-00-00-50-49-0E-CD-00-00-00-00-02-00-E0-00-00-03-00-11-BE-17-00-00-00-00-00-00-00-00-00-00-00-00-00-00-00-00-00-00-00
[15:11:50:283]50-49-01-C0-1D-41-05-00-08-00-06-DA-00-01-DD-FF-1F-00
[15:11:51:252][HID_TX]00-80-07-67-DB-50-41-0E-5B-02-E1-00-00-00-00-00-00-00-00-00-00-00-00-00-00-00-00-00-00-00-00-00-00-00-00-00-00-00-00-00-00-00-00-00-00-00-00-00-00-00-00-00-00-00-00-00-00-00-00-00-00-00-00-00-00
[15:11:51:254]HidD_GetInputReport=True
[15:11:51:254]reply_report=00-4F-00-00-00-00-00-00-00-00-00-00-00-00-00-00-00-00-00-00-00-00-00-00-00-00-00-00-00-00-00-00-00-00-00-00-00-00-00-00-00-00-00-00-00-00-00-00-00-00-00-00-00-00-00-00-00-00-00-00-00-00-00-00-00
[15:11:51:254]50-41-0E-5B-02-E1-00 [CMD_SENT][REMOTE_SET_MODE] is_remote=False
[15:11:51:256][HID_TX_ack]00-0D-50-49-01-C0-29-44-05-00-03-00-0E-DB-00-01-DD-FF-1F-00-00-00-00-02-00-E0-00-00-50-49-0E-CD-00-00-00-00-02-00-E0-00-00-03-00-11-BE-17-00-00-00-00-00-00-00-00-00-00-00-00-00-00-00-00-00-00-00
[15:11:51:256]50-49-01-C0-29-44-05-00-03-00-0E-DB-00
[15:11:51:258]ystech_Power_Saving, is_EnablePowerSaving=True
[15:11:51:258][HID_TX]00-85-01-73-56-02-00-00-00-00-00-00-00-00-00-00-00-00-00-00-00-00-00-00-00-00-00-00-00-00-00-00-00-00-00-00-00-00-00-00-00-00-00-00-00-00-00-00-00-00-00-00-00-00-00-00-00-00-00-00-00-00-00-00-00
[15:11:51:260]HidD_GetInputReport=True
[15:11:51:260]reply_report=00-4F-00-00-00-00-00-00-00-00-00-00-00-00-00-00-00-00-00-00-00-00-00-00-00-00-00-00-00-00-00-00-00-00-00-00-00-00-00-00-00-00-00-00-00-00-00-00-00-00-00-00-00-00-00-00-00-00-00-00-00-00-00-00-00
[15:11:51:260]HID_CMD_POWER_SAVING_Enable
[15:11:51:260]close_hid_stream
[15:11:51:260]close_hid_handle
