[12:02:13:222]\\?\hid#dell09c2&col02#5&bc4dc33&0&0001#{4d1e55b2-f16f-11cf-88cb-001111000030}
[12:02:13:222]\\?\hid#dell09c2&col03#5&bc4dc33&0&0002#{4d1e55b2-f16f-11cf-88cb-001111000030}
[12:02:13:222]\\?\hid#intc816&col01#3&207f9b7f&0&0000#{4d1e55b2-f16f-11cf-88cb-001111000030}
[12:02:13:222]\\?\hid#intc816&col02#3&207f9b7f&0&0001#{4d1e55b2-f16f-11cf-88cb-001111000030}
[12:02:13:222]\\?\hid#converteddevice&col02#5&17bac0a6&0&0001#{4d1e55b2-f16f-11cf-88cb-001111000030}
[12:02:13:222]\\?\hid#converteddevice&col03#5&17bac0a6&0&0002#{4d1e55b2-f16f-11cf-88cb-001111000030}
[12:02:13:222]\\?\hid#dell09c2&col04#5&bc4dc33&0&0003#{4d1e55b2-f16f-11cf-88cb-001111000030}
[12:02:13:222]\\?\hid#{00001812-0000-1000-8000-00805f9b34fb}_dev_vid&0232c2_pid&0001_rev&0068_ccb624cd66b1#9&326e3aae&0&0000#{4d1e55b2-f16f-11cf-88cb-001111000030}
[12:02:13:222]\\?\hid#dell09c2&col05#5&bc4dc33&0&0004#{4d1e55b2-f16f-11cf-88cb-001111000030}
[12:02:13:222]\\?\hid#converteddevice&col01#5&17bac0a6&0&0000#{4d1e55b2-f16f-11cf-88cb-001111000030}\kbd
[12:02:13:222]\\?\hid#dell09c2&col01#5&bc4dc33&0&0000#{4d1e55b2-f16f-11cf-88cb-001111000030}
[12:02:13:222]\\?\hid#vid_046d&pid_0adf&mi_00#7&3ad8dff3&0&0000#{4d1e55b2-f16f-11cf-88cb-001111000030}
[12:02:13:222]\\?\hid#vid_046d&pid_0adf&mi_04#7&18e94d0e&0&0000#{4d1e55b2-f16f-11cf-88cb-001111000030}
[12:02:13:224]try_path=\\?\hid#vid_046d&pid_0adf&mi_00#7&3ad8dff3&0&0000#{4d1e55b2-f16f-11cf-88cb-001111000030}
[12:02:13:225]	InputReportByteLength=65
[12:02:13:225]	OutputReportByteLength=65
[12:02:13:226]HID_Connected=\\?\hid#vid_046d&pid_0adf&mi_00#7&3ad8dff3&0&0000#{4d1e55b2-f16f-11cf-88cb-001111000030}
[12:02:13:227][HID_TX]00-84-01-D1-55-01-00-00-00-00-00-00-00-00-00-00-00-00-00-00-00-00-00-00-00-00-00-00-00-00-00-00-00-00-00-00-00-00-00-00-00-00-00-00-00-00-00-00-00-00-00-00-00-00-00-00-00-00-00-00-00-00-00-00-00
[12:02:13:228]HidD_GetInputReport=True
[12:02:13:228]reply_report=00-4F-56-31-2E-38-2E-35-2E-31-00-00-00-00-00-00-00-00-00-00-00-00-00-00-00-00-00-00-00-00-00-00-00-00-00-00-00-00-00-00-00-00-00-00-00-00-00-00-00-00-00-00-00-00-00-00-00-00-00-00-00-00-00-00-00
[12:02:13:228][ys_tech] fw_version=V1.8.5.1
[12:02:13:228]ystech_Power_Saving, is_EnablePowerSaving=False
[12:02:13:228][HID_TX]00-85-01-83-8B-01-00-00-00-00-00-00-00-00-00-00-00-00-00-00-00-00-00-00-00-00-00-00-00-00-00-00-00-00-00-00-00-00-00-00-00-00-00-00-00-00-00-00-00-00-00-00-00-00-00-00-00-00-00-00-00-00-00-00-00
[12:02:13:229]HidD_GetInputReport=True
[12:02:13:229]reply_report=00-4F-00-00-00-00-00-00-00-00-00-00-00-00-00-00-00-00-00-00-00-00-00-00-00-00-00-00-00-00-00-00-00-00-00-00-00-00-00-00-00-00-00-00-00-00-00-00-00-00-00-00-00-00-00-00-00-00-00-00-00-00-00-00-00
[12:02:13:229]HID_CMD_POWER_SAVING_Disable
[12:02:13:229]path_connected=\\?\hid#vid_046d&pid_0adf&mi_00#7&3ad8dff3&0&0000#{4d1e55b2-f16f-11cf-88cb-001111000030}
[12:02:14:451][HID_TX]00-80-06-1C-7D-50-41-0E-01-01-E0-00-00-00-00-00-00-00-00-00-00-00-00-00-00-00-00-00-00-00-00-00-00-00-00-00-00-00-00-00-00-00-00-00-00-00-00-00-00-00-00-00-00-00-00-00-00-00-00-00-00-00-00-00-00
[12:02:14:453]HidD_GetInputReport=True
[12:02:14:453]reply_report=00-4F-00-00-00-00-00-00-00-00-00-00-00-00-00-00-00-00-00-00-00-00-00-00-00-00-00-00-00-00-00-00-00-00-00-00-00-00-00-00-00-00-00-00-00-00-00-00-00-00-00-00-00-00-00-00-00-00-00-00-00-00-00-00-00
[12:02:14:453]50-41-0E-01-01-E0 [CMD_SENT][REMOTE_GET_MODE]
[12:02:14:460][HID_TX_ack]00-19-50-49-01-C0-A0-65-04-00-03-00-0E-81-00-50-49-0E-F5-00-00-00-00-02-00-E0-01-17-32-50-49-01-C0-7B-05-00-00-03-00-11-89-19-00-00-00-00-00-00-00-00-00-00-00-00-00-00-00-00-00-00-00-00-00-00-00
[12:02:14:463]REMOTE_GET_MODE=01
[12:02:14:463]50-49-01-C0-A0-65-04-00-03-00-0E-81-00
[12:02:14:463]50-49-0E-F5-00-00-00-00-02-00-E0-01-
[12:02:14:464][HID_TX]00-80-07-1B-E1-50-41-06-02-01-00-63-00-00-00-00-00-00-00-00-00-00-00-00-00-00-00-00-00-00-00-00-00-00-00-00-00-00-00-00-00-00-00-00-00-00-00-00-00-00-00-00-00-00-00-00-00-00-00-00-00-00-00-00-00
[12:02:14:465]HidD_GetInputReport=True
[12:02:14:465]reply_report=00-4F-00-00-00-00-00-00-00-00-00-00-00-00-00-00-00-00-00-00-00-00-00-00-00-00-00-00-00-00-00-00-00-00-00-00-00-00-00-00-00-00-00-00-00-00-00-00-00-00-00-00-00-00-00-00-00-00-00-00-00-00-00-00-00
[12:02:14:465]50-41-06-02-01-00-63 [CMD_SENT][CMD_GET_IO_LEVEL]
[12:02:14:486][HID_TX_ack]00-12-50-49-01-F6-8E-32-0D-00-08-00-06-82-00-01-FF-FF-0F-00-00-00-00-02-00-E0-01-17-32-50-49-01-C0-7B-05-00-00-03-00-11-89-19-00-00-00-00-00-00-00-00-00-00-00-00-00-00-00-00-00-00-00-00-00-00-00
[12:02:14:486]50-49-01-F6-8E-32-0D-00-08-00-06-82-00-01-FF-FF-0F-00
[12:02:19:906][HID_TX_ack]00-0E-50-49-11-F7-A1-76-04-00-04-00-04-00-00-32-FF-FF-0F-00-00-00-00-02-00-E0-01-17-32-50-49-01-C0-7B-05-00-00-03-00-11-89-19-00-00-00-00-00-00-00-00-00-00-00-00-00-00-00-00-00-00-00-00-00-00-00
[12:02:19:906]50-49-11-F7-A1-76-04-00-04-00-04-00-00-32
[12:02:25:230][HID_TX]00-80-06-F7-52-50-41-0E-03-01-E0-00-00-00-00-00-00-00-00-00-00-00-00-00-00-00-00-00-00-00-00-00-00-00-00-00-00-00-00-00-00-00-00-00-00-00-00-00-00-00-00-00-00-00-00-00-00-00-00-00-00-00-00-00-00
[12:02:25:232]HidD_GetInputReport=True
[12:02:25:232]reply_report=00-4F-00-00-00-00-00-00-00-00-00-00-00-00-00-00-00-00-00-00-00-00-00-00-00-00-00-00-00-00-00-00-00-00-00-00-00-00-00-00-00-00-00-00-00-00-00-00-00-00-00-00-00-00-00-00-00-00-00-00-00-00-00-00-00
[12:02:25:232]50-41-0E-03-01-E0 [CMD_SENT][REMOTE_GET_MODE]
[12:02:25:234][HID_TX_ack]00-19-50-49-01-C0-FB-86-04-00-03-00-0E-83-00-50-49-0E-F8-00-00-00-00-02-00-E0-01-17-32-50-49-01-C0-7B-05-00-00-03-00-11-89-19-00-00-00-00-00-00-00-00-00-00-00-00-00-00-00-00-00-00-00-00-00-00-00
[12:02:25:234]50-49-01-C0-FB-86-04-00-03-00-0E-83-00
[12:02:25:234]50-49-0E-F8-00-00-00-00-02-00-E0-01-
[12:02:25:234]REMOTE_GET_MODE=01
[12:02:25:234][HID_TX]00-80-07-26-91-50-41-06-04-01-00-63-00-00-00-00-00-00-00-00-00-00-00-00-00-00-00-00-00-00-00-00-00-00-00-00-00-00-00-00-00-00-00-00-00-00-00-00-00-00-00-00-00-00-00-00-00-00-00-00-00-00-00-00-00
[12:02:25:235]HidD_GetInputReport=True
[12:02:25:235]reply_report=00-4F-00-00-00-00-00-00-00-00-00-00-00-00-00-00-00-00-00-00-00-00-00-00-00-00-00-00-00-00-00-00-00-00-00-00-00-00-00-00-00-00-00-00-00-00-00-00-00-00-00-00-00-00-00-00-00-00-00-00-00-00-00-00-00
[12:02:25:235]50-41-06-04-01-00-63 [CMD_SENT][CMD_GET_IO_LEVEL]
[12:02:25:238][HID_TX_ack]00-0D-50-49-01-C0-FB-86-04-00-03-00-06-84-FF-50-49-0E-F8-00-00-00-00-02-00-E0-01-17-32-50-49-01-C0-7B-05-00-00-03-00-11-89-19-00-00-00-00-00-00-00-00-00-00-00-00-00-00-00-00-00-00-00-00-00-00-00
[12:02:25:238]50-49-01-C0-FB-86-04-00-03-00-06-84-FF
