[22:18:18:653]connect_auto_select
[22:18:18:668]\\?\hid#dell09c2&col02#5&bc4dc33&0&0001#{4d1e55b2-f16f-11cf-88cb-001111000030}
[22:18:18:668]\\?\hid#vid_046d&pid_0adf&mi_04#7&31212da2&0&0000#{4d1e55b2-f16f-11cf-88cb-001111000030}
[22:18:18:668]\\?\hid#vid_046d&pid_0adf&mi_00#7&3e7114f&0&0000#{4d1e55b2-f16f-11cf-88cb-001111000030}
[22:18:18:668]\\?\hid#dell09c2&col03#5&bc4dc33&0&0002#{4d1e55b2-f16f-11cf-88cb-001111000030}
[22:18:18:668]\\?\hid#intc816&col01#3&207f9b7f&0&0000#{4d1e55b2-f16f-11cf-88cb-001111000030}
[22:18:18:668]\\?\hid#intc816&col02#3&207f9b7f&0&0001#{4d1e55b2-f16f-11cf-88cb-001111000030}
[22:18:18:668]\\?\hid#converteddevice&col02#5&17bac0a6&0&0001#{4d1e55b2-f16f-11cf-88cb-001111000030}
[22:18:18:668]\\?\hid#converteddevice&col03#5&17bac0a6&0&0002#{4d1e55b2-f16f-11cf-88cb-001111000030}
[22:18:18:668]\\?\hid#dell09c2&col04#5&bc4dc33&0&0003#{4d1e55b2-f16f-11cf-88cb-001111000030}
[22:18:18:668]\\?\hid#{00001812-0000-1000-8000-00805f9b34fb}_dev_vid&0232c2_pid&0001_rev&0068_ccb624cd66b1#9&326e3aae&0&0000#{4d1e55b2-f16f-11cf-88cb-001111000030}
[22:18:18:668]\\?\hid#dell09c2&col05#5&bc4dc33&0&0004#{4d1e55b2-f16f-11cf-88cb-001111000030}
[22:18:18:668]\\?\hid#converteddevice&col01#5&17bac0a6&0&0000#{4d1e55b2-f16f-11cf-88cb-001111000030}\kbd
[22:18:18:668]\\?\hid#dell09c2&col01#5&bc4dc33&0&0000#{4d1e55b2-f16f-11cf-88cb-001111000030}
[22:18:18:668]id=VID=046D,PID=0ADF
[22:18:18:668]CloseHandleX
[22:18:18:668]id=VID=046D,PID=0ADF
[22:18:18:668]	attributes.VendorID=0x46D
[22:18:18:668]	attributes.ProductID=0xADF
[22:18:18:668]	attributes.VersionNumber=512
[22:18:18:668]	attributes.Size=12
[22:18:18:668]	SerialNumberString=V001008005.1
[22:18:18:668]	ManufacturerString=䤠śៈśȀ
[22:18:18:668]	ProductString=G435 Wireless Gaming Headset
[22:18:18:668]CloseHandleX
[22:18:18:668]try_path=\\?\hid#vid_046d&pid_0adf&mi_00#7&3e7114f&0&0000#{4d1e55b2-f16f-11cf-88cb-001111000030}
[22:18:18:668]	InputReportByteLength=65
[22:18:18:668]	OutputReportByteLength=65
[22:18:18:668]HID_Connected=\\?\hid#vid_046d&pid_0adf&mi_00#7&3e7114f&0&0000#{4d1e55b2-f16f-11cf-88cb-001111000030}
[22:18:18:668]ystech_read_fw_version
[22:18:18:668][HID_TX]00-84-01-D1-55-01-00-00-00-00-00-00-00-00-00-00-00-00-00-00-00-00-00-00-00-00-00-00-00-00-00-00-00-00-00-00-00-00-00-00-00-00-00-00-00-00-00-00-00-00-00-00-00-00-00-00-00-00-00-00-00-00-00-00-00
[22:18:18:668]HidD_GetInputReport=True
[22:18:18:668]reply_report=00-4F-56-31-2E-38-2E-35-2E-31-00-00-00-00-00-00-00-00-00-00-00-00-00-00-00-00-00-00-00-00-00-00-00-00-00-00-00-00-00-00-00-00-00-00-00-00-00-00-00-00-00-00-00-00-00-00-00-00-00-00-00-00-00-00-00
[22:18:18:668][ys_tech] fw_version=V1.8.5.1
[22:18:18:668]ystech_Power_Saving, is_EnablePowerSaving=False
[22:18:18:668][HID_TX]00-85-01-83-8B-01-00-00-00-00-00-00-00-00-00-00-00-00-00-00-00-00-00-00-00-00-00-00-00-00-00-00-00-00-00-00-00-00-00-00-00-00-00-00-00-00-00-00-00-00-00-00-00-00-00-00-00-00-00-00-00-00-00-00-00
[22:18:18:684]HidD_GetInputReport=True
[22:18:18:684]reply_report=00-46-00-00-00-00-00-00-00-00-00-00-00-00-00-00-00-00-00-00-00-00-00-00-00-00-00-00-00-00-00-00-00-00-00-00-00-00-00-00-00-00-00-00-00-00-00-00-00-00-00-00-00-00-00-00-00-00-00-00-00-00-00-00-00
[22:18:18:700][Response Fail][System.Exception]
[22:18:18:700]   at ..(Boolean  )
   at ..(Byte  , Byte[]  )
[22:18:18:762]_ystech_retry_count=1
[22:18:18:762][HID_TX]00-85-01-83-8B-01-00-00-00-00-00-00-00-00-00-00-00-00-00-00-00-00-00-00-00-00-00-00-00-00-00-00-00-00-00-00-00-00-00-00-00-00-00-00-00-00-00-00-00-00-00-00-00-00-00-00-00-00-00-00-00-00-00-00-00
[22:18:18:762]HidD_GetInputReport=True
[22:18:18:762]reply_report=00-4F-00-00-00-00-00-00-00-00-00-00-00-00-00-00-00-00-00-00-00-00-00-00-00-00-00-00-00-00-00-00-00-00-00-00-00-00-00-00-00-00-00-00-00-00-00-00-00-00-00-00-00-00-00-00-00-00-00-00-00-00-00-00-00
[22:18:18:762]HID_CMD_POWER_SAVING_Disable
[22:18:18:762]path_connected=\\?\hid#vid_046d&pid_0adf&mi_00#7&3e7114f&0&0000#{4d1e55b2-f16f-11cf-88cb-001111000030}
[22:18:18:762][HID_TX]00-80-13-43-F6-50-41-06-01-0D-00-25-34-12-5A-5A-01-00-00-00-F0-00-00-00-00-00-00-00-00-00-00-00-00-00-00-00-00-00-00-00-00-00-00-00-00-00-00-00-00-00-00-00-00-00-00-00-00-00-00-00-00-00-00-00-00
[22:18:18:762]HidD_GetInputReport=True
[22:18:18:762]reply_report=00-4F-00-00-00-00-00-00-00-00-00-00-00-00-00-00-00-00-00-00-00-00-00-00-00-00-00-00-00-00-00-00-00-00-00-00-00-00-00-00-00-00-00-00-00-00-00-00-00-00-00-00-00-00-00-00-00-00-00-00-00-00-00-00-00
[22:18:18:762]50-41-06-01-0D-00-25-34-12-5A-5A-01-00-00-00-F0-00-00-00 [CMD_SENT][OTA_CMD_IOCTL][READ_MAX_LEN=240]
[22:18:18:762][HID_TX_ack]00-11-50-49-01-C0-90-DB-01-00-07-00-06-81-00-F0-00-00-00-90-EB-00-00-03-00-11-8B-13-32-00-00-00-00-00-00-00-00-00-00-00-00-00-00-00-00-00-00-00-00-00-00-00-00-00-00-00-00-00-00-00-00-00-00-00-00
[22:18:19:403]50-49-01-C0-90-DB-01-00-07-00-06-81-00-F0-00-00-00
[22:18:19:403][HID_TX]00-80-06-12-CD-50-41-0E-02-01-E0-00-00-00-00-00-00-00-00-00-00-00-00-00-00-00-00-00-00-00-00-00-00-00-00-00-00-00-00-00-00-00-00-00-00-00-00-00-00-00-00-00-00-00-00-00-00-00-00-00-00-00-00-00-00
[22:18:19:418]HidD_GetInputReport=True
[22:18:19:418]reply_report=00-4F-00-00-00-00-00-00-00-00-00-00-00-00-00-00-00-00-00-00-00-00-00-00-00-00-00-00-00-00-00-00-00-00-00-00-00-00-00-00-00-00-00-00-00-00-00-00-00-00-00-00-00-00-00-00-00-00-00-00-00-00-00-00-00
[22:18:19:418]50-41-0E-02-01-E0 [CMD_SENT][REMOTE_GET_MODE]
[22:18:19:418][HID_TX_ack]00-19-50-49-01-C0-90-DD-01-00-03-00-0E-82-00-50-49-0E-C7-00-00-00-00-02-00-E0-00-13-32-00-00-00-00-00-00-00-00-00-00-00-00-00-00-00-00-00-00-00-00-00-00-00-00-00-00-00-00-00-00-00-00-00-00-00-00
[22:18:19:418]50-49-01-C0-90-DD-01-00-03-00-0E-82-00
[22:18:19:418]50-49-0E-C7-00-00-00-00-02-00-E0-00-
[22:18:19:418]REMOTE_GET_MODE=00
[22:18:19:418][HID_TX]00-80-08-ED-79-50-41-06-03-02-00-43-01-00-00-00-00-00-00-00-00-00-00-00-00-00-00-00-00-00-00-00-00-00-00-00-00-00-00-00-00-00-00-00-00-00-00-00-00-00-00-00-00-00-00-00-00-00-00-00-00-00-00-00-00
[22:18:19:418]HidD_GetInputReport=True
[22:18:19:418]reply_report=00-4F-00-00-00-00-00-00-00-00-00-00-00-00-00-00-00-00-00-00-00-00-00-00-00-00-00-00-00-00-00-00-00-00-00-00-00-00-00-00-00-00-00-00-00-00-00-00-00-00-00-00-00-00-00-00-00-00-00-00-00-00-00-00-00
[22:18:19:418]50-41-06-03-02-00-43-01 [CMD_SENT][CMD_READ_MP_DATA_BY_ID]
[22:18:19:434][HID_TX_ack]00-13-50-49-01-C0-90-DD-01-00-09-00-06-83-00-48-A7-1F-99-58-40-00-00-02-00-E0-00-13-32-00-00-00-00-00-00-00-00-00-00-00-00-00-00-00-00-00-00-00-00-00-00-00-00-00-00-00-00-00-00-00-00-00-00-00-00
[22:18:19:434]50-49-01-C0-90-DD-01-00-09-00-06-83-00-48-A7-1F-99-58-40
[22:18:19:497][HID_TX]00-80-07-AF-49-50-41-0E-04-02-E1-00-00-00-00-00-00-00-00-00-00-00-00-00-00-00-00-00-00-00-00-00-00-00-00-00-00-00-00-00-00-00-00-00-00-00-00-00-00-00-00-00-00-00-00-00-00-00-00-00-00-00-00-00-00
[22:18:19:497]HidD_GetInputReport=True
[22:18:19:497]reply_report=00-4F-00-00-00-00-00-00-00-00-00-00-00-00-00-00-00-00-00-00-00-00-00-00-00-00-00-00-00-00-00-00-00-00-00-00-00-00-00-00-00-00-00-00-00-00-00-00-00-00-00-00-00-00-00-00-00-00-00-00-00-00-00-00-00
[22:18:19:497]50-41-0E-04-02-E1-00 [CMD_SENT][REMOTE_SET_MODE] is_remote=False
[22:18:19:512][HID_TX_ack]00-0D-50-49-01-C0-90-DE-01-00-03-00-0E-84-00-48-A7-1F-99-58-40-00-00-02-00-E0-00-13-32-00-00-00-00-00-00-00-00-00-00-00-00-00-00-00-00-00-00-00-00-00-00-00-00-00-00-00-00-00-00-00-00-00-00-00-00
[22:18:19:512]50-49-01-C0-90-DE-01-00-03-00-0E-84-00
[22:18:19:512]ystech_Power_Saving, is_EnablePowerSaving=True
[22:18:19:512][HID_TX]00-85-01-73-56-02-00-00-00-00-00-00-00-00-00-00-00-00-00-00-00-00-00-00-00-00-00-00-00-00-00-00-00-00-00-00-00-00-00-00-00-00-00-00-00-00-00-00-00-00-00-00-00-00-00-00-00-00-00-00-00-00-00-00-00
[22:18:19:512]HidD_GetInputReport=True
[22:18:19:512]reply_report=00-4F-00-00-00-00-00-00-00-00-00-00-00-00-00-00-00-00-00-00-00-00-00-00-00-00-00-00-00-00-00-00-00-00-00-00-00-00-00-00-00-00-00-00-00-00-00-00-00-00-00-00-00-00-00-00-00-00-00-00-00-00-00-00-00
[22:18:19:512]HID_CMD_POWER_SAVING_Enable
[22:18:19:512]close_hid_stream
[22:18:19:512]CloseHandleX
[22:18:19:512]close_hid_handle
[22:18:20:528]connect_auto_select
[22:18:20:528]\\?\hid#dell09c2&col02#5&bc4dc33&0&0001#{4d1e55b2-f16f-11cf-88cb-001111000030}
[22:18:20:528]\\?\hid#vid_046d&pid_0adf&mi_04#7&31212da2&0&0000#{4d1e55b2-f16f-11cf-88cb-001111000030}
[22:18:20:528]\\?\hid#vid_046d&pid_0adf&mi_00#7&3e7114f&0&0000#{4d1e55b2-f16f-11cf-88cb-001111000030}
[22:18:20:528]\\?\hid#dell09c2&col03#5&bc4dc33&0&0002#{4d1e55b2-f16f-11cf-88cb-001111000030}
[22:18:20:528]\\?\hid#intc816&col01#3&207f9b7f&0&0000#{4d1e55b2-f16f-11cf-88cb-001111000030}
[22:18:20:528]\\?\hid#intc816&col02#3&207f9b7f&0&0001#{4d1e55b2-f16f-11cf-88cb-001111000030}
[22:18:20:528]\\?\hid#converteddevice&col02#5&17bac0a6&0&0001#{4d1e55b2-f16f-11cf-88cb-001111000030}
[22:18:20:528]\\?\hid#converteddevice&col03#5&17bac0a6&0&0002#{4d1e55b2-f16f-11cf-88cb-001111000030}
[22:18:20:528]\\?\hid#dell09c2&col04#5&bc4dc33&0&0003#{4d1e55b2-f16f-11cf-88cb-001111000030}
[22:18:20:528]\\?\hid#{00001812-0000-1000-8000-00805f9b34fb}_dev_vid&0232c2_pid&0001_rev&0068_ccb624cd66b1#9&326e3aae&0&0000#{4d1e55b2-f16f-11cf-88cb-001111000030}
[22:18:20:528]\\?\hid#dell09c2&col05#5&bc4dc33&0&0004#{4d1e55b2-f16f-11cf-88cb-001111000030}
[22:18:20:528]\\?\hid#converteddevice&col01#5&17bac0a6&0&0000#{4d1e55b2-f16f-11cf-88cb-001111000030}\kbd
[22:18:20:528]\\?\hid#dell09c2&col01#5&bc4dc33&0&0000#{4d1e55b2-f16f-11cf-88cb-001111000030}
[22:18:20:528]id=VID=046D,PID=0ADF
[22:18:20:528]CloseHandleX
[22:18:20:528]id=VID=046D,PID=0ADF
[22:18:20:528]	attributes.VendorID=0x46D
[22:18:20:528]	attributes.ProductID=0xADF
[22:18:20:528]	attributes.VersionNumber=512
[22:18:20:528]	attributes.Size=12
[22:18:20:528]	SerialNumberString=V001008005.1
[22:18:20:528]	ManufacturerString=ⷈś﹠Ř
[22:18:20:528]	ProductString=G435 Wireless Gaming Headset
[22:18:20:528]CloseHandleX
[22:18:20:528]try_path=\\?\hid#vid_046d&pid_0adf&mi_00#7&3e7114f&0&0000#{4d1e55b2-f16f-11cf-88cb-001111000030}
[22:18:20:528]	InputReportByteLength=65
[22:18:20:528]	OutputReportByteLength=65
[22:18:20:528]HID_Connected=\\?\hid#vid_046d&pid_0adf&mi_00#7&3e7114f&0&0000#{4d1e55b2-f16f-11cf-88cb-001111000030}
[22:18:20:528]ystech_read_fw_version
[22:18:20:528][HID_TX]00-84-01-D1-55-01-00-00-00-00-00-00-00-00-00-00-00-00-00-00-00-00-00-00-00-00-00-00-00-00-00-00-00-00-00-00-00-00-00-00-00-00-00-00-00-00-00-00-00-00-00-00-00-00-00-00-00-00-00-00-00-00-00-00-00
[22:18:20:528]HidD_GetInputReport=True
[22:18:20:528]reply_report=00-4F-56-31-2E-38-2E-35-2E-31-00-00-00-00-00-00-00-00-00-00-00-00-00-00-00-00-00-00-00-00-00-00-00-00-00-00-00-00-00-00-00-00-00-00-00-00-00-00-00-00-00-00-00-00-00-00-00-00-00-00-00-00-00-00-00
[22:18:20:528][ys_tech] fw_version=V1.8.5.1
[22:18:20:528]ystech_Power_Saving, is_EnablePowerSaving=False
[22:18:20:528][HID_TX]00-85-01-83-8B-01-00-00-00-00-00-00-00-00-00-00-00-00-00-00-00-00-00-00-00-00-00-00-00-00-00-00-00-00-00-00-00-00-00-00-00-00-00-00-00-00-00-00-00-00-00-00-00-00-00-00-00-00-00-00-00-00-00-00-00
[22:18:20:528]HidD_GetInputReport=True
[22:18:20:528]reply_report=00-4F-00-00-00-00-00-00-00-00-00-00-00-00-00-00-00-00-00-00-00-00-00-00-00-00-00-00-00-00-00-00-00-00-00-00-00-00-00-00-00-00-00-00-00-00-00-00-00-00-00-00-00-00-00-00-00-00-00-00-00-00-00-00-00
[22:18:20:528]HID_CMD_POWER_SAVING_Disable
[22:18:20:528]path_connected=\\?\hid#vid_046d&pid_0adf&mi_00#7&3e7114f&0&0000#{4d1e55b2-f16f-11cf-88cb-001111000030}
[22:18:20:528][HID_TX]00-80-13-95-A9-50-41-06-05-0D-00-25-34-12-5A-5A-01-00-00-00-F0-00-00-00-00-00-00-00-00-00-00-00-00-00-00-00-00-00-00-00-00-00-00-00-00-00-00-00-00-00-00-00-00-00-00-00-00-00-00-00-00-00-00-00-00
[22:18:20:528]HidD_GetInputReport=True
[22:18:20:528]reply_report=00-4F-00-00-00-00-00-00-00-00-00-00-00-00-00-00-00-00-00-00-00-00-00-00-00-00-00-00-00-00-00-00-00-00-00-00-00-00-00-00-00-00-00-00-00-00-00-00-00-00-00-00-00-00-00-00-00-00-00-00-00-00-00-00-00
[22:18:20:528]50-41-06-05-0D-00-25-34-12-5A-5A-01-00-00-00-F0-00-00-00 [CMD_SENT][OTA_CMD_IOCTL][READ_MAX_LEN=240]
[22:18:20:528][HID_TX_ack]00-11-50-49-01-C0-90-E1-01-00-07-00-06-85-00-F0-00-00-00-58-40-00-00-02-00-E0-00-13-32-00-00-00-00-00-00-00-00-00-00-00-00-00-00-00-00-00-00-00-00-00-00-00-00-00-00-00-00-00-00-00-00-00-00-00-00
[22:18:20:528]50-49-01-C0-90-E1-01-00-07-00-06-85-00-F0-00-00-00
[22:18:20:528][HID_TX]00-80-06-C4-92-50-41-0E-06-01-E0-00-00-00-00-00-00-00-00-00-00-00-00-00-00-00-00-00-00-00-00-00-00-00-00-00-00-00-00-00-00-00-00-00-00-00-00-00-00-00-00-00-00-00-00-00-00-00-00-00-00-00-00-00-00
[22:18:20:528]HidD_GetInputReport=True
[22:18:20:528]reply_report=00-4F-00-00-00-00-00-00-00-00-00-00-00-00-00-00-00-00-00-00-00-00-00-00-00-00-00-00-00-00-00-00-00-00-00-00-00-00-00-00-00-00-00-00-00-00-00-00-00-00-00-00-00-00-00-00-00-00-00-00-00-00-00-00-00
[22:18:20:528]50-41-0E-06-01-E0 [CMD_SENT][REMOTE_GET_MODE]
[22:18:20:528][HID_TX_ack]00-19-50-49-01-C0-90-E1-01-00-03-00-0E-86-00-50-49-0E-C8-00-00-00-00-02-00-E0-00-13-32-00-00-00-00-00-00-00-00-00-00-00-00-00-00-00-00-00-00-00-00-00-00-00-00-00-00-00-00-00-00-00-00-00-00-00-00
[22:18:20:528]50-49-01-C0-90-E1-01-00-03-00-0E-86-00
[22:18:20:528]50-49-0E-C8-00-00-00-00-02-00-E0-00-
[22:18:20:528]REMOTE_GET_MODE=00
[22:18:20:528][HID_TX]00-80-08-3B-26-50-41-06-07-02-00-43-01-00-00-00-00-00-00-00-00-00-00-00-00-00-00-00-00-00-00-00-00-00-00-00-00-00-00-00-00-00-00-00-00-00-00-00-00-00-00-00-00-00-00-00-00-00-00-00-00-00-00-00-00
[22:18:20:544]HidD_GetInputReport=True
[22:18:20:544]reply_report=00-4F-00-00-00-00-00-00-00-00-00-00-00-00-00-00-00-00-00-00-00-00-00-00-00-00-00-00-00-00-00-00-00-00-00-00-00-00-00-00-00-00-00-00-00-00-00-00-00-00-00-00-00-00-00-00-00-00-00-00-00-00-00-00-00
[22:18:20:544]50-41-06-07-02-00-43-01 [CMD_SENT][CMD_READ_MP_DATA_BY_ID]
[22:18:20:544][HID_TX_ack]00-13-50-49-01-C0-90-E1-01-00-09-00-06-87-00-48-A7-1F-99-58-40-00-00-02-00-E0-00-13-32-00-00-00-00-00-00-00-00-00-00-00-00-00-00-00-00-00-00-00-00-00-00-00-00-00-00-00-00-00-00-00-00-00-00-00-00
[22:18:20:544]50-49-01-C0-90-E1-01-00-09-00-06-87-00-48-A7-1F-99-58-40
[22:18:20:575][HID_TX]00-80-07-D5-A9-50-41-0E-08-02-E1-00-00-00-00-00-00-00-00-00-00-00-00-00-00-00-00-00-00-00-00-00-00-00-00-00-00-00-00-00-00-00-00-00-00-00-00-00-00-00-00-00-00-00-00-00-00-00-00-00-00-00-00-00-00
[22:18:20:590]HidD_GetInputReport=True
[22:18:20:590]reply_report=00-4F-00-00-00-00-00-00-00-00-00-00-00-00-00-00-00-00-00-00-00-00-00-00-00-00-00-00-00-00-00-00-00-00-00-00-00-00-00-00-00-00-00-00-00-00-00-00-00-00-00-00-00-00-00-00-00-00-00-00-00-00-00-00-00
[22:18:20:590]50-41-0E-08-02-E1-00 [CMD_SENT][REMOTE_SET_MODE] is_remote=False
[22:18:20:590][HID_TX_ack]00-0D-50-49-01-C0-90-E1-01-00-03-00-0E-88-00-48-A7-1F-99-58-40-00-00-02-00-E0-00-13-32-00-00-00-00-00-00-00-00-00-00-00-00-00-00-00-00-00-00-00-00-00-00-00-00-00-00-00-00-00-00-00-00-00-00-00-00
[22:18:20:590]50-49-01-C0-90-E1-01-00-03-00-0E-88-00
[22:18:20:590]ystech_Power_Saving, is_EnablePowerSaving=True
[22:18:20:590][HID_TX]00-85-01-73-56-02-00-00-00-00-00-00-00-00-00-00-00-00-00-00-00-00-00-00-00-00-00-00-00-00-00-00-00-00-00-00-00-00-00-00-00-00-00-00-00-00-00-00-00-00-00-00-00-00-00-00-00-00-00-00-00-00-00-00-00
[22:18:20:590]HidD_GetInputReport=True
[22:18:20:590]reply_report=00-4F-00-00-00-00-00-00-00-00-00-00-00-00-00-00-00-00-00-00-00-00-00-00-00-00-00-00-00-00-00-00-00-00-00-00-00-00-00-00-00-00-00-00-00-00-00-00-00-00-00-00-00-00-00-00-00-00-00-00-00-00-00-00-00
[22:18:20:590]HID_CMD_POWER_SAVING_Enable
[22:18:20:590]close_hid_stream
[22:18:20:590]CloseHandleX
[22:18:20:590]close_hid_handle
[22:18:21:606]connect_auto_select
[22:18:21:606]\\?\hid#dell09c2&col02#5&bc4dc33&0&0001#{4d1e55b2-f16f-11cf-88cb-001111000030}
[22:18:21:606]\\?\hid#vid_046d&pid_0adf&mi_04#7&31212da2&0&0000#{4d1e55b2-f16f-11cf-88cb-001111000030}
[22:18:21:606]\\?\hid#vid_046d&pid_0adf&mi_00#7&3e7114f&0&0000#{4d1e55b2-f16f-11cf-88cb-001111000030}
[22:18:21:606]\\?\hid#dell09c2&col03#5&bc4dc33&0&0002#{4d1e55b2-f16f-11cf-88cb-001111000030}
[22:18:21:606]\\?\hid#intc816&col01#3&207f9b7f&0&0000#{4d1e55b2-f16f-11cf-88cb-001111000030}
[22:18:21:606]\\?\hid#intc816&col02#3&207f9b7f&0&0001#{4d1e55b2-f16f-11cf-88cb-001111000030}
[22:18:21:606]\\?\hid#converteddevice&col02#5&17bac0a6&0&0001#{4d1e55b2-f16f-11cf-88cb-001111000030}
[22:18:21:606]\\?\hid#converteddevice&col03#5&17bac0a6&0&0002#{4d1e55b2-f16f-11cf-88cb-001111000030}
[22:18:21:606]\\?\hid#dell09c2&col04#5&bc4dc33&0&0003#{4d1e55b2-f16f-11cf-88cb-001111000030}
[22:18:21:606]\\?\hid#{00001812-0000-1000-8000-00805f9b34fb}_dev_vid&0232c2_pid&0001_rev&0068_ccb624cd66b1#9&326e3aae&0&0000#{4d1e55b2-f16f-11cf-88cb-001111000030}
[22:18:21:606]\\?\hid#dell09c2&col05#5&bc4dc33&0&0004#{4d1e55b2-f16f-11cf-88cb-001111000030}
[22:18:21:606]\\?\hid#converteddevice&col01#5&17bac0a6&0&0000#{4d1e55b2-f16f-11cf-88cb-001111000030}\kbd
[22:18:21:606]\\?\hid#dell09c2&col01#5&bc4dc33&0&0000#{4d1e55b2-f16f-11cf-88cb-001111000030}
[22:18:21:606]id=VID=046D,PID=0ADF
[22:18:21:606]CloseHandleX
[22:18:21:606]id=VID=046D,PID=0ADF
[22:18:21:606]	attributes.VendorID=0x46D
[22:18:21:606]	attributes.ProductID=0xADF
[22:18:21:606]	attributes.VersionNumber=512
[22:18:21:606]	attributes.Size=12
[22:18:21:606]	SerialNumberString=V001008005.1
[22:18:21:606]	ManufacturerString=ŜŘ￿￿￿￿￿￿￿￿￿￿￿￿￿￿￿￿￿￿￿￿￿￿￿￿￿￿￿￿￿￿￿￿￿￿￿￿￿￿￿￿￿￿￿￿￿￿￿￿￿￿￿￿￿￿￿￿￿￿￿￿￿￿￿￿￿￿￿￿￿￿￿￿￿￿￿￿￿￿￿￿￿￿￿￿￿￿￿￿￿￿￿￿￿￿￿￿￿￿￿￿￿￿￿￿￿￿￿￿￿￿￿￿￿￿￿￿￿￿￿￿￿￿￿￿￿￿￿￿￿￿￿￿￿￿￿￿￿￿￿￿￿￿￿￿￿￿￿￿￿￿￿￿￿￿￿￿￿￿￿￿￿￿￿￿￿￿￿￿￿￿￿￿￿￿￿￿￿￿￿￿￿￿￿￿￿￿￿￿￿￿￿￿￿￿￿￿￿￿￿￿￿￿￿￿￿￿￿￿￿￿￿￿￿￿￿￿￿￿￿￿￿￿￿￿￿￿￿￿￿￿￿￿￿￿￿￿￿￿￿￿￿￿￿￿￿￿￿￿￿￿￿￿쯁
[22:18:21:606]	ProductString=G435 Wireless Gaming Headset
[22:18:21:606]CloseHandleX
[22:18:21:606]try_path=\\?\hid#vid_046d&pid_0adf&mi_00#7&3e7114f&0&0000#{4d1e55b2-f16f-11cf-88cb-001111000030}
[22:18:21:606]	InputReportByteLength=65
[22:18:21:606]	OutputReportByteLength=65
[22:18:21:606]HID_Connected=\\?\hid#vid_046d&pid_0adf&mi_00#7&3e7114f&0&0000#{4d1e55b2-f16f-11cf-88cb-001111000030}
[22:18:21:606]ystech_read_fw_version
[22:18:21:606][HID_TX]00-84-01-D1-55-01-00-00-00-00-00-00-00-00-00-00-00-00-00-00-00-00-00-00-00-00-00-00-00-00-00-00-00-00-00-00-00-00-00-00-00-00-00-00-00-00-00-00-00-00-00-00-00-00-00-00-00-00-00-00-00-00-00-00-00
[22:18:21:606]HidD_GetInputReport=True
[22:18:21:606]reply_report=00-4F-56-31-2E-38-2E-35-2E-31-00-00-00-00-00-00-00-00-00-00-00-00-00-00-00-00-00-00-00-00-00-00-00-00-00-00-00-00-00-00-00-00-00-00-00-00-00-00-00-00-00-00-00-00-00-00-00-00-00-00-00-00-00-00-00
[22:18:21:606][ys_tech] fw_version=V1.8.5.1
[22:18:21:606]ystech_Power_Saving, is_EnablePowerSaving=False
[22:18:21:606][HID_TX]00-85-01-83-8B-01-00-00-00-00-00-00-00-00-00-00-00-00-00-00-00-00-00-00-00-00-00-00-00-00-00-00-00-00-00-00-00-00-00-00-00-00-00-00-00-00-00-00-00-00-00-00-00-00-00-00-00-00-00-00-00-00-00-00-00
[22:18:21:606]HidD_GetInputReport=True
[22:18:21:606]reply_report=00-4F-00-00-00-00-00-00-00-00-00-00-00-00-00-00-00-00-00-00-00-00-00-00-00-00-00-00-00-00-00-00-00-00-00-00-00-00-00-00-00-00-00-00-00-00-00-00-00-00-00-00-00-00-00-00-00-00-00-00-00-00-00-00-00
[22:18:21:606]HID_CMD_POWER_SAVING_Disable
[22:18:21:606]path_connected=\\?\hid#vid_046d&pid_0adf&mi_00#7&3e7114f&0&0000#{4d1e55b2-f16f-11cf-88cb-001111000030}
[22:18:21:606][HID_TX]00-80-13-EF-49-50-41-06-09-0D-00-25-34-12-5A-5A-01-00-00-00-F0-00-00-00-00-00-00-00-00-00-00-00-00-00-00-00-00-00-00-00-00-00-00-00-00-00-00-00-00-00-00-00-00-00-00-00-00-00-00-00-00-00-00-00-00
[22:18:21:606]HidD_GetInputReport=True
[22:18:21:606]reply_report=00-4F-00-00-00-00-00-00-00-00-00-00-00-00-00-00-00-00-00-00-00-00-00-00-00-00-00-00-00-00-00-00-00-00-00-00-00-00-00-00-00-00-00-00-00-00-00-00-00-00-00-00-00-00-00-00-00-00-00-00-00-00-00-00-00
[22:18:21:606]50-41-06-09-0D-00-25-34-12-5A-5A-01-00-00-00-F0-00-00-00 [CMD_SENT][OTA_CMD_IOCTL][READ_MAX_LEN=240]
[22:18:21:606][HID_TX_ack]00-11-50-49-01-C0-90-E4-01-00-07-00-06-89-00-F0-00-00-00-58-40-00-00-02-00-E0-00-13-32-00-00-00-00-00-00-00-00-00-00-00-00-00-00-00-00-00-00-00-00-00-00-00-00-00-00-00-00-00-00-00-00-00-00-00-00
[22:18:21:606]50-49-01-C0-90-E4-01-00-07-00-06-89-00-F0-00-00-00
[22:18:21:606][HID_TX]00-80-06-BE-72-50-41-0E-0A-01-E0-00-00-00-00-00-00-00-00-00-00-00-00-00-00-00-00-00-00-00-00-00-00-00-00-00-00-00-00-00-00-00-00-00-00-00-00-00-00-00-00-00-00-00-00-00-00-00-00-00-00-00-00-00-00
[22:18:21:606]HidD_GetInputReport=True
[22:18:21:606]reply_report=00-4F-00-00-00-00-00-00-00-00-00-00-00-00-00-00-00-00-00-00-00-00-00-00-00-00-00-00-00-00-00-00-00-00-00-00-00-00-00-00-00-00-00-00-00-00-00-00-00-00-00-00-00-00-00-00-00-00-00-00-00-00-00-00-00
[22:18:21:606]50-41-0E-0A-01-E0 [CMD_SENT][REMOTE_GET_MODE]
[22:18:21:622][HID_TX_ack]00-19-50-49-01-C0-90-E4-01-00-03-00-0E-8A-00-50-49-0E-C9-00-00-00-00-02-00-E0-00-13-32-00-00-00-00-00-00-00-00-00-00-00-00-00-00-00-00-00-00-00-00-00-00-00-00-00-00-00-00-00-00-00-00-00-00-00-00
[22:18:21:622]50-49-01-C0-90-E4-01-00-03-00-0E-8A-00
[22:18:21:622]50-49-0E-C9-00-00-00-00-02-00-E0-00-
[22:18:21:622]REMOTE_GET_MODE=00
[22:18:21:622][HID_TX]00-80-08-41-C6-50-41-06-0B-02-00-43-01-00-00-00-00-00-00-00-00-00-00-00-00-00-00-00-00-00-00-00-00-00-00-00-00-00-00-00-00-00-00-00-00-00-00-00-00-00-00-00-00-00-00-00-00-00-00-00-00-00-00-00-00
[22:18:21:622]HidD_GetInputReport=True
[22:18:21:622]reply_report=00-4F-00-00-00-00-00-00-00-00-00-00-00-00-00-00-00-00-00-00-00-00-00-00-00-00-00-00-00-00-00-00-00-00-00-00-00-00-00-00-00-00-00-00-00-00-00-00-00-00-00-00-00-00-00-00-00-00-00-00-00-00-00-00-00
[22:18:21:622]50-41-06-0B-02-00-43-01 [CMD_SENT][CMD_READ_MP_DATA_BY_ID]
[22:18:21:622][HID_TX_ack]00-13-50-49-01-C0-90-E4-01-00-09-00-06-8B-00-48-A7-1F-99-58-40-00-00-02-00-E0-00-13-32-00-00-00-00-00-00-00-00-00-00-00-00-00-00-00-00-00-00-00-00-00-00-00-00-00-00-00-00-00-00-00-00-00-00-00-00
[22:18:21:622]50-49-01-C0-90-E4-01-00-09-00-06-8B-00-48-A7-1F-99-58-40
[22:18:21:669][HID_TX]00-80-07-03-F6-50-41-0E-0C-02-E1-00-00-00-00-00-00-00-00-00-00-00-00-00-00-00-00-00-00-00-00-00-00-00-00-00-00-00-00-00-00-00-00-00-00-00-00-00-00-00-00-00-00-00-00-00-00-00-00-00-00-00-00-00-00
[22:18:21:669]HidD_GetInputReport=True
[22:18:21:669]reply_report=00-4F-00-00-00-00-00-00-00-00-00-00-00-00-00-00-00-00-00-00-00-00-00-00-00-00-00-00-00-00-00-00-00-00-00-00-00-00-00-00-00-00-00-00-00-00-00-00-00-00-00-00-00-00-00-00-00-00-00-00-00-00-00-00-00
[22:18:21:669]50-41-0E-0C-02-E1-00 [CMD_SENT][REMOTE_SET_MODE] is_remote=False
[22:18:21:669][HID_TX_ack]00-0D-50-49-01-C0-90-E4-01-00-03-00-0E-8C-00-48-A7-1F-99-58-40-00-00-02-00-E0-00-13-32-00-00-00-00-00-00-00-00-00-00-00-00-00-00-00-00-00-00-00-00-00-00-00-00-00-00-00-00-00-00-00-00-00-00-00-00
[22:18:21:669]50-49-01-C0-90-E4-01-00-03-00-0E-8C-00
[22:18:21:669]ystech_Power_Saving, is_EnablePowerSaving=True
[22:18:21:669][HID_TX]00-85-01-73-56-02-00-00-00-00-00-00-00-00-00-00-00-00-00-00-00-00-00-00-00-00-00-00-00-00-00-00-00-00-00-00-00-00-00-00-00-00-00-00-00-00-00-00-00-00-00-00-00-00-00-00-00-00-00-00-00-00-00-00-00
[22:18:21:669]HidD_GetInputReport=True
[22:18:21:669]reply_report=00-4F-00-00-00-00-00-00-00-00-00-00-00-00-00-00-00-00-00-00-00-00-00-00-00-00-00-00-00-00-00-00-00-00-00-00-00-00-00-00-00-00-00-00-00-00-00-00-00-00-00-00-00-00-00-00-00-00-00-00-00-00-00-00-00
[22:18:21:669]HID_CMD_POWER_SAVING_Enable
[22:18:21:669]close_hid_stream
[22:18:21:669]CloseHandleX
[22:18:21:669]close_hid_handle
