[15:25:15:824]\\?\hid#dell09c2&col02#5&bc4dc33&0&0001#{4d1e55b2-f16f-11cf-88cb-001111000030}
[15:25:15:825]\\?\hid#dell09c2&col03#5&bc4dc33&0&0002#{4d1e55b2-f16f-11cf-88cb-001111000030}
[15:25:15:825]\\?\hid#intc816&col01#3&207f9b7f&0&0000#{4d1e55b2-f16f-11cf-88cb-001111000030}
[15:25:15:825]\\?\hid#intc816&col02#3&207f9b7f&0&0001#{4d1e55b2-f16f-11cf-88cb-001111000030}
[15:25:15:825]\\?\hid#converteddevice&col02#5&17bac0a6&0&0001#{4d1e55b2-f16f-11cf-88cb-001111000030}
[15:25:15:825]\\?\hid#converteddevice&col03#5&17bac0a6&0&0002#{4d1e55b2-f16f-11cf-88cb-001111000030}
[15:25:15:825]\\?\hid#dell09c2&col04#5&bc4dc33&0&0003#{4d1e55b2-f16f-11cf-88cb-001111000030}
[15:25:15:825]\\?\hid#{00001812-0000-1000-8000-00805f9b34fb}_dev_vid&0232c2_pid&0001_rev&0068_ccb624cd66b1#9&326e3aae&0&0000#{4d1e55b2-f16f-11cf-88cb-001111000030}
[15:25:15:825]\\?\hid#dell09c2&col05#5&bc4dc33&0&0004#{4d1e55b2-f16f-11cf-88cb-001111000030}
[15:25:15:825]\\?\hid#converteddevice&col01#5&17bac0a6&0&0000#{4d1e55b2-f16f-11cf-88cb-001111000030}\kbd
[15:25:15:825]\\?\hid#dell09c2&col01#5&bc4dc33&0&0000#{4d1e55b2-f16f-11cf-88cb-001111000030}
[15:25:15:825]\\?\hid#vid_046d&pid_0adf&mi_00#7&3ad8dff3&0&0000#{4d1e55b2-f16f-11cf-88cb-001111000030}
[15:25:15:825]\\?\hid#vid_046d&pid_0adf&mi_04#7&18e94d0e&0&0000#{4d1e55b2-f16f-11cf-88cb-001111000030}
[15:25:15:827]try_path=\\?\hid#vid_046d&pid_0adf&mi_00#7&3ad8dff3&0&0000#{4d1e55b2-f16f-11cf-88cb-001111000030}
[15:25:15:829]	InputReportByteLength=65
[15:25:15:829]	OutputReportByteLength=65
[15:25:15:830]HID_Connected=\\?\hid#vid_046d&pid_0adf&mi_00#7&3ad8dff3&0&0000#{4d1e55b2-f16f-11cf-88cb-001111000030}
[15:25:15:831][HID_TX]00-84-01-D1-55-01-00-00-00-00-00-00-00-00-00-00-00-00-00-00-00-00-00-00-00-00-00-00-00-00-00-00-00-00-00-00-00-00-00-00-00-00-00-00-00-00-00-00-00-00-00-00-00-00-00-00-00-00-00-00-00-00-00-00-00
[15:25:15:833]HidD_GetInputReport=True
[15:25:15:833]reply_report=00-4F-56-31-2E-38-2E-35-2E-31-00-00-00-00-00-00-00-00-00-00-00-00-00-00-00-00-00-00-00-00-00-00-00-00-00-00-00-00-00-00-00-00-00-00-00-00-00-00-00-00-00-00-00-00-00-00-00-00-00-00-00-00-00-00-00
[15:25:15:833][ys_tech] fw_version=V1.8.5.1
[15:25:15:834]ystech_Power_Saving, is_EnablePowerSaving=False
[15:25:15:834][HID_TX]00-85-01-83-8B-01-00-00-00-00-00-00-00-00-00-00-00-00-00-00-00-00-00-00-00-00-00-00-00-00-00-00-00-00-00-00-00-00-00-00-00-00-00-00-00-00-00-00-00-00-00-00-00-00-00-00-00-00-00-00-00-00-00-00-00
[15:25:15:835]HidD_GetInputReport=True
[15:25:15:835]reply_report=00-4F-00-00-00-00-00-00-00-00-00-00-00-00-00-00-00-00-00-00-00-00-00-00-00-00-00-00-00-00-00-00-00-00-00-00-00-00-00-00-00-00-00-00-00-00-00-00-00-00-00-00-00-00-00-00-00-00-00-00-00-00-00-00-00
[15:25:15:835]HID_CMD_POWER_SAVING_Disable
[15:25:15:835]path_connected=\\?\hid#vid_046d&pid_0adf&mi_00#7&3ad8dff3&0&0000#{4d1e55b2-f16f-11cf-88cb-001111000030}
[15:25:17:021][HID_TX]00-80-06-1C-7D-50-41-0E-01-01-E0-00-00-00-00-00-00-00-00-00-00-00-00-00-00-00-00-00-00-00-00-00-00-00-00-00-00-00-00-00-00-00-00-00-00-00-00-00-00-00-00-00-00-00-00-00-00-00-00-00-00-00-00-00-00
[15:25:17:023]HidD_GetInputReport=True
[15:25:17:023]reply_report=00-4F-00-00-00-00-00-00-00-00-00-00-00-00-00-00-00-00-00-00-00-00-00-00-00-00-00-00-00-00-00-00-00-00-00-00-00-00-00-00-00-00-00-00-00-00-00-00-00-00-00-00-00-00-00-00-00-00-00-00-00-00-00-00-00
[15:25:17:023]50-41-0E-01-01-E0 [CMD_SENT][REMOTE_GET_MODE]
[15:25:17:028][HID_TX_ack]00-19-50-49-01-C0-95-E1-01-00-03-00-0E-81-00-50-49-0E-FC-00-00-00-00-02-00-E0-00-17-32-00-00-00-00-00-00-00-00-00-00-00-00-00-00-00-00-00-00-00-00-00-00-00-00-00-00-00-00-00-00-00-00-00-00-00-00
[15:25:17:032]REMOTE_GET_MODE=00
[15:25:17:032]50-49-01-C0-95-E1-01-00-03-00-0E-81-00
[15:25:17:032]50-49-0E-FC-00-00-00-00-02-00-E0-00-
[15:25:17:033][HID_TX]00-80-07-1B-E1-50-41-06-02-01-00-63-00-00-00-00-00-00-00-00-00-00-00-00-00-00-00-00-00-00-00-00-00-00-00-00-00-00-00-00-00-00-00-00-00-00-00-00-00-00-00-00-00-00-00-00-00-00-00-00-00-00-00-00-00
[15:25:17:034]HidD_GetInputReport=True
[15:25:17:034]reply_report=00-4F-00-00-00-00-00-00-00-00-00-00-00-00-00-00-00-00-00-00-00-00-00-00-00-00-00-00-00-00-00-00-00-00-00-00-00-00-00-00-00-00-00-00-00-00-00-00-00-00-00-00-00-00-00-00-00-00-00-00-00-00-00-00-00
[15:25:17:034]50-41-06-02-01-00-63 [CMD_SENT][CMD_GET_IO_LEVEL]
[15:25:17:037][HID_TX_ack]00-12-50-49-01-C0-9E-E1-01-00-08-00-06-82-00-01-D8-FF-1F-00-00-00-00-02-00-E0-00-17-32-00-00-00-00-00-00-00-00-00-00-00-00-00-00-00-00-00-00-00-00-00-00-00-00-00-00-00-00-00-00-00-00-00-00-00-00
[15:25:17:037]50-49-01-C0-9E-E1-01-00-08-00-06-82-00-01-D8-FF-1F-00
[15:25:17:252][HID_TX]00-80-06-F7-52-50-41-0E-03-01-E0-00-00-00-00-00-00-00-00-00-00-00-00-00-00-00-00-00-00-00-00-00-00-00-00-00-00-00-00-00-00-00-00-00-00-00-00-00-00-00-00-00-00-00-00-00-00-00-00-00-00-00-00-00-00
[15:25:17:253]HidD_GetInputReport=True
[15:25:17:253]reply_report=00-4F-00-00-00-00-00-00-00-00-00-00-00-00-00-00-00-00-00-00-00-00-00-00-00-00-00-00-00-00-00-00-00-00-00-00-00-00-00-00-00-00-00-00-00-00-00-00-00-00-00-00-00-00-00-00-00-00-00-00-00-00-00-00-00
[15:25:17:253]50-41-0E-03-01-E0 [CMD_SENT][REMOTE_GET_MODE]
[15:25:17:255][HID_TX_ack]00-19-50-49-01-C0-4D-E2-01-00-03-00-0E-83-00-50-49-0E-FD-00-00-00-00-02-00-E0-00-17-32-00-00-00-00-00-00-00-00-00-00-00-00-00-00-00-00-00-00-00-00-00-00-00-00-00-00-00-00-00-00-00-00-00-00-00-00
[15:25:17:256]50-49-01-C0-4D-E2-01-00-03-00-0E-83-00
[15:25:17:256]50-49-0E-FD-00-00-00-00-02-00-E0-00-
[15:25:17:256]REMOTE_GET_MODE=00
[15:25:17:256][HID_TX]00-80-07-26-91-50-41-06-04-01-00-63-00-00-00-00-00-00-00-00-00-00-00-00-00-00-00-00-00-00-00-00-00-00-00-00-00-00-00-00-00-00-00-00-00-00-00-00-00-00-00-00-00-00-00-00-00-00-00-00-00-00-00-00-00
[15:25:17:257]HidD_GetInputReport=True
[15:25:17:257]reply_report=00-4F-00-00-00-00-00-00-00-00-00-00-00-00-00-00-00-00-00-00-00-00-00-00-00-00-00-00-00-00-00-00-00-00-00-00-00-00-00-00-00-00-00-00-00-00-00-00-00-00-00-00-00-00-00-00-00-00-00-00-00-00-00-00-00
[15:25:17:257]50-41-06-04-01-00-63 [CMD_SENT][CMD_GET_IO_LEVEL]
[15:25:17:259][HID_TX_ack]00-12-50-49-01-C0-50-E2-01-00-08-00-06-84-00-01-D8-FF-1F-00-00-00-00-02-00-E0-00-17-32-00-00-00-00-00-00-00-00-00-00-00-00-00-00-00-00-00-00-00-00-00-00-00-00-00-00-00-00-00-00-00-00-00-00-00-00
[15:25:17:259]50-49-01-C0-50-E2-01-00-08-00-06-84-00-01-D8-FF-1F-00
[15:25:17:484][HID_TX]00-80-06-CA-22-50-41-0E-05-01-E0-00-00-00-00-00-00-00-00-00-00-00-00-00-00-00-00-00-00-00-00-00-00-00-00-00-00-00-00-00-00-00-00-00-00-00-00-00-00-00-00-00-00-00-00-00-00-00-00-00-00-00-00-00-00
[15:25:17:485]HidD_GetInputReport=True
[15:25:17:486]reply_report=00-4F-00-00-00-00-00-00-00-00-00-00-00-00-00-00-00-00-00-00-00-00-00-00-00-00-00-00-00-00-00-00-00-00-00-00-00-00-00-00-00-00-00-00-00-00-00-00-00-00-00-00-00-00-00-00-00-00-00-00-00-00-00-00-00
[15:25:17:486]50-41-0E-05-01-E0 [CMD_SENT][REMOTE_GET_MODE]
[15:25:17:488][HID_TX_ack]00-19-50-49-01-C0-07-E3-01-00-03-00-0E-85-00-50-49-0E-FE-00-00-00-00-02-00-E0-00-17-32-00-00-00-00-00-00-00-00-00-00-00-00-00-00-00-00-00-00-00-00-00-00-00-00-00-00-00-00-00-00-00-00-00-00-00-00
[15:25:17:488]50-49-01-C0-07-E3-01-00-03-00-0E-85-00
[15:25:17:488]50-49-0E-FE-00-00-00-00-02-00-E0-00-
[15:25:17:488]REMOTE_GET_MODE=00
[15:25:17:488][HID_TX]00-80-07-CD-BE-50-41-06-06-01-00-63-00-00-00-00-00-00-00-00-00-00-00-00-00-00-00-00-00-00-00-00-00-00-00-00-00-00-00-00-00-00-00-00-00-00-00-00-00-00-00-00-00-00-00-00-00-00-00-00-00-00-00-00-00
[15:25:17:489]HidD_GetInputReport=True
[15:25:17:490]reply_report=00-4F-00-00-00-00-00-00-00-00-00-00-00-00-00-00-00-00-00-00-00-00-00-00-00-00-00-00-00-00-00-00-00-00-00-00-00-00-00-00-00-00-00-00-00-00-00-00-00-00-00-00-00-00-00-00-00-00-00-00-00-00-00-00-00
[15:25:17:490]50-41-06-06-01-00-63 [CMD_SENT][CMD_GET_IO_LEVEL]
[15:25:17:493][HID_TX_ack]00-12-50-49-01-C0-0A-E3-01-00-08-00-06-86-00-01-D8-FF-1F-00-00-00-00-02-00-E0-00-17-32-00-00-00-00-00-00-00-00-00-00-00-00-00-00-00-00-00-00-00-00-00-00-00-00-00-00-00-00-00-00-00-00-00-00-00-00
[15:25:17:493]50-49-01-C0-0A-E3-01-00-08-00-06-86-00-01-D8-FF-1F-00
[15:25:17:718][HID_TX]00-80-06-21-0D-50-41-0E-07-01-E0-00-00-00-00-00-00-00-00-00-00-00-00-00-00-00-00-00-00-00-00-00-00-00-00-00-00-00-00-00-00-00-00-00-00-00-00-00-00-00-00-00-00-00-00-00-00-00-00-00-00-00-00-00-00
[15:25:17:720]HidD_GetInputReport=True
[15:25:17:720]reply_report=00-4F-00-00-00-00-00-00-00-00-00-00-00-00-00-00-00-00-00-00-00-00-00-00-00-00-00-00-00-00-00-00-00-00-00-00-00-00-00-00-00-00-00-00-00-00-00-00-00-00-00-00-00-00-00-00-00-00-00-00-00-00-00-00-00
[15:25:17:720]50-41-0E-07-01-E0 [CMD_SENT][REMOTE_GET_MODE]
[15:25:17:722][HID_TX_ack]00-19-50-49-01-C0-C2-E3-01-00-03-00-0E-87-00-50-49-0E-FF-00-00-00-00-02-00-E0-00-17-32-00-00-00-00-00-00-00-00-00-00-00-00-00-00-00-00-00-00-00-00-00-00-00-00-00-00-00-00-00-00-00-00-00-00-00-00
[15:25:17:722]50-49-01-C0-C2-E3-01-00-03-00-0E-87-00
[15:25:17:722]50-49-0E-FF-00-00-00-00-02-00-E0-00-
[15:25:17:722]REMOTE_GET_MODE=00
[15:25:17:722][HID_TX]00-80-07-5C-71-50-41-06-08-01-00-63-00-00-00-00-00-00-00-00-00-00-00-00-00-00-00-00-00-00-00-00-00-00-00-00-00-00-00-00-00-00-00-00-00-00-00-00-00-00-00-00-00-00-00-00-00-00-00-00-00-00-00-00-00
[15:25:17:723]HidD_GetInputReport=True
[15:25:17:723]reply_report=00-4F-00-00-00-00-00-00-00-00-00-00-00-00-00-00-00-00-00-00-00-00-00-00-00-00-00-00-00-00-00-00-00-00-00-00-00-00-00-00-00-00-00-00-00-00-00-00-00-00-00-00-00-00-00-00-00-00-00-00-00-00-00-00-00
[15:25:17:723]50-41-06-08-01-00-63 [CMD_SENT][CMD_GET_IO_LEVEL]
[15:25:17:726][HID_TX_ack]00-12-50-49-01-C0-C5-E3-01-00-08-00-06-88-00-01-D8-FF-1F-00-00-00-00-02-00-E0-00-17-32-00-00-00-00-00-00-00-00-00-00-00-00-00-00-00-00-00-00-00-00-00-00-00-00-00-00-00-00-00-00-00-00-00-00-00-00
[15:25:17:726]50-49-01-C0-C5-E3-01-00-08-00-06-88-00-01-D8-FF-1F-00
[15:25:17:951][HID_TX]00-80-06-B0-C2-50-41-0E-09-01-E0-00-00-00-00-00-00-00-00-00-00-00-00-00-00-00-00-00-00-00-00-00-00-00-00-00-00-00-00-00-00-00-00-00-00-00-00-00-00-00-00-00-00-00-00-00-00-00-00-00-00-00-00-00-00
[15:25:17:953]HidD_GetInputReport=True
[15:25:17:953]reply_report=00-4F-00-00-00-00-00-00-00-00-00-00-00-00-00-00-00-00-00-00-00-00-00-00-00-00-00-00-00-00-00-00-00-00-00-00-00-00-00-00-00-00-00-00-00-00-00-00-00-00-00-00-00-00-00-00-00-00-00-00-00-00-00-00-00
[15:25:17:953]50-41-0E-09-01-E0 [CMD_SENT][REMOTE_GET_MODE]
[15:25:17:955][HID_TX_ack]00-19-50-49-01-C0-7C-E4-01-00-03-00-0E-89-00-50-49-0E-C0-00-00-00-00-02-00-E0-00-17-32-00-00-00-00-00-00-00-00-00-00-00-00-00-00-00-00-00-00-00-00-00-00-00-00-00-00-00-00-00-00-00-00-00-00-00-00
[15:25:17:955]50-49-01-C0-7C-E4-01-00-03-00-0E-89-00
[15:25:17:955]50-49-0E-C0-00-00-00-00-02-00-E0-00-
[15:25:17:955]REMOTE_GET_MODE=00
[15:25:17:955][HID_TX]00-80-07-B7-5E-50-41-06-0A-01-00-63-00-00-00-00-00-00-00-00-00-00-00-00-00-00-00-00-00-00-00-00-00-00-00-00-00-00-00-00-00-00-00-00-00-00-00-00-00-00-00-00-00-00-00-00-00-00-00-00-00-00-00-00-00
[15:25:17:956]HidD_GetInputReport=True
[15:25:17:956]reply_report=00-4F-00-00-00-00-00-00-00-00-00-00-00-00-00-00-00-00-00-00-00-00-00-00-00-00-00-00-00-00-00-00-00-00-00-00-00-00-00-00-00-00-00-00-00-00-00-00-00-00-00-00-00-00-00-00-00-00-00-00-00-00-00-00-00
[15:25:17:956]50-41-06-0A-01-00-63 [CMD_SENT][CMD_GET_IO_LEVEL]
[15:25:17:959][HID_TX_ack]00-12-50-49-01-C0-7F-E4-01-00-08-00-06-8A-00-01-D8-FF-1F-00-00-00-00-02-00-E0-00-17-32-00-00-00-00-00-00-00-00-00-00-00-00-00-00-00-00-00-00-00-00-00-00-00-00-00-00-00-00-00-00-00-00-00-00-00-00
[15:25:17:959]50-49-01-C0-7F-E4-01-00-08-00-06-8A-00-01-D8-FF-1F-00
[15:25:18:182][HID_TX]00-80-06-5B-ED-50-41-0E-0B-01-E0-00-00-00-00-00-00-00-00-00-00-00-00-00-00-00-00-00-00-00-00-00-00-00-00-00-00-00-00-00-00-00-00-00-00-00-00-00-00-00-00-00-00-00-00-00-00-00-00-00-00-00-00-00-00
[15:25:18:183]HidD_GetInputReport=True
[15:25:18:183]reply_report=00-4F-00-00-00-00-00-00-00-00-00-00-00-00-00-00-00-00-00-00-00-00-00-00-00-00-00-00-00-00-00-00-00-00-00-00-00-00-00-00-00-00-00-00-00-00-00-00-00-00-00-00-00-00-00-00-00-00-00-00-00-00-00-00-00
[15:25:18:183]50-41-0E-0B-01-E0 [CMD_SENT][REMOTE_GET_MODE]
[15:25:18:187][HID_TX_ack]00-19-50-49-01-C0-35-E5-01-00-03-00-0E-8B-00-50-49-0E-C1-00-00-00-00-02-00-E0-00-17-32-00-00-00-00-00-00-00-00-00-00-00-00-00-00-00-00-00-00-00-00-00-00-00-00-00-00-00-00-00-00-00-00-00-00-00-00
[15:25:18:187]50-49-01-C0-35-E5-01-00-03-00-0E-8B-00
[15:25:18:187]50-49-0E-C1-00-00-00-00-02-00-E0-00-
[15:25:18:187]REMOTE_GET_MODE=00
[15:25:18:187][HID_TX]00-80-07-8A-2E-50-41-06-0C-01-00-63-00-00-00-00-00-00-00-00-00-00-00-00-00-00-00-00-00-00-00-00-00-00-00-00-00-00-00-00-00-00-00-00-00-00-00-00-00-00-00-00-00-00-00-00-00-00-00-00-00-00-00-00-00
[15:25:18:188]HidD_GetInputReport=True
[15:25:18:188]reply_report=00-4F-00-00-00-00-00-00-00-00-00-00-00-00-00-00-00-00-00-00-00-00-00-00-00-00-00-00-00-00-00-00-00-00-00-00-00-00-00-00-00-00-00-00-00-00-00-00-00-00-00-00-00-00-00-00-00-00-00-00-00-00-00-00-00
[15:25:18:188]50-41-06-0C-01-00-63 [CMD_SENT][CMD_GET_IO_LEVEL]
[15:25:18:191][HID_TX_ack]00-12-50-49-01-C0-39-E5-01-00-08-00-06-8C-00-01-D8-FF-1F-00-00-00-00-02-00-E0-00-17-32-00-00-00-00-00-00-00-00-00-00-00-00-00-00-00-00-00-00-00-00-00-00-00-00-00-00-00-00-00-00-00-00-00-00-00-00
[15:25:18:191]50-49-01-C0-39-E5-01-00-08-00-06-8C-00-01-D8-FF-1F-00
[15:25:18:415][HID_TX]00-80-06-66-9D-50-41-0E-0D-01-E0-00-00-00-00-00-00-00-00-00-00-00-00-00-00-00-00-00-00-00-00-00-00-00-00-00-00-00-00-00-00-00-00-00-00-00-00-00-00-00-00-00-00-00-00-00-00-00-00-00-00-00-00-00-00
[15:25:18:416]HidD_GetInputReport=True
[15:25:18:416]reply_report=00-4F-00-00-00-00-00-00-00-00-00-00-00-00-00-00-00-00-00-00-00-00-00-00-00-00-00-00-00-00-00-00-00-00-00-00-00-00-00-00-00-00-00-00-00-00-00-00-00-00-00-00-00-00-00-00-00-00-00-00-00-00-00-00-00
[15:25:18:416]50-41-0E-0D-01-E0 [CMD_SENT][REMOTE_GET_MODE]
[15:25:18:419][HID_TX_ack]00-19-50-49-01-C0-EF-E5-01-00-03-00-0E-8D-00-50-49-0E-C2-00-00-00-00-02-00-E0-00-17-32-00-00-00-00-00-00-00-00-00-00-00-00-00-00-00-00-00-00-00-00-00-00-00-00-00-00-00-00-00-00-00-00-00-00-00-00
[15:25:18:419]50-49-01-C0-EF-E5-01-00-03-00-0E-8D-00
[15:25:18:419]50-49-0E-C2-00-00-00-00-02-00-E0-00-
[15:25:18:419]REMOTE_GET_MODE=00
[15:25:18:419][HID_TX]00-80-07-61-01-50-41-06-0E-01-00-63-00-00-00-00-00-00-00-00-00-00-00-00-00-00-00-00-00-00-00-00-00-00-00-00-00-00-00-00-00-00-00-00-00-00-00-00-00-00-00-00-00-00-00-00-00-00-00-00-00-00-00-00-00
[15:25:18:421]HidD_GetInputReport=True
[15:25:18:421]reply_report=00-4F-00-00-00-00-00-00-00-00-00-00-00-00-00-00-00-00-00-00-00-00-00-00-00-00-00-00-00-00-00-00-00-00-00-00-00-00-00-00-00-00-00-00-00-00-00-00-00-00-00-00-00-00-00-00-00-00-00-00-00-00-00-00-00
[15:25:18:421]50-41-06-0E-01-00-63 [CMD_SENT][CMD_GET_IO_LEVEL]
[15:25:18:423][HID_TX_ack]00-12-50-49-01-C0-F2-E5-01-00-08-00-06-8E-00-01-D8-FF-1F-00-00-00-00-02-00-E0-00-17-32-00-00-00-00-00-00-00-00-00-00-00-00-00-00-00-00-00-00-00-00-00-00-00-00-00-00-00-00-00-00-00-00-00-00-00-00
[15:25:18:423]50-49-01-C0-F2-E5-01-00-08-00-06-8E-00-01-D8-FF-1F-00
[15:25:18:646][HID_TX]00-80-06-8D-B2-50-41-0E-0F-01-E0-00-00-00-00-00-00-00-00-00-00-00-00-00-00-00-00-00-00-00-00-00-00-00-00-00-00-00-00-00-00-00-00-00-00-00-00-00-00-00-00-00-00-00-00-00-00-00-00-00-00-00-00-00-00
[15:25:18:647]HidD_GetInputReport=True
[15:25:18:647]reply_report=00-4F-00-00-00-00-00-00-00-00-00-00-00-00-00-00-00-00-00-00-00-00-00-00-00-00-00-00-00-00-00-00-00-00-00-00-00-00-00-00-00-00-00-00-00-00-00-00-00-00-00-00-00-00-00-00-00-00-00-00-00-00-00-00-00
[15:25:18:647]50-41-0E-0F-01-E0 [CMD_SENT][REMOTE_GET_MODE]
[15:25:18:650][HID_TX_ack]00-19-50-49-01-C0-A8-E6-01-00-03-00-0E-8F-00-50-49-0E-C3-00-00-00-00-02-00-E0-00-17-32-00-00-00-00-00-00-00-00-00-00-00-00-00-00-00-00-00-00-00-00-00-00-00-00-00-00-00-00-00-00-00-00-00-00-00-00
[15:25:18:650]50-49-01-C0-A8-E6-01-00-03-00-0E-8F-00
[15:25:18:650]50-49-0E-C3-00-00-00-00-02-00-E0-00-
[15:25:18:650]REMOTE_GET_MODE=00
[15:25:18:650][HID_TX]00-80-07-89-A1-50-41-06-10-01-00-63-00-00-00-00-00-00-00-00-00-00-00-00-00-00-00-00-00-00-00-00-00-00-00-00-00-00-00-00-00-00-00-00-00-00-00-00-00-00-00-00-00-00-00-00-00-00-00-00-00-00-00-00-00
[15:25:18:651]HidD_GetInputReport=True
[15:25:18:651]reply_report=00-4F-00-00-00-00-00-00-00-00-00-00-00-00-00-00-00-00-00-00-00-00-00-00-00-00-00-00-00-00-00-00-00-00-00-00-00-00-00-00-00-00-00-00-00-00-00-00-00-00-00-00-00-00-00-00-00-00-00-00-00-00-00-00-00
[15:25:18:651]50-41-06-10-01-00-63 [CMD_SENT][CMD_GET_IO_LEVEL]
[15:25:18:654][HID_TX_ack]00-12-50-49-01-C0-AB-E6-01-00-08-00-06-90-00-01-D8-FF-1F-00-00-00-00-02-00-E0-00-17-32-00-00-00-00-00-00-00-00-00-00-00-00-00-00-00-00-00-00-00-00-00-00-00-00-00-00-00-00-00-00-00-00-00-00-00-00
[15:25:18:654]50-49-01-C0-AB-E6-01-00-08-00-06-90-00-01-D8-FF-1F-00
[15:25:18:748][HID_TX_ack]00-0D-50-49-11-C4-F6-E6-01-00-03-00-20-E9-00-01-D8-FF-1F-00-00-00-00-02-00-E0-00-17-32-00-00-00-00-00-00-00-00-00-00-00-00-00-00-00-00-00-00-00-00-00-00-00-00-00-00-00-00-00-00-00-00-00-00-00-00
[15:25:18:748]50-49-11-C4-F6-E6-01-00-03-00-20-E9-00
[15:25:18:761][HID_TX_ack]00-1A-50-49-01-C0-00-E7-01-00-03-00-11-9C-18-50-49-01-C0-01-E7-01-00-03-00-11-9D-17-32-00-00-00-00-00-00-00-00-00-00-00-00-00-00-00-00-00-00-00-00-00-00-00-00-00-00-00-00-00-00-00-00-00-00-00-00
[15:25:18:761]50-49-01-C0-00-E7-01-00-03-00-11-9C-18
[15:25:18:761]50-49-01-C0-01-E7-01-00-03-00-11-9D-17
[15:25:18:764][HID_TX_ack]00-0D-50-49-11-C5-02-E7-01-00-03-00-20-00-00-50-49-01-C0-01-E7-01-00-03-00-11-9D-17-32-00-00-00-00-00-00-00-00-00-00-00-00-00-00-00-00-00-00-00-00-00-00-00-00-00-00-00-00-00-00-00-00-00-00-00-00
[15:25:18:764]50-49-11-C5-02-E7-01-00-03-00-20-00-00
[15:25:18:781][HID_TX_ack]00-0D-50-49-01-C0-10-E7-01-00-03-00-11-9E-16-50-49-01-C0-01-E7-01-00-03-00-11-9D-17-32-00-00-00-00-00-00-00-00-00-00-00-00-00-00-00-00-00-00-00-00-00-00-00-00-00-00-00-00-00-00-00-00-00-00-00-00
[15:25:18:781]50-49-01-C0-10-E7-01-00-03-00-11-9E-16
[15:25:18:879][HID_TX]00-80-06-65-12-50-41-0E-11-01-E0-00-00-00-00-00-00-00-00-00-00-00-00-00-00-00-00-00-00-00-00-00-00-00-00-00-00-00-00-00-00-00-00-00-00-00-00-00-00-00-00-00-00-00-00-00-00-00-00-00-00-00-00-00-00
[15:25:18:880]HidD_GetInputReport=True
[15:25:18:880]reply_report=00-4F-00-00-00-00-00-00-00-00-00-00-00-00-00-00-00-00-00-00-00-00-00-00-00-00-00-00-00-00-00-00-00-00-00-00-00-00-00-00-00-00-00-00-00-00-00-00-00-00-00-00-00-00-00-00-00-00-00-00-00-00-00-00-00
[15:25:18:880]50-41-0E-11-01-E0 [CMD_SENT][REMOTE_GET_MODE]
[15:25:18:882][HID_TX_ack]00-19-50-49-01-C0-62-E7-01-00-03-00-0E-91-00-50-49-0E-C6-00-00-00-00-02-00-E0-00-17-32-00-00-00-00-00-00-00-00-00-00-00-00-00-00-00-00-00-00-00-00-00-00-00-00-00-00-00-00-00-00-00-00-00-00-00-00
[15:25:18:883]50-49-01-C0-62-E7-01-00-03-00-0E-91-00
[15:25:18:883]50-49-0E-C6-00-00-00-00-02-00-E0-00-
[15:25:18:883]REMOTE_GET_MODE=00
[15:25:18:883][HID_TX]00-80-07-62-8E-50-41-06-12-01-00-63-00-00-00-00-00-00-00-00-00-00-00-00-00-00-00-00-00-00-00-00-00-00-00-00-00-00-00-00-00-00-00-00-00-00-00-00-00-00-00-00-00-00-00-00-00-00-00-00-00-00-00-00-00
[15:25:18:884]HidD_GetInputReport=True
[15:25:18:884]reply_report=00-4F-00-00-00-00-00-00-00-00-00-00-00-00-00-00-00-00-00-00-00-00-00-00-00-00-00-00-00-00-00-00-00-00-00-00-00-00-00-00-00-00-00-00-00-00-00-00-00-00-00-00-00-00-00-00-00-00-00-00-00-00-00-00-00
[15:25:18:884]50-41-06-12-01-00-63 [CMD_SENT][CMD_GET_IO_LEVEL]
[15:25:18:887][HID_TX_ack]00-12-50-49-01-C0-66-E7-01-00-08-00-06-92-00-01-D8-FF-1F-00-00-00-00-02-00-E0-00-17-32-00-00-00-00-00-00-00-00-00-00-00-00-00-00-00-00-00-00-00-00-00-00-00-00-00-00-00-00-00-00-00-00-00-00-00-00
[15:25:18:887]50-49-01-C0-66-E7-01-00-08-00-06-92-00-01-D8-FF-1F-00
[15:25:19:112][HID_TX]00-80-06-8E-3D-50-41-0E-13-01-E0-00-00-00-00-00-00-00-00-00-00-00-00-00-00-00-00-00-00-00-00-00-00-00-00-00-00-00-00-00-00-00-00-00-00-00-00-00-00-00-00-00-00-00-00-00-00-00-00-00-00-00-00-00-00
[15:25:19:113]HidD_GetInputReport=True
[15:25:19:113]reply_report=00-4F-00-00-00-00-00-00-00-00-00-00-00-00-00-00-00-00-00-00-00-00-00-00-00-00-00-00-00-00-00-00-00-00-00-00-00-00-00-00-00-00-00-00-00-00-00-00-00-00-00-00-00-00-00-00-00-00-00-00-00-00-00-00-00
[15:25:19:113]50-41-0E-13-01-E0 [CMD_SENT][REMOTE_GET_MODE]
[15:25:19:116][HID_TX_ack]00-19-50-49-01-C0-1D-E8-01-00-03-00-0E-93-00-50-49-0E-C7-00-00-00-00-02-00-E0-00-17-32-00-00-00-00-00-00-00-00-00-00-00-00-00-00-00-00-00-00-00-00-00-00-00-00-00-00-00-00-00-00-00-00-00-00-00-00
[15:25:19:116]50-49-01-C0-1D-E8-01-00-03-00-0E-93-00
[15:25:19:116]50-49-0E-C7-00-00-00-00-02-00-E0-00-
[15:25:19:116]REMOTE_GET_MODE=00
[15:25:19:116][HID_TX]00-80-07-5F-FE-50-41-06-14-01-00-63-00-00-00-00-00-00-00-00-00-00-00-00-00-00-00-00-00-00-00-00-00-00-00-00-00-00-00-00-00-00-00-00-00-00-00-00-00-00-00-00-00-00-00-00-00-00-00-00-00-00-00-00-00
[15:25:19:119]HidD_GetInputReport=True
[15:25:19:119]reply_report=00-4F-00-00-00-00-00-00-00-00-00-00-00-00-00-00-00-00-00-00-00-00-00-00-00-00-00-00-00-00-00-00-00-00-00-00-00-00-00-00-00-00-00-00-00-00-00-00-00-00-00-00-00-00-00-00-00-00-00-00-00-00-00-00-00
[15:25:19:119]50-41-06-14-01-00-63 [CMD_SENT][CMD_GET_IO_LEVEL]
[15:25:19:121][HID_TX_ack]00-12-50-49-01-C0-21-E8-01-00-08-00-06-94-00-01-D8-FF-1F-00-00-00-00-02-00-E0-00-17-32-00-00-00-00-00-00-00-00-00-00-00-00-00-00-00-00-00-00-00-00-00-00-00-00-00-00-00-00-00-00-00-00-00-00-00-00
[15:25:19:121]50-49-01-C0-21-E8-01-00-08-00-06-94-00-01-D8-FF-1F-00
[15:25:19:344][HID_TX]00-80-06-B3-4D-50-41-0E-15-01-E0-00-00-00-00-00-00-00-00-00-00-00-00-00-00-00-00-00-00-00-00-00-00-00-00-00-00-00-00-00-00-00-00-00-00-00-00-00-00-00-00-00-00-00-00-00-00-00-00-00-00-00-00-00-00
[15:25:19:345]HidD_GetInputReport=True
[15:25:19:345]reply_report=00-4F-00-00-00-00-00-00-00-00-00-00-00-00-00-00-00-00-00-00-00-00-00-00-00-00-00-00-00-00-00-00-00-00-00-00-00-00-00-00-00-00-00-00-00-00-00-00-00-00-00-00-00-00-00-00-00-00-00-00-00-00-00-00-00
[15:25:19:345]50-41-0E-15-01-E0 [CMD_SENT][REMOTE_GET_MODE]
[15:25:19:347][HID_TX_ack]00-19-50-49-01-C0-D6-E8-01-00-03-00-0E-95-00-50-49-0E-C8-00-00-00-00-02-00-E0-00-17-32-00-00-00-00-00-00-00-00-00-00-00-00-00-00-00-00-00-00-00-00-00-00-00-00-00-00-00-00-00-00-00-00-00-00-00-00
[15:25:19:347]50-49-01-C0-D6-E8-01-00-03-00-0E-95-00
[15:25:19:347]50-49-0E-C8-00-00-00-00-02-00-E0-00-
[15:25:19:348]REMOTE_GET_MODE=00
[15:25:19:348][HID_TX]00-80-07-B4-D1-50-41-06-16-01-00-63-00-00-00-00-00-00-00-00-00-00-00-00-00-00-00-00-00-00-00-00-00-00-00-00-00-00-00-00-00-00-00-00-00-00-00-00-00-00-00-00-00-00-00-00-00-00-00-00-00-00-00-00-00
[15:25:19:350]HidD_GetInputReport=True
[15:25:19:350]reply_report=00-4F-00-00-00-00-00-00-00-00-00-00-00-00-00-00-00-00-00-00-00-00-00-00-00-00-00-00-00-00-00-00-00-00-00-00-00-00-00-00-00-00-00-00-00-00-00-00-00-00-00-00-00-00-00-00-00-00-00-00-00-00-00-00-00
[15:25:19:350]50-41-06-16-01-00-63 [CMD_SENT][CMD_GET_IO_LEVEL]
[15:25:19:352][HID_TX_ack]00-12-50-49-01-C0-DA-E8-01-00-08-00-06-96-00-01-D8-FF-1F-00-00-00-00-02-00-E0-00-17-32-00-00-00-00-00-00-00-00-00-00-00-00-00-00-00-00-00-00-00-00-00-00-00-00-00-00-00-00-00-00-00-00-00-00-00-00
[15:25:19:352]50-49-01-C0-DA-E8-01-00-08-00-06-96-00-01-D8-FF-1F-00
[15:25:19:575][HID_TX]00-80-06-58-62-50-41-0E-17-01-E0-00-00-00-00-00-00-00-00-00-00-00-00-00-00-00-00-00-00-00-00-00-00-00-00-00-00-00-00-00-00-00-00-00-00-00-00-00-00-00-00-00-00-00-00-00-00-00-00-00-00-00-00-00-00
[15:25:19:577]HidD_GetInputReport=True
[15:25:19:577]reply_report=00-4F-00-00-00-00-00-00-00-00-00-00-00-00-00-00-00-00-00-00-00-00-00-00-00-00-00-00-00-00-00-00-00-00-00-00-00-00-00-00-00-00-00-00-00-00-00-00-00-00-00-00-00-00-00-00-00-00-00-00-00-00-00-00-00
[15:25:19:577]50-41-0E-17-01-E0 [CMD_SENT][REMOTE_GET_MODE]
[15:25:19:579][HID_TX_ack]00-19-50-49-01-C0-8F-E9-01-00-03-00-0E-97-00-50-49-0E-C9-00-00-00-00-02-00-E0-00-17-32-00-00-00-00-00-00-00-00-00-00-00-00-00-00-00-00-00-00-00-00-00-00-00-00-00-00-00-00-00-00-00-00-00-00-00-00
[15:25:19:579]50-49-01-C0-8F-E9-01-00-03-00-0E-97-00
[15:25:19:579]50-49-0E-C9-00-00-00-00-02-00-E0-00-
[15:25:19:579]REMOTE_GET_MODE=00
[15:25:19:580][HID_TX]00-80-07-25-1E-50-41-06-18-01-00-63-00-00-00-00-00-00-00-00-00-00-00-00-00-00-00-00-00-00-00-00-00-00-00-00-00-00-00-00-00-00-00-00-00-00-00-00-00-00-00-00-00-00-00-00-00-00-00-00-00-00-00-00-00
[15:25:19:581]HidD_GetInputReport=True
[15:25:19:581]reply_report=00-4F-00-00-00-00-00-00-00-00-00-00-00-00-00-00-00-00-00-00-00-00-00-00-00-00-00-00-00-00-00-00-00-00-00-00-00-00-00-00-00-00-00-00-00-00-00-00-00-00-00-00-00-00-00-00-00-00-00-00-00-00-00-00-00
[15:25:19:581]50-41-06-18-01-00-63 [CMD_SENT][CMD_GET_IO_LEVEL]
[15:25:19:583][HID_TX_ack]00-12-50-49-01-C0-92-E9-01-00-08-00-06-98-00-01-D8-FF-1F-00-00-00-00-02-00-E0-00-17-32-00-00-00-00-00-00-00-00-00-00-00-00-00-00-00-00-00-00-00-00-00-00-00-00-00-00-00-00-00-00-00-00-00-00-00-00
[15:25:19:583]50-49-01-C0-92-E9-01-00-08-00-06-98-00-01-D8-FF-1F-00
[15:25:19:792][HID_TX]00-80-06-C9-AD-50-41-0E-19-01-E0-00-00-00-00-00-00-00-00-00-00-00-00-00-00-00-00-00-00-00-00-00-00-00-00-00-00-00-00-00-00-00-00-00-00-00-00-00-00-00-00-00-00-00-00-00-00-00-00-00-00-00-00-00-00
[15:25:19:793]HidD_GetInputReport=True
[15:25:19:793]reply_report=00-4F-00-00-00-00-00-00-00-00-00-00-00-00-00-00-00-00-00-00-00-00-00-00-00-00-00-00-00-00-00-00-00-00-00-00-00-00-00-00-00-00-00-00-00-00-00-00-00-00-00-00-00-00-00-00-00-00-00-00-00-00-00-00-00
[15:25:19:793]50-41-0E-19-01-E0 [CMD_SENT][REMOTE_GET_MODE]
[15:25:19:796][HID_TX_ack]00-19-50-49-01-C0-3D-EA-01-00-03-00-0E-99-00-50-49-0E-CA-00-00-00-00-02-00-E0-00-17-32-00-00-00-00-00-00-00-00-00-00-00-00-00-00-00-00-00-00-00-00-00-00-00-00-00-00-00-00-00-00-00-00-00-00-00-00
[15:25:19:797]50-49-01-C0-3D-EA-01-00-03-00-0E-99-00
[15:25:19:797]50-49-0E-CA-00-00-00-00-02-00-E0-00-
[15:25:19:797]REMOTE_GET_MODE=00
[15:25:19:797][HID_TX]00-80-07-CE-31-50-41-06-1A-01-00-63-00-00-00-00-00-00-00-00-00-00-00-00-00-00-00-00-00-00-00-00-00-00-00-00-00-00-00-00-00-00-00-00-00-00-00-00-00-00-00-00-00-00-00-00-00-00-00-00-00-00-00-00-00
[15:25:19:798]HidD_GetInputReport=True
[15:25:19:798]reply_report=00-4F-00-00-00-00-00-00-00-00-00-00-00-00-00-00-00-00-00-00-00-00-00-00-00-00-00-00-00-00-00-00-00-00-00-00-00-00-00-00-00-00-00-00-00-00-00-00-00-00-00-00-00-00-00-00-00-00-00-00-00-00-00-00-00
[15:25:19:798]50-41-06-1A-01-00-63 [CMD_SENT][CMD_GET_IO_LEVEL]
[15:25:19:801][HID_TX_ack]00-12-50-49-01-C0-41-EA-01-00-08-00-06-9A-00-01-D8-FF-1F-00-00-00-00-02-00-E0-00-17-32-00-00-00-00-00-00-00-00-00-00-00-00-00-00-00-00-00-00-00-00-00-00-00-00-00-00-00-00-00-00-00-00-00-00-00-00
[15:25:19:801]50-49-01-C0-41-EA-01-00-08-00-06-9A-00-01-D8-FF-1F-00
[15:25:20:025][HID_TX]00-80-06-22-82-50-41-0E-1B-01-E0-00-00-00-00-00-00-00-00-00-00-00-00-00-00-00-00-00-00-00-00-00-00-00-00-00-00-00-00-00-00-00-00-00-00-00-00-00-00-00-00-00-00-00-00-00-00-00-00-00-00-00-00-00-00
[15:25:20:026]HidD_GetInputReport=True
[15:25:20:026]reply_report=00-4F-00-00-00-00-00-00-00-00-00-00-00-00-00-00-00-00-00-00-00-00-00-00-00-00-00-00-00-00-00-00-00-00-00-00-00-00-00-00-00-00-00-00-00-00-00-00-00-00-00-00-00-00-00-00-00-00-00-00-00-00-00-00-00
[15:25:20:026]50-41-0E-1B-01-E0 [CMD_SENT][REMOTE_GET_MODE]
[15:25:20:029][HID_TX_ack]00-19-50-49-01-C0-F7-EA-01-00-03-00-0E-9B-00-50-49-0E-CB-00-00-00-00-02-00-E0-00-17-32-00-00-00-00-00-00-00-00-00-00-00-00-00-00-00-00-00-00-00-00-00-00-00-00-00-00-00-00-00-00-00-00-00-00-00-00
[15:25:20:029]50-49-01-C0-F7-EA-01-00-03-00-0E-9B-00
[15:25:20:029]50-49-0E-CB-00-00-00-00-02-00-E0-00-
[15:25:20:029]REMOTE_GET_MODE=00
[15:25:20:029][HID_TX]00-80-07-F3-41-50-41-06-1C-01-00-63-00-00-00-00-00-00-00-00-00-00-00-00-00-00-00-00-00-00-00-00-00-00-00-00-00-00-00-00-00-00-00-00-00-00-00-00-00-00-00-00-00-00-00-00-00-00-00-00-00-00-00-00-00
[15:25:20:030]HidD_GetInputReport=True
[15:25:20:030]reply_report=00-4F-00-00-00-00-00-00-00-00-00-00-00-00-00-00-00-00-00-00-00-00-00-00-00-00-00-00-00-00-00-00-00-00-00-00-00-00-00-00-00-00-00-00-00-00-00-00-00-00-00-00-00-00-00-00-00-00-00-00-00-00-00-00-00
[15:25:20:030]50-41-06-1C-01-00-63 [CMD_SENT][CMD_GET_IO_LEVEL]
[15:25:20:033][HID_TX_ack]00-12-50-49-01-C0-FA-EA-01-00-08-00-06-9C-00-01-D8-FF-1F-00-00-00-00-02-00-E0-00-17-32-00-00-00-00-00-00-00-00-00-00-00-00-00-00-00-00-00-00-00-00-00-00-00-00-00-00-00-00-00-00-00-00-00-00-00-00
[15:25:20:033]50-49-01-C0-FA-EA-01-00-08-00-06-9C-00-01-D8-FF-1F-00
[15:25:20:258][HID_TX]00-80-06-1F-F2-50-41-0E-1D-01-E0-00-00-00-00-00-00-00-00-00-00-00-00-00-00-00-00-00-00-00-00-00-00-00-00-00-00-00-00-00-00-00-00-00-00-00-00-00-00-00-00-00-00-00-00-00-00-00-00-00-00-00-00-00-00
[15:25:20:259]HidD_GetInputReport=True
[15:25:20:259]reply_report=00-4F-00-00-00-00-00-00-00-00-00-00-00-00-00-00-00-00-00-00-00-00-00-00-00-00-00-00-00-00-00-00-00-00-00-00-00-00-00-00-00-00-00-00-00-00-00-00-00-00-00-00-00-00-00-00-00-00-00-00-00-00-00-00-00
[15:25:20:259]50-41-0E-1D-01-E0 [CMD_SENT][REMOTE_GET_MODE]
[15:25:20:261][HID_TX_ack]00-19-50-49-01-C0-B2-EB-01-00-03-00-0E-9D-00-50-49-0E-CC-00-00-00-00-02-00-E0-00-17-32-00-00-00-00-00-00-00-00-00-00-00-00-00-00-00-00-00-00-00-00-00-00-00-00-00-00-00-00-00-00-00-00-00-00-00-00
[15:25:20:261]50-49-01-C0-B2-EB-01-00-03-00-0E-9D-00
[15:25:20:261]50-49-0E-CC-00-00-00-00-02-00-E0-00-
[15:25:20:261]REMOTE_GET_MODE=00
[15:25:20:262][HID_TX]00-80-07-18-6E-50-41-06-1E-01-00-63-00-00-00-00-00-00-00-00-00-00-00-00-00-00-00-00-00-00-00-00-00-00-00-00-00-00-00-00-00-00-00-00-00-00-00-00-00-00-00-00-00-00-00-00-00-00-00-00-00-00-00-00-00
[15:25:20:263]HidD_GetInputReport=True
[15:25:20:263]reply_report=00-4F-00-00-00-00-00-00-00-00-00-00-00-00-00-00-00-00-00-00-00-00-00-00-00-00-00-00-00-00-00-00-00-00-00-00-00-00-00-00-00-00-00-00-00-00-00-00-00-00-00-00-00-00-00-00-00-00-00-00-00-00-00-00-00
[15:25:20:263]50-41-06-1E-01-00-63 [CMD_SENT][CMD_GET_IO_LEVEL]
[15:25:20:265][HID_TX_ack]00-12-50-49-01-C0-B5-EB-01-00-08-00-06-9E-00-01-D8-FF-1F-00-00-00-00-02-00-E0-00-17-32-00-00-00-00-00-00-00-00-00-00-00-00-00-00-00-00-00-00-00-00-00-00-00-00-00-00-00-00-00-00-00-00-00-00-00-00
[15:25:20:265]50-49-01-C0-B5-EB-01-00-08-00-06-9E-00-01-D8-FF-1F-00
[15:25:20:476][HID_TX]00-80-06-F4-DD-50-41-0E-1F-01-E0-00-00-00-00-00-00-00-00-00-00-00-00-00-00-00-00-00-00-00-00-00-00-00-00-00-00-00-00-00-00-00-00-00-00-00-00-00-00-00-00-00-00-00-00-00-00-00-00-00-00-00-00-00-00
[15:25:20:477]HidD_GetInputReport=True
[15:25:20:477]reply_report=00-4F-00-00-00-00-00-00-00-00-00-00-00-00-00-00-00-00-00-00-00-00-00-00-00-00-00-00-00-00-00-00-00-00-00-00-00-00-00-00-00-00-00-00-00-00-00-00-00-00-00-00-00-00-00-00-00-00-00-00-00-00-00-00-00
[15:25:20:477]50-41-0E-1F-01-E0 [CMD_SENT][REMOTE_GET_MODE]
[15:25:20:480][HID_TX_ack]00-19-50-49-01-C0-60-EC-01-00-03-00-0E-9F-00-50-49-0E-CD-00-00-00-00-02-00-E0-00-17-32-00-00-00-00-00-00-00-00-00-00-00-00-00-00-00-00-00-00-00-00-00-00-00-00-00-00-00-00-00-00-00-00-00-00-00-00
[15:25:20:480]50-49-01-C0-60-EC-01-00-03-00-0E-9F-00
[15:25:20:480]50-49-0E-CD-00-00-00-00-02-00-E0-00-
[15:25:20:480]REMOTE_GET_MODE=00
[15:25:20:480][HID_TX]00-80-07-02-10-50-41-06-20-01-00-63-00-00-00-00-00-00-00-00-00-00-00-00-00-00-00-00-00-00-00-00-00-00-00-00-00-00-00-00-00-00-00-00-00-00-00-00-00-00-00-00-00-00-00-00-00-00-00-00-00-00-00-00-00
[15:25:20:481]HidD_GetInputReport=True
[15:25:20:481]reply_report=00-4F-00-00-00-00-00-00-00-00-00-00-00-00-00-00-00-00-00-00-00-00-00-00-00-00-00-00-00-00-00-00-00-00-00-00-00-00-00-00-00-00-00-00-00-00-00-00-00-00-00-00-00-00-00-00-00-00-00-00-00-00-00-00-00
[15:25:20:481]50-41-06-20-01-00-63 [CMD_SENT][CMD_GET_IO_LEVEL]
[15:25:20:484][HID_TX_ack]00-12-50-49-01-C0-63-EC-01-00-08-00-06-A0-00-01-D8-FF-1F-00-00-00-00-02-00-E0-00-17-32-00-00-00-00-00-00-00-00-00-00-00-00-00-00-00-00-00-00-00-00-00-00-00-00-00-00-00-00-00-00-00-00-00-00-00-00
[15:25:20:484]50-49-01-C0-63-EC-01-00-08-00-06-A0-00-01-D8-FF-1F-00
[15:25:20:706][HID_TX]00-80-06-EE-A3-50-41-0E-21-01-E0-00-00-00-00-00-00-00-00-00-00-00-00-00-00-00-00-00-00-00-00-00-00-00-00-00-00-00-00-00-00-00-00-00-00-00-00-00-00-00-00-00-00-00-00-00-00-00-00-00-00-00-00-00-00
[15:25:20:709]HidD_GetInputReport=True
[15:25:20:709]reply_report=00-4F-00-00-00-00-00-00-00-00-00-00-00-00-00-00-00-00-00-00-00-00-00-00-00-00-00-00-00-00-00-00-00-00-00-00-00-00-00-00-00-00-00-00-00-00-00-00-00-00-00-00-00-00-00-00-00-00-00-00-00-00-00-00-00
[15:25:20:709]50-41-0E-21-01-E0 [CMD_SENT][REMOTE_GET_MODE]
[15:25:20:710][HID_TX_ack]00-19-50-49-01-C0-18-ED-01-00-03-00-0E-A1-00-50-49-0E-CE-00-00-00-00-02-00-E0-00-17-32-00-00-00-00-00-00-00-00-00-00-00-00-00-00-00-00-00-00-00-00-00-00-00-00-00-00-00-00-00-00-00-00-00-00-00-00
[15:25:20:710]50-49-01-C0-18-ED-01-00-03-00-0E-A1-00
[15:25:20:710]50-49-0E-CE-00-00-00-00-02-00-E0-00-
[15:25:20:710]REMOTE_GET_MODE=00
[15:25:20:710][HID_TX]00-80-07-E9-3F-50-41-06-22-01-00-63-00-00-00-00-00-00-00-00-00-00-00-00-00-00-00-00-00-00-00-00-00-00-00-00-00-00-00-00-00-00-00-00-00-00-00-00-00-00-00-00-00-00-00-00-00-00-00-00-00-00-00-00-00
[15:25:20:711]HidD_GetInputReport=True
[15:25:20:711]reply_report=00-4F-00-00-00-00-00-00-00-00-00-00-00-00-00-00-00-00-00-00-00-00-00-00-00-00-00-00-00-00-00-00-00-00-00-00-00-00-00-00-00-00-00-00-00-00-00-00-00-00-00-00-00-00-00-00-00-00-00-00-00-00-00-00-00
[15:25:20:711]50-41-06-22-01-00-63 [CMD_SENT][CMD_GET_IO_LEVEL]
[15:25:20:714][HID_TX_ack]00-12-50-49-01-C0-1B-ED-01-00-08-00-06-A2-00-01-D8-FF-1F-00-00-00-00-02-00-E0-00-17-32-00-00-00-00-00-00-00-00-00-00-00-00-00-00-00-00-00-00-00-00-00-00-00-00-00-00-00-00-00-00-00-00-00-00-00-00
[15:25:20:714]50-49-01-C0-1B-ED-01-00-08-00-06-A2-00-01-D8-FF-1F-00
[15:25:20:939][HID_TX]00-80-06-05-8C-50-41-0E-23-01-E0-00-00-00-00-00-00-00-00-00-00-00-00-00-00-00-00-00-00-00-00-00-00-00-00-00-00-00-00-00-00-00-00-00-00-00-00-00-00-00-00-00-00-00-00-00-00-00-00-00-00-00-00-00-00
[15:25:20:940]HidD_GetInputReport=True
[15:25:20:940]reply_report=00-4F-00-00-00-00-00-00-00-00-00-00-00-00-00-00-00-00-00-00-00-00-00-00-00-00-00-00-00-00-00-00-00-00-00-00-00-00-00-00-00-00-00-00-00-00-00-00-00-00-00-00-00-00-00-00-00-00-00-00-00-00-00-00-00
[15:25:20:940]50-41-0E-23-01-E0 [CMD_SENT][REMOTE_GET_MODE]
[15:25:20:943][HID_TX_ack]00-19-50-49-01-C0-D2-ED-01-00-03-00-0E-A3-00-50-49-0E-CF-00-00-00-00-02-00-E0-00-17-32-00-00-00-00-00-00-00-00-00-00-00-00-00-00-00-00-00-00-00-00-00-00-00-00-00-00-00-00-00-00-00-00-00-00-00-00
[15:25:20:943]50-49-01-C0-D2-ED-01-00-03-00-0E-A3-00
[15:25:20:943]50-49-0E-CF-00-00-00-00-02-00-E0-00-
[15:25:20:943]REMOTE_GET_MODE=00
[15:25:20:943][HID_TX]00-80-07-D4-4F-50-41-06-24-01-00-63-00-00-00-00-00-00-00-00-00-00-00-00-00-00-00-00-00-00-00-00-00-00-00-00-00-00-00-00-00-00-00-00-00-00-00-00-00-00-00-00-00-00-00-00-00-00-00-00-00-00-00-00-00
[15:25:20:944]HidD_GetInputReport=True
[15:25:20:944]reply_report=00-4F-00-00-00-00-00-00-00-00-00-00-00-00-00-00-00-00-00-00-00-00-00-00-00-00-00-00-00-00-00-00-00-00-00-00-00-00-00-00-00-00-00-00-00-00-00-00-00-00-00-00-00-00-00-00-00-00-00-00-00-00-00-00-00
[15:25:20:944]50-41-06-24-01-00-63 [CMD_SENT][CMD_GET_IO_LEVEL]
[15:25:20:946][HID_TX_ack]00-12-50-49-01-C0-D6-ED-01-00-08-00-06-A4-00-01-D8-FF-1F-00-00-00-00-02-00-E0-00-17-32-00-00-00-00-00-00-00-00-00-00-00-00-00-00-00-00-00-00-00-00-00-00-00-00-00-00-00-00-00-00-00-00-00-00-00-00
[15:25:20:947]50-49-01-C0-D6-ED-01-00-08-00-06-A4-00-01-D8-FF-1F-00
[15:25:21:171][HID_TX]00-80-06-38-FC-50-41-0E-25-01-E0-00-00-00-00-00-00-00-00-00-00-00-00-00-00-00-00-00-00-00-00-00-00-00-00-00-00-00-00-00-00-00-00-00-00-00-00-00-00-00-00-00-00-00-00-00-00-00-00-00-00-00-00-00-00
[15:25:21:172]HidD_GetInputReport=True
[15:25:21:172]reply_report=00-4F-00-00-00-00-00-00-00-00-00-00-00-00-00-00-00-00-00-00-00-00-00-00-00-00-00-00-00-00-00-00-00-00-00-00-00-00-00-00-00-00-00-00-00-00-00-00-00-00-00-00-00-00-00-00-00-00-00-00-00-00-00-00-00
[15:25:21:172]50-41-0E-25-01-E0 [CMD_SENT][REMOTE_GET_MODE]
[15:25:21:175][HID_TX_ack]00-19-50-49-01-C0-8C-EE-01-00-03-00-0E-A5-00-50-49-0E-D0-00-00-00-00-02-00-E0-00-17-32-00-00-00-00-00-00-00-00-00-00-00-00-00-00-00-00-00-00-00-00-00-00-00-00-00-00-00-00-00-00-00-00-00-00-00-00
[15:25:21:175]50-49-01-C0-8C-EE-01-00-03-00-0E-A5-00
[15:25:21:175]50-49-0E-D0-00-00-00-00-02-00-E0-00-
[15:25:21:175]REMOTE_GET_MODE=00
[15:25:21:175][HID_TX]00-80-07-3F-60-50-41-06-26-01-00-63-00-00-00-00-00-00-00-00-00-00-00-00-00-00-00-00-00-00-00-00-00-00-00-00-00-00-00-00-00-00-00-00-00-00-00-00-00-00-00-00-00-00-00-00-00-00-00-00-00-00-00-00-00
[15:25:21:176]HidD_GetInputReport=True
[15:25:21:176]reply_report=00-4F-00-00-00-00-00-00-00-00-00-00-00-00-00-00-00-00-00-00-00-00-00-00-00-00-00-00-00-00-00-00-00-00-00-00-00-00-00-00-00-00-00-00-00-00-00-00-00-00-00-00-00-00-00-00-00-00-00-00-00-00-00-00-00
[15:25:21:176]50-41-06-26-01-00-63 [CMD_SENT][CMD_GET_IO_LEVEL]
[15:25:21:179][HID_TX_ack]00-12-50-49-01-C0-8F-EE-01-00-08-00-06-A6-00-01-D8-FF-1F-00-00-00-00-02-00-E0-00-17-32-00-00-00-00-00-00-00-00-00-00-00-00-00-00-00-00-00-00-00-00-00-00-00-00-00-00-00-00-00-00-00-00-00-00-00-00
[15:25:21:179]50-49-01-C0-8F-EE-01-00-08-00-06-A6-00-01-D8-FF-1F-00
[15:25:21:404][HID_TX]00-80-06-D3-D3-50-41-0E-27-01-E0-00-00-00-00-00-00-00-00-00-00-00-00-00-00-00-00-00-00-00-00-00-00-00-00-00-00-00-00-00-00-00-00-00-00-00-00-00-00-00-00-00-00-00-00-00-00-00-00-00-00-00-00-00-00
[15:25:21:405]HidD_GetInputReport=True
[15:25:21:405]reply_report=00-4F-00-00-00-00-00-00-00-00-00-00-00-00-00-00-00-00-00-00-00-00-00-00-00-00-00-00-00-00-00-00-00-00-00-00-00-00-00-00-00-00-00-00-00-00-00-00-00-00-00-00-00-00-00-00-00-00-00-00-00-00-00-00-00
[15:25:21:405]50-41-0E-27-01-E0 [CMD_SENT][REMOTE_GET_MODE]
[15:25:21:408][HID_TX_ack]00-19-50-49-01-C0-46-EF-01-00-03-00-0E-A7-00-50-49-0E-D1-00-00-00-00-02-00-E0-00-17-32-00-00-00-00-00-00-00-00-00-00-00-00-00-00-00-00-00-00-00-00-00-00-00-00-00-00-00-00-00-00-00-00-00-00-00-00
[15:25:21:408]50-49-01-C0-46-EF-01-00-03-00-0E-A7-00
[15:25:21:408]50-49-0E-D1-00-00-00-00-02-00-E0-00-
[15:25:21:408]REMOTE_GET_MODE=00
[15:25:21:408][HID_TX]00-80-07-AE-AF-50-41-06-28-01-00-63-00-00-00-00-00-00-00-00-00-00-00-00-00-00-00-00-00-00-00-00-00-00-00-00-00-00-00-00-00-00-00-00-00-00-00-00-00-00-00-00-00-00-00-00-00-00-00-00-00-00-00-00-00
[15:25:21:409]HidD_GetInputReport=True
[15:25:21:409]reply_report=00-4F-00-00-00-00-00-00-00-00-00-00-00-00-00-00-00-00-00-00-00-00-00-00-00-00-00-00-00-00-00-00-00-00-00-00-00-00-00-00-00-00-00-00-00-00-00-00-00-00-00-00-00-00-00-00-00-00-00-00-00-00-00-00-00
[15:25:21:409]50-41-06-28-01-00-63 [CMD_SENT][CMD_GET_IO_LEVEL]
