[08:13:07:986]\\?\hid#dell09c2&col02#5&bc4dc33&0&0001#{4d1e55b2-f16f-11cf-88cb-001111000030}
[08:13:07:986]\\?\hid#dell09c2&col03#5&bc4dc33&0&0002#{4d1e55b2-f16f-11cf-88cb-001111000030}
[08:13:07:986]\\?\hid#intc816&col01#3&207f9b7f&0&0000#{4d1e55b2-f16f-11cf-88cb-001111000030}
[08:13:07:986]\\?\hid#vid_046d&pid_0adf&mi_04#7&2ad3f249&0&0000#{4d1e55b2-f16f-11cf-88cb-001111000030}
[08:13:07:986]\\?\hid#intc816&col02#3&207f9b7f&0&0001#{4d1e55b2-f16f-11cf-88cb-001111000030}
[08:13:07:986]\\?\hid#converteddevice&col02#5&17bac0a6&0&0001#{4d1e55b2-f16f-11cf-88cb-001111000030}
[08:13:07:986]\\?\hid#converteddevice&col03#5&17bac0a6&0&0002#{4d1e55b2-f16f-11cf-88cb-001111000030}
[08:13:07:986]\\?\hid#dell09c2&col04#5&bc4dc33&0&0003#{4d1e55b2-f16f-11cf-88cb-001111000030}
[08:13:07:987]\\?\hid#dell09c2&col05#5&bc4dc33&0&0004#{4d1e55b2-f16f-11cf-88cb-001111000030}
[08:13:07:987]\\?\hid#vid_046d&pid_0adf&mi_00#7&28ee3ab8&0&0000#{4d1e55b2-f16f-11cf-88cb-001111000030}
[08:13:07:987]\\?\hid#converteddevice&col01#5&17bac0a6&0&0000#{4d1e55b2-f16f-11cf-88cb-001111000030}\kbd
[08:13:07:987]\\?\hid#dell09c2&col01#5&bc4dc33&0&0000#{4d1e55b2-f16f-11cf-88cb-001111000030}
[08:13:07:987]\\?\hid#vid_413c&pid_301a#6&3b68e75b&0&0000#{4d1e55b2-f16f-11cf-88cb-001111000030}
[08:13:07:988]try_path=\\?\hid#vid_046d&pid_0adf&mi_04#7&2ad3f249&0&0000#{4d1e55b2-f16f-11cf-88cb-001111000030}
[08:13:07:998][invalid device][System.Exception]
[08:13:08:002]   at ..connect(String path)
[08:13:08:002]close_hid_handle
[08:13:08:005][connect HID device fail : invalid device][System.Exception]
[08:13:08:005]   at ..connect(String path)
   at ..(String  )
   at ..connect(UInt16 vid, UInt16 pid,  vt)
[08:13:08:005]try_path=\\?\hid#vid_046d&pid_0adf&mi_00#7&28ee3ab8&0&0000#{4d1e55b2-f16f-11cf-88cb-001111000030}
[08:13:08:005]	InputReportByteLength=65
[08:13:08:005]	OutputReportByteLength=65
[08:13:08:005]HID_Connected=\\?\hid#vid_046d&pid_0adf&mi_00#7&28ee3ab8&0&0000#{4d1e55b2-f16f-11cf-88cb-001111000030}
[08:13:08:006][HID_TX]00-84-01-D1-55-01-00-00-00-00-00-00-00-00-00-00-00-00-00-00-00-00-00-00-00-00-00-00-00-00-00-00-00-00-00-00-00-00-00-00-00-00-00-00-00-00-00-00-00-00-00-00-00-00-00-00-00-00-00-00-00-00-00-00-00
[08:13:08:007]HidD_GetInputReport=True
[08:13:08:007]reply_report=00-4F-56-31-2E-36-2E-31-00-00-00-00-00-00-00-00-00-00-00-00-00-00-00-00-00-00-00-00-00-00-00-00-00-00-00-00-00-00-00-00-00-00-00-00-00-00-00-00-00-00-00-00-00-00-00-00-00-00-00-00-00-00-00-00-00
[08:13:08:007][ys_tech] fw_version=V1.6.1
[08:13:08:008]ystech_Power_Saving, is_EnablePowerSaving=False
[08:13:08:008][HID_TX]00-85-01-83-8B-01-00-00-00-00-00-00-00-00-00-00-00-00-00-00-00-00-00-00-00-00-00-00-00-00-00-00-00-00-00-00-00-00-00-00-00-00-00-00-00-00-00-00-00-00-00-00-00-00-00-00-00-00-00-00-00-00-00-00-00
[08:13:08:009]HidD_GetInputReport=True
[08:13:08:009]reply_report=00-4F-00-00-00-00-00-00-00-00-00-00-00-00-00-00-00-00-00-00-00-00-00-00-00-00-00-00-00-00-00-00-00-00-00-00-00-00-00-00-00-00-00-00-00-00-00-00-00-00-00-00-00-00-00-00-00-00-00-00-00-00-00-00-00
[08:13:08:009]HID_CMD_POWER_SAVING_Disable
[08:13:08:009]path_connected=\\?\hid#vid_046d&pid_0adf&mi_00#7&28ee3ab8&0&0000#{4d1e55b2-f16f-11cf-88cb-001111000030}
[08:13:10:463][HID_TX]00-80-06-1C-7D-50-41-0E-01-01-E0-00-00-00-00-00-00-00-00-00-00-00-00-00-00-00-00-00-00-00-00-00-00-00-00-00-00-00-00-00-00-00-00-00-00-00-00-00-00-00-00-00-00-00-00-00-00-00-00-00-00-00-00-00-00
[08:13:10:464]HidD_GetInputReport=True
[08:13:10:464]reply_report=00-4F-00-00-00-00-00-00-00-00-00-00-00-00-00-00-00-00-00-00-00-00-00-00-00-00-00-00-00-00-00-00-00-00-00-00-00-00-00-00-00-00-00-00-00-00-00-00-00-00-00-00-00-00-00-00-00-00-00-00-00-00-00-00-00
[08:13:10:464]50-41-0E-01-01-E0 [CMD_SENT][REMOTE_GET_MODE]
[08:13:10:469][HID_TX_ack]00-19-50-49-01-C0-7D-9F-0D-00-03-00-0E-81-00-50-49-0E-C7-00-00-00-00-02-00-E0-00-13-01-00-01-00-31-00-00-00-31-00-01-00-18-00-00-00-00-00-00-00-00-00-00-00-00-00-00-00-00-00-00-00-00-00-00-00-00
[08:13:10:481]REMOTE_GET_MODE=00
[08:13:10:482]50-49-01-C0-7D-9F-0D-00-03-00-0E-81-00
[08:13:10:482]50-49-0E-C7-00-00-00-00-02-00-E0-00-
[08:13:10:482][HID_TX]00-80-08-08-E6-50-41-06-02-02-00-43-01-00-00-00-00-00-00-00-00-00-00-00-00-00-00-00-00-00-00-00-00-00-00-00-00-00-00-00-00-00-00-00-00-00-00-00-00-00-00-00-00-00-00-00-00-00-00-00-00-00-00-00-00
[08:13:10:483]HidD_GetInputReport=True
[08:13:10:483]reply_report=00-4F-00-00-00-00-00-00-00-00-00-00-00-00-00-00-00-00-00-00-00-00-00-00-00-00-00-00-00-00-00-00-00-00-00-00-00-00-00-00-00-00-00-00-00-00-00-00-00-00-00-00-00-00-00-00-00-00-00-00-00-00-00-00-00
[08:13:10:483]50-41-06-02-02-00-43-01 [CMD_SENT][CMD_READ_MP_DATA_BY_ID]
[08:13:10:494][HID_TX_ack]00-13-50-49-01-C0-90-9F-0D-00-09-00-06-82-00-49-24-14-09-08-21-00-00-02-00-E0-00-13-01-00-01-00-31-00-00-00-31-00-01-00-18-00-00-00-00-00-00-00-00-00-00-00-00-00-00-00-00-00-00-00-00-00-00-00-00
[08:13:10:494]50-49-01-C0-90-9F-0D-00-09-00-06-82-00-49-24-14-09-08-21
[08:13:11:509][HID_TX]00-80-07-77-A6-50-41-0E-03-02-E1-00-00-00-00-00-00-00-00-00-00-00-00-00-00-00-00-00-00-00-00-00-00-00-00-00-00-00-00-00-00-00-00-00-00-00-00-00-00-00-00-00-00-00-00-00-00-00-00-00-00-00-00-00-00
[08:13:11:510]HidD_GetInputReport=True
[08:13:11:510]reply_report=00-4F-00-00-00-00-00-00-00-00-00-00-00-00-00-00-00-00-00-00-00-00-00-00-00-00-00-00-00-00-00-00-00-00-00-00-00-00-00-00-00-00-00-00-00-00-00-00-00-00-00-00-00-00-00-00-00-00-00-00-00-00-00-00-00
[08:13:11:511]50-41-0E-03-02-E1-00 [CMD_SENT][REMOTE_SET_MODE] is_remote=False
[08:13:11:513][HID_TX_ack]00-0D-50-49-01-C0-90-A2-0D-00-03-00-0E-83-00-49-24-14-09-08-21-00-00-02-00-E0-00-13-01-00-01-00-31-00-00-00-31-00-01-00-18-00-00-00-00-00-00-00-00-00-00-00-00-00-00-00-00-00-00-00-00-00-00-00-00
[08:13:11:513]50-49-01-C0-90-A2-0D-00-03-00-0E-83-00
[08:13:11:513]ystech_Power_Saving, is_EnablePowerSaving=True
[08:13:11:513][HID_TX]00-85-01-73-56-02-00-00-00-00-00-00-00-00-00-00-00-00-00-00-00-00-00-00-00-00-00-00-00-00-00-00-00-00-00-00-00-00-00-00-00-00-00-00-00-00-00-00-00-00-00-00-00-00-00-00-00-00-00-00-00-00-00-00-00
[08:13:11:514]HidD_GetInputReport=True
[08:13:11:514]reply_report=00-4F-00-00-00-00-00-00-00-00-00-00-00-00-00-00-00-00-00-00-00-00-00-00-00-00-00-00-00-00-00-00-00-00-00-00-00-00-00-00-00-00-00-00-00-00-00-00-00-00-00-00-00-00-00-00-00-00-00-00-00-00-00-00-00
[08:13:11:514]HID_CMD_POWER_SAVING_Enable
[08:13:11:514]close_hid_stream
[08:13:11:514]close_hid_handle
