[01:35:19:160]\\?\hid#dell09c2&col02#5&bc4dc33&0&0001#{4d1e55b2-f16f-11cf-88cb-001111000030}
[01:35:19:160]\\?\hid#dell09c2&col03#5&bc4dc33&0&0002#{4d1e55b2-f16f-11cf-88cb-001111000030}
[01:35:19:160]\\?\hid#intc816&col01#3&207f9b7f&0&0000#{4d1e55b2-f16f-11cf-88cb-001111000030}
[01:35:19:160]\\?\hid#intc816&col02#3&207f9b7f&0&0001#{4d1e55b2-f16f-11cf-88cb-001111000030}
[01:35:19:160]\\?\hid#converteddevice&col02#5&17bac0a6&0&0001#{4d1e55b2-f16f-11cf-88cb-001111000030}
[01:35:19:160]\\?\hid#converteddevice&col03#5&17bac0a6&0&0002#{4d1e55b2-f16f-11cf-88cb-001111000030}
[01:35:19:160]\\?\hid#dell09c2&col04#5&bc4dc33&0&0003#{4d1e55b2-f16f-11cf-88cb-001111000030}
[01:35:19:160]\\?\hid#{00001812-0000-1000-8000-00805f9b34fb}_dev_vid&0232c2_pid&0001_rev&0068_ccb624cd66b1#9&326e3aae&0&0000#{4d1e55b2-f16f-11cf-88cb-001111000030}
[01:35:19:160]\\?\hid#dell09c2&col05#5&bc4dc33&0&0004#{4d1e55b2-f16f-11cf-88cb-001111000030}
[01:35:19:160]\\?\hid#converteddevice&col01#5&17bac0a6&0&0000#{4d1e55b2-f16f-11cf-88cb-001111000030}\kbd
[01:35:19:160]\\?\hid#dell09c2&col01#5&bc4dc33&0&0000#{4d1e55b2-f16f-11cf-88cb-001111000030}
[01:35:19:160]\\?\hid#vid_046d&pid_0adf&mi_00#7&3ad8dff3&0&0000#{4d1e55b2-f16f-11cf-88cb-001111000030}
[01:35:19:160]\\?\hid#vid_046d&pid_0adf&mi_04#7&18e94d0e&0&0000#{4d1e55b2-f16f-11cf-88cb-001111000030}
[01:35:19:162]try_path=\\?\hid#vid_046d&pid_0adf&mi_00#7&3ad8dff3&0&0000#{4d1e55b2-f16f-11cf-88cb-001111000030}
[01:35:19:164]	InputReportByteLength=65
[01:35:19:164]	OutputReportByteLength=65
[01:35:19:165]HID_Connected=\\?\hid#vid_046d&pid_0adf&mi_00#7&3ad8dff3&0&0000#{4d1e55b2-f16f-11cf-88cb-001111000030}
[01:35:19:166][HID_TX]00-84-01-D1-55-01-00-00-00-00-00-00-00-00-00-00-00-00-00-00-00-00-00-00-00-00-00-00-00-00-00-00-00-00-00-00-00-00-00-00-00-00-00-00-00-00-00-00-00-00-00-00-00-00-00-00-00-00-00-00-00-00-00-00-00
[01:35:19:168]HidD_GetInputReport=True
[01:35:19:168]reply_report=00-4F-56-31-2E-38-2E-35-2E-31-00-00-00-00-00-00-00-00-00-00-00-00-00-00-00-00-00-00-00-00-00-00-00-00-00-00-00-00-00-00-00-00-00-00-00-00-00-00-00-00-00-00-00-00-00-00-00-00-00-00-00-00-00-00-00
[01:35:19:168][ys_tech] fw_version=V1.8.5.1
[01:35:19:169]ystech_Power_Saving, is_EnablePowerSaving=False
[01:35:19:169][HID_TX]00-85-01-83-8B-01-00-00-00-00-00-00-00-00-00-00-00-00-00-00-00-00-00-00-00-00-00-00-00-00-00-00-00-00-00-00-00-00-00-00-00-00-00-00-00-00-00-00-00-00-00-00-00-00-00-00-00-00-00-00-00-00-00-00-00
[01:35:19:170]HidD_GetInputReport=True
[01:35:19:170]reply_report=00-4F-00-00-00-00-00-00-00-00-00-00-00-00-00-00-00-00-00-00-00-00-00-00-00-00-00-00-00-00-00-00-00-00-00-00-00-00-00-00-00-00-00-00-00-00-00-00-00-00-00-00-00-00-00-00-00-00-00-00-00-00-00-00-00
[01:35:19:170]HID_CMD_POWER_SAVING_Disable
[01:35:19:170]path_connected=\\?\hid#vid_046d&pid_0adf&mi_00#7&3ad8dff3&0&0000#{4d1e55b2-f16f-11cf-88cb-001111000030}
[01:35:23:572][HID_TX]00-80-06-1C-7D-50-41-0E-01-01-E0-00-00-00-00-00-00-00-00-00-00-00-00-00-00-00-00-00-00-00-00-00-00-00-00-00-00-00-00-00-00-00-00-00-00-00-00-00-00-00-00-00-00-00-00-00-00-00-00-00-00-00-00-00-00
[01:35:23:573]HidD_GetInputReport=True
[01:35:23:573]reply_report=00-4F-00-00-00-00-00-00-00-00-00-00-00-00-00-00-00-00-00-00-00-00-00-00-00-00-00-00-00-00-00-00-00-00-00-00-00-00-00-00-00-00-00-00-00-00-00-00-00-00-00-00-00-00-00-00-00-00-00-00-00-00-00-00-00
[01:35:23:573]50-41-0E-01-01-E0 [CMD_SENT][REMOTE_GET_MODE]
[01:35:23:578][HID_TX_ack]00-19-50-49-01-C0-55-33-02-00-03-00-0E-81-00-50-49-0E-DD-00-00-00-00-02-00-E0-01-72-21-61-64-20-46-69-6C-65-5B-32-33-36-5D-50-49-01-D2-70-3C-00-00-11-00-02-0F-47-65-74-20-46-69-6C-65-20-45-72-72
[01:35:23:591]REMOTE_GET_MODE=01
[01:35:23:591]50-49-01-C0-55-33-02-00-03-00-0E-81-00
[01:35:23:591]50-49-0E-DD-00-00-00-00-02-00-E0-01-
[01:35:23:592][HID_TX]00-80-15-8D-DC-50-41-02-02-10-74-72-61-63-65-72-20-6E-76-64-73-72-20-32-33-36-00-00-00-00-00-00-00-00-00-00-00-00-00-00-00-00-00-00-00-00-00-00-00-00-00-00-00-00-00-00-00-00-00-00-00-00-00-00-00
[01:35:23:593]HidD_GetInputReport=True
[01:35:23:593]reply_report=00-4F-00-00-00-00-00-00-00-00-00-00-00-00-00-00-00-00-00-00-00-00-00-00-00-00-00-00-00-00-00-00-00-00-00-00-00-00-00-00-00-00-00-00-00-00-00-00-00-00-00-00-00-00-00-00-00-00-00-00-00-00-00-00-00
[01:35:23:593]50-41-02-02-10-74-72-61-63-65-72-20-6E-76-64-73-72-20-32-33-36 [CMD_SENT][write_tracer][tracer nvdsr 236]
[01:35:23:625][HID_TX_ack]00-3F-50-49-01-DE-0A-53-02-00-1D-00-02-02-2D-2D-2D-2D-2D-2D-2D-2D-4E-56-44-53-20-52-65-61-64-20-46-69-6C-65-5B-32-33-36-5D-50-49-01-DF-11-53-02-00-11-00-02-02-47-65-74-20-46-69-6C-65-20-45-72-72
[01:35:23:625]50-49-01-DE-0A-53-02-00-1D-00-02-02-2D-2D-2D-2D-2D-2D-2D-2D-4E-56-44-53-20-52-65-61-64-20-46-69-6C-65-5B-32-33-36-5D
[01:35:23:627][HID_TX_ack]00-03-6F-72-21-DE-0A-53-02-00-1D-00-02-02-2D-2D-2D-2D-2D-2D-2D-2D-4E-56-44-53-20-52-65-61-64-20-46-69-6C-65-5B-32-33-36-5D-50-49-01-DF-11-53-02-00-11-00-02-02-47-65-74-20-46-69-6C-65-20-45-72-72
[01:35:23:627]50-49-01-DF-11-53-02-00-11-00-02-02-47-65-74-20-46-69-6C-65-20-45-72-72-6F-72-21
[01:35:23:683][HID_TX_ack]00-0C-50-49-01-E0-11-53-02-00-02-00-02-82-2D-2D-2D-2D-2D-2D-2D-2D-4E-56-44-53-20-52-65-61-64-20-46-69-6C-65-5B-32-33-36-5D-50-49-01-DF-11-53-02-00-11-00-02-02-47-65-74-20-46-69-6C-65-20-45-72-72
[01:35:23:683]50-49-01-E0-11-53-02-00-02-00-02-82-
[01:35:23:683][write_tracer_result]
[01:35:23:683][write_tracer_result]--------NVDS Read File[236]Get File Error!
[01:35:23:683]rep1=--------NVDS Read File[236]Get File Error!
[01:35:23:683]rep2=]Get File Error!
[01:35:23:683][HID_TX]00-80-15-68-43-50-41-02-03-10-74-72-61-63-65-72-20-6E-76-64-73-72-20-32-33-36-00-00-00-00-00-00-00-00-00-00-00-00-00-00-00-00-00-00-00-00-00-00-00-00-00-00-00-00-00-00-00-00-00-00-00-00-00-00-00
[01:35:23:684]HidD_GetInputReport=True
[01:35:23:684]reply_report=00-4F-00-00-00-00-00-00-00-00-00-00-00-00-00-00-00-00-00-00-00-00-00-00-00-00-00-00-00-00-00-00-00-00-00-00-00-00-00-00-00-00-00-00-00-00-00-00-00-00-00-00-00-00-00-00-00-00-00-00-00-00-00-00-00
[01:35:23:684]50-41-02-03-10-74-72-61-63-65-72-20-6E-76-64-73-72-20-32-33-36 [CMD_SENT][write_tracer][tracer nvdsr 236]
[01:35:23:712][HID_TX_ack]00-27-50-49-01-E1-5D-53-02-00-1D-00-02-03-2D-2D-2D-2D-2D-2D-2D-2D-4E-56-44-53-20-52-65-61-64-20-46-69-6C-65-5B-32-33-36-5D-50-49-01-DF-11-53-02-00-11-00-02-02-47-65-74-20-46-69-6C-65-20-45-72-72
[01:35:23:712]50-49-01-E1-5D-53-02-00-1D-00-02-03-2D-2D-2D-2D-2D-2D-2D-2D-4E-56-44-53-20-52-65-61-64-20-46-69-6C-65-5B-32-33-36-5D
[01:35:23:720][HID_TX_ack]00-1B-50-49-01-E2-65-53-02-00-11-00-02-03-47-65-74-20-46-69-6C-65-20-45-72-72-6F-72-21-61-64-20-46-69-6C-65-5B-32-33-36-5D-50-49-01-DF-11-53-02-00-11-00-02-02-47-65-74-20-46-69-6C-65-20-45-72-72
[01:35:23:720]50-49-01-E2-65-53-02-00-11-00-02-03-47-65-74-20-46-69-6C-65-20-45-72-72-6F-72-21
[01:35:23:788][HID_TX_ack]00-0C-50-49-01-E3-65-53-02-00-02-00-02-83-47-65-74-20-46-69-6C-65-20-45-72-72-6F-72-21-61-64-20-46-69-6C-65-5B-32-33-36-5D-50-49-01-DF-11-53-02-00-11-00-02-02-47-65-74-20-46-69-6C-65-20-45-72-72
[01:35:23:788]50-49-01-E3-65-53-02-00-02-00-02-83-
[01:35:23:788][write_tracer_result]
[01:35:23:788][write_tracer_result]--------NVDS Read File[236]Get File Error!
[01:35:23:788]rep1=--------NVDS Read File[236]Get File Error!
[01:35:23:788]rep2=]Get File Error!
