[11:57:17:705]\\?\hid#dell09c2&col02#5&bc4dc33&0&0001#{4d1e55b2-f16f-11cf-88cb-001111000030}
[11:57:17:705]\\?\hid#dell09c2&col03#5&bc4dc33&0&0002#{4d1e55b2-f16f-11cf-88cb-001111000030}
[11:57:17:705]\\?\hid#intc816&col01#3&207f9b7f&0&0000#{4d1e55b2-f16f-11cf-88cb-001111000030}
[11:57:17:705]\\?\hid#intc816&col02#3&207f9b7f&0&0001#{4d1e55b2-f16f-11cf-88cb-001111000030}
[11:57:17:705]\\?\hid#converteddevice&col02#5&17bac0a6&0&0001#{4d1e55b2-f16f-11cf-88cb-001111000030}
[11:57:17:705]\\?\hid#converteddevice&col03#5&17bac0a6&0&0002#{4d1e55b2-f16f-11cf-88cb-001111000030}
[11:57:17:705]\\?\hid#dell09c2&col04#5&bc4dc33&0&0003#{4d1e55b2-f16f-11cf-88cb-001111000030}
[11:57:17:705]\\?\hid#{00001812-0000-1000-8000-00805f9b34fb}_dev_vid&0232c2_pid&0001_rev&0068_ccb624cd66b1#9&326e3aae&0&0000#{4d1e55b2-f16f-11cf-88cb-001111000030}
[11:57:17:706]\\?\hid#dell09c2&col05#5&bc4dc33&0&0004#{4d1e55b2-f16f-11cf-88cb-001111000030}
[11:57:17:706]\\?\hid#converteddevice&col01#5&17bac0a6&0&0000#{4d1e55b2-f16f-11cf-88cb-001111000030}\kbd
[11:57:17:706]\\?\hid#dell09c2&col01#5&bc4dc33&0&0000#{4d1e55b2-f16f-11cf-88cb-001111000030}
[11:57:17:706]\\?\hid#vid_046d&pid_0adf&mi_00#7&3ad8dff3&0&0000#{4d1e55b2-f16f-11cf-88cb-001111000030}
[11:57:17:706]\\?\hid#vid_046d&pid_0adf&mi_04#7&18e94d0e&0&0000#{4d1e55b2-f16f-11cf-88cb-001111000030}
[11:57:17:708]try_path=\\?\hid#vid_046d&pid_0adf&mi_00#7&3ad8dff3&0&0000#{4d1e55b2-f16f-11cf-88cb-001111000030}
[11:57:17:709]	InputReportByteLength=65
[11:57:17:709]	OutputReportByteLength=65
[11:57:17:710]HID_Connected=\\?\hid#vid_046d&pid_0adf&mi_00#7&3ad8dff3&0&0000#{4d1e55b2-f16f-11cf-88cb-001111000030}
[11:57:17:711][HID_TX]00-84-01-D1-55-01-00-00-00-00-00-00-00-00-00-00-00-00-00-00-00-00-00-00-00-00-00-00-00-00-00-00-00-00-00-00-00-00-00-00-00-00-00-00-00-00-00-00-00-00-00-00-00-00-00-00-00-00-00-00-00-00-00-00-00
[11:57:17:713]HidD_GetInputReport=True
[11:57:17:713]reply_report=00-4F-56-31-2E-38-2E-35-2E-31-00-00-00-00-00-00-00-00-00-00-00-00-00-00-00-00-00-00-00-00-00-00-00-00-00-00-00-00-00-00-00-00-00-00-00-00-00-00-00-00-00-00-00-00-00-00-00-00-00-00-00-00-00-00-00
[11:57:17:713][ys_tech] fw_version=V1.8.5.1
[11:57:17:714]ystech_Power_Saving, is_EnablePowerSaving=False
[11:57:17:714][HID_TX]00-85-01-83-8B-01-00-00-00-00-00-00-00-00-00-00-00-00-00-00-00-00-00-00-00-00-00-00-00-00-00-00-00-00-00-00-00-00-00-00-00-00-00-00-00-00-00-00-00-00-00-00-00-00-00-00-00-00-00-00-00-00-00-00-00
[11:57:17:715]HidD_GetInputReport=True
[11:57:17:715]reply_report=00-46-00-00-00-00-00-00-00-00-00-00-00-00-00-00-00-00-00-00-00-00-00-00-00-00-00-00-00-00-00-00-00-00-00-00-00-00-00-00-00-00-00-00-00-00-00-00-00-00-00-00-00-00-00-00-00-00-00-00-00-00-00-00-00
[11:57:17:730][Response Fail][System.Exception]
[11:57:17:735]   at ..(Boolean  )
   at ..(Byte  , Byte[]  )
[11:57:17:791]_ystech_retry_count=1
[11:57:17:791][HID_TX]00-85-01-83-8B-01-00-00-00-00-00-00-00-00-00-00-00-00-00-00-00-00-00-00-00-00-00-00-00-00-00-00-00-00-00-00-00-00-00-00-00-00-00-00-00-00-00-00-00-00-00-00-00-00-00-00-00-00-00-00-00-00-00-00-00
[11:57:17:792]HidD_GetInputReport=True
[11:57:17:792]reply_report=00-4F-00-00-00-00-00-00-00-00-00-00-00-00-00-00-00-00-00-00-00-00-00-00-00-00-00-00-00-00-00-00-00-00-00-00-00-00-00-00-00-00-00-00-00-00-00-00-00-00-00-00-00-00-00-00-00-00-00-00-00-00-00-00-00
[11:57:17:792]HID_CMD_POWER_SAVING_Disable
[11:57:17:792]path_connected=\\?\hid#vid_046d&pid_0adf&mi_00#7&3ad8dff3&0&0000#{4d1e55b2-f16f-11cf-88cb-001111000030}
[11:57:21:058][HID_TX]00-80-06-1C-7D-50-41-0E-01-01-E0-00-00-00-00-00-00-00-00-00-00-00-00-00-00-00-00-00-00-00-00-00-00-00-00-00-00-00-00-00-00-00-00-00-00-00-00-00-00-00-00-00-00-00-00-00-00-00-00-00-00-00-00-00-00
[11:57:21:060]HidD_GetInputReport=True
[11:57:21:060]reply_report=00-4F-00-00-00-00-00-00-00-00-00-00-00-00-00-00-00-00-00-00-00-00-00-00-00-00-00-00-00-00-00-00-00-00-00-00-00-00-00-00-00-00-00-00-00-00-00-00-00-00-00-00-00-00-00-00-00-00-00-00-00-00-00-00-00
[11:57:21:060]50-41-0E-01-01-E0 [CMD_SENT][REMOTE_GET_MODE]
[11:57:21:065][HID_TX_ack]00-19-50-49-01-C0-CB-D0-00-00-03-00-0E-81-00-50-49-0E-C5-00-00-00-00-02-00-E0-00-00-32-50-49-01-C0-7B-05-00-00-03-00-11-89-19-00-00-00-00-00-00-00-00-00-00-00-00-00-00-00-00-00-00-00-00-00-00-00
[11:57:21:069]REMOTE_GET_MODE=00
[11:57:21:069]50-49-01-C0-CB-D0-00-00-03-00-0E-81-00
[11:57:21:069]50-49-0E-C5-00-00-00-00-02-00-E0-00-
[11:57:21:069][HID_TX]00-80-07-F5-A5-50-41-0E-02-02-E1-01-00-00-00-00-00-00-00-00-00-00-00-00-00-00-00-00-00-00-00-00-00-00-00-00-00-00-00-00-00-00-00-00-00-00-00-00-00-00-00-00-00-00-00-00-00-00-00-00-00-00-00-00-00
[11:57:21:071]HidD_GetInputReport=True
[11:57:21:071]reply_report=00-4F-00-00-00-00-00-00-00-00-00-00-00-00-00-00-00-00-00-00-00-00-00-00-00-00-00-00-00-00-00-00-00-00-00-00-00-00-00-00-00-00-00-00-00-00-00-00-00-00-00-00-00-00-00-00-00-00-00-00-00-00-00-00-00
[11:57:21:071]50-41-0E-02-02-E1-01 [CMD_SENT][REMOTE_SET_MODE] is_remote=True
[11:57:21:073][HID_TX_ack]00-0D-50-49-01-C0-D3-D0-00-00-03-00-0E-82-00-50-49-0E-C5-00-00-00-00-02-00-E0-00-00-32-50-49-01-C0-7B-05-00-00-03-00-11-89-19-00-00-00-00-00-00-00-00-00-00-00-00-00-00-00-00-00-00-00-00-00-00-00
[11:57:21:073]50-49-01-C0-D3-D0-00-00-03-00-0E-82-00
[11:57:21:074][HID_TX]00-80-13-A8-D9-50-41-06-03-0D-00-25-34-12-5A-5A-01-00-00-00-F0-00-00-00-00-00-00-00-00-00-00-00-00-00-00-00-00-00-00-00-00-00-00-00-00-00-00-00-00-00-00-00-00-00-00-00-00-00-00-00-00-00-00-00-00
[11:57:21:075]HidD_GetInputReport=True
[11:57:21:075]reply_report=00-4F-00-00-00-00-00-00-00-00-00-00-00-00-00-00-00-00-00-00-00-00-00-00-00-00-00-00-00-00-00-00-00-00-00-00-00-00-00-00-00-00-00-00-00-00-00-00-00-00-00-00-00-00-00-00-00-00-00-00-00-00-00-00-00
[11:57:21:075]50-41-06-03-0D-00-25-34-12-5A-5A-01-00-00-00-F0-00-00-00 [CMD_SENT][OTA_CMD_IOCTL][READ_MAX_LEN]
[11:57:21:095][HID_TX_ack]00-11-50-49-01-C6-BD-9D-09-00-07-00-06-83-00-F0-00-00-00-00-00-00-00-02-00-E0-00-00-32-50-49-01-C0-7B-05-00-00-03-00-11-89-19-00-00-00-00-00-00-00-00-00-00-00-00-00-00-00-00-00-00-00-00-00-00-00
[11:57:21:095]50-49-01-C6-BD-9D-09-00-07-00-06-83-00-F0-00-00-00
[11:57:21:095][HID_TX]00-80-06-2F-BD-50-41-0E-04-01-E0-00-00-00-00-00-00-00-00-00-00-00-00-00-00-00-00-00-00-00-00-00-00-00-00-00-00-00-00-00-00-00-00-00-00-00-00-00-00-00-00-00-00-00-00-00-00-00-00-00-00-00-00-00-00
[11:57:21:096]HidD_GetInputReport=True
[11:57:21:096]reply_report=00-4F-00-00-00-00-00-00-00-00-00-00-00-00-00-00-00-00-00-00-00-00-00-00-00-00-00-00-00-00-00-00-00-00-00-00-00-00-00-00-00-00-00-00-00-00-00-00-00-00-00-00-00-00-00-00-00-00-00-00-00-00-00-00-00
[11:57:21:096]50-41-0E-04-01-E0 [CMD_SENT][REMOTE_GET_MODE]
[11:57:21:099][HID_TX_ack]00-19-50-49-01-C0-E7-D0-00-00-03-00-0E-84-00-50-49-0E-C7-00-00-00-00-02-00-E0-01-00-32-50-49-01-C0-7B-05-00-00-03-00-11-89-19-00-00-00-00-00-00-00-00-00-00-00-00-00-00-00-00-00-00-00-00-00-00-00
[11:57:21:099]50-49-01-C0-E7-D0-00-00-03-00-0E-84-00
[11:57:21:099]50-49-0E-C7-00-00-00-00-02-00-E0-01-
[11:57:21:099]REMOTE_GET_MODE=01
[11:57:21:099][HID_TX]00-80-07-C3-0E-50-41-06-05-01-00-63-00-00-00-00-00-00-00-00-00-00-00-00-00-00-00-00-00-00-00-00-00-00-00-00-00-00-00-00-00-00-00-00-00-00-00-00-00-00-00-00-00-00-00-00-00-00-00-00-00-00-00-00-00
[11:57:21:101]HidD_GetInputReport=True
[11:57:21:101]reply_report=00-4F-00-00-00-00-00-00-00-00-00-00-00-00-00-00-00-00-00-00-00-00-00-00-00-00-00-00-00-00-00-00-00-00-00-00-00-00-00-00-00-00-00-00-00-00-00-00-00-00-00-00-00-00-00-00-00-00-00-00-00-00-00-00-00
[11:57:21:101]50-41-06-05-01-00-63 [CMD_SENT][CMD_GET_IO_LEVEL]
[11:57:21:113][HID_TX_ack]00-12-50-49-01-C8-C9-9D-09-00-08-00-06-85-00-01-FF-FF-0F-00-00-00-00-02-00-E0-01-00-32-50-49-01-C0-7B-05-00-00-03-00-11-89-19-00-00-00-00-00-00-00-00-00-00-00-00-00-00-00-00-00-00-00-00-00-00-00
[11:57:21:113]50-49-01-C8-C9-9D-09-00-08-00-06-85-00-01-FF-FF-0F-00
[11:57:30:859][HID_TX_ack]00-0D-50-49-11-C9-65-EF-00-00-03-00-20-EA-00-01-FF-FF-0F-00-00-00-00-02-00-E0-01-00-32-50-49-01-C0-7B-05-00-00-03-00-11-89-19-00-00-00-00-00-00-00-00-00-00-00-00-00-00-00-00-00-00-00-00-00-00-00
[11:57:30:859]50-49-11-C9-65-EF-00-00-03-00-20-EA-00
[11:57:30:869][HID_TX_ack]00-1A-50-49-01-C0-6F-EF-00-00-03-00-11-8D-18-50-49-01-C0-70-EF-00-00-03-00-11-8E-17-32-50-49-01-C0-7B-05-00-00-03-00-11-89-19-00-00-00-00-00-00-00-00-00-00-00-00-00-00-00-00-00-00-00-00-00-00-00
[11:57:30:869]50-49-01-C0-6F-EF-00-00-03-00-11-8D-18
[11:57:30:869]50-49-01-C0-70-EF-00-00-03-00-11-8E-17
[11:57:30:872][HID_TX_ack]00-0D-50-49-11-CA-71-EF-00-00-03-00-20-00-00-50-49-01-C0-70-EF-00-00-03-00-11-8E-17-32-50-49-01-C0-7B-05-00-00-03-00-11-89-19-00-00-00-00-00-00-00-00-00-00-00-00-00-00-00-00-00-00-00-00-00-00-00
[11:57:30:872]50-49-11-CA-71-EF-00-00-03-00-20-00-00
[11:57:31:885][HID_TX_ack]00-0D-50-49-11-CB-9B-F2-00-00-03-00-20-E9-00-50-49-01-C0-70-EF-00-00-03-00-11-8E-17-32-50-49-01-C0-7B-05-00-00-03-00-11-89-19-00-00-00-00-00-00-00-00-00-00-00-00-00-00-00-00-00-00-00-00-00-00-00
[11:57:31:885]50-49-11-CB-9B-F2-00-00-03-00-20-E9-00
[11:57:31:894][HID_TX_ack]00-1A-50-49-01-C0-A2-F2-00-00-03-00-11-8F-18-50-49-01-C0-A3-F2-00-00-03-00-11-90-17-32-50-49-01-C0-7B-05-00-00-03-00-11-89-19-00-00-00-00-00-00-00-00-00-00-00-00-00-00-00-00-00-00-00-00-00-00-00
[11:57:31:894]50-49-01-C0-A2-F2-00-00-03-00-11-8F-18
[11:57:31:894]50-49-01-C0-A3-F2-00-00-03-00-11-90-17
[11:57:31:897][HID_TX_ack]00-0D-50-49-11-CC-A5-F2-00-00-03-00-20-00-00-50-49-01-C0-A3-F2-00-00-03-00-11-90-17-32-50-49-01-C0-7B-05-00-00-03-00-11-89-19-00-00-00-00-00-00-00-00-00-00-00-00-00-00-00-00-00-00-00-00-00-00-00
[11:57:31:897]50-49-11-CC-A5-F2-00-00-03-00-20-00-00
[11:57:32:038][HID_TX]00-80-06-C4-92-50-41-0E-06-01-E0-00-00-00-00-00-00-00-00-00-00-00-00-00-00-00-00-00-00-00-00-00-00-00-00-00-00-00-00-00-00-00-00-00-00-00-00-00-00-00-00-00-00-00-00-00-00-00-00-00-00-00-00-00-00
[11:57:32:040]HidD_GetInputReport=True
[11:57:32:040]reply_report=00-4F-00-00-00-00-00-00-00-00-00-00-00-00-00-00-00-00-00-00-00-00-00-00-00-00-00-00-00-00-00-00-00-00-00-00-00-00-00-00-00-00-00-00-00-00-00-00-00-00-00-00-00-00-00-00-00-00-00-00-00-00-00-00-00
[11:57:32:040]50-41-0E-06-01-E0 [CMD_SENT][REMOTE_GET_MODE]
[11:57:32:043][HID_TX_ack]00-19-50-49-01-C0-1B-F3-00-00-03-00-0E-86-00-50-49-0E-CD-00-00-00-00-02-00-E0-01-17-32-50-49-01-C0-7B-05-00-00-03-00-11-89-19-00-00-00-00-00-00-00-00-00-00-00-00-00-00-00-00-00-00-00-00-00-00-00
[11:57:32:043]50-49-01-C0-1B-F3-00-00-03-00-0E-86-00
[11:57:32:043]50-49-0E-CD-00-00-00-00-02-00-E0-01-
[11:57:32:043]REMOTE_GET_MODE=01
[11:57:32:043][HID_TX]00-80-07-28-21-50-41-06-07-01-00-63-00-00-00-00-00-00-00-00-00-00-00-00-00-00-00-00-00-00-00-00-00-00-00-00-00-00-00-00-00-00-00-00-00-00-00-00-00-00-00-00-00-00-00-00-00-00-00-00-00-00-00-00-00
[11:57:32:046]HidD_GetInputReport=True
[11:57:32:046]reply_report=00-4F-00-00-00-00-00-00-00-00-00-00-00-00-00-00-00-00-00-00-00-00-00-00-00-00-00-00-00-00-00-00-00-00-00-00-00-00-00-00-00-00-00-00-00-00-00-00-00-00-00-00-00-00-00-00-00-00-00-00-00-00-00-00-00
[11:57:32:046]50-41-06-07-01-00-63 [CMD_SENT][CMD_GET_IO_LEVEL]
[11:57:32:068][HID_TX_ack]00-12-50-49-01-CE-07-C0-09-00-08-00-06-87-00-01-FF-FF-0F-00-00-00-00-02-00-E0-01-17-32-50-49-01-C0-7B-05-00-00-03-00-11-89-19-00-00-00-00-00-00-00-00-00-00-00-00-00-00-00-00-00-00-00-00-00-00-00
[11:57:32:068]50-49-01-CE-07-C0-09-00-08-00-06-87-00-01-FF-FF-0F-00
[11:57:33:587][HID_TX]00-80-06-55-5D-50-41-0E-08-01-E0-00-00-00-00-00-00-00-00-00-00-00-00-00-00-00-00-00-00-00-00-00-00-00-00-00-00-00-00-00-00-00-00-00-00-00-00-00-00-00-00-00-00-00-00-00-00-00-00-00-00-00-00-00-00
[11:57:33:587]HidD_GetInputReport=True
[11:57:33:587]reply_report=00-4F-00-00-00-00-00-00-00-00-00-00-00-00-00-00-00-00-00-00-00-00-00-00-00-00-00-00-00-00-00-00-00-00-00-00-00-00-00-00-00-00-00-00-00-00-00-00-00-00-00-00-00-00-00-00-00-00-00-00-00-00-00-00-00
[11:57:33:587]50-41-0E-08-01-E0 [CMD_SENT][REMOTE_GET_MODE]
[11:57:33:590][HID_TX_ack]00-19-50-49-01-C0-F0-F7-00-00-03-00-0E-88-00-50-49-0E-CF-00-00-00-00-02-00-E0-01-17-32-50-49-01-C0-7B-05-00-00-03-00-11-89-19-00-00-00-00-00-00-00-00-00-00-00-00-00-00-00-00-00-00-00-00-00-00-00
[11:57:33:591]50-49-01-C0-F0-F7-00-00-03-00-0E-88-00
[11:57:33:591]REMOTE_GET_MODE=01
[11:57:33:591]50-49-0E-CF-00-00-00-00-02-00-E0-01-
[11:57:33:591][HID_TX]00-80-07-B9-EE-50-41-06-09-01-00-63-00-00-00-00-00-00-00-00-00-00-00-00-00-00-00-00-00-00-00-00-00-00-00-00-00-00-00-00-00-00-00-00-00-00-00-00-00-00-00-00-00-00-00-00-00-00-00-00-00-00-00-00-00
[11:57:33:592]HidD_GetInputReport=True
[11:57:33:592]reply_report=00-4F-00-00-00-00-00-00-00-00-00-00-00-00-00-00-00-00-00-00-00-00-00-00-00-00-00-00-00-00-00-00-00-00-00-00-00-00-00-00-00-00-00-00-00-00-00-00-00-00-00-00-00-00-00-00-00-00-00-00-00-00-00-00-00
[11:57:33:592]50-41-06-09-01-00-63 [CMD_SENT][CMD_GET_IO_LEVEL]
[11:57:33:626][HID_TX_ack]00-12-50-49-01-D0-D4-C4-09-00-08-00-06-89-00-01-FF-FF-0F-00-00-00-00-02-00-E0-01-17-32-50-49-01-C0-7B-05-00-00-03-00-11-89-19-00-00-00-00-00-00-00-00-00-00-00-00-00-00-00-00-00-00-00-00-00-00-00
[11:57:33:626]50-49-01-D0-D4-C4-09-00-08-00-06-89-00-01-FF-FF-0F-00
[11:57:34:969][HID_TX]00-80-07-3E-86-50-41-0E-0A-02-E1-00-00-00-00-00-00-00-00-00-00-00-00-00-00-00-00-00-00-00-00-00-00-00-00-00-00-00-00-00-00-00-00-00-00-00-00-00-00-00-00-00-00-00-00-00-00-00-00-00-00-00-00-00-00
[11:57:34:970]HidD_GetInputReport=True
[11:57:34:970]reply_report=00-4F-00-00-00-00-00-00-00-00-00-00-00-00-00-00-00-00-00-00-00-00-00-00-00-00-00-00-00-00-00-00-00-00-00-00-00-00-00-00-00-00-00-00-00-00-00-00-00-00-00-00-00-00-00-00-00-00-00-00-00-00-00-00-00
[11:57:34:970]50-41-0E-0A-02-E1-00 [CMD_SENT][REMOTE_SET_MODE] is_remote=False
[11:57:34:973][HID_TX_ack]00-0D-50-49-01-C0-43-FC-00-00-03-00-0E-8A-00-01-FF-FF-0F-00-00-00-00-02-00-E0-01-17-32-50-49-01-C0-7B-05-00-00-03-00-11-89-19-00-00-00-00-00-00-00-00-00-00-00-00-00-00-00-00-00-00-00-00-00-00-00
[11:57:34:973]50-49-01-C0-43-FC-00-00-03-00-0E-8A-00
[11:57:34:973]ystech_Power_Saving, is_EnablePowerSaving=True
[11:57:34:973][HID_TX]00-85-01-73-56-02-00-00-00-00-00-00-00-00-00-00-00-00-00-00-00-00-00-00-00-00-00-00-00-00-00-00-00-00-00-00-00-00-00-00-00-00-00-00-00-00-00-00-00-00-00-00-00-00-00-00-00-00-00-00-00-00-00-00-00
[11:57:34:975]HidD_GetInputReport=True
[11:57:34:975]reply_report=00-4F-00-00-00-00-00-00-00-00-00-00-00-00-00-00-00-00-00-00-00-00-00-00-00-00-00-00-00-00-00-00-00-00-00-00-00-00-00-00-00-00-00-00-00-00-00-00-00-00-00-00-00-00-00-00-00-00-00-00-00-00-00-00-00
[11:57:34:975]HID_CMD_POWER_SAVING_Enable
[11:57:34:975]close_hid_stream
[11:57:34:975]close_hid_handle
