[12:07:01:878]\\?\hid#dell09c2&col02#5&bc4dc33&0&0001#{4d1e55b2-f16f-11cf-88cb-001111000030}
[12:07:01:878]\\?\hid#dell09c2&col03#5&bc4dc33&0&0002#{4d1e55b2-f16f-11cf-88cb-001111000030}
[12:07:01:878]\\?\hid#intc816&col01#3&207f9b7f&0&0000#{4d1e55b2-f16f-11cf-88cb-001111000030}
[12:07:01:878]\\?\hid#intc816&col02#3&207f9b7f&0&0001#{4d1e55b2-f16f-11cf-88cb-001111000030}
[12:07:01:878]\\?\hid#converteddevice&col02#5&17bac0a6&0&0001#{4d1e55b2-f16f-11cf-88cb-001111000030}
[12:07:01:878]\\?\hid#converteddevice&col03#5&17bac0a6&0&0002#{4d1e55b2-f16f-11cf-88cb-001111000030}
[12:07:01:878]\\?\hid#dell09c2&col04#5&bc4dc33&0&0003#{4d1e55b2-f16f-11cf-88cb-001111000030}
[12:07:01:878]\\?\hid#{00001812-0000-1000-8000-00805f9b34fb}_dev_vid&0232c2_pid&0001_rev&0068_ccb624cd66b1#9&326e3aae&0&0000#{4d1e55b2-f16f-11cf-88cb-001111000030}
[12:07:01:878]\\?\hid#dell09c2&col05#5&bc4dc33&0&0004#{4d1e55b2-f16f-11cf-88cb-001111000030}
[12:07:01:878]\\?\hid#converteddevice&col01#5&17bac0a6&0&0000#{4d1e55b2-f16f-11cf-88cb-001111000030}\kbd
[12:07:01:878]\\?\hid#dell09c2&col01#5&bc4dc33&0&0000#{4d1e55b2-f16f-11cf-88cb-001111000030}
[12:07:01:878]\\?\hid#vid_046d&pid_0adf&mi_00#7&3ad8dff3&0&0000#{4d1e55b2-f16f-11cf-88cb-001111000030}
[12:07:01:878]\\?\hid#vid_046d&pid_0adf&mi_04#7&18e94d0e&0&0000#{4d1e55b2-f16f-11cf-88cb-001111000030}
[12:07:01:880]try_path=\\?\hid#vid_046d&pid_0adf&mi_00#7&3ad8dff3&0&0000#{4d1e55b2-f16f-11cf-88cb-001111000030}
[12:07:01:881]	InputReportByteLength=65
[12:07:01:881]	OutputReportByteLength=65
[12:07:01:882]HID_Connected=\\?\hid#vid_046d&pid_0adf&mi_00#7&3ad8dff3&0&0000#{4d1e55b2-f16f-11cf-88cb-001111000030}
[12:07:01:883][HID_TX]00-84-01-D1-55-01-00-00-00-00-00-00-00-00-00-00-00-00-00-00-00-00-00-00-00-00-00-00-00-00-00-00-00-00-00-00-00-00-00-00-00-00-00-00-00-00-00-00-00-00-00-00-00-00-00-00-00-00-00-00-00-00-00-00-00
[12:07:01:884]HidD_GetInputReport=True
[12:07:01:884]reply_report=00-4F-56-31-2E-38-2E-35-2E-31-00-00-00-00-00-00-00-00-00-00-00-00-00-00-00-00-00-00-00-00-00-00-00-00-00-00-00-00-00-00-00-00-00-00-00-00-00-00-00-00-00-00-00-00-00-00-00-00-00-00-00-00-00-00-00
[12:07:01:884][ys_tech] fw_version=V1.8.5.1
[12:07:01:885]ystech_Power_Saving, is_EnablePowerSaving=False
[12:07:01:885][HID_TX]00-85-01-83-8B-01-00-00-00-00-00-00-00-00-00-00-00-00-00-00-00-00-00-00-00-00-00-00-00-00-00-00-00-00-00-00-00-00-00-00-00-00-00-00-00-00-00-00-00-00-00-00-00-00-00-00-00-00-00-00-00-00-00-00-00
[12:07:01:886]HidD_GetInputReport=True
[12:07:01:886]reply_report=00-4F-00-00-00-00-00-00-00-00-00-00-00-00-00-00-00-00-00-00-00-00-00-00-00-00-00-00-00-00-00-00-00-00-00-00-00-00-00-00-00-00-00-00-00-00-00-00-00-00-00-00-00-00-00-00-00-00-00-00-00-00-00-00-00
[12:07:01:886]HID_CMD_POWER_SAVING_Disable
[12:07:01:886]path_connected=\\?\hid#vid_046d&pid_0adf&mi_00#7&3ad8dff3&0&0000#{4d1e55b2-f16f-11cf-88cb-001111000030}
[12:07:03:065][HID_TX]00-80-06-1C-7D-50-41-0E-01-01-E0-00-00-00-00-00-00-00-00-00-00-00-00-00-00-00-00-00-00-00-00-00-00-00-00-00-00-00-00-00-00-00-00-00-00-00-00-00-00-00-00-00-00-00-00-00-00-00-00-00-00-00-00-00-00
[12:07:03:067]HidD_GetInputReport=True
[12:07:03:067]reply_report=00-4F-00-00-00-00-00-00-00-00-00-00-00-00-00-00-00-00-00-00-00-00-00-00-00-00-00-00-00-00-00-00-00-00-00-00-00-00-00-00-00-00-00-00-00-00-00-00-00-00-00-00-00-00-00-00-00-00-00-00-00-00-00-00-00
[12:07:03:067]50-41-0E-01-01-E0 [CMD_SENT][REMOTE_GET_MODE]
[12:07:03:072][HID_TX_ack]00-19-50-49-01-C0-21-F2-01-00-03-00-0E-81-00-50-49-0E-E7-00-00-00-00-02-00-E0-00-17-32-00-00-00-00-00-00-00-00-00-00-00-00-00-00-00-00-00-00-00-00-00-00-00-00-00-00-00-00-00-00-00-00-00-00-00-00
[12:07:03:076]REMOTE_GET_MODE=00
[12:07:03:076]50-49-01-C0-21-F2-01-00-03-00-0E-81-00
[12:07:03:076]50-49-0E-E7-00-00-00-00-02-00-E0-00-
[12:07:03:076][HID_TX]00-80-07-F5-A5-50-41-0E-02-02-E1-01-00-00-00-00-00-00-00-00-00-00-00-00-00-00-00-00-00-00-00-00-00-00-00-00-00-00-00-00-00-00-00-00-00-00-00-00-00-00-00-00-00-00-00-00-00-00-00-00-00-00-00-00-00
[12:07:03:078]HidD_GetInputReport=True
[12:07:03:078]reply_report=00-4F-00-00-00-00-00-00-00-00-00-00-00-00-00-00-00-00-00-00-00-00-00-00-00-00-00-00-00-00-00-00-00-00-00-00-00-00-00-00-00-00-00-00-00-00-00-00-00-00-00-00-00-00-00-00-00-00-00-00-00-00-00-00-00
[12:07:03:078]50-41-0E-02-02-E1-01 [CMD_SENT][REMOTE_SET_MODE] is_remote=True
[12:07:03:081][HID_TX_ack]00-0D-50-49-01-C0-2A-F2-01-00-03-00-0E-82-00-50-49-0E-E7-00-00-00-00-02-00-E0-00-17-32-00-00-00-00-00-00-00-00-00-00-00-00-00-00-00-00-00-00-00-00-00-00-00-00-00-00-00-00-00-00-00-00-00-00-00-00
[12:07:03:081]50-49-01-C0-2A-F2-01-00-03-00-0E-82-00
[12:07:03:081][HID_TX]00-80-13-A8-D9-50-41-06-03-0D-00-25-34-12-5A-5A-01-00-00-00-F0-00-00-00-00-00-00-00-00-00-00-00-00-00-00-00-00-00-00-00-00-00-00-00-00-00-00-00-00-00-00-00-00-00-00-00-00-00-00-00-00-00-00-00-00
[12:07:03:082]HidD_GetInputReport=True
[12:07:03:082]reply_report=00-4F-00-00-00-00-00-00-00-00-00-00-00-00-00-00-00-00-00-00-00-00-00-00-00-00-00-00-00-00-00-00-00-00-00-00-00-00-00-00-00-00-00-00-00-00-00-00-00-00-00-00-00-00-00-00-00-00-00-00-00-00-00-00-00
[12:07:03:082]50-41-06-03-0D-00-25-34-12-5A-5A-01-00-00-00-F0-00-00-00 [CMD_SENT][OTA_CMD_IOCTL][READ_MAX_LEN]
[12:07:03:115][HID_TX_ack]00-11-50-49-01-E8-25-3A-02-00-07-00-06-83-00-F0-00-00-00-00-00-00-00-02-00-E0-00-17-32-00-00-00-00-00-00-00-00-00-00-00-00-00-00-00-00-00-00-00-00-00-00-00-00-00-00-00-00-00-00-00-00-00-00-00-00
[12:07:03:115]50-49-01-E8-25-3A-02-00-07-00-06-83-00-F0-00-00-00
[12:07:03:115][HID_TX]00-80-06-2F-BD-50-41-0E-04-01-E0-00-00-00-00-00-00-00-00-00-00-00-00-00-00-00-00-00-00-00-00-00-00-00-00-00-00-00-00-00-00-00-00-00-00-00-00-00-00-00-00-00-00-00-00-00-00-00-00-00-00-00-00-00-00
[12:07:03:116]HidD_GetInputReport=True
[12:07:03:116]reply_report=00-4F-00-00-00-00-00-00-00-00-00-00-00-00-00-00-00-00-00-00-00-00-00-00-00-00-00-00-00-00-00-00-00-00-00-00-00-00-00-00-00-00-00-00-00-00-00-00-00-00-00-00-00-00-00-00-00-00-00-00-00-00-00-00-00
[12:07:03:116]50-41-0E-04-01-E0 [CMD_SENT][REMOTE_GET_MODE]
[12:07:03:119][HID_TX_ack]00-19-50-49-01-C0-49-F2-01-00-03-00-0E-84-00-50-49-0E-E9-00-00-00-00-02-00-E0-01-17-32-00-00-00-00-00-00-00-00-00-00-00-00-00-00-00-00-00-00-00-00-00-00-00-00-00-00-00-00-00-00-00-00-00-00-00-00
[12:07:03:119]50-49-01-C0-49-F2-01-00-03-00-0E-84-00
[12:07:03:119]50-49-0E-E9-00-00-00-00-02-00-E0-01-
[12:07:03:119]REMOTE_GET_MODE=01
[12:07:03:120][HID_TX]00-80-07-C3-0E-50-41-06-05-01-00-63-00-00-00-00-00-00-00-00-00-00-00-00-00-00-00-00-00-00-00-00-00-00-00-00-00-00-00-00-00-00-00-00-00-00-00-00-00-00-00-00-00-00-00-00-00-00-00-00-00-00-00-00-00
[12:07:03:122]HidD_GetInputReport=True
[12:07:03:122]reply_report=00-4F-00-00-00-00-00-00-00-00-00-00-00-00-00-00-00-00-00-00-00-00-00-00-00-00-00-00-00-00-00-00-00-00-00-00-00-00-00-00-00-00-00-00-00-00-00-00-00-00-00-00-00-00-00-00-00-00-00-00-00-00-00-00-00
[12:07:03:122]50-41-06-05-01-00-63 [CMD_SENT][CMD_GET_IO_LEVEL]
[12:07:03:138][HID_TX_ack]00-12-50-49-01-EA-46-3A-02-00-08-00-06-85-00-01-FF-FF-1F-00-00-00-00-02-00-E0-01-17-32-00-00-00-00-00-00-00-00-00-00-00-00-00-00-00-00-00-00-00-00-00-00-00-00-00-00-00-00-00-00-00-00-00-00-00-00
[12:07:03:138]50-49-01-EA-46-3A-02-00-08-00-06-85-00-01-FF-FF-1F-00
[12:07:03:465][HID_TX]00-80-06-C4-92-50-41-0E-06-01-E0-00-00-00-00-00-00-00-00-00-00-00-00-00-00-00-00-00-00-00-00-00-00-00-00-00-00-00-00-00-00-00-00-00-00-00-00-00-00-00-00-00-00-00-00-00-00-00-00-00-00-00-00-00-00
[12:07:03:466]HidD_GetInputReport=True
[12:07:03:466]reply_report=00-4F-00-00-00-00-00-00-00-00-00-00-00-00-00-00-00-00-00-00-00-00-00-00-00-00-00-00-00-00-00-00-00-00-00-00-00-00-00-00-00-00-00-00-00-00-00-00-00-00-00-00-00-00-00-00-00-00-00-00-00-00-00-00-00
[12:07:03:466]50-41-0E-06-01-E0 [CMD_SENT][REMOTE_GET_MODE]
[12:07:03:469][HID_TX_ack]00-19-50-49-01-C0-61-F3-01-00-03-00-0E-86-00-50-49-0E-EB-00-00-00-00-02-00-E0-01-17-32-00-00-00-00-00-00-00-00-00-00-00-00-00-00-00-00-00-00-00-00-00-00-00-00-00-00-00-00-00-00-00-00-00-00-00-00
[12:07:03:469]50-49-01-C0-61-F3-01-00-03-00-0E-86-00
[12:07:03:469]50-49-0E-EB-00-00-00-00-02-00-E0-01-
[12:07:03:469]REMOTE_GET_MODE=01
[12:07:03:469][HID_TX]00-80-07-28-21-50-41-06-07-01-00-63-00-00-00-00-00-00-00-00-00-00-00-00-00-00-00-00-00-00-00-00-00-00-00-00-00-00-00-00-00-00-00-00-00-00-00-00-00-00-00-00-00-00-00-00-00-00-00-00-00-00-00-00-00
[12:07:03:471]HidD_GetInputReport=True
[12:07:03:471]reply_report=00-4F-00-00-00-00-00-00-00-00-00-00-00-00-00-00-00-00-00-00-00-00-00-00-00-00-00-00-00-00-00-00-00-00-00-00-00-00-00-00-00-00-00-00-00-00-00-00-00-00-00-00-00-00-00-00-00-00-00-00-00-00-00-00-00
[12:07:03:471]50-41-06-07-01-00-63 [CMD_SENT][CMD_GET_IO_LEVEL]
[12:07:03:507][HID_TX_ack]00-12-50-49-01-EC-5F-3B-02-00-08-00-06-87-00-01-FF-FF-1F-00-00-00-00-02-00-E0-01-17-32-00-00-00-00-00-00-00-00-00-00-00-00-00-00-00-00-00-00-00-00-00-00-00-00-00-00-00-00-00-00-00-00-00-00-00-00
[12:07:03:507]50-49-01-EC-5F-3B-02-00-08-00-06-87-00-01-FF-FF-1F-00
[12:07:03:837][HID_TX]00-80-06-55-5D-50-41-0E-08-01-E0-00-00-00-00-00-00-00-00-00-00-00-00-00-00-00-00-00-00-00-00-00-00-00-00-00-00-00-00-00-00-00-00-00-00-00-00-00-00-00-00-00-00-00-00-00-00-00-00-00-00-00-00-00-00
[12:07:03:838]HidD_GetInputReport=True
[12:07:03:838]reply_report=00-4F-00-00-00-00-00-00-00-00-00-00-00-00-00-00-00-00-00-00-00-00-00-00-00-00-00-00-00-00-00-00-00-00-00-00-00-00-00-00-00-00-00-00-00-00-00-00-00-00-00-00-00-00-00-00-00-00-00-00-00-00-00-00-00
[12:07:03:839]50-41-0E-08-01-E0 [CMD_SENT][REMOTE_GET_MODE]
[12:07:03:841][HID_TX_ack]00-19-50-49-01-C0-8A-F4-01-00-03-00-0E-88-00-50-49-0E-ED-00-00-00-00-02-00-E0-01-17-32-00-00-00-00-00-00-00-00-00-00-00-00-00-00-00-00-00-00-00-00-00-00-00-00-00-00-00-00-00-00-00-00-00-00-00-00
[12:07:03:841]50-49-01-C0-8A-F4-01-00-03-00-0E-88-00
[12:07:03:841]50-49-0E-ED-00-00-00-00-02-00-E0-01-
[12:07:03:841]REMOTE_GET_MODE=01
[12:07:03:842][HID_TX]00-80-07-B9-EE-50-41-06-09-01-00-63-00-00-00-00-00-00-00-00-00-00-00-00-00-00-00-00-00-00-00-00-00-00-00-00-00-00-00-00-00-00-00-00-00-00-00-00-00-00-00-00-00-00-00-00-00-00-00-00-00-00-00-00-00
[12:07:03:843]HidD_GetInputReport=True
[12:07:03:843]reply_report=00-4F-00-00-00-00-00-00-00-00-00-00-00-00-00-00-00-00-00-00-00-00-00-00-00-00-00-00-00-00-00-00-00-00-00-00-00-00-00-00-00-00-00-00-00-00-00-00-00-00-00-00-00-00-00-00-00-00-00-00-00-00-00-00-00
[12:07:03:843]50-41-06-09-01-00-63 [CMD_SENT][CMD_GET_IO_LEVEL]
[12:07:03:875][HID_TX_ack]00-12-50-49-01-EE-85-3C-02-00-08-00-06-89-00-01-FF-FF-1F-00-00-00-00-02-00-E0-01-17-32-00-00-00-00-00-00-00-00-00-00-00-00-00-00-00-00-00-00-00-00-00-00-00-00-00-00-00-00-00-00-00-00-00-00-00-00
[12:07:03:875]50-49-01-EE-85-3C-02-00-08-00-06-89-00-01-FF-FF-1F-00
[12:07:04:196][HID_TX]00-80-06-BE-72-50-41-0E-0A-01-E0-00-00-00-00-00-00-00-00-00-00-00-00-00-00-00-00-00-00-00-00-00-00-00-00-00-00-00-00-00-00-00-00-00-00-00-00-00-00-00-00-00-00-00-00-00-00-00-00-00-00-00-00-00-00
[12:07:04:197]HidD_GetInputReport=True
[12:07:04:197]reply_report=00-4F-00-00-00-00-00-00-00-00-00-00-00-00-00-00-00-00-00-00-00-00-00-00-00-00-00-00-00-00-00-00-00-00-00-00-00-00-00-00-00-00-00-00-00-00-00-00-00-00-00-00-00-00-00-00-00-00-00-00-00-00-00-00-00
[12:07:04:197]50-41-0E-0A-01-E0 [CMD_SENT][REMOTE_GET_MODE]
[12:07:04:205][HID_TX_ack]00-19-50-49-01-C0-A9-F5-01-00-03-00-0E-8A-00-50-49-0E-EF-00-00-00-00-02-00-E0-01-17-32-00-00-00-00-00-00-00-00-00-00-00-00-00-00-00-00-00-00-00-00-00-00-00-00-00-00-00-00-00-00-00-00-00-00-00-00
[12:07:04:205]50-49-01-C0-A9-F5-01-00-03-00-0E-8A-00
[12:07:04:205]50-49-0E-EF-00-00-00-00-02-00-E0-01-
[12:07:04:205]REMOTE_GET_MODE=01
[12:07:04:205][HID_TX]00-80-07-52-C1-50-41-06-0B-01-00-63-00-00-00-00-00-00-00-00-00-00-00-00-00-00-00-00-00-00-00-00-00-00-00-00-00-00-00-00-00-00-00-00-00-00-00-00-00-00-00-00-00-00-00-00-00-00-00-00-00-00-00-00-00
[12:07:04:206]HidD_GetInputReport=True
[12:07:04:206]reply_report=00-4F-00-00-00-00-00-00-00-00-00-00-00-00-00-00-00-00-00-00-00-00-00-00-00-00-00-00-00-00-00-00-00-00-00-00-00-00-00-00-00-00-00-00-00-00-00-00-00-00-00-00-00-00-00-00-00-00-00-00-00-00-00-00-00
[12:07:04:206]50-41-06-0B-01-00-63 [CMD_SENT][CMD_GET_IO_LEVEL]
[12:07:04:234][HID_TX_ack]00-12-50-49-01-F0-AB-3D-02-00-08-00-06-8B-00-01-F7-FF-1F-00-00-00-00-02-00-E0-01-17-32-00-00-00-00-00-00-00-00-00-00-00-00-00-00-00-00-00-00-00-00-00-00-00-00-00-00-00-00-00-00-00-00-00-00-00-00
[12:07:04:234]50-49-01-F0-AB-3D-02-00-08-00-06-8B-00-01-F7-FF-1F-00
[12:07:04:555][HID_TX]00-80-06-83-02-50-41-0E-0C-01-E0-00-00-00-00-00-00-00-00-00-00-00-00-00-00-00-00-00-00-00-00-00-00-00-00-00-00-00-00-00-00-00-00-00-00-00-00-00-00-00-00-00-00-00-00-00-00-00-00-00-00-00-00-00-00
[12:07:04:556]HidD_GetInputReport=True
[12:07:04:556]reply_report=00-4F-00-00-00-00-00-00-00-00-00-00-00-00-00-00-00-00-00-00-00-00-00-00-00-00-00-00-00-00-00-00-00-00-00-00-00-00-00-00-00-00-00-00-00-00-00-00-00-00-00-00-00-00-00-00-00-00-00-00-00-00-00-00-00
[12:07:04:556]50-41-0E-0C-01-E0 [CMD_SENT][REMOTE_GET_MODE]
[12:07:04:559][HID_TX_ack]00-19-50-49-01-C0-C9-F6-01-00-03-00-0E-8C-00-50-49-0E-F1-00-00-00-00-02-00-E0-01-17-32-00-00-00-00-00-00-00-00-00-00-00-00-00-00-00-00-00-00-00-00-00-00-00-00-00-00-00-00-00-00-00-00-00-00-00-00
[12:07:04:559]50-49-01-C0-C9-F6-01-00-03-00-0E-8C-00
[12:07:04:559]50-49-0E-F1-00-00-00-00-02-00-E0-01-
[12:07:04:559]REMOTE_GET_MODE=01
[12:07:04:559][HID_TX]00-80-07-6F-B1-50-41-06-0D-01-00-63-00-00-00-00-00-00-00-00-00-00-00-00-00-00-00-00-00-00-00-00-00-00-00-00-00-00-00-00-00-00-00-00-00-00-00-00-00-00-00-00-00-00-00-00-00-00-00-00-00-00-00-00-00
[12:07:04:560]HidD_GetInputReport=True
[12:07:04:560]reply_report=00-4F-00-00-00-00-00-00-00-00-00-00-00-00-00-00-00-00-00-00-00-00-00-00-00-00-00-00-00-00-00-00-00-00-00-00-00-00-00-00-00-00-00-00-00-00-00-00-00-00-00-00-00-00-00-00-00-00-00-00-00-00-00-00-00
[12:07:04:560]50-41-06-0D-01-00-63 [CMD_SENT][CMD_GET_IO_LEVEL]
[12:07:04:592][HID_TX_ack]00-12-50-49-01-F2-C3-3E-02-00-08-00-06-8D-00-01-F7-FF-1F-00-00-00-00-02-00-E0-01-17-32-00-00-00-00-00-00-00-00-00-00-00-00-00-00-00-00-00-00-00-00-00-00-00-00-00-00-00-00-00-00-00-00-00-00-00-00
[12:07:04:592]50-49-01-F2-C3-3E-02-00-08-00-06-8D-00-01-F7-FF-1F-00
[12:07:05:716][HID_TX]00-80-06-68-2D-50-41-0E-0E-01-E0-00-00-00-00-00-00-00-00-00-00-00-00-00-00-00-00-00-00-00-00-00-00-00-00-00-00-00-00-00-00-00-00-00-00-00-00-00-00-00-00-00-00-00-00-00-00-00-00-00-00-00-00-00-00
[12:07:05:718]HidD_GetInputReport=True
[12:07:05:719]reply_report=00-4F-00-00-00-00-00-00-00-00-00-00-00-00-00-00-00-00-00-00-00-00-00-00-00-00-00-00-00-00-00-00-00-00-00-00-00-00-00-00-00-00-00-00-00-00-00-00-00-00-00-00-00-00-00-00-00-00-00-00-00-00-00-00-00
[12:07:05:719]50-41-0E-0E-01-E0 [CMD_SENT][REMOTE_GET_MODE]
[12:07:05:721][HID_TX_ack]00-19-50-49-01-C0-6A-FA-01-00-03-00-0E-8E-00-50-49-0E-F3-00-00-00-00-02-00-E0-01-17-32-00-00-00-00-00-00-00-00-00-00-00-00-00-00-00-00-00-00-00-00-00-00-00-00-00-00-00-00-00-00-00-00-00-00-00-00
[12:07:05:721]50-49-01-C0-6A-FA-01-00-03-00-0E-8E-00
[12:07:05:721]50-49-0E-F3-00-00-00-00-02-00-E0-01-
[12:07:05:721]REMOTE_GET_MODE=01
[12:07:05:721][HID_TX]00-80-07-84-9E-50-41-06-0F-01-00-63-00-00-00-00-00-00-00-00-00-00-00-00-00-00-00-00-00-00-00-00-00-00-00-00-00-00-00-00-00-00-00-00-00-00-00-00-00-00-00-00-00-00-00-00-00-00-00-00-00-00-00-00-00
[12:07:05:723]HidD_GetInputReport=True
[12:07:05:724]reply_report=00-4F-00-00-00-00-00-00-00-00-00-00-00-00-00-00-00-00-00-00-00-00-00-00-00-00-00-00-00-00-00-00-00-00-00-00-00-00-00-00-00-00-00-00-00-00-00-00-00-00-00-00-00-00-00-00-00-00-00-00-00-00-00-00-00
[12:07:05:724]50-41-06-0F-01-00-63 [CMD_SENT][CMD_GET_IO_LEVEL]
[12:07:05:736][HID_TX_ack]00-12-50-49-01-F4-68-42-02-00-08-00-06-8F-00-01-FF-FF-1E-00-00-00-00-02-00-E0-01-17-32-00-00-00-00-00-00-00-00-00-00-00-00-00-00-00-00-00-00-00-00-00-00-00-00-00-00-00-00-00-00-00-00-00-00-00-00
[12:07:05:736]50-49-01-F4-68-42-02-00-08-00-06-8F-00-01-FF-FF-1E-00
[12:07:06:324][HID_TX_ack]00-0D-50-49-11-F5-4B-FC-01-00-03-00-20-EA-00-01-FF-FF-1E-00-00-00-00-02-00-E0-01-17-32-00-00-00-00-00-00-00-00-00-00-00-00-00-00-00-00-00-00-00-00-00-00-00-00-00-00-00-00-00-00-00-00-00-00-00-00
[12:07:06:324]50-49-11-F5-4B-FC-01-00-03-00-20-EA-00
[12:07:06:330][HID_TX_ack]00-0D-50-49-01-C0-51-FC-01-00-03-00-11-9A-18-01-FF-FF-1E-00-00-00-00-02-00-E0-01-17-32-00-00-00-00-00-00-00-00-00-00-00-00-00-00-00-00-00-00-00-00-00-00-00-00-00-00-00-00-00-00-00-00-00-00-00-00
[12:07:06:330]50-49-01-C0-51-FC-01-00-03-00-11-9A-18
[12:07:06:335][HID_TX_ack]00-0D-50-49-01-C0-55-FC-01-00-03-00-11-9B-17-01-FF-FF-1E-00-00-00-00-02-00-E0-01-17-32-00-00-00-00-00-00-00-00-00-00-00-00-00-00-00-00-00-00-00-00-00-00-00-00-00-00-00-00-00-00-00-00-00-00-00-00
[12:07:06:335]50-49-01-C0-55-FC-01-00-03-00-11-9B-17
[12:07:06:338][HID_TX_ack]00-0D-50-49-11-F6-57-FC-01-00-03-00-20-00-00-01-FF-FF-1E-00-00-00-00-02-00-E0-01-17-32-00-00-00-00-00-00-00-00-00-00-00-00-00-00-00-00-00-00-00-00-00-00-00-00-00-00-00-00-00-00-00-00-00-00-00-00
[12:07:06:338]50-49-11-F6-57-FC-01-00-03-00-20-00-00
[12:07:07:069][HID_TX]00-80-06-80-8D-50-41-0E-10-01-E0-00-00-00-00-00-00-00-00-00-00-00-00-00-00-00-00-00-00-00-00-00-00-00-00-00-00-00-00-00-00-00-00-00-00-00-00-00-00-00-00-00-00-00-00-00-00-00-00-00-00-00-00-00-00
[12:07:07:070]HidD_GetInputReport=True
[12:07:07:070]reply_report=00-4F-00-00-00-00-00-00-00-00-00-00-00-00-00-00-00-00-00-00-00-00-00-00-00-00-00-00-00-00-00-00-00-00-00-00-00-00-00-00-00-00-00-00-00-00-00-00-00-00-00-00-00-00-00-00-00-00-00-00-00-00-00-00-00
[12:07:07:070]50-41-0E-10-01-E0 [CMD_SENT][REMOTE_GET_MODE]
[12:07:07:074][HID_TX_ack]00-19-50-49-01-C0-A4-FE-01-00-03-00-0E-90-00-50-49-0E-F7-00-00-00-00-02-00-E0-01-17-32-00-00-00-00-00-00-00-00-00-00-00-00-00-00-00-00-00-00-00-00-00-00-00-00-00-00-00-00-00-00-00-00-00-00-00-00
[12:07:07:074]50-49-01-C0-A4-FE-01-00-03-00-0E-90-00
[12:07:07:074]50-49-0E-F7-00-00-00-00-02-00-E0-01-
[12:07:07:074]REMOTE_GET_MODE=01
[12:07:07:074][HID_TX]00-80-07-6C-3E-50-41-06-11-01-00-63-00-00-00-00-00-00-00-00-00-00-00-00-00-00-00-00-00-00-00-00-00-00-00-00-00-00-00-00-00-00-00-00-00-00-00-00-00-00-00-00-00-00-00-00-00-00-00-00-00-00-00-00-00
[12:07:07:075]HidD_GetInputReport=True
[12:07:07:075]reply_report=00-4F-00-00-00-00-00-00-00-00-00-00-00-00-00-00-00-00-00-00-00-00-00-00-00-00-00-00-00-00-00-00-00-00-00-00-00-00-00-00-00-00-00-00-00-00-00-00-00-00-00-00-00-00-00-00-00-00-00-00-00-00-00-00-00
[12:07:07:075]50-41-06-11-01-00-63 [CMD_SENT][CMD_GET_IO_LEVEL]
[12:07:07:104][HID_TX_ack]00-12-50-49-01-F8-A9-46-02-00-08-00-06-91-00-01-FF-FF-1D-00-00-00-00-02-00-E0-01-17-32-00-00-00-00-00-00-00-00-00-00-00-00-00-00-00-00-00-00-00-00-00-00-00-00-00-00-00-00-00-00-00-00-00-00-00-00
[12:07:07:104]50-49-01-F8-A9-46-02-00-08-00-06-91-00-01-FF-FF-1D-00
[12:07:08:064][HID_TX_ack]00-0D-50-49-11-F9-BB-01-02-00-03-00-20-E9-00-01-FF-FF-1D-00-00-00-00-02-00-E0-01-17-32-00-00-00-00-00-00-00-00-00-00-00-00-00-00-00-00-00-00-00-00-00-00-00-00-00-00-00-00-00-00-00-00-00-00-00-00
[12:07:08:064]50-49-11-F9-BB-01-02-00-03-00-20-E9-00
[12:07:08:073][HID_TX_ack]00-1A-50-49-01-C0-C3-01-02-00-03-00-11-9C-18-50-49-01-C0-C4-01-02-00-03-00-11-9D-17-32-00-00-00-00-00-00-00-00-00-00-00-00-00-00-00-00-00-00-00-00-00-00-00-00-00-00-00-00-00-00-00-00-00-00-00-00
[12:07:08:073]50-49-01-C0-C3-01-02-00-03-00-11-9C-18
[12:07:08:073]50-49-01-C0-C4-01-02-00-03-00-11-9D-17
[12:07:08:075][HID_TX_ack]00-0D-50-49-11-FA-C5-01-02-00-03-00-20-00-00-50-49-01-C0-C4-01-02-00-03-00-11-9D-17-32-00-00-00-00-00-00-00-00-00-00-00-00-00-00-00-00-00-00-00-00-00-00-00-00-00-00-00-00-00-00-00-00-00-00-00-00
[12:07:08:076]50-49-11-FA-C5-01-02-00-03-00-20-00-00
[12:07:08:246][HID_TX]00-80-07-EB-56-50-41-0E-12-02-E1-00-00-00-00-00-00-00-00-00-00-00-00-00-00-00-00-00-00-00-00-00-00-00-00-00-00-00-00-00-00-00-00-00-00-00-00-00-00-00-00-00-00-00-00-00-00-00-00-00-00-00-00-00-00
[12:07:08:247]HidD_GetInputReport=True
[12:07:08:247]reply_report=00-4F-00-00-00-00-00-00-00-00-00-00-00-00-00-00-00-00-00-00-00-00-00-00-00-00-00-00-00-00-00-00-00-00-00-00-00-00-00-00-00-00-00-00-00-00-00-00-00-00-00-00-00-00-00-00-00-00-00-00-00-00-00-00-00
[12:07:08:247]50-41-0E-12-02-E1-00 [CMD_SENT][REMOTE_SET_MODE] is_remote=False
[12:07:08:249][HID_TX_ack]00-0D-50-49-01-C0-51-02-02-00-03-00-0E-92-00-50-49-01-C0-C4-01-02-00-03-00-11-9D-17-32-00-00-00-00-00-00-00-00-00-00-00-00-00-00-00-00-00-00-00-00-00-00-00-00-00-00-00-00-00-00-00-00-00-00-00-00
[12:07:08:250]50-49-01-C0-51-02-02-00-03-00-0E-92-00
[12:07:08:250]ystech_Power_Saving, is_EnablePowerSaving=True
[12:07:08:250][HID_TX]00-85-01-73-56-02-00-00-00-00-00-00-00-00-00-00-00-00-00-00-00-00-00-00-00-00-00-00-00-00-00-00-00-00-00-00-00-00-00-00-00-00-00-00-00-00-00-00-00-00-00-00-00-00-00-00-00-00-00-00-00-00-00-00-00
[12:07:08:251]HidD_GetInputReport=True
[12:07:08:251]reply_report=00-4F-00-00-00-00-00-00-00-00-00-00-00-00-00-00-00-00-00-00-00-00-00-00-00-00-00-00-00-00-00-00-00-00-00-00-00-00-00-00-00-00-00-00-00-00-00-00-00-00-00-00-00-00-00-00-00-00-00-00-00-00-00-00-00
[12:07:08:251]HID_CMD_POWER_SAVING_Enable
[12:07:08:251]close_hid_stream
[12:07:08:251]close_hid_handle
