[15:52:51:119]\\?\hid#dell09c2&col02#5&bc4dc33&0&0001#{4d1e55b2-f16f-11cf-88cb-001111000030}
[15:52:51:120]\\?\hid#dell09c2&col03#5&bc4dc33&0&0002#{4d1e55b2-f16f-11cf-88cb-001111000030}
[15:52:51:120]\\?\hid#intc816&col01#3&207f9b7f&0&0000#{4d1e55b2-f16f-11cf-88cb-001111000030}
[15:52:51:120]\\?\hid#intc816&col02#3&207f9b7f&0&0001#{4d1e55b2-f16f-11cf-88cb-001111000030}
[15:52:51:120]\\?\hid#converteddevice&col02#5&17bac0a6&0&0001#{4d1e55b2-f16f-11cf-88cb-001111000030}
[15:52:51:120]\\?\hid#converteddevice&col03#5&17bac0a6&0&0002#{4d1e55b2-f16f-11cf-88cb-001111000030}
[15:52:51:120]\\?\hid#dell09c2&col04#5&bc4dc33&0&0003#{4d1e55b2-f16f-11cf-88cb-001111000030}
[15:52:51:120]\\?\hid#{00001812-0000-1000-8000-00805f9b34fb}_dev_vid&0232c2_pid&0001_rev&0068_ccb624cd66b1#9&326e3aae&0&0000#{4d1e55b2-f16f-11cf-88cb-001111000030}
[15:52:51:120]\\?\hid#dell09c2&col05#5&bc4dc33&0&0004#{4d1e55b2-f16f-11cf-88cb-001111000030}
[15:52:51:120]\\?\hid#converteddevice&col01#5&17bac0a6&0&0000#{4d1e55b2-f16f-11cf-88cb-001111000030}\kbd
[15:52:51:120]\\?\hid#dell09c2&col01#5&bc4dc33&0&0000#{4d1e55b2-f16f-11cf-88cb-001111000030}
[15:52:51:120]\\?\hid#vid_046d&pid_0adf&mi_00#7&3ad8dff3&0&0000#{4d1e55b2-f16f-11cf-88cb-001111000030}
[15:52:51:120]\\?\hid#vid_046d&pid_0adf&mi_04#7&18e94d0e&0&0000#{4d1e55b2-f16f-11cf-88cb-001111000030}
[15:52:51:122]try_path=\\?\hid#vid_046d&pid_0adf&mi_00#7&3ad8dff3&0&0000#{4d1e55b2-f16f-11cf-88cb-001111000030}
[15:52:51:124]	InputReportByteLength=65
[15:52:51:124]	OutputReportByteLength=65
[15:52:51:124]HID_Connected=\\?\hid#vid_046d&pid_0adf&mi_00#7&3ad8dff3&0&0000#{4d1e55b2-f16f-11cf-88cb-001111000030}
[15:52:51:125][HID_TX]00-84-01-D1-55-01-00-00-00-00-00-00-00-00-00-00-00-00-00-00-00-00-00-00-00-00-00-00-00-00-00-00-00-00-00-00-00-00-00-00-00-00-00-00-00-00-00-00-00-00-00-00-00-00-00-00-00-00-00-00-00-00-00-00-00
[15:52:51:127]HidD_GetInputReport=True
[15:52:51:127]reply_report=00-4F-56-31-2E-38-2E-35-2E-31-00-00-00-00-00-00-00-00-00-00-00-00-00-00-00-00-00-00-00-00-00-00-00-00-00-00-00-00-00-00-00-00-00-00-00-00-00-00-00-00-00-00-00-00-00-00-00-00-00-00-00-00-00-00-00
[15:52:51:127][ys_tech] fw_version=V1.8.5.1
[15:52:51:128]ystech_Power_Saving, is_EnablePowerSaving=False
[15:52:51:128][HID_TX]00-85-01-83-8B-01-00-00-00-00-00-00-00-00-00-00-00-00-00-00-00-00-00-00-00-00-00-00-00-00-00-00-00-00-00-00-00-00-00-00-00-00-00-00-00-00-00-00-00-00-00-00-00-00-00-00-00-00-00-00-00-00-00-00-00
[15:52:51:129]HidD_GetInputReport=True
[15:52:51:129]reply_report=00-4F-00-00-00-00-00-00-00-00-00-00-00-00-00-00-00-00-00-00-00-00-00-00-00-00-00-00-00-00-00-00-00-00-00-00-00-00-00-00-00-00-00-00-00-00-00-00-00-00-00-00-00-00-00-00-00-00-00-00-00-00-00-00-00
[15:52:51:129]HID_CMD_POWER_SAVING_Disable
[15:52:51:129]path_connected=\\?\hid#vid_046d&pid_0adf&mi_00#7&3ad8dff3&0&0000#{4d1e55b2-f16f-11cf-88cb-001111000030}
[15:52:51:204][HID_TX_ack]00-0D-50-49-11-FD-C6-42-01-00-03-00-20-EA-00-50-49-01-C0-76-42-01-00-03-00-11-AE-17-32-00-00-00-00-00-00-00-00-00-00-00-00-00-00-00-00-00-00-00-00-00-00-00-00-00-00-00-00-00-00-00-00-00-00-00-00
[15:52:51:209]50-49-11-FD-C6-42-01-00-03-00-20-EA-00
[15:52:51:211][HID_TX_ack]00-1A-50-49-01-C0-CE-42-01-00-03-00-11-AF-18-50-49-01-C0-CF-42-01-00-03-00-11-B0-17-32-00-00-00-00-00-00-00-00-00-00-00-00-00-00-00-00-00-00-00-00-00-00-00-00-00-00-00-00-00-00-00-00-00-00-00-00
[15:52:51:211]50-49-01-C0-CE-42-01-00-03-00-11-AF-18
[15:52:51:211]50-49-01-C0-CF-42-01-00-03-00-11-B0-17
[15:52:51:214][HID_TX_ack]00-0D-50-49-11-FE-D0-42-01-00-03-00-20-00-00-50-49-01-C0-CF-42-01-00-03-00-11-B0-17-32-00-00-00-00-00-00-00-00-00-00-00-00-00-00-00-00-00-00-00-00-00-00-00-00-00-00-00-00-00-00-00-00-00-00-00-00
[15:52:51:214]50-49-11-FE-D0-42-01-00-03-00-20-00-00
[15:52:51:289][HID_TX_ack]00-0D-50-49-11-FF-0C-43-01-00-03-00-20-EA-00-50-49-01-C0-CF-42-01-00-03-00-11-B0-17-32-00-00-00-00-00-00-00-00-00-00-00-00-00-00-00-00-00-00-00-00-00-00-00-00-00-00-00-00-00-00-00-00-00-00-00-00
[15:52:51:289]50-49-11-FF-0C-43-01-00-03-00-20-EA-00
[15:52:51:299][HID_TX_ack]00-1A-50-49-01-C0-15-43-01-00-03-00-11-B1-18-50-49-01-C0-16-43-01-00-03-00-11-B2-17-32-00-00-00-00-00-00-00-00-00-00-00-00-00-00-00-00-00-00-00-00-00-00-00-00-00-00-00-00-00-00-00-00-00-00-00-00
[15:52:51:299]50-49-01-C0-15-43-01-00-03-00-11-B1-18
[15:52:51:299]50-49-01-C0-16-43-01-00-03-00-11-B2-17
[15:52:51:302][HID_TX_ack]00-0D-50-49-11-C0-17-43-01-00-03-00-20-00-00-50-49-01-C0-16-43-01-00-03-00-11-B2-17-32-00-00-00-00-00-00-00-00-00-00-00-00-00-00-00-00-00-00-00-00-00-00-00-00-00-00-00-00-00-00-00-00-00-00-00-00
[15:52:51:302]50-49-11-C0-17-43-01-00-03-00-20-00-00
[15:52:51:402][HID_TX_ack]00-0D-50-49-11-C1-66-43-01-00-03-00-20-EA-00-50-49-01-C0-16-43-01-00-03-00-11-B2-17-32-00-00-00-00-00-00-00-00-00-00-00-00-00-00-00-00-00-00-00-00-00-00-00-00-00-00-00-00-00-00-00-00-00-00-00-00
[15:52:51:402]50-49-11-C1-66-43-01-00-03-00-20-EA-00
[15:52:51:411][HID_TX_ack]00-1A-50-49-01-C0-6E-43-01-00-03-00-11-B3-18-50-49-01-C0-6F-43-01-00-03-00-11-B4-17-32-00-00-00-00-00-00-00-00-00-00-00-00-00-00-00-00-00-00-00-00-00-00-00-00-00-00-00-00-00-00-00-00-00-00-00-00
[15:52:51:411]50-49-01-C0-6E-43-01-00-03-00-11-B3-18
[15:52:51:411]50-49-01-C0-6F-43-01-00-03-00-11-B4-17
[15:52:51:414][HID_TX_ack]00-0D-50-49-11-C2-71-43-01-00-03-00-20-00-00-50-49-01-C0-6F-43-01-00-03-00-11-B4-17-32-00-00-00-00-00-00-00-00-00-00-00-00-00-00-00-00-00-00-00-00-00-00-00-00-00-00-00-00-00-00-00-00-00-00-00-00
[15:52:51:414]50-49-11-C2-71-43-01-00-03-00-20-00-00
[15:52:51:524][HID_TX_ack]00-0D-50-49-11-C3-C8-43-01-00-03-00-20-EA-00-50-49-01-C0-6F-43-01-00-03-00-11-B4-17-32-00-00-00-00-00-00-00-00-00-00-00-00-00-00-00-00-00-00-00-00-00-00-00-00-00-00-00-00-00-00-00-00-00-00-00-00
[15:52:51:524]50-49-11-C3-C8-43-01-00-03-00-20-EA-00
[15:52:51:531][HID_TX_ack]00-1A-50-49-01-C0-CF-43-01-00-03-00-11-B5-18-50-49-01-C0-D0-43-01-00-03-00-11-B6-17-32-00-00-00-00-00-00-00-00-00-00-00-00-00-00-00-00-00-00-00-00-00-00-00-00-00-00-00-00-00-00-00-00-00-00-00-00
[15:52:51:531]50-49-01-C0-CF-43-01-00-03-00-11-B5-18
[15:52:51:531]50-49-01-C0-D0-43-01-00-03-00-11-B6-17
[15:52:51:534][HID_TX_ack]00-0D-50-49-11-C4-D1-43-01-00-03-00-20-00-00-50-49-01-C0-D0-43-01-00-03-00-11-B6-17-32-00-00-00-00-00-00-00-00-00-00-00-00-00-00-00-00-00-00-00-00-00-00-00-00-00-00-00-00-00-00-00-00-00-00-00-00
[15:52:51:534]50-49-11-C4-D1-43-01-00-03-00-20-00-00
[15:52:51:630][HID_TX_ack]00-0D-50-49-11-C5-1C-44-01-00-03-00-20-EA-00-50-49-01-C0-D0-43-01-00-03-00-11-B6-17-32-00-00-00-00-00-00-00-00-00-00-00-00-00-00-00-00-00-00-00-00-00-00-00-00-00-00-00-00-00-00-00-00-00-00-00-00
[15:52:51:630]50-49-11-C5-1C-44-01-00-03-00-20-EA-00
[15:52:51:637][HID_TX_ack]00-1A-50-49-01-C0-23-44-01-00-03-00-11-B7-18-50-49-01-C0-24-44-01-00-03-00-11-B8-17-32-00-00-00-00-00-00-00-00-00-00-00-00-00-00-00-00-00-00-00-00-00-00-00-00-00-00-00-00-00-00-00-00-00-00-00-00
[15:52:51:637]50-49-01-C0-23-44-01-00-03-00-11-B7-18
[15:52:51:637]50-49-01-C0-24-44-01-00-03-00-11-B8-17
[15:52:51:640][HID_TX_ack]00-0D-50-49-11-C6-25-44-01-00-03-00-20-00-00-50-49-01-C0-24-44-01-00-03-00-11-B8-17-32-00-00-00-00-00-00-00-00-00-00-00-00-00-00-00-00-00-00-00-00-00-00-00-00-00-00-00-00-00-00-00-00-00-00-00-00
[15:52:51:640]50-49-11-C6-25-44-01-00-03-00-20-00-00
[15:52:51:735][HID_TX_ack]00-0D-50-49-11-C7-70-44-01-00-03-00-20-EA-00-50-49-01-C0-24-44-01-00-03-00-11-B8-17-32-00-00-00-00-00-00-00-00-00-00-00-00-00-00-00-00-00-00-00-00-00-00-00-00-00-00-00-00-00-00-00-00-00-00-00-00
[15:52:51:735]50-49-11-C7-70-44-01-00-03-00-20-EA-00
[15:52:51:750][HID_TX_ack]00-1A-50-49-01-C0-7D-44-01-00-03-00-11-B9-18-50-49-01-C0-7E-44-01-00-03-00-11-BA-17-32-00-00-00-00-00-00-00-00-00-00-00-00-00-00-00-00-00-00-00-00-00-00-00-00-00-00-00-00-00-00-00-00-00-00-00-00
[15:52:51:750]50-49-01-C0-7D-44-01-00-03-00-11-B9-18
[15:52:51:750]50-49-01-C0-7E-44-01-00-03-00-11-BA-17
[15:52:51:754][HID_TX_ack]00-0D-50-49-11-C8-80-44-01-00-03-00-20-00-00-50-49-01-C0-7E-44-01-00-03-00-11-BA-17-32-00-00-00-00-00-00-00-00-00-00-00-00-00-00-00-00-00-00-00-00-00-00-00-00-00-00-00-00-00-00-00-00-00-00-00-00
[15:52:51:754]50-49-11-C8-80-44-01-00-03-00-20-00-00
[15:52:51:829][HID_TX_ack]00-0D-50-49-11-C9-BC-44-01-00-03-00-20-EA-00-50-49-01-C0-7E-44-01-00-03-00-11-BA-17-32-00-00-00-00-00-00-00-00-00-00-00-00-00-00-00-00-00-00-00-00-00-00-00-00-00-00-00-00-00-00-00-00-00-00-00-00
[15:52:51:829]50-49-11-C9-BC-44-01-00-03-00-20-EA-00
[15:52:51:837][HID_TX_ack]00-0D-50-49-01-C0-C4-44-01-00-03-00-11-BB-18-50-49-01-C0-7E-44-01-00-03-00-11-BA-17-32-00-00-00-00-00-00-00-00-00-00-00-00-00-00-00-00-00-00-00-00-00-00-00-00-00-00-00-00-00-00-00-00-00-00-00-00
[15:52:51:837]50-49-01-C0-C4-44-01-00-03-00-11-BB-18
[15:52:51:841][HID_TX_ack]00-1A-50-49-01-C0-C6-44-01-00-03-00-11-BC-17-50-49-11-CA-C7-44-01-00-03-00-20-00-00-32-00-00-00-00-00-00-00-00-00-00-00-00-00-00-00-00-00-00-00-00-00-00-00-00-00-00-00-00-00-00-00-00-00-00-00-00
[15:52:51:841]50-49-01-C0-C6-44-01-00-03-00-11-BC-17
[15:52:51:842]50-49-11-CA-C7-44-01-00-03-00-20-00-00
[15:52:51:945][HID_TX_ack]00-0D-50-49-11-CB-18-45-01-00-03-00-20-EA-00-50-49-11-CA-C7-44-01-00-03-00-20-00-00-32-00-00-00-00-00-00-00-00-00-00-00-00-00-00-00-00-00-00-00-00-00-00-00-00-00-00-00-00-00-00-00-00-00-00-00-00
[15:52:51:945]50-49-11-CB-18-45-01-00-03-00-20-EA-00
[15:52:51:963][HID_TX_ack]00-1A-50-49-01-C0-26-45-01-00-03-00-11-BD-18-50-49-01-C0-28-45-01-00-03-00-11-BE-17-32-00-00-00-00-00-00-00-00-00-00-00-00-00-00-00-00-00-00-00-00-00-00-00-00-00-00-00-00-00-00-00-00-00-00-00-00
[15:52:51:963]50-49-01-C0-26-45-01-00-03-00-11-BD-18
[15:52:51:963]50-49-01-C0-28-45-01-00-03-00-11-BE-17
[15:52:51:965][HID_TX_ack]00-0D-50-49-11-CC-29-45-01-00-03-00-20-00-00-50-49-01-C0-28-45-01-00-03-00-11-BE-17-32-00-00-00-00-00-00-00-00-00-00-00-00-00-00-00-00-00-00-00-00-00-00-00-00-00-00-00-00-00-00-00-00-00-00-00-00
[15:52:51:965]50-49-11-CC-29-45-01-00-03-00-20-00-00
[15:52:52:050][HID_TX_ack]00-0D-50-49-11-CD-6C-45-01-00-03-00-20-EA-00-50-49-01-C0-28-45-01-00-03-00-11-BE-17-32-00-00-00-00-00-00-00-00-00-00-00-00-00-00-00-00-00-00-00-00-00-00-00-00-00-00-00-00-00-00-00-00-00-00-00-00
[15:52:52:050]50-49-11-CD-6C-45-01-00-03-00-20-EA-00
[15:52:52:063][HID_TX_ack]00-1A-50-49-01-C0-77-45-01-00-03-00-11-BF-18-50-49-01-C0-78-45-01-00-03-00-11-C0-17-32-00-00-00-00-00-00-00-00-00-00-00-00-00-00-00-00-00-00-00-00-00-00-00-00-00-00-00-00-00-00-00-00-00-00-00-00
[15:52:52:063]50-49-01-C0-77-45-01-00-03-00-11-BF-18
[15:52:52:063]50-49-01-C0-78-45-01-00-03-00-11-C0-17
[15:52:52:066][HID_TX_ack]00-0D-50-49-11-CE-79-45-01-00-03-00-20-00-00-50-49-01-C0-78-45-01-00-03-00-11-C0-17-32-00-00-00-00-00-00-00-00-00-00-00-00-00-00-00-00-00-00-00-00-00-00-00-00-00-00-00-00-00-00-00-00-00-00-00-00
[15:52:52:066]50-49-11-CE-79-45-01-00-03-00-20-00-00
[15:52:52:163][HID_TX_ack]00-0D-50-49-11-CF-B8-45-01-00-03-00-20-EA-00-50-49-01-C0-78-45-01-00-03-00-11-C0-17-32-00-00-00-00-00-00-00-00-00-00-00-00-00-00-00-00-00-00-00-00-00-00-00-00-00-00-00-00-00-00-00-00-00-00-00-00
[15:52:52:163]50-49-11-CF-B8-45-01-00-03-00-20-EA-00
[15:52:52:163][HID_TX_ack]00-1A-50-49-01-C0-C2-45-01-00-03-00-11-C1-18-50-49-01-C0-C2-45-01-00-03-00-11-C2-17-32-00-00-00-00-00-00-00-00-00-00-00-00-00-00-00-00-00-00-00-00-00-00-00-00-00-00-00-00-00-00-00-00-00-00-00-00
[15:52:52:163]50-49-01-C0-C2-45-01-00-03-00-11-C1-18
[15:52:52:163]50-49-01-C0-C2-45-01-00-03-00-11-C2-17
[15:52:52:163][HID_TX_ack]00-0D-50-49-11-D0-C4-45-01-00-03-00-20-00-00-50-49-01-C0-C2-45-01-00-03-00-11-C2-17-32-00-00-00-00-00-00-00-00-00-00-00-00-00-00-00-00-00-00-00-00-00-00-00-00-00-00-00-00-00-00-00-00-00-00-00-00
[15:52:52:163]50-49-11-D0-C4-45-01-00-03-00-20-00-00
[15:52:52:259][HID_TX_ack]00-0D-50-49-11-D1-14-46-01-00-03-00-20-EA-00-50-49-01-C0-C2-45-01-00-03-00-11-C2-17-32-00-00-00-00-00-00-00-00-00-00-00-00-00-00-00-00-00-00-00-00-00-00-00-00-00-00-00-00-00-00-00-00-00-00-00-00
[15:52:52:259]50-49-11-D1-14-46-01-00-03-00-20-EA-00
[15:52:52:266][HID_TX_ack]00-0D-50-49-01-C0-1B-46-01-00-03-00-11-C3-18-50-49-01-C0-C2-45-01-00-03-00-11-C2-17-32-00-00-00-00-00-00-00-00-00-00-00-00-00-00-00-00-00-00-00-00-00-00-00-00-00-00-00-00-00-00-00-00-00-00-00-00
[15:52:52:267]50-49-01-C0-1B-46-01-00-03-00-11-C3-18
[15:52:52:272][HID_TX_ack]00-0D-50-49-01-C0-20-46-01-00-03-00-11-C4-17-50-49-01-C0-C2-45-01-00-03-00-11-C2-17-32-00-00-00-00-00-00-00-00-00-00-00-00-00-00-00-00-00-00-00-00-00-00-00-00-00-00-00-00-00-00-00-00-00-00-00-00
[15:52:52:272]50-49-01-C0-20-46-01-00-03-00-11-C4-17
[15:52:52:274][HID_TX_ack]00-0D-50-49-11-D2-21-46-01-00-03-00-20-00-00-50-49-01-C0-C2-45-01-00-03-00-11-C2-17-32-00-00-00-00-00-00-00-00-00-00-00-00-00-00-00-00-00-00-00-00-00-00-00-00-00-00-00-00-00-00-00-00-00-00-00-00
[15:52:52:274]50-49-11-D2-21-46-01-00-03-00-20-00-00
[15:52:53:937][HID_TX_ack]00-0D-50-49-11-D3-68-46-01-00-03-00-20-EA-00-50-49-01-C0-C2-45-01-00-03-00-11-C2-17-32-00-00-00-00-00-00-00-00-00-00-00-00-00-00-00-00-00-00-00-00-00-00-00-00-00-00-00-00-00-00-00-00-00-00-00-00
[15:52:53:937]50-49-11-D3-68-46-01-00-03-00-20-EA-00
[15:52:53:938][HID_TX_ack]00-1A-50-49-01-C0-73-46-01-00-03-00-11-C5-18-50-49-01-C0-74-46-01-00-03-00-11-C6-17-32-00-00-00-00-00-00-00-00-00-00-00-00-00-00-00-00-00-00-00-00-00-00-00-00-00-00-00-00-00-00-00-00-00-00-00-00
[15:52:53:938]50-49-01-C0-73-46-01-00-03-00-11-C5-18
[15:52:53:938]50-49-01-C0-74-46-01-00-03-00-11-C6-17
[15:52:53:939][HID_TX_ack]00-0D-50-49-11-D4-75-46-01-00-03-00-20-00-00-50-49-01-C0-74-46-01-00-03-00-11-C6-17-32-00-00-00-00-00-00-00-00-00-00-00-00-00-00-00-00-00-00-00-00-00-00-00-00-00-00-00-00-00-00-00-00-00-00-00-00
[15:52:53:939]50-49-11-D4-75-46-01-00-03-00-20-00-00
[15:52:53:939][HID_TX_ack]00-0D-50-49-11-D5-B6-46-01-00-03-00-20-EA-00-50-49-01-C0-74-46-01-00-03-00-11-C6-17-32-00-00-00-00-00-00-00-00-00-00-00-00-00-00-00-00-00-00-00-00-00-00-00-00-00-00-00-00-00-00-00-00-00-00-00-00
[15:52:53:939]50-49-11-D5-B6-46-01-00-03-00-20-EA-00
[15:52:53:939][HID_TX_ack]00-0D-50-49-01-C0-BB-46-01-00-03-00-11-C7-18-50-49-01-C0-74-46-01-00-03-00-11-C6-17-32-00-00-00-00-00-00-00-00-00-00-00-00-00-00-00-00-00-00-00-00-00-00-00-00-00-00-00-00-00-00-00-00-00-00-00-00
[15:52:53:940]50-49-01-C0-BB-46-01-00-03-00-11-C7-18
[15:52:53:940][HID_TX_ack]00-0D-50-49-01-C0-C1-46-01-00-03-00-11-C8-17-50-49-01-C0-74-46-01-00-03-00-11-C6-17-32-00-00-00-00-00-00-00-00-00-00-00-00-00-00-00-00-00-00-00-00-00-00-00-00-00-00-00-00-00-00-00-00-00-00-00-00
[15:52:53:940]50-49-01-C0-C1-46-01-00-03-00-11-C8-17
[15:52:53:940][HID_TX_ack]00-0D-50-49-11-D6-C2-46-01-00-03-00-20-00-00-50-49-01-C0-74-46-01-00-03-00-11-C6-17-32-00-00-00-00-00-00-00-00-00-00-00-00-00-00-00-00-00-00-00-00-00-00-00-00-00-00-00-00-00-00-00-00-00-00-00-00
[15:52:53:940]50-49-11-D6-C2-46-01-00-03-00-20-00-00
[15:52:53:940][HID_TX_ack]00-0D-50-49-11-D7-10-47-01-00-03-00-20-EA-00-50-49-01-C0-74-46-01-00-03-00-11-C6-17-32-00-00-00-00-00-00-00-00-00-00-00-00-00-00-00-00-00-00-00-00-00-00-00-00-00-00-00-00-00-00-00-00-00-00-00-00
[15:52:53:940]50-49-11-D7-10-47-01-00-03-00-20-EA-00
[15:52:53:940][HID_TX_ack]00-1A-50-49-01-C0-1C-47-01-00-03-00-11-C9-18-50-49-01-C0-1D-47-01-00-03-00-11-CA-17-32-00-00-00-00-00-00-00-00-00-00-00-00-00-00-00-00-00-00-00-00-00-00-00-00-00-00-00-00-00-00-00-00-00-00-00-00
[15:52:53:941]50-49-01-C0-1C-47-01-00-03-00-11-C9-18
[15:52:53:941]50-49-01-C0-1D-47-01-00-03-00-11-CA-17
[15:52:53:941][HID_TX_ack]00-0D-50-49-11-D8-1E-47-01-00-03-00-20-00-00-50-49-01-C0-1D-47-01-00-03-00-11-CA-17-32-00-00-00-00-00-00-00-00-00-00-00-00-00-00-00-00-00-00-00-00-00-00-00-00-00-00-00-00-00-00-00-00-00-00-00-00
[15:52:53:941]50-49-11-D8-1E-47-01-00-03-00-20-00-00
[15:52:53:941][HID_TX_ack]00-0D-50-49-01-C0-2C-47-01-00-03-00-11-CB-16-50-49-01-C0-1D-47-01-00-03-00-11-CA-17-32-00-00-00-00-00-00-00-00-00-00-00-00-00-00-00-00-00-00-00-00-00-00-00-00-00-00-00-00-00-00-00-00-00-00-00-00
[15:52:53:941]50-49-01-C0-2C-47-01-00-03-00-11-CB-16
[15:52:53:947][HID_TX]00-80-06-1C-7D-50-41-0E-01-01-E0-00-00-00-00-00-00-00-00-00-00-00-00-00-00-00-00-00-00-00-00-00-00-00-00-00-00-00-00-00-00-00-00-00-00-00-00-00-00-00-00-00-00-00-00-00-00-00-00-00-00-00-00-00-00
[15:52:53:949]HidD_GetInputReport=True
[15:52:53:949]reply_report=00-4F-00-00-00-00-00-00-00-00-00-00-00-00-00-00-00-00-00-00-00-00-00-00-00-00-00-00-00-00-00-00-00-00-00-00-00-00-00-00-00-00-00-00-00-00-00-00-00-00-00-00-00-00-00-00-00-00-00-00-00-00-00-00-00
[15:52:53:949]50-41-0E-01-01-E0 [CMD_SENT][REMOTE_GET_MODE]
[15:52:53:951][HID_TX_ack]00-19-50-49-01-C0-5F-4B-01-00-03-00-0E-81-00-50-49-0E-D9-00-00-00-00-02-00-E0-01-17-32-00-00-00-00-00-00-00-00-00-00-00-00-00-00-00-00-00-00-00-00-00-00-00-00-00-00-00-00-00-00-00-00-00-00-00-00
[15:52:53:952]REMOTE_GET_MODE=01
[15:52:53:952]50-49-01-C0-5F-4B-01-00-03-00-0E-81-00
[15:52:53:952]50-49-0E-D9-00-00-00-00-02-00-E0-01-
[15:52:53:952][HID_TX]00-80-07-1B-E1-50-41-06-02-01-00-63-00-00-00-00-00-00-00-00-00-00-00-00-00-00-00-00-00-00-00-00-00-00-00-00-00-00-00-00-00-00-00-00-00-00-00-00-00-00-00-00-00-00-00-00-00-00-00-00-00-00-00-00-00
[15:52:53:953]HidD_GetInputReport=True
[15:52:53:954]reply_report=00-4F-00-00-00-00-00-00-00-00-00-00-00-00-00-00-00-00-00-00-00-00-00-00-00-00-00-00-00-00-00-00-00-00-00-00-00-00-00-00-00-00-00-00-00-00-00-00-00-00-00-00-00-00-00-00-00-00-00-00-00-00-00-00-00
[15:52:53:954]50-41-06-02-01-00-63 [CMD_SENT][CMD_GET_IO_LEVEL]
[15:52:53:993][HID_TX_ack]00-12-50-49-01-DA-DD-A4-0C-00-08-00-06-82-00-01-FF-FF-0E-00-00-00-00-02-00-E0-01-17-32-00-00-00-00-00-00-00-00-00-00-00-00-00-00-00-00-00-00-00-00-00-00-00-00-00-00-00-00-00-00-00-00-00-00-00-00
[15:52:53:993]50-49-01-DA-DD-A4-0C-00-08-00-06-82-00-01-FF-FF-0E-00
