[10:34:21:002]\\?\hid#dell09c2&col02#5&bc4dc33&0&0001#{4d1e55b2-f16f-11cf-88cb-001111000030}
[10:34:21:002]\\?\hid#dell09c2&col03#5&bc4dc33&0&0002#{4d1e55b2-f16f-11cf-88cb-001111000030}
[10:34:21:002]\\?\hid#intc816&col01#3&207f9b7f&0&0000#{4d1e55b2-f16f-11cf-88cb-001111000030}
[10:34:21:002]\\?\hid#intc816&col02#3&207f9b7f&0&0001#{4d1e55b2-f16f-11cf-88cb-001111000030}
[10:34:21:002]\\?\hid#converteddevice&col02#5&17bac0a6&0&0001#{4d1e55b2-f16f-11cf-88cb-001111000030}
[10:34:21:002]\\?\hid#converteddevice&col03#5&17bac0a6&0&0002#{4d1e55b2-f16f-11cf-88cb-001111000030}
[10:34:21:002]\\?\hid#dell09c2&col04#5&bc4dc33&0&0003#{4d1e55b2-f16f-11cf-88cb-001111000030}
[10:34:21:002]\\?\hid#{00001812-0000-1000-8000-00805f9b34fb}_dev_vid&0232c2_pid&0001_rev&0068_ccb624cd66b1#9&326e3aae&0&0000#{4d1e55b2-f16f-11cf-88cb-001111000030}
[10:34:21:003]\\?\hid#dell09c2&col05#5&bc4dc33&0&0004#{4d1e55b2-f16f-11cf-88cb-001111000030}
[10:34:21:003]\\?\hid#converteddevice&col01#5&17bac0a6&0&0000#{4d1e55b2-f16f-11cf-88cb-001111000030}\kbd
[10:34:21:003]\\?\hid#dell09c2&col01#5&bc4dc33&0&0000#{4d1e55b2-f16f-11cf-88cb-001111000030}
[10:34:21:003]\\?\hid#vid_046d&pid_0adf&mi_00#7&3ad8dff3&0&0000#{4d1e55b2-f16f-11cf-88cb-001111000030}
[10:34:21:003]\\?\hid#vid_046d&pid_0adf&mi_04#7&18e94d0e&0&0000#{4d1e55b2-f16f-11cf-88cb-001111000030}
[10:34:21:006]try_path=\\?\hid#vid_046d&pid_0adf&mi_00#7&3ad8dff3&0&0000#{4d1e55b2-f16f-11cf-88cb-001111000030}
[10:34:21:007]	InputReportByteLength=65
[10:34:21:007]	OutputReportByteLength=65
[10:34:21:008]HID_Connected=\\?\hid#vid_046d&pid_0adf&mi_00#7&3ad8dff3&0&0000#{4d1e55b2-f16f-11cf-88cb-001111000030}
[10:34:21:009][HID_TX]00-84-01-D1-55-01-00-00-00-00-00-00-00-00-00-00-00-00-00-00-00-00-00-00-00-00-00-00-00-00-00-00-00-00-00-00-00-00-00-00-00-00-00-00-00-00-00-00-00-00-00-00-00-00-00-00-00-00-00-00-00-00-00-00-00
[10:34:21:011]HidD_GetInputReport=True
[10:34:21:011]reply_report=00-4F-56-31-2E-38-2E-35-2E-31-00-00-00-00-00-00-00-00-00-00-00-00-00-00-00-00-00-00-00-00-00-00-00-00-00-00-00-00-00-00-00-00-00-00-00-00-00-00-00-00-00-00-00-00-00-00-00-00-00-00-00-00-00-00-00
[10:34:21:011][ys_tech] fw_version=V1.8.5.1
[10:34:21:011]ystech_Power_Saving, is_EnablePowerSaving=False
[10:34:21:011][HID_TX]00-85-01-83-8B-01-00-00-00-00-00-00-00-00-00-00-00-00-00-00-00-00-00-00-00-00-00-00-00-00-00-00-00-00-00-00-00-00-00-00-00-00-00-00-00-00-00-00-00-00-00-00-00-00-00-00-00-00-00-00-00-00-00-00-00
[10:34:21:012]HidD_GetInputReport=True
[10:34:21:012]reply_report=00-46-00-00-00-00-00-00-00-00-00-00-00-00-00-00-00-00-00-00-00-00-00-00-00-00-00-00-00-00-00-00-00-00-00-00-00-00-00-00-00-00-00-00-00-00-00-00-00-00-00-00-00-00-00-00-00-00-00-00-00-00-00-00-00
[10:34:21:026][Response Fail][System.Exception]
[10:34:21:030]   at ..(Boolean  )
   at ..(Byte  , Byte[]  )
[10:34:21:084]_ystech_retry_count=1
[10:34:21:084][HID_TX]00-85-01-83-8B-01-00-00-00-00-00-00-00-00-00-00-00-00-00-00-00-00-00-00-00-00-00-00-00-00-00-00-00-00-00-00-00-00-00-00-00-00-00-00-00-00-00-00-00-00-00-00-00-00-00-00-00-00-00-00-00-00-00-00-00
[10:34:21:085]HidD_GetInputReport=True
[10:34:21:085]reply_report=00-4F-00-00-00-00-00-00-00-00-00-00-00-00-00-00-00-00-00-00-00-00-00-00-00-00-00-00-00-00-00-00-00-00-00-00-00-00-00-00-00-00-00-00-00-00-00-00-00-00-00-00-00-00-00-00-00-00-00-00-00-00-00-00-00
[10:34:21:085]HID_CMD_POWER_SAVING_Disable
[10:34:21:085]path_connected=\\?\hid#vid_046d&pid_0adf&mi_00#7&3ad8dff3&0&0000#{4d1e55b2-f16f-11cf-88cb-001111000030}
[10:34:36:359][HID_TX]00-80-06-1C-7D-50-41-0E-01-01-E0-00-00-00-00-00-00-00-00-00-00-00-00-00-00-00-00-00-00-00-00-00-00-00-00-00-00-00-00-00-00-00-00-00-00-00-00-00-00-00-00-00-00-00-00-00-00-00-00-00-00-00-00-00-00
[10:34:36:362]HidD_GetInputReport=True
[10:34:36:362]reply_report=00-4F-00-00-00-00-00-00-00-00-00-00-00-00-00-00-00-00-00-00-00-00-00-00-00-00-00-00-00-00-00-00-00-00-00-00-00-00-00-00-00-00-00-00-00-00-00-00-00-00-00-00-00-00-00-00-00-00-00-00-00-00-00-00-00
[10:34:36:362]50-41-0E-01-01-E0 [CMD_SENT][REMOTE_GET_MODE]
[10:34:36:368][HID_TX_ack]00-19-50-49-01-C0-8E-98-00-00-03-00-0E-81-00-50-49-0E-C4-00-00-00-00-02-00-E0-00-13-32-00-00-00-00-00-00-00-00-00-00-00-00-00-00-00-00-00-00-00-00-00-00-00-00-00-00-00-00-00-00-00-00-00-00-00-00
[10:34:36:372]REMOTE_GET_MODE=00
[10:34:36:372]50-49-01-C0-8E-98-00-00-03-00-0E-81-00
[10:34:36:372]50-49-0E-C4-00-00-00-00-02-00-E0-00-
[10:34:36:372][HID_TX]00-80-07-1B-E1-50-41-06-02-01-00-63-00-00-00-00-00-00-00-00-00-00-00-00-00-00-00-00-00-00-00-00-00-00-00-00-00-00-00-00-00-00-00-00-00-00-00-00-00-00-00-00-00-00-00-00-00-00-00-00-00-00-00-00-00
[10:34:36:373]HidD_GetInputReport=True
[10:34:36:373]reply_report=00-4F-00-00-00-00-00-00-00-00-00-00-00-00-00-00-00-00-00-00-00-00-00-00-00-00-00-00-00-00-00-00-00-00-00-00-00-00-00-00-00-00-00-00-00-00-00-00-00-00-00-00-00-00-00-00-00-00-00-00-00-00-00-00-00
[10:34:36:373]50-41-06-02-01-00-63 [CMD_SENT][CMD_GET_IO_LEVEL]
[10:34:36:376][HID_TX_ack]00-12-50-49-01-C0-8E-98-00-00-08-00-06-82-00-01-D8-FF-1F-00-00-00-00-02-00-E0-00-13-32-00-00-00-00-00-00-00-00-00-00-00-00-00-00-00-00-00-00-00-00-00-00-00-00-00-00-00-00-00-00-00-00-00-00-00-00
[10:34:36:376]50-49-01-C0-8E-98-00-00-08-00-06-82-00-01-D8-FF-1F-00
[10:34:36:595][HID_TX]00-80-06-F7-52-50-41-0E-03-01-E0-00-00-00-00-00-00-00-00-00-00-00-00-00-00-00-00-00-00-00-00-00-00-00-00-00-00-00-00-00-00-00-00-00-00-00-00-00-00-00-00-00-00-00-00-00-00-00-00-00-00-00-00-00-00
[10:34:36:596]HidD_GetInputReport=True
[10:34:36:596]reply_report=00-4F-00-00-00-00-00-00-00-00-00-00-00-00-00-00-00-00-00-00-00-00-00-00-00-00-00-00-00-00-00-00-00-00-00-00-00-00-00-00-00-00-00-00-00-00-00-00-00-00-00-00-00-00-00-00-00-00-00-00-00-00-00-00-00
[10:34:36:596]50-41-0E-03-01-E0 [CMD_SENT][REMOTE_GET_MODE]
[10:34:36:599][HID_TX_ack]00-19-50-49-01-C0-8E-98-00-00-03-00-0E-83-00-50-49-0E-C5-00-00-00-00-02-00-E0-00-13-32-00-00-00-00-00-00-00-00-00-00-00-00-00-00-00-00-00-00-00-00-00-00-00-00-00-00-00-00-00-00-00-00-00-00-00-00
[10:34:36:599]50-49-01-C0-8E-98-00-00-03-00-0E-83-00
[10:34:36:599]50-49-0E-C5-00-00-00-00-02-00-E0-00-
[10:34:36:599]REMOTE_GET_MODE=00
[10:34:36:599][HID_TX]00-80-07-26-91-50-41-06-04-01-00-63-00-00-00-00-00-00-00-00-00-00-00-00-00-00-00-00-00-00-00-00-00-00-00-00-00-00-00-00-00-00-00-00-00-00-00-00-00-00-00-00-00-00-00-00-00-00-00-00-00-00-00-00-00
[10:34:36:600]HidD_GetInputReport=True
[10:34:36:600]reply_report=00-4F-00-00-00-00-00-00-00-00-00-00-00-00-00-00-00-00-00-00-00-00-00-00-00-00-00-00-00-00-00-00-00-00-00-00-00-00-00-00-00-00-00-00-00-00-00-00-00-00-00-00-00-00-00-00-00-00-00-00-00-00-00-00-00
[10:34:36:600]50-41-06-04-01-00-63 [CMD_SENT][CMD_GET_IO_LEVEL]
[10:34:36:603][HID_TX_ack]00-12-50-49-01-C0-8E-98-00-00-08-00-06-84-00-01-D8-FF-1F-00-00-00-00-02-00-E0-00-13-32-00-00-00-00-00-00-00-00-00-00-00-00-00-00-00-00-00-00-00-00-00-00-00-00-00-00-00-00-00-00-00-00-00-00-00-00
[10:34:36:603]50-49-01-C0-8E-98-00-00-08-00-06-84-00-01-D8-FF-1F-00
[10:34:36:827][HID_TX]00-80-06-CA-22-50-41-0E-05-01-E0-00-00-00-00-00-00-00-00-00-00-00-00-00-00-00-00-00-00-00-00-00-00-00-00-00-00-00-00-00-00-00-00-00-00-00-00-00-00-00-00-00-00-00-00-00-00-00-00-00-00-00-00-00-00
[10:34:36:828]HidD_GetInputReport=True
[10:34:36:828]reply_report=00-4F-00-00-00-00-00-00-00-00-00-00-00-00-00-00-00-00-00-00-00-00-00-00-00-00-00-00-00-00-00-00-00-00-00-00-00-00-00-00-00-00-00-00-00-00-00-00-00-00-00-00-00-00-00-00-00-00-00-00-00-00-00-00-00
[10:34:36:828]50-41-0E-05-01-E0 [CMD_SENT][REMOTE_GET_MODE]
[10:34:36:830][HID_TX_ack]00-19-50-49-01-C0-8E-99-00-00-03-00-0E-85-00-50-49-0E-C6-00-00-00-00-02-00-E0-00-13-32-00-00-00-00-00-00-00-00-00-00-00-00-00-00-00-00-00-00-00-00-00-00-00-00-00-00-00-00-00-00-00-00-00-00-00-00
[10:34:36:830]50-49-01-C0-8E-99-00-00-03-00-0E-85-00
[10:34:36:830]50-49-0E-C6-00-00-00-00-02-00-E0-00-
[10:34:36:830]REMOTE_GET_MODE=00
[10:34:36:830][HID_TX]00-80-07-CD-BE-50-41-06-06-01-00-63-00-00-00-00-00-00-00-00-00-00-00-00-00-00-00-00-00-00-00-00-00-00-00-00-00-00-00-00-00-00-00-00-00-00-00-00-00-00-00-00-00-00-00-00-00-00-00-00-00-00-00-00-00
[10:34:36:831]HidD_GetInputReport=True
[10:34:36:831]reply_report=00-4F-00-00-00-00-00-00-00-00-00-00-00-00-00-00-00-00-00-00-00-00-00-00-00-00-00-00-00-00-00-00-00-00-00-00-00-00-00-00-00-00-00-00-00-00-00-00-00-00-00-00-00-00-00-00-00-00-00-00-00-00-00-00-00
[10:34:36:831]50-41-06-06-01-00-63 [CMD_SENT][CMD_GET_IO_LEVEL]
[10:34:36:834][HID_TX_ack]00-12-50-49-01-C0-8E-99-00-00-08-00-06-86-00-01-D8-FF-1F-00-00-00-00-02-00-E0-00-13-32-00-00-00-00-00-00-00-00-00-00-00-00-00-00-00-00-00-00-00-00-00-00-00-00-00-00-00-00-00-00-00-00-00-00-00-00
[10:34:36:834]50-49-01-C0-8E-99-00-00-08-00-06-86-00-01-D8-FF-1F-00
[10:34:37:057][HID_TX]00-80-06-21-0D-50-41-0E-07-01-E0-00-00-00-00-00-00-00-00-00-00-00-00-00-00-00-00-00-00-00-00-00-00-00-00-00-00-00-00-00-00-00-00-00-00-00-00-00-00-00-00-00-00-00-00-00-00-00-00-00-00-00-00-00-00
[10:34:37:059]HidD_GetInputReport=True
[10:34:37:059]reply_report=00-4F-00-00-00-00-00-00-00-00-00-00-00-00-00-00-00-00-00-00-00-00-00-00-00-00-00-00-00-00-00-00-00-00-00-00-00-00-00-00-00-00-00-00-00-00-00-00-00-00-00-00-00-00-00-00-00-00-00-00-00-00-00-00-00
[10:34:37:059]50-41-0E-07-01-E0 [CMD_SENT][REMOTE_GET_MODE]
[10:34:37:061][HID_TX_ack]00-19-50-49-01-C0-8E-9A-00-00-03-00-0E-87-00-50-49-0E-C7-00-00-00-00-02-00-E0-00-13-32-00-00-00-00-00-00-00-00-00-00-00-00-00-00-00-00-00-00-00-00-00-00-00-00-00-00-00-00-00-00-00-00-00-00-00-00
[10:34:37:061]50-49-01-C0-8E-9A-00-00-03-00-0E-87-00
[10:34:37:061]50-49-0E-C7-00-00-00-00-02-00-E0-00-
[10:34:37:061]REMOTE_GET_MODE=00
[10:34:37:062][HID_TX]00-80-07-5C-71-50-41-06-08-01-00-63-00-00-00-00-00-00-00-00-00-00-00-00-00-00-00-00-00-00-00-00-00-00-00-00-00-00-00-00-00-00-00-00-00-00-00-00-00-00-00-00-00-00-00-00-00-00-00-00-00-00-00-00-00
[10:34:37:063]HidD_GetInputReport=True
[10:34:37:063]reply_report=00-4F-00-00-00-00-00-00-00-00-00-00-00-00-00-00-00-00-00-00-00-00-00-00-00-00-00-00-00-00-00-00-00-00-00-00-00-00-00-00-00-00-00-00-00-00-00-00-00-00-00-00-00-00-00-00-00-00-00-00-00-00-00-00-00
[10:34:37:063]50-41-06-08-01-00-63 [CMD_SENT][CMD_GET_IO_LEVEL]
[10:34:37:065][HID_TX_ack]00-12-50-49-01-C0-8E-9A-00-00-08-00-06-88-00-01-D8-FF-1F-00-00-00-00-02-00-E0-00-13-32-00-00-00-00-00-00-00-00-00-00-00-00-00-00-00-00-00-00-00-00-00-00-00-00-00-00-00-00-00-00-00-00-00-00-00-00
[10:34:37:065]50-49-01-C0-8E-9A-00-00-08-00-06-88-00-01-D8-FF-1F-00
[10:34:37:286][HID_TX]00-80-06-B0-C2-50-41-0E-09-01-E0-00-00-00-00-00-00-00-00-00-00-00-00-00-00-00-00-00-00-00-00-00-00-00-00-00-00-00-00-00-00-00-00-00-00-00-00-00-00-00-00-00-00-00-00-00-00-00-00-00-00-00-00-00-00
[10:34:37:287]HidD_GetInputReport=True
[10:34:37:287]reply_report=00-4F-00-00-00-00-00-00-00-00-00-00-00-00-00-00-00-00-00-00-00-00-00-00-00-00-00-00-00-00-00-00-00-00-00-00-00-00-00-00-00-00-00-00-00-00-00-00-00-00-00-00-00-00-00-00-00-00-00-00-00-00-00-00-00
[10:34:37:287]50-41-0E-09-01-E0 [CMD_SENT][REMOTE_GET_MODE]
[10:34:37:290][HID_TX_ack]00-19-50-49-01-C0-77-9B-00-00-03-00-0E-89-00-50-49-0E-C8-00-00-00-00-02-00-E0-00-13-32-00-00-00-00-00-00-00-00-00-00-00-00-00-00-00-00-00-00-00-00-00-00-00-00-00-00-00-00-00-00-00-00-00-00-00-00
[10:34:37:290]50-49-01-C0-77-9B-00-00-03-00-0E-89-00
[10:34:37:290]50-49-0E-C8-00-00-00-00-02-00-E0-00-
[10:34:37:290]REMOTE_GET_MODE=00
[10:34:37:290][HID_TX]00-80-07-B7-5E-50-41-06-0A-01-00-63-00-00-00-00-00-00-00-00-00-00-00-00-00-00-00-00-00-00-00-00-00-00-00-00-00-00-00-00-00-00-00-00-00-00-00-00-00-00-00-00-00-00-00-00-00-00-00-00-00-00-00-00-00
[10:34:37:292]HidD_GetInputReport=True
[10:34:37:292]reply_report=00-4F-00-00-00-00-00-00-00-00-00-00-00-00-00-00-00-00-00-00-00-00-00-00-00-00-00-00-00-00-00-00-00-00-00-00-00-00-00-00-00-00-00-00-00-00-00-00-00-00-00-00-00-00-00-00-00-00-00-00-00-00-00-00-00
[10:34:37:293]50-41-06-0A-01-00-63 [CMD_SENT][CMD_GET_IO_LEVEL]
[10:34:37:294][HID_TX_ack]00-12-50-49-01-C0-7A-9B-00-00-08-00-06-8A-00-01-D8-FF-1F-00-00-00-00-02-00-E0-00-13-32-00-00-00-00-00-00-00-00-00-00-00-00-00-00-00-00-00-00-00-00-00-00-00-00-00-00-00-00-00-00-00-00-00-00-00-00
[10:34:37:294]50-49-01-C0-7A-9B-00-00-08-00-06-8A-00-01-D8-FF-1F-00
[10:34:37:504][HID_TX]00-80-06-5B-ED-50-41-0E-0B-01-E0-00-00-00-00-00-00-00-00-00-00-00-00-00-00-00-00-00-00-00-00-00-00-00-00-00-00-00-00-00-00-00-00-00-00-00-00-00-00-00-00-00-00-00-00-00-00-00-00-00-00-00-00-00-00
[10:34:37:505]HidD_GetInputReport=True
[10:34:37:506]reply_report=00-4F-00-00-00-00-00-00-00-00-00-00-00-00-00-00-00-00-00-00-00-00-00-00-00-00-00-00-00-00-00-00-00-00-00-00-00-00-00-00-00-00-00-00-00-00-00-00-00-00-00-00-00-00-00-00-00-00-00-00-00-00-00-00-00
[10:34:37:506]50-41-0E-0B-01-E0 [CMD_SENT][REMOTE_GET_MODE]
[10:34:37:508][HID_TX_ack]00-19-50-49-01-C0-8E-9B-00-00-03-00-0E-8B-00-50-49-0E-C9-00-00-00-00-02-00-E0-00-13-32-00-00-00-00-00-00-00-00-00-00-00-00-00-00-00-00-00-00-00-00-00-00-00-00-00-00-00-00-00-00-00-00-00-00-00-00
[10:34:37:508]50-49-01-C0-8E-9B-00-00-03-00-0E-8B-00
[10:34:37:508]50-49-0E-C9-00-00-00-00-02-00-E0-00-
[10:34:37:508]REMOTE_GET_MODE=00
[10:34:37:509][HID_TX]00-80-07-8A-2E-50-41-06-0C-01-00-63-00-00-00-00-00-00-00-00-00-00-00-00-00-00-00-00-00-00-00-00-00-00-00-00-00-00-00-00-00-00-00-00-00-00-00-00-00-00-00-00-00-00-00-00-00-00-00-00-00-00-00-00-00
[10:34:37:511]HidD_GetInputReport=True
[10:34:37:511]reply_report=00-4F-00-00-00-00-00-00-00-00-00-00-00-00-00-00-00-00-00-00-00-00-00-00-00-00-00-00-00-00-00-00-00-00-00-00-00-00-00-00-00-00-00-00-00-00-00-00-00-00-00-00-00-00-00-00-00-00-00-00-00-00-00-00-00
[10:34:37:511]50-41-06-0C-01-00-63 [CMD_SENT][CMD_GET_IO_LEVEL]
[10:34:37:513][HID_TX_ack]00-12-50-49-01-C0-8E-9B-00-00-08-00-06-8C-00-01-D8-FF-1F-00-00-00-00-02-00-E0-00-13-32-00-00-00-00-00-00-00-00-00-00-00-00-00-00-00-00-00-00-00-00-00-00-00-00-00-00-00-00-00-00-00-00-00-00-00-00
[10:34:37:513]50-49-01-C0-8E-9B-00-00-08-00-06-8C-00-01-D8-FF-1F-00
[10:34:37:737][HID_TX]00-80-06-66-9D-50-41-0E-0D-01-E0-00-00-00-00-00-00-00-00-00-00-00-00-00-00-00-00-00-00-00-00-00-00-00-00-00-00-00-00-00-00-00-00-00-00-00-00-00-00-00-00-00-00-00-00-00-00-00-00-00-00-00-00-00-00
[10:34:37:739]HidD_GetInputReport=True
[10:34:37:739]reply_report=00-4F-00-00-00-00-00-00-00-00-00-00-00-00-00-00-00-00-00-00-00-00-00-00-00-00-00-00-00-00-00-00-00-00-00-00-00-00-00-00-00-00-00-00-00-00-00-00-00-00-00-00-00-00-00-00-00-00-00-00-00-00-00-00-00
[10:34:37:739]50-41-0E-0D-01-E0 [CMD_SENT][REMOTE_GET_MODE]
[10:34:37:741][HID_TX_ack]00-19-50-49-01-C0-8E-9C-00-00-03-00-0E-8D-00-50-49-0E-CA-00-00-00-00-02-00-E0-00-13-32-00-00-00-00-00-00-00-00-00-00-00-00-00-00-00-00-00-00-00-00-00-00-00-00-00-00-00-00-00-00-00-00-00-00-00-00
[10:34:37:742]50-49-01-C0-8E-9C-00-00-03-00-0E-8D-00
[10:34:37:742]50-49-0E-CA-00-00-00-00-02-00-E0-00-
[10:34:37:742]REMOTE_GET_MODE=00
[10:34:37:742][HID_TX]00-80-07-61-01-50-41-06-0E-01-00-63-00-00-00-00-00-00-00-00-00-00-00-00-00-00-00-00-00-00-00-00-00-00-00-00-00-00-00-00-00-00-00-00-00-00-00-00-00-00-00-00-00-00-00-00-00-00-00-00-00-00-00-00-00
[10:34:37:743]HidD_GetInputReport=True
[10:34:37:743]reply_report=00-4F-00-00-00-00-00-00-00-00-00-00-00-00-00-00-00-00-00-00-00-00-00-00-00-00-00-00-00-00-00-00-00-00-00-00-00-00-00-00-00-00-00-00-00-00-00-00-00-00-00-00-00-00-00-00-00-00-00-00-00-00-00-00-00
[10:34:37:743]50-41-06-0E-01-00-63 [CMD_SENT][CMD_GET_IO_LEVEL]
[10:34:37:745][HID_TX_ack]00-12-50-49-01-C0-8E-9C-00-00-08-00-06-8E-00-01-D8-FF-1F-00-00-00-00-02-00-E0-00-13-32-00-00-00-00-00-00-00-00-00-00-00-00-00-00-00-00-00-00-00-00-00-00-00-00-00-00-00-00-00-00-00-00-00-00-00-00
[10:34:37:745]50-49-01-C0-8E-9C-00-00-08-00-06-8E-00-01-D8-FF-1F-00
[10:34:37:969][HID_TX]00-80-06-8D-B2-50-41-0E-0F-01-E0-00-00-00-00-00-00-00-00-00-00-00-00-00-00-00-00-00-00-00-00-00-00-00-00-00-00-00-00-00-00-00-00-00-00-00-00-00-00-00-00-00-00-00-00-00-00-00-00-00-00-00-00-00-00
[10:34:37:970]HidD_GetInputReport=True
[10:34:37:970]reply_report=00-4F-00-00-00-00-00-00-00-00-00-00-00-00-00-00-00-00-00-00-00-00-00-00-00-00-00-00-00-00-00-00-00-00-00-00-00-00-00-00-00-00-00-00-00-00-00-00-00-00-00-00-00-00-00-00-00-00-00-00-00-00-00-00-00
[10:34:37:970]50-41-0E-0F-01-E0 [CMD_SENT][REMOTE_GET_MODE]
[10:34:37:973][HID_TX_ack]00-19-50-49-01-C0-8E-9D-00-00-03-00-0E-8F-00-50-49-0E-CB-00-00-00-00-02-00-E0-00-13-32-00-00-00-00-00-00-00-00-00-00-00-00-00-00-00-00-00-00-00-00-00-00-00-00-00-00-00-00-00-00-00-00-00-00-00-00
[10:34:37:973]50-49-01-C0-8E-9D-00-00-03-00-0E-8F-00
[10:34:37:973]50-49-0E-CB-00-00-00-00-02-00-E0-00-
[10:34:37:973]REMOTE_GET_MODE=00
[10:34:37:973][HID_TX]00-80-07-89-A1-50-41-06-10-01-00-63-00-00-00-00-00-00-00-00-00-00-00-00-00-00-00-00-00-00-00-00-00-00-00-00-00-00-00-00-00-00-00-00-00-00-00-00-00-00-00-00-00-00-00-00-00-00-00-00-00-00-00-00-00
[10:34:37:974]HidD_GetInputReport=True
[10:34:37:974]reply_report=00-4F-00-00-00-00-00-00-00-00-00-00-00-00-00-00-00-00-00-00-00-00-00-00-00-00-00-00-00-00-00-00-00-00-00-00-00-00-00-00-00-00-00-00-00-00-00-00-00-00-00-00-00-00-00-00-00-00-00-00-00-00-00-00-00
[10:34:37:974]50-41-06-10-01-00-63 [CMD_SENT][CMD_GET_IO_LEVEL]
[10:34:37:977][HID_TX_ack]00-12-50-49-01-C0-8E-9D-00-00-08-00-06-90-00-01-D8-FF-1F-00-00-00-00-02-00-E0-00-13-32-00-00-00-00-00-00-00-00-00-00-00-00-00-00-00-00-00-00-00-00-00-00-00-00-00-00-00-00-00-00-00-00-00-00-00-00
[10:34:37:977]50-49-01-C0-8E-9D-00-00-08-00-06-90-00-01-D8-FF-1F-00
[10:34:38:201][HID_TX]00-80-06-65-12-50-41-0E-11-01-E0-00-00-00-00-00-00-00-00-00-00-00-00-00-00-00-00-00-00-00-00-00-00-00-00-00-00-00-00-00-00-00-00-00-00-00-00-00-00-00-00-00-00-00-00-00-00-00-00-00-00-00-00-00-00
[10:34:38:202]HidD_GetInputReport=True
[10:34:38:202]reply_report=00-4F-00-00-00-00-00-00-00-00-00-00-00-00-00-00-00-00-00-00-00-00-00-00-00-00-00-00-00-00-00-00-00-00-00-00-00-00-00-00-00-00-00-00-00-00-00-00-00-00-00-00-00-00-00-00-00-00-00-00-00-00-00-00-00
[10:34:38:202]50-41-0E-11-01-E0 [CMD_SENT][REMOTE_GET_MODE]
[10:34:38:205][HID_TX_ack]00-19-50-49-01-C0-8E-9D-00-00-03-00-0E-91-00-50-49-0E-CC-00-00-00-00-02-00-E0-00-13-32-00-00-00-00-00-00-00-00-00-00-00-00-00-00-00-00-00-00-00-00-00-00-00-00-00-00-00-00-00-00-00-00-00-00-00-00
[10:34:38:205]50-49-01-C0-8E-9D-00-00-03-00-0E-91-00
[10:34:38:205]50-49-0E-CC-00-00-00-00-02-00-E0-00-
[10:34:38:205]REMOTE_GET_MODE=00
[10:34:38:205][HID_TX]00-80-07-62-8E-50-41-06-12-01-00-63-00-00-00-00-00-00-00-00-00-00-00-00-00-00-00-00-00-00-00-00-00-00-00-00-00-00-00-00-00-00-00-00-00-00-00-00-00-00-00-00-00-00-00-00-00-00-00-00-00-00-00-00-00
[10:34:38:206]HidD_GetInputReport=True
[10:34:38:206]reply_report=00-4F-00-00-00-00-00-00-00-00-00-00-00-00-00-00-00-00-00-00-00-00-00-00-00-00-00-00-00-00-00-00-00-00-00-00-00-00-00-00-00-00-00-00-00-00-00-00-00-00-00-00-00-00-00-00-00-00-00-00-00-00-00-00-00
[10:34:38:206]50-41-06-12-01-00-63 [CMD_SENT][CMD_GET_IO_LEVEL]
[10:34:38:209][HID_TX_ack]00-12-50-49-01-C0-8E-9D-00-00-08-00-06-92-00-01-D8-FF-1F-00-00-00-00-02-00-E0-00-13-32-00-00-00-00-00-00-00-00-00-00-00-00-00-00-00-00-00-00-00-00-00-00-00-00-00-00-00-00-00-00-00-00-00-00-00-00
[10:34:38:209]50-49-01-C0-8E-9D-00-00-08-00-06-92-00-01-D8-FF-1F-00
[10:34:38:432][HID_TX]00-80-06-8E-3D-50-41-0E-13-01-E0-00-00-00-00-00-00-00-00-00-00-00-00-00-00-00-00-00-00-00-00-00-00-00-00-00-00-00-00-00-00-00-00-00-00-00-00-00-00-00-00-00-00-00-00-00-00-00-00-00-00-00-00-00-00
[10:34:38:433]HidD_GetInputReport=True
[10:34:38:433]reply_report=00-4F-00-00-00-00-00-00-00-00-00-00-00-00-00-00-00-00-00-00-00-00-00-00-00-00-00-00-00-00-00-00-00-00-00-00-00-00-00-00-00-00-00-00-00-00-00-00-00-00-00-00-00-00-00-00-00-00-00-00-00-00-00-00-00
[10:34:38:433]50-41-0E-13-01-E0 [CMD_SENT][REMOTE_GET_MODE]
[10:34:38:436][HID_TX_ack]00-19-50-49-01-C0-8E-9E-00-00-03-00-0E-93-00-50-49-0E-CD-00-00-00-00-02-00-E0-00-13-32-00-00-00-00-00-00-00-00-00-00-00-00-00-00-00-00-00-00-00-00-00-00-00-00-00-00-00-00-00-00-00-00-00-00-00-00
[10:34:38:436]50-49-01-C0-8E-9E-00-00-03-00-0E-93-00
[10:34:38:436]50-49-0E-CD-00-00-00-00-02-00-E0-00-
[10:34:38:436]REMOTE_GET_MODE=00
[10:34:38:436][HID_TX]00-80-07-5F-FE-50-41-06-14-01-00-63-00-00-00-00-00-00-00-00-00-00-00-00-00-00-00-00-00-00-00-00-00-00-00-00-00-00-00-00-00-00-00-00-00-00-00-00-00-00-00-00-00-00-00-00-00-00-00-00-00-00-00-00-00
[10:34:38:437]HidD_GetInputReport=True
[10:34:38:437]reply_report=00-4F-00-00-00-00-00-00-00-00-00-00-00-00-00-00-00-00-00-00-00-00-00-00-00-00-00-00-00-00-00-00-00-00-00-00-00-00-00-00-00-00-00-00-00-00-00-00-00-00-00-00-00-00-00-00-00-00-00-00-00-00-00-00-00
[10:34:38:437]50-41-06-14-01-00-63 [CMD_SENT][CMD_GET_IO_LEVEL]
[10:34:38:440][HID_TX_ack]00-12-50-49-01-C0-8E-9E-00-00-08-00-06-94-00-01-D8-FF-1F-00-00-00-00-02-00-E0-00-13-32-00-00-00-00-00-00-00-00-00-00-00-00-00-00-00-00-00-00-00-00-00-00-00-00-00-00-00-00-00-00-00-00-00-00-00-00
[10:34:38:440]50-49-01-C0-8E-9E-00-00-08-00-06-94-00-01-D8-FF-1F-00
[10:34:38:661][HID_TX]00-80-06-B3-4D-50-41-0E-15-01-E0-00-00-00-00-00-00-00-00-00-00-00-00-00-00-00-00-00-00-00-00-00-00-00-00-00-00-00-00-00-00-00-00-00-00-00-00-00-00-00-00-00-00-00-00-00-00-00-00-00-00-00-00-00-00
[10:34:38:662]HidD_GetInputReport=True
[10:34:38:662]reply_report=00-4F-00-00-00-00-00-00-00-00-00-00-00-00-00-00-00-00-00-00-00-00-00-00-00-00-00-00-00-00-00-00-00-00-00-00-00-00-00-00-00-00-00-00-00-00-00-00-00-00-00-00-00-00-00-00-00-00-00-00-00-00-00-00-00
[10:34:38:662]50-41-0E-15-01-E0 [CMD_SENT][REMOTE_GET_MODE]
[10:34:38:665][HID_TX_ack]00-19-50-49-01-C0-8E-9F-00-00-03-00-0E-95-00-50-49-0E-CE-00-00-00-00-02-00-E0-00-13-32-00-00-00-00-00-00-00-00-00-00-00-00-00-00-00-00-00-00-00-00-00-00-00-00-00-00-00-00-00-00-00-00-00-00-00-00
[10:34:38:665]50-49-01-C0-8E-9F-00-00-03-00-0E-95-00
[10:34:38:665]50-49-0E-CE-00-00-00-00-02-00-E0-00-
[10:34:38:665]REMOTE_GET_MODE=00
[10:34:38:665][HID_TX]00-80-07-B4-D1-50-41-06-16-01-00-63-00-00-00-00-00-00-00-00-00-00-00-00-00-00-00-00-00-00-00-00-00-00-00-00-00-00-00-00-00-00-00-00-00-00-00-00-00-00-00-00-00-00-00-00-00-00-00-00-00-00-00-00-00
[10:34:38:666]HidD_GetInputReport=True
[10:34:38:666]reply_report=00-4F-00-00-00-00-00-00-00-00-00-00-00-00-00-00-00-00-00-00-00-00-00-00-00-00-00-00-00-00-00-00-00-00-00-00-00-00-00-00-00-00-00-00-00-00-00-00-00-00-00-00-00-00-00-00-00-00-00-00-00-00-00-00-00
[10:34:38:666]50-41-06-16-01-00-63 [CMD_SENT][CMD_GET_IO_LEVEL]
[10:34:38:669][HID_TX_ack]00-12-50-49-01-C0-8E-9F-00-00-08-00-06-96-00-01-D8-FF-1F-00-00-00-00-02-00-E0-00-13-32-00-00-00-00-00-00-00-00-00-00-00-00-00-00-00-00-00-00-00-00-00-00-00-00-00-00-00-00-00-00-00-00-00-00-00-00
[10:34:38:669]50-49-01-C0-8E-9F-00-00-08-00-06-96-00-01-D8-FF-1F-00
[10:34:38:891][HID_TX]00-80-06-58-62-50-41-0E-17-01-E0-00-00-00-00-00-00-00-00-00-00-00-00-00-00-00-00-00-00-00-00-00-00-00-00-00-00-00-00-00-00-00-00-00-00-00-00-00-00-00-00-00-00-00-00-00-00-00-00-00-00-00-00-00-00
[10:34:38:892]HidD_GetInputReport=True
[10:34:38:892]reply_report=00-4F-00-00-00-00-00-00-00-00-00-00-00-00-00-00-00-00-00-00-00-00-00-00-00-00-00-00-00-00-00-00-00-00-00-00-00-00-00-00-00-00-00-00-00-00-00-00-00-00-00-00-00-00-00-00-00-00-00-00-00-00-00-00-00
[10:34:38:892]50-41-0E-17-01-E0 [CMD_SENT][REMOTE_GET_MODE]
[10:34:38:895][HID_TX_ack]00-19-50-49-01-C0-7B-A0-00-00-03-00-0E-97-00-50-49-0E-CF-00-00-00-00-02-00-E0-00-13-32-00-00-00-00-00-00-00-00-00-00-00-00-00-00-00-00-00-00-00-00-00-00-00-00-00-00-00-00-00-00-00-00-00-00-00-00
[10:34:38:895]50-49-01-C0-7B-A0-00-00-03-00-0E-97-00
[10:34:38:895]50-49-0E-CF-00-00-00-00-02-00-E0-00-
[10:34:38:895]REMOTE_GET_MODE=00
[10:34:38:895][HID_TX]00-80-07-25-1E-50-41-06-18-01-00-63-00-00-00-00-00-00-00-00-00-00-00-00-00-00-00-00-00-00-00-00-00-00-00-00-00-00-00-00-00-00-00-00-00-00-00-00-00-00-00-00-00-00-00-00-00-00-00-00-00-00-00-00-00
[10:34:38:896]HidD_GetInputReport=True
[10:34:38:896]reply_report=00-4F-00-00-00-00-00-00-00-00-00-00-00-00-00-00-00-00-00-00-00-00-00-00-00-00-00-00-00-00-00-00-00-00-00-00-00-00-00-00-00-00-00-00-00-00-00-00-00-00-00-00-00-00-00-00-00-00-00-00-00-00-00-00-00
[10:34:38:896]50-41-06-18-01-00-63 [CMD_SENT][CMD_GET_IO_LEVEL]
[10:34:38:899][HID_TX_ack]00-12-50-49-01-C0-7E-A0-00-00-08-00-06-98-00-01-D8-FF-1F-00-00-00-00-02-00-E0-00-13-32-00-00-00-00-00-00-00-00-00-00-00-00-00-00-00-00-00-00-00-00-00-00-00-00-00-00-00-00-00-00-00-00-00-00-00-00
[10:34:38:899]50-49-01-C0-7E-A0-00-00-08-00-06-98-00-01-D8-FF-1F-00
[10:34:39:120][HID_TX]00-80-06-C9-AD-50-41-0E-19-01-E0-00-00-00-00-00-00-00-00-00-00-00-00-00-00-00-00-00-00-00-00-00-00-00-00-00-00-00-00-00-00-00-00-00-00-00-00-00-00-00-00-00-00-00-00-00-00-00-00-00-00-00-00-00-00
[10:34:39:121]HidD_GetInputReport=True
[10:34:39:121]reply_report=00-4F-00-00-00-00-00-00-00-00-00-00-00-00-00-00-00-00-00-00-00-00-00-00-00-00-00-00-00-00-00-00-00-00-00-00-00-00-00-00-00-00-00-00-00-00-00-00-00-00-00-00-00-00-00-00-00-00-00-00-00-00-00-00-00
[10:34:39:121]50-41-0E-19-01-E0 [CMD_SENT][REMOTE_GET_MODE]
[10:34:39:124][HID_TX_ack]00-19-50-49-01-C0-8E-A0-00-00-03-00-0E-99-00-50-49-0E-D0-00-00-00-00-02-00-E0-00-13-32-00-00-00-00-00-00-00-00-00-00-00-00-00-00-00-00-00-00-00-00-00-00-00-00-00-00-00-00-00-00-00-00-00-00-00-00
[10:34:39:124]50-49-01-C0-8E-A0-00-00-03-00-0E-99-00
[10:34:39:124]50-49-0E-D0-00-00-00-00-02-00-E0-00-
[10:34:39:124]REMOTE_GET_MODE=00
[10:34:39:124][HID_TX]00-80-07-CE-31-50-41-06-1A-01-00-63-00-00-00-00-00-00-00-00-00-00-00-00-00-00-00-00-00-00-00-00-00-00-00-00-00-00-00-00-00-00-00-00-00-00-00-00-00-00-00-00-00-00-00-00-00-00-00-00-00-00-00-00-00
[10:34:39:125]HidD_GetInputReport=True
[10:34:39:125]reply_report=00-4F-00-00-00-00-00-00-00-00-00-00-00-00-00-00-00-00-00-00-00-00-00-00-00-00-00-00-00-00-00-00-00-00-00-00-00-00-00-00-00-00-00-00-00-00-00-00-00-00-00-00-00-00-00-00-00-00-00-00-00-00-00-00-00
[10:34:39:125]50-41-06-1A-01-00-63 [CMD_SENT][CMD_GET_IO_LEVEL]
[10:34:39:128][HID_TX_ack]00-12-50-49-01-C0-8E-A0-00-00-08-00-06-9A-00-01-D8-FF-1F-00-00-00-00-02-00-E0-00-13-32-00-00-00-00-00-00-00-00-00-00-00-00-00-00-00-00-00-00-00-00-00-00-00-00-00-00-00-00-00-00-00-00-00-00-00-00
[10:34:39:128]50-49-01-C0-8E-A0-00-00-08-00-06-9A-00-01-D8-FF-1F-00
[10:34:39:339][HID_TX]00-80-06-22-82-50-41-0E-1B-01-E0-00-00-00-00-00-00-00-00-00-00-00-00-00-00-00-00-00-00-00-00-00-00-00-00-00-00-00-00-00-00-00-00-00-00-00-00-00-00-00-00-00-00-00-00-00-00-00-00-00-00-00-00-00-00
[10:34:39:340]HidD_GetInputReport=True
[10:34:39:340]reply_report=00-4F-00-00-00-00-00-00-00-00-00-00-00-00-00-00-00-00-00-00-00-00-00-00-00-00-00-00-00-00-00-00-00-00-00-00-00-00-00-00-00-00-00-00-00-00-00-00-00-00-00-00-00-00-00-00-00-00-00-00-00-00-00-00-00
[10:34:39:340]50-41-0E-1B-01-E0 [CMD_SENT][REMOTE_GET_MODE]
[10:34:39:343][HID_TX_ack]00-19-50-49-01-C0-8E-A1-00-00-03-00-0E-9B-00-50-49-0E-D1-00-00-00-00-02-00-E0-00-13-32-00-00-00-00-00-00-00-00-00-00-00-00-00-00-00-00-00-00-00-00-00-00-00-00-00-00-00-00-00-00-00-00-00-00-00-00
[10:34:39:343]50-49-01-C0-8E-A1-00-00-03-00-0E-9B-00
[10:34:39:343]50-49-0E-D1-00-00-00-00-02-00-E0-00-
[10:34:39:343]REMOTE_GET_MODE=00
[10:34:39:343][HID_TX]00-80-07-F3-41-50-41-06-1C-01-00-63-00-00-00-00-00-00-00-00-00-00-00-00-00-00-00-00-00-00-00-00-00-00-00-00-00-00-00-00-00-00-00-00-00-00-00-00-00-00-00-00-00-00-00-00-00-00-00-00-00-00-00-00-00
[10:34:39:344]HidD_GetInputReport=True
[10:34:39:344]reply_report=00-4F-00-00-00-00-00-00-00-00-00-00-00-00-00-00-00-00-00-00-00-00-00-00-00-00-00-00-00-00-00-00-00-00-00-00-00-00-00-00-00-00-00-00-00-00-00-00-00-00-00-00-00-00-00-00-00-00-00-00-00-00-00-00-00
[10:34:39:344]50-41-06-1C-01-00-63 [CMD_SENT][CMD_GET_IO_LEVEL]
[10:34:39:347][HID_TX_ack]00-12-50-49-01-C0-8E-A1-00-00-08-00-06-9C-00-01-D8-FF-1F-00-00-00-00-02-00-E0-00-13-32-00-00-00-00-00-00-00-00-00-00-00-00-00-00-00-00-00-00-00-00-00-00-00-00-00-00-00-00-00-00-00-00-00-00-00-00
[10:34:39:347]50-49-01-C0-8E-A1-00-00-08-00-06-9C-00-01-D8-FF-1F-00
[10:34:39:569][HID_TX]00-80-06-1F-F2-50-41-0E-1D-01-E0-00-00-00-00-00-00-00-00-00-00-00-00-00-00-00-00-00-00-00-00-00-00-00-00-00-00-00-00-00-00-00-00-00-00-00-00-00-00-00-00-00-00-00-00-00-00-00-00-00-00-00-00-00-00
[10:34:39:570]HidD_GetInputReport=True
[10:34:39:570]reply_report=00-4F-00-00-00-00-00-00-00-00-00-00-00-00-00-00-00-00-00-00-00-00-00-00-00-00-00-00-00-00-00-00-00-00-00-00-00-00-00-00-00-00-00-00-00-00-00-00-00-00-00-00-00-00-00-00-00-00-00-00-00-00-00-00-00
[10:34:39:570]50-41-0E-1D-01-E0 [CMD_SENT][REMOTE_GET_MODE]
[10:34:39:573][HID_TX_ack]00-19-50-49-01-C0-8E-A2-00-00-03-00-0E-9D-00-50-49-0E-D2-00-00-00-00-02-00-E0-00-13-32-00-00-00-00-00-00-00-00-00-00-00-00-00-00-00-00-00-00-00-00-00-00-00-00-00-00-00-00-00-00-00-00-00-00-00-00
[10:34:39:573]50-49-01-C0-8E-A2-00-00-03-00-0E-9D-00
[10:34:39:573]50-49-0E-D2-00-00-00-00-02-00-E0-00-
[10:34:39:573]REMOTE_GET_MODE=00
[10:34:39:573][HID_TX]00-80-07-18-6E-50-41-06-1E-01-00-63-00-00-00-00-00-00-00-00-00-00-00-00-00-00-00-00-00-00-00-00-00-00-00-00-00-00-00-00-00-00-00-00-00-00-00-00-00-00-00-00-00-00-00-00-00-00-00-00-00-00-00-00-00
[10:34:39:574]HidD_GetInputReport=True
[10:34:39:574]reply_report=00-4F-00-00-00-00-00-00-00-00-00-00-00-00-00-00-00-00-00-00-00-00-00-00-00-00-00-00-00-00-00-00-00-00-00-00-00-00-00-00-00-00-00-00-00-00-00-00-00-00-00-00-00-00-00-00-00-00-00-00-00-00-00-00-00
[10:34:39:574]50-41-06-1E-01-00-63 [CMD_SENT][CMD_GET_IO_LEVEL]
[10:34:39:577][HID_TX_ack]00-12-50-49-01-C0-8E-A2-00-00-08-00-06-9E-00-01-D8-FF-1F-00-00-00-00-02-00-E0-00-13-32-00-00-00-00-00-00-00-00-00-00-00-00-00-00-00-00-00-00-00-00-00-00-00-00-00-00-00-00-00-00-00-00-00-00-00-00
[10:34:39:577]50-49-01-C0-8E-A2-00-00-08-00-06-9E-00-01-D8-FF-1F-00
[10:34:39:799][HID_TX]00-80-06-F4-DD-50-41-0E-1F-01-E0-00-00-00-00-00-00-00-00-00-00-00-00-00-00-00-00-00-00-00-00-00-00-00-00-00-00-00-00-00-00-00-00-00-00-00-00-00-00-00-00-00-00-00-00-00-00-00-00-00-00-00-00-00-00
[10:34:39:800]HidD_GetInputReport=True
[10:34:39:800]reply_report=00-4F-00-00-00-00-00-00-00-00-00-00-00-00-00-00-00-00-00-00-00-00-00-00-00-00-00-00-00-00-00-00-00-00-00-00-00-00-00-00-00-00-00-00-00-00-00-00-00-00-00-00-00-00-00-00-00-00-00-00-00-00-00-00-00
[10:34:39:800]50-41-0E-1F-01-E0 [CMD_SENT][REMOTE_GET_MODE]
[10:34:39:803][HID_TX_ack]00-19-50-49-01-C0-8E-A2-00-00-03-00-0E-9F-00-50-49-0E-D3-00-00-00-00-02-00-E0-00-13-32-00-00-00-00-00-00-00-00-00-00-00-00-00-00-00-00-00-00-00-00-00-00-00-00-00-00-00-00-00-00-00-00-00-00-00-00
[10:34:39:803]50-49-01-C0-8E-A2-00-00-03-00-0E-9F-00
[10:34:39:803]50-49-0E-D3-00-00-00-00-02-00-E0-00-
[10:34:39:803]REMOTE_GET_MODE=00
[10:34:39:803][HID_TX]00-80-07-02-10-50-41-06-20-01-00-63-00-00-00-00-00-00-00-00-00-00-00-00-00-00-00-00-00-00-00-00-00-00-00-00-00-00-00-00-00-00-00-00-00-00-00-00-00-00-00-00-00-00-00-00-00-00-00-00-00-00-00-00-00
[10:34:39:804]HidD_GetInputReport=True
[10:34:39:804]reply_report=00-4F-00-00-00-00-00-00-00-00-00-00-00-00-00-00-00-00-00-00-00-00-00-00-00-00-00-00-00-00-00-00-00-00-00-00-00-00-00-00-00-00-00-00-00-00-00-00-00-00-00-00-00-00-00-00-00-00-00-00-00-00-00-00-00
[10:34:39:804]50-41-06-20-01-00-63 [CMD_SENT][CMD_GET_IO_LEVEL]
[10:34:39:807][HID_TX_ack]00-12-50-49-01-C0-8E-A2-00-00-08-00-06-A0-00-01-D8-FF-1F-00-00-00-00-02-00-E0-00-13-32-00-00-00-00-00-00-00-00-00-00-00-00-00-00-00-00-00-00-00-00-00-00-00-00-00-00-00-00-00-00-00-00-00-00-00-00
[10:34:39:807]50-49-01-C0-8E-A2-00-00-08-00-06-A0-00-01-D8-FF-1F-00
[10:34:40:030][HID_TX]00-80-06-EE-A3-50-41-0E-21-01-E0-00-00-00-00-00-00-00-00-00-00-00-00-00-00-00-00-00-00-00-00-00-00-00-00-00-00-00-00-00-00-00-00-00-00-00-00-00-00-00-00-00-00-00-00-00-00-00-00-00-00-00-00-00-00
[10:34:40:031]HidD_GetInputReport=True
[10:34:40:031]reply_report=00-4F-00-00-00-00-00-00-00-00-00-00-00-00-00-00-00-00-00-00-00-00-00-00-00-00-00-00-00-00-00-00-00-00-00-00-00-00-00-00-00-00-00-00-00-00-00-00-00-00-00-00-00-00-00-00-00-00-00-00-00-00-00-00-00
[10:34:40:031]50-41-0E-21-01-E0 [CMD_SENT][REMOTE_GET_MODE]
[10:34:40:034][HID_TX_ack]00-19-50-49-01-C0-8E-A3-00-00-03-00-0E-A1-00-50-49-0E-D4-00-00-00-00-02-00-E0-00-13-32-00-00-00-00-00-00-00-00-00-00-00-00-00-00-00-00-00-00-00-00-00-00-00-00-00-00-00-00-00-00-00-00-00-00-00-00
[10:34:40:034]50-49-01-C0-8E-A3-00-00-03-00-0E-A1-00
[10:34:40:034]50-49-0E-D4-00-00-00-00-02-00-E0-00-
[10:34:40:034]REMOTE_GET_MODE=00
[10:34:40:034][HID_TX]00-80-07-E9-3F-50-41-06-22-01-00-63-00-00-00-00-00-00-00-00-00-00-00-00-00-00-00-00-00-00-00-00-00-00-00-00-00-00-00-00-00-00-00-00-00-00-00-00-00-00-00-00-00-00-00-00-00-00-00-00-00-00-00-00-00
[10:34:40:035]HidD_GetInputReport=True
[10:34:40:035]reply_report=00-4F-00-00-00-00-00-00-00-00-00-00-00-00-00-00-00-00-00-00-00-00-00-00-00-00-00-00-00-00-00-00-00-00-00-00-00-00-00-00-00-00-00-00-00-00-00-00-00-00-00-00-00-00-00-00-00-00-00-00-00-00-00-00-00
[10:34:40:035]50-41-06-22-01-00-63 [CMD_SENT][CMD_GET_IO_LEVEL]
[10:34:40:038][HID_TX_ack]00-12-50-49-01-C0-8E-A3-00-00-08-00-06-A2-00-01-D8-FF-1F-00-00-00-00-02-00-E0-00-13-32-00-00-00-00-00-00-00-00-00-00-00-00-00-00-00-00-00-00-00-00-00-00-00-00-00-00-00-00-00-00-00-00-00-00-00-00
[10:34:40:038]50-49-01-C0-8E-A3-00-00-08-00-06-A2-00-01-D8-FF-1F-00
[10:34:40:247][HID_TX]00-80-06-05-8C-50-41-0E-23-01-E0-00-00-00-00-00-00-00-00-00-00-00-00-00-00-00-00-00-00-00-00-00-00-00-00-00-00-00-00-00-00-00-00-00-00-00-00-00-00-00-00-00-00-00-00-00-00-00-00-00-00-00-00-00-00
[10:34:40:248]HidD_GetInputReport=True
[10:34:40:248]reply_report=00-4F-00-00-00-00-00-00-00-00-00-00-00-00-00-00-00-00-00-00-00-00-00-00-00-00-00-00-00-00-00-00-00-00-00-00-00-00-00-00-00-00-00-00-00-00-00-00-00-00-00-00-00-00-00-00-00-00-00-00-00-00-00-00-00
[10:34:40:248]50-41-0E-23-01-E0 [CMD_SENT][REMOTE_GET_MODE]
[10:34:40:251][HID_TX_ack]00-19-50-49-01-C0-8E-A4-00-00-03-00-0E-A3-00-50-49-0E-D5-00-00-00-00-02-00-E0-00-13-32-00-00-00-00-00-00-00-00-00-00-00-00-00-00-00-00-00-00-00-00-00-00-00-00-00-00-00-00-00-00-00-00-00-00-00-00
[10:34:40:251]50-49-01-C0-8E-A4-00-00-03-00-0E-A3-00
[10:34:40:251]50-49-0E-D5-00-00-00-00-02-00-E0-00-
[10:34:40:251]REMOTE_GET_MODE=00
[10:34:40:251][HID_TX]00-80-07-D4-4F-50-41-06-24-01-00-63-00-00-00-00-00-00-00-00-00-00-00-00-00-00-00-00-00-00-00-00-00-00-00-00-00-00-00-00-00-00-00-00-00-00-00-00-00-00-00-00-00-00-00-00-00-00-00-00-00-00-00-00-00
[10:34:40:252]HidD_GetInputReport=True
[10:34:40:252]reply_report=00-4F-00-00-00-00-00-00-00-00-00-00-00-00-00-00-00-00-00-00-00-00-00-00-00-00-00-00-00-00-00-00-00-00-00-00-00-00-00-00-00-00-00-00-00-00-00-00-00-00-00-00-00-00-00-00-00-00-00-00-00-00-00-00-00
[10:34:40:252]50-41-06-24-01-00-63 [CMD_SENT][CMD_GET_IO_LEVEL]
[10:34:40:255][HID_TX_ack]00-12-50-49-01-C0-8E-A4-00-00-08-00-06-A4-00-01-D8-FF-1F-00-00-00-00-02-00-E0-00-13-32-00-00-00-00-00-00-00-00-00-00-00-00-00-00-00-00-00-00-00-00-00-00-00-00-00-00-00-00-00-00-00-00-00-00-00-00
[10:34:40:255]50-49-01-C0-8E-A4-00-00-08-00-06-A4-00-01-D8-FF-1F-00
[10:34:40:478][HID_TX]00-80-06-38-FC-50-41-0E-25-01-E0-00-00-00-00-00-00-00-00-00-00-00-00-00-00-00-00-00-00-00-00-00-00-00-00-00-00-00-00-00-00-00-00-00-00-00-00-00-00-00-00-00-00-00-00-00-00-00-00-00-00-00-00-00-00
[10:34:40:479]HidD_GetInputReport=True
[10:34:40:479]reply_report=00-4F-00-00-00-00-00-00-00-00-00-00-00-00-00-00-00-00-00-00-00-00-00-00-00-00-00-00-00-00-00-00-00-00-00-00-00-00-00-00-00-00-00-00-00-00-00-00-00-00-00-00-00-00-00-00-00-00-00-00-00-00-00-00-00
[10:34:40:479]50-41-0E-25-01-E0 [CMD_SENT][REMOTE_GET_MODE]
[10:34:40:482][HID_TX_ack]00-19-50-49-01-C0-70-A5-00-00-03-00-0E-A5-00-50-49-0E-D6-00-00-00-00-02-00-E0-00-13-32-00-00-00-00-00-00-00-00-00-00-00-00-00-00-00-00-00-00-00-00-00-00-00-00-00-00-00-00-00-00-00-00-00-00-00-00
[10:34:40:482]50-49-01-C0-70-A5-00-00-03-00-0E-A5-00
[10:34:40:482]50-49-0E-D6-00-00-00-00-02-00-E0-00-
[10:34:40:482]REMOTE_GET_MODE=00
[10:34:40:482][HID_TX]00-80-07-3F-60-50-41-06-26-01-00-63-00-00-00-00-00-00-00-00-00-00-00-00-00-00-00-00-00-00-00-00-00-00-00-00-00-00-00-00-00-00-00-00-00-00-00-00-00-00-00-00-00-00-00-00-00-00-00-00-00-00-00-00-00
[10:34:40:483]HidD_GetInputReport=True
[10:34:40:483]reply_report=00-4F-00-00-00-00-00-00-00-00-00-00-00-00-00-00-00-00-00-00-00-00-00-00-00-00-00-00-00-00-00-00-00-00-00-00-00-00-00-00-00-00-00-00-00-00-00-00-00-00-00-00-00-00-00-00-00-00-00-00-00-00-00-00-00
[10:34:40:483]50-41-06-26-01-00-63 [CMD_SENT][CMD_GET_IO_LEVEL]
[10:34:40:487][HID_TX_ack]00-12-50-49-01-C0-73-A5-00-00-08-00-06-A6-00-01-D8-FF-1F-00-00-00-00-02-00-E0-00-13-32-00-00-00-00-00-00-00-00-00-00-00-00-00-00-00-00-00-00-00-00-00-00-00-00-00-00-00-00-00-00-00-00-00-00-00-00
[10:34:40:487]50-49-01-C0-73-A5-00-00-08-00-06-A6-00-01-D8-FF-1F-00
[10:34:40:711][HID_TX]00-80-06-D3-D3-50-41-0E-27-01-E0-00-00-00-00-00-00-00-00-00-00-00-00-00-00-00-00-00-00-00-00-00-00-00-00-00-00-00-00-00-00-00-00-00-00-00-00-00-00-00-00-00-00-00-00-00-00-00-00-00-00-00-00-00-00
[10:34:40:712]HidD_GetInputReport=True
[10:34:40:712]reply_report=00-4F-00-00-00-00-00-00-00-00-00-00-00-00-00-00-00-00-00-00-00-00-00-00-00-00-00-00-00-00-00-00-00-00-00-00-00-00-00-00-00-00-00-00-00-00-00-00-00-00-00-00-00-00-00-00-00-00-00-00-00-00-00-00-00
[10:34:40:712]50-41-0E-27-01-E0 [CMD_SENT][REMOTE_GET_MODE]
[10:34:40:715][HID_TX_ack]00-19-50-49-01-C0-8E-A5-00-00-03-00-0E-A7-00-50-49-0E-D7-00-00-00-00-02-00-E0-00-13-32-00-00-00-00-00-00-00-00-00-00-00-00-00-00-00-00-00-00-00-00-00-00-00-00-00-00-00-00-00-00-00-00-00-00-00-00
[10:34:40:715]50-49-01-C0-8E-A5-00-00-03-00-0E-A7-00
[10:34:40:715]50-49-0E-D7-00-00-00-00-02-00-E0-00-
[10:34:40:715]REMOTE_GET_MODE=00
[10:34:40:715][HID_TX]00-80-07-AE-AF-50-41-06-28-01-00-63-00-00-00-00-00-00-00-00-00-00-00-00-00-00-00-00-00-00-00-00-00-00-00-00-00-00-00-00-00-00-00-00-00-00-00-00-00-00-00-00-00-00-00-00-00-00-00-00-00-00-00-00-00
[10:34:40:716]HidD_GetInputReport=True
[10:34:40:716]reply_report=00-4F-00-00-00-00-00-00-00-00-00-00-00-00-00-00-00-00-00-00-00-00-00-00-00-00-00-00-00-00-00-00-00-00-00-00-00-00-00-00-00-00-00-00-00-00-00-00-00-00-00-00-00-00-00-00-00-00-00-00-00-00-00-00-00
[10:34:40:716]50-41-06-28-01-00-63 [CMD_SENT][CMD_GET_IO_LEVEL]
[10:34:40:719][HID_TX_ack]00-12-50-49-01-C0-8E-A5-00-00-08-00-06-A8-00-01-D8-FF-1F-00-00-00-00-02-00-E0-00-13-32-00-00-00-00-00-00-00-00-00-00-00-00-00-00-00-00-00-00-00-00-00-00-00-00-00-00-00-00-00-00-00-00-00-00-00-00
[10:34:40:719]50-49-01-C0-8E-A5-00-00-08-00-06-A8-00-01-D8-FF-1F-00
[10:34:40:931][HID_TX]00-80-06-42-1C-50-41-0E-29-01-E0-00-00-00-00-00-00-00-00-00-00-00-00-00-00-00-00-00-00-00-00-00-00-00-00-00-00-00-00-00-00-00-00-00-00-00-00-00-00-00-00-00-00-00-00-00-00-00-00-00-00-00-00-00-00
[10:34:40:932]HidD_GetInputReport=True
[10:34:40:932]reply_report=00-4F-00-00-00-00-00-00-00-00-00-00-00-00-00-00-00-00-00-00-00-00-00-00-00-00-00-00-00-00-00-00-00-00-00-00-00-00-00-00-00-00-00-00-00-00-00-00-00-00-00-00-00-00-00-00-00-00-00-00-00-00-00-00-00
[10:34:40:932]50-41-0E-29-01-E0 [CMD_SENT][REMOTE_GET_MODE]
[10:34:40:935][HID_TX_ack]00-19-50-49-01-C0-8E-A6-00-00-03-00-0E-A9-00-50-49-0E-D8-00-00-00-00-02-00-E0-00-13-32-00-00-00-00-00-00-00-00-00-00-00-00-00-00-00-00-00-00-00-00-00-00-00-00-00-00-00-00-00-00-00-00-00-00-00-00
[10:34:40:935]50-49-01-C0-8E-A6-00-00-03-00-0E-A9-00
[10:34:40:935]50-49-0E-D8-00-00-00-00-02-00-E0-00-
[10:34:40:935]REMOTE_GET_MODE=00
[10:34:40:935][HID_TX]00-80-07-45-80-50-41-06-2A-01-00-63-00-00-00-00-00-00-00-00-00-00-00-00-00-00-00-00-00-00-00-00-00-00-00-00-00-00-00-00-00-00-00-00-00-00-00-00-00-00-00-00-00-00-00-00-00-00-00-00-00-00-00-00-00
[10:34:40:936]HidD_GetInputReport=True
[10:34:40:936]reply_report=00-4F-00-00-00-00-00-00-00-00-00-00-00-00-00-00-00-00-00-00-00-00-00-00-00-00-00-00-00-00-00-00-00-00-00-00-00-00-00-00-00-00-00-00-00-00-00-00-00-00-00-00-00-00-00-00-00-00-00-00-00-00-00-00-00
[10:34:40:936]50-41-06-2A-01-00-63 [CMD_SENT][CMD_GET_IO_LEVEL]
[10:34:40:939][HID_TX_ack]00-12-50-49-01-C0-8E-A6-00-00-08-00-06-AA-00-01-D8-FF-1F-00-00-00-00-02-00-E0-00-13-32-00-00-00-00-00-00-00-00-00-00-00-00-00-00-00-00-00-00-00-00-00-00-00-00-00-00-00-00-00-00-00-00-00-00-00-00
[10:34:40:939]50-49-01-C0-8E-A6-00-00-08-00-06-AA-00-01-D8-FF-1F-00
[10:34:41:148][HID_TX]00-80-06-A9-33-50-41-0E-2B-01-E0-00-00-00-00-00-00-00-00-00-00-00-00-00-00-00-00-00-00-00-00-00-00-00-00-00-00-00-00-00-00-00-00-00-00-00-00-00-00-00-00-00-00-00-00-00-00-00-00-00-00-00-00-00-00
[10:34:41:149]HidD_GetInputReport=True
[10:34:41:149]reply_report=00-4F-00-00-00-00-00-00-00-00-00-00-00-00-00-00-00-00-00-00-00-00-00-00-00-00-00-00-00-00-00-00-00-00-00-00-00-00-00-00-00-00-00-00-00-00-00-00-00-00-00-00-00-00-00-00-00-00-00-00-00-00-00-00-00
[10:34:41:149]50-41-0E-2B-01-E0 [CMD_SENT][REMOTE_GET_MODE]
[10:34:41:153][HID_TX_ack]00-19-50-49-01-C0-88-A7-00-00-03-00-0E-AB-00-50-49-0E-D9-00-00-00-00-02-00-E0-00-13-32-00-00-00-00-00-00-00-00-00-00-00-00-00-00-00-00-00-00-00-00-00-00-00-00-00-00-00-00-00-00-00-00-00-00-00-00
[10:34:41:153]50-49-01-C0-88-A7-00-00-03-00-0E-AB-00
[10:34:41:153]50-49-0E-D9-00-00-00-00-02-00-E0-00-
[10:34:41:153]REMOTE_GET_MODE=00
[10:34:41:153][HID_TX]00-80-07-78-F0-50-41-06-2C-01-00-63-00-00-00-00-00-00-00-00-00-00-00-00-00-00-00-00-00-00-00-00-00-00-00-00-00-00-00-00-00-00-00-00-00-00-00-00-00-00-00-00-00-00-00-00-00-00-00-00-00-00-00-00-00
[10:34:41:154]HidD_GetInputReport=True
[10:34:41:154]reply_report=00-4F-00-00-00-00-00-00-00-00-00-00-00-00-00-00-00-00-00-00-00-00-00-00-00-00-00-00-00-00-00-00-00-00-00-00-00-00-00-00-00-00-00-00-00-00-00-00-00-00-00-00-00-00-00-00-00-00-00-00-00-00-00-00-00
[10:34:41:154]50-41-06-2C-01-00-63 [CMD_SENT][CMD_GET_IO_LEVEL]
[10:34:41:156][HID_TX_ack]00-12-50-49-01-C0-8B-A7-00-00-08-00-06-AC-00-01-D8-FF-1F-00-00-00-00-02-00-E0-00-13-32-00-00-00-00-00-00-00-00-00-00-00-00-00-00-00-00-00-00-00-00-00-00-00-00-00-00-00-00-00-00-00-00-00-00-00-00
[10:34:41:156]50-49-01-C0-8B-A7-00-00-08-00-06-AC-00-01-D8-FF-1F-00
[10:34:41:367][HID_TX]00-80-06-94-43-50-41-0E-2D-01-E0-00-00-00-00-00-00-00-00-00-00-00-00-00-00-00-00-00-00-00-00-00-00-00-00-00-00-00-00-00-00-00-00-00-00-00-00-00-00-00-00-00-00-00-00-00-00-00-00-00-00-00-00-00-00
[10:34:41:368]HidD_GetInputReport=True
[10:34:41:368]reply_report=00-4F-00-00-00-00-00-00-00-00-00-00-00-00-00-00-00-00-00-00-00-00-00-00-00-00-00-00-00-00-00-00-00-00-00-00-00-00-00-00-00-00-00-00-00-00-00-00-00-00-00-00-00-00-00-00-00-00-00-00-00-00-00-00-00
[10:34:41:368]50-41-0E-2D-01-E0 [CMD_SENT][REMOTE_GET_MODE]
[10:34:41:370][HID_TX_ack]00-19-50-49-01-C0-8E-A7-00-00-03-00-0E-AD-00-50-49-0E-DA-00-00-00-00-02-00-E0-00-13-32-00-00-00-00-00-00-00-00-00-00-00-00-00-00-00-00-00-00-00-00-00-00-00-00-00-00-00-00-00-00-00-00-00-00-00-00
[10:34:41:370]50-49-01-C0-8E-A7-00-00-03-00-0E-AD-00
[10:34:41:371]50-49-0E-DA-00-00-00-00-02-00-E0-00-
[10:34:41:371]REMOTE_GET_MODE=00
[10:34:41:371][HID_TX]00-80-07-93-DF-50-41-06-2E-01-00-63-00-00-00-00-00-00-00-00-00-00-00-00-00-00-00-00-00-00-00-00-00-00-00-00-00-00-00-00-00-00-00-00-00-00-00-00-00-00-00-00-00-00-00-00-00-00-00-00-00-00-00-00-00
[10:34:41:372]HidD_GetInputReport=True
[10:34:41:372]reply_report=00-4F-00-00-00-00-00-00-00-00-00-00-00-00-00-00-00-00-00-00-00-00-00-00-00-00-00-00-00-00-00-00-00-00-00-00-00-00-00-00-00-00-00-00-00-00-00-00-00-00-00-00-00-00-00-00-00-00-00-00-00-00-00-00-00
[10:34:41:372]50-41-06-2E-01-00-63 [CMD_SENT][CMD_GET_IO_LEVEL]
[10:34:41:374][HID_TX_ack]00-12-50-49-01-C0-8E-A7-00-00-08-00-06-AE-00-01-D8-FF-1F-00-00-00-00-02-00-E0-00-13-32-00-00-00-00-00-00-00-00-00-00-00-00-00-00-00-00-00-00-00-00-00-00-00-00-00-00-00-00-00-00-00-00-00-00-00-00
[10:34:41:375]50-49-01-C0-8E-A7-00-00-08-00-06-AE-00-01-D8-FF-1F-00
[10:34:41:597][HID_TX]00-80-06-7F-6C-50-41-0E-2F-01-E0-00-00-00-00-00-00-00-00-00-00-00-00-00-00-00-00-00-00-00-00-00-00-00-00-00-00-00-00-00-00-00-00-00-00-00-00-00-00-00-00-00-00-00-00-00-00-00-00-00-00-00-00-00-00
[10:34:41:599]HidD_GetInputReport=True
[10:34:41:599]reply_report=00-4F-00-00-00-00-00-00-00-00-00-00-00-00-00-00-00-00-00-00-00-00-00-00-00-00-00-00-00-00-00-00-00-00-00-00-00-00-00-00-00-00-00-00-00-00-00-00-00-00-00-00-00-00-00-00-00-00-00-00-00-00-00-00-00
[10:34:41:599]50-41-0E-2F-01-E0 [CMD_SENT][REMOTE_GET_MODE]
[10:34:41:601][HID_TX_ack]00-19-50-49-01-C0-8E-A8-00-00-03-00-0E-AF-00-50-49-0E-DB-00-00-00-00-02-00-E0-00-13-32-00-00-00-00-00-00-00-00-00-00-00-00-00-00-00-00-00-00-00-00-00-00-00-00-00-00-00-00-00-00-00-00-00-00-00-00
[10:34:41:601]50-49-01-C0-8E-A8-00-00-03-00-0E-AF-00
[10:34:41:601]50-49-0E-DB-00-00-00-00-02-00-E0-00-
[10:34:41:601]REMOTE_GET_MODE=00
[10:34:41:602][HID_TX]00-80-07-7B-7F-50-41-06-30-01-00-63-00-00-00-00-00-00-00-00-00-00-00-00-00-00-00-00-00-00-00-00-00-00-00-00-00-00-00-00-00-00-00-00-00-00-00-00-00-00-00-00-00-00-00-00-00-00-00-00-00-00-00-00-00
[10:34:41:603]HidD_GetInputReport=True
[10:34:41:603]reply_report=00-4F-00-00-00-00-00-00-00-00-00-00-00-00-00-00-00-00-00-00-00-00-00-00-00-00-00-00-00-00-00-00-00-00-00-00-00-00-00-00-00-00-00-00-00-00-00-00-00-00-00-00-00-00-00-00-00-00-00-00-00-00-00-00-00
[10:34:41:603]50-41-06-30-01-00-63 [CMD_SENT][CMD_GET_IO_LEVEL]
[10:34:41:605][HID_TX_ack]00-12-50-49-01-C0-8E-A8-00-00-08-00-06-B0-00-01-D8-FF-1F-00-00-00-00-02-00-E0-00-13-32-00-00-00-00-00-00-00-00-00-00-00-00-00-00-00-00-00-00-00-00-00-00-00-00-00-00-00-00-00-00-00-00-00-00-00-00
[10:34:41:605]50-49-01-C0-8E-A8-00-00-08-00-06-B0-00-01-D8-FF-1F-00
[10:34:41:814][HID_TX]00-80-06-97-CC-50-41-0E-31-01-E0-00-00-00-00-00-00-00-00-00-00-00-00-00-00-00-00-00-00-00-00-00-00-00-00-00-00-00-00-00-00-00-00-00-00-00-00-00-00-00-00-00-00-00-00-00-00-00-00-00-00-00-00-00-00
[10:34:41:815]HidD_GetInputReport=True
[10:34:41:815]reply_report=00-4F-00-00-00-00-00-00-00-00-00-00-00-00-00-00-00-00-00-00-00-00-00-00-00-00-00-00-00-00-00-00-00-00-00-00-00-00-00-00-00-00-00-00-00-00-00-00-00-00-00-00-00-00-00-00-00-00-00-00-00-00-00-00-00
[10:34:41:815]50-41-0E-31-01-E0 [CMD_SENT][REMOTE_GET_MODE]
[10:34:41:817][HID_TX_ack]00-19-50-49-01-C0-8E-A9-00-00-03-00-0E-B1-00-50-49-0E-DC-00-00-00-00-02-00-E0-00-13-32-00-00-00-00-00-00-00-00-00-00-00-00-00-00-00-00-00-00-00-00-00-00-00-00-00-00-00-00-00-00-00-00-00-00-00-00
[10:34:41:817]50-49-01-C0-8E-A9-00-00-03-00-0E-B1-00
[10:34:41:817]REMOTE_GET_MODE=00
[10:34:41:817]50-49-0E-DC-00-00-00-00-02-00-E0-00-
[10:34:41:817][HID_TX]00-80-07-90-50-50-41-06-32-01-00-63-00-00-00-00-00-00-00-00-00-00-00-00-00-00-00-00-00-00-00-00-00-00-00-00-00-00-00-00-00-00-00-00-00-00-00-00-00-00-00-00-00-00-00-00-00-00-00-00-00-00-00-00-00
[10:34:41:819]HidD_GetInputReport=True
[10:34:41:819]reply_report=00-4F-00-00-00-00-00-00-00-00-00-00-00-00-00-00-00-00-00-00-00-00-00-00-00-00-00-00-00-00-00-00-00-00-00-00-00-00-00-00-00-00-00-00-00-00-00-00-00-00-00-00-00-00-00-00-00-00-00-00-00-00-00-00-00
[10:34:41:819]50-41-06-32-01-00-63 [CMD_SENT][CMD_GET_IO_LEVEL]
[10:34:41:821][HID_TX_ack]00-12-50-49-01-C0-8E-A9-00-00-08-00-06-B2-00-01-D8-FF-1F-00-00-00-00-02-00-E0-00-13-32-00-00-00-00-00-00-00-00-00-00-00-00-00-00-00-00-00-00-00-00-00-00-00-00-00-00-00-00-00-00-00-00-00-00-00-00
[10:34:41:821]50-49-01-C0-8E-A9-00-00-08-00-06-B2-00-01-D8-FF-1F-00
[10:34:42:046][HID_TX]00-80-06-7C-E3-50-41-0E-33-01-E0-00-00-00-00-00-00-00-00-00-00-00-00-00-00-00-00-00-00-00-00-00-00-00-00-00-00-00-00-00-00-00-00-00-00-00-00-00-00-00-00-00-00-00-00-00-00-00-00-00-00-00-00-00-00
[10:34:42:048]HidD_GetInputReport=True
[10:34:42:048]reply_report=00-4F-00-00-00-00-00-00-00-00-00-00-00-00-00-00-00-00-00-00-00-00-00-00-00-00-00-00-00-00-00-00-00-00-00-00-00-00-00-00-00-00-00-00-00-00-00-00-00-00-00-00-00-00-00-00-00-00-00-00-00-00-00-00-00
[10:34:42:048]50-41-0E-33-01-E0 [CMD_SENT][REMOTE_GET_MODE]
[10:34:42:051][HID_TX_ack]00-19-50-49-01-C0-8E-A9-00-00-03-00-0E-B3-00-50-49-0E-DD-00-00-00-00-02-00-E0-00-13-32-00-00-00-00-00-00-00-00-00-00-00-00-00-00-00-00-00-00-00-00-00-00-00-00-00-00-00-00-00-00-00-00-00-00-00-00
[10:34:42:051]50-49-01-C0-8E-A9-00-00-03-00-0E-B3-00
[10:34:42:051]50-49-0E-DD-00-00-00-00-02-00-E0-00-
[10:34:42:051]REMOTE_GET_MODE=00
[10:34:42:051][HID_TX]00-80-07-AD-20-50-41-06-34-01-00-63-00-00-00-00-00-00-00-00-00-00-00-00-00-00-00-00-00-00-00-00-00-00-00-00-00-00-00-00-00-00-00-00-00-00-00-00-00-00-00-00-00-00-00-00-00-00-00-00-00-00-00-00-00
[10:34:42:051]HidD_GetInputReport=True
[10:34:42:052]reply_report=00-4F-00-00-00-00-00-00-00-00-00-00-00-00-00-00-00-00-00-00-00-00-00-00-00-00-00-00-00-00-00-00-00-00-00-00-00-00-00-00-00-00-00-00-00-00-00-00-00-00-00-00-00-00-00-00-00-00-00-00-00-00-00-00-00
[10:34:42:052]50-41-06-34-01-00-63 [CMD_SENT][CMD_GET_IO_LEVEL]
[10:34:42:054][HID_TX_ack]00-12-50-49-01-C0-5A-AA-00-00-08-00-06-B4-00-01-D8-FF-1F-00-00-00-00-02-00-E0-00-13-32-00-00-00-00-00-00-00-00-00-00-00-00-00-00-00-00-00-00-00-00-00-00-00-00-00-00-00-00-00-00-00-00-00-00-00-00
[10:34:42:054]50-49-01-C0-5A-AA-00-00-08-00-06-B4-00-01-D8-FF-1F-00
[10:34:42:264][HID_TX]00-80-06-41-93-50-41-0E-35-01-E0-00-00-00-00-00-00-00-00-00-00-00-00-00-00-00-00-00-00-00-00-00-00-00-00-00-00-00-00-00-00-00-00-00-00-00-00-00-00-00-00-00-00-00-00-00-00-00-00-00-00-00-00-00-00
[10:34:42:265]HidD_GetInputReport=True
[10:34:42:265]reply_report=00-4F-00-00-00-00-00-00-00-00-00-00-00-00-00-00-00-00-00-00-00-00-00-00-00-00-00-00-00-00-00-00-00-00-00-00-00-00-00-00-00-00-00-00-00-00-00-00-00-00-00-00-00-00-00-00-00-00-00-00-00-00-00-00-00
[10:34:42:265]50-41-0E-35-01-E0 [CMD_SENT][REMOTE_GET_MODE]
[10:34:42:268][HID_TX_ack]00-19-50-49-01-C0-8E-AA-00-00-03-00-0E-B5-00-50-49-0E-DE-00-00-00-00-02-00-E0-00-13-32-00-00-00-00-00-00-00-00-00-00-00-00-00-00-00-00-00-00-00-00-00-00-00-00-00-00-00-00-00-00-00-00-00-00-00-00
[10:34:42:268]50-49-01-C0-8E-AA-00-00-03-00-0E-B5-00
[10:34:42:268]50-49-0E-DE-00-00-00-00-02-00-E0-00-
[10:34:42:269]REMOTE_GET_MODE=00
[10:34:42:269][HID_TX]00-80-07-46-0F-50-41-06-36-01-00-63-00-00-00-00-00-00-00-00-00-00-00-00-00-00-00-00-00-00-00-00-00-00-00-00-00-00-00-00-00-00-00-00-00-00-00-00-00-00-00-00-00-00-00-00-00-00-00-00-00-00-00-00-00
[10:34:42:271]HidD_GetInputReport=True
[10:34:42:271]reply_report=00-4F-00-00-00-00-00-00-00-00-00-00-00-00-00-00-00-00-00-00-00-00-00-00-00-00-00-00-00-00-00-00-00-00-00-00-00-00-00-00-00-00-00-00-00-00-00-00-00-00-00-00-00-00-00-00-00-00-00-00-00-00-00-00-00
[10:34:42:271]50-41-06-36-01-00-63 [CMD_SENT][CMD_GET_IO_LEVEL]
[10:34:42:273][HID_TX_ack]00-12-50-49-01-C0-8E-AA-00-00-08-00-06-B6-00-01-D8-FF-1F-00-00-00-00-02-00-E0-00-13-32-00-00-00-00-00-00-00-00-00-00-00-00-00-00-00-00-00-00-00-00-00-00-00-00-00-00-00-00-00-00-00-00-00-00-00-00
[10:34:42:273]50-49-01-C0-8E-AA-00-00-08-00-06-B6-00-01-D8-FF-1F-00
[10:34:42:496][HID_TX]00-80-06-AA-BC-50-41-0E-37-01-E0-00-00-00-00-00-00-00-00-00-00-00-00-00-00-00-00-00-00-00-00-00-00-00-00-00-00-00-00-00-00-00-00-00-00-00-00-00-00-00-00-00-00-00-00-00-00-00-00-00-00-00-00-00-00
[10:34:42:497]HidD_GetInputReport=True
[10:34:42:497]reply_report=00-4F-00-00-00-00-00-00-00-00-00-00-00-00-00-00-00-00-00-00-00-00-00-00-00-00-00-00-00-00-00-00-00-00-00-00-00-00-00-00-00-00-00-00-00-00-00-00-00-00-00-00-00-00-00-00-00-00-00-00-00-00-00-00-00
[10:34:42:497]50-41-0E-37-01-E0 [CMD_SENT][REMOTE_GET_MODE]
[10:34:42:499][HID_TX_ack]00-19-50-49-01-C0-8E-AB-00-00-03-00-0E-B7-00-50-49-0E-DF-00-00-00-00-02-00-E0-00-13-32-00-00-00-00-00-00-00-00-00-00-00-00-00-00-00-00-00-00-00-00-00-00-00-00-00-00-00-00-00-00-00-00-00-00-00-00
[10:34:42:499]50-49-01-C0-8E-AB-00-00-03-00-0E-B7-00
[10:34:42:499]50-49-0E-DF-00-00-00-00-02-00-E0-00-
[10:34:42:499]REMOTE_GET_MODE=00
[10:34:42:499][HID_TX]00-80-07-D7-C0-50-41-06-38-01-00-63-00-00-00-00-00-00-00-00-00-00-00-00-00-00-00-00-00-00-00-00-00-00-00-00-00-00-00-00-00-00-00-00-00-00-00-00-00-00-00-00-00-00-00-00-00-00-00-00-00-00-00-00-00
[10:34:42:501]HidD_GetInputReport=True
[10:34:42:501]reply_report=00-4F-00-00-00-00-00-00-00-00-00-00-00-00-00-00-00-00-00-00-00-00-00-00-00-00-00-00-00-00-00-00-00-00-00-00-00-00-00-00-00-00-00-00-00-00-00-00-00-00-00-00-00-00-00-00-00-00-00-00-00-00-00-00-00
[10:34:42:501]50-41-06-38-01-00-63 [CMD_SENT][CMD_GET_IO_LEVEL]
[10:34:42:503][HID_TX_ack]00-12-50-49-01-C0-8E-AB-00-00-08-00-06-B8-00-01-D8-FF-1F-00-00-00-00-02-00-E0-00-13-32-00-00-00-00-00-00-00-00-00-00-00-00-00-00-00-00-00-00-00-00-00-00-00-00-00-00-00-00-00-00-00-00-00-00-00-00
[10:34:42:503]50-49-01-C0-8E-AB-00-00-08-00-06-B8-00-01-D8-FF-1F-00
[10:34:42:712][HID_TX]00-80-06-3B-73-50-41-0E-39-01-E0-00-00-00-00-00-00-00-00-00-00-00-00-00-00-00-00-00-00-00-00-00-00-00-00-00-00-00-00-00-00-00-00-00-00-00-00-00-00-00-00-00-00-00-00-00-00-00-00-00-00-00-00-00-00
[10:34:42:713]HidD_GetInputReport=True
[10:34:42:713]reply_report=00-4F-00-00-00-00-00-00-00-00-00-00-00-00-00-00-00-00-00-00-00-00-00-00-00-00-00-00-00-00-00-00-00-00-00-00-00-00-00-00-00-00-00-00-00-00-00-00-00-00-00-00-00-00-00-00-00-00-00-00-00-00-00-00-00
[10:34:42:713]50-41-0E-39-01-E0 [CMD_SENT][REMOTE_GET_MODE]
[10:34:42:716][HID_TX_ack]00-19-50-49-01-C0-6B-AC-00-00-03-00-0E-B9-00-50-49-0E-E0-00-00-00-00-02-00-E0-00-13-32-00-00-00-00-00-00-00-00-00-00-00-00-00-00-00-00-00-00-00-00-00-00-00-00-00-00-00-00-00-00-00-00-00-00-00-00
[10:34:42:716]50-49-01-C0-6B-AC-00-00-03-00-0E-B9-00
[10:34:42:716]50-49-0E-E0-00-00-00-00-02-00-E0-00-
[10:34:42:716]REMOTE_GET_MODE=00
[10:34:42:716][HID_TX]00-80-07-3C-EF-50-41-06-3A-01-00-63-00-00-00-00-00-00-00-00-00-00-00-00-00-00-00-00-00-00-00-00-00-00-00-00-00-00-00-00-00-00-00-00-00-00-00-00-00-00-00-00-00-00-00-00-00-00-00-00-00-00-00-00-00
[10:34:42:717]HidD_GetInputReport=True
[10:34:42:717]reply_report=00-4F-00-00-00-00-00-00-00-00-00-00-00-00-00-00-00-00-00-00-00-00-00-00-00-00-00-00-00-00-00-00-00-00-00-00-00-00-00-00-00-00-00-00-00-00-00-00-00-00-00-00-00-00-00-00-00-00-00-00-00-00-00-00-00
[10:34:42:717]50-41-06-3A-01-00-63 [CMD_SENT][CMD_GET_IO_LEVEL]
[10:34:42:720][HID_TX_ack]00-12-50-49-01-C0-6E-AC-00-00-08-00-06-BA-00-01-D8-FF-1F-00-00-00-00-02-00-E0-00-13-32-00-00-00-00-00-00-00-00-00-00-00-00-00-00-00-00-00-00-00-00-00-00-00-00-00-00-00-00-00-00-00-00-00-00-00-00
[10:34:42:720]50-49-01-C0-6E-AC-00-00-08-00-06-BA-00-01-D8-FF-1F-00
[10:34:42:931][HID_TX]00-80-06-D0-5C-50-41-0E-3B-01-E0-00-00-00-00-00-00-00-00-00-00-00-00-00-00-00-00-00-00-00-00-00-00-00-00-00-00-00-00-00-00-00-00-00-00-00-00-00-00-00-00-00-00-00-00-00-00-00-00-00-00-00-00-00-00
[10:34:42:932]HidD_GetInputReport=True
[10:34:42:932]reply_report=00-4F-00-00-00-00-00-00-00-00-00-00-00-00-00-00-00-00-00-00-00-00-00-00-00-00-00-00-00-00-00-00-00-00-00-00-00-00-00-00-00-00-00-00-00-00-00-00-00-00-00-00-00-00-00-00-00-00-00-00-00-00-00-00-00
[10:34:42:932]50-41-0E-3B-01-E0 [CMD_SENT][REMOTE_GET_MODE]
[10:34:42:935][HID_TX_ack]00-19-50-49-01-C0-8E-AC-00-00-03-00-0E-BB-00-50-49-0E-E1-00-00-00-00-02-00-E0-00-13-32-00-00-00-00-00-00-00-00-00-00-00-00-00-00-00-00-00-00-00-00-00-00-00-00-00-00-00-00-00-00-00-00-00-00-00-00
[10:34:42:935]50-49-01-C0-8E-AC-00-00-03-00-0E-BB-00
[10:34:42:935]50-49-0E-E1-00-00-00-00-02-00-E0-00-
[10:34:42:935]REMOTE_GET_MODE=00
[10:34:42:935][HID_TX]00-80-07-01-9F-50-41-06-3C-01-00-63-00-00-00-00-00-00-00-00-00-00-00-00-00-00-00-00-00-00-00-00-00-00-00-00-00-00-00-00-00-00-00-00-00-00-00-00-00-00-00-00-00-00-00-00-00-00-00-00-00-00-00-00-00
[10:34:42:936]HidD_GetInputReport=True
[10:34:42:936]reply_report=00-4F-00-00-00-00-00-00-00-00-00-00-00-00-00-00-00-00-00-00-00-00-00-00-00-00-00-00-00-00-00-00-00-00-00-00-00-00-00-00-00-00-00-00-00-00-00-00-00-00-00-00-00-00-00-00-00-00-00-00-00-00-00-00-00
[10:34:42:936]50-41-06-3C-01-00-63 [CMD_SENT][CMD_GET_IO_LEVEL]
[10:34:42:939][HID_TX_ack]00-12-50-49-01-C0-8E-AC-00-00-08-00-06-BC-00-01-D8-FF-1F-00-00-00-00-02-00-E0-00-13-32-00-00-00-00-00-00-00-00-00-00-00-00-00-00-00-00-00-00-00-00-00-00-00-00-00-00-00-00-00-00-00-00-00-00-00-00
[10:34:42:939]50-49-01-C0-8E-AC-00-00-08-00-06-BC-00-01-D8-FF-1F-00
[10:34:43:161][HID_TX]00-80-06-ED-2C-50-41-0E-3D-01-E0-00-00-00-00-00-00-00-00-00-00-00-00-00-00-00-00-00-00-00-00-00-00-00-00-00-00-00-00-00-00-00-00-00-00-00-00-00-00-00-00-00-00-00-00-00-00-00-00-00-00-00-00-00-00
[10:34:43:162]HidD_GetInputReport=True
[10:34:43:162]reply_report=00-4F-00-00-00-00-00-00-00-00-00-00-00-00-00-00-00-00-00-00-00-00-00-00-00-00-00-00-00-00-00-00-00-00-00-00-00-00-00-00-00-00-00-00-00-00-00-00-00-00-00-00-00-00-00-00-00-00-00-00-00-00-00-00-00
[10:34:43:162]50-41-0E-3D-01-E0 [CMD_SENT][REMOTE_GET_MODE]
[10:34:43:165][HID_TX_ack]00-19-50-49-01-C0-8E-AD-00-00-03-00-0E-BD-00-50-49-0E-E2-00-00-00-00-02-00-E0-00-13-32-00-00-00-00-00-00-00-00-00-00-00-00-00-00-00-00-00-00-00-00-00-00-00-00-00-00-00-00-00-00-00-00-00-00-00-00
[10:34:43:165]50-49-01-C0-8E-AD-00-00-03-00-0E-BD-00
[10:34:43:165]50-49-0E-E2-00-00-00-00-02-00-E0-00-
[10:34:43:165]REMOTE_GET_MODE=00
[10:34:43:165][HID_TX]00-80-07-EA-B0-50-41-06-3E-01-00-63-00-00-00-00-00-00-00-00-00-00-00-00-00-00-00-00-00-00-00-00-00-00-00-00-00-00-00-00-00-00-00-00-00-00-00-00-00-00-00-00-00-00-00-00-00-00-00-00-00-00-00-00-00
[10:34:43:166]HidD_GetInputReport=True
[10:34:43:166]reply_report=00-4F-00-00-00-00-00-00-00-00-00-00-00-00-00-00-00-00-00-00-00-00-00-00-00-00-00-00-00-00-00-00-00-00-00-00-00-00-00-00-00-00-00-00-00-00-00-00-00-00-00-00-00-00-00-00-00-00-00-00-00-00-00-00-00
[10:34:43:166]50-41-06-3E-01-00-63 [CMD_SENT][CMD_GET_IO_LEVEL]
[10:34:43:169][HID_TX_ack]00-12-50-49-01-C0-8E-AD-00-00-08-00-06-BE-00-01-D8-FF-1F-00-00-00-00-02-00-E0-00-13-32-00-00-00-00-00-00-00-00-00-00-00-00-00-00-00-00-00-00-00-00-00-00-00-00-00-00-00-00-00-00-00-00-00-00-00-00
[10:34:43:169]50-49-01-C0-8E-AD-00-00-08-00-06-BE-00-01-D8-FF-1F-00
[10:34:43:379][HID_TX]00-80-06-06-03-50-41-0E-3F-01-E0-00-00-00-00-00-00-00-00-00-00-00-00-00-00-00-00-00-00-00-00-00-00-00-00-00-00-00-00-00-00-00-00-00-00-00-00-00-00-00-00-00-00-00-00-00-00-00-00-00-00-00-00-00-00
[10:34:43:380]HidD_GetInputReport=True
[10:34:43:380]reply_report=00-4F-00-00-00-00-00-00-00-00-00-00-00-00-00-00-00-00-00-00-00-00-00-00-00-00-00-00-00-00-00-00-00-00-00-00-00-00-00-00-00-00-00-00-00-00-00-00-00-00-00-00-00-00-00-00-00-00-00-00-00-00-00-00-00
[10:34:43:380]50-41-0E-3F-01-E0 [CMD_SENT][REMOTE_GET_MODE]
[10:34:43:383][HID_TX_ack]00-19-50-49-01-C0-80-AE-00-00-03-00-0E-BF-00-50-49-0E-E3-00-00-00-00-02-00-E0-00-13-32-00-00-00-00-00-00-00-00-00-00-00-00-00-00-00-00-00-00-00-00-00-00-00-00-00-00-00-00-00-00-00-00-00-00-00-00
[10:34:43:383]50-49-01-C0-80-AE-00-00-03-00-0E-BF-00
[10:34:43:383]50-49-0E-E3-00-00-00-00-02-00-E0-00-
[10:34:43:383]REMOTE_GET_MODE=00
[10:34:43:383][HID_TX]00-80-07-35-63-50-41-06-40-01-00-63-00-00-00-00-00-00-00-00-00-00-00-00-00-00-00-00-00-00-00-00-00-00-00-00-00-00-00-00-00-00-00-00-00-00-00-00-00-00-00-00-00-00-00-00-00-00-00-00-00-00-00-00-00
[10:34:43:384]HidD_GetInputReport=True
[10:34:43:384]reply_report=00-4F-00-00-00-00-00-00-00-00-00-00-00-00-00-00-00-00-00-00-00-00-00-00-00-00-00-00-00-00-00-00-00-00-00-00-00-00-00-00-00-00-00-00-00-00-00-00-00-00-00-00-00-00-00-00-00-00-00-00-00-00-00-00-00
[10:34:43:384]50-41-06-40-01-00-63 [CMD_SENT][CMD_GET_IO_LEVEL]
[10:34:43:387][HID_TX_ack]00-12-50-49-01-C0-83-AE-00-00-08-00-06-C0-00-01-D8-FF-1F-00-00-00-00-02-00-E0-00-13-32-00-00-00-00-00-00-00-00-00-00-00-00-00-00-00-00-00-00-00-00-00-00-00-00-00-00-00-00-00-00-00-00-00-00-00-00
[10:34:43:387]50-49-01-C0-83-AE-00-00-08-00-06-C0-00-01-D8-FF-1F-00
[10:34:43:609][HID_TX]00-80-06-D9-D0-50-41-0E-41-01-E0-00-00-00-00-00-00-00-00-00-00-00-00-00-00-00-00-00-00-00-00-00-00-00-00-00-00-00-00-00-00-00-00-00-00-00-00-00-00-00-00-00-00-00-00-00-00-00-00-00-00-00-00-00-00
[10:34:43:610]HidD_GetInputReport=True
[10:34:43:610]reply_report=00-4F-00-00-00-00-00-00-00-00-00-00-00-00-00-00-00-00-00-00-00-00-00-00-00-00-00-00-00-00-00-00-00-00-00-00-00-00-00-00-00-00-00-00-00-00-00-00-00-00-00-00-00-00-00-00-00-00-00-00-00-00-00-00-00
[10:34:43:610]50-41-0E-41-01-E0 [CMD_SENT][REMOTE_GET_MODE]
[10:34:43:613][HID_TX_ack]00-19-50-49-01-C0-8E-AE-00-00-03-00-0E-C1-00-50-49-0E-E4-00-00-00-00-02-00-E0-00-13-32-00-00-00-00-00-00-00-00-00-00-00-00-00-00-00-00-00-00-00-00-00-00-00-00-00-00-00-00-00-00-00-00-00-00-00-00
[10:34:43:613]50-49-01-C0-8E-AE-00-00-03-00-0E-C1-00
[10:34:43:613]50-49-0E-E4-00-00-00-00-02-00-E0-00-
[10:34:43:613]REMOTE_GET_MODE=00
[10:34:43:613][HID_TX]00-80-07-DE-4C-50-41-06-42-01-00-63-00-00-00-00-00-00-00-00-00-00-00-00-00-00-00-00-00-00-00-00-00-00-00-00-00-00-00-00-00-00-00-00-00-00-00-00-00-00-00-00-00-00-00-00-00-00-00-00-00-00-00-00-00
[10:34:43:614]HidD_GetInputReport=True
[10:34:43:614]reply_report=00-4F-00-00-00-00-00-00-00-00-00-00-00-00-00-00-00-00-00-00-00-00-00-00-00-00-00-00-00-00-00-00-00-00-00-00-00-00-00-00-00-00-00-00-00-00-00-00-00-00-00-00-00-00-00-00-00-00-00-00-00-00-00-00-00
[10:34:43:614]50-41-06-42-01-00-63 [CMD_SENT][CMD_GET_IO_LEVEL]
[10:34:43:617][HID_TX_ack]00-12-50-49-01-C0-8E-AE-00-00-08-00-06-C2-00-01-D8-FF-1F-00-00-00-00-02-00-E0-00-13-32-00-00-00-00-00-00-00-00-00-00-00-00-00-00-00-00-00-00-00-00-00-00-00-00-00-00-00-00-00-00-00-00-00-00-00-00
[10:34:43:617]50-49-01-C0-8E-AE-00-00-08-00-06-C2-00-01-D8-FF-1F-00
[10:34:43:826][HID_TX]00-80-06-32-FF-50-41-0E-43-01-E0-00-00-00-00-00-00-00-00-00-00-00-00-00-00-00-00-00-00-00-00-00-00-00-00-00-00-00-00-00-00-00-00-00-00-00-00-00-00-00-00-00-00-00-00-00-00-00-00-00-00-00-00-00-00
[10:34:43:827]HidD_GetInputReport=True
[10:34:43:827]reply_report=00-4F-00-00-00-00-00-00-00-00-00-00-00-00-00-00-00-00-00-00-00-00-00-00-00-00-00-00-00-00-00-00-00-00-00-00-00-00-00-00-00-00-00-00-00-00-00-00-00-00-00-00-00-00-00-00-00-00-00-00-00-00-00-00-00
[10:34:43:827]50-41-0E-43-01-E0 [CMD_SENT][REMOTE_GET_MODE]
[10:34:43:829][HID_TX_ack]00-19-50-49-01-C0-8E-AF-00-00-03-00-0E-C3-00-50-49-0E-E5-00-00-00-00-02-00-E0-00-13-32-00-00-00-00-00-00-00-00-00-00-00-00-00-00-00-00-00-00-00-00-00-00-00-00-00-00-00-00-00-00-00-00-00-00-00-00
[10:34:43:829]50-49-01-C0-8E-AF-00-00-03-00-0E-C3-00
[10:34:43:829]50-49-0E-E5-00-00-00-00-02-00-E0-00-
[10:34:43:829]REMOTE_GET_MODE=00
[10:34:43:829][HID_TX]00-80-07-E3-3C-50-41-06-44-01-00-63-00-00-00-00-00-00-00-00-00-00-00-00-00-00-00-00-00-00-00-00-00-00-00-00-00-00-00-00-00-00-00-00-00-00-00-00-00-00-00-00-00-00-00-00-00-00-00-00-00-00-00-00-00
[10:34:43:831]HidD_GetInputReport=True
[10:34:43:831]reply_report=00-4F-00-00-00-00-00-00-00-00-00-00-00-00-00-00-00-00-00-00-00-00-00-00-00-00-00-00-00-00-00-00-00-00-00-00-00-00-00-00-00-00-00-00-00-00-00-00-00-00-00-00-00-00-00-00-00-00-00-00-00-00-00-00-00
[10:34:43:831]50-41-06-44-01-00-63 [CMD_SENT][CMD_GET_IO_LEVEL]
[10:34:43:834][HID_TX_ack]00-12-50-49-01-C0-8E-AF-00-00-08-00-06-C4-00-01-D8-FF-1F-00-00-00-00-02-00-E0-00-13-32-00-00-00-00-00-00-00-00-00-00-00-00-00-00-00-00-00-00-00-00-00-00-00-00-00-00-00-00-00-00-00-00-00-00-00-00
[10:34:43:834]50-49-01-C0-8E-AF-00-00-08-00-06-C4-00-01-D8-FF-1F-00
[10:34:44:044][HID_TX]00-80-06-0F-8F-50-41-0E-45-01-E0-00-00-00-00-00-00-00-00-00-00-00-00-00-00-00-00-00-00-00-00-00-00-00-00-00-00-00-00-00-00-00-00-00-00-00-00-00-00-00-00-00-00-00-00-00-00-00-00-00-00-00-00-00-00
[10:34:44:045]HidD_GetInputReport=True
[10:34:44:045]reply_report=00-4F-00-00-00-00-00-00-00-00-00-00-00-00-00-00-00-00-00-00-00-00-00-00-00-00-00-00-00-00-00-00-00-00-00-00-00-00-00-00-00-00-00-00-00-00-00-00-00-00-00-00-00-00-00-00-00-00-00-00-00-00-00-00-00
[10:34:44:045]50-41-0E-45-01-E0 [CMD_SENT][REMOTE_GET_MODE]
[10:34:44:048][HID_TX_ack]00-19-50-49-01-C0-8E-B0-00-00-03-00-0E-C5-00-50-49-0E-E6-00-00-00-00-02-00-E0-00-13-32-00-00-00-00-00-00-00-00-00-00-00-00-00-00-00-00-00-00-00-00-00-00-00-00-00-00-00-00-00-00-00-00-00-00-00-00
[10:34:44:048]50-49-01-C0-8E-B0-00-00-03-00-0E-C5-00
[10:34:44:048]50-49-0E-E6-00-00-00-00-02-00-E0-00-
[10:34:44:048]REMOTE_GET_MODE=00
[10:34:44:048][HID_TX]00-80-07-08-13-50-41-06-46-01-00-63-00-00-00-00-00-00-00-00-00-00-00-00-00-00-00-00-00-00-00-00-00-00-00-00-00-00-00-00-00-00-00-00-00-00-00-00-00-00-00-00-00-00-00-00-00-00-00-00-00-00-00-00-00
[10:34:44:050]HidD_GetInputReport=True
[10:34:44:050]reply_report=00-4F-00-00-00-00-00-00-00-00-00-00-00-00-00-00-00-00-00-00-00-00-00-00-00-00-00-00-00-00-00-00-00-00-00-00-00-00-00-00-00-00-00-00-00-00-00-00-00-00-00-00-00-00-00-00-00-00-00-00-00-00-00-00-00
[10:34:44:050]50-41-06-46-01-00-63 [CMD_SENT][CMD_GET_IO_LEVEL]
[10:34:44:052][HID_TX_ack]00-12-50-49-01-C0-8E-B0-00-00-08-00-06-C6-00-01-D8-FF-1F-00-00-00-00-02-00-E0-00-13-32-00-00-00-00-00-00-00-00-00-00-00-00-00-00-00-00-00-00-00-00-00-00-00-00-00-00-00-00-00-00-00-00-00-00-00-00
[10:34:44:052]50-49-01-C0-8E-B0-00-00-08-00-06-C6-00-01-D8-FF-1F-00
[10:34:44:264][HID_TX]00-80-06-E4-A0-50-41-0E-47-01-E0-00-00-00-00-00-00-00-00-00-00-00-00-00-00-00-00-00-00-00-00-00-00-00-00-00-00-00-00-00-00-00-00-00-00-00-00-00-00-00-00-00-00-00-00-00-00-00-00-00-00-00-00-00-00
[10:34:44:265]HidD_GetInputReport=True
[10:34:44:265]reply_report=00-4F-00-00-00-00-00-00-00-00-00-00-00-00-00-00-00-00-00-00-00-00-00-00-00-00-00-00-00-00-00-00-00-00-00-00-00-00-00-00-00-00-00-00-00-00-00-00-00-00-00-00-00-00-00-00-00-00-00-00-00-00-00-00-00
[10:34:44:265]50-41-0E-47-01-E0 [CMD_SENT][REMOTE_GET_MODE]
[10:34:44:268][HID_TX_ack]00-19-50-49-01-C0-8E-B0-00-00-03-00-0E-C7-00-50-49-0E-E7-00-00-00-00-02-00-E0-00-13-32-00-00-00-00-00-00-00-00-00-00-00-00-00-00-00-00-00-00-00-00-00-00-00-00-00-00-00-00-00-00-00-00-00-00-00-00
[10:34:44:268]50-49-01-C0-8E-B0-00-00-03-00-0E-C7-00
[10:34:44:268]50-49-0E-E7-00-00-00-00-02-00-E0-00-
[10:34:44:268]REMOTE_GET_MODE=00
[10:34:44:268][HID_TX]00-80-07-99-DC-50-41-06-48-01-00-63-00-00-00-00-00-00-00-00-00-00-00-00-00-00-00-00-00-00-00-00-00-00-00-00-00-00-00-00-00-00-00-00-00-00-00-00-00-00-00-00-00-00-00-00-00-00-00-00-00-00-00-00-00
[10:34:44:269]HidD_GetInputReport=True
[10:34:44:269]reply_report=00-4F-00-00-00-00-00-00-00-00-00-00-00-00-00-00-00-00-00-00-00-00-00-00-00-00-00-00-00-00-00-00-00-00-00-00-00-00-00-00-00-00-00-00-00-00-00-00-00-00-00-00-00-00-00-00-00-00-00-00-00-00-00-00-00
[10:34:44:269]50-41-06-48-01-00-63 [CMD_SENT][CMD_GET_IO_LEVEL]
[10:34:44:272][HID_TX_ack]00-12-50-49-01-C0-8E-B0-00-00-08-00-06-C8-00-01-D8-FF-1F-00-00-00-00-02-00-E0-00-13-32-00-00-00-00-00-00-00-00-00-00-00-00-00-00-00-00-00-00-00-00-00-00-00-00-00-00-00-00-00-00-00-00-00-00-00-00
[10:34:44:272]50-49-01-C0-8E-B0-00-00-08-00-06-C8-00-01-D8-FF-1F-00
[10:34:44:496][HID_TX]00-80-06-75-6F-50-41-0E-49-01-E0-00-00-00-00-00-00-00-00-00-00-00-00-00-00-00-00-00-00-00-00-00-00-00-00-00-00-00-00-00-00-00-00-00-00-00-00-00-00-00-00-00-00-00-00-00-00-00-00-00-00-00-00-00-00
[10:34:44:497]HidD_GetInputReport=True
[10:34:44:497]reply_report=00-4F-00-00-00-00-00-00-00-00-00-00-00-00-00-00-00-00-00-00-00-00-00-00-00-00-00-00-00-00-00-00-00-00-00-00-00-00-00-00-00-00-00-00-00-00-00-00-00-00-00-00-00-00-00-00-00-00-00-00-00-00-00-00-00
[10:34:44:497]50-41-0E-49-01-E0 [CMD_SENT][REMOTE_GET_MODE]
[10:34:44:500][HID_TX_ack]00-19-50-49-01-C0-8E-B1-00-00-03-00-0E-C9-00-50-49-0E-E8-00-00-00-00-02-00-E0-00-13-32-00-00-00-00-00-00-00-00-00-00-00-00-00-00-00-00-00-00-00-00-00-00-00-00-00-00-00-00-00-00-00-00-00-00-00-00
[10:34:44:500]50-49-01-C0-8E-B1-00-00-03-00-0E-C9-00
[10:34:44:500]50-49-0E-E8-00-00-00-00-02-00-E0-00-
[10:34:44:500]REMOTE_GET_MODE=00
[10:34:44:500][HID_TX]00-80-07-72-F3-50-41-06-4A-01-00-63-00-00-00-00-00-00-00-00-00-00-00-00-00-00-00-00-00-00-00-00-00-00-00-00-00-00-00-00-00-00-00-00-00-00-00-00-00-00-00-00-00-00-00-00-00-00-00-00-00-00-00-00-00
[10:34:44:501]HidD_GetInputReport=True
[10:34:44:501]reply_report=00-4F-00-00-00-00-00-00-00-00-00-00-00-00-00-00-00-00-00-00-00-00-00-00-00-00-00-00-00-00-00-00-00-00-00-00-00-00-00-00-00-00-00-00-00-00-00-00-00-00-00-00-00-00-00-00-00-00-00-00-00-00-00-00-00
[10:34:44:501]50-41-06-4A-01-00-63 [CMD_SENT][CMD_GET_IO_LEVEL]
[10:34:44:504][HID_TX_ack]00-12-50-49-01-C0-8E-B1-00-00-08-00-06-CA-00-01-D8-FF-1F-00-00-00-00-02-00-E0-00-13-32-00-00-00-00-00-00-00-00-00-00-00-00-00-00-00-00-00-00-00-00-00-00-00-00-00-00-00-00-00-00-00-00-00-00-00-00
[10:34:44:504]50-49-01-C0-8E-B1-00-00-08-00-06-CA-00-01-D8-FF-1F-00
[10:34:44:726][HID_TX]00-80-06-9E-40-50-41-0E-4B-01-E0-00-00-00-00-00-00-00-00-00-00-00-00-00-00-00-00-00-00-00-00-00-00-00-00-00-00-00-00-00-00-00-00-00-00-00-00-00-00-00-00-00-00-00-00-00-00-00-00-00-00-00-00-00-00
[10:34:44:728]HidD_GetInputReport=True
[10:34:44:728]reply_report=00-4F-00-00-00-00-00-00-00-00-00-00-00-00-00-00-00-00-00-00-00-00-00-00-00-00-00-00-00-00-00-00-00-00-00-00-00-00-00-00-00-00-00-00-00-00-00-00-00-00-00-00-00-00-00-00-00-00-00-00-00-00-00-00-00
[10:34:44:728]50-41-0E-4B-01-E0 [CMD_SENT][REMOTE_GET_MODE]
[10:34:44:730][HID_TX_ack]00-19-50-49-01-C0-8E-B2-00-00-03-00-0E-CB-00-50-49-0E-E9-00-00-00-00-02-00-E0-00-13-32-00-00-00-00-00-00-00-00-00-00-00-00-00-00-00-00-00-00-00-00-00-00-00-00-00-00-00-00-00-00-00-00-00-00-00-00
[10:34:44:730]50-49-01-C0-8E-B2-00-00-03-00-0E-CB-00
[10:34:44:730]50-49-0E-E9-00-00-00-00-02-00-E0-00-
[10:34:44:730]REMOTE_GET_MODE=00
[10:34:44:730][HID_TX]00-80-07-4F-83-50-41-06-4C-01-00-63-00-00-00-00-00-00-00-00-00-00-00-00-00-00-00-00-00-00-00-00-00-00-00-00-00-00-00-00-00-00-00-00-00-00-00-00-00-00-00-00-00-00-00-00-00-00-00-00-00-00-00-00-00
[10:34:44:731]HidD_GetInputReport=True
[10:34:44:731]reply_report=00-4F-00-00-00-00-00-00-00-00-00-00-00-00-00-00-00-00-00-00-00-00-00-00-00-00-00-00-00-00-00-00-00-00-00-00-00-00-00-00-00-00-00-00-00-00-00-00-00-00-00-00-00-00-00-00-00-00-00-00-00-00-00-00-00
[10:34:44:731]50-41-06-4C-01-00-63 [CMD_SENT][CMD_GET_IO_LEVEL]
[10:34:44:734][HID_TX_ack]00-12-50-49-01-C0-8E-B2-00-00-08-00-06-CC-00-01-D8-FF-1F-00-00-00-00-02-00-E0-00-13-32-00-00-00-00-00-00-00-00-00-00-00-00-00-00-00-00-00-00-00-00-00-00-00-00-00-00-00-00-00-00-00-00-00-00-00-00
[10:34:44:734]50-49-01-C0-8E-B2-00-00-08-00-06-CC-00-01-D8-FF-1F-00
[10:34:44:958][HID_TX]00-80-06-A3-30-50-41-0E-4D-01-E0-00-00-00-00-00-00-00-00-00-00-00-00-00-00-00-00-00-00-00-00-00-00-00-00-00-00-00-00-00-00-00-00-00-00-00-00-00-00-00-00-00-00-00-00-00-00-00-00-00-00-00-00-00-00
[10:34:44:959]HidD_GetInputReport=True
[10:34:44:959]reply_report=00-4F-00-00-00-00-00-00-00-00-00-00-00-00-00-00-00-00-00-00-00-00-00-00-00-00-00-00-00-00-00-00-00-00-00-00-00-00-00-00-00-00-00-00-00-00-00-00-00-00-00-00-00-00-00-00-00-00-00-00-00-00-00-00-00
[10:34:44:959]50-41-0E-4D-01-E0 [CMD_SENT][REMOTE_GET_MODE]
[10:34:44:962][HID_TX_ack]00-19-50-49-01-C0-6F-B3-00-00-03-00-0E-CD-00-50-49-0E-EA-00-00-00-00-02-00-E0-00-13-32-00-00-00-00-00-00-00-00-00-00-00-00-00-00-00-00-00-00-00-00-00-00-00-00-00-00-00-00-00-00-00-00-00-00-00-00
[10:34:44:962]50-49-01-C0-6F-B3-00-00-03-00-0E-CD-00
[10:34:44:962]50-49-0E-EA-00-00-00-00-02-00-E0-00-
[10:34:44:962]REMOTE_GET_MODE=00
[10:34:44:962][HID_TX]00-80-07-A4-AC-50-41-06-4E-01-00-63-00-00-00-00-00-00-00-00-00-00-00-00-00-00-00-00-00-00-00-00-00-00-00-00-00-00-00-00-00-00-00-00-00-00-00-00-00-00-00-00-00-00-00-00-00-00-00-00-00-00-00-00-00
[10:34:44:964]HidD_GetInputReport=True
[10:34:44:964]reply_report=00-4F-00-00-00-00-00-00-00-00-00-00-00-00-00-00-00-00-00-00-00-00-00-00-00-00-00-00-00-00-00-00-00-00-00-00-00-00-00-00-00-00-00-00-00-00-00-00-00-00-00-00-00-00-00-00-00-00-00-00-00-00-00-00-00
[10:34:44:964]50-41-06-4E-01-00-63 [CMD_SENT][CMD_GET_IO_LEVEL]
[10:34:44:967][HID_TX_ack]00-12-50-49-01-C0-73-B3-00-00-08-00-06-CE-00-01-D8-FF-1F-00-00-00-00-02-00-E0-00-13-32-00-00-00-00-00-00-00-00-00-00-00-00-00-00-00-00-00-00-00-00-00-00-00-00-00-00-00-00-00-00-00-00-00-00-00-00
[10:34:44:967]50-49-01-C0-73-B3-00-00-08-00-06-CE-00-01-D8-FF-1F-00
[10:34:45:191][HID_TX]00-80-06-48-1F-50-41-0E-4F-01-E0-00-00-00-00-00-00-00-00-00-00-00-00-00-00-00-00-00-00-00-00-00-00-00-00-00-00-00-00-00-00-00-00-00-00-00-00-00-00-00-00-00-00-00-00-00-00-00-00-00-00-00-00-00-00
[10:34:45:193]HidD_GetInputReport=True
[10:34:45:193]reply_report=00-4F-00-00-00-00-00-00-00-00-00-00-00-00-00-00-00-00-00-00-00-00-00-00-00-00-00-00-00-00-00-00-00-00-00-00-00-00-00-00-00-00-00-00-00-00-00-00-00-00-00-00-00-00-00-00-00-00-00-00-00-00-00-00-00
[10:34:45:193]50-41-0E-4F-01-E0 [CMD_SENT][REMOTE_GET_MODE]
[10:34:45:195][HID_TX_ack]00-19-50-49-01-C0-8E-B3-00-00-03-00-0E-CF-00-50-49-0E-EB-00-00-00-00-02-00-E0-00-13-32-00-00-00-00-00-00-00-00-00-00-00-00-00-00-00-00-00-00-00-00-00-00-00-00-00-00-00-00-00-00-00-00-00-00-00-00
[10:34:45:195]50-49-01-C0-8E-B3-00-00-03-00-0E-CF-00
[10:34:45:195]50-49-0E-EB-00-00-00-00-02-00-E0-00-
[10:34:45:195]REMOTE_GET_MODE=00
[10:34:45:195][HID_TX]00-80-07-4C-0C-50-41-06-50-01-00-63-00-00-00-00-00-00-00-00-00-00-00-00-00-00-00-00-00-00-00-00-00-00-00-00-00-00-00-00-00-00-00-00-00-00-00-00-00-00-00-00-00-00-00-00-00-00-00-00-00-00-00-00-00
[10:34:45:196]HidD_GetInputReport=True
[10:34:45:196]reply_report=00-4F-00-00-00-00-00-00-00-00-00-00-00-00-00-00-00-00-00-00-00-00-00-00-00-00-00-00-00-00-00-00-00-00-00-00-00-00-00-00-00-00-00-00-00-00-00-00-00-00-00-00-00-00-00-00-00-00-00-00-00-00-00-00-00
[10:34:45:196]50-41-06-50-01-00-63 [CMD_SENT][CMD_GET_IO_LEVEL]
[10:34:45:199][HID_TX_ack]00-12-50-49-01-C0-8E-B3-00-00-08-00-06-D0-00-01-D8-FF-1F-00-00-00-00-02-00-E0-00-13-32-00-00-00-00-00-00-00-00-00-00-00-00-00-00-00-00-00-00-00-00-00-00-00-00-00-00-00-00-00-00-00-00-00-00-00-00
[10:34:45:199]50-49-01-C0-8E-B3-00-00-08-00-06-D0-00-01-D8-FF-1F-00
[10:34:45:408][HID_TX]00-80-06-A0-BF-50-41-0E-51-01-E0-00-00-00-00-00-00-00-00-00-00-00-00-00-00-00-00-00-00-00-00-00-00-00-00-00-00-00-00-00-00-00-00-00-00-00-00-00-00-00-00-00-00-00-00-00-00-00-00-00-00-00-00-00-00
[10:34:45:409]HidD_GetInputReport=True
[10:34:45:409]reply_report=00-4F-00-00-00-00-00-00-00-00-00-00-00-00-00-00-00-00-00-00-00-00-00-00-00-00-00-00-00-00-00-00-00-00-00-00-00-00-00-00-00-00-00-00-00-00-00-00-00-00-00-00-00-00-00-00-00-00-00-00-00-00-00-00-00
[10:34:45:409]50-41-0E-51-01-E0 [CMD_SENT][REMOTE_GET_MODE]
[10:34:45:412][HID_TX_ack]00-19-50-49-01-C0-8E-B4-00-00-03-00-0E-D1-00-50-49-0E-EC-00-00-00-00-02-00-E0-00-13-32-00-00-00-00-00-00-00-00-00-00-00-00-00-00-00-00-00-00-00-00-00-00-00-00-00-00-00-00-00-00-00-00-00-00-00-00
[10:34:45:412]50-49-01-C0-8E-B4-00-00-03-00-0E-D1-00
[10:34:45:412]REMOTE_GET_MODE=00
[10:34:45:412]50-49-0E-EC-00-00-00-00-02-00-E0-00-
[10:34:45:412][HID_TX]00-80-07-A7-23-50-41-06-52-01-00-63-00-00-00-00-00-00-00-00-00-00-00-00-00-00-00-00-00-00-00-00-00-00-00-00-00-00-00-00-00-00-00-00-00-00-00-00-00-00-00-00-00-00-00-00-00-00-00-00-00-00-00-00-00
[10:34:45:414]HidD_GetInputReport=True
[10:34:45:414]reply_report=00-4F-00-00-00-00-00-00-00-00-00-00-00-00-00-00-00-00-00-00-00-00-00-00-00-00-00-00-00-00-00-00-00-00-00-00-00-00-00-00-00-00-00-00-00-00-00-00-00-00-00-00-00-00-00-00-00-00-00-00-00-00-00-00-00
[10:34:45:414]50-41-06-52-01-00-63 [CMD_SENT][CMD_GET_IO_LEVEL]
[10:34:45:416][HID_TX_ack]00-12-50-49-01-C0-8E-B4-00-00-08-00-06-D2-00-01-D8-FF-1F-00-00-00-00-02-00-E0-00-13-32-00-00-00-00-00-00-00-00-00-00-00-00-00-00-00-00-00-00-00-00-00-00-00-00-00-00-00-00-00-00-00-00-00-00-00-00
[10:34:45:416]50-49-01-C0-8E-B4-00-00-08-00-06-D2-00-01-D8-FF-1F-00
[10:34:45:642][HID_TX]00-80-06-4B-90-50-41-0E-53-01-E0-00-00-00-00-00-00-00-00-00-00-00-00-00-00-00-00-00-00-00-00-00-00-00-00-00-00-00-00-00-00-00-00-00-00-00-00-00-00-00-00-00-00-00-00-00-00-00-00-00-00-00-00-00-00
[10:34:45:643]HidD_GetInputReport=True
[10:34:45:643]reply_report=00-4F-00-00-00-00-00-00-00-00-00-00-00-00-00-00-00-00-00-00-00-00-00-00-00-00-00-00-00-00-00-00-00-00-00-00-00-00-00-00-00-00-00-00-00-00-00-00-00-00-00-00-00-00-00-00-00-00-00-00-00-00-00-00-00
[10:34:45:643]50-41-0E-53-01-E0 [CMD_SENT][REMOTE_GET_MODE]
[10:34:45:646][HID_TX_ack]00-19-50-49-01-C0-8E-B5-00-00-03-00-0E-D3-00-50-49-0E-ED-00-00-00-00-02-00-E0-00-13-32-00-00-00-00-00-00-00-00-00-00-00-00-00-00-00-00-00-00-00-00-00-00-00-00-00-00-00-00-00-00-00-00-00-00-00-00
[10:34:45:646]50-49-01-C0-8E-B5-00-00-03-00-0E-D3-00
[10:34:45:646]50-49-0E-ED-00-00-00-00-02-00-E0-00-
[10:34:45:646]REMOTE_GET_MODE=00
[10:34:45:646][HID_TX]00-80-07-9A-53-50-41-06-54-01-00-63-00-00-00-00-00-00-00-00-00-00-00-00-00-00-00-00-00-00-00-00-00-00-00-00-00-00-00-00-00-00-00-00-00-00-00-00-00-00-00-00-00-00-00-00-00-00-00-00-00-00-00-00-00
[10:34:45:649]HidD_GetInputReport=True
[10:34:45:649]reply_report=00-4F-00-00-00-00-00-00-00-00-00-00-00-00-00-00-00-00-00-00-00-00-00-00-00-00-00-00-00-00-00-00-00-00-00-00-00-00-00-00-00-00-00-00-00-00-00-00-00-00-00-00-00-00-00-00-00-00-00-00-00-00-00-00-00
[10:34:45:649]50-41-06-54-01-00-63 [CMD_SENT][CMD_GET_IO_LEVEL]
[10:34:45:651][HID_TX_ack]00-12-50-49-01-C0-8E-B5-00-00-08-00-06-D4-00-01-D8-FF-1F-00-00-00-00-02-00-E0-00-13-32-00-00-00-00-00-00-00-00-00-00-00-00-00-00-00-00-00-00-00-00-00-00-00-00-00-00-00-00-00-00-00-00-00-00-00-00
[10:34:45:651]50-49-01-C0-8E-B5-00-00-08-00-06-D4-00-01-D8-FF-1F-00
[10:34:45:874][HID_TX]00-80-06-76-E0-50-41-0E-55-01-E0-00-00-00-00-00-00-00-00-00-00-00-00-00-00-00-00-00-00-00-00-00-00-00-00-00-00-00-00-00-00-00-00-00-00-00-00-00-00-00-00-00-00-00-00-00-00-00-00-00-00-00-00-00-00
[10:34:45:876]HidD_GetInputReport=True
[10:34:45:876]reply_report=00-4F-00-00-00-00-00-00-00-00-00-00-00-00-00-00-00-00-00-00-00-00-00-00-00-00-00-00-00-00-00-00-00-00-00-00-00-00-00-00-00-00-00-00-00-00-00-00-00-00-00-00-00-00-00-00-00-00-00-00-00-00-00-00-00
[10:34:45:876]50-41-0E-55-01-E0 [CMD_SENT][REMOTE_GET_MODE]
[10:34:45:879][HID_TX_ack]00-19-50-49-01-C0-8E-B5-00-00-03-00-0E-D5-00-50-49-0E-EE-00-00-00-00-02-00-E0-00-13-32-00-00-00-00-00-00-00-00-00-00-00-00-00-00-00-00-00-00-00-00-00-00-00-00-00-00-00-00-00-00-00-00-00-00-00-00
[10:34:45:879]50-49-01-C0-8E-B5-00-00-03-00-0E-D5-00
[10:34:45:879]50-49-0E-EE-00-00-00-00-02-00-E0-00-
[10:34:45:879]REMOTE_GET_MODE=00
[10:34:45:880][HID_TX]00-80-07-71-7C-50-41-06-56-01-00-63-00-00-00-00-00-00-00-00-00-00-00-00-00-00-00-00-00-00-00-00-00-00-00-00-00-00-00-00-00-00-00-00-00-00-00-00-00-00-00-00-00-00-00-00-00-00-00-00-00-00-00-00-00
[10:34:45:881]HidD_GetInputReport=True
[10:34:45:881]reply_report=00-4F-00-00-00-00-00-00-00-00-00-00-00-00-00-00-00-00-00-00-00-00-00-00-00-00-00-00-00-00-00-00-00-00-00-00-00-00-00-00-00-00-00-00-00-00-00-00-00-00-00-00-00-00-00-00-00-00-00-00-00-00-00-00-00
[10:34:45:881]50-41-06-56-01-00-63 [CMD_SENT][CMD_GET_IO_LEVEL]
[10:34:45:883][HID_TX_ack]00-12-50-49-01-C0-8E-B5-00-00-08-00-06-D6-00-01-D8-FF-1F-00-00-00-00-02-00-E0-00-13-32-00-00-00-00-00-00-00-00-00-00-00-00-00-00-00-00-00-00-00-00-00-00-00-00-00-00-00-00-00-00-00-00-00-00-00-00
[10:34:45:883]50-49-01-C0-8E-B5-00-00-08-00-06-D6-00-01-D8-FF-1F-00
[10:34:46:095][HID_TX]00-80-06-9D-CF-50-41-0E-57-01-E0-00-00-00-00-00-00-00-00-00-00-00-00-00-00-00-00-00-00-00-00-00-00-00-00-00-00-00-00-00-00-00-00-00-00-00-00-00-00-00-00-00-00-00-00-00-00-00-00-00-00-00-00-00-00
[10:34:46:096]HidD_GetInputReport=True
[10:34:46:096]reply_report=00-4F-00-00-00-00-00-00-00-00-00-00-00-00-00-00-00-00-00-00-00-00-00-00-00-00-00-00-00-00-00-00-00-00-00-00-00-00-00-00-00-00-00-00-00-00-00-00-00-00-00-00-00-00-00-00-00-00-00-00-00-00-00-00-00
[10:34:46:096]50-41-0E-57-01-E0 [CMD_SENT][REMOTE_GET_MODE]
[10:34:46:099][HID_TX_ack]00-19-50-49-01-C0-8E-B6-00-00-03-00-0E-D7-00-50-49-0E-EF-00-00-00-00-02-00-E0-00-13-32-00-00-00-00-00-00-00-00-00-00-00-00-00-00-00-00-00-00-00-00-00-00-00-00-00-00-00-00-00-00-00-00-00-00-00-00
[10:34:46:099]50-49-01-C0-8E-B6-00-00-03-00-0E-D7-00
[10:34:46:099]REMOTE_GET_MODE=00
[10:34:46:099]50-49-0E-EF-00-00-00-00-02-00-E0-00-
[10:34:46:099][HID_TX]00-80-07-E0-B3-50-41-06-58-01-00-63-00-00-00-00-00-00-00-00-00-00-00-00-00-00-00-00-00-00-00-00-00-00-00-00-00-00-00-00-00-00-00-00-00-00-00-00-00-00-00-00-00-00-00-00-00-00-00-00-00-00-00-00-00
[10:34:46:100]HidD_GetInputReport=True
[10:34:46:100]reply_report=00-4F-00-00-00-00-00-00-00-00-00-00-00-00-00-00-00-00-00-00-00-00-00-00-00-00-00-00-00-00-00-00-00-00-00-00-00-00-00-00-00-00-00-00-00-00-00-00-00-00-00-00-00-00-00-00-00-00-00-00-00-00-00-00-00
[10:34:46:100]50-41-06-58-01-00-63 [CMD_SENT][CMD_GET_IO_LEVEL]
[10:34:46:103][HID_TX_ack]00-12-50-49-01-C0-8E-B6-00-00-08-00-06-D8-00-01-D8-FF-1F-00-00-00-00-02-00-E0-00-13-32-00-00-00-00-00-00-00-00-00-00-00-00-00-00-00-00-00-00-00-00-00-00-00-00-00-00-00-00-00-00-00-00-00-00-00-00
[10:34:46:103]50-49-01-C0-8E-B6-00-00-08-00-06-D8-00-01-D8-FF-1F-00
[10:34:46:313][HID_TX]00-80-06-0C-00-50-41-0E-59-01-E0-00-00-00-00-00-00-00-00-00-00-00-00-00-00-00-00-00-00-00-00-00-00-00-00-00-00-00-00-00-00-00-00-00-00-00-00-00-00-00-00-00-00-00-00-00-00-00-00-00-00-00-00-00-00
[10:34:46:316]HidD_GetInputReport=True
[10:34:46:316]reply_report=00-4F-00-00-00-00-00-00-00-00-00-00-00-00-00-00-00-00-00-00-00-00-00-00-00-00-00-00-00-00-00-00-00-00-00-00-00-00-00-00-00-00-00-00-00-00-00-00-00-00-00-00-00-00-00-00-00-00-00-00-00-00-00-00-00
[10:34:46:316]50-41-0E-59-01-E0 [CMD_SENT][REMOTE_GET_MODE]
[10:34:46:318][HID_TX_ack]00-19-50-49-01-C0-8E-B7-00-00-03-00-0E-D9-00-50-49-0E-F0-00-00-00-00-02-00-E0-00-13-32-00-00-00-00-00-00-00-00-00-00-00-00-00-00-00-00-00-00-00-00-00-00-00-00-00-00-00-00-00-00-00-00-00-00-00-00
[10:34:46:318]50-49-01-C0-8E-B7-00-00-03-00-0E-D9-00
[10:34:46:318]50-49-0E-F0-00-00-00-00-02-00-E0-00-
[10:34:46:318]REMOTE_GET_MODE=00
[10:34:46:318][HID_TX]00-80-07-0B-9C-50-41-06-5A-01-00-63-00-00-00-00-00-00-00-00-00-00-00-00-00-00-00-00-00-00-00-00-00-00-00-00-00-00-00-00-00-00-00-00-00-00-00-00-00-00-00-00-00-00-00-00-00-00-00-00-00-00-00-00-00
[10:34:46:319]HidD_GetInputReport=True
[10:34:46:319]reply_report=00-4F-00-00-00-00-00-00-00-00-00-00-00-00-00-00-00-00-00-00-00-00-00-00-00-00-00-00-00-00-00-00-00-00-00-00-00-00-00-00-00-00-00-00-00-00-00-00-00-00-00-00-00-00-00-00-00-00-00-00-00-00-00-00-00
[10:34:46:319]50-41-06-5A-01-00-63 [CMD_SENT][CMD_GET_IO_LEVEL]
[10:34:46:322][HID_TX_ack]00-12-50-49-01-C0-8E-B7-00-00-08-00-06-DA-00-01-D8-FF-1F-00-00-00-00-02-00-E0-00-13-32-00-00-00-00-00-00-00-00-00-00-00-00-00-00-00-00-00-00-00-00-00-00-00-00-00-00-00-00-00-00-00-00-00-00-00-00
[10:34:46:322]50-49-01-C0-8E-B7-00-00-08-00-06-DA-00-01-D8-FF-1F-00
[10:34:55:802][HID_TX]00-80-06-E7-2F-50-41-0E-5B-01-E0-00-00-00-00-00-00-00-00-00-00-00-00-00-00-00-00-00-00-00-00-00-00-00-00-00-00-00-00-00-00-00-00-00-00-00-00-00-00-00-00-00-00-00-00-00-00-00-00-00-00-00-00-00-00
[10:34:55:804]HidD_GetInputReport=True
[10:34:55:804]reply_report=00-4F-00-00-00-00-00-00-00-00-00-00-00-00-00-00-00-00-00-00-00-00-00-00-00-00-00-00-00-00-00-00-00-00-00-00-00-00-00-00-00-00-00-00-00-00-00-00-00-00-00-00-00-00-00-00-00-00-00-00-00-00-00-00-00
[10:34:55:804]50-41-0E-5B-01-E0 [CMD_SENT][REMOTE_GET_MODE]
[10:34:55:807][HID_TX_ack]00-19-50-49-01-C0-8E-D4-00-00-03-00-0E-DB-00-50-49-0E-F1-00-00-00-00-02-00-E0-00-13-32-00-00-00-00-00-00-00-00-00-00-00-00-00-00-00-00-00-00-00-00-00-00-00-00-00-00-00-00-00-00-00-00-00-00-00-00
[10:34:55:807]50-49-01-C0-8E-D4-00-00-03-00-0E-DB-00
[10:34:55:807]50-49-0E-F1-00-00-00-00-02-00-E0-00-
[10:34:55:807]REMOTE_GET_MODE=00
[10:34:55:807][HID_TX]00-80-07-36-EC-50-41-06-5C-01-00-63-00-00-00-00-00-00-00-00-00-00-00-00-00-00-00-00-00-00-00-00-00-00-00-00-00-00-00-00-00-00-00-00-00-00-00-00-00-00-00-00-00-00-00-00-00-00-00-00-00-00-00-00-00
[10:34:55:808]HidD_GetInputReport=True
[10:34:55:808]reply_report=00-4F-00-00-00-00-00-00-00-00-00-00-00-00-00-00-00-00-00-00-00-00-00-00-00-00-00-00-00-00-00-00-00-00-00-00-00-00-00-00-00-00-00-00-00-00-00-00-00-00-00-00-00-00-00-00-00-00-00-00-00-00-00-00-00
[10:34:55:808]50-41-06-5C-01-00-63 [CMD_SENT][CMD_GET_IO_LEVEL]
[10:34:55:811][HID_TX_ack]00-12-50-49-01-C0-8E-D4-00-00-08-00-06-DC-00-01-D8-FF-1F-00-00-00-00-02-00-E0-00-13-32-00-00-00-00-00-00-00-00-00-00-00-00-00-00-00-00-00-00-00-00-00-00-00-00-00-00-00-00-00-00-00-00-00-00-00-00
[10:34:55:811]50-49-01-C0-8E-D4-00-00-08-00-06-DC-00-01-D8-FF-1F-00
