[15:51:19:375]\\?\hid#dell09c2&col02#5&bc4dc33&0&0001#{4d1e55b2-f16f-11cf-88cb-001111000030}
[15:51:19:375]\\?\hid#dell09c2&col03#5&bc4dc33&0&0002#{4d1e55b2-f16f-11cf-88cb-001111000030}
[15:51:19:376]\\?\hid#intc816&col01#3&207f9b7f&0&0000#{4d1e55b2-f16f-11cf-88cb-001111000030}
[15:51:19:376]\\?\hid#intc816&col02#3&207f9b7f&0&0001#{4d1e55b2-f16f-11cf-88cb-001111000030}
[15:51:19:376]\\?\hid#converteddevice&col02#5&17bac0a6&0&0001#{4d1e55b2-f16f-11cf-88cb-001111000030}
[15:51:19:376]\\?\hid#converteddevice&col03#5&17bac0a6&0&0002#{4d1e55b2-f16f-11cf-88cb-001111000030}
[15:51:19:376]\\?\hid#dell09c2&col04#5&bc4dc33&0&0003#{4d1e55b2-f16f-11cf-88cb-001111000030}
[15:51:19:376]\\?\hid#{00001812-0000-1000-8000-00805f9b34fb}_dev_vid&0232c2_pid&0001_rev&0068_ccb624cd66b1#9&326e3aae&0&0000#{4d1e55b2-f16f-11cf-88cb-001111000030}
[15:51:19:376]\\?\hid#dell09c2&col05#5&bc4dc33&0&0004#{4d1e55b2-f16f-11cf-88cb-001111000030}
[15:51:19:376]\\?\hid#converteddevice&col01#5&17bac0a6&0&0000#{4d1e55b2-f16f-11cf-88cb-001111000030}\kbd
[15:51:19:376]\\?\hid#dell09c2&col01#5&bc4dc33&0&0000#{4d1e55b2-f16f-11cf-88cb-001111000030}
[15:51:19:376]\\?\hid#vid_046d&pid_0adf&mi_00#7&3ad8dff3&0&0000#{4d1e55b2-f16f-11cf-88cb-001111000030}
[15:51:19:376]\\?\hid#vid_046d&pid_0adf&mi_04#7&18e94d0e&0&0000#{4d1e55b2-f16f-11cf-88cb-001111000030}
[15:51:19:378]try_path=\\?\hid#vid_046d&pid_0adf&mi_00#7&3ad8dff3&0&0000#{4d1e55b2-f16f-11cf-88cb-001111000030}
[15:51:19:380]	InputReportByteLength=65
[15:51:19:380]	OutputReportByteLength=65
[15:51:19:380]HID_Connected=\\?\hid#vid_046d&pid_0adf&mi_00#7&3ad8dff3&0&0000#{4d1e55b2-f16f-11cf-88cb-001111000030}
[15:51:19:381][HID_TX]00-84-01-D1-55-01-00-00-00-00-00-00-00-00-00-00-00-00-00-00-00-00-00-00-00-00-00-00-00-00-00-00-00-00-00-00-00-00-00-00-00-00-00-00-00-00-00-00-00-00-00-00-00-00-00-00-00-00-00-00-00-00-00-00-00
[15:51:19:383]HidD_GetInputReport=True
[15:51:19:383]reply_report=00-4F-56-31-2E-38-2E-35-2E-31-00-00-00-00-00-00-00-00-00-00-00-00-00-00-00-00-00-00-00-00-00-00-00-00-00-00-00-00-00-00-00-00-00-00-00-00-00-00-00-00-00-00-00-00-00-00-00-00-00-00-00-00-00-00-00
[15:51:19:383][ys_tech] fw_version=V1.8.5.1
[15:51:19:383]ystech_Power_Saving, is_EnablePowerSaving=False
[15:51:19:384][HID_TX]00-85-01-83-8B-01-00-00-00-00-00-00-00-00-00-00-00-00-00-00-00-00-00-00-00-00-00-00-00-00-00-00-00-00-00-00-00-00-00-00-00-00-00-00-00-00-00-00-00-00-00-00-00-00-00-00-00-00-00-00-00-00-00-00-00
[15:51:19:384]HidD_GetInputReport=True
[15:51:19:384]reply_report=00-46-00-00-00-00-00-00-00-00-00-00-00-00-00-00-00-00-00-00-00-00-00-00-00-00-00-00-00-00-00-00-00-00-00-00-00-00-00-00-00-00-00-00-00-00-00-00-00-00-00-00-00-00-00-00-00-00-00-00-00-00-00-00-00
[15:51:19:400][Response Fail][System.Exception]
[15:51:19:405]   at ..(Boolean  )
   at ..(Byte  , Byte[]  )
[15:51:19:459]_ystech_retry_count=1
[15:51:19:459][HID_TX]00-85-01-83-8B-01-00-00-00-00-00-00-00-00-00-00-00-00-00-00-00-00-00-00-00-00-00-00-00-00-00-00-00-00-00-00-00-00-00-00-00-00-00-00-00-00-00-00-00-00-00-00-00-00-00-00-00-00-00-00-00-00-00-00-00
[15:51:19:459]HidD_GetInputReport=True
[15:51:19:459]reply_report=00-4F-00-00-00-00-00-00-00-00-00-00-00-00-00-00-00-00-00-00-00-00-00-00-00-00-00-00-00-00-00-00-00-00-00-00-00-00-00-00-00-00-00-00-00-00-00-00-00-00-00-00-00-00-00-00-00-00-00-00-00-00-00-00-00
[15:51:19:459]HID_CMD_POWER_SAVING_Disable
[15:51:19:459]path_connected=\\?\hid#vid_046d&pid_0adf&mi_00#7&3ad8dff3&0&0000#{4d1e55b2-f16f-11cf-88cb-001111000030}
[15:51:23:388][HID_TX]00-80-06-1C-7D-50-41-0E-01-01-E0-00-00-00-00-00-00-00-00-00-00-00-00-00-00-00-00-00-00-00-00-00-00-00-00-00-00-00-00-00-00-00-00-00-00-00-00-00-00-00-00-00-00-00-00-00-00-00-00-00-00-00-00-00-00
[15:51:23:390]HidD_GetInputReport=True
[15:51:23:390]reply_report=00-4F-00-00-00-00-00-00-00-00-00-00-00-00-00-00-00-00-00-00-00-00-00-00-00-00-00-00-00-00-00-00-00-00-00-00-00-00-00-00-00-00-00-00-00-00-00-00-00-00-00-00-00-00-00-00-00-00-00-00-00-00-00-00-00
[15:51:23:390]50-41-0E-01-01-E0 [CMD_SENT][REMOTE_GET_MODE]
[15:51:23:395][HID_TX_ack]00-19-50-49-01-C0-60-30-00-00-03-00-0E-81-00-50-49-0E-C5-00-00-00-00-02-00-E0-00-00-32-00-00-00-00-00-00-00-00-00-00-00-00-00-00-00-00-00-00-00-00-00-00-00-00-00-00-00-00-00-00-00-00-00-00-00-00
[15:51:23:400]REMOTE_GET_MODE=00
[15:51:23:400]50-49-01-C0-60-30-00-00-03-00-0E-81-00
[15:51:23:400]50-49-0E-C5-00-00-00-00-02-00-E0-00-
[15:51:23:400][HID_TX]00-80-07-F5-A5-50-41-0E-02-02-E1-01-00-00-00-00-00-00-00-00-00-00-00-00-00-00-00-00-00-00-00-00-00-00-00-00-00-00-00-00-00-00-00-00-00-00-00-00-00-00-00-00-00-00-00-00-00-00-00-00-00-00-00-00-00
[15:51:23:401]HidD_GetInputReport=True
[15:51:23:401]reply_report=00-4F-00-00-00-00-00-00-00-00-00-00-00-00-00-00-00-00-00-00-00-00-00-00-00-00-00-00-00-00-00-00-00-00-00-00-00-00-00-00-00-00-00-00-00-00-00-00-00-00-00-00-00-00-00-00-00-00-00-00-00-00-00-00-00
[15:51:23:401]50-41-0E-02-02-E1-01 [CMD_SENT][REMOTE_SET_MODE] is_remote=True
[15:51:23:403][HID_TX_ack]00-0D-50-49-01-C0-69-30-00-00-03-00-0E-82-00-50-49-0E-C5-00-00-00-00-02-00-E0-00-00-32-00-00-00-00-00-00-00-00-00-00-00-00-00-00-00-00-00-00-00-00-00-00-00-00-00-00-00-00-00-00-00-00-00-00-00-00
[15:51:23:403]50-49-01-C0-69-30-00-00-03-00-0E-82-00
[15:51:23:404][HID_TX]00-80-13-A8-D9-50-41-06-03-0D-00-25-34-12-5A-5A-01-00-00-00-F0-00-00-00-00-00-00-00-00-00-00-00-00-00-00-00-00-00-00-00-00-00-00-00-00-00-00-00-00-00-00-00-00-00-00-00-00-00-00-00-00-00-00-00-00
[15:51:23:405]HidD_GetInputReport=True
[15:51:23:405]reply_report=00-4F-00-00-00-00-00-00-00-00-00-00-00-00-00-00-00-00-00-00-00-00-00-00-00-00-00-00-00-00-00-00-00-00-00-00-00-00-00-00-00-00-00-00-00-00-00-00-00-00-00-00-00-00-00-00-00-00-00-00-00-00-00-00-00
[15:51:23:405]50-41-06-03-0D-00-25-34-12-5A-5A-01-00-00-00-F0-00-00-00 [CMD_SENT][OTA_CMD_IOCTL][READ_MAX_LEN]
[15:51:23:427][HID_TX_ack]00-11-50-49-01-C6-EA-89-0B-00-07-00-06-83-00-F0-00-00-00-00-00-00-00-02-00-E0-00-00-32-00-00-00-00-00-00-00-00-00-00-00-00-00-00-00-00-00-00-00-00-00-00-00-00-00-00-00-00-00-00-00-00-00-00-00-00
[15:51:23:427]50-49-01-C6-EA-89-0B-00-07-00-06-83-00-F0-00-00-00
[15:51:23:427][HID_TX]00-80-06-2F-BD-50-41-0E-04-01-E0-00-00-00-00-00-00-00-00-00-00-00-00-00-00-00-00-00-00-00-00-00-00-00-00-00-00-00-00-00-00-00-00-00-00-00-00-00-00-00-00-00-00-00-00-00-00-00-00-00-00-00-00-00-00
[15:51:23:428]HidD_GetInputReport=True
[15:51:23:428]reply_report=00-4F-00-00-00-00-00-00-00-00-00-00-00-00-00-00-00-00-00-00-00-00-00-00-00-00-00-00-00-00-00-00-00-00-00-00-00-00-00-00-00-00-00-00-00-00-00-00-00-00-00-00-00-00-00-00-00-00-00-00-00-00-00-00-00
[15:51:23:428]50-41-0E-04-01-E0 [CMD_SENT][REMOTE_GET_MODE]
[15:51:23:431][HID_TX_ack]00-19-50-49-01-C0-7F-30-00-00-03-00-0E-84-00-50-49-0E-C7-00-00-00-00-02-00-E0-01-00-32-00-00-00-00-00-00-00-00-00-00-00-00-00-00-00-00-00-00-00-00-00-00-00-00-00-00-00-00-00-00-00-00-00-00-00-00
[15:51:23:431]50-49-01-C0-7F-30-00-00-03-00-0E-84-00
[15:51:23:431]50-49-0E-C7-00-00-00-00-02-00-E0-01-
[15:51:23:431]REMOTE_GET_MODE=01
[15:51:23:431][HID_TX]00-80-07-C3-0E-50-41-06-05-01-00-63-00-00-00-00-00-00-00-00-00-00-00-00-00-00-00-00-00-00-00-00-00-00-00-00-00-00-00-00-00-00-00-00-00-00-00-00-00-00-00-00-00-00-00-00-00-00-00-00-00-00-00-00-00
[15:51:23:432]HidD_GetInputReport=True
[15:51:23:432]reply_report=00-4F-00-00-00-00-00-00-00-00-00-00-00-00-00-00-00-00-00-00-00-00-00-00-00-00-00-00-00-00-00-00-00-00-00-00-00-00-00-00-00-00-00-00-00-00-00-00-00-00-00-00-00-00-00-00-00-00-00-00-00-00-00-00-00
[15:51:23:432]50-41-06-05-01-00-63 [CMD_SENT][CMD_GET_IO_LEVEL]
[15:51:23:442][HID_TX_ack]00-12-50-49-01-C8-F5-89-0B-00-08-00-06-85-00-01-FF-FF-0F-00-00-00-00-02-00-E0-01-00-32-00-00-00-00-00-00-00-00-00-00-00-00-00-00-00-00-00-00-00-00-00-00-00-00-00-00-00-00-00-00-00-00-00-00-00-00
[15:51:23:442]50-49-01-C8-F5-89-0B-00-08-00-06-85-00-01-FF-FF-0F-00
[15:51:30:359][HID_TX_ack]00-0D-50-49-11-C9-EA-45-00-00-03-00-20-E9-00-01-FF-FF-0F-00-00-00-00-02-00-E0-01-00-32-00-00-00-00-00-00-00-00-00-00-00-00-00-00-00-00-00-00-00-00-00-00-00-00-00-00-00-00-00-00-00-00-00-00-00-00
[15:51:30:360]50-49-11-C9-EA-45-00-00-03-00-20-E9-00
[15:51:30:362][HID_TX_ack]00-1A-50-49-01-C0-07-46-00-00-03-00-11-8A-18-50-49-01-C0-08-46-00-00-03-00-11-8B-17-32-00-00-00-00-00-00-00-00-00-00-00-00-00-00-00-00-00-00-00-00-00-00-00-00-00-00-00-00-00-00-00-00-00-00-00-00
[15:51:30:362]50-49-01-C0-07-46-00-00-03-00-11-8A-18
[15:51:30:362]50-49-01-C0-08-46-00-00-03-00-11-8B-17
[15:51:30:362][HID_TX_ack]00-0D-50-49-11-CA-0A-46-00-00-03-00-20-00-00-50-49-01-C0-08-46-00-00-03-00-11-8B-17-32-00-00-00-00-00-00-00-00-00-00-00-00-00-00-00-00-00-00-00-00-00-00-00-00-00-00-00-00-00-00-00-00-00-00-00-00
[15:51:30:362]50-49-11-CA-0A-46-00-00-03-00-20-00-00
[15:51:30:385][HID_TX_ack]00-0D-50-49-11-CB-39-46-00-00-03-00-20-E9-00-50-49-01-C0-08-46-00-00-03-00-11-8B-17-32-00-00-00-00-00-00-00-00-00-00-00-00-00-00-00-00-00-00-00-00-00-00-00-00-00-00-00-00-00-00-00-00-00-00-00-00
[15:51:30:385]50-49-11-CB-39-46-00-00-03-00-20-E9-00
[15:51:30:401][HID_TX_ack]00-1A-50-49-01-C0-46-46-00-00-03-00-11-8C-18-50-49-01-C0-47-46-00-00-03-00-11-8D-17-32-00-00-00-00-00-00-00-00-00-00-00-00-00-00-00-00-00-00-00-00-00-00-00-00-00-00-00-00-00-00-00-00-00-00-00-00
[15:51:30:401]50-49-01-C0-46-46-00-00-03-00-11-8C-18
[15:51:30:401]50-49-01-C0-47-46-00-00-03-00-11-8D-17
[15:51:30:404][HID_TX_ack]00-0D-50-49-11-CC-48-46-00-00-03-00-20-00-00-50-49-01-C0-47-46-00-00-03-00-11-8D-17-32-00-00-00-00-00-00-00-00-00-00-00-00-00-00-00-00-00-00-00-00-00-00-00-00-00-00-00-00-00-00-00-00-00-00-00-00
[15:51:30:404]50-49-11-CC-48-46-00-00-03-00-20-00-00
[15:51:30:500][HID_TX_ack]00-0D-50-49-11-CD-94-46-00-00-03-00-20-E9-00-50-49-01-C0-47-46-00-00-03-00-11-8D-17-32-00-00-00-00-00-00-00-00-00-00-00-00-00-00-00-00-00-00-00-00-00-00-00-00-00-00-00-00-00-00-00-00-00-00-00-00
[15:51:30:500]50-49-11-CD-94-46-00-00-03-00-20-E9-00
[15:51:30:510][HID_TX_ack]00-1A-50-49-01-C0-9D-46-00-00-03-00-11-8E-18-50-49-01-C0-9E-46-00-00-03-00-11-8F-17-32-00-00-00-00-00-00-00-00-00-00-00-00-00-00-00-00-00-00-00-00-00-00-00-00-00-00-00-00-00-00-00-00-00-00-00-00
[15:51:30:510]50-49-01-C0-9D-46-00-00-03-00-11-8E-18
[15:51:30:510]50-49-01-C0-9E-46-00-00-03-00-11-8F-17
[15:51:30:513][HID_TX_ack]00-0D-50-49-11-CE-9F-46-00-00-03-00-20-00-00-50-49-01-C0-9E-46-00-00-03-00-11-8F-17-32-00-00-00-00-00-00-00-00-00-00-00-00-00-00-00-00-00-00-00-00-00-00-00-00-00-00-00-00-00-00-00-00-00-00-00-00
[15:51:30:513]50-49-11-CE-9F-46-00-00-03-00-20-00-00
[15:51:31:263][HID_TX_ack]00-0D-50-49-11-CF-E8-46-00-00-03-00-20-E9-00-50-49-01-C0-9E-46-00-00-03-00-11-8F-17-32-00-00-00-00-00-00-00-00-00-00-00-00-00-00-00-00-00-00-00-00-00-00-00-00-00-00-00-00-00-00-00-00-00-00-00-00
[15:51:31:263]50-49-11-CF-E8-46-00-00-03-00-20-E9-00
[15:51:31:263][HID_TX]00-80-06-C4-92-50-41-0E-06-01-E0-00-00-00-00-00-00-00-00-00-00-00-00-00-00-00-00-00-00-00-00-00-00-00-00-00-00-00-00-00-00-00-00-00-00-00-00-00-00-00-00-00-00-00-00-00-00-00-00-00-00-00-00-00-00
[15:51:31:263][HID_TX_ack]00-1A-50-49-01-C0-EF-46-00-00-03-00-11-90-18-50-49-01-C0-F0-46-00-00-03-00-11-91-17-32-00-00-00-00-00-00-00-00-00-00-00-00-00-00-00-00-00-00-00-00-00-00-00-00-00-00-00-00-00-00-00-00-00-00-00-00
[15:51:31:264]50-49-01-C0-EF-46-00-00-03-00-11-90-18
[15:51:31:264]50-49-01-C0-F0-46-00-00-03-00-11-91-17
[15:51:31:264][HID_TX_ack]00-0D-50-49-11-D0-F2-46-00-00-03-00-20-00-00-50-49-01-C0-F0-46-00-00-03-00-11-91-17-32-00-00-00-00-00-00-00-00-00-00-00-00-00-00-00-00-00-00-00-00-00-00-00-00-00-00-00-00-00-00-00-00-00-00-00-00
[15:51:31:264]50-49-11-D0-F2-46-00-00-03-00-20-00-00
[15:51:31:264][HID_TX_ack]00-0D-50-49-11-D1-4A-47-00-00-03-00-20-E9-00-50-49-01-C0-F0-46-00-00-03-00-11-91-17-32-00-00-00-00-00-00-00-00-00-00-00-00-00-00-00-00-00-00-00-00-00-00-00-00-00-00-00-00-00-00-00-00-00-00-00-00
[15:51:31:264]50-49-11-D1-4A-47-00-00-03-00-20-E9-00
[15:51:31:264][HID_TX_ack]00-1A-50-49-01-C0-56-47-00-00-03-00-11-92-18-50-49-01-C0-57-47-00-00-03-00-11-93-17-32-00-00-00-00-00-00-00-00-00-00-00-00-00-00-00-00-00-00-00-00-00-00-00-00-00-00-00-00-00-00-00-00-00-00-00-00
[15:51:31:264]50-49-01-C0-56-47-00-00-03-00-11-92-18
[15:51:31:265]50-49-01-C0-57-47-00-00-03-00-11-93-17
[15:51:31:265]HidD_GetInputReport=True
[15:51:31:266]reply_report=00-4F-00-00-00-00-00-00-00-00-00-00-00-00-00-00-00-00-00-00-00-00-00-00-00-00-00-00-00-00-00-00-00-00-00-00-00-00-00-00-00-00-00-00-00-00-00-00-00-00-00-00-00-00-00-00-00-00-00-00-00-00-00-00-00
[15:51:31:266]50-41-0E-06-01-E0 [CMD_SENT][REMOTE_GET_MODE]
[15:51:31:267][HID_TX_ack]00-0D-50-49-11-D2-58-47-00-00-03-00-20-00-00-50-49-01-C0-57-47-00-00-03-00-11-93-17-32-00-00-00-00-00-00-00-00-00-00-00-00-00-00-00-00-00-00-00-00-00-00-00-00-00-00-00-00-00-00-00-00-00-00-00-00
[15:51:31:267]50-49-11-D2-58-47-00-00-03-00-20-00-00
[15:51:31:267][HID_TX_ack]00-0D-50-49-11-D3-96-47-00-00-03-00-20-E9-00-50-49-01-C0-57-47-00-00-03-00-11-93-17-32-00-00-00-00-00-00-00-00-00-00-00-00-00-00-00-00-00-00-00-00-00-00-00-00-00-00-00-00-00-00-00-00-00-00-00-00
[15:51:31:267]50-49-11-D3-96-47-00-00-03-00-20-E9-00
[15:51:31:267][HID_TX_ack]00-1A-50-49-01-C0-9C-47-00-00-03-00-11-94-18-50-49-01-C0-9D-47-00-00-03-00-11-95-17-32-00-00-00-00-00-00-00-00-00-00-00-00-00-00-00-00-00-00-00-00-00-00-00-00-00-00-00-00-00-00-00-00-00-00-00-00
[15:51:31:267]50-49-01-C0-9C-47-00-00-03-00-11-94-18
[15:51:31:267]50-49-01-C0-9D-47-00-00-03-00-11-95-17
[15:51:31:267][HID_TX_ack]00-0D-50-49-11-D4-9E-47-00-00-03-00-20-00-00-50-49-01-C0-9D-47-00-00-03-00-11-95-17-32-00-00-00-00-00-00-00-00-00-00-00-00-00-00-00-00-00-00-00-00-00-00-00-00-00-00-00-00-00-00-00-00-00-00-00-00
[15:51:31:267]50-49-11-D4-9E-47-00-00-03-00-20-00-00
[15:51:31:267][HID_TX_ack]00-0D-50-49-11-D5-F0-47-00-00-03-00-20-E9-00-50-49-01-C0-9D-47-00-00-03-00-11-95-17-32-00-00-00-00-00-00-00-00-00-00-00-00-00-00-00-00-00-00-00-00-00-00-00-00-00-00-00-00-00-00-00-00-00-00-00-00
[15:51:31:267]50-49-11-D5-F0-47-00-00-03-00-20-E9-00
[15:51:31:268][HID_TX_ack]00-1A-50-49-01-C0-F7-47-00-00-03-00-11-96-18-50-49-01-C0-F8-47-00-00-03-00-11-97-17-32-00-00-00-00-00-00-00-00-00-00-00-00-00-00-00-00-00-00-00-00-00-00-00-00-00-00-00-00-00-00-00-00-00-00-00-00
[15:51:31:268]50-49-01-C0-F7-47-00-00-03-00-11-96-18
[15:51:31:268]50-49-01-C0-F8-47-00-00-03-00-11-97-17
[15:51:31:268][HID_TX_ack]00-0D-50-49-11-D6-F9-47-00-00-03-00-20-00-00-50-49-01-C0-F8-47-00-00-03-00-11-97-17-32-00-00-00-00-00-00-00-00-00-00-00-00-00-00-00-00-00-00-00-00-00-00-00-00-00-00-00-00-00-00-00-00-00-00-00-00
[15:51:31:268]50-49-11-D6-F9-47-00-00-03-00-20-00-00
[15:51:31:268][HID_TX_ack]00-0D-50-49-11-D7-40-48-00-00-03-00-20-E9-00-50-49-01-C0-F8-47-00-00-03-00-11-97-17-32-00-00-00-00-00-00-00-00-00-00-00-00-00-00-00-00-00-00-00-00-00-00-00-00-00-00-00-00-00-00-00-00-00-00-00-00
[15:51:31:268]50-49-11-D7-40-48-00-00-03-00-20-E9-00
[15:51:31:268][HID_TX_ack]00-1A-50-49-01-C0-4A-48-00-00-03-00-11-98-18-50-49-01-C0-4B-48-00-00-03-00-11-99-17-32-00-00-00-00-00-00-00-00-00-00-00-00-00-00-00-00-00-00-00-00-00-00-00-00-00-00-00-00-00-00-00-00-00-00-00-00
[15:51:31:268]50-49-01-C0-4A-48-00-00-03-00-11-98-18
[15:51:31:268]50-49-01-C0-4B-48-00-00-03-00-11-99-17
[15:51:31:268][HID_TX_ack]00-0D-50-49-11-D8-4C-48-00-00-03-00-20-00-00-50-49-01-C0-4B-48-00-00-03-00-11-99-17-32-00-00-00-00-00-00-00-00-00-00-00-00-00-00-00-00-00-00-00-00-00-00-00-00-00-00-00-00-00-00-00-00-00-00-00-00
[15:51:31:268]50-49-11-D8-4C-48-00-00-03-00-20-00-00
[15:51:31:268][HID_TX_ack]00-0D-50-49-11-D9-9A-48-00-00-03-00-20-E9-00-50-49-01-C0-4B-48-00-00-03-00-11-99-17-32-00-00-00-00-00-00-00-00-00-00-00-00-00-00-00-00-00-00-00-00-00-00-00-00-00-00-00-00-00-00-00-00-00-00-00-00
[15:51:31:268]50-49-11-D9-9A-48-00-00-03-00-20-E9-00
[15:51:31:268][HID_TX_ack]00-1A-50-49-01-C0-A2-48-00-00-03-00-11-9A-18-50-49-01-C0-A3-48-00-00-03-00-11-9B-17-32-00-00-00-00-00-00-00-00-00-00-00-00-00-00-00-00-00-00-00-00-00-00-00-00-00-00-00-00-00-00-00-00-00-00-00-00
[15:51:31:268]50-49-01-C0-A2-48-00-00-03-00-11-9A-18
[15:51:31:268]50-49-01-C0-A3-48-00-00-03-00-11-9B-17
[15:51:31:268][HID_TX_ack]00-0D-50-49-11-DA-A4-48-00-00-03-00-20-00-00-50-49-01-C0-A3-48-00-00-03-00-11-9B-17-32-00-00-00-00-00-00-00-00-00-00-00-00-00-00-00-00-00-00-00-00-00-00-00-00-00-00-00-00-00-00-00-00-00-00-00-00
[15:51:31:268]50-49-11-DA-A4-48-00-00-03-00-20-00-00
[15:51:31:269][HID_TX_ack]00-0D-50-49-11-DB-EE-48-00-00-03-00-20-E9-00-50-49-01-C0-A3-48-00-00-03-00-11-9B-17-32-00-00-00-00-00-00-00-00-00-00-00-00-00-00-00-00-00-00-00-00-00-00-00-00-00-00-00-00-00-00-00-00-00-00-00-00
[15:51:31:269]50-49-11-DB-EE-48-00-00-03-00-20-E9-00
[15:51:31:269][HID_TX_ack]00-1A-50-49-01-C0-F5-48-00-00-03-00-11-9C-18-50-49-01-C0-F6-48-00-00-03-00-11-9D-17-32-00-00-00-00-00-00-00-00-00-00-00-00-00-00-00-00-00-00-00-00-00-00-00-00-00-00-00-00-00-00-00-00-00-00-00-00
[15:51:31:269]50-49-01-C0-F5-48-00-00-03-00-11-9C-18
[15:51:31:269]50-49-01-C0-F6-48-00-00-03-00-11-9D-17
[15:51:31:269][HID_TX_ack]00-0D-50-49-11-DC-F8-48-00-00-03-00-20-00-00-50-49-01-C0-F6-48-00-00-03-00-11-9D-17-32-00-00-00-00-00-00-00-00-00-00-00-00-00-00-00-00-00-00-00-00-00-00-00-00-00-00-00-00-00-00-00-00-00-00-00-00
[15:51:31:269]50-49-11-DC-F8-48-00-00-03-00-20-00-00
[15:51:31:281][HID_TX_ack]00-19-50-49-01-C0-06-49-00-00-03-00-0E-86-00-50-49-0E-DD-00-00-00-00-02-00-E0-01-17-32-00-00-00-00-00-00-00-00-00-00-00-00-00-00-00-00-00-00-00-00-00-00-00-00-00-00-00-00-00-00-00-00-00-00-00-00
[15:51:31:281]50-49-01-C0-06-49-00-00-03-00-0E-86-00
[15:51:31:281]50-49-0E-DD-00-00-00-00-02-00-E0-01-
[15:51:31:281]REMOTE_GET_MODE=01
[15:51:31:281][HID_TX]00-80-07-28-21-50-41-06-07-01-00-63-00-00-00-00-00-00-00-00-00-00-00-00-00-00-00-00-00-00-00-00-00-00-00-00-00-00-00-00-00-00-00-00-00-00-00-00-00-00-00-00-00-00-00-00-00-00-00-00-00-00-00-00-00
[15:51:31:282]HidD_GetInputReport=True
[15:51:31:282]reply_report=00-4F-00-00-00-00-00-00-00-00-00-00-00-00-00-00-00-00-00-00-00-00-00-00-00-00-00-00-00-00-00-00-00-00-00-00-00-00-00-00-00-00-00-00-00-00-00-00-00-00-00-00-00-00-00-00-00-00-00-00-00-00-00-00-00
[15:51:31:282]50-41-06-07-01-00-63 [CMD_SENT][CMD_GET_IO_LEVEL]
[15:51:31:295][HID_TX_ack]00-12-50-49-01-DE-7D-A2-0B-00-08-00-06-87-00-01-FF-FF-0D-00-00-00-00-02-00-E0-01-17-32-00-00-00-00-00-00-00-00-00-00-00-00-00-00-00-00-00-00-00-00-00-00-00-00-00-00-00-00-00-00-00-00-00-00-00-00
[15:51:31:295]50-49-01-DE-7D-A2-0B-00-08-00-06-87-00-01-FF-FF-0D-00
[15:51:31:364][HID_TX_ack]00-0D-50-49-11-DF-48-49-00-00-03-00-20-E9-00-01-FF-FF-0D-00-00-00-00-02-00-E0-01-17-32-00-00-00-00-00-00-00-00-00-00-00-00-00-00-00-00-00-00-00-00-00-00-00-00-00-00-00-00-00-00-00-00-00-00-00-00
[15:51:31:364]50-49-11-DF-48-49-00-00-03-00-20-E9-00
[15:51:31:373][HID_TX_ack]00-0D-50-49-01-C0-50-49-00-00-03-00-11-9E-18-01-FF-FF-0D-00-00-00-00-02-00-E0-01-17-32-00-00-00-00-00-00-00-00-00-00-00-00-00-00-00-00-00-00-00-00-00-00-00-00-00-00-00-00-00-00-00-00-00-00-00-00
[15:51:31:373]50-49-01-C0-50-49-00-00-03-00-11-9E-18
[15:51:31:377][HID_TX_ack]00-1A-50-49-01-C0-52-49-00-00-03-00-11-9F-17-50-49-11-E0-53-49-00-00-03-00-20-00-00-32-00-00-00-00-00-00-00-00-00-00-00-00-00-00-00-00-00-00-00-00-00-00-00-00-00-00-00-00-00-00-00-00-00-00-00-00
[15:51:31:377]50-49-01-C0-52-49-00-00-03-00-11-9F-17
[15:51:31:377]50-49-11-E0-53-49-00-00-03-00-20-00-00
[15:51:31:454][HID_TX_ack]00-0D-50-49-11-E1-90-49-00-00-03-00-20-E9-00-50-49-11-E0-53-49-00-00-03-00-20-00-00-32-00-00-00-00-00-00-00-00-00-00-00-00-00-00-00-00-00-00-00-00-00-00-00-00-00-00-00-00-00-00-00-00-00-00-00-00
[15:51:31:454]50-49-11-E1-90-49-00-00-03-00-20-E9-00
[15:51:31:462][HID_TX_ack]00-0D-50-49-01-C0-97-49-00-00-03-00-11-A0-18-50-49-11-E0-53-49-00-00-03-00-20-00-00-32-00-00-00-00-00-00-00-00-00-00-00-00-00-00-00-00-00-00-00-00-00-00-00-00-00-00-00-00-00-00-00-00-00-00-00-00
[15:51:31:462]50-49-01-C0-97-49-00-00-03-00-11-A0-18
[15:51:31:467][HID_TX_ack]00-0D-50-49-01-C0-9C-49-00-00-03-00-11-A1-17-50-49-11-E0-53-49-00-00-03-00-20-00-00-32-00-00-00-00-00-00-00-00-00-00-00-00-00-00-00-00-00-00-00-00-00-00-00-00-00-00-00-00-00-00-00-00-00-00-00-00
[15:51:31:467]50-49-01-C0-9C-49-00-00-03-00-11-A1-17
[15:51:31:470][HID_TX_ack]00-0D-50-49-11-E2-9D-49-00-00-03-00-20-00-00-50-49-11-E0-53-49-00-00-03-00-20-00-00-32-00-00-00-00-00-00-00-00-00-00-00-00-00-00-00-00-00-00-00-00-00-00-00-00-00-00-00-00-00-00-00-00-00-00-00-00
[15:51:31:470]50-49-11-E2-9D-49-00-00-03-00-20-00-00
[15:51:34:030][HID_TX_ack]00-0D-50-49-11-E3-EA-49-00-00-03-00-20-E9-00-50-49-11-E0-53-49-00-00-03-00-20-00-00-32-00-00-00-00-00-00-00-00-00-00-00-00-00-00-00-00-00-00-00-00-00-00-00-00-00-00-00-00-00-00-00-00-00-00-00-00
[15:51:34:031]50-49-11-E3-EA-49-00-00-03-00-20-E9-00
[15:51:34:033][HID_TX_ack]00-1A-50-49-01-C0-F7-49-00-00-03-00-11-A2-18-50-49-01-C0-F7-49-00-00-03-00-11-A3-17-32-00-00-00-00-00-00-00-00-00-00-00-00-00-00-00-00-00-00-00-00-00-00-00-00-00-00-00-00-00-00-00-00-00-00-00-00
[15:51:34:033]50-49-01-C0-F7-49-00-00-03-00-11-A2-18
[15:51:34:033]50-49-01-C0-F7-49-00-00-03-00-11-A3-17
[15:51:34:033][HID_TX_ack]00-0D-50-49-11-E4-F9-49-00-00-03-00-20-00-00-50-49-01-C0-F7-49-00-00-03-00-11-A3-17-32-00-00-00-00-00-00-00-00-00-00-00-00-00-00-00-00-00-00-00-00-00-00-00-00-00-00-00-00-00-00-00-00-00-00-00-00
[15:51:34:033]50-49-11-E4-F9-49-00-00-03-00-20-00-00
[15:51:34:034][HID_TX_ack]00-0D-50-49-11-E5-4A-4A-00-00-03-00-20-E9-00-50-49-01-C0-F7-49-00-00-03-00-11-A3-17-32-00-00-00-00-00-00-00-00-00-00-00-00-00-00-00-00-00-00-00-00-00-00-00-00-00-00-00-00-00-00-00-00-00-00-00-00
[15:51:34:034]50-49-11-E5-4A-4A-00-00-03-00-20-E9-00
[15:51:34:034][HID_TX_ack]00-1A-50-49-01-C0-55-4A-00-00-03-00-11-A4-18-50-49-01-C0-56-4A-00-00-03-00-11-A5-17-32-00-00-00-00-00-00-00-00-00-00-00-00-00-00-00-00-00-00-00-00-00-00-00-00-00-00-00-00-00-00-00-00-00-00-00-00
[15:51:34:034]50-49-01-C0-55-4A-00-00-03-00-11-A4-18
[15:51:34:034]50-49-01-C0-56-4A-00-00-03-00-11-A5-17
[15:51:34:034][HID_TX_ack]00-0D-50-49-11-E6-57-4A-00-00-03-00-20-00-00-50-49-01-C0-56-4A-00-00-03-00-11-A5-17-32-00-00-00-00-00-00-00-00-00-00-00-00-00-00-00-00-00-00-00-00-00-00-00-00-00-00-00-00-00-00-00-00-00-00-00-00
[15:51:34:034]50-49-11-E6-57-4A-00-00-03-00-20-00-00
[15:51:34:035][HID_TX_ack]00-0D-50-49-11-E7-8E-4A-00-00-03-00-20-E9-00-50-49-01-C0-56-4A-00-00-03-00-11-A5-17-32-00-00-00-00-00-00-00-00-00-00-00-00-00-00-00-00-00-00-00-00-00-00-00-00-00-00-00-00-00-00-00-00-00-00-00-00
[15:51:34:035]50-49-11-E7-8E-4A-00-00-03-00-20-E9-00
[15:51:34:035][HID_TX_ack]00-1A-50-49-01-C0-95-4A-00-00-03-00-11-A6-18-50-49-01-C0-96-4A-00-00-03-00-11-A7-17-32-00-00-00-00-00-00-00-00-00-00-00-00-00-00-00-00-00-00-00-00-00-00-00-00-00-00-00-00-00-00-00-00-00-00-00-00
[15:51:34:035]50-49-01-C0-95-4A-00-00-03-00-11-A6-18
[15:51:34:035]50-49-01-C0-96-4A-00-00-03-00-11-A7-17
[15:51:34:035][HID_TX_ack]00-0D-50-49-11-E8-97-4A-00-00-03-00-20-00-00-50-49-01-C0-96-4A-00-00-03-00-11-A7-17-32-00-00-00-00-00-00-00-00-00-00-00-00-00-00-00-00-00-00-00-00-00-00-00-00-00-00-00-00-00-00-00-00-00-00-00-00
[15:51:34:035]50-49-11-E8-97-4A-00-00-03-00-20-00-00
[15:51:34:035][HID_TX_ack]00-0D-50-49-11-E9-E6-4A-00-00-03-00-20-E9-00-50-49-01-C0-96-4A-00-00-03-00-11-A7-17-32-00-00-00-00-00-00-00-00-00-00-00-00-00-00-00-00-00-00-00-00-00-00-00-00-00-00-00-00-00-00-00-00-00-00-00-00
[15:51:34:036]50-49-11-E9-E6-4A-00-00-03-00-20-E9-00
[15:51:34:036][HID_TX_ack]00-1A-50-49-01-C0-EF-4A-00-00-03-00-11-A8-18-50-49-01-C0-F0-4A-00-00-03-00-11-A9-17-32-00-00-00-00-00-00-00-00-00-00-00-00-00-00-00-00-00-00-00-00-00-00-00-00-00-00-00-00-00-00-00-00-00-00-00-00
[15:51:34:036]50-49-01-C0-EF-4A-00-00-03-00-11-A8-18
[15:51:34:036]50-49-01-C0-F0-4A-00-00-03-00-11-A9-17
[15:51:34:036][HID_TX_ack]00-0D-50-49-11-EA-F1-4A-00-00-03-00-20-00-00-50-49-01-C0-F0-4A-00-00-03-00-11-A9-17-32-00-00-00-00-00-00-00-00-00-00-00-00-00-00-00-00-00-00-00-00-00-00-00-00-00-00-00-00-00-00-00-00-00-00-00-00
[15:51:34:036]50-49-11-EA-F1-4A-00-00-03-00-20-00-00
[15:51:34:036][HID_TX_ack]00-0D-50-49-11-EB-48-4B-00-00-03-00-20-E9-00-50-49-01-C0-F0-4A-00-00-03-00-11-A9-17-32-00-00-00-00-00-00-00-00-00-00-00-00-00-00-00-00-00-00-00-00-00-00-00-00-00-00-00-00-00-00-00-00-00-00-00-00
[15:51:34:036]50-49-11-EB-48-4B-00-00-03-00-20-E9-00
[15:51:34:038][HID_TX_ack]00-1A-50-49-01-C0-50-4B-00-00-03-00-11-AA-18-50-49-01-C0-51-4B-00-00-03-00-11-AB-17-32-00-00-00-00-00-00-00-00-00-00-00-00-00-00-00-00-00-00-00-00-00-00-00-00-00-00-00-00-00-00-00-00-00-00-00-00
[15:51:34:038]50-49-01-C0-50-4B-00-00-03-00-11-AA-18
[15:51:34:038]50-49-01-C0-51-4B-00-00-03-00-11-AB-17
[15:51:34:038][HID_TX]00-80-06-55-5D-50-41-0E-08-01-E0-00-00-00-00-00-00-00-00-00-00-00-00-00-00-00-00-00-00-00-00-00-00-00-00-00-00-00-00-00-00-00-00-00-00-00-00-00-00-00-00-00-00-00-00-00-00-00-00-00-00-00-00-00-00
[15:51:34:038][HID_TX_ack]00-0D-50-49-11-EC-52-4B-00-00-03-00-20-00-00-50-49-01-C0-51-4B-00-00-03-00-11-AB-17-32-00-00-00-00-00-00-00-00-00-00-00-00-00-00-00-00-00-00-00-00-00-00-00-00-00-00-00-00-00-00-00-00-00-00-00-00
[15:51:34:038]50-49-11-EC-52-4B-00-00-03-00-20-00-00
[15:51:34:039]HidD_GetInputReport=True
[15:51:34:039]reply_report=00-4F-00-00-00-00-00-00-00-00-00-00-00-00-00-00-00-00-00-00-00-00-00-00-00-00-00-00-00-00-00-00-00-00-00-00-00-00-00-00-00-00-00-00-00-00-00-00-00-00-00-00-00-00-00-00-00-00-00-00-00-00-00-00-00
[15:51:34:039]50-41-0E-08-01-E0 [CMD_SENT][REMOTE_GET_MODE]
[15:51:34:042][HID_TX_ack]00-19-50-49-01-C0-A7-51-00-00-03-00-0E-88-00-50-49-0E-ED-00-00-00-00-02-00-E0-01-17-32-00-00-00-00-00-00-00-00-00-00-00-00-00-00-00-00-00-00-00-00-00-00-00-00-00-00-00-00-00-00-00-00-00-00-00-00
[15:51:34:042]50-49-01-C0-A7-51-00-00-03-00-0E-88-00
[15:51:34:042]REMOTE_GET_MODE=01
[15:51:34:042]50-49-0E-ED-00-00-00-00-02-00-E0-01-
[15:51:34:042][HID_TX]00-80-07-B9-EE-50-41-06-09-01-00-63-00-00-00-00-00-00-00-00-00-00-00-00-00-00-00-00-00-00-00-00-00-00-00-00-00-00-00-00-00-00-00-00-00-00-00-00-00-00-00-00-00-00-00-00-00-00-00-00-00-00-00-00-00
[15:51:34:043]HidD_GetInputReport=True
[15:51:34:043]reply_report=00-4F-00-00-00-00-00-00-00-00-00-00-00-00-00-00-00-00-00-00-00-00-00-00-00-00-00-00-00-00-00-00-00-00-00-00-00-00-00-00-00-00-00-00-00-00-00-00-00-00-00-00-00-00-00-00-00-00-00-00-00-00-00-00-00
[15:51:34:043]50-41-06-09-01-00-63 [CMD_SENT][CMD_GET_IO_LEVEL]
[15:51:34:064][HID_TX_ack]00-12-50-49-01-EE-25-AB-0B-00-08-00-06-89-00-01-FF-FF-0F-00-00-00-00-02-00-E0-01-17-32-00-00-00-00-00-00-00-00-00-00-00-00-00-00-00-00-00-00-00-00-00-00-00-00-00-00-00-00-00-00-00-00-00-00-00-00
[15:51:34:064]50-49-01-EE-25-AB-0B-00-08-00-06-89-00-01-FF-FF-0F-00
[15:51:40:065][HID_TX_ack]00-0D-50-49-11-EF-64-62-00-00-03-00-20-E9-00-01-FF-FF-0F-00-00-00-00-02-00-E0-01-17-32-00-00-00-00-00-00-00-00-00-00-00-00-00-00-00-00-00-00-00-00-00-00-00-00-00-00-00-00-00-00-00-00-00-00-00-00
[15:51:40:066]50-49-11-EF-64-62-00-00-03-00-20-E9-00
[15:51:40:066][HID_TX]00-80-06-BE-72-50-41-0E-0A-01-E0-00-00-00-00-00-00-00-00-00-00-00-00-00-00-00-00-00-00-00-00-00-00-00-00-00-00-00-00-00-00-00-00-00-00-00-00-00-00-00-00-00-00-00-00-00-00-00-00-00-00-00-00-00-00
[15:51:40:066][HID_TX_ack]00-1A-50-49-01-C0-6F-62-00-00-03-00-11-AC-18-50-49-01-C0-70-62-00-00-03-00-11-AD-17-32-00-00-00-00-00-00-00-00-00-00-00-00-00-00-00-00-00-00-00-00-00-00-00-00-00-00-00-00-00-00-00-00-00-00-00-00
[15:51:40:066]50-49-01-C0-6F-62-00-00-03-00-11-AC-18
[15:51:40:066]50-49-01-C0-70-62-00-00-03-00-11-AD-17
[15:51:40:066][HID_TX_ack]00-0D-50-49-11-F0-71-62-00-00-03-00-20-00-00-50-49-01-C0-70-62-00-00-03-00-11-AD-17-32-00-00-00-00-00-00-00-00-00-00-00-00-00-00-00-00-00-00-00-00-00-00-00-00-00-00-00-00-00-00-00-00-00-00-00-00
[15:51:40:066]50-49-11-F0-71-62-00-00-03-00-20-00-00
[15:51:40:066][HID_TX_ack]00-0D-50-49-11-F1-BE-62-00-00-03-00-20-E9-00-50-49-01-C0-70-62-00-00-03-00-11-AD-17-32-00-00-00-00-00-00-00-00-00-00-00-00-00-00-00-00-00-00-00-00-00-00-00-00-00-00-00-00-00-00-00-00-00-00-00-00
[15:51:40:066]50-49-11-F1-BE-62-00-00-03-00-20-E9-00
[15:51:40:066][HID_TX_ack]00-1A-50-49-01-C0-C8-62-00-00-03-00-11-AE-18-50-49-01-C0-C9-62-00-00-03-00-11-AF-17-32-00-00-00-00-00-00-00-00-00-00-00-00-00-00-00-00-00-00-00-00-00-00-00-00-00-00-00-00-00-00-00-00-00-00-00-00
[15:51:40:066]50-49-01-C0-C8-62-00-00-03-00-11-AE-18
[15:51:40:066]50-49-01-C0-C9-62-00-00-03-00-11-AF-17
[15:51:40:066][HID_TX_ack]00-0D-50-49-11-F2-CA-62-00-00-03-00-20-00-00-50-49-01-C0-C9-62-00-00-03-00-11-AF-17-32-00-00-00-00-00-00-00-00-00-00-00-00-00-00-00-00-00-00-00-00-00-00-00-00-00-00-00-00-00-00-00-00-00-00-00-00
[15:51:40:066]50-49-11-F2-CA-62-00-00-03-00-20-00-00
[15:51:40:067][HID_TX_ack]00-0D-50-49-11-F3-1A-63-00-00-03-00-20-E9-00-50-49-01-C0-C9-62-00-00-03-00-11-AF-17-32-00-00-00-00-00-00-00-00-00-00-00-00-00-00-00-00-00-00-00-00-00-00-00-00-00-00-00-00-00-00-00-00-00-00-00-00
[15:51:40:067]50-49-11-F3-1A-63-00-00-03-00-20-E9-00
[15:51:40:067][HID_TX_ack]00-1A-50-49-01-C0-23-63-00-00-03-00-11-B0-18-50-49-01-C0-24-63-00-00-03-00-11-B1-17-32-00-00-00-00-00-00-00-00-00-00-00-00-00-00-00-00-00-00-00-00-00-00-00-00-00-00-00-00-00-00-00-00-00-00-00-00
[15:51:40:067]50-49-01-C0-23-63-00-00-03-00-11-B0-18
[15:51:40:067]50-49-01-C0-24-63-00-00-03-00-11-B1-17
[15:51:40:067][HID_TX_ack]00-0D-50-49-11-F4-25-63-00-00-03-00-20-00-00-50-49-01-C0-24-63-00-00-03-00-11-B1-17-32-00-00-00-00-00-00-00-00-00-00-00-00-00-00-00-00-00-00-00-00-00-00-00-00-00-00-00-00-00-00-00-00-00-00-00-00
[15:51:40:067]50-49-11-F4-25-63-00-00-03-00-20-00-00
[15:51:40:067]HidD_GetInputReport=True
[15:51:40:067][HID_TX_ack]00-0D-50-49-11-F5-60-63-00-00-03-00-20-E9-00-50-49-01-C0-24-63-00-00-03-00-11-B1-17-32-00-00-00-00-00-00-00-00-00-00-00-00-00-00-00-00-00-00-00-00-00-00-00-00-00-00-00-00-00-00-00-00-00-00-00-00
[15:51:40:067]50-49-11-F5-60-63-00-00-03-00-20-E9-00
[15:51:40:067]reply_report=00-4F-00-00-00-00-00-00-00-00-00-00-00-00-00-00-00-00-00-00-00-00-00-00-00-00-00-00-00-00-00-00-00-00-00-00-00-00-00-00-00-00-00-00-00-00-00-00-00-00-00-00-00-00-00-00-00-00-00-00-00-00-00-00-00
[15:51:40:067]50-41-0E-0A-01-E0 [CMD_SENT][REMOTE_GET_MODE]
[15:51:40:067][HID_TX_ack]00-1A-50-49-01-C0-6A-63-00-00-03-00-11-B2-18-50-49-01-C0-6B-63-00-00-03-00-11-B3-17-32-00-00-00-00-00-00-00-00-00-00-00-00-00-00-00-00-00-00-00-00-00-00-00-00-00-00-00-00-00-00-00-00-00-00-00-00
[15:51:40:067]50-49-01-C0-6A-63-00-00-03-00-11-B2-18
[15:51:40:067]50-49-01-C0-6B-63-00-00-03-00-11-B3-17
[15:51:40:067][HID_TX_ack]00-0D-50-49-11-F6-6C-63-00-00-03-00-20-00-00-50-49-01-C0-6B-63-00-00-03-00-11-B3-17-32-00-00-00-00-00-00-00-00-00-00-00-00-00-00-00-00-00-00-00-00-00-00-00-00-00-00-00-00-00-00-00-00-00-00-00-00
[15:51:40:067]50-49-11-F6-6C-63-00-00-03-00-20-00-00
[15:51:40:067][HID_TX_ack]00-0D-50-49-11-F7-BA-63-00-00-03-00-20-E9-00-50-49-01-C0-6B-63-00-00-03-00-11-B3-17-32-00-00-00-00-00-00-00-00-00-00-00-00-00-00-00-00-00-00-00-00-00-00-00-00-00-00-00-00-00-00-00-00-00-00-00-00
[15:51:40:067]50-49-11-F7-BA-63-00-00-03-00-20-E9-00
[15:51:40:067][HID_TX_ack]00-1A-50-49-01-C0-C3-63-00-00-03-00-11-B4-18-50-49-01-C0-C4-63-00-00-03-00-11-B5-17-32-00-00-00-00-00-00-00-00-00-00-00-00-00-00-00-00-00-00-00-00-00-00-00-00-00-00-00-00-00-00-00-00-00-00-00-00
[15:51:40:067]50-49-01-C0-C3-63-00-00-03-00-11-B4-18
[15:51:40:067]50-49-01-C0-C4-63-00-00-03-00-11-B5-17
[15:51:40:068][HID_TX_ack]00-0D-50-49-11-F8-C5-63-00-00-03-00-20-00-00-50-49-01-C0-C4-63-00-00-03-00-11-B5-17-32-00-00-00-00-00-00-00-00-00-00-00-00-00-00-00-00-00-00-00-00-00-00-00-00-00-00-00-00-00-00-00-00-00-00-00-00
[15:51:40:068]50-49-11-F8-C5-63-00-00-03-00-20-00-00
[15:51:40:068][HID_TX_ack]00-0D-50-49-11-F9-0A-64-00-00-03-00-20-E9-00-50-49-01-C0-C4-63-00-00-03-00-11-B5-17-32-00-00-00-00-00-00-00-00-00-00-00-00-00-00-00-00-00-00-00-00-00-00-00-00-00-00-00-00-00-00-00-00-00-00-00-00
[15:51:40:068]50-49-11-F9-0A-64-00-00-03-00-20-E9-00
[15:51:40:068][HID_TX_ack]00-1A-50-49-01-C0-12-64-00-00-03-00-11-B6-18-50-49-01-C0-13-64-00-00-03-00-11-B7-17-32-00-00-00-00-00-00-00-00-00-00-00-00-00-00-00-00-00-00-00-00-00-00-00-00-00-00-00-00-00-00-00-00-00-00-00-00
[15:51:40:068]50-49-01-C0-12-64-00-00-03-00-11-B6-18
[15:51:40:068]50-49-01-C0-13-64-00-00-03-00-11-B7-17
[15:51:40:068][HID_TX_ack]00-0D-50-49-11-FA-14-64-00-00-03-00-20-00-00-50-49-01-C0-13-64-00-00-03-00-11-B7-17-32-00-00-00-00-00-00-00-00-00-00-00-00-00-00-00-00-00-00-00-00-00-00-00-00-00-00-00-00-00-00-00-00-00-00-00-00
[15:51:40:068]50-49-11-FA-14-64-00-00-03-00-20-00-00
[15:51:40:070][HID_TX_ack]00-19-50-49-01-C0-7E-64-00-00-03-00-0E-8A-00-50-49-0E-FB-00-00-00-00-02-00-E0-01-17-32-00-00-00-00-00-00-00-00-00-00-00-00-00-00-00-00-00-00-00-00-00-00-00-00-00-00-00-00-00-00-00-00-00-00-00-00
[15:51:40:070]50-49-01-C0-7E-64-00-00-03-00-0E-8A-00
[15:51:40:070]50-49-0E-FB-00-00-00-00-02-00-E0-01-
[15:51:40:070]REMOTE_GET_MODE=01
[15:51:40:070][HID_TX]00-80-07-52-C1-50-41-06-0B-01-00-63-00-00-00-00-00-00-00-00-00-00-00-00-00-00-00-00-00-00-00-00-00-00-00-00-00-00-00-00-00-00-00-00-00-00-00-00-00-00-00-00-00-00-00-00-00-00-00-00-00-00-00-00-00
[15:51:40:071]HidD_GetInputReport=True
[15:51:40:071]reply_report=00-4F-00-00-00-00-00-00-00-00-00-00-00-00-00-00-00-00-00-00-00-00-00-00-00-00-00-00-00-00-00-00-00-00-00-00-00-00-00-00-00-00-00-00-00-00-00-00-00-00-00-00-00-00-00-00-00-00-00-00-00-00-00-00-00
[15:51:40:071]50-41-06-0B-01-00-63 [CMD_SENT][CMD_GET_IO_LEVEL]
[15:51:40:111][HID_TX_ack]00-12-50-49-01-FC-FB-BD-0B-00-08-00-06-8B-00-01-FF-FF-0D-00-00-00-00-02-00-E0-01-17-32-00-00-00-00-00-00-00-00-00-00-00-00-00-00-00-00-00-00-00-00-00-00-00-00-00-00-00-00-00-00-00-00-00-00-00-00
[15:51:40:111]50-49-01-FC-FB-BD-0B-00-08-00-06-8B-00-01-FF-FF-0D-00
[15:51:45:061][HID_TX]00-80-06-83-02-50-41-0E-0C-01-E0-00-00-00-00-00-00-00-00-00-00-00-00-00-00-00-00-00-00-00-00-00-00-00-00-00-00-00-00-00-00-00-00-00-00-00-00-00-00-00-00-00-00-00-00-00-00-00-00-00-00-00-00-00-00
[15:51:45:063]HidD_GetInputReport=True
[15:51:45:063]reply_report=00-4F-00-00-00-00-00-00-00-00-00-00-00-00-00-00-00-00-00-00-00-00-00-00-00-00-00-00-00-00-00-00-00-00-00-00-00-00-00-00-00-00-00-00-00-00-00-00-00-00-00-00-00-00-00-00-00-00-00-00-00-00-00-00-00
[15:51:45:063]50-41-0E-0C-01-E0 [CMD_SENT][REMOTE_GET_MODE]
[15:51:45:065][HID_TX_ack]00-19-50-49-01-C0-1A-74-00-00-03-00-0E-8C-00-50-49-0E-FD-00-00-00-00-02-00-E0-01-17-32-00-00-00-00-00-00-00-00-00-00-00-00-00-00-00-00-00-00-00-00-00-00-00-00-00-00-00-00-00-00-00-00-00-00-00-00
[15:51:45:065]50-49-01-C0-1A-74-00-00-03-00-0E-8C-00
[15:51:45:065]50-49-0E-FD-00-00-00-00-02-00-E0-01-
[15:51:45:065]REMOTE_GET_MODE=01
[15:51:45:065][HID_TX]00-80-07-6F-B1-50-41-06-0D-01-00-63-00-00-00-00-00-00-00-00-00-00-00-00-00-00-00-00-00-00-00-00-00-00-00-00-00-00-00-00-00-00-00-00-00-00-00-00-00-00-00-00-00-00-00-00-00-00-00-00-00-00-00-00-00
[15:51:45:066]HidD_GetInputReport=True
[15:51:45:066]reply_report=00-4F-00-00-00-00-00-00-00-00-00-00-00-00-00-00-00-00-00-00-00-00-00-00-00-00-00-00-00-00-00-00-00-00-00-00-00-00-00-00-00-00-00-00-00-00-00-00-00-00-00-00-00-00-00-00-00-00-00-00-00-00-00-00-00
[15:51:45:066]50-41-06-0D-01-00-63 [CMD_SENT][CMD_GET_IO_LEVEL]
[15:51:45:090][HID_TX_ack]00-12-50-49-01-FE-95-CD-0B-00-08-00-06-8D-00-01-FF-FF-0D-00-00-00-00-02-00-E0-01-17-32-00-00-00-00-00-00-00-00-00-00-00-00-00-00-00-00-00-00-00-00-00-00-00-00-00-00-00-00-00-00-00-00-00-00-00-00
[15:51:45:090]50-49-01-FE-95-CD-0B-00-08-00-06-8D-00-01-FF-FF-0D-00
[15:51:50:986][HID_TX_ack]00-0D-50-49-11-FF-51-84-00-00-03-00-20-EA-00-01-FF-FF-0D-00-00-00-00-02-00-E0-01-17-32-00-00-00-00-00-00-00-00-00-00-00-00-00-00-00-00-00-00-00-00-00-00-00-00-00-00-00-00-00-00-00-00-00-00-00-00
[15:51:50:987]50-49-11-FF-51-84-00-00-03-00-20-EA-00
[15:51:50:987][HID_TX_ack]00-0D-50-49-01-C0-57-84-00-00-03-00-11-B8-18-01-FF-FF-0D-00-00-00-00-02-00-E0-01-17-32-00-00-00-00-00-00-00-00-00-00-00-00-00-00-00-00-00-00-00-00-00-00-00-00-00-00-00-00-00-00-00-00-00-00-00-00
[15:51:50:987]50-49-01-C0-57-84-00-00-03-00-11-B8-18
[15:51:50:988][HID_TX_ack]00-0D-50-49-01-C0-5B-84-00-00-03-00-11-B9-17-01-FF-FF-0D-00-00-00-00-02-00-E0-01-17-32-00-00-00-00-00-00-00-00-00-00-00-00-00-00-00-00-00-00-00-00-00-00-00-00-00-00-00-00-00-00-00-00-00-00-00-00
[15:51:50:988]50-49-01-C0-5B-84-00-00-03-00-11-B9-17
[15:51:50:990][HID_TX_ack]00-0D-50-49-11-C0-5D-84-00-00-03-00-20-00-00-01-FF-FF-0D-00-00-00-00-02-00-E0-01-17-32-00-00-00-00-00-00-00-00-00-00-00-00-00-00-00-00-00-00-00-00-00-00-00-00-00-00-00-00-00-00-00-00-00-00-00-00
[15:51:50:990]50-49-11-C0-5D-84-00-00-03-00-20-00-00
[15:51:50:990][HID_TX_ack]00-0D-50-49-11-C1-A6-84-00-00-03-00-20-EA-00-01-FF-FF-0D-00-00-00-00-02-00-E0-01-17-32-00-00-00-00-00-00-00-00-00-00-00-00-00-00-00-00-00-00-00-00-00-00-00-00-00-00-00-00-00-00-00-00-00-00-00-00
[15:51:50:991]50-49-11-C1-A6-84-00-00-03-00-20-EA-00
[15:51:50:991][HID_TX_ack]00-1A-50-49-01-C0-AF-84-00-00-03-00-11-BA-18-50-49-01-C0-B0-84-00-00-03-00-11-BB-17-32-00-00-00-00-00-00-00-00-00-00-00-00-00-00-00-00-00-00-00-00-00-00-00-00-00-00-00-00-00-00-00-00-00-00-00-00
[15:51:50:991]50-49-01-C0-AF-84-00-00-03-00-11-BA-18
[15:51:50:991]50-49-01-C0-B0-84-00-00-03-00-11-BB-17
[15:51:50:991][HID_TX_ack]00-0D-50-49-11-C2-B1-84-00-00-03-00-20-00-00-50-49-01-C0-B0-84-00-00-03-00-11-BB-17-32-00-00-00-00-00-00-00-00-00-00-00-00-00-00-00-00-00-00-00-00-00-00-00-00-00-00-00-00-00-00-00-00-00-00-00-00
[15:51:50:991]50-49-11-C2-B1-84-00-00-03-00-20-00-00
[15:51:50:991][HID_TX_ack]00-0D-50-49-11-C3-08-85-00-00-03-00-20-EA-00-50-49-01-C0-B0-84-00-00-03-00-11-BB-17-32-00-00-00-00-00-00-00-00-00-00-00-00-00-00-00-00-00-00-00-00-00-00-00-00-00-00-00-00-00-00-00-00-00-00-00-00
[15:51:50:991]50-49-11-C3-08-85-00-00-03-00-20-EA-00
[15:51:50:992][HID_TX_ack]00-1A-50-49-01-C0-10-85-00-00-03-00-11-BC-18-50-49-01-C0-11-85-00-00-03-00-11-BD-17-32-00-00-00-00-00-00-00-00-00-00-00-00-00-00-00-00-00-00-00-00-00-00-00-00-00-00-00-00-00-00-00-00-00-00-00-00
[15:51:50:992]50-49-01-C0-10-85-00-00-03-00-11-BC-18
[15:51:50:992]50-49-01-C0-11-85-00-00-03-00-11-BD-17
[15:51:50:992][HID_TX_ack]00-0D-50-49-11-C4-12-85-00-00-03-00-20-00-00-50-49-01-C0-11-85-00-00-03-00-11-BD-17-32-00-00-00-00-00-00-00-00-00-00-00-00-00-00-00-00-00-00-00-00-00-00-00-00-00-00-00-00-00-00-00-00-00-00-00-00
[15:51:50:992]50-49-11-C4-12-85-00-00-03-00-20-00-00
[15:51:50:992][HID_TX_ack]00-0D-50-49-11-C5-5C-85-00-00-03-00-20-EA-00-50-49-01-C0-11-85-00-00-03-00-11-BD-17-32-00-00-00-00-00-00-00-00-00-00-00-00-00-00-00-00-00-00-00-00-00-00-00-00-00-00-00-00-00-00-00-00-00-00-00-00
[15:51:50:992]50-49-11-C5-5C-85-00-00-03-00-20-EA-00
[15:51:50:992][HID_TX_ack]00-1A-50-49-01-C0-63-85-00-00-03-00-11-BE-18-50-49-01-C0-64-85-00-00-03-00-11-BF-17-32-00-00-00-00-00-00-00-00-00-00-00-00-00-00-00-00-00-00-00-00-00-00-00-00-00-00-00-00-00-00-00-00-00-00-00-00
[15:51:50:992]50-49-01-C0-63-85-00-00-03-00-11-BE-18
[15:51:50:992]50-49-01-C0-64-85-00-00-03-00-11-BF-17
[15:51:50:992][HID_TX_ack]00-0D-50-49-11-C6-65-85-00-00-03-00-20-00-00-50-49-01-C0-64-85-00-00-03-00-11-BF-17-32-00-00-00-00-00-00-00-00-00-00-00-00-00-00-00-00-00-00-00-00-00-00-00-00-00-00-00-00-00-00-00-00-00-00-00-00
[15:51:50:994]50-49-11-C6-65-85-00-00-03-00-20-00-00
[15:51:50:994][HID_TX]00-80-06-68-2D-50-41-0E-0E-01-E0-00-00-00-00-00-00-00-00-00-00-00-00-00-00-00-00-00-00-00-00-00-00-00-00-00-00-00-00-00-00-00-00-00-00-00-00-00-00-00-00-00-00-00-00-00-00-00-00-00-00-00-00-00-00
[15:51:50:994][HID_TX_ack]00-0D-50-49-11-C7-B0-85-00-00-03-00-20-EA-00-50-49-01-C0-64-85-00-00-03-00-11-BF-17-32-00-00-00-00-00-00-00-00-00-00-00-00-00-00-00-00-00-00-00-00-00-00-00-00-00-00-00-00-00-00-00-00-00-00-00-00
[15:51:50:994]50-49-11-C7-B0-85-00-00-03-00-20-EA-00
[15:51:50:994][HID_TX_ack]00-1A-50-49-01-C0-B7-85-00-00-03-00-11-C0-18-50-49-01-C0-B8-85-00-00-03-00-11-C1-17-32-00-00-00-00-00-00-00-00-00-00-00-00-00-00-00-00-00-00-00-00-00-00-00-00-00-00-00-00-00-00-00-00-00-00-00-00
[15:51:50:994]50-49-01-C0-B7-85-00-00-03-00-11-C0-18
[15:51:50:994]50-49-01-C0-B8-85-00-00-03-00-11-C1-17
[15:51:50:994][HID_TX_ack]00-0D-50-49-11-C8-B9-85-00-00-03-00-20-00-00-50-49-01-C0-B8-85-00-00-03-00-11-C1-17-32-00-00-00-00-00-00-00-00-00-00-00-00-00-00-00-00-00-00-00-00-00-00-00-00-00-00-00-00-00-00-00-00-00-00-00-00
[15:51:50:995]50-49-11-C8-B9-85-00-00-03-00-20-00-00
[15:51:50:995][HID_TX_ack]00-0D-50-49-11-C9-FE-85-00-00-03-00-20-EA-00-50-49-01-C0-B8-85-00-00-03-00-11-C1-17-32-00-00-00-00-00-00-00-00-00-00-00-00-00-00-00-00-00-00-00-00-00-00-00-00-00-00-00-00-00-00-00-00-00-00-00-00
[15:51:50:995]50-49-11-C9-FE-85-00-00-03-00-20-EA-00
[15:51:50:995][HID_TX_ack]00-1A-50-49-01-C0-0A-86-00-00-03-00-11-C2-18-50-49-01-C0-0B-86-00-00-03-00-11-C3-17-32-00-00-00-00-00-00-00-00-00-00-00-00-00-00-00-00-00-00-00-00-00-00-00-00-00-00-00-00-00-00-00-00-00-00-00-00
[15:51:50:995]50-49-01-C0-0A-86-00-00-03-00-11-C2-18
[15:51:50:995]50-49-01-C0-0B-86-00-00-03-00-11-C3-17
[15:51:50:995][HID_TX_ack]00-0D-50-49-11-CA-0C-86-00-00-03-00-20-00-00-50-49-01-C0-0B-86-00-00-03-00-11-C3-17-32-00-00-00-00-00-00-00-00-00-00-00-00-00-00-00-00-00-00-00-00-00-00-00-00-00-00-00-00-00-00-00-00-00-00-00-00
[15:51:50:995]50-49-11-CA-0C-86-00-00-03-00-20-00-00
[15:51:50:995][HID_TX_ack]00-0D-50-49-11-CB-58-86-00-00-03-00-20-EA-00-50-49-01-C0-0B-86-00-00-03-00-11-C3-17-32-00-00-00-00-00-00-00-00-00-00-00-00-00-00-00-00-00-00-00-00-00-00-00-00-00-00-00-00-00-00-00-00-00-00-00-00
[15:51:50:995]50-49-11-CB-58-86-00-00-03-00-20-EA-00
[15:51:50:995][HID_TX_ack]00-1A-50-49-01-C0-63-86-00-00-03-00-11-C4-18-50-49-01-C0-64-86-00-00-03-00-11-C5-17-32-00-00-00-00-00-00-00-00-00-00-00-00-00-00-00-00-00-00-00-00-00-00-00-00-00-00-00-00-00-00-00-00-00-00-00-00
[15:51:50:995]50-49-01-C0-63-86-00-00-03-00-11-C4-18
[15:51:50:995]50-49-01-C0-64-86-00-00-03-00-11-C5-17
[15:51:50:995][HID_TX_ack]00-0D-50-49-11-CC-65-86-00-00-03-00-20-00-00-50-49-01-C0-64-86-00-00-03-00-11-C5-17-32-00-00-00-00-00-00-00-00-00-00-00-00-00-00-00-00-00-00-00-00-00-00-00-00-00-00-00-00-00-00-00-00-00-00-00-00
[15:51:50:995]50-49-11-CC-65-86-00-00-03-00-20-00-00
[15:51:50:995]HidD_GetInputReport=True
[15:51:50:995]reply_report=00-4F-00-00-00-00-00-00-00-00-00-00-00-00-00-00-00-00-00-00-00-00-00-00-00-00-00-00-00-00-00-00-00-00-00-00-00-00-00-00-00-00-00-00-00-00-00-00-00-00-00-00-00-00-00-00-00-00-00-00-00-00-00-00-00
[15:51:50:995]50-41-0E-0E-01-E0 [CMD_SENT][REMOTE_GET_MODE]
[15:51:50:999][HID_TX_ack]00-19-50-49-01-C0-A4-86-00-00-03-00-0E-8E-00-50-49-0E-CD-00-00-00-00-02-00-E0-01-17-32-00-00-00-00-00-00-00-00-00-00-00-00-00-00-00-00-00-00-00-00-00-00-00-00-00-00-00-00-00-00-00-00-00-00-00-00
[15:51:50:999]50-49-01-C0-A4-86-00-00-03-00-0E-8E-00
[15:51:50:999]50-49-0E-CD-00-00-00-00-02-00-E0-01-
[15:51:50:999]REMOTE_GET_MODE=01
[15:51:50:999][HID_TX]00-80-07-84-9E-50-41-06-0F-01-00-63-00-00-00-00-00-00-00-00-00-00-00-00-00-00-00-00-00-00-00-00-00-00-00-00-00-00-00-00-00-00-00-00-00-00-00-00-00-00-00-00-00-00-00-00-00-00-00-00-00-00-00-00-00
[15:51:51:000]HidD_GetInputReport=True
[15:51:51:000]reply_report=00-4F-00-00-00-00-00-00-00-00-00-00-00-00-00-00-00-00-00-00-00-00-00-00-00-00-00-00-00-00-00-00-00-00-00-00-00-00-00-00-00-00-00-00-00-00-00-00-00-00-00-00-00-00-00-00-00-00-00-00-00-00-00-00-00
[15:51:51:000]50-41-06-0F-01-00-63 [CMD_SENT][CMD_GET_IO_LEVEL]
[15:51:51:022][HID_TX_ack]00-0D-50-49-11-CE-B8-86-00-00-03-00-20-EA-00-50-49-0E-CD-00-00-00-00-02-00-E0-01-17-32-00-00-00-00-00-00-00-00-00-00-00-00-00-00-00-00-00-00-00-00-00-00-00-00-00-00-00-00-00-00-00-00-00-00-00-00
[15:51:51:022]50-49-11-CE-B8-86-00-00-03-00-20-EA-00
[15:51:51:027][HID_TX_ack]00-12-50-49-01-CF-28-E0-0B-00-08-00-06-8F-00-01-FF-FF-0E-00-00-00-00-02-00-E0-01-17-32-00-00-00-00-00-00-00-00-00-00-00-00-00-00-00-00-00-00-00-00-00-00-00-00-00-00-00-00-00-00-00-00-00-00-00-00
[15:51:51:027]50-49-01-CF-28-E0-0B-00-08-00-06-8F-00-01-FF-FF-0E-00
[15:51:56:611][HID_TX_ack]00-1A-50-49-01-C0-C2-86-00-00-03-00-11-C6-18-50-49-01-C0-C4-86-00-00-03-00-11-C7-17-32-00-00-00-00-00-00-00-00-00-00-00-00-00-00-00-00-00-00-00-00-00-00-00-00-00-00-00-00-00-00-00-00-00-00-00-00
[15:51:56:611]50-49-01-C0-C2-86-00-00-03-00-11-C6-18
[15:51:56:611]50-49-01-C0-C4-86-00-00-03-00-11-C7-17
[15:51:56:614][HID_TX_ack]00-0D-50-49-11-D0-C5-86-00-00-03-00-20-00-00-50-49-01-C0-C4-86-00-00-03-00-11-C7-17-32-00-00-00-00-00-00-00-00-00-00-00-00-00-00-00-00-00-00-00-00-00-00-00-00-00-00-00-00-00-00-00-00-00-00-00-00
[15:51:56:614]50-49-11-D0-C5-86-00-00-03-00-20-00-00
[15:51:56:614][HID_TX_ack]00-0D-50-49-11-D1-08-87-00-00-03-00-20-EA-00-50-49-01-C0-C4-86-00-00-03-00-11-C7-17-32-00-00-00-00-00-00-00-00-00-00-00-00-00-00-00-00-00-00-00-00-00-00-00-00-00-00-00-00-00-00-00-00-00-00-00-00
[15:51:56:614]50-49-11-D1-08-87-00-00-03-00-20-EA-00
[15:51:56:614][HID_TX_ack]00-1A-50-49-01-C0-10-87-00-00-03-00-11-C8-18-50-49-01-C0-10-87-00-00-03-00-11-C9-17-32-00-00-00-00-00-00-00-00-00-00-00-00-00-00-00-00-00-00-00-00-00-00-00-00-00-00-00-00-00-00-00-00-00-00-00-00
[15:51:56:614]50-49-01-C0-10-87-00-00-03-00-11-C8-18
[15:51:56:614]50-49-01-C0-10-87-00-00-03-00-11-C9-17
[15:51:56:614][HID_TX_ack]00-0D-50-49-11-D2-12-87-00-00-03-00-20-00-00-50-49-01-C0-10-87-00-00-03-00-11-C9-17-32-00-00-00-00-00-00-00-00-00-00-00-00-00-00-00-00-00-00-00-00-00-00-00-00-00-00-00-00-00-00-00-00-00-00-00-00
[15:51:56:614]50-49-11-D2-12-87-00-00-03-00-20-00-00
[15:51:56:614][HID_TX_ack]00-0D-50-49-11-D3-62-87-00-00-03-00-20-EA-00-50-49-01-C0-10-87-00-00-03-00-11-C9-17-32-00-00-00-00-00-00-00-00-00-00-00-00-00-00-00-00-00-00-00-00-00-00-00-00-00-00-00-00-00-00-00-00-00-00-00-00
[15:51:56:614]50-49-11-D3-62-87-00-00-03-00-20-EA-00
[15:51:56:615][HID_TX_ack]00-1A-50-49-01-C0-69-87-00-00-03-00-11-CA-18-50-49-01-C0-6A-87-00-00-03-00-11-CB-17-32-00-00-00-00-00-00-00-00-00-00-00-00-00-00-00-00-00-00-00-00-00-00-00-00-00-00-00-00-00-00-00-00-00-00-00-00
[15:51:56:615]50-49-01-C0-69-87-00-00-03-00-11-CA-18
[15:51:56:615]50-49-01-C0-6A-87-00-00-03-00-11-CB-17
[15:51:56:615][HID_TX_ack]00-0D-50-49-11-D4-6B-87-00-00-03-00-20-00-00-50-49-01-C0-6A-87-00-00-03-00-11-CB-17-32-00-00-00-00-00-00-00-00-00-00-00-00-00-00-00-00-00-00-00-00-00-00-00-00-00-00-00-00-00-00-00-00-00-00-00-00
[15:51:56:615]50-49-11-D4-6B-87-00-00-03-00-20-00-00
[15:51:56:615][HID_TX_ack]00-0D-50-49-11-D5-B6-87-00-00-03-00-20-EA-00-50-49-01-C0-6A-87-00-00-03-00-11-CB-17-32-00-00-00-00-00-00-00-00-00-00-00-00-00-00-00-00-00-00-00-00-00-00-00-00-00-00-00-00-00-00-00-00-00-00-00-00
[15:51:56:615]50-49-11-D5-B6-87-00-00-03-00-20-EA-00
[15:51:56:615][HID_TX_ack]00-1A-50-49-01-C0-BE-87-00-00-03-00-11-CC-18-50-49-01-C0-C0-87-00-00-03-00-11-CD-17-32-00-00-00-00-00-00-00-00-00-00-00-00-00-00-00-00-00-00-00-00-00-00-00-00-00-00-00-00-00-00-00-00-00-00-00-00
[15:51:56:615]50-49-01-C0-BE-87-00-00-03-00-11-CC-18
[15:51:56:615]50-49-01-C0-C0-87-00-00-03-00-11-CD-17
[15:51:56:615][HID_TX_ack]00-0D-50-49-11-D6-C1-87-00-00-03-00-20-00-00-50-49-01-C0-C0-87-00-00-03-00-11-CD-17-32-00-00-00-00-00-00-00-00-00-00-00-00-00-00-00-00-00-00-00-00-00-00-00-00-00-00-00-00-00-00-00-00-00-00-00-00
[15:51:56:615]50-49-11-D6-C1-87-00-00-03-00-20-00-00
[15:51:56:615][HID_TX_ack]00-0D-50-49-11-D7-04-88-00-00-03-00-20-EA-00-50-49-01-C0-C0-87-00-00-03-00-11-CD-17-32-00-00-00-00-00-00-00-00-00-00-00-00-00-00-00-00-00-00-00-00-00-00-00-00-00-00-00-00-00-00-00-00-00-00-00-00
[15:51:56:615]50-49-11-D7-04-88-00-00-03-00-20-EA-00
[15:51:56:615][HID_TX_ack]00-1A-50-49-01-C0-11-88-00-00-03-00-11-CE-18-50-49-01-C0-12-88-00-00-03-00-11-CF-17-32-00-00-00-00-00-00-00-00-00-00-00-00-00-00-00-00-00-00-00-00-00-00-00-00-00-00-00-00-00-00-00-00-00-00-00-00
[15:51:56:615]50-49-01-C0-11-88-00-00-03-00-11-CE-18
[15:51:56:615]50-49-01-C0-12-88-00-00-03-00-11-CF-17
[15:51:56:615][HID_TX_ack]00-0D-50-49-11-D8-13-88-00-00-03-00-20-00-00-50-49-01-C0-12-88-00-00-03-00-11-CF-17-32-00-00-00-00-00-00-00-00-00-00-00-00-00-00-00-00-00-00-00-00-00-00-00-00-00-00-00-00-00-00-00-00-00-00-00-00
[15:51:56:615]50-49-11-D8-13-88-00-00-03-00-20-00-00
[15:51:56:616][HID_TX_ack]00-0D-50-49-11-D9-5E-88-00-00-03-00-20-EA-00-50-49-01-C0-12-88-00-00-03-00-11-CF-17-32-00-00-00-00-00-00-00-00-00-00-00-00-00-00-00-00-00-00-00-00-00-00-00-00-00-00-00-00-00-00-00-00-00-00-00-00
[15:51:56:616]50-49-11-D9-5E-88-00-00-03-00-20-EA-00
[15:51:56:616][HID_TX_ack]00-1A-50-49-01-C0-70-88-00-00-03-00-11-D0-18-50-49-01-C0-71-88-00-00-03-00-11-D1-17-32-00-00-00-00-00-00-00-00-00-00-00-00-00-00-00-00-00-00-00-00-00-00-00-00-00-00-00-00-00-00-00-00-00-00-00-00
[15:51:56:616]50-49-01-C0-70-88-00-00-03-00-11-D0-18
[15:51:56:616]50-49-01-C0-71-88-00-00-03-00-11-D1-17
[15:51:56:616][HID_TX_ack]00-0D-50-49-11-DA-72-88-00-00-03-00-20-00-00-50-49-01-C0-71-88-00-00-03-00-11-D1-17-32-00-00-00-00-00-00-00-00-00-00-00-00-00-00-00-00-00-00-00-00-00-00-00-00-00-00-00-00-00-00-00-00-00-00-00-00
[15:51:56:616]50-49-11-DA-72-88-00-00-03-00-20-00-00
[15:51:56:616][HID_TX_ack]00-0D-50-49-11-DB-B2-88-00-00-03-00-20-EA-00-50-49-01-C0-71-88-00-00-03-00-11-D1-17-32-00-00-00-00-00-00-00-00-00-00-00-00-00-00-00-00-00-00-00-00-00-00-00-00-00-00-00-00-00-00-00-00-00-00-00-00
[15:51:56:616]50-49-11-DB-B2-88-00-00-03-00-20-EA-00
[15:51:56:616][HID_TX_ack]00-1A-50-49-01-C0-BC-88-00-00-03-00-11-D2-18-50-49-01-C0-BD-88-00-00-03-00-11-D3-17-32-00-00-00-00-00-00-00-00-00-00-00-00-00-00-00-00-00-00-00-00-00-00-00-00-00-00-00-00-00-00-00-00-00-00-00-00
[15:51:56:616]50-49-01-C0-BC-88-00-00-03-00-11-D2-18
[15:51:56:616]50-49-01-C0-BD-88-00-00-03-00-11-D3-17
[15:51:56:616][HID_TX_ack]00-0D-50-49-11-DC-BE-88-00-00-03-00-20-00-00-50-49-01-C0-BD-88-00-00-03-00-11-D3-17-32-00-00-00-00-00-00-00-00-00-00-00-00-00-00-00-00-00-00-00-00-00-00-00-00-00-00-00-00-00-00-00-00-00-00-00-00
[15:51:56:616]50-49-11-DC-BE-88-00-00-03-00-20-00-00
[15:51:58:317][HID_TX]00-80-06-80-8D-50-41-0E-10-01-E0-00-00-00-00-00-00-00-00-00-00-00-00-00-00-00-00-00-00-00-00-00-00-00-00-00-00-00-00-00-00-00-00-00-00-00-00-00-00-00-00-00-00-00-00-00-00-00-00-00-00-00-00-00-00
[15:51:58:318]HidD_GetInputReport=True
[15:51:58:318]reply_report=00-4F-00-00-00-00-00-00-00-00-00-00-00-00-00-00-00-00-00-00-00-00-00-00-00-00-00-00-00-00-00-00-00-00-00-00-00-00-00-00-00-00-00-00-00-00-00-00-00-00-00-00-00-00-00-00-00-00-00-00-00-00-00-00-00
[15:51:58:318]50-41-0E-10-01-E0 [CMD_SENT][REMOTE_GET_MODE]
[15:51:58:321][HID_TX_ack]00-19-50-49-01-C0-87-9D-00-00-03-00-0E-90-00-50-49-0E-DD-00-00-00-00-02-00-E0-01-17-32-00-00-00-00-00-00-00-00-00-00-00-00-00-00-00-00-00-00-00-00-00-00-00-00-00-00-00-00-00-00-00-00-00-00-00-00
[15:51:58:321]50-49-01-C0-87-9D-00-00-03-00-0E-90-00
[15:51:58:321]50-49-0E-DD-00-00-00-00-02-00-E0-01-
[15:51:58:321]REMOTE_GET_MODE=01
[15:51:58:321][HID_TX]00-80-07-6C-3E-50-41-06-11-01-00-63-00-00-00-00-00-00-00-00-00-00-00-00-00-00-00-00-00-00-00-00-00-00-00-00-00-00-00-00-00-00-00-00-00-00-00-00-00-00-00-00-00-00-00-00-00-00-00-00-00-00-00-00-00
[15:51:58:322]HidD_GetInputReport=True
[15:51:58:322]reply_report=00-4F-00-00-00-00-00-00-00-00-00-00-00-00-00-00-00-00-00-00-00-00-00-00-00-00-00-00-00-00-00-00-00-00-00-00-00-00-00-00-00-00-00-00-00-00-00-00-00-00-00-00-00-00-00-00-00-00-00-00-00-00-00-00-00
[15:51:58:322]50-41-06-11-01-00-63 [CMD_SENT][CMD_GET_IO_LEVEL]
[15:51:58:354][HID_TX_ack]00-12-50-49-01-DE-0B-F7-0B-00-08-00-06-91-00-01-F7-FF-0F-00-00-00-00-02-00-E0-01-17-32-00-00-00-00-00-00-00-00-00-00-00-00-00-00-00-00-00-00-00-00-00-00-00-00-00-00-00-00-00-00-00-00-00-00-00-00
[15:51:58:354]50-49-01-DE-0B-F7-0B-00-08-00-06-91-00-01-F7-FF-0F-00
[15:52:20:790][HID_TX_ack]00-0D-50-49-11-DF-BC-E3-00-00-03-00-20-EA-00-01-F7-FF-0F-00-00-00-00-02-00-E0-01-17-32-00-00-00-00-00-00-00-00-00-00-00-00-00-00-00-00-00-00-00-00-00-00-00-00-00-00-00-00-00-00-00-00-00-00-00-00
[15:52:20:790]50-49-11-DF-BC-E3-00-00-03-00-20-EA-00
[15:52:20:803][HID_TX_ack]00-0D-50-49-01-C0-C4-E3-00-00-03-00-11-D4-16-01-F7-FF-0F-00-00-00-00-02-00-E0-01-17-32-00-00-00-00-00-00-00-00-00-00-00-00-00-00-00-00-00-00-00-00-00-00-00-00-00-00-00-00-00-00-00-00-00-00-00-00
[15:52:20:803]50-49-01-C0-C4-E3-00-00-03-00-11-D4-16
[15:52:20:803][HID_TX_ack]00-1A-50-49-01-C0-C7-E3-00-00-03-00-11-D5-18-50-49-01-C0-C7-E3-00-00-03-00-11-D6-17-32-00-00-00-00-00-00-00-00-00-00-00-00-00-00-00-00-00-00-00-00-00-00-00-00-00-00-00-00-00-00-00-00-00-00-00-00
[15:52:20:803]50-49-01-C0-C7-E3-00-00-03-00-11-D5-18
[15:52:20:803]50-49-01-C0-C7-E3-00-00-03-00-11-D6-17
[15:52:20:804][HID_TX_ack]00-0D-50-49-11-E0-C9-E3-00-00-03-00-20-00-00-50-49-01-C0-C7-E3-00-00-03-00-11-D6-17-32-00-00-00-00-00-00-00-00-00-00-00-00-00-00-00-00-00-00-00-00-00-00-00-00-00-00-00-00-00-00-00-00-00-00-00-00
[15:52:20:804]50-49-11-E0-C9-E3-00-00-03-00-20-00-00
[15:52:20:874][HID_TX_ack]00-0D-50-49-11-E1-00-E4-00-00-03-00-20-EA-00-50-49-01-C0-C7-E3-00-00-03-00-11-D6-17-32-00-00-00-00-00-00-00-00-00-00-00-00-00-00-00-00-00-00-00-00-00-00-00-00-00-00-00-00-00-00-00-00-00-00-00-00
[15:52:20:874]50-49-11-E1-00-E4-00-00-03-00-20-EA-00
[15:52:20:884][HID_TX_ack]00-1A-50-49-01-C0-09-E4-00-00-03-00-11-D7-18-50-49-01-C0-0A-E4-00-00-03-00-11-D8-17-32-00-00-00-00-00-00-00-00-00-00-00-00-00-00-00-00-00-00-00-00-00-00-00-00-00-00-00-00-00-00-00-00-00-00-00-00
[15:52:20:884]50-49-01-C0-09-E4-00-00-03-00-11-D7-18
[15:52:20:884]50-49-01-C0-0A-E4-00-00-03-00-11-D8-17
[15:52:20:887][HID_TX_ack]00-0D-50-49-11-E2-0B-E4-00-00-03-00-20-00-00-50-49-01-C0-0A-E4-00-00-03-00-11-D8-17-32-00-00-00-00-00-00-00-00-00-00-00-00-00-00-00-00-00-00-00-00-00-00-00-00-00-00-00-00-00-00-00-00-00-00-00-00
[15:52:20:887]50-49-11-E2-0B-E4-00-00-03-00-20-00-00
[15:52:20:988][HID_TX_ack]00-0D-50-49-11-E3-5A-E4-00-00-03-00-20-EA-00-50-49-01-C0-0A-E4-00-00-03-00-11-D8-17-32-00-00-00-00-00-00-00-00-00-00-00-00-00-00-00-00-00-00-00-00-00-00-00-00-00-00-00-00-00-00-00-00-00-00-00-00
[15:52:20:988]50-49-11-E3-5A-E4-00-00-03-00-20-EA-00
[15:52:20:998][HID_TX_ack]00-1A-50-49-01-C0-63-E4-00-00-03-00-11-D9-18-50-49-01-C0-64-E4-00-00-03-00-11-DA-17-32-00-00-00-00-00-00-00-00-00-00-00-00-00-00-00-00-00-00-00-00-00-00-00-00-00-00-00-00-00-00-00-00-00-00-00-00
[15:52:20:998]50-49-01-C0-63-E4-00-00-03-00-11-D9-18
[15:52:20:998]50-49-01-C0-64-E4-00-00-03-00-11-DA-17
[15:52:21:001][HID_TX_ack]00-0D-50-49-11-E4-65-E4-00-00-03-00-20-00-00-50-49-01-C0-64-E4-00-00-03-00-11-DA-17-32-00-00-00-00-00-00-00-00-00-00-00-00-00-00-00-00-00-00-00-00-00-00-00-00-00-00-00-00-00-00-00-00-00-00-00-00
[15:52:21:001]50-49-11-E4-65-E4-00-00-03-00-20-00-00
[15:52:21:110][HID_TX_ack]00-0D-50-49-11-E5-BC-E4-00-00-03-00-20-EA-00-50-49-01-C0-64-E4-00-00-03-00-11-DA-17-32-00-00-00-00-00-00-00-00-00-00-00-00-00-00-00-00-00-00-00-00-00-00-00-00-00-00-00-00-00-00-00-00-00-00-00-00
[15:52:21:110]50-49-11-E5-BC-E4-00-00-03-00-20-EA-00
[15:52:21:121][HID_TX_ack]00-1A-50-49-01-C0-C6-E4-00-00-03-00-11-DB-18-50-49-01-C0-C6-E4-00-00-03-00-11-DC-17-32-00-00-00-00-00-00-00-00-00-00-00-00-00-00-00-00-00-00-00-00-00-00-00-00-00-00-00-00-00-00-00-00-00-00-00-00
[15:52:21:121]50-49-01-C0-C6-E4-00-00-03-00-11-DB-18
[15:52:21:121]50-49-01-C0-C6-E4-00-00-03-00-11-DC-17
[15:52:21:123][HID_TX_ack]00-0D-50-49-11-E6-C8-E4-00-00-03-00-20-00-00-50-49-01-C0-C6-E4-00-00-03-00-11-DC-17-32-00-00-00-00-00-00-00-00-00-00-00-00-00-00-00-00-00-00-00-00-00-00-00-00-00-00-00-00-00-00-00-00-00-00-00-00
[15:52:21:123]50-49-11-E6-C8-E4-00-00-03-00-20-00-00
[15:52:21:215][HID_TX_ack]00-0D-50-49-11-E7-10-E5-00-00-03-00-20-EA-00-50-49-01-C0-C6-E4-00-00-03-00-11-DC-17-32-00-00-00-00-00-00-00-00-00-00-00-00-00-00-00-00-00-00-00-00-00-00-00-00-00-00-00-00-00-00-00-00-00-00-00-00
[15:52:21:215]50-49-11-E7-10-E5-00-00-03-00-20-EA-00
[15:52:21:228][HID_TX_ack]00-1A-50-49-01-C0-1B-E5-00-00-03-00-11-DD-18-50-49-01-C0-1C-E5-00-00-03-00-11-DE-17-32-00-00-00-00-00-00-00-00-00-00-00-00-00-00-00-00-00-00-00-00-00-00-00-00-00-00-00-00-00-00-00-00-00-00-00-00
[15:52:21:228]50-49-01-C0-1B-E5-00-00-03-00-11-DD-18
[15:52:21:228]50-49-01-C0-1C-E5-00-00-03-00-11-DE-17
[15:52:21:231][HID_TX_ack]00-0D-50-49-11-E8-1D-E5-00-00-03-00-20-00-00-50-49-01-C0-1C-E5-00-00-03-00-11-DE-17-32-00-00-00-00-00-00-00-00-00-00-00-00-00-00-00-00-00-00-00-00-00-00-00-00-00-00-00-00-00-00-00-00-00-00-00-00
[15:52:21:231]50-49-11-E8-1D-E5-00-00-03-00-20-00-00
[15:52:21:309][HID_TX_ack]00-0D-50-49-11-E9-5C-E5-00-00-03-00-20-EA-00-50-49-01-C0-1C-E5-00-00-03-00-11-DE-17-32-00-00-00-00-00-00-00-00-00-00-00-00-00-00-00-00-00-00-00-00-00-00-00-00-00-00-00-00-00-00-00-00-00-00-00-00
[15:52:21:309]50-49-11-E9-5C-E5-00-00-03-00-20-EA-00
[15:52:21:317][HID_TX_ack]00-1A-50-49-01-C0-62-E5-00-00-03-00-11-DF-18-50-49-01-C0-63-E5-00-00-03-00-11-E0-17-32-00-00-00-00-00-00-00-00-00-00-00-00-00-00-00-00-00-00-00-00-00-00-00-00-00-00-00-00-00-00-00-00-00-00-00-00
[15:52:21:317]50-49-01-C0-62-E5-00-00-03-00-11-DF-18
[15:52:21:317]50-49-01-C0-63-E5-00-00-03-00-11-E0-17
[15:52:21:320][HID_TX_ack]00-0D-50-49-11-EA-64-E5-00-00-03-00-20-00-00-50-49-01-C0-63-E5-00-00-03-00-11-E0-17-32-00-00-00-00-00-00-00-00-00-00-00-00-00-00-00-00-00-00-00-00-00-00-00-00-00-00-00-00-00-00-00-00-00-00-00-00
[15:52:21:320]50-49-11-EA-64-E5-00-00-03-00-20-00-00
[15:52:23:988][HID_TX_ack]00-0D-50-49-11-EB-B6-E5-00-00-03-00-20-EA-00-50-49-01-C0-63-E5-00-00-03-00-11-E0-17-32-00-00-00-00-00-00-00-00-00-00-00-00-00-00-00-00-00-00-00-00-00-00-00-00-00-00-00-00-00-00-00-00-00-00-00-00
[15:52:23:988]50-49-11-EB-B6-E5-00-00-03-00-20-EA-00
[15:52:23:988][HID_TX_ack]00-0D-50-49-01-C0-BD-E5-00-00-03-00-11-E1-18-50-49-01-C0-63-E5-00-00-03-00-11-E0-17-32-00-00-00-00-00-00-00-00-00-00-00-00-00-00-00-00-00-00-00-00-00-00-00-00-00-00-00-00-00-00-00-00-00-00-00-00
[15:52:23:988]50-49-01-C0-BD-E5-00-00-03-00-11-E1-18
[15:52:23:989][HID_TX_ack]00-0D-50-49-01-C0-C2-E5-00-00-03-00-11-E2-17-50-49-01-C0-63-E5-00-00-03-00-11-E0-17-32-00-00-00-00-00-00-00-00-00-00-00-00-00-00-00-00-00-00-00-00-00-00-00-00-00-00-00-00-00-00-00-00-00-00-00-00
[15:52:23:989]50-49-01-C0-C2-E5-00-00-03-00-11-E2-17
[15:52:23:990][HID_TX_ack]00-0D-50-49-11-EC-C3-E5-00-00-03-00-20-00-00-50-49-01-C0-63-E5-00-00-03-00-11-E0-17-32-00-00-00-00-00-00-00-00-00-00-00-00-00-00-00-00-00-00-00-00-00-00-00-00-00-00-00-00-00-00-00-00-00-00-00-00
[15:52:23:990]50-49-11-EC-C3-E5-00-00-03-00-20-00-00
[15:52:23:990][HID_TX_ack]00-0D-50-49-11-ED-0C-E6-00-00-03-00-20-EA-00-50-49-01-C0-63-E5-00-00-03-00-11-E0-17-32-00-00-00-00-00-00-00-00-00-00-00-00-00-00-00-00-00-00-00-00-00-00-00-00-00-00-00-00-00-00-00-00-00-00-00-00
[15:52:23:990]50-49-11-ED-0C-E6-00-00-03-00-20-EA-00
[15:52:23:991][HID_TX_ack]00-1A-50-49-01-C0-16-E6-00-00-03-00-11-E3-18-50-49-01-C0-17-E6-00-00-03-00-11-E4-17-32-00-00-00-00-00-00-00-00-00-00-00-00-00-00-00-00-00-00-00-00-00-00-00-00-00-00-00-00-00-00-00-00-00-00-00-00
[15:52:23:991]50-49-01-C0-16-E6-00-00-03-00-11-E3-18
[15:52:23:991]50-49-01-C0-17-E6-00-00-03-00-11-E4-17
[15:52:23:991][HID_TX_ack]00-0D-50-49-11-EE-19-E6-00-00-03-00-20-00-00-50-49-01-C0-17-E6-00-00-03-00-11-E4-17-32-00-00-00-00-00-00-00-00-00-00-00-00-00-00-00-00-00-00-00-00-00-00-00-00-00-00-00-00-00-00-00-00-00-00-00-00
[15:52:23:992]50-49-11-EE-19-E6-00-00-03-00-20-00-00
[15:52:23:993][HID_TX_ack]00-0D-50-49-11-EF-60-E6-00-00-03-00-20-EA-00-50-49-01-C0-17-E6-00-00-03-00-11-E4-17-32-00-00-00-00-00-00-00-00-00-00-00-00-00-00-00-00-00-00-00-00-00-00-00-00-00-00-00-00-00-00-00-00-00-00-00-00
[15:52:23:993]50-49-11-EF-60-E6-00-00-03-00-20-EA-00
[15:52:23:993][HID_TX_ack]00-1A-50-49-01-C0-6A-E6-00-00-03-00-11-E5-18-50-49-01-C0-6A-E6-00-00-03-00-11-E6-17-32-00-00-00-00-00-00-00-00-00-00-00-00-00-00-00-00-00-00-00-00-00-00-00-00-00-00-00-00-00-00-00-00-00-00-00-00
[15:52:23:994]50-49-01-C0-6A-E6-00-00-03-00-11-E5-18
[15:52:23:994]50-49-01-C0-6A-E6-00-00-03-00-11-E6-17
[15:52:23:994][HID_TX_ack]00-0D-50-49-11-F0-6C-E6-00-00-03-00-20-00-00-50-49-01-C0-6A-E6-00-00-03-00-11-E6-17-32-00-00-00-00-00-00-00-00-00-00-00-00-00-00-00-00-00-00-00-00-00-00-00-00-00-00-00-00-00-00-00-00-00-00-00-00
[15:52:23:994]50-49-11-F0-6C-E6-00-00-03-00-20-00-00
[15:52:23:997][HID_TX]00-80-06-6B-A2-50-41-0E-12-01-E0-00-00-00-00-00-00-00-00-00-00-00-00-00-00-00-00-00-00-00-00-00-00-00-00-00-00-00-00-00-00-00-00-00-00-00-00-00-00-00-00-00-00-00-00-00-00-00-00-00-00-00-00-00-00
[15:52:23:997]HidD_GetInputReport=True
[15:52:23:997]reply_report=00-4F-00-00-00-00-00-00-00-00-00-00-00-00-00-00-00-00-00-00-00-00-00-00-00-00-00-00-00-00-00-00-00-00-00-00-00-00-00-00-00-00-00-00-00-00-00-00-00-00-00-00-00-00-00-00-00-00-00-00-00-00-00-00-00
[15:52:23:997]50-41-0E-12-01-E0 [CMD_SENT][REMOTE_GET_MODE]
[15:52:24:000][HID_TX_ack]00-19-50-49-01-C0-C6-ED-00-00-03-00-0E-92-00-50-49-0E-F1-00-00-00-00-02-00-E0-01-17-32-00-00-00-00-00-00-00-00-00-00-00-00-00-00-00-00-00-00-00-00-00-00-00-00-00-00-00-00-00-00-00-00-00-00-00-00
[15:52:24:000]REMOTE_GET_MODE=01
[15:52:24:000]50-49-01-C0-C6-ED-00-00-03-00-0E-92-00
[15:52:24:000]50-49-0E-F1-00-00-00-00-02-00-E0-01-
[15:52:24:000][HID_TX]00-80-07-87-11-50-41-06-13-01-00-63-00-00-00-00-00-00-00-00-00-00-00-00-00-00-00-00-00-00-00-00-00-00-00-00-00-00-00-00-00-00-00-00-00-00-00-00-00-00-00-00-00-00-00-00-00-00-00-00-00-00-00-00-00
[15:52:24:002]HidD_GetInputReport=True
[15:52:24:002]reply_report=00-4F-00-00-00-00-00-00-00-00-00-00-00-00-00-00-00-00-00-00-00-00-00-00-00-00-00-00-00-00-00-00-00-00-00-00-00-00-00-00-00-00-00-00-00-00-00-00-00-00-00-00-00-00-00-00-00-00-00-00-00-00-00-00-00
[15:52:24:002]50-41-06-13-01-00-63 [CMD_SENT][CMD_GET_IO_LEVEL]
[15:52:24:030][HID_TX_ack]00-12-50-49-01-F2-4C-47-0C-00-08-00-06-93-00-01-FF-FF-0E-00-00-00-00-02-00-E0-01-17-32-00-00-00-00-00-00-00-00-00-00-00-00-00-00-00-00-00-00-00-00-00-00-00-00-00-00-00-00-00-00-00-00-00-00-00-00
[15:52:24:030]50-49-01-F2-4C-47-0C-00-08-00-06-93-00-01-FF-FF-0E-00
[15:52:31:042][HID_TX_ack]00-0D-50-49-11-F3-BC-01-01-00-03-00-20-E9-00-01-FF-FF-0E-00-00-00-00-02-00-E0-01-17-32-00-00-00-00-00-00-00-00-00-00-00-00-00-00-00-00-00-00-00-00-00-00-00-00-00-00-00-00-00-00-00-00-00-00-00-00
[15:52:31:042]50-49-11-F3-BC-01-01-00-03-00-20-E9-00
[15:52:31:042][HID_TX_ack]00-1A-50-49-01-C0-C3-01-01-00-03-00-11-E7-18-50-49-01-C0-C4-01-01-00-03-00-11-E8-17-32-00-00-00-00-00-00-00-00-00-00-00-00-00-00-00-00-00-00-00-00-00-00-00-00-00-00-00-00-00-00-00-00-00-00-00-00
[15:52:31:042]50-49-01-C0-C3-01-01-00-03-00-11-E7-18
[15:52:31:042]50-49-01-C0-C4-01-01-00-03-00-11-E8-17
[15:52:31:042][HID_TX_ack]00-0D-50-49-11-F4-C5-01-01-00-03-00-20-00-00-50-49-01-C0-C4-01-01-00-03-00-11-E8-17-32-00-00-00-00-00-00-00-00-00-00-00-00-00-00-00-00-00-00-00-00-00-00-00-00-00-00-00-00-00-00-00-00-00-00-00-00
[15:52:31:042]50-49-11-F4-C5-01-01-00-03-00-20-00-00
[15:52:31:042][HID_TX_ack]00-0D-50-49-11-F5-06-02-01-00-03-00-20-E9-00-50-49-01-C0-C4-01-01-00-03-00-11-E8-17-32-00-00-00-00-00-00-00-00-00-00-00-00-00-00-00-00-00-00-00-00-00-00-00-00-00-00-00-00-00-00-00-00-00-00-00-00
[15:52:31:042]50-49-11-F5-06-02-01-00-03-00-20-E9-00
[15:52:31:042][HID_TX_ack]00-1A-50-49-01-C0-11-02-01-00-03-00-11-E9-18-50-49-01-C0-12-02-01-00-03-00-11-EA-17-32-00-00-00-00-00-00-00-00-00-00-00-00-00-00-00-00-00-00-00-00-00-00-00-00-00-00-00-00-00-00-00-00-00-00-00-00
[15:52:31:042]50-49-01-C0-11-02-01-00-03-00-11-E9-18
[15:52:31:042]50-49-01-C0-12-02-01-00-03-00-11-EA-17
[15:52:31:042][HID_TX_ack]00-0D-50-49-11-F6-13-02-01-00-03-00-20-00-00-50-49-01-C0-12-02-01-00-03-00-11-EA-17-32-00-00-00-00-00-00-00-00-00-00-00-00-00-00-00-00-00-00-00-00-00-00-00-00-00-00-00-00-00-00-00-00-00-00-00-00
[15:52:31:042]50-49-11-F6-13-02-01-00-03-00-20-00-00
[15:52:31:042][HID_TX_ack]00-0D-50-49-11-F7-60-02-01-00-03-00-20-E9-00-50-49-01-C0-12-02-01-00-03-00-11-EA-17-32-00-00-00-00-00-00-00-00-00-00-00-00-00-00-00-00-00-00-00-00-00-00-00-00-00-00-00-00-00-00-00-00-00-00-00-00
[15:52:31:042]50-49-11-F7-60-02-01-00-03-00-20-E9-00
[15:52:31:042][HID_TX_ack]00-1A-50-49-01-C0-68-02-01-00-03-00-11-EB-18-50-49-01-C0-69-02-01-00-03-00-11-EC-17-32-00-00-00-00-00-00-00-00-00-00-00-00-00-00-00-00-00-00-00-00-00-00-00-00-00-00-00-00-00-00-00-00-00-00-00-00
[15:52:31:042]50-49-01-C0-68-02-01-00-03-00-11-EB-18
[15:52:31:042]50-49-01-C0-69-02-01-00-03-00-11-EC-17
[15:52:31:042][HID_TX_ack]00-0D-50-49-11-F8-6A-02-01-00-03-00-20-00-00-50-49-01-C0-69-02-01-00-03-00-11-EC-17-32-00-00-00-00-00-00-00-00-00-00-00-00-00-00-00-00-00-00-00-00-00-00-00-00-00-00-00-00-00-00-00-00-00-00-00-00
[15:52:31:043]50-49-11-F8-6A-02-01-00-03-00-20-00-00
[15:52:31:043][HID_TX_ack]00-0D-50-49-11-F9-B0-02-01-00-03-00-20-E9-00-50-49-01-C0-69-02-01-00-03-00-11-EC-17-32-00-00-00-00-00-00-00-00-00-00-00-00-00-00-00-00-00-00-00-00-00-00-00-00-00-00-00-00-00-00-00-00-00-00-00-00
[15:52:31:043]50-49-11-F9-B0-02-01-00-03-00-20-E9-00
[15:52:31:043][HID_TX_ack]00-1A-50-49-01-C0-B7-02-01-00-03-00-11-ED-18-50-49-01-C0-B8-02-01-00-03-00-11-EE-17-32-00-00-00-00-00-00-00-00-00-00-00-00-00-00-00-00-00-00-00-00-00-00-00-00-00-00-00-00-00-00-00-00-00-00-00-00
[15:52:31:043]50-49-01-C0-B7-02-01-00-03-00-11-ED-18
[15:52:31:043]50-49-01-C0-B8-02-01-00-03-00-11-EE-17
[15:52:31:043][HID_TX_ack]00-0D-50-49-11-FA-B9-02-01-00-03-00-20-00-00-50-49-01-C0-B8-02-01-00-03-00-11-EE-17-32-00-00-00-00-00-00-00-00-00-00-00-00-00-00-00-00-00-00-00-00-00-00-00-00-00-00-00-00-00-00-00-00-00-00-00-00
[15:52:31:043]50-49-11-FA-B9-02-01-00-03-00-20-00-00
[15:52:31:043][HID_TX_ack]00-0D-50-49-11-FB-08-03-01-00-03-00-20-E9-00-50-49-01-C0-B8-02-01-00-03-00-11-EE-17-32-00-00-00-00-00-00-00-00-00-00-00-00-00-00-00-00-00-00-00-00-00-00-00-00-00-00-00-00-00-00-00-00-00-00-00-00
[15:52:31:043]50-49-11-FB-08-03-01-00-03-00-20-E9-00
[15:52:31:043][HID_TX_ack]00-1A-50-49-01-C0-10-03-01-00-03-00-11-EF-18-50-49-01-C0-11-03-01-00-03-00-11-F0-17-32-00-00-00-00-00-00-00-00-00-00-00-00-00-00-00-00-00-00-00-00-00-00-00-00-00-00-00-00-00-00-00-00-00-00-00-00
[15:52:31:043]50-49-01-C0-10-03-01-00-03-00-11-EF-18
[15:52:31:043]50-49-01-C0-11-03-01-00-03-00-11-F0-17
[15:52:31:043][HID_TX_ack]00-0D-50-49-11-FC-12-03-01-00-03-00-20-00-00-50-49-01-C0-11-03-01-00-03-00-11-F0-17-32-00-00-00-00-00-00-00-00-00-00-00-00-00-00-00-00-00-00-00-00-00-00-00-00-00-00-00-00-00-00-00-00-00-00-00-00
[15:52:31:043]50-49-11-FC-12-03-01-00-03-00-20-00-00
[15:52:31:043][HID_TX_ack]00-0D-50-49-11-FD-5C-03-01-00-03-00-20-E9-00-50-49-01-C0-11-03-01-00-03-00-11-F0-17-32-00-00-00-00-00-00-00-00-00-00-00-00-00-00-00-00-00-00-00-00-00-00-00-00-00-00-00-00-00-00-00-00-00-00-00-00
[15:52:31:043]50-49-11-FD-5C-03-01-00-03-00-20-E9-00
[15:52:31:043][HID_TX_ack]00-1A-50-49-01-C0-63-03-01-00-03-00-11-F1-18-50-49-01-C0-64-03-01-00-03-00-11-F2-17-32-00-00-00-00-00-00-00-00-00-00-00-00-00-00-00-00-00-00-00-00-00-00-00-00-00-00-00-00-00-00-00-00-00-00-00-00
[15:52:31:043]50-49-01-C0-63-03-01-00-03-00-11-F1-18
[15:52:31:043]50-49-01-C0-64-03-01-00-03-00-11-F2-17
[15:52:31:043][HID_TX_ack]00-0D-50-49-11-FE-66-03-01-00-03-00-20-00-00-50-49-01-C0-64-03-01-00-03-00-11-F2-17-32-00-00-00-00-00-00-00-00-00-00-00-00-00-00-00-00-00-00-00-00-00-00-00-00-00-00-00-00-00-00-00-00-00-00-00-00
[15:52:31:043]50-49-11-FE-66-03-01-00-03-00-20-00-00
[15:52:31:043][HID_TX_ack]00-0D-50-49-11-FF-BE-03-01-00-03-00-20-E9-00-50-49-01-C0-64-03-01-00-03-00-11-F2-17-32-00-00-00-00-00-00-00-00-00-00-00-00-00-00-00-00-00-00-00-00-00-00-00-00-00-00-00-00-00-00-00-00-00-00-00-00
[15:52:31:044]50-49-11-FF-BE-03-01-00-03-00-20-E9-00
[15:52:31:044][HID_TX_ack]00-1A-50-49-01-C0-C8-03-01-00-03-00-11-F3-18-50-49-01-C0-C9-03-01-00-03-00-11-F4-17-32-00-00-00-00-00-00-00-00-00-00-00-00-00-00-00-00-00-00-00-00-00-00-00-00-00-00-00-00-00-00-00-00-00-00-00-00
[15:52:31:044]50-49-01-C0-C8-03-01-00-03-00-11-F3-18
[15:52:31:044]50-49-01-C0-C9-03-01-00-03-00-11-F4-17
[15:52:31:047][HID_TX_ack]00-0D-50-49-11-C0-CA-03-01-00-03-00-20-00-00-50-49-01-C0-C9-03-01-00-03-00-11-F4-17-32-00-00-00-00-00-00-00-00-00-00-00-00-00-00-00-00-00-00-00-00-00-00-00-00-00-00-00-00-00-00-00-00-00-00-00-00
[15:52:31:047]50-49-11-C0-CA-03-01-00-03-00-20-00-00
[15:52:31:138][HID_TX_ack]00-0D-50-49-11-C1-12-04-01-00-03-00-20-E9-00-50-49-01-C0-C9-03-01-00-03-00-11-F4-17-32-00-00-00-00-00-00-00-00-00-00-00-00-00-00-00-00-00-00-00-00-00-00-00-00-00-00-00-00-00-00-00-00-00-00-00-00
[15:52:31:138]50-49-11-C1-12-04-01-00-03-00-20-E9-00
[15:52:31:151][HID_TX_ack]00-1A-50-49-01-C0-1C-04-01-00-03-00-11-F5-18-50-49-01-C0-1D-04-01-00-03-00-11-F6-17-32-00-00-00-00-00-00-00-00-00-00-00-00-00-00-00-00-00-00-00-00-00-00-00-00-00-00-00-00-00-00-00-00-00-00-00-00
[15:52:31:151]50-49-01-C0-1C-04-01-00-03-00-11-F5-18
[15:52:31:151]50-49-01-C0-1D-04-01-00-03-00-11-F6-17
[15:52:31:152][HID_TX_ack]00-0D-50-49-11-C2-1E-04-01-00-03-00-20-00-00-50-49-01-C0-1D-04-01-00-03-00-11-F6-17-32-00-00-00-00-00-00-00-00-00-00-00-00-00-00-00-00-00-00-00-00-00-00-00-00-00-00-00-00-00-00-00-00-00-00-00-00
[15:52:31:152]50-49-11-C2-1E-04-01-00-03-00-20-00-00
[15:52:31:243][HID_TX_ack]00-0D-50-49-11-C3-66-04-01-00-03-00-20-E9-00-50-49-01-C0-1D-04-01-00-03-00-11-F6-17-32-00-00-00-00-00-00-00-00-00-00-00-00-00-00-00-00-00-00-00-00-00-00-00-00-00-00-00-00-00-00-00-00-00-00-00-00
[15:52:31:243]50-49-11-C3-66-04-01-00-03-00-20-E9-00
[15:52:31:254][HID_TX_ack]00-1A-50-49-01-C0-70-04-01-00-03-00-11-F7-18-50-49-01-C0-71-04-01-00-03-00-11-F8-17-32-00-00-00-00-00-00-00-00-00-00-00-00-00-00-00-00-00-00-00-00-00-00-00-00-00-00-00-00-00-00-00-00-00-00-00-00
[15:52:31:254]50-49-01-C0-70-04-01-00-03-00-11-F7-18
[15:52:31:254]50-49-01-C0-71-04-01-00-03-00-11-F8-17
[15:52:31:257][HID_TX_ack]00-0D-50-49-11-C4-72-04-01-00-03-00-20-00-00-50-49-01-C0-71-04-01-00-03-00-11-F8-17-32-00-00-00-00-00-00-00-00-00-00-00-00-00-00-00-00-00-00-00-00-00-00-00-00-00-00-00-00-00-00-00-00-00-00-00-00
[15:52:31:257]50-49-11-C4-72-04-01-00-03-00-20-00-00
[15:52:31:356][HID_TX_ack]00-0D-50-49-11-C5-C2-04-01-00-03-00-20-E9-00-50-49-01-C0-71-04-01-00-03-00-11-F8-17-32-00-00-00-00-00-00-00-00-00-00-00-00-00-00-00-00-00-00-00-00-00-00-00-00-00-00-00-00-00-00-00-00-00-00-00-00
[15:52:31:357]50-49-11-C5-C2-04-01-00-03-00-20-E9-00
[15:52:31:366][HID_TX_ack]00-1A-50-49-01-C0-CA-04-01-00-03-00-11-F9-18-50-49-01-C0-CA-04-01-00-03-00-11-FA-17-32-00-00-00-00-00-00-00-00-00-00-00-00-00-00-00-00-00-00-00-00-00-00-00-00-00-00-00-00-00-00-00-00-00-00-00-00
[15:52:31:366]50-49-01-C0-CA-04-01-00-03-00-11-F9-18
[15:52:31:366]50-49-01-C0-CA-04-01-00-03-00-11-FA-17
[15:52:31:369][HID_TX_ack]00-0D-50-49-11-C6-CC-04-01-00-03-00-20-00-00-50-49-01-C0-CA-04-01-00-03-00-11-FA-17-32-00-00-00-00-00-00-00-00-00-00-00-00-00-00-00-00-00-00-00-00-00-00-00-00-00-00-00-00-00-00-00-00-00-00-00-00
[15:52:31:369]50-49-11-C6-CC-04-01-00-03-00-20-00-00
[15:52:31:446][HID_TX_ack]00-0D-50-49-11-C7-0A-05-01-00-03-00-20-E9-00-50-49-01-C0-CA-04-01-00-03-00-11-FA-17-32-00-00-00-00-00-00-00-00-00-00-00-00-00-00-00-00-00-00-00-00-00-00-00-00-00-00-00-00-00-00-00-00-00-00-00-00
[15:52:31:446]50-49-11-C7-0A-05-01-00-03-00-20-E9-00
[15:52:31:453][HID_TX_ack]00-0D-50-49-01-C0-10-05-01-00-03-00-11-FB-18-50-49-01-C0-CA-04-01-00-03-00-11-FA-17-32-00-00-00-00-00-00-00-00-00-00-00-00-00-00-00-00-00-00-00-00-00-00-00-00-00-00-00-00-00-00-00-00-00-00-00-00
[15:52:31:453]50-49-01-C0-10-05-01-00-03-00-11-FB-18
[15:52:31:459][HID_TX_ack]00-0D-50-49-01-C0-15-05-01-00-03-00-11-FC-17-50-49-01-C0-CA-04-01-00-03-00-11-FA-17-32-00-00-00-00-00-00-00-00-00-00-00-00-00-00-00-00-00-00-00-00-00-00-00-00-00-00-00-00-00-00-00-00-00-00-00-00
[15:52:31:459]50-49-01-C0-15-05-01-00-03-00-11-FC-17
[15:52:31:461][HID_TX_ack]00-0D-50-49-11-C8-16-05-01-00-03-00-20-00-00-50-49-01-C0-CA-04-01-00-03-00-11-FA-17-32-00-00-00-00-00-00-00-00-00-00-00-00-00-00-00-00-00-00-00-00-00-00-00-00-00-00-00-00-00-00-00-00-00-00-00-00
[15:52:31:461]50-49-11-C8-16-05-01-00-03-00-20-00-00
[15:52:31:557][HID_TX_ack]00-0D-50-49-11-C9-62-05-01-00-03-00-20-E9-00-50-49-01-C0-CA-04-01-00-03-00-11-FA-17-32-00-00-00-00-00-00-00-00-00-00-00-00-00-00-00-00-00-00-00-00-00-00-00-00-00-00-00-00-00-00-00-00-00-00-00-00
[15:52:31:557]50-49-11-C9-62-05-01-00-03-00-20-E9-00
[15:52:31:563][HID_TX_ack]00-0D-50-49-01-C0-69-05-01-00-03-00-11-FD-18-50-49-01-C0-CA-04-01-00-03-00-11-FA-17-32-00-00-00-00-00-00-00-00-00-00-00-00-00-00-00-00-00-00-00-00-00-00-00-00-00-00-00-00-00-00-00-00-00-00-00-00
[15:52:31:563]50-49-01-C0-69-05-01-00-03-00-11-FD-18
[15:52:31:569][HID_TX_ack]00-0D-50-49-01-C0-6E-05-01-00-03-00-11-FE-17-50-49-01-C0-CA-04-01-00-03-00-11-FA-17-32-00-00-00-00-00-00-00-00-00-00-00-00-00-00-00-00-00-00-00-00-00-00-00-00-00-00-00-00-00-00-00-00-00-00-00-00
[15:52:31:569]50-49-01-C0-6E-05-01-00-03-00-11-FE-17
[15:52:31:571][HID_TX_ack]00-0D-50-49-11-CA-6F-05-01-00-03-00-20-00-00-50-49-01-C0-CA-04-01-00-03-00-11-FA-17-32-00-00-00-00-00-00-00-00-00-00-00-00-00-00-00-00-00-00-00-00-00-00-00-00-00-00-00-00-00-00-00-00-00-00-00-00
[15:52:31:571]50-49-11-CA-6F-05-01-00-03-00-20-00-00
[15:52:31:671][HID_TX_ack]00-0D-50-49-11-CB-BE-05-01-00-03-00-20-E9-00-50-49-01-C0-CA-04-01-00-03-00-11-FA-17-32-00-00-00-00-00-00-00-00-00-00-00-00-00-00-00-00-00-00-00-00-00-00-00-00-00-00-00-00-00-00-00-00-00-00-00-00
[15:52:31:671]50-49-11-CB-BE-05-01-00-03-00-20-E9-00
[15:52:31:686][HID_TX_ack]00-1A-50-49-01-C0-CA-05-01-00-03-00-11-FF-18-50-49-01-C0-CA-05-01-00-03-00-11-80-17-32-00-00-00-00-00-00-00-00-00-00-00-00-00-00-00-00-00-00-00-00-00-00-00-00-00-00-00-00-00-00-00-00-00-00-00-00
[15:52:31:686]50-49-01-C0-CA-05-01-00-03-00-11-FF-18
[15:52:31:686]50-49-01-C0-CA-05-01-00-03-00-11-80-17
[15:52:31:689][HID_TX_ack]00-0D-50-49-11-CC-CC-05-01-00-03-00-20-00-00-50-49-01-C0-CA-05-01-00-03-00-11-80-17-32-00-00-00-00-00-00-00-00-00-00-00-00-00-00-00-00-00-00-00-00-00-00-00-00-00-00-00-00-00-00-00-00-00-00-00-00
[15:52:31:689]50-49-11-CC-CC-05-01-00-03-00-20-00-00
[15:52:31:761][HID_TX_ack]00-0D-50-49-11-CD-06-06-01-00-03-00-20-E9-00-50-49-01-C0-CA-05-01-00-03-00-11-80-17-32-00-00-00-00-00-00-00-00-00-00-00-00-00-00-00-00-00-00-00-00-00-00-00-00-00-00-00-00-00-00-00-00-00-00-00-00
[15:52:31:761]50-49-11-CD-06-06-01-00-03-00-20-E9-00
[15:52:31:772][HID_TX_ack]00-1A-50-49-01-C0-0E-06-01-00-03-00-11-81-18-50-49-01-C0-0F-06-01-00-03-00-11-82-17-32-00-00-00-00-00-00-00-00-00-00-00-00-00-00-00-00-00-00-00-00-00-00-00-00-00-00-00-00-00-00-00-00-00-00-00-00
[15:52:31:772]50-49-01-C0-0E-06-01-00-03-00-11-81-18
[15:52:31:772]50-49-01-C0-0F-06-01-00-03-00-11-82-17
[15:52:31:774][HID_TX_ack]00-0D-50-49-11-CE-11-06-01-00-03-00-20-00-00-50-49-01-C0-0F-06-01-00-03-00-11-82-17-32-00-00-00-00-00-00-00-00-00-00-00-00-00-00-00-00-00-00-00-00-00-00-00-00-00-00-00-00-00-00-00-00-00-00-00-00
[15:52:31:774]50-49-11-CE-11-06-01-00-03-00-20-00-00
[15:52:31:873][HID_TX_ack]00-0D-50-49-11-CF-5E-06-01-00-03-00-20-E9-00-50-49-01-C0-0F-06-01-00-03-00-11-82-17-32-00-00-00-00-00-00-00-00-00-00-00-00-00-00-00-00-00-00-00-00-00-00-00-00-00-00-00-00-00-00-00-00-00-00-00-00
[15:52:31:873]50-49-11-CF-5E-06-01-00-03-00-20-E9-00
[15:52:31:886][HID_TX_ack]00-1A-50-49-01-C0-6A-06-01-00-03-00-11-83-18-50-49-01-C0-6A-06-01-00-03-00-11-84-17-32-00-00-00-00-00-00-00-00-00-00-00-00-00-00-00-00-00-00-00-00-00-00-00-00-00-00-00-00-00-00-00-00-00-00-00-00
[15:52:31:886]50-49-01-C0-6A-06-01-00-03-00-11-83-18
[15:52:31:886]50-49-01-C0-6A-06-01-00-03-00-11-84-17
[15:52:31:889][HID_TX_ack]00-0D-50-49-11-D0-6C-06-01-00-03-00-20-00-00-50-49-01-C0-6A-06-01-00-03-00-11-84-17-32-00-00-00-00-00-00-00-00-00-00-00-00-00-00-00-00-00-00-00-00-00-00-00-00-00-00-00-00-00-00-00-00-00-00-00-00
[15:52:31:889]50-49-11-D0-6C-06-01-00-03-00-20-00-00
[15:52:31:992][HID_TX_ack]00-0D-50-49-11-D1-BE-06-01-00-03-00-20-E9-00-50-49-01-C0-6A-06-01-00-03-00-11-84-17-32-00-00-00-00-00-00-00-00-00-00-00-00-00-00-00-00-00-00-00-00-00-00-00-00-00-00-00-00-00-00-00-00-00-00-00-00
[15:52:31:992]50-49-11-D1-BE-06-01-00-03-00-20-E9-00
[15:52:32:007][HID_TX_ack]00-1A-50-49-01-C0-CA-06-01-00-03-00-11-85-18-50-49-01-C0-CB-06-01-00-03-00-11-86-17-32-00-00-00-00-00-00-00-00-00-00-00-00-00-00-00-00-00-00-00-00-00-00-00-00-00-00-00-00-00-00-00-00-00-00-00-00
[15:52:32:007]50-49-01-C0-CA-06-01-00-03-00-11-85-18
[15:52:32:007]50-49-01-C0-CB-06-01-00-03-00-11-86-17
[15:52:32:010][HID_TX_ack]00-0D-50-49-11-D2-CD-06-01-00-03-00-20-00-00-50-49-01-C0-CB-06-01-00-03-00-11-86-17-32-00-00-00-00-00-00-00-00-00-00-00-00-00-00-00-00-00-00-00-00-00-00-00-00-00-00-00-00-00-00-00-00-00-00-00-00
[15:52:32:010]50-49-11-D2-CD-06-01-00-03-00-20-00-00
[15:52:32:100][HID_TX_ack]00-0D-50-49-11-D3-14-07-01-00-03-00-20-E9-00-50-49-01-C0-CB-06-01-00-03-00-11-86-17-32-00-00-00-00-00-00-00-00-00-00-00-00-00-00-00-00-00-00-00-00-00-00-00-00-00-00-00-00-00-00-00-00-00-00-00-00
[15:52:32:100]50-49-11-D3-14-07-01-00-03-00-20-E9-00
[15:52:32:108][HID_TX_ack]00-1A-50-49-01-C0-1C-07-01-00-03-00-11-87-18-50-49-01-C0-1D-07-01-00-03-00-11-88-17-32-00-00-00-00-00-00-00-00-00-00-00-00-00-00-00-00-00-00-00-00-00-00-00-00-00-00-00-00-00-00-00-00-00-00-00-00
[15:52:32:108]50-49-01-C0-1C-07-01-00-03-00-11-87-18
[15:52:32:108]50-49-01-C0-1D-07-01-00-03-00-11-88-17
[15:52:32:111][HID_TX_ack]00-0D-50-49-11-D4-1E-07-01-00-03-00-20-00-00-50-49-01-C0-1D-07-01-00-03-00-11-88-17-32-00-00-00-00-00-00-00-00-00-00-00-00-00-00-00-00-00-00-00-00-00-00-00-00-00-00-00-00-00-00-00-00-00-00-00-00
[15:52:32:111]50-49-11-D4-1E-07-01-00-03-00-20-00-00
[15:52:32:205][HID_TX_ack]00-0D-50-49-11-D5-68-07-01-00-03-00-20-E9-00-50-49-01-C0-1D-07-01-00-03-00-11-88-17-32-00-00-00-00-00-00-00-00-00-00-00-00-00-00-00-00-00-00-00-00-00-00-00-00-00-00-00-00-00-00-00-00-00-00-00-00
[15:52:32:205]50-49-11-D5-68-07-01-00-03-00-20-E9-00
[15:52:32:212][HID_TX_ack]00-1A-50-49-01-C0-6F-07-01-00-03-00-11-89-18-50-49-01-C0-70-07-01-00-03-00-11-8A-17-32-00-00-00-00-00-00-00-00-00-00-00-00-00-00-00-00-00-00-00-00-00-00-00-00-00-00-00-00-00-00-00-00-00-00-00-00
[15:52:32:212]50-49-01-C0-6F-07-01-00-03-00-11-89-18
[15:52:32:212]50-49-01-C0-70-07-01-00-03-00-11-8A-17
[15:52:32:214][HID_TX_ack]00-0D-50-49-11-D6-71-07-01-00-03-00-20-00-00-50-49-01-C0-70-07-01-00-03-00-11-8A-17-32-00-00-00-00-00-00-00-00-00-00-00-00-00-00-00-00-00-00-00-00-00-00-00-00-00-00-00-00-00-00-00-00-00-00-00-00
[15:52:32:215]50-49-11-D6-71-07-01-00-03-00-20-00-00
[15:52:32:853][HID_TX_ack]00-0D-50-49-11-D7-B6-07-01-00-03-00-20-E9-00-50-49-01-C0-70-07-01-00-03-00-11-8A-17-32-00-00-00-00-00-00-00-00-00-00-00-00-00-00-00-00-00-00-00-00-00-00-00-00-00-00-00-00-00-00-00-00-00-00-00-00
[15:52:32:853]50-49-11-D7-B6-07-01-00-03-00-20-E9-00
[15:52:32:854][HID_TX_ack]00-0D-50-49-01-C0-BC-07-01-00-03-00-11-8B-18-50-49-01-C0-70-07-01-00-03-00-11-8A-17-32-00-00-00-00-00-00-00-00-00-00-00-00-00-00-00-00-00-00-00-00-00-00-00-00-00-00-00-00-00-00-00-00-00-00-00-00
[15:52:32:854]50-49-01-C0-BC-07-01-00-03-00-11-8B-18
[15:52:32:854][HID_TX_ack]00-1A-50-49-01-C0-BE-07-01-00-03-00-11-8C-17-50-49-11-D8-BF-07-01-00-03-00-20-00-00-32-00-00-00-00-00-00-00-00-00-00-00-00-00-00-00-00-00-00-00-00-00-00-00-00-00-00-00-00-00-00-00-00-00-00-00-00
[15:52:32:854]50-49-01-C0-BE-07-01-00-03-00-11-8C-17
[15:52:32:854]50-49-11-D8-BF-07-01-00-03-00-20-00-00
[15:52:32:855][HID_TX_ack]00-0D-50-49-11-D9-11-08-01-00-03-00-20-E9-00-50-49-11-D8-BF-07-01-00-03-00-20-00-00-32-00-00-00-00-00-00-00-00-00-00-00-00-00-00-00-00-00-00-00-00-00-00-00-00-00-00-00-00-00-00-00-00-00-00-00-00
[15:52:32:855]50-49-11-D9-11-08-01-00-03-00-20-E9-00
[15:52:32:855][HID_TX_ack]00-1A-50-49-01-C0-1C-08-01-00-03-00-11-8D-18-50-49-01-C0-1D-08-01-00-03-00-11-8E-17-32-00-00-00-00-00-00-00-00-00-00-00-00-00-00-00-00-00-00-00-00-00-00-00-00-00-00-00-00-00-00-00-00-00-00-00-00
[15:52:32:855]50-49-01-C0-1C-08-01-00-03-00-11-8D-18
[15:52:32:855]50-49-01-C0-1D-08-01-00-03-00-11-8E-17
[15:52:32:855][HID_TX_ack]00-0D-50-49-11-DA-1E-08-01-00-03-00-20-00-00-50-49-01-C0-1D-08-01-00-03-00-11-8E-17-32-00-00-00-00-00-00-00-00-00-00-00-00-00-00-00-00-00-00-00-00-00-00-00-00-00-00-00-00-00-00-00-00-00-00-00-00
[15:52:32:856]50-49-11-DA-1E-08-01-00-03-00-20-00-00
[15:52:32:856][HID_TX_ack]00-0D-50-49-11-DB-5C-08-01-00-03-00-20-E9-00-50-49-01-C0-1D-08-01-00-03-00-11-8E-17-32-00-00-00-00-00-00-00-00-00-00-00-00-00-00-00-00-00-00-00-00-00-00-00-00-00-00-00-00-00-00-00-00-00-00-00-00
[15:52:32:856]50-49-11-DB-5C-08-01-00-03-00-20-E9-00
[15:52:32:856][HID_TX_ack]00-1A-50-49-01-C0-63-08-01-00-03-00-11-8F-18-50-49-01-C0-64-08-01-00-03-00-11-90-17-32-00-00-00-00-00-00-00-00-00-00-00-00-00-00-00-00-00-00-00-00-00-00-00-00-00-00-00-00-00-00-00-00-00-00-00-00
[15:52:32:856]50-49-01-C0-63-08-01-00-03-00-11-8F-18
[15:52:32:856]50-49-01-C0-64-08-01-00-03-00-11-90-17
[15:52:32:856][HID_TX_ack]00-0D-50-49-11-DC-66-08-01-00-03-00-20-00-00-50-49-01-C0-64-08-01-00-03-00-11-90-17-32-00-00-00-00-00-00-00-00-00-00-00-00-00-00-00-00-00-00-00-00-00-00-00-00-00-00-00-00-00-00-00-00-00-00-00-00
[15:52:32:857]50-49-11-DC-66-08-01-00-03-00-20-00-00
[15:52:32:857][HID_TX_ack]00-0D-50-49-11-DD-B2-08-01-00-03-00-20-E9-00-50-49-01-C0-64-08-01-00-03-00-11-90-17-32-00-00-00-00-00-00-00-00-00-00-00-00-00-00-00-00-00-00-00-00-00-00-00-00-00-00-00-00-00-00-00-00-00-00-00-00
[15:52:32:857]50-49-11-DD-B2-08-01-00-03-00-20-E9-00
[15:52:32:857][HID_TX_ack]00-1A-50-49-01-C0-BB-08-01-00-03-00-11-91-18-50-49-01-C0-BC-08-01-00-03-00-11-92-17-32-00-00-00-00-00-00-00-00-00-00-00-00-00-00-00-00-00-00-00-00-00-00-00-00-00-00-00-00-00-00-00-00-00-00-00-00
[15:52:32:857]50-49-01-C0-BB-08-01-00-03-00-11-91-18
[15:52:32:857]50-49-01-C0-BC-08-01-00-03-00-11-92-17
[15:52:32:857][HID_TX_ack]00-0D-50-49-11-DE-BD-08-01-00-03-00-20-00-00-50-49-01-C0-BC-08-01-00-03-00-11-92-17-32-00-00-00-00-00-00-00-00-00-00-00-00-00-00-00-00-00-00-00-00-00-00-00-00-00-00-00-00-00-00-00-00-00-00-00-00
[15:52:32:858]50-49-11-DE-BD-08-01-00-03-00-20-00-00
[15:52:32:858][HID_TX_ack]00-0D-50-49-11-DF-0C-09-01-00-03-00-20-E9-00-50-49-01-C0-BC-08-01-00-03-00-11-92-17-32-00-00-00-00-00-00-00-00-00-00-00-00-00-00-00-00-00-00-00-00-00-00-00-00-00-00-00-00-00-00-00-00-00-00-00-00
[15:52:32:858]50-49-11-DF-0C-09-01-00-03-00-20-E9-00
[15:52:32:858][HID_TX_ack]00-1A-50-49-01-C0-1D-09-01-00-03-00-11-93-18-50-49-01-C0-1E-09-01-00-03-00-11-94-17-32-00-00-00-00-00-00-00-00-00-00-00-00-00-00-00-00-00-00-00-00-00-00-00-00-00-00-00-00-00-00-00-00-00-00-00-00
[15:52:32:858]50-49-01-C0-1D-09-01-00-03-00-11-93-18
[15:52:32:858]50-49-01-C0-1E-09-01-00-03-00-11-94-17
[15:52:32:858][HID_TX_ack]00-0D-50-49-11-E0-1F-09-01-00-03-00-20-00-00-50-49-01-C0-1E-09-01-00-03-00-11-94-17-32-00-00-00-00-00-00-00-00-00-00-00-00-00-00-00-00-00-00-00-00-00-00-00-00-00-00-00-00-00-00-00-00-00-00-00-00
[15:52:32:858]50-49-11-E0-1F-09-01-00-03-00-20-00-00
[15:52:32:859][HID_TX_ack]00-0D-50-49-11-E1-60-09-01-00-03-00-20-E9-00-50-49-01-C0-1E-09-01-00-03-00-11-94-17-32-00-00-00-00-00-00-00-00-00-00-00-00-00-00-00-00-00-00-00-00-00-00-00-00-00-00-00-00-00-00-00-00-00-00-00-00
[15:52:32:859]50-49-11-E1-60-09-01-00-03-00-20-E9-00
[15:52:32:859][HID_TX_ack]00-1A-50-49-01-C0-68-09-01-00-03-00-11-95-18-50-49-01-C0-69-09-01-00-03-00-11-96-17-32-00-00-00-00-00-00-00-00-00-00-00-00-00-00-00-00-00-00-00-00-00-00-00-00-00-00-00-00-00-00-00-00-00-00-00-00
[15:52:32:859]50-49-01-C0-68-09-01-00-03-00-11-95-18
[15:52:32:859]50-49-01-C0-69-09-01-00-03-00-11-96-17
[15:52:32:861][HID_TX_ack]00-0D-50-49-11-E2-6A-09-01-00-03-00-20-00-00-50-49-01-C0-69-09-01-00-03-00-11-96-17-32-00-00-00-00-00-00-00-00-00-00-00-00-00-00-00-00-00-00-00-00-00-00-00-00-00-00-00-00-00-00-00-00-00-00-00-00
[15:52:32:861]50-49-11-E2-6A-09-01-00-03-00-20-00-00
[15:52:32:861][HID_TX]00-80-06-56-D2-50-41-0E-14-01-E0-00-00-00-00-00-00-00-00-00-00-00-00-00-00-00-00-00-00-00-00-00-00-00-00-00-00-00-00-00-00-00-00-00-00-00-00-00-00-00-00-00-00-00-00-00-00-00-00-00-00-00-00-00-00
[15:52:32:862]HidD_GetInputReport=True
[15:52:32:862]reply_report=00-4F-00-00-00-00-00-00-00-00-00-00-00-00-00-00-00-00-00-00-00-00-00-00-00-00-00-00-00-00-00-00-00-00-00-00-00-00-00-00-00-00-00-00-00-00-00-00-00-00-00-00-00-00-00-00-00-00-00-00-00-00-00-00-00
[15:52:32:862]50-41-0E-14-01-E0 [CMD_SENT][REMOTE_GET_MODE]
[15:52:32:865][HID_TX_ack]00-19-50-49-01-C0-7A-09-01-00-03-00-0E-94-00-50-49-0E-E3-00-00-00-00-02-00-E0-01-17-32-00-00-00-00-00-00-00-00-00-00-00-00-00-00-00-00-00-00-00-00-00-00-00-00-00-00-00-00-00-00-00-00-00-00-00-00
[15:52:32:865]50-49-01-C0-7A-09-01-00-03-00-0E-94-00
[15:52:32:865]50-49-0E-E3-00-00-00-00-02-00-E0-01-
[15:52:32:865]REMOTE_GET_MODE=01
[15:52:32:865][HID_TX]00-80-07-BA-61-50-41-06-15-01-00-63-00-00-00-00-00-00-00-00-00-00-00-00-00-00-00-00-00-00-00-00-00-00-00-00-00-00-00-00-00-00-00-00-00-00-00-00-00-00-00-00-00-00-00-00-00-00-00-00-00-00-00-00-00
[15:52:32:866]HidD_GetInputReport=True
[15:52:32:866]reply_report=00-4F-00-00-00-00-00-00-00-00-00-00-00-00-00-00-00-00-00-00-00-00-00-00-00-00-00-00-00-00-00-00-00-00-00-00-00-00-00-00-00-00-00-00-00-00-00-00-00-00-00-00-00-00-00-00-00-00-00-00-00-00-00-00-00
[15:52:32:866]50-41-06-15-01-00-63 [CMD_SENT][CMD_GET_IO_LEVEL]
[15:52:32:880][HID_TX_ack]00-12-50-49-01-E4-F1-62-0C-00-08-00-06-95-00-01-FF-FF-0D-00-00-00-00-02-00-E0-01-17-32-00-00-00-00-00-00-00-00-00-00-00-00-00-00-00-00-00-00-00-00-00-00-00-00-00-00-00-00-00-00-00-00-00-00-00-00
[15:52:32:880]50-49-01-E4-F1-62-0C-00-08-00-06-95-00-01-FF-FF-0D-00
