[12:06:50:958]\\?\hid#dell09c2&col02#5&bc4dc33&0&0001#{4d1e55b2-f16f-11cf-88cb-001111000030}
[12:06:50:958]\\?\hid#dell09c2&col03#5&bc4dc33&0&0002#{4d1e55b2-f16f-11cf-88cb-001111000030}
[12:06:50:958]\\?\hid#intc816&col01#3&207f9b7f&0&0000#{4d1e55b2-f16f-11cf-88cb-001111000030}
[12:06:50:958]\\?\hid#intc816&col02#3&207f9b7f&0&0001#{4d1e55b2-f16f-11cf-88cb-001111000030}
[12:06:50:958]\\?\hid#converteddevice&col02#5&17bac0a6&0&0001#{4d1e55b2-f16f-11cf-88cb-001111000030}
[12:06:50:958]\\?\hid#converteddevice&col03#5&17bac0a6&0&0002#{4d1e55b2-f16f-11cf-88cb-001111000030}
[12:06:50:958]\\?\hid#dell09c2&col04#5&bc4dc33&0&0003#{4d1e55b2-f16f-11cf-88cb-001111000030}
[12:06:50:959]\\?\hid#{00001812-0000-1000-8000-00805f9b34fb}_dev_vid&0232c2_pid&0001_rev&0068_ccb624cd66b1#9&326e3aae&0&0000#{4d1e55b2-f16f-11cf-88cb-001111000030}
[12:06:50:959]\\?\hid#dell09c2&col05#5&bc4dc33&0&0004#{4d1e55b2-f16f-11cf-88cb-001111000030}
[12:06:50:959]\\?\hid#converteddevice&col01#5&17bac0a6&0&0000#{4d1e55b2-f16f-11cf-88cb-001111000030}\kbd
[12:06:50:959]\\?\hid#dell09c2&col01#5&bc4dc33&0&0000#{4d1e55b2-f16f-11cf-88cb-001111000030}
[12:06:50:959]\\?\hid#vid_046d&pid_0adf&mi_00#7&3ad8dff3&0&0000#{4d1e55b2-f16f-11cf-88cb-001111000030}
[12:06:50:959]\\?\hid#vid_046d&pid_0adf&mi_04#7&18e94d0e&0&0000#{4d1e55b2-f16f-11cf-88cb-001111000030}
[12:06:50:961]try_path=\\?\hid#vid_046d&pid_0adf&mi_00#7&3ad8dff3&0&0000#{4d1e55b2-f16f-11cf-88cb-001111000030}
[12:06:50:962]	InputReportByteLength=65
[12:06:50:962]	OutputReportByteLength=65
[12:06:50:963]HID_Connected=\\?\hid#vid_046d&pid_0adf&mi_00#7&3ad8dff3&0&0000#{4d1e55b2-f16f-11cf-88cb-001111000030}
[12:06:50:964][HID_TX]00-84-01-D1-55-01-00-00-00-00-00-00-00-00-00-00-00-00-00-00-00-00-00-00-00-00-00-00-00-00-00-00-00-00-00-00-00-00-00-00-00-00-00-00-00-00-00-00-00-00-00-00-00-00-00-00-00-00-00-00-00-00-00-00-00
[12:06:50:965]HidD_GetInputReport=True
[12:06:50:965]reply_report=00-4F-56-31-2E-38-2E-35-2E-31-00-00-00-00-00-00-00-00-00-00-00-00-00-00-00-00-00-00-00-00-00-00-00-00-00-00-00-00-00-00-00-00-00-00-00-00-00-00-00-00-00-00-00-00-00-00-00-00-00-00-00-00-00-00-00
[12:06:50:965][ys_tech] fw_version=V1.8.5.1
[12:06:50:966]ystech_Power_Saving, is_EnablePowerSaving=False
[12:06:50:966][HID_TX]00-85-01-83-8B-01-00-00-00-00-00-00-00-00-00-00-00-00-00-00-00-00-00-00-00-00-00-00-00-00-00-00-00-00-00-00-00-00-00-00-00-00-00-00-00-00-00-00-00-00-00-00-00-00-00-00-00-00-00-00-00-00-00-00-00
[12:06:50:967]HidD_GetInputReport=True
[12:06:50:967]reply_report=00-46-00-00-00-00-00-00-00-00-00-00-00-00-00-00-00-00-00-00-00-00-00-00-00-00-00-00-00-00-00-00-00-00-00-00-00-00-00-00-00-00-00-00-00-00-00-00-00-00-00-00-00-00-00-00-00-00-00-00-00-00-00-00-00
[12:06:50:980][Response Fail][System.Exception]
[12:06:50:986]   at ..(Boolean  )
   at ..(Byte  , Byte[]  )
[12:06:51:044]_ystech_retry_count=1
[12:06:51:044][HID_TX]00-85-01-83-8B-01-00-00-00-00-00-00-00-00-00-00-00-00-00-00-00-00-00-00-00-00-00-00-00-00-00-00-00-00-00-00-00-00-00-00-00-00-00-00-00-00-00-00-00-00-00-00-00-00-00-00-00-00-00-00-00-00-00-00-00
[12:06:51:044]HidD_GetInputReport=True
[12:06:51:045]reply_report=00-4F-00-00-00-00-00-00-00-00-00-00-00-00-00-00-00-00-00-00-00-00-00-00-00-00-00-00-00-00-00-00-00-00-00-00-00-00-00-00-00-00-00-00-00-00-00-00-00-00-00-00-00-00-00-00-00-00-00-00-00-00-00-00-00
[12:06:51:045]HID_CMD_POWER_SAVING_Disable
[12:06:51:045]path_connected=\\?\hid#vid_046d&pid_0adf&mi_00#7&3ad8dff3&0&0000#{4d1e55b2-f16f-11cf-88cb-001111000030}
[12:06:52:228][HID_TX]00-80-06-1C-7D-50-41-0E-01-01-E0-00-00-00-00-00-00-00-00-00-00-00-00-00-00-00-00-00-00-00-00-00-00-00-00-00-00-00-00-00-00-00-00-00-00-00-00-00-00-00-00-00-00-00-00-00-00-00-00-00-00-00-00-00-00
[12:06:52:229]HidD_GetInputReport=True
[12:06:52:229]reply_report=00-4F-00-00-00-00-00-00-00-00-00-00-00-00-00-00-00-00-00-00-00-00-00-00-00-00-00-00-00-00-00-00-00-00-00-00-00-00-00-00-00-00-00-00-00-00-00-00-00-00-00-00-00-00-00-00-00-00-00-00-00-00-00-00-00
[12:06:52:229]50-41-0E-01-01-E0 [CMD_SENT][REMOTE_GET_MODE]
[12:06:52:234][HID_TX_ack]00-19-50-49-01-C0-43-D0-01-00-03-00-0E-81-00-50-49-0E-CF-00-00-00-00-02-00-E0-00-17-32-00-00-00-00-00-00-00-00-00-00-00-00-00-00-00-00-00-00-00-00-00-00-00-00-00-00-00-00-00-00-00-00-00-00-00-00
[12:06:52:238]REMOTE_GET_MODE=00
[12:06:52:238]50-49-01-C0-43-D0-01-00-03-00-0E-81-00
[12:06:52:238]50-49-0E-CF-00-00-00-00-02-00-E0-00-
[12:06:52:238][HID_TX]00-80-07-F5-A5-50-41-0E-02-02-E1-01-00-00-00-00-00-00-00-00-00-00-00-00-00-00-00-00-00-00-00-00-00-00-00-00-00-00-00-00-00-00-00-00-00-00-00-00-00-00-00-00-00-00-00-00-00-00-00-00-00-00-00-00-00
[12:06:52:239]HidD_GetInputReport=True
[12:06:52:239]reply_report=00-4F-00-00-00-00-00-00-00-00-00-00-00-00-00-00-00-00-00-00-00-00-00-00-00-00-00-00-00-00-00-00-00-00-00-00-00-00-00-00-00-00-00-00-00-00-00-00-00-00-00-00-00-00-00-00-00-00-00-00-00-00-00-00-00
[12:06:52:239]50-41-0E-02-02-E1-01 [CMD_SENT][REMOTE_SET_MODE] is_remote=True
[12:06:52:242][HID_TX_ack]00-0D-50-49-01-C0-4B-D0-01-00-03-00-0E-82-00-50-49-0E-CF-00-00-00-00-02-00-E0-00-17-32-00-00-00-00-00-00-00-00-00-00-00-00-00-00-00-00-00-00-00-00-00-00-00-00-00-00-00-00-00-00-00-00-00-00-00-00
[12:06:52:242]50-49-01-C0-4B-D0-01-00-03-00-0E-82-00
[12:06:52:242][HID_TX]00-80-13-A8-D9-50-41-06-03-0D-00-25-34-12-5A-5A-01-00-00-00-F0-00-00-00-00-00-00-00-00-00-00-00-00-00-00-00-00-00-00-00-00-00-00-00-00-00-00-00-00-00-00-00-00-00-00-00-00-00-00-00-00-00-00-00-00
[12:06:52:243]HidD_GetInputReport=True
[12:06:52:243]reply_report=00-4F-00-00-00-00-00-00-00-00-00-00-00-00-00-00-00-00-00-00-00-00-00-00-00-00-00-00-00-00-00-00-00-00-00-00-00-00-00-00-00-00-00-00-00-00-00-00-00-00-00-00-00-00-00-00-00-00-00-00-00-00-00-00-00
[12:06:52:243]50-41-06-03-0D-00-25-34-12-5A-5A-01-00-00-00-F0-00-00-00 [CMD_SENT][OTA_CMD_IOCTL][READ_MAX_LEN]
[12:06:52:265][HID_TX_ack]00-11-50-49-01-D0-4F-18-02-00-07-00-06-83-00-F0-00-00-00-00-00-00-00-02-00-E0-00-17-32-00-00-00-00-00-00-00-00-00-00-00-00-00-00-00-00-00-00-00-00-00-00-00-00-00-00-00-00-00-00-00-00-00-00-00-00
[12:06:52:265]50-49-01-D0-4F-18-02-00-07-00-06-83-00-F0-00-00-00
[12:06:52:265][HID_TX]00-80-06-2F-BD-50-41-0E-04-01-E0-00-00-00-00-00-00-00-00-00-00-00-00-00-00-00-00-00-00-00-00-00-00-00-00-00-00-00-00-00-00-00-00-00-00-00-00-00-00-00-00-00-00-00-00-00-00-00-00-00-00-00-00-00-00
[12:06:52:266]HidD_GetInputReport=True
[12:06:52:266]reply_report=00-4F-00-00-00-00-00-00-00-00-00-00-00-00-00-00-00-00-00-00-00-00-00-00-00-00-00-00-00-00-00-00-00-00-00-00-00-00-00-00-00-00-00-00-00-00-00-00-00-00-00-00-00-00-00-00-00-00-00-00-00-00-00-00-00
[12:06:52:266]50-41-0E-04-01-E0 [CMD_SENT][REMOTE_GET_MODE]
[12:06:52:269][HID_TX_ack]00-19-50-49-01-C0-61-D0-01-00-03-00-0E-84-00-50-49-0E-D1-00-00-00-00-02-00-E0-01-17-32-00-00-00-00-00-00-00-00-00-00-00-00-00-00-00-00-00-00-00-00-00-00-00-00-00-00-00-00-00-00-00-00-00-00-00-00
[12:06:52:269]50-49-01-C0-61-D0-01-00-03-00-0E-84-00
[12:06:52:269]50-49-0E-D1-00-00-00-00-02-00-E0-01-
[12:06:52:269]REMOTE_GET_MODE=01
[12:06:52:269][HID_TX]00-80-07-C3-0E-50-41-06-05-01-00-63-00-00-00-00-00-00-00-00-00-00-00-00-00-00-00-00-00-00-00-00-00-00-00-00-00-00-00-00-00-00-00-00-00-00-00-00-00-00-00-00-00-00-00-00-00-00-00-00-00-00-00-00-00
[12:06:52:270]HidD_GetInputReport=True
[12:06:52:270]reply_report=00-4F-00-00-00-00-00-00-00-00-00-00-00-00-00-00-00-00-00-00-00-00-00-00-00-00-00-00-00-00-00-00-00-00-00-00-00-00-00-00-00-00-00-00-00-00-00-00-00-00-00-00-00-00-00-00-00-00-00-00-00-00-00-00-00
[12:06:52:270]50-41-06-05-01-00-63 [CMD_SENT][CMD_GET_IO_LEVEL]
[12:06:52:281][HID_TX_ack]00-12-50-49-01-D2-5A-18-02-00-08-00-06-85-00-01-FF-FF-1F-00-00-00-00-02-00-E0-01-17-32-00-00-00-00-00-00-00-00-00-00-00-00-00-00-00-00-00-00-00-00-00-00-00-00-00-00-00-00-00-00-00-00-00-00-00-00
[12:06:52:281]50-49-01-D2-5A-18-02-00-08-00-06-85-00-01-FF-FF-1F-00
[12:06:52:613][HID_TX]00-80-06-C4-92-50-41-0E-06-01-E0-00-00-00-00-00-00-00-00-00-00-00-00-00-00-00-00-00-00-00-00-00-00-00-00-00-00-00-00-00-00-00-00-00-00-00-00-00-00-00-00-00-00-00-00-00-00-00-00-00-00-00-00-00-00
[12:06:52:614]HidD_GetInputReport=True
[12:06:52:614]reply_report=00-4F-00-00-00-00-00-00-00-00-00-00-00-00-00-00-00-00-00-00-00-00-00-00-00-00-00-00-00-00-00-00-00-00-00-00-00-00-00-00-00-00-00-00-00-00-00-00-00-00-00-00-00-00-00-00-00-00-00-00-00-00-00-00-00
[12:06:52:614]50-41-0E-06-01-E0 [CMD_SENT][REMOTE_GET_MODE]
[12:06:52:616][HID_TX_ack]00-19-50-49-01-C0-77-D1-01-00-03-00-0E-86-00-50-49-0E-D3-00-00-00-00-02-00-E0-01-17-32-00-00-00-00-00-00-00-00-00-00-00-00-00-00-00-00-00-00-00-00-00-00-00-00-00-00-00-00-00-00-00-00-00-00-00-00
[12:06:52:616]50-49-01-C0-77-D1-01-00-03-00-0E-86-00
[12:06:52:616]50-49-0E-D3-00-00-00-00-02-00-E0-01-
[12:06:52:616]REMOTE_GET_MODE=01
[12:06:52:616][HID_TX]00-80-07-28-21-50-41-06-07-01-00-63-00-00-00-00-00-00-00-00-00-00-00-00-00-00-00-00-00-00-00-00-00-00-00-00-00-00-00-00-00-00-00-00-00-00-00-00-00-00-00-00-00-00-00-00-00-00-00-00-00-00-00-00-00
[12:06:52:618]HidD_GetInputReport=True
[12:06:52:618]reply_report=00-4F-00-00-00-00-00-00-00-00-00-00-00-00-00-00-00-00-00-00-00-00-00-00-00-00-00-00-00-00-00-00-00-00-00-00-00-00-00-00-00-00-00-00-00-00-00-00-00-00-00-00-00-00-00-00-00-00-00-00-00-00-00-00-00
[12:06:52:618]50-41-06-07-01-00-63 [CMD_SENT][CMD_GET_IO_LEVEL]
[12:06:52:649][HID_TX_ack]00-12-50-49-01-D4-7D-19-02-00-08-00-06-87-00-01-F7-FF-1F-00-00-00-00-02-00-E0-01-17-32-00-00-00-00-00-00-00-00-00-00-00-00-00-00-00-00-00-00-00-00-00-00-00-00-00-00-00-00-00-00-00-00-00-00-00-00
[12:06:52:649]50-49-01-D4-7D-19-02-00-08-00-06-87-00-01-F7-FF-1F-00
[12:06:52:970][HID_TX]00-80-06-55-5D-50-41-0E-08-01-E0-00-00-00-00-00-00-00-00-00-00-00-00-00-00-00-00-00-00-00-00-00-00-00-00-00-00-00-00-00-00-00-00-00-00-00-00-00-00-00-00-00-00-00-00-00-00-00-00-00-00-00-00-00-00
[12:06:52:972]HidD_GetInputReport=True
[12:06:52:972]reply_report=00-4F-00-00-00-00-00-00-00-00-00-00-00-00-00-00-00-00-00-00-00-00-00-00-00-00-00-00-00-00-00-00-00-00-00-00-00-00-00-00-00-00-00-00-00-00-00-00-00-00-00-00-00-00-00-00-00-00-00-00-00-00-00-00-00
[12:06:52:972]50-41-0E-08-01-E0 [CMD_SENT][REMOTE_GET_MODE]
[12:06:52:974][HID_TX_ack]00-19-50-49-01-C0-95-D2-01-00-03-00-0E-88-00-50-49-0E-D5-00-00-00-00-02-00-E0-01-17-32-00-00-00-00-00-00-00-00-00-00-00-00-00-00-00-00-00-00-00-00-00-00-00-00-00-00-00-00-00-00-00-00-00-00-00-00
[12:06:52:974]50-49-01-C0-95-D2-01-00-03-00-0E-88-00
[12:06:52:974]50-49-0E-D5-00-00-00-00-02-00-E0-01-
[12:06:52:974]REMOTE_GET_MODE=01
[12:06:52:974][HID_TX]00-80-07-B9-EE-50-41-06-09-01-00-63-00-00-00-00-00-00-00-00-00-00-00-00-00-00-00-00-00-00-00-00-00-00-00-00-00-00-00-00-00-00-00-00-00-00-00-00-00-00-00-00-00-00-00-00-00-00-00-00-00-00-00-00-00
[12:06:52:975]HidD_GetInputReport=True
[12:06:52:975]reply_report=00-4F-00-00-00-00-00-00-00-00-00-00-00-00-00-00-00-00-00-00-00-00-00-00-00-00-00-00-00-00-00-00-00-00-00-00-00-00-00-00-00-00-00-00-00-00-00-00-00-00-00-00-00-00-00-00-00-00-00-00-00-00-00-00-00
[12:06:52:975]50-41-06-09-01-00-63 [CMD_SENT][CMD_GET_IO_LEVEL]
[12:06:52:999][HID_TX_ack]00-12-50-49-01-D6-8F-1A-02-00-08-00-06-89-00-01-F7-FF-1F-00-00-00-00-02-00-E0-01-17-32-00-00-00-00-00-00-00-00-00-00-00-00-00-00-00-00-00-00-00-00-00-00-00-00-00-00-00-00-00-00-00-00-00-00-00-00
[12:06:52:999]50-49-01-D6-8F-1A-02-00-08-00-06-89-00-01-F7-FF-1F-00
[12:06:53:325][HID_TX]00-80-06-BE-72-50-41-0E-0A-01-E0-00-00-00-00-00-00-00-00-00-00-00-00-00-00-00-00-00-00-00-00-00-00-00-00-00-00-00-00-00-00-00-00-00-00-00-00-00-00-00-00-00-00-00-00-00-00-00-00-00-00-00-00-00-00
[12:06:53:326]HidD_GetInputReport=True
[12:06:53:326]reply_report=00-4F-00-00-00-00-00-00-00-00-00-00-00-00-00-00-00-00-00-00-00-00-00-00-00-00-00-00-00-00-00-00-00-00-00-00-00-00-00-00-00-00-00-00-00-00-00-00-00-00-00-00-00-00-00-00-00-00-00-00-00-00-00-00-00
[12:06:53:326]50-41-0E-0A-01-E0 [CMD_SENT][REMOTE_GET_MODE]
[12:06:53:329][HID_TX_ack]00-19-50-49-01-C0-B1-D3-01-00-03-00-0E-8A-00-50-49-0E-D7-00-00-00-00-02-00-E0-01-17-32-00-00-00-00-00-00-00-00-00-00-00-00-00-00-00-00-00-00-00-00-00-00-00-00-00-00-00-00-00-00-00-00-00-00-00-00
[12:06:53:329]50-49-01-C0-B1-D3-01-00-03-00-0E-8A-00
[12:06:53:329]50-49-0E-D7-00-00-00-00-02-00-E0-01-
[12:06:53:330]REMOTE_GET_MODE=01
[12:06:53:330][HID_TX]00-80-07-52-C1-50-41-06-0B-01-00-63-00-00-00-00-00-00-00-00-00-00-00-00-00-00-00-00-00-00-00-00-00-00-00-00-00-00-00-00-00-00-00-00-00-00-00-00-00-00-00-00-00-00-00-00-00-00-00-00-00-00-00-00-00
[12:06:53:332]HidD_GetInputReport=True
[12:06:53:332]reply_report=00-4F-00-00-00-00-00-00-00-00-00-00-00-00-00-00-00-00-00-00-00-00-00-00-00-00-00-00-00-00-00-00-00-00-00-00-00-00-00-00-00-00-00-00-00-00-00-00-00-00-00-00-00-00-00-00-00-00-00-00-00-00-00-00-00
[12:06:53:332]50-41-06-0B-01-00-63 [CMD_SENT][CMD_GET_IO_LEVEL]
[12:06:53:351][HID_TX_ack]00-12-50-49-01-D8-B4-1B-02-00-08-00-06-8B-00-01-F7-FF-1F-00-00-00-00-02-00-E0-01-17-32-00-00-00-00-00-00-00-00-00-00-00-00-00-00-00-00-00-00-00-00-00-00-00-00-00-00-00-00-00-00-00-00-00-00-00-00
[12:06:53:351]50-49-01-D8-B4-1B-02-00-08-00-06-8B-00-01-F7-FF-1F-00
[12:06:54:402][HID_TX]00-80-06-83-02-50-41-0E-0C-01-E0-00-00-00-00-00-00-00-00-00-00-00-00-00-00-00-00-00-00-00-00-00-00-00-00-00-00-00-00-00-00-00-00-00-00-00-00-00-00-00-00-00-00-00-00-00-00-00-00-00-00-00-00-00-00
[12:06:54:404]HidD_GetInputReport=True
[12:06:54:404]reply_report=00-4F-00-00-00-00-00-00-00-00-00-00-00-00-00-00-00-00-00-00-00-00-00-00-00-00-00-00-00-00-00-00-00-00-00-00-00-00-00-00-00-00-00-00-00-00-00-00-00-00-00-00-00-00-00-00-00-00-00-00-00-00-00-00-00
[12:06:54:404]50-41-0E-0C-01-E0 [CMD_SENT][REMOTE_GET_MODE]
[12:06:54:406][HID_TX_ack]00-19-50-49-01-C0-0F-D7-01-00-03-00-0E-8C-00-50-49-0E-D9-00-00-00-00-02-00-E0-01-17-32-00-00-00-00-00-00-00-00-00-00-00-00-00-00-00-00-00-00-00-00-00-00-00-00-00-00-00-00-00-00-00-00-00-00-00-00
[12:06:54:407]50-49-01-C0-0F-D7-01-00-03-00-0E-8C-00
[12:06:54:407]50-49-0E-D9-00-00-00-00-02-00-E0-01-
[12:06:54:407]REMOTE_GET_MODE=01
[12:06:54:407][HID_TX]00-80-07-6F-B1-50-41-06-0D-01-00-63-00-00-00-00-00-00-00-00-00-00-00-00-00-00-00-00-00-00-00-00-00-00-00-00-00-00-00-00-00-00-00-00-00-00-00-00-00-00-00-00-00-00-00-00-00-00-00-00-00-00-00-00-00
[12:06:54:408]HidD_GetInputReport=True
[12:06:54:408]reply_report=00-4F-00-00-00-00-00-00-00-00-00-00-00-00-00-00-00-00-00-00-00-00-00-00-00-00-00-00-00-00-00-00-00-00-00-00-00-00-00-00-00-00-00-00-00-00-00-00-00-00-00-00-00-00-00-00-00-00-00-00-00-00-00-00-00
[12:06:54:408]50-41-06-0D-01-00-63 [CMD_SENT][CMD_GET_IO_LEVEL]
[12:06:54:437][HID_TX_ack]00-12-50-49-01-DA-08-1F-02-00-08-00-06-8D-00-01-FF-FF-1F-00-00-00-00-02-00-E0-01-17-32-00-00-00-00-00-00-00-00-00-00-00-00-00-00-00-00-00-00-00-00-00-00-00-00-00-00-00-00-00-00-00-00-00-00-00-00
[12:06:54:437]50-49-01-DA-08-1F-02-00-08-00-06-8D-00-01-FF-FF-1F-00
[12:06:54:759][HID_TX]00-80-06-68-2D-50-41-0E-0E-01-E0-00-00-00-00-00-00-00-00-00-00-00-00-00-00-00-00-00-00-00-00-00-00-00-00-00-00-00-00-00-00-00-00-00-00-00-00-00-00-00-00-00-00-00-00-00-00-00-00-00-00-00-00-00-00
[12:06:54:760]HidD_GetInputReport=True
[12:06:54:760]reply_report=00-4F-00-00-00-00-00-00-00-00-00-00-00-00-00-00-00-00-00-00-00-00-00-00-00-00-00-00-00-00-00-00-00-00-00-00-00-00-00-00-00-00-00-00-00-00-00-00-00-00-00-00-00-00-00-00-00-00-00-00-00-00-00-00-00
[12:06:54:760]50-41-0E-0E-01-E0 [CMD_SENT][REMOTE_GET_MODE]
[12:06:54:763][HID_TX_ack]00-19-50-49-01-C0-2C-D8-01-00-03-00-0E-8E-00-50-49-0E-DB-00-00-00-00-02-00-E0-01-17-32-00-00-00-00-00-00-00-00-00-00-00-00-00-00-00-00-00-00-00-00-00-00-00-00-00-00-00-00-00-00-00-00-00-00-00-00
[12:06:54:763]50-49-01-C0-2C-D8-01-00-03-00-0E-8E-00
[12:06:54:763]50-49-0E-DB-00-00-00-00-02-00-E0-01-
[12:06:54:763]REMOTE_GET_MODE=01
[12:06:54:763][HID_TX]00-80-07-84-9E-50-41-06-0F-01-00-63-00-00-00-00-00-00-00-00-00-00-00-00-00-00-00-00-00-00-00-00-00-00-00-00-00-00-00-00-00-00-00-00-00-00-00-00-00-00-00-00-00-00-00-00-00-00-00-00-00-00-00-00-00
[12:06:54:764]HidD_GetInputReport=True
[12:06:54:764]reply_report=00-4F-00-00-00-00-00-00-00-00-00-00-00-00-00-00-00-00-00-00-00-00-00-00-00-00-00-00-00-00-00-00-00-00-00-00-00-00-00-00-00-00-00-00-00-00-00-00-00-00-00-00-00-00-00-00-00-00-00-00-00-00-00-00-00
[12:06:54:764]50-41-06-0F-01-00-63 [CMD_SENT][CMD_GET_IO_LEVEL]
[12:06:54:786][HID_TX_ack]00-12-50-49-01-DC-30-20-02-00-08-00-06-8F-00-01-FF-FF-1E-00-00-00-00-02-00-E0-01-17-32-00-00-00-00-00-00-00-00-00-00-00-00-00-00-00-00-00-00-00-00-00-00-00-00-00-00-00-00-00-00-00-00-00-00-00-00
[12:06:54:786]50-49-01-DC-30-20-02-00-08-00-06-8F-00-01-FF-FF-1E-00
[12:06:55:117][HID_TX]00-80-06-80-8D-50-41-0E-10-01-E0-00-00-00-00-00-00-00-00-00-00-00-00-00-00-00-00-00-00-00-00-00-00-00-00-00-00-00-00-00-00-00-00-00-00-00-00-00-00-00-00-00-00-00-00-00-00-00-00-00-00-00-00-00-00
[12:06:55:118]HidD_GetInputReport=True
[12:06:55:118]reply_report=00-4F-00-00-00-00-00-00-00-00-00-00-00-00-00-00-00-00-00-00-00-00-00-00-00-00-00-00-00-00-00-00-00-00-00-00-00-00-00-00-00-00-00-00-00-00-00-00-00-00-00-00-00-00-00-00-00-00-00-00-00-00-00-00-00
[12:06:55:118]50-41-0E-10-01-E0 [CMD_SENT][REMOTE_GET_MODE]
[12:06:55:121][HID_TX_ack]00-19-50-49-01-C0-4A-D9-01-00-03-00-0E-90-00-50-49-0E-DD-00-00-00-00-02-00-E0-01-17-32-00-00-00-00-00-00-00-00-00-00-00-00-00-00-00-00-00-00-00-00-00-00-00-00-00-00-00-00-00-00-00-00-00-00-00-00
[12:06:55:121]50-49-01-C0-4A-D9-01-00-03-00-0E-90-00
[12:06:55:121]50-49-0E-DD-00-00-00-00-02-00-E0-01-
[12:06:55:121]REMOTE_GET_MODE=01
[12:06:55:121][HID_TX]00-80-07-6C-3E-50-41-06-11-01-00-63-00-00-00-00-00-00-00-00-00-00-00-00-00-00-00-00-00-00-00-00-00-00-00-00-00-00-00-00-00-00-00-00-00-00-00-00-00-00-00-00-00-00-00-00-00-00-00-00-00-00-00-00-00
[12:06:55:122]HidD_GetInputReport=True
[12:06:55:122]reply_report=00-4F-00-00-00-00-00-00-00-00-00-00-00-00-00-00-00-00-00-00-00-00-00-00-00-00-00-00-00-00-00-00-00-00-00-00-00-00-00-00-00-00-00-00-00-00-00-00-00-00-00-00-00-00-00-00-00-00-00-00-00-00-00-00-00
[12:06:55:122]50-41-06-11-01-00-63 [CMD_SENT][CMD_GET_IO_LEVEL]
[12:06:55:151][HID_TX_ack]00-12-50-49-01-DE-51-21-02-00-08-00-06-91-00-01-FF-FF-1E-00-00-00-00-02-00-E0-01-17-32-00-00-00-00-00-00-00-00-00-00-00-00-00-00-00-00-00-00-00-00-00-00-00-00-00-00-00-00-00-00-00-00-00-00-00-00
[12:06:55:151]50-49-01-DE-51-21-02-00-08-00-06-91-00-01-FF-FF-1E-00
[12:06:55:437][HID_TX_ack]00-0D-50-49-11-DF-45-DA-01-00-03-00-20-EA-00-01-FF-FF-1E-00-00-00-00-02-00-E0-01-17-32-00-00-00-00-00-00-00-00-00-00-00-00-00-00-00-00-00-00-00-00-00-00-00-00-00-00-00-00-00-00-00-00-00-00-00-00
[12:06:55:437]50-49-11-DF-45-DA-01-00-03-00-20-EA-00
[12:06:55:449][HID_TX_ack]00-1A-50-49-01-C0-50-DA-01-00-03-00-11-98-18-50-49-01-C0-50-DA-01-00-03-00-11-99-17-32-00-00-00-00-00-00-00-00-00-00-00-00-00-00-00-00-00-00-00-00-00-00-00-00-00-00-00-00-00-00-00-00-00-00-00-00
[12:06:55:449]50-49-01-C0-50-DA-01-00-03-00-11-98-18
[12:06:55:449]50-49-01-C0-50-DA-01-00-03-00-11-99-17
[12:06:55:451][HID_TX_ack]00-0D-50-49-11-E0-52-DA-01-00-03-00-20-00-00-50-49-01-C0-50-DA-01-00-03-00-11-99-17-32-00-00-00-00-00-00-00-00-00-00-00-00-00-00-00-00-00-00-00-00-00-00-00-00-00-00-00-00-00-00-00-00-00-00-00-00
[12:06:55:451]50-49-11-E0-52-DA-01-00-03-00-20-00-00
[12:06:56:401][HID_TX]00-80-06-6B-A2-50-41-0E-12-01-E0-00-00-00-00-00-00-00-00-00-00-00-00-00-00-00-00-00-00-00-00-00-00-00-00-00-00-00-00-00-00-00-00-00-00-00-00-00-00-00-00-00-00-00-00-00-00-00-00-00-00-00-00-00-00
[12:06:56:402]HidD_GetInputReport=True
[12:06:56:402]reply_report=00-4F-00-00-00-00-00-00-00-00-00-00-00-00-00-00-00-00-00-00-00-00-00-00-00-00-00-00-00-00-00-00-00-00-00-00-00-00-00-00-00-00-00-00-00-00-00-00-00-00-00-00-00-00-00-00-00-00-00-00-00-00-00-00-00
[12:06:56:402]50-41-0E-12-01-E0 [CMD_SENT][REMOTE_GET_MODE]
[12:06:56:405][HID_TX_ack]00-19-50-49-01-C0-4D-DD-01-00-03-00-0E-92-00-50-49-0E-E1-00-00-00-00-02-00-E0-01-17-32-00-00-00-00-00-00-00-00-00-00-00-00-00-00-00-00-00-00-00-00-00-00-00-00-00-00-00-00-00-00-00-00-00-00-00-00
[12:06:56:405]50-49-01-C0-4D-DD-01-00-03-00-0E-92-00
[12:06:56:405]50-49-0E-E1-00-00-00-00-02-00-E0-01-
[12:06:56:405]REMOTE_GET_MODE=01
[12:06:56:405][HID_TX]00-80-07-87-11-50-41-06-13-01-00-63-00-00-00-00-00-00-00-00-00-00-00-00-00-00-00-00-00-00-00-00-00-00-00-00-00-00-00-00-00-00-00-00-00-00-00-00-00-00-00-00-00-00-00-00-00-00-00-00-00-00-00-00-00
[12:06:56:406]HidD_GetInputReport=True
[12:06:56:406]reply_report=00-4F-00-00-00-00-00-00-00-00-00-00-00-00-00-00-00-00-00-00-00-00-00-00-00-00-00-00-00-00-00-00-00-00-00-00-00-00-00-00-00-00-00-00-00-00-00-00-00-00-00-00-00-00-00-00-00-00-00-00-00-00-00-00-00
[12:06:56:406]50-41-06-13-01-00-63 [CMD_SENT][CMD_GET_IO_LEVEL]
[12:06:56:440][HID_TX_ack]00-12-50-49-01-E2-4A-25-02-00-08-00-06-93-00-01-FF-FF-1F-00-00-00-00-02-00-E0-01-17-32-00-00-00-00-00-00-00-00-00-00-00-00-00-00-00-00-00-00-00-00-00-00-00-00-00-00-00-00-00-00-00-00-00-00-00-00
[12:06:56:440]50-49-01-E2-4A-25-02-00-08-00-06-93-00-01-FF-FF-1F-00
[12:06:56:775][HID_TX]00-80-06-56-D2-50-41-0E-14-01-E0-00-00-00-00-00-00-00-00-00-00-00-00-00-00-00-00-00-00-00-00-00-00-00-00-00-00-00-00-00-00-00-00-00-00-00-00-00-00-00-00-00-00-00-00-00-00-00-00-00-00-00-00-00-00
[12:06:56:776]HidD_GetInputReport=True
[12:06:56:776]reply_report=00-4F-00-00-00-00-00-00-00-00-00-00-00-00-00-00-00-00-00-00-00-00-00-00-00-00-00-00-00-00-00-00-00-00-00-00-00-00-00-00-00-00-00-00-00-00-00-00-00-00-00-00-00-00-00-00-00-00-00-00-00-00-00-00-00
[12:06:56:776]50-41-0E-14-01-E0 [CMD_SENT][REMOTE_GET_MODE]
[12:06:56:779][HID_TX_ack]00-19-50-49-01-C0-79-DE-01-00-03-00-0E-94-00-50-49-0E-E3-00-00-00-00-02-00-E0-01-17-32-00-00-00-00-00-00-00-00-00-00-00-00-00-00-00-00-00-00-00-00-00-00-00-00-00-00-00-00-00-00-00-00-00-00-00-00
[12:06:56:779]50-49-01-C0-79-DE-01-00-03-00-0E-94-00
[12:06:56:779]50-49-0E-E3-00-00-00-00-02-00-E0-01-
[12:06:56:779]REMOTE_GET_MODE=01
[12:06:56:779][HID_TX]00-80-07-BA-61-50-41-06-15-01-00-63-00-00-00-00-00-00-00-00-00-00-00-00-00-00-00-00-00-00-00-00-00-00-00-00-00-00-00-00-00-00-00-00-00-00-00-00-00-00-00-00-00-00-00-00-00-00-00-00-00-00-00-00-00
[12:06:56:780]HidD_GetInputReport=True
[12:06:56:780]reply_report=00-4F-00-00-00-00-00-00-00-00-00-00-00-00-00-00-00-00-00-00-00-00-00-00-00-00-00-00-00-00-00-00-00-00-00-00-00-00-00-00-00-00-00-00-00-00-00-00-00-00-00-00-00-00-00-00-00-00-00-00-00-00-00-00-00
[12:06:56:780]50-41-06-15-01-00-63 [CMD_SENT][CMD_GET_IO_LEVEL]
[12:06:56:814][HID_TX_ack]00-12-50-49-01-E4-81-26-02-00-08-00-06-95-00-01-FF-FF-1D-00-00-00-00-02-00-E0-01-17-32-00-00-00-00-00-00-00-00-00-00-00-00-00-00-00-00-00-00-00-00-00-00-00-00-00-00-00-00-00-00-00-00-00-00-00-00
[12:06:56:814]50-49-01-E4-81-26-02-00-08-00-06-95-00-01-FF-FF-1D-00
[12:06:57:145][HID_TX]00-80-06-BD-FD-50-41-0E-16-01-E0-00-00-00-00-00-00-00-00-00-00-00-00-00-00-00-00-00-00-00-00-00-00-00-00-00-00-00-00-00-00-00-00-00-00-00-00-00-00-00-00-00-00-00-00-00-00-00-00-00-00-00-00-00-00
[12:06:57:145]HidD_GetInputReport=True
[12:06:57:145]reply_report=00-4F-00-00-00-00-00-00-00-00-00-00-00-00-00-00-00-00-00-00-00-00-00-00-00-00-00-00-00-00-00-00-00-00-00-00-00-00-00-00-00-00-00-00-00-00-00-00-00-00-00-00-00-00-00-00-00-00-00-00-00-00-00-00-00
[12:06:57:145]50-41-0E-16-01-E0 [CMD_SENT][REMOTE_GET_MODE]
[12:06:57:149][HID_TX_ack]00-19-50-49-01-C0-A0-DF-01-00-03-00-0E-96-00-50-49-0E-E5-00-00-00-00-02-00-E0-01-17-32-00-00-00-00-00-00-00-00-00-00-00-00-00-00-00-00-00-00-00-00-00-00-00-00-00-00-00-00-00-00-00-00-00-00-00-00
[12:06:57:149]50-49-01-C0-A0-DF-01-00-03-00-0E-96-00
[12:06:57:149]50-49-0E-E5-00-00-00-00-02-00-E0-01-
[12:06:57:149]REMOTE_GET_MODE=01
[12:06:57:149][HID_TX]00-80-07-51-4E-50-41-06-17-01-00-63-00-00-00-00-00-00-00-00-00-00-00-00-00-00-00-00-00-00-00-00-00-00-00-00-00-00-00-00-00-00-00-00-00-00-00-00-00-00-00-00-00-00-00-00-00-00-00-00-00-00-00-00-00
[12:06:57:150]HidD_GetInputReport=True
[12:06:57:150]reply_report=00-4F-00-00-00-00-00-00-00-00-00-00-00-00-00-00-00-00-00-00-00-00-00-00-00-00-00-00-00-00-00-00-00-00-00-00-00-00-00-00-00-00-00-00-00-00-00-00-00-00-00-00-00-00-00-00-00-00-00-00-00-00-00-00-00
[12:06:57:150]50-41-06-17-01-00-63 [CMD_SENT][CMD_GET_IO_LEVEL]
[12:06:57:181][HID_TX_ack]00-12-50-49-01-E6-A7-27-02-00-08-00-06-97-00-01-FF-FF-1D-00-00-00-00-02-00-E0-01-17-32-00-00-00-00-00-00-00-00-00-00-00-00-00-00-00-00-00-00-00-00-00-00-00-00-00-00-00-00-00-00-00-00-00-00-00-00
[12:06:57:181]50-49-01-E6-A7-27-02-00-08-00-06-97-00-01-FF-FF-1D-00
[12:06:58:233][HID_TX]00-80-07-AC-C6-50-41-0E-18-02-E1-00-00-00-00-00-00-00-00-00-00-00-00-00-00-00-00-00-00-00-00-00-00-00-00-00-00-00-00-00-00-00-00-00-00-00-00-00-00-00-00-00-00-00-00-00-00-00-00-00-00-00-00-00-00
[12:06:58:234]HidD_GetInputReport=True
[12:06:58:234]reply_report=00-4F-00-00-00-00-00-00-00-00-00-00-00-00-00-00-00-00-00-00-00-00-00-00-00-00-00-00-00-00-00-00-00-00-00-00-00-00-00-00-00-00-00-00-00-00-00-00-00-00-00-00-00-00-00-00-00-00-00-00-00-00-00-00-00
[12:06:58:234]50-41-0E-18-02-E1-00 [CMD_SENT][REMOTE_SET_MODE] is_remote=False
[12:06:58:237][HID_TX_ack]00-0D-50-49-01-C0-07-E3-01-00-03-00-0E-98-00-01-FF-FF-1D-00-00-00-00-02-00-E0-01-17-32-00-00-00-00-00-00-00-00-00-00-00-00-00-00-00-00-00-00-00-00-00-00-00-00-00-00-00-00-00-00-00-00-00-00-00-00
[12:06:58:237]50-49-01-C0-07-E3-01-00-03-00-0E-98-00
[12:06:58:237]ystech_Power_Saving, is_EnablePowerSaving=True
[12:06:58:237][HID_TX]00-85-01-73-56-02-00-00-00-00-00-00-00-00-00-00-00-00-00-00-00-00-00-00-00-00-00-00-00-00-00-00-00-00-00-00-00-00-00-00-00-00-00-00-00-00-00-00-00-00-00-00-00-00-00-00-00-00-00-00-00-00-00-00-00
[12:06:58:239]HidD_GetInputReport=True
[12:06:58:239]reply_report=00-4F-00-00-00-00-00-00-00-00-00-00-00-00-00-00-00-00-00-00-00-00-00-00-00-00-00-00-00-00-00-00-00-00-00-00-00-00-00-00-00-00-00-00-00-00-00-00-00-00-00-00-00-00-00-00-00-00-00-00-00-00-00-00-00
[12:06:58:239]HID_CMD_POWER_SAVING_Enable
[12:06:58:239]close_hid_stream
[12:06:58:239]close_hid_handle
