[01:33:48:590]\\?\hid#dell09c2&col02#5&bc4dc33&0&0001#{4d1e55b2-f16f-11cf-88cb-001111000030}
[01:33:48:590]\\?\hid#dell09c2&col03#5&bc4dc33&0&0002#{4d1e55b2-f16f-11cf-88cb-001111000030}
[01:33:48:590]\\?\hid#intc816&col01#3&207f9b7f&0&0000#{4d1e55b2-f16f-11cf-88cb-001111000030}
[01:33:48:590]\\?\hid#intc816&col02#3&207f9b7f&0&0001#{4d1e55b2-f16f-11cf-88cb-001111000030}
[01:33:48:590]\\?\hid#converteddevice&col02#5&17bac0a6&0&0001#{4d1e55b2-f16f-11cf-88cb-001111000030}
[01:33:48:590]\\?\hid#converteddevice&col03#5&17bac0a6&0&0002#{4d1e55b2-f16f-11cf-88cb-001111000030}
[01:33:48:590]\\?\hid#dell09c2&col04#5&bc4dc33&0&0003#{4d1e55b2-f16f-11cf-88cb-001111000030}
[01:33:48:590]\\?\hid#{00001812-0000-1000-8000-00805f9b34fb}_dev_vid&0232c2_pid&0001_rev&0068_ccb624cd66b1#9&326e3aae&0&0000#{4d1e55b2-f16f-11cf-88cb-001111000030}
[01:33:48:590]\\?\hid#dell09c2&col05#5&bc4dc33&0&0004#{4d1e55b2-f16f-11cf-88cb-001111000030}
[01:33:48:590]\\?\hid#converteddevice&col01#5&17bac0a6&0&0000#{4d1e55b2-f16f-11cf-88cb-001111000030}\kbd
[01:33:48:590]\\?\hid#dell09c2&col01#5&bc4dc33&0&0000#{4d1e55b2-f16f-11cf-88cb-001111000030}
[01:33:48:590]\\?\hid#vid_046d&pid_0adf&mi_00#7&3ad8dff3&0&0000#{4d1e55b2-f16f-11cf-88cb-001111000030}
[01:33:48:590]\\?\hid#vid_046d&pid_0adf&mi_04#7&18e94d0e&0&0000#{4d1e55b2-f16f-11cf-88cb-001111000030}
[01:33:48:592]try_path=\\?\hid#vid_046d&pid_0adf&mi_00#7&3ad8dff3&0&0000#{4d1e55b2-f16f-11cf-88cb-001111000030}
[01:33:48:594]	InputReportByteLength=65
[01:33:48:594]	OutputReportByteLength=65
[01:33:48:594]HID_Connected=\\?\hid#vid_046d&pid_0adf&mi_00#7&3ad8dff3&0&0000#{4d1e55b2-f16f-11cf-88cb-001111000030}
[01:33:48:595][HID_TX]00-84-01-D1-55-01-00-00-00-00-00-00-00-00-00-00-00-00-00-00-00-00-00-00-00-00-00-00-00-00-00-00-00-00-00-00-00-00-00-00-00-00-00-00-00-00-00-00-00-00-00-00-00-00-00-00-00-00-00-00-00-00-00-00-00
[01:33:48:596]HidD_GetInputReport=True
[01:33:48:596]reply_report=00-4F-56-31-2E-38-2E-35-2E-31-00-00-00-00-00-00-00-00-00-00-00-00-00-00-00-00-00-00-00-00-00-00-00-00-00-00-00-00-00-00-00-00-00-00-00-00-00-00-00-00-00-00-00-00-00-00-00-00-00-00-00-00-00-00-00
[01:33:48:596][ys_tech] fw_version=V1.8.5.1
[01:33:48:597]ystech_Power_Saving, is_EnablePowerSaving=False
[01:33:48:597][HID_TX]00-85-01-83-8B-01-00-00-00-00-00-00-00-00-00-00-00-00-00-00-00-00-00-00-00-00-00-00-00-00-00-00-00-00-00-00-00-00-00-00-00-00-00-00-00-00-00-00-00-00-00-00-00-00-00-00-00-00-00-00-00-00-00-00-00
[01:33:48:598]HidD_GetInputReport=True
[01:33:48:598]reply_report=00-46-00-00-00-00-00-00-00-00-00-00-00-00-00-00-00-00-00-00-00-00-00-00-00-00-00-00-00-00-00-00-00-00-00-00-00-00-00-00-00-00-00-00-00-00-00-00-00-00-00-00-00-00-00-00-00-00-00-00-00-00-00-00-00
[01:33:48:613][Response Fail][System.Exception]
[01:33:48:620]   at ..(Boolean  )
   at ..(Byte  , Byte[]  )
[01:33:48:671]_ystech_retry_count=1
[01:33:48:671][HID_TX]00-85-01-83-8B-01-00-00-00-00-00-00-00-00-00-00-00-00-00-00-00-00-00-00-00-00-00-00-00-00-00-00-00-00-00-00-00-00-00-00-00-00-00-00-00-00-00-00-00-00-00-00-00-00-00-00-00-00-00-00-00-00-00-00-00
[01:33:48:672]HidD_GetInputReport=True
[01:33:48:672]reply_report=00-4F-00-00-00-00-00-00-00-00-00-00-00-00-00-00-00-00-00-00-00-00-00-00-00-00-00-00-00-00-00-00-00-00-00-00-00-00-00-00-00-00-00-00-00-00-00-00-00-00-00-00-00-00-00-00-00-00-00-00-00-00-00-00-00
[01:33:48:672]HID_CMD_POWER_SAVING_Disable
[01:33:48:672]path_connected=\\?\hid#vid_046d&pid_0adf&mi_00#7&3ad8dff3&0&0000#{4d1e55b2-f16f-11cf-88cb-001111000030}
[01:33:57:592][HID_TX]00-80-06-1C-7D-50-41-0E-01-01-E0-00-00-00-00-00-00-00-00-00-00-00-00-00-00-00-00-00-00-00-00-00-00-00-00-00-00-00-00-00-00-00-00-00-00-00-00-00-00-00-00-00-00-00-00-00-00-00-00-00-00-00-00-00-00
[01:33:57:593]HidD_GetInputReport=True
[01:33:57:593]reply_report=00-4F-00-00-00-00-00-00-00-00-00-00-00-00-00-00-00-00-00-00-00-00-00-00-00-00-00-00-00-00-00-00-00-00-00-00-00-00-00-00-00-00-00-00-00-00-00-00-00-00-00-00-00-00-00-00-00-00-00-00-00-00-00-00-00
[01:33:57:593]50-41-0E-01-01-E0 [CMD_SENT][REMOTE_GET_MODE]
[01:33:57:597][HID_TX_ack]00-19-50-49-01-C0-A5-26-01-00-03-00-0E-81-00-50-49-0E-D4-00-00-00-00-02-00-E0-00-52-65-61-64-20-46-69-6C-65-5B-32-33-36-5D-50-49-01-D2-70-3C-00-00-11-00-02-0F-47-65-74-20-46-69-6C-65-20-45-72-72
[01:33:57:619]REMOTE_GET_MODE=00
[01:33:57:619]50-49-01-C0-A5-26-01-00-03-00-0E-81-00
[01:33:57:619]50-49-0E-D4-00-00-00-00-02-00-E0-00-
[01:33:57:620][HID_TX]00-80-07-F5-A5-50-41-0E-02-02-E1-01-00-00-00-00-00-00-00-00-00-00-00-00-00-00-00-00-00-00-00-00-00-00-00-00-00-00-00-00-00-00-00-00-00-00-00-00-00-00-00-00-00-00-00-00-00-00-00-00-00-00-00-00-00
[01:33:57:621]HidD_GetInputReport=True
[01:33:57:621]reply_report=00-4F-00-00-00-00-00-00-00-00-00-00-00-00-00-00-00-00-00-00-00-00-00-00-00-00-00-00-00-00-00-00-00-00-00-00-00-00-00-00-00-00-00-00-00-00-00-00-00-00-00-00-00-00-00-00-00-00-00-00-00-00-00-00-00
[01:33:57:621]50-41-0E-02-02-E1-01 [CMD_SENT][REMOTE_SET_MODE] is_remote=True
[01:33:57:624][HID_TX_ack]00-0D-50-49-01-C0-BC-26-01-00-03-00-0E-82-00-50-49-0E-D4-00-00-00-00-02-00-E0-00-52-65-61-64-20-46-69-6C-65-5B-32-33-36-5D-50-49-01-D2-70-3C-00-00-11-00-02-0F-47-65-74-20-46-69-6C-65-20-45-72-72
[01:33:57:624]50-49-01-C0-BC-26-01-00-03-00-0E-82-00
[01:33:57:624][HID_TX]00-80-13-A8-D9-50-41-06-03-0D-00-25-34-12-5A-5A-01-00-00-00-F0-00-00-00-00-00-00-00-00-00-00-00-00-00-00-00-00-00-00-00-00-00-00-00-00-00-00-00-00-00-00-00-00-00-00-00-00-00-00-00-00-00-00-00-00
[01:33:57:625]HidD_GetInputReport=True
[01:33:57:625]reply_report=00-4F-00-00-00-00-00-00-00-00-00-00-00-00-00-00-00-00-00-00-00-00-00-00-00-00-00-00-00-00-00-00-00-00-00-00-00-00-00-00-00-00-00-00-00-00-00-00-00-00-00-00-00-00-00-00-00-00-00-00-00-00-00-00-00
[01:33:57:625]50-41-06-03-0D-00-25-34-12-5A-5A-01-00-00-00-F0-00-00-00 [CMD_SENT][OTA_CMD_IOCTL][READ_MAX_LEN]
[01:33:57:646][HID_TX_ack]00-11-50-49-01-D5-64-46-01-00-07-00-06-83-00-F0-00-00-00-00-00-00-00-02-00-E0-00-52-65-61-64-20-46-69-6C-65-5B-32-33-36-5D-50-49-01-D2-70-3C-00-00-11-00-02-0F-47-65-74-20-46-69-6C-65-20-45-72-72
[01:33:57:646]50-49-01-D5-64-46-01-00-07-00-06-83-00-F0-00-00-00
[01:33:57:646][HID_TX]00-80-06-2F-BD-50-41-0E-04-01-E0-00-00-00-00-00-00-00-00-00-00-00-00-00-00-00-00-00-00-00-00-00-00-00-00-00-00-00-00-00-00-00-00-00-00-00-00-00-00-00-00-00-00-00-00-00-00-00-00-00-00-00-00-00-00
[01:33:57:647]HidD_GetInputReport=True
[01:33:57:647]reply_report=00-4F-00-00-00-00-00-00-00-00-00-00-00-00-00-00-00-00-00-00-00-00-00-00-00-00-00-00-00-00-00-00-00-00-00-00-00-00-00-00-00-00-00-00-00-00-00-00-00-00-00-00-00-00-00-00-00-00-00-00-00-00-00-00-00
[01:33:57:647]50-41-0E-04-01-E0 [CMD_SENT][REMOTE_GET_MODE]
[01:33:57:651][HID_TX_ack]00-19-50-49-01-C0-D1-26-01-00-03-00-0E-84-00-50-49-0E-D6-00-00-00-00-02-00-E0-01-52-65-61-64-20-46-69-6C-65-5B-32-33-36-5D-50-49-01-D2-70-3C-00-00-11-00-02-0F-47-65-74-20-46-69-6C-65-20-45-72-72
[01:33:57:651]50-49-01-C0-D1-26-01-00-03-00-0E-84-00
[01:33:57:651]50-49-0E-D6-00-00-00-00-02-00-E0-01-
[01:33:57:651]REMOTE_GET_MODE=01
[01:33:57:652][HID_TX]00-80-15-55-33-50-41-02-05-10-74-72-61-63-65-72-20-6E-76-64-73-72-20-32-33-36-00-00-00-00-00-00-00-00-00-00-00-00-00-00-00-00-00-00-00-00-00-00-00-00-00-00-00-00-00-00-00-00-00-00-00-00-00-00-00
[01:33:57:653]HidD_GetInputReport=True
[01:33:57:653]reply_report=00-4F-00-00-00-00-00-00-00-00-00-00-00-00-00-00-00-00-00-00-00-00-00-00-00-00-00-00-00-00-00-00-00-00-00-00-00-00-00-00-00-00-00-00-00-00-00-00-00-00-00-00-00-00-00-00-00-00-00-00-00-00-00-00-00
[01:33:57:653]50-41-02-05-10-74-72-61-63-65-72-20-6E-76-64-73-72-20-32-33-36 [CMD_SENT][write_tracer][tracer nvdsr 236]
[01:33:57:664][HID_TX_ack]00-27-50-49-01-D7-77-46-01-00-1D-00-02-05-2D-2D-2D-2D-2D-2D-2D-2D-4E-56-44-53-20-52-65-61-64-20-46-69-6C-65-5B-32-33-36-5D-50-49-01-D2-70-3C-00-00-11-00-02-0F-47-65-74-20-46-69-6C-65-20-45-72-72
[01:33:57:664]50-49-01-D7-77-46-01-00-1D-00-02-05-2D-2D-2D-2D-2D-2D-2D-2D-4E-56-44-53-20-52-65-61-64-20-46-69-6C-65-5B-32-33-36-5D
[01:33:57:672][HID_TX_ack]00-1B-50-49-01-D8-7F-46-01-00-11-00-02-05-47-65-74-20-46-69-6C-65-20-45-72-72-6F-72-21-61-64-20-46-69-6C-65-5B-32-33-36-5D-50-49-01-D2-70-3C-00-00-11-00-02-0F-47-65-74-20-46-69-6C-65-20-45-72-72
[01:33:57:672]50-49-01-D8-7F-46-01-00-11-00-02-05-47-65-74-20-46-69-6C-65-20-45-72-72-6F-72-21
[01:33:57:741][HID_TX_ack]00-0C-50-49-01-D9-7F-46-01-00-02-00-02-85-47-65-74-20-46-69-6C-65-20-45-72-72-6F-72-21-61-64-20-46-69-6C-65-5B-32-33-36-5D-50-49-01-D2-70-3C-00-00-11-00-02-0F-47-65-74-20-46-69-6C-65-20-45-72-72
[01:33:57:741]50-49-01-D9-7F-46-01-00-02-00-02-85-
[01:33:57:741][write_tracer_result]
[01:33:57:741][write_tracer_result]--------NVDS Read File[236]Get File Error!
[01:33:57:741]rep1=--------NVDS Read File[236]Get File Error!
[01:33:57:741]rep2=]Get File Error!
[01:33:57:741][HID_TX]00-80-15-5B-83-50-41-02-06-10-74-72-61-63-65-72-20-6E-76-64-73-72-20-32-33-36-00-00-00-00-00-00-00-00-00-00-00-00-00-00-00-00-00-00-00-00-00-00-00-00-00-00-00-00-00-00-00-00-00-00-00-00-00-00-00
[01:33:57:742]HidD_GetInputReport=True
[01:33:57:742]reply_report=00-4F-00-00-00-00-00-00-00-00-00-00-00-00-00-00-00-00-00-00-00-00-00-00-00-00-00-00-00-00-00-00-00-00-00-00-00-00-00-00-00-00-00-00-00-00-00-00-00-00-00-00-00-00-00-00-00-00-00-00-00-00-00-00-00
[01:33:57:742]50-41-02-06-10-74-72-61-63-65-72-20-6E-76-64-73-72-20-32-33-36 [CMD_SENT][write_tracer][tracer nvdsr 236]
[01:33:57:770][HID_TX_ack]00-27-50-49-01-DA-CB-46-01-00-1D-00-02-06-2D-2D-2D-2D-2D-2D-2D-2D-4E-56-44-53-20-52-65-61-64-20-46-69-6C-65-5B-32-33-36-5D-50-49-01-D2-70-3C-00-00-11-00-02-0F-47-65-74-20-46-69-6C-65-20-45-72-72
[01:33:57:770]50-49-01-DA-CB-46-01-00-1D-00-02-06-2D-2D-2D-2D-2D-2D-2D-2D-4E-56-44-53-20-52-65-61-64-20-46-69-6C-65-5B-32-33-36-5D
[01:33:57:777][HID_TX_ack]00-1B-50-49-01-DB-D3-46-01-00-11-00-02-06-47-65-74-20-46-69-6C-65-20-45-72-72-6F-72-21-61-64-20-46-69-6C-65-5B-32-33-36-5D-50-49-01-D2-70-3C-00-00-11-00-02-0F-47-65-74-20-46-69-6C-65-20-45-72-72
[01:33:57:777]50-49-01-DB-D3-46-01-00-11-00-02-06-47-65-74-20-46-69-6C-65-20-45-72-72-6F-72-21
[01:33:57:845][HID_TX_ack]00-0C-50-49-01-DC-D3-46-01-00-02-00-02-86-47-65-74-20-46-69-6C-65-20-45-72-72-6F-72-21-61-64-20-46-69-6C-65-5B-32-33-36-5D-50-49-01-D2-70-3C-00-00-11-00-02-0F-47-65-74-20-46-69-6C-65-20-45-72-72
[01:33:57:845]50-49-01-DC-D3-46-01-00-02-00-02-86-
[01:33:57:845][write_tracer_result]
[01:33:57:845][write_tracer_result]--------NVDS Read File[236]Get File Error!
[01:33:57:845]rep1=--------NVDS Read File[236]Get File Error!
[01:33:57:845]rep2=]Get File Error!
