[10:44:32:341]\\?\hid#dell09c2&col02#5&bc4dc33&0&0001#{4d1e55b2-f16f-11cf-88cb-001111000030}
[10:44:32:341]\\?\hid#dell09c2&col03#5&bc4dc33&0&0002#{4d1e55b2-f16f-11cf-88cb-001111000030}
[10:44:32:341]\\?\hid#intc816&col01#3&207f9b7f&0&0000#{4d1e55b2-f16f-11cf-88cb-001111000030}
[10:44:32:341]\\?\hid#intc816&col02#3&207f9b7f&0&0001#{4d1e55b2-f16f-11cf-88cb-001111000030}
[10:44:32:341]\\?\hid#converteddevice&col02#5&17bac0a6&0&0001#{4d1e55b2-f16f-11cf-88cb-001111000030}
[10:44:32:341]\\?\hid#converteddevice&col03#5&17bac0a6&0&0002#{4d1e55b2-f16f-11cf-88cb-001111000030}
[10:44:32:341]\\?\hid#dell09c2&col04#5&bc4dc33&0&0003#{4d1e55b2-f16f-11cf-88cb-001111000030}
[10:44:32:341]\\?\hid#{00001812-0000-1000-8000-00805f9b34fb}_dev_vid&0232c2_pid&0001_rev&0068_ccb624cd66b1#9&326e3aae&0&0000#{4d1e55b2-f16f-11cf-88cb-001111000030}
[10:44:32:342]\\?\hid#dell09c2&col05#5&bc4dc33&0&0004#{4d1e55b2-f16f-11cf-88cb-001111000030}
[10:44:32:342]\\?\hid#converteddevice&col01#5&17bac0a6&0&0000#{4d1e55b2-f16f-11cf-88cb-001111000030}\kbd
[10:44:32:342]\\?\hid#dell09c2&col01#5&bc4dc33&0&0000#{4d1e55b2-f16f-11cf-88cb-001111000030}
[10:44:32:342]\\?\hid#vid_046d&pid_0adf&mi_00#7&3ad8dff3&0&0000#{4d1e55b2-f16f-11cf-88cb-001111000030}
[10:44:32:342]\\?\hid#vid_046d&pid_0adf&mi_04#7&18e94d0e&0&0000#{4d1e55b2-f16f-11cf-88cb-001111000030}
[10:44:32:346]try_path=\\?\hid#vid_046d&pid_0adf&mi_00#7&3ad8dff3&0&0000#{4d1e55b2-f16f-11cf-88cb-001111000030}
[10:44:32:347]	InputReportByteLength=65
[10:44:32:348]	OutputReportByteLength=65
[10:44:32:348]HID_Connected=\\?\hid#vid_046d&pid_0adf&mi_00#7&3ad8dff3&0&0000#{4d1e55b2-f16f-11cf-88cb-001111000030}
[10:44:32:349][HID_TX]00-84-01-D1-55-01-00-00-00-00-00-00-00-00-00-00-00-00-00-00-00-00-00-00-00-00-00-00-00-00-00-00-00-00-00-00-00-00-00-00-00-00-00-00-00-00-00-00-00-00-00-00-00-00-00-00-00-00-00-00-00-00-00-00-00
[10:44:32:351]HidD_GetInputReport=True
[10:44:32:351]reply_report=00-4F-56-31-2E-38-2E-35-2E-31-00-00-00-00-00-00-00-00-00-00-00-00-00-00-00-00-00-00-00-00-00-00-00-00-00-00-00-00-00-00-00-00-00-00-00-00-00-00-00-00-00-00-00-00-00-00-00-00-00-00-00-00-00-00-00
[10:44:32:351][ys_tech] fw_version=V1.8.5.1
[10:44:32:352]ystech_Power_Saving, is_EnablePowerSaving=False
[10:44:32:352][HID_TX]00-85-01-83-8B-01-00-00-00-00-00-00-00-00-00-00-00-00-00-00-00-00-00-00-00-00-00-00-00-00-00-00-00-00-00-00-00-00-00-00-00-00-00-00-00-00-00-00-00-00-00-00-00-00-00-00-00-00-00-00-00-00-00-00-00
[10:44:32:353]HidD_GetInputReport=True
[10:44:32:353]reply_report=00-46-00-00-00-00-00-00-00-00-00-00-00-00-00-00-00-00-00-00-00-00-00-00-00-00-00-00-00-00-00-00-00-00-00-00-00-00-00-00-00-00-00-00-00-00-00-00-00-00-00-00-00-00-00-00-00-00-00-00-00-00-00-00-00
[10:44:32:370][Response Fail][System.Exception]
[10:44:32:375]   at ..(Boolean  )
   at ..(Byte  , Byte[]  )
[10:44:32:436]_ystech_retry_count=1
[10:44:32:436][HID_TX]00-85-01-83-8B-01-00-00-00-00-00-00-00-00-00-00-00-00-00-00-00-00-00-00-00-00-00-00-00-00-00-00-00-00-00-00-00-00-00-00-00-00-00-00-00-00-00-00-00-00-00-00-00-00-00-00-00-00-00-00-00-00-00-00-00
[10:44:32:438]HidD_GetInputReport=True
[10:44:32:438]reply_report=00-4F-00-00-00-00-00-00-00-00-00-00-00-00-00-00-00-00-00-00-00-00-00-00-00-00-00-00-00-00-00-00-00-00-00-00-00-00-00-00-00-00-00-00-00-00-00-00-00-00-00-00-00-00-00-00-00-00-00-00-00-00-00-00-00
[10:44:32:438]HID_CMD_POWER_SAVING_Disable
[10:44:32:438]path_connected=\\?\hid#vid_046d&pid_0adf&mi_00#7&3ad8dff3&0&0000#{4d1e55b2-f16f-11cf-88cb-001111000030}
[10:44:33:621][HID_TX]00-80-06-1C-7D-50-41-0E-01-01-E0-00-00-00-00-00-00-00-00-00-00-00-00-00-00-00-00-00-00-00-00-00-00-00-00-00-00-00-00-00-00-00-00-00-00-00-00-00-00-00-00-00-00-00-00-00-00-00-00-00-00-00-00-00-00
[10:44:33:622]HidD_GetInputReport=True
[10:44:33:622]reply_report=00-4F-00-00-00-00-00-00-00-00-00-00-00-00-00-00-00-00-00-00-00-00-00-00-00-00-00-00-00-00-00-00-00-00-00-00-00-00-00-00-00-00-00-00-00-00-00-00-00-00-00-00-00-00-00-00-00-00-00-00-00-00-00-00-00
[10:44:33:622]50-41-0E-01-01-E0 [CMD_SENT][REMOTE_GET_MODE]
[10:44:33:627][HID_TX_ack]00-19-50-49-01-C0-F2-DC-06-00-03-00-0E-81-00-50-49-0E-F2-00-00-00-00-02-00-E0-00-17-49-01-C0-55-AB-06-00-03-00-11-EB-18-50-49-01-C0-56-AB-06-00-03-00-11-EC-17-00-00-00-00-00-00-00-00-00-00-00-00
[10:44:33:630]REMOTE_GET_MODE=00
[10:44:33:631]50-49-01-C0-F2-DC-06-00-03-00-0E-81-00
[10:44:33:631]50-49-0E-F2-00-00-00-00-02-00-E0-00-
[10:44:33:631][HID_TX]00-80-07-F5-A5-50-41-0E-02-02-E1-01-00-00-00-00-00-00-00-00-00-00-00-00-00-00-00-00-00-00-00-00-00-00-00-00-00-00-00-00-00-00-00-00-00-00-00-00-00-00-00-00-00-00-00-00-00-00-00-00-00-00-00-00-00
[10:44:33:632]HidD_GetInputReport=True
[10:44:33:632]reply_report=00-4F-00-00-00-00-00-00-00-00-00-00-00-00-00-00-00-00-00-00-00-00-00-00-00-00-00-00-00-00-00-00-00-00-00-00-00-00-00-00-00-00-00-00-00-00-00-00-00-00-00-00-00-00-00-00-00-00-00-00-00-00-00-00-00
[10:44:33:632]50-41-0E-02-02-E1-01 [CMD_SENT][REMOTE_SET_MODE] is_remote=True
[10:44:33:635][HID_TX_ack]00-0D-50-49-01-C0-FA-DC-06-00-03-00-0E-82-00-50-49-0E-F2-00-00-00-00-02-00-E0-00-17-49-01-C0-55-AB-06-00-03-00-11-EB-18-50-49-01-C0-56-AB-06-00-03-00-11-EC-17-00-00-00-00-00-00-00-00-00-00-00-00
[10:44:33:635]50-49-01-C0-FA-DC-06-00-03-00-0E-82-00
[10:44:33:635][HID_TX]00-80-13-A8-D9-50-41-06-03-0D-00-25-34-12-5A-5A-01-00-00-00-F0-00-00-00-00-00-00-00-00-00-00-00-00-00-00-00-00-00-00-00-00-00-00-00-00-00-00-00-00-00-00-00-00-00-00-00-00-00-00-00-00-00-00-00-00
[10:44:33:636]HidD_GetInputReport=True
[10:44:33:636]reply_report=00-4F-00-00-00-00-00-00-00-00-00-00-00-00-00-00-00-00-00-00-00-00-00-00-00-00-00-00-00-00-00-00-00-00-00-00-00-00-00-00-00-00-00-00-00-00-00-00-00-00-00-00-00-00-00-00-00-00-00-00-00-00-00-00-00
[10:44:33:636]50-41-06-03-0D-00-25-34-12-5A-5A-01-00-00-00-F0-00-00-00 [CMD_SENT][OTA_CMD_IOCTL][READ_MAX_LEN]
[10:44:33:663][HID_TX_ack]00-11-50-49-01-F3-D0-21-08-00-07-00-06-83-00-F0-00-00-00-00-00-00-00-02-00-E0-00-17-49-01-C0-55-AB-06-00-03-00-11-EB-18-50-49-01-C0-56-AB-06-00-03-00-11-EC-17-00-00-00-00-00-00-00-00-00-00-00-00
[10:44:33:663]50-49-01-F3-D0-21-08-00-07-00-06-83-00-F0-00-00-00
[10:44:33:663][HID_TX]00-80-06-2F-BD-50-41-0E-04-01-E0-00-00-00-00-00-00-00-00-00-00-00-00-00-00-00-00-00-00-00-00-00-00-00-00-00-00-00-00-00-00-00-00-00-00-00-00-00-00-00-00-00-00-00-00-00-00-00-00-00-00-00-00-00-00
[10:44:33:664]HidD_GetInputReport=True
[10:44:33:664]reply_report=00-4F-00-00-00-00-00-00-00-00-00-00-00-00-00-00-00-00-00-00-00-00-00-00-00-00-00-00-00-00-00-00-00-00-00-00-00-00-00-00-00-00-00-00-00-00-00-00-00-00-00-00-00-00-00-00-00-00-00-00-00-00-00-00-00
[10:44:33:664]50-41-0E-04-01-E0 [CMD_SENT][REMOTE_GET_MODE]
[10:44:33:667][HID_TX_ack]00-19-50-49-01-C0-14-DD-06-00-03-00-0E-84-00-50-49-0E-F4-00-00-00-00-02-00-E0-01-17-49-01-C0-55-AB-06-00-03-00-11-EB-18-50-49-01-C0-56-AB-06-00-03-00-11-EC-17-00-00-00-00-00-00-00-00-00-00-00-00
[10:44:33:667]50-49-01-C0-14-DD-06-00-03-00-0E-84-00
[10:44:33:667]50-49-0E-F4-00-00-00-00-02-00-E0-01-
[10:44:33:667]REMOTE_GET_MODE=01
[10:44:33:667][HID_TX]00-80-07-C3-0E-50-41-06-05-01-00-63-00-00-00-00-00-00-00-00-00-00-00-00-00-00-00-00-00-00-00-00-00-00-00-00-00-00-00-00-00-00-00-00-00-00-00-00-00-00-00-00-00-00-00-00-00-00-00-00-00-00-00-00-00
[10:44:33:668]HidD_GetInputReport=True
[10:44:33:668]reply_report=00-4F-00-00-00-00-00-00-00-00-00-00-00-00-00-00-00-00-00-00-00-00-00-00-00-00-00-00-00-00-00-00-00-00-00-00-00-00-00-00-00-00-00-00-00-00-00-00-00-00-00-00-00-00-00-00-00-00-00-00-00-00-00-00-00
[10:44:33:668]50-41-06-05-01-00-63 [CMD_SENT][CMD_GET_IO_LEVEL]
[10:44:33:679][HID_TX_ack]00-12-50-49-01-F5-DB-21-08-00-08-00-06-85-00-01-FF-FF-1F-00-00-00-00-02-00-E0-01-17-49-01-C0-55-AB-06-00-03-00-11-EB-18-50-49-01-C0-56-AB-06-00-03-00-11-EC-17-00-00-00-00-00-00-00-00-00-00-00-00
[10:44:33:679]50-49-01-F5-DB-21-08-00-08-00-06-85-00-01-FF-FF-1F-00
[10:44:33:896][HID_TX]00-80-06-C4-92-50-41-0E-06-01-E0-00-00-00-00-00-00-00-00-00-00-00-00-00-00-00-00-00-00-00-00-00-00-00-00-00-00-00-00-00-00-00-00-00-00-00-00-00-00-00-00-00-00-00-00-00-00-00-00-00-00-00-00-00-00
[10:44:33:897]HidD_GetInputReport=True
[10:44:33:897]reply_report=00-4F-00-00-00-00-00-00-00-00-00-00-00-00-00-00-00-00-00-00-00-00-00-00-00-00-00-00-00-00-00-00-00-00-00-00-00-00-00-00-00-00-00-00-00-00-00-00-00-00-00-00-00-00-00-00-00-00-00-00-00-00-00-00-00
[10:44:33:898]50-41-0E-06-01-E0 [CMD_SENT][REMOTE_GET_MODE]
[10:44:33:900][HID_TX_ack]00-19-50-49-01-C0-CE-DD-06-00-03-00-0E-86-00-50-49-0E-F6-00-00-00-00-02-00-E0-01-17-49-01-C0-55-AB-06-00-03-00-11-EB-18-50-49-01-C0-56-AB-06-00-03-00-11-EC-17-00-00-00-00-00-00-00-00-00-00-00-00
[10:44:33:900]50-49-01-C0-CE-DD-06-00-03-00-0E-86-00
[10:44:33:900]50-49-0E-F6-00-00-00-00-02-00-E0-01-
[10:44:33:900]REMOTE_GET_MODE=01
[10:44:33:900][HID_TX]00-80-07-28-21-50-41-06-07-01-00-63-00-00-00-00-00-00-00-00-00-00-00-00-00-00-00-00-00-00-00-00-00-00-00-00-00-00-00-00-00-00-00-00-00-00-00-00-00-00-00-00-00-00-00-00-00-00-00-00-00-00-00-00-00
[10:44:33:902]HidD_GetInputReport=True
[10:44:33:902]reply_report=00-4F-00-00-00-00-00-00-00-00-00-00-00-00-00-00-00-00-00-00-00-00-00-00-00-00-00-00-00-00-00-00-00-00-00-00-00-00-00-00-00-00-00-00-00-00-00-00-00-00-00-00-00-00-00-00-00-00-00-00-00-00-00-00-00
[10:44:33:902]50-41-06-07-01-00-63 [CMD_SENT][CMD_GET_IO_LEVEL]
[10:44:33:924][HID_TX_ack]00-12-50-49-01-F7-9E-22-08-00-08-00-06-87-00-01-FF-FF-1F-00-00-00-00-02-00-E0-01-17-49-01-C0-55-AB-06-00-03-00-11-EB-18-50-49-01-C0-56-AB-06-00-03-00-11-EC-17-00-00-00-00-00-00-00-00-00-00-00-00
[10:44:33:924]50-49-01-F7-9E-22-08-00-08-00-06-87-00-01-FF-FF-1F-00
[10:44:34:141][HID_TX]00-80-06-55-5D-50-41-0E-08-01-E0-00-00-00-00-00-00-00-00-00-00-00-00-00-00-00-00-00-00-00-00-00-00-00-00-00-00-00-00-00-00-00-00-00-00-00-00-00-00-00-00-00-00-00-00-00-00-00-00-00-00-00-00-00-00
[10:44:34:142]HidD_GetInputReport=True
[10:44:34:143]reply_report=00-4F-00-00-00-00-00-00-00-00-00-00-00-00-00-00-00-00-00-00-00-00-00-00-00-00-00-00-00-00-00-00-00-00-00-00-00-00-00-00-00-00-00-00-00-00-00-00-00-00-00-00-00-00-00-00-00-00-00-00-00-00-00-00-00
[10:44:34:143]50-41-0E-08-01-E0 [CMD_SENT][REMOTE_GET_MODE]
[10:44:34:145][HID_TX_ack]00-19-50-49-01-C0-92-DE-06-00-03-00-0E-88-00-50-49-0E-F8-00-00-00-00-02-00-E0-01-17-49-01-C0-55-AB-06-00-03-00-11-EB-18-50-49-01-C0-56-AB-06-00-03-00-11-EC-17-00-00-00-00-00-00-00-00-00-00-00-00
[10:44:34:145]50-49-01-C0-92-DE-06-00-03-00-0E-88-00
[10:44:34:145]50-49-0E-F8-00-00-00-00-02-00-E0-01-
[10:44:34:145]REMOTE_GET_MODE=01
[10:44:34:145][HID_TX]00-80-07-B9-EE-50-41-06-09-01-00-63-00-00-00-00-00-00-00-00-00-00-00-00-00-00-00-00-00-00-00-00-00-00-00-00-00-00-00-00-00-00-00-00-00-00-00-00-00-00-00-00-00-00-00-00-00-00-00-00-00-00-00-00-00
[10:44:34:146]HidD_GetInputReport=True
[10:44:34:146]reply_report=00-4F-00-00-00-00-00-00-00-00-00-00-00-00-00-00-00-00-00-00-00-00-00-00-00-00-00-00-00-00-00-00-00-00-00-00-00-00-00-00-00-00-00-00-00-00-00-00-00-00-00-00-00-00-00-00-00-00-00-00-00-00-00-00-00
[10:44:34:146]50-41-06-09-01-00-63 [CMD_SENT][CMD_GET_IO_LEVEL]
[10:44:34:169][HID_TX_ack]00-12-50-49-01-F9-5E-23-08-00-08-00-06-89-00-01-FF-FF-1F-00-00-00-00-02-00-E0-01-17-49-01-C0-55-AB-06-00-03-00-11-EB-18-50-49-01-C0-56-AB-06-00-03-00-11-EC-17-00-00-00-00-00-00-00-00-00-00-00-00
[10:44:34:169]50-49-01-F9-5E-23-08-00-08-00-06-89-00-01-FF-FF-1F-00
[10:44:34:388][HID_TX]00-80-06-BE-72-50-41-0E-0A-01-E0-00-00-00-00-00-00-00-00-00-00-00-00-00-00-00-00-00-00-00-00-00-00-00-00-00-00-00-00-00-00-00-00-00-00-00-00-00-00-00-00-00-00-00-00-00-00-00-00-00-00-00-00-00-00
[10:44:34:390]HidD_GetInputReport=True
[10:44:34:390]reply_report=00-4F-00-00-00-00-00-00-00-00-00-00-00-00-00-00-00-00-00-00-00-00-00-00-00-00-00-00-00-00-00-00-00-00-00-00-00-00-00-00-00-00-00-00-00-00-00-00-00-00-00-00-00-00-00-00-00-00-00-00-00-00-00-00-00
[10:44:34:390]50-41-0E-0A-01-E0 [CMD_SENT][REMOTE_GET_MODE]
[10:44:34:393][HID_TX_ack]00-19-50-49-01-C0-58-DF-06-00-03-00-0E-8A-00-50-49-0E-FA-00-00-00-00-02-00-E0-01-17-49-01-C0-55-AB-06-00-03-00-11-EB-18-50-49-01-C0-56-AB-06-00-03-00-11-EC-17-00-00-00-00-00-00-00-00-00-00-00-00
[10:44:34:395]50-49-01-C0-58-DF-06-00-03-00-0E-8A-00
[10:44:34:395]50-49-0E-FA-00-00-00-00-02-00-E0-01-
[10:44:34:398]REMOTE_GET_MODE=01
[10:44:34:398][HID_TX]00-80-07-52-C1-50-41-06-0B-01-00-63-00-00-00-00-00-00-00-00-00-00-00-00-00-00-00-00-00-00-00-00-00-00-00-00-00-00-00-00-00-00-00-00-00-00-00-00-00-00-00-00-00-00-00-00-00-00-00-00-00-00-00-00-00
[10:44:34:399]HidD_GetInputReport=True
[10:44:34:399]reply_report=00-4F-00-00-00-00-00-00-00-00-00-00-00-00-00-00-00-00-00-00-00-00-00-00-00-00-00-00-00-00-00-00-00-00-00-00-00-00-00-00-00-00-00-00-00-00-00-00-00-00-00-00-00-00-00-00-00-00-00-00-00-00-00-00-00
[10:44:34:399]50-41-06-0B-01-00-63 [CMD_SENT][CMD_GET_IO_LEVEL]
[10:44:34:433][HID_TX_ack]00-12-50-49-01-FB-25-24-08-00-08-00-06-8B-00-01-FF-FF-1F-00-00-00-00-02-00-E0-01-17-49-01-C0-55-AB-06-00-03-00-11-EB-18-50-49-01-C0-56-AB-06-00-03-00-11-EC-17-00-00-00-00-00-00-00-00-00-00-00-00
[10:44:34:433]50-49-01-FB-25-24-08-00-08-00-06-8B-00-01-FF-FF-1F-00
[10:44:34:652][HID_TX]00-80-06-83-02-50-41-0E-0C-01-E0-00-00-00-00-00-00-00-00-00-00-00-00-00-00-00-00-00-00-00-00-00-00-00-00-00-00-00-00-00-00-00-00-00-00-00-00-00-00-00-00-00-00-00-00-00-00-00-00-00-00-00-00-00-00
[10:44:34:652]HidD_GetInputReport=True
[10:44:34:652]reply_report=00-4F-00-00-00-00-00-00-00-00-00-00-00-00-00-00-00-00-00-00-00-00-00-00-00-00-00-00-00-00-00-00-00-00-00-00-00-00-00-00-00-00-00-00-00-00-00-00-00-00-00-00-00-00-00-00-00-00-00-00-00-00-00-00-00
[10:44:34:652]50-41-0E-0C-01-E0 [CMD_SENT][REMOTE_GET_MODE]
[10:44:34:656][HID_TX_ack]00-19-50-49-01-C0-2A-E0-06-00-03-00-0E-8C-00-50-49-0E-FC-00-00-00-00-02-00-E0-01-17-49-01-C0-55-AB-06-00-03-00-11-EB-18-50-49-01-C0-56-AB-06-00-03-00-11-EC-17-00-00-00-00-00-00-00-00-00-00-00-00
[10:44:34:656]50-49-01-C0-2A-E0-06-00-03-00-0E-8C-00
[10:44:34:656]50-49-0E-FC-00-00-00-00-02-00-E0-01-
[10:44:34:656]REMOTE_GET_MODE=01
[10:44:34:657][HID_TX]00-80-07-6F-B1-50-41-06-0D-01-00-63-00-00-00-00-00-00-00-00-00-00-00-00-00-00-00-00-00-00-00-00-00-00-00-00-00-00-00-00-00-00-00-00-00-00-00-00-00-00-00-00-00-00-00-00-00-00-00-00-00-00-00-00-00
[10:44:34:657]HidD_GetInputReport=True
[10:44:34:657]reply_report=00-4F-00-00-00-00-00-00-00-00-00-00-00-00-00-00-00-00-00-00-00-00-00-00-00-00-00-00-00-00-00-00-00-00-00-00-00-00-00-00-00-00-00-00-00-00-00-00-00-00-00-00-00-00-00-00-00-00-00-00-00-00-00-00-00
[10:44:34:657]50-41-06-0D-01-00-63 [CMD_SENT][CMD_GET_IO_LEVEL]
[10:44:34:676][HID_TX_ack]00-12-50-49-01-FD-F3-24-08-00-08-00-06-8D-00-01-FF-FF-1F-00-00-00-00-02-00-E0-01-17-49-01-C0-55-AB-06-00-03-00-11-EB-18-50-49-01-C0-56-AB-06-00-03-00-11-EC-17-00-00-00-00-00-00-00-00-00-00-00-00
[10:44:34:676]50-49-01-FD-F3-24-08-00-08-00-06-8D-00-01-FF-FF-1F-00
[10:44:34:899][HID_TX]00-80-06-68-2D-50-41-0E-0E-01-E0-00-00-00-00-00-00-00-00-00-00-00-00-00-00-00-00-00-00-00-00-00-00-00-00-00-00-00-00-00-00-00-00-00-00-00-00-00-00-00-00-00-00-00-00-00-00-00-00-00-00-00-00-00-00
[10:44:34:901]HidD_GetInputReport=True
[10:44:34:901]reply_report=00-4F-00-00-00-00-00-00-00-00-00-00-00-00-00-00-00-00-00-00-00-00-00-00-00-00-00-00-00-00-00-00-00-00-00-00-00-00-00-00-00-00-00-00-00-00-00-00-00-00-00-00-00-00-00-00-00-00-00-00-00-00-00-00-00
[10:44:34:901]50-41-0E-0E-01-E0 [CMD_SENT][REMOTE_GET_MODE]
[10:44:34:903][HID_TX_ack]00-19-50-49-01-C0-F0-E0-06-00-03-00-0E-8E-00-50-49-0E-FE-00-00-00-00-02-00-E0-01-17-49-01-C0-55-AB-06-00-03-00-11-EB-18-50-49-01-C0-56-AB-06-00-03-00-11-EC-17-00-00-00-00-00-00-00-00-00-00-00-00
[10:44:34:903]50-49-01-C0-F0-E0-06-00-03-00-0E-8E-00
[10:44:34:903]50-49-0E-FE-00-00-00-00-02-00-E0-01-
[10:44:34:903]REMOTE_GET_MODE=01
[10:44:34:903][HID_TX]00-80-07-84-9E-50-41-06-0F-01-00-63-00-00-00-00-00-00-00-00-00-00-00-00-00-00-00-00-00-00-00-00-00-00-00-00-00-00-00-00-00-00-00-00-00-00-00-00-00-00-00-00-00-00-00-00-00-00-00-00-00-00-00-00-00
[10:44:34:905]HidD_GetInputReport=True
[10:44:34:905]reply_report=00-4F-00-00-00-00-00-00-00-00-00-00-00-00-00-00-00-00-00-00-00-00-00-00-00-00-00-00-00-00-00-00-00-00-00-00-00-00-00-00-00-00-00-00-00-00-00-00-00-00-00-00-00-00-00-00-00-00-00-00-00-00-00-00-00
[10:44:34:905]50-41-06-0F-01-00-63 [CMD_SENT][CMD_GET_IO_LEVEL]
[10:44:34:939][HID_TX_ack]00-12-50-49-01-FF-BC-25-08-00-08-00-06-8F-00-01-FF-FF-1F-00-00-00-00-02-00-E0-01-17-49-01-C0-55-AB-06-00-03-00-11-EB-18-50-49-01-C0-56-AB-06-00-03-00-11-EC-17-00-00-00-00-00-00-00-00-00-00-00-00
[10:44:34:939]50-49-01-FF-BC-25-08-00-08-00-06-8F-00-01-FF-FF-1F-00
[10:44:35:162][HID_TX]00-80-06-80-8D-50-41-0E-10-01-E0-00-00-00-00-00-00-00-00-00-00-00-00-00-00-00-00-00-00-00-00-00-00-00-00-00-00-00-00-00-00-00-00-00-00-00-00-00-00-00-00-00-00-00-00-00-00-00-00-00-00-00-00-00-00
[10:44:35:163]HidD_GetInputReport=True
[10:44:35:163]reply_report=00-4F-00-00-00-00-00-00-00-00-00-00-00-00-00-00-00-00-00-00-00-00-00-00-00-00-00-00-00-00-00-00-00-00-00-00-00-00-00-00-00-00-00-00-00-00-00-00-00-00-00-00-00-00-00-00-00-00-00-00-00-00-00-00-00
[10:44:35:163]50-41-0E-10-01-E0 [CMD_SENT][REMOTE_GET_MODE]
[10:44:35:165][HID_TX_ack]00-19-50-49-01-C0-C2-E1-06-00-03-00-0E-90-00-50-49-0E-C0-00-00-00-00-02-00-E0-01-17-49-01-C0-55-AB-06-00-03-00-11-EB-18-50-49-01-C0-56-AB-06-00-03-00-11-EC-17-00-00-00-00-00-00-00-00-00-00-00-00
[10:44:35:165]50-49-01-C0-C2-E1-06-00-03-00-0E-90-00
[10:44:35:165]50-49-0E-C0-00-00-00-00-02-00-E0-01-
[10:44:35:165]REMOTE_GET_MODE=01
[10:44:35:165][HID_TX]00-80-07-6C-3E-50-41-06-11-01-00-63-00-00-00-00-00-00-00-00-00-00-00-00-00-00-00-00-00-00-00-00-00-00-00-00-00-00-00-00-00-00-00-00-00-00-00-00-00-00-00-00-00-00-00-00-00-00-00-00-00-00-00-00-00
[10:44:35:167]HidD_GetInputReport=True
[10:44:35:167]reply_report=00-4F-00-00-00-00-00-00-00-00-00-00-00-00-00-00-00-00-00-00-00-00-00-00-00-00-00-00-00-00-00-00-00-00-00-00-00-00-00-00-00-00-00-00-00-00-00-00-00-00-00-00-00-00-00-00-00-00-00-00-00-00-00-00-00
[10:44:35:167]50-41-06-11-01-00-63 [CMD_SENT][CMD_GET_IO_LEVEL]
[10:44:35:183][HID_TX_ack]00-12-50-49-01-C1-89-26-08-00-08-00-06-91-00-01-FF-FF-1F-00-00-00-00-02-00-E0-01-17-49-01-C0-55-AB-06-00-03-00-11-EB-18-50-49-01-C0-56-AB-06-00-03-00-11-EC-17-00-00-00-00-00-00-00-00-00-00-00-00
[10:44:35:183]50-49-01-C1-89-26-08-00-08-00-06-91-00-01-FF-FF-1F-00
[10:44:35:394][HID_TX]00-80-06-6B-A2-50-41-0E-12-01-E0-00-00-00-00-00-00-00-00-00-00-00-00-00-00-00-00-00-00-00-00-00-00-00-00-00-00-00-00-00-00-00-00-00-00-00-00-00-00-00-00-00-00-00-00-00-00-00-00-00-00-00-00-00-00
[10:44:35:394]HidD_GetInputReport=True
[10:44:35:394]reply_report=00-4F-00-00-00-00-00-00-00-00-00-00-00-00-00-00-00-00-00-00-00-00-00-00-00-00-00-00-00-00-00-00-00-00-00-00-00-00-00-00-00-00-00-00-00-00-00-00-00-00-00-00-00-00-00-00-00-00-00-00-00-00-00-00-00
[10:44:35:394]50-41-0E-12-01-E0 [CMD_SENT][REMOTE_GET_MODE]
[10:44:35:398][HID_TX_ack]00-19-50-49-01-C0-7C-E2-06-00-03-00-0E-92-00-50-49-0E-C2-00-00-00-00-02-00-E0-01-17-49-01-C0-55-AB-06-00-03-00-11-EB-18-50-49-01-C0-56-AB-06-00-03-00-11-EC-17-00-00-00-00-00-00-00-00-00-00-00-00
[10:44:35:398]50-49-01-C0-7C-E2-06-00-03-00-0E-92-00
[10:44:35:398]50-49-0E-C2-00-00-00-00-02-00-E0-01-
[10:44:35:398]REMOTE_GET_MODE=01
[10:44:35:398][HID_TX]00-80-07-87-11-50-41-06-13-01-00-63-00-00-00-00-00-00-00-00-00-00-00-00-00-00-00-00-00-00-00-00-00-00-00-00-00-00-00-00-00-00-00-00-00-00-00-00-00-00-00-00-00-00-00-00-00-00-00-00-00-00-00-00-00
[10:44:35:399]HidD_GetInputReport=True
[10:44:35:399]reply_report=00-4F-00-00-00-00-00-00-00-00-00-00-00-00-00-00-00-00-00-00-00-00-00-00-00-00-00-00-00-00-00-00-00-00-00-00-00-00-00-00-00-00-00-00-00-00-00-00-00-00-00-00-00-00-00-00-00-00-00-00-00-00-00-00-00
[10:44:35:399]50-41-06-13-01-00-63 [CMD_SENT][CMD_GET_IO_LEVEL]
[10:44:35:429][HID_TX_ack]00-12-50-49-01-C3-51-27-08-00-08-00-06-93-00-01-FF-FF-1F-00-00-00-00-02-00-E0-01-17-49-01-C0-55-AB-06-00-03-00-11-EB-18-50-49-01-C0-56-AB-06-00-03-00-11-EC-17-00-00-00-00-00-00-00-00-00-00-00-00
[10:44:35:429]50-49-01-C3-51-27-08-00-08-00-06-93-00-01-FF-FF-1F-00
[10:44:35:641][HID_TX]00-80-06-56-D2-50-41-0E-14-01-E0-00-00-00-00-00-00-00-00-00-00-00-00-00-00-00-00-00-00-00-00-00-00-00-00-00-00-00-00-00-00-00-00-00-00-00-00-00-00-00-00-00-00-00-00-00-00-00-00-00-00-00-00-00-00
[10:44:35:642]HidD_GetInputReport=True
[10:44:35:642]reply_report=00-4F-00-00-00-00-00-00-00-00-00-00-00-00-00-00-00-00-00-00-00-00-00-00-00-00-00-00-00-00-00-00-00-00-00-00-00-00-00-00-00-00-00-00-00-00-00-00-00-00-00-00-00-00-00-00-00-00-00-00-00-00-00-00-00
[10:44:35:642]50-41-0E-14-01-E0 [CMD_SENT][REMOTE_GET_MODE]
[10:44:35:644][HID_TX_ack]00-19-50-49-01-C0-41-E3-06-00-03-00-0E-94-00-50-49-0E-C4-00-00-00-00-02-00-E0-01-17-49-01-C0-55-AB-06-00-03-00-11-EB-18-50-49-01-C0-56-AB-06-00-03-00-11-EC-17-00-00-00-00-00-00-00-00-00-00-00-00
[10:44:35:644]50-49-01-C0-41-E3-06-00-03-00-0E-94-00
[10:44:35:644]50-49-0E-C4-00-00-00-00-02-00-E0-01-
[10:44:35:644]REMOTE_GET_MODE=01
[10:44:35:644][HID_TX]00-80-07-BA-61-50-41-06-15-01-00-63-00-00-00-00-00-00-00-00-00-00-00-00-00-00-00-00-00-00-00-00-00-00-00-00-00-00-00-00-00-00-00-00-00-00-00-00-00-00-00-00-00-00-00-00-00-00-00-00-00-00-00-00-00
[10:44:35:646]HidD_GetInputReport=True
[10:44:35:646]reply_report=00-4F-00-00-00-00-00-00-00-00-00-00-00-00-00-00-00-00-00-00-00-00-00-00-00-00-00-00-00-00-00-00-00-00-00-00-00-00-00-00-00-00-00-00-00-00-00-00-00-00-00-00-00-00-00-00-00-00-00-00-00-00-00-00-00
[10:44:35:646]50-41-06-15-01-00-63 [CMD_SENT][CMD_GET_IO_LEVEL]
[10:44:35:673][HID_TX_ack]00-12-50-49-01-C5-12-28-08-00-08-00-06-95-00-01-FF-FF-1F-00-00-00-00-02-00-E0-01-17-49-01-C0-55-AB-06-00-03-00-11-EB-18-50-49-01-C0-56-AB-06-00-03-00-11-EC-17-00-00-00-00-00-00-00-00-00-00-00-00
[10:44:35:673]50-49-01-C5-12-28-08-00-08-00-06-95-00-01-FF-FF-1F-00
[10:44:35:891][HID_TX]00-80-06-BD-FD-50-41-0E-16-01-E0-00-00-00-00-00-00-00-00-00-00-00-00-00-00-00-00-00-00-00-00-00-00-00-00-00-00-00-00-00-00-00-00-00-00-00-00-00-00-00-00-00-00-00-00-00-00-00-00-00-00-00-00-00-00
[10:44:35:891]HidD_GetInputReport=True
[10:44:35:891]reply_report=00-4F-00-00-00-00-00-00-00-00-00-00-00-00-00-00-00-00-00-00-00-00-00-00-00-00-00-00-00-00-00-00-00-00-00-00-00-00-00-00-00-00-00-00-00-00-00-00-00-00-00-00-00-00-00-00-00-00-00-00-00-00-00-00-00
[10:44:35:891]50-41-0E-16-01-E0 [CMD_SENT][REMOTE_GET_MODE]
[10:44:35:894][HID_TX_ack]00-19-50-49-01-C0-09-E4-06-00-03-00-0E-96-00-50-49-0E-C6-00-00-00-00-02-00-E0-01-17-49-01-C0-55-AB-06-00-03-00-11-EB-18-50-49-01-C0-56-AB-06-00-03-00-11-EC-17-00-00-00-00-00-00-00-00-00-00-00-00
[10:44:35:894]50-49-01-C0-09-E4-06-00-03-00-0E-96-00
[10:44:35:894]50-49-0E-C6-00-00-00-00-02-00-E0-01-
[10:44:35:894]REMOTE_GET_MODE=01
[10:44:35:894][HID_TX]00-80-07-51-4E-50-41-06-17-01-00-63-00-00-00-00-00-00-00-00-00-00-00-00-00-00-00-00-00-00-00-00-00-00-00-00-00-00-00-00-00-00-00-00-00-00-00-00-00-00-00-00-00-00-00-00-00-00-00-00-00-00-00-00-00
[10:44:35:897]HidD_GetInputReport=True
[10:44:35:897]reply_report=00-4F-00-00-00-00-00-00-00-00-00-00-00-00-00-00-00-00-00-00-00-00-00-00-00-00-00-00-00-00-00-00-00-00-00-00-00-00-00-00-00-00-00-00-00-00-00-00-00-00-00-00-00-00-00-00-00-00-00-00-00-00-00-00-00
[10:44:35:897]50-41-06-17-01-00-63 [CMD_SENT][CMD_GET_IO_LEVEL]
[10:44:35:919][HID_TX_ack]00-12-50-49-01-C7-D9-28-08-00-08-00-06-97-00-01-FF-FF-1F-00-00-00-00-02-00-E0-01-17-49-01-C0-55-AB-06-00-03-00-11-EB-18-50-49-01-C0-56-AB-06-00-03-00-11-EC-17-00-00-00-00-00-00-00-00-00-00-00-00
[10:44:35:919]50-49-01-C7-D9-28-08-00-08-00-06-97-00-01-FF-FF-1F-00
[10:44:36:140][HID_TX]00-80-06-2C-32-50-41-0E-18-01-E0-00-00-00-00-00-00-00-00-00-00-00-00-00-00-00-00-00-00-00-00-00-00-00-00-00-00-00-00-00-00-00-00-00-00-00-00-00-00-00-00-00-00-00-00-00-00-00-00-00-00-00-00-00-00
[10:44:36:141]HidD_GetInputReport=True
[10:44:36:141]reply_report=00-4F-00-00-00-00-00-00-00-00-00-00-00-00-00-00-00-00-00-00-00-00-00-00-00-00-00-00-00-00-00-00-00-00-00-00-00-00-00-00-00-00-00-00-00-00-00-00-00-00-00-00-00-00-00-00-00-00-00-00-00-00-00-00-00
[10:44:36:141]50-41-0E-18-01-E0 [CMD_SENT][REMOTE_GET_MODE]
[10:44:36:144][HID_TX_ack]00-19-50-49-01-C0-D0-E4-06-00-03-00-0E-98-00-50-49-0E-C8-00-00-00-00-02-00-E0-01-17-49-01-C0-55-AB-06-00-03-00-11-EB-18-50-49-01-C0-56-AB-06-00-03-00-11-EC-17-00-00-00-00-00-00-00-00-00-00-00-00
[10:44:36:144]50-49-01-C0-D0-E4-06-00-03-00-0E-98-00
[10:44:36:144]50-49-0E-C8-00-00-00-00-02-00-E0-01-
[10:44:36:144]REMOTE_GET_MODE=01
[10:44:36:144][HID_TX]00-80-07-C0-81-50-41-06-19-01-00-63-00-00-00-00-00-00-00-00-00-00-00-00-00-00-00-00-00-00-00-00-00-00-00-00-00-00-00-00-00-00-00-00-00-00-00-00-00-00-00-00-00-00-00-00-00-00-00-00-00-00-00-00-00
[10:44:36:145]HidD_GetInputReport=True
[10:44:36:145]reply_report=00-4F-00-00-00-00-00-00-00-00-00-00-00-00-00-00-00-00-00-00-00-00-00-00-00-00-00-00-00-00-00-00-00-00-00-00-00-00-00-00-00-00-00-00-00-00-00-00-00-00-00-00-00-00-00-00-00-00-00-00-00-00-00-00-00
[10:44:36:145]50-41-06-19-01-00-63 [CMD_SENT][CMD_GET_IO_LEVEL]
[10:44:36:164][HID_TX_ack]00-12-50-49-01-C9-99-29-08-00-08-00-06-99-00-01-FF-FF-1F-00-00-00-00-02-00-E0-01-17-49-01-C0-55-AB-06-00-03-00-11-EB-18-50-49-01-C0-56-AB-06-00-03-00-11-EC-17-00-00-00-00-00-00-00-00-00-00-00-00
[10:44:36:164]50-49-01-C9-99-29-08-00-08-00-06-99-00-01-FF-FF-1F-00
[10:44:36:374][HID_TX]00-80-06-C7-1D-50-41-0E-1A-01-E0-00-00-00-00-00-00-00-00-00-00-00-00-00-00-00-00-00-00-00-00-00-00-00-00-00-00-00-00-00-00-00-00-00-00-00-00-00-00-00-00-00-00-00-00-00-00-00-00-00-00-00-00-00-00
[10:44:36:375]HidD_GetInputReport=True
[10:44:36:375]reply_report=00-4F-00-00-00-00-00-00-00-00-00-00-00-00-00-00-00-00-00-00-00-00-00-00-00-00-00-00-00-00-00-00-00-00-00-00-00-00-00-00-00-00-00-00-00-00-00-00-00-00-00-00-00-00-00-00-00-00-00-00-00-00-00-00-00
[10:44:36:375]50-41-0E-1A-01-E0 [CMD_SENT][REMOTE_GET_MODE]
[10:44:36:379][HID_TX_ack]00-19-50-49-01-C0-8C-E5-06-00-03-00-0E-9A-00-50-49-0E-CA-00-00-00-00-02-00-E0-01-17-49-01-C0-55-AB-06-00-03-00-11-EB-18-50-49-01-C0-56-AB-06-00-03-00-11-EC-17-00-00-00-00-00-00-00-00-00-00-00-00
[10:44:36:379]50-49-01-C0-8C-E5-06-00-03-00-0E-9A-00
[10:44:36:379]50-49-0E-CA-00-00-00-00-02-00-E0-01-
[10:44:36:379]REMOTE_GET_MODE=01
[10:44:36:379][HID_TX]00-80-07-2B-AE-50-41-06-1B-01-00-63-00-00-00-00-00-00-00-00-00-00-00-00-00-00-00-00-00-00-00-00-00-00-00-00-00-00-00-00-00-00-00-00-00-00-00-00-00-00-00-00-00-00-00-00-00-00-00-00-00-00-00-00-00
[10:44:36:380]HidD_GetInputReport=True
[10:44:36:380]reply_report=00-4F-00-00-00-00-00-00-00-00-00-00-00-00-00-00-00-00-00-00-00-00-00-00-00-00-00-00-00-00-00-00-00-00-00-00-00-00-00-00-00-00-00-00-00-00-00-00-00-00-00-00-00-00-00-00-00-00-00-00-00-00-00-00-00
[10:44:36:380]50-41-06-1B-01-00-63 [CMD_SENT][CMD_GET_IO_LEVEL]
[10:44:36:409][HID_TX_ack]00-12-50-49-01-CB-62-2A-08-00-08-00-06-9B-00-01-FF-FF-1F-00-00-00-00-02-00-E0-01-17-49-01-C0-55-AB-06-00-03-00-11-EB-18-50-49-01-C0-56-AB-06-00-03-00-11-EC-17-00-00-00-00-00-00-00-00-00-00-00-00
[10:44:36:409]50-49-01-CB-62-2A-08-00-08-00-06-9B-00-01-FF-FF-1F-00
[10:44:36:623][HID_TX]00-80-06-FA-6D-50-41-0E-1C-01-E0-00-00-00-00-00-00-00-00-00-00-00-00-00-00-00-00-00-00-00-00-00-00-00-00-00-00-00-00-00-00-00-00-00-00-00-00-00-00-00-00-00-00-00-00-00-00-00-00-00-00-00-00-00-00
[10:44:36:625]HidD_GetInputReport=True
[10:44:36:625]reply_report=00-4F-00-00-00-00-00-00-00-00-00-00-00-00-00-00-00-00-00-00-00-00-00-00-00-00-00-00-00-00-00-00-00-00-00-00-00-00-00-00-00-00-00-00-00-00-00-00-00-00-00-00-00-00-00-00-00-00-00-00-00-00-00-00-00
[10:44:36:625]50-41-0E-1C-01-E0 [CMD_SENT][REMOTE_GET_MODE]
[10:44:36:627][HID_TX_ack]00-19-50-49-01-C0-54-E6-06-00-03-00-0E-9C-00-50-49-0E-CC-00-00-00-00-02-00-E0-01-17-49-01-C0-55-AB-06-00-03-00-11-EB-18-50-49-01-C0-56-AB-06-00-03-00-11-EC-17-00-00-00-00-00-00-00-00-00-00-00-00
[10:44:36:627]50-49-01-C0-54-E6-06-00-03-00-0E-9C-00
[10:44:36:627]50-49-0E-CC-00-00-00-00-02-00-E0-01-
[10:44:36:627]REMOTE_GET_MODE=01
[10:44:36:628][HID_TX]00-80-07-16-DE-50-41-06-1D-01-00-63-00-00-00-00-00-00-00-00-00-00-00-00-00-00-00-00-00-00-00-00-00-00-00-00-00-00-00-00-00-00-00-00-00-00-00-00-00-00-00-00-00-00-00-00-00-00-00-00-00-00-00-00-00
[10:44:36:628]HidD_GetInputReport=True
[10:44:36:628]reply_report=00-4F-00-00-00-00-00-00-00-00-00-00-00-00-00-00-00-00-00-00-00-00-00-00-00-00-00-00-00-00-00-00-00-00-00-00-00-00-00-00-00-00-00-00-00-00-00-00-00-00-00-00-00-00-00-00-00-00-00-00-00-00-00-00-00
[10:44:36:628]50-41-06-1D-01-00-63 [CMD_SENT][CMD_GET_IO_LEVEL]
[10:44:36:653][HID_TX_ack]00-12-50-49-01-CD-21-2B-08-00-08-00-06-9D-00-01-FF-FF-1D-00-00-00-00-02-00-E0-01-17-49-01-C0-55-AB-06-00-03-00-11-EB-18-50-49-01-C0-56-AB-06-00-03-00-11-EC-17-00-00-00-00-00-00-00-00-00-00-00-00
[10:44:36:653]50-49-01-CD-21-2B-08-00-08-00-06-9D-00-01-FF-FF-1D-00
[10:44:36:794][HID_TX_ack]00-0D-50-49-11-CE-D7-E6-06-00-03-00-20-E9-00-01-FF-FF-1D-00-00-00-00-02-00-E0-01-17-49-01-C0-55-AB-06-00-03-00-11-EB-18-50-49-01-C0-56-AB-06-00-03-00-11-EC-17-00-00-00-00-00-00-00-00-00-00-00-00
[10:44:36:794]50-49-11-CE-D7-E6-06-00-03-00-20-E9-00
[10:44:36:808][HID_TX_ack]00-1A-50-49-01-C0-E4-E6-06-00-03-00-11-FD-18-50-49-01-C0-E4-E6-06-00-03-00-11-FE-17-49-01-C0-55-AB-06-00-03-00-11-EB-18-50-49-01-C0-56-AB-06-00-03-00-11-EC-17-00-00-00-00-00-00-00-00-00-00-00-00
[10:44:36:808]50-49-01-C0-E4-E6-06-00-03-00-11-FD-18
[10:44:36:809]50-49-01-C0-E4-E6-06-00-03-00-11-FE-17
[10:44:36:811][HID_TX_ack]00-0D-50-49-11-CF-E6-E6-06-00-03-00-20-00-00-50-49-01-C0-E4-E6-06-00-03-00-11-FE-17-49-01-C0-55-AB-06-00-03-00-11-EB-18-50-49-01-C0-56-AB-06-00-03-00-11-EC-17-00-00-00-00-00-00-00-00-00-00-00-00
[10:44:36:812]50-49-11-CF-E6-E6-06-00-03-00-20-00-00
[10:44:36:869][HID_TX]00-80-06-11-42-50-41-0E-1E-01-E0-00-00-00-00-00-00-00-00-00-00-00-00-00-00-00-00-00-00-00-00-00-00-00-00-00-00-00-00-00-00-00-00-00-00-00-00-00-00-00-00-00-00-00-00-00-00-00-00-00-00-00-00-00-00
[10:44:36:870]HidD_GetInputReport=True
[10:44:36:870]reply_report=00-4F-00-00-00-00-00-00-00-00-00-00-00-00-00-00-00-00-00-00-00-00-00-00-00-00-00-00-00-00-00-00-00-00-00-00-00-00-00-00-00-00-00-00-00-00-00-00-00-00-00-00-00-00-00-00-00-00-00-00-00-00-00-00-00
[10:44:36:870]50-41-0E-1E-01-E0 [CMD_SENT][REMOTE_GET_MODE]
[10:44:36:873][HID_TX_ack]00-19-50-49-01-C0-18-E7-06-00-03-00-0E-9E-00-50-49-0E-D0-00-00-00-00-02-00-E0-01-17-49-01-C0-55-AB-06-00-03-00-11-EB-18-50-49-01-C0-56-AB-06-00-03-00-11-EC-17-00-00-00-00-00-00-00-00-00-00-00-00
[10:44:36:873]50-49-01-C0-18-E7-06-00-03-00-0E-9E-00
[10:44:36:873]50-49-0E-D0-00-00-00-00-02-00-E0-01-
[10:44:36:873]REMOTE_GET_MODE=01
[10:44:36:873][HID_TX]00-80-07-FD-F1-50-41-06-1F-01-00-63-00-00-00-00-00-00-00-00-00-00-00-00-00-00-00-00-00-00-00-00-00-00-00-00-00-00-00-00-00-00-00-00-00-00-00-00-00-00-00-00-00-00-00-00-00-00-00-00-00-00-00-00-00
[10:44:36:874]HidD_GetInputReport=True
[10:44:36:874]reply_report=00-4F-00-00-00-00-00-00-00-00-00-00-00-00-00-00-00-00-00-00-00-00-00-00-00-00-00-00-00-00-00-00-00-00-00-00-00-00-00-00-00-00-00-00-00-00-00-00-00-00-00-00-00-00-00-00-00-00-00-00-00-00-00-00-00
[10:44:36:874]50-41-06-1F-01-00-63 [CMD_SENT][CMD_GET_IO_LEVEL]
[10:44:36:899][HID_TX_ack]00-12-50-49-01-D1-EB-2B-08-00-08-00-06-9F-00-01-FF-FF-1F-00-00-00-00-02-00-E0-01-17-49-01-C0-55-AB-06-00-03-00-11-EB-18-50-49-01-C0-56-AB-06-00-03-00-11-EC-17-00-00-00-00-00-00-00-00-00-00-00-00
[10:44:36:899]50-49-01-D1-EB-2B-08-00-08-00-06-9F-00-01-FF-FF-1F-00
[10:44:37:118][HID_TX]00-80-06-0B-3C-50-41-0E-20-01-E0-00-00-00-00-00-00-00-00-00-00-00-00-00-00-00-00-00-00-00-00-00-00-00-00-00-00-00-00-00-00-00-00-00-00-00-00-00-00-00-00-00-00-00-00-00-00-00-00-00-00-00-00-00-00
[10:44:37:119]HidD_GetInputReport=True
[10:44:37:119]reply_report=00-4F-00-00-00-00-00-00-00-00-00-00-00-00-00-00-00-00-00-00-00-00-00-00-00-00-00-00-00-00-00-00-00-00-00-00-00-00-00-00-00-00-00-00-00-00-00-00-00-00-00-00-00-00-00-00-00-00-00-00-00-00-00-00-00
[10:44:37:119]50-41-0E-20-01-E0 [CMD_SENT][REMOTE_GET_MODE]
[10:44:37:121][HID_TX_ack]00-19-50-49-01-C0-DF-E7-06-00-03-00-0E-A0-00-50-49-0E-D2-00-00-00-00-02-00-E0-01-17-49-01-C0-55-AB-06-00-03-00-11-EB-18-50-49-01-C0-56-AB-06-00-03-00-11-EC-17-00-00-00-00-00-00-00-00-00-00-00-00
[10:44:37:121]50-49-01-C0-DF-E7-06-00-03-00-0E-A0-00
[10:44:37:121]50-49-0E-D2-00-00-00-00-02-00-E0-01-
[10:44:37:121]REMOTE_GET_MODE=01
[10:44:37:122][HID_TX]00-80-07-E7-8F-50-41-06-21-01-00-63-00-00-00-00-00-00-00-00-00-00-00-00-00-00-00-00-00-00-00-00-00-00-00-00-00-00-00-00-00-00-00-00-00-00-00-00-00-00-00-00-00-00-00-00-00-00-00-00-00-00-00-00-00
[10:44:37:123]HidD_GetInputReport=True
[10:44:37:123]reply_report=00-4F-00-00-00-00-00-00-00-00-00-00-00-00-00-00-00-00-00-00-00-00-00-00-00-00-00-00-00-00-00-00-00-00-00-00-00-00-00-00-00-00-00-00-00-00-00-00-00-00-00-00-00-00-00-00-00-00-00-00-00-00-00-00-00
[10:44:37:123]50-41-06-21-01-00-63 [CMD_SENT][CMD_GET_IO_LEVEL]
[10:44:37:144][HID_TX_ack]00-12-50-49-01-D3-AA-2C-08-00-08-00-06-A1-00-01-FF-FF-1F-00-00-00-00-02-00-E0-01-17-49-01-C0-55-AB-06-00-03-00-11-EB-18-50-49-01-C0-56-AB-06-00-03-00-11-EC-17-00-00-00-00-00-00-00-00-00-00-00-00
[10:44:37:144]50-49-01-D3-AA-2C-08-00-08-00-06-A1-00-01-FF-FF-1F-00
[10:44:37:368][HID_TX]00-80-06-E0-13-50-41-0E-22-01-E0-00-00-00-00-00-00-00-00-00-00-00-00-00-00-00-00-00-00-00-00-00-00-00-00-00-00-00-00-00-00-00-00-00-00-00-00-00-00-00-00-00-00-00-00-00-00-00-00-00-00-00-00-00-00
[10:44:37:370]HidD_GetInputReport=True
[10:44:37:370]reply_report=00-4F-00-00-00-00-00-00-00-00-00-00-00-00-00-00-00-00-00-00-00-00-00-00-00-00-00-00-00-00-00-00-00-00-00-00-00-00-00-00-00-00-00-00-00-00-00-00-00-00-00-00-00-00-00-00-00-00-00-00-00-00-00-00-00
[10:44:37:370]50-41-0E-22-01-E0 [CMD_SENT][REMOTE_GET_MODE]
[10:44:37:372][HID_TX_ack]00-19-50-49-01-C0-A8-E8-06-00-03-00-0E-A2-00-50-49-0E-D4-00-00-00-00-02-00-E0-01-17-49-01-C0-55-AB-06-00-03-00-11-EB-18-50-49-01-C0-56-AB-06-00-03-00-11-EC-17-00-00-00-00-00-00-00-00-00-00-00-00
[10:44:37:372]50-49-01-C0-A8-E8-06-00-03-00-0E-A2-00
[10:44:37:372]50-49-0E-D4-00-00-00-00-02-00-E0-01-
[10:44:37:372]REMOTE_GET_MODE=01
[10:44:37:372][HID_TX]00-80-07-0C-A0-50-41-06-23-01-00-63-00-00-00-00-00-00-00-00-00-00-00-00-00-00-00-00-00-00-00-00-00-00-00-00-00-00-00-00-00-00-00-00-00-00-00-00-00-00-00-00-00-00-00-00-00-00-00-00-00-00-00-00-00
[10:44:37:374]HidD_GetInputReport=True
[10:44:37:374]reply_report=00-4F-00-00-00-00-00-00-00-00-00-00-00-00-00-00-00-00-00-00-00-00-00-00-00-00-00-00-00-00-00-00-00-00-00-00-00-00-00-00-00-00-00-00-00-00-00-00-00-00-00-00-00-00-00-00-00-00-00-00-00-00-00-00-00
[10:44:37:374]50-41-06-23-01-00-63 [CMD_SENT][CMD_GET_IO_LEVEL]
[10:44:37:408][HID_TX_ack]00-12-50-49-01-D5-71-2D-08-00-08-00-06-A3-00-01-FF-FF-1F-00-00-00-00-02-00-E0-01-17-49-01-C0-55-AB-06-00-03-00-11-EB-18-50-49-01-C0-56-AB-06-00-03-00-11-EC-17-00-00-00-00-00-00-00-00-00-00-00-00
[10:44:37:408]50-49-01-D5-71-2D-08-00-08-00-06-A3-00-01-FF-FF-1F-00
[10:44:37:617][HID_TX]00-80-06-DD-63-50-41-0E-24-01-E0-00-00-00-00-00-00-00-00-00-00-00-00-00-00-00-00-00-00-00-00-00-00-00-00-00-00-00-00-00-00-00-00-00-00-00-00-00-00-00-00-00-00-00-00-00-00-00-00-00-00-00-00-00-00
[10:44:37:619]HidD_GetInputReport=True
[10:44:37:619]reply_report=00-4F-00-00-00-00-00-00-00-00-00-00-00-00-00-00-00-00-00-00-00-00-00-00-00-00-00-00-00-00-00-00-00-00-00-00-00-00-00-00-00-00-00-00-00-00-00-00-00-00-00-00-00-00-00-00-00-00-00-00-00-00-00-00-00
[10:44:37:619]50-41-0E-24-01-E0 [CMD_SENT][REMOTE_GET_MODE]
[10:44:37:621][HID_TX_ack]00-19-50-49-01-C0-6F-E9-06-00-03-00-0E-A4-00-50-49-0E-D6-00-00-00-00-02-00-E0-01-17-49-01-C0-55-AB-06-00-03-00-11-EB-18-50-49-01-C0-56-AB-06-00-03-00-11-EC-17-00-00-00-00-00-00-00-00-00-00-00-00
[10:44:37:621]50-49-01-C0-6F-E9-06-00-03-00-0E-A4-00
[10:44:37:621]50-49-0E-D6-00-00-00-00-02-00-E0-01-
[10:44:37:621]REMOTE_GET_MODE=01
[10:44:37:621][HID_TX]00-80-07-31-D0-50-41-06-25-01-00-63-00-00-00-00-00-00-00-00-00-00-00-00-00-00-00-00-00-00-00-00-00-00-00-00-00-00-00-00-00-00-00-00-00-00-00-00-00-00-00-00-00-00-00-00-00-00-00-00-00-00-00-00-00
[10:44:37:622]HidD_GetInputReport=True
[10:44:37:622]reply_report=00-4F-00-00-00-00-00-00-00-00-00-00-00-00-00-00-00-00-00-00-00-00-00-00-00-00-00-00-00-00-00-00-00-00-00-00-00-00-00-00-00-00-00-00-00-00-00-00-00-00-00-00-00-00-00-00-00-00-00-00-00-00-00-00-00
[10:44:37:622]50-41-06-25-01-00-63 [CMD_SENT][CMD_GET_IO_LEVEL]
[10:44:37:650][HID_TX_ack]00-12-50-49-01-D7-3F-2E-08-00-08-00-06-A5-00-01-FF-FF-1F-00-00-00-00-02-00-E0-01-17-49-01-C0-55-AB-06-00-03-00-11-EB-18-50-49-01-C0-56-AB-06-00-03-00-11-EC-17-00-00-00-00-00-00-00-00-00-00-00-00
[10:44:37:650]50-49-01-D7-3F-2E-08-00-08-00-06-A5-00-01-FF-FF-1F-00
[10:44:37:864][HID_TX]00-80-06-36-4C-50-41-0E-26-01-E0-00-00-00-00-00-00-00-00-00-00-00-00-00-00-00-00-00-00-00-00-00-00-00-00-00-00-00-00-00-00-00-00-00-00-00-00-00-00-00-00-00-00-00-00-00-00-00-00-00-00-00-00-00-00
[10:44:37:866]HidD_GetInputReport=True
[10:44:37:866]reply_report=00-4F-00-00-00-00-00-00-00-00-00-00-00-00-00-00-00-00-00-00-00-00-00-00-00-00-00-00-00-00-00-00-00-00-00-00-00-00-00-00-00-00-00-00-00-00-00-00-00-00-00-00-00-00-00-00-00-00-00-00-00-00-00-00-00
[10:44:37:866]50-41-0E-26-01-E0 [CMD_SENT][REMOTE_GET_MODE]
[10:44:37:869][HID_TX_ack]00-19-50-49-01-C0-34-EA-06-00-03-00-0E-A6-00-50-49-0E-D8-00-00-00-00-02-00-E0-01-17-49-01-C0-55-AB-06-00-03-00-11-EB-18-50-49-01-C0-56-AB-06-00-03-00-11-EC-17-00-00-00-00-00-00-00-00-00-00-00-00
[10:44:37:869]50-49-01-C0-34-EA-06-00-03-00-0E-A6-00
[10:44:37:869]50-49-0E-D8-00-00-00-00-02-00-E0-01-
[10:44:37:869]REMOTE_GET_MODE=01
[10:44:37:870][HID_TX]00-80-07-DA-FF-50-41-06-27-01-00-63-00-00-00-00-00-00-00-00-00-00-00-00-00-00-00-00-00-00-00-00-00-00-00-00-00-00-00-00-00-00-00-00-00-00-00-00-00-00-00-00-00-00-00-00-00-00-00-00-00-00-00-00-00
[10:44:37:871]HidD_GetInputReport=True
[10:44:37:871]reply_report=00-4F-00-00-00-00-00-00-00-00-00-00-00-00-00-00-00-00-00-00-00-00-00-00-00-00-00-00-00-00-00-00-00-00-00-00-00-00-00-00-00-00-00-00-00-00-00-00-00-00-00-00-00-00-00-00-00-00-00-00-00-00-00-00-00
[10:44:37:871]50-41-06-27-01-00-63 [CMD_SENT][CMD_GET_IO_LEVEL]
[10:44:37:896][HID_TX_ack]00-12-50-49-01-D9-08-2F-08-00-08-00-06-A7-00-01-FF-FF-1F-00-00-00-00-02-00-E0-01-17-49-01-C0-55-AB-06-00-03-00-11-EB-18-50-49-01-C0-56-AB-06-00-03-00-11-EC-17-00-00-00-00-00-00-00-00-00-00-00-00
[10:44:37:896]50-49-01-D9-08-2F-08-00-08-00-06-A7-00-01-FF-FF-1F-00
[10:44:38:113][HID_TX]00-80-06-A7-83-50-41-0E-28-01-E0-00-00-00-00-00-00-00-00-00-00-00-00-00-00-00-00-00-00-00-00-00-00-00-00-00-00-00-00-00-00-00-00-00-00-00-00-00-00-00-00-00-00-00-00-00-00-00-00-00-00-00-00-00-00
[10:44:38:113]HidD_GetInputReport=True
[10:44:38:113]reply_report=00-4F-00-00-00-00-00-00-00-00-00-00-00-00-00-00-00-00-00-00-00-00-00-00-00-00-00-00-00-00-00-00-00-00-00-00-00-00-00-00-00-00-00-00-00-00-00-00-00-00-00-00-00-00-00-00-00-00-00-00-00-00-00-00-00
[10:44:38:113]50-41-0E-28-01-E0 [CMD_SENT][REMOTE_GET_MODE]
[10:44:38:116][HID_TX_ack]00-19-50-49-01-C0-FB-EA-06-00-03-00-0E-A8-00-50-49-0E-DA-00-00-00-00-02-00-E0-01-17-49-01-C0-55-AB-06-00-03-00-11-EB-18-50-49-01-C0-56-AB-06-00-03-00-11-EC-17-00-00-00-00-00-00-00-00-00-00-00-00
[10:44:38:116]50-49-01-C0-FB-EA-06-00-03-00-0E-A8-00
[10:44:38:116]50-49-0E-DA-00-00-00-00-02-00-E0-01-
[10:44:38:116]REMOTE_GET_MODE=01
[10:44:38:116][HID_TX]00-80-07-4B-30-50-41-06-29-01-00-63-00-00-00-00-00-00-00-00-00-00-00-00-00-00-00-00-00-00-00-00-00-00-00-00-00-00-00-00-00-00-00-00-00-00-00-00-00-00-00-00-00-00-00-00-00-00-00-00-00-00-00-00-00
[10:44:38:117]HidD_GetInputReport=True
[10:44:38:117]reply_report=00-4F-00-00-00-00-00-00-00-00-00-00-00-00-00-00-00-00-00-00-00-00-00-00-00-00-00-00-00-00-00-00-00-00-00-00-00-00-00-00-00-00-00-00-00-00-00-00-00-00-00-00-00-00-00-00-00-00-00-00-00-00-00-00-00
[10:44:38:117]50-41-06-29-01-00-63 [CMD_SENT][CMD_GET_IO_LEVEL]
[10:44:38:140][HID_TX_ack]00-12-50-49-01-DB-C7-2F-08-00-08-00-06-A9-00-01-F7-FF-1F-00-00-00-00-02-00-E0-01-17-49-01-C0-55-AB-06-00-03-00-11-EB-18-50-49-01-C0-56-AB-06-00-03-00-11-EC-17-00-00-00-00-00-00-00-00-00-00-00-00
[10:44:38:140]50-49-01-DB-C7-2F-08-00-08-00-06-A9-00-01-F7-FF-1F-00
[10:44:38:361][HID_TX]00-80-06-4C-AC-50-41-0E-2A-01-E0-00-00-00-00-00-00-00-00-00-00-00-00-00-00-00-00-00-00-00-00-00-00-00-00-00-00-00-00-00-00-00-00-00-00-00-00-00-00-00-00-00-00-00-00-00-00-00-00-00-00-00-00-00-00
[10:44:38:363]HidD_GetInputReport=True
[10:44:38:363]reply_report=00-4F-00-00-00-00-00-00-00-00-00-00-00-00-00-00-00-00-00-00-00-00-00-00-00-00-00-00-00-00-00-00-00-00-00-00-00-00-00-00-00-00-00-00-00-00-00-00-00-00-00-00-00-00-00-00-00-00-00-00-00-00-00-00-00
[10:44:38:363]50-41-0E-2A-01-E0 [CMD_SENT][REMOTE_GET_MODE]
[10:44:38:365][HID_TX_ack]00-19-50-49-01-C0-C2-EB-06-00-03-00-0E-AA-00-50-49-0E-DC-00-00-00-00-02-00-E0-01-17-49-01-C0-55-AB-06-00-03-00-11-EB-18-50-49-01-C0-56-AB-06-00-03-00-11-EC-17-00-00-00-00-00-00-00-00-00-00-00-00
[10:44:38:365]50-49-01-C0-C2-EB-06-00-03-00-0E-AA-00
[10:44:38:365]50-49-0E-DC-00-00-00-00-02-00-E0-01-
[10:44:38:365]REMOTE_GET_MODE=01
[10:44:38:366][HID_TX]00-80-07-A0-1F-50-41-06-2B-01-00-63-00-00-00-00-00-00-00-00-00-00-00-00-00-00-00-00-00-00-00-00-00-00-00-00-00-00-00-00-00-00-00-00-00-00-00-00-00-00-00-00-00-00-00-00-00-00-00-00-00-00-00-00-00
[10:44:38:368]HidD_GetInputReport=True
[10:44:38:368]reply_report=00-4F-00-00-00-00-00-00-00-00-00-00-00-00-00-00-00-00-00-00-00-00-00-00-00-00-00-00-00-00-00-00-00-00-00-00-00-00-00-00-00-00-00-00-00-00-00-00-00-00-00-00-00-00-00-00-00-00-00-00-00-00-00-00-00
[10:44:38:368]50-41-06-2B-01-00-63 [CMD_SENT][CMD_GET_IO_LEVEL]
[10:44:38:385][HID_TX_ack]00-12-50-49-01-DD-8F-30-08-00-08-00-06-AB-00-01-F7-FF-1F-00-00-00-00-02-00-E0-01-17-49-01-C0-55-AB-06-00-03-00-11-EB-18-50-49-01-C0-56-AB-06-00-03-00-11-EC-17-00-00-00-00-00-00-00-00-00-00-00-00
[10:44:38:385]50-49-01-DD-8F-30-08-00-08-00-06-AB-00-01-F7-FF-1F-00
[10:44:38:610][HID_TX]00-80-06-71-DC-50-41-0E-2C-01-E0-00-00-00-00-00-00-00-00-00-00-00-00-00-00-00-00-00-00-00-00-00-00-00-00-00-00-00-00-00-00-00-00-00-00-00-00-00-00-00-00-00-00-00-00-00-00-00-00-00-00-00-00-00-00
[10:44:38:611]HidD_GetInputReport=True
[10:44:38:611]reply_report=00-4F-00-00-00-00-00-00-00-00-00-00-00-00-00-00-00-00-00-00-00-00-00-00-00-00-00-00-00-00-00-00-00-00-00-00-00-00-00-00-00-00-00-00-00-00-00-00-00-00-00-00-00-00-00-00-00-00-00-00-00-00-00-00-00
[10:44:38:611]50-41-0E-2C-01-E0 [CMD_SENT][REMOTE_GET_MODE]
[10:44:38:614][HID_TX_ack]00-19-50-49-01-C0-88-EC-06-00-03-00-0E-AC-00-50-49-0E-DE-00-00-00-00-02-00-E0-01-17-49-01-C0-55-AB-06-00-03-00-11-EB-18-50-49-01-C0-56-AB-06-00-03-00-11-EC-17-00-00-00-00-00-00-00-00-00-00-00-00
[10:44:38:614]50-49-01-C0-88-EC-06-00-03-00-0E-AC-00
[10:44:38:614]50-49-0E-DE-00-00-00-00-02-00-E0-01-
[10:44:38:614]REMOTE_GET_MODE=01
[10:44:38:614][HID_TX]00-80-07-9D-6F-50-41-06-2D-01-00-63-00-00-00-00-00-00-00-00-00-00-00-00-00-00-00-00-00-00-00-00-00-00-00-00-00-00-00-00-00-00-00-00-00-00-00-00-00-00-00-00-00-00-00-00-00-00-00-00-00-00-00-00-00
[10:44:38:616]HidD_GetInputReport=True
[10:44:38:616]reply_report=00-4F-00-00-00-00-00-00-00-00-00-00-00-00-00-00-00-00-00-00-00-00-00-00-00-00-00-00-00-00-00-00-00-00-00-00-00-00-00-00-00-00-00-00-00-00-00-00-00-00-00-00-00-00-00-00-00-00-00-00-00-00-00-00-00
[10:44:38:616]50-41-06-2D-01-00-63 [CMD_SENT][CMD_GET_IO_LEVEL]
[10:44:38:648][HID_TX_ack]00-12-50-49-01-DF-64-31-08-00-08-00-06-AD-00-01-F7-FF-1F-00-00-00-00-02-00-E0-01-17-49-01-C0-55-AB-06-00-03-00-11-EB-18-50-49-01-C0-56-AB-06-00-03-00-11-EC-17-00-00-00-00-00-00-00-00-00-00-00-00
[10:44:38:648]50-49-01-DF-64-31-08-00-08-00-06-AD-00-01-F7-FF-1F-00
[10:44:39:756][HID_TX]00-80-06-9A-F3-50-41-0E-2E-01-E0-00-00-00-00-00-00-00-00-00-00-00-00-00-00-00-00-00-00-00-00-00-00-00-00-00-00-00-00-00-00-00-00-00-00-00-00-00-00-00-00-00-00-00-00-00-00-00-00-00-00-00-00-00-00
[10:44:39:756]HidD_GetInputReport=True
[10:44:39:756]reply_report=00-4F-00-00-00-00-00-00-00-00-00-00-00-00-00-00-00-00-00-00-00-00-00-00-00-00-00-00-00-00-00-00-00-00-00-00-00-00-00-00-00-00-00-00-00-00-00-00-00-00-00-00-00-00-00-00-00-00-00-00-00-00-00-00-00
[10:44:39:758]50-41-0E-2E-01-E0 [CMD_SENT][REMOTE_GET_MODE]
[10:44:39:759][HID_TX_ack]00-19-50-49-01-C0-1D-F0-06-00-03-00-0E-AE-00-50-49-0E-E0-00-00-00-00-02-00-E0-01-17-49-01-C0-55-AB-06-00-03-00-11-EB-18-50-49-01-C0-56-AB-06-00-03-00-11-EC-17-00-00-00-00-00-00-00-00-00-00-00-00
[10:44:39:759]50-49-01-C0-1D-F0-06-00-03-00-0E-AE-00
[10:44:39:759]50-49-0E-E0-00-00-00-00-02-00-E0-01-
[10:44:39:760]REMOTE_GET_MODE=01
[10:44:39:760][HID_TX]00-80-07-76-40-50-41-06-2F-01-00-63-00-00-00-00-00-00-00-00-00-00-00-00-00-00-00-00-00-00-00-00-00-00-00-00-00-00-00-00-00-00-00-00-00-00-00-00-00-00-00-00-00-00-00-00-00-00-00-00-00-00-00-00-00
[10:44:39:761]HidD_GetInputReport=True
[10:44:39:761]reply_report=00-4F-00-00-00-00-00-00-00-00-00-00-00-00-00-00-00-00-00-00-00-00-00-00-00-00-00-00-00-00-00-00-00-00-00-00-00-00-00-00-00-00-00-00-00-00-00-00-00-00-00-00-00-00-00-00-00-00-00-00-00-00-00-00-00
[10:44:39:761]50-41-06-2F-01-00-63 [CMD_SENT][CMD_GET_IO_LEVEL]
[10:44:39:786][HID_TX_ack]00-12-50-49-01-E1-F1-34-08-00-08-00-06-AF-00-01-FF-FF-1F-00-00-00-00-02-00-E0-01-17-49-01-C0-55-AB-06-00-03-00-11-EB-18-50-49-01-C0-56-AB-06-00-03-00-11-EC-17-00-00-00-00-00-00-00-00-00-00-00-00
[10:44:39:786]50-49-01-E1-F1-34-08-00-08-00-06-AF-00-01-FF-FF-1F-00
[10:44:40:003][HID_TX]00-80-06-72-53-50-41-0E-30-01-E0-00-00-00-00-00-00-00-00-00-00-00-00-00-00-00-00-00-00-00-00-00-00-00-00-00-00-00-00-00-00-00-00-00-00-00-00-00-00-00-00-00-00-00-00-00-00-00-00-00-00-00-00-00-00
[10:44:40:004]HidD_GetInputReport=True
[10:44:40:004]reply_report=00-4F-00-00-00-00-00-00-00-00-00-00-00-00-00-00-00-00-00-00-00-00-00-00-00-00-00-00-00-00-00-00-00-00-00-00-00-00-00-00-00-00-00-00-00-00-00-00-00-00-00-00-00-00-00-00-00-00-00-00-00-00-00-00-00
[10:44:40:004]50-41-0E-30-01-E0 [CMD_SENT][REMOTE_GET_MODE]
[10:44:40:007][HID_TX_ack]00-19-50-49-01-C0-E3-F0-06-00-03-00-0E-B0-00-50-49-0E-E2-00-00-00-00-02-00-E0-01-17-49-01-C0-55-AB-06-00-03-00-11-EB-18-50-49-01-C0-56-AB-06-00-03-00-11-EC-17-00-00-00-00-00-00-00-00-00-00-00-00
[10:44:40:007]50-49-01-C0-E3-F0-06-00-03-00-0E-B0-00
[10:44:40:007]50-49-0E-E2-00-00-00-00-02-00-E0-01-
[10:44:40:007]REMOTE_GET_MODE=01
[10:44:40:007][HID_TX]00-80-07-9E-E0-50-41-06-31-01-00-63-00-00-00-00-00-00-00-00-00-00-00-00-00-00-00-00-00-00-00-00-00-00-00-00-00-00-00-00-00-00-00-00-00-00-00-00-00-00-00-00-00-00-00-00-00-00-00-00-00-00-00-00-00
[10:44:40:008]HidD_GetInputReport=True
[10:44:40:008]reply_report=00-4F-00-00-00-00-00-00-00-00-00-00-00-00-00-00-00-00-00-00-00-00-00-00-00-00-00-00-00-00-00-00-00-00-00-00-00-00-00-00-00-00-00-00-00-00-00-00-00-00-00-00-00-00-00-00-00-00-00-00-00-00-00-00-00
[10:44:40:008]50-41-06-31-01-00-63 [CMD_SENT][CMD_GET_IO_LEVEL]
[10:44:40:031][HID_TX_ack]00-12-50-49-01-E3-AF-35-08-00-08-00-06-B1-00-01-FF-FF-1F-00-00-00-00-02-00-E0-01-17-49-01-C0-55-AB-06-00-03-00-11-EB-18-50-49-01-C0-56-AB-06-00-03-00-11-EC-17-00-00-00-00-00-00-00-00-00-00-00-00
[10:44:40:031]50-49-01-E3-AF-35-08-00-08-00-06-B1-00-01-FF-FF-1F-00
[10:44:40:249][HID_TX]00-80-06-99-7C-50-41-0E-32-01-E0-00-00-00-00-00-00-00-00-00-00-00-00-00-00-00-00-00-00-00-00-00-00-00-00-00-00-00-00-00-00-00-00-00-00-00-00-00-00-00-00-00-00-00-00-00-00-00-00-00-00-00-00-00-00
[10:44:40:251]HidD_GetInputReport=True
[10:44:40:251]reply_report=00-4F-00-00-00-00-00-00-00-00-00-00-00-00-00-00-00-00-00-00-00-00-00-00-00-00-00-00-00-00-00-00-00-00-00-00-00-00-00-00-00-00-00-00-00-00-00-00-00-00-00-00-00-00-00-00-00-00-00-00-00-00-00-00-00
[10:44:40:251]50-41-0E-32-01-E0 [CMD_SENT][REMOTE_GET_MODE]
[10:44:40:253][HID_TX_ack]00-19-50-49-01-C0-A8-F1-06-00-03-00-0E-B2-00-50-49-0E-E4-00-00-00-00-02-00-E0-01-17-49-01-C0-55-AB-06-00-03-00-11-EB-18-50-49-01-C0-56-AB-06-00-03-00-11-EC-17-00-00-00-00-00-00-00-00-00-00-00-00
[10:44:40:253]50-49-01-C0-A8-F1-06-00-03-00-0E-B2-00
[10:44:40:253]50-49-0E-E4-00-00-00-00-02-00-E0-01-
[10:44:40:253]REMOTE_GET_MODE=01
[10:44:40:253][HID_TX]00-80-07-75-CF-50-41-06-33-01-00-63-00-00-00-00-00-00-00-00-00-00-00-00-00-00-00-00-00-00-00-00-00-00-00-00-00-00-00-00-00-00-00-00-00-00-00-00-00-00-00-00-00-00-00-00-00-00-00-00-00-00-00-00-00
[10:44:40:254]HidD_GetInputReport=True
[10:44:40:254]reply_report=00-4F-00-00-00-00-00-00-00-00-00-00-00-00-00-00-00-00-00-00-00-00-00-00-00-00-00-00-00-00-00-00-00-00-00-00-00-00-00-00-00-00-00-00-00-00-00-00-00-00-00-00-00-00-00-00-00-00-00-00-00-00-00-00-00
[10:44:40:254]50-41-06-33-01-00-63 [CMD_SENT][CMD_GET_IO_LEVEL]
[10:44:40:277][HID_TX_ack]00-12-50-49-01-E5-78-36-08-00-08-00-06-B3-00-01-FF-FF-1E-00-00-00-00-02-00-E0-01-17-49-01-C0-55-AB-06-00-03-00-11-EB-18-50-49-01-C0-56-AB-06-00-03-00-11-EC-17-00-00-00-00-00-00-00-00-00-00-00-00
[10:44:40:277]50-49-01-E5-78-36-08-00-08-00-06-B3-00-01-FF-FF-1E-00
[10:44:40:496][HID_TX]00-80-06-A4-0C-50-41-0E-34-01-E0-00-00-00-00-00-00-00-00-00-00-00-00-00-00-00-00-00-00-00-00-00-00-00-00-00-00-00-00-00-00-00-00-00-00-00-00-00-00-00-00-00-00-00-00-00-00-00-00-00-00-00-00-00-00
[10:44:40:498]HidD_GetInputReport=True
[10:44:40:498]reply_report=00-4F-00-00-00-00-00-00-00-00-00-00-00-00-00-00-00-00-00-00-00-00-00-00-00-00-00-00-00-00-00-00-00-00-00-00-00-00-00-00-00-00-00-00-00-00-00-00-00-00-00-00-00-00-00-00-00-00-00-00-00-00-00-00-00
[10:44:40:498]50-41-0E-34-01-E0 [CMD_SENT][REMOTE_GET_MODE]
[10:44:40:501][HID_TX_ack]00-19-50-49-01-C0-6E-F2-06-00-03-00-0E-B4-00-50-49-0E-E6-00-00-00-00-02-00-E0-01-17-49-01-C0-55-AB-06-00-03-00-11-EB-18-50-49-01-C0-56-AB-06-00-03-00-11-EC-17-00-00-00-00-00-00-00-00-00-00-00-00
[10:44:40:501]50-49-01-C0-6E-F2-06-00-03-00-0E-B4-00
[10:44:40:501]50-49-0E-E6-00-00-00-00-02-00-E0-01-
[10:44:40:501]REMOTE_GET_MODE=01
[10:44:40:501][HID_TX]00-80-07-48-BF-50-41-06-35-01-00-63-00-00-00-00-00-00-00-00-00-00-00-00-00-00-00-00-00-00-00-00-00-00-00-00-00-00-00-00-00-00-00-00-00-00-00-00-00-00-00-00-00-00-00-00-00-00-00-00-00-00-00-00-00
[10:44:40:503]HidD_GetInputReport=True
[10:44:40:503]reply_report=00-4F-00-00-00-00-00-00-00-00-00-00-00-00-00-00-00-00-00-00-00-00-00-00-00-00-00-00-00-00-00-00-00-00-00-00-00-00-00-00-00-00-00-00-00-00-00-00-00-00-00-00-00-00-00-00-00-00-00-00-00-00-00-00-00
[10:44:40:503]50-41-06-35-01-00-63 [CMD_SENT][CMD_GET_IO_LEVEL]
[10:44:40:521][HID_TX_ack]00-12-50-49-01-E7-37-37-08-00-08-00-06-B5-00-01-FF-FF-1E-00-00-00-00-02-00-E0-01-17-49-01-C0-55-AB-06-00-03-00-11-EB-18-50-49-01-C0-56-AB-06-00-03-00-11-EC-17-00-00-00-00-00-00-00-00-00-00-00-00
[10:44:40:521]50-49-01-E7-37-37-08-00-08-00-06-B5-00-01-FF-FF-1E-00
[10:44:41:036][HID_TX_ack]00-0D-50-49-11-E8-19-F4-06-00-03-00-20-EA-00-01-FF-FF-1E-00-00-00-00-02-00-E0-01-17-49-01-C0-55-AB-06-00-03-00-11-EB-18-50-49-01-C0-56-AB-06-00-03-00-11-EC-17-00-00-00-00-00-00-00-00-00-00-00-00
[10:44:41:036]50-49-11-E8-19-F4-06-00-03-00-20-EA-00
[10:44:41:046][HID_TX_ack]00-1A-50-49-01-C0-21-F4-06-00-03-00-11-FF-18-50-49-01-C0-22-F4-06-00-03-00-11-80-17-49-01-C0-55-AB-06-00-03-00-11-EB-18-50-49-01-C0-56-AB-06-00-03-00-11-EC-17-00-00-00-00-00-00-00-00-00-00-00-00
[10:44:41:046]50-49-01-C0-21-F4-06-00-03-00-11-FF-18
[10:44:41:046]50-49-01-C0-22-F4-06-00-03-00-11-80-17
[10:44:41:048][HID_TX_ack]00-0D-50-49-11-E9-23-F4-06-00-03-00-20-00-00-50-49-01-C0-22-F4-06-00-03-00-11-80-17-49-01-C0-55-AB-06-00-03-00-11-EB-18-50-49-01-C0-56-AB-06-00-03-00-11-EC-17-00-00-00-00-00-00-00-00-00-00-00-00
[10:44:41:048]50-49-11-E9-23-F4-06-00-03-00-20-00-00
[10:44:41:774][HID_TX]00-80-06-4F-23-50-41-0E-36-01-E0-00-00-00-00-00-00-00-00-00-00-00-00-00-00-00-00-00-00-00-00-00-00-00-00-00-00-00-00-00-00-00-00-00-00-00-00-00-00-00-00-00-00-00-00-00-00-00-00-00-00-00-00-00-00
[10:44:41:776]HidD_GetInputReport=True
[10:44:41:776]reply_report=00-4F-00-00-00-00-00-00-00-00-00-00-00-00-00-00-00-00-00-00-00-00-00-00-00-00-00-00-00-00-00-00-00-00-00-00-00-00-00-00-00-00-00-00-00-00-00-00-00-00-00-00-00-00-00-00-00-00-00-00-00-00-00-00-00
[10:44:41:776]50-41-0E-36-01-E0 [CMD_SENT][REMOTE_GET_MODE]
[10:44:41:778][HID_TX_ack]00-19-50-49-01-C0-6C-F6-06-00-03-00-0E-B6-00-50-49-0E-EA-00-00-00-00-02-00-E0-01-17-49-01-C0-55-AB-06-00-03-00-11-EB-18-50-49-01-C0-56-AB-06-00-03-00-11-EC-17-00-00-00-00-00-00-00-00-00-00-00-00
[10:44:41:779]50-49-01-C0-6C-F6-06-00-03-00-0E-B6-00
[10:44:41:779]50-49-0E-EA-00-00-00-00-02-00-E0-01-
[10:44:41:779]REMOTE_GET_MODE=01
[10:44:41:779][HID_TX]00-80-07-A3-90-50-41-06-37-01-00-63-00-00-00-00-00-00-00-00-00-00-00-00-00-00-00-00-00-00-00-00-00-00-00-00-00-00-00-00-00-00-00-00-00-00-00-00-00-00-00-00-00-00-00-00-00-00-00-00-00-00-00-00-00
[10:44:41:779]HidD_GetInputReport=True
[10:44:41:780]reply_report=00-4F-00-00-00-00-00-00-00-00-00-00-00-00-00-00-00-00-00-00-00-00-00-00-00-00-00-00-00-00-00-00-00-00-00-00-00-00-00-00-00-00-00-00-00-00-00-00-00-00-00-00-00-00-00-00-00-00-00-00-00-00-00-00-00
[10:44:41:780]50-41-06-37-01-00-63 [CMD_SENT][CMD_GET_IO_LEVEL]
[10:44:41:801][HID_TX_ack]00-12-50-49-01-EB-3E-3B-08-00-08-00-06-B7-00-01-FF-FF-1F-00-00-00-00-02-00-E0-01-17-49-01-C0-55-AB-06-00-03-00-11-EB-18-50-49-01-C0-56-AB-06-00-03-00-11-EC-17-00-00-00-00-00-00-00-00-00-00-00-00
[10:44:41:801]50-49-01-EB-3E-3B-08-00-08-00-06-B7-00-01-FF-FF-1F-00
[10:44:42:021][HID_TX]00-80-06-DE-EC-50-41-0E-38-01-E0-00-00-00-00-00-00-00-00-00-00-00-00-00-00-00-00-00-00-00-00-00-00-00-00-00-00-00-00-00-00-00-00-00-00-00-00-00-00-00-00-00-00-00-00-00-00-00-00-00-00-00-00-00-00
[10:44:42:023]HidD_GetInputReport=True
[10:44:42:023]reply_report=00-4F-00-00-00-00-00-00-00-00-00-00-00-00-00-00-00-00-00-00-00-00-00-00-00-00-00-00-00-00-00-00-00-00-00-00-00-00-00-00-00-00-00-00-00-00-00-00-00-00-00-00-00-00-00-00-00-00-00-00-00-00-00-00-00
[10:44:42:023]50-41-0E-38-01-E0 [CMD_SENT][REMOTE_GET_MODE]
[10:44:42:025][HID_TX_ack]00-19-50-49-01-C0-32-F7-06-00-03-00-0E-B8-00-50-49-0E-EC-00-00-00-00-02-00-E0-01-17-49-01-C0-55-AB-06-00-03-00-11-EB-18-50-49-01-C0-56-AB-06-00-03-00-11-EC-17-00-00-00-00-00-00-00-00-00-00-00-00
[10:44:42:026]50-49-01-C0-32-F7-06-00-03-00-0E-B8-00
[10:44:42:026]50-49-0E-EC-00-00-00-00-02-00-E0-01-
[10:44:42:026]REMOTE_GET_MODE=01
[10:44:42:026][HID_TX]00-80-07-32-5F-50-41-06-39-01-00-63-00-00-00-00-00-00-00-00-00-00-00-00-00-00-00-00-00-00-00-00-00-00-00-00-00-00-00-00-00-00-00-00-00-00-00-00-00-00-00-00-00-00-00-00-00-00-00-00-00-00-00-00-00
[10:44:42:028]HidD_GetInputReport=True
[10:44:42:028]reply_report=00-4F-00-00-00-00-00-00-00-00-00-00-00-00-00-00-00-00-00-00-00-00-00-00-00-00-00-00-00-00-00-00-00-00-00-00-00-00-00-00-00-00-00-00-00-00-00-00-00-00-00-00-00-00-00-00-00-00-00-00-00-00-00-00-00
[10:44:42:028]50-41-06-39-01-00-63 [CMD_SENT][CMD_GET_IO_LEVEL]
[10:44:42:061][HID_TX_ack]00-12-50-49-01-ED-FE-3B-08-00-08-00-06-B9-00-01-FF-FF-1F-00-00-00-00-02-00-E0-01-17-49-01-C0-55-AB-06-00-03-00-11-EB-18-50-49-01-C0-56-AB-06-00-03-00-11-EC-17-00-00-00-00-00-00-00-00-00-00-00-00
[10:44:42:062]50-49-01-ED-FE-3B-08-00-08-00-06-B9-00-01-FF-FF-1F-00
[10:44:42:284][HID_TX]00-80-06-35-C3-50-41-0E-3A-01-E0-00-00-00-00-00-00-00-00-00-00-00-00-00-00-00-00-00-00-00-00-00-00-00-00-00-00-00-00-00-00-00-00-00-00-00-00-00-00-00-00-00-00-00-00-00-00-00-00-00-00-00-00-00-00
[10:44:42:286]HidD_GetInputReport=True
[10:44:42:286]reply_report=00-4F-00-00-00-00-00-00-00-00-00-00-00-00-00-00-00-00-00-00-00-00-00-00-00-00-00-00-00-00-00-00-00-00-00-00-00-00-00-00-00-00-00-00-00-00-00-00-00-00-00-00-00-00-00-00-00-00-00-00-00-00-00-00-00
[10:44:42:286]50-41-0E-3A-01-E0 [CMD_SENT][REMOTE_GET_MODE]
[10:44:42:289][HID_TX_ack]00-19-50-49-01-C0-04-F8-06-00-03-00-0E-BA-00-50-49-0E-EE-00-00-00-00-02-00-E0-01-17-49-01-C0-55-AB-06-00-03-00-11-EB-18-50-49-01-C0-56-AB-06-00-03-00-11-EC-17-00-00-00-00-00-00-00-00-00-00-00-00
[10:44:42:289]50-49-01-C0-04-F8-06-00-03-00-0E-BA-00
[10:44:42:289]50-49-0E-EE-00-00-00-00-02-00-E0-01-
[10:44:42:289]REMOTE_GET_MODE=01
[10:44:42:289][HID_TX]00-80-07-D9-70-50-41-06-3B-01-00-63-00-00-00-00-00-00-00-00-00-00-00-00-00-00-00-00-00-00-00-00-00-00-00-00-00-00-00-00-00-00-00-00-00-00-00-00-00-00-00-00-00-00-00-00-00-00-00-00-00-00-00-00-00
[10:44:42:290]HidD_GetInputReport=True
[10:44:42:290]reply_report=00-4F-00-00-00-00-00-00-00-00-00-00-00-00-00-00-00-00-00-00-00-00-00-00-00-00-00-00-00-00-00-00-00-00-00-00-00-00-00-00-00-00-00-00-00-00-00-00-00-00-00-00-00-00-00-00-00-00-00-00-00-00-00-00-00
[10:44:42:290]50-41-06-3B-01-00-63 [CMD_SENT][CMD_GET_IO_LEVEL]
[10:44:42:319][HID_TX_ack]00-12-50-49-01-EF-CC-3C-08-00-08-00-06-BB-00-01-FF-FF-1D-00-00-00-00-02-00-E0-01-17-49-01-C0-55-AB-06-00-03-00-11-EB-18-50-49-01-C0-56-AB-06-00-03-00-11-EC-17-00-00-00-00-00-00-00-00-00-00-00-00
[10:44:42:319]50-49-01-EF-CC-3C-08-00-08-00-06-BB-00-01-FF-FF-1D-00
[10:44:42:532][HID_TX]00-80-06-08-B3-50-41-0E-3C-01-E0-00-00-00-00-00-00-00-00-00-00-00-00-00-00-00-00-00-00-00-00-00-00-00-00-00-00-00-00-00-00-00-00-00-00-00-00-00-00-00-00-00-00-00-00-00-00-00-00-00-00-00-00-00-00
[10:44:42:534]HidD_GetInputReport=True
[10:44:42:534]reply_report=00-4F-00-00-00-00-00-00-00-00-00-00-00-00-00-00-00-00-00-00-00-00-00-00-00-00-00-00-00-00-00-00-00-00-00-00-00-00-00-00-00-00-00-00-00-00-00-00-00-00-00-00-00-00-00-00-00-00-00-00-00-00-00-00-00
[10:44:42:534]50-41-0E-3C-01-E0 [CMD_SENT][REMOTE_GET_MODE]
[10:44:42:536][HID_TX_ack]00-19-50-49-01-C0-CB-F8-06-00-03-00-0E-BC-00-50-49-0E-F0-00-00-00-00-02-00-E0-01-17-49-01-C0-55-AB-06-00-03-00-11-EB-18-50-49-01-C0-56-AB-06-00-03-00-11-EC-17-00-00-00-00-00-00-00-00-00-00-00-00
[10:44:42:537]50-49-01-C0-CB-F8-06-00-03-00-0E-BC-00
[10:44:42:537]50-49-0E-F0-00-00-00-00-02-00-E0-01-
[10:44:42:537]REMOTE_GET_MODE=01
[10:44:42:537][HID_TX]00-80-07-E4-00-50-41-06-3D-01-00-63-00-00-00-00-00-00-00-00-00-00-00-00-00-00-00-00-00-00-00-00-00-00-00-00-00-00-00-00-00-00-00-00-00-00-00-00-00-00-00-00-00-00-00-00-00-00-00-00-00-00-00-00-00
[10:44:42:539]HidD_GetInputReport=True
[10:44:42:539]reply_report=00-4F-00-00-00-00-00-00-00-00-00-00-00-00-00-00-00-00-00-00-00-00-00-00-00-00-00-00-00-00-00-00-00-00-00-00-00-00-00-00-00-00-00-00-00-00-00-00-00-00-00-00-00-00-00-00-00-00-00-00-00-00-00-00-00
[10:44:42:539]50-41-06-3D-01-00-63 [CMD_SENT][CMD_GET_IO_LEVEL]
[10:44:42:569][HID_TX_ack]00-12-50-49-01-F1-9D-3D-08-00-08-00-06-BD-00-01-FF-FF-1D-00-00-00-00-02-00-E0-01-17-49-01-C0-55-AB-06-00-03-00-11-EB-18-50-49-01-C0-56-AB-06-00-03-00-11-EC-17-00-00-00-00-00-00-00-00-00-00-00-00
[10:44:42:569]50-49-01-F1-9D-3D-08-00-08-00-06-BD-00-01-FF-FF-1D-00
[10:44:42:984][HID_TX_ack]00-0D-50-49-11-F2-2F-FA-06-00-03-00-20-E9-00-01-FF-FF-1D-00-00-00-00-02-00-E0-01-17-49-01-C0-55-AB-06-00-03-00-11-EB-18-50-49-01-C0-56-AB-06-00-03-00-11-EC-17-00-00-00-00-00-00-00-00-00-00-00-00
[10:44:42:984]50-49-11-F2-2F-FA-06-00-03-00-20-E9-00
[10:44:42:995][HID_TX_ack]00-1A-50-49-01-C0-38-FA-06-00-03-00-11-81-18-50-49-01-C0-39-FA-06-00-03-00-11-82-17-49-01-C0-55-AB-06-00-03-00-11-EB-18-50-49-01-C0-56-AB-06-00-03-00-11-EC-17-00-00-00-00-00-00-00-00-00-00-00-00
[10:44:42:995]50-49-01-C0-38-FA-06-00-03-00-11-81-18
[10:44:42:995]50-49-01-C0-39-FA-06-00-03-00-11-82-17
[10:44:42:997][HID_TX_ack]00-0D-50-49-11-F3-3A-FA-06-00-03-00-20-00-00-50-49-01-C0-39-FA-06-00-03-00-11-82-17-49-01-C0-55-AB-06-00-03-00-11-EB-18-50-49-01-C0-56-AB-06-00-03-00-11-EC-17-00-00-00-00-00-00-00-00-00-00-00-00
[10:44:42:997]50-49-11-F3-3A-FA-06-00-03-00-20-00-00
[10:44:43:606][HID_TX]00-80-07-63-68-50-41-0E-3E-02-E1-00-00-00-00-00-00-00-00-00-00-00-00-00-00-00-00-00-00-00-00-00-00-00-00-00-00-00-00-00-00-00-00-00-00-00-00-00-00-00-00-00-00-00-00-00-00-00-00-00-00-00-00-00-00
[10:44:43:607]HidD_GetInputReport=True
[10:44:43:608]reply_report=00-4F-00-00-00-00-00-00-00-00-00-00-00-00-00-00-00-00-00-00-00-00-00-00-00-00-00-00-00-00-00-00-00-00-00-00-00-00-00-00-00-00-00-00-00-00-00-00-00-00-00-00-00-00-00-00-00-00-00-00-00-00-00-00-00
[10:44:43:608]50-41-0E-3E-02-E1-00 [CMD_SENT][REMOTE_SET_MODE] is_remote=False
[10:44:43:610][HID_TX_ack]00-0D-50-49-01-C0-26-FC-06-00-03-00-0E-BE-00-50-49-01-C0-39-FA-06-00-03-00-11-82-17-49-01-C0-55-AB-06-00-03-00-11-EB-18-50-49-01-C0-56-AB-06-00-03-00-11-EC-17-00-00-00-00-00-00-00-00-00-00-00-00
[10:44:43:610]50-49-01-C0-26-FC-06-00-03-00-0E-BE-00
[10:44:43:610]ystech_Power_Saving, is_EnablePowerSaving=True
[10:44:43:610][HID_TX]00-85-01-73-56-02-00-00-00-00-00-00-00-00-00-00-00-00-00-00-00-00-00-00-00-00-00-00-00-00-00-00-00-00-00-00-00-00-00-00-00-00-00-00-00-00-00-00-00-00-00-00-00-00-00-00-00-00-00-00-00-00-00-00-00
[10:44:43:611]HidD_GetInputReport=True
[10:44:43:611]reply_report=00-4F-00-00-00-00-00-00-00-00-00-00-00-00-00-00-00-00-00-00-00-00-00-00-00-00-00-00-00-00-00-00-00-00-00-00-00-00-00-00-00-00-00-00-00-00-00-00-00-00-00-00-00-00-00-00-00-00-00-00-00-00-00-00-00
[10:44:43:611]HID_CMD_POWER_SAVING_Enable
[10:44:43:611]close_hid_stream
[10:44:43:611]close_hid_handle
