[15:25:54:644]\\?\hid#dell09c2&col02#5&bc4dc33&0&0001#{4d1e55b2-f16f-11cf-88cb-001111000030}
[15:25:54:644]\\?\hid#dell09c2&col03#5&bc4dc33&0&0002#{4d1e55b2-f16f-11cf-88cb-001111000030}
[15:25:54:644]\\?\hid#intc816&col01#3&207f9b7f&0&0000#{4d1e55b2-f16f-11cf-88cb-001111000030}
[15:25:54:644]\\?\hid#intc816&col02#3&207f9b7f&0&0001#{4d1e55b2-f16f-11cf-88cb-001111000030}
[15:25:54:644]\\?\hid#converteddevice&col02#5&17bac0a6&0&0001#{4d1e55b2-f16f-11cf-88cb-001111000030}
[15:25:54:644]\\?\hid#converteddevice&col03#5&17bac0a6&0&0002#{4d1e55b2-f16f-11cf-88cb-001111000030}
[15:25:54:644]\\?\hid#dell09c2&col04#5&bc4dc33&0&0003#{4d1e55b2-f16f-11cf-88cb-001111000030}
[15:25:54:644]\\?\hid#{00001812-0000-1000-8000-00805f9b34fb}_dev_vid&0232c2_pid&0001_rev&0068_ccb624cd66b1#9&326e3aae&0&0000#{4d1e55b2-f16f-11cf-88cb-001111000030}
[15:25:54:645]\\?\hid#dell09c2&col05#5&bc4dc33&0&0004#{4d1e55b2-f16f-11cf-88cb-001111000030}
[15:25:54:645]\\?\hid#converteddevice&col01#5&17bac0a6&0&0000#{4d1e55b2-f16f-11cf-88cb-001111000030}\kbd
[15:25:54:645]\\?\hid#dell09c2&col01#5&bc4dc33&0&0000#{4d1e55b2-f16f-11cf-88cb-001111000030}
[15:25:54:645]\\?\hid#vid_046d&pid_0adf&mi_00#7&3e7114f&0&0000#{4d1e55b2-f16f-11cf-88cb-001111000030}
[15:25:54:645]\\?\hid#vid_046d&pid_0adf&mi_04#7&31212da2&0&0000#{4d1e55b2-f16f-11cf-88cb-001111000030}
[15:25:54:648]try_path=\\?\hid#vid_046d&pid_0adf&mi_00#7&3e7114f&0&0000#{4d1e55b2-f16f-11cf-88cb-001111000030}
[15:25:54:650]	InputReportByteLength=65
[15:25:54:650]	OutputReportByteLength=65
[15:25:54:651]HID_Connected=\\?\hid#vid_046d&pid_0adf&mi_00#7&3e7114f&0&0000#{4d1e55b2-f16f-11cf-88cb-001111000030}
[15:25:54:653][HID_TX]00-84-01-D1-55-01-00-00-00-00-00-00-00-00-00-00-00-00-00-00-00-00-00-00-00-00-00-00-00-00-00-00-00-00-00-00-00-00-00-00-00-00-00-00-00-00-00-00-00-00-00-00-00-00-00-00-00-00-00-00-00-00-00-00-00
[15:25:54:654]HidD_GetInputReport=True
[15:25:54:654]reply_report=00-4F-56-31-2E-38-2E-35-2E-31-00-00-00-00-00-00-00-00-00-00-00-00-00-00-00-00-00-00-00-00-00-00-00-00-00-00-00-00-00-00-00-00-00-00-00-00-00-00-00-00-00-00-00-00-00-00-00-00-00-00-00-00-00-00-00
[15:25:54:654][ys_tech] fw_version=V1.8.5.1
[15:25:54:654]ystech_Power_Saving, is_EnablePowerSaving=False
[15:25:54:654][HID_TX]00-85-01-83-8B-01-00-00-00-00-00-00-00-00-00-00-00-00-00-00-00-00-00-00-00-00-00-00-00-00-00-00-00-00-00-00-00-00-00-00-00-00-00-00-00-00-00-00-00-00-00-00-00-00-00-00-00-00-00-00-00-00-00-00-00
[15:25:54:656]HidD_GetInputReport=True
[15:25:54:656]reply_report=00-46-00-00-00-00-00-00-00-00-00-00-00-00-00-00-00-00-00-00-00-00-00-00-00-00-00-00-00-00-00-00-00-00-00-00-00-00-00-00-00-00-00-00-00-00-00-00-00-00-00-00-00-00-00-00-00-00-00-00-00-00-00-00-00
[15:25:54:671][Response Fail][System.Exception]
[15:25:54:676]   at ..(Boolean  )
   at ..(Byte  , Byte[]  )
[15:25:54:727]_ystech_retry_count=1
[15:25:54:727][HID_TX]00-85-01-83-8B-01-00-00-00-00-00-00-00-00-00-00-00-00-00-00-00-00-00-00-00-00-00-00-00-00-00-00-00-00-00-00-00-00-00-00-00-00-00-00-00-00-00-00-00-00-00-00-00-00-00-00-00-00-00-00-00-00-00-00-00
[15:25:54:728]HidD_GetInputReport=True
[15:25:54:728]reply_report=00-4F-00-00-00-00-00-00-00-00-00-00-00-00-00-00-00-00-00-00-00-00-00-00-00-00-00-00-00-00-00-00-00-00-00-00-00-00-00-00-00-00-00-00-00-00-00-00-00-00-00-00-00-00-00-00-00-00-00-00-00-00-00-00-00
[15:25:54:728]HID_CMD_POWER_SAVING_Disable
[15:25:54:728]path_connected=\\?\hid#vid_046d&pid_0adf&mi_00#7&3e7114f&0&0000#{4d1e55b2-f16f-11cf-88cb-001111000030}
[15:25:55:967][HID_TX]00-80-06-1C-7D-50-41-0E-01-01-E0-00-00-00-00-00-00-00-00-00-00-00-00-00-00-00-00-00-00-00-00-00-00-00-00-00-00-00-00-00-00-00-00-00-00-00-00-00-00-00-00-00-00-00-00-00-00-00-00-00-00-00-00-00-00
[15:25:55:969]HidD_GetInputReport=True
[15:25:55:969]reply_report=00-4F-00-00-00-00-00-00-00-00-00-00-00-00-00-00-00-00-00-00-00-00-00-00-00-00-00-00-00-00-00-00-00-00-00-00-00-00-00-00-00-00-00-00-00-00-00-00-00-00-00-00-00-00-00-00-00-00-00-00-00-00-00-00-00
[15:25:55:969]50-41-0E-01-01-E0 [CMD_SENT][REMOTE_GET_MODE]
[15:25:55:975][HID_TX_ack]00-19-50-49-01-C0-6E-8C-03-00-03-00-0E-81-00-50-49-0E-C3-00-00-00-00-02-00-E0-00-00-32-50-49-01-C0-22-05-00-00-03-00-11-88-19-00-00-00-00-00-00-00-00-00-00-00-00-00-00-00-00-00-00-00-00-00-00-00
[15:25:55:979]REMOTE_GET_MODE=00
[15:25:55:979]50-49-01-C0-6E-8C-03-00-03-00-0E-81-00
[15:25:55:979]50-49-0E-C3-00-00-00-00-02-00-E0-00-
[15:25:55:979][HID_TX]00-80-07-F5-A5-50-41-0E-02-02-E1-01-00-00-00-00-00-00-00-00-00-00-00-00-00-00-00-00-00-00-00-00-00-00-00-00-00-00-00-00-00-00-00-00-00-00-00-00-00-00-00-00-00-00-00-00-00-00-00-00-00-00-00-00-00
[15:25:55:980]HidD_GetInputReport=True
[15:25:55:980]reply_report=00-4F-00-00-00-00-00-00-00-00-00-00-00-00-00-00-00-00-00-00-00-00-00-00-00-00-00-00-00-00-00-00-00-00-00-00-00-00-00-00-00-00-00-00-00-00-00-00-00-00-00-00-00-00-00-00-00-00-00-00-00-00-00-00-00
[15:25:55:980]50-41-0E-02-02-E1-01 [CMD_SENT][REMOTE_SET_MODE] is_remote=True
[15:25:55:983][HID_TX_ack]00-0D-50-49-01-C0-77-8C-03-00-03-00-0E-82-00-50-49-0E-C3-00-00-00-00-02-00-E0-00-00-32-50-49-01-C0-22-05-00-00-03-00-11-88-19-00-00-00-00-00-00-00-00-00-00-00-00-00-00-00-00-00-00-00-00-00-00-00
[15:25:55:983]50-49-01-C0-77-8C-03-00-03-00-0E-82-00
[15:25:55:984][HID_TX]00-80-13-A8-D9-50-41-06-03-0D-00-25-34-12-5A-5A-01-00-00-00-F0-00-00-00-00-00-00-00-00-00-00-00-00-00-00-00-00-00-00-00-00-00-00-00-00-00-00-00-00-00-00-00-00-00-00-00-00-00-00-00-00-00-00-00-00
[15:25:55:986]HidD_GetInputReport=True
[15:25:55:986]reply_report=00-4F-00-00-00-00-00-00-00-00-00-00-00-00-00-00-00-00-00-00-00-00-00-00-00-00-00-00-00-00-00-00-00-00-00-00-00-00-00-00-00-00-00-00-00-00-00-00-00-00-00-00-00-00-00-00-00-00-00-00-00-00-00-00-00
[15:25:55:986]50-41-06-03-0D-00-25-34-12-5A-5A-01-00-00-00-F0-00-00-00 [CMD_SENT][OTA_CMD_IOCTL][READ_MAX_LEN]
[15:25:56:008][HID_TX_ack]00-11-50-49-01-C4-1F-A6-03-00-07-00-06-83-00-F0-00-00-00-00-00-00-00-02-00-E0-00-00-32-50-49-01-C0-22-05-00-00-03-00-11-88-19-00-00-00-00-00-00-00-00-00-00-00-00-00-00-00-00-00-00-00-00-00-00-00
[15:25:56:008]50-49-01-C4-1F-A6-03-00-07-00-06-83-00-F0-00-00-00
[15:25:56:008][HID_TX]00-80-06-2F-BD-50-41-0E-04-01-E0-00-00-00-00-00-00-00-00-00-00-00-00-00-00-00-00-00-00-00-00-00-00-00-00-00-00-00-00-00-00-00-00-00-00-00-00-00-00-00-00-00-00-00-00-00-00-00-00-00-00-00-00-00-00
[15:25:56:009]HidD_GetInputReport=True
[15:25:56:009]reply_report=00-4F-00-00-00-00-00-00-00-00-00-00-00-00-00-00-00-00-00-00-00-00-00-00-00-00-00-00-00-00-00-00-00-00-00-00-00-00-00-00-00-00-00-00-00-00-00-00-00-00-00-00-00-00-00-00-00-00-00-00-00-00-00-00-00
[15:25:56:009]50-41-0E-04-01-E0 [CMD_SENT][REMOTE_GET_MODE]
[15:25:56:013][HID_TX_ack]00-19-50-49-01-C0-8E-8C-03-00-03-00-0E-84-00-50-49-0E-C5-00-00-00-00-02-00-E0-01-00-32-50-49-01-C0-22-05-00-00-03-00-11-88-19-00-00-00-00-00-00-00-00-00-00-00-00-00-00-00-00-00-00-00-00-00-00-00
[15:25:56:013]50-49-01-C0-8E-8C-03-00-03-00-0E-84-00
[15:25:56:013]50-49-0E-C5-00-00-00-00-02-00-E0-01-
[15:25:56:013]REMOTE_GET_MODE=01
[15:25:56:013][HID_TX]00-80-07-C3-0E-50-41-06-05-01-00-63-00-00-00-00-00-00-00-00-00-00-00-00-00-00-00-00-00-00-00-00-00-00-00-00-00-00-00-00-00-00-00-00-00-00-00-00-00-00-00-00-00-00-00-00-00-00-00-00-00-00-00-00-00
[15:25:56:015]HidD_GetInputReport=True
[15:25:56:015]reply_report=00-4F-00-00-00-00-00-00-00-00-00-00-00-00-00-00-00-00-00-00-00-00-00-00-00-00-00-00-00-00-00-00-00-00-00-00-00-00-00-00-00-00-00-00-00-00-00-00-00-00-00-00-00-00-00-00-00-00-00-00-00-00-00-00-00
[15:25:56:015]50-41-06-05-01-00-63 [CMD_SENT][CMD_GET_IO_LEVEL]
[15:25:56:025][HID_TX_ack]00-12-50-49-01-C6-2F-A6-03-00-08-00-06-85-00-01-FF-FF-1F-00-00-00-00-02-00-E0-01-00-32-50-49-01-C0-22-05-00-00-03-00-11-88-19-00-00-00-00-00-00-00-00-00-00-00-00-00-00-00-00-00-00-00-00-00-00-00
[15:25:56:025]50-49-01-C6-2F-A6-03-00-08-00-06-85-00-01-FF-FF-1F-00
[15:26:07:777][HID_TX_ack]00-0E-50-49-11-C7-4E-B1-03-00-04-00-04-00-00-32-FF-FF-1F-00-00-00-00-02-00-E0-01-00-32-50-49-01-C0-22-05-00-00-03-00-11-88-19-00-00-00-00-00-00-00-00-00-00-00-00-00-00-00-00-00-00-00-00-00-00-00
[15:26:07:777]50-49-11-C7-4E-B1-03-00-04-00-04-00-00-32
[15:26:17:266][HID_TX]00-80-06-C4-92-50-41-0E-06-01-E0-00-00-00-00-00-00-00-00-00-00-00-00-00-00-00-00-00-00-00-00-00-00-00-00-00-00-00-00-00-00-00-00-00-00-00-00-00-00-00-00-00-00-00-00-00-00-00-00-00-00-00-00-00-00
[15:26:17:267]HidD_GetInputReport=True
[15:26:17:267]reply_report=00-4F-00-00-00-00-00-00-00-00-00-00-00-00-00-00-00-00-00-00-00-00-00-00-00-00-00-00-00-00-00-00-00-00-00-00-00-00-00-00-00-00-00-00-00-00-00-00-00-00-00-00-00-00-00-00-00-00-00-00-00-00-00-00-00
[15:26:17:267]50-41-0E-06-01-E0 [CMD_SENT][REMOTE_GET_MODE]
[15:26:17:272][HID_TX_ack]00-19-50-49-01-C0-FC-CE-03-00-03-00-0E-86-00-50-49-0E-C8-00-00-00-00-02-00-E0-01-00-32-50-49-01-C0-22-05-00-00-03-00-11-88-19-00-00-00-00-00-00-00-00-00-00-00-00-00-00-00-00-00-00-00-00-00-00-00
[15:26:17:272]50-49-01-C0-FC-CE-03-00-03-00-0E-86-00
[15:26:17:272]50-49-0E-C8-00-00-00-00-02-00-E0-01-
[15:26:17:272]REMOTE_GET_MODE=01
[15:26:17:272][HID_TX]00-80-07-28-21-50-41-06-07-01-00-63-00-00-00-00-00-00-00-00-00-00-00-00-00-00-00-00-00-00-00-00-00-00-00-00-00-00-00-00-00-00-00-00-00-00-00-00-00-00-00-00-00-00-00-00-00-00-00-00-00-00-00-00-00
[15:26:17:273]HidD_GetInputReport=True
[15:26:17:273]reply_report=00-4F-00-00-00-00-00-00-00-00-00-00-00-00-00-00-00-00-00-00-00-00-00-00-00-00-00-00-00-00-00-00-00-00-00-00-00-00-00-00-00-00-00-00-00-00-00-00-00-00-00-00-00-00-00-00-00-00-00-00-00-00-00-00-00
[15:26:17:273]50-41-06-07-01-00-63 [CMD_SENT][CMD_GET_IO_LEVEL]
[15:26:17:275][HID_TX_ack]00-0D-50-49-01-C0-01-CF-03-00-03-00-06-87-FF-50-49-0E-C8-00-00-00-00-02-00-E0-01-00-32-50-49-01-C0-22-05-00-00-03-00-11-88-19-00-00-00-00-00-00-00-00-00-00-00-00-00-00-00-00-00-00-00-00-00-00-00
[15:26:17:276]50-49-01-C0-01-CF-03-00-03-00-06-87-FF
[15:26:18:407][HID_TX_ack]00-0E-50-49-11-C9-8A-D2-03-00-04-00-04-01-00-32-49-0E-C8-00-00-00-00-02-00-E0-01-00-32-50-49-01-C0-22-05-00-00-03-00-11-88-19-00-00-00-00-00-00-00-00-00-00-00-00-00-00-00-00-00-00-00-00-00-00-00
[15:26:18:407]50-49-11-C9-8A-D2-03-00-04-00-04-01-00-32
[15:26:20:532][HID_TX_ack]00-0D-50-49-11-CA-2D-D9-03-00-03-00-20-EA-00-32-49-0E-C8-00-00-00-00-02-00-E0-01-00-32-50-49-01-C0-22-05-00-00-03-00-11-88-19-00-00-00-00-00-00-00-00-00-00-00-00-00-00-00-00-00-00-00-00-00-00-00
[15:26:20:532]50-49-11-CA-2D-D9-03-00-03-00-20-EA-00
[15:26:20:545][HID_TX_ack]00-1A-50-49-01-C0-38-D9-03-00-03-00-11-8C-18-50-49-01-C0-38-D9-03-00-03-00-11-8D-17-32-50-49-01-C0-22-05-00-00-03-00-11-88-19-00-00-00-00-00-00-00-00-00-00-00-00-00-00-00-00-00-00-00-00-00-00-00
[15:26:20:545]50-49-01-C0-38-D9-03-00-03-00-11-8C-18
[15:26:20:545]50-49-01-C0-38-D9-03-00-03-00-11-8D-17
[15:26:20:547][HID_TX_ack]00-0D-50-49-11-CB-3A-D9-03-00-03-00-20-00-00-50-49-01-C0-38-D9-03-00-03-00-11-8D-17-32-50-49-01-C0-22-05-00-00-03-00-11-88-19-00-00-00-00-00-00-00-00-00-00-00-00-00-00-00-00-00-00-00-00-00-00-00
[15:26:20:547]50-49-11-CB-3A-D9-03-00-03-00-20-00-00
[15:26:20:637][HID_TX_ack]00-0D-50-49-11-CC-81-D9-03-00-03-00-20-EA-00-50-49-01-C0-38-D9-03-00-03-00-11-8D-17-32-50-49-01-C0-22-05-00-00-03-00-11-88-19-00-00-00-00-00-00-00-00-00-00-00-00-00-00-00-00-00-00-00-00-00-00-00
[15:26:20:637]50-49-11-CC-81-D9-03-00-03-00-20-EA-00
[15:26:20:647][HID_TX_ack]00-1A-50-49-01-C0-89-D9-03-00-03-00-11-8E-18-50-49-01-C0-8A-D9-03-00-03-00-11-8F-17-32-50-49-01-C0-22-05-00-00-03-00-11-88-19-00-00-00-00-00-00-00-00-00-00-00-00-00-00-00-00-00-00-00-00-00-00-00
[15:26:20:647]50-49-01-C0-89-D9-03-00-03-00-11-8E-18
[15:26:20:647]50-49-01-C0-8A-D9-03-00-03-00-11-8F-17
[15:26:20:650][HID_TX_ack]00-0D-50-49-11-CD-8B-D9-03-00-03-00-20-00-00-50-49-01-C0-8A-D9-03-00-03-00-11-8F-17-32-50-49-01-C0-22-05-00-00-03-00-11-88-19-00-00-00-00-00-00-00-00-00-00-00-00-00-00-00-00-00-00-00-00-00-00-00
[15:26:20:650]50-49-11-CD-8B-D9-03-00-03-00-20-00-00
[15:26:20:750][HID_TX_ack]00-0D-50-49-11-CE-DB-D9-03-00-03-00-20-EA-00-50-49-01-C0-8A-D9-03-00-03-00-11-8F-17-32-50-49-01-C0-22-05-00-00-03-00-11-88-19-00-00-00-00-00-00-00-00-00-00-00-00-00-00-00-00-00-00-00-00-00-00-00
[15:26:20:752]50-49-11-CE-DB-D9-03-00-03-00-20-EA-00
[15:26:20:761][HID_TX_ack]00-1A-50-49-01-C0-E4-D9-03-00-03-00-11-90-18-50-49-01-C0-E5-D9-03-00-03-00-11-91-17-32-50-49-01-C0-22-05-00-00-03-00-11-88-19-00-00-00-00-00-00-00-00-00-00-00-00-00-00-00-00-00-00-00-00-00-00-00
[15:26:20:761]50-49-01-C0-E4-D9-03-00-03-00-11-90-18
[15:26:20:761]50-49-01-C0-E5-D9-03-00-03-00-11-91-17
[15:26:20:764][HID_TX_ack]00-0D-50-49-11-CF-E7-D9-03-00-03-00-20-00-00-50-49-01-C0-E5-D9-03-00-03-00-11-91-17-32-50-49-01-C0-22-05-00-00-03-00-11-88-19-00-00-00-00-00-00-00-00-00-00-00-00-00-00-00-00-00-00-00-00-00-00-00
[15:26:20:764]50-49-11-CF-E7-D9-03-00-03-00-20-00-00
[15:26:20:855][HID_TX_ack]00-0D-50-49-11-D0-2F-DA-03-00-03-00-20-EA-00-50-49-01-C0-E5-D9-03-00-03-00-11-91-17-32-50-49-01-C0-22-05-00-00-03-00-11-88-19-00-00-00-00-00-00-00-00-00-00-00-00-00-00-00-00-00-00-00-00-00-00-00
[15:26:20:855]50-49-11-D0-2F-DA-03-00-03-00-20-EA-00
[15:26:20:865][HID_TX_ack]00-1A-50-49-01-C0-38-DA-03-00-03-00-11-92-18-50-49-01-C0-39-DA-03-00-03-00-11-93-17-32-50-49-01-C0-22-05-00-00-03-00-11-88-19-00-00-00-00-00-00-00-00-00-00-00-00-00-00-00-00-00-00-00-00-00-00-00
[15:26:20:865]50-49-01-C0-38-DA-03-00-03-00-11-92-18
[15:26:20:865]50-49-01-C0-39-DA-03-00-03-00-11-93-17
[15:26:20:868][HID_TX_ack]00-0D-50-49-11-D1-3A-DA-03-00-03-00-20-00-00-50-49-01-C0-39-DA-03-00-03-00-11-93-17-32-50-49-01-C0-22-05-00-00-03-00-11-88-19-00-00-00-00-00-00-00-00-00-00-00-00-00-00-00-00-00-00-00-00-00-00-00
[15:26:20:868]50-49-11-D1-3A-DA-03-00-03-00-20-00-00
[15:26:20:952][HID_TX_ack]00-0D-50-49-11-D2-7D-DA-03-00-03-00-20-EA-00-50-49-01-C0-39-DA-03-00-03-00-11-93-17-32-50-49-01-C0-22-05-00-00-03-00-11-88-19-00-00-00-00-00-00-00-00-00-00-00-00-00-00-00-00-00-00-00-00-00-00-00
[15:26:20:952]50-49-11-D2-7D-DA-03-00-03-00-20-EA-00
[15:26:20:962][HID_TX_ack]00-1A-50-49-01-C0-85-DA-03-00-03-00-11-94-18-50-49-01-C0-86-DA-03-00-03-00-11-95-17-32-50-49-01-C0-22-05-00-00-03-00-11-88-19-00-00-00-00-00-00-00-00-00-00-00-00-00-00-00-00-00-00-00-00-00-00-00
[15:26:20:962]50-49-01-C0-85-DA-03-00-03-00-11-94-18
[15:26:20:962]50-49-01-C0-86-DA-03-00-03-00-11-95-17
[15:26:20:965][HID_TX_ack]00-0D-50-49-11-D3-87-DA-03-00-03-00-20-00-00-50-49-01-C0-86-DA-03-00-03-00-11-95-17-32-50-49-01-C0-22-05-00-00-03-00-11-88-19-00-00-00-00-00-00-00-00-00-00-00-00-00-00-00-00-00-00-00-00-00-00-00
[15:26:20:965]50-49-11-D3-87-DA-03-00-03-00-20-00-00
[15:26:21:065][HID_TX_ack]00-0D-50-49-11-D4-D7-DA-03-00-03-00-20-EA-00-50-49-01-C0-86-DA-03-00-03-00-11-95-17-32-50-49-01-C0-22-05-00-00-03-00-11-88-19-00-00-00-00-00-00-00-00-00-00-00-00-00-00-00-00-00-00-00-00-00-00-00
[15:26:21:065]50-49-11-D4-D7-DA-03-00-03-00-20-EA-00
[15:26:21:073][HID_TX_ack]00-1A-50-49-01-C0-DE-DA-03-00-03-00-11-96-18-50-49-01-C0-DF-DA-03-00-03-00-11-97-17-32-50-49-01-C0-22-05-00-00-03-00-11-88-19-00-00-00-00-00-00-00-00-00-00-00-00-00-00-00-00-00-00-00-00-00-00-00
[15:26:21:073]50-49-01-C0-DE-DA-03-00-03-00-11-96-18
[15:26:21:073]50-49-01-C0-DF-DA-03-00-03-00-11-97-17
[15:26:21:075][HID_TX_ack]00-0D-50-49-11-D5-E0-DA-03-00-03-00-20-00-00-50-49-01-C0-DF-DA-03-00-03-00-11-97-17-32-50-49-01-C0-22-05-00-00-03-00-11-88-19-00-00-00-00-00-00-00-00-00-00-00-00-00-00-00-00-00-00-00-00-00-00-00
[15:26:21:075]50-49-11-D5-E0-DA-03-00-03-00-20-00-00
[15:26:21:170][HID_TX_ack]00-0D-50-49-11-D6-2B-DB-03-00-03-00-20-EA-00-50-49-01-C0-DF-DA-03-00-03-00-11-97-17-32-50-49-01-C0-22-05-00-00-03-00-11-88-19-00-00-00-00-00-00-00-00-00-00-00-00-00-00-00-00-00-00-00-00-00-00-00
[15:26:21:170]50-49-11-D6-2B-DB-03-00-03-00-20-EA-00
[15:26:21:184][HID_TX_ack]00-1A-50-49-01-C0-36-DB-03-00-03-00-11-98-18-50-49-01-C0-38-DB-03-00-03-00-11-99-17-32-50-49-01-C0-22-05-00-00-03-00-11-88-19-00-00-00-00-00-00-00-00-00-00-00-00-00-00-00-00-00-00-00-00-00-00-00
[15:26:21:184]50-49-01-C0-36-DB-03-00-03-00-11-98-18
[15:26:21:184]50-49-01-C0-38-DB-03-00-03-00-11-99-17
[15:26:21:186][HID_TX_ack]00-0D-50-49-11-D7-39-DB-03-00-03-00-20-00-00-50-49-01-C0-38-DB-03-00-03-00-11-99-17-32-50-49-01-C0-22-05-00-00-03-00-11-88-19-00-00-00-00-00-00-00-00-00-00-00-00-00-00-00-00-00-00-00-00-00-00-00
[15:26:21:186]50-49-11-D7-39-DB-03-00-03-00-20-00-00
[15:26:21:264][HID_TX_ack]00-0D-50-49-11-D8-77-DB-03-00-03-00-20-EA-00-50-49-01-C0-38-DB-03-00-03-00-11-99-17-32-50-49-01-C0-22-05-00-00-03-00-11-88-19-00-00-00-00-00-00-00-00-00-00-00-00-00-00-00-00-00-00-00-00-00-00-00
[15:26:21:265]50-49-11-D8-77-DB-03-00-03-00-20-EA-00
[15:26:21:272][HID_TX_ack]00-1A-50-49-01-C0-7D-DB-03-00-03-00-11-9A-18-50-49-01-C0-7E-DB-03-00-03-00-11-9B-17-32-50-49-01-C0-22-05-00-00-03-00-11-88-19-00-00-00-00-00-00-00-00-00-00-00-00-00-00-00-00-00-00-00-00-00-00-00
[15:26:21:272]50-49-01-C0-7D-DB-03-00-03-00-11-9A-18
[15:26:21:272]50-49-01-C0-7E-DB-03-00-03-00-11-9B-17
[15:26:21:275][HID_TX_ack]00-0D-50-49-11-D9-7F-DB-03-00-03-00-20-00-00-50-49-01-C0-7E-DB-03-00-03-00-11-9B-17-32-50-49-01-C0-22-05-00-00-03-00-11-88-19-00-00-00-00-00-00-00-00-00-00-00-00-00-00-00-00-00-00-00-00-00-00-00
[15:26:21:275]50-49-11-D9-7F-DB-03-00-03-00-20-00-00
[15:26:21:377][HID_TX_ack]00-0D-50-49-11-DA-D1-DB-03-00-03-00-20-EA-00-50-49-01-C0-7E-DB-03-00-03-00-11-9B-17-32-50-49-01-C0-22-05-00-00-03-00-11-88-19-00-00-00-00-00-00-00-00-00-00-00-00-00-00-00-00-00-00-00-00-00-00-00
[15:26:21:377]50-49-11-DA-D1-DB-03-00-03-00-20-EA-00
[15:26:21:385][HID_TX_ack]00-1A-50-49-01-C0-D8-DB-03-00-03-00-11-9C-18-50-49-01-C0-D8-DB-03-00-03-00-11-9D-17-32-50-49-01-C0-22-05-00-00-03-00-11-88-19-00-00-00-00-00-00-00-00-00-00-00-00-00-00-00-00-00-00-00-00-00-00-00
[15:26:21:385]50-49-01-C0-D8-DB-03-00-03-00-11-9C-18
[15:26:21:385]50-49-01-C0-D8-DB-03-00-03-00-11-9D-17
[15:26:21:387][HID_TX_ack]00-0D-50-49-11-DB-DA-DB-03-00-03-00-20-00-00-50-49-01-C0-D8-DB-03-00-03-00-11-9D-17-32-50-49-01-C0-22-05-00-00-03-00-11-88-19-00-00-00-00-00-00-00-00-00-00-00-00-00-00-00-00-00-00-00-00-00-00-00
[15:26:21:387]50-49-11-DB-DA-DB-03-00-03-00-20-00-00
[15:26:21:485][HID_TX_ack]00-0D-50-49-11-DC-27-DC-03-00-03-00-20-EA-00-50-49-01-C0-D8-DB-03-00-03-00-11-9D-17-32-50-49-01-C0-22-05-00-00-03-00-11-88-19-00-00-00-00-00-00-00-00-00-00-00-00-00-00-00-00-00-00-00-00-00-00-00
[15:26:21:485]50-49-11-DC-27-DC-03-00-03-00-20-EA-00
[15:26:21:495][HID_TX_ack]00-1A-50-49-01-C0-30-DC-03-00-03-00-11-9E-18-50-49-01-C0-31-DC-03-00-03-00-11-9F-17-32-50-49-01-C0-22-05-00-00-03-00-11-88-19-00-00-00-00-00-00-00-00-00-00-00-00-00-00-00-00-00-00-00-00-00-00-00
[15:26:21:495]50-49-01-C0-30-DC-03-00-03-00-11-9E-18
[15:26:21:495]50-49-01-C0-31-DC-03-00-03-00-11-9F-17
[15:26:21:498][HID_TX_ack]00-0D-50-49-11-DD-32-DC-03-00-03-00-20-00-00-50-49-01-C0-31-DC-03-00-03-00-11-9F-17-32-50-49-01-C0-22-05-00-00-03-00-11-88-19-00-00-00-00-00-00-00-00-00-00-00-00-00-00-00-00-00-00-00-00-00-00-00
[15:26:21:498]50-49-11-DD-32-DC-03-00-03-00-20-00-00
[15:26:21:582][HID_TX_ack]00-0D-50-49-11-DE-75-DC-03-00-03-00-20-EA-00-50-49-01-C0-31-DC-03-00-03-00-11-9F-17-32-50-49-01-C0-22-05-00-00-03-00-11-88-19-00-00-00-00-00-00-00-00-00-00-00-00-00-00-00-00-00-00-00-00-00-00-00
[15:26:21:582]50-49-11-DE-75-DC-03-00-03-00-20-EA-00
[15:26:21:595][HID_TX_ack]00-1A-50-49-01-C0-80-DC-03-00-03-00-11-A0-18-50-49-01-C0-81-DC-03-00-03-00-11-A1-17-32-50-49-01-C0-22-05-00-00-03-00-11-88-19-00-00-00-00-00-00-00-00-00-00-00-00-00-00-00-00-00-00-00-00-00-00-00
[15:26:21:595]50-49-01-C0-80-DC-03-00-03-00-11-A0-18
[15:26:21:595]50-49-01-C0-81-DC-03-00-03-00-11-A1-17
[15:26:21:598][HID_TX_ack]00-0D-50-49-11-DF-82-DC-03-00-03-00-20-00-00-50-49-01-C0-81-DC-03-00-03-00-11-A1-17-32-50-49-01-C0-22-05-00-00-03-00-11-88-19-00-00-00-00-00-00-00-00-00-00-00-00-00-00-00-00-00-00-00-00-00-00-00
[15:26:21:598]50-49-11-DF-82-DC-03-00-03-00-20-00-00
[15:26:21:695][HID_TX_ack]00-0D-50-49-11-E0-CF-DC-03-00-03-00-20-EA-00-50-49-01-C0-81-DC-03-00-03-00-11-A1-17-32-50-49-01-C0-22-05-00-00-03-00-11-88-19-00-00-00-00-00-00-00-00-00-00-00-00-00-00-00-00-00-00-00-00-00-00-00
[15:26:21:695]50-49-11-E0-CF-DC-03-00-03-00-20-EA-00
[15:26:21:702][HID_TX_ack]00-0D-50-49-01-C0-D6-DC-03-00-03-00-11-A2-18-50-49-01-C0-81-DC-03-00-03-00-11-A1-17-32-50-49-01-C0-22-05-00-00-03-00-11-88-19-00-00-00-00-00-00-00-00-00-00-00-00-00-00-00-00-00-00-00-00-00-00-00
[15:26:21:702]50-49-01-C0-D6-DC-03-00-03-00-11-A2-18
[15:26:21:708][HID_TX_ack]00-0D-50-49-01-C0-DB-DC-03-00-03-00-11-A3-17-50-49-01-C0-81-DC-03-00-03-00-11-A1-17-32-50-49-01-C0-22-05-00-00-03-00-11-88-19-00-00-00-00-00-00-00-00-00-00-00-00-00-00-00-00-00-00-00-00-00-00-00
[15:26:21:708]50-49-01-C0-DB-DC-03-00-03-00-11-A3-17
[15:26:21:710][HID_TX_ack]00-0D-50-49-11-E1-DC-DC-03-00-03-00-20-00-00-50-49-01-C0-81-DC-03-00-03-00-11-A1-17-32-50-49-01-C0-22-05-00-00-03-00-11-88-19-00-00-00-00-00-00-00-00-00-00-00-00-00-00-00-00-00-00-00-00-00-00-00
[15:26:21:710]50-49-11-E1-DC-DC-03-00-03-00-20-00-00
[15:26:21:800][HID_TX_ack]00-0D-50-49-11-E2-23-DD-03-00-03-00-20-EA-00-50-49-01-C0-81-DC-03-00-03-00-11-A1-17-32-50-49-01-C0-22-05-00-00-03-00-11-88-19-00-00-00-00-00-00-00-00-00-00-00-00-00-00-00-00-00-00-00-00-00-00-00
[15:26:21:800]50-49-11-E2-23-DD-03-00-03-00-20-EA-00
[15:26:21:809][HID_TX_ack]00-1A-50-49-01-C0-2C-DD-03-00-03-00-11-A4-18-50-49-01-C0-2D-DD-03-00-03-00-11-A5-17-32-50-49-01-C0-22-05-00-00-03-00-11-88-19-00-00-00-00-00-00-00-00-00-00-00-00-00-00-00-00-00-00-00-00-00-00-00
[15:26:21:809]50-49-01-C0-2C-DD-03-00-03-00-11-A4-18
[15:26:21:809]50-49-01-C0-2D-DD-03-00-03-00-11-A5-17
[15:26:21:813][HID_TX_ack]00-0D-50-49-11-E3-2E-DD-03-00-03-00-20-00-00-50-49-01-C0-2D-DD-03-00-03-00-11-A5-17-32-50-49-01-C0-22-05-00-00-03-00-11-88-19-00-00-00-00-00-00-00-00-00-00-00-00-00-00-00-00-00-00-00-00-00-00-00
[15:26:21:813]50-49-11-E3-2E-DD-03-00-03-00-20-00-00
[15:26:21:923][HID_TX_ack]00-0D-50-49-11-E4-85-DD-03-00-03-00-20-EA-00-50-49-01-C0-2D-DD-03-00-03-00-11-A5-17-32-50-49-01-C0-22-05-00-00-03-00-11-88-19-00-00-00-00-00-00-00-00-00-00-00-00-00-00-00-00-00-00-00-00-00-00-00
[15:26:21:923]50-49-11-E4-85-DD-03-00-03-00-20-EA-00
[15:26:21:935][HID_TX_ack]00-1A-50-49-01-C0-90-DD-03-00-03-00-11-A6-18-50-49-01-C0-91-DD-03-00-03-00-11-A7-17-32-50-49-01-C0-22-05-00-00-03-00-11-88-19-00-00-00-00-00-00-00-00-00-00-00-00-00-00-00-00-00-00-00-00-00-00-00
[15:26:21:935]50-49-01-C0-90-DD-03-00-03-00-11-A6-18
[15:26:21:935]50-49-01-C0-91-DD-03-00-03-00-11-A7-17
[15:26:21:938][HID_TX_ack]00-0D-50-49-11-E5-93-DD-03-00-03-00-20-00-00-50-49-01-C0-91-DD-03-00-03-00-11-A7-17-32-50-49-01-C0-22-05-00-00-03-00-11-88-19-00-00-00-00-00-00-00-00-00-00-00-00-00-00-00-00-00-00-00-00-00-00-00
[15:26:21:939]50-49-11-E5-93-DD-03-00-03-00-20-00-00
[15:26:22:017][HID_TX_ack]00-0D-50-49-11-E6-D1-DD-03-00-03-00-20-EA-00-50-49-01-C0-91-DD-03-00-03-00-11-A7-17-32-50-49-01-C0-22-05-00-00-03-00-11-88-19-00-00-00-00-00-00-00-00-00-00-00-00-00-00-00-00-00-00-00-00-00-00-00
[15:26:22:017]50-49-11-E6-D1-DD-03-00-03-00-20-EA-00
[15:26:22:024][HID_TX_ack]00-1A-50-49-01-C0-D7-DD-03-00-03-00-11-A8-18-50-49-01-C0-D8-DD-03-00-03-00-11-A9-17-32-50-49-01-C0-22-05-00-00-03-00-11-88-19-00-00-00-00-00-00-00-00-00-00-00-00-00-00-00-00-00-00-00-00-00-00-00
[15:26:22:024]50-49-01-C0-D7-DD-03-00-03-00-11-A8-18
[15:26:22:024]50-49-01-C0-D8-DD-03-00-03-00-11-A9-17
[15:26:22:027][HID_TX_ack]00-0D-50-49-11-E7-D9-DD-03-00-03-00-20-00-00-50-49-01-C0-D8-DD-03-00-03-00-11-A9-17-32-50-49-01-C0-22-05-00-00-03-00-11-88-19-00-00-00-00-00-00-00-00-00-00-00-00-00-00-00-00-00-00-00-00-00-00-00
[15:26:22:027]50-49-11-E7-D9-DD-03-00-03-00-20-00-00
[15:26:23:980][HID_TX_ack]00-0D-50-49-11-E8-F3-E3-03-00-03-00-20-E9-00-50-49-01-C0-D8-DD-03-00-03-00-11-A9-17-32-50-49-01-C0-22-05-00-00-03-00-11-88-19-00-00-00-00-00-00-00-00-00-00-00-00-00-00-00-00-00-00-00-00-00-00-00
[15:26:23:980]50-49-11-E8-F3-E3-03-00-03-00-20-E9-00
[15:26:23:991][HID_TX_ack]00-1A-50-49-01-C0-FC-E3-03-00-03-00-11-AA-18-50-49-01-C0-FD-E3-03-00-03-00-11-AB-17-32-50-49-01-C0-22-05-00-00-03-00-11-88-19-00-00-00-00-00-00-00-00-00-00-00-00-00-00-00-00-00-00-00-00-00-00-00
[15:26:23:991]50-49-01-C0-FC-E3-03-00-03-00-11-AA-18
[15:26:23:991]50-49-01-C0-FD-E3-03-00-03-00-11-AB-17
[15:26:23:994][HID_TX_ack]00-0D-50-49-11-E9-FF-E3-03-00-03-00-20-00-00-50-49-01-C0-FD-E3-03-00-03-00-11-AB-17-32-50-49-01-C0-22-05-00-00-03-00-11-88-19-00-00-00-00-00-00-00-00-00-00-00-00-00-00-00-00-00-00-00-00-00-00-00
[15:26:23:994]50-49-11-E9-FF-E3-03-00-03-00-20-00-00
[15:26:24:085][HID_TX_ack]00-0D-50-49-11-EA-47-E4-03-00-03-00-20-E9-00-50-49-01-C0-FD-E3-03-00-03-00-11-AB-17-32-50-49-01-C0-22-05-00-00-03-00-11-88-19-00-00-00-00-00-00-00-00-00-00-00-00-00-00-00-00-00-00-00-00-00-00-00
[15:26:24:085]50-49-11-EA-47-E4-03-00-03-00-20-E9-00
[15:26:24:097][HID_TX_ack]00-1A-50-49-01-C0-51-E4-03-00-03-00-11-AC-18-50-49-01-C0-52-E4-03-00-03-00-11-AD-17-32-50-49-01-C0-22-05-00-00-03-00-11-88-19-00-00-00-00-00-00-00-00-00-00-00-00-00-00-00-00-00-00-00-00-00-00-00
[15:26:24:097]50-49-01-C0-51-E4-03-00-03-00-11-AC-18
[15:26:24:097]50-49-01-C0-52-E4-03-00-03-00-11-AD-17
[15:26:24:100][HID_TX_ack]00-0D-50-49-11-EB-53-E4-03-00-03-00-20-00-00-50-49-01-C0-52-E4-03-00-03-00-11-AD-17-32-50-49-01-C0-22-05-00-00-03-00-11-88-19-00-00-00-00-00-00-00-00-00-00-00-00-00-00-00-00-00-00-00-00-00-00-00
[15:26:24:100]50-49-11-EB-53-E4-03-00-03-00-20-00-00
[15:26:24:198][HID_TX_ack]00-0D-50-49-11-EC-A1-E4-03-00-03-00-20-E9-00-50-49-01-C0-52-E4-03-00-03-00-11-AD-17-32-50-49-01-C0-22-05-00-00-03-00-11-88-19-00-00-00-00-00-00-00-00-00-00-00-00-00-00-00-00-00-00-00-00-00-00-00
[15:26:24:198]50-49-11-EC-A1-E4-03-00-03-00-20-E9-00
[15:26:24:207][HID_TX_ack]00-1A-50-49-01-C0-AA-E4-03-00-03-00-11-AE-18-50-49-01-C0-AB-E4-03-00-03-00-11-AF-17-32-50-49-01-C0-22-05-00-00-03-00-11-88-19-00-00-00-00-00-00-00-00-00-00-00-00-00-00-00-00-00-00-00-00-00-00-00
[15:26:24:208]50-49-01-C0-AA-E4-03-00-03-00-11-AE-18
[15:26:24:208]50-49-01-C0-AB-E4-03-00-03-00-11-AF-17
[15:26:24:210][HID_TX_ack]00-0D-50-49-11-ED-AC-E4-03-00-03-00-20-00-00-50-49-01-C0-AB-E4-03-00-03-00-11-AF-17-32-50-49-01-C0-22-05-00-00-03-00-11-88-19-00-00-00-00-00-00-00-00-00-00-00-00-00-00-00-00-00-00-00-00-00-00-00
[15:26:24:210]50-49-11-ED-AC-E4-03-00-03-00-20-00-00
[15:26:24:304][HID_TX_ack]00-0D-50-49-11-EE-F5-E4-03-00-03-00-20-E9-00-50-49-01-C0-AB-E4-03-00-03-00-11-AF-17-32-50-49-01-C0-22-05-00-00-03-00-11-88-19-00-00-00-00-00-00-00-00-00-00-00-00-00-00-00-00-00-00-00-00-00-00-00
[15:26:24:304]50-49-11-EE-F5-E4-03-00-03-00-20-E9-00
[15:26:24:311][HID_TX_ack]00-1A-50-49-01-C0-FC-E4-03-00-03-00-11-B0-18-50-49-01-C0-FD-E4-03-00-03-00-11-B1-17-32-50-49-01-C0-22-05-00-00-03-00-11-88-19-00-00-00-00-00-00-00-00-00-00-00-00-00-00-00-00-00-00-00-00-00-00-00
[15:26:24:311]50-49-01-C0-FC-E4-03-00-03-00-11-B0-18
[15:26:24:311]50-49-01-C0-FD-E4-03-00-03-00-11-B1-17
[15:26:24:313][HID_TX_ack]00-0D-50-49-11-EF-FF-E4-03-00-03-00-20-00-00-50-49-01-C0-FD-E4-03-00-03-00-11-B1-17-32-50-49-01-C0-22-05-00-00-03-00-11-88-19-00-00-00-00-00-00-00-00-00-00-00-00-00-00-00-00-00-00-00-00-00-00-00
[15:26:24:313]50-49-11-EF-FF-E4-03-00-03-00-20-00-00
[15:26:24:400][HID_TX_ack]00-0D-50-49-11-F0-43-E5-03-00-03-00-20-E9-00-50-49-01-C0-FD-E4-03-00-03-00-11-B1-17-32-50-49-01-C0-22-05-00-00-03-00-11-88-19-00-00-00-00-00-00-00-00-00-00-00-00-00-00-00-00-00-00-00-00-00-00-00
[15:26:24:400]50-49-11-F0-43-E5-03-00-03-00-20-E9-00
[15:26:24:409][HID_TX_ack]00-1A-50-49-01-C0-4B-E5-03-00-03-00-11-B2-18-50-49-01-C0-4C-E5-03-00-03-00-11-B3-17-32-50-49-01-C0-22-05-00-00-03-00-11-88-19-00-00-00-00-00-00-00-00-00-00-00-00-00-00-00-00-00-00-00-00-00-00-00
[15:26:24:409]50-49-01-C0-4B-E5-03-00-03-00-11-B2-18
[15:26:24:409]50-49-01-C0-4C-E5-03-00-03-00-11-B3-17
[15:26:24:412][HID_TX_ack]00-0D-50-49-11-F1-4D-E5-03-00-03-00-20-00-00-50-49-01-C0-4C-E5-03-00-03-00-11-B3-17-32-50-49-01-C0-22-05-00-00-03-00-11-88-19-00-00-00-00-00-00-00-00-00-00-00-00-00-00-00-00-00-00-00-00-00-00-00
[15:26:24:412]50-49-11-F1-4D-E5-03-00-03-00-20-00-00
[15:26:24:513][HID_TX_ack]00-0D-50-49-11-F2-9D-E5-03-00-03-00-20-E9-00-50-49-01-C0-4C-E5-03-00-03-00-11-B3-17-32-50-49-01-C0-22-05-00-00-03-00-11-88-19-00-00-00-00-00-00-00-00-00-00-00-00-00-00-00-00-00-00-00-00-00-00-00
[15:26:24:513]50-49-11-F2-9D-E5-03-00-03-00-20-E9-00
[15:26:24:520][HID_TX_ack]00-1A-50-49-01-C0-A4-E5-03-00-03-00-11-B4-18-50-49-01-C0-A5-E5-03-00-03-00-11-B5-17-32-50-49-01-C0-22-05-00-00-03-00-11-88-19-00-00-00-00-00-00-00-00-00-00-00-00-00-00-00-00-00-00-00-00-00-00-00
[15:26:24:520]50-49-01-C0-A4-E5-03-00-03-00-11-B4-18
[15:26:24:520]50-49-01-C0-A5-E5-03-00-03-00-11-B5-17
[15:26:24:523][HID_TX_ack]00-0D-50-49-11-F3-A6-E5-03-00-03-00-20-00-00-50-49-01-C0-A5-E5-03-00-03-00-11-B5-17-32-50-49-01-C0-22-05-00-00-03-00-11-88-19-00-00-00-00-00-00-00-00-00-00-00-00-00-00-00-00-00-00-00-00-00-00-00
[15:26:24:523]50-49-11-F3-A6-E5-03-00-03-00-20-00-00
[15:26:24:618][HID_TX_ack]00-0D-50-49-11-F4-F1-E5-03-00-03-00-20-E9-00-50-49-01-C0-A5-E5-03-00-03-00-11-B5-17-32-50-49-01-C0-22-05-00-00-03-00-11-88-19-00-00-00-00-00-00-00-00-00-00-00-00-00-00-00-00-00-00-00-00-00-00-00
[15:26:24:618]50-49-11-F4-F1-E5-03-00-03-00-20-E9-00
[15:26:24:631][HID_TX_ack]00-1A-50-49-01-C0-FC-E5-03-00-03-00-11-B6-18-50-49-01-C0-FD-E5-03-00-03-00-11-B7-17-32-50-49-01-C0-22-05-00-00-03-00-11-88-19-00-00-00-00-00-00-00-00-00-00-00-00-00-00-00-00-00-00-00-00-00-00-00
[15:26:24:631]50-49-01-C0-FC-E5-03-00-03-00-11-B6-18
[15:26:24:631]50-49-01-C0-FD-E5-03-00-03-00-11-B7-17
[15:26:24:634][HID_TX_ack]00-0D-50-49-11-F5-FF-E5-03-00-03-00-20-00-00-50-49-01-C0-FD-E5-03-00-03-00-11-B7-17-32-50-49-01-C0-22-05-00-00-03-00-11-88-19-00-00-00-00-00-00-00-00-00-00-00-00-00-00-00-00-00-00-00-00-00-00-00
[15:26:24:634]50-49-11-F5-FF-E5-03-00-03-00-20-00-00
[15:26:24:737][HID_TX_ack]00-0D-50-49-11-F6-51-E6-03-00-03-00-20-E9-00-50-49-01-C0-FD-E5-03-00-03-00-11-B7-17-32-50-49-01-C0-22-05-00-00-03-00-11-88-19-00-00-00-00-00-00-00-00-00-00-00-00-00-00-00-00-00-00-00-00-00-00-00
[15:26:24:737]50-49-11-F6-51-E6-03-00-03-00-20-E9-00
[15:26:24:746][HID_TX_ack]00-1A-50-49-01-C0-58-E6-03-00-03-00-11-B8-18-50-49-01-C0-58-E6-03-00-03-00-11-B9-17-32-50-49-01-C0-22-05-00-00-03-00-11-88-19-00-00-00-00-00-00-00-00-00-00-00-00-00-00-00-00-00-00-00-00-00-00-00
[15:26:24:746]50-49-01-C0-58-E6-03-00-03-00-11-B8-18
[15:26:24:746]50-49-01-C0-58-E6-03-00-03-00-11-B9-17
[15:26:24:747][HID_TX_ack]00-0D-50-49-11-F7-5A-E6-03-00-03-00-20-00-00-50-49-01-C0-58-E6-03-00-03-00-11-B9-17-32-50-49-01-C0-22-05-00-00-03-00-11-88-19-00-00-00-00-00-00-00-00-00-00-00-00-00-00-00-00-00-00-00-00-00-00-00
[15:26:24:747]50-49-11-F7-5A-E6-03-00-03-00-20-00-00
[15:26:24:846][HID_TX_ack]00-0D-50-49-11-F8-A7-E6-03-00-03-00-20-E9-00-50-49-01-C0-58-E6-03-00-03-00-11-B9-17-32-50-49-01-C0-22-05-00-00-03-00-11-88-19-00-00-00-00-00-00-00-00-00-00-00-00-00-00-00-00-00-00-00-00-00-00-00
[15:26:24:846]50-49-11-F8-A7-E6-03-00-03-00-20-E9-00
[15:26:24:856][HID_TX_ack]00-1A-50-49-01-C0-B0-E6-03-00-03-00-11-BA-18-50-49-01-C0-B1-E6-03-00-03-00-11-BB-17-32-50-49-01-C0-22-05-00-00-03-00-11-88-19-00-00-00-00-00-00-00-00-00-00-00-00-00-00-00-00-00-00-00-00-00-00-00
[15:26:24:856]50-49-01-C0-B0-E6-03-00-03-00-11-BA-18
[15:26:24:856]50-49-01-C0-B1-E6-03-00-03-00-11-BB-17
[15:26:24:859][HID_TX_ack]00-0D-50-49-11-F9-B3-E6-03-00-03-00-20-00-00-50-49-01-C0-B1-E6-03-00-03-00-11-BB-17-32-50-49-01-C0-22-05-00-00-03-00-11-88-19-00-00-00-00-00-00-00-00-00-00-00-00-00-00-00-00-00-00-00-00-00-00-00
[15:26:24:859]50-49-11-F9-B3-E6-03-00-03-00-20-00-00
[15:26:24:951][HID_TX_ack]00-0D-50-49-11-FA-FB-E6-03-00-03-00-20-E9-00-50-49-01-C0-B1-E6-03-00-03-00-11-BB-17-32-50-49-01-C0-22-05-00-00-03-00-11-88-19-00-00-00-00-00-00-00-00-00-00-00-00-00-00-00-00-00-00-00-00-00-00-00
[15:26:24:951]50-49-11-FA-FB-E6-03-00-03-00-20-E9-00
[15:26:24:959][HID_TX_ack]00-1A-50-49-01-C0-03-E7-03-00-03-00-11-BC-18-50-49-01-C0-04-E7-03-00-03-00-11-BD-17-32-50-49-01-C0-22-05-00-00-03-00-11-88-19-00-00-00-00-00-00-00-00-00-00-00-00-00-00-00-00-00-00-00-00-00-00-00
[15:26:24:959]50-49-01-C0-03-E7-03-00-03-00-11-BC-18
[15:26:24:959]50-49-01-C0-04-E7-03-00-03-00-11-BD-17
[15:26:24:962][HID_TX_ack]00-0D-50-49-11-FB-05-E7-03-00-03-00-20-00-00-50-49-01-C0-04-E7-03-00-03-00-11-BD-17-32-50-49-01-C0-22-05-00-00-03-00-11-88-19-00-00-00-00-00-00-00-00-00-00-00-00-00-00-00-00-00-00-00-00-00-00-00
[15:26:24:962]50-49-11-FB-05-E7-03-00-03-00-20-00-00
[15:26:25:047][HID_TX_ack]00-0D-50-49-11-FC-49-E7-03-00-03-00-20-E9-00-50-49-01-C0-04-E7-03-00-03-00-11-BD-17-32-50-49-01-C0-22-05-00-00-03-00-11-88-19-00-00-00-00-00-00-00-00-00-00-00-00-00-00-00-00-00-00-00-00-00-00-00
[15:26:25:047]50-49-11-FC-49-E7-03-00-03-00-20-E9-00
[15:26:25:056][HID_TX_ack]00-1A-50-49-01-C0-51-E7-03-00-03-00-11-BE-18-50-49-01-C0-51-E7-03-00-03-00-11-BF-17-32-50-49-01-C0-22-05-00-00-03-00-11-88-19-00-00-00-00-00-00-00-00-00-00-00-00-00-00-00-00-00-00-00-00-00-00-00
[15:26:25:056]50-49-01-C0-51-E7-03-00-03-00-11-BE-18
[15:26:25:056]50-49-01-C0-51-E7-03-00-03-00-11-BF-17
[15:26:25:059][HID_TX_ack]00-0D-50-49-11-FD-53-E7-03-00-03-00-20-00-00-50-49-01-C0-51-E7-03-00-03-00-11-BF-17-32-50-49-01-C0-22-05-00-00-03-00-11-88-19-00-00-00-00-00-00-00-00-00-00-00-00-00-00-00-00-00-00-00-00-00-00-00
[15:26:25:059]50-49-11-FD-53-E7-03-00-03-00-20-00-00
[15:26:25:160][HID_TX_ack]00-0D-50-49-11-FE-A3-E7-03-00-03-00-20-E9-00-50-49-01-C0-51-E7-03-00-03-00-11-BF-17-32-50-49-01-C0-22-05-00-00-03-00-11-88-19-00-00-00-00-00-00-00-00-00-00-00-00-00-00-00-00-00-00-00-00-00-00-00
[15:26:25:160]50-49-11-FE-A3-E7-03-00-03-00-20-E9-00
[15:26:25:168][HID_TX_ack]00-1A-50-49-01-C0-AA-E7-03-00-03-00-11-C0-18-50-49-01-C0-AB-E7-03-00-03-00-11-C1-17-32-50-49-01-C0-22-05-00-00-03-00-11-88-19-00-00-00-00-00-00-00-00-00-00-00-00-00-00-00-00-00-00-00-00-00-00-00
[15:26:25:168]50-49-01-C0-AA-E7-03-00-03-00-11-C0-18
[15:26:25:168]50-49-01-C0-AB-E7-03-00-03-00-11-C1-17
[15:26:25:170][HID_TX_ack]00-0D-50-49-11-FF-AC-E7-03-00-03-00-20-00-00-50-49-01-C0-AB-E7-03-00-03-00-11-C1-17-32-50-49-01-C0-22-05-00-00-03-00-11-88-19-00-00-00-00-00-00-00-00-00-00-00-00-00-00-00-00-00-00-00-00-00-00-00
[15:26:25:170]50-49-11-FF-AC-E7-03-00-03-00-20-00-00
[15:26:25:265][HID_TX_ack]00-0D-50-49-11-C0-F7-E7-03-00-03-00-20-E9-00-50-49-01-C0-AB-E7-03-00-03-00-11-C1-17-32-50-49-01-C0-22-05-00-00-03-00-11-88-19-00-00-00-00-00-00-00-00-00-00-00-00-00-00-00-00-00-00-00-00-00-00-00
[15:26:25:265]50-49-11-C0-F7-E7-03-00-03-00-20-E9-00
[15:26:25:273][HID_TX_ack]00-1A-50-49-01-C0-FE-E7-03-00-03-00-11-C2-18-50-49-01-C0-FF-E7-03-00-03-00-11-C3-17-32-50-49-01-C0-22-05-00-00-03-00-11-88-19-00-00-00-00-00-00-00-00-00-00-00-00-00-00-00-00-00-00-00-00-00-00-00
[15:26:25:273]50-49-01-C0-FE-E7-03-00-03-00-11-C2-18
[15:26:25:273]50-49-01-C0-FF-E7-03-00-03-00-11-C3-17
[15:26:25:275][HID_TX_ack]00-0D-50-49-11-C1-00-E8-03-00-03-00-20-00-00-50-49-01-C0-FF-E7-03-00-03-00-11-C3-17-32-50-49-01-C0-22-05-00-00-03-00-11-88-19-00-00-00-00-00-00-00-00-00-00-00-00-00-00-00-00-00-00-00-00-00-00-00
[15:26:25:275]50-49-11-C1-00-E8-03-00-03-00-20-00-00
[15:26:25:362][HID_TX_ack]00-0D-50-49-11-C2-45-E8-03-00-03-00-20-E9-00-50-49-01-C0-FF-E7-03-00-03-00-11-C3-17-32-50-49-01-C0-22-05-00-00-03-00-11-88-19-00-00-00-00-00-00-00-00-00-00-00-00-00-00-00-00-00-00-00-00-00-00-00
[15:26:25:362]50-49-11-C2-45-E8-03-00-03-00-20-E9-00
[15:26:25:371][HID_TX_ack]00-1A-50-49-01-C0-4C-E8-03-00-03-00-11-C4-18-50-49-01-C0-4D-E8-03-00-03-00-11-C5-17-32-50-49-01-C0-22-05-00-00-03-00-11-88-19-00-00-00-00-00-00-00-00-00-00-00-00-00-00-00-00-00-00-00-00-00-00-00
[15:26:25:371]50-49-01-C0-4C-E8-03-00-03-00-11-C4-18
[15:26:25:371]50-49-01-C0-4D-E8-03-00-03-00-11-C5-17
[15:26:25:374][HID_TX_ack]00-0D-50-49-11-C3-4F-E8-03-00-03-00-20-00-00-50-49-01-C0-4D-E8-03-00-03-00-11-C5-17-32-50-49-01-C0-22-05-00-00-03-00-11-88-19-00-00-00-00-00-00-00-00-00-00-00-00-00-00-00-00-00-00-00-00-00-00-00
[15:26:25:374]50-49-11-C3-4F-E8-03-00-03-00-20-00-00
[15:26:25:475][HID_TX_ack]00-0D-50-49-11-C4-9F-E8-03-00-03-00-20-E9-00-50-49-01-C0-4D-E8-03-00-03-00-11-C5-17-32-50-49-01-C0-22-05-00-00-03-00-11-88-19-00-00-00-00-00-00-00-00-00-00-00-00-00-00-00-00-00-00-00-00-00-00-00
[15:26:25:475]50-49-11-C4-9F-E8-03-00-03-00-20-E9-00
[15:26:25:490][HID_TX_ack]00-1A-50-49-01-C0-AC-E8-03-00-03-00-11-C6-18-50-49-01-C0-AD-E8-03-00-03-00-11-C7-17-32-50-49-01-C0-22-05-00-00-03-00-11-88-19-00-00-00-00-00-00-00-00-00-00-00-00-00-00-00-00-00-00-00-00-00-00-00
[15:26:25:490]50-49-01-C0-AC-E8-03-00-03-00-11-C6-18
[15:26:25:490]50-49-01-C0-AD-E8-03-00-03-00-11-C7-17
[15:26:25:494][HID_TX_ack]00-0D-50-49-11-C5-AE-E8-03-00-03-00-20-00-00-50-49-01-C0-AD-E8-03-00-03-00-11-C7-17-32-50-49-01-C0-22-05-00-00-03-00-11-88-19-00-00-00-00-00-00-00-00-00-00-00-00-00-00-00-00-00-00-00-00-00-00-00
[15:26:25:494]50-49-11-C5-AE-E8-03-00-03-00-20-00-00
