[12:05:44:412]\\?\hid#dell09c2&col02#5&bc4dc33&0&0001#{4d1e55b2-f16f-11cf-88cb-001111000030}
[12:05:44:412]\\?\hid#dell09c2&col03#5&bc4dc33&0&0002#{4d1e55b2-f16f-11cf-88cb-001111000030}
[12:05:44:412]\\?\hid#intc816&col01#3&207f9b7f&0&0000#{4d1e55b2-f16f-11cf-88cb-001111000030}
[12:05:44:412]\\?\hid#intc816&col02#3&207f9b7f&0&0001#{4d1e55b2-f16f-11cf-88cb-001111000030}
[12:05:44:412]\\?\hid#converteddevice&col02#5&17bac0a6&0&0001#{4d1e55b2-f16f-11cf-88cb-001111000030}
[12:05:44:413]\\?\hid#converteddevice&col03#5&17bac0a6&0&0002#{4d1e55b2-f16f-11cf-88cb-001111000030}
[12:05:44:413]\\?\hid#dell09c2&col04#5&bc4dc33&0&0003#{4d1e55b2-f16f-11cf-88cb-001111000030}
[12:05:44:413]\\?\hid#{00001812-0000-1000-8000-00805f9b34fb}_dev_vid&0232c2_pid&0001_rev&0068_ccb624cd66b1#9&326e3aae&0&0000#{4d1e55b2-f16f-11cf-88cb-001111000030}
[12:05:44:413]\\?\hid#dell09c2&col05#5&bc4dc33&0&0004#{4d1e55b2-f16f-11cf-88cb-001111000030}
[12:05:44:413]\\?\hid#converteddevice&col01#5&17bac0a6&0&0000#{4d1e55b2-f16f-11cf-88cb-001111000030}\kbd
[12:05:44:413]\\?\hid#dell09c2&col01#5&bc4dc33&0&0000#{4d1e55b2-f16f-11cf-88cb-001111000030}
[12:05:44:413]\\?\hid#vid_046d&pid_0adf&mi_00#7&3ad8dff3&0&0000#{4d1e55b2-f16f-11cf-88cb-001111000030}
[12:05:44:413]\\?\hid#vid_046d&pid_0adf&mi_04#7&18e94d0e&0&0000#{4d1e55b2-f16f-11cf-88cb-001111000030}
[12:05:44:415]try_path=\\?\hid#vid_046d&pid_0adf&mi_00#7&3ad8dff3&0&0000#{4d1e55b2-f16f-11cf-88cb-001111000030}
[12:05:44:416]	InputReportByteLength=65
[12:05:44:416]	OutputReportByteLength=65
[12:05:44:417]HID_Connected=\\?\hid#vid_046d&pid_0adf&mi_00#7&3ad8dff3&0&0000#{4d1e55b2-f16f-11cf-88cb-001111000030}
[12:05:44:418][HID_TX]00-84-01-D1-55-01-00-00-00-00-00-00-00-00-00-00-00-00-00-00-00-00-00-00-00-00-00-00-00-00-00-00-00-00-00-00-00-00-00-00-00-00-00-00-00-00-00-00-00-00-00-00-00-00-00-00-00-00-00-00-00-00-00-00-00
[12:05:44:420]HidD_GetInputReport=True
[12:05:44:420]reply_report=00-4F-56-31-2E-38-2E-35-2E-31-00-00-00-00-00-00-00-00-00-00-00-00-00-00-00-00-00-00-00-00-00-00-00-00-00-00-00-00-00-00-00-00-00-00-00-00-00-00-00-00-00-00-00-00-00-00-00-00-00-00-00-00-00-00-00
[12:05:44:420][ys_tech] fw_version=V1.8.5.1
[12:05:44:421]ystech_Power_Saving, is_EnablePowerSaving=False
[12:05:44:421][HID_TX]00-85-01-83-8B-01-00-00-00-00-00-00-00-00-00-00-00-00-00-00-00-00-00-00-00-00-00-00-00-00-00-00-00-00-00-00-00-00-00-00-00-00-00-00-00-00-00-00-00-00-00-00-00-00-00-00-00-00-00-00-00-00-00-00-00
[12:05:44:422]HidD_GetInputReport=True
[12:05:44:422]reply_report=00-4F-00-00-00-00-00-00-00-00-00-00-00-00-00-00-00-00-00-00-00-00-00-00-00-00-00-00-00-00-00-00-00-00-00-00-00-00-00-00-00-00-00-00-00-00-00-00-00-00-00-00-00-00-00-00-00-00-00-00-00-00-00-00-00
[12:05:44:422]HID_CMD_POWER_SAVING_Disable
[12:05:44:422]path_connected=\\?\hid#vid_046d&pid_0adf&mi_00#7&3ad8dff3&0&0000#{4d1e55b2-f16f-11cf-88cb-001111000030}
[12:05:45:612][HID_TX]00-80-06-1C-7D-50-41-0E-01-01-E0-00-00-00-00-00-00-00-00-00-00-00-00-00-00-00-00-00-00-00-00-00-00-00-00-00-00-00-00-00-00-00-00-00-00-00-00-00-00-00-00-00-00-00-00-00-00-00-00-00-00-00-00-00-00
[12:05:45:613]HidD_GetInputReport=True
[12:05:45:613]reply_report=00-4F-00-00-00-00-00-00-00-00-00-00-00-00-00-00-00-00-00-00-00-00-00-00-00-00-00-00-00-00-00-00-00-00-00-00-00-00-00-00-00-00-00-00-00-00-00-00-00-00-00-00-00-00-00-00-00-00-00-00-00-00-00-00-00
[12:05:45:613]50-41-0E-01-01-E0 [CMD_SENT][REMOTE_GET_MODE]
[12:05:45:618][HID_TX_ack]00-19-50-49-01-C0-16-00-01-00-03-00-0E-81-00-50-49-0E-D3-00-00-00-00-02-00-E0-00-17-32-00-00-00-00-00-00-00-00-00-00-00-00-00-00-00-00-00-00-00-00-00-00-00-00-00-00-00-00-00-00-00-00-00-00-00-00
[12:05:45:621]REMOTE_GET_MODE=00
[12:05:45:621]50-49-01-C0-16-00-01-00-03-00-0E-81-00
[12:05:45:621]50-49-0E-D3-00-00-00-00-02-00-E0-00-
[12:05:45:622][HID_TX]00-80-07-F5-A5-50-41-0E-02-02-E1-01-00-00-00-00-00-00-00-00-00-00-00-00-00-00-00-00-00-00-00-00-00-00-00-00-00-00-00-00-00-00-00-00-00-00-00-00-00-00-00-00-00-00-00-00-00-00-00-00-00-00-00-00-00
[12:05:45:623]HidD_GetInputReport=True
[12:05:45:623]reply_report=00-4F-00-00-00-00-00-00-00-00-00-00-00-00-00-00-00-00-00-00-00-00-00-00-00-00-00-00-00-00-00-00-00-00-00-00-00-00-00-00-00-00-00-00-00-00-00-00-00-00-00-00-00-00-00-00-00-00-00-00-00-00-00-00-00
[12:05:45:623]50-41-0E-02-02-E1-01 [CMD_SENT][REMOTE_SET_MODE] is_remote=True
[12:05:45:626][HID_TX_ack]00-0D-50-49-01-C0-1E-00-01-00-03-00-0E-82-00-50-49-0E-D3-00-00-00-00-02-00-E0-00-17-32-00-00-00-00-00-00-00-00-00-00-00-00-00-00-00-00-00-00-00-00-00-00-00-00-00-00-00-00-00-00-00-00-00-00-00-00
[12:05:45:626]50-49-01-C0-1E-00-01-00-03-00-0E-82-00
[12:05:45:626][HID_TX]00-80-13-A8-D9-50-41-06-03-0D-00-25-34-12-5A-5A-01-00-00-00-F0-00-00-00-00-00-00-00-00-00-00-00-00-00-00-00-00-00-00-00-00-00-00-00-00-00-00-00-00-00-00-00-00-00-00-00-00-00-00-00-00-00-00-00-00
[12:05:45:627]HidD_GetInputReport=True
[12:05:45:627]reply_report=00-4F-00-00-00-00-00-00-00-00-00-00-00-00-00-00-00-00-00-00-00-00-00-00-00-00-00-00-00-00-00-00-00-00-00-00-00-00-00-00-00-00-00-00-00-00-00-00-00-00-00-00-00-00-00-00-00-00-00-00-00-00-00-00-00
[12:05:45:627]50-41-06-03-0D-00-25-34-12-5A-5A-01-00-00-00-F0-00-00-00 [CMD_SENT][OTA_CMD_IOCTL][READ_MAX_LEN]
[12:05:45:665][HID_TX_ack]00-11-50-49-01-D4-1D-48-01-00-07-00-06-83-00-F0-00-00-00-00-00-00-00-02-00-E0-00-17-32-00-00-00-00-00-00-00-00-00-00-00-00-00-00-00-00-00-00-00-00-00-00-00-00-00-00-00-00-00-00-00-00-00-00-00-00
[12:05:45:665]50-49-01-D4-1D-48-01-00-07-00-06-83-00-F0-00-00-00
[12:05:45:665][HID_TX]00-80-06-2F-BD-50-41-0E-04-01-E0-00-00-00-00-00-00-00-00-00-00-00-00-00-00-00-00-00-00-00-00-00-00-00-00-00-00-00-00-00-00-00-00-00-00-00-00-00-00-00-00-00-00-00-00-00-00-00-00-00-00-00-00-00-00
[12:05:45:666]HidD_GetInputReport=True
[12:05:45:666]reply_report=00-4F-00-00-00-00-00-00-00-00-00-00-00-00-00-00-00-00-00-00-00-00-00-00-00-00-00-00-00-00-00-00-00-00-00-00-00-00-00-00-00-00-00-00-00-00-00-00-00-00-00-00-00-00-00-00-00-00-00-00-00-00-00-00-00
[12:05:45:666]50-41-0E-04-01-E0 [CMD_SENT][REMOTE_GET_MODE]
[12:05:45:669][HID_TX_ack]00-19-50-49-01-C0-41-00-01-00-03-00-0E-84-00-50-49-0E-D5-00-00-00-00-02-00-E0-01-17-32-00-00-00-00-00-00-00-00-00-00-00-00-00-00-00-00-00-00-00-00-00-00-00-00-00-00-00-00-00-00-00-00-00-00-00-00
[12:05:45:669]50-49-01-C0-41-00-01-00-03-00-0E-84-00
[12:05:45:669]50-49-0E-D5-00-00-00-00-02-00-E0-01-
[12:05:45:669]REMOTE_GET_MODE=01
[12:05:45:669][HID_TX]00-80-07-C3-0E-50-41-06-05-01-00-63-00-00-00-00-00-00-00-00-00-00-00-00-00-00-00-00-00-00-00-00-00-00-00-00-00-00-00-00-00-00-00-00-00-00-00-00-00-00-00-00-00-00-00-00-00-00-00-00-00-00-00-00-00
[12:05:45:670]HidD_GetInputReport=True
[12:05:45:670]reply_report=00-4F-00-00-00-00-00-00-00-00-00-00-00-00-00-00-00-00-00-00-00-00-00-00-00-00-00-00-00-00-00-00-00-00-00-00-00-00-00-00-00-00-00-00-00-00-00-00-00-00-00-00-00-00-00-00-00-00-00-00-00-00-00-00-00
[12:05:45:670]50-41-06-05-01-00-63 [CMD_SENT][CMD_GET_IO_LEVEL]
[12:05:45:694][HID_TX_ack]00-12-50-49-01-D6-45-48-01-00-08-00-06-85-00-01-FF-FF-1F-00-00-00-00-02-00-E0-01-17-32-00-00-00-00-00-00-00-00-00-00-00-00-00-00-00-00-00-00-00-00-00-00-00-00-00-00-00-00-00-00-00-00-00-00-00-00
[12:05:45:694]50-49-01-D6-45-48-01-00-08-00-06-85-00-01-FF-FF-1F-00
[12:05:46:011][HID_TX]00-80-06-C4-92-50-41-0E-06-01-E0-00-00-00-00-00-00-00-00-00-00-00-00-00-00-00-00-00-00-00-00-00-00-00-00-00-00-00-00-00-00-00-00-00-00-00-00-00-00-00-00-00-00-00-00-00-00-00-00-00-00-00-00-00-00
[12:05:46:011]HidD_GetInputReport=True
[12:05:46:011]reply_report=00-4F-00-00-00-00-00-00-00-00-00-00-00-00-00-00-00-00-00-00-00-00-00-00-00-00-00-00-00-00-00-00-00-00-00-00-00-00-00-00-00-00-00-00-00-00-00-00-00-00-00-00-00-00-00-00-00-00-00-00-00-00-00-00-00
[12:05:46:011]50-41-0E-06-01-E0 [CMD_SENT][REMOTE_GET_MODE]
[12:05:46:014][HID_TX_ack]00-19-50-49-01-C0-55-01-01-00-03-00-0E-86-00-50-49-0E-D7-00-00-00-00-02-00-E0-01-17-32-00-00-00-00-00-00-00-00-00-00-00-00-00-00-00-00-00-00-00-00-00-00-00-00-00-00-00-00-00-00-00-00-00-00-00-00
[12:05:46:014]50-49-01-C0-55-01-01-00-03-00-0E-86-00
[12:05:46:014]50-49-0E-D7-00-00-00-00-02-00-E0-01-
[12:05:46:014]REMOTE_GET_MODE=01
[12:05:46:014][HID_TX]00-80-07-28-21-50-41-06-07-01-00-63-00-00-00-00-00-00-00-00-00-00-00-00-00-00-00-00-00-00-00-00-00-00-00-00-00-00-00-00-00-00-00-00-00-00-00-00-00-00-00-00-00-00-00-00-00-00-00-00-00-00-00-00-00
[12:05:46:015]HidD_GetInputReport=True
[12:05:46:015]reply_report=00-4F-00-00-00-00-00-00-00-00-00-00-00-00-00-00-00-00-00-00-00-00-00-00-00-00-00-00-00-00-00-00-00-00-00-00-00-00-00-00-00-00-00-00-00-00-00-00-00-00-00-00-00-00-00-00-00-00-00-00-00-00-00-00-00
[12:05:46:015]50-41-06-07-01-00-63 [CMD_SENT][CMD_GET_IO_LEVEL]
[12:05:46:044][HID_TX_ack]00-12-50-49-01-D8-53-49-01-00-08-00-06-87-00-01-FF-FF-1F-00-00-00-00-02-00-E0-01-17-32-00-00-00-00-00-00-00-00-00-00-00-00-00-00-00-00-00-00-00-00-00-00-00-00-00-00-00-00-00-00-00-00-00-00-00-00
[12:05:46:044]50-49-01-D8-53-49-01-00-08-00-06-87-00-01-FF-FF-1F-00
[12:05:46:368][HID_TX]00-80-06-55-5D-50-41-0E-08-01-E0-00-00-00-00-00-00-00-00-00-00-00-00-00-00-00-00-00-00-00-00-00-00-00-00-00-00-00-00-00-00-00-00-00-00-00-00-00-00-00-00-00-00-00-00-00-00-00-00-00-00-00-00-00-00
[12:05:46:369]HidD_GetInputReport=True
[12:05:46:369]reply_report=00-4F-00-00-00-00-00-00-00-00-00-00-00-00-00-00-00-00-00-00-00-00-00-00-00-00-00-00-00-00-00-00-00-00-00-00-00-00-00-00-00-00-00-00-00-00-00-00-00-00-00-00-00-00-00-00-00-00-00-00-00-00-00-00-00
[12:05:46:369]50-41-0E-08-01-E0 [CMD_SENT][REMOTE_GET_MODE]
[12:05:46:371][HID_TX_ack]00-19-50-49-01-C0-72-02-01-00-03-00-0E-88-00-50-49-0E-D9-00-00-00-00-02-00-E0-01-17-32-00-00-00-00-00-00-00-00-00-00-00-00-00-00-00-00-00-00-00-00-00-00-00-00-00-00-00-00-00-00-00-00-00-00-00-00
[12:05:46:371]50-49-01-C0-72-02-01-00-03-00-0E-88-00
[12:05:46:371]50-49-0E-D9-00-00-00-00-02-00-E0-01-
[12:05:46:371]REMOTE_GET_MODE=01
[12:05:46:371][HID_TX]00-80-07-B9-EE-50-41-06-09-01-00-63-00-00-00-00-00-00-00-00-00-00-00-00-00-00-00-00-00-00-00-00-00-00-00-00-00-00-00-00-00-00-00-00-00-00-00-00-00-00-00-00-00-00-00-00-00-00-00-00-00-00-00-00-00
[12:05:46:372]HidD_GetInputReport=True
[12:05:46:372]reply_report=00-4F-00-00-00-00-00-00-00-00-00-00-00-00-00-00-00-00-00-00-00-00-00-00-00-00-00-00-00-00-00-00-00-00-00-00-00-00-00-00-00-00-00-00-00-00-00-00-00-00-00-00-00-00-00-00-00-00-00-00-00-00-00-00-00
[12:05:46:372]50-41-06-09-01-00-63 [CMD_SENT][CMD_GET_IO_LEVEL]
[12:05:46:403][HID_TX_ack]00-12-50-49-01-DA-6C-4A-01-00-08-00-06-89-00-01-FF-FF-1F-00-00-00-00-02-00-E0-01-17-32-00-00-00-00-00-00-00-00-00-00-00-00-00-00-00-00-00-00-00-00-00-00-00-00-00-00-00-00-00-00-00-00-00-00-00-00
[12:05:46:403]50-49-01-DA-6C-4A-01-00-08-00-06-89-00-01-FF-FF-1F-00
[12:05:46:725][HID_TX]00-80-06-BE-72-50-41-0E-0A-01-E0-00-00-00-00-00-00-00-00-00-00-00-00-00-00-00-00-00-00-00-00-00-00-00-00-00-00-00-00-00-00-00-00-00-00-00-00-00-00-00-00-00-00-00-00-00-00-00-00-00-00-00-00-00-00
[12:05:46:726]HidD_GetInputReport=True
[12:05:46:726]reply_report=00-4F-00-00-00-00-00-00-00-00-00-00-00-00-00-00-00-00-00-00-00-00-00-00-00-00-00-00-00-00-00-00-00-00-00-00-00-00-00-00-00-00-00-00-00-00-00-00-00-00-00-00-00-00-00-00-00-00-00-00-00-00-00-00-00
[12:05:46:726]50-41-0E-0A-01-E0 [CMD_SENT][REMOTE_GET_MODE]
[12:05:46:729][HID_TX_ack]00-19-50-49-01-C0-91-03-01-00-03-00-0E-8A-00-50-49-0E-DB-00-00-00-00-02-00-E0-01-17-32-00-00-00-00-00-00-00-00-00-00-00-00-00-00-00-00-00-00-00-00-00-00-00-00-00-00-00-00-00-00-00-00-00-00-00-00
[12:05:46:729]50-49-01-C0-91-03-01-00-03-00-0E-8A-00
[12:05:46:729]50-49-0E-DB-00-00-00-00-02-00-E0-01-
[12:05:46:729]REMOTE_GET_MODE=01
[12:05:46:729][HID_TX]00-80-07-52-C1-50-41-06-0B-01-00-63-00-00-00-00-00-00-00-00-00-00-00-00-00-00-00-00-00-00-00-00-00-00-00-00-00-00-00-00-00-00-00-00-00-00-00-00-00-00-00-00-00-00-00-00-00-00-00-00-00-00-00-00-00
[12:05:46:730]HidD_GetInputReport=True
[12:05:46:730]reply_report=00-4F-00-00-00-00-00-00-00-00-00-00-00-00-00-00-00-00-00-00-00-00-00-00-00-00-00-00-00-00-00-00-00-00-00-00-00-00-00-00-00-00-00-00-00-00-00-00-00-00-00-00-00-00-00-00-00-00-00-00-00-00-00-00-00
[12:05:46:730]50-41-06-0B-01-00-63 [CMD_SENT][CMD_GET_IO_LEVEL]
[12:05:46:771][HID_TX_ack]00-12-50-49-01-DC-91-4B-01-00-08-00-06-8B-00-01-FF-FF-1F-00-00-00-00-02-00-E0-01-17-32-00-00-00-00-00-00-00-00-00-00-00-00-00-00-00-00-00-00-00-00-00-00-00-00-00-00-00-00-00-00-00-00-00-00-00-00
[12:05:46:771]50-49-01-DC-91-4B-01-00-08-00-06-8B-00-01-FF-FF-1F-00
[12:05:47:099][HID_TX]00-80-06-83-02-50-41-0E-0C-01-E0-00-00-00-00-00-00-00-00-00-00-00-00-00-00-00-00-00-00-00-00-00-00-00-00-00-00-00-00-00-00-00-00-00-00-00-00-00-00-00-00-00-00-00-00-00-00-00-00-00-00-00-00-00-00
[12:05:47:101]HidD_GetInputReport=True
[12:05:47:101]reply_report=00-4F-00-00-00-00-00-00-00-00-00-00-00-00-00-00-00-00-00-00-00-00-00-00-00-00-00-00-00-00-00-00-00-00-00-00-00-00-00-00-00-00-00-00-00-00-00-00-00-00-00-00-00-00-00-00-00-00-00-00-00-00-00-00-00
[12:05:47:101]50-41-0E-0C-01-E0 [CMD_SENT][REMOTE_GET_MODE]
[12:05:47:107][HID_TX_ack]00-19-50-49-01-C0-BC-04-01-00-03-00-0E-8C-00-50-49-0E-DD-00-00-00-00-02-00-E0-01-17-32-00-00-00-00-00-00-00-00-00-00-00-00-00-00-00-00-00-00-00-00-00-00-00-00-00-00-00-00-00-00-00-00-00-00-00-00
[12:05:47:107]50-49-01-C0-BC-04-01-00-03-00-0E-8C-00
[12:05:47:107]50-49-0E-DD-00-00-00-00-02-00-E0-01-
[12:05:47:107]REMOTE_GET_MODE=01
[12:05:47:107][HID_TX]00-80-07-6F-B1-50-41-06-0D-01-00-63-00-00-00-00-00-00-00-00-00-00-00-00-00-00-00-00-00-00-00-00-00-00-00-00-00-00-00-00-00-00-00-00-00-00-00-00-00-00-00-00-00-00-00-00-00-00-00-00-00-00-00-00-00
[12:05:47:108]HidD_GetInputReport=True
[12:05:47:108]reply_report=00-4F-00-00-00-00-00-00-00-00-00-00-00-00-00-00-00-00-00-00-00-00-00-00-00-00-00-00-00-00-00-00-00-00-00-00-00-00-00-00-00-00-00-00-00-00-00-00-00-00-00-00-00-00-00-00-00-00-00-00-00-00-00-00-00
[12:05:47:108]50-41-06-0D-01-00-63 [CMD_SENT][CMD_GET_IO_LEVEL]
[12:05:47:139][HID_TX_ack]00-12-50-49-01-DE-B8-4C-01-00-08-00-06-8D-00-01-FF-FF-1F-00-00-00-00-02-00-E0-01-17-32-00-00-00-00-00-00-00-00-00-00-00-00-00-00-00-00-00-00-00-00-00-00-00-00-00-00-00-00-00-00-00-00-00-00-00-00
[12:05:47:139]50-49-01-DE-B8-4C-01-00-08-00-06-8D-00-01-FF-FF-1F-00
[12:05:47:470][HID_TX]00-80-06-68-2D-50-41-0E-0E-01-E0-00-00-00-00-00-00-00-00-00-00-00-00-00-00-00-00-00-00-00-00-00-00-00-00-00-00-00-00-00-00-00-00-00-00-00-00-00-00-00-00-00-00-00-00-00-00-00-00-00-00-00-00-00-00
[12:05:47:472]HidD_GetInputReport=True
[12:05:47:472]reply_report=00-4F-00-00-00-00-00-00-00-00-00-00-00-00-00-00-00-00-00-00-00-00-00-00-00-00-00-00-00-00-00-00-00-00-00-00-00-00-00-00-00-00-00-00-00-00-00-00-00-00-00-00-00-00-00-00-00-00-00-00-00-00-00-00-00
[12:05:47:472]50-41-0E-0E-01-E0 [CMD_SENT][REMOTE_GET_MODE]
[12:05:47:474][HID_TX_ack]00-19-50-49-01-C0-E5-05-01-00-03-00-0E-8E-00-50-49-0E-DF-00-00-00-00-02-00-E0-01-17-32-00-00-00-00-00-00-00-00-00-00-00-00-00-00-00-00-00-00-00-00-00-00-00-00-00-00-00-00-00-00-00-00-00-00-00-00
[12:05:47:474]50-49-01-C0-E5-05-01-00-03-00-0E-8E-00
[12:05:47:474]50-49-0E-DF-00-00-00-00-02-00-E0-01-
[12:05:47:475]REMOTE_GET_MODE=01
[12:05:47:475][HID_TX]00-80-07-84-9E-50-41-06-0F-01-00-63-00-00-00-00-00-00-00-00-00-00-00-00-00-00-00-00-00-00-00-00-00-00-00-00-00-00-00-00-00-00-00-00-00-00-00-00-00-00-00-00-00-00-00-00-00-00-00-00-00-00-00-00-00
[12:05:47:477]HidD_GetInputReport=True
[12:05:47:477]reply_report=00-4F-00-00-00-00-00-00-00-00-00-00-00-00-00-00-00-00-00-00-00-00-00-00-00-00-00-00-00-00-00-00-00-00-00-00-00-00-00-00-00-00-00-00-00-00-00-00-00-00-00-00-00-00-00-00-00-00-00-00-00-00-00-00-00
[12:05:47:477]50-41-06-0F-01-00-63 [CMD_SENT][CMD_GET_IO_LEVEL]
[12:05:47:500][HID_TX_ack]00-12-50-49-01-E0-EA-4D-01-00-08-00-06-8F-00-01-F7-FF-1F-00-00-00-00-02-00-E0-01-17-32-00-00-00-00-00-00-00-00-00-00-00-00-00-00-00-00-00-00-00-00-00-00-00-00-00-00-00-00-00-00-00-00-00-00-00-00
[12:05:47:500]50-49-01-E0-EA-4D-01-00-08-00-06-8F-00-01-F7-FF-1F-00
[12:05:47:825][HID_TX]00-80-06-80-8D-50-41-0E-10-01-E0-00-00-00-00-00-00-00-00-00-00-00-00-00-00-00-00-00-00-00-00-00-00-00-00-00-00-00-00-00-00-00-00-00-00-00-00-00-00-00-00-00-00-00-00-00-00-00-00-00-00-00-00-00-00
[12:05:47:826]HidD_GetInputReport=True
[12:05:47:826]reply_report=00-4F-00-00-00-00-00-00-00-00-00-00-00-00-00-00-00-00-00-00-00-00-00-00-00-00-00-00-00-00-00-00-00-00-00-00-00-00-00-00-00-00-00-00-00-00-00-00-00-00-00-00-00-00-00-00-00-00-00-00-00-00-00-00-00
[12:05:47:826]50-41-0E-10-01-E0 [CMD_SENT][REMOTE_GET_MODE]
[12:05:47:829][HID_TX_ack]00-19-50-49-01-C0-00-07-01-00-03-00-0E-90-00-50-49-0E-E1-00-00-00-00-02-00-E0-01-17-32-00-00-00-00-00-00-00-00-00-00-00-00-00-00-00-00-00-00-00-00-00-00-00-00-00-00-00-00-00-00-00-00-00-00-00-00
[12:05:47:829]50-49-01-C0-00-07-01-00-03-00-0E-90-00
[12:05:47:829]50-49-0E-E1-00-00-00-00-02-00-E0-01-
[12:05:47:829]REMOTE_GET_MODE=01
[12:05:47:829][HID_TX]00-80-07-6C-3E-50-41-06-11-01-00-63-00-00-00-00-00-00-00-00-00-00-00-00-00-00-00-00-00-00-00-00-00-00-00-00-00-00-00-00-00-00-00-00-00-00-00-00-00-00-00-00-00-00-00-00-00-00-00-00-00-00-00-00-00
[12:05:47:830]HidD_GetInputReport=True
[12:05:47:830]reply_report=00-4F-00-00-00-00-00-00-00-00-00-00-00-00-00-00-00-00-00-00-00-00-00-00-00-00-00-00-00-00-00-00-00-00-00-00-00-00-00-00-00-00-00-00-00-00-00-00-00-00-00-00-00-00-00-00-00-00-00-00-00-00-00-00-00
[12:05:47:830]50-41-06-11-01-00-63 [CMD_SENT][CMD_GET_IO_LEVEL]
[12:05:47:847][HID_TX_ack]00-12-50-49-01-E2-F9-4E-01-00-08-00-06-91-00-01-F7-FF-1F-00-00-00-00-02-00-E0-01-17-32-00-00-00-00-00-00-00-00-00-00-00-00-00-00-00-00-00-00-00-00-00-00-00-00-00-00-00-00-00-00-00-00-00-00-00-00
[12:05:47:847]50-49-01-E2-F9-4E-01-00-08-00-06-91-00-01-F7-FF-1F-00
[12:05:48:164][HID_TX]00-80-06-6B-A2-50-41-0E-12-01-E0-00-00-00-00-00-00-00-00-00-00-00-00-00-00-00-00-00-00-00-00-00-00-00-00-00-00-00-00-00-00-00-00-00-00-00-00-00-00-00-00-00-00-00-00-00-00-00-00-00-00-00-00-00-00
[12:05:48:164]HidD_GetInputReport=True
[12:05:48:164]reply_report=00-4F-00-00-00-00-00-00-00-00-00-00-00-00-00-00-00-00-00-00-00-00-00-00-00-00-00-00-00-00-00-00-00-00-00-00-00-00-00-00-00-00-00-00-00-00-00-00-00-00-00-00-00-00-00-00-00-00-00-00-00-00-00-00-00
[12:05:48:164]50-41-0E-12-01-E0 [CMD_SENT][REMOTE_GET_MODE]
[12:05:48:167][HID_TX_ack]00-19-50-49-01-C0-0F-08-01-00-03-00-0E-92-00-50-49-0E-E3-00-00-00-00-02-00-E0-01-17-32-00-00-00-00-00-00-00-00-00-00-00-00-00-00-00-00-00-00-00-00-00-00-00-00-00-00-00-00-00-00-00-00-00-00-00-00
[12:05:48:167]50-49-01-C0-0F-08-01-00-03-00-0E-92-00
[12:05:48:167]50-49-0E-E3-00-00-00-00-02-00-E0-01-
[12:05:48:167]REMOTE_GET_MODE=01
[12:05:48:167][HID_TX]00-80-07-87-11-50-41-06-13-01-00-63-00-00-00-00-00-00-00-00-00-00-00-00-00-00-00-00-00-00-00-00-00-00-00-00-00-00-00-00-00-00-00-00-00-00-00-00-00-00-00-00-00-00-00-00-00-00-00-00-00-00-00-00-00
[12:05:48:168]HidD_GetInputReport=True
[12:05:48:168]reply_report=00-4F-00-00-00-00-00-00-00-00-00-00-00-00-00-00-00-00-00-00-00-00-00-00-00-00-00-00-00-00-00-00-00-00-00-00-00-00-00-00-00-00-00-00-00-00-00-00-00-00-00-00-00-00-00-00-00-00-00-00-00-00-00-00-00
[12:05:48:168]50-41-06-13-01-00-63 [CMD_SENT][CMD_GET_IO_LEVEL]
[12:05:48:196][HID_TX_ack]00-12-50-49-01-E4-11-50-01-00-08-00-06-93-00-01-F7-FF-1F-00-00-00-00-02-00-E0-01-17-32-00-00-00-00-00-00-00-00-00-00-00-00-00-00-00-00-00-00-00-00-00-00-00-00-00-00-00-00-00-00-00-00-00-00-00-00
[12:05:48:196]50-49-01-E4-11-50-01-00-08-00-06-93-00-01-F7-FF-1F-00
[12:05:49:296][HID_TX]00-80-06-56-D2-50-41-0E-14-01-E0-00-00-00-00-00-00-00-00-00-00-00-00-00-00-00-00-00-00-00-00-00-00-00-00-00-00-00-00-00-00-00-00-00-00-00-00-00-00-00-00-00-00-00-00-00-00-00-00-00-00-00-00-00-00
[12:05:49:297]HidD_GetInputReport=True
[12:05:49:297]reply_report=00-4F-00-00-00-00-00-00-00-00-00-00-00-00-00-00-00-00-00-00-00-00-00-00-00-00-00-00-00-00-00-00-00-00-00-00-00-00-00-00-00-00-00-00-00-00-00-00-00-00-00-00-00-00-00-00-00-00-00-00-00-00-00-00-00
[12:05:49:297]50-41-0E-14-01-E0 [CMD_SENT][REMOTE_GET_MODE]
[12:05:49:300][HID_TX_ack]00-19-50-49-01-C0-99-0B-01-00-03-00-0E-94-00-50-49-0E-E5-00-00-00-00-02-00-E0-01-17-32-00-00-00-00-00-00-00-00-00-00-00-00-00-00-00-00-00-00-00-00-00-00-00-00-00-00-00-00-00-00-00-00-00-00-00-00
[12:05:49:300]50-49-01-C0-99-0B-01-00-03-00-0E-94-00
[12:05:49:300]50-49-0E-E5-00-00-00-00-02-00-E0-01-
[12:05:49:300]REMOTE_GET_MODE=01
[12:05:49:300][HID_TX]00-80-07-BA-61-50-41-06-15-01-00-63-00-00-00-00-00-00-00-00-00-00-00-00-00-00-00-00-00-00-00-00-00-00-00-00-00-00-00-00-00-00-00-00-00-00-00-00-00-00-00-00-00-00-00-00-00-00-00-00-00-00-00-00-00
[12:05:49:301]HidD_GetInputReport=True
[12:05:49:301]reply_report=00-4F-00-00-00-00-00-00-00-00-00-00-00-00-00-00-00-00-00-00-00-00-00-00-00-00-00-00-00-00-00-00-00-00-00-00-00-00-00-00-00-00-00-00-00-00-00-00-00-00-00-00-00-00-00-00-00-00-00-00-00-00-00-00-00
[12:05:49:301]50-41-06-15-01-00-63 [CMD_SENT][CMD_GET_IO_LEVEL]
[12:05:49:335][HID_TX_ack]00-12-50-49-01-E6-95-53-01-00-08-00-06-95-00-01-FF-FF-1F-00-00-00-00-02-00-E0-01-17-32-00-00-00-00-00-00-00-00-00-00-00-00-00-00-00-00-00-00-00-00-00-00-00-00-00-00-00-00-00-00-00-00-00-00-00-00
[12:05:49:335]50-49-01-E6-95-53-01-00-08-00-06-95-00-01-FF-FF-1F-00
[12:05:49:669][HID_TX]00-80-06-BD-FD-50-41-0E-16-01-E0-00-00-00-00-00-00-00-00-00-00-00-00-00-00-00-00-00-00-00-00-00-00-00-00-00-00-00-00-00-00-00-00-00-00-00-00-00-00-00-00-00-00-00-00-00-00-00-00-00-00-00-00-00-00
[12:05:49:670]HidD_GetInputReport=True
[12:05:49:670]reply_report=00-4F-00-00-00-00-00-00-00-00-00-00-00-00-00-00-00-00-00-00-00-00-00-00-00-00-00-00-00-00-00-00-00-00-00-00-00-00-00-00-00-00-00-00-00-00-00-00-00-00-00-00-00-00-00-00-00-00-00-00-00-00-00-00-00
[12:05:49:670]50-41-0E-16-01-E0 [CMD_SENT][REMOTE_GET_MODE]
[12:05:49:673][HID_TX_ack]00-19-50-49-01-C0-C4-0C-01-00-03-00-0E-96-00-50-49-0E-E7-00-00-00-00-02-00-E0-01-17-32-00-00-00-00-00-00-00-00-00-00-00-00-00-00-00-00-00-00-00-00-00-00-00-00-00-00-00-00-00-00-00-00-00-00-00-00
[12:05:49:673]50-49-01-C0-C4-0C-01-00-03-00-0E-96-00
[12:05:49:673]50-49-0E-E7-00-00-00-00-02-00-E0-01-
[12:05:49:673]REMOTE_GET_MODE=01
[12:05:49:673][HID_TX]00-80-07-51-4E-50-41-06-17-01-00-63-00-00-00-00-00-00-00-00-00-00-00-00-00-00-00-00-00-00-00-00-00-00-00-00-00-00-00-00-00-00-00-00-00-00-00-00-00-00-00-00-00-00-00-00-00-00-00-00-00-00-00-00-00
[12:05:49:674]HidD_GetInputReport=True
[12:05:49:674]reply_report=00-4F-00-00-00-00-00-00-00-00-00-00-00-00-00-00-00-00-00-00-00-00-00-00-00-00-00-00-00-00-00-00-00-00-00-00-00-00-00-00-00-00-00-00-00-00-00-00-00-00-00-00-00-00-00-00-00-00-00-00-00-00-00-00-00
[12:05:49:674]50-41-06-17-01-00-63 [CMD_SENT][CMD_GET_IO_LEVEL]
[12:05:49:702][HID_TX_ack]00-12-50-49-01-E8-C7-54-01-00-08-00-06-97-00-01-FF-FF-1E-00-00-00-00-02-00-E0-01-17-32-00-00-00-00-00-00-00-00-00-00-00-00-00-00-00-00-00-00-00-00-00-00-00-00-00-00-00-00-00-00-00-00-00-00-00-00
[12:05:49:702]50-49-01-E8-C7-54-01-00-08-00-06-97-00-01-FF-FF-1E-00
[12:05:50:026][HID_TX]00-80-06-2C-32-50-41-0E-18-01-E0-00-00-00-00-00-00-00-00-00-00-00-00-00-00-00-00-00-00-00-00-00-00-00-00-00-00-00-00-00-00-00-00-00-00-00-00-00-00-00-00-00-00-00-00-00-00-00-00-00-00-00-00-00-00
[12:05:50:027]HidD_GetInputReport=True
[12:05:50:027]reply_report=00-4F-00-00-00-00-00-00-00-00-00-00-00-00-00-00-00-00-00-00-00-00-00-00-00-00-00-00-00-00-00-00-00-00-00-00-00-00-00-00-00-00-00-00-00-00-00-00-00-00-00-00-00-00-00-00-00-00-00-00-00-00-00-00-00
[12:05:50:027]50-41-0E-18-01-E0 [CMD_SENT][REMOTE_GET_MODE]
[12:05:50:029][HID_TX_ack]00-19-50-49-01-C0-E1-0D-01-00-03-00-0E-98-00-50-49-0E-E9-00-00-00-00-02-00-E0-01-17-32-00-00-00-00-00-00-00-00-00-00-00-00-00-00-00-00-00-00-00-00-00-00-00-00-00-00-00-00-00-00-00-00-00-00-00-00
[12:05:50:029]50-49-01-C0-E1-0D-01-00-03-00-0E-98-00
[12:05:50:029]50-49-0E-E9-00-00-00-00-02-00-E0-01-
[12:05:50:029]REMOTE_GET_MODE=01
[12:05:50:030][HID_TX]00-80-07-C0-81-50-41-06-19-01-00-63-00-00-00-00-00-00-00-00-00-00-00-00-00-00-00-00-00-00-00-00-00-00-00-00-00-00-00-00-00-00-00-00-00-00-00-00-00-00-00-00-00-00-00-00-00-00-00-00-00-00-00-00-00
[12:05:50:031]HidD_GetInputReport=True
[12:05:50:031]reply_report=00-4F-00-00-00-00-00-00-00-00-00-00-00-00-00-00-00-00-00-00-00-00-00-00-00-00-00-00-00-00-00-00-00-00-00-00-00-00-00-00-00-00-00-00-00-00-00-00-00-00-00-00-00-00-00-00-00-00-00-00-00-00-00-00-00
[12:05:50:031]50-41-06-19-01-00-63 [CMD_SENT][CMD_GET_IO_LEVEL]
[12:05:50:062][HID_TX_ack]00-12-50-49-01-EA-DA-55-01-00-08-00-06-99-00-01-FF-FF-1E-00-00-00-00-02-00-E0-01-17-32-00-00-00-00-00-00-00-00-00-00-00-00-00-00-00-00-00-00-00-00-00-00-00-00-00-00-00-00-00-00-00-00-00-00-00-00
[12:05:50:062]50-49-01-EA-DA-55-01-00-08-00-06-99-00-01-FF-FF-1E-00
[12:05:50:278][HID_TX_ack]00-0D-50-49-11-EB-A7-0E-01-00-03-00-20-EA-00-01-FF-FF-1E-00-00-00-00-02-00-E0-01-17-32-00-00-00-00-00-00-00-00-00-00-00-00-00-00-00-00-00-00-00-00-00-00-00-00-00-00-00-00-00-00-00-00-00-00-00-00
[12:05:50:278]50-49-11-EB-A7-0E-01-00-03-00-20-EA-00
[12:05:50:289][HID_TX_ack]00-1A-50-49-01-C0-B0-0E-01-00-03-00-11-90-18-50-49-01-C0-B0-0E-01-00-03-00-11-91-17-32-00-00-00-00-00-00-00-00-00-00-00-00-00-00-00-00-00-00-00-00-00-00-00-00-00-00-00-00-00-00-00-00-00-00-00-00
[12:05:50:289]50-49-01-C0-B0-0E-01-00-03-00-11-90-18
[12:05:50:289]50-49-01-C0-B0-0E-01-00-03-00-11-91-17
[12:05:50:291][HID_TX_ack]00-0D-50-49-11-EC-B2-0E-01-00-03-00-20-00-00-50-49-01-C0-B0-0E-01-00-03-00-11-91-17-32-00-00-00-00-00-00-00-00-00-00-00-00-00-00-00-00-00-00-00-00-00-00-00-00-00-00-00-00-00-00-00-00-00-00-00-00
[12:05:50:291]50-49-11-EC-B2-0E-01-00-03-00-20-00-00
[12:05:51:304][HID_TX]00-80-06-C7-1D-50-41-0E-1A-01-E0-00-00-00-00-00-00-00-00-00-00-00-00-00-00-00-00-00-00-00-00-00-00-00-00-00-00-00-00-00-00-00-00-00-00-00-00-00-00-00-00-00-00-00-00-00-00-00-00-00-00-00-00-00-00
[12:05:51:306]HidD_GetInputReport=True
[12:05:51:306]reply_report=00-4F-00-00-00-00-00-00-00-00-00-00-00-00-00-00-00-00-00-00-00-00-00-00-00-00-00-00-00-00-00-00-00-00-00-00-00-00-00-00-00-00-00-00-00-00-00-00-00-00-00-00-00-00-00-00-00-00-00-00-00-00-00-00-00
[12:05:51:306]50-41-0E-1A-01-E0 [CMD_SENT][REMOTE_GET_MODE]
[12:05:51:309][HID_TX_ack]00-19-50-49-01-C0-E0-11-01-00-03-00-0E-9A-00-50-49-0E-ED-00-00-00-00-02-00-E0-01-17-32-00-00-00-00-00-00-00-00-00-00-00-00-00-00-00-00-00-00-00-00-00-00-00-00-00-00-00-00-00-00-00-00-00-00-00-00
[12:05:51:309]50-49-01-C0-E0-11-01-00-03-00-0E-9A-00
[12:05:51:309]50-49-0E-ED-00-00-00-00-02-00-E0-01-
[12:05:51:309]REMOTE_GET_MODE=01
[12:05:51:309][HID_TX]00-80-07-2B-AE-50-41-06-1B-01-00-63-00-00-00-00-00-00-00-00-00-00-00-00-00-00-00-00-00-00-00-00-00-00-00-00-00-00-00-00-00-00-00-00-00-00-00-00-00-00-00-00-00-00-00-00-00-00-00-00-00-00-00-00-00
[12:05:51:311]HidD_GetInputReport=True
[12:05:51:311]reply_report=00-4F-00-00-00-00-00-00-00-00-00-00-00-00-00-00-00-00-00-00-00-00-00-00-00-00-00-00-00-00-00-00-00-00-00-00-00-00-00-00-00-00-00-00-00-00-00-00-00-00-00-00-00-00-00-00-00-00-00-00-00-00-00-00-00
[12:05:51:311]50-41-06-1B-01-00-63 [CMD_SENT][CMD_GET_IO_LEVEL]
[12:05:51:331][HID_TX_ack]00-12-50-49-01-EE-E4-59-01-00-08-00-06-9B-00-01-FF-FF-1F-00-00-00-00-02-00-E0-01-17-32-00-00-00-00-00-00-00-00-00-00-00-00-00-00-00-00-00-00-00-00-00-00-00-00-00-00-00-00-00-00-00-00-00-00-00-00
[12:05:51:331]50-49-01-EE-E4-59-01-00-08-00-06-9B-00-01-FF-FF-1F-00
[12:05:51:663][HID_TX]00-80-06-FA-6D-50-41-0E-1C-01-E0-00-00-00-00-00-00-00-00-00-00-00-00-00-00-00-00-00-00-00-00-00-00-00-00-00-00-00-00-00-00-00-00-00-00-00-00-00-00-00-00-00-00-00-00-00-00-00-00-00-00-00-00-00-00
[12:05:51:664]HidD_GetInputReport=True
[12:05:51:664]reply_report=00-4F-00-00-00-00-00-00-00-00-00-00-00-00-00-00-00-00-00-00-00-00-00-00-00-00-00-00-00-00-00-00-00-00-00-00-00-00-00-00-00-00-00-00-00-00-00-00-00-00-00-00-00-00-00-00-00-00-00-00-00-00-00-00-00
[12:05:51:664]50-41-0E-1C-01-E0 [CMD_SENT][REMOTE_GET_MODE]
[12:05:51:667][HID_TX_ack]00-19-50-49-01-C0-FF-12-01-00-03-00-0E-9C-00-50-49-0E-EF-00-00-00-00-02-00-E0-01-17-32-00-00-00-00-00-00-00-00-00-00-00-00-00-00-00-00-00-00-00-00-00-00-00-00-00-00-00-00-00-00-00-00-00-00-00-00
[12:05:51:667]50-49-01-C0-FF-12-01-00-03-00-0E-9C-00
[12:05:51:667]50-49-0E-EF-00-00-00-00-02-00-E0-01-
[12:05:51:667]REMOTE_GET_MODE=01
[12:05:51:667][HID_TX]00-80-07-16-DE-50-41-06-1D-01-00-63-00-00-00-00-00-00-00-00-00-00-00-00-00-00-00-00-00-00-00-00-00-00-00-00-00-00-00-00-00-00-00-00-00-00-00-00-00-00-00-00-00-00-00-00-00-00-00-00-00-00-00-00-00
[12:05:51:668]HidD_GetInputReport=True
[12:05:51:668]reply_report=00-4F-00-00-00-00-00-00-00-00-00-00-00-00-00-00-00-00-00-00-00-00-00-00-00-00-00-00-00-00-00-00-00-00-00-00-00-00-00-00-00-00-00-00-00-00-00-00-00-00-00-00-00-00-00-00-00-00-00-00-00-00-00-00-00
[12:05:51:668]50-41-06-1D-01-00-63 [CMD_SENT][CMD_GET_IO_LEVEL]
[12:05:51:696][HID_TX_ack]00-12-50-49-01-F0-07-5B-01-00-08-00-06-9D-00-01-FF-FF-1D-00-00-00-00-02-00-E0-01-17-32-00-00-00-00-00-00-00-00-00-00-00-00-00-00-00-00-00-00-00-00-00-00-00-00-00-00-00-00-00-00-00-00-00-00-00-00
[12:05:51:697]50-49-01-F0-07-5B-01-00-08-00-06-9D-00-01-FF-FF-1D-00
[12:05:52:022][HID_TX]00-80-06-11-42-50-41-0E-1E-01-E0-00-00-00-00-00-00-00-00-00-00-00-00-00-00-00-00-00-00-00-00-00-00-00-00-00-00-00-00-00-00-00-00-00-00-00-00-00-00-00-00-00-00-00-00-00-00-00-00-00-00-00-00-00-00
[12:05:52:022]HidD_GetInputReport=True
[12:05:52:022]reply_report=00-4F-00-00-00-00-00-00-00-00-00-00-00-00-00-00-00-00-00-00-00-00-00-00-00-00-00-00-00-00-00-00-00-00-00-00-00-00-00-00-00-00-00-00-00-00-00-00-00-00-00-00-00-00-00-00-00-00-00-00-00-00-00-00-00
[12:05:52:022]50-41-0E-1E-01-E0 [CMD_SENT][REMOTE_GET_MODE]
[12:05:52:025][HID_TX_ack]00-19-50-49-01-C0-1D-14-01-00-03-00-0E-9E-00-50-49-0E-F1-00-00-00-00-02-00-E0-01-17-32-00-00-00-00-00-00-00-00-00-00-00-00-00-00-00-00-00-00-00-00-00-00-00-00-00-00-00-00-00-00-00-00-00-00-00-00
[12:05:52:025]50-49-01-C0-1D-14-01-00-03-00-0E-9E-00
[12:05:52:025]50-49-0E-F1-00-00-00-00-02-00-E0-01-
[12:05:52:025]REMOTE_GET_MODE=01
[12:05:52:025][HID_TX]00-80-07-FD-F1-50-41-06-1F-01-00-63-00-00-00-00-00-00-00-00-00-00-00-00-00-00-00-00-00-00-00-00-00-00-00-00-00-00-00-00-00-00-00-00-00-00-00-00-00-00-00-00-00-00-00-00-00-00-00-00-00-00-00-00-00
[12:05:52:026]HidD_GetInputReport=True
[12:05:52:026]reply_report=00-4F-00-00-00-00-00-00-00-00-00-00-00-00-00-00-00-00-00-00-00-00-00-00-00-00-00-00-00-00-00-00-00-00-00-00-00-00-00-00-00-00-00-00-00-00-00-00-00-00-00-00-00-00-00-00-00-00-00-00-00-00-00-00-00
[12:05:52:026]50-41-06-1F-01-00-63 [CMD_SENT][CMD_GET_IO_LEVEL]
[12:05:52:050][HID_TX_ack]00-12-50-49-01-F2-22-5C-01-00-08-00-06-9F-00-01-FF-FF-1D-00-00-00-00-02-00-E0-01-17-32-00-00-00-00-00-00-00-00-00-00-00-00-00-00-00-00-00-00-00-00-00-00-00-00-00-00-00-00-00-00-00-00-00-00-00-00
[12:05:52:050]50-49-01-F2-22-5C-01-00-08-00-06-9F-00-01-FF-FF-1D-00
[12:05:52:458][HID_TX_ack]00-0D-50-49-11-F3-77-15-01-00-03-00-20-E9-00-01-FF-FF-1D-00-00-00-00-02-00-E0-01-17-32-00-00-00-00-00-00-00-00-00-00-00-00-00-00-00-00-00-00-00-00-00-00-00-00-00-00-00-00-00-00-00-00-00-00-00-00
[12:05:52:458]50-49-11-F3-77-15-01-00-03-00-20-E9-00
[12:05:52:466][HID_TX_ack]00-1A-50-49-01-C0-7D-15-01-00-03-00-11-92-18-50-49-01-C0-7E-15-01-00-03-00-11-93-17-32-00-00-00-00-00-00-00-00-00-00-00-00-00-00-00-00-00-00-00-00-00-00-00-00-00-00-00-00-00-00-00-00-00-00-00-00
[12:05:52:466]50-49-01-C0-7D-15-01-00-03-00-11-92-18
[12:05:52:466]50-49-01-C0-7E-15-01-00-03-00-11-93-17
[12:05:52:468][HID_TX_ack]00-0D-50-49-11-F4-7F-15-01-00-03-00-20-00-00-50-49-01-C0-7E-15-01-00-03-00-11-93-17-32-00-00-00-00-00-00-00-00-00-00-00-00-00-00-00-00-00-00-00-00-00-00-00-00-00-00-00-00-00-00-00-00-00-00-00-00
[12:05:52:468]50-49-11-F4-7F-15-01-00-03-00-20-00-00
