[09:59:27:302]\\?\hid#dell09c2&col02#5&bc4dc33&0&0001#{4d1e55b2-f16f-11cf-88cb-001111000030}
[09:59:27:302]\\?\hid#dell09c2&col03#5&bc4dc33&0&0002#{4d1e55b2-f16f-11cf-88cb-001111000030}
[09:59:27:302]\\?\hid#intc816&col01#3&207f9b7f&0&0000#{4d1e55b2-f16f-11cf-88cb-001111000030}
[09:59:27:302]\\?\hid#vid_046d&pid_0adf&mi_04#7&2ad3f249&0&0000#{4d1e55b2-f16f-11cf-88cb-001111000030}
[09:59:27:302]\\?\hid#intc816&col02#3&207f9b7f&0&0001#{4d1e55b2-f16f-11cf-88cb-001111000030}
[09:59:27:302]\\?\hid#converteddevice&col02#5&17bac0a6&0&0001#{4d1e55b2-f16f-11cf-88cb-001111000030}
[09:59:27:302]\\?\hid#converteddevice&col03#5&17bac0a6&0&0002#{4d1e55b2-f16f-11cf-88cb-001111000030}
[09:59:27:302]\\?\hid#dell09c2&col04#5&bc4dc33&0&0003#{4d1e55b2-f16f-11cf-88cb-001111000030}
[09:59:27:303]\\?\hid#{00001812-0000-1000-8000-00805f9b34fb}_dev_vid&0232c2_pid&0001_rev&0068_ccb624cd66b1#9&326e3aae&0&0000#{4d1e55b2-f16f-11cf-88cb-001111000030}
[09:59:27:303]\\?\hid#dell09c2&col05#5&bc4dc33&0&0004#{4d1e55b2-f16f-11cf-88cb-001111000030}
[09:59:27:303]\\?\hid#vid_046d&pid_0adf&mi_00#7&28ee3ab8&0&0000#{4d1e55b2-f16f-11cf-88cb-001111000030}
[09:59:27:303]\\?\hid#converteddevice&col01#5&17bac0a6&0&0000#{4d1e55b2-f16f-11cf-88cb-001111000030}\kbd
[09:59:27:303]\\?\hid#dell09c2&col01#5&bc4dc33&0&0000#{4d1e55b2-f16f-11cf-88cb-001111000030}
[09:59:27:304]try_path=\\?\hid#vid_046d&pid_0adf&mi_04#7&2ad3f249&0&0000#{4d1e55b2-f16f-11cf-88cb-001111000030}
[09:59:27:314][invalid device][System.Exception]
[09:59:27:319]   at ..connect(String path)
[09:59:27:320]close_hid_handle
[09:59:27:322][connect HID device fail : invalid device][System.Exception]
[09:59:27:322]   at ..connect(String path)
   at ..(String  )
   at ..connect(UInt16 vid, UInt16 pid,  vt)
[09:59:27:322]try_path=\\?\hid#vid_046d&pid_0adf&mi_00#7&28ee3ab8&0&0000#{4d1e55b2-f16f-11cf-88cb-001111000030}
[09:59:27:323]	InputReportByteLength=65
[09:59:27:323]	OutputReportByteLength=65
[09:59:27:323]HID_Connected=\\?\hid#vid_046d&pid_0adf&mi_00#7&28ee3ab8&0&0000#{4d1e55b2-f16f-11cf-88cb-001111000030}
[09:59:27:324][HID_TX]00-84-01-D1-55-01-00-00-00-00-00-00-00-00-00-00-00-00-00-00-00-00-00-00-00-00-00-00-00-00-00-00-00-00-00-00-00-00-00-00-00-00-00-00-00-00-00-00-00-00-00-00-00-00-00-00-00-00-00-00-00-00-00-00-00
[09:59:27:327]HidD_GetInputReport=True
[09:59:27:327]reply_report=00-4F-56-31-2E-36-2E-31-00-00-00-00-00-00-00-00-00-00-00-00-00-00-00-00-00-00-00-00-00-00-00-00-00-00-00-00-00-00-00-00-00-00-00-00-00-00-00-00-00-00-00-00-00-00-00-00-00-00-00-00-00-00-00-00-00
[09:59:27:327][ys_tech] fw_version=V1.6.1
[09:59:27:327]ystech_Power_Saving, is_EnablePowerSaving=False
[09:59:27:327][HID_TX]00-85-01-83-8B-01-00-00-00-00-00-00-00-00-00-00-00-00-00-00-00-00-00-00-00-00-00-00-00-00-00-00-00-00-00-00-00-00-00-00-00-00-00-00-00-00-00-00-00-00-00-00-00-00-00-00-00-00-00-00-00-00-00-00-00
[09:59:27:328]HidD_GetInputReport=True
[09:59:27:328]reply_report=00-4F-00-00-00-00-00-00-00-00-00-00-00-00-00-00-00-00-00-00-00-00-00-00-00-00-00-00-00-00-00-00-00-00-00-00-00-00-00-00-00-00-00-00-00-00-00-00-00-00-00-00-00-00-00-00-00-00-00-00-00-00-00-00-00
[09:59:27:328]HID_CMD_POWER_SAVING_Disable
[09:59:27:328]path_connected=\\?\hid#vid_046d&pid_0adf&mi_00#7&28ee3ab8&0&0000#{4d1e55b2-f16f-11cf-88cb-001111000030}
[09:59:28:338][HID_TX]00-80-06-1C-7D-50-41-0E-01-01-E0-00-00-00-00-00-00-00-00-00-00-00-00-00-00-00-00-00-00-00-00-00-00-00-00-00-00-00-00-00-00-00-00-00-00-00-00-00-00-00-00-00-00-00-00-00-00-00-00-00-00-00-00-00-00
[09:59:28:339]HidD_GetInputReport=True
[09:59:28:339]reply_report=00-4F-00-00-00-00-00-00-00-00-00-00-00-00-00-00-00-00-00-00-00-00-00-00-00-00-00-00-00-00-00-00-00-00-00-00-00-00-00-00-00-00-00-00-00-00-00-00-00-00-00-00-00-00-00-00-00-00-00-00-00-00-00-00-00
[09:59:28:339]50-41-0E-01-01-E0 [CMD_SENT][REMOTE_GET_MODE]
[09:59:28:343][HID_TX_ack]00-19-50-49-01-C0-25-64-01-00-03-00-0E-81-00-50-49-0E-C6-00-00-00-00-02-00-E0-00-00-01-00-01-00-31-00-00-00-31-00-01-00-00-00-00-00-00-00-00-00-00-00-00-00-00-00-00-00-00-00-00-00-00-00-00-00-00
[09:59:28:352]REMOTE_GET_MODE=00
[09:59:28:352]50-49-01-C0-25-64-01-00-03-00-0E-81-00
[09:59:28:352]50-49-0E-C6-00-00-00-00-02-00-E0-00-
[09:59:28:352][HID_TX]00-80-08-08-E6-50-41-06-02-02-00-43-01-00-00-00-00-00-00-00-00-00-00-00-00-00-00-00-00-00-00-00-00-00-00-00-00-00-00-00-00-00-00-00-00-00-00-00-00-00-00-00-00-00-00-00-00-00-00-00-00-00-00-00-00
[09:59:28:354]HidD_GetInputReport=True
[09:59:28:354]reply_report=00-4F-00-00-00-00-00-00-00-00-00-00-00-00-00-00-00-00-00-00-00-00-00-00-00-00-00-00-00-00-00-00-00-00-00-00-00-00-00-00-00-00-00-00-00-00-00-00-00-00-00-00-00-00-00-00-00-00-00-00-00-00-00-00-00
[09:59:28:354]50-41-06-02-02-00-43-01 [CMD_SENT][CMD_READ_MP_DATA_BY_ID]
[09:59:28:357][HID_TX_ack]00-13-50-49-01-C0-25-64-01-00-09-00-06-82-00-4C-24-14-09-08-21-00-00-02-00-E0-00-00-01-00-01-00-31-00-00-00-31-00-01-00-00-00-00-00-00-00-00-00-00-00-00-00-00-00-00-00-00-00-00-00-00-00-00-00-00
[09:59:28:357]50-49-01-C0-25-64-01-00-09-00-06-82-00-4C-24-14-09-08-21
[09:59:31:908][HID_TX]00-80-06-F7-52-50-41-0E-03-01-E0-00-00-00-00-00-00-00-00-00-00-00-00-00-00-00-00-00-00-00-00-00-00-00-00-00-00-00-00-00-00-00-00-00-00-00-00-00-00-00-00-00-00-00-00-00-00-00-00-00-00-00-00-00-00
[09:59:31:909]HidD_GetInputReport=True
[09:59:31:909]reply_report=00-4F-00-00-00-00-00-00-00-00-00-00-00-00-00-00-00-00-00-00-00-00-00-00-00-00-00-00-00-00-00-00-00-00-00-00-00-00-00-00-00-00-00-00-00-00-00-00-00-00-00-00-00-00-00-00-00-00-00-00-00-00-00-00-00
[09:59:31:909]50-41-0E-03-01-E0 [CMD_SENT][REMOTE_GET_MODE]
[09:59:31:912][HID_TX_ack]00-19-50-49-01-C0-25-6F-01-00-03-00-0E-83-00-50-49-0E-C7-00-00-00-00-02-00-E0-00-00-01-00-01-00-31-00-00-00-31-00-01-00-00-00-00-00-00-00-00-00-00-00-00-00-00-00-00-00-00-00-00-00-00-00-00-00-00
[09:59:31:912]50-49-01-C0-25-6F-01-00-03-00-0E-83-00
[09:59:31:912]50-49-0E-C7-00-00-00-00-02-00-E0-00-
[09:59:31:912]REMOTE_GET_MODE=00
[09:59:31:917][HID_TX]00-80-08-1C-C0-50-41-07-04-03-08-00-E4-00-00-00-00-00-00-00-00-00-00-00-00-00-00-00-00-00-00-00-00-00-00-00-00-00-00-00-00-00-00-00-00-00-00-00-00-00-00-00-00-00-00-00-00-00-00-00-00-00-00-00-00
[09:59:31:918]HidD_GetInputReport=True
[09:59:31:918]reply_report=00-4F-00-00-00-00-00-00-00-00-00-00-00-00-00-00-00-00-00-00-00-00-00-00-00-00-00-00-00-00-00-00-00-00-00-00-00-00-00-00-00-00-00-00-00-00-00-00-00-00-00-00-00-00-00-00-00-00-00-00-00-00-00-00-00
[09:59:31:918]50-41-07-04-03-08-00-E4 [CMD_SENT] [CMD_SENT][UNKNOW]
[09:59:31:980][HID_TX_ack]00-0F-50-49-01-C0-25-6F-01-00-05-00-07-84-08-00-00-0E-C7-00-00-00-00-02-00-E0-00-00-01-00-01-00-31-00-00-00-31-00-01-00-00-00-00-00-00-00-00-00-00-00-00-00-00-00-00-00-00-00-00-00-00-00-00-00-00
[09:59:31:980]50-49-01-C0-25-6F-01-00-05-00-07-84-08-00-00
[09:59:40:394][The device is not connected.
][System.IO.IOException]
[09:59:40:394]   at System.IO.__Error.WinIOError(Int32 errorCode, String maybeFullPath)
   at System.IO.FileStream.BeginReadCore(Byte[] bytes, Int32 offset, Int32 numBytes, AsyncCallback userCallback, Object stateObject, Int32 numBufferedBytesRead)
   at System.IO.FileStream.BeginReadAsync(Byte[] array, Int32 offset, Int32 numBytes, AsyncCallback userCallback, Object stateObject)
   at System.IO.FileStream.BeginRead(Byte[] array, Int32 offset, Int32 numBytes, AsyncCallback userCallback, Object stateObject)
   at ..()
[09:59:40:394]ystech_Power_Saving, is_EnablePowerSaving=True
[09:59:40:394][HID_TX]00-85-01-73-56-02-00-00-00-00-00-00-00-00-00-00-00-00-00-00-00-00-00-00-00-00-00-00-00-00-00-00-00-00-00-00-00-00-00-00-00-00-00-00-00-00-00-00-00-00-00-00-00-00-00-00-00-00-00-00-00-00-00-00-00
[09:59:40:400][The device is not connected.
][System.IO.IOException]
[09:59:40:400]   at System.IO.__Error.WinIOError(Int32 errorCode, String maybeFullPath)
   at System.IO.FileStream.BeginWriteCore(Byte[] bytes, Int32 offset, Int32 numBytes, AsyncCallback userCallback, Object stateObject)
   at System.IO.FileStream.WriteCore(Byte[] buffer, Int32 offset, Int32 count)
   at System.IO.FileStream.Write(Byte[] array, Int32 offset, Int32 count)
   at ..(Byte  , Byte[]  )
[09:59:40:403][connect HID device fail : The device is not connected.
][System.Exception]
[09:59:40:403]   at ..(Byte  , Byte[]  )
   at ..(Boolean  )
   at ..close()
[09:59:40:403]close_hid_stream
[09:59:40:405][External component has thrown an exception.][System.Runtime.InteropServices.SEHException]
[09:59:40:405]   at ..(IntPtr  )
   at ..close()
[09:59:55:512][HID_TX]00-80-06-95-4D-50-41-0E-05-01-E3-00-00-00-00-00-00-00-00-00-00-00-00-00-00-00-00-00-00-00-00-00-00-00-00-00-00-00-00-00-00-00-00-00-00-00-00-00-00-00-00-00-00-00-00-00-00-00-00-00-00-00-00-00-00
