[22:20:44:442]connect_auto_select
[22:20:44:442]\\?\hid#dell09c2&col02#5&bc4dc33&0&0001#{4d1e55b2-f16f-11cf-88cb-001111000030}
[22:20:44:442]\\?\hid#vid_046d&pid_0adf&mi_04#7&31212da2&0&0000#{4d1e55b2-f16f-11cf-88cb-001111000030}
[22:20:44:442]\\?\hid#vid_046d&pid_0adf&mi_00#7&3e7114f&0&0000#{4d1e55b2-f16f-11cf-88cb-001111000030}
[22:20:44:442]\\?\hid#dell09c2&col03#5&bc4dc33&0&0002#{4d1e55b2-f16f-11cf-88cb-001111000030}
[22:20:44:442]\\?\hid#intc816&col01#3&207f9b7f&0&0000#{4d1e55b2-f16f-11cf-88cb-001111000030}
[22:20:44:442]\\?\hid#intc816&col02#3&207f9b7f&0&0001#{4d1e55b2-f16f-11cf-88cb-001111000030}
[22:20:44:442]\\?\hid#converteddevice&col02#5&17bac0a6&0&0001#{4d1e55b2-f16f-11cf-88cb-001111000030}
[22:20:44:442]\\?\hid#converteddevice&col03#5&17bac0a6&0&0002#{4d1e55b2-f16f-11cf-88cb-001111000030}
[22:20:44:442]\\?\hid#dell09c2&col04#5&bc4dc33&0&0003#{4d1e55b2-f16f-11cf-88cb-001111000030}
[22:20:44:442]\\?\hid#{00001812-0000-1000-8000-00805f9b34fb}_dev_vid&0232c2_pid&0001_rev&0068_ccb624cd66b1#9&326e3aae&0&0000#{4d1e55b2-f16f-11cf-88cb-001111000030}
[22:20:44:442]\\?\hid#dell09c2&col05#5&bc4dc33&0&0004#{4d1e55b2-f16f-11cf-88cb-001111000030}
[22:20:44:442]\\?\hid#converteddevice&col01#5&17bac0a6&0&0000#{4d1e55b2-f16f-11cf-88cb-001111000030}\kbd
[22:20:44:442]\\?\hid#dell09c2&col01#5&bc4dc33&0&0000#{4d1e55b2-f16f-11cf-88cb-001111000030}
[22:20:44:457]id=VID=046D,PID=0ADF
[22:20:44:457]CloseHandleX
[22:20:44:457]id=VID=046D,PID=0ADF
[22:20:44:457]	attributes.VendorID=0x46D
[22:20:44:457]	attributes.ProductID=0xADF
[22:20:44:457]	attributes.VersionNumber=512
[22:20:44:457]	attributes.Size=12
[22:20:44:457]	SerialNumberString=V001008005.1
[22:20:44:457]	ManufacturerString=璸Ņ᫰ŀ
[22:20:44:457]	ProductString=G435 Wireless Gaming Headset
[22:20:44:457]CloseHandleX
[22:20:44:457]try_path=\\?\hid#vid_046d&pid_0adf&mi_00#7&3e7114f&0&0000#{4d1e55b2-f16f-11cf-88cb-001111000030}
[22:20:44:457]	InputReportByteLength=65
[22:20:44:457]	OutputReportByteLength=65
[22:20:44:457]HID_Connected=\\?\hid#vid_046d&pid_0adf&mi_00#7&3e7114f&0&0000#{4d1e55b2-f16f-11cf-88cb-001111000030}
[22:20:44:457]ystech_read_fw_version
[22:20:44:457][HID_TX]00-84-01-D1-55-01-00-00-00-00-00-00-00-00-00-00-00-00-00-00-00-00-00-00-00-00-00-00-00-00-00-00-00-00-00-00-00-00-00-00-00-00-00-00-00-00-00-00-00-00-00-00-00-00-00-00-00-00-00-00-00-00-00-00-00
[22:20:44:457]HidD_GetInputReport=True
[22:20:44:457]reply_report=00-4F-56-31-2E-38-2E-35-2E-31-00-00-00-00-00-00-00-00-00-00-00-00-00-00-00-00-00-00-00-00-00-00-00-00-00-00-00-00-00-00-00-00-00-00-00-00-00-00-00-00-00-00-00-00-00-00-00-00-00-00-00-00-00-00-00
[22:20:44:457][ys_tech] fw_version=V1.8.5.1
[22:20:44:457]ystech_Power_Saving, is_EnablePowerSaving=False
[22:20:44:457][HID_TX]00-85-01-83-8B-01-00-00-00-00-00-00-00-00-00-00-00-00-00-00-00-00-00-00-00-00-00-00-00-00-00-00-00-00-00-00-00-00-00-00-00-00-00-00-00-00-00-00-00-00-00-00-00-00-00-00-00-00-00-00-00-00-00-00-00
[22:20:44:457]HidD_GetInputReport=True
[22:20:44:457]reply_report=00-4F-00-00-00-00-00-00-00-00-00-00-00-00-00-00-00-00-00-00-00-00-00-00-00-00-00-00-00-00-00-00-00-00-00-00-00-00-00-00-00-00-00-00-00-00-00-00-00-00-00-00-00-00-00-00-00-00-00-00-00-00-00-00-00
[22:20:44:457]HID_CMD_POWER_SAVING_Disable
[22:20:44:457]path_connected=\\?\hid#vid_046d&pid_0adf&mi_00#7&3e7114f&0&0000#{4d1e55b2-f16f-11cf-88cb-001111000030}
[22:20:44:457][HID_TX]00-80-13-43-F6-50-41-06-01-0D-00-25-34-12-5A-5A-01-00-00-00-F0-00-00-00-00-00-00-00-00-00-00-00-00-00-00-00-00-00-00-00-00-00-00-00-00-00-00-00-00-00-00-00-00-00-00-00-00-00-00-00-00-00-00-00-00
[22:20:44:457]HidD_GetInputReport=True
[22:20:44:457]reply_report=00-4F-00-00-00-00-00-00-00-00-00-00-00-00-00-00-00-00-00-00-00-00-00-00-00-00-00-00-00-00-00-00-00-00-00-00-00-00-00-00-00-00-00-00-00-00-00-00-00-00-00-00-00-00-00-00-00-00-00-00-00-00-00-00-00
[22:20:44:457]50-41-06-01-0D-00-25-34-12-5A-5A-01-00-00-00-F0-00-00-00 [CMD_SENT][OTA_CMD_IOCTL][READ_MAX_LEN=240]
[22:20:44:473][HID_TX_ack]00-11-50-49-01-C0-90-A3-03-00-07-00-06-81-00-F0-00-00-00-58-40-00-00-02-00-E0-00-13-32-00-00-00-00-00-00-00-00-00-00-00-00-00-00-00-00-00-00-00-00-00-00-00-00-00-00-00-00-00-00-00-00-00-00-00-00
[22:20:44:489]50-49-01-C0-90-A3-03-00-07-00-06-81-00-F0-00-00-00
[22:20:44:504][HID_TX]00-80-06-12-CD-50-41-0E-02-01-E0-00-00-00-00-00-00-00-00-00-00-00-00-00-00-00-00-00-00-00-00-00-00-00-00-00-00-00-00-00-00-00-00-00-00-00-00-00-00-00-00-00-00-00-00-00-00-00-00-00-00-00-00-00-00
[22:20:44:504]HidD_GetInputReport=True
[22:20:44:504]reply_report=00-4F-00-00-00-00-00-00-00-00-00-00-00-00-00-00-00-00-00-00-00-00-00-00-00-00-00-00-00-00-00-00-00-00-00-00-00-00-00-00-00-00-00-00-00-00-00-00-00-00-00-00-00-00-00-00-00-00-00-00-00-00-00-00-00
[22:20:44:504]50-41-0E-02-01-E0 [CMD_SENT][REMOTE_GET_MODE]
[22:20:44:504][HID_TX_ack]00-19-50-49-01-C0-90-A3-03-00-03-00-0E-82-00-50-49-0E-CC-00-00-00-00-02-00-E0-00-13-32-00-00-00-00-00-00-00-00-00-00-00-00-00-00-00-00-00-00-00-00-00-00-00-00-00-00-00-00-00-00-00-00-00-00-00-00
[22:20:44:504]REMOTE_GET_MODE=00
[22:20:44:504]50-49-01-C0-90-A3-03-00-03-00-0E-82-00
[22:20:44:504]50-49-0E-CC-00-00-00-00-02-00-E0-00-
[22:20:44:504][HID_TX]00-80-08-ED-79-50-41-06-03-02-00-43-01-00-00-00-00-00-00-00-00-00-00-00-00-00-00-00-00-00-00-00-00-00-00-00-00-00-00-00-00-00-00-00-00-00-00-00-00-00-00-00-00-00-00-00-00-00-00-00-00-00-00-00-00
[22:20:44:504]HidD_GetInputReport=True
[22:20:44:504]reply_report=00-4F-00-00-00-00-00-00-00-00-00-00-00-00-00-00-00-00-00-00-00-00-00-00-00-00-00-00-00-00-00-00-00-00-00-00-00-00-00-00-00-00-00-00-00-00-00-00-00-00-00-00-00-00-00-00-00-00-00-00-00-00-00-00-00
[22:20:44:504]50-41-06-03-02-00-43-01 [CMD_SENT][CMD_READ_MP_DATA_BY_ID]
[22:20:44:504][HID_TX_ack]00-13-50-49-01-C0-90-A3-03-00-09-00-06-83-00-48-A7-1F-99-58-40-00-00-02-00-E0-00-13-32-00-00-00-00-00-00-00-00-00-00-00-00-00-00-00-00-00-00-00-00-00-00-00-00-00-00-00-00-00-00-00-00-00-00-00-00
[22:20:44:504]50-49-01-C0-90-A3-03-00-09-00-06-83-00-48-A7-1F-99-58-40
[22:21:04:652][HID_TX]00-80-07-AF-49-50-41-0E-04-02-E1-00-00-00-00-00-00-00-00-00-00-00-00-00-00-00-00-00-00-00-00-00-00-00-00-00-00-00-00-00-00-00-00-00-00-00-00-00-00-00-00-00-00-00-00-00-00-00-00-00-00-00-00-00-00
[22:21:04:653]HidD_GetInputReport=True
[22:21:04:653]reply_report=00-4F-00-00-00-00-00-00-00-00-00-00-00-00-00-00-00-00-00-00-00-00-00-00-00-00-00-00-00-00-00-00-00-00-00-00-00-00-00-00-00-00-00-00-00-00-00-00-00-00-00-00-00-00-00-00-00-00-00-00-00-00-00-00-00
[22:21:04:653]50-41-0E-04-02-E1-00 [CMD_SENT][REMOTE_SET_MODE] is_remote=False
[22:21:04:657][HID_TX_ack]00-0D-50-49-01-C0-90-E2-03-00-03-00-0E-84-00-48-A7-1F-99-58-40-00-00-02-00-E0-00-13-32-00-00-00-00-00-00-00-00-00-00-00-00-00-00-00-00-00-00-00-00-00-00-00-00-00-00-00-00-00-00-00-00-00-00-00-00
[22:21:04:657]50-49-01-C0-90-E2-03-00-03-00-0E-84-00
[22:21:04:657]ystech_Power_Saving, is_EnablePowerSaving=True
[22:21:04:658][HID_TX]00-85-01-73-56-02-00-00-00-00-00-00-00-00-00-00-00-00-00-00-00-00-00-00-00-00-00-00-00-00-00-00-00-00-00-00-00-00-00-00-00-00-00-00-00-00-00-00-00-00-00-00-00-00-00-00-00-00-00-00-00-00-00-00-00
[22:21:04:659]HidD_GetInputReport=True
[22:21:04:659]reply_report=00-4F-00-00-00-00-00-00-00-00-00-00-00-00-00-00-00-00-00-00-00-00-00-00-00-00-00-00-00-00-00-00-00-00-00-00-00-00-00-00-00-00-00-00-00-00-00-00-00-00-00-00-00-00-00-00-00-00-00-00-00-00-00-00-00
[22:21:04:659]HID_CMD_POWER_SAVING_Enable
[22:21:04:659]close_hid_stream
[22:21:04:659]CloseHandleX
[22:21:04:659]close_hid_handle
