[15:23:02:044]\\?\hid#dell09c2&col02#5&bc4dc33&0&0001#{4d1e55b2-f16f-11cf-88cb-001111000030}
[15:23:02:044]\\?\hid#dell09c2&col03#5&bc4dc33&0&0002#{4d1e55b2-f16f-11cf-88cb-001111000030}
[15:23:02:044]\\?\hid#intc816&col01#3&207f9b7f&0&0000#{4d1e55b2-f16f-11cf-88cb-001111000030}
[15:23:02:044]\\?\hid#intc816&col02#3&207f9b7f&0&0001#{4d1e55b2-f16f-11cf-88cb-001111000030}
[15:23:02:044]\\?\hid#converteddevice&col02#5&17bac0a6&0&0001#{4d1e55b2-f16f-11cf-88cb-001111000030}
[15:23:02:044]\\?\hid#converteddevice&col03#5&17bac0a6&0&0002#{4d1e55b2-f16f-11cf-88cb-001111000030}
[15:23:02:044]\\?\hid#dell09c2&col04#5&bc4dc33&0&0003#{4d1e55b2-f16f-11cf-88cb-001111000030}
[15:23:02:044]\\?\hid#{00001812-0000-1000-8000-00805f9b34fb}_dev_vid&0232c2_pid&0001_rev&0068_ccb624cd66b1#9&326e3aae&0&0000#{4d1e55b2-f16f-11cf-88cb-001111000030}
[15:23:02:045]\\?\hid#dell09c2&col05#5&bc4dc33&0&0004#{4d1e55b2-f16f-11cf-88cb-001111000030}
[15:23:02:045]\\?\hid#converteddevice&col01#5&17bac0a6&0&0000#{4d1e55b2-f16f-11cf-88cb-001111000030}\kbd
[15:23:02:045]\\?\hid#dell09c2&col01#5&bc4dc33&0&0000#{4d1e55b2-f16f-11cf-88cb-001111000030}
[15:23:02:045]\\?\hid#vid_046d&pid_0adf&mi_00#7&3ad8dff3&0&0000#{4d1e55b2-f16f-11cf-88cb-001111000030}
[15:23:02:045]\\?\hid#vid_046d&pid_0adf&mi_04#7&18e94d0e&0&0000#{4d1e55b2-f16f-11cf-88cb-001111000030}
[15:23:02:047]try_path=\\?\hid#vid_046d&pid_0adf&mi_00#7&3ad8dff3&0&0000#{4d1e55b2-f16f-11cf-88cb-001111000030}
[15:23:02:049]	InputReportByteLength=65
[15:23:02:049]	OutputReportByteLength=65
[15:23:02:050]HID_Connected=\\?\hid#vid_046d&pid_0adf&mi_00#7&3ad8dff3&0&0000#{4d1e55b2-f16f-11cf-88cb-001111000030}
[15:23:02:051][HID_TX]00-84-01-D1-55-01-00-00-00-00-00-00-00-00-00-00-00-00-00-00-00-00-00-00-00-00-00-00-00-00-00-00-00-00-00-00-00-00-00-00-00-00-00-00-00-00-00-00-00-00-00-00-00-00-00-00-00-00-00-00-00-00-00-00-00
[15:23:02:052]HidD_GetInputReport=True
[15:23:02:052]reply_report=00-4F-56-31-2E-38-2E-35-2E-31-00-00-00-00-00-00-00-00-00-00-00-00-00-00-00-00-00-00-00-00-00-00-00-00-00-00-00-00-00-00-00-00-00-00-00-00-00-00-00-00-00-00-00-00-00-00-00-00-00-00-00-00-00-00-00
[15:23:02:052][ys_tech] fw_version=V1.8.5.1
[15:23:02:053]ystech_Power_Saving, is_EnablePowerSaving=False
[15:23:02:053][HID_TX]00-85-01-83-8B-01-00-00-00-00-00-00-00-00-00-00-00-00-00-00-00-00-00-00-00-00-00-00-00-00-00-00-00-00-00-00-00-00-00-00-00-00-00-00-00-00-00-00-00-00-00-00-00-00-00-00-00-00-00-00-00-00-00-00-00
[15:23:02:054]HidD_GetInputReport=True
[15:23:02:054]reply_report=00-46-00-00-00-00-00-00-00-00-00-00-00-00-00-00-00-00-00-00-00-00-00-00-00-00-00-00-00-00-00-00-00-00-00-00-00-00-00-00-00-00-00-00-00-00-00-00-00-00-00-00-00-00-00-00-00-00-00-00-00-00-00-00-00
[15:23:02:071][Response Fail][System.Exception]
[15:23:02:077]   at ..(Boolean  )
   at ..(Byte  , Byte[]  )
[15:23:02:141]_ystech_retry_count=1
[15:23:02:141][HID_TX]00-85-01-83-8B-01-00-00-00-00-00-00-00-00-00-00-00-00-00-00-00-00-00-00-00-00-00-00-00-00-00-00-00-00-00-00-00-00-00-00-00-00-00-00-00-00-00-00-00-00-00-00-00-00-00-00-00-00-00-00-00-00-00-00-00
[15:23:02:141]HidD_GetInputReport=True
[15:23:02:141]reply_report=00-4F-00-00-00-00-00-00-00-00-00-00-00-00-00-00-00-00-00-00-00-00-00-00-00-00-00-00-00-00-00-00-00-00-00-00-00-00-00-00-00-00-00-00-00-00-00-00-00-00-00-00-00-00-00-00-00-00-00-00-00-00-00-00-00
[15:23:02:141]HID_CMD_POWER_SAVING_Disable
[15:23:02:141]path_connected=\\?\hid#vid_046d&pid_0adf&mi_00#7&3ad8dff3&0&0000#{4d1e55b2-f16f-11cf-88cb-001111000030}
[15:23:03:318][HID_TX]00-80-06-1C-7D-50-41-0E-01-01-E0-00-00-00-00-00-00-00-00-00-00-00-00-00-00-00-00-00-00-00-00-00-00-00-00-00-00-00-00-00-00-00-00-00-00-00-00-00-00-00-00-00-00-00-00-00-00-00-00-00-00-00-00-00-00
[15:23:03:319]HidD_GetInputReport=True
[15:23:03:319]reply_report=00-4F-00-00-00-00-00-00-00-00-00-00-00-00-00-00-00-00-00-00-00-00-00-00-00-00-00-00-00-00-00-00-00-00-00-00-00-00-00-00-00-00-00-00-00-00-00-00-00-00-00-00-00-00-00-00-00-00-00-00-00-00-00-00-00
[15:23:03:319]50-41-0E-01-01-E0 [CMD_SENT][REMOTE_GET_MODE]
[15:23:03:323][HID_TX_ack]00-19-50-49-01-C0-C2-3F-00-00-03-00-0E-81-00-50-49-0E-C5-00-00-00-00-02-00-E0-00-00-32-00-00-00-00-00-00-00-00-00-00-00-00-00-00-00-00-00-00-00-00-00-00-00-00-00-00-00-00-00-00-00-00-00-00-00-00
[15:23:03:328]REMOTE_GET_MODE=00
[15:23:03:328]50-49-01-C0-C2-3F-00-00-03-00-0E-81-00
[15:23:03:328]50-49-0E-C5-00-00-00-00-02-00-E0-00-
[15:23:03:329][HID_TX]00-80-07-1B-E1-50-41-06-02-01-00-63-00-00-00-00-00-00-00-00-00-00-00-00-00-00-00-00-00-00-00-00-00-00-00-00-00-00-00-00-00-00-00-00-00-00-00-00-00-00-00-00-00-00-00-00-00-00-00-00-00-00-00-00-00
[15:23:03:330]HidD_GetInputReport=True
[15:23:03:330]reply_report=00-4F-00-00-00-00-00-00-00-00-00-00-00-00-00-00-00-00-00-00-00-00-00-00-00-00-00-00-00-00-00-00-00-00-00-00-00-00-00-00-00-00-00-00-00-00-00-00-00-00-00-00-00-00-00-00-00-00-00-00-00-00-00-00-00
[15:23:03:330]50-41-06-02-01-00-63 [CMD_SENT][CMD_GET_IO_LEVEL]
[15:23:03:332][HID_TX_ack]00-12-50-49-01-C0-CB-3F-00-00-08-00-06-82-00-01-D8-FF-1F-00-00-00-00-02-00-E0-00-00-32-00-00-00-00-00-00-00-00-00-00-00-00-00-00-00-00-00-00-00-00-00-00-00-00-00-00-00-00-00-00-00-00-00-00-00-00
[15:23:03:332]50-49-01-C0-CB-3F-00-00-08-00-06-82-00-01-D8-FF-1F-00
[15:23:05:639][HID_TX]00-80-06-F7-52-50-41-0E-03-01-E0-00-00-00-00-00-00-00-00-00-00-00-00-00-00-00-00-00-00-00-00-00-00-00-00-00-00-00-00-00-00-00-00-00-00-00-00-00-00-00-00-00-00-00-00-00-00-00-00-00-00-00-00-00-00
[15:23:05:640]HidD_GetInputReport=True
[15:23:05:640]reply_report=00-4F-00-00-00-00-00-00-00-00-00-00-00-00-00-00-00-00-00-00-00-00-00-00-00-00-00-00-00-00-00-00-00-00-00-00-00-00-00-00-00-00-00-00-00-00-00-00-00-00-00-00-00-00-00-00-00-00-00-00-00-00-00-00-00
[15:23:05:640]50-41-0E-03-01-E0 [CMD_SENT][REMOTE_GET_MODE]
[15:23:05:646][HID_TX_ack]00-19-50-49-01-C0-03-47-00-00-03-00-0E-83-00-50-49-0E-C6-00-00-00-00-02-00-E0-00-00-32-00-00-00-00-00-00-00-00-00-00-00-00-00-00-00-00-00-00-00-00-00-00-00-00-00-00-00-00-00-00-00-00-00-00-00-00
[15:23:05:646]50-49-01-C0-03-47-00-00-03-00-0E-83-00
[15:23:05:646]50-49-0E-C6-00-00-00-00-02-00-E0-00-
[15:23:05:646]REMOTE_GET_MODE=00
[15:23:05:646][HID_TX]00-80-07-26-91-50-41-06-04-01-00-63-00-00-00-00-00-00-00-00-00-00-00-00-00-00-00-00-00-00-00-00-00-00-00-00-00-00-00-00-00-00-00-00-00-00-00-00-00-00-00-00-00-00-00-00-00-00-00-00-00-00-00-00-00
[15:23:05:647]HidD_GetInputReport=True
[15:23:05:647]reply_report=00-4F-00-00-00-00-00-00-00-00-00-00-00-00-00-00-00-00-00-00-00-00-00-00-00-00-00-00-00-00-00-00-00-00-00-00-00-00-00-00-00-00-00-00-00-00-00-00-00-00-00-00-00-00-00-00-00-00-00-00-00-00-00-00-00
[15:23:05:647]50-41-06-04-01-00-63 [CMD_SENT][CMD_GET_IO_LEVEL]
[15:23:05:650][HID_TX_ack]00-12-50-49-01-C0-09-47-00-00-08-00-06-84-00-01-D8-FF-1F-00-00-00-00-02-00-E0-00-00-32-00-00-00-00-00-00-00-00-00-00-00-00-00-00-00-00-00-00-00-00-00-00-00-00-00-00-00-00-00-00-00-00-00-00-00-00
[15:23:05:650]50-49-01-C0-09-47-00-00-08-00-06-84-00-01-D8-FF-1F-00
[15:23:07:377][HID_TX]00-80-06-CA-22-50-41-0E-05-01-E0-00-00-00-00-00-00-00-00-00-00-00-00-00-00-00-00-00-00-00-00-00-00-00-00-00-00-00-00-00-00-00-00-00-00-00-00-00-00-00-00-00-00-00-00-00-00-00-00-00-00-00-00-00-00
[15:23:07:378]HidD_GetInputReport=True
[15:23:07:378]reply_report=00-4F-00-00-00-00-00-00-00-00-00-00-00-00-00-00-00-00-00-00-00-00-00-00-00-00-00-00-00-00-00-00-00-00-00-00-00-00-00-00-00-00-00-00-00-00-00-00-00-00-00-00-00-00-00-00-00-00-00-00-00-00-00-00-00
[15:23:07:378]50-41-0E-05-01-E0 [CMD_SENT][REMOTE_GET_MODE]
[15:23:07:381][HID_TX_ack]00-19-50-49-01-C0-71-4C-00-00-03-00-0E-85-00-50-49-0E-C7-00-00-00-00-02-00-E0-00-00-32-00-00-00-00-00-00-00-00-00-00-00-00-00-00-00-00-00-00-00-00-00-00-00-00-00-00-00-00-00-00-00-00-00-00-00-00
[15:23:07:381]50-49-01-C0-71-4C-00-00-03-00-0E-85-00
[15:23:07:381]50-49-0E-C7-00-00-00-00-02-00-E0-00-
[15:23:07:381]REMOTE_GET_MODE=00
[15:23:07:381][HID_TX]00-80-07-CD-BE-50-41-06-06-01-00-63-00-00-00-00-00-00-00-00-00-00-00-00-00-00-00-00-00-00-00-00-00-00-00-00-00-00-00-00-00-00-00-00-00-00-00-00-00-00-00-00-00-00-00-00-00-00-00-00-00-00-00-00-00
[15:23:07:382]HidD_GetInputReport=True
[15:23:07:382]reply_report=00-4F-00-00-00-00-00-00-00-00-00-00-00-00-00-00-00-00-00-00-00-00-00-00-00-00-00-00-00-00-00-00-00-00-00-00-00-00-00-00-00-00-00-00-00-00-00-00-00-00-00-00-00-00-00-00-00-00-00-00-00-00-00-00-00
[15:23:07:382]50-41-06-06-01-00-63 [CMD_SENT][CMD_GET_IO_LEVEL]
[15:23:07:385][HID_TX_ack]00-12-50-49-01-C0-74-4C-00-00-08-00-06-86-00-01-D8-FF-1F-00-00-00-00-02-00-E0-00-00-32-00-00-00-00-00-00-00-00-00-00-00-00-00-00-00-00-00-00-00-00-00-00-00-00-00-00-00-00-00-00-00-00-00-00-00-00
[15:23:07:385]50-49-01-C0-74-4C-00-00-08-00-06-86-00-01-D8-FF-1F-00
[15:23:18:229][HID_TX_ack]00-0E-50-49-11-C8-67-4E-00-00-04-00-04-00-00-32-D8-FF-1F-00-00-00-00-02-00-E0-00-00-32-00-00-00-00-00-00-00-00-00-00-00-00-00-00-00-00-00-00-00-00-00-00-00-00-00-00-00-00-00-00-00-00-00-00-00-00
[15:23:18:229]50-49-11-C8-67-4E-00-00-04-00-04-00-00-32
[15:23:18:446][HID_TX]00-80-06-21-0D-50-41-0E-07-01-E0-00-00-00-00-00-00-00-00-00-00-00-00-00-00-00-00-00-00-00-00-00-00-00-00-00-00-00-00-00-00-00-00-00-00-00-00-00-00-00-00-00-00-00-00-00-00-00-00-00-00-00-00-00-00
[15:23:18:447]HidD_GetInputReport=True
[15:23:18:447]reply_report=00-4F-00-00-00-00-00-00-00-00-00-00-00-00-00-00-00-00-00-00-00-00-00-00-00-00-00-00-00-00-00-00-00-00-00-00-00-00-00-00-00-00-00-00-00-00-00-00-00-00-00-00-00-00-00-00-00-00-00-00-00-00-00-00-00
[15:23:18:447]50-41-0E-07-01-E0 [CMD_SENT][REMOTE_GET_MODE]
[15:23:18:452][HID_TX_ack]00-19-50-49-01-C0-C1-6E-00-00-03-00-0E-87-00-50-49-0E-C9-00-00-00-00-02-00-E0-00-00-32-00-00-00-00-00-00-00-00-00-00-00-00-00-00-00-00-00-00-00-00-00-00-00-00-00-00-00-00-00-00-00-00-00-00-00-00
[15:23:18:452]50-49-01-C0-C1-6E-00-00-03-00-0E-87-00
[15:23:18:452]50-49-0E-C9-00-00-00-00-02-00-E0-00-
[15:23:18:452]REMOTE_GET_MODE=00
[15:23:18:452][HID_TX]00-80-07-5C-71-50-41-06-08-01-00-63-00-00-00-00-00-00-00-00-00-00-00-00-00-00-00-00-00-00-00-00-00-00-00-00-00-00-00-00-00-00-00-00-00-00-00-00-00-00-00-00-00-00-00-00-00-00-00-00-00-00-00-00-00
[15:23:18:453]HidD_GetInputReport=True
[15:23:18:453]reply_report=00-4F-00-00-00-00-00-00-00-00-00-00-00-00-00-00-00-00-00-00-00-00-00-00-00-00-00-00-00-00-00-00-00-00-00-00-00-00-00-00-00-00-00-00-00-00-00-00-00-00-00-00-00-00-00-00-00-00-00-00-00-00-00-00-00
[15:23:18:453]50-41-06-08-01-00-63 [CMD_SENT][CMD_GET_IO_LEVEL]
[15:23:18:456][HID_TX_ack]00-12-50-49-01-C0-C1-6E-00-00-08-00-06-88-00-01-D8-FF-1F-00-00-00-00-02-00-E0-00-00-32-00-00-00-00-00-00-00-00-00-00-00-00-00-00-00-00-00-00-00-00-00-00-00-00-00-00-00-00-00-00-00-00-00-00-00-00
[15:23:18:457]50-49-01-C0-C1-6E-00-00-08-00-06-88-00-01-D8-FF-1F-00
[15:23:21:129][HID_TX]00-80-06-B0-C2-50-41-0E-09-01-E0-00-00-00-00-00-00-00-00-00-00-00-00-00-00-00-00-00-00-00-00-00-00-00-00-00-00-00-00-00-00-00-00-00-00-00-00-00-00-00-00-00-00-00-00-00-00-00-00-00-00-00-00-00-00
[15:23:21:130]HidD_GetInputReport=True
[15:23:21:130]reply_report=00-4F-00-00-00-00-00-00-00-00-00-00-00-00-00-00-00-00-00-00-00-00-00-00-00-00-00-00-00-00-00-00-00-00-00-00-00-00-00-00-00-00-00-00-00-00-00-00-00-00-00-00-00-00-00-00-00-00-00-00-00-00-00-00-00
[15:23:21:130]50-41-0E-09-01-E0 [CMD_SENT][REMOTE_GET_MODE]
[15:23:21:133][HID_TX_ack]00-19-50-49-01-C0-C1-76-00-00-03-00-0E-89-00-50-49-0E-CA-00-00-00-00-02-00-E0-00-00-32-00-00-00-00-00-00-00-00-00-00-00-00-00-00-00-00-00-00-00-00-00-00-00-00-00-00-00-00-00-00-00-00-00-00-00-00
[15:23:21:133]50-49-01-C0-C1-76-00-00-03-00-0E-89-00
[15:23:21:133]50-49-0E-CA-00-00-00-00-02-00-E0-00-
[15:23:21:133]REMOTE_GET_MODE=00
[15:23:21:133][HID_TX]00-80-07-B7-5E-50-41-06-0A-01-00-63-00-00-00-00-00-00-00-00-00-00-00-00-00-00-00-00-00-00-00-00-00-00-00-00-00-00-00-00-00-00-00-00-00-00-00-00-00-00-00-00-00-00-00-00-00-00-00-00-00-00-00-00-00
[15:23:21:135]HidD_GetInputReport=True
[15:23:21:135]reply_report=00-4F-00-00-00-00-00-00-00-00-00-00-00-00-00-00-00-00-00-00-00-00-00-00-00-00-00-00-00-00-00-00-00-00-00-00-00-00-00-00-00-00-00-00-00-00-00-00-00-00-00-00-00-00-00-00-00-00-00-00-00-00-00-00-00
[15:23:21:135]50-41-06-0A-01-00-63 [CMD_SENT][CMD_GET_IO_LEVEL]
[15:23:21:137][HID_TX_ack]00-12-50-49-01-C0-C1-76-00-00-08-00-06-8A-00-01-D8-FF-1F-00-00-00-00-02-00-E0-00-00-32-00-00-00-00-00-00-00-00-00-00-00-00-00-00-00-00-00-00-00-00-00-00-00-00-00-00-00-00-00-00-00-00-00-00-00-00
[15:23:21:137]50-49-01-C0-C1-76-00-00-08-00-06-8A-00-01-D8-FF-1F-00
[15:23:33:564][HID_TX]00-80-06-5B-ED-50-41-0E-0B-01-E0-00-00-00-00-00-00-00-00-00-00-00-00-00-00-00-00-00-00-00-00-00-00-00-00-00-00-00-00-00-00-00-00-00-00-00-00-00-00-00-00-00-00-00-00-00-00-00-00-00-00-00-00-00-00
[15:23:33:567]HidD_GetInputReport=True
[15:23:33:567]reply_report=00-4F-00-00-00-00-00-00-00-00-00-00-00-00-00-00-00-00-00-00-00-00-00-00-00-00-00-00-00-00-00-00-00-00-00-00-00-00-00-00-00-00-00-00-00-00-00-00-00-00-00-00-00-00-00-00-00-00-00-00-00-00-00-00-00
[15:23:33:567]50-41-0E-0B-01-E0 [CMD_SENT][REMOTE_GET_MODE]
[15:23:33:573][HID_TX_ack]00-19-50-49-01-C0-C1-9D-00-00-03-00-0E-8B-00-50-49-0E-CB-00-00-00-00-02-00-E0-00-00-32-00-00-00-00-00-00-00-00-00-00-00-00-00-00-00-00-00-00-00-00-00-00-00-00-00-00-00-00-00-00-00-00-00-00-00-00
[15:23:33:573]50-49-01-C0-C1-9D-00-00-03-00-0E-8B-00
[15:23:33:573]50-49-0E-CB-00-00-00-00-02-00-E0-00-
[15:23:33:573]REMOTE_GET_MODE=00
[15:23:33:574][HID_TX]00-80-07-8A-2E-50-41-06-0C-01-00-63-00-00-00-00-00-00-00-00-00-00-00-00-00-00-00-00-00-00-00-00-00-00-00-00-00-00-00-00-00-00-00-00-00-00-00-00-00-00-00-00-00-00-00-00-00-00-00-00-00-00-00-00-00
[15:23:33:575]HidD_GetInputReport=True
[15:23:33:575]reply_report=00-4F-00-00-00-00-00-00-00-00-00-00-00-00-00-00-00-00-00-00-00-00-00-00-00-00-00-00-00-00-00-00-00-00-00-00-00-00-00-00-00-00-00-00-00-00-00-00-00-00-00-00-00-00-00-00-00-00-00-00-00-00-00-00-00
[15:23:33:575]50-41-06-0C-01-00-63 [CMD_SENT][CMD_GET_IO_LEVEL]
[15:23:33:577][HID_TX_ack]00-12-50-49-01-C0-C1-9D-00-00-08-00-06-8C-00-01-D8-FF-1F-00-00-00-00-02-00-E0-00-00-32-00-00-00-00-00-00-00-00-00-00-00-00-00-00-00-00-00-00-00-00-00-00-00-00-00-00-00-00-00-00-00-00-00-00-00-00
[15:23:33:577]50-49-01-C0-C1-9D-00-00-08-00-06-8C-00-01-D8-FF-1F-00
[15:23:40:016][HID_TX_ack]00-0E-50-49-11-CC-AE-A7-00-00-04-00-04-01-00-32-D8-FF-1F-00-00-00-00-02-00-E0-00-00-32-00-00-00-00-00-00-00-00-00-00-00-00-00-00-00-00-00-00-00-00-00-00-00-00-00-00-00-00-00-00-00-00-00-00-00-00
[15:23:40:016]50-49-11-CC-AE-A7-00-00-04-00-04-01-00-32
[15:23:40:227][HID_TX]00-80-06-66-9D-50-41-0E-0D-01-E0-00-00-00-00-00-00-00-00-00-00-00-00-00-00-00-00-00-00-00-00-00-00-00-00-00-00-00-00-00-00-00-00-00-00-00-00-00-00-00-00-00-00-00-00-00-00-00-00-00-00-00-00-00-00
[15:23:40:227]HidD_GetInputReport=True
[15:23:40:227]reply_report=00-4F-00-00-00-00-00-00-00-00-00-00-00-00-00-00-00-00-00-00-00-00-00-00-00-00-00-00-00-00-00-00-00-00-00-00-00-00-00-00-00-00-00-00-00-00-00-00-00-00-00-00-00-00-00-00-00-00-00-00-00-00-00-00-00
[15:23:40:227]50-41-0E-0D-01-E0 [CMD_SENT][REMOTE_GET_MODE]
[15:23:40:230][HID_TX_ack]00-19-50-49-01-C0-18-B3-00-00-03-00-0E-8D-00-50-49-0E-CD-00-00-00-00-02-00-E0-00-00-32-00-00-00-00-00-00-00-00-00-00-00-00-00-00-00-00-00-00-00-00-00-00-00-00-00-00-00-00-00-00-00-00-00-00-00-00
[15:23:40:230]50-49-01-C0-18-B3-00-00-03-00-0E-8D-00
[15:23:40:230]50-49-0E-CD-00-00-00-00-02-00-E0-00-
[15:23:40:230]REMOTE_GET_MODE=00
[15:23:40:230][HID_TX]00-80-07-61-01-50-41-06-0E-01-00-63-00-00-00-00-00-00-00-00-00-00-00-00-00-00-00-00-00-00-00-00-00-00-00-00-00-00-00-00-00-00-00-00-00-00-00-00-00-00-00-00-00-00-00-00-00-00-00-00-00-00-00-00-00
[15:23:40:231]HidD_GetInputReport=True
[15:23:40:231]reply_report=00-4F-00-00-00-00-00-00-00-00-00-00-00-00-00-00-00-00-00-00-00-00-00-00-00-00-00-00-00-00-00-00-00-00-00-00-00-00-00-00-00-00-00-00-00-00-00-00-00-00-00-00-00-00-00-00-00-00-00-00-00-00-00-00-00
[15:23:40:231]50-41-06-0E-01-00-63 [CMD_SENT][CMD_GET_IO_LEVEL]
[15:23:40:234][HID_TX_ack]00-12-50-49-01-C0-1C-B3-00-00-08-00-06-8E-00-01-D8-FF-1F-00-00-00-00-02-00-E0-00-00-32-00-00-00-00-00-00-00-00-00-00-00-00-00-00-00-00-00-00-00-00-00-00-00-00-00-00-00-00-00-00-00-00-00-00-00-00
[15:23:40:234]50-49-01-C0-1C-B3-00-00-08-00-06-8E-00-01-D8-FF-1F-00
[15:23:55:037][HID_TX]00-80-06-8D-B2-50-41-0E-0F-01-E0-00-00-00-00-00-00-00-00-00-00-00-00-00-00-00-00-00-00-00-00-00-00-00-00-00-00-00-00-00-00-00-00-00-00-00-00-00-00-00-00-00-00-00-00-00-00-00-00-00-00-00-00-00-00
[15:23:55:040]HidD_GetInputReport=True
[15:23:55:040]reply_report=00-4F-00-00-00-00-00-00-00-00-00-00-00-00-00-00-00-00-00-00-00-00-00-00-00-00-00-00-00-00-00-00-00-00-00-00-00-00-00-00-00-00-00-00-00-00-00-00-00-00-00-00-00-00-00-00-00-00-00-00-00-00-00-00-00
[15:23:55:040]50-41-0E-0F-01-E0 [CMD_SENT][REMOTE_GET_MODE]
[15:23:55:046][HID_TX_ack]00-19-50-49-01-C0-61-E1-00-00-03-00-0E-8F-00-50-49-0E-CE-00-00-00-00-02-00-E0-00-00-32-00-00-00-00-00-00-00-00-00-00-00-00-00-00-00-00-00-00-00-00-00-00-00-00-00-00-00-00-00-00-00-00-00-00-00-00
[15:23:55:046]50-49-01-C0-61-E1-00-00-03-00-0E-8F-00
[15:23:55:046]50-49-0E-CE-00-00-00-00-02-00-E0-00-
[15:23:55:046]REMOTE_GET_MODE=00
[15:23:55:047][HID_TX]00-80-07-89-A1-50-41-06-10-01-00-63-00-00-00-00-00-00-00-00-00-00-00-00-00-00-00-00-00-00-00-00-00-00-00-00-00-00-00-00-00-00-00-00-00-00-00-00-00-00-00-00-00-00-00-00-00-00-00-00-00-00-00-00-00
[15:23:55:048]HidD_GetInputReport=True
[15:23:55:048]reply_report=00-4F-00-00-00-00-00-00-00-00-00-00-00-00-00-00-00-00-00-00-00-00-00-00-00-00-00-00-00-00-00-00-00-00-00-00-00-00-00-00-00-00-00-00-00-00-00-00-00-00-00-00-00-00-00-00-00-00-00-00-00-00-00-00-00
[15:23:55:048]50-41-06-10-01-00-63 [CMD_SENT][CMD_GET_IO_LEVEL]
[15:23:55:050][HID_TX_ack]00-12-50-49-01-C0-69-E1-00-00-08-00-06-90-00-01-D8-FF-1F-00-00-00-00-02-00-E0-00-00-32-00-00-00-00-00-00-00-00-00-00-00-00-00-00-00-00-00-00-00-00-00-00-00-00-00-00-00-00-00-00-00-00-00-00-00-00
[15:23:55:050]50-49-01-C0-69-E1-00-00-08-00-06-90-00-01-D8-FF-1F-00
