[02:49:55:041]\\?\hid#dell09c2&col02#5&bc4dc33&0&0001#{4d1e55b2-f16f-11cf-88cb-001111000030}
[02:49:55:041]\\?\hid#dell09c2&col03#5&bc4dc33&0&0002#{4d1e55b2-f16f-11cf-88cb-001111000030}
[02:49:55:041]\\?\hid#intc816&col01#3&207f9b7f&0&0000#{4d1e55b2-f16f-11cf-88cb-001111000030}
[02:49:55:041]\\?\hid#intc816&col02#3&207f9b7f&0&0001#{4d1e55b2-f16f-11cf-88cb-001111000030}
[02:49:55:041]\\?\hid#converteddevice&col02#5&17bac0a6&0&0001#{4d1e55b2-f16f-11cf-88cb-001111000030}
[02:49:55:041]\\?\hid#converteddevice&col03#5&17bac0a6&0&0002#{4d1e55b2-f16f-11cf-88cb-001111000030}
[02:49:55:041]\\?\hid#dell09c2&col04#5&bc4dc33&0&0003#{4d1e55b2-f16f-11cf-88cb-001111000030}
[02:49:55:041]\\?\hid#{00001812-0000-1000-8000-00805f9b34fb}_dev_vid&0232c2_pid&0001_rev&0068_ccb624cd66b1#9&326e3aae&0&0000#{4d1e55b2-f16f-11cf-88cb-001111000030}
[02:49:55:042]\\?\hid#dell09c2&col05#5&bc4dc33&0&0004#{4d1e55b2-f16f-11cf-88cb-001111000030}
[02:49:55:042]\\?\hid#converteddevice&col01#5&17bac0a6&0&0000#{4d1e55b2-f16f-11cf-88cb-001111000030}\kbd
[02:49:55:042]\\?\hid#dell09c2&col01#5&bc4dc33&0&0000#{4d1e55b2-f16f-11cf-88cb-001111000030}
[02:49:55:042]\\?\hid#vid_046d&pid_0adf&mi_00#7&3ad8dff3&0&0000#{4d1e55b2-f16f-11cf-88cb-001111000030}
[02:49:55:042]\\?\hid#vid_046d&pid_0adf&mi_04#7&18e94d0e&0&0000#{4d1e55b2-f16f-11cf-88cb-001111000030}
[02:49:55:043]try_path=\\?\hid#vid_046d&pid_0adf&mi_00#7&3ad8dff3&0&0000#{4d1e55b2-f16f-11cf-88cb-001111000030}
[02:49:55:045]	InputReportByteLength=65
[02:49:55:045]	OutputReportByteLength=65
[02:49:55:046]HID_Connected=\\?\hid#vid_046d&pid_0adf&mi_00#7&3ad8dff3&0&0000#{4d1e55b2-f16f-11cf-88cb-001111000030}
[02:49:55:047][HID_TX]00-84-01-D1-55-01-00-00-00-00-00-00-00-00-00-00-00-00-00-00-00-00-00-00-00-00-00-00-00-00-00-00-00-00-00-00-00-00-00-00-00-00-00-00-00-00-00-00-00-00-00-00-00-00-00-00-00-00-00-00-00-00-00-00-00
[02:49:55:049]HidD_GetInputReport=True
[02:49:55:049]reply_report=00-4F-56-31-2E-38-2E-35-2E-31-00-00-00-00-00-00-00-00-00-00-00-00-00-00-00-00-00-00-00-00-00-00-00-00-00-00-00-00-00-00-00-00-00-00-00-00-00-00-00-00-00-00-00-00-00-00-00-00-00-00-00-00-00-00-00
[02:49:55:049][ys_tech] fw_version=V1.8.5.1
[02:49:55:049]ystech_Power_Saving, is_EnablePowerSaving=False
[02:49:55:049][HID_TX]00-85-01-83-8B-01-00-00-00-00-00-00-00-00-00-00-00-00-00-00-00-00-00-00-00-00-00-00-00-00-00-00-00-00-00-00-00-00-00-00-00-00-00-00-00-00-00-00-00-00-00-00-00-00-00-00-00-00-00-00-00-00-00-00-00
[02:49:55:050]HidD_GetInputReport=True
[02:49:55:050]reply_report=00-46-00-00-00-00-00-00-00-00-00-00-00-00-00-00-00-00-00-00-00-00-00-00-00-00-00-00-00-00-00-00-00-00-00-00-00-00-00-00-00-00-00-00-00-00-00-00-00-00-00-00-00-00-00-00-00-00-00-00-00-00-00-00-00
[02:49:55:067][Response Fail][System.Exception]
[02:49:55:073]   at ..(Boolean  )
   at ..(Byte  , Byte[]  )
[02:49:55:125]_ystech_retry_count=1
[02:49:55:125][HID_TX]00-85-01-83-8B-01-00-00-00-00-00-00-00-00-00-00-00-00-00-00-00-00-00-00-00-00-00-00-00-00-00-00-00-00-00-00-00-00-00-00-00-00-00-00-00-00-00-00-00-00-00-00-00-00-00-00-00-00-00-00-00-00-00-00-00
[02:49:55:126]HidD_GetInputReport=True
[02:49:55:126]reply_report=00-4F-00-00-00-00-00-00-00-00-00-00-00-00-00-00-00-00-00-00-00-00-00-00-00-00-00-00-00-00-00-00-00-00-00-00-00-00-00-00-00-00-00-00-00-00-00-00-00-00-00-00-00-00-00-00-00-00-00-00-00-00-00-00-00
[02:49:55:126]HID_CMD_POWER_SAVING_Disable
[02:49:55:126]path_connected=\\?\hid#vid_046d&pid_0adf&mi_00#7&3ad8dff3&0&0000#{4d1e55b2-f16f-11cf-88cb-001111000030}
[02:50:13:003][HID_TX]00-80-06-1C-7D-50-41-0E-01-01-E0-00-00-00-00-00-00-00-00-00-00-00-00-00-00-00-00-00-00-00-00-00-00-00-00-00-00-00-00-00-00-00-00-00-00-00-00-00-00-00-00-00-00-00-00-00-00-00-00-00-00-00-00-00-00
[02:50:13:005]HidD_GetInputReport=True
[02:50:13:005]reply_report=00-4F-00-00-00-00-00-00-00-00-00-00-00-00-00-00-00-00-00-00-00-00-00-00-00-00-00-00-00-00-00-00-00-00-00-00-00-00-00-00-00-00-00-00-00-00-00-00-00-00-00-00-00-00-00-00-00-00-00-00-00-00-00-00-00
[02:50:13:005]50-41-0E-01-01-E0 [CMD_SENT][REMOTE_GET_MODE]
[02:50:13:008][HID_TX_ack]00-19-50-49-01-C0-DD-9D-00-00-03-00-0E-81-00-50-49-0E-C5-00-00-00-00-02-00-E0-00-00-32-00-00-00-00-00-00-00-00-00-00-00-00-00-00-00-00-00-00-00-00-00-00-00-00-00-00-00-00-00-00-00-00-00-00-00-00
[02:50:13:021]REMOTE_GET_MODE=00
[02:50:13:021]50-49-01-C0-DD-9D-00-00-03-00-0E-81-00
[02:50:13:021]50-49-0E-C5-00-00-00-00-02-00-E0-00-
[02:50:13:021][HID_TX]00-80-07-F5-A5-50-41-0E-02-02-E1-01-00-00-00-00-00-00-00-00-00-00-00-00-00-00-00-00-00-00-00-00-00-00-00-00-00-00-00-00-00-00-00-00-00-00-00-00-00-00-00-00-00-00-00-00-00-00-00-00-00-00-00-00-00
[02:50:13:022]HidD_GetInputReport=True
[02:50:13:022]reply_report=00-4F-00-00-00-00-00-00-00-00-00-00-00-00-00-00-00-00-00-00-00-00-00-00-00-00-00-00-00-00-00-00-00-00-00-00-00-00-00-00-00-00-00-00-00-00-00-00-00-00-00-00-00-00-00-00-00-00-00-00-00-00-00-00-00
[02:50:13:022]50-41-0E-02-02-E1-01 [CMD_SENT][REMOTE_SET_MODE] is_remote=True
[02:50:13:025][HID_TX_ack]00-0D-50-49-01-C0-EB-9D-00-00-03-00-0E-82-00-50-49-0E-C5-00-00-00-00-02-00-E0-00-00-32-00-00-00-00-00-00-00-00-00-00-00-00-00-00-00-00-00-00-00-00-00-00-00-00-00-00-00-00-00-00-00-00-00-00-00-00
[02:50:13:025]50-49-01-C0-EB-9D-00-00-03-00-0E-82-00
[02:50:13:025][HID_TX]00-80-13-A8-D9-50-41-06-03-0D-00-25-34-12-5A-5A-01-00-00-00-F0-00-00-00-00-00-00-00-00-00-00-00-00-00-00-00-00-00-00-00-00-00-00-00-00-00-00-00-00-00-00-00-00-00-00-00-00-00-00-00-00-00-00-00-00
[02:50:13:026]HidD_GetInputReport=True
[02:50:13:026]reply_report=00-4F-00-00-00-00-00-00-00-00-00-00-00-00-00-00-00-00-00-00-00-00-00-00-00-00-00-00-00-00-00-00-00-00-00-00-00-00-00-00-00-00-00-00-00-00-00-00-00-00-00-00-00-00-00-00-00-00-00-00-00-00-00-00-00
[02:50:13:026]50-41-06-03-0D-00-25-34-12-5A-5A-01-00-00-00-F0-00-00-00 [CMD_SENT][OTA_CMD_IOCTL][READ_MAX_LEN]
[02:50:13:057][HID_TX_ack]00-11-50-49-01-C6-D5-C0-03-00-07-00-06-83-00-F0-00-00-00-00-00-00-00-02-00-E0-00-00-32-00-00-00-00-00-00-00-00-00-00-00-00-00-00-00-00-00-00-00-00-00-00-00-00-00-00-00-00-00-00-00-00-00-00-00-00
[02:50:13:057]50-49-01-C6-D5-C0-03-00-07-00-06-83-00-F0-00-00-00
[02:50:13:057][HID_TX]00-80-06-2F-BD-50-41-0E-04-01-E0-00-00-00-00-00-00-00-00-00-00-00-00-00-00-00-00-00-00-00-00-00-00-00-00-00-00-00-00-00-00-00-00-00-00-00-00-00-00-00-00-00-00-00-00-00-00-00-00-00-00-00-00-00-00
[02:50:13:058]HidD_GetInputReport=True
[02:50:13:058]reply_report=00-4F-00-00-00-00-00-00-00-00-00-00-00-00-00-00-00-00-00-00-00-00-00-00-00-00-00-00-00-00-00-00-00-00-00-00-00-00-00-00-00-00-00-00-00-00-00-00-00-00-00-00-00-00-00-00-00-00-00-00-00-00-00-00-00
[02:50:13:058]50-41-0E-04-01-E0 [CMD_SENT][REMOTE_GET_MODE]
[02:50:13:061][HID_TX_ack]00-19-50-49-01-C0-08-9E-00-00-03-00-0E-84-00-50-49-0E-C7-00-00-00-00-02-00-E0-01-00-32-00-00-00-00-00-00-00-00-00-00-00-00-00-00-00-00-00-00-00-00-00-00-00-00-00-00-00-00-00-00-00-00-00-00-00-00
[02:50:13:062]50-49-01-C0-08-9E-00-00-03-00-0E-84-00
[02:50:13:062]50-49-0E-C7-00-00-00-00-02-00-E0-01-
[02:50:13:062]REMOTE_GET_MODE=01
[02:50:13:065][HID_TX]00-80-15-55-33-50-41-02-05-10-74-72-61-63-65-72-20-6E-76-64-73-72-20-32-33-36-00-00-00-00-00-00-00-00-00-00-00-00-00-00-00-00-00-00-00-00-00-00-00-00-00-00-00-00-00-00-00-00-00-00-00-00-00-00-00
[02:50:13:067]HidD_GetInputReport=True
[02:50:13:067]reply_report=00-4F-00-00-00-00-00-00-00-00-00-00-00-00-00-00-00-00-00-00-00-00-00-00-00-00-00-00-00-00-00-00-00-00-00-00-00-00-00-00-00-00-00-00-00-00-00-00-00-00-00-00-00-00-00-00-00-00-00-00-00-00-00-00-00
[02:50:13:067]50-41-02-05-10-74-72-61-63-65-72-20-6E-76-64-73-72-20-32-33-36 [CMD_SENT][write_tracer][tracer nvdsr 236]
[02:50:13:081][HID_TX_ack]00-27-50-49-01-C8-E9-C0-03-00-1D-00-02-05-2D-2D-2D-2D-2D-2D-2D-2D-4E-56-44-53-20-52-65-61-64-20-46-69-6C-65-5B-32-33-36-5D-00-00-00-00-00-00-00-00-00-00-00-00-00-00-00-00-00-00-00-00-00-00-00-00
[02:50:13:081]50-49-01-C8-E9-C0-03-00-1D-00-02-05-2D-2D-2D-2D-2D-2D-2D-2D-4E-56-44-53-20-52-65-61-64-20-46-69-6C-65-5B-32-33-36-5D
[02:50:13:086][HID_TX_ack]00-2F-50-49-01-C9-F1-C0-03-00-25-00-02-05-56-5B-30-5D-53-5B-31-35-5D-44-5B-30-30-20-30-30-20-30-30-20-30-30-20-30-30-20-30-30-20-30-30-20-30-30-5D-00-00-00-00-00-00-00-00-00-00-00-00-00-00-00-00
[02:50:13:086]50-49-01-C9-F1-C0-03-00-25-00-02-05-56-5B-30-5D-53-5B-31-35-5D-44-5B-30-30-20-30-30-20-30-30-20-30-30-20-30-30-20-30-30-20-30-30-20-30-30-5D
[02:50:13:151][HID_TX_ack]00-0C-50-49-01-CA-F1-C0-03-00-02-00-02-85-56-5B-30-5D-53-5B-31-35-5D-44-5B-30-30-20-30-30-20-30-30-20-30-30-20-30-30-20-30-30-20-30-30-20-30-30-5D-00-00-00-00-00-00-00-00-00-00-00-00-00-00-00-00
[02:50:13:151]50-49-01-CA-F1-C0-03-00-02-00-02-85-
[02:50:13:151][write_tracer_result]
[02:50:13:151][write_tracer_result]--------NVDS Read File[236]V[0]S[15]D[00 00 00 00 00 00 00 00]
[02:50:13:151]rep1=--------NVDS Read File[236]V[0]S[15]D[00 00 00 00 00 00 00 00]
[02:50:13:152]rep2=]V[0]S[15]D[00 00 00 00 00 00 00 00]
[02:50:13:154][HID_TX]00-80-15-5B-83-50-41-02-06-10-74-72-61-63-65-72-20-6E-76-64-73-72-20-32-33-36-00-00-00-00-00-00-00-00-00-00-00-00-00-00-00-00-00-00-00-00-00-00-00-00-00-00-00-00-00-00-00-00-00-00-00-00-00-00-00
[02:50:13:157]HidD_GetInputReport=True
[02:50:13:157]reply_report=00-4F-00-00-00-00-00-00-00-00-00-00-00-00-00-00-00-00-00-00-00-00-00-00-00-00-00-00-00-00-00-00-00-00-00-00-00-00-00-00-00-00-00-00-00-00-00-00-00-00-00-00-00-00-00-00-00-00-00-00-00-00-00-00-00
[02:50:13:157]50-41-02-06-10-74-72-61-63-65-72-20-6E-76-64-73-72-20-32-33-36 [CMD_SENT][write_tracer][tracer nvdsr 236]
[02:50:13:180][HID_TX_ack]00-27-50-49-01-CB-3C-C1-03-00-1D-00-02-06-2D-2D-2D-2D-2D-2D-2D-2D-4E-56-44-53-20-52-65-61-64-20-46-69-6C-65-5B-32-33-36-5D-30-20-30-30-20-30-30-5D-00-00-00-00-00-00-00-00-00-00-00-00-00-00-00-00
[02:50:13:180]50-49-01-CB-3C-C1-03-00-1D-00-02-06-2D-2D-2D-2D-2D-2D-2D-2D-4E-56-44-53-20-52-65-61-64-20-46-69-6C-65-5B-32-33-36-5D
[02:50:13:188][HID_TX_ack]00-2F-50-49-01-CC-43-C1-03-00-25-00-02-06-56-5B-30-5D-53-5B-31-35-5D-44-5B-30-30-20-30-30-20-30-30-20-30-30-20-30-30-20-30-30-20-30-30-20-30-30-5D-00-00-00-00-00-00-00-00-00-00-00-00-00-00-00-00
[02:50:13:188]50-49-01-CC-43-C1-03-00-25-00-02-06-56-5B-30-5D-53-5B-31-35-5D-44-5B-30-30-20-30-30-20-30-30-20-30-30-20-30-30-20-30-30-20-30-30-20-30-30-5D
[02:50:13:256][HID_TX_ack]00-0C-50-49-01-CD-44-C1-03-00-02-00-02-86-56-5B-30-5D-53-5B-31-35-5D-44-5B-30-30-20-30-30-20-30-30-20-30-30-20-30-30-20-30-30-20-30-30-20-30-30-5D-00-00-00-00-00-00-00-00-00-00-00-00-00-00-00-00
[02:50:13:256]50-49-01-CD-44-C1-03-00-02-00-02-86-
[02:50:13:256][write_tracer_result]
[02:50:13:256][write_tracer_result]--------NVDS Read File[236]V[0]S[15]D[00 00 00 00 00 00 00 00]
[02:50:13:256]rep1=--------NVDS Read File[236]V[0]S[15]D[00 00 00 00 00 00 00 00]
[02:50:13:256]rep2=]V[0]S[15]D[00 00 00 00 00 00 00 00]
[02:50:13:257][HID_TX]00-80-3C-E4-7C-50-41-02-07-4F-74-72-61-63-65-72-20-6E-76-64-73-77-20-32-33-36-20-30-78-31-34-20-31-20-30-78-30-20-30-78-30-20-30-78-30-20-30-78-30-20-30-78-30-20-30-78-30-20-30-20-30-20-30-20-30
[02:50:13:259]HidD_GetInputReport=True
[02:50:13:259]reply_report=00-4F-00-00-00-00-00-00-00-00-00-00-00-00-00-00-00-00-00-00-00-00-00-00-00-00-00-00-00-00-00-00-00-00-00-00-00-00-00-00-00-00-00-00-00-00-00-00-00-00-00-00-00-00-00-00-00-00-00-00-00-00-00-00-00
[02:50:13:259][HID_TX]00-80-18-04-35-20-30-20-30-78-31-30-20-30-20-30-20-30-78-30-44-20-30-20-30-20-30-20-30-00-00-00-00-00-00-00-00-00-00-00-00-00-00-00-00-00-00-00-00-00-00-00-00-00-00-00-00-00-00-00-00-00-00-00-00
[02:50:13:261]HidD_GetInputReport=True
[02:50:13:261]reply_report=00-4F-00-00-00-00-00-00-00-00-00-00-00-00-00-00-00-00-00-00-00-00-00-00-00-00-00-00-00-00-00-00-00-00-00-00-00-00-00-00-00-00-00-00-00-00-00-00-00-00-00-00-00-00-00-00-00-00-00-00-00-00-00-00-00
[02:50:13:261]50-41-02-07-4F-74-72-61-63-65-72-20-6E-76-64-73-77-20-32-33-36-20-30-78-31-34-20-31-20-30-78-30-20-30-78-30-20-30-78-30-20-30-78-30-20-30-78-30-20-30-78-30-20-30-20-30-20-30-20-30-20-30-20-30-78-31-30-20-30-20-30-20-30-78-30-44-20-30-20-30-20-30-20-30 [CMD_SENT][write_tracer][tracer nvdsw 236 0x14 1 0x0 0x0 0x0 0x0 0x0 0x0 0 0 0 0 0 0x10 0 0 0x0D 0 0 0 0]
[02:50:13:288][HID_TX_ack]00-31-50-49-01-CE-91-C1-03-00-27-00-02-07-2D-2D-2D-2D-2D-2D-2D-2D-4E-56-44-53-20-57-72-69-74-65-20-46-69-6C-65-5B-32-33-36-5D-56-5B-30-5D-53-5B-32-30-5D-00-00-00-00-00-00-00-00-00-00-00-00-00-00
[02:50:13:288]50-49-01-CE-91-C1-03-00-27-00-02-07-2D-2D-2D-2D-2D-2D-2D-2D-4E-56-44-53-20-57-72-69-74-65-20-46-69-6C-65-5B-32-33-36-5D-56-5B-30-5D-53-5B-32-30-5D
[02:50:13:293][HID_TX_ack]00-1A-50-49-01-CF-98-C1-03-00-10-00-02-07-4E-56-44-53-20-69-73-20-64-6F-6E-65-20-30-72-69-74-65-20-46-69-6C-65-5B-32-33-36-5D-56-5B-30-5D-53-5B-32-30-5D-00-00-00-00-00-00-00-00-00-00-00-00-00-00
[02:50:13:293]50-49-01-CF-98-C1-03-00-10-00-02-07-4E-56-44-53-20-69-73-20-64-6F-6E-65-20-30
[02:50:13:361][HID_TX_ack]00-0C-50-49-01-D0-99-C1-03-00-02-00-02-87-4E-56-44-53-20-69-73-20-64-6F-6E-65-20-30-72-69-74-65-20-46-69-6C-65-5B-32-33-36-5D-56-5B-30-5D-53-5B-32-30-5D-00-00-00-00-00-00-00-00-00-00-00-00-00-00
[02:50:13:361]50-49-01-D0-99-C1-03-00-02-00-02-87-
[02:50:13:361][write_tracer_result]
[02:50:13:362][write_tracer_result]--------NVDS Write File[236]V[0]S[20]NVDS is done 0
[02:50:24:366][HID_TX]00-80-07-D5-A9-50-41-0E-08-02-E1-00-00-00-00-00-00-00-00-00-00-00-00-00-00-00-00-00-00-00-00-00-00-00-00-00-00-00-00-00-00-00-00-00-00-00-00-00-00-00-00-00-00-00-00-00-00-00-00-00-00-00-00-00-00
[02:50:24:368]HidD_GetInputReport=True
[02:50:24:368]reply_report=00-4F-00-00-00-00-00-00-00-00-00-00-00-00-00-00-00-00-00-00-00-00-00-00-00-00-00-00-00-00-00-00-00-00-00-00-00-00-00-00-00-00-00-00-00-00-00-00-00-00-00-00-00-00-00-00-00-00-00-00-00-00-00-00-00
[02:50:24:368]50-41-0E-08-02-E1-00 [CMD_SENT][REMOTE_SET_MODE] is_remote=False
[02:50:24:370][HID_TX_ack]00-0D-50-49-01-C0-5F-C1-00-00-03-00-0E-88-00-56-44-53-20-69-73-20-64-6F-6E-65-20-30-72-69-74-65-20-46-69-6C-65-5B-32-33-36-5D-56-5B-30-5D-53-5B-32-30-5D-00-00-00-00-00-00-00-00-00-00-00-00-00-00
[02:50:24:370]50-49-01-C0-5F-C1-00-00-03-00-0E-88-00
[02:50:24:370]ystech_Power_Saving, is_EnablePowerSaving=True
[02:50:24:371][HID_TX]00-85-01-73-56-02-00-00-00-00-00-00-00-00-00-00-00-00-00-00-00-00-00-00-00-00-00-00-00-00-00-00-00-00-00-00-00-00-00-00-00-00-00-00-00-00-00-00-00-00-00-00-00-00-00-00-00-00-00-00-00-00-00-00-00
[02:50:24:371]HidD_GetInputReport=True
[02:50:24:371]reply_report=00-4F-00-00-00-00-00-00-00-00-00-00-00-00-00-00-00-00-00-00-00-00-00-00-00-00-00-00-00-00-00-00-00-00-00-00-00-00-00-00-00-00-00-00-00-00-00-00-00-00-00-00-00-00-00-00-00-00-00-00-00-00-00-00-00
[02:50:24:371]HID_CMD_POWER_SAVING_Enable
[02:50:24:371]close_hid_stream
[02:50:24:371]close_hid_handle
