[15:12:01:272]\\?\hid#dell09c2&col02#5&bc4dc33&0&0001#{4d1e55b2-f16f-11cf-88cb-001111000030}
[15:12:01:273]\\?\hid#dell09c2&col03#5&bc4dc33&0&0002#{4d1e55b2-f16f-11cf-88cb-001111000030}
[15:12:01:273]\\?\hid#intc816&col01#3&207f9b7f&0&0000#{4d1e55b2-f16f-11cf-88cb-001111000030}
[15:12:01:273]\\?\hid#intc816&col02#3&207f9b7f&0&0001#{4d1e55b2-f16f-11cf-88cb-001111000030}
[15:12:01:273]\\?\hid#converteddevice&col02#5&17bac0a6&0&0001#{4d1e55b2-f16f-11cf-88cb-001111000030}
[15:12:01:273]\\?\hid#converteddevice&col03#5&17bac0a6&0&0002#{4d1e55b2-f16f-11cf-88cb-001111000030}
[15:12:01:273]\\?\hid#dell09c2&col04#5&bc4dc33&0&0003#{4d1e55b2-f16f-11cf-88cb-001111000030}
[15:12:01:273]\\?\hid#{00001812-0000-1000-8000-00805f9b34fb}_dev_vid&0232c2_pid&0001_rev&0068_ccb624cd66b1#9&326e3aae&0&0000#{4d1e55b2-f16f-11cf-88cb-001111000030}
[15:12:01:273]\\?\hid#dell09c2&col05#5&bc4dc33&0&0004#{4d1e55b2-f16f-11cf-88cb-001111000030}
[15:12:01:273]\\?\hid#converteddevice&col01#5&17bac0a6&0&0000#{4d1e55b2-f16f-11cf-88cb-001111000030}\kbd
[15:12:01:273]\\?\hid#dell09c2&col01#5&bc4dc33&0&0000#{4d1e55b2-f16f-11cf-88cb-001111000030}
[15:12:01:273]\\?\hid#vid_046d&pid_0adf&mi_00#7&3ad8dff3&0&0000#{4d1e55b2-f16f-11cf-88cb-001111000030}
[15:12:01:273]\\?\hid#vid_046d&pid_0adf&mi_04#7&18e94d0e&0&0000#{4d1e55b2-f16f-11cf-88cb-001111000030}
[15:12:01:275]try_path=\\?\hid#vid_046d&pid_0adf&mi_00#7&3ad8dff3&0&0000#{4d1e55b2-f16f-11cf-88cb-001111000030}
[15:12:01:277]	InputReportByteLength=65
[15:12:01:277]	OutputReportByteLength=65
[15:12:01:277]HID_Connected=\\?\hid#vid_046d&pid_0adf&mi_00#7&3ad8dff3&0&0000#{4d1e55b2-f16f-11cf-88cb-001111000030}
[15:12:01:279][HID_TX]00-84-01-D1-55-01-00-00-00-00-00-00-00-00-00-00-00-00-00-00-00-00-00-00-00-00-00-00-00-00-00-00-00-00-00-00-00-00-00-00-00-00-00-00-00-00-00-00-00-00-00-00-00-00-00-00-00-00-00-00-00-00-00-00-00
[15:12:01:281]HidD_GetInputReport=True
[15:12:01:281]reply_report=00-4F-56-31-2E-38-2E-35-2E-31-00-00-00-00-00-00-00-00-00-00-00-00-00-00-00-00-00-00-00-00-00-00-00-00-00-00-00-00-00-00-00-00-00-00-00-00-00-00-00-00-00-00-00-00-00-00-00-00-00-00-00-00-00-00-00
[15:12:01:281][ys_tech] fw_version=V1.8.5.1
[15:12:01:281]ystech_Power_Saving, is_EnablePowerSaving=False
[15:12:01:281][HID_TX]00-85-01-83-8B-01-00-00-00-00-00-00-00-00-00-00-00-00-00-00-00-00-00-00-00-00-00-00-00-00-00-00-00-00-00-00-00-00-00-00-00-00-00-00-00-00-00-00-00-00-00-00-00-00-00-00-00-00-00-00-00-00-00-00-00
[15:12:01:283]HidD_GetInputReport=True
[15:12:01:283]reply_report=00-46-00-00-00-00-00-00-00-00-00-00-00-00-00-00-00-00-00-00-00-00-00-00-00-00-00-00-00-00-00-00-00-00-00-00-00-00-00-00-00-00-00-00-00-00-00-00-00-00-00-00-00-00-00-00-00-00-00-00-00-00-00-00-00
[15:12:01:306][Response Fail][System.Exception]
[15:12:01:312]   at ..(Boolean  )
   at ..(Byte  , Byte[]  )
[15:12:01:371]_ystech_retry_count=1
[15:12:01:371][HID_TX]00-85-01-83-8B-01-00-00-00-00-00-00-00-00-00-00-00-00-00-00-00-00-00-00-00-00-00-00-00-00-00-00-00-00-00-00-00-00-00-00-00-00-00-00-00-00-00-00-00-00-00-00-00-00-00-00-00-00-00-00-00-00-00-00-00
[15:12:01:372]HidD_GetInputReport=True
[15:12:01:372]reply_report=00-4F-00-00-00-00-00-00-00-00-00-00-00-00-00-00-00-00-00-00-00-00-00-00-00-00-00-00-00-00-00-00-00-00-00-00-00-00-00-00-00-00-00-00-00-00-00-00-00-00-00-00-00-00-00-00-00-00-00-00-00-00-00-00-00
[15:12:01:372]HID_CMD_POWER_SAVING_Disable
[15:12:01:372]path_connected=\\?\hid#vid_046d&pid_0adf&mi_00#7&3ad8dff3&0&0000#{4d1e55b2-f16f-11cf-88cb-001111000030}
[15:12:02:567][HID_TX]00-80-06-1C-7D-50-41-0E-01-01-E0-00-00-00-00-00-00-00-00-00-00-00-00-00-00-00-00-00-00-00-00-00-00-00-00-00-00-00-00-00-00-00-00-00-00-00-00-00-00-00-00-00-00-00-00-00-00-00-00-00-00-00-00-00-00
[15:12:02:568]HidD_GetInputReport=True
[15:12:02:568]reply_report=00-4F-00-00-00-00-00-00-00-00-00-00-00-00-00-00-00-00-00-00-00-00-00-00-00-00-00-00-00-00-00-00-00-00-00-00-00-00-00-00-00-00-00-00-00-00-00-00-00-00-00-00-00-00-00-00-00-00-00-00-00-00-00-00-00
[15:12:02:568]50-41-0E-01-01-E0 [CMD_SENT][REMOTE_GET_MODE]
[15:12:02:575][HID_TX_ack]00-19-50-49-01-C0-84-67-05-00-03-00-0E-81-00-50-49-0E-F0-00-00-00-00-02-00-E0-00-17-50-49-0E-CD-00-00-00-00-02-00-E0-00-00-03-00-11-BE-17-00-00-00-00-00-00-00-00-00-00-00-00-00-00-00-00-00-00-00
[15:12:02:580]REMOTE_GET_MODE=00
[15:12:02:580]50-49-01-C0-84-67-05-00-03-00-0E-81-00
[15:12:02:580]50-49-0E-F0-00-00-00-00-02-00-E0-00-
[15:12:02:580][HID_TX]00-80-07-1B-E1-50-41-06-02-01-00-63-00-00-00-00-00-00-00-00-00-00-00-00-00-00-00-00-00-00-00-00-00-00-00-00-00-00-00-00-00-00-00-00-00-00-00-00-00-00-00-00-00-00-00-00-00-00-00-00-00-00-00-00-00
[15:12:02:582]HidD_GetInputReport=True
[15:12:02:582]reply_report=00-4F-00-00-00-00-00-00-00-00-00-00-00-00-00-00-00-00-00-00-00-00-00-00-00-00-00-00-00-00-00-00-00-00-00-00-00-00-00-00-00-00-00-00-00-00-00-00-00-00-00-00-00-00-00-00-00-00-00-00-00-00-00-00-00
[15:12:02:582]50-41-06-02-01-00-63 [CMD_SENT][CMD_GET_IO_LEVEL]
[15:12:02:586][HID_TX_ack]00-12-50-49-01-C0-8F-67-05-00-08-00-06-82-00-01-DD-FF-1F-00-00-00-00-02-00-E0-00-17-50-49-0E-CD-00-00-00-00-02-00-E0-00-00-03-00-11-BE-17-00-00-00-00-00-00-00-00-00-00-00-00-00-00-00-00-00-00-00
[15:12:02:586]50-49-01-C0-8F-67-05-00-08-00-06-82-00-01-DD-FF-1F-00
[15:12:02:798][HID_TX]00-80-06-F7-52-50-41-0E-03-01-E0-00-00-00-00-00-00-00-00-00-00-00-00-00-00-00-00-00-00-00-00-00-00-00-00-00-00-00-00-00-00-00-00-00-00-00-00-00-00-00-00-00-00-00-00-00-00-00-00-00-00-00-00-00-00
[15:12:02:799]HidD_GetInputReport=True
[15:12:02:799]reply_report=00-4F-00-00-00-00-00-00-00-00-00-00-00-00-00-00-00-00-00-00-00-00-00-00-00-00-00-00-00-00-00-00-00-00-00-00-00-00-00-00-00-00-00-00-00-00-00-00-00-00-00-00-00-00-00-00-00-00-00-00-00-00-00-00-00
[15:12:02:799]50-41-0E-03-01-E0 [CMD_SENT][REMOTE_GET_MODE]
[15:12:02:802][HID_TX_ack]00-19-50-49-01-C0-3D-68-05-00-03-00-0E-83-00-50-49-0E-F1-00-00-00-00-02-00-E0-00-17-50-49-0E-CD-00-00-00-00-02-00-E0-00-00-03-00-11-BE-17-00-00-00-00-00-00-00-00-00-00-00-00-00-00-00-00-00-00-00
[15:12:02:802]50-49-01-C0-3D-68-05-00-03-00-0E-83-00
[15:12:02:802]50-49-0E-F1-00-00-00-00-02-00-E0-00-
[15:12:02:802]REMOTE_GET_MODE=00
[15:12:02:802][HID_TX]00-80-07-26-91-50-41-06-04-01-00-63-00-00-00-00-00-00-00-00-00-00-00-00-00-00-00-00-00-00-00-00-00-00-00-00-00-00-00-00-00-00-00-00-00-00-00-00-00-00-00-00-00-00-00-00-00-00-00-00-00-00-00-00-00
[15:12:02:804]HidD_GetInputReport=True
[15:12:02:804]reply_report=00-4F-00-00-00-00-00-00-00-00-00-00-00-00-00-00-00-00-00-00-00-00-00-00-00-00-00-00-00-00-00-00-00-00-00-00-00-00-00-00-00-00-00-00-00-00-00-00-00-00-00-00-00-00-00-00-00-00-00-00-00-00-00-00-00
[15:12:02:804]50-41-06-04-01-00-63 [CMD_SENT][CMD_GET_IO_LEVEL]
[15:12:02:807][HID_TX_ack]00-12-50-49-01-C0-41-68-05-00-08-00-06-84-00-01-DD-FF-1F-00-00-00-00-02-00-E0-00-17-50-49-0E-CD-00-00-00-00-02-00-E0-00-00-03-00-11-BE-17-00-00-00-00-00-00-00-00-00-00-00-00-00-00-00-00-00-00-00
[15:12:02:807]50-49-01-C0-41-68-05-00-08-00-06-84-00-01-DD-FF-1F-00
[15:12:03:030][HID_TX]00-80-06-CA-22-50-41-0E-05-01-E0-00-00-00-00-00-00-00-00-00-00-00-00-00-00-00-00-00-00-00-00-00-00-00-00-00-00-00-00-00-00-00-00-00-00-00-00-00-00-00-00-00-00-00-00-00-00-00-00-00-00-00-00-00-00
[15:12:03:031]HidD_GetInputReport=True
[15:12:03:031]reply_report=00-4F-00-00-00-00-00-00-00-00-00-00-00-00-00-00-00-00-00-00-00-00-00-00-00-00-00-00-00-00-00-00-00-00-00-00-00-00-00-00-00-00-00-00-00-00-00-00-00-00-00-00-00-00-00-00-00-00-00-00-00-00-00-00-00
[15:12:03:031]50-41-0E-05-01-E0 [CMD_SENT][REMOTE_GET_MODE]
[15:12:03:034][HID_TX_ack]00-19-50-49-01-C0-F6-68-05-00-03-00-0E-85-00-50-49-0E-F2-00-00-00-00-02-00-E0-00-17-50-49-0E-CD-00-00-00-00-02-00-E0-00-00-03-00-11-BE-17-00-00-00-00-00-00-00-00-00-00-00-00-00-00-00-00-00-00-00
[15:12:03:034]50-49-01-C0-F6-68-05-00-03-00-0E-85-00
[15:12:03:034]50-49-0E-F2-00-00-00-00-02-00-E0-00-
[15:12:03:034]REMOTE_GET_MODE=00
[15:12:03:034][HID_TX]00-80-07-CD-BE-50-41-06-06-01-00-63-00-00-00-00-00-00-00-00-00-00-00-00-00-00-00-00-00-00-00-00-00-00-00-00-00-00-00-00-00-00-00-00-00-00-00-00-00-00-00-00-00-00-00-00-00-00-00-00-00-00-00-00-00
[15:12:03:035]HidD_GetInputReport=True
[15:12:03:035]reply_report=00-4F-00-00-00-00-00-00-00-00-00-00-00-00-00-00-00-00-00-00-00-00-00-00-00-00-00-00-00-00-00-00-00-00-00-00-00-00-00-00-00-00-00-00-00-00-00-00-00-00-00-00-00-00-00-00-00-00-00-00-00-00-00-00-00
[15:12:03:035]50-41-06-06-01-00-63 [CMD_SENT][CMD_GET_IO_LEVEL]
[15:12:03:038][HID_TX_ack]00-12-50-49-01-C0-F9-68-05-00-08-00-06-86-00-01-DD-FF-1F-00-00-00-00-02-00-E0-00-17-50-49-0E-CD-00-00-00-00-02-00-E0-00-00-03-00-11-BE-17-00-00-00-00-00-00-00-00-00-00-00-00-00-00-00-00-00-00-00
[15:12:03:038]50-49-01-C0-F9-68-05-00-08-00-06-86-00-01-DD-FF-1F-00
[15:12:03:247][HID_TX]00-80-06-21-0D-50-41-0E-07-01-E0-00-00-00-00-00-00-00-00-00-00-00-00-00-00-00-00-00-00-00-00-00-00-00-00-00-00-00-00-00-00-00-00-00-00-00-00-00-00-00-00-00-00-00-00-00-00-00-00-00-00-00-00-00-00
[15:12:03:249]HidD_GetInputReport=True
[15:12:03:249]reply_report=00-4F-00-00-00-00-00-00-00-00-00-00-00-00-00-00-00-00-00-00-00-00-00-00-00-00-00-00-00-00-00-00-00-00-00-00-00-00-00-00-00-00-00-00-00-00-00-00-00-00-00-00-00-00-00-00-00-00-00-00-00-00-00-00-00
[15:12:03:249]50-41-0E-07-01-E0 [CMD_SENT][REMOTE_GET_MODE]
[15:12:03:251][HID_TX_ack]00-19-50-49-01-C0-A5-69-05-00-03-00-0E-87-00-50-49-0E-F3-00-00-00-00-02-00-E0-00-17-50-49-0E-CD-00-00-00-00-02-00-E0-00-00-03-00-11-BE-17-00-00-00-00-00-00-00-00-00-00-00-00-00-00-00-00-00-00-00
[15:12:03:251]50-49-01-C0-A5-69-05-00-03-00-0E-87-00
[15:12:03:251]50-49-0E-F3-00-00-00-00-02-00-E0-00-
[15:12:03:251]REMOTE_GET_MODE=00
[15:12:03:251][HID_TX]00-80-07-5C-71-50-41-06-08-01-00-63-00-00-00-00-00-00-00-00-00-00-00-00-00-00-00-00-00-00-00-00-00-00-00-00-00-00-00-00-00-00-00-00-00-00-00-00-00-00-00-00-00-00-00-00-00-00-00-00-00-00-00-00-00
[15:12:03:253]HidD_GetInputReport=True
[15:12:03:253]reply_report=00-4F-00-00-00-00-00-00-00-00-00-00-00-00-00-00-00-00-00-00-00-00-00-00-00-00-00-00-00-00-00-00-00-00-00-00-00-00-00-00-00-00-00-00-00-00-00-00-00-00-00-00-00-00-00-00-00-00-00-00-00-00-00-00-00
[15:12:03:253]50-41-06-08-01-00-63 [CMD_SENT][CMD_GET_IO_LEVEL]
[15:12:03:255][HID_TX_ack]00-12-50-49-01-C0-A8-69-05-00-08-00-06-88-00-01-DD-FF-1F-00-00-00-00-02-00-E0-00-17-50-49-0E-CD-00-00-00-00-02-00-E0-00-00-03-00-11-BE-17-00-00-00-00-00-00-00-00-00-00-00-00-00-00-00-00-00-00-00
[15:12:03:255]50-49-01-C0-A8-69-05-00-08-00-06-88-00-01-DD-FF-1F-00
[15:12:03:481][HID_TX]00-80-06-B0-C2-50-41-0E-09-01-E0-00-00-00-00-00-00-00-00-00-00-00-00-00-00-00-00-00-00-00-00-00-00-00-00-00-00-00-00-00-00-00-00-00-00-00-00-00-00-00-00-00-00-00-00-00-00-00-00-00-00-00-00-00-00
[15:12:03:482]HidD_GetInputReport=True
[15:12:03:482]reply_report=00-4F-00-00-00-00-00-00-00-00-00-00-00-00-00-00-00-00-00-00-00-00-00-00-00-00-00-00-00-00-00-00-00-00-00-00-00-00-00-00-00-00-00-00-00-00-00-00-00-00-00-00-00-00-00-00-00-00-00-00-00-00-00-00-00
[15:12:03:482]50-41-0E-09-01-E0 [CMD_SENT][REMOTE_GET_MODE]
[15:12:03:485][HID_TX_ack]00-19-50-49-01-C0-5F-6A-05-00-03-00-0E-89-00-50-49-0E-F4-00-00-00-00-02-00-E0-00-17-50-49-0E-CD-00-00-00-00-02-00-E0-00-00-03-00-11-BE-17-00-00-00-00-00-00-00-00-00-00-00-00-00-00-00-00-00-00-00
[15:12:03:485]50-49-01-C0-5F-6A-05-00-03-00-0E-89-00
[15:12:03:485]50-49-0E-F4-00-00-00-00-02-00-E0-00-
[15:12:03:485]REMOTE_GET_MODE=00
[15:12:03:485][HID_TX]00-80-07-B7-5E-50-41-06-0A-01-00-63-00-00-00-00-00-00-00-00-00-00-00-00-00-00-00-00-00-00-00-00-00-00-00-00-00-00-00-00-00-00-00-00-00-00-00-00-00-00-00-00-00-00-00-00-00-00-00-00-00-00-00-00-00
[15:12:03:486]HidD_GetInputReport=True
[15:12:03:486]reply_report=00-4F-00-00-00-00-00-00-00-00-00-00-00-00-00-00-00-00-00-00-00-00-00-00-00-00-00-00-00-00-00-00-00-00-00-00-00-00-00-00-00-00-00-00-00-00-00-00-00-00-00-00-00-00-00-00-00-00-00-00-00-00-00-00-00
[15:12:03:486]50-41-06-0A-01-00-63 [CMD_SENT][CMD_GET_IO_LEVEL]
[15:12:03:489][HID_TX_ack]00-12-50-49-01-C0-62-6A-05-00-08-00-06-8A-00-01-DD-FF-1F-00-00-00-00-02-00-E0-00-17-50-49-0E-CD-00-00-00-00-02-00-E0-00-00-03-00-11-BE-17-00-00-00-00-00-00-00-00-00-00-00-00-00-00-00-00-00-00-00
[15:12:03:489]50-49-01-C0-62-6A-05-00-08-00-06-8A-00-01-DD-FF-1F-00
[15:12:03:698][HID_TX]00-80-06-5B-ED-50-41-0E-0B-01-E0-00-00-00-00-00-00-00-00-00-00-00-00-00-00-00-00-00-00-00-00-00-00-00-00-00-00-00-00-00-00-00-00-00-00-00-00-00-00-00-00-00-00-00-00-00-00-00-00-00-00-00-00-00-00
[15:12:03:699]HidD_GetInputReport=True
[15:12:03:699]reply_report=00-4F-00-00-00-00-00-00-00-00-00-00-00-00-00-00-00-00-00-00-00-00-00-00-00-00-00-00-00-00-00-00-00-00-00-00-00-00-00-00-00-00-00-00-00-00-00-00-00-00-00-00-00-00-00-00-00-00-00-00-00-00-00-00-00
[15:12:03:699]50-41-0E-0B-01-E0 [CMD_SENT][REMOTE_GET_MODE]
[15:12:03:702][HID_TX_ack]00-19-50-49-01-C0-0D-6B-05-00-03-00-0E-8B-00-50-49-0E-F5-00-00-00-00-02-00-E0-00-17-50-49-0E-CD-00-00-00-00-02-00-E0-00-00-03-00-11-BE-17-00-00-00-00-00-00-00-00-00-00-00-00-00-00-00-00-00-00-00
[15:12:03:702]50-49-01-C0-0D-6B-05-00-03-00-0E-8B-00
[15:12:03:702]50-49-0E-F5-00-00-00-00-02-00-E0-00-
[15:12:03:702]REMOTE_GET_MODE=00
[15:12:03:702][HID_TX]00-80-07-8A-2E-50-41-06-0C-01-00-63-00-00-00-00-00-00-00-00-00-00-00-00-00-00-00-00-00-00-00-00-00-00-00-00-00-00-00-00-00-00-00-00-00-00-00-00-00-00-00-00-00-00-00-00-00-00-00-00-00-00-00-00-00
[15:12:03:704]HidD_GetInputReport=True
[15:12:03:704]reply_report=00-4F-00-00-00-00-00-00-00-00-00-00-00-00-00-00-00-00-00-00-00-00-00-00-00-00-00-00-00-00-00-00-00-00-00-00-00-00-00-00-00-00-00-00-00-00-00-00-00-00-00-00-00-00-00-00-00-00-00-00-00-00-00-00-00
[15:12:03:704]50-41-06-0C-01-00-63 [CMD_SENT][CMD_GET_IO_LEVEL]
[15:12:03:707][HID_TX_ack]00-12-50-49-01-C0-11-6B-05-00-08-00-06-8C-00-01-DD-FF-1F-00-00-00-00-02-00-E0-00-17-50-49-0E-CD-00-00-00-00-02-00-E0-00-00-03-00-11-BE-17-00-00-00-00-00-00-00-00-00-00-00-00-00-00-00-00-00-00-00
[15:12:03:707]50-49-01-C0-11-6B-05-00-08-00-06-8C-00-01-DD-FF-1F-00
[15:12:03:930][HID_TX]00-80-06-66-9D-50-41-0E-0D-01-E0-00-00-00-00-00-00-00-00-00-00-00-00-00-00-00-00-00-00-00-00-00-00-00-00-00-00-00-00-00-00-00-00-00-00-00-00-00-00-00-00-00-00-00-00-00-00-00-00-00-00-00-00-00-00
[15:12:03:931]HidD_GetInputReport=True
[15:12:03:931]reply_report=00-4F-00-00-00-00-00-00-00-00-00-00-00-00-00-00-00-00-00-00-00-00-00-00-00-00-00-00-00-00-00-00-00-00-00-00-00-00-00-00-00-00-00-00-00-00-00-00-00-00-00-00-00-00-00-00-00-00-00-00-00-00-00-00-00
[15:12:03:931]50-41-0E-0D-01-E0 [CMD_SENT][REMOTE_GET_MODE]
[15:12:03:933][HID_TX_ack]00-19-50-49-01-C0-C6-6B-05-00-03-00-0E-8D-00-50-49-0E-F6-00-00-00-00-02-00-E0-00-17-50-49-0E-CD-00-00-00-00-02-00-E0-00-00-03-00-11-BE-17-00-00-00-00-00-00-00-00-00-00-00-00-00-00-00-00-00-00-00
[15:12:03:933]50-49-01-C0-C6-6B-05-00-03-00-0E-8D-00
[15:12:03:933]50-49-0E-F6-00-00-00-00-02-00-E0-00-
[15:12:03:933]REMOTE_GET_MODE=00
[15:12:03:933][HID_TX]00-80-07-61-01-50-41-06-0E-01-00-63-00-00-00-00-00-00-00-00-00-00-00-00-00-00-00-00-00-00-00-00-00-00-00-00-00-00-00-00-00-00-00-00-00-00-00-00-00-00-00-00-00-00-00-00-00-00-00-00-00-00-00-00-00
[15:12:03:935]HidD_GetInputReport=True
[15:12:03:935]reply_report=00-4F-00-00-00-00-00-00-00-00-00-00-00-00-00-00-00-00-00-00-00-00-00-00-00-00-00-00-00-00-00-00-00-00-00-00-00-00-00-00-00-00-00-00-00-00-00-00-00-00-00-00-00-00-00-00-00-00-00-00-00-00-00-00-00
[15:12:03:935]50-41-06-0E-01-00-63 [CMD_SENT][CMD_GET_IO_LEVEL]
[15:12:03:937][HID_TX_ack]00-12-50-49-01-C0-C9-6B-05-00-08-00-06-8E-00-01-DD-FF-1F-00-00-00-00-02-00-E0-00-17-50-49-0E-CD-00-00-00-00-02-00-E0-00-00-03-00-11-BE-17-00-00-00-00-00-00-00-00-00-00-00-00-00-00-00-00-00-00-00
[15:12:03:937]50-49-01-C0-C9-6B-05-00-08-00-06-8E-00-01-DD-FF-1F-00
[15:12:04:147][HID_TX]00-80-06-8D-B2-50-41-0E-0F-01-E0-00-00-00-00-00-00-00-00-00-00-00-00-00-00-00-00-00-00-00-00-00-00-00-00-00-00-00-00-00-00-00-00-00-00-00-00-00-00-00-00-00-00-00-00-00-00-00-00-00-00-00-00-00-00
[15:12:04:148]HidD_GetInputReport=True
[15:12:04:148]reply_report=00-4F-00-00-00-00-00-00-00-00-00-00-00-00-00-00-00-00-00-00-00-00-00-00-00-00-00-00-00-00-00-00-00-00-00-00-00-00-00-00-00-00-00-00-00-00-00-00-00-00-00-00-00-00-00-00-00-00-00-00-00-00-00-00-00
[15:12:04:148]50-41-0E-0F-01-E0 [CMD_SENT][REMOTE_GET_MODE]
[15:12:04:151][HID_TX_ack]00-19-50-49-01-C0-74-6C-05-00-03-00-0E-8F-00-50-49-0E-F7-00-00-00-00-02-00-E0-00-17-50-49-0E-CD-00-00-00-00-02-00-E0-00-00-03-00-11-BE-17-00-00-00-00-00-00-00-00-00-00-00-00-00-00-00-00-00-00-00
[15:12:04:151]50-49-01-C0-74-6C-05-00-03-00-0E-8F-00
[15:12:04:151]REMOTE_GET_MODE=00
[15:12:04:151]50-49-0E-F7-00-00-00-00-02-00-E0-00-
[15:12:04:151][HID_TX]00-80-07-89-A1-50-41-06-10-01-00-63-00-00-00-00-00-00-00-00-00-00-00-00-00-00-00-00-00-00-00-00-00-00-00-00-00-00-00-00-00-00-00-00-00-00-00-00-00-00-00-00-00-00-00-00-00-00-00-00-00-00-00-00-00
[15:12:04:153]HidD_GetInputReport=True
[15:12:04:153]reply_report=00-4F-00-00-00-00-00-00-00-00-00-00-00-00-00-00-00-00-00-00-00-00-00-00-00-00-00-00-00-00-00-00-00-00-00-00-00-00-00-00-00-00-00-00-00-00-00-00-00-00-00-00-00-00-00-00-00-00-00-00-00-00-00-00-00
[15:12:04:153]50-41-06-10-01-00-63 [CMD_SENT][CMD_GET_IO_LEVEL]
[15:12:04:156][HID_TX_ack]00-12-50-49-01-C0-78-6C-05-00-08-00-06-90-00-01-DD-FF-1F-00-00-00-00-02-00-E0-00-17-50-49-0E-CD-00-00-00-00-02-00-E0-00-00-03-00-11-BE-17-00-00-00-00-00-00-00-00-00-00-00-00-00-00-00-00-00-00-00
[15:12:04:156]50-49-01-C0-78-6C-05-00-08-00-06-90-00-01-DD-FF-1F-00
[15:12:04:313][HID_TX_ack]00-0D-50-49-11-F8-F5-6C-05-00-03-00-20-E9-00-01-DD-FF-1F-00-00-00-00-02-00-E0-00-17-50-49-0E-CD-00-00-00-00-02-00-E0-00-00-03-00-11-BE-17-00-00-00-00-00-00-00-00-00-00-00-00-00-00-00-00-00-00-00
[15:12:04:313]50-49-11-F8-F5-6C-05-00-03-00-20-E9-00
[15:12:04:327][HID_TX_ack]00-1A-50-49-01-C0-00-6D-05-00-03-00-11-D1-18-50-49-01-C0-01-6D-05-00-03-00-11-D2-17-50-49-0E-CD-00-00-00-00-02-00-E0-00-00-03-00-11-BE-17-00-00-00-00-00-00-00-00-00-00-00-00-00-00-00-00-00-00-00
[15:12:04:327]50-49-01-C0-00-6D-05-00-03-00-11-D1-18
[15:12:04:327]50-49-01-C0-01-6D-05-00-03-00-11-D2-17
[15:12:04:329][HID_TX_ack]00-0D-50-49-11-F9-03-6D-05-00-03-00-20-00-00-50-49-01-C0-01-6D-05-00-03-00-11-D2-17-50-49-0E-CD-00-00-00-00-02-00-E0-00-00-03-00-11-BE-17-00-00-00-00-00-00-00-00-00-00-00-00-00-00-00-00-00-00-00
[15:12:04:329]50-49-11-F9-03-6D-05-00-03-00-20-00-00
[15:12:04:380][HID_TX]00-80-06-65-12-50-41-0E-11-01-E0-00-00-00-00-00-00-00-00-00-00-00-00-00-00-00-00-00-00-00-00-00-00-00-00-00-00-00-00-00-00-00-00-00-00-00-00-00-00-00-00-00-00-00-00-00-00-00-00-00-00-00-00-00-00
[15:12:04:380]HidD_GetInputReport=True
[15:12:04:380]reply_report=00-4F-00-00-00-00-00-00-00-00-00-00-00-00-00-00-00-00-00-00-00-00-00-00-00-00-00-00-00-00-00-00-00-00-00-00-00-00-00-00-00-00-00-00-00-00-00-00-00-00-00-00-00-00-00-00-00-00-00-00-00-00-00-00-00
[15:12:04:380]50-41-0E-11-01-E0 [CMD_SENT][REMOTE_GET_MODE]
[15:12:04:383][HID_TX_ack]00-19-50-49-01-C0-2E-6D-05-00-03-00-0E-91-00-50-49-0E-FA-00-00-00-00-02-00-E0-00-17-50-49-0E-CD-00-00-00-00-02-00-E0-00-00-03-00-11-BE-17-00-00-00-00-00-00-00-00-00-00-00-00-00-00-00-00-00-00-00
[15:12:04:383]50-49-01-C0-2E-6D-05-00-03-00-0E-91-00
[15:12:04:383]50-49-0E-FA-00-00-00-00-02-00-E0-00-
[15:12:04:383]REMOTE_GET_MODE=00
[15:12:04:383][HID_TX]00-80-07-62-8E-50-41-06-12-01-00-63-00-00-00-00-00-00-00-00-00-00-00-00-00-00-00-00-00-00-00-00-00-00-00-00-00-00-00-00-00-00-00-00-00-00-00-00-00-00-00-00-00-00-00-00-00-00-00-00-00-00-00-00-00
[15:12:04:384]HidD_GetInputReport=True
[15:12:04:384]reply_report=00-4F-00-00-00-00-00-00-00-00-00-00-00-00-00-00-00-00-00-00-00-00-00-00-00-00-00-00-00-00-00-00-00-00-00-00-00-00-00-00-00-00-00-00-00-00-00-00-00-00-00-00-00-00-00-00-00-00-00-00-00-00-00-00-00
[15:12:04:384]50-41-06-12-01-00-63 [CMD_SENT][CMD_GET_IO_LEVEL]
[15:12:04:387][HID_TX_ack]00-12-50-49-01-C0-31-6D-05-00-08-00-06-92-00-01-DD-FF-1F-00-00-00-00-02-00-E0-00-17-50-49-0E-CD-00-00-00-00-02-00-E0-00-00-03-00-11-BE-17-00-00-00-00-00-00-00-00-00-00-00-00-00-00-00-00-00-00-00
[15:12:04:387]50-49-01-C0-31-6D-05-00-08-00-06-92-00-01-DD-FF-1F-00
[15:12:04:609][HID_TX]00-80-06-8E-3D-50-41-0E-13-01-E0-00-00-00-00-00-00-00-00-00-00-00-00-00-00-00-00-00-00-00-00-00-00-00-00-00-00-00-00-00-00-00-00-00-00-00-00-00-00-00-00-00-00-00-00-00-00-00-00-00-00-00-00-00-00
[15:12:04:610]HidD_GetInputReport=True
[15:12:04:611]reply_report=00-4F-00-00-00-00-00-00-00-00-00-00-00-00-00-00-00-00-00-00-00-00-00-00-00-00-00-00-00-00-00-00-00-00-00-00-00-00-00-00-00-00-00-00-00-00-00-00-00-00-00-00-00-00-00-00-00-00-00-00-00-00-00-00-00
[15:12:04:611]50-41-0E-13-01-E0 [CMD_SENT][REMOTE_GET_MODE]
[15:12:04:613][HID_TX_ack]00-19-50-49-01-C0-E6-6D-05-00-03-00-0E-93-00-50-49-0E-FB-00-00-00-00-02-00-E0-00-17-50-49-0E-CD-00-00-00-00-02-00-E0-00-00-03-00-11-BE-17-00-00-00-00-00-00-00-00-00-00-00-00-00-00-00-00-00-00-00
[15:12:04:613]50-49-01-C0-E6-6D-05-00-03-00-0E-93-00
[15:12:04:613]50-49-0E-FB-00-00-00-00-02-00-E0-00-
[15:12:04:613]REMOTE_GET_MODE=00
[15:12:04:613][HID_TX]00-80-07-5F-FE-50-41-06-14-01-00-63-00-00-00-00-00-00-00-00-00-00-00-00-00-00-00-00-00-00-00-00-00-00-00-00-00-00-00-00-00-00-00-00-00-00-00-00-00-00-00-00-00-00-00-00-00-00-00-00-00-00-00-00-00
[15:12:04:614]HidD_GetInputReport=True
[15:12:04:615]reply_report=00-4F-00-00-00-00-00-00-00-00-00-00-00-00-00-00-00-00-00-00-00-00-00-00-00-00-00-00-00-00-00-00-00-00-00-00-00-00-00-00-00-00-00-00-00-00-00-00-00-00-00-00-00-00-00-00-00-00-00-00-00-00-00-00-00
[15:12:04:615]50-41-06-14-01-00-63 [CMD_SENT][CMD_GET_IO_LEVEL]
[15:12:04:617][HID_TX_ack]00-12-50-49-01-C0-E9-6D-05-00-08-00-06-94-00-01-DD-FF-1F-00-00-00-00-02-00-E0-00-17-50-49-0E-CD-00-00-00-00-02-00-E0-00-00-03-00-11-BE-17-00-00-00-00-00-00-00-00-00-00-00-00-00-00-00-00-00-00-00
[15:12:04:617]50-49-01-C0-E9-6D-05-00-08-00-06-94-00-01-DD-FF-1F-00
[15:12:04:843][HID_TX]00-80-06-B3-4D-50-41-0E-15-01-E0-00-00-00-00-00-00-00-00-00-00-00-00-00-00-00-00-00-00-00-00-00-00-00-00-00-00-00-00-00-00-00-00-00-00-00-00-00-00-00-00-00-00-00-00-00-00-00-00-00-00-00-00-00-00
[15:12:04:845]HidD_GetInputReport=True
[15:12:04:845]reply_report=00-4F-00-00-00-00-00-00-00-00-00-00-00-00-00-00-00-00-00-00-00-00-00-00-00-00-00-00-00-00-00-00-00-00-00-00-00-00-00-00-00-00-00-00-00-00-00-00-00-00-00-00-00-00-00-00-00-00-00-00-00-00-00-00-00
[15:12:04:845]50-41-0E-15-01-E0 [CMD_SENT][REMOTE_GET_MODE]
[15:12:04:847][HID_TX_ack]00-19-50-49-01-C0-A1-6E-05-00-03-00-0E-95-00-50-49-0E-FC-00-00-00-00-02-00-E0-00-17-50-49-0E-CD-00-00-00-00-02-00-E0-00-00-03-00-11-BE-17-00-00-00-00-00-00-00-00-00-00-00-00-00-00-00-00-00-00-00
[15:12:04:847]50-49-01-C0-A1-6E-05-00-03-00-0E-95-00
[15:12:04:847]50-49-0E-FC-00-00-00-00-02-00-E0-00-
[15:12:04:847]REMOTE_GET_MODE=00
[15:12:04:847][HID_TX]00-80-07-B4-D1-50-41-06-16-01-00-63-00-00-00-00-00-00-00-00-00-00-00-00-00-00-00-00-00-00-00-00-00-00-00-00-00-00-00-00-00-00-00-00-00-00-00-00-00-00-00-00-00-00-00-00-00-00-00-00-00-00-00-00-00
[15:12:04:849]HidD_GetInputReport=True
[15:12:04:849]reply_report=00-4F-00-00-00-00-00-00-00-00-00-00-00-00-00-00-00-00-00-00-00-00-00-00-00-00-00-00-00-00-00-00-00-00-00-00-00-00-00-00-00-00-00-00-00-00-00-00-00-00-00-00-00-00-00-00-00-00-00-00-00-00-00-00-00
[15:12:04:849]50-41-06-16-01-00-63 [CMD_SENT][CMD_GET_IO_LEVEL]
[15:12:04:851][HID_TX_ack]00-12-50-49-01-C0-A5-6E-05-00-08-00-06-96-00-01-DD-FF-1F-00-00-00-00-02-00-E0-00-17-50-49-0E-CD-00-00-00-00-02-00-E0-00-00-03-00-11-BE-17-00-00-00-00-00-00-00-00-00-00-00-00-00-00-00-00-00-00-00
[15:12:04:851]50-49-01-C0-A5-6E-05-00-08-00-06-96-00-01-DD-FF-1F-00
[15:12:05:075][HID_TX]00-80-06-58-62-50-41-0E-17-01-E0-00-00-00-00-00-00-00-00-00-00-00-00-00-00-00-00-00-00-00-00-00-00-00-00-00-00-00-00-00-00-00-00-00-00-00-00-00-00-00-00-00-00-00-00-00-00-00-00-00-00-00-00-00-00
[15:12:05:077]HidD_GetInputReport=True
[15:12:05:077]reply_report=00-4F-00-00-00-00-00-00-00-00-00-00-00-00-00-00-00-00-00-00-00-00-00-00-00-00-00-00-00-00-00-00-00-00-00-00-00-00-00-00-00-00-00-00-00-00-00-00-00-00-00-00-00-00-00-00-00-00-00-00-00-00-00-00-00
[15:12:05:077]50-41-0E-17-01-E0 [CMD_SENT][REMOTE_GET_MODE]
[15:12:05:080][HID_TX_ack]00-19-50-49-01-C0-5B-6F-05-00-03-00-0E-97-00-50-49-0E-FD-00-00-00-00-02-00-E0-00-17-50-49-0E-CD-00-00-00-00-02-00-E0-00-00-03-00-11-BE-17-00-00-00-00-00-00-00-00-00-00-00-00-00-00-00-00-00-00-00
[15:12:05:080]50-49-01-C0-5B-6F-05-00-03-00-0E-97-00
[15:12:05:080]50-49-0E-FD-00-00-00-00-02-00-E0-00-
[15:12:05:080]REMOTE_GET_MODE=00
[15:12:05:080][HID_TX]00-80-07-25-1E-50-41-06-18-01-00-63-00-00-00-00-00-00-00-00-00-00-00-00-00-00-00-00-00-00-00-00-00-00-00-00-00-00-00-00-00-00-00-00-00-00-00-00-00-00-00-00-00-00-00-00-00-00-00-00-00-00-00-00-00
[15:12:05:082]HidD_GetInputReport=True
[15:12:05:082]reply_report=00-4F-00-00-00-00-00-00-00-00-00-00-00-00-00-00-00-00-00-00-00-00-00-00-00-00-00-00-00-00-00-00-00-00-00-00-00-00-00-00-00-00-00-00-00-00-00-00-00-00-00-00-00-00-00-00-00-00-00-00-00-00-00-00-00
[15:12:05:082]50-41-06-18-01-00-63 [CMD_SENT][CMD_GET_IO_LEVEL]
[15:12:05:085][HID_TX_ack]00-12-50-49-01-C0-5F-6F-05-00-08-00-06-98-00-01-DD-FF-1F-00-00-00-00-02-00-E0-00-17-50-49-0E-CD-00-00-00-00-02-00-E0-00-00-03-00-11-BE-17-00-00-00-00-00-00-00-00-00-00-00-00-00-00-00-00-00-00-00
[15:12:05:085]50-49-01-C0-5F-6F-05-00-08-00-06-98-00-01-DD-FF-1F-00
[15:12:05:302][HID_TX_ack]00-0D-50-49-11-FE-0B-70-05-00-03-00-20-EA-00-01-DD-FF-1F-00-00-00-00-02-00-E0-00-17-50-49-0E-CD-00-00-00-00-02-00-E0-00-00-03-00-11-BE-17-00-00-00-00-00-00-00-00-00-00-00-00-00-00-00-00-00-00-00
[15:12:05:302]50-49-11-FE-0B-70-05-00-03-00-20-EA-00
[15:12:05:308][HID_TX]00-80-06-C9-AD-50-41-0E-19-01-E0-00-00-00-00-00-00-00-00-00-00-00-00-00-00-00-00-00-00-00-00-00-00-00-00-00-00-00-00-00-00-00-00-00-00-00-00-00-00-00-00-00-00-00-00-00-00-00-00-00-00-00-00-00-00
[15:12:05:309]HidD_GetInputReport=True
[15:12:05:309]reply_report=00-4F-00-00-00-00-00-00-00-00-00-00-00-00-00-00-00-00-00-00-00-00-00-00-00-00-00-00-00-00-00-00-00-00-00-00-00-00-00-00-00-00-00-00-00-00-00-00-00-00-00-00-00-00-00-00-00-00-00-00-00-00-00-00-00
[15:12:05:309]50-41-0E-19-01-E0 [CMD_SENT][REMOTE_GET_MODE]
[15:12:05:311][HID_TX_ack]00-1A-50-49-01-C0-14-70-05-00-03-00-11-D3-18-50-49-01-C0-15-70-05-00-03-00-11-D4-17-50-49-0E-CD-00-00-00-00-02-00-E0-00-00-03-00-11-BE-17-00-00-00-00-00-00-00-00-00-00-00-00-00-00-00-00-00-00-00
[15:12:05:311]50-49-01-C0-14-70-05-00-03-00-11-D3-18
[15:12:05:311]50-49-01-C0-15-70-05-00-03-00-11-D4-17
[15:12:05:314][HID_TX_ack]00-0D-50-49-11-FF-16-70-05-00-03-00-20-00-00-50-49-01-C0-15-70-05-00-03-00-11-D4-17-50-49-0E-CD-00-00-00-00-02-00-E0-00-00-03-00-11-BE-17-00-00-00-00-00-00-00-00-00-00-00-00-00-00-00-00-00-00-00
[15:12:05:314]50-49-11-FF-16-70-05-00-03-00-20-00-00
[15:12:05:332][HID_TX_ack]00-19-50-49-01-C0-24-70-05-00-03-00-0E-99-00-50-49-0E-C0-00-00-00-00-02-00-E0-00-17-50-49-0E-CD-00-00-00-00-02-00-E0-00-00-03-00-11-BE-17-00-00-00-00-00-00-00-00-00-00-00-00-00-00-00-00-00-00-00
[15:12:05:332]50-49-01-C0-24-70-05-00-03-00-0E-99-00
[15:12:05:332]50-49-0E-C0-00-00-00-00-02-00-E0-00-
[15:12:05:332]REMOTE_GET_MODE=00
[15:12:05:332][HID_TX]00-80-07-CE-31-50-41-06-1A-01-00-63-00-00-00-00-00-00-00-00-00-00-00-00-00-00-00-00-00-00-00-00-00-00-00-00-00-00-00-00-00-00-00-00-00-00-00-00-00-00-00-00-00-00-00-00-00-00-00-00-00-00-00-00-00
[15:12:05:334]HidD_GetInputReport=True
[15:12:05:334]reply_report=00-4F-00-00-00-00-00-00-00-00-00-00-00-00-00-00-00-00-00-00-00-00-00-00-00-00-00-00-00-00-00-00-00-00-00-00-00-00-00-00-00-00-00-00-00-00-00-00-00-00-00-00-00-00-00-00-00-00-00-00-00-00-00-00-00
[15:12:05:334]50-41-06-1A-01-00-63 [CMD_SENT][CMD_GET_IO_LEVEL]
[15:12:05:337][HID_TX_ack]00-12-50-49-01-C0-29-70-05-00-08-00-06-9A-00-01-DD-FF-1F-00-00-00-00-02-00-E0-00-17-50-49-0E-CD-00-00-00-00-02-00-E0-00-00-03-00-11-BE-17-00-00-00-00-00-00-00-00-00-00-00-00-00-00-00-00-00-00-00
[15:12:05:337]50-49-01-C0-29-70-05-00-08-00-06-9A-00-01-DD-FF-1F-00
[15:12:05:556][HID_TX]00-80-06-22-82-50-41-0E-1B-01-E0-00-00-00-00-00-00-00-00-00-00-00-00-00-00-00-00-00-00-00-00-00-00-00-00-00-00-00-00-00-00-00-00-00-00-00-00-00-00-00-00-00-00-00-00-00-00-00-00-00-00-00-00-00-00
[15:12:05:558]HidD_GetInputReport=True
[15:12:05:558]reply_report=00-4F-00-00-00-00-00-00-00-00-00-00-00-00-00-00-00-00-00-00-00-00-00-00-00-00-00-00-00-00-00-00-00-00-00-00-00-00-00-00-00-00-00-00-00-00-00-00-00-00-00-00-00-00-00-00-00-00-00-00-00-00-00-00-00
[15:12:05:558]50-41-0E-1B-01-E0 [CMD_SENT][REMOTE_GET_MODE]
[15:12:05:561][HID_TX_ack]00-19-50-49-01-C0-DC-70-05-00-03-00-0E-9B-00-50-49-0E-C1-00-00-00-00-02-00-E0-00-17-50-49-0E-CD-00-00-00-00-02-00-E0-00-00-03-00-11-BE-17-00-00-00-00-00-00-00-00-00-00-00-00-00-00-00-00-00-00-00
[15:12:05:561]50-49-01-C0-DC-70-05-00-03-00-0E-9B-00
[15:12:05:561]50-49-0E-C1-00-00-00-00-02-00-E0-00-
[15:12:05:561]REMOTE_GET_MODE=00
[15:12:05:561][HID_TX]00-80-07-F3-41-50-41-06-1C-01-00-63-00-00-00-00-00-00-00-00-00-00-00-00-00-00-00-00-00-00-00-00-00-00-00-00-00-00-00-00-00-00-00-00-00-00-00-00-00-00-00-00-00-00-00-00-00-00-00-00-00-00-00-00-00
[15:12:05:562]HidD_GetInputReport=True
[15:12:05:562]reply_report=00-4F-00-00-00-00-00-00-00-00-00-00-00-00-00-00-00-00-00-00-00-00-00-00-00-00-00-00-00-00-00-00-00-00-00-00-00-00-00-00-00-00-00-00-00-00-00-00-00-00-00-00-00-00-00-00-00-00-00-00-00-00-00-00-00
[15:12:05:562]50-41-06-1C-01-00-63 [CMD_SENT][CMD_GET_IO_LEVEL]
[15:12:05:565][HID_TX_ack]00-12-50-49-01-C0-DF-70-05-00-08-00-06-9C-00-01-DD-FF-1F-00-00-00-00-02-00-E0-00-17-50-49-0E-CD-00-00-00-00-02-00-E0-00-00-03-00-11-BE-17-00-00-00-00-00-00-00-00-00-00-00-00-00-00-00-00-00-00-00
[15:12:05:565]50-49-01-C0-DF-70-05-00-08-00-06-9C-00-01-DD-FF-1F-00
[15:12:05:791][HID_TX]00-80-06-1F-F2-50-41-0E-1D-01-E0-00-00-00-00-00-00-00-00-00-00-00-00-00-00-00-00-00-00-00-00-00-00-00-00-00-00-00-00-00-00-00-00-00-00-00-00-00-00-00-00-00-00-00-00-00-00-00-00-00-00-00-00-00-00
[15:12:05:792]HidD_GetInputReport=True
[15:12:05:792]reply_report=00-4F-00-00-00-00-00-00-00-00-00-00-00-00-00-00-00-00-00-00-00-00-00-00-00-00-00-00-00-00-00-00-00-00-00-00-00-00-00-00-00-00-00-00-00-00-00-00-00-00-00-00-00-00-00-00-00-00-00-00-00-00-00-00-00
[15:12:05:792]50-41-0E-1D-01-E0 [CMD_SENT][REMOTE_GET_MODE]
[15:12:05:795][HID_TX_ack]00-19-50-49-01-C0-97-71-05-00-03-00-0E-9D-00-50-49-0E-C2-00-00-00-00-02-00-E0-00-17-50-49-0E-CD-00-00-00-00-02-00-E0-00-00-03-00-11-BE-17-00-00-00-00-00-00-00-00-00-00-00-00-00-00-00-00-00-00-00
[15:12:05:795]50-49-01-C0-97-71-05-00-03-00-0E-9D-00
[15:12:05:795]50-49-0E-C2-00-00-00-00-02-00-E0-00-
[15:12:05:795]REMOTE_GET_MODE=00
[15:12:05:795][HID_TX]00-80-07-18-6E-50-41-06-1E-01-00-63-00-00-00-00-00-00-00-00-00-00-00-00-00-00-00-00-00-00-00-00-00-00-00-00-00-00-00-00-00-00-00-00-00-00-00-00-00-00-00-00-00-00-00-00-00-00-00-00-00-00-00-00-00
[15:12:05:797]HidD_GetInputReport=True
[15:12:05:797]reply_report=00-4F-00-00-00-00-00-00-00-00-00-00-00-00-00-00-00-00-00-00-00-00-00-00-00-00-00-00-00-00-00-00-00-00-00-00-00-00-00-00-00-00-00-00-00-00-00-00-00-00-00-00-00-00-00-00-00-00-00-00-00-00-00-00-00
[15:12:05:797]50-41-06-1E-01-00-63 [CMD_SENT][CMD_GET_IO_LEVEL]
[15:12:05:800][HID_TX_ack]00-12-50-49-01-C0-9B-71-05-00-08-00-06-9E-00-01-DD-FF-1F-00-00-00-00-02-00-E0-00-17-50-49-0E-CD-00-00-00-00-02-00-E0-00-00-03-00-11-BE-17-00-00-00-00-00-00-00-00-00-00-00-00-00-00-00-00-00-00-00
[15:12:05:800]50-49-01-C0-9B-71-05-00-08-00-06-9E-00-01-DD-FF-1F-00
[15:12:06:024][HID_TX]00-80-06-F4-DD-50-41-0E-1F-01-E0-00-00-00-00-00-00-00-00-00-00-00-00-00-00-00-00-00-00-00-00-00-00-00-00-00-00-00-00-00-00-00-00-00-00-00-00-00-00-00-00-00-00-00-00-00-00-00-00-00-00-00-00-00-00
[15:12:06:026]HidD_GetInputReport=True
[15:12:06:026]reply_report=00-4F-00-00-00-00-00-00-00-00-00-00-00-00-00-00-00-00-00-00-00-00-00-00-00-00-00-00-00-00-00-00-00-00-00-00-00-00-00-00-00-00-00-00-00-00-00-00-00-00-00-00-00-00-00-00-00-00-00-00-00-00-00-00-00
[15:12:06:026]50-41-0E-1F-01-E0 [CMD_SENT][REMOTE_GET_MODE]
[15:12:06:028][HID_TX_ack]00-19-50-49-01-C0-52-72-05-00-03-00-0E-9F-00-50-49-0E-C3-00-00-00-00-02-00-E0-00-17-50-49-0E-CD-00-00-00-00-02-00-E0-00-00-03-00-11-BE-17-00-00-00-00-00-00-00-00-00-00-00-00-00-00-00-00-00-00-00
[15:12:06:029]50-49-01-C0-52-72-05-00-03-00-0E-9F-00
[15:12:06:029]50-49-0E-C3-00-00-00-00-02-00-E0-00-
[15:12:06:029]REMOTE_GET_MODE=00
[15:12:06:029][HID_TX]00-80-07-02-10-50-41-06-20-01-00-63-00-00-00-00-00-00-00-00-00-00-00-00-00-00-00-00-00-00-00-00-00-00-00-00-00-00-00-00-00-00-00-00-00-00-00-00-00-00-00-00-00-00-00-00-00-00-00-00-00-00-00-00-00
[15:12:06:031]HidD_GetInputReport=True
[15:12:06:031]reply_report=00-4F-00-00-00-00-00-00-00-00-00-00-00-00-00-00-00-00-00-00-00-00-00-00-00-00-00-00-00-00-00-00-00-00-00-00-00-00-00-00-00-00-00-00-00-00-00-00-00-00-00-00-00-00-00-00-00-00-00-00-00-00-00-00-00
[15:12:06:031]50-41-06-20-01-00-63 [CMD_SENT][CMD_GET_IO_LEVEL]
[15:12:06:033][HID_TX_ack]00-12-50-49-01-C0-56-72-05-00-08-00-06-A0-00-01-DD-FF-1F-00-00-00-00-02-00-E0-00-17-50-49-0E-CD-00-00-00-00-02-00-E0-00-00-03-00-11-BE-17-00-00-00-00-00-00-00-00-00-00-00-00-00-00-00-00-00-00-00
[15:12:06:034]50-49-01-C0-56-72-05-00-08-00-06-A0-00-01-DD-FF-1F-00
[15:12:06:258][HID_TX]00-80-06-EE-A3-50-41-0E-21-01-E0-00-00-00-00-00-00-00-00-00-00-00-00-00-00-00-00-00-00-00-00-00-00-00-00-00-00-00-00-00-00-00-00-00-00-00-00-00-00-00-00-00-00-00-00-00-00-00-00-00-00-00-00-00-00
[15:12:06:259]HidD_GetInputReport=True
[15:12:06:259]reply_report=00-4F-00-00-00-00-00-00-00-00-00-00-00-00-00-00-00-00-00-00-00-00-00-00-00-00-00-00-00-00-00-00-00-00-00-00-00-00-00-00-00-00-00-00-00-00-00-00-00-00-00-00-00-00-00-00-00-00-00-00-00-00-00-00-00
[15:12:06:259]50-41-0E-21-01-E0 [CMD_SENT][REMOTE_GET_MODE]
[15:12:06:262][HID_TX_ack]00-19-50-49-01-C0-0D-73-05-00-03-00-0E-A1-00-50-49-0E-C4-00-00-00-00-02-00-E0-00-17-50-49-0E-CD-00-00-00-00-02-00-E0-00-00-03-00-11-BE-17-00-00-00-00-00-00-00-00-00-00-00-00-00-00-00-00-00-00-00
[15:12:06:262]50-49-01-C0-0D-73-05-00-03-00-0E-A1-00
[15:12:06:262]50-49-0E-C4-00-00-00-00-02-00-E0-00-
[15:12:06:262]REMOTE_GET_MODE=00
[15:12:06:262][HID_TX]00-80-07-E9-3F-50-41-06-22-01-00-63-00-00-00-00-00-00-00-00-00-00-00-00-00-00-00-00-00-00-00-00-00-00-00-00-00-00-00-00-00-00-00-00-00-00-00-00-00-00-00-00-00-00-00-00-00-00-00-00-00-00-00-00-00
[15:12:06:264]HidD_GetInputReport=True
[15:12:06:264]reply_report=00-4F-00-00-00-00-00-00-00-00-00-00-00-00-00-00-00-00-00-00-00-00-00-00-00-00-00-00-00-00-00-00-00-00-00-00-00-00-00-00-00-00-00-00-00-00-00-00-00-00-00-00-00-00-00-00-00-00-00-00-00-00-00-00-00
[15:12:06:264]50-41-06-22-01-00-63 [CMD_SENT][CMD_GET_IO_LEVEL]
[15:12:06:267][HID_TX_ack]00-12-50-49-01-C0-11-73-05-00-08-00-06-A2-00-01-DD-FF-1F-00-00-00-00-02-00-E0-00-17-50-49-0E-CD-00-00-00-00-02-00-E0-00-00-03-00-11-BE-17-00-00-00-00-00-00-00-00-00-00-00-00-00-00-00-00-00-00-00
[15:12:06:267]50-49-01-C0-11-73-05-00-08-00-06-A2-00-01-DD-FF-1F-00
[15:12:06:491][HID_TX]00-80-06-05-8C-50-41-0E-23-01-E0-00-00-00-00-00-00-00-00-00-00-00-00-00-00-00-00-00-00-00-00-00-00-00-00-00-00-00-00-00-00-00-00-00-00-00-00-00-00-00-00-00-00-00-00-00-00-00-00-00-00-00-00-00-00
[15:12:06:493]HidD_GetInputReport=True
[15:12:06:493]reply_report=00-4F-00-00-00-00-00-00-00-00-00-00-00-00-00-00-00-00-00-00-00-00-00-00-00-00-00-00-00-00-00-00-00-00-00-00-00-00-00-00-00-00-00-00-00-00-00-00-00-00-00-00-00-00-00-00-00-00-00-00-00-00-00-00-00
[15:12:06:493]50-41-0E-23-01-E0 [CMD_SENT][REMOTE_GET_MODE]
[15:12:06:495][HID_TX_ack]00-19-50-49-01-C0-C8-73-05-00-03-00-0E-A3-00-50-49-0E-C5-00-00-00-00-02-00-E0-00-17-50-49-0E-CD-00-00-00-00-02-00-E0-00-00-03-00-11-BE-17-00-00-00-00-00-00-00-00-00-00-00-00-00-00-00-00-00-00-00
[15:12:06:496]50-49-01-C0-C8-73-05-00-03-00-0E-A3-00
[15:12:06:496]50-49-0E-C5-00-00-00-00-02-00-E0-00-
[15:12:06:496]REMOTE_GET_MODE=00
[15:12:06:496][HID_TX]00-80-07-D4-4F-50-41-06-24-01-00-63-00-00-00-00-00-00-00-00-00-00-00-00-00-00-00-00-00-00-00-00-00-00-00-00-00-00-00-00-00-00-00-00-00-00-00-00-00-00-00-00-00-00-00-00-00-00-00-00-00-00-00-00-00
[15:12:06:498]HidD_GetInputReport=True
[15:12:06:498]reply_report=00-4F-00-00-00-00-00-00-00-00-00-00-00-00-00-00-00-00-00-00-00-00-00-00-00-00-00-00-00-00-00-00-00-00-00-00-00-00-00-00-00-00-00-00-00-00-00-00-00-00-00-00-00-00-00-00-00-00-00-00-00-00-00-00-00
[15:12:06:498]50-41-06-24-01-00-63 [CMD_SENT][CMD_GET_IO_LEVEL]
[15:12:06:501][HID_TX_ack]00-12-50-49-01-C0-CC-73-05-00-08-00-06-A4-00-01-DD-FF-1F-00-00-00-00-02-00-E0-00-17-50-49-0E-CD-00-00-00-00-02-00-E0-00-00-03-00-11-BE-17-00-00-00-00-00-00-00-00-00-00-00-00-00-00-00-00-00-00-00
[15:12:06:501]50-49-01-C0-CC-73-05-00-08-00-06-A4-00-01-DD-FF-1F-00
[15:12:06:725][HID_TX]00-80-06-38-FC-50-41-0E-25-01-E0-00-00-00-00-00-00-00-00-00-00-00-00-00-00-00-00-00-00-00-00-00-00-00-00-00-00-00-00-00-00-00-00-00-00-00-00-00-00-00-00-00-00-00-00-00-00-00-00-00-00-00-00-00-00
[15:12:06:727]HidD_GetInputReport=True
[15:12:06:727]reply_report=00-4F-00-00-00-00-00-00-00-00-00-00-00-00-00-00-00-00-00-00-00-00-00-00-00-00-00-00-00-00-00-00-00-00-00-00-00-00-00-00-00-00-00-00-00-00-00-00-00-00-00-00-00-00-00-00-00-00-00-00-00-00-00-00-00
[15:12:06:728]50-41-0E-25-01-E0 [CMD_SENT][REMOTE_GET_MODE]
[15:12:06:730][HID_TX_ack]00-19-50-49-01-C0-83-74-05-00-03-00-0E-A5-00-50-49-0E-C6-00-00-00-00-02-00-E0-00-17-50-49-0E-CD-00-00-00-00-02-00-E0-00-00-03-00-11-BE-17-00-00-00-00-00-00-00-00-00-00-00-00-00-00-00-00-00-00-00
[15:12:06:730]50-49-01-C0-83-74-05-00-03-00-0E-A5-00
[15:12:06:730]50-49-0E-C6-00-00-00-00-02-00-E0-00-
[15:12:06:730]REMOTE_GET_MODE=00
[15:12:06:730][HID_TX]00-80-07-3F-60-50-41-06-26-01-00-63-00-00-00-00-00-00-00-00-00-00-00-00-00-00-00-00-00-00-00-00-00-00-00-00-00-00-00-00-00-00-00-00-00-00-00-00-00-00-00-00-00-00-00-00-00-00-00-00-00-00-00-00-00
[15:12:06:731]HidD_GetInputReport=True
[15:12:06:731]reply_report=00-4F-00-00-00-00-00-00-00-00-00-00-00-00-00-00-00-00-00-00-00-00-00-00-00-00-00-00-00-00-00-00-00-00-00-00-00-00-00-00-00-00-00-00-00-00-00-00-00-00-00-00-00-00-00-00-00-00-00-00-00-00-00-00-00
[15:12:06:731]50-41-06-26-01-00-63 [CMD_SENT][CMD_GET_IO_LEVEL]
[15:12:06:733][HID_TX_ack]00-12-50-49-01-C0-86-74-05-00-08-00-06-A6-00-01-DD-FF-1F-00-00-00-00-02-00-E0-00-17-50-49-0E-CD-00-00-00-00-02-00-E0-00-00-03-00-11-BE-17-00-00-00-00-00-00-00-00-00-00-00-00-00-00-00-00-00-00-00
[15:12:06:733]50-49-01-C0-86-74-05-00-08-00-06-A6-00-01-DD-FF-1F-00
[15:12:06:957][HID_TX]00-80-06-D3-D3-50-41-0E-27-01-E0-00-00-00-00-00-00-00-00-00-00-00-00-00-00-00-00-00-00-00-00-00-00-00-00-00-00-00-00-00-00-00-00-00-00-00-00-00-00-00-00-00-00-00-00-00-00-00-00-00-00-00-00-00-00
[15:12:06:958]HidD_GetInputReport=True
[15:12:06:958]reply_report=00-4F-00-00-00-00-00-00-00-00-00-00-00-00-00-00-00-00-00-00-00-00-00-00-00-00-00-00-00-00-00-00-00-00-00-00-00-00-00-00-00-00-00-00-00-00-00-00-00-00-00-00-00-00-00-00-00-00-00-00-00-00-00-00-00
[15:12:06:958]50-41-0E-27-01-E0 [CMD_SENT][REMOTE_GET_MODE]
[15:12:06:960][HID_TX_ack]00-19-50-49-01-C0-3C-75-05-00-03-00-0E-A7-00-50-49-0E-C7-00-00-00-00-02-00-E0-00-17-50-49-0E-CD-00-00-00-00-02-00-E0-00-00-03-00-11-BE-17-00-00-00-00-00-00-00-00-00-00-00-00-00-00-00-00-00-00-00
[15:12:06:961]50-49-01-C0-3C-75-05-00-03-00-0E-A7-00
[15:12:06:961]50-49-0E-C7-00-00-00-00-02-00-E0-00-
[15:12:06:961]REMOTE_GET_MODE=00
[15:12:06:961][HID_TX]00-80-07-AE-AF-50-41-06-28-01-00-63-00-00-00-00-00-00-00-00-00-00-00-00-00-00-00-00-00-00-00-00-00-00-00-00-00-00-00-00-00-00-00-00-00-00-00-00-00-00-00-00-00-00-00-00-00-00-00-00-00-00-00-00-00
[15:12:06:963]HidD_GetInputReport=True
[15:12:06:963]reply_report=00-4F-00-00-00-00-00-00-00-00-00-00-00-00-00-00-00-00-00-00-00-00-00-00-00-00-00-00-00-00-00-00-00-00-00-00-00-00-00-00-00-00-00-00-00-00-00-00-00-00-00-00-00-00-00-00-00-00-00-00-00-00-00-00-00
[15:12:06:963]50-41-06-28-01-00-63 [CMD_SENT][CMD_GET_IO_LEVEL]
[15:12:06:965][HID_TX_ack]00-12-50-49-01-C0-40-75-05-00-08-00-06-A8-00-01-DD-FF-1F-00-00-00-00-02-00-E0-00-17-50-49-0E-CD-00-00-00-00-02-00-E0-00-00-03-00-11-BE-17-00-00-00-00-00-00-00-00-00-00-00-00-00-00-00-00-00-00-00
[15:12:06:965]50-49-01-C0-40-75-05-00-08-00-06-A8-00-01-DD-FF-1F-00
[15:12:07:188][HID_TX]00-80-06-42-1C-50-41-0E-29-01-E0-00-00-00-00-00-00-00-00-00-00-00-00-00-00-00-00-00-00-00-00-00-00-00-00-00-00-00-00-00-00-00-00-00-00-00-00-00-00-00-00-00-00-00-00-00-00-00-00-00-00-00-00-00-00
[15:12:07:189]HidD_GetInputReport=True
[15:12:07:189]reply_report=00-4F-00-00-00-00-00-00-00-00-00-00-00-00-00-00-00-00-00-00-00-00-00-00-00-00-00-00-00-00-00-00-00-00-00-00-00-00-00-00-00-00-00-00-00-00-00-00-00-00-00-00-00-00-00-00-00-00-00-00-00-00-00-00-00
[15:12:07:189]50-41-0E-29-01-E0 [CMD_SENT][REMOTE_GET_MODE]
[15:12:07:192][HID_TX_ack]00-19-50-49-01-C0-F5-75-05-00-03-00-0E-A9-00-50-49-0E-C8-00-00-00-00-02-00-E0-00-17-50-49-0E-CD-00-00-00-00-02-00-E0-00-00-03-00-11-BE-17-00-00-00-00-00-00-00-00-00-00-00-00-00-00-00-00-00-00-00
[15:12:07:192]50-49-01-C0-F5-75-05-00-03-00-0E-A9-00
[15:12:07:192]50-49-0E-C8-00-00-00-00-02-00-E0-00-
[15:12:07:192]REMOTE_GET_MODE=00
[15:12:07:192][HID_TX]00-80-07-45-80-50-41-06-2A-01-00-63-00-00-00-00-00-00-00-00-00-00-00-00-00-00-00-00-00-00-00-00-00-00-00-00-00-00-00-00-00-00-00-00-00-00-00-00-00-00-00-00-00-00-00-00-00-00-00-00-00-00-00-00-00
[15:12:07:193]HidD_GetInputReport=True
[15:12:07:193]reply_report=00-4F-00-00-00-00-00-00-00-00-00-00-00-00-00-00-00-00-00-00-00-00-00-00-00-00-00-00-00-00-00-00-00-00-00-00-00-00-00-00-00-00-00-00-00-00-00-00-00-00-00-00-00-00-00-00-00-00-00-00-00-00-00-00-00
[15:12:07:193]50-41-06-2A-01-00-63 [CMD_SENT][CMD_GET_IO_LEVEL]
[15:12:07:196][HID_TX_ack]00-12-50-49-01-C0-F9-75-05-00-08-00-06-AA-00-01-DD-FF-1F-00-00-00-00-02-00-E0-00-17-50-49-0E-CD-00-00-00-00-02-00-E0-00-00-03-00-11-BE-17-00-00-00-00-00-00-00-00-00-00-00-00-00-00-00-00-00-00-00
[15:12:07:196]50-49-01-C0-F9-75-05-00-08-00-06-AA-00-01-DD-FF-1F-00
