[12:06:20:534]\\?\hid#dell09c2&col02#5&bc4dc33&0&0001#{4d1e55b2-f16f-11cf-88cb-001111000030}
[12:06:20:534]\\?\hid#dell09c2&col03#5&bc4dc33&0&0002#{4d1e55b2-f16f-11cf-88cb-001111000030}
[12:06:20:534]\\?\hid#intc816&col01#3&207f9b7f&0&0000#{4d1e55b2-f16f-11cf-88cb-001111000030}
[12:06:20:534]\\?\hid#intc816&col02#3&207f9b7f&0&0001#{4d1e55b2-f16f-11cf-88cb-001111000030}
[12:06:20:534]\\?\hid#converteddevice&col02#5&17bac0a6&0&0001#{4d1e55b2-f16f-11cf-88cb-001111000030}
[12:06:20:534]\\?\hid#converteddevice&col03#5&17bac0a6&0&0002#{4d1e55b2-f16f-11cf-88cb-001111000030}
[12:06:20:534]\\?\hid#dell09c2&col04#5&bc4dc33&0&0003#{4d1e55b2-f16f-11cf-88cb-001111000030}
[12:06:20:534]\\?\hid#{00001812-0000-1000-8000-00805f9b34fb}_dev_vid&0232c2_pid&0001_rev&0068_ccb624cd66b1#9&326e3aae&0&0000#{4d1e55b2-f16f-11cf-88cb-001111000030}
[12:06:20:535]\\?\hid#dell09c2&col05#5&bc4dc33&0&0004#{4d1e55b2-f16f-11cf-88cb-001111000030}
[12:06:20:535]\\?\hid#converteddevice&col01#5&17bac0a6&0&0000#{4d1e55b2-f16f-11cf-88cb-001111000030}\kbd
[12:06:20:535]\\?\hid#dell09c2&col01#5&bc4dc33&0&0000#{4d1e55b2-f16f-11cf-88cb-001111000030}
[12:06:20:535]\\?\hid#vid_046d&pid_0adf&mi_00#7&3ad8dff3&0&0000#{4d1e55b2-f16f-11cf-88cb-001111000030}
[12:06:20:535]\\?\hid#vid_046d&pid_0adf&mi_04#7&18e94d0e&0&0000#{4d1e55b2-f16f-11cf-88cb-001111000030}
[12:06:20:537]try_path=\\?\hid#vid_046d&pid_0adf&mi_00#7&3ad8dff3&0&0000#{4d1e55b2-f16f-11cf-88cb-001111000030}
[12:06:20:538]	InputReportByteLength=65
[12:06:20:538]	OutputReportByteLength=65
[12:06:20:539]HID_Connected=\\?\hid#vid_046d&pid_0adf&mi_00#7&3ad8dff3&0&0000#{4d1e55b2-f16f-11cf-88cb-001111000030}
[12:06:20:540][HID_TX]00-84-01-D1-55-01-00-00-00-00-00-00-00-00-00-00-00-00-00-00-00-00-00-00-00-00-00-00-00-00-00-00-00-00-00-00-00-00-00-00-00-00-00-00-00-00-00-00-00-00-00-00-00-00-00-00-00-00-00-00-00-00-00-00-00
[12:06:20:542]HidD_GetInputReport=True
[12:06:20:542]reply_report=00-4F-56-31-2E-38-2E-35-2E-31-00-00-00-00-00-00-00-00-00-00-00-00-00-00-00-00-00-00-00-00-00-00-00-00-00-00-00-00-00-00-00-00-00-00-00-00-00-00-00-00-00-00-00-00-00-00-00-00-00-00-00-00-00-00-00
[12:06:20:542][ys_tech] fw_version=V1.8.5.1
[12:06:20:542]ystech_Power_Saving, is_EnablePowerSaving=False
[12:06:20:543][HID_TX]00-85-01-83-8B-01-00-00-00-00-00-00-00-00-00-00-00-00-00-00-00-00-00-00-00-00-00-00-00-00-00-00-00-00-00-00-00-00-00-00-00-00-00-00-00-00-00-00-00-00-00-00-00-00-00-00-00-00-00-00-00-00-00-00-00
[12:06:20:544]HidD_GetInputReport=True
[12:06:20:544]reply_report=00-4F-00-00-00-00-00-00-00-00-00-00-00-00-00-00-00-00-00-00-00-00-00-00-00-00-00-00-00-00-00-00-00-00-00-00-00-00-00-00-00-00-00-00-00-00-00-00-00-00-00-00-00-00-00-00-00-00-00-00-00-00-00-00-00
[12:06:20:544]HID_CMD_POWER_SAVING_Disable
[12:06:20:544]path_connected=\\?\hid#vid_046d&pid_0adf&mi_00#7&3ad8dff3&0&0000#{4d1e55b2-f16f-11cf-88cb-001111000030}
[12:06:21:721][HID_TX]00-80-06-1C-7D-50-41-0E-01-01-E0-00-00-00-00-00-00-00-00-00-00-00-00-00-00-00-00-00-00-00-00-00-00-00-00-00-00-00-00-00-00-00-00-00-00-00-00-00-00-00-00-00-00-00-00-00-00-00-00-00-00-00-00-00-00
[12:06:21:722]HidD_GetInputReport=True
[12:06:21:722]reply_report=00-4F-00-00-00-00-00-00-00-00-00-00-00-00-00-00-00-00-00-00-00-00-00-00-00-00-00-00-00-00-00-00-00-00-00-00-00-00-00-00-00-00-00-00-00-00-00-00-00-00-00-00-00-00-00-00-00-00-00-00-00-00-00-00-00
[12:06:21:722]50-41-0E-01-01-E0 [CMD_SENT][REMOTE_GET_MODE]
[12:06:21:726][HID_TX_ack]00-19-50-49-01-C0-ED-70-01-00-03-00-0E-81-00-50-49-0E-F5-00-00-00-00-02-00-E0-01-17-32-00-00-00-00-00-00-00-00-00-00-00-00-00-00-00-00-00-00-00-00-00-00-00-00-00-00-00-00-00-00-00-00-00-00-00-00
[12:06:21:730]REMOTE_GET_MODE=01
[12:06:21:730]50-49-01-C0-ED-70-01-00-03-00-0E-81-00
[12:06:21:730]50-49-0E-F5-00-00-00-00-02-00-E0-01-
[12:06:21:731][HID_TX]00-80-07-1B-E1-50-41-06-02-01-00-63-00-00-00-00-00-00-00-00-00-00-00-00-00-00-00-00-00-00-00-00-00-00-00-00-00-00-00-00-00-00-00-00-00-00-00-00-00-00-00-00-00-00-00-00-00-00-00-00-00-00-00-00-00
[12:06:21:731]HidD_GetInputReport=True
[12:06:21:731]reply_report=00-4F-00-00-00-00-00-00-00-00-00-00-00-00-00-00-00-00-00-00-00-00-00-00-00-00-00-00-00-00-00-00-00-00-00-00-00-00-00-00-00-00-00-00-00-00-00-00-00-00-00-00-00-00-00-00-00-00-00-00-00-00-00-00-00
[12:06:21:731]50-41-06-02-01-00-63 [CMD_SENT][CMD_GET_IO_LEVEL]
[12:06:21:747][HID_TX_ack]00-12-50-49-01-F6-F1-B8-01-00-08-00-06-82-00-01-FF-FF-1F-00-00-00-00-02-00-E0-01-17-32-00-00-00-00-00-00-00-00-00-00-00-00-00-00-00-00-00-00-00-00-00-00-00-00-00-00-00-00-00-00-00-00-00-00-00-00
[12:06:21:747]50-49-01-F6-F1-B8-01-00-08-00-06-82-00-01-FF-FF-1F-00
[12:06:22:073][HID_TX]00-80-06-F7-52-50-41-0E-03-01-E0-00-00-00-00-00-00-00-00-00-00-00-00-00-00-00-00-00-00-00-00-00-00-00-00-00-00-00-00-00-00-00-00-00-00-00-00-00-00-00-00-00-00-00-00-00-00-00-00-00-00-00-00-00-00
[12:06:22:074]HidD_GetInputReport=True
[12:06:22:074]reply_report=00-4F-00-00-00-00-00-00-00-00-00-00-00-00-00-00-00-00-00-00-00-00-00-00-00-00-00-00-00-00-00-00-00-00-00-00-00-00-00-00-00-00-00-00-00-00-00-00-00-00-00-00-00-00-00-00-00-00-00-00-00-00-00-00-00
[12:06:22:074]50-41-0E-03-01-E0 [CMD_SENT][REMOTE_GET_MODE]
[12:06:22:077][HID_TX_ack]00-19-50-49-01-C0-07-72-01-00-03-00-0E-83-00-50-49-0E-F7-00-00-00-00-02-00-E0-01-17-32-00-00-00-00-00-00-00-00-00-00-00-00-00-00-00-00-00-00-00-00-00-00-00-00-00-00-00-00-00-00-00-00-00-00-00-00
[12:06:22:077]50-49-01-C0-07-72-01-00-03-00-0E-83-00
[12:06:22:077]50-49-0E-F7-00-00-00-00-02-00-E0-01-
[12:06:22:077]REMOTE_GET_MODE=01
[12:06:22:077][HID_TX]00-80-07-26-91-50-41-06-04-01-00-63-00-00-00-00-00-00-00-00-00-00-00-00-00-00-00-00-00-00-00-00-00-00-00-00-00-00-00-00-00-00-00-00-00-00-00-00-00-00-00-00-00-00-00-00-00-00-00-00-00-00-00-00-00
[12:06:22:078]HidD_GetInputReport=True
[12:06:22:078]reply_report=00-4F-00-00-00-00-00-00-00-00-00-00-00-00-00-00-00-00-00-00-00-00-00-00-00-00-00-00-00-00-00-00-00-00-00-00-00-00-00-00-00-00-00-00-00-00-00-00-00-00-00-00-00-00-00-00-00-00-00-00-00-00-00-00-00
[12:06:22:078]50-41-06-04-01-00-63 [CMD_SENT][CMD_GET_IO_LEVEL]
[12:06:22:112][HID_TX_ack]00-12-50-49-01-F8-13-BA-01-00-08-00-06-84-00-01-FF-FF-1F-00-00-00-00-02-00-E0-01-17-32-00-00-00-00-00-00-00-00-00-00-00-00-00-00-00-00-00-00-00-00-00-00-00-00-00-00-00-00-00-00-00-00-00-00-00-00
[12:06:22:112]50-49-01-F8-13-BA-01-00-08-00-06-84-00-01-FF-FF-1F-00
[12:06:22:431][HID_TX]00-80-06-CA-22-50-41-0E-05-01-E0-00-00-00-00-00-00-00-00-00-00-00-00-00-00-00-00-00-00-00-00-00-00-00-00-00-00-00-00-00-00-00-00-00-00-00-00-00-00-00-00-00-00-00-00-00-00-00-00-00-00-00-00-00-00
[12:06:22:432]HidD_GetInputReport=True
[12:06:22:432]reply_report=00-4F-00-00-00-00-00-00-00-00-00-00-00-00-00-00-00-00-00-00-00-00-00-00-00-00-00-00-00-00-00-00-00-00-00-00-00-00-00-00-00-00-00-00-00-00-00-00-00-00-00-00-00-00-00-00-00-00-00-00-00-00-00-00-00
[12:06:22:432]50-41-0E-05-01-E0 [CMD_SENT][REMOTE_GET_MODE]
[12:06:22:436][HID_TX_ack]00-19-50-49-01-C0-25-73-01-00-03-00-0E-85-00-50-49-0E-F9-00-00-00-00-02-00-E0-01-17-32-00-00-00-00-00-00-00-00-00-00-00-00-00-00-00-00-00-00-00-00-00-00-00-00-00-00-00-00-00-00-00-00-00-00-00-00
[12:06:22:436]50-49-01-C0-25-73-01-00-03-00-0E-85-00
[12:06:22:436]50-49-0E-F9-00-00-00-00-02-00-E0-01-
[12:06:22:436]REMOTE_GET_MODE=01
[12:06:22:436][HID_TX]00-80-07-CD-BE-50-41-06-06-01-00-63-00-00-00-00-00-00-00-00-00-00-00-00-00-00-00-00-00-00-00-00-00-00-00-00-00-00-00-00-00-00-00-00-00-00-00-00-00-00-00-00-00-00-00-00-00-00-00-00-00-00-00-00-00
[12:06:22:437]HidD_GetInputReport=True
[12:06:22:437]reply_report=00-4F-00-00-00-00-00-00-00-00-00-00-00-00-00-00-00-00-00-00-00-00-00-00-00-00-00-00-00-00-00-00-00-00-00-00-00-00-00-00-00-00-00-00-00-00-00-00-00-00-00-00-00-00-00-00-00-00-00-00-00-00-00-00-00
[12:06:22:437]50-41-06-06-01-00-63 [CMD_SENT][CMD_GET_IO_LEVEL]
[12:06:22:461][HID_TX_ack]00-12-50-49-01-FA-21-BB-01-00-08-00-06-86-00-01-FF-FF-1F-00-00-00-00-02-00-E0-01-17-32-00-00-00-00-00-00-00-00-00-00-00-00-00-00-00-00-00-00-00-00-00-00-00-00-00-00-00-00-00-00-00-00-00-00-00-00
[12:06:22:461]50-49-01-FA-21-BB-01-00-08-00-06-86-00-01-FF-FF-1F-00
[12:06:22:789][HID_TX]00-80-06-21-0D-50-41-0E-07-01-E0-00-00-00-00-00-00-00-00-00-00-00-00-00-00-00-00-00-00-00-00-00-00-00-00-00-00-00-00-00-00-00-00-00-00-00-00-00-00-00-00-00-00-00-00-00-00-00-00-00-00-00-00-00-00
[12:06:22:790]HidD_GetInputReport=True
[12:06:22:790]reply_report=00-4F-00-00-00-00-00-00-00-00-00-00-00-00-00-00-00-00-00-00-00-00-00-00-00-00-00-00-00-00-00-00-00-00-00-00-00-00-00-00-00-00-00-00-00-00-00-00-00-00-00-00-00-00-00-00-00-00-00-00-00-00-00-00-00
[12:06:22:790]50-41-0E-07-01-E0 [CMD_SENT][REMOTE_GET_MODE]
[12:06:22:798][HID_TX_ack]00-19-50-49-01-C0-44-74-01-00-03-00-0E-87-00-50-49-0E-FB-00-00-00-00-02-00-E0-01-17-32-00-00-00-00-00-00-00-00-00-00-00-00-00-00-00-00-00-00-00-00-00-00-00-00-00-00-00-00-00-00-00-00-00-00-00-00
[12:06:22:798]50-49-01-C0-44-74-01-00-03-00-0E-87-00
[12:06:22:798]50-49-0E-FB-00-00-00-00-02-00-E0-01-
[12:06:22:798]REMOTE_GET_MODE=01
[12:06:22:798][HID_TX]00-80-07-5C-71-50-41-06-08-01-00-63-00-00-00-00-00-00-00-00-00-00-00-00-00-00-00-00-00-00-00-00-00-00-00-00-00-00-00-00-00-00-00-00-00-00-00-00-00-00-00-00-00-00-00-00-00-00-00-00-00-00-00-00-00
[12:06:22:799]HidD_GetInputReport=True
[12:06:22:800]reply_report=00-4F-00-00-00-00-00-00-00-00-00-00-00-00-00-00-00-00-00-00-00-00-00-00-00-00-00-00-00-00-00-00-00-00-00-00-00-00-00-00-00-00-00-00-00-00-00-00-00-00-00-00-00-00-00-00-00-00-00-00-00-00-00-00-00
[12:06:22:800]50-41-06-08-01-00-63 [CMD_SENT][CMD_GET_IO_LEVEL]
[12:06:22:829][HID_TX_ack]00-12-50-49-01-FC-4D-BC-01-00-08-00-06-88-00-01-F7-FF-1F-00-00-00-00-02-00-E0-01-17-32-00-00-00-00-00-00-00-00-00-00-00-00-00-00-00-00-00-00-00-00-00-00-00-00-00-00-00-00-00-00-00-00-00-00-00-00
[12:06:22:829]50-49-01-FC-4D-BC-01-00-08-00-06-88-00-01-F7-FF-1F-00
[12:06:23:161][HID_TX]00-80-06-B0-C2-50-41-0E-09-01-E0-00-00-00-00-00-00-00-00-00-00-00-00-00-00-00-00-00-00-00-00-00-00-00-00-00-00-00-00-00-00-00-00-00-00-00-00-00-00-00-00-00-00-00-00-00-00-00-00-00-00-00-00-00-00
[12:06:23:162]HidD_GetInputReport=True
[12:06:23:162]reply_report=00-4F-00-00-00-00-00-00-00-00-00-00-00-00-00-00-00-00-00-00-00-00-00-00-00-00-00-00-00-00-00-00-00-00-00-00-00-00-00-00-00-00-00-00-00-00-00-00-00-00-00-00-00-00-00-00-00-00-00-00-00-00-00-00-00
[12:06:23:162]50-41-0E-09-01-E0 [CMD_SENT][REMOTE_GET_MODE]
[12:06:23:166][HID_TX_ack]00-19-50-49-01-C0-6D-75-01-00-03-00-0E-89-00-50-49-0E-FD-00-00-00-00-02-00-E0-01-17-32-00-00-00-00-00-00-00-00-00-00-00-00-00-00-00-00-00-00-00-00-00-00-00-00-00-00-00-00-00-00-00-00-00-00-00-00
[12:06:23:166]50-49-01-C0-6D-75-01-00-03-00-0E-89-00
[12:06:23:166]50-49-0E-FD-00-00-00-00-02-00-E0-01-
[12:06:23:166]REMOTE_GET_MODE=01
[12:06:23:166][HID_TX]00-80-07-B7-5E-50-41-06-0A-01-00-63-00-00-00-00-00-00-00-00-00-00-00-00-00-00-00-00-00-00-00-00-00-00-00-00-00-00-00-00-00-00-00-00-00-00-00-00-00-00-00-00-00-00-00-00-00-00-00-00-00-00-00-00-00
[12:06:23:169]HidD_GetInputReport=True
[12:06:23:169]reply_report=00-4F-00-00-00-00-00-00-00-00-00-00-00-00-00-00-00-00-00-00-00-00-00-00-00-00-00-00-00-00-00-00-00-00-00-00-00-00-00-00-00-00-00-00-00-00-00-00-00-00-00-00-00-00-00-00-00-00-00-00-00-00-00-00-00
[12:06:23:169]50-41-06-0A-01-00-63 [CMD_SENT][CMD_GET_IO_LEVEL]
[12:06:23:197][HID_TX_ack]00-12-50-49-01-FE-73-BD-01-00-08-00-06-8A-00-01-F7-FF-1F-00-00-00-00-02-00-E0-01-17-32-00-00-00-00-00-00-00-00-00-00-00-00-00-00-00-00-00-00-00-00-00-00-00-00-00-00-00-00-00-00-00-00-00-00-00-00
[12:06:23:197]50-49-01-FE-73-BD-01-00-08-00-06-8A-00-01-F7-FF-1F-00
[12:06:24:404][HID_TX]00-80-06-5B-ED-50-41-0E-0B-01-E0-00-00-00-00-00-00-00-00-00-00-00-00-00-00-00-00-00-00-00-00-00-00-00-00-00-00-00-00-00-00-00-00-00-00-00-00-00-00-00-00-00-00-00-00-00-00-00-00-00-00-00-00-00-00
[12:06:24:406]HidD_GetInputReport=True
[12:06:24:406]reply_report=00-4F-00-00-00-00-00-00-00-00-00-00-00-00-00-00-00-00-00-00-00-00-00-00-00-00-00-00-00-00-00-00-00-00-00-00-00-00-00-00-00-00-00-00-00-00-00-00-00-00-00-00-00-00-00-00-00-00-00-00-00-00-00-00-00
[12:06:24:408]50-41-0E-0B-01-E0 [CMD_SENT][REMOTE_GET_MODE]
[12:06:24:409][HID_TX_ack]00-19-50-49-01-C0-50-79-01-00-03-00-0E-8B-00-50-49-0E-FF-00-00-00-00-02-00-E0-01-17-32-00-00-00-00-00-00-00-00-00-00-00-00-00-00-00-00-00-00-00-00-00-00-00-00-00-00-00-00-00-00-00-00-00-00-00-00
[12:06:24:409]50-49-01-C0-50-79-01-00-03-00-0E-8B-00
[12:06:24:409]50-49-0E-FF-00-00-00-00-02-00-E0-01-
[12:06:24:409]REMOTE_GET_MODE=01
[12:06:24:409][HID_TX]00-80-07-8A-2E-50-41-06-0C-01-00-63-00-00-00-00-00-00-00-00-00-00-00-00-00-00-00-00-00-00-00-00-00-00-00-00-00-00-00-00-00-00-00-00-00-00-00-00-00-00-00-00-00-00-00-00-00-00-00-00-00-00-00-00-00
[12:06:24:410]HidD_GetInputReport=True
[12:06:24:410]reply_report=00-4F-00-00-00-00-00-00-00-00-00-00-00-00-00-00-00-00-00-00-00-00-00-00-00-00-00-00-00-00-00-00-00-00-00-00-00-00-00-00-00-00-00-00-00-00-00-00-00-00-00-00-00-00-00-00-00-00-00-00-00-00-00-00-00
[12:06:24:410]50-41-06-0C-01-00-63 [CMD_SENT][CMD_GET_IO_LEVEL]
[12:06:24:439][HID_TX_ack]00-12-50-49-01-C0-55-C1-01-00-08-00-06-8C-00-01-FF-FF-1F-00-00-00-00-02-00-E0-01-17-32-00-00-00-00-00-00-00-00-00-00-00-00-00-00-00-00-00-00-00-00-00-00-00-00-00-00-00-00-00-00-00-00-00-00-00-00
[12:06:24:439]50-49-01-C0-55-C1-01-00-08-00-06-8C-00-01-FF-FF-1F-00
[12:06:24:760][HID_TX]00-80-06-66-9D-50-41-0E-0D-01-E0-00-00-00-00-00-00-00-00-00-00-00-00-00-00-00-00-00-00-00-00-00-00-00-00-00-00-00-00-00-00-00-00-00-00-00-00-00-00-00-00-00-00-00-00-00-00-00-00-00-00-00-00-00-00
[12:06:24:761]HidD_GetInputReport=True
[12:06:24:761]reply_report=00-4F-00-00-00-00-00-00-00-00-00-00-00-00-00-00-00-00-00-00-00-00-00-00-00-00-00-00-00-00-00-00-00-00-00-00-00-00-00-00-00-00-00-00-00-00-00-00-00-00-00-00-00-00-00-00-00-00-00-00-00-00-00-00-00
[12:06:24:761]50-41-0E-0D-01-E0 [CMD_SENT][REMOTE_GET_MODE]
[12:06:24:765][HID_TX_ack]00-19-50-49-01-C0-6D-7A-01-00-03-00-0E-8D-00-50-49-0E-C1-00-00-00-00-02-00-E0-01-17-32-00-00-00-00-00-00-00-00-00-00-00-00-00-00-00-00-00-00-00-00-00-00-00-00-00-00-00-00-00-00-00-00-00-00-00-00
[12:06:24:765]50-49-01-C0-6D-7A-01-00-03-00-0E-8D-00
[12:06:24:765]50-49-0E-C1-00-00-00-00-02-00-E0-01-
[12:06:24:765]REMOTE_GET_MODE=01
[12:06:24:765][HID_TX]00-80-07-61-01-50-41-06-0E-01-00-63-00-00-00-00-00-00-00-00-00-00-00-00-00-00-00-00-00-00-00-00-00-00-00-00-00-00-00-00-00-00-00-00-00-00-00-00-00-00-00-00-00-00-00-00-00-00-00-00-00-00-00-00-00
[12:06:24:766]HidD_GetInputReport=True
[12:06:24:766]reply_report=00-4F-00-00-00-00-00-00-00-00-00-00-00-00-00-00-00-00-00-00-00-00-00-00-00-00-00-00-00-00-00-00-00-00-00-00-00-00-00-00-00-00-00-00-00-00-00-00-00-00-00-00-00-00-00-00-00-00-00-00-00-00-00-00-00
[12:06:24:766]50-41-06-0E-01-00-63 [CMD_SENT][CMD_GET_IO_LEVEL]
[12:06:24:797][HID_TX_ack]00-12-50-49-01-C2-67-C2-01-00-08-00-06-8E-00-01-FF-FF-1E-00-00-00-00-02-00-E0-01-17-32-00-00-00-00-00-00-00-00-00-00-00-00-00-00-00-00-00-00-00-00-00-00-00-00-00-00-00-00-00-00-00-00-00-00-00-00
[12:06:24:797]50-49-01-C2-67-C2-01-00-08-00-06-8E-00-01-FF-FF-1E-00
[12:06:25:116][HID_TX]00-80-06-8D-B2-50-41-0E-0F-01-E0-00-00-00-00-00-00-00-00-00-00-00-00-00-00-00-00-00-00-00-00-00-00-00-00-00-00-00-00-00-00-00-00-00-00-00-00-00-00-00-00-00-00-00-00-00-00-00-00-00-00-00-00-00-00
[12:06:25:117]HidD_GetInputReport=True
[12:06:25:117]reply_report=00-4F-00-00-00-00-00-00-00-00-00-00-00-00-00-00-00-00-00-00-00-00-00-00-00-00-00-00-00-00-00-00-00-00-00-00-00-00-00-00-00-00-00-00-00-00-00-00-00-00-00-00-00-00-00-00-00-00-00-00-00-00-00-00-00
[12:06:25:117]50-41-0E-0F-01-E0 [CMD_SENT][REMOTE_GET_MODE]
[12:06:25:120][HID_TX_ack]00-19-50-49-01-C0-89-7B-01-00-03-00-0E-8F-00-50-49-0E-C3-00-00-00-00-02-00-E0-01-17-32-00-00-00-00-00-00-00-00-00-00-00-00-00-00-00-00-00-00-00-00-00-00-00-00-00-00-00-00-00-00-00-00-00-00-00-00
[12:06:25:120]50-49-01-C0-89-7B-01-00-03-00-0E-8F-00
[12:06:25:120]50-49-0E-C3-00-00-00-00-02-00-E0-01-
[12:06:25:120]REMOTE_GET_MODE=01
[12:06:25:120][HID_TX]00-80-07-89-A1-50-41-06-10-01-00-63-00-00-00-00-00-00-00-00-00-00-00-00-00-00-00-00-00-00-00-00-00-00-00-00-00-00-00-00-00-00-00-00-00-00-00-00-00-00-00-00-00-00-00-00-00-00-00-00-00-00-00-00-00
[12:06:25:122]HidD_GetInputReport=True
[12:06:25:122]reply_report=00-4F-00-00-00-00-00-00-00-00-00-00-00-00-00-00-00-00-00-00-00-00-00-00-00-00-00-00-00-00-00-00-00-00-00-00-00-00-00-00-00-00-00-00-00-00-00-00-00-00-00-00-00-00-00-00-00-00-00-00-00-00-00-00-00
[12:06:25:122]50-41-06-10-01-00-63 [CMD_SENT][CMD_GET_IO_LEVEL]
[12:06:25:141][HID_TX_ack]00-12-50-49-01-C4-8C-C3-01-00-08-00-06-90-00-01-FF-FF-1E-00-00-00-00-02-00-E0-01-17-32-00-00-00-00-00-00-00-00-00-00-00-00-00-00-00-00-00-00-00-00-00-00-00-00-00-00-00-00-00-00-00-00-00-00-00-00
[12:06:25:141]50-49-01-C4-8C-C3-01-00-08-00-06-90-00-01-FF-FF-1E-00
[12:06:25:330][HID_TX_ack]00-0D-50-49-11-C5-2F-7C-01-00-03-00-20-EA-00-01-FF-FF-1E-00-00-00-00-02-00-E0-01-17-32-00-00-00-00-00-00-00-00-00-00-00-00-00-00-00-00-00-00-00-00-00-00-00-00-00-00-00-00-00-00-00-00-00-00-00-00
[12:06:25:330]50-49-11-C5-2F-7C-01-00-03-00-20-EA-00
[12:06:25:337][HID_TX_ack]00-1A-50-49-01-C0-36-7C-01-00-03-00-11-94-18-50-49-01-C0-37-7C-01-00-03-00-11-95-17-32-00-00-00-00-00-00-00-00-00-00-00-00-00-00-00-00-00-00-00-00-00-00-00-00-00-00-00-00-00-00-00-00-00-00-00-00
[12:06:25:337]50-49-01-C0-36-7C-01-00-03-00-11-94-18
[12:06:25:337]50-49-01-C0-37-7C-01-00-03-00-11-95-17
[12:06:25:340][HID_TX_ack]00-0D-50-49-11-C6-39-7C-01-00-03-00-20-00-00-50-49-01-C0-37-7C-01-00-03-00-11-95-17-32-00-00-00-00-00-00-00-00-00-00-00-00-00-00-00-00-00-00-00-00-00-00-00-00-00-00-00-00-00-00-00-00-00-00-00-00
[12:06:25:340]50-49-11-C6-39-7C-01-00-03-00-20-00-00
[12:06:26:403][HID_TX]00-80-06-65-12-50-41-0E-11-01-E0-00-00-00-00-00-00-00-00-00-00-00-00-00-00-00-00-00-00-00-00-00-00-00-00-00-00-00-00-00-00-00-00-00-00-00-00-00-00-00-00-00-00-00-00-00-00-00-00-00-00-00-00-00-00
[12:06:26:404]HidD_GetInputReport=True
[12:06:26:404]reply_report=00-4F-00-00-00-00-00-00-00-00-00-00-00-00-00-00-00-00-00-00-00-00-00-00-00-00-00-00-00-00-00-00-00-00-00-00-00-00-00-00-00-00-00-00-00-00-00-00-00-00-00-00-00-00-00-00-00-00-00-00-00-00-00-00-00
[12:06:26:404]50-41-0E-11-01-E0 [CMD_SENT][REMOTE_GET_MODE]
[12:06:26:407][HID_TX_ack]00-19-50-49-01-C0-8F-7F-01-00-03-00-0E-91-00-50-49-0E-C7-00-00-00-00-02-00-E0-01-17-32-00-00-00-00-00-00-00-00-00-00-00-00-00-00-00-00-00-00-00-00-00-00-00-00-00-00-00-00-00-00-00-00-00-00-00-00
[12:06:26:407]50-49-01-C0-8F-7F-01-00-03-00-0E-91-00
[12:06:26:407]50-49-0E-C7-00-00-00-00-02-00-E0-01-
[12:06:26:407]REMOTE_GET_MODE=01
[12:06:26:407][HID_TX]00-80-07-62-8E-50-41-06-12-01-00-63-00-00-00-00-00-00-00-00-00-00-00-00-00-00-00-00-00-00-00-00-00-00-00-00-00-00-00-00-00-00-00-00-00-00-00-00-00-00-00-00-00-00-00-00-00-00-00-00-00-00-00-00-00
[12:06:26:408]HidD_GetInputReport=True
[12:06:26:408]reply_report=00-4F-00-00-00-00-00-00-00-00-00-00-00-00-00-00-00-00-00-00-00-00-00-00-00-00-00-00-00-00-00-00-00-00-00-00-00-00-00-00-00-00-00-00-00-00-00-00-00-00-00-00-00-00-00-00-00-00-00-00-00-00-00-00-00
[12:06:26:408]50-41-06-12-01-00-63 [CMD_SENT][CMD_GET_IO_LEVEL]
[12:06:26:434][HID_TX_ack]00-12-50-49-01-C8-89-C7-01-00-08-00-06-92-00-01-FF-FF-1F-00-00-00-00-02-00-E0-01-17-32-00-00-00-00-00-00-00-00-00-00-00-00-00-00-00-00-00-00-00-00-00-00-00-00-00-00-00-00-00-00-00-00-00-00-00-00
[12:06:26:434]50-49-01-C8-89-C7-01-00-08-00-06-92-00-01-FF-FF-1F-00
[12:06:26:758][HID_TX]00-80-06-8E-3D-50-41-0E-13-01-E0-00-00-00-00-00-00-00-00-00-00-00-00-00-00-00-00-00-00-00-00-00-00-00-00-00-00-00-00-00-00-00-00-00-00-00-00-00-00-00-00-00-00-00-00-00-00-00-00-00-00-00-00-00-00
[12:06:26:759]HidD_GetInputReport=True
[12:06:26:759]reply_report=00-4F-00-00-00-00-00-00-00-00-00-00-00-00-00-00-00-00-00-00-00-00-00-00-00-00-00-00-00-00-00-00-00-00-00-00-00-00-00-00-00-00-00-00-00-00-00-00-00-00-00-00-00-00-00-00-00-00-00-00-00-00-00-00-00
[12:06:26:759]50-41-0E-13-01-E0 [CMD_SENT][REMOTE_GET_MODE]
[12:06:26:762][HID_TX_ack]00-19-50-49-01-C0-AB-80-01-00-03-00-0E-93-00-50-49-0E-C9-00-00-00-00-02-00-E0-01-17-32-00-00-00-00-00-00-00-00-00-00-00-00-00-00-00-00-00-00-00-00-00-00-00-00-00-00-00-00-00-00-00-00-00-00-00-00
[12:06:26:762]50-49-01-C0-AB-80-01-00-03-00-0E-93-00
[12:06:26:762]50-49-0E-C9-00-00-00-00-02-00-E0-01-
[12:06:26:762]REMOTE_GET_MODE=01
[12:06:26:762][HID_TX]00-80-07-5F-FE-50-41-06-14-01-00-63-00-00-00-00-00-00-00-00-00-00-00-00-00-00-00-00-00-00-00-00-00-00-00-00-00-00-00-00-00-00-00-00-00-00-00-00-00-00-00-00-00-00-00-00-00-00-00-00-00-00-00-00-00
[12:06:26:763]HidD_GetInputReport=True
[12:06:26:763]reply_report=00-4F-00-00-00-00-00-00-00-00-00-00-00-00-00-00-00-00-00-00-00-00-00-00-00-00-00-00-00-00-00-00-00-00-00-00-00-00-00-00-00-00-00-00-00-00-00-00-00-00-00-00-00-00-00-00-00-00-00-00-00-00-00-00-00
[12:06:26:763]50-41-06-14-01-00-63 [CMD_SENT][CMD_GET_IO_LEVEL]
[12:06:26:792][HID_TX_ack]00-12-50-49-01-CA-A4-C8-01-00-08-00-06-94-00-01-FF-FF-1D-00-00-00-00-02-00-E0-01-17-32-00-00-00-00-00-00-00-00-00-00-00-00-00-00-00-00-00-00-00-00-00-00-00-00-00-00-00-00-00-00-00-00-00-00-00-00
[12:06:26:792]50-49-01-CA-A4-C8-01-00-08-00-06-94-00-01-FF-FF-1D-00
[12:06:27:111][HID_TX]00-80-06-B3-4D-50-41-0E-15-01-E0-00-00-00-00-00-00-00-00-00-00-00-00-00-00-00-00-00-00-00-00-00-00-00-00-00-00-00-00-00-00-00-00-00-00-00-00-00-00-00-00-00-00-00-00-00-00-00-00-00-00-00-00-00-00
[12:06:27:113]HidD_GetInputReport=True
[12:06:27:113]reply_report=00-4F-00-00-00-00-00-00-00-00-00-00-00-00-00-00-00-00-00-00-00-00-00-00-00-00-00-00-00-00-00-00-00-00-00-00-00-00-00-00-00-00-00-00-00-00-00-00-00-00-00-00-00-00-00-00-00-00-00-00-00-00-00-00-00
[12:06:27:113]50-41-0E-15-01-E0 [CMD_SENT][REMOTE_GET_MODE]
[12:06:27:115][HID_TX_ack]00-19-50-49-01-C0-C5-81-01-00-03-00-0E-95-00-50-49-0E-CB-00-00-00-00-02-00-E0-01-17-32-00-00-00-00-00-00-00-00-00-00-00-00-00-00-00-00-00-00-00-00-00-00-00-00-00-00-00-00-00-00-00-00-00-00-00-00
[12:06:27:115]50-49-01-C0-C5-81-01-00-03-00-0E-95-00
[12:06:27:115]50-49-0E-CB-00-00-00-00-02-00-E0-01-
[12:06:27:115]REMOTE_GET_MODE=01
[12:06:27:115][HID_TX]00-80-07-B4-D1-50-41-06-16-01-00-63-00-00-00-00-00-00-00-00-00-00-00-00-00-00-00-00-00-00-00-00-00-00-00-00-00-00-00-00-00-00-00-00-00-00-00-00-00-00-00-00-00-00-00-00-00-00-00-00-00-00-00-00-00
[12:06:27:116]HidD_GetInputReport=True
[12:06:27:116]reply_report=00-4F-00-00-00-00-00-00-00-00-00-00-00-00-00-00-00-00-00-00-00-00-00-00-00-00-00-00-00-00-00-00-00-00-00-00-00-00-00-00-00-00-00-00-00-00-00-00-00-00-00-00-00-00-00-00-00-00-00-00-00-00-00-00-00
[12:06:27:116]50-41-06-16-01-00-63 [CMD_SENT][CMD_GET_IO_LEVEL]
[12:06:27:136][HID_TX_ack]00-12-50-49-01-CC-C8-C9-01-00-08-00-06-96-00-01-FF-FF-1D-00-00-00-00-02-00-E0-01-17-32-00-00-00-00-00-00-00-00-00-00-00-00-00-00-00-00-00-00-00-00-00-00-00-00-00-00-00-00-00-00-00-00-00-00-00-00
[12:06:27:136]50-49-01-CC-C8-C9-01-00-08-00-06-96-00-01-FF-FF-1D-00
[12:06:27:349][HID_TX_ack]00-0D-50-49-11-CD-7F-82-01-00-03-00-20-E9-00-01-FF-FF-1D-00-00-00-00-02-00-E0-01-17-32-00-00-00-00-00-00-00-00-00-00-00-00-00-00-00-00-00-00-00-00-00-00-00-00-00-00-00-00-00-00-00-00-00-00-00-00
[12:06:27:349]50-49-11-CD-7F-82-01-00-03-00-20-E9-00
[12:06:27:361][HID_TX_ack]00-1A-50-49-01-C0-89-82-01-00-03-00-11-96-18-50-49-01-C0-8A-82-01-00-03-00-11-97-17-32-00-00-00-00-00-00-00-00-00-00-00-00-00-00-00-00-00-00-00-00-00-00-00-00-00-00-00-00-00-00-00-00-00-00-00-00
[12:06:27:361]50-49-01-C0-89-82-01-00-03-00-11-96-18
[12:06:27:361]50-49-01-C0-8A-82-01-00-03-00-11-97-17
[12:06:27:364][HID_TX_ack]00-0D-50-49-11-CE-8B-82-01-00-03-00-20-00-00-50-49-01-C0-8A-82-01-00-03-00-11-97-17-32-00-00-00-00-00-00-00-00-00-00-00-00-00-00-00-00-00-00-00-00-00-00-00-00-00-00-00-00-00-00-00-00-00-00-00-00
[12:06:27:364]50-49-11-CE-8B-82-01-00-03-00-20-00-00
[12:06:28:225][HID_TX]00-80-07-D8-96-50-41-0E-17-02-E1-00-00-00-00-00-00-00-00-00-00-00-00-00-00-00-00-00-00-00-00-00-00-00-00-00-00-00-00-00-00-00-00-00-00-00-00-00-00-00-00-00-00-00-00-00-00-00-00-00-00-00-00-00-00
[12:06:28:227]HidD_GetInputReport=True
[12:06:28:227]reply_report=00-4F-00-00-00-00-00-00-00-00-00-00-00-00-00-00-00-00-00-00-00-00-00-00-00-00-00-00-00-00-00-00-00-00-00-00-00-00-00-00-00-00-00-00-00-00-00-00-00-00-00-00-00-00-00-00-00-00-00-00-00-00-00-00-00
[12:06:28:227]50-41-0E-17-02-E1-00 [CMD_SENT][REMOTE_SET_MODE] is_remote=False
[12:06:28:229][HID_TX_ack]00-0D-50-49-01-C0-41-85-01-00-03-00-0E-97-00-50-49-01-C0-8A-82-01-00-03-00-11-97-17-32-00-00-00-00-00-00-00-00-00-00-00-00-00-00-00-00-00-00-00-00-00-00-00-00-00-00-00-00-00-00-00-00-00-00-00-00
[12:06:28:229]50-49-01-C0-41-85-01-00-03-00-0E-97-00
[12:06:28:230]ystech_Power_Saving, is_EnablePowerSaving=True
[12:06:28:230][HID_TX]00-85-01-73-56-02-00-00-00-00-00-00-00-00-00-00-00-00-00-00-00-00-00-00-00-00-00-00-00-00-00-00-00-00-00-00-00-00-00-00-00-00-00-00-00-00-00-00-00-00-00-00-00-00-00-00-00-00-00-00-00-00-00-00-00
[12:06:28:231]HidD_GetInputReport=True
[12:06:28:231]reply_report=00-4F-00-00-00-00-00-00-00-00-00-00-00-00-00-00-00-00-00-00-00-00-00-00-00-00-00-00-00-00-00-00-00-00-00-00-00-00-00-00-00-00-00-00-00-00-00-00-00-00-00-00-00-00-00-00-00-00-00-00-00-00-00-00-00
[12:06:28:231]HID_CMD_POWER_SAVING_Enable
[12:06:28:231]close_hid_stream
[12:06:28:231]close_hid_handle
