[13:39:10:389]\\?\hid#dell09c2&col02#5&bc4dc33&0&0001#{4d1e55b2-f16f-11cf-88cb-001111000030}
[13:39:10:389]\\?\hid#dell09c2&col03#5&bc4dc33&0&0002#{4d1e55b2-f16f-11cf-88cb-001111000030}
[13:39:10:389]\\?\hid#intc816&col01#3&207f9b7f&0&0000#{4d1e55b2-f16f-11cf-88cb-001111000030}
[13:39:10:389]\\?\hid#vid_046d&pid_0adf&mi_04#7&2ad3f249&0&0000#{4d1e55b2-f16f-11cf-88cb-001111000030}
[13:39:10:389]\\?\hid#intc816&col02#3&207f9b7f&0&0001#{4d1e55b2-f16f-11cf-88cb-001111000030}
[13:39:10:389]\\?\hid#converteddevice&col02#5&17bac0a6&0&0001#{4d1e55b2-f16f-11cf-88cb-001111000030}
[13:39:10:389]\\?\hid#converteddevice&col03#5&17bac0a6&0&0002#{4d1e55b2-f16f-11cf-88cb-001111000030}
[13:39:10:389]\\?\hid#dell09c2&col04#5&bc4dc33&0&0003#{4d1e55b2-f16f-11cf-88cb-001111000030}
[13:39:10:390]\\?\hid#dell09c2&col05#5&bc4dc33&0&0004#{4d1e55b2-f16f-11cf-88cb-001111000030}
[13:39:10:390]\\?\hid#vid_046d&pid_0adf&mi_00#7&28ee3ab8&0&0000#{4d1e55b2-f16f-11cf-88cb-001111000030}
[13:39:10:390]\\?\hid#converteddevice&col01#5&17bac0a6&0&0000#{4d1e55b2-f16f-11cf-88cb-001111000030}\kbd
[13:39:10:390]\\?\hid#dell09c2&col01#5&bc4dc33&0&0000#{4d1e55b2-f16f-11cf-88cb-001111000030}
[13:39:10:390]\\?\hid#vid_413c&pid_301a#6&3b68e75b&0&0000#{4d1e55b2-f16f-11cf-88cb-001111000030}
[13:39:10:392]try_path=\\?\hid#vid_046d&pid_0adf&mi_04#7&2ad3f249&0&0000#{4d1e55b2-f16f-11cf-88cb-001111000030}
[13:39:10:404][invalid device][System.Exception]
[13:39:10:408]   at ..connect(String path)
[13:39:10:409]close_hid_handle
[13:39:10:412][connect HID device fail : invalid device][System.Exception]
[13:39:10:412]   at ..connect(String path)
   at ..(String  )
   at ..connect(UInt16 vid, UInt16 pid,  vt)
[13:39:10:412]try_path=\\?\hid#vid_046d&pid_0adf&mi_00#7&28ee3ab8&0&0000#{4d1e55b2-f16f-11cf-88cb-001111000030}
[13:39:10:413]	InputReportByteLength=65
[13:39:10:413]	OutputReportByteLength=65
[13:39:10:413]HID_Connected=\\?\hid#vid_046d&pid_0adf&mi_00#7&28ee3ab8&0&0000#{4d1e55b2-f16f-11cf-88cb-001111000030}
[13:39:10:414][HID_TX]00-84-01-D1-55-01-00-00-00-00-00-00-00-00-00-00-00-00-00-00-00-00-00-00-00-00-00-00-00-00-00-00-00-00-00-00-00-00-00-00-00-00-00-00-00-00-00-00-00-00-00-00-00-00-00-00-00-00-00-00-00-00-00-00-00
[13:39:10:416]HidD_GetInputReport=True
[13:39:10:416]reply_report=00-4F-56-31-2E-36-2E-31-00-00-00-00-00-00-00-00-00-00-00-00-00-00-00-00-00-00-00-00-00-00-00-00-00-00-00-00-00-00-00-00-00-00-00-00-00-00-00-00-00-00-00-00-00-00-00-00-00-00-00-00-00-00-00-00-00
[13:39:10:416][ys_tech] fw_version=V1.6.1
[13:39:10:417]ystech_Power_Saving, is_EnablePowerSaving=False
[13:39:10:417][HID_TX]00-85-01-83-8B-01-00-00-00-00-00-00-00-00-00-00-00-00-00-00-00-00-00-00-00-00-00-00-00-00-00-00-00-00-00-00-00-00-00-00-00-00-00-00-00-00-00-00-00-00-00-00-00-00-00-00-00-00-00-00-00-00-00-00-00
[13:39:10:418]HidD_GetInputReport=True
[13:39:10:418]reply_report=00-46-00-00-00-00-00-00-00-00-00-00-00-00-00-00-00-00-00-00-00-00-00-00-00-00-00-00-00-00-00-00-00-00-00-00-00-00-00-00-00-00-00-00-00-00-00-00-00-00-00-00-00-00-00-00-00-00-00-00-00-00-00-00-00
[13:39:10:423][Response Fail][System.Exception]
[13:39:10:423]   at ..(Boolean  )
   at ..(Byte  , Byte[]  )
[13:39:10:486]_ystech_retry_count=1
[13:39:10:486][HID_TX]00-85-01-83-8B-01-00-00-00-00-00-00-00-00-00-00-00-00-00-00-00-00-00-00-00-00-00-00-00-00-00-00-00-00-00-00-00-00-00-00-00-00-00-00-00-00-00-00-00-00-00-00-00-00-00-00-00-00-00-00-00-00-00-00-00
[13:39:10:487]HidD_GetInputReport=True
[13:39:10:487]reply_report=00-4F-00-00-00-00-00-00-00-00-00-00-00-00-00-00-00-00-00-00-00-00-00-00-00-00-00-00-00-00-00-00-00-00-00-00-00-00-00-00-00-00-00-00-00-00-00-00-00-00-00-00-00-00-00-00-00-00-00-00-00-00-00-00-00
[13:39:10:487]HID_CMD_POWER_SAVING_Disable
[13:39:10:487]path_connected=\\?\hid#vid_046d&pid_0adf&mi_00#7&28ee3ab8&0&0000#{4d1e55b2-f16f-11cf-88cb-001111000030}
[13:39:11:504][HID_TX]00-80-06-43-12-50-41-0E-01-01-E3-00-00-00-00-00-00-00-00-00-00-00-00-00-00-00-00-00-00-00-00-00-00-00-00-00-00-00-00-00-00-00-00-00-00-00-00-00-00-00-00-00-00-00-00-00-00-00-00-00-00-00-00-00-00
[13:39:11:505]HidD_GetInputReport=True
[13:39:11:505]reply_report=00-4F-00-00-00-00-00-00-00-00-00-00-00-00-00-00-00-00-00-00-00-00-00-00-00-00-00-00-00-00-00-00-00-00-00-00-00-00-00-00-00-00-00-00-00-00-00-00-00-00-00-00-00-00-00-00-00-00-00-00-00-00-00-00-00
[13:39:11:505]50-41-0E-01-01-E3 [CMD_SENT][REMOTE_GET_CONNECT_STATUS]
[13:39:11:510][HID_TX_ack]00-19-50-49-01-C0-AA-53-00-00-03-00-0E-81-00-50-49-0E-C4-00-00-00-00-02-00-E3-00-00-01-00-01-00-01-00-00-00-31-00-01-00-0C-00-00-00-00-00-00-00-00-00-00-00-00-00-00-00-00-00-00-00-00-00-00-00-00
[13:39:11:522]REMOTE_GET_CONNECT_STATUS=00
[13:39:11:523]50-49-01-C0-AA-53-00-00-03-00-0E-81-00
[13:39:11:523]50-49-0E-C4-00-00-00-00-02-00-E3-00-
[13:39:11:523][HID_TX]00-80-07-92-39-50-41-0E-02-02-E1-00-00-00-00-00-00-00-00-00-00-00-00-00-00-00-00-00-00-00-00-00-00-00-00-00-00-00-00-00-00-00-00-00-00-00-00-00-00-00-00-00-00-00-00-00-00-00-00-00-00-00-00-00-00
[13:39:11:524]HidD_GetInputReport=True
[13:39:11:524]reply_report=00-4F-00-00-00-00-00-00-00-00-00-00-00-00-00-00-00-00-00-00-00-00-00-00-00-00-00-00-00-00-00-00-00-00-00-00-00-00-00-00-00-00-00-00-00-00-00-00-00-00-00-00-00-00-00-00-00-00-00-00-00-00-00-00-00
[13:39:11:524]50-41-0E-02-02-E1-00 [CMD_SENT][REMOTE_SET_MODE] is_remote=False
[13:39:11:527][HID_TX_ack]00-0D-50-49-01-C0-AA-53-00-00-03-00-0E-82-00-50-49-0E-C4-00-00-00-00-02-00-E3-00-00-01-00-01-00-01-00-00-00-31-00-01-00-0C-00-00-00-00-00-00-00-00-00-00-00-00-00-00-00-00-00-00-00-00-00-00-00-00
[13:39:11:527]50-49-01-C0-AA-53-00-00-03-00-0E-82-00
[13:39:11:527][HID_TX]00-80-13-A8-D9-50-41-06-03-0D-00-25-34-12-5A-5A-01-00-00-00-F0-00-00-00-00-00-00-00-00-00-00-00-00-00-00-00-00-00-00-00-00-00-00-00-00-00-00-00-00-00-00-00-00-00-00-00-00-00-00-00-00-00-00-00-00
[13:39:11:528]HidD_GetInputReport=True
[13:39:11:528]reply_report=00-4F-00-00-00-00-00-00-00-00-00-00-00-00-00-00-00-00-00-00-00-00-00-00-00-00-00-00-00-00-00-00-00-00-00-00-00-00-00-00-00-00-00-00-00-00-00-00-00-00-00-00-00-00-00-00-00-00-00-00-00-00-00-00-00
[13:39:11:528]50-41-06-03-0D-00-25-34-12-5A-5A-01-00-00-00-F0-00-00-00 [CMD_SENT][OTA_CMD_IOCTL][READ_MAX_LEN]
[13:39:11:531][HID_TX_ack]00-11-50-49-01-C0-AA-53-00-00-07-00-06-83-00-F0-00-00-00-00-00-00-00-02-00-E3-00-00-01-00-01-00-01-00-00-00-31-00-01-00-0C-00-00-00-00-00-00-00-00-00-00-00-00-00-00-00-00-00-00-00-00-00-00-00-00
[13:39:11:531]50-49-01-C0-AA-53-00-00-07-00-06-83-00-F0-00-00-00
