[15:27:22:918]\\?\hid#dell09c2&col02#5&bc4dc33&0&0001#{4d1e55b2-f16f-11cf-88cb-001111000030}
[15:27:22:918]\\?\hid#dell09c2&col03#5&bc4dc33&0&0002#{4d1e55b2-f16f-11cf-88cb-001111000030}
[15:27:22:919]\\?\hid#intc816&col01#3&207f9b7f&0&0000#{4d1e55b2-f16f-11cf-88cb-001111000030}
[15:27:22:919]\\?\hid#intc816&col02#3&207f9b7f&0&0001#{4d1e55b2-f16f-11cf-88cb-001111000030}
[15:27:22:919]\\?\hid#converteddevice&col02#5&17bac0a6&0&0001#{4d1e55b2-f16f-11cf-88cb-001111000030}
[15:27:22:919]\\?\hid#converteddevice&col03#5&17bac0a6&0&0002#{4d1e55b2-f16f-11cf-88cb-001111000030}
[15:27:22:919]\\?\hid#dell09c2&col04#5&bc4dc33&0&0003#{4d1e55b2-f16f-11cf-88cb-001111000030}
[15:27:22:919]\\?\hid#{00001812-0000-1000-8000-00805f9b34fb}_dev_vid&0232c2_pid&0001_rev&0068_ccb624cd66b1#9&326e3aae&0&0000#{4d1e55b2-f16f-11cf-88cb-001111000030}
[15:27:22:919]\\?\hid#dell09c2&col05#5&bc4dc33&0&0004#{4d1e55b2-f16f-11cf-88cb-001111000030}
[15:27:22:919]\\?\hid#converteddevice&col01#5&17bac0a6&0&0000#{4d1e55b2-f16f-11cf-88cb-001111000030}\kbd
[15:27:22:919]\\?\hid#dell09c2&col01#5&bc4dc33&0&0000#{4d1e55b2-f16f-11cf-88cb-001111000030}
[15:27:22:919]\\?\hid#vid_046d&pid_0adf&mi_00#7&3ad8dff3&0&0000#{4d1e55b2-f16f-11cf-88cb-001111000030}
[15:27:22:919]\\?\hid#vid_046d&pid_0adf&mi_04#7&18e94d0e&0&0000#{4d1e55b2-f16f-11cf-88cb-001111000030}
[15:27:22:921]try_path=\\?\hid#vid_046d&pid_0adf&mi_00#7&3ad8dff3&0&0000#{4d1e55b2-f16f-11cf-88cb-001111000030}
[15:27:22:922]	InputReportByteLength=65
[15:27:22:922]	OutputReportByteLength=65
[15:27:22:923]HID_Connected=\\?\hid#vid_046d&pid_0adf&mi_00#7&3ad8dff3&0&0000#{4d1e55b2-f16f-11cf-88cb-001111000030}
[15:27:22:924][HID_TX]00-84-01-D1-55-01-00-00-00-00-00-00-00-00-00-00-00-00-00-00-00-00-00-00-00-00-00-00-00-00-00-00-00-00-00-00-00-00-00-00-00-00-00-00-00-00-00-00-00-00-00-00-00-00-00-00-00-00-00-00-00-00-00-00-00
[15:27:22:926]HidD_GetInputReport=True
[15:27:22:926]reply_report=00-4F-56-31-2E-38-2E-35-2E-31-00-00-00-00-00-00-00-00-00-00-00-00-00-00-00-00-00-00-00-00-00-00-00-00-00-00-00-00-00-00-00-00-00-00-00-00-00-00-00-00-00-00-00-00-00-00-00-00-00-00-00-00-00-00-00
[15:27:22:926][ys_tech] fw_version=V1.8.5.1
[15:27:22:926]ystech_Power_Saving, is_EnablePowerSaving=False
[15:27:22:926][HID_TX]00-85-01-83-8B-01-00-00-00-00-00-00-00-00-00-00-00-00-00-00-00-00-00-00-00-00-00-00-00-00-00-00-00-00-00-00-00-00-00-00-00-00-00-00-00-00-00-00-00-00-00-00-00-00-00-00-00-00-00-00-00-00-00-00-00
[15:27:22:927]HidD_GetInputReport=True
[15:27:22:927]reply_report=00-4F-00-00-00-00-00-00-00-00-00-00-00-00-00-00-00-00-00-00-00-00-00-00-00-00-00-00-00-00-00-00-00-00-00-00-00-00-00-00-00-00-00-00-00-00-00-00-00-00-00-00-00-00-00-00-00-00-00-00-00-00-00-00-00
[15:27:22:927]HID_CMD_POWER_SAVING_Disable
[15:27:22:927]path_connected=\\?\hid#vid_046d&pid_0adf&mi_00#7&3ad8dff3&0&0000#{4d1e55b2-f16f-11cf-88cb-001111000030}
[15:27:24:102][HID_TX]00-80-06-1C-7D-50-41-0E-01-01-E0-00-00-00-00-00-00-00-00-00-00-00-00-00-00-00-00-00-00-00-00-00-00-00-00-00-00-00-00-00-00-00-00-00-00-00-00-00-00-00-00-00-00-00-00-00-00-00-00-00-00-00-00-00-00
[15:27:24:103]HidD_GetInputReport=True
[15:27:24:103]reply_report=00-4F-00-00-00-00-00-00-00-00-00-00-00-00-00-00-00-00-00-00-00-00-00-00-00-00-00-00-00-00-00-00-00-00-00-00-00-00-00-00-00-00-00-00-00-00-00-00-00-00-00-00-00-00-00-00-00-00-00-00-00-00-00-00-00
[15:27:24:103]50-41-0E-01-01-E0 [CMD_SENT][REMOTE_GET_MODE]
[15:27:24:109][HID_TX_ack]00-19-50-49-01-C0-B5-6E-03-00-03-00-0E-81-00-50-49-0E-D2-00-00-00-00-02-00-E0-00-17-50-49-0E-EC-00-00-00-00-02-00-E0-00-00-00-00-00-00-00-00-00-00-00-00-00-00-00-00-00-00-00-00-00-00-00-00-00-00
[15:27:24:114]REMOTE_GET_MODE=00
[15:27:24:114]50-49-01-C0-B5-6E-03-00-03-00-0E-81-00
[15:27:24:114]50-49-0E-D2-00-00-00-00-02-00-E0-00-
[15:27:24:114][HID_TX]00-80-07-1B-E1-50-41-06-02-01-00-63-00-00-00-00-00-00-00-00-00-00-00-00-00-00-00-00-00-00-00-00-00-00-00-00-00-00-00-00-00-00-00-00-00-00-00-00-00-00-00-00-00-00-00-00-00-00-00-00-00-00-00-00-00
[15:27:24:115]HidD_GetInputReport=True
[15:27:24:115]reply_report=00-4F-00-00-00-00-00-00-00-00-00-00-00-00-00-00-00-00-00-00-00-00-00-00-00-00-00-00-00-00-00-00-00-00-00-00-00-00-00-00-00-00-00-00-00-00-00-00-00-00-00-00-00-00-00-00-00-00-00-00-00-00-00-00-00
[15:27:24:115]50-41-06-02-01-00-63 [CMD_SENT][CMD_GET_IO_LEVEL]
[15:27:24:117][HID_TX_ack]00-12-50-49-01-C0-BE-6E-03-00-08-00-06-82-00-01-D8-FF-1F-00-00-00-00-02-00-E0-00-17-50-49-0E-EC-00-00-00-00-02-00-E0-00-00-00-00-00-00-00-00-00-00-00-00-00-00-00-00-00-00-00-00-00-00-00-00-00-00
[15:27:24:117]50-49-01-C0-BE-6E-03-00-08-00-06-82-00-01-D8-FF-1F-00
[15:27:25:327][HID_TX]00-80-06-F7-52-50-41-0E-03-01-E0-00-00-00-00-00-00-00-00-00-00-00-00-00-00-00-00-00-00-00-00-00-00-00-00-00-00-00-00-00-00-00-00-00-00-00-00-00-00-00-00-00-00-00-00-00-00-00-00-00-00-00-00-00-00
[15:27:25:328]HidD_GetInputReport=True
[15:27:25:328]reply_report=00-4F-00-00-00-00-00-00-00-00-00-00-00-00-00-00-00-00-00-00-00-00-00-00-00-00-00-00-00-00-00-00-00-00-00-00-00-00-00-00-00-00-00-00-00-00-00-00-00-00-00-00-00-00-00-00-00-00-00-00-00-00-00-00-00
[15:27:25:328]50-41-0E-03-01-E0 [CMD_SENT][REMOTE_GET_MODE]
[15:27:25:330][HID_TX_ack]00-19-50-49-01-C0-88-72-03-00-03-00-0E-83-00-50-49-0E-D3-00-00-00-00-02-00-E0-00-17-50-49-0E-EC-00-00-00-00-02-00-E0-00-00-00-00-00-00-00-00-00-00-00-00-00-00-00-00-00-00-00-00-00-00-00-00-00-00
[15:27:25:330]50-49-01-C0-88-72-03-00-03-00-0E-83-00
[15:27:25:330]50-49-0E-D3-00-00-00-00-02-00-E0-00-
[15:27:25:330]REMOTE_GET_MODE=00
[15:27:25:331][HID_TX]00-80-07-26-91-50-41-06-04-01-00-63-00-00-00-00-00-00-00-00-00-00-00-00-00-00-00-00-00-00-00-00-00-00-00-00-00-00-00-00-00-00-00-00-00-00-00-00-00-00-00-00-00-00-00-00-00-00-00-00-00-00-00-00-00
[15:27:25:332]HidD_GetInputReport=True
[15:27:25:332]reply_report=00-4F-00-00-00-00-00-00-00-00-00-00-00-00-00-00-00-00-00-00-00-00-00-00-00-00-00-00-00-00-00-00-00-00-00-00-00-00-00-00-00-00-00-00-00-00-00-00-00-00-00-00-00-00-00-00-00-00-00-00-00-00-00-00-00
[15:27:25:332]50-41-06-04-01-00-63 [CMD_SENT][CMD_GET_IO_LEVEL]
[15:27:25:334][HID_TX_ack]00-12-50-49-01-C0-8C-72-03-00-08-00-06-84-00-01-D8-FF-1F-00-00-00-00-02-00-E0-00-17-50-49-0E-EC-00-00-00-00-02-00-E0-00-00-00-00-00-00-00-00-00-00-00-00-00-00-00-00-00-00-00-00-00-00-00-00-00-00
[15:27:25:334]50-49-01-C0-8C-72-03-00-08-00-06-84-00-01-D8-FF-1F-00
[15:27:25:559][HID_TX]00-80-06-CA-22-50-41-0E-05-01-E0-00-00-00-00-00-00-00-00-00-00-00-00-00-00-00-00-00-00-00-00-00-00-00-00-00-00-00-00-00-00-00-00-00-00-00-00-00-00-00-00-00-00-00-00-00-00-00-00-00-00-00-00-00-00
[15:27:25:560]HidD_GetInputReport=True
[15:27:25:560]reply_report=00-4F-00-00-00-00-00-00-00-00-00-00-00-00-00-00-00-00-00-00-00-00-00-00-00-00-00-00-00-00-00-00-00-00-00-00-00-00-00-00-00-00-00-00-00-00-00-00-00-00-00-00-00-00-00-00-00-00-00-00-00-00-00-00-00
[15:27:25:560]50-41-0E-05-01-E0 [CMD_SENT][REMOTE_GET_MODE]
[15:27:25:563][HID_TX_ack]00-19-50-49-01-C0-42-73-03-00-03-00-0E-85-00-50-49-0E-D4-00-00-00-00-02-00-E0-00-17-50-49-0E-EC-00-00-00-00-02-00-E0-00-00-00-00-00-00-00-00-00-00-00-00-00-00-00-00-00-00-00-00-00-00-00-00-00-00
[15:27:25:563]50-49-01-C0-42-73-03-00-03-00-0E-85-00
[15:27:25:563]50-49-0E-D4-00-00-00-00-02-00-E0-00-
[15:27:25:563]REMOTE_GET_MODE=00
[15:27:25:563][HID_TX]00-80-07-CD-BE-50-41-06-06-01-00-63-00-00-00-00-00-00-00-00-00-00-00-00-00-00-00-00-00-00-00-00-00-00-00-00-00-00-00-00-00-00-00-00-00-00-00-00-00-00-00-00-00-00-00-00-00-00-00-00-00-00-00-00-00
[15:27:25:564]HidD_GetInputReport=True
[15:27:25:564]reply_report=00-4F-00-00-00-00-00-00-00-00-00-00-00-00-00-00-00-00-00-00-00-00-00-00-00-00-00-00-00-00-00-00-00-00-00-00-00-00-00-00-00-00-00-00-00-00-00-00-00-00-00-00-00-00-00-00-00-00-00-00-00-00-00-00-00
[15:27:25:564]50-41-06-06-01-00-63 [CMD_SENT][CMD_GET_IO_LEVEL]
[15:27:25:567][HID_TX_ack]00-12-50-49-01-C0-45-73-03-00-08-00-06-86-00-01-D8-FF-1F-00-00-00-00-02-00-E0-00-17-50-49-0E-EC-00-00-00-00-02-00-E0-00-00-00-00-00-00-00-00-00-00-00-00-00-00-00-00-00-00-00-00-00-00-00-00-00-00
[15:27:25:567]50-49-01-C0-45-73-03-00-08-00-06-86-00-01-D8-FF-1F-00
[15:27:26:707][HID_TX]00-80-06-21-0D-50-41-0E-07-01-E0-00-00-00-00-00-00-00-00-00-00-00-00-00-00-00-00-00-00-00-00-00-00-00-00-00-00-00-00-00-00-00-00-00-00-00-00-00-00-00-00-00-00-00-00-00-00-00-00-00-00-00-00-00-00
[15:27:26:708]HidD_GetInputReport=True
[15:27:26:708]reply_report=00-4F-00-00-00-00-00-00-00-00-00-00-00-00-00-00-00-00-00-00-00-00-00-00-00-00-00-00-00-00-00-00-00-00-00-00-00-00-00-00-00-00-00-00-00-00-00-00-00-00-00-00-00-00-00-00-00-00-00-00-00-00-00-00-00
[15:27:26:708]50-41-0E-07-01-E0 [CMD_SENT][REMOTE_GET_MODE]
[15:27:26:710][HID_TX_ack]00-19-50-49-01-C0-D8-76-03-00-03-00-0E-87-00-50-49-0E-D5-00-00-00-00-02-00-E0-00-17-50-49-0E-EC-00-00-00-00-02-00-E0-00-00-00-00-00-00-00-00-00-00-00-00-00-00-00-00-00-00-00-00-00-00-00-00-00-00
[15:27:26:710]50-49-01-C0-D8-76-03-00-03-00-0E-87-00
[15:27:26:710]50-49-0E-D5-00-00-00-00-02-00-E0-00-
[15:27:26:710]REMOTE_GET_MODE=00
[15:27:26:711][HID_TX]00-80-07-5C-71-50-41-06-08-01-00-63-00-00-00-00-00-00-00-00-00-00-00-00-00-00-00-00-00-00-00-00-00-00-00-00-00-00-00-00-00-00-00-00-00-00-00-00-00-00-00-00-00-00-00-00-00-00-00-00-00-00-00-00-00
[15:27:26:712]HidD_GetInputReport=True
[15:27:26:712]reply_report=00-4F-00-00-00-00-00-00-00-00-00-00-00-00-00-00-00-00-00-00-00-00-00-00-00-00-00-00-00-00-00-00-00-00-00-00-00-00-00-00-00-00-00-00-00-00-00-00-00-00-00-00-00-00-00-00-00-00-00-00-00-00-00-00-00
[15:27:26:712]50-41-06-08-01-00-63 [CMD_SENT][CMD_GET_IO_LEVEL]
[15:27:26:714][HID_TX_ack]00-12-50-49-01-C0-DC-76-03-00-08-00-06-88-00-01-D8-FF-1F-00-00-00-00-02-00-E0-00-17-50-49-0E-EC-00-00-00-00-02-00-E0-00-00-00-00-00-00-00-00-00-00-00-00-00-00-00-00-00-00-00-00-00-00-00-00-00-00
[15:27:26:714]50-49-01-C0-DC-76-03-00-08-00-06-88-00-01-D8-FF-1F-00
[15:27:26:939][HID_TX]00-80-06-B0-C2-50-41-0E-09-01-E0-00-00-00-00-00-00-00-00-00-00-00-00-00-00-00-00-00-00-00-00-00-00-00-00-00-00-00-00-00-00-00-00-00-00-00-00-00-00-00-00-00-00-00-00-00-00-00-00-00-00-00-00-00-00
[15:27:26:941]HidD_GetInputReport=True
[15:27:26:941]reply_report=00-4F-00-00-00-00-00-00-00-00-00-00-00-00-00-00-00-00-00-00-00-00-00-00-00-00-00-00-00-00-00-00-00-00-00-00-00-00-00-00-00-00-00-00-00-00-00-00-00-00-00-00-00-00-00-00-00-00-00-00-00-00-00-00-00
[15:27:26:941]50-41-0E-09-01-E0 [CMD_SENT][REMOTE_GET_MODE]
[15:27:26:944][HID_TX_ack]00-19-50-49-01-C0-93-77-03-00-03-00-0E-89-00-50-49-0E-D6-00-00-00-00-02-00-E0-00-17-50-49-0E-EC-00-00-00-00-02-00-E0-00-00-00-00-00-00-00-00-00-00-00-00-00-00-00-00-00-00-00-00-00-00-00-00-00-00
[15:27:26:944]50-49-01-C0-93-77-03-00-03-00-0E-89-00
[15:27:26:944]50-49-0E-D6-00-00-00-00-02-00-E0-00-
[15:27:26:944]REMOTE_GET_MODE=00
[15:27:26:944][HID_TX]00-80-07-B7-5E-50-41-06-0A-01-00-63-00-00-00-00-00-00-00-00-00-00-00-00-00-00-00-00-00-00-00-00-00-00-00-00-00-00-00-00-00-00-00-00-00-00-00-00-00-00-00-00-00-00-00-00-00-00-00-00-00-00-00-00-00
[15:27:26:945]HidD_GetInputReport=True
[15:27:26:945]reply_report=00-4F-00-00-00-00-00-00-00-00-00-00-00-00-00-00-00-00-00-00-00-00-00-00-00-00-00-00-00-00-00-00-00-00-00-00-00-00-00-00-00-00-00-00-00-00-00-00-00-00-00-00-00-00-00-00-00-00-00-00-00-00-00-00-00
[15:27:26:945]50-41-06-0A-01-00-63 [CMD_SENT][CMD_GET_IO_LEVEL]
[15:27:26:948][HID_TX_ack]00-12-50-49-01-C0-96-77-03-00-08-00-06-8A-00-01-D8-FF-1F-00-00-00-00-02-00-E0-00-17-50-49-0E-EC-00-00-00-00-02-00-E0-00-00-00-00-00-00-00-00-00-00-00-00-00-00-00-00-00-00-00-00-00-00-00-00-00-00
[15:27:26:948]50-49-01-C0-96-77-03-00-08-00-06-8A-00-01-D8-FF-1F-00
[15:27:27:916][HID_TX]00-80-07-DB-19-50-41-0E-0B-02-E1-00-00-00-00-00-00-00-00-00-00-00-00-00-00-00-00-00-00-00-00-00-00-00-00-00-00-00-00-00-00-00-00-00-00-00-00-00-00-00-00-00-00-00-00-00-00-00-00-00-00-00-00-00-00
[15:27:27:918]HidD_GetInputReport=True
[15:27:27:918]reply_report=00-4F-00-00-00-00-00-00-00-00-00-00-00-00-00-00-00-00-00-00-00-00-00-00-00-00-00-00-00-00-00-00-00-00-00-00-00-00-00-00-00-00-00-00-00-00-00-00-00-00-00-00-00-00-00-00-00-00-00-00-00-00-00-00-00
[15:27:27:918]50-41-0E-0B-02-E1-00 [CMD_SENT][REMOTE_SET_MODE] is_remote=False
[15:27:27:921][HID_TX_ack]00-0D-50-49-01-C0-A0-7A-03-00-03-00-0E-8B-00-01-D8-FF-1F-00-00-00-00-02-00-E0-00-17-50-49-0E-EC-00-00-00-00-02-00-E0-00-00-00-00-00-00-00-00-00-00-00-00-00-00-00-00-00-00-00-00-00-00-00-00-00-00
[15:27:27:921]50-49-01-C0-A0-7A-03-00-03-00-0E-8B-00
[15:27:27:921]ystech_Power_Saving, is_EnablePowerSaving=True
[15:27:27:921][HID_TX]00-85-01-73-56-02-00-00-00-00-00-00-00-00-00-00-00-00-00-00-00-00-00-00-00-00-00-00-00-00-00-00-00-00-00-00-00-00-00-00-00-00-00-00-00-00-00-00-00-00-00-00-00-00-00-00-00-00-00-00-00-00-00-00-00
[15:27:27:923]HidD_GetInputReport=True
[15:27:27:923]reply_report=00-4F-00-00-00-00-00-00-00-00-00-00-00-00-00-00-00-00-00-00-00-00-00-00-00-00-00-00-00-00-00-00-00-00-00-00-00-00-00-00-00-00-00-00-00-00-00-00-00-00-00-00-00-00-00-00-00-00-00-00-00-00-00-00-00
[15:27:27:923]HID_CMD_POWER_SAVING_Enable
[15:27:27:923]close_hid_stream
[15:27:27:923]close_hid_handle
