[10:44:46:792]\\?\hid#dell09c2&col02#5&bc4dc33&0&0001#{4d1e55b2-f16f-11cf-88cb-001111000030}
[10:44:46:792]\\?\hid#dell09c2&col03#5&bc4dc33&0&0002#{4d1e55b2-f16f-11cf-88cb-001111000030}
[10:44:46:792]\\?\hid#intc816&col01#3&207f9b7f&0&0000#{4d1e55b2-f16f-11cf-88cb-001111000030}
[10:44:46:792]\\?\hid#intc816&col02#3&207f9b7f&0&0001#{4d1e55b2-f16f-11cf-88cb-001111000030}
[10:44:46:792]\\?\hid#converteddevice&col02#5&17bac0a6&0&0001#{4d1e55b2-f16f-11cf-88cb-001111000030}
[10:44:46:792]\\?\hid#converteddevice&col03#5&17bac0a6&0&0002#{4d1e55b2-f16f-11cf-88cb-001111000030}
[10:44:46:792]\\?\hid#dell09c2&col04#5&bc4dc33&0&0003#{4d1e55b2-f16f-11cf-88cb-001111000030}
[10:44:46:792]\\?\hid#{00001812-0000-1000-8000-00805f9b34fb}_dev_vid&0232c2_pid&0001_rev&0068_ccb624cd66b1#9&326e3aae&0&0000#{4d1e55b2-f16f-11cf-88cb-001111000030}
[10:44:46:793]\\?\hid#dell09c2&col05#5&bc4dc33&0&0004#{4d1e55b2-f16f-11cf-88cb-001111000030}
[10:44:46:793]\\?\hid#converteddevice&col01#5&17bac0a6&0&0000#{4d1e55b2-f16f-11cf-88cb-001111000030}\kbd
[10:44:46:793]\\?\hid#dell09c2&col01#5&bc4dc33&0&0000#{4d1e55b2-f16f-11cf-88cb-001111000030}
[10:44:46:793]\\?\hid#vid_046d&pid_0adf&mi_00#7&3ad8dff3&0&0000#{4d1e55b2-f16f-11cf-88cb-001111000030}
[10:44:46:793]\\?\hid#vid_046d&pid_0adf&mi_04#7&18e94d0e&0&0000#{4d1e55b2-f16f-11cf-88cb-001111000030}
[10:44:46:795]try_path=\\?\hid#vid_046d&pid_0adf&mi_00#7&3ad8dff3&0&0000#{4d1e55b2-f16f-11cf-88cb-001111000030}
[10:44:46:797]	InputReportByteLength=65
[10:44:46:797]	OutputReportByteLength=65
[10:44:46:798]HID_Connected=\\?\hid#vid_046d&pid_0adf&mi_00#7&3ad8dff3&0&0000#{4d1e55b2-f16f-11cf-88cb-001111000030}
[10:44:46:799][HID_TX]00-84-01-D1-55-01-00-00-00-00-00-00-00-00-00-00-00-00-00-00-00-00-00-00-00-00-00-00-00-00-00-00-00-00-00-00-00-00-00-00-00-00-00-00-00-00-00-00-00-00-00-00-00-00-00-00-00-00-00-00-00-00-00-00-00
[10:44:46:801]HidD_GetInputReport=True
[10:44:46:801]reply_report=00-4F-56-31-2E-38-2E-35-2E-31-00-00-00-00-00-00-00-00-00-00-00-00-00-00-00-00-00-00-00-00-00-00-00-00-00-00-00-00-00-00-00-00-00-00-00-00-00-00-00-00-00-00-00-00-00-00-00-00-00-00-00-00-00-00-00
[10:44:46:801][ys_tech] fw_version=V1.8.5.1
[10:44:46:802]ystech_Power_Saving, is_EnablePowerSaving=False
[10:44:46:802][HID_TX]00-85-01-83-8B-01-00-00-00-00-00-00-00-00-00-00-00-00-00-00-00-00-00-00-00-00-00-00-00-00-00-00-00-00-00-00-00-00-00-00-00-00-00-00-00-00-00-00-00-00-00-00-00-00-00-00-00-00-00-00-00-00-00-00-00
[10:44:46:803]HidD_GetInputReport=True
[10:44:46:803]reply_report=00-4F-00-00-00-00-00-00-00-00-00-00-00-00-00-00-00-00-00-00-00-00-00-00-00-00-00-00-00-00-00-00-00-00-00-00-00-00-00-00-00-00-00-00-00-00-00-00-00-00-00-00-00-00-00-00-00-00-00-00-00-00-00-00-00
[10:44:46:803]HID_CMD_POWER_SAVING_Disable
[10:44:46:803]path_connected=\\?\hid#vid_046d&pid_0adf&mi_00#7&3ad8dff3&0&0000#{4d1e55b2-f16f-11cf-88cb-001111000030}
[10:44:47:988][HID_TX]00-80-06-1C-7D-50-41-0E-01-01-E0-00-00-00-00-00-00-00-00-00-00-00-00-00-00-00-00-00-00-00-00-00-00-00-00-00-00-00-00-00-00-00-00-00-00-00-00-00-00-00-00-00-00-00-00-00-00-00-00-00-00-00-00-00-00
[10:44:47:989]HidD_GetInputReport=True
[10:44:47:989]reply_report=00-4F-00-00-00-00-00-00-00-00-00-00-00-00-00-00-00-00-00-00-00-00-00-00-00-00-00-00-00-00-00-00-00-00-00-00-00-00-00-00-00-00-00-00-00-00-00-00-00-00-00-00-00-00-00-00-00-00-00-00-00-00-00-00-00
[10:44:47:989]50-41-0E-01-01-E0 [CMD_SENT][REMOTE_GET_MODE]
[10:44:47:993][HID_TX_ack]00-19-50-49-01-C0-D7-09-07-00-03-00-0E-81-00-50-49-0E-F4-00-00-00-00-02-00-E0-00-17-49-01-C0-55-AB-06-00-03-00-11-EB-18-50-49-01-C0-56-AB-06-00-03-00-11-EC-17-00-00-00-00-00-00-00-00-00-00-00-00
[10:44:47:997]REMOTE_GET_MODE=00
[10:44:47:997]50-49-01-C0-D7-09-07-00-03-00-0E-81-00
[10:44:47:997]50-49-0E-F4-00-00-00-00-02-00-E0-00-
[10:44:47:997][HID_TX]00-80-07-F5-A5-50-41-0E-02-02-E1-01-00-00-00-00-00-00-00-00-00-00-00-00-00-00-00-00-00-00-00-00-00-00-00-00-00-00-00-00-00-00-00-00-00-00-00-00-00-00-00-00-00-00-00-00-00-00-00-00-00-00-00-00-00
[10:44:47:998]HidD_GetInputReport=True
[10:44:47:998]reply_report=00-4F-00-00-00-00-00-00-00-00-00-00-00-00-00-00-00-00-00-00-00-00-00-00-00-00-00-00-00-00-00-00-00-00-00-00-00-00-00-00-00-00-00-00-00-00-00-00-00-00-00-00-00-00-00-00-00-00-00-00-00-00-00-00-00
[10:44:47:998]50-41-0E-02-02-E1-01 [CMD_SENT][REMOTE_SET_MODE] is_remote=True
[10:44:48:001][HID_TX_ack]00-0D-50-49-01-C0-DE-09-07-00-03-00-0E-82-00-50-49-0E-F4-00-00-00-00-02-00-E0-00-17-49-01-C0-55-AB-06-00-03-00-11-EB-18-50-49-01-C0-56-AB-06-00-03-00-11-EC-17-00-00-00-00-00-00-00-00-00-00-00-00
[10:44:48:001]50-49-01-C0-DE-09-07-00-03-00-0E-82-00
[10:44:48:001][HID_TX]00-80-13-A8-D9-50-41-06-03-0D-00-25-34-12-5A-5A-01-00-00-00-F0-00-00-00-00-00-00-00-00-00-00-00-00-00-00-00-00-00-00-00-00-00-00-00-00-00-00-00-00-00-00-00-00-00-00-00-00-00-00-00-00-00-00-00-00
[10:44:48:002]HidD_GetInputReport=True
[10:44:48:002]reply_report=00-4F-00-00-00-00-00-00-00-00-00-00-00-00-00-00-00-00-00-00-00-00-00-00-00-00-00-00-00-00-00-00-00-00-00-00-00-00-00-00-00-00-00-00-00-00-00-00-00-00-00-00-00-00-00-00-00-00-00-00-00-00-00-00-00
[10:44:48:002]50-41-06-03-0D-00-25-34-12-5A-5A-01-00-00-00-F0-00-00-00 [CMD_SENT][OTA_CMD_IOCTL][READ_MAX_LEN]
[10:44:48:029][HID_TX_ack]00-11-50-49-01-F5-B2-4E-08-00-07-00-06-83-00-F0-00-00-00-00-00-00-00-02-00-E0-00-17-49-01-C0-55-AB-06-00-03-00-11-EB-18-50-49-01-C0-56-AB-06-00-03-00-11-EC-17-00-00-00-00-00-00-00-00-00-00-00-00
[10:44:48:029]50-49-01-F5-B2-4E-08-00-07-00-06-83-00-F0-00-00-00
[10:44:48:029][HID_TX]00-80-06-2F-BD-50-41-0E-04-01-E0-00-00-00-00-00-00-00-00-00-00-00-00-00-00-00-00-00-00-00-00-00-00-00-00-00-00-00-00-00-00-00-00-00-00-00-00-00-00-00-00-00-00-00-00-00-00-00-00-00-00-00-00-00-00
[10:44:48:030]HidD_GetInputReport=True
[10:44:48:030]reply_report=00-4F-00-00-00-00-00-00-00-00-00-00-00-00-00-00-00-00-00-00-00-00-00-00-00-00-00-00-00-00-00-00-00-00-00-00-00-00-00-00-00-00-00-00-00-00-00-00-00-00-00-00-00-00-00-00-00-00-00-00-00-00-00-00-00
[10:44:48:030]50-41-0E-04-01-E0 [CMD_SENT][REMOTE_GET_MODE]
[10:44:48:034][HID_TX_ack]00-19-50-49-01-C0-F8-09-07-00-03-00-0E-84-00-50-49-0E-F6-00-00-00-00-02-00-E0-01-17-49-01-C0-55-AB-06-00-03-00-11-EB-18-50-49-01-C0-56-AB-06-00-03-00-11-EC-17-00-00-00-00-00-00-00-00-00-00-00-00
[10:44:48:034]50-49-01-C0-F8-09-07-00-03-00-0E-84-00
[10:44:48:034]50-49-0E-F6-00-00-00-00-02-00-E0-01-
[10:44:48:034]REMOTE_GET_MODE=01
[10:44:48:034][HID_TX]00-80-07-C3-0E-50-41-06-05-01-00-63-00-00-00-00-00-00-00-00-00-00-00-00-00-00-00-00-00-00-00-00-00-00-00-00-00-00-00-00-00-00-00-00-00-00-00-00-00-00-00-00-00-00-00-00-00-00-00-00-00-00-00-00-00
[10:44:48:035]HidD_GetInputReport=True
[10:44:48:035]reply_report=00-4F-00-00-00-00-00-00-00-00-00-00-00-00-00-00-00-00-00-00-00-00-00-00-00-00-00-00-00-00-00-00-00-00-00-00-00-00-00-00-00-00-00-00-00-00-00-00-00-00-00-00-00-00-00-00-00-00-00-00-00-00-00-00-00
[10:44:48:035]50-41-06-05-01-00-63 [CMD_SENT][CMD_GET_IO_LEVEL]
[10:44:48:045][HID_TX_ack]00-12-50-49-01-F7-C0-4E-08-00-08-00-06-85-00-01-FF-FF-1F-00-00-00-00-02-00-E0-01-17-49-01-C0-55-AB-06-00-03-00-11-EB-18-50-49-01-C0-56-AB-06-00-03-00-11-EC-17-00-00-00-00-00-00-00-00-00-00-00-00
[10:44:48:045]50-49-01-F7-C0-4E-08-00-08-00-06-85-00-01-FF-FF-1F-00
[10:44:48:263][HID_TX]00-80-06-C4-92-50-41-0E-06-01-E0-00-00-00-00-00-00-00-00-00-00-00-00-00-00-00-00-00-00-00-00-00-00-00-00-00-00-00-00-00-00-00-00-00-00-00-00-00-00-00-00-00-00-00-00-00-00-00-00-00-00-00-00-00-00
[10:44:48:264]HidD_GetInputReport=True
[10:44:48:264]reply_report=00-4F-00-00-00-00-00-00-00-00-00-00-00-00-00-00-00-00-00-00-00-00-00-00-00-00-00-00-00-00-00-00-00-00-00-00-00-00-00-00-00-00-00-00-00-00-00-00-00-00-00-00-00-00-00-00-00-00-00-00-00-00-00-00-00
[10:44:48:264]50-41-0E-06-01-E0 [CMD_SENT][REMOTE_GET_MODE]
[10:44:48:267][HID_TX_ack]00-19-50-49-01-C0-B3-0A-07-00-03-00-0E-86-00-50-49-0E-F8-00-00-00-00-02-00-E0-01-17-49-01-C0-55-AB-06-00-03-00-11-EB-18-50-49-01-C0-56-AB-06-00-03-00-11-EC-17-00-00-00-00-00-00-00-00-00-00-00-00
[10:44:48:267]50-49-01-C0-B3-0A-07-00-03-00-0E-86-00
[10:44:48:267]50-49-0E-F8-00-00-00-00-02-00-E0-01-
[10:44:48:267]REMOTE_GET_MODE=01
[10:44:48:267][HID_TX]00-80-07-28-21-50-41-06-07-01-00-63-00-00-00-00-00-00-00-00-00-00-00-00-00-00-00-00-00-00-00-00-00-00-00-00-00-00-00-00-00-00-00-00-00-00-00-00-00-00-00-00-00-00-00-00-00-00-00-00-00-00-00-00-00
[10:44:48:268]HidD_GetInputReport=True
[10:44:48:268]reply_report=00-4F-00-00-00-00-00-00-00-00-00-00-00-00-00-00-00-00-00-00-00-00-00-00-00-00-00-00-00-00-00-00-00-00-00-00-00-00-00-00-00-00-00-00-00-00-00-00-00-00-00-00-00-00-00-00-00-00-00-00-00-00-00-00-00
[10:44:48:268]50-41-06-07-01-00-63 [CMD_SENT][CMD_GET_IO_LEVEL]
[10:44:48:291][HID_TX_ack]00-12-50-49-01-F9-7F-4F-08-00-08-00-06-87-00-01-FF-FF-1F-00-00-00-00-02-00-E0-01-17-49-01-C0-55-AB-06-00-03-00-11-EB-18-50-49-01-C0-56-AB-06-00-03-00-11-EC-17-00-00-00-00-00-00-00-00-00-00-00-00
[10:44:48:291]50-49-01-F9-7F-4F-08-00-08-00-06-87-00-01-FF-FF-1F-00
[10:44:48:510][HID_TX]00-80-06-55-5D-50-41-0E-08-01-E0-00-00-00-00-00-00-00-00-00-00-00-00-00-00-00-00-00-00-00-00-00-00-00-00-00-00-00-00-00-00-00-00-00-00-00-00-00-00-00-00-00-00-00-00-00-00-00-00-00-00-00-00-00-00
[10:44:48:511]HidD_GetInputReport=True
[10:44:48:511]reply_report=00-4F-00-00-00-00-00-00-00-00-00-00-00-00-00-00-00-00-00-00-00-00-00-00-00-00-00-00-00-00-00-00-00-00-00-00-00-00-00-00-00-00-00-00-00-00-00-00-00-00-00-00-00-00-00-00-00-00-00-00-00-00-00-00-00
[10:44:48:511]50-41-0E-08-01-E0 [CMD_SENT][REMOTE_GET_MODE]
[10:44:48:514][HID_TX_ack]00-19-50-49-01-C0-78-0B-07-00-03-00-0E-88-00-50-49-0E-FA-00-00-00-00-02-00-E0-01-17-49-01-C0-55-AB-06-00-03-00-11-EB-18-50-49-01-C0-56-AB-06-00-03-00-11-EC-17-00-00-00-00-00-00-00-00-00-00-00-00
[10:44:48:514]50-49-01-C0-78-0B-07-00-03-00-0E-88-00
[10:44:48:514]50-49-0E-FA-00-00-00-00-02-00-E0-01-
[10:44:48:514]REMOTE_GET_MODE=01
[10:44:48:514][HID_TX]00-80-07-B9-EE-50-41-06-09-01-00-63-00-00-00-00-00-00-00-00-00-00-00-00-00-00-00-00-00-00-00-00-00-00-00-00-00-00-00-00-00-00-00-00-00-00-00-00-00-00-00-00-00-00-00-00-00-00-00-00-00-00-00-00-00
[10:44:48:515]HidD_GetInputReport=True
[10:44:48:515]reply_report=00-4F-00-00-00-00-00-00-00-00-00-00-00-00-00-00-00-00-00-00-00-00-00-00-00-00-00-00-00-00-00-00-00-00-00-00-00-00-00-00-00-00-00-00-00-00-00-00-00-00-00-00-00-00-00-00-00-00-00-00-00-00-00-00-00
[10:44:48:515]50-41-06-09-01-00-63 [CMD_SENT][CMD_GET_IO_LEVEL]
[10:44:48:537][HID_TX_ack]00-12-50-49-01-FB-48-50-08-00-08-00-06-89-00-01-FF-FF-1F-00-00-00-00-02-00-E0-01-17-49-01-C0-55-AB-06-00-03-00-11-EB-18-50-49-01-C0-56-AB-06-00-03-00-11-EC-17-00-00-00-00-00-00-00-00-00-00-00-00
[10:44:48:537]50-49-01-FB-48-50-08-00-08-00-06-89-00-01-FF-FF-1F-00
[10:44:48:755][HID_TX]00-80-06-BE-72-50-41-0E-0A-01-E0-00-00-00-00-00-00-00-00-00-00-00-00-00-00-00-00-00-00-00-00-00-00-00-00-00-00-00-00-00-00-00-00-00-00-00-00-00-00-00-00-00-00-00-00-00-00-00-00-00-00-00-00-00-00
[10:44:48:757]HidD_GetInputReport=True
[10:44:48:757]reply_report=00-4F-00-00-00-00-00-00-00-00-00-00-00-00-00-00-00-00-00-00-00-00-00-00-00-00-00-00-00-00-00-00-00-00-00-00-00-00-00-00-00-00-00-00-00-00-00-00-00-00-00-00-00-00-00-00-00-00-00-00-00-00-00-00-00
[10:44:48:757]50-41-0E-0A-01-E0 [CMD_SENT][REMOTE_GET_MODE]
[10:44:48:759][HID_TX_ack]00-19-50-49-01-C0-3D-0C-07-00-03-00-0E-8A-00-50-49-0E-FC-00-00-00-00-02-00-E0-01-17-49-01-C0-55-AB-06-00-03-00-11-EB-18-50-49-01-C0-56-AB-06-00-03-00-11-EC-17-00-00-00-00-00-00-00-00-00-00-00-00
[10:44:48:760]50-49-01-C0-3D-0C-07-00-03-00-0E-8A-00
[10:44:48:760]50-49-0E-FC-00-00-00-00-02-00-E0-01-
[10:44:48:760]REMOTE_GET_MODE=01
[10:44:48:760][HID_TX]00-80-07-52-C1-50-41-06-0B-01-00-63-00-00-00-00-00-00-00-00-00-00-00-00-00-00-00-00-00-00-00-00-00-00-00-00-00-00-00-00-00-00-00-00-00-00-00-00-00-00-00-00-00-00-00-00-00-00-00-00-00-00-00-00-00
[10:44:48:762]HidD_GetInputReport=True
[10:44:48:762]reply_report=00-4F-00-00-00-00-00-00-00-00-00-00-00-00-00-00-00-00-00-00-00-00-00-00-00-00-00-00-00-00-00-00-00-00-00-00-00-00-00-00-00-00-00-00-00-00-00-00-00-00-00-00-00-00-00-00-00-00-00-00-00-00-00-00-00
[10:44:48:764]50-41-06-0B-01-00-63 [CMD_SENT][CMD_GET_IO_LEVEL]
[10:44:48:781][HID_TX_ack]00-12-50-49-01-FD-07-51-08-00-08-00-06-8B-00-01-FF-FF-1F-00-00-00-00-02-00-E0-01-17-49-01-C0-55-AB-06-00-03-00-11-EB-18-50-49-01-C0-56-AB-06-00-03-00-11-EC-17-00-00-00-00-00-00-00-00-00-00-00-00
[10:44:48:781]50-49-01-FD-07-51-08-00-08-00-06-8B-00-01-FF-FF-1F-00
[10:44:49:003][HID_TX]00-80-06-83-02-50-41-0E-0C-01-E0-00-00-00-00-00-00-00-00-00-00-00-00-00-00-00-00-00-00-00-00-00-00-00-00-00-00-00-00-00-00-00-00-00-00-00-00-00-00-00-00-00-00-00-00-00-00-00-00-00-00-00-00-00-00
[10:44:49:004]HidD_GetInputReport=True
[10:44:49:004]reply_report=00-4F-00-00-00-00-00-00-00-00-00-00-00-00-00-00-00-00-00-00-00-00-00-00-00-00-00-00-00-00-00-00-00-00-00-00-00-00-00-00-00-00-00-00-00-00-00-00-00-00-00-00-00-00-00-00-00-00-00-00-00-00-00-00-00
[10:44:49:004]50-41-0E-0C-01-E0 [CMD_SENT][REMOTE_GET_MODE]
[10:44:49:008][HID_TX_ack]00-19-50-49-01-C0-04-0D-07-00-03-00-0E-8C-00-50-49-0E-FE-00-00-00-00-02-00-E0-01-17-49-01-C0-55-AB-06-00-03-00-11-EB-18-50-49-01-C0-56-AB-06-00-03-00-11-EC-17-00-00-00-00-00-00-00-00-00-00-00-00
[10:44:49:008]50-49-01-C0-04-0D-07-00-03-00-0E-8C-00
[10:44:49:008]50-49-0E-FE-00-00-00-00-02-00-E0-01-
[10:44:49:008]REMOTE_GET_MODE=01
[10:44:49:009][HID_TX]00-80-07-6F-B1-50-41-06-0D-01-00-63-00-00-00-00-00-00-00-00-00-00-00-00-00-00-00-00-00-00-00-00-00-00-00-00-00-00-00-00-00-00-00-00-00-00-00-00-00-00-00-00-00-00-00-00-00-00-00-00-00-00-00-00-00
[10:44:49:010]HidD_GetInputReport=True
[10:44:49:010]reply_report=00-4F-00-00-00-00-00-00-00-00-00-00-00-00-00-00-00-00-00-00-00-00-00-00-00-00-00-00-00-00-00-00-00-00-00-00-00-00-00-00-00-00-00-00-00-00-00-00-00-00-00-00-00-00-00-00-00-00-00-00-00-00-00-00-00
[10:44:49:010]50-41-06-0D-01-00-63 [CMD_SENT][CMD_GET_IO_LEVEL]
[10:44:49:045][HID_TX_ack]00-12-50-49-01-FF-CF-51-08-00-08-00-06-8D-00-01-F7-FF-1F-00-00-00-00-02-00-E0-01-17-49-01-C0-55-AB-06-00-03-00-11-EB-18-50-49-01-C0-56-AB-06-00-03-00-11-EC-17-00-00-00-00-00-00-00-00-00-00-00-00
[10:44:49:045]50-49-01-FF-CF-51-08-00-08-00-06-8D-00-01-F7-FF-1F-00
[10:44:49:267][HID_TX]00-80-06-68-2D-50-41-0E-0E-01-E0-00-00-00-00-00-00-00-00-00-00-00-00-00-00-00-00-00-00-00-00-00-00-00-00-00-00-00-00-00-00-00-00-00-00-00-00-00-00-00-00-00-00-00-00-00-00-00-00-00-00-00-00-00-00
[10:44:49:268]HidD_GetInputReport=True
[10:44:49:268]reply_report=00-4F-00-00-00-00-00-00-00-00-00-00-00-00-00-00-00-00-00-00-00-00-00-00-00-00-00-00-00-00-00-00-00-00-00-00-00-00-00-00-00-00-00-00-00-00-00-00-00-00-00-00-00-00-00-00-00-00-00-00-00-00-00-00-00
[10:44:49:269]50-41-0E-0E-01-E0 [CMD_SENT][REMOTE_GET_MODE]
[10:44:49:271][HID_TX_ack]00-19-50-49-01-C0-D6-0D-07-00-03-00-0E-8E-00-50-49-0E-C0-00-00-00-00-02-00-E0-01-17-49-01-C0-55-AB-06-00-03-00-11-EB-18-50-49-01-C0-56-AB-06-00-03-00-11-EC-17-00-00-00-00-00-00-00-00-00-00-00-00
[10:44:49:271]50-49-01-C0-D6-0D-07-00-03-00-0E-8E-00
[10:44:49:271]50-49-0E-C0-00-00-00-00-02-00-E0-01-
[10:44:49:271]REMOTE_GET_MODE=01
[10:44:49:271][HID_TX]00-80-07-84-9E-50-41-06-0F-01-00-63-00-00-00-00-00-00-00-00-00-00-00-00-00-00-00-00-00-00-00-00-00-00-00-00-00-00-00-00-00-00-00-00-00-00-00-00-00-00-00-00-00-00-00-00-00-00-00-00-00-00-00-00-00
[10:44:49:274]HidD_GetInputReport=True
[10:44:49:274]reply_report=00-4F-00-00-00-00-00-00-00-00-00-00-00-00-00-00-00-00-00-00-00-00-00-00-00-00-00-00-00-00-00-00-00-00-00-00-00-00-00-00-00-00-00-00-00-00-00-00-00-00-00-00-00-00-00-00-00-00-00-00-00-00-00-00-00
[10:44:49:274]50-41-06-0F-01-00-63 [CMD_SENT][CMD_GET_IO_LEVEL]
[10:44:49:306][HID_TX_ack]00-12-50-49-01-C1-B2-52-08-00-08-00-06-8F-00-01-FF-FF-1F-00-00-00-00-02-00-E0-01-17-49-01-C0-55-AB-06-00-03-00-11-EB-18-50-49-01-C0-56-AB-06-00-03-00-11-EC-17-00-00-00-00-00-00-00-00-00-00-00-00
[10:44:49:307]50-49-01-C1-B2-52-08-00-08-00-06-8F-00-01-FF-FF-1F-00
[10:44:49:533][HID_TX]00-80-06-80-8D-50-41-0E-10-01-E0-00-00-00-00-00-00-00-00-00-00-00-00-00-00-00-00-00-00-00-00-00-00-00-00-00-00-00-00-00-00-00-00-00-00-00-00-00-00-00-00-00-00-00-00-00-00-00-00-00-00-00-00-00-00
[10:44:49:534]HidD_GetInputReport=True
[10:44:49:534]reply_report=00-4F-00-00-00-00-00-00-00-00-00-00-00-00-00-00-00-00-00-00-00-00-00-00-00-00-00-00-00-00-00-00-00-00-00-00-00-00-00-00-00-00-00-00-00-00-00-00-00-00-00-00-00-00-00-00-00-00-00-00-00-00-00-00-00
[10:44:49:534]50-41-0E-10-01-E0 [CMD_SENT][REMOTE_GET_MODE]
[10:44:49:537][HID_TX_ack]00-19-50-49-01-C0-AB-0E-07-00-03-00-0E-90-00-50-49-0E-C2-00-00-00-00-02-00-E0-01-17-49-01-C0-55-AB-06-00-03-00-11-EB-18-50-49-01-C0-56-AB-06-00-03-00-11-EC-17-00-00-00-00-00-00-00-00-00-00-00-00
[10:44:49:537]50-49-01-C0-AB-0E-07-00-03-00-0E-90-00
[10:44:49:537]50-49-0E-C2-00-00-00-00-02-00-E0-01-
[10:44:49:537]REMOTE_GET_MODE=01
[10:44:49:537][HID_TX]00-80-07-6C-3E-50-41-06-11-01-00-63-00-00-00-00-00-00-00-00-00-00-00-00-00-00-00-00-00-00-00-00-00-00-00-00-00-00-00-00-00-00-00-00-00-00-00-00-00-00-00-00-00-00-00-00-00-00-00-00-00-00-00-00-00
[10:44:49:538]HidD_GetInputReport=True
[10:44:49:538]reply_report=00-4F-00-00-00-00-00-00-00-00-00-00-00-00-00-00-00-00-00-00-00-00-00-00-00-00-00-00-00-00-00-00-00-00-00-00-00-00-00-00-00-00-00-00-00-00-00-00-00-00-00-00-00-00-00-00-00-00-00-00-00-00-00-00-00
[10:44:49:538]50-41-06-11-01-00-63 [CMD_SENT][CMD_GET_IO_LEVEL]
[10:44:49:569][HID_TX_ack]00-12-50-49-01-C3-83-53-08-00-08-00-06-91-00-01-FB-FF-1F-00-00-00-00-02-00-E0-01-17-49-01-C0-55-AB-06-00-03-00-11-EB-18-50-49-01-C0-56-AB-06-00-03-00-11-EC-17-00-00-00-00-00-00-00-00-00-00-00-00
[10:44:49:569]50-49-01-C3-83-53-08-00-08-00-06-91-00-01-FB-FF-1F-00
[10:44:50:686][HID_TX]00-80-06-6B-A2-50-41-0E-12-01-E0-00-00-00-00-00-00-00-00-00-00-00-00-00-00-00-00-00-00-00-00-00-00-00-00-00-00-00-00-00-00-00-00-00-00-00-00-00-00-00-00-00-00-00-00-00-00-00-00-00-00-00-00-00-00
[10:44:50:687]HidD_GetInputReport=True
[10:44:50:687]reply_report=00-4F-00-00-00-00-00-00-00-00-00-00-00-00-00-00-00-00-00-00-00-00-00-00-00-00-00-00-00-00-00-00-00-00-00-00-00-00-00-00-00-00-00-00-00-00-00-00-00-00-00-00-00-00-00-00-00-00-00-00-00-00-00-00-00
[10:44:50:687]50-41-0E-12-01-E0 [CMD_SENT][REMOTE_GET_MODE]
[10:44:50:690][HID_TX_ack]00-19-50-49-01-C0-45-12-07-00-03-00-0E-92-00-50-49-0E-C4-00-00-00-00-02-00-E0-01-17-49-01-C0-55-AB-06-00-03-00-11-EB-18-50-49-01-C0-56-AB-06-00-03-00-11-EC-17-00-00-00-00-00-00-00-00-00-00-00-00
[10:44:50:690]50-49-01-C0-45-12-07-00-03-00-0E-92-00
[10:44:50:690]50-49-0E-C4-00-00-00-00-02-00-E0-01-
[10:44:50:690]REMOTE_GET_MODE=01
[10:44:50:690][HID_TX]00-80-07-87-11-50-41-06-13-01-00-63-00-00-00-00-00-00-00-00-00-00-00-00-00-00-00-00-00-00-00-00-00-00-00-00-00-00-00-00-00-00-00-00-00-00-00-00-00-00-00-00-00-00-00-00-00-00-00-00-00-00-00-00-00
[10:44:50:691]HidD_GetInputReport=True
[10:44:50:691]reply_report=00-4F-00-00-00-00-00-00-00-00-00-00-00-00-00-00-00-00-00-00-00-00-00-00-00-00-00-00-00-00-00-00-00-00-00-00-00-00-00-00-00-00-00-00-00-00-00-00-00-00-00-00-00-00-00-00-00-00-00-00-00-00-00-00-00
[10:44:50:691]50-41-06-13-01-00-63 [CMD_SENT][CMD_GET_IO_LEVEL]
[10:44:50:727][HID_TX_ack]00-12-50-49-01-C5-11-57-08-00-08-00-06-93-00-01-FF-FF-1F-00-00-00-00-02-00-E0-01-17-49-01-C0-55-AB-06-00-03-00-11-EB-18-50-49-01-C0-56-AB-06-00-03-00-11-EC-17-00-00-00-00-00-00-00-00-00-00-00-00
[10:44:50:728]50-49-01-C5-11-57-08-00-08-00-06-93-00-01-FF-FF-1F-00
[10:44:50:948][HID_TX]00-80-06-56-D2-50-41-0E-14-01-E0-00-00-00-00-00-00-00-00-00-00-00-00-00-00-00-00-00-00-00-00-00-00-00-00-00-00-00-00-00-00-00-00-00-00-00-00-00-00-00-00-00-00-00-00-00-00-00-00-00-00-00-00-00-00
[10:44:50:949]HidD_GetInputReport=True
[10:44:50:949]reply_report=00-4F-00-00-00-00-00-00-00-00-00-00-00-00-00-00-00-00-00-00-00-00-00-00-00-00-00-00-00-00-00-00-00-00-00-00-00-00-00-00-00-00-00-00-00-00-00-00-00-00-00-00-00-00-00-00-00-00-00-00-00-00-00-00-00
[10:44:50:949]50-41-0E-14-01-E0 [CMD_SENT][REMOTE_GET_MODE]
[10:44:50:952][HID_TX_ack]00-19-50-49-01-C0-17-13-07-00-03-00-0E-94-00-50-49-0E-C6-00-00-00-00-02-00-E0-01-17-49-01-C0-55-AB-06-00-03-00-11-EB-18-50-49-01-C0-56-AB-06-00-03-00-11-EC-17-00-00-00-00-00-00-00-00-00-00-00-00
[10:44:50:952]50-49-01-C0-17-13-07-00-03-00-0E-94-00
[10:44:50:952]50-49-0E-C6-00-00-00-00-02-00-E0-01-
[10:44:50:952]REMOTE_GET_MODE=01
[10:44:50:952][HID_TX]00-80-07-BA-61-50-41-06-15-01-00-63-00-00-00-00-00-00-00-00-00-00-00-00-00-00-00-00-00-00-00-00-00-00-00-00-00-00-00-00-00-00-00-00-00-00-00-00-00-00-00-00-00-00-00-00-00-00-00-00-00-00-00-00-00
[10:44:50:953]HidD_GetInputReport=True
[10:44:50:953]reply_report=00-4F-00-00-00-00-00-00-00-00-00-00-00-00-00-00-00-00-00-00-00-00-00-00-00-00-00-00-00-00-00-00-00-00-00-00-00-00-00-00-00-00-00-00-00-00-00-00-00-00-00-00-00-00-00-00-00-00-00-00-00-00-00-00-00
[10:44:50:953]50-41-06-15-01-00-63 [CMD_SENT][CMD_GET_IO_LEVEL]
[10:44:50:987][HID_TX_ack]00-12-50-49-01-C7-F2-57-08-00-08-00-06-95-00-01-FF-FF-1E-00-00-00-00-02-00-E0-01-17-49-01-C0-55-AB-06-00-03-00-11-EB-18-50-49-01-C0-56-AB-06-00-03-00-11-EC-17-00-00-00-00-00-00-00-00-00-00-00-00
[10:44:50:987]50-49-01-C7-F2-57-08-00-08-00-06-95-00-01-FF-FF-1E-00
[10:44:51:221][HID_TX_ack]00-0D-50-49-11-C8-ED-13-07-00-03-00-20-EA-00-01-FF-FF-1E-00-00-00-00-02-00-E0-01-17-49-01-C0-55-AB-06-00-03-00-11-EB-18-50-49-01-C0-56-AB-06-00-03-00-11-EC-17-00-00-00-00-00-00-00-00-00-00-00-00
[10:44:51:221]50-49-11-C8-ED-13-07-00-03-00-20-EA-00
[10:44:51:231][HID_TX_ack]00-1A-50-49-01-C0-F6-13-07-00-03-00-11-83-18-50-49-01-C0-F7-13-07-00-03-00-11-84-17-49-01-C0-55-AB-06-00-03-00-11-EB-18-50-49-01-C0-56-AB-06-00-03-00-11-EC-17-00-00-00-00-00-00-00-00-00-00-00-00
[10:44:51:231]50-49-01-C0-F6-13-07-00-03-00-11-83-18
[10:44:51:231]50-49-01-C0-F7-13-07-00-03-00-11-84-17
[10:44:51:233][HID_TX_ack]00-0D-50-49-11-C9-F8-13-07-00-03-00-20-00-00-50-49-01-C0-F7-13-07-00-03-00-11-84-17-49-01-C0-55-AB-06-00-03-00-11-EB-18-50-49-01-C0-56-AB-06-00-03-00-11-EC-17-00-00-00-00-00-00-00-00-00-00-00-00
[10:44:51:233]50-49-11-C9-F8-13-07-00-03-00-20-00-00
[10:44:52:238][HID_TX]00-80-06-BD-FD-50-41-0E-16-01-E0-00-00-00-00-00-00-00-00-00-00-00-00-00-00-00-00-00-00-00-00-00-00-00-00-00-00-00-00-00-00-00-00-00-00-00-00-00-00-00-00-00-00-00-00-00-00-00-00-00-00-00-00-00-00
[10:44:52:239]HidD_GetInputReport=True
[10:44:52:239]reply_report=00-4F-00-00-00-00-00-00-00-00-00-00-00-00-00-00-00-00-00-00-00-00-00-00-00-00-00-00-00-00-00-00-00-00-00-00-00-00-00-00-00-00-00-00-00-00-00-00-00-00-00-00-00-00-00-00-00-00-00-00-00-00-00-00-00
[10:44:52:239]50-41-0E-16-01-E0 [CMD_SENT][REMOTE_GET_MODE]
[10:44:52:242][HID_TX_ack]00-19-50-49-01-C0-1F-17-07-00-03-00-0E-96-00-50-49-0E-CA-00-00-00-00-02-00-E0-01-17-49-01-C0-55-AB-06-00-03-00-11-EB-18-50-49-01-C0-56-AB-06-00-03-00-11-EC-17-00-00-00-00-00-00-00-00-00-00-00-00
[10:44:52:242]50-49-01-C0-1F-17-07-00-03-00-0E-96-00
[10:44:52:242]50-49-0E-CA-00-00-00-00-02-00-E0-01-
[10:44:52:242]REMOTE_GET_MODE=01
[10:44:52:242][HID_TX]00-80-07-51-4E-50-41-06-17-01-00-63-00-00-00-00-00-00-00-00-00-00-00-00-00-00-00-00-00-00-00-00-00-00-00-00-00-00-00-00-00-00-00-00-00-00-00-00-00-00-00-00-00-00-00-00-00-00-00-00-00-00-00-00-00
[10:44:52:243]HidD_GetInputReport=True
[10:44:52:243]reply_report=00-4F-00-00-00-00-00-00-00-00-00-00-00-00-00-00-00-00-00-00-00-00-00-00-00-00-00-00-00-00-00-00-00-00-00-00-00-00-00-00-00-00-00-00-00-00-00-00-00-00-00-00-00-00-00-00-00-00-00-00-00-00-00-00-00
[10:44:52:243]50-41-06-17-01-00-63 [CMD_SENT][CMD_GET_IO_LEVEL]
[10:44:52:264][HID_TX_ack]00-12-50-49-01-CB-ED-5B-08-00-08-00-06-97-00-01-FF-FF-1F-00-00-00-00-02-00-E0-01-17-49-01-C0-55-AB-06-00-03-00-11-EB-18-50-49-01-C0-56-AB-06-00-03-00-11-EC-17-00-00-00-00-00-00-00-00-00-00-00-00
[10:44:52:264]50-49-01-CB-ED-5B-08-00-08-00-06-97-00-01-FF-FF-1F-00
[10:44:52:487][HID_TX]00-80-06-2C-32-50-41-0E-18-01-E0-00-00-00-00-00-00-00-00-00-00-00-00-00-00-00-00-00-00-00-00-00-00-00-00-00-00-00-00-00-00-00-00-00-00-00-00-00-00-00-00-00-00-00-00-00-00-00-00-00-00-00-00-00-00
[10:44:52:488]HidD_GetInputReport=True
[10:44:52:488]reply_report=00-4F-00-00-00-00-00-00-00-00-00-00-00-00-00-00-00-00-00-00-00-00-00-00-00-00-00-00-00-00-00-00-00-00-00-00-00-00-00-00-00-00-00-00-00-00-00-00-00-00-00-00-00-00-00-00-00-00-00-00-00-00-00-00-00
[10:44:52:488]50-41-0E-18-01-E0 [CMD_SENT][REMOTE_GET_MODE]
[10:44:52:491][HID_TX_ack]00-19-50-49-01-C0-E6-17-07-00-03-00-0E-98-00-50-49-0E-CC-00-00-00-00-02-00-E0-01-17-49-01-C0-55-AB-06-00-03-00-11-EB-18-50-49-01-C0-56-AB-06-00-03-00-11-EC-17-00-00-00-00-00-00-00-00-00-00-00-00
[10:44:52:491]50-49-01-C0-E6-17-07-00-03-00-0E-98-00
[10:44:52:491]50-49-0E-CC-00-00-00-00-02-00-E0-01-
[10:44:52:492]REMOTE_GET_MODE=01
[10:44:52:492][HID_TX]00-80-07-C0-81-50-41-06-19-01-00-63-00-00-00-00-00-00-00-00-00-00-00-00-00-00-00-00-00-00-00-00-00-00-00-00-00-00-00-00-00-00-00-00-00-00-00-00-00-00-00-00-00-00-00-00-00-00-00-00-00-00-00-00-00
[10:44:52:493]HidD_GetInputReport=True
[10:44:52:493]reply_report=00-4F-00-00-00-00-00-00-00-00-00-00-00-00-00-00-00-00-00-00-00-00-00-00-00-00-00-00-00-00-00-00-00-00-00-00-00-00-00-00-00-00-00-00-00-00-00-00-00-00-00-00-00-00-00-00-00-00-00-00-00-00-00-00-00
[10:44:52:493]50-41-06-19-01-00-63 [CMD_SENT][CMD_GET_IO_LEVEL]
[10:44:52:526][HID_TX_ack]00-12-50-49-01-CD-C1-5C-08-00-08-00-06-99-00-01-FF-FF-1F-00-00-00-00-02-00-E0-01-17-49-01-C0-55-AB-06-00-03-00-11-EB-18-50-49-01-C0-56-AB-06-00-03-00-11-EC-17-00-00-00-00-00-00-00-00-00-00-00-00
[10:44:52:526]50-49-01-CD-C1-5C-08-00-08-00-06-99-00-01-FF-FF-1F-00
[10:44:52:737][HID_TX]00-80-06-C7-1D-50-41-0E-1A-01-E0-00-00-00-00-00-00-00-00-00-00-00-00-00-00-00-00-00-00-00-00-00-00-00-00-00-00-00-00-00-00-00-00-00-00-00-00-00-00-00-00-00-00-00-00-00-00-00-00-00-00-00-00-00-00
[10:44:52:738]HidD_GetInputReport=True
[10:44:52:738]reply_report=00-4F-00-00-00-00-00-00-00-00-00-00-00-00-00-00-00-00-00-00-00-00-00-00-00-00-00-00-00-00-00-00-00-00-00-00-00-00-00-00-00-00-00-00-00-00-00-00-00-00-00-00-00-00-00-00-00-00-00-00-00-00-00-00-00
[10:44:52:738]50-41-0E-1A-01-E0 [CMD_SENT][REMOTE_GET_MODE]
[10:44:52:742][HID_TX_ack]00-19-50-49-01-C0-AE-18-07-00-03-00-0E-9A-00-50-49-0E-CE-00-00-00-00-02-00-E0-01-17-49-01-C0-55-AB-06-00-03-00-11-EB-18-50-49-01-C0-56-AB-06-00-03-00-11-EC-17-00-00-00-00-00-00-00-00-00-00-00-00
[10:44:52:742]50-49-01-C0-AE-18-07-00-03-00-0E-9A-00
[10:44:52:742]50-49-0E-CE-00-00-00-00-02-00-E0-01-
[10:44:52:742]REMOTE_GET_MODE=01
[10:44:52:742][HID_TX]00-80-07-2B-AE-50-41-06-1B-01-00-63-00-00-00-00-00-00-00-00-00-00-00-00-00-00-00-00-00-00-00-00-00-00-00-00-00-00-00-00-00-00-00-00-00-00-00-00-00-00-00-00-00-00-00-00-00-00-00-00-00-00-00-00-00
[10:44:52:743]HidD_GetInputReport=True
[10:44:52:743]reply_report=00-4F-00-00-00-00-00-00-00-00-00-00-00-00-00-00-00-00-00-00-00-00-00-00-00-00-00-00-00-00-00-00-00-00-00-00-00-00-00-00-00-00-00-00-00-00-00-00-00-00-00-00-00-00-00-00-00-00-00-00-00-00-00-00-00
[10:44:52:743]50-41-06-1B-01-00-63 [CMD_SENT][CMD_GET_IO_LEVEL]
[10:44:52:772][HID_TX_ack]00-12-50-49-01-CF-80-5D-08-00-08-00-06-9B-00-01-FF-FF-1D-00-00-00-00-02-00-E0-01-17-49-01-C0-55-AB-06-00-03-00-11-EB-18-50-49-01-C0-56-AB-06-00-03-00-11-EC-17-00-00-00-00-00-00-00-00-00-00-00-00
[10:44:52:772]50-49-01-CF-80-5D-08-00-08-00-06-9B-00-01-FF-FF-1D-00
[10:44:52:886][HID_TX_ack]00-0D-50-49-11-D0-21-19-07-00-03-00-20-E9-00-01-FF-FF-1D-00-00-00-00-02-00-E0-01-17-49-01-C0-55-AB-06-00-03-00-11-EB-18-50-49-01-C0-56-AB-06-00-03-00-11-EC-17-00-00-00-00-00-00-00-00-00-00-00-00
[10:44:52:886]50-49-11-D0-21-19-07-00-03-00-20-E9-00
[10:44:52:892][HID_TX_ack]00-0D-50-49-01-C0-28-19-07-00-03-00-11-85-18-01-FF-FF-1D-00-00-00-00-02-00-E0-01-17-49-01-C0-55-AB-06-00-03-00-11-EB-18-50-49-01-C0-56-AB-06-00-03-00-11-EC-17-00-00-00-00-00-00-00-00-00-00-00-00
[10:44:52:892]50-49-01-C0-28-19-07-00-03-00-11-85-18
[10:44:52:898][HID_TX_ack]00-0D-50-49-01-C0-2D-19-07-00-03-00-11-86-17-01-FF-FF-1D-00-00-00-00-02-00-E0-01-17-49-01-C0-55-AB-06-00-03-00-11-EB-18-50-49-01-C0-56-AB-06-00-03-00-11-EC-17-00-00-00-00-00-00-00-00-00-00-00-00
[10:44:52:898]50-49-01-C0-2D-19-07-00-03-00-11-86-17
[10:44:52:901][HID_TX_ack]00-0D-50-49-11-D1-2E-19-07-00-03-00-20-00-00-01-FF-FF-1D-00-00-00-00-02-00-E0-01-17-49-01-C0-55-AB-06-00-03-00-11-EB-18-50-49-01-C0-56-AB-06-00-03-00-11-EC-17-00-00-00-00-00-00-00-00-00-00-00-00
[10:44:52:901]50-49-11-D1-2E-19-07-00-03-00-20-00-00
[10:44:52:984][HID_TX]00-80-06-FA-6D-50-41-0E-1C-01-E0-00-00-00-00-00-00-00-00-00-00-00-00-00-00-00-00-00-00-00-00-00-00-00-00-00-00-00-00-00-00-00-00-00-00-00-00-00-00-00-00-00-00-00-00-00-00-00-00-00-00-00-00-00-00
[10:44:52:985]HidD_GetInputReport=True
[10:44:52:985]reply_report=00-4F-00-00-00-00-00-00-00-00-00-00-00-00-00-00-00-00-00-00-00-00-00-00-00-00-00-00-00-00-00-00-00-00-00-00-00-00-00-00-00-00-00-00-00-00-00-00-00-00-00-00-00-00-00-00-00-00-00-00-00-00-00-00-00
[10:44:52:985]50-41-0E-1C-01-E0 [CMD_SENT][REMOTE_GET_MODE]
[10:44:52:989][HID_TX_ack]00-19-50-49-01-C0-74-19-07-00-03-00-0E-9C-00-50-49-0E-D2-00-00-00-00-02-00-E0-01-17-49-01-C0-55-AB-06-00-03-00-11-EB-18-50-49-01-C0-56-AB-06-00-03-00-11-EC-17-00-00-00-00-00-00-00-00-00-00-00-00
[10:44:52:989]50-49-01-C0-74-19-07-00-03-00-0E-9C-00
[10:44:52:989]50-49-0E-D2-00-00-00-00-02-00-E0-01-
[10:44:52:989]REMOTE_GET_MODE=01
[10:44:52:989][HID_TX]00-80-07-16-DE-50-41-06-1D-01-00-63-00-00-00-00-00-00-00-00-00-00-00-00-00-00-00-00-00-00-00-00-00-00-00-00-00-00-00-00-00-00-00-00-00-00-00-00-00-00-00-00-00-00-00-00-00-00-00-00-00-00-00-00-00
[10:44:52:989]HidD_GetInputReport=True
[10:44:52:989]reply_report=00-4F-00-00-00-00-00-00-00-00-00-00-00-00-00-00-00-00-00-00-00-00-00-00-00-00-00-00-00-00-00-00-00-00-00-00-00-00-00-00-00-00-00-00-00-00-00-00-00-00-00-00-00-00-00-00-00-00-00-00-00-00-00-00-00
[10:44:52:989]50-41-06-1D-01-00-63 [CMD_SENT][CMD_GET_IO_LEVEL]
[10:44:53:028][HID_TX_ack]00-12-50-49-01-D3-41-5E-08-00-08-00-06-9D-00-01-FF-FF-1F-00-00-00-00-02-00-E0-01-17-49-01-C0-55-AB-06-00-03-00-11-EB-18-50-49-01-C0-56-AB-06-00-03-00-11-EC-17-00-00-00-00-00-00-00-00-00-00-00-00
[10:44:53:028]50-49-01-D3-41-5E-08-00-08-00-06-9D-00-01-FF-FF-1F-00
[10:44:53:918][HID_TX]00-80-07-91-B6-50-41-0E-1E-02-E1-00-00-00-00-00-00-00-00-00-00-00-00-00-00-00-00-00-00-00-00-00-00-00-00-00-00-00-00-00-00-00-00-00-00-00-00-00-00-00-00-00-00-00-00-00-00-00-00-00-00-00-00-00-00
[10:44:53:919]HidD_GetInputReport=True
[10:44:53:919]reply_report=00-4F-00-00-00-00-00-00-00-00-00-00-00-00-00-00-00-00-00-00-00-00-00-00-00-00-00-00-00-00-00-00-00-00-00-00-00-00-00-00-00-00-00-00-00-00-00-00-00-00-00-00-00-00-00-00-00-00-00-00-00-00-00-00-00
[10:44:53:919]50-41-0E-1E-02-E1-00 [CMD_SENT][REMOTE_SET_MODE] is_remote=False
[10:44:53:922][HID_TX_ack]00-0D-50-49-01-C0-5F-1C-07-00-03-00-0E-9E-00-01-FF-FF-1F-00-00-00-00-02-00-E0-01-17-49-01-C0-55-AB-06-00-03-00-11-EB-18-50-49-01-C0-56-AB-06-00-03-00-11-EC-17-00-00-00-00-00-00-00-00-00-00-00-00
[10:44:53:922]50-49-01-C0-5F-1C-07-00-03-00-0E-9E-00
[10:44:53:922]ystech_Power_Saving, is_EnablePowerSaving=True
[10:44:53:922][HID_TX]00-85-01-73-56-02-00-00-00-00-00-00-00-00-00-00-00-00-00-00-00-00-00-00-00-00-00-00-00-00-00-00-00-00-00-00-00-00-00-00-00-00-00-00-00-00-00-00-00-00-00-00-00-00-00-00-00-00-00-00-00-00-00-00-00
[10:44:53:923]HidD_GetInputReport=True
[10:44:53:923]reply_report=00-4F-00-00-00-00-00-00-00-00-00-00-00-00-00-00-00-00-00-00-00-00-00-00-00-00-00-00-00-00-00-00-00-00-00-00-00-00-00-00-00-00-00-00-00-00-00-00-00-00-00-00-00-00-00-00-00-00-00-00-00-00-00-00-00
[10:44:53:923]HID_CMD_POWER_SAVING_Enable
[10:44:53:923]close_hid_stream
[10:44:53:923]close_hid_handle
