[15:52:17:681]\\?\hid#dell09c2&col02#5&bc4dc33&0&0001#{4d1e55b2-f16f-11cf-88cb-001111000030}
[15:52:17:681]\\?\hid#dell09c2&col03#5&bc4dc33&0&0002#{4d1e55b2-f16f-11cf-88cb-001111000030}
[15:52:17:681]\\?\hid#intc816&col01#3&207f9b7f&0&0000#{4d1e55b2-f16f-11cf-88cb-001111000030}
[15:52:17:681]\\?\hid#vid_046d&pid_0adf&mi_04#7&2ad3f249&0&0000#{4d1e55b2-f16f-11cf-88cb-001111000030}
[15:52:17:681]\\?\hid#intc816&col02#3&207f9b7f&0&0001#{4d1e55b2-f16f-11cf-88cb-001111000030}
[15:52:17:681]\\?\hid#converteddevice&col02#5&17bac0a6&0&0001#{4d1e55b2-f16f-11cf-88cb-001111000030}
[15:52:17:681]\\?\hid#converteddevice&col03#5&17bac0a6&0&0002#{4d1e55b2-f16f-11cf-88cb-001111000030}
[15:52:17:681]\\?\hid#dell09c2&col04#5&bc4dc33&0&0003#{4d1e55b2-f16f-11cf-88cb-001111000030}
[15:52:17:681]\\?\hid#dell09c2&col05#5&bc4dc33&0&0004#{4d1e55b2-f16f-11cf-88cb-001111000030}
[15:52:17:681]\\?\hid#vid_046d&pid_0adf&mi_00#7&28ee3ab8&0&0000#{4d1e55b2-f16f-11cf-88cb-001111000030}
[15:52:17:681]\\?\hid#converteddevice&col01#5&17bac0a6&0&0000#{4d1e55b2-f16f-11cf-88cb-001111000030}\kbd
[15:52:17:681]\\?\hid#dell09c2&col01#5&bc4dc33&0&0000#{4d1e55b2-f16f-11cf-88cb-001111000030}
[15:52:17:681]\\?\hid#vid_413c&pid_301a#6&3b68e75b&0&0000#{4d1e55b2-f16f-11cf-88cb-001111000030}
[15:52:17:683]try_path=\\?\hid#vid_046d&pid_0adf&mi_04#7&2ad3f249&0&0000#{4d1e55b2-f16f-11cf-88cb-001111000030}
[15:52:17:694][invalid device][System.Exception]
[15:52:17:698]   at ..connect(String path)
[15:52:17:698]close_hid_handle
[15:52:17:701][connect HID device fail : invalid device][System.Exception]
[15:52:17:702]   at ..connect(String path)
   at ..(String  )
   at ..connect(UInt16 vid, UInt16 pid,  vt)
[15:52:17:702]try_path=\\?\hid#vid_046d&pid_0adf&mi_00#7&28ee3ab8&0&0000#{4d1e55b2-f16f-11cf-88cb-001111000030}
[15:52:17:702]	InputReportByteLength=65
[15:52:17:702]	OutputReportByteLength=65
[15:52:17:703]HID_Connected=\\?\hid#vid_046d&pid_0adf&mi_00#7&28ee3ab8&0&0000#{4d1e55b2-f16f-11cf-88cb-001111000030}
[15:52:17:703][HID_TX]00-84-01-D1-55-01-00-00-00-00-00-00-00-00-00-00-00-00-00-00-00-00-00-00-00-00-00-00-00-00-00-00-00-00-00-00-00-00-00-00-00-00-00-00-00-00-00-00-00-00-00-00-00-00-00-00-00-00-00-00-00-00-00-00-00
[15:52:17:705]HidD_GetInputReport=True
[15:52:17:705]reply_report=00-4F-56-31-2E-36-2E-31-00-00-00-00-00-00-00-00-00-00-00-00-00-00-00-00-00-00-00-00-00-00-00-00-00-00-00-00-00-00-00-00-00-00-00-00-00-00-00-00-00-00-00-00-00-00-00-00-00-00-00-00-00-00-00-00-00
[15:52:17:705][ys_tech] fw_version=V1.6.1
[15:52:17:705]ystech_Power_Saving, is_EnablePowerSaving=False
[15:52:17:705][HID_TX]00-85-01-83-8B-01-00-00-00-00-00-00-00-00-00-00-00-00-00-00-00-00-00-00-00-00-00-00-00-00-00-00-00-00-00-00-00-00-00-00-00-00-00-00-00-00-00-00-00-00-00-00-00-00-00-00-00-00-00-00-00-00-00-00-00
[15:52:17:706]HidD_GetInputReport=True
[15:52:17:706]reply_report=00-46-00-00-00-00-00-00-00-00-00-00-00-00-00-00-00-00-00-00-00-00-00-00-00-00-00-00-00-00-00-00-00-00-00-00-00-00-00-00-00-00-00-00-00-00-00-00-00-00-00-00-00-00-00-00-00-00-00-00-00-00-00-00-00
[15:52:17:710][Response Fail][System.Exception]
[15:52:17:710]   at ..(Boolean  )
   at ..(Byte  , Byte[]  )
[15:52:17:764]_ystech_retry_count=1
[15:52:17:764][HID_TX]00-85-01-83-8B-01-00-00-00-00-00-00-00-00-00-00-00-00-00-00-00-00-00-00-00-00-00-00-00-00-00-00-00-00-00-00-00-00-00-00-00-00-00-00-00-00-00-00-00-00-00-00-00-00-00-00-00-00-00-00-00-00-00-00-00
[15:52:17:765]HidD_GetInputReport=True
[15:52:17:765]reply_report=00-4F-00-00-00-00-00-00-00-00-00-00-00-00-00-00-00-00-00-00-00-00-00-00-00-00-00-00-00-00-00-00-00-00-00-00-00-00-00-00-00-00-00-00-00-00-00-00-00-00-00-00-00-00-00-00-00-00-00-00-00-00-00-00-00
[15:52:17:765]HID_CMD_POWER_SAVING_Disable
[15:52:17:765]path_connected=\\?\hid#vid_046d&pid_0adf&mi_00#7&28ee3ab8&0&0000#{4d1e55b2-f16f-11cf-88cb-001111000030}
[15:52:18:772][HID_TX]00-80-06-1C-7D-50-41-0E-01-01-E0-00-00-00-00-00-00-00-00-00-00-00-00-00-00-00-00-00-00-00-00-00-00-00-00-00-00-00-00-00-00-00-00-00-00-00-00-00-00-00-00-00-00-00-00-00-00-00-00-00-00-00-00-00-00
[15:52:18:774]HidD_GetInputReport=True
[15:52:18:774]reply_report=00-4F-00-00-00-00-00-00-00-00-00-00-00-00-00-00-00-00-00-00-00-00-00-00-00-00-00-00-00-00-00-00-00-00-00-00-00-00-00-00-00-00-00-00-00-00-00-00-00-00-00-00-00-00-00-00-00-00-00-00-00-00-00-00-00
[15:52:18:774]50-41-0E-01-01-E0 [CMD_SENT][REMOTE_GET_MODE]
[15:52:18:778][HID_TX_ack]00-19-50-49-01-C0-AE-92-0D-00-03-00-0E-81-00-50-49-0E-FF-00-00-00-00-02-00-E0-00-3A-30-38-3A-30-39-3A-31-34-3A-33-38-3A-30-34-2C-31-2C-41-57-54-42-55-30-5F-30-30-31-30-35-37-20-C0-7F-00-00-00-00
[15:52:18:789]REMOTE_GET_MODE=00
[15:52:18:789]50-49-01-C0-AE-92-0D-00-03-00-0E-81-00
[15:52:18:789]50-49-0E-FF-00-00-00-00-02-00-E0-00-
[15:52:18:790][HID_TX]00-80-08-08-E6-50-41-06-02-02-00-43-01-00-00-00-00-00-00-00-00-00-00-00-00-00-00-00-00-00-00-00-00-00-00-00-00-00-00-00-00-00-00-00-00-00-00-00-00-00-00-00-00-00-00-00-00-00-00-00-00-00-00-00-00
[15:52:18:791]HidD_GetInputReport=True
[15:52:18:791]reply_report=00-4F-00-00-00-00-00-00-00-00-00-00-00-00-00-00-00-00-00-00-00-00-00-00-00-00-00-00-00-00-00-00-00-00-00-00-00-00-00-00-00-00-00-00-00-00-00-00-00-00-00-00-00-00-00-00-00-00-00-00-00-00-00-00-00
[15:52:18:791]50-41-06-02-02-00-43-01 [CMD_SENT][CMD_READ_MP_DATA_BY_ID]
[15:52:18:794][HID_TX_ack]00-13-50-49-01-C0-AE-92-0D-00-09-00-06-82-00-87-56-03-99-58-40-00-00-02-00-E0-00-3A-30-38-3A-30-39-3A-31-34-3A-33-38-3A-30-34-2C-31-2C-41-57-54-42-55-30-5F-30-30-31-30-35-37-20-C0-7F-00-00-00-00
[15:52:18:794]50-49-01-C0-AE-92-0D-00-09-00-06-82-00-87-56-03-99-58-40
[15:52:19:804][HID_TX]00-80-07-77-A6-50-41-0E-03-02-E1-00-00-00-00-00-00-00-00-00-00-00-00-00-00-00-00-00-00-00-00-00-00-00-00-00-00-00-00-00-00-00-00-00-00-00-00-00-00-00-00-00-00-00-00-00-00-00-00-00-00-00-00-00-00
[15:52:19:805]HidD_GetInputReport=True
[15:52:19:805]reply_report=00-4F-00-00-00-00-00-00-00-00-00-00-00-00-00-00-00-00-00-00-00-00-00-00-00-00-00-00-00-00-00-00-00-00-00-00-00-00-00-00-00-00-00-00-00-00-00-00-00-00-00-00-00-00-00-00-00-00-00-00-00-00-00-00-00
[15:52:19:805]50-41-0E-03-02-E1-00 [CMD_SENT][REMOTE_SET_MODE] is_remote=False
[15:52:19:808][HID_TX_ack]00-0D-50-49-01-C0-AE-92-0D-00-03-00-0E-83-00-87-56-03-99-58-40-00-00-02-00-E0-00-3A-30-38-3A-30-39-3A-31-34-3A-33-38-3A-30-34-2C-31-2C-41-57-54-42-55-30-5F-30-30-31-30-35-37-20-C0-7F-00-00-00-00
[15:52:19:808]50-49-01-C0-AE-92-0D-00-03-00-0E-83-00
[15:52:19:808]ystech_Power_Saving, is_EnablePowerSaving=True
[15:52:19:808][HID_TX]00-85-01-73-56-02-00-00-00-00-00-00-00-00-00-00-00-00-00-00-00-00-00-00-00-00-00-00-00-00-00-00-00-00-00-00-00-00-00-00-00-00-00-00-00-00-00-00-00-00-00-00-00-00-00-00-00-00-00-00-00-00-00-00-00
[15:52:19:810]HidD_GetInputReport=True
[15:52:19:810]reply_report=00-4F-00-00-00-00-00-00-00-00-00-00-00-00-00-00-00-00-00-00-00-00-00-00-00-00-00-00-00-00-00-00-00-00-00-00-00-00-00-00-00-00-00-00-00-00-00-00-00-00-00-00-00-00-00-00-00-00-00-00-00-00-00-00-00
[15:52:19:810]HID_CMD_POWER_SAVING_Enable
[15:52:19:810]close_hid_stream
[15:52:19:810]close_hid_handle
