[08:42:40:487]\\?\hid#dell09c2&col02#5&bc4dc33&0&0001#{4d1e55b2-f16f-11cf-88cb-001111000030}
[08:42:40:487]\\?\hid#dell09c2&col03#5&bc4dc33&0&0002#{4d1e55b2-f16f-11cf-88cb-001111000030}
[08:42:40:487]\\?\hid#intc816&col01#3&207f9b7f&0&0000#{4d1e55b2-f16f-11cf-88cb-001111000030}
[08:42:40:487]\\?\hid#vid_046d&pid_0adf&mi_04#7&2ad3f249&0&0000#{4d1e55b2-f16f-11cf-88cb-001111000030}
[08:42:40:487]\\?\hid#intc816&col02#3&207f9b7f&0&0001#{4d1e55b2-f16f-11cf-88cb-001111000030}
[08:42:40:487]\\?\hid#converteddevice&col02#5&17bac0a6&0&0001#{4d1e55b2-f16f-11cf-88cb-001111000030}
[08:42:40:487]\\?\hid#converteddevice&col03#5&17bac0a6&0&0002#{4d1e55b2-f16f-11cf-88cb-001111000030}
[08:42:40:487]\\?\hid#dell09c2&col04#5&bc4dc33&0&0003#{4d1e55b2-f16f-11cf-88cb-001111000030}
[08:42:40:488]\\?\hid#{00001812-0000-1000-8000-00805f9b34fb}_dev_vid&0232c2_pid&0001_rev&0068_ccb624cd66b1#9&326e3aae&0&0000#{4d1e55b2-f16f-11cf-88cb-001111000030}
[08:42:40:488]\\?\hid#dell09c2&col05#5&bc4dc33&0&0004#{4d1e55b2-f16f-11cf-88cb-001111000030}
[08:42:40:488]\\?\hid#vid_046d&pid_0adf&mi_00#7&28ee3ab8&0&0000#{4d1e55b2-f16f-11cf-88cb-001111000030}
[08:42:40:488]\\?\hid#converteddevice&col01#5&17bac0a6&0&0000#{4d1e55b2-f16f-11cf-88cb-001111000030}\kbd
[08:42:40:488]\\?\hid#dell09c2&col01#5&bc4dc33&0&0000#{4d1e55b2-f16f-11cf-88cb-001111000030}
[08:42:40:492]try_path=\\?\hid#vid_046d&pid_0adf&mi_04#7&2ad3f249&0&0000#{4d1e55b2-f16f-11cf-88cb-001111000030}
[08:42:40:504][invalid device][System.Exception]
[08:42:40:508]   at ..connect(String path)
[08:42:40:509]close_hid_handle
[08:42:40:512][connect HID device fail : invalid device][System.Exception]
[08:42:40:512]   at ..connect(String path)
   at ..(String  )
   at ..connect(UInt16 vid, UInt16 pid,  vt)
[08:42:40:512]try_path=\\?\hid#vid_046d&pid_0adf&mi_00#7&28ee3ab8&0&0000#{4d1e55b2-f16f-11cf-88cb-001111000030}
[08:42:40:512]	InputReportByteLength=65
[08:42:40:512]	OutputReportByteLength=65
[08:42:40:512]HID_Connected=\\?\hid#vid_046d&pid_0adf&mi_00#7&28ee3ab8&0&0000#{4d1e55b2-f16f-11cf-88cb-001111000030}
[08:42:40:513][HID_TX]00-84-01-D1-55-01-00-00-00-00-00-00-00-00-00-00-00-00-00-00-00-00-00-00-00-00-00-00-00-00-00-00-00-00-00-00-00-00-00-00-00-00-00-00-00-00-00-00-00-00-00-00-00-00-00-00-00-00-00-00-00-00-00-00-00
[08:42:40:516]HidD_GetInputReport=True
[08:42:40:516]reply_report=00-4F-56-31-2E-36-2E-31-00-00-00-00-00-00-00-00-00-00-00-00-00-00-00-00-00-00-00-00-00-00-00-00-00-00-00-00-00-00-00-00-00-00-00-00-00-00-00-00-00-00-00-00-00-00-00-00-00-00-00-00-00-00-00-00-00
[08:42:40:516][ys_tech] fw_version=V1.6.1
[08:42:40:516]ystech_Power_Saving, is_EnablePowerSaving=False
[08:42:40:516][HID_TX]00-85-01-83-8B-01-00-00-00-00-00-00-00-00-00-00-00-00-00-00-00-00-00-00-00-00-00-00-00-00-00-00-00-00-00-00-00-00-00-00-00-00-00-00-00-00-00-00-00-00-00-00-00-00-00-00-00-00-00-00-00-00-00-00-00
[08:42:40:517]HidD_GetInputReport=True
[08:42:40:517]reply_report=00-46-00-00-00-00-00-00-00-00-00-00-00-00-00-00-00-00-00-00-00-00-00-00-00-00-00-00-00-00-00-00-00-00-00-00-00-00-00-00-00-00-00-00-00-00-00-00-00-00-00-00-00-00-00-00-00-00-00-00-00-00-00-00-00
[08:42:40:520][Response Fail][System.Exception]
[08:42:40:520]   at ..(Boolean  )
   at ..(Byte  , Byte[]  )
[08:42:40:572]_ystech_retry_count=1
[08:42:40:572][HID_TX]00-85-01-83-8B-01-00-00-00-00-00-00-00-00-00-00-00-00-00-00-00-00-00-00-00-00-00-00-00-00-00-00-00-00-00-00-00-00-00-00-00-00-00-00-00-00-00-00-00-00-00-00-00-00-00-00-00-00-00-00-00-00-00-00-00
[08:42:40:573]HidD_GetInputReport=True
[08:42:40:573]reply_report=00-4F-00-00-00-00-00-00-00-00-00-00-00-00-00-00-00-00-00-00-00-00-00-00-00-00-00-00-00-00-00-00-00-00-00-00-00-00-00-00-00-00-00-00-00-00-00-00-00-00-00-00-00-00-00-00-00-00-00-00-00-00-00-00-00
[08:42:40:573]HID_CMD_POWER_SAVING_Disable
[08:42:40:573]path_connected=\\?\hid#vid_046d&pid_0adf&mi_00#7&28ee3ab8&0&0000#{4d1e55b2-f16f-11cf-88cb-001111000030}
[08:42:40:578][HID_TX]00-80-07-9C-89-50-41-0E-01-02-E1-00-00-00-00-00-00-00-00-00-00-00-00-00-00-00-00-00-00-00-00-00-00-00-00-00-00-00-00-00-00-00-00-00-00-00-00-00-00-00-00-00-00-00-00-00-00-00-00-00-00-00-00-00-00
[08:42:40:579]HidD_GetInputReport=True
[08:42:40:579]reply_report=00-4F-00-00-00-00-00-00-00-00-00-00-00-00-00-00-00-00-00-00-00-00-00-00-00-00-00-00-00-00-00-00-00-00-00-00-00-00-00-00-00-00-00-00-00-00-00-00-00-00-00-00-00-00-00-00-00-00-00-00-00-00-00-00-00
[08:42:40:579]50-41-0E-01-02-E1-00 [CMD_SENT][REMOTE_SET_MODE] is_remote=False
[08:42:40:583][HID_TX_ack]00-0D-50-49-01-C0-D7-8C-00-00-03-00-0E-81-00-50-49-01-C0-8E-06-00-00-03-00-11-87-13-01-00-01-00-01-00-00-00-31-00-01-00-08-00-00-00-00-00-00-00-00-00-00-00-00-00-00-00-00-00-00-00-00-00-00-00-00
[08:42:40:596]ystech_Power_Saving, is_EnablePowerSaving=True
[08:42:40:596][HID_TX]00-85-01-73-56-02-00-00-00-00-00-00-00-00-00-00-00-00-00-00-00-00-00-00-00-00-00-00-00-00-00-00-00-00-00-00-00-00-00-00-00-00-00-00-00-00-00-00-00-00-00-00-00-00-00-00-00-00-00-00-00-00-00-00-00
[08:42:40:596]50-49-01-C0-D7-8C-00-00-03-00-0E-81-00
[08:42:40:597]HidD_GetInputReport=True
[08:42:40:597]reply_report=00-4F-00-00-00-00-00-00-00-00-00-00-00-00-00-00-00-00-00-00-00-00-00-00-00-00-00-00-00-00-00-00-00-00-00-00-00-00-00-00-00-00-00-00-00-00-00-00-00-00-00-00-00-00-00-00-00-00-00-00-00-00-00-00-00
[08:42:40:597]HID_CMD_POWER_SAVING_Enable
[08:42:40:597]close_hid_stream
[08:42:40:597]close_hid_handle
[08:42:45:605][HID_TX]00-80-06-12-CD-50-41-0E-02-01-E0-00-00-00-00-00-00-00-00-00-00-00-00-00-00-00-00-00-00-00-00-00-00-00-00-00-00-00-00-00-00-00-00-00-00-00-00-00-00-00-00-00-00-00-00-00-00-00-00-00-00-00-00-00-00
