[15:24:39:782]\\?\hid#dell09c2&col02#5&bc4dc33&0&0001#{4d1e55b2-f16f-11cf-88cb-001111000030}
[15:24:39:783]\\?\hid#dell09c2&col03#5&bc4dc33&0&0002#{4d1e55b2-f16f-11cf-88cb-001111000030}
[15:24:39:783]\\?\hid#intc816&col01#3&207f9b7f&0&0000#{4d1e55b2-f16f-11cf-88cb-001111000030}
[15:24:39:783]\\?\hid#intc816&col02#3&207f9b7f&0&0001#{4d1e55b2-f16f-11cf-88cb-001111000030}
[15:24:39:783]\\?\hid#converteddevice&col02#5&17bac0a6&0&0001#{4d1e55b2-f16f-11cf-88cb-001111000030}
[15:24:39:783]\\?\hid#converteddevice&col03#5&17bac0a6&0&0002#{4d1e55b2-f16f-11cf-88cb-001111000030}
[15:24:39:783]\\?\hid#dell09c2&col04#5&bc4dc33&0&0003#{4d1e55b2-f16f-11cf-88cb-001111000030}
[15:24:39:783]\\?\hid#{00001812-0000-1000-8000-00805f9b34fb}_dev_vid&0232c2_pid&0001_rev&0068_ccb624cd66b1#9&326e3aae&0&0000#{4d1e55b2-f16f-11cf-88cb-001111000030}
[15:24:39:783]\\?\hid#dell09c2&col05#5&bc4dc33&0&0004#{4d1e55b2-f16f-11cf-88cb-001111000030}
[15:24:39:783]\\?\hid#converteddevice&col01#5&17bac0a6&0&0000#{4d1e55b2-f16f-11cf-88cb-001111000030}\kbd
[15:24:39:783]\\?\hid#dell09c2&col01#5&bc4dc33&0&0000#{4d1e55b2-f16f-11cf-88cb-001111000030}
[15:24:39:783]\\?\hid#vid_046d&pid_0adf&mi_00#7&3ad8dff3&0&0000#{4d1e55b2-f16f-11cf-88cb-001111000030}
[15:24:39:783]\\?\hid#vid_046d&pid_0adf&mi_04#7&18e94d0e&0&0000#{4d1e55b2-f16f-11cf-88cb-001111000030}
[15:24:39:785]try_path=\\?\hid#vid_046d&pid_0adf&mi_00#7&3ad8dff3&0&0000#{4d1e55b2-f16f-11cf-88cb-001111000030}
[15:24:39:787]	InputReportByteLength=65
[15:24:39:787]	OutputReportByteLength=65
[15:24:39:788]HID_Connected=\\?\hid#vid_046d&pid_0adf&mi_00#7&3ad8dff3&0&0000#{4d1e55b2-f16f-11cf-88cb-001111000030}
[15:24:39:789][HID_TX]00-84-01-D1-55-01-00-00-00-00-00-00-00-00-00-00-00-00-00-00-00-00-00-00-00-00-00-00-00-00-00-00-00-00-00-00-00-00-00-00-00-00-00-00-00-00-00-00-00-00-00-00-00-00-00-00-00-00-00-00-00-00-00-00-00
[15:24:39:791]HidD_GetInputReport=True
[15:24:39:791]reply_report=00-4F-56-31-2E-38-2E-35-2E-31-00-00-00-00-00-00-00-00-00-00-00-00-00-00-00-00-00-00-00-00-00-00-00-00-00-00-00-00-00-00-00-00-00-00-00-00-00-00-00-00-00-00-00-00-00-00-00-00-00-00-00-00-00-00-00
[15:24:39:791][ys_tech] fw_version=V1.8.5.1
[15:24:39:792]ystech_Power_Saving, is_EnablePowerSaving=False
[15:24:39:792][HID_TX]00-85-01-83-8B-01-00-00-00-00-00-00-00-00-00-00-00-00-00-00-00-00-00-00-00-00-00-00-00-00-00-00-00-00-00-00-00-00-00-00-00-00-00-00-00-00-00-00-00-00-00-00-00-00-00-00-00-00-00-00-00-00-00-00-00
[15:24:39:793]HidD_GetInputReport=True
[15:24:39:793]reply_report=00-4F-00-00-00-00-00-00-00-00-00-00-00-00-00-00-00-00-00-00-00-00-00-00-00-00-00-00-00-00-00-00-00-00-00-00-00-00-00-00-00-00-00-00-00-00-00-00-00-00-00-00-00-00-00-00-00-00-00-00-00-00-00-00-00
[15:24:39:793]HID_CMD_POWER_SAVING_Disable
[15:24:39:793]path_connected=\\?\hid#vid_046d&pid_0adf&mi_00#7&3ad8dff3&0&0000#{4d1e55b2-f16f-11cf-88cb-001111000030}
[15:24:40:971][HID_TX]00-80-06-1C-7D-50-41-0E-01-01-E0-00-00-00-00-00-00-00-00-00-00-00-00-00-00-00-00-00-00-00-00-00-00-00-00-00-00-00-00-00-00-00-00-00-00-00-00-00-00-00-00-00-00-00-00-00-00-00-00-00-00-00-00-00-00
[15:24:40:972]HidD_GetInputReport=True
[15:24:40:972]reply_report=00-4F-00-00-00-00-00-00-00-00-00-00-00-00-00-00-00-00-00-00-00-00-00-00-00-00-00-00-00-00-00-00-00-00-00-00-00-00-00-00-00-00-00-00-00-00-00-00-00-00-00-00-00-00-00-00-00-00-00-00-00-00-00-00-00
[15:24:40:972]50-41-0E-01-01-E0 [CMD_SENT][REMOTE_GET_MODE]
[15:24:40:976][HID_TX_ack]00-19-50-49-01-C0-EC-70-01-00-03-00-0E-81-00-50-49-0E-F7-00-00-00-00-02-00-E0-00-00-32-00-00-00-00-00-00-00-00-00-00-00-00-00-00-00-00-00-00-00-00-00-00-00-00-00-00-00-00-00-00-00-00-00-00-00-00
[15:24:40:981]REMOTE_GET_MODE=00
[15:24:40:981]50-49-01-C0-EC-70-01-00-03-00-0E-81-00
[15:24:40:981]50-49-0E-F7-00-00-00-00-02-00-E0-00-
[15:24:40:981][HID_TX]00-80-07-1B-E1-50-41-06-02-01-00-63-00-00-00-00-00-00-00-00-00-00-00-00-00-00-00-00-00-00-00-00-00-00-00-00-00-00-00-00-00-00-00-00-00-00-00-00-00-00-00-00-00-00-00-00-00-00-00-00-00-00-00-00-00
[15:24:40:982]HidD_GetInputReport=True
[15:24:40:982]reply_report=00-4F-00-00-00-00-00-00-00-00-00-00-00-00-00-00-00-00-00-00-00-00-00-00-00-00-00-00-00-00-00-00-00-00-00-00-00-00-00-00-00-00-00-00-00-00-00-00-00-00-00-00-00-00-00-00-00-00-00-00-00-00-00-00-00
[15:24:40:982]50-41-06-02-01-00-63 [CMD_SENT][CMD_GET_IO_LEVEL]
[15:24:40:984][HID_TX_ack]00-12-50-49-01-C0-F4-70-01-00-08-00-06-82-00-01-D8-FF-1F-00-00-00-00-02-00-E0-00-00-32-00-00-00-00-00-00-00-00-00-00-00-00-00-00-00-00-00-00-00-00-00-00-00-00-00-00-00-00-00-00-00-00-00-00-00-00
[15:24:40:984]50-49-01-C0-F4-70-01-00-08-00-06-82-00-01-D8-FF-1F-00
[15:24:41:201][HID_TX]00-80-06-F7-52-50-41-0E-03-01-E0-00-00-00-00-00-00-00-00-00-00-00-00-00-00-00-00-00-00-00-00-00-00-00-00-00-00-00-00-00-00-00-00-00-00-00-00-00-00-00-00-00-00-00-00-00-00-00-00-00-00-00-00-00-00
[15:24:41:202]HidD_GetInputReport=True
[15:24:41:203]reply_report=00-4F-00-00-00-00-00-00-00-00-00-00-00-00-00-00-00-00-00-00-00-00-00-00-00-00-00-00-00-00-00-00-00-00-00-00-00-00-00-00-00-00-00-00-00-00-00-00-00-00-00-00-00-00-00-00-00-00-00-00-00-00-00-00-00
[15:24:41:203]50-41-0E-03-01-E0 [CMD_SENT][REMOTE_GET_MODE]
[15:24:41:209][HID_TX_ack]00-19-50-49-01-C0-A4-71-01-00-03-00-0E-83-00-50-49-0E-F8-00-00-00-00-02-00-E0-00-00-32-00-00-00-00-00-00-00-00-00-00-00-00-00-00-00-00-00-00-00-00-00-00-00-00-00-00-00-00-00-00-00-00-00-00-00-00
[15:24:41:210]50-49-01-C0-A4-71-01-00-03-00-0E-83-00
[15:24:41:210]50-49-0E-F8-00-00-00-00-02-00-E0-00-
[15:24:41:210]REMOTE_GET_MODE=00
[15:24:41:210][HID_TX]00-80-07-26-91-50-41-06-04-01-00-63-00-00-00-00-00-00-00-00-00-00-00-00-00-00-00-00-00-00-00-00-00-00-00-00-00-00-00-00-00-00-00-00-00-00-00-00-00-00-00-00-00-00-00-00-00-00-00-00-00-00-00-00-00
[15:24:41:211]HidD_GetInputReport=True
[15:24:41:211]reply_report=00-4F-00-00-00-00-00-00-00-00-00-00-00-00-00-00-00-00-00-00-00-00-00-00-00-00-00-00-00-00-00-00-00-00-00-00-00-00-00-00-00-00-00-00-00-00-00-00-00-00-00-00-00-00-00-00-00-00-00-00-00-00-00-00-00
[15:24:41:211]50-41-06-04-01-00-63 [CMD_SENT][CMD_GET_IO_LEVEL]
[15:24:41:214][HID_TX_ack]00-12-50-49-01-C0-AB-71-01-00-08-00-06-84-00-01-D8-FF-1F-00-00-00-00-02-00-E0-00-00-32-00-00-00-00-00-00-00-00-00-00-00-00-00-00-00-00-00-00-00-00-00-00-00-00-00-00-00-00-00-00-00-00-00-00-00-00
[15:24:41:214]50-49-01-C0-AB-71-01-00-08-00-06-84-00-01-D8-FF-1F-00
[15:24:41:436][HID_TX]00-80-06-CA-22-50-41-0E-05-01-E0-00-00-00-00-00-00-00-00-00-00-00-00-00-00-00-00-00-00-00-00-00-00-00-00-00-00-00-00-00-00-00-00-00-00-00-00-00-00-00-00-00-00-00-00-00-00-00-00-00-00-00-00-00-00
[15:24:41:437]HidD_GetInputReport=True
[15:24:41:437]reply_report=00-4F-00-00-00-00-00-00-00-00-00-00-00-00-00-00-00-00-00-00-00-00-00-00-00-00-00-00-00-00-00-00-00-00-00-00-00-00-00-00-00-00-00-00-00-00-00-00-00-00-00-00-00-00-00-00-00-00-00-00-00-00-00-00-00
[15:24:41:437]50-41-0E-05-01-E0 [CMD_SENT][REMOTE_GET_MODE]
[15:24:41:440][HID_TX_ack]00-19-50-49-01-C0-60-72-01-00-03-00-0E-85-00-50-49-0E-F9-00-00-00-00-02-00-E0-00-00-32-00-00-00-00-00-00-00-00-00-00-00-00-00-00-00-00-00-00-00-00-00-00-00-00-00-00-00-00-00-00-00-00-00-00-00-00
[15:24:41:440]50-49-01-C0-60-72-01-00-03-00-0E-85-00
[15:24:41:440]50-49-0E-F9-00-00-00-00-02-00-E0-00-
[15:24:41:440]REMOTE_GET_MODE=00
[15:24:41:440][HID_TX]00-80-07-CD-BE-50-41-06-06-01-00-63-00-00-00-00-00-00-00-00-00-00-00-00-00-00-00-00-00-00-00-00-00-00-00-00-00-00-00-00-00-00-00-00-00-00-00-00-00-00-00-00-00-00-00-00-00-00-00-00-00-00-00-00-00
[15:24:41:442]HidD_GetInputReport=True
[15:24:41:442]reply_report=00-4F-00-00-00-00-00-00-00-00-00-00-00-00-00-00-00-00-00-00-00-00-00-00-00-00-00-00-00-00-00-00-00-00-00-00-00-00-00-00-00-00-00-00-00-00-00-00-00-00-00-00-00-00-00-00-00-00-00-00-00-00-00-00-00
[15:24:41:442]50-41-06-06-01-00-63 [CMD_SENT][CMD_GET_IO_LEVEL]
[15:24:41:444][HID_TX_ack]00-12-50-49-01-C0-63-72-01-00-08-00-06-86-00-01-D8-FF-1F-00-00-00-00-02-00-E0-00-00-32-00-00-00-00-00-00-00-00-00-00-00-00-00-00-00-00-00-00-00-00-00-00-00-00-00-00-00-00-00-00-00-00-00-00-00-00
[15:24:41:444]50-49-01-C0-63-72-01-00-08-00-06-86-00-01-D8-FF-1F-00
[15:24:41:653][HID_TX]00-80-06-21-0D-50-41-0E-07-01-E0-00-00-00-00-00-00-00-00-00-00-00-00-00-00-00-00-00-00-00-00-00-00-00-00-00-00-00-00-00-00-00-00-00-00-00-00-00-00-00-00-00-00-00-00-00-00-00-00-00-00-00-00-00-00
[15:24:41:654]HidD_GetInputReport=True
[15:24:41:654]reply_report=00-4F-00-00-00-00-00-00-00-00-00-00-00-00-00-00-00-00-00-00-00-00-00-00-00-00-00-00-00-00-00-00-00-00-00-00-00-00-00-00-00-00-00-00-00-00-00-00-00-00-00-00-00-00-00-00-00-00-00-00-00-00-00-00-00
[15:24:41:654]50-41-0E-07-01-E0 [CMD_SENT][REMOTE_GET_MODE]
[15:24:41:657][HID_TX_ack]00-19-50-49-01-C0-0E-73-01-00-03-00-0E-87-00-50-49-0E-FA-00-00-00-00-02-00-E0-00-00-32-00-00-00-00-00-00-00-00-00-00-00-00-00-00-00-00-00-00-00-00-00-00-00-00-00-00-00-00-00-00-00-00-00-00-00-00
[15:24:41:657]50-49-01-C0-0E-73-01-00-03-00-0E-87-00
[15:24:41:657]50-49-0E-FA-00-00-00-00-02-00-E0-00-
[15:24:41:657]REMOTE_GET_MODE=00
[15:24:41:657][HID_TX]00-80-07-5C-71-50-41-06-08-01-00-63-00-00-00-00-00-00-00-00-00-00-00-00-00-00-00-00-00-00-00-00-00-00-00-00-00-00-00-00-00-00-00-00-00-00-00-00-00-00-00-00-00-00-00-00-00-00-00-00-00-00-00-00-00
[15:24:41:658]HidD_GetInputReport=True
[15:24:41:658]reply_report=00-4F-00-00-00-00-00-00-00-00-00-00-00-00-00-00-00-00-00-00-00-00-00-00-00-00-00-00-00-00-00-00-00-00-00-00-00-00-00-00-00-00-00-00-00-00-00-00-00-00-00-00-00-00-00-00-00-00-00-00-00-00-00-00-00
[15:24:41:658]50-41-06-08-01-00-63 [CMD_SENT][CMD_GET_IO_LEVEL]
[15:24:41:661][HID_TX_ack]00-12-50-49-01-C0-11-73-01-00-08-00-06-88-00-01-D8-FF-1F-00-00-00-00-02-00-E0-00-00-32-00-00-00-00-00-00-00-00-00-00-00-00-00-00-00-00-00-00-00-00-00-00-00-00-00-00-00-00-00-00-00-00-00-00-00-00
[15:24:41:661]50-49-01-C0-11-73-01-00-08-00-06-88-00-01-D8-FF-1F-00
[15:24:41:883][HID_TX]00-80-06-B0-C2-50-41-0E-09-01-E0-00-00-00-00-00-00-00-00-00-00-00-00-00-00-00-00-00-00-00-00-00-00-00-00-00-00-00-00-00-00-00-00-00-00-00-00-00-00-00-00-00-00-00-00-00-00-00-00-00-00-00-00-00-00
[15:24:41:883]HidD_GetInputReport=True
[15:24:41:884]reply_report=00-4F-00-00-00-00-00-00-00-00-00-00-00-00-00-00-00-00-00-00-00-00-00-00-00-00-00-00-00-00-00-00-00-00-00-00-00-00-00-00-00-00-00-00-00-00-00-00-00-00-00-00-00-00-00-00-00-00-00-00-00-00-00-00-00
[15:24:41:884]50-41-0E-09-01-E0 [CMD_SENT][REMOTE_GET_MODE]
[15:24:41:886][HID_TX_ack]00-19-50-49-01-C0-C5-73-01-00-03-00-0E-89-00-50-49-0E-FB-00-00-00-00-02-00-E0-00-00-32-00-00-00-00-00-00-00-00-00-00-00-00-00-00-00-00-00-00-00-00-00-00-00-00-00-00-00-00-00-00-00-00-00-00-00-00
[15:24:41:886]50-49-01-C0-C5-73-01-00-03-00-0E-89-00
[15:24:41:886]50-49-0E-FB-00-00-00-00-02-00-E0-00-
[15:24:41:886]REMOTE_GET_MODE=00
[15:24:41:886][HID_TX]00-80-07-B7-5E-50-41-06-0A-01-00-63-00-00-00-00-00-00-00-00-00-00-00-00-00-00-00-00-00-00-00-00-00-00-00-00-00-00-00-00-00-00-00-00-00-00-00-00-00-00-00-00-00-00-00-00-00-00-00-00-00-00-00-00-00
[15:24:41:887]HidD_GetInputReport=True
[15:24:41:887]reply_report=00-4F-00-00-00-00-00-00-00-00-00-00-00-00-00-00-00-00-00-00-00-00-00-00-00-00-00-00-00-00-00-00-00-00-00-00-00-00-00-00-00-00-00-00-00-00-00-00-00-00-00-00-00-00-00-00-00-00-00-00-00-00-00-00-00
[15:24:41:887]50-41-06-0A-01-00-63 [CMD_SENT][CMD_GET_IO_LEVEL]
[15:24:41:890][HID_TX_ack]00-12-50-49-01-C0-C8-73-01-00-08-00-06-8A-00-01-D8-FF-1F-00-00-00-00-02-00-E0-00-00-32-00-00-00-00-00-00-00-00-00-00-00-00-00-00-00-00-00-00-00-00-00-00-00-00-00-00-00-00-00-00-00-00-00-00-00-00
[15:24:41:890]50-49-01-C0-C8-73-01-00-08-00-06-8A-00-01-D8-FF-1F-00
[15:24:42:100][HID_TX]00-80-06-5B-ED-50-41-0E-0B-01-E0-00-00-00-00-00-00-00-00-00-00-00-00-00-00-00-00-00-00-00-00-00-00-00-00-00-00-00-00-00-00-00-00-00-00-00-00-00-00-00-00-00-00-00-00-00-00-00-00-00-00-00-00-00-00
[15:24:42:102]HidD_GetInputReport=True
[15:24:42:102]reply_report=00-4F-00-00-00-00-00-00-00-00-00-00-00-00-00-00-00-00-00-00-00-00-00-00-00-00-00-00-00-00-00-00-00-00-00-00-00-00-00-00-00-00-00-00-00-00-00-00-00-00-00-00-00-00-00-00-00-00-00-00-00-00-00-00-00
[15:24:42:103]50-41-0E-0B-01-E0 [CMD_SENT][REMOTE_GET_MODE]
[15:24:42:104][HID_TX_ack]00-19-50-49-01-C0-73-74-01-00-03-00-0E-8B-00-50-49-0E-FC-00-00-00-00-02-00-E0-00-00-32-00-00-00-00-00-00-00-00-00-00-00-00-00-00-00-00-00-00-00-00-00-00-00-00-00-00-00-00-00-00-00-00-00-00-00-00
[15:24:42:104]50-49-01-C0-73-74-01-00-03-00-0E-8B-00
[15:24:42:105]50-49-0E-FC-00-00-00-00-02-00-E0-00-
[15:24:42:105]REMOTE_GET_MODE=00
[15:24:42:105][HID_TX]00-80-07-8A-2E-50-41-06-0C-01-00-63-00-00-00-00-00-00-00-00-00-00-00-00-00-00-00-00-00-00-00-00-00-00-00-00-00-00-00-00-00-00-00-00-00-00-00-00-00-00-00-00-00-00-00-00-00-00-00-00-00-00-00-00-00
[15:24:42:106]HidD_GetInputReport=True
[15:24:42:106]reply_report=00-4F-00-00-00-00-00-00-00-00-00-00-00-00-00-00-00-00-00-00-00-00-00-00-00-00-00-00-00-00-00-00-00-00-00-00-00-00-00-00-00-00-00-00-00-00-00-00-00-00-00-00-00-00-00-00-00-00-00-00-00-00-00-00-00
[15:24:42:106]50-41-06-0C-01-00-63 [CMD_SENT][CMD_GET_IO_LEVEL]
[15:24:42:108][HID_TX_ack]00-12-50-49-01-C0-77-74-01-00-08-00-06-8C-00-01-D8-FF-1F-00-00-00-00-02-00-E0-00-00-32-00-00-00-00-00-00-00-00-00-00-00-00-00-00-00-00-00-00-00-00-00-00-00-00-00-00-00-00-00-00-00-00-00-00-00-00
[15:24:42:108]50-49-01-C0-77-74-01-00-08-00-06-8C-00-01-D8-FF-1F-00
[15:24:42:319][HID_TX]00-80-06-66-9D-50-41-0E-0D-01-E0-00-00-00-00-00-00-00-00-00-00-00-00-00-00-00-00-00-00-00-00-00-00-00-00-00-00-00-00-00-00-00-00-00-00-00-00-00-00-00-00-00-00-00-00-00-00-00-00-00-00-00-00-00-00
[15:24:42:321]HidD_GetInputReport=True
[15:24:42:321]reply_report=00-4F-00-00-00-00-00-00-00-00-00-00-00-00-00-00-00-00-00-00-00-00-00-00-00-00-00-00-00-00-00-00-00-00-00-00-00-00-00-00-00-00-00-00-00-00-00-00-00-00-00-00-00-00-00-00-00-00-00-00-00-00-00-00-00
[15:24:42:321]50-41-0E-0D-01-E0 [CMD_SENT][REMOTE_GET_MODE]
[15:24:42:323][HID_TX_ack]00-19-50-49-01-C0-22-75-01-00-03-00-0E-8D-00-50-49-0E-FD-00-00-00-00-02-00-E0-00-00-32-00-00-00-00-00-00-00-00-00-00-00-00-00-00-00-00-00-00-00-00-00-00-00-00-00-00-00-00-00-00-00-00-00-00-00-00
[15:24:42:324]50-49-01-C0-22-75-01-00-03-00-0E-8D-00
[15:24:42:324]50-49-0E-FD-00-00-00-00-02-00-E0-00-
[15:24:42:324]REMOTE_GET_MODE=00
[15:24:42:324][HID_TX]00-80-07-61-01-50-41-06-0E-01-00-63-00-00-00-00-00-00-00-00-00-00-00-00-00-00-00-00-00-00-00-00-00-00-00-00-00-00-00-00-00-00-00-00-00-00-00-00-00-00-00-00-00-00-00-00-00-00-00-00-00-00-00-00-00
[15:24:42:326]HidD_GetInputReport=True
[15:24:42:326]reply_report=00-4F-00-00-00-00-00-00-00-00-00-00-00-00-00-00-00-00-00-00-00-00-00-00-00-00-00-00-00-00-00-00-00-00-00-00-00-00-00-00-00-00-00-00-00-00-00-00-00-00-00-00-00-00-00-00-00-00-00-00-00-00-00-00-00
[15:24:42:326]50-41-06-0E-01-00-63 [CMD_SENT][CMD_GET_IO_LEVEL]
[15:24:42:329][HID_TX_ack]00-12-50-49-01-C0-27-75-01-00-08-00-06-8E-00-01-D8-FF-1F-00-00-00-00-02-00-E0-00-00-32-00-00-00-00-00-00-00-00-00-00-00-00-00-00-00-00-00-00-00-00-00-00-00-00-00-00-00-00-00-00-00-00-00-00-00-00
[15:24:42:329]50-49-01-C0-27-75-01-00-08-00-06-8E-00-01-D8-FF-1F-00
[15:24:42:551][HID_TX]00-80-06-8D-B2-50-41-0E-0F-01-E0-00-00-00-00-00-00-00-00-00-00-00-00-00-00-00-00-00-00-00-00-00-00-00-00-00-00-00-00-00-00-00-00-00-00-00-00-00-00-00-00-00-00-00-00-00-00-00-00-00-00-00-00-00-00
[15:24:42:553]HidD_GetInputReport=True
[15:24:42:553]reply_report=00-4F-00-00-00-00-00-00-00-00-00-00-00-00-00-00-00-00-00-00-00-00-00-00-00-00-00-00-00-00-00-00-00-00-00-00-00-00-00-00-00-00-00-00-00-00-00-00-00-00-00-00-00-00-00-00-00-00-00-00-00-00-00-00-00
[15:24:42:553]50-41-0E-0F-01-E0 [CMD_SENT][REMOTE_GET_MODE]
[15:24:42:555][HID_TX_ack]00-19-50-49-01-C0-DC-75-01-00-03-00-0E-8F-00-50-49-0E-FE-00-00-00-00-02-00-E0-00-00-32-00-00-00-00-00-00-00-00-00-00-00-00-00-00-00-00-00-00-00-00-00-00-00-00-00-00-00-00-00-00-00-00-00-00-00-00
[15:24:42:555]50-49-01-C0-DC-75-01-00-03-00-0E-8F-00
[15:24:42:555]50-49-0E-FE-00-00-00-00-02-00-E0-00-
[15:24:42:555]REMOTE_GET_MODE=00
[15:24:42:555][HID_TX]00-80-07-89-A1-50-41-06-10-01-00-63-00-00-00-00-00-00-00-00-00-00-00-00-00-00-00-00-00-00-00-00-00-00-00-00-00-00-00-00-00-00-00-00-00-00-00-00-00-00-00-00-00-00-00-00-00-00-00-00-00-00-00-00-00
[15:24:42:558]HidD_GetInputReport=True
[15:24:42:558]reply_report=00-4F-00-00-00-00-00-00-00-00-00-00-00-00-00-00-00-00-00-00-00-00-00-00-00-00-00-00-00-00-00-00-00-00-00-00-00-00-00-00-00-00-00-00-00-00-00-00-00-00-00-00-00-00-00-00-00-00-00-00-00-00-00-00-00
[15:24:42:558]50-41-06-10-01-00-63 [CMD_SENT][CMD_GET_IO_LEVEL]
[15:24:42:560][HID_TX_ack]00-12-50-49-01-C0-E0-75-01-00-08-00-06-90-00-01-D8-FF-1F-00-00-00-00-02-00-E0-00-00-32-00-00-00-00-00-00-00-00-00-00-00-00-00-00-00-00-00-00-00-00-00-00-00-00-00-00-00-00-00-00-00-00-00-00-00-00
[15:24:42:560]50-49-01-C0-E0-75-01-00-08-00-06-90-00-01-D8-FF-1F-00
[15:24:42:782][HID_TX]00-80-06-65-12-50-41-0E-11-01-E0-00-00-00-00-00-00-00-00-00-00-00-00-00-00-00-00-00-00-00-00-00-00-00-00-00-00-00-00-00-00-00-00-00-00-00-00-00-00-00-00-00-00-00-00-00-00-00-00-00-00-00-00-00-00
[15:24:42:784]HidD_GetInputReport=True
[15:24:42:784]reply_report=00-4F-00-00-00-00-00-00-00-00-00-00-00-00-00-00-00-00-00-00-00-00-00-00-00-00-00-00-00-00-00-00-00-00-00-00-00-00-00-00-00-00-00-00-00-00-00-00-00-00-00-00-00-00-00-00-00-00-00-00-00-00-00-00-00
[15:24:42:784]50-41-0E-11-01-E0 [CMD_SENT][REMOTE_GET_MODE]
[15:24:42:786][HID_TX_ack]00-19-50-49-01-C0-95-76-01-00-03-00-0E-91-00-50-49-0E-FF-00-00-00-00-02-00-E0-00-00-32-00-00-00-00-00-00-00-00-00-00-00-00-00-00-00-00-00-00-00-00-00-00-00-00-00-00-00-00-00-00-00-00-00-00-00-00
[15:24:42:786]50-49-01-C0-95-76-01-00-03-00-0E-91-00
[15:24:42:786]50-49-0E-FF-00-00-00-00-02-00-E0-00-
[15:24:42:786]REMOTE_GET_MODE=00
[15:24:42:787][HID_TX]00-80-07-62-8E-50-41-06-12-01-00-63-00-00-00-00-00-00-00-00-00-00-00-00-00-00-00-00-00-00-00-00-00-00-00-00-00-00-00-00-00-00-00-00-00-00-00-00-00-00-00-00-00-00-00-00-00-00-00-00-00-00-00-00-00
[15:24:42:789]HidD_GetInputReport=True
[15:24:42:789]reply_report=00-4F-00-00-00-00-00-00-00-00-00-00-00-00-00-00-00-00-00-00-00-00-00-00-00-00-00-00-00-00-00-00-00-00-00-00-00-00-00-00-00-00-00-00-00-00-00-00-00-00-00-00-00-00-00-00-00-00-00-00-00-00-00-00-00
[15:24:42:789]50-41-06-12-01-00-63 [CMD_SENT][CMD_GET_IO_LEVEL]
[15:24:42:791][HID_TX_ack]00-12-50-49-01-C0-99-76-01-00-08-00-06-92-00-01-D8-FF-1F-00-00-00-00-02-00-E0-00-00-32-00-00-00-00-00-00-00-00-00-00-00-00-00-00-00-00-00-00-00-00-00-00-00-00-00-00-00-00-00-00-00-00-00-00-00-00
[15:24:42:791]50-49-01-C0-99-76-01-00-08-00-06-92-00-01-D8-FF-1F-00
[15:24:42:794][HID_TX_ack]00-0D-50-49-11-C0-9B-76-01-00-03-00-20-E9-00-01-D8-FF-1F-00-00-00-00-02-00-E0-00-00-32-00-00-00-00-00-00-00-00-00-00-00-00-00-00-00-00-00-00-00-00-00-00-00-00-00-00-00-00-00-00-00-00-00-00-00-00
[15:24:42:794]50-49-11-C0-9B-76-01-00-03-00-20-E9-00
[15:24:42:822][HID_TX_ack]00-1A-50-49-01-C0-B2-76-01-00-03-00-11-8A-18-50-49-01-C0-B2-76-01-00-03-00-11-8B-17-32-00-00-00-00-00-00-00-00-00-00-00-00-00-00-00-00-00-00-00-00-00-00-00-00-00-00-00-00-00-00-00-00-00-00-00-00
[15:24:42:823]50-49-01-C0-B2-76-01-00-03-00-11-8A-18
[15:24:42:823]50-49-01-C0-B2-76-01-00-03-00-11-8B-17
[15:24:42:826][HID_TX_ack]00-0D-50-49-11-C1-B4-76-01-00-03-00-20-00-00-50-49-01-C0-B2-76-01-00-03-00-11-8B-17-32-00-00-00-00-00-00-00-00-00-00-00-00-00-00-00-00-00-00-00-00-00-00-00-00-00-00-00-00-00-00-00-00-00-00-00-00
[15:24:42:826]50-49-11-C1-B4-76-01-00-03-00-20-00-00
[15:24:42:841][HID_TX_ack]00-0D-50-49-01-C0-C2-76-01-00-03-00-11-8C-16-50-49-01-C0-B2-76-01-00-03-00-11-8B-17-32-00-00-00-00-00-00-00-00-00-00-00-00-00-00-00-00-00-00-00-00-00-00-00-00-00-00-00-00-00-00-00-00-00-00-00-00
[15:24:42:841]50-49-01-C0-C2-76-01-00-03-00-11-8C-16
[15:24:43:013][HID_TX]00-80-06-8E-3D-50-41-0E-13-01-E0-00-00-00-00-00-00-00-00-00-00-00-00-00-00-00-00-00-00-00-00-00-00-00-00-00-00-00-00-00-00-00-00-00-00-00-00-00-00-00-00-00-00-00-00-00-00-00-00-00-00-00-00-00-00
[15:24:43:015]HidD_GetInputReport=True
[15:24:43:015]reply_report=00-4F-00-00-00-00-00-00-00-00-00-00-00-00-00-00-00-00-00-00-00-00-00-00-00-00-00-00-00-00-00-00-00-00-00-00-00-00-00-00-00-00-00-00-00-00-00-00-00-00-00-00-00-00-00-00-00-00-00-00-00-00-00-00-00
[15:24:43:015]50-41-0E-13-01-E0 [CMD_SENT][REMOTE_GET_MODE]
[15:24:43:016][HID_TX_ack]00-19-50-49-01-C0-4E-77-01-00-03-00-0E-93-00-50-49-0E-C2-00-00-00-00-02-00-E0-00-17-32-00-00-00-00-00-00-00-00-00-00-00-00-00-00-00-00-00-00-00-00-00-00-00-00-00-00-00-00-00-00-00-00-00-00-00-00
[15:24:43:017]50-49-01-C0-4E-77-01-00-03-00-0E-93-00
[15:24:43:017]50-49-0E-C2-00-00-00-00-02-00-E0-00-
[15:24:43:017]REMOTE_GET_MODE=00
[15:24:43:017][HID_TX]00-80-07-5F-FE-50-41-06-14-01-00-63-00-00-00-00-00-00-00-00-00-00-00-00-00-00-00-00-00-00-00-00-00-00-00-00-00-00-00-00-00-00-00-00-00-00-00-00-00-00-00-00-00-00-00-00-00-00-00-00-00-00-00-00-00
[15:24:43:018]HidD_GetInputReport=True
[15:24:43:018]reply_report=00-4F-00-00-00-00-00-00-00-00-00-00-00-00-00-00-00-00-00-00-00-00-00-00-00-00-00-00-00-00-00-00-00-00-00-00-00-00-00-00-00-00-00-00-00-00-00-00-00-00-00-00-00-00-00-00-00-00-00-00-00-00-00-00-00
[15:24:43:018]50-41-06-14-01-00-63 [CMD_SENT][CMD_GET_IO_LEVEL]
[15:24:43:022][HID_TX_ack]00-12-50-49-01-C0-51-77-01-00-08-00-06-94-00-01-D8-FF-1F-00-00-00-00-02-00-E0-00-17-32-00-00-00-00-00-00-00-00-00-00-00-00-00-00-00-00-00-00-00-00-00-00-00-00-00-00-00-00-00-00-00-00-00-00-00-00
[15:24:43:022]50-49-01-C0-51-77-01-00-08-00-06-94-00-01-D8-FF-1F-00
[15:24:43:243][HID_TX]00-80-06-B3-4D-50-41-0E-15-01-E0-00-00-00-00-00-00-00-00-00-00-00-00-00-00-00-00-00-00-00-00-00-00-00-00-00-00-00-00-00-00-00-00-00-00-00-00-00-00-00-00-00-00-00-00-00-00-00-00-00-00-00-00-00-00
[15:24:43:245]HidD_GetInputReport=True
[15:24:43:245]reply_report=00-4F-00-00-00-00-00-00-00-00-00-00-00-00-00-00-00-00-00-00-00-00-00-00-00-00-00-00-00-00-00-00-00-00-00-00-00-00-00-00-00-00-00-00-00-00-00-00-00-00-00-00-00-00-00-00-00-00-00-00-00-00-00-00-00
[15:24:43:245]50-41-0E-15-01-E0 [CMD_SENT][REMOTE_GET_MODE]
[15:24:43:247][HID_TX_ack]00-19-50-49-01-C0-06-78-01-00-03-00-0E-95-00-50-49-0E-C3-00-00-00-00-02-00-E0-00-17-32-00-00-00-00-00-00-00-00-00-00-00-00-00-00-00-00-00-00-00-00-00-00-00-00-00-00-00-00-00-00-00-00-00-00-00-00
[15:24:43:247]50-49-01-C0-06-78-01-00-03-00-0E-95-00
[15:24:43:247]50-49-0E-C3-00-00-00-00-02-00-E0-00-
[15:24:43:247]REMOTE_GET_MODE=00
[15:24:43:247][HID_TX]00-80-07-B4-D1-50-41-06-16-01-00-63-00-00-00-00-00-00-00-00-00-00-00-00-00-00-00-00-00-00-00-00-00-00-00-00-00-00-00-00-00-00-00-00-00-00-00-00-00-00-00-00-00-00-00-00-00-00-00-00-00-00-00-00-00
[15:24:43:248]HidD_GetInputReport=True
[15:24:43:248]reply_report=00-4F-00-00-00-00-00-00-00-00-00-00-00-00-00-00-00-00-00-00-00-00-00-00-00-00-00-00-00-00-00-00-00-00-00-00-00-00-00-00-00-00-00-00-00-00-00-00-00-00-00-00-00-00-00-00-00-00-00-00-00-00-00-00-00
[15:24:43:248]50-41-06-16-01-00-63 [CMD_SENT][CMD_GET_IO_LEVEL]
[15:24:43:251][HID_TX_ack]00-12-50-49-01-C0-09-78-01-00-08-00-06-96-00-01-D8-FF-1F-00-00-00-00-02-00-E0-00-17-32-00-00-00-00-00-00-00-00-00-00-00-00-00-00-00-00-00-00-00-00-00-00-00-00-00-00-00-00-00-00-00-00-00-00-00-00
[15:24:43:251]50-49-01-C0-09-78-01-00-08-00-06-96-00-01-D8-FF-1F-00
[15:24:43:476][HID_TX]00-80-06-58-62-50-41-0E-17-01-E0-00-00-00-00-00-00-00-00-00-00-00-00-00-00-00-00-00-00-00-00-00-00-00-00-00-00-00-00-00-00-00-00-00-00-00-00-00-00-00-00-00-00-00-00-00-00-00-00-00-00-00-00-00-00
[15:24:43:477]HidD_GetInputReport=True
[15:24:43:477]reply_report=00-4F-00-00-00-00-00-00-00-00-00-00-00-00-00-00-00-00-00-00-00-00-00-00-00-00-00-00-00-00-00-00-00-00-00-00-00-00-00-00-00-00-00-00-00-00-00-00-00-00-00-00-00-00-00-00-00-00-00-00-00-00-00-00-00
[15:24:43:477]50-41-0E-17-01-E0 [CMD_SENT][REMOTE_GET_MODE]
[15:24:43:480][HID_TX_ack]00-19-50-49-01-C0-C0-78-01-00-03-00-0E-97-00-50-49-0E-C4-00-00-00-00-02-00-E0-00-17-32-00-00-00-00-00-00-00-00-00-00-00-00-00-00-00-00-00-00-00-00-00-00-00-00-00-00-00-00-00-00-00-00-00-00-00-00
[15:24:43:480]50-49-01-C0-C0-78-01-00-03-00-0E-97-00
[15:24:43:480]50-49-0E-C4-00-00-00-00-02-00-E0-00-
[15:24:43:480]REMOTE_GET_MODE=00
[15:24:43:480][HID_TX]00-80-07-25-1E-50-41-06-18-01-00-63-00-00-00-00-00-00-00-00-00-00-00-00-00-00-00-00-00-00-00-00-00-00-00-00-00-00-00-00-00-00-00-00-00-00-00-00-00-00-00-00-00-00-00-00-00-00-00-00-00-00-00-00-00
[15:24:43:481]HidD_GetInputReport=True
[15:24:43:481]reply_report=00-4F-00-00-00-00-00-00-00-00-00-00-00-00-00-00-00-00-00-00-00-00-00-00-00-00-00-00-00-00-00-00-00-00-00-00-00-00-00-00-00-00-00-00-00-00-00-00-00-00-00-00-00-00-00-00-00-00-00-00-00-00-00-00-00
[15:24:43:481]50-41-06-18-01-00-63 [CMD_SENT][CMD_GET_IO_LEVEL]
[15:24:43:484][HID_TX_ack]00-12-50-49-01-C0-C3-78-01-00-08-00-06-98-00-01-D8-FF-1F-00-00-00-00-02-00-E0-00-17-32-00-00-00-00-00-00-00-00-00-00-00-00-00-00-00-00-00-00-00-00-00-00-00-00-00-00-00-00-00-00-00-00-00-00-00-00
[15:24:43:484]50-49-01-C0-C3-78-01-00-08-00-06-98-00-01-D8-FF-1F-00
[15:24:43:617][HID_TX_ack]00-0D-50-49-11-C5-2C-79-01-00-03-00-20-EA-00-01-D8-FF-1F-00-00-00-00-02-00-E0-00-17-32-00-00-00-00-00-00-00-00-00-00-00-00-00-00-00-00-00-00-00-00-00-00-00-00-00-00-00-00-00-00-00-00-00-00-00-00
[15:24:43:617]50-49-11-C5-2C-79-01-00-03-00-20-EA-00
[15:24:43:627][HID_TX_ack]00-1A-50-49-01-C0-35-79-01-00-03-00-11-8D-18-50-49-01-C0-36-79-01-00-03-00-11-8E-17-32-00-00-00-00-00-00-00-00-00-00-00-00-00-00-00-00-00-00-00-00-00-00-00-00-00-00-00-00-00-00-00-00-00-00-00-00
[15:24:43:627]50-49-01-C0-35-79-01-00-03-00-11-8D-18
[15:24:43:627]50-49-01-C0-36-79-01-00-03-00-11-8E-17
[15:24:43:630][HID_TX_ack]00-0D-50-49-11-C6-37-79-01-00-03-00-20-00-00-50-49-01-C0-36-79-01-00-03-00-11-8E-17-32-00-00-00-00-00-00-00-00-00-00-00-00-00-00-00-00-00-00-00-00-00-00-00-00-00-00-00-00-00-00-00-00-00-00-00-00
[15:24:43:630]50-49-11-C6-37-79-01-00-03-00-20-00-00
[15:24:43:645][HID_TX_ack]00-0D-50-49-01-C0-44-79-01-00-03-00-11-8F-16-50-49-01-C0-36-79-01-00-03-00-11-8E-17-32-00-00-00-00-00-00-00-00-00-00-00-00-00-00-00-00-00-00-00-00-00-00-00-00-00-00-00-00-00-00-00-00-00-00-00-00
[15:24:43:645]50-49-01-C0-44-79-01-00-03-00-11-8F-16
[15:24:43:707][HID_TX]00-80-06-C9-AD-50-41-0E-19-01-E0-00-00-00-00-00-00-00-00-00-00-00-00-00-00-00-00-00-00-00-00-00-00-00-00-00-00-00-00-00-00-00-00-00-00-00-00-00-00-00-00-00-00-00-00-00-00-00-00-00-00-00-00-00-00
[15:24:43:708]HidD_GetInputReport=True
[15:24:43:708]reply_report=00-4F-00-00-00-00-00-00-00-00-00-00-00-00-00-00-00-00-00-00-00-00-00-00-00-00-00-00-00-00-00-00-00-00-00-00-00-00-00-00-00-00-00-00-00-00-00-00-00-00-00-00-00-00-00-00-00-00-00-00-00-00-00-00-00
[15:24:43:708]50-41-0E-19-01-E0 [CMD_SENT][REMOTE_GET_MODE]
[15:24:43:712][HID_TX_ack]00-19-50-49-01-C0-79-79-01-00-03-00-0E-99-00-50-49-0E-C7-00-00-00-00-02-00-E0-00-17-32-00-00-00-00-00-00-00-00-00-00-00-00-00-00-00-00-00-00-00-00-00-00-00-00-00-00-00-00-00-00-00-00-00-00-00-00
[15:24:43:712]50-49-01-C0-79-79-01-00-03-00-0E-99-00
[15:24:43:712]50-49-0E-C7-00-00-00-00-02-00-E0-00-
[15:24:43:712]REMOTE_GET_MODE=00
[15:24:43:712][HID_TX]00-80-07-CE-31-50-41-06-1A-01-00-63-00-00-00-00-00-00-00-00-00-00-00-00-00-00-00-00-00-00-00-00-00-00-00-00-00-00-00-00-00-00-00-00-00-00-00-00-00-00-00-00-00-00-00-00-00-00-00-00-00-00-00-00-00
[15:24:43:713]HidD_GetInputReport=True
[15:24:43:713]reply_report=00-4F-00-00-00-00-00-00-00-00-00-00-00-00-00-00-00-00-00-00-00-00-00-00-00-00-00-00-00-00-00-00-00-00-00-00-00-00-00-00-00-00-00-00-00-00-00-00-00-00-00-00-00-00-00-00-00-00-00-00-00-00-00-00-00
[15:24:43:713]50-41-06-1A-01-00-63 [CMD_SENT][CMD_GET_IO_LEVEL]
[15:24:43:716][HID_TX_ack]00-12-50-49-01-C0-7D-79-01-00-08-00-06-9A-00-01-D8-FF-1F-00-00-00-00-02-00-E0-00-17-32-00-00-00-00-00-00-00-00-00-00-00-00-00-00-00-00-00-00-00-00-00-00-00-00-00-00-00-00-00-00-00-00-00-00-00-00
[15:24:43:716]50-49-01-C0-7D-79-01-00-08-00-06-9A-00-01-D8-FF-1F-00
[15:24:43:938][HID_TX]00-80-06-22-82-50-41-0E-1B-01-E0-00-00-00-00-00-00-00-00-00-00-00-00-00-00-00-00-00-00-00-00-00-00-00-00-00-00-00-00-00-00-00-00-00-00-00-00-00-00-00-00-00-00-00-00-00-00-00-00-00-00-00-00-00-00
[15:24:43:940]HidD_GetInputReport=True
[15:24:43:940]reply_report=00-4F-00-00-00-00-00-00-00-00-00-00-00-00-00-00-00-00-00-00-00-00-00-00-00-00-00-00-00-00-00-00-00-00-00-00-00-00-00-00-00-00-00-00-00-00-00-00-00-00-00-00-00-00-00-00-00-00-00-00-00-00-00-00-00
[15:24:43:940]50-41-0E-1B-01-E0 [CMD_SENT][REMOTE_GET_MODE]
[15:24:43:942][HID_TX_ack]00-19-50-49-01-C0-32-7A-01-00-03-00-0E-9B-00-50-49-0E-C8-00-00-00-00-02-00-E0-00-17-32-00-00-00-00-00-00-00-00-00-00-00-00-00-00-00-00-00-00-00-00-00-00-00-00-00-00-00-00-00-00-00-00-00-00-00-00
[15:24:43:942]50-49-01-C0-32-7A-01-00-03-00-0E-9B-00
[15:24:43:942]50-49-0E-C8-00-00-00-00-02-00-E0-00-
[15:24:43:942]REMOTE_GET_MODE=00
[15:24:43:943][HID_TX]00-80-07-F3-41-50-41-06-1C-01-00-63-00-00-00-00-00-00-00-00-00-00-00-00-00-00-00-00-00-00-00-00-00-00-00-00-00-00-00-00-00-00-00-00-00-00-00-00-00-00-00-00-00-00-00-00-00-00-00-00-00-00-00-00-00
[15:24:43:944]HidD_GetInputReport=True
[15:24:43:944]reply_report=00-4F-00-00-00-00-00-00-00-00-00-00-00-00-00-00-00-00-00-00-00-00-00-00-00-00-00-00-00-00-00-00-00-00-00-00-00-00-00-00-00-00-00-00-00-00-00-00-00-00-00-00-00-00-00-00-00-00-00-00-00-00-00-00-00
[15:24:43:944]50-41-06-1C-01-00-63 [CMD_SENT][CMD_GET_IO_LEVEL]
[15:24:43:946][HID_TX_ack]00-12-50-49-01-C0-35-7A-01-00-08-00-06-9C-00-01-D8-FF-1F-00-00-00-00-02-00-E0-00-17-32-00-00-00-00-00-00-00-00-00-00-00-00-00-00-00-00-00-00-00-00-00-00-00-00-00-00-00-00-00-00-00-00-00-00-00-00
[15:24:43:946]50-49-01-C0-35-7A-01-00-08-00-06-9C-00-01-D8-FF-1F-00
[15:24:44:157][HID_TX]00-80-06-1F-F2-50-41-0E-1D-01-E0-00-00-00-00-00-00-00-00-00-00-00-00-00-00-00-00-00-00-00-00-00-00-00-00-00-00-00-00-00-00-00-00-00-00-00-00-00-00-00-00-00-00-00-00-00-00-00-00-00-00-00-00-00-00
[15:24:44:158]HidD_GetInputReport=True
[15:24:44:158]reply_report=00-4F-00-00-00-00-00-00-00-00-00-00-00-00-00-00-00-00-00-00-00-00-00-00-00-00-00-00-00-00-00-00-00-00-00-00-00-00-00-00-00-00-00-00-00-00-00-00-00-00-00-00-00-00-00-00-00-00-00-00-00-00-00-00-00
[15:24:44:158]50-41-0E-1D-01-E0 [CMD_SENT][REMOTE_GET_MODE]
[15:24:44:161][HID_TX_ack]00-19-50-49-01-C0-E1-7A-01-00-03-00-0E-9D-00-50-49-0E-C9-00-00-00-00-02-00-E0-00-17-32-00-00-00-00-00-00-00-00-00-00-00-00-00-00-00-00-00-00-00-00-00-00-00-00-00-00-00-00-00-00-00-00-00-00-00-00
[15:24:44:161]50-49-01-C0-E1-7A-01-00-03-00-0E-9D-00
[15:24:44:161]50-49-0E-C9-00-00-00-00-02-00-E0-00-
[15:24:44:161]REMOTE_GET_MODE=00
[15:24:44:161][HID_TX]00-80-07-18-6E-50-41-06-1E-01-00-63-00-00-00-00-00-00-00-00-00-00-00-00-00-00-00-00-00-00-00-00-00-00-00-00-00-00-00-00-00-00-00-00-00-00-00-00-00-00-00-00-00-00-00-00-00-00-00-00-00-00-00-00-00
[15:24:44:162]HidD_GetInputReport=True
[15:24:44:162]reply_report=00-4F-00-00-00-00-00-00-00-00-00-00-00-00-00-00-00-00-00-00-00-00-00-00-00-00-00-00-00-00-00-00-00-00-00-00-00-00-00-00-00-00-00-00-00-00-00-00-00-00-00-00-00-00-00-00-00-00-00-00-00-00-00-00-00
[15:24:44:162]50-41-06-1E-01-00-63 [CMD_SENT][CMD_GET_IO_LEVEL]
[15:24:44:165][HID_TX_ack]00-12-50-49-01-C0-E4-7A-01-00-08-00-06-9E-00-01-D8-FF-1F-00-00-00-00-02-00-E0-00-17-32-00-00-00-00-00-00-00-00-00-00-00-00-00-00-00-00-00-00-00-00-00-00-00-00-00-00-00-00-00-00-00-00-00-00-00-00
[15:24:44:165]50-49-01-C0-E4-7A-01-00-08-00-06-9E-00-01-D8-FF-1F-00
[15:24:44:390][HID_TX]00-80-06-F4-DD-50-41-0E-1F-01-E0-00-00-00-00-00-00-00-00-00-00-00-00-00-00-00-00-00-00-00-00-00-00-00-00-00-00-00-00-00-00-00-00-00-00-00-00-00-00-00-00-00-00-00-00-00-00-00-00-00-00-00-00-00-00
[15:24:44:391]HidD_GetInputReport=True
[15:24:44:391]reply_report=00-4F-00-00-00-00-00-00-00-00-00-00-00-00-00-00-00-00-00-00-00-00-00-00-00-00-00-00-00-00-00-00-00-00-00-00-00-00-00-00-00-00-00-00-00-00-00-00-00-00-00-00-00-00-00-00-00-00-00-00-00-00-00-00-00
[15:24:44:391]50-41-0E-1F-01-E0 [CMD_SENT][REMOTE_GET_MODE]
[15:24:44:393][HID_TX_ack]00-19-50-49-01-C0-9B-7B-01-00-03-00-0E-9F-00-50-49-0E-CA-00-00-00-00-02-00-E0-00-17-32-00-00-00-00-00-00-00-00-00-00-00-00-00-00-00-00-00-00-00-00-00-00-00-00-00-00-00-00-00-00-00-00-00-00-00-00
[15:24:44:393]50-49-01-C0-9B-7B-01-00-03-00-0E-9F-00
[15:24:44:393]50-49-0E-CA-00-00-00-00-02-00-E0-00-
[15:24:44:393]REMOTE_GET_MODE=00
[15:24:44:393][HID_TX]00-80-07-02-10-50-41-06-20-01-00-63-00-00-00-00-00-00-00-00-00-00-00-00-00-00-00-00-00-00-00-00-00-00-00-00-00-00-00-00-00-00-00-00-00-00-00-00-00-00-00-00-00-00-00-00-00-00-00-00-00-00-00-00-00
[15:24:44:395]HidD_GetInputReport=True
[15:24:44:395]reply_report=00-4F-00-00-00-00-00-00-00-00-00-00-00-00-00-00-00-00-00-00-00-00-00-00-00-00-00-00-00-00-00-00-00-00-00-00-00-00-00-00-00-00-00-00-00-00-00-00-00-00-00-00-00-00-00-00-00-00-00-00-00-00-00-00-00
[15:24:44:395]50-41-06-20-01-00-63 [CMD_SENT][CMD_GET_IO_LEVEL]
[15:24:44:398][HID_TX_ack]00-12-50-49-01-C0-9F-7B-01-00-08-00-06-A0-00-01-D8-FF-1F-00-00-00-00-02-00-E0-00-17-32-00-00-00-00-00-00-00-00-00-00-00-00-00-00-00-00-00-00-00-00-00-00-00-00-00-00-00-00-00-00-00-00-00-00-00-00
[15:24:44:398]50-49-01-C0-9F-7B-01-00-08-00-06-A0-00-01-D8-FF-1F-00
[15:24:44:609][HID_TX]00-80-06-EE-A3-50-41-0E-21-01-E0-00-00-00-00-00-00-00-00-00-00-00-00-00-00-00-00-00-00-00-00-00-00-00-00-00-00-00-00-00-00-00-00-00-00-00-00-00-00-00-00-00-00-00-00-00-00-00-00-00-00-00-00-00-00
[15:24:44:610]HidD_GetInputReport=True
[15:24:44:610]reply_report=00-4F-00-00-00-00-00-00-00-00-00-00-00-00-00-00-00-00-00-00-00-00-00-00-00-00-00-00-00-00-00-00-00-00-00-00-00-00-00-00-00-00-00-00-00-00-00-00-00-00-00-00-00-00-00-00-00-00-00-00-00-00-00-00-00
[15:24:44:610]50-41-0E-21-01-E0 [CMD_SENT][REMOTE_GET_MODE]
[15:24:44:613][HID_TX_ack]00-19-50-49-01-C0-4A-7C-01-00-03-00-0E-A1-00-50-49-0E-CB-00-00-00-00-02-00-E0-00-17-32-00-00-00-00-00-00-00-00-00-00-00-00-00-00-00-00-00-00-00-00-00-00-00-00-00-00-00-00-00-00-00-00-00-00-00-00
[15:24:44:613]50-49-01-C0-4A-7C-01-00-03-00-0E-A1-00
[15:24:44:613]50-49-0E-CB-00-00-00-00-02-00-E0-00-
[15:24:44:613]REMOTE_GET_MODE=00
[15:24:44:613][HID_TX]00-80-07-E9-3F-50-41-06-22-01-00-63-00-00-00-00-00-00-00-00-00-00-00-00-00-00-00-00-00-00-00-00-00-00-00-00-00-00-00-00-00-00-00-00-00-00-00-00-00-00-00-00-00-00-00-00-00-00-00-00-00-00-00-00-00
[15:24:44:614]HidD_GetInputReport=True
[15:24:44:614]reply_report=00-4F-00-00-00-00-00-00-00-00-00-00-00-00-00-00-00-00-00-00-00-00-00-00-00-00-00-00-00-00-00-00-00-00-00-00-00-00-00-00-00-00-00-00-00-00-00-00-00-00-00-00-00-00-00-00-00-00-00-00-00-00-00-00-00
[15:24:44:614]50-41-06-22-01-00-63 [CMD_SENT][CMD_GET_IO_LEVEL]
[15:24:44:617][HID_TX_ack]00-12-50-49-01-C0-4E-7C-01-00-08-00-06-A2-00-01-D8-FF-1F-00-00-00-00-02-00-E0-00-17-32-00-00-00-00-00-00-00-00-00-00-00-00-00-00-00-00-00-00-00-00-00-00-00-00-00-00-00-00-00-00-00-00-00-00-00-00
[15:24:44:617]50-49-01-C0-4E-7C-01-00-08-00-06-A2-00-01-D8-FF-1F-00
[15:24:44:679][HID_TX_ack]00-0D-50-49-11-CC-7E-7C-01-00-03-00-20-E9-00-01-D8-FF-1F-00-00-00-00-02-00-E0-00-17-32-00-00-00-00-00-00-00-00-00-00-00-00-00-00-00-00-00-00-00-00-00-00-00-00-00-00-00-00-00-00-00-00-00-00-00-00
[15:24:44:679]50-49-11-CC-7E-7C-01-00-03-00-20-E9-00
[15:24:44:690][HID_TX_ack]00-1A-50-49-01-C0-87-7C-01-00-03-00-11-90-18-50-49-01-C0-88-7C-01-00-03-00-11-91-17-32-00-00-00-00-00-00-00-00-00-00-00-00-00-00-00-00-00-00-00-00-00-00-00-00-00-00-00-00-00-00-00-00-00-00-00-00
[15:24:44:690]50-49-01-C0-87-7C-01-00-03-00-11-90-18
[15:24:44:690]50-49-01-C0-88-7C-01-00-03-00-11-91-17
[15:24:44:694][HID_TX_ack]00-0D-50-49-11-CD-8A-7C-01-00-03-00-20-00-00-50-49-01-C0-88-7C-01-00-03-00-11-91-17-32-00-00-00-00-00-00-00-00-00-00-00-00-00-00-00-00-00-00-00-00-00-00-00-00-00-00-00-00-00-00-00-00-00-00-00-00
[15:24:44:694]50-49-11-CD-8A-7C-01-00-03-00-20-00-00
[15:24:44:710][HID_TX_ack]00-0D-50-49-01-C0-98-7C-01-00-03-00-11-92-16-50-49-01-C0-88-7C-01-00-03-00-11-91-17-32-00-00-00-00-00-00-00-00-00-00-00-00-00-00-00-00-00-00-00-00-00-00-00-00-00-00-00-00-00-00-00-00-00-00-00-00
[15:24:44:711]50-49-01-C0-98-7C-01-00-03-00-11-92-16
[15:24:44:827][HID_TX]00-80-06-05-8C-50-41-0E-23-01-E0-00-00-00-00-00-00-00-00-00-00-00-00-00-00-00-00-00-00-00-00-00-00-00-00-00-00-00-00-00-00-00-00-00-00-00-00-00-00-00-00-00-00-00-00-00-00-00-00-00-00-00-00-00-00
[15:24:44:828]HidD_GetInputReport=True
[15:24:44:828]reply_report=00-4F-00-00-00-00-00-00-00-00-00-00-00-00-00-00-00-00-00-00-00-00-00-00-00-00-00-00-00-00-00-00-00-00-00-00-00-00-00-00-00-00-00-00-00-00-00-00-00-00-00-00-00-00-00-00-00-00-00-00-00-00-00-00-00
[15:24:44:828]50-41-0E-23-01-E0 [CMD_SENT][REMOTE_GET_MODE]
[15:24:44:832][HID_TX_ack]00-19-50-49-01-C0-F9-7C-01-00-03-00-0E-A3-00-50-49-0E-CE-00-00-00-00-02-00-E0-00-17-32-00-00-00-00-00-00-00-00-00-00-00-00-00-00-00-00-00-00-00-00-00-00-00-00-00-00-00-00-00-00-00-00-00-00-00-00
[15:24:44:832]50-49-01-C0-F9-7C-01-00-03-00-0E-A3-00
[15:24:44:832]50-49-0E-CE-00-00-00-00-02-00-E0-00-
[15:24:44:832]REMOTE_GET_MODE=00
[15:24:44:832][HID_TX]00-80-07-D4-4F-50-41-06-24-01-00-63-00-00-00-00-00-00-00-00-00-00-00-00-00-00-00-00-00-00-00-00-00-00-00-00-00-00-00-00-00-00-00-00-00-00-00-00-00-00-00-00-00-00-00-00-00-00-00-00-00-00-00-00-00
[15:24:44:833]HidD_GetInputReport=True
[15:24:44:833]reply_report=00-4F-00-00-00-00-00-00-00-00-00-00-00-00-00-00-00-00-00-00-00-00-00-00-00-00-00-00-00-00-00-00-00-00-00-00-00-00-00-00-00-00-00-00-00-00-00-00-00-00-00-00-00-00-00-00-00-00-00-00-00-00-00-00-00
[15:24:44:833]50-41-06-24-01-00-63 [CMD_SENT][CMD_GET_IO_LEVEL]
[15:24:44:836][HID_TX_ack]00-12-50-49-01-C0-FD-7C-01-00-08-00-06-A4-00-01-D8-FF-1F-00-00-00-00-02-00-E0-00-17-32-00-00-00-00-00-00-00-00-00-00-00-00-00-00-00-00-00-00-00-00-00-00-00-00-00-00-00-00-00-00-00-00-00-00-00-00
[15:24:44:836]50-49-01-C0-FD-7C-01-00-08-00-06-A4-00-01-D8-FF-1F-00
[15:24:45:059][HID_TX]00-80-06-38-FC-50-41-0E-25-01-E0-00-00-00-00-00-00-00-00-00-00-00-00-00-00-00-00-00-00-00-00-00-00-00-00-00-00-00-00-00-00-00-00-00-00-00-00-00-00-00-00-00-00-00-00-00-00-00-00-00-00-00-00-00-00
[15:24:45:061]HidD_GetInputReport=True
[15:24:45:061]reply_report=00-4F-00-00-00-00-00-00-00-00-00-00-00-00-00-00-00-00-00-00-00-00-00-00-00-00-00-00-00-00-00-00-00-00-00-00-00-00-00-00-00-00-00-00-00-00-00-00-00-00-00-00-00-00-00-00-00-00-00-00-00-00-00-00-00
[15:24:45:061]50-41-0E-25-01-E0 [CMD_SENT][REMOTE_GET_MODE]
[15:24:45:063][HID_TX_ack]00-19-50-49-01-C0-B2-7D-01-00-03-00-0E-A5-00-50-49-0E-CF-00-00-00-00-02-00-E0-00-17-32-00-00-00-00-00-00-00-00-00-00-00-00-00-00-00-00-00-00-00-00-00-00-00-00-00-00-00-00-00-00-00-00-00-00-00-00
[15:24:45:063]50-49-01-C0-B2-7D-01-00-03-00-0E-A5-00
[15:24:45:063]50-49-0E-CF-00-00-00-00-02-00-E0-00-
[15:24:45:063]REMOTE_GET_MODE=00
[15:24:45:063][HID_TX]00-80-07-3F-60-50-41-06-26-01-00-63-00-00-00-00-00-00-00-00-00-00-00-00-00-00-00-00-00-00-00-00-00-00-00-00-00-00-00-00-00-00-00-00-00-00-00-00-00-00-00-00-00-00-00-00-00-00-00-00-00-00-00-00-00
[15:24:45:064]HidD_GetInputReport=True
[15:24:45:064]reply_report=00-4F-00-00-00-00-00-00-00-00-00-00-00-00-00-00-00-00-00-00-00-00-00-00-00-00-00-00-00-00-00-00-00-00-00-00-00-00-00-00-00-00-00-00-00-00-00-00-00-00-00-00-00-00-00-00-00-00-00-00-00-00-00-00-00
[15:24:45:064]50-41-06-26-01-00-63 [CMD_SENT][CMD_GET_IO_LEVEL]
[15:24:45:067][HID_TX_ack]00-12-50-49-01-C0-B6-7D-01-00-08-00-06-A6-00-01-D8-FF-1F-00-00-00-00-02-00-E0-00-17-32-00-00-00-00-00-00-00-00-00-00-00-00-00-00-00-00-00-00-00-00-00-00-00-00-00-00-00-00-00-00-00-00-00-00-00-00
[15:24:45:067]50-49-01-C0-B6-7D-01-00-08-00-06-A6-00-01-D8-FF-1F-00
[15:24:45:277][HID_TX]00-80-06-D3-D3-50-41-0E-27-01-E0-00-00-00-00-00-00-00-00-00-00-00-00-00-00-00-00-00-00-00-00-00-00-00-00-00-00-00-00-00-00-00-00-00-00-00-00-00-00-00-00-00-00-00-00-00-00-00-00-00-00-00-00-00-00
[15:24:45:278]HidD_GetInputReport=True
[15:24:45:278]reply_report=00-4F-00-00-00-00-00-00-00-00-00-00-00-00-00-00-00-00-00-00-00-00-00-00-00-00-00-00-00-00-00-00-00-00-00-00-00-00-00-00-00-00-00-00-00-00-00-00-00-00-00-00-00-00-00-00-00-00-00-00-00-00-00-00-00
[15:24:45:278]50-41-0E-27-01-E0 [CMD_SENT][REMOTE_GET_MODE]
[15:24:45:281][HID_TX_ack]00-19-50-49-01-C0-61-7E-01-00-03-00-0E-A7-00-50-49-0E-D0-00-00-00-00-02-00-E0-00-17-32-00-00-00-00-00-00-00-00-00-00-00-00-00-00-00-00-00-00-00-00-00-00-00-00-00-00-00-00-00-00-00-00-00-00-00-00
[15:24:45:281]50-49-01-C0-61-7E-01-00-03-00-0E-A7-00
[15:24:45:281]50-49-0E-D0-00-00-00-00-02-00-E0-00-
[15:24:45:281]REMOTE_GET_MODE=00
[15:24:45:281][HID_TX]00-80-07-AE-AF-50-41-06-28-01-00-63-00-00-00-00-00-00-00-00-00-00-00-00-00-00-00-00-00-00-00-00-00-00-00-00-00-00-00-00-00-00-00-00-00-00-00-00-00-00-00-00-00-00-00-00-00-00-00-00-00-00-00-00-00
[15:24:45:283]HidD_GetInputReport=True
[15:24:45:283]reply_report=00-4F-00-00-00-00-00-00-00-00-00-00-00-00-00-00-00-00-00-00-00-00-00-00-00-00-00-00-00-00-00-00-00-00-00-00-00-00-00-00-00-00-00-00-00-00-00-00-00-00-00-00-00-00-00-00-00-00-00-00-00-00-00-00-00
[15:24:45:283]50-41-06-28-01-00-63 [CMD_SENT][CMD_GET_IO_LEVEL]
[15:24:45:285][HID_TX_ack]00-12-50-49-01-C0-64-7E-01-00-08-00-06-A8-00-01-D8-FF-1F-00-00-00-00-02-00-E0-00-17-32-00-00-00-00-00-00-00-00-00-00-00-00-00-00-00-00-00-00-00-00-00-00-00-00-00-00-00-00-00-00-00-00-00-00-00-00
[15:24:45:285]50-49-01-C0-64-7E-01-00-08-00-06-A8-00-01-D8-FF-1F-00
[15:24:45:495][HID_TX]00-80-06-42-1C-50-41-0E-29-01-E0-00-00-00-00-00-00-00-00-00-00-00-00-00-00-00-00-00-00-00-00-00-00-00-00-00-00-00-00-00-00-00-00-00-00-00-00-00-00-00-00-00-00-00-00-00-00-00-00-00-00-00-00-00-00
[15:24:45:496]HidD_GetInputReport=True
[15:24:45:496]reply_report=00-4F-00-00-00-00-00-00-00-00-00-00-00-00-00-00-00-00-00-00-00-00-00-00-00-00-00-00-00-00-00-00-00-00-00-00-00-00-00-00-00-00-00-00-00-00-00-00-00-00-00-00-00-00-00-00-00-00-00-00-00-00-00-00-00
[15:24:45:496]50-41-0E-29-01-E0 [CMD_SENT][REMOTE_GET_MODE]
[15:24:45:499][HID_TX_ack]00-19-50-49-01-C0-0F-7F-01-00-03-00-0E-A9-00-50-49-0E-D1-00-00-00-00-02-00-E0-00-17-32-00-00-00-00-00-00-00-00-00-00-00-00-00-00-00-00-00-00-00-00-00-00-00-00-00-00-00-00-00-00-00-00-00-00-00-00
[15:24:45:499]50-49-01-C0-0F-7F-01-00-03-00-0E-A9-00
[15:24:45:499]50-49-0E-D1-00-00-00-00-02-00-E0-00-
[15:24:45:499]REMOTE_GET_MODE=00
[15:24:45:499][HID_TX]00-80-07-45-80-50-41-06-2A-01-00-63-00-00-00-00-00-00-00-00-00-00-00-00-00-00-00-00-00-00-00-00-00-00-00-00-00-00-00-00-00-00-00-00-00-00-00-00-00-00-00-00-00-00-00-00-00-00-00-00-00-00-00-00-00
[15:24:45:500]HidD_GetInputReport=True
[15:24:45:500]reply_report=00-4F-00-00-00-00-00-00-00-00-00-00-00-00-00-00-00-00-00-00-00-00-00-00-00-00-00-00-00-00-00-00-00-00-00-00-00-00-00-00-00-00-00-00-00-00-00-00-00-00-00-00-00-00-00-00-00-00-00-00-00-00-00-00-00
[15:24:45:500]50-41-06-2A-01-00-63 [CMD_SENT][CMD_GET_IO_LEVEL]
[15:24:45:503][HID_TX_ack]00-12-50-49-01-C0-13-7F-01-00-08-00-06-AA-00-01-D8-FF-1F-00-00-00-00-02-00-E0-00-17-32-00-00-00-00-00-00-00-00-00-00-00-00-00-00-00-00-00-00-00-00-00-00-00-00-00-00-00-00-00-00-00-00-00-00-00-00
[15:24:45:503]50-49-01-C0-13-7F-01-00-08-00-06-AA-00-01-D8-FF-1F-00
[15:24:45:727][HID_TX]00-80-06-A9-33-50-41-0E-2B-01-E0-00-00-00-00-00-00-00-00-00-00-00-00-00-00-00-00-00-00-00-00-00-00-00-00-00-00-00-00-00-00-00-00-00-00-00-00-00-00-00-00-00-00-00-00-00-00-00-00-00-00-00-00-00-00
[15:24:45:729]HidD_GetInputReport=True
[15:24:45:729]reply_report=00-4F-00-00-00-00-00-00-00-00-00-00-00-00-00-00-00-00-00-00-00-00-00-00-00-00-00-00-00-00-00-00-00-00-00-00-00-00-00-00-00-00-00-00-00-00-00-00-00-00-00-00-00-00-00-00-00-00-00-00-00-00-00-00-00
[15:24:45:729]50-41-0E-2B-01-E0 [CMD_SENT][REMOTE_GET_MODE]
[15:24:45:731][HID_TX_ack]00-19-50-49-01-C0-C9-7F-01-00-03-00-0E-AB-00-50-49-0E-D2-00-00-00-00-02-00-E0-00-17-32-00-00-00-00-00-00-00-00-00-00-00-00-00-00-00-00-00-00-00-00-00-00-00-00-00-00-00-00-00-00-00-00-00-00-00-00
[15:24:45:731]50-49-01-C0-C9-7F-01-00-03-00-0E-AB-00
[15:24:45:731]50-49-0E-D2-00-00-00-00-02-00-E0-00-
[15:24:45:731]REMOTE_GET_MODE=00
[15:24:45:731][HID_TX]00-80-07-78-F0-50-41-06-2C-01-00-63-00-00-00-00-00-00-00-00-00-00-00-00-00-00-00-00-00-00-00-00-00-00-00-00-00-00-00-00-00-00-00-00-00-00-00-00-00-00-00-00-00-00-00-00-00-00-00-00-00-00-00-00-00
[15:24:45:732]HidD_GetInputReport=True
[15:24:45:732]reply_report=00-4F-00-00-00-00-00-00-00-00-00-00-00-00-00-00-00-00-00-00-00-00-00-00-00-00-00-00-00-00-00-00-00-00-00-00-00-00-00-00-00-00-00-00-00-00-00-00-00-00-00-00-00-00-00-00-00-00-00-00-00-00-00-00-00
[15:24:45:732]50-41-06-2C-01-00-63 [CMD_SENT][CMD_GET_IO_LEVEL]
[15:24:45:735][HID_TX_ack]00-12-50-49-01-C0-CC-7F-01-00-08-00-06-AC-00-01-D8-FF-1F-00-00-00-00-02-00-E0-00-17-32-00-00-00-00-00-00-00-00-00-00-00-00-00-00-00-00-00-00-00-00-00-00-00-00-00-00-00-00-00-00-00-00-00-00-00-00
[15:24:45:735]50-49-01-C0-CC-7F-01-00-08-00-06-AC-00-01-D8-FF-1F-00
[15:24:45:961][HID_TX]00-80-06-94-43-50-41-0E-2D-01-E0-00-00-00-00-00-00-00-00-00-00-00-00-00-00-00-00-00-00-00-00-00-00-00-00-00-00-00-00-00-00-00-00-00-00-00-00-00-00-00-00-00-00-00-00-00-00-00-00-00-00-00-00-00-00
[15:24:45:963]HidD_GetInputReport=True
[15:24:45:963]reply_report=00-4F-00-00-00-00-00-00-00-00-00-00-00-00-00-00-00-00-00-00-00-00-00-00-00-00-00-00-00-00-00-00-00-00-00-00-00-00-00-00-00-00-00-00-00-00-00-00-00-00-00-00-00-00-00-00-00-00-00-00-00-00-00-00-00
[15:24:45:963]50-41-0E-2D-01-E0 [CMD_SENT][REMOTE_GET_MODE]
[15:24:45:965][HID_TX_ack]00-19-50-49-01-C0-84-80-01-00-03-00-0E-AD-00-50-49-0E-D3-00-00-00-00-02-00-E0-00-17-32-00-00-00-00-00-00-00-00-00-00-00-00-00-00-00-00-00-00-00-00-00-00-00-00-00-00-00-00-00-00-00-00-00-00-00-00
[15:24:45:966]50-49-01-C0-84-80-01-00-03-00-0E-AD-00
[15:24:45:966]50-49-0E-D3-00-00-00-00-02-00-E0-00-
[15:24:45:966]REMOTE_GET_MODE=00
[15:24:45:966][HID_TX]00-80-07-93-DF-50-41-06-2E-01-00-63-00-00-00-00-00-00-00-00-00-00-00-00-00-00-00-00-00-00-00-00-00-00-00-00-00-00-00-00-00-00-00-00-00-00-00-00-00-00-00-00-00-00-00-00-00-00-00-00-00-00-00-00-00
[15:24:45:968]HidD_GetInputReport=True
[15:24:45:968]reply_report=00-4F-00-00-00-00-00-00-00-00-00-00-00-00-00-00-00-00-00-00-00-00-00-00-00-00-00-00-00-00-00-00-00-00-00-00-00-00-00-00-00-00-00-00-00-00-00-00-00-00-00-00-00-00-00-00-00-00-00-00-00-00-00-00-00
[15:24:45:968]50-41-06-2E-01-00-63 [CMD_SENT][CMD_GET_IO_LEVEL]
[15:24:45:970][HID_TX_ack]00-12-50-49-01-C0-88-80-01-00-08-00-06-AE-00-01-D8-FF-1F-00-00-00-00-02-00-E0-00-17-32-00-00-00-00-00-00-00-00-00-00-00-00-00-00-00-00-00-00-00-00-00-00-00-00-00-00-00-00-00-00-00-00-00-00-00-00
[15:24:45:970]50-49-01-C0-88-80-01-00-08-00-06-AE-00-01-D8-FF-1F-00
[15:24:46:195][HID_TX]00-80-06-7F-6C-50-41-0E-2F-01-E0-00-00-00-00-00-00-00-00-00-00-00-00-00-00-00-00-00-00-00-00-00-00-00-00-00-00-00-00-00-00-00-00-00-00-00-00-00-00-00-00-00-00-00-00-00-00-00-00-00-00-00-00-00-00
[15:24:46:197]HidD_GetInputReport=True
[15:24:46:197]reply_report=00-4F-00-00-00-00-00-00-00-00-00-00-00-00-00-00-00-00-00-00-00-00-00-00-00-00-00-00-00-00-00-00-00-00-00-00-00-00-00-00-00-00-00-00-00-00-00-00-00-00-00-00-00-00-00-00-00-00-00-00-00-00-00-00-00
[15:24:46:197]50-41-0E-2F-01-E0 [CMD_SENT][REMOTE_GET_MODE]
[15:24:46:199][HID_TX_ack]00-19-50-49-01-C0-3F-81-01-00-03-00-0E-AF-00-50-49-0E-D4-00-00-00-00-02-00-E0-00-17-32-00-00-00-00-00-00-00-00-00-00-00-00-00-00-00-00-00-00-00-00-00-00-00-00-00-00-00-00-00-00-00-00-00-00-00-00
[15:24:46:199]50-49-01-C0-3F-81-01-00-03-00-0E-AF-00
[15:24:46:199]50-49-0E-D4-00-00-00-00-02-00-E0-00-
[15:24:46:199]REMOTE_GET_MODE=00
[15:24:46:199][HID_TX]00-80-07-7B-7F-50-41-06-30-01-00-63-00-00-00-00-00-00-00-00-00-00-00-00-00-00-00-00-00-00-00-00-00-00-00-00-00-00-00-00-00-00-00-00-00-00-00-00-00-00-00-00-00-00-00-00-00-00-00-00-00-00-00-00-00
[15:24:46:200]HidD_GetInputReport=True
[15:24:46:200]reply_report=00-4F-00-00-00-00-00-00-00-00-00-00-00-00-00-00-00-00-00-00-00-00-00-00-00-00-00-00-00-00-00-00-00-00-00-00-00-00-00-00-00-00-00-00-00-00-00-00-00-00-00-00-00-00-00-00-00-00-00-00-00-00-00-00-00
[15:24:46:200]50-41-06-30-01-00-63 [CMD_SENT][CMD_GET_IO_LEVEL]
[15:24:46:203][HID_TX_ack]00-12-50-49-01-C0-43-81-01-00-08-00-06-B0-00-01-D8-FF-1F-00-00-00-00-02-00-E0-00-17-32-00-00-00-00-00-00-00-00-00-00-00-00-00-00-00-00-00-00-00-00-00-00-00-00-00-00-00-00-00-00-00-00-00-00-00-00
[15:24:46:203]50-49-01-C0-43-81-01-00-08-00-06-B0-00-01-D8-FF-1F-00
[15:24:46:372][HID_TX_ack]00-0D-50-49-11-D5-C8-81-01-00-03-00-20-EA-00-01-D8-FF-1F-00-00-00-00-02-00-E0-00-17-32-00-00-00-00-00-00-00-00-00-00-00-00-00-00-00-00-00-00-00-00-00-00-00-00-00-00-00-00-00-00-00-00-00-00-00-00
[15:24:46:372]50-49-11-D5-C8-81-01-00-03-00-20-EA-00
[15:24:46:383][HID_TX_ack]00-1A-50-49-01-C0-D2-81-01-00-03-00-11-93-18-50-49-01-C0-D3-81-01-00-03-00-11-94-17-32-00-00-00-00-00-00-00-00-00-00-00-00-00-00-00-00-00-00-00-00-00-00-00-00-00-00-00-00-00-00-00-00-00-00-00-00
[15:24:46:383]50-49-01-C0-D2-81-01-00-03-00-11-93-18
[15:24:46:383]50-49-01-C0-D3-81-01-00-03-00-11-94-17
[15:24:46:386][HID_TX_ack]00-0D-50-49-11-D6-D4-81-01-00-03-00-20-00-00-50-49-01-C0-D3-81-01-00-03-00-11-94-17-32-00-00-00-00-00-00-00-00-00-00-00-00-00-00-00-00-00-00-00-00-00-00-00-00-00-00-00-00-00-00-00-00-00-00-00-00
[15:24:46:386]50-49-11-D6-D4-81-01-00-03-00-20-00-00
[15:24:46:402][HID_TX_ack]00-0D-50-49-01-C0-E2-81-01-00-03-00-11-95-16-50-49-01-C0-D3-81-01-00-03-00-11-94-17-32-00-00-00-00-00-00-00-00-00-00-00-00-00-00-00-00-00-00-00-00-00-00-00-00-00-00-00-00-00-00-00-00-00-00-00-00
[15:24:46:402]50-49-01-C0-E2-81-01-00-03-00-11-95-16
[15:24:46:425][HID_TX]00-80-06-97-CC-50-41-0E-31-01-E0-00-00-00-00-00-00-00-00-00-00-00-00-00-00-00-00-00-00-00-00-00-00-00-00-00-00-00-00-00-00-00-00-00-00-00-00-00-00-00-00-00-00-00-00-00-00-00-00-00-00-00-00-00-00
[15:24:46:426]HidD_GetInputReport=True
[15:24:46:426]reply_report=00-4F-00-00-00-00-00-00-00-00-00-00-00-00-00-00-00-00-00-00-00-00-00-00-00-00-00-00-00-00-00-00-00-00-00-00-00-00-00-00-00-00-00-00-00-00-00-00-00-00-00-00-00-00-00-00-00-00-00-00-00-00-00-00-00
[15:24:46:426]50-41-0E-31-01-E0 [CMD_SENT][REMOTE_GET_MODE]
[15:24:46:429][HID_TX_ack]00-19-50-49-01-C0-F7-81-01-00-03-00-0E-B1-00-50-49-0E-D7-00-00-00-00-02-00-E0-00-17-32-00-00-00-00-00-00-00-00-00-00-00-00-00-00-00-00-00-00-00-00-00-00-00-00-00-00-00-00-00-00-00-00-00-00-00-00
[15:24:46:429]50-49-01-C0-F7-81-01-00-03-00-0E-B1-00
[15:24:46:429]50-49-0E-D7-00-00-00-00-02-00-E0-00-
[15:24:46:429]REMOTE_GET_MODE=00
[15:24:46:429][HID_TX]00-80-07-90-50-50-41-06-32-01-00-63-00-00-00-00-00-00-00-00-00-00-00-00-00-00-00-00-00-00-00-00-00-00-00-00-00-00-00-00-00-00-00-00-00-00-00-00-00-00-00-00-00-00-00-00-00-00-00-00-00-00-00-00-00
[15:24:46:430]HidD_GetInputReport=True
[15:24:46:430]reply_report=00-4F-00-00-00-00-00-00-00-00-00-00-00-00-00-00-00-00-00-00-00-00-00-00-00-00-00-00-00-00-00-00-00-00-00-00-00-00-00-00-00-00-00-00-00-00-00-00-00-00-00-00-00-00-00-00-00-00-00-00-00-00-00-00-00
[15:24:46:430]50-41-06-32-01-00-63 [CMD_SENT][CMD_GET_IO_LEVEL]
[15:24:46:433][HID_TX_ack]00-12-50-49-01-C0-FB-81-01-00-08-00-06-B2-00-01-D8-FF-1F-00-00-00-00-02-00-E0-00-17-32-00-00-00-00-00-00-00-00-00-00-00-00-00-00-00-00-00-00-00-00-00-00-00-00-00-00-00-00-00-00-00-00-00-00-00-00
[15:24:46:433]50-49-01-C0-FB-81-01-00-08-00-06-B2-00-01-D8-FF-1F-00
[15:24:46:657][HID_TX]00-80-06-7C-E3-50-41-0E-33-01-E0-00-00-00-00-00-00-00-00-00-00-00-00-00-00-00-00-00-00-00-00-00-00-00-00-00-00-00-00-00-00-00-00-00-00-00-00-00-00-00-00-00-00-00-00-00-00-00-00-00-00-00-00-00-00
[15:24:46:659]HidD_GetInputReport=True
[15:24:46:659]reply_report=00-4F-00-00-00-00-00-00-00-00-00-00-00-00-00-00-00-00-00-00-00-00-00-00-00-00-00-00-00-00-00-00-00-00-00-00-00-00-00-00-00-00-00-00-00-00-00-00-00-00-00-00-00-00-00-00-00-00-00-00-00-00-00-00-00
[15:24:46:659]50-41-0E-33-01-E0 [CMD_SENT][REMOTE_GET_MODE]
[15:24:46:661][HID_TX_ack]00-19-50-49-01-C0-B1-82-01-00-03-00-0E-B3-00-50-49-0E-D8-00-00-00-00-02-00-E0-00-17-32-00-00-00-00-00-00-00-00-00-00-00-00-00-00-00-00-00-00-00-00-00-00-00-00-00-00-00-00-00-00-00-00-00-00-00-00
[15:24:46:661]50-49-01-C0-B1-82-01-00-03-00-0E-B3-00
[15:24:46:661]50-49-0E-D8-00-00-00-00-02-00-E0-00-
[15:24:46:661]REMOTE_GET_MODE=00
[15:24:46:661][HID_TX]00-80-07-AD-20-50-41-06-34-01-00-63-00-00-00-00-00-00-00-00-00-00-00-00-00-00-00-00-00-00-00-00-00-00-00-00-00-00-00-00-00-00-00-00-00-00-00-00-00-00-00-00-00-00-00-00-00-00-00-00-00-00-00-00-00
[15:24:46:662]HidD_GetInputReport=True
[15:24:46:662]reply_report=00-4F-00-00-00-00-00-00-00-00-00-00-00-00-00-00-00-00-00-00-00-00-00-00-00-00-00-00-00-00-00-00-00-00-00-00-00-00-00-00-00-00-00-00-00-00-00-00-00-00-00-00-00-00-00-00-00-00-00-00-00-00-00-00-00
[15:24:46:662]50-41-06-34-01-00-63 [CMD_SENT][CMD_GET_IO_LEVEL]
[15:24:46:665][HID_TX_ack]00-12-50-49-01-C0-B4-82-01-00-08-00-06-B4-00-01-D8-FF-1F-00-00-00-00-02-00-E0-00-17-32-00-00-00-00-00-00-00-00-00-00-00-00-00-00-00-00-00-00-00-00-00-00-00-00-00-00-00-00-00-00-00-00-00-00-00-00
[15:24:46:665]50-49-01-C0-B4-82-01-00-08-00-06-B4-00-01-D8-FF-1F-00
[15:24:46:889][HID_TX]00-80-06-41-93-50-41-0E-35-01-E0-00-00-00-00-00-00-00-00-00-00-00-00-00-00-00-00-00-00-00-00-00-00-00-00-00-00-00-00-00-00-00-00-00-00-00-00-00-00-00-00-00-00-00-00-00-00-00-00-00-00-00-00-00-00
[15:24:46:890]HidD_GetInputReport=True
[15:24:46:891]reply_report=00-4F-00-00-00-00-00-00-00-00-00-00-00-00-00-00-00-00-00-00-00-00-00-00-00-00-00-00-00-00-00-00-00-00-00-00-00-00-00-00-00-00-00-00-00-00-00-00-00-00-00-00-00-00-00-00-00-00-00-00-00-00-00-00-00
[15:24:46:891]50-41-0E-35-01-E0 [CMD_SENT][REMOTE_GET_MODE]
[15:24:46:893][HID_TX_ack]00-19-50-49-01-C0-6A-83-01-00-03-00-0E-B5-00-50-49-0E-D9-00-00-00-00-02-00-E0-00-17-32-00-00-00-00-00-00-00-00-00-00-00-00-00-00-00-00-00-00-00-00-00-00-00-00-00-00-00-00-00-00-00-00-00-00-00-00
[15:24:46:893]50-49-01-C0-6A-83-01-00-03-00-0E-B5-00
[15:24:46:893]50-49-0E-D9-00-00-00-00-02-00-E0-00-
[15:24:46:893]REMOTE_GET_MODE=00
[15:24:46:893][HID_TX]00-80-07-46-0F-50-41-06-36-01-00-63-00-00-00-00-00-00-00-00-00-00-00-00-00-00-00-00-00-00-00-00-00-00-00-00-00-00-00-00-00-00-00-00-00-00-00-00-00-00-00-00-00-00-00-00-00-00-00-00-00-00-00-00-00
[15:24:46:895]HidD_GetInputReport=True
[15:24:46:895]reply_report=00-4F-00-00-00-00-00-00-00-00-00-00-00-00-00-00-00-00-00-00-00-00-00-00-00-00-00-00-00-00-00-00-00-00-00-00-00-00-00-00-00-00-00-00-00-00-00-00-00-00-00-00-00-00-00-00-00-00-00-00-00-00-00-00-00
[15:24:46:895]50-41-06-36-01-00-63 [CMD_SENT][CMD_GET_IO_LEVEL]
[15:24:46:897][HID_TX_ack]00-12-50-49-01-C0-6E-83-01-00-08-00-06-B6-00-01-D8-FF-1F-00-00-00-00-02-00-E0-00-17-32-00-00-00-00-00-00-00-00-00-00-00-00-00-00-00-00-00-00-00-00-00-00-00-00-00-00-00-00-00-00-00-00-00-00-00-00
[15:24:46:897]50-49-01-C0-6E-83-01-00-08-00-06-B6-00-01-D8-FF-1F-00
[15:24:47:122][HID_TX]00-80-06-AA-BC-50-41-0E-37-01-E0-00-00-00-00-00-00-00-00-00-00-00-00-00-00-00-00-00-00-00-00-00-00-00-00-00-00-00-00-00-00-00-00-00-00-00-00-00-00-00-00-00-00-00-00-00-00-00-00-00-00-00-00-00-00
[15:24:47:123]HidD_GetInputReport=True
[15:24:47:123]reply_report=00-4F-00-00-00-00-00-00-00-00-00-00-00-00-00-00-00-00-00-00-00-00-00-00-00-00-00-00-00-00-00-00-00-00-00-00-00-00-00-00-00-00-00-00-00-00-00-00-00-00-00-00-00-00-00-00-00-00-00-00-00-00-00-00-00
[15:24:47:123]50-41-0E-37-01-E0 [CMD_SENT][REMOTE_GET_MODE]
[15:24:47:126][HID_TX_ack]00-19-50-49-01-C0-25-84-01-00-03-00-0E-B7-00-50-49-0E-DA-00-00-00-00-02-00-E0-00-17-32-00-00-00-00-00-00-00-00-00-00-00-00-00-00-00-00-00-00-00-00-00-00-00-00-00-00-00-00-00-00-00-00-00-00-00-00
[15:24:47:126]50-49-01-C0-25-84-01-00-03-00-0E-B7-00
[15:24:47:126]50-49-0E-DA-00-00-00-00-02-00-E0-00-
[15:24:47:126]REMOTE_GET_MODE=00
[15:24:47:126][HID_TX]00-80-07-D7-C0-50-41-06-38-01-00-63-00-00-00-00-00-00-00-00-00-00-00-00-00-00-00-00-00-00-00-00-00-00-00-00-00-00-00-00-00-00-00-00-00-00-00-00-00-00-00-00-00-00-00-00-00-00-00-00-00-00-00-00-00
[15:24:47:128]HidD_GetInputReport=True
[15:24:47:128]reply_report=00-4F-00-00-00-00-00-00-00-00-00-00-00-00-00-00-00-00-00-00-00-00-00-00-00-00-00-00-00-00-00-00-00-00-00-00-00-00-00-00-00-00-00-00-00-00-00-00-00-00-00-00-00-00-00-00-00-00-00-00-00-00-00-00-00
[15:24:47:128]50-41-06-38-01-00-63 [CMD_SENT][CMD_GET_IO_LEVEL]
[15:24:47:131][HID_TX_ack]00-12-50-49-01-C0-29-84-01-00-08-00-06-B8-00-01-D8-FF-1F-00-00-00-00-02-00-E0-00-17-32-00-00-00-00-00-00-00-00-00-00-00-00-00-00-00-00-00-00-00-00-00-00-00-00-00-00-00-00-00-00-00-00-00-00-00-00
[15:24:47:131]50-49-01-C0-29-84-01-00-08-00-06-B8-00-01-D8-FF-1F-00
