[15:09:46:671]\\?\hid#dell09c2&col02#5&bc4dc33&0&0001#{4d1e55b2-f16f-11cf-88cb-001111000030}
[15:09:46:671]\\?\hid#dell09c2&col03#5&bc4dc33&0&0002#{4d1e55b2-f16f-11cf-88cb-001111000030}
[15:09:46:671]\\?\hid#intc816&col01#3&207f9b7f&0&0000#{4d1e55b2-f16f-11cf-88cb-001111000030}
[15:09:46:671]\\?\hid#intc816&col02#3&207f9b7f&0&0001#{4d1e55b2-f16f-11cf-88cb-001111000030}
[15:09:46:671]\\?\hid#converteddevice&col02#5&17bac0a6&0&0001#{4d1e55b2-f16f-11cf-88cb-001111000030}
[15:09:46:672]\\?\hid#converteddevice&col03#5&17bac0a6&0&0002#{4d1e55b2-f16f-11cf-88cb-001111000030}
[15:09:46:672]\\?\hid#dell09c2&col04#5&bc4dc33&0&0003#{4d1e55b2-f16f-11cf-88cb-001111000030}
[15:09:46:672]\\?\hid#{00001812-0000-1000-8000-00805f9b34fb}_dev_vid&0232c2_pid&0001_rev&0068_ccb624cd66b1#9&326e3aae&0&0000#{4d1e55b2-f16f-11cf-88cb-001111000030}
[15:09:46:672]\\?\hid#dell09c2&col05#5&bc4dc33&0&0004#{4d1e55b2-f16f-11cf-88cb-001111000030}
[15:09:46:672]\\?\hid#converteddevice&col01#5&17bac0a6&0&0000#{4d1e55b2-f16f-11cf-88cb-001111000030}\kbd
[15:09:46:672]\\?\hid#dell09c2&col01#5&bc4dc33&0&0000#{4d1e55b2-f16f-11cf-88cb-001111000030}
[15:09:46:672]\\?\hid#vid_046d&pid_0adf&mi_00#7&3ad8dff3&0&0000#{4d1e55b2-f16f-11cf-88cb-001111000030}
[15:09:46:672]\\?\hid#vid_046d&pid_0adf&mi_04#7&18e94d0e&0&0000#{4d1e55b2-f16f-11cf-88cb-001111000030}
[15:09:46:673]try_path=\\?\hid#vid_046d&pid_0adf&mi_00#7&3ad8dff3&0&0000#{4d1e55b2-f16f-11cf-88cb-001111000030}
[15:09:46:675]	InputReportByteLength=65
[15:09:46:675]	OutputReportByteLength=65
[15:09:46:676]HID_Connected=\\?\hid#vid_046d&pid_0adf&mi_00#7&3ad8dff3&0&0000#{4d1e55b2-f16f-11cf-88cb-001111000030}
[15:09:46:677][HID_TX]00-84-01-D1-55-01-00-00-00-00-00-00-00-00-00-00-00-00-00-00-00-00-00-00-00-00-00-00-00-00-00-00-00-00-00-00-00-00-00-00-00-00-00-00-00-00-00-00-00-00-00-00-00-00-00-00-00-00-00-00-00-00-00-00-00
[15:09:46:679]HidD_GetInputReport=True
[15:09:46:679]reply_report=00-4F-56-31-2E-38-2E-35-2E-31-00-00-00-00-00-00-00-00-00-00-00-00-00-00-00-00-00-00-00-00-00-00-00-00-00-00-00-00-00-00-00-00-00-00-00-00-00-00-00-00-00-00-00-00-00-00-00-00-00-00-00-00-00-00-00
[15:09:46:679][ys_tech] fw_version=V1.8.5.1
[15:09:46:679]ystech_Power_Saving, is_EnablePowerSaving=False
[15:09:46:679][HID_TX]00-85-01-83-8B-01-00-00-00-00-00-00-00-00-00-00-00-00-00-00-00-00-00-00-00-00-00-00-00-00-00-00-00-00-00-00-00-00-00-00-00-00-00-00-00-00-00-00-00-00-00-00-00-00-00-00-00-00-00-00-00-00-00-00-00
[15:09:46:681]HidD_GetInputReport=True
[15:09:46:681]reply_report=00-4F-00-00-00-00-00-00-00-00-00-00-00-00-00-00-00-00-00-00-00-00-00-00-00-00-00-00-00-00-00-00-00-00-00-00-00-00-00-00-00-00-00-00-00-00-00-00-00-00-00-00-00-00-00-00-00-00-00-00-00-00-00-00-00
[15:09:46:681]HID_CMD_POWER_SAVING_Disable
[15:09:46:681]path_connected=\\?\hid#vid_046d&pid_0adf&mi_00#7&3ad8dff3&0&0000#{4d1e55b2-f16f-11cf-88cb-001111000030}
[15:09:52:970][HID_TX]00-80-06-1C-7D-50-41-0E-01-01-E0-00-00-00-00-00-00-00-00-00-00-00-00-00-00-00-00-00-00-00-00-00-00-00-00-00-00-00-00-00-00-00-00-00-00-00-00-00-00-00-00-00-00-00-00-00-00-00-00-00-00-00-00-00-00
[15:09:52:971]HidD_GetInputReport=True
[15:09:52:971]reply_report=00-4F-00-00-00-00-00-00-00-00-00-00-00-00-00-00-00-00-00-00-00-00-00-00-00-00-00-00-00-00-00-00-00-00-00-00-00-00-00-00-00-00-00-00-00-00-00-00-00-00-00-00-00-00-00-00-00-00-00-00-00-00-00-00-00
[15:09:52:971]50-41-0E-01-01-E0 [CMD_SENT][REMOTE_GET_MODE]
[15:09:52:976][HID_TX_ack]00-19-50-49-01-C0-86-D2-03-00-03-00-0E-81-00-50-49-0E-CA-00-00-00-00-02-00-E0-00-00-03-00-11-BD-18-50-49-01-C0-7A-3E-03-00-03-00-11-BE-17-00-00-00-00-00-00-00-00-00-00-00-00-00-00-00-00-00-00-00
[15:09:52:980]REMOTE_GET_MODE=00
[15:09:52:980]50-49-01-C0-86-D2-03-00-03-00-0E-81-00
[15:09:52:980]50-49-0E-CA-00-00-00-00-02-00-E0-00-
[15:09:52:981][HID_TX]00-80-07-1B-E1-50-41-06-02-01-00-63-00-00-00-00-00-00-00-00-00-00-00-00-00-00-00-00-00-00-00-00-00-00-00-00-00-00-00-00-00-00-00-00-00-00-00-00-00-00-00-00-00-00-00-00-00-00-00-00-00-00-00-00-00
[15:09:52:982]HidD_GetInputReport=True
[15:09:52:982]reply_report=00-4F-00-00-00-00-00-00-00-00-00-00-00-00-00-00-00-00-00-00-00-00-00-00-00-00-00-00-00-00-00-00-00-00-00-00-00-00-00-00-00-00-00-00-00-00-00-00-00-00-00-00-00-00-00-00-00-00-00-00-00-00-00-00-00
[15:09:52:982]50-41-06-02-01-00-63 [CMD_SENT][CMD_GET_IO_LEVEL]
[15:09:52:985][HID_TX_ack]00-12-50-49-01-C0-8F-D2-03-00-08-00-06-82-00-01-DD-FF-1F-00-00-00-00-02-00-E0-00-00-03-00-11-BD-18-50-49-01-C0-7A-3E-03-00-03-00-11-BE-17-00-00-00-00-00-00-00-00-00-00-00-00-00-00-00-00-00-00-00
[15:09:52:985]50-49-01-C0-8F-D2-03-00-08-00-06-82-00-01-DD-FF-1F-00
[15:09:53:198][HID_TX]00-80-06-F7-52-50-41-0E-03-01-E0-00-00-00-00-00-00-00-00-00-00-00-00-00-00-00-00-00-00-00-00-00-00-00-00-00-00-00-00-00-00-00-00-00-00-00-00-00-00-00-00-00-00-00-00-00-00-00-00-00-00-00-00-00-00
[15:09:53:199]HidD_GetInputReport=True
[15:09:53:199]reply_report=00-4F-00-00-00-00-00-00-00-00-00-00-00-00-00-00-00-00-00-00-00-00-00-00-00-00-00-00-00-00-00-00-00-00-00-00-00-00-00-00-00-00-00-00-00-00-00-00-00-00-00-00-00-00-00-00-00-00-00-00-00-00-00-00-00
[15:09:53:199]50-41-0E-03-01-E0 [CMD_SENT][REMOTE_GET_MODE]
[15:09:53:202][HID_TX_ack]00-19-50-49-01-C0-3D-D3-03-00-03-00-0E-83-00-50-49-0E-CB-00-00-00-00-02-00-E0-00-00-03-00-11-BD-18-50-49-01-C0-7A-3E-03-00-03-00-11-BE-17-00-00-00-00-00-00-00-00-00-00-00-00-00-00-00-00-00-00-00
[15:09:53:202]50-49-01-C0-3D-D3-03-00-03-00-0E-83-00
[15:09:53:202]50-49-0E-CB-00-00-00-00-02-00-E0-00-
[15:09:53:202]REMOTE_GET_MODE=00
[15:09:53:202][HID_TX]00-80-07-26-91-50-41-06-04-01-00-63-00-00-00-00-00-00-00-00-00-00-00-00-00-00-00-00-00-00-00-00-00-00-00-00-00-00-00-00-00-00-00-00-00-00-00-00-00-00-00-00-00-00-00-00-00-00-00-00-00-00-00-00-00
[15:09:53:203]HidD_GetInputReport=True
[15:09:53:203]reply_report=00-4F-00-00-00-00-00-00-00-00-00-00-00-00-00-00-00-00-00-00-00-00-00-00-00-00-00-00-00-00-00-00-00-00-00-00-00-00-00-00-00-00-00-00-00-00-00-00-00-00-00-00-00-00-00-00-00-00-00-00-00-00-00-00-00
[15:09:53:203]50-41-06-04-01-00-63 [CMD_SENT][CMD_GET_IO_LEVEL]
[15:09:53:206][HID_TX_ack]00-12-50-49-01-C0-40-D3-03-00-08-00-06-84-00-01-DD-FF-1F-00-00-00-00-02-00-E0-00-00-03-00-11-BD-18-50-49-01-C0-7A-3E-03-00-03-00-11-BE-17-00-00-00-00-00-00-00-00-00-00-00-00-00-00-00-00-00-00-00
[15:09:53:206]50-49-01-C0-40-D3-03-00-08-00-06-84-00-01-DD-FF-1F-00
[15:09:53:431][HID_TX]00-80-06-CA-22-50-41-0E-05-01-E0-00-00-00-00-00-00-00-00-00-00-00-00-00-00-00-00-00-00-00-00-00-00-00-00-00-00-00-00-00-00-00-00-00-00-00-00-00-00-00-00-00-00-00-00-00-00-00-00-00-00-00-00-00-00
[15:09:53:433]HidD_GetInputReport=True
[15:09:53:433]reply_report=00-4F-00-00-00-00-00-00-00-00-00-00-00-00-00-00-00-00-00-00-00-00-00-00-00-00-00-00-00-00-00-00-00-00-00-00-00-00-00-00-00-00-00-00-00-00-00-00-00-00-00-00-00-00-00-00-00-00-00-00-00-00-00-00-00
[15:09:53:433]50-41-0E-05-01-E0 [CMD_SENT][REMOTE_GET_MODE]
[15:09:53:435][HID_TX_ack]00-19-50-49-01-C0-F7-D3-03-00-03-00-0E-85-00-50-49-0E-CC-00-00-00-00-02-00-E0-00-00-03-00-11-BD-18-50-49-01-C0-7A-3E-03-00-03-00-11-BE-17-00-00-00-00-00-00-00-00-00-00-00-00-00-00-00-00-00-00-00
[15:09:53:435]50-49-01-C0-F7-D3-03-00-03-00-0E-85-00
[15:09:53:435]50-49-0E-CC-00-00-00-00-02-00-E0-00-
[15:09:53:435]REMOTE_GET_MODE=00
[15:09:53:435][HID_TX]00-80-07-CD-BE-50-41-06-06-01-00-63-00-00-00-00-00-00-00-00-00-00-00-00-00-00-00-00-00-00-00-00-00-00-00-00-00-00-00-00-00-00-00-00-00-00-00-00-00-00-00-00-00-00-00-00-00-00-00-00-00-00-00-00-00
[15:09:53:437]HidD_GetInputReport=True
[15:09:53:437]reply_report=00-4F-00-00-00-00-00-00-00-00-00-00-00-00-00-00-00-00-00-00-00-00-00-00-00-00-00-00-00-00-00-00-00-00-00-00-00-00-00-00-00-00-00-00-00-00-00-00-00-00-00-00-00-00-00-00-00-00-00-00-00-00-00-00-00
[15:09:53:437]50-41-06-06-01-00-63 [CMD_SENT][CMD_GET_IO_LEVEL]
[15:09:53:439][HID_TX_ack]00-12-50-49-01-C0-FB-D3-03-00-08-00-06-86-00-01-DD-FF-1F-00-00-00-00-02-00-E0-00-00-03-00-11-BD-18-50-49-01-C0-7A-3E-03-00-03-00-11-BE-17-00-00-00-00-00-00-00-00-00-00-00-00-00-00-00-00-00-00-00
[15:09:53:439]50-49-01-C0-FB-D3-03-00-08-00-06-86-00-01-DD-FF-1F-00
[15:09:53:663][HID_TX]00-80-06-21-0D-50-41-0E-07-01-E0-00-00-00-00-00-00-00-00-00-00-00-00-00-00-00-00-00-00-00-00-00-00-00-00-00-00-00-00-00-00-00-00-00-00-00-00-00-00-00-00-00-00-00-00-00-00-00-00-00-00-00-00-00-00
[15:09:53:664]HidD_GetInputReport=True
[15:09:53:664]reply_report=00-4F-00-00-00-00-00-00-00-00-00-00-00-00-00-00-00-00-00-00-00-00-00-00-00-00-00-00-00-00-00-00-00-00-00-00-00-00-00-00-00-00-00-00-00-00-00-00-00-00-00-00-00-00-00-00-00-00-00-00-00-00-00-00-00
[15:09:53:664]50-41-0E-07-01-E0 [CMD_SENT][REMOTE_GET_MODE]
[15:09:53:667][HID_TX_ack]00-19-50-49-01-C0-B1-D4-03-00-03-00-0E-87-00-50-49-0E-CD-00-00-00-00-02-00-E0-00-00-03-00-11-BD-18-50-49-01-C0-7A-3E-03-00-03-00-11-BE-17-00-00-00-00-00-00-00-00-00-00-00-00-00-00-00-00-00-00-00
[15:09:53:667]50-49-01-C0-B1-D4-03-00-03-00-0E-87-00
[15:09:53:667]50-49-0E-CD-00-00-00-00-02-00-E0-00-
[15:09:53:667]REMOTE_GET_MODE=00
[15:09:53:667][HID_TX]00-80-07-5C-71-50-41-06-08-01-00-63-00-00-00-00-00-00-00-00-00-00-00-00-00-00-00-00-00-00-00-00-00-00-00-00-00-00-00-00-00-00-00-00-00-00-00-00-00-00-00-00-00-00-00-00-00-00-00-00-00-00-00-00-00
[15:09:53:668]HidD_GetInputReport=True
[15:09:53:668]reply_report=00-4F-00-00-00-00-00-00-00-00-00-00-00-00-00-00-00-00-00-00-00-00-00-00-00-00-00-00-00-00-00-00-00-00-00-00-00-00-00-00-00-00-00-00-00-00-00-00-00-00-00-00-00-00-00-00-00-00-00-00-00-00-00-00-00
[15:09:53:668]50-41-06-08-01-00-63 [CMD_SENT][CMD_GET_IO_LEVEL]
[15:09:53:671][HID_TX_ack]00-12-50-49-01-C0-B4-D4-03-00-08-00-06-88-00-01-DD-FF-1F-00-00-00-00-02-00-E0-00-00-03-00-11-BD-18-50-49-01-C0-7A-3E-03-00-03-00-11-BE-17-00-00-00-00-00-00-00-00-00-00-00-00-00-00-00-00-00-00-00
[15:09:53:671]50-49-01-C0-B4-D4-03-00-08-00-06-88-00-01-DD-FF-1F-00
[15:09:53:895][HID_TX]00-80-06-B0-C2-50-41-0E-09-01-E0-00-00-00-00-00-00-00-00-00-00-00-00-00-00-00-00-00-00-00-00-00-00-00-00-00-00-00-00-00-00-00-00-00-00-00-00-00-00-00-00-00-00-00-00-00-00-00-00-00-00-00-00-00-00
[15:09:53:896]HidD_GetInputReport=True
[15:09:53:896]reply_report=00-4F-00-00-00-00-00-00-00-00-00-00-00-00-00-00-00-00-00-00-00-00-00-00-00-00-00-00-00-00-00-00-00-00-00-00-00-00-00-00-00-00-00-00-00-00-00-00-00-00-00-00-00-00-00-00-00-00-00-00-00-00-00-00-00
[15:09:53:896]50-41-0E-09-01-E0 [CMD_SENT][REMOTE_GET_MODE]
[15:09:53:899][HID_TX_ack]00-19-50-49-01-C0-6A-D5-03-00-03-00-0E-89-00-50-49-0E-CE-00-00-00-00-02-00-E0-00-00-03-00-11-BD-18-50-49-01-C0-7A-3E-03-00-03-00-11-BE-17-00-00-00-00-00-00-00-00-00-00-00-00-00-00-00-00-00-00-00
[15:09:53:899]50-49-01-C0-6A-D5-03-00-03-00-0E-89-00
[15:09:53:899]50-49-0E-CE-00-00-00-00-02-00-E0-00-
[15:09:53:899]REMOTE_GET_MODE=00
[15:09:53:899][HID_TX]00-80-07-B7-5E-50-41-06-0A-01-00-63-00-00-00-00-00-00-00-00-00-00-00-00-00-00-00-00-00-00-00-00-00-00-00-00-00-00-00-00-00-00-00-00-00-00-00-00-00-00-00-00-00-00-00-00-00-00-00-00-00-00-00-00-00
[15:09:53:901]HidD_GetInputReport=True
[15:09:53:901]reply_report=00-4F-00-00-00-00-00-00-00-00-00-00-00-00-00-00-00-00-00-00-00-00-00-00-00-00-00-00-00-00-00-00-00-00-00-00-00-00-00-00-00-00-00-00-00-00-00-00-00-00-00-00-00-00-00-00-00-00-00-00-00-00-00-00-00
[15:09:53:901]50-41-06-0A-01-00-63 [CMD_SENT][CMD_GET_IO_LEVEL]
[15:09:53:903][HID_TX_ack]00-12-50-49-01-C0-6F-D5-03-00-08-00-06-8A-00-01-DD-FF-1F-00-00-00-00-02-00-E0-00-00-03-00-11-BD-18-50-49-01-C0-7A-3E-03-00-03-00-11-BE-17-00-00-00-00-00-00-00-00-00-00-00-00-00-00-00-00-00-00-00
[15:09:53:904]50-49-01-C0-6F-D5-03-00-08-00-06-8A-00-01-DD-FF-1F-00
[15:09:54:125][HID_TX]00-80-06-5B-ED-50-41-0E-0B-01-E0-00-00-00-00-00-00-00-00-00-00-00-00-00-00-00-00-00-00-00-00-00-00-00-00-00-00-00-00-00-00-00-00-00-00-00-00-00-00-00-00-00-00-00-00-00-00-00-00-00-00-00-00-00-00
[15:09:54:127]HidD_GetInputReport=True
[15:09:54:127]reply_report=00-4F-00-00-00-00-00-00-00-00-00-00-00-00-00-00-00-00-00-00-00-00-00-00-00-00-00-00-00-00-00-00-00-00-00-00-00-00-00-00-00-00-00-00-00-00-00-00-00-00-00-00-00-00-00-00-00-00-00-00-00-00-00-00-00
[15:09:54:128]50-41-0E-0B-01-E0 [CMD_SENT][REMOTE_GET_MODE]
[15:09:54:129][HID_TX_ack]00-19-50-49-01-C0-22-D6-03-00-03-00-0E-8B-00-50-49-0E-CF-00-00-00-00-02-00-E0-00-00-03-00-11-BD-18-50-49-01-C0-7A-3E-03-00-03-00-11-BE-17-00-00-00-00-00-00-00-00-00-00-00-00-00-00-00-00-00-00-00
[15:09:54:129]50-49-01-C0-22-D6-03-00-03-00-0E-8B-00
[15:09:54:129]50-49-0E-CF-00-00-00-00-02-00-E0-00-
[15:09:54:129]REMOTE_GET_MODE=00
[15:09:54:129][HID_TX]00-80-07-8A-2E-50-41-06-0C-01-00-63-00-00-00-00-00-00-00-00-00-00-00-00-00-00-00-00-00-00-00-00-00-00-00-00-00-00-00-00-00-00-00-00-00-00-00-00-00-00-00-00-00-00-00-00-00-00-00-00-00-00-00-00-00
[15:09:54:131]HidD_GetInputReport=True
[15:09:54:131]reply_report=00-4F-00-00-00-00-00-00-00-00-00-00-00-00-00-00-00-00-00-00-00-00-00-00-00-00-00-00-00-00-00-00-00-00-00-00-00-00-00-00-00-00-00-00-00-00-00-00-00-00-00-00-00-00-00-00-00-00-00-00-00-00-00-00-00
[15:09:54:131]50-41-06-0C-01-00-63 [CMD_SENT][CMD_GET_IO_LEVEL]
[15:09:54:133][HID_TX_ack]00-12-50-49-01-C0-26-D6-03-00-08-00-06-8C-00-01-DD-FF-1F-00-00-00-00-02-00-E0-00-00-03-00-11-BD-18-50-49-01-C0-7A-3E-03-00-03-00-11-BE-17-00-00-00-00-00-00-00-00-00-00-00-00-00-00-00-00-00-00-00
[15:09:54:133]50-49-01-C0-26-D6-03-00-08-00-06-8C-00-01-DD-FF-1F-00
[15:09:54:357][HID_TX]00-80-06-66-9D-50-41-0E-0D-01-E0-00-00-00-00-00-00-00-00-00-00-00-00-00-00-00-00-00-00-00-00-00-00-00-00-00-00-00-00-00-00-00-00-00-00-00-00-00-00-00-00-00-00-00-00-00-00-00-00-00-00-00-00-00-00
[15:09:54:359]HidD_GetInputReport=True
[15:09:54:359]reply_report=00-4F-00-00-00-00-00-00-00-00-00-00-00-00-00-00-00-00-00-00-00-00-00-00-00-00-00-00-00-00-00-00-00-00-00-00-00-00-00-00-00-00-00-00-00-00-00-00-00-00-00-00-00-00-00-00-00-00-00-00-00-00-00-00-00
[15:09:54:359]50-41-0E-0D-01-E0 [CMD_SENT][REMOTE_GET_MODE]
[15:09:54:361][HID_TX_ack]00-19-50-49-01-C0-DC-D6-03-00-03-00-0E-8D-00-50-49-0E-D0-00-00-00-00-02-00-E0-00-00-03-00-11-BD-18-50-49-01-C0-7A-3E-03-00-03-00-11-BE-17-00-00-00-00-00-00-00-00-00-00-00-00-00-00-00-00-00-00-00
[15:09:54:361]50-49-01-C0-DC-D6-03-00-03-00-0E-8D-00
[15:09:54:361]50-49-0E-D0-00-00-00-00-02-00-E0-00-
[15:09:54:361]REMOTE_GET_MODE=00
[15:09:54:362][HID_TX]00-80-07-61-01-50-41-06-0E-01-00-63-00-00-00-00-00-00-00-00-00-00-00-00-00-00-00-00-00-00-00-00-00-00-00-00-00-00-00-00-00-00-00-00-00-00-00-00-00-00-00-00-00-00-00-00-00-00-00-00-00-00-00-00-00
[15:09:54:363]HidD_GetInputReport=True
[15:09:54:363]reply_report=00-4F-00-00-00-00-00-00-00-00-00-00-00-00-00-00-00-00-00-00-00-00-00-00-00-00-00-00-00-00-00-00-00-00-00-00-00-00-00-00-00-00-00-00-00-00-00-00-00-00-00-00-00-00-00-00-00-00-00-00-00-00-00-00-00
[15:09:54:363]50-41-06-0E-01-00-63 [CMD_SENT][CMD_GET_IO_LEVEL]
[15:09:54:365][HID_TX_ack]00-12-50-49-01-C0-DF-D6-03-00-08-00-06-8E-00-01-DD-FF-1F-00-00-00-00-02-00-E0-00-00-03-00-11-BD-18-50-49-01-C0-7A-3E-03-00-03-00-11-BE-17-00-00-00-00-00-00-00-00-00-00-00-00-00-00-00-00-00-00-00
[15:09:54:365]50-49-01-C0-DF-D6-03-00-08-00-06-8E-00-01-DD-FF-1F-00
[15:09:54:592][HID_TX]00-80-06-8D-B2-50-41-0E-0F-01-E0-00-00-00-00-00-00-00-00-00-00-00-00-00-00-00-00-00-00-00-00-00-00-00-00-00-00-00-00-00-00-00-00-00-00-00-00-00-00-00-00-00-00-00-00-00-00-00-00-00-00-00-00-00-00
[15:09:54:593]HidD_GetInputReport=True
[15:09:54:593]reply_report=00-4F-00-00-00-00-00-00-00-00-00-00-00-00-00-00-00-00-00-00-00-00-00-00-00-00-00-00-00-00-00-00-00-00-00-00-00-00-00-00-00-00-00-00-00-00-00-00-00-00-00-00-00-00-00-00-00-00-00-00-00-00-00-00-00
[15:09:54:593]50-41-0E-0F-01-E0 [CMD_SENT][REMOTE_GET_MODE]
[15:09:54:596][HID_TX_ack]00-19-50-49-01-C0-98-D7-03-00-03-00-0E-8F-00-50-49-0E-D1-00-00-00-00-02-00-E0-00-00-03-00-11-BD-18-50-49-01-C0-7A-3E-03-00-03-00-11-BE-17-00-00-00-00-00-00-00-00-00-00-00-00-00-00-00-00-00-00-00
[15:09:54:596]50-49-01-C0-98-D7-03-00-03-00-0E-8F-00
[15:09:54:596]50-49-0E-D1-00-00-00-00-02-00-E0-00-
[15:09:54:596]REMOTE_GET_MODE=00
[15:09:54:596][HID_TX]00-80-07-89-A1-50-41-06-10-01-00-63-00-00-00-00-00-00-00-00-00-00-00-00-00-00-00-00-00-00-00-00-00-00-00-00-00-00-00-00-00-00-00-00-00-00-00-00-00-00-00-00-00-00-00-00-00-00-00-00-00-00-00-00-00
[15:09:54:597]HidD_GetInputReport=True
[15:09:54:597]reply_report=00-4F-00-00-00-00-00-00-00-00-00-00-00-00-00-00-00-00-00-00-00-00-00-00-00-00-00-00-00-00-00-00-00-00-00-00-00-00-00-00-00-00-00-00-00-00-00-00-00-00-00-00-00-00-00-00-00-00-00-00-00-00-00-00-00
[15:09:54:597]50-41-06-10-01-00-63 [CMD_SENT][CMD_GET_IO_LEVEL]
[15:09:54:600][HID_TX_ack]00-12-50-49-01-C0-9B-D7-03-00-08-00-06-90-00-01-DD-FF-1F-00-00-00-00-02-00-E0-00-00-03-00-11-BD-18-50-49-01-C0-7A-3E-03-00-03-00-11-BE-17-00-00-00-00-00-00-00-00-00-00-00-00-00-00-00-00-00-00-00
[15:09:54:600]50-49-01-C0-9B-D7-03-00-08-00-06-90-00-01-DD-FF-1F-00
[15:09:54:811][HID_TX]00-80-06-65-12-50-41-0E-11-01-E0-00-00-00-00-00-00-00-00-00-00-00-00-00-00-00-00-00-00-00-00-00-00-00-00-00-00-00-00-00-00-00-00-00-00-00-00-00-00-00-00-00-00-00-00-00-00-00-00-00-00-00-00-00-00
[15:09:54:811]HidD_GetInputReport=True
[15:09:54:811]reply_report=00-4F-00-00-00-00-00-00-00-00-00-00-00-00-00-00-00-00-00-00-00-00-00-00-00-00-00-00-00-00-00-00-00-00-00-00-00-00-00-00-00-00-00-00-00-00-00-00-00-00-00-00-00-00-00-00-00-00-00-00-00-00-00-00-00
[15:09:54:811]50-41-0E-11-01-E0 [CMD_SENT][REMOTE_GET_MODE]
[15:09:54:813][HID_TX_ack]00-19-50-49-01-C0-46-D8-03-00-03-00-0E-91-00-50-49-0E-D2-00-00-00-00-02-00-E0-00-00-03-00-11-BD-18-50-49-01-C0-7A-3E-03-00-03-00-11-BE-17-00-00-00-00-00-00-00-00-00-00-00-00-00-00-00-00-00-00-00
[15:09:54:814]50-49-01-C0-46-D8-03-00-03-00-0E-91-00
[15:09:54:814]50-49-0E-D2-00-00-00-00-02-00-E0-00-
[15:09:54:814]REMOTE_GET_MODE=00
[15:09:54:814][HID_TX]00-80-07-62-8E-50-41-06-12-01-00-63-00-00-00-00-00-00-00-00-00-00-00-00-00-00-00-00-00-00-00-00-00-00-00-00-00-00-00-00-00-00-00-00-00-00-00-00-00-00-00-00-00-00-00-00-00-00-00-00-00-00-00-00-00
[15:09:54:815]HidD_GetInputReport=True
[15:09:54:815]reply_report=00-4F-00-00-00-00-00-00-00-00-00-00-00-00-00-00-00-00-00-00-00-00-00-00-00-00-00-00-00-00-00-00-00-00-00-00-00-00-00-00-00-00-00-00-00-00-00-00-00-00-00-00-00-00-00-00-00-00-00-00-00-00-00-00-00
[15:09:54:815]50-41-06-12-01-00-63 [CMD_SENT][CMD_GET_IO_LEVEL]
[15:09:54:818][HID_TX_ack]00-12-50-49-01-C0-4A-D8-03-00-08-00-06-92-00-01-DD-FF-1F-00-00-00-00-02-00-E0-00-00-03-00-11-BD-18-50-49-01-C0-7A-3E-03-00-03-00-11-BE-17-00-00-00-00-00-00-00-00-00-00-00-00-00-00-00-00-00-00-00
[15:09:54:818]50-49-01-C0-4A-D8-03-00-08-00-06-92-00-01-DD-FF-1F-00
[15:09:55:042][HID_TX]00-80-06-8E-3D-50-41-0E-13-01-E0-00-00-00-00-00-00-00-00-00-00-00-00-00-00-00-00-00-00-00-00-00-00-00-00-00-00-00-00-00-00-00-00-00-00-00-00-00-00-00-00-00-00-00-00-00-00-00-00-00-00-00-00-00-00
[15:09:55:043]HidD_GetInputReport=True
[15:09:55:043]reply_report=00-4F-00-00-00-00-00-00-00-00-00-00-00-00-00-00-00-00-00-00-00-00-00-00-00-00-00-00-00-00-00-00-00-00-00-00-00-00-00-00-00-00-00-00-00-00-00-00-00-00-00-00-00-00-00-00-00-00-00-00-00-00-00-00-00
[15:09:55:043]50-41-0E-13-01-E0 [CMD_SENT][REMOTE_GET_MODE]
[15:09:55:046][HID_TX_ack]00-19-50-49-01-C0-00-D9-03-00-03-00-0E-93-00-50-49-0E-D3-00-00-00-00-02-00-E0-00-00-03-00-11-BD-18-50-49-01-C0-7A-3E-03-00-03-00-11-BE-17-00-00-00-00-00-00-00-00-00-00-00-00-00-00-00-00-00-00-00
[15:09:55:046]50-49-01-C0-00-D9-03-00-03-00-0E-93-00
[15:09:55:046]50-49-0E-D3-00-00-00-00-02-00-E0-00-
[15:09:55:046]REMOTE_GET_MODE=00
[15:09:55:046][HID_TX]00-80-07-5F-FE-50-41-06-14-01-00-63-00-00-00-00-00-00-00-00-00-00-00-00-00-00-00-00-00-00-00-00-00-00-00-00-00-00-00-00-00-00-00-00-00-00-00-00-00-00-00-00-00-00-00-00-00-00-00-00-00-00-00-00-00
[15:09:55:047]HidD_GetInputReport=True
[15:09:55:047]reply_report=00-4F-00-00-00-00-00-00-00-00-00-00-00-00-00-00-00-00-00-00-00-00-00-00-00-00-00-00-00-00-00-00-00-00-00-00-00-00-00-00-00-00-00-00-00-00-00-00-00-00-00-00-00-00-00-00-00-00-00-00-00-00-00-00-00
[15:09:55:047]50-41-06-14-01-00-63 [CMD_SENT][CMD_GET_IO_LEVEL]
[15:09:55:050][HID_TX_ack]00-12-50-49-01-C0-03-D9-03-00-08-00-06-94-00-01-DD-FF-1F-00-00-00-00-02-00-E0-00-00-03-00-11-BD-18-50-49-01-C0-7A-3E-03-00-03-00-11-BE-17-00-00-00-00-00-00-00-00-00-00-00-00-00-00-00-00-00-00-00
[15:09:55:050]50-49-01-C0-03-D9-03-00-08-00-06-94-00-01-DD-FF-1F-00
[15:09:55:272][HID_TX]00-80-06-B3-4D-50-41-0E-15-01-E0-00-00-00-00-00-00-00-00-00-00-00-00-00-00-00-00-00-00-00-00-00-00-00-00-00-00-00-00-00-00-00-00-00-00-00-00-00-00-00-00-00-00-00-00-00-00-00-00-00-00-00-00-00-00
[15:09:55:273]HidD_GetInputReport=True
[15:09:55:274]reply_report=00-4F-00-00-00-00-00-00-00-00-00-00-00-00-00-00-00-00-00-00-00-00-00-00-00-00-00-00-00-00-00-00-00-00-00-00-00-00-00-00-00-00-00-00-00-00-00-00-00-00-00-00-00-00-00-00-00-00-00-00-00-00-00-00-00
[15:09:55:274]50-41-0E-15-01-E0 [CMD_SENT][REMOTE_GET_MODE]
[15:09:55:277][HID_TX_ack]00-19-50-49-01-C0-B8-D9-03-00-03-00-0E-95-00-50-49-0E-D4-00-00-00-00-02-00-E0-00-00-03-00-11-BD-18-50-49-01-C0-7A-3E-03-00-03-00-11-BE-17-00-00-00-00-00-00-00-00-00-00-00-00-00-00-00-00-00-00-00
[15:09:55:277]50-49-01-C0-B8-D9-03-00-03-00-0E-95-00
[15:09:55:277]50-49-0E-D4-00-00-00-00-02-00-E0-00-
[15:09:55:277]REMOTE_GET_MODE=00
[15:09:55:278][HID_TX]00-80-07-B4-D1-50-41-06-16-01-00-63-00-00-00-00-00-00-00-00-00-00-00-00-00-00-00-00-00-00-00-00-00-00-00-00-00-00-00-00-00-00-00-00-00-00-00-00-00-00-00-00-00-00-00-00-00-00-00-00-00-00-00-00-00
[15:09:55:280]HidD_GetInputReport=True
[15:09:55:280]reply_report=00-4F-00-00-00-00-00-00-00-00-00-00-00-00-00-00-00-00-00-00-00-00-00-00-00-00-00-00-00-00-00-00-00-00-00-00-00-00-00-00-00-00-00-00-00-00-00-00-00-00-00-00-00-00-00-00-00-00-00-00-00-00-00-00-00
[15:09:55:280]50-41-06-16-01-00-63 [CMD_SENT][CMD_GET_IO_LEVEL]
[15:09:55:282][HID_TX_ack]00-12-50-49-01-C0-BD-D9-03-00-08-00-06-96-00-01-DD-FF-1F-00-00-00-00-02-00-E0-00-00-03-00-11-BD-18-50-49-01-C0-7A-3E-03-00-03-00-11-BE-17-00-00-00-00-00-00-00-00-00-00-00-00-00-00-00-00-00-00-00
[15:09:55:282]50-49-01-C0-BD-D9-03-00-08-00-06-96-00-01-DD-FF-1F-00
[15:09:55:506][HID_TX]00-80-06-58-62-50-41-0E-17-01-E0-00-00-00-00-00-00-00-00-00-00-00-00-00-00-00-00-00-00-00-00-00-00-00-00-00-00-00-00-00-00-00-00-00-00-00-00-00-00-00-00-00-00-00-00-00-00-00-00-00-00-00-00-00-00
[15:09:55:507]HidD_GetInputReport=True
[15:09:55:507]reply_report=00-4F-00-00-00-00-00-00-00-00-00-00-00-00-00-00-00-00-00-00-00-00-00-00-00-00-00-00-00-00-00-00-00-00-00-00-00-00-00-00-00-00-00-00-00-00-00-00-00-00-00-00-00-00-00-00-00-00-00-00-00-00-00-00-00
[15:09:55:507]50-41-0E-17-01-E0 [CMD_SENT][REMOTE_GET_MODE]
[15:09:55:510][HID_TX_ack]00-19-50-49-01-C0-73-DA-03-00-03-00-0E-97-00-50-49-0E-D5-00-00-00-00-02-00-E0-00-00-03-00-11-BD-18-50-49-01-C0-7A-3E-03-00-03-00-11-BE-17-00-00-00-00-00-00-00-00-00-00-00-00-00-00-00-00-00-00-00
[15:09:55:510]50-49-01-C0-73-DA-03-00-03-00-0E-97-00
[15:09:55:510]50-49-0E-D5-00-00-00-00-02-00-E0-00-
[15:09:55:510]REMOTE_GET_MODE=00
[15:09:55:510][HID_TX]00-80-07-25-1E-50-41-06-18-01-00-63-00-00-00-00-00-00-00-00-00-00-00-00-00-00-00-00-00-00-00-00-00-00-00-00-00-00-00-00-00-00-00-00-00-00-00-00-00-00-00-00-00-00-00-00-00-00-00-00-00-00-00-00-00
[15:09:55:511]HidD_GetInputReport=True
[15:09:55:511]reply_report=00-4F-00-00-00-00-00-00-00-00-00-00-00-00-00-00-00-00-00-00-00-00-00-00-00-00-00-00-00-00-00-00-00-00-00-00-00-00-00-00-00-00-00-00-00-00-00-00-00-00-00-00-00-00-00-00-00-00-00-00-00-00-00-00-00
[15:09:55:511]50-41-06-18-01-00-63 [CMD_SENT][CMD_GET_IO_LEVEL]
[15:09:55:514][HID_TX_ack]00-12-50-49-01-C0-77-DA-03-00-08-00-06-98-00-01-DD-FF-1F-00-00-00-00-02-00-E0-00-00-03-00-11-BD-18-50-49-01-C0-7A-3E-03-00-03-00-11-BE-17-00-00-00-00-00-00-00-00-00-00-00-00-00-00-00-00-00-00-00
[15:09:55:514]50-49-01-C0-77-DA-03-00-08-00-06-98-00-01-DD-FF-1F-00
[15:09:55:737][HID_TX]00-80-06-C9-AD-50-41-0E-19-01-E0-00-00-00-00-00-00-00-00-00-00-00-00-00-00-00-00-00-00-00-00-00-00-00-00-00-00-00-00-00-00-00-00-00-00-00-00-00-00-00-00-00-00-00-00-00-00-00-00-00-00-00-00-00-00
[15:09:55:738]HidD_GetInputReport=True
[15:09:55:738]reply_report=00-4F-00-00-00-00-00-00-00-00-00-00-00-00-00-00-00-00-00-00-00-00-00-00-00-00-00-00-00-00-00-00-00-00-00-00-00-00-00-00-00-00-00-00-00-00-00-00-00-00-00-00-00-00-00-00-00-00-00-00-00-00-00-00-00
[15:09:55:738]50-41-0E-19-01-E0 [CMD_SENT][REMOTE_GET_MODE]
[15:09:55:741][HID_TX_ack]00-19-50-49-01-C0-2C-DB-03-00-03-00-0E-99-00-50-49-0E-D6-00-00-00-00-02-00-E0-00-00-03-00-11-BD-18-50-49-01-C0-7A-3E-03-00-03-00-11-BE-17-00-00-00-00-00-00-00-00-00-00-00-00-00-00-00-00-00-00-00
[15:09:55:741]50-49-01-C0-2C-DB-03-00-03-00-0E-99-00
[15:09:55:741]50-49-0E-D6-00-00-00-00-02-00-E0-00-
[15:09:55:742]REMOTE_GET_MODE=00
[15:09:55:742][HID_TX]00-80-07-CE-31-50-41-06-1A-01-00-63-00-00-00-00-00-00-00-00-00-00-00-00-00-00-00-00-00-00-00-00-00-00-00-00-00-00-00-00-00-00-00-00-00-00-00-00-00-00-00-00-00-00-00-00-00-00-00-00-00-00-00-00-00
[15:09:55:744]HidD_GetInputReport=True
[15:09:55:744]reply_report=00-4F-00-00-00-00-00-00-00-00-00-00-00-00-00-00-00-00-00-00-00-00-00-00-00-00-00-00-00-00-00-00-00-00-00-00-00-00-00-00-00-00-00-00-00-00-00-00-00-00-00-00-00-00-00-00-00-00-00-00-00-00-00-00-00
[15:09:55:744]50-41-06-1A-01-00-63 [CMD_SENT][CMD_GET_IO_LEVEL]
[15:09:55:747][HID_TX_ack]00-12-50-49-01-C0-31-DB-03-00-08-00-06-9A-00-01-DD-FF-1F-00-00-00-00-02-00-E0-00-00-03-00-11-BD-18-50-49-01-C0-7A-3E-03-00-03-00-11-BE-17-00-00-00-00-00-00-00-00-00-00-00-00-00-00-00-00-00-00-00
[15:09:55:747]50-49-01-C0-31-DB-03-00-08-00-06-9A-00-01-DD-FF-1F-00
[15:09:55:968][HID_TX]00-80-06-22-82-50-41-0E-1B-01-E0-00-00-00-00-00-00-00-00-00-00-00-00-00-00-00-00-00-00-00-00-00-00-00-00-00-00-00-00-00-00-00-00-00-00-00-00-00-00-00-00-00-00-00-00-00-00-00-00-00-00-00-00-00-00
[15:09:55:970]HidD_GetInputReport=True
[15:09:55:970]reply_report=00-4F-00-00-00-00-00-00-00-00-00-00-00-00-00-00-00-00-00-00-00-00-00-00-00-00-00-00-00-00-00-00-00-00-00-00-00-00-00-00-00-00-00-00-00-00-00-00-00-00-00-00-00-00-00-00-00-00-00-00-00-00-00-00-00
[15:09:55:970]50-41-0E-1B-01-E0 [CMD_SENT][REMOTE_GET_MODE]
[15:09:55:972][HID_TX_ack]00-19-50-49-01-C0-E5-DB-03-00-03-00-0E-9B-00-50-49-0E-D7-00-00-00-00-02-00-E0-00-00-03-00-11-BD-18-50-49-01-C0-7A-3E-03-00-03-00-11-BE-17-00-00-00-00-00-00-00-00-00-00-00-00-00-00-00-00-00-00-00
[15:09:55:972]50-49-01-C0-E5-DB-03-00-03-00-0E-9B-00
[15:09:55:972]50-49-0E-D7-00-00-00-00-02-00-E0-00-
[15:09:55:973]REMOTE_GET_MODE=00
[15:09:55:973][HID_TX]00-80-07-F3-41-50-41-06-1C-01-00-63-00-00-00-00-00-00-00-00-00-00-00-00-00-00-00-00-00-00-00-00-00-00-00-00-00-00-00-00-00-00-00-00-00-00-00-00-00-00-00-00-00-00-00-00-00-00-00-00-00-00-00-00-00
[15:09:55:975]HidD_GetInputReport=True
[15:09:55:975]reply_report=00-4F-00-00-00-00-00-00-00-00-00-00-00-00-00-00-00-00-00-00-00-00-00-00-00-00-00-00-00-00-00-00-00-00-00-00-00-00-00-00-00-00-00-00-00-00-00-00-00-00-00-00-00-00-00-00-00-00-00-00-00-00-00-00-00
[15:09:55:975]50-41-06-1C-01-00-63 [CMD_SENT][CMD_GET_IO_LEVEL]
[15:09:55:977][HID_TX_ack]00-12-50-49-01-C0-E9-DB-03-00-08-00-06-9C-00-01-DD-FF-1F-00-00-00-00-02-00-E0-00-00-03-00-11-BD-18-50-49-01-C0-7A-3E-03-00-03-00-11-BE-17-00-00-00-00-00-00-00-00-00-00-00-00-00-00-00-00-00-00-00
[15:09:55:977]50-49-01-C0-E9-DB-03-00-08-00-06-9C-00-01-DD-FF-1F-00
[15:09:56:200][HID_TX]00-80-06-1F-F2-50-41-0E-1D-01-E0-00-00-00-00-00-00-00-00-00-00-00-00-00-00-00-00-00-00-00-00-00-00-00-00-00-00-00-00-00-00-00-00-00-00-00-00-00-00-00-00-00-00-00-00-00-00-00-00-00-00-00-00-00-00
[15:09:56:201]HidD_GetInputReport=True
[15:09:56:201]reply_report=00-4F-00-00-00-00-00-00-00-00-00-00-00-00-00-00-00-00-00-00-00-00-00-00-00-00-00-00-00-00-00-00-00-00-00-00-00-00-00-00-00-00-00-00-00-00-00-00-00-00-00-00-00-00-00-00-00-00-00-00-00-00-00-00-00
[15:09:56:201]50-41-0E-1D-01-E0 [CMD_SENT][REMOTE_GET_MODE]
[15:09:56:204][HID_TX_ack]00-19-50-49-01-C0-9E-DC-03-00-03-00-0E-9D-00-50-49-0E-D8-00-00-00-00-02-00-E0-00-00-03-00-11-BD-18-50-49-01-C0-7A-3E-03-00-03-00-11-BE-17-00-00-00-00-00-00-00-00-00-00-00-00-00-00-00-00-00-00-00
[15:09:56:204]50-49-01-C0-9E-DC-03-00-03-00-0E-9D-00
[15:09:56:204]50-49-0E-D8-00-00-00-00-02-00-E0-00-
[15:09:56:204]REMOTE_GET_MODE=00
[15:09:56:204][HID_TX]00-80-07-18-6E-50-41-06-1E-01-00-63-00-00-00-00-00-00-00-00-00-00-00-00-00-00-00-00-00-00-00-00-00-00-00-00-00-00-00-00-00-00-00-00-00-00-00-00-00-00-00-00-00-00-00-00-00-00-00-00-00-00-00-00-00
[15:09:56:205]HidD_GetInputReport=True
[15:09:56:205]reply_report=00-4F-00-00-00-00-00-00-00-00-00-00-00-00-00-00-00-00-00-00-00-00-00-00-00-00-00-00-00-00-00-00-00-00-00-00-00-00-00-00-00-00-00-00-00-00-00-00-00-00-00-00-00-00-00-00-00-00-00-00-00-00-00-00-00
[15:09:56:205]50-41-06-1E-01-00-63 [CMD_SENT][CMD_GET_IO_LEVEL]
[15:09:56:207][HID_TX_ack]00-12-50-49-01-C0-A2-DC-03-00-08-00-06-9E-00-01-DD-FF-1F-00-00-00-00-02-00-E0-00-00-03-00-11-BD-18-50-49-01-C0-7A-3E-03-00-03-00-11-BE-17-00-00-00-00-00-00-00-00-00-00-00-00-00-00-00-00-00-00-00
[15:09:56:207]50-49-01-C0-A2-DC-03-00-08-00-06-9E-00-01-DD-FF-1F-00
[15:09:56:417][HID_TX]00-80-06-F4-DD-50-41-0E-1F-01-E0-00-00-00-00-00-00-00-00-00-00-00-00-00-00-00-00-00-00-00-00-00-00-00-00-00-00-00-00-00-00-00-00-00-00-00-00-00-00-00-00-00-00-00-00-00-00-00-00-00-00-00-00-00-00
[15:09:56:418]HidD_GetInputReport=True
[15:09:56:418]reply_report=00-4F-00-00-00-00-00-00-00-00-00-00-00-00-00-00-00-00-00-00-00-00-00-00-00-00-00-00-00-00-00-00-00-00-00-00-00-00-00-00-00-00-00-00-00-00-00-00-00-00-00-00-00-00-00-00-00-00-00-00-00-00-00-00-00
[15:09:56:418]50-41-0E-1F-01-E0 [CMD_SENT][REMOTE_GET_MODE]
[15:09:56:421][HID_TX_ack]00-19-50-49-01-C0-4C-DD-03-00-03-00-0E-9F-00-50-49-0E-D9-00-00-00-00-02-00-E0-00-00-03-00-11-BD-18-50-49-01-C0-7A-3E-03-00-03-00-11-BE-17-00-00-00-00-00-00-00-00-00-00-00-00-00-00-00-00-00-00-00
[15:09:56:421]50-49-01-C0-4C-DD-03-00-03-00-0E-9F-00
[15:09:56:421]50-49-0E-D9-00-00-00-00-02-00-E0-00-
[15:09:56:421]REMOTE_GET_MODE=00
[15:09:56:421][HID_TX]00-80-07-02-10-50-41-06-20-01-00-63-00-00-00-00-00-00-00-00-00-00-00-00-00-00-00-00-00-00-00-00-00-00-00-00-00-00-00-00-00-00-00-00-00-00-00-00-00-00-00-00-00-00-00-00-00-00-00-00-00-00-00-00-00
[15:09:56:423]HidD_GetInputReport=True
[15:09:56:423]reply_report=00-4F-00-00-00-00-00-00-00-00-00-00-00-00-00-00-00-00-00-00-00-00-00-00-00-00-00-00-00-00-00-00-00-00-00-00-00-00-00-00-00-00-00-00-00-00-00-00-00-00-00-00-00-00-00-00-00-00-00-00-00-00-00-00-00
[15:09:56:423]50-41-06-20-01-00-63 [CMD_SENT][CMD_GET_IO_LEVEL]
[15:09:56:426][HID_TX_ack]00-12-50-49-01-C0-50-DD-03-00-08-00-06-A0-00-01-DD-FF-1F-00-00-00-00-02-00-E0-00-00-03-00-11-BD-18-50-49-01-C0-7A-3E-03-00-03-00-11-BE-17-00-00-00-00-00-00-00-00-00-00-00-00-00-00-00-00-00-00-00
[15:09:56:426]50-49-01-C0-50-DD-03-00-08-00-06-A0-00-01-DD-FF-1F-00
[15:09:56:652][HID_TX]00-80-06-EE-A3-50-41-0E-21-01-E0-00-00-00-00-00-00-00-00-00-00-00-00-00-00-00-00-00-00-00-00-00-00-00-00-00-00-00-00-00-00-00-00-00-00-00-00-00-00-00-00-00-00-00-00-00-00-00-00-00-00-00-00-00-00
[15:09:56:654]HidD_GetInputReport=True
[15:09:56:654]reply_report=00-4F-00-00-00-00-00-00-00-00-00-00-00-00-00-00-00-00-00-00-00-00-00-00-00-00-00-00-00-00-00-00-00-00-00-00-00-00-00-00-00-00-00-00-00-00-00-00-00-00-00-00-00-00-00-00-00-00-00-00-00-00-00-00-00
[15:09:56:654]50-41-0E-21-01-E0 [CMD_SENT][REMOTE_GET_MODE]
[15:09:56:656][HID_TX_ack]00-19-50-49-01-C0-08-DE-03-00-03-00-0E-A1-00-50-49-0E-DA-00-00-00-00-02-00-E0-00-00-03-00-11-BD-18-50-49-01-C0-7A-3E-03-00-03-00-11-BE-17-00-00-00-00-00-00-00-00-00-00-00-00-00-00-00-00-00-00-00
[15:09:56:656]50-49-01-C0-08-DE-03-00-03-00-0E-A1-00
[15:09:56:656]50-49-0E-DA-00-00-00-00-02-00-E0-00-
[15:09:56:656]REMOTE_GET_MODE=00
[15:09:56:656][HID_TX]00-80-07-E9-3F-50-41-06-22-01-00-63-00-00-00-00-00-00-00-00-00-00-00-00-00-00-00-00-00-00-00-00-00-00-00-00-00-00-00-00-00-00-00-00-00-00-00-00-00-00-00-00-00-00-00-00-00-00-00-00-00-00-00-00-00
[15:09:56:658]HidD_GetInputReport=True
[15:09:56:658]reply_report=00-4F-00-00-00-00-00-00-00-00-00-00-00-00-00-00-00-00-00-00-00-00-00-00-00-00-00-00-00-00-00-00-00-00-00-00-00-00-00-00-00-00-00-00-00-00-00-00-00-00-00-00-00-00-00-00-00-00-00-00-00-00-00-00-00
[15:09:56:658]50-41-06-22-01-00-63 [CMD_SENT][CMD_GET_IO_LEVEL]
[15:09:56:661][HID_TX_ack]00-12-50-49-01-C0-0C-DE-03-00-08-00-06-A2-00-01-DD-FF-1F-00-00-00-00-02-00-E0-00-00-03-00-11-BD-18-50-49-01-C0-7A-3E-03-00-03-00-11-BE-17-00-00-00-00-00-00-00-00-00-00-00-00-00-00-00-00-00-00-00
[15:09:56:661]50-49-01-C0-0C-DE-03-00-08-00-06-A2-00-01-DD-FF-1F-00
[15:09:56:884][HID_TX]00-80-06-05-8C-50-41-0E-23-01-E0-00-00-00-00-00-00-00-00-00-00-00-00-00-00-00-00-00-00-00-00-00-00-00-00-00-00-00-00-00-00-00-00-00-00-00-00-00-00-00-00-00-00-00-00-00-00-00-00-00-00-00-00-00-00
[15:09:56:885]HidD_GetInputReport=True
[15:09:56:885]reply_report=00-4F-00-00-00-00-00-00-00-00-00-00-00-00-00-00-00-00-00-00-00-00-00-00-00-00-00-00-00-00-00-00-00-00-00-00-00-00-00-00-00-00-00-00-00-00-00-00-00-00-00-00-00-00-00-00-00-00-00-00-00-00-00-00-00
[15:09:56:886]50-41-0E-23-01-E0 [CMD_SENT][REMOTE_GET_MODE]
[15:09:56:888][HID_TX_ack]00-19-50-49-01-C0-C2-DE-03-00-03-00-0E-A3-00-50-49-0E-DB-00-00-00-00-02-00-E0-00-00-03-00-11-BD-18-50-49-01-C0-7A-3E-03-00-03-00-11-BE-17-00-00-00-00-00-00-00-00-00-00-00-00-00-00-00-00-00-00-00
[15:09:56:888]50-49-01-C0-C2-DE-03-00-03-00-0E-A3-00
[15:09:56:888]50-49-0E-DB-00-00-00-00-02-00-E0-00-
[15:09:56:888]REMOTE_GET_MODE=00
[15:09:56:888][HID_TX]00-80-07-D4-4F-50-41-06-24-01-00-63-00-00-00-00-00-00-00-00-00-00-00-00-00-00-00-00-00-00-00-00-00-00-00-00-00-00-00-00-00-00-00-00-00-00-00-00-00-00-00-00-00-00-00-00-00-00-00-00-00-00-00-00-00
[15:09:56:889]HidD_GetInputReport=True
[15:09:56:889]reply_report=00-4F-00-00-00-00-00-00-00-00-00-00-00-00-00-00-00-00-00-00-00-00-00-00-00-00-00-00-00-00-00-00-00-00-00-00-00-00-00-00-00-00-00-00-00-00-00-00-00-00-00-00-00-00-00-00-00-00-00-00-00-00-00-00-00
[15:09:56:889]50-41-06-24-01-00-63 [CMD_SENT][CMD_GET_IO_LEVEL]
[15:09:56:892][HID_TX_ack]00-12-50-49-01-C0-C5-DE-03-00-08-00-06-A4-00-01-DD-FF-1F-00-00-00-00-02-00-E0-00-00-03-00-11-BD-18-50-49-01-C0-7A-3E-03-00-03-00-11-BE-17-00-00-00-00-00-00-00-00-00-00-00-00-00-00-00-00-00-00-00
[15:09:56:892]50-49-01-C0-C5-DE-03-00-08-00-06-A4-00-01-DD-FF-1F-00
[15:09:57:103][HID_TX]00-80-06-38-FC-50-41-0E-25-01-E0-00-00-00-00-00-00-00-00-00-00-00-00-00-00-00-00-00-00-00-00-00-00-00-00-00-00-00-00-00-00-00-00-00-00-00-00-00-00-00-00-00-00-00-00-00-00-00-00-00-00-00-00-00-00
[15:09:57:106]HidD_GetInputReport=True
[15:09:57:106]reply_report=00-4F-00-00-00-00-00-00-00-00-00-00-00-00-00-00-00-00-00-00-00-00-00-00-00-00-00-00-00-00-00-00-00-00-00-00-00-00-00-00-00-00-00-00-00-00-00-00-00-00-00-00-00-00-00-00-00-00-00-00-00-00-00-00-00
[15:09:57:106]50-41-0E-25-01-E0 [CMD_SENT][REMOTE_GET_MODE]
[15:09:57:108][HID_TX_ack]00-19-50-49-01-C0-72-DF-03-00-03-00-0E-A5-00-50-49-0E-DC-00-00-00-00-02-00-E0-00-00-03-00-11-BD-18-50-49-01-C0-7A-3E-03-00-03-00-11-BE-17-00-00-00-00-00-00-00-00-00-00-00-00-00-00-00-00-00-00-00
[15:09:57:108]50-49-01-C0-72-DF-03-00-03-00-0E-A5-00
[15:09:57:108]50-49-0E-DC-00-00-00-00-02-00-E0-00-
[15:09:57:108]REMOTE_GET_MODE=00
[15:09:57:109][HID_TX]00-80-07-3F-60-50-41-06-26-01-00-63-00-00-00-00-00-00-00-00-00-00-00-00-00-00-00-00-00-00-00-00-00-00-00-00-00-00-00-00-00-00-00-00-00-00-00-00-00-00-00-00-00-00-00-00-00-00-00-00-00-00-00-00-00
[15:09:57:110]HidD_GetInputReport=True
[15:09:57:110]reply_report=00-4F-00-00-00-00-00-00-00-00-00-00-00-00-00-00-00-00-00-00-00-00-00-00-00-00-00-00-00-00-00-00-00-00-00-00-00-00-00-00-00-00-00-00-00-00-00-00-00-00-00-00-00-00-00-00-00-00-00-00-00-00-00-00-00
[15:09:57:110]50-41-06-26-01-00-63 [CMD_SENT][CMD_GET_IO_LEVEL]
[15:09:57:112][HID_TX_ack]00-12-50-49-01-C0-75-DF-03-00-08-00-06-A6-00-01-DD-FF-1F-00-00-00-00-02-00-E0-00-00-03-00-11-BD-18-50-49-01-C0-7A-3E-03-00-03-00-11-BE-17-00-00-00-00-00-00-00-00-00-00-00-00-00-00-00-00-00-00-00
[15:09:57:112]50-49-01-C0-75-DF-03-00-08-00-06-A6-00-01-DD-FF-1F-00
[15:09:57:337][HID_TX]00-80-06-D3-D3-50-41-0E-27-01-E0-00-00-00-00-00-00-00-00-00-00-00-00-00-00-00-00-00-00-00-00-00-00-00-00-00-00-00-00-00-00-00-00-00-00-00-00-00-00-00-00-00-00-00-00-00-00-00-00-00-00-00-00-00-00
[15:09:57:339]HidD_GetInputReport=True
[15:09:57:339]reply_report=00-4F-00-00-00-00-00-00-00-00-00-00-00-00-00-00-00-00-00-00-00-00-00-00-00-00-00-00-00-00-00-00-00-00-00-00-00-00-00-00-00-00-00-00-00-00-00-00-00-00-00-00-00-00-00-00-00-00-00-00-00-00-00-00-00
[15:09:57:339]50-41-0E-27-01-E0 [CMD_SENT][REMOTE_GET_MODE]
[15:09:57:342][HID_TX_ack]00-19-50-49-01-C0-2D-E0-03-00-03-00-0E-A7-00-50-49-0E-DD-00-00-00-00-02-00-E0-00-00-03-00-11-BD-18-50-49-01-C0-7A-3E-03-00-03-00-11-BE-17-00-00-00-00-00-00-00-00-00-00-00-00-00-00-00-00-00-00-00
[15:09:57:342]50-49-01-C0-2D-E0-03-00-03-00-0E-A7-00
[15:09:57:342]REMOTE_GET_MODE=00
[15:09:57:342]50-49-0E-DD-00-00-00-00-02-00-E0-00-
[15:09:57:342][HID_TX]00-80-07-AE-AF-50-41-06-28-01-00-63-00-00-00-00-00-00-00-00-00-00-00-00-00-00-00-00-00-00-00-00-00-00-00-00-00-00-00-00-00-00-00-00-00-00-00-00-00-00-00-00-00-00-00-00-00-00-00-00-00-00-00-00-00
[15:09:57:344]HidD_GetInputReport=True
[15:09:57:344]reply_report=00-4F-00-00-00-00-00-00-00-00-00-00-00-00-00-00-00-00-00-00-00-00-00-00-00-00-00-00-00-00-00-00-00-00-00-00-00-00-00-00-00-00-00-00-00-00-00-00-00-00-00-00-00-00-00-00-00-00-00-00-00-00-00-00-00
[15:09:57:344]50-41-06-28-01-00-63 [CMD_SENT][CMD_GET_IO_LEVEL]
[15:09:57:346][HID_TX_ack]00-12-50-49-01-C0-31-E0-03-00-08-00-06-A8-00-01-DD-FF-1F-00-00-00-00-02-00-E0-00-00-03-00-11-BD-18-50-49-01-C0-7A-3E-03-00-03-00-11-BE-17-00-00-00-00-00-00-00-00-00-00-00-00-00-00-00-00-00-00-00
[15:09:57:347]50-49-01-C0-31-E0-03-00-08-00-06-A8-00-01-DD-FF-1F-00
[15:09:57:569][HID_TX]00-80-06-42-1C-50-41-0E-29-01-E0-00-00-00-00-00-00-00-00-00-00-00-00-00-00-00-00-00-00-00-00-00-00-00-00-00-00-00-00-00-00-00-00-00-00-00-00-00-00-00-00-00-00-00-00-00-00-00-00-00-00-00-00-00-00
[15:09:57:570]HidD_GetInputReport=True
[15:09:57:570]reply_report=00-4F-00-00-00-00-00-00-00-00-00-00-00-00-00-00-00-00-00-00-00-00-00-00-00-00-00-00-00-00-00-00-00-00-00-00-00-00-00-00-00-00-00-00-00-00-00-00-00-00-00-00-00-00-00-00-00-00-00-00-00-00-00-00-00
[15:09:57:570]50-41-0E-29-01-E0 [CMD_SENT][REMOTE_GET_MODE]
[15:09:57:572][HID_TX_ack]00-19-50-49-01-C0-E6-E0-03-00-03-00-0E-A9-00-50-49-0E-DE-00-00-00-00-02-00-E0-00-00-03-00-11-BD-18-50-49-01-C0-7A-3E-03-00-03-00-11-BE-17-00-00-00-00-00-00-00-00-00-00-00-00-00-00-00-00-00-00-00
[15:09:57:572]50-49-01-C0-E6-E0-03-00-03-00-0E-A9-00
[15:09:57:572]REMOTE_GET_MODE=00
[15:09:57:572]50-49-0E-DE-00-00-00-00-02-00-E0-00-
[15:09:57:573][HID_TX]00-80-07-45-80-50-41-06-2A-01-00-63-00-00-00-00-00-00-00-00-00-00-00-00-00-00-00-00-00-00-00-00-00-00-00-00-00-00-00-00-00-00-00-00-00-00-00-00-00-00-00-00-00-00-00-00-00-00-00-00-00-00-00-00-00
[15:09:57:574]HidD_GetInputReport=True
[15:09:57:574]reply_report=00-4F-00-00-00-00-00-00-00-00-00-00-00-00-00-00-00-00-00-00-00-00-00-00-00-00-00-00-00-00-00-00-00-00-00-00-00-00-00-00-00-00-00-00-00-00-00-00-00-00-00-00-00-00-00-00-00-00-00-00-00-00-00-00-00
[15:09:57:574]50-41-06-2A-01-00-63 [CMD_SENT][CMD_GET_IO_LEVEL]
[15:09:57:576][HID_TX_ack]00-12-50-49-01-C0-E9-E0-03-00-08-00-06-AA-00-01-DD-FF-1F-00-00-00-00-02-00-E0-00-00-03-00-11-BD-18-50-49-01-C0-7A-3E-03-00-03-00-11-BE-17-00-00-00-00-00-00-00-00-00-00-00-00-00-00-00-00-00-00-00
[15:09:57:576]50-49-01-C0-E9-E0-03-00-08-00-06-AA-00-01-DD-FF-1F-00
[15:09:57:786][HID_TX]00-80-06-A9-33-50-41-0E-2B-01-E0-00-00-00-00-00-00-00-00-00-00-00-00-00-00-00-00-00-00-00-00-00-00-00-00-00-00-00-00-00-00-00-00-00-00-00-00-00-00-00-00-00-00-00-00-00-00-00-00-00-00-00-00-00-00
[15:09:57:787]HidD_GetInputReport=True
[15:09:57:787]reply_report=00-4F-00-00-00-00-00-00-00-00-00-00-00-00-00-00-00-00-00-00-00-00-00-00-00-00-00-00-00-00-00-00-00-00-00-00-00-00-00-00-00-00-00-00-00-00-00-00-00-00-00-00-00-00-00-00-00-00-00-00-00-00-00-00-00
[15:09:57:787]50-41-0E-2B-01-E0 [CMD_SENT][REMOTE_GET_MODE]
[15:09:57:790][HID_TX_ack]00-19-50-49-01-C0-93-E1-03-00-03-00-0E-AB-00-50-49-0E-DF-00-00-00-00-02-00-E0-00-00-03-00-11-BD-18-50-49-01-C0-7A-3E-03-00-03-00-11-BE-17-00-00-00-00-00-00-00-00-00-00-00-00-00-00-00-00-00-00-00
[15:09:57:790]50-49-01-C0-93-E1-03-00-03-00-0E-AB-00
[15:09:57:790]50-49-0E-DF-00-00-00-00-02-00-E0-00-
[15:09:57:790]REMOTE_GET_MODE=00
[15:09:57:790][HID_TX]00-80-07-78-F0-50-41-06-2C-01-00-63-00-00-00-00-00-00-00-00-00-00-00-00-00-00-00-00-00-00-00-00-00-00-00-00-00-00-00-00-00-00-00-00-00-00-00-00-00-00-00-00-00-00-00-00-00-00-00-00-00-00-00-00-00
[15:09:57:791]HidD_GetInputReport=True
[15:09:57:791]reply_report=00-4F-00-00-00-00-00-00-00-00-00-00-00-00-00-00-00-00-00-00-00-00-00-00-00-00-00-00-00-00-00-00-00-00-00-00-00-00-00-00-00-00-00-00-00-00-00-00-00-00-00-00-00-00-00-00-00-00-00-00-00-00-00-00-00
[15:09:57:791]50-41-06-2C-01-00-63 [CMD_SENT][CMD_GET_IO_LEVEL]
[15:09:57:794][HID_TX_ack]00-12-50-49-01-C0-97-E1-03-00-08-00-06-AC-00-01-DD-FF-1F-00-00-00-00-02-00-E0-00-00-03-00-11-BD-18-50-49-01-C0-7A-3E-03-00-03-00-11-BE-17-00-00-00-00-00-00-00-00-00-00-00-00-00-00-00-00-00-00-00
[15:09:57:794]50-49-01-C0-97-E1-03-00-08-00-06-AC-00-01-DD-FF-1F-00
[15:09:58:005][HID_TX]00-80-06-94-43-50-41-0E-2D-01-E0-00-00-00-00-00-00-00-00-00-00-00-00-00-00-00-00-00-00-00-00-00-00-00-00-00-00-00-00-00-00-00-00-00-00-00-00-00-00-00-00-00-00-00-00-00-00-00-00-00-00-00-00-00-00
[15:09:58:006]HidD_GetInputReport=True
[15:09:58:006]reply_report=00-4F-00-00-00-00-00-00-00-00-00-00-00-00-00-00-00-00-00-00-00-00-00-00-00-00-00-00-00-00-00-00-00-00-00-00-00-00-00-00-00-00-00-00-00-00-00-00-00-00-00-00-00-00-00-00-00-00-00-00-00-00-00-00-00
[15:09:58:006]50-41-0E-2D-01-E0 [CMD_SENT][REMOTE_GET_MODE]
[15:09:58:009][HID_TX_ack]00-19-50-49-01-C0-42-E2-03-00-03-00-0E-AD-00-50-49-0E-E0-00-00-00-00-02-00-E0-00-00-03-00-11-BD-18-50-49-01-C0-7A-3E-03-00-03-00-11-BE-17-00-00-00-00-00-00-00-00-00-00-00-00-00-00-00-00-00-00-00
[15:09:58:009]50-49-01-C0-42-E2-03-00-03-00-0E-AD-00
[15:09:58:009]50-49-0E-E0-00-00-00-00-02-00-E0-00-
[15:09:58:009]REMOTE_GET_MODE=00
[15:09:58:009][HID_TX]00-80-07-93-DF-50-41-06-2E-01-00-63-00-00-00-00-00-00-00-00-00-00-00-00-00-00-00-00-00-00-00-00-00-00-00-00-00-00-00-00-00-00-00-00-00-00-00-00-00-00-00-00-00-00-00-00-00-00-00-00-00-00-00-00-00
[15:09:58:010]HidD_GetInputReport=True
[15:09:58:010]reply_report=00-4F-00-00-00-00-00-00-00-00-00-00-00-00-00-00-00-00-00-00-00-00-00-00-00-00-00-00-00-00-00-00-00-00-00-00-00-00-00-00-00-00-00-00-00-00-00-00-00-00-00-00-00-00-00-00-00-00-00-00-00-00-00-00-00
[15:09:58:010]50-41-06-2E-01-00-63 [CMD_SENT][CMD_GET_IO_LEVEL]
[15:09:58:013][HID_TX_ack]00-12-50-49-01-C0-46-E2-03-00-08-00-06-AE-00-01-DD-FF-1F-00-00-00-00-02-00-E0-00-00-03-00-11-BD-18-50-49-01-C0-7A-3E-03-00-03-00-11-BE-17-00-00-00-00-00-00-00-00-00-00-00-00-00-00-00-00-00-00-00
[15:09:58:013]50-49-01-C0-46-E2-03-00-08-00-06-AE-00-01-DD-FF-1F-00
[15:09:58:236][HID_TX]00-80-06-7F-6C-50-41-0E-2F-01-E0-00-00-00-00-00-00-00-00-00-00-00-00-00-00-00-00-00-00-00-00-00-00-00-00-00-00-00-00-00-00-00-00-00-00-00-00-00-00-00-00-00-00-00-00-00-00-00-00-00-00-00-00-00-00
[15:09:58:237]HidD_GetInputReport=True
[15:09:58:238]reply_report=00-4F-00-00-00-00-00-00-00-00-00-00-00-00-00-00-00-00-00-00-00-00-00-00-00-00-00-00-00-00-00-00-00-00-00-00-00-00-00-00-00-00-00-00-00-00-00-00-00-00-00-00-00-00-00-00-00-00-00-00-00-00-00-00-00
[15:09:58:238]50-41-0E-2F-01-E0 [CMD_SENT][REMOTE_GET_MODE]
[15:09:58:240][HID_TX_ack]00-19-50-49-01-C0-FB-E2-03-00-03-00-0E-AF-00-50-49-0E-E1-00-00-00-00-02-00-E0-00-00-03-00-11-BD-18-50-49-01-C0-7A-3E-03-00-03-00-11-BE-17-00-00-00-00-00-00-00-00-00-00-00-00-00-00-00-00-00-00-00
[15:09:58:240]50-49-01-C0-FB-E2-03-00-03-00-0E-AF-00
[15:09:58:240]50-49-0E-E1-00-00-00-00-02-00-E0-00-
[15:09:58:240]REMOTE_GET_MODE=00
[15:09:58:240][HID_TX]00-80-07-7B-7F-50-41-06-30-01-00-63-00-00-00-00-00-00-00-00-00-00-00-00-00-00-00-00-00-00-00-00-00-00-00-00-00-00-00-00-00-00-00-00-00-00-00-00-00-00-00-00-00-00-00-00-00-00-00-00-00-00-00-00-00
[15:09:58:242]HidD_GetInputReport=True
[15:09:58:242]reply_report=00-4F-00-00-00-00-00-00-00-00-00-00-00-00-00-00-00-00-00-00-00-00-00-00-00-00-00-00-00-00-00-00-00-00-00-00-00-00-00-00-00-00-00-00-00-00-00-00-00-00-00-00-00-00-00-00-00-00-00-00-00-00-00-00-00
[15:09:58:242]50-41-06-30-01-00-63 [CMD_SENT][CMD_GET_IO_LEVEL]
[15:09:58:244][HID_TX_ack]00-12-50-49-01-C0-FF-E2-03-00-08-00-06-B0-00-01-DD-FF-1F-00-00-00-00-02-00-E0-00-00-03-00-11-BD-18-50-49-01-C0-7A-3E-03-00-03-00-11-BE-17-00-00-00-00-00-00-00-00-00-00-00-00-00-00-00-00-00-00-00
[15:09:58:244]50-49-01-C0-FF-E2-03-00-08-00-06-B0-00-01-DD-FF-1F-00
[15:09:58:468][HID_TX]00-80-06-97-CC-50-41-0E-31-01-E0-00-00-00-00-00-00-00-00-00-00-00-00-00-00-00-00-00-00-00-00-00-00-00-00-00-00-00-00-00-00-00-00-00-00-00-00-00-00-00-00-00-00-00-00-00-00-00-00-00-00-00-00-00-00
[15:09:58:470]HidD_GetInputReport=True
[15:09:58:470]reply_report=00-4F-00-00-00-00-00-00-00-00-00-00-00-00-00-00-00-00-00-00-00-00-00-00-00-00-00-00-00-00-00-00-00-00-00-00-00-00-00-00-00-00-00-00-00-00-00-00-00-00-00-00-00-00-00-00-00-00-00-00-00-00-00-00-00
[15:09:58:470]50-41-0E-31-01-E0 [CMD_SENT][REMOTE_GET_MODE]
[15:09:58:472][HID_TX_ack]00-19-50-49-01-C0-B5-E3-03-00-03-00-0E-B1-00-50-49-0E-E2-00-00-00-00-02-00-E0-00-00-03-00-11-BD-18-50-49-01-C0-7A-3E-03-00-03-00-11-BE-17-00-00-00-00-00-00-00-00-00-00-00-00-00-00-00-00-00-00-00
[15:09:58:472]50-49-01-C0-B5-E3-03-00-03-00-0E-B1-00
[15:09:58:472]50-49-0E-E2-00-00-00-00-02-00-E0-00-
[15:09:58:472]REMOTE_GET_MODE=00
[15:09:58:472][HID_TX]00-80-07-90-50-50-41-06-32-01-00-63-00-00-00-00-00-00-00-00-00-00-00-00-00-00-00-00-00-00-00-00-00-00-00-00-00-00-00-00-00-00-00-00-00-00-00-00-00-00-00-00-00-00-00-00-00-00-00-00-00-00-00-00-00
[15:09:58:474]HidD_GetInputReport=True
[15:09:58:474]reply_report=00-4F-00-00-00-00-00-00-00-00-00-00-00-00-00-00-00-00-00-00-00-00-00-00-00-00-00-00-00-00-00-00-00-00-00-00-00-00-00-00-00-00-00-00-00-00-00-00-00-00-00-00-00-00-00-00-00-00-00-00-00-00-00-00-00
[15:09:58:474]50-41-06-32-01-00-63 [CMD_SENT][CMD_GET_IO_LEVEL]
[15:09:58:477][HID_TX_ack]00-12-50-49-01-C0-B9-E3-03-00-08-00-06-B2-00-01-DD-FF-1F-00-00-00-00-02-00-E0-00-00-03-00-11-BD-18-50-49-01-C0-7A-3E-03-00-03-00-11-BE-17-00-00-00-00-00-00-00-00-00-00-00-00-00-00-00-00-00-00-00
[15:09:58:477]50-49-01-C0-B9-E3-03-00-08-00-06-B2-00-01-DD-FF-1F-00
[15:09:58:701][HID_TX]00-80-06-7C-E3-50-41-0E-33-01-E0-00-00-00-00-00-00-00-00-00-00-00-00-00-00-00-00-00-00-00-00-00-00-00-00-00-00-00-00-00-00-00-00-00-00-00-00-00-00-00-00-00-00-00-00-00-00-00-00-00-00-00-00-00-00
[15:09:58:702]HidD_GetInputReport=True
[15:09:58:702]reply_report=00-4F-00-00-00-00-00-00-00-00-00-00-00-00-00-00-00-00-00-00-00-00-00-00-00-00-00-00-00-00-00-00-00-00-00-00-00-00-00-00-00-00-00-00-00-00-00-00-00-00-00-00-00-00-00-00-00-00-00-00-00-00-00-00-00
[15:09:58:702]50-41-0E-33-01-E0 [CMD_SENT][REMOTE_GET_MODE]
[15:09:58:705][HID_TX_ack]00-19-50-49-01-C0-6F-E4-03-00-03-00-0E-B3-00-50-49-0E-E3-00-00-00-00-02-00-E0-00-00-03-00-11-BD-18-50-49-01-C0-7A-3E-03-00-03-00-11-BE-17-00-00-00-00-00-00-00-00-00-00-00-00-00-00-00-00-00-00-00
[15:09:58:705]50-49-01-C0-6F-E4-03-00-03-00-0E-B3-00
[15:09:58:705]50-49-0E-E3-00-00-00-00-02-00-E0-00-
[15:09:58:705]REMOTE_GET_MODE=00
[15:09:58:705][HID_TX]00-80-07-AD-20-50-41-06-34-01-00-63-00-00-00-00-00-00-00-00-00-00-00-00-00-00-00-00-00-00-00-00-00-00-00-00-00-00-00-00-00-00-00-00-00-00-00-00-00-00-00-00-00-00-00-00-00-00-00-00-00-00-00-00-00
[15:09:58:706]HidD_GetInputReport=True
[15:09:58:706]reply_report=00-4F-00-00-00-00-00-00-00-00-00-00-00-00-00-00-00-00-00-00-00-00-00-00-00-00-00-00-00-00-00-00-00-00-00-00-00-00-00-00-00-00-00-00-00-00-00-00-00-00-00-00-00-00-00-00-00-00-00-00-00-00-00-00-00
[15:09:58:706]50-41-06-34-01-00-63 [CMD_SENT][CMD_GET_IO_LEVEL]
[15:09:58:709][HID_TX_ack]00-12-50-49-01-C0-73-E4-03-00-08-00-06-B4-00-01-DD-FF-1F-00-00-00-00-02-00-E0-00-00-03-00-11-BD-18-50-49-01-C0-7A-3E-03-00-03-00-11-BE-17-00-00-00-00-00-00-00-00-00-00-00-00-00-00-00-00-00-00-00
[15:09:58:709]50-49-01-C0-73-E4-03-00-08-00-06-B4-00-01-DD-FF-1F-00
[15:09:58:920][HID_TX]00-80-06-41-93-50-41-0E-35-01-E0-00-00-00-00-00-00-00-00-00-00-00-00-00-00-00-00-00-00-00-00-00-00-00-00-00-00-00-00-00-00-00-00-00-00-00-00-00-00-00-00-00-00-00-00-00-00-00-00-00-00-00-00-00-00
[15:09:58:923]HidD_GetInputReport=True
[15:09:58:923]reply_report=00-4F-00-00-00-00-00-00-00-00-00-00-00-00-00-00-00-00-00-00-00-00-00-00-00-00-00-00-00-00-00-00-00-00-00-00-00-00-00-00-00-00-00-00-00-00-00-00-00-00-00-00-00-00-00-00-00-00-00-00-00-00-00-00-00
[15:09:58:923]50-41-0E-35-01-E0 [CMD_SENT][REMOTE_GET_MODE]
[15:09:58:925][HID_TX_ack]00-19-50-49-01-C0-1F-E5-03-00-03-00-0E-B5-00-50-49-0E-E4-00-00-00-00-02-00-E0-00-00-03-00-11-BD-18-50-49-01-C0-7A-3E-03-00-03-00-11-BE-17-00-00-00-00-00-00-00-00-00-00-00-00-00-00-00-00-00-00-00
[15:09:58:925]50-49-01-C0-1F-E5-03-00-03-00-0E-B5-00
[15:09:58:925]50-49-0E-E4-00-00-00-00-02-00-E0-00-
[15:09:58:925]REMOTE_GET_MODE=00
[15:09:58:925][HID_TX]00-80-07-46-0F-50-41-06-36-01-00-63-00-00-00-00-00-00-00-00-00-00-00-00-00-00-00-00-00-00-00-00-00-00-00-00-00-00-00-00-00-00-00-00-00-00-00-00-00-00-00-00-00-00-00-00-00-00-00-00-00-00-00-00-00
[15:09:58:927]HidD_GetInputReport=True
[15:09:58:927]reply_report=00-4F-00-00-00-00-00-00-00-00-00-00-00-00-00-00-00-00-00-00-00-00-00-00-00-00-00-00-00-00-00-00-00-00-00-00-00-00-00-00-00-00-00-00-00-00-00-00-00-00-00-00-00-00-00-00-00-00-00-00-00-00-00-00-00
[15:09:58:927]50-41-06-36-01-00-63 [CMD_SENT][CMD_GET_IO_LEVEL]
[15:09:58:930][HID_TX_ack]00-12-50-49-01-C0-23-E5-03-00-08-00-06-B6-00-01-DD-FF-1F-00-00-00-00-02-00-E0-00-00-03-00-11-BD-18-50-49-01-C0-7A-3E-03-00-03-00-11-BE-17-00-00-00-00-00-00-00-00-00-00-00-00-00-00-00-00-00-00-00
[15:09:58:930]50-49-01-C0-23-E5-03-00-08-00-06-B6-00-01-DD-FF-1F-00
[15:09:59:151][HID_TX]00-80-06-AA-BC-50-41-0E-37-01-E0-00-00-00-00-00-00-00-00-00-00-00-00-00-00-00-00-00-00-00-00-00-00-00-00-00-00-00-00-00-00-00-00-00-00-00-00-00-00-00-00-00-00-00-00-00-00-00-00-00-00-00-00-00-00
[15:09:59:152]HidD_GetInputReport=True
[15:09:59:152]reply_report=00-4F-00-00-00-00-00-00-00-00-00-00-00-00-00-00-00-00-00-00-00-00-00-00-00-00-00-00-00-00-00-00-00-00-00-00-00-00-00-00-00-00-00-00-00-00-00-00-00-00-00-00-00-00-00-00-00-00-00-00-00-00-00-00-00
[15:09:59:152]50-41-0E-37-01-E0 [CMD_SENT][REMOTE_GET_MODE]
[15:09:59:155][HID_TX_ack]00-19-50-49-01-C0-D7-E5-03-00-03-00-0E-B7-00-50-49-0E-E5-00-00-00-00-02-00-E0-00-00-03-00-11-BD-18-50-49-01-C0-7A-3E-03-00-03-00-11-BE-17-00-00-00-00-00-00-00-00-00-00-00-00-00-00-00-00-00-00-00
[15:09:59:155]50-49-01-C0-D7-E5-03-00-03-00-0E-B7-00
[15:09:59:155]50-49-0E-E5-00-00-00-00-02-00-E0-00-
[15:09:59:155]REMOTE_GET_MODE=00
[15:09:59:155][HID_TX]00-80-07-D7-C0-50-41-06-38-01-00-63-00-00-00-00-00-00-00-00-00-00-00-00-00-00-00-00-00-00-00-00-00-00-00-00-00-00-00-00-00-00-00-00-00-00-00-00-00-00-00-00-00-00-00-00-00-00-00-00-00-00-00-00-00
[15:09:59:156]HidD_GetInputReport=True
[15:09:59:156]reply_report=00-4F-00-00-00-00-00-00-00-00-00-00-00-00-00-00-00-00-00-00-00-00-00-00-00-00-00-00-00-00-00-00-00-00-00-00-00-00-00-00-00-00-00-00-00-00-00-00-00-00-00-00-00-00-00-00-00-00-00-00-00-00-00-00-00
[15:09:59:156]50-41-06-38-01-00-63 [CMD_SENT][CMD_GET_IO_LEVEL]
[15:09:59:159][HID_TX_ack]00-12-50-49-01-C0-DB-E5-03-00-08-00-06-B8-00-01-DD-FF-1F-00-00-00-00-02-00-E0-00-00-03-00-11-BD-18-50-49-01-C0-7A-3E-03-00-03-00-11-BE-17-00-00-00-00-00-00-00-00-00-00-00-00-00-00-00-00-00-00-00
[15:09:59:159]50-49-01-C0-DB-E5-03-00-08-00-06-B8-00-01-DD-FF-1F-00
[15:09:59:369][HID_TX]00-80-06-3B-73-50-41-0E-39-01-E0-00-00-00-00-00-00-00-00-00-00-00-00-00-00-00-00-00-00-00-00-00-00-00-00-00-00-00-00-00-00-00-00-00-00-00-00-00-00-00-00-00-00-00-00-00-00-00-00-00-00-00-00-00-00
[15:09:59:371]HidD_GetInputReport=True
[15:09:59:371]reply_report=00-4F-00-00-00-00-00-00-00-00-00-00-00-00-00-00-00-00-00-00-00-00-00-00-00-00-00-00-00-00-00-00-00-00-00-00-00-00-00-00-00-00-00-00-00-00-00-00-00-00-00-00-00-00-00-00-00-00-00-00-00-00-00-00-00
[15:09:59:371]50-41-0E-39-01-E0 [CMD_SENT][REMOTE_GET_MODE]
[15:09:59:374][HID_TX_ack]00-19-50-49-01-C0-86-E6-03-00-03-00-0E-B9-00-50-49-0E-E6-00-00-00-00-02-00-E0-00-00-03-00-11-BD-18-50-49-01-C0-7A-3E-03-00-03-00-11-BE-17-00-00-00-00-00-00-00-00-00-00-00-00-00-00-00-00-00-00-00
[15:09:59:374]50-49-01-C0-86-E6-03-00-03-00-0E-B9-00
[15:09:59:374]50-49-0E-E6-00-00-00-00-02-00-E0-00-
[15:09:59:374]REMOTE_GET_MODE=00
[15:09:59:374][HID_TX]00-80-07-3C-EF-50-41-06-3A-01-00-63-00-00-00-00-00-00-00-00-00-00-00-00-00-00-00-00-00-00-00-00-00-00-00-00-00-00-00-00-00-00-00-00-00-00-00-00-00-00-00-00-00-00-00-00-00-00-00-00-00-00-00-00-00
[15:09:59:376]HidD_GetInputReport=True
[15:09:59:376]reply_report=00-4F-00-00-00-00-00-00-00-00-00-00-00-00-00-00-00-00-00-00-00-00-00-00-00-00-00-00-00-00-00-00-00-00-00-00-00-00-00-00-00-00-00-00-00-00-00-00-00-00-00-00-00-00-00-00-00-00-00-00-00-00-00-00-00
[15:09:59:376]50-41-06-3A-01-00-63 [CMD_SENT][CMD_GET_IO_LEVEL]
[15:09:59:379][HID_TX_ack]00-12-50-49-01-C0-8B-E6-03-00-08-00-06-BA-00-01-DD-FF-1F-00-00-00-00-02-00-E0-00-00-03-00-11-BD-18-50-49-01-C0-7A-3E-03-00-03-00-11-BE-17-00-00-00-00-00-00-00-00-00-00-00-00-00-00-00-00-00-00-00
[15:09:59:379]50-49-01-C0-8B-E6-03-00-08-00-06-BA-00-01-DD-FF-1F-00
[15:09:59:603][HID_TX]00-80-06-D0-5C-50-41-0E-3B-01-E0-00-00-00-00-00-00-00-00-00-00-00-00-00-00-00-00-00-00-00-00-00-00-00-00-00-00-00-00-00-00-00-00-00-00-00-00-00-00-00-00-00-00-00-00-00-00-00-00-00-00-00-00-00-00
[15:09:59:604]HidD_GetInputReport=True
[15:09:59:604]reply_report=00-4F-00-00-00-00-00-00-00-00-00-00-00-00-00-00-00-00-00-00-00-00-00-00-00-00-00-00-00-00-00-00-00-00-00-00-00-00-00-00-00-00-00-00-00-00-00-00-00-00-00-00-00-00-00-00-00-00-00-00-00-00-00-00-00
[15:09:59:604]50-41-0E-3B-01-E0 [CMD_SENT][REMOTE_GET_MODE]
[15:09:59:607][HID_TX_ack]00-19-50-49-01-C0-41-E7-03-00-03-00-0E-BB-00-50-49-0E-E7-00-00-00-00-02-00-E0-00-00-03-00-11-BD-18-50-49-01-C0-7A-3E-03-00-03-00-11-BE-17-00-00-00-00-00-00-00-00-00-00-00-00-00-00-00-00-00-00-00
[15:09:59:607]50-49-01-C0-41-E7-03-00-03-00-0E-BB-00
[15:09:59:607]50-49-0E-E7-00-00-00-00-02-00-E0-00-
[15:09:59:607]REMOTE_GET_MODE=00
[15:09:59:607][HID_TX]00-80-07-01-9F-50-41-06-3C-01-00-63-00-00-00-00-00-00-00-00-00-00-00-00-00-00-00-00-00-00-00-00-00-00-00-00-00-00-00-00-00-00-00-00-00-00-00-00-00-00-00-00-00-00-00-00-00-00-00-00-00-00-00-00-00
[15:09:59:608]HidD_GetInputReport=True
[15:09:59:608]reply_report=00-4F-00-00-00-00-00-00-00-00-00-00-00-00-00-00-00-00-00-00-00-00-00-00-00-00-00-00-00-00-00-00-00-00-00-00-00-00-00-00-00-00-00-00-00-00-00-00-00-00-00-00-00-00-00-00-00-00-00-00-00-00-00-00-00
[15:09:59:608]50-41-06-3C-01-00-63 [CMD_SENT][CMD_GET_IO_LEVEL]
[15:09:59:611][HID_TX_ack]00-12-50-49-01-C0-44-E7-03-00-08-00-06-BC-00-01-DD-FF-1F-00-00-00-00-02-00-E0-00-00-03-00-11-BD-18-50-49-01-C0-7A-3E-03-00-03-00-11-BE-17-00-00-00-00-00-00-00-00-00-00-00-00-00-00-00-00-00-00-00
[15:09:59:611]50-49-01-C0-44-E7-03-00-08-00-06-BC-00-01-DD-FF-1F-00
[15:09:59:837][HID_TX]00-80-06-ED-2C-50-41-0E-3D-01-E0-00-00-00-00-00-00-00-00-00-00-00-00-00-00-00-00-00-00-00-00-00-00-00-00-00-00-00-00-00-00-00-00-00-00-00-00-00-00-00-00-00-00-00-00-00-00-00-00-00-00-00-00-00-00
[15:09:59:839]HidD_GetInputReport=True
[15:09:59:839]reply_report=00-4F-00-00-00-00-00-00-00-00-00-00-00-00-00-00-00-00-00-00-00-00-00-00-00-00-00-00-00-00-00-00-00-00-00-00-00-00-00-00-00-00-00-00-00-00-00-00-00-00-00-00-00-00-00-00-00-00-00-00-00-00-00-00-00
[15:09:59:839]50-41-0E-3D-01-E0 [CMD_SENT][REMOTE_GET_MODE]
[15:09:59:841][HID_TX_ack]00-19-50-49-01-C0-FC-E7-03-00-03-00-0E-BD-00-50-49-0E-E8-00-00-00-00-02-00-E0-00-00-03-00-11-BD-18-50-49-01-C0-7A-3E-03-00-03-00-11-BE-17-00-00-00-00-00-00-00-00-00-00-00-00-00-00-00-00-00-00-00
[15:09:59:841]50-49-01-C0-FC-E7-03-00-03-00-0E-BD-00
[15:09:59:841]50-49-0E-E8-00-00-00-00-02-00-E0-00-
[15:09:59:841]REMOTE_GET_MODE=00
[15:09:59:841][HID_TX]00-80-07-EA-B0-50-41-06-3E-01-00-63-00-00-00-00-00-00-00-00-00-00-00-00-00-00-00-00-00-00-00-00-00-00-00-00-00-00-00-00-00-00-00-00-00-00-00-00-00-00-00-00-00-00-00-00-00-00-00-00-00-00-00-00-00
[15:09:59:842]HidD_GetInputReport=True
[15:09:59:842]reply_report=00-4F-00-00-00-00-00-00-00-00-00-00-00-00-00-00-00-00-00-00-00-00-00-00-00-00-00-00-00-00-00-00-00-00-00-00-00-00-00-00-00-00-00-00-00-00-00-00-00-00-00-00-00-00-00-00-00-00-00-00-00-00-00-00-00
[15:09:59:842]50-41-06-3E-01-00-63 [CMD_SENT][CMD_GET_IO_LEVEL]
[15:09:59:844][HID_TX_ack]00-12-50-49-01-C0-FF-E7-03-00-08-00-06-BE-00-01-DD-FF-1F-00-00-00-00-02-00-E0-00-00-03-00-11-BD-18-50-49-01-C0-7A-3E-03-00-03-00-11-BE-17-00-00-00-00-00-00-00-00-00-00-00-00-00-00-00-00-00-00-00
[15:09:59:845]50-49-01-C0-FF-E7-03-00-08-00-06-BE-00-01-DD-FF-1F-00
[15:10:00:068][HID_TX]00-80-06-06-03-50-41-0E-3F-01-E0-00-00-00-00-00-00-00-00-00-00-00-00-00-00-00-00-00-00-00-00-00-00-00-00-00-00-00-00-00-00-00-00-00-00-00-00-00-00-00-00-00-00-00-00-00-00-00-00-00-00-00-00-00-00
[15:10:00:068]HidD_GetInputReport=True
[15:10:00:068]reply_report=00-4F-00-00-00-00-00-00-00-00-00-00-00-00-00-00-00-00-00-00-00-00-00-00-00-00-00-00-00-00-00-00-00-00-00-00-00-00-00-00-00-00-00-00-00-00-00-00-00-00-00-00-00-00-00-00-00-00-00-00-00-00-00-00-00
[15:10:00:068]50-41-0E-3F-01-E0 [CMD_SENT][REMOTE_GET_MODE]
[15:10:00:071][HID_TX_ack]00-19-50-49-01-C0-B4-E8-03-00-03-00-0E-BF-00-50-49-0E-E9-00-00-00-00-02-00-E0-00-00-03-00-11-BD-18-50-49-01-C0-7A-3E-03-00-03-00-11-BE-17-00-00-00-00-00-00-00-00-00-00-00-00-00-00-00-00-00-00-00
[15:10:00:071]50-49-01-C0-B4-E8-03-00-03-00-0E-BF-00
[15:10:00:071]50-49-0E-E9-00-00-00-00-02-00-E0-00-
[15:10:00:071]REMOTE_GET_MODE=00
[15:10:00:071][HID_TX]00-80-07-35-63-50-41-06-40-01-00-63-00-00-00-00-00-00-00-00-00-00-00-00-00-00-00-00-00-00-00-00-00-00-00-00-00-00-00-00-00-00-00-00-00-00-00-00-00-00-00-00-00-00-00-00-00-00-00-00-00-00-00-00-00
[15:10:00:073]HidD_GetInputReport=True
[15:10:00:073]reply_report=00-4F-00-00-00-00-00-00-00-00-00-00-00-00-00-00-00-00-00-00-00-00-00-00-00-00-00-00-00-00-00-00-00-00-00-00-00-00-00-00-00-00-00-00-00-00-00-00-00-00-00-00-00-00-00-00-00-00-00-00-00-00-00-00-00
[15:10:00:073]50-41-06-40-01-00-63 [CMD_SENT][CMD_GET_IO_LEVEL]
[15:10:00:076][HID_TX_ack]00-12-50-49-01-C0-B8-E8-03-00-08-00-06-C0-00-01-DD-FF-1F-00-00-00-00-02-00-E0-00-00-03-00-11-BD-18-50-49-01-C0-7A-3E-03-00-03-00-11-BE-17-00-00-00-00-00-00-00-00-00-00-00-00-00-00-00-00-00-00-00
[15:10:00:076]50-49-01-C0-B8-E8-03-00-08-00-06-C0-00-01-DD-FF-1F-00
[15:10:00:301][HID_TX]00-80-06-D9-D0-50-41-0E-41-01-E0-00-00-00-00-00-00-00-00-00-00-00-00-00-00-00-00-00-00-00-00-00-00-00-00-00-00-00-00-00-00-00-00-00-00-00-00-00-00-00-00-00-00-00-00-00-00-00-00-00-00-00-00-00-00
[15:10:00:302]HidD_GetInputReport=True
[15:10:00:302]reply_report=00-4F-00-00-00-00-00-00-00-00-00-00-00-00-00-00-00-00-00-00-00-00-00-00-00-00-00-00-00-00-00-00-00-00-00-00-00-00-00-00-00-00-00-00-00-00-00-00-00-00-00-00-00-00-00-00-00-00-00-00-00-00-00-00-00
[15:10:00:302]50-41-0E-41-01-E0 [CMD_SENT][REMOTE_GET_MODE]
[15:10:00:305][HID_TX_ack]00-19-50-49-01-C0-6F-E9-03-00-03-00-0E-C1-00-50-49-0E-EA-00-00-00-00-02-00-E0-00-00-03-00-11-BD-18-50-49-01-C0-7A-3E-03-00-03-00-11-BE-17-00-00-00-00-00-00-00-00-00-00-00-00-00-00-00-00-00-00-00
[15:10:00:305]50-49-01-C0-6F-E9-03-00-03-00-0E-C1-00
[15:10:00:305]50-49-0E-EA-00-00-00-00-02-00-E0-00-
[15:10:00:305]REMOTE_GET_MODE=00
[15:10:00:305][HID_TX]00-80-07-DE-4C-50-41-06-42-01-00-63-00-00-00-00-00-00-00-00-00-00-00-00-00-00-00-00-00-00-00-00-00-00-00-00-00-00-00-00-00-00-00-00-00-00-00-00-00-00-00-00-00-00-00-00-00-00-00-00-00-00-00-00-00
[15:10:00:308]HidD_GetInputReport=True
[15:10:00:308]reply_report=00-4F-00-00-00-00-00-00-00-00-00-00-00-00-00-00-00-00-00-00-00-00-00-00-00-00-00-00-00-00-00-00-00-00-00-00-00-00-00-00-00-00-00-00-00-00-00-00-00-00-00-00-00-00-00-00-00-00-00-00-00-00-00-00-00
[15:10:00:308]50-41-06-42-01-00-63 [CMD_SENT][CMD_GET_IO_LEVEL]
[15:10:00:310][HID_TX_ack]00-12-50-49-01-C0-73-E9-03-00-08-00-06-C2-00-01-DD-FF-1F-00-00-00-00-02-00-E0-00-00-03-00-11-BD-18-50-49-01-C0-7A-3E-03-00-03-00-11-BE-17-00-00-00-00-00-00-00-00-00-00-00-00-00-00-00-00-00-00-00
[15:10:00:310]50-49-01-C0-73-E9-03-00-08-00-06-C2-00-01-DD-FF-1F-00
[15:10:00:533][HID_TX]00-80-06-32-FF-50-41-0E-43-01-E0-00-00-00-00-00-00-00-00-00-00-00-00-00-00-00-00-00-00-00-00-00-00-00-00-00-00-00-00-00-00-00-00-00-00-00-00-00-00-00-00-00-00-00-00-00-00-00-00-00-00-00-00-00-00
[15:10:00:535]HidD_GetInputReport=True
[15:10:00:535]reply_report=00-4F-00-00-00-00-00-00-00-00-00-00-00-00-00-00-00-00-00-00-00-00-00-00-00-00-00-00-00-00-00-00-00-00-00-00-00-00-00-00-00-00-00-00-00-00-00-00-00-00-00-00-00-00-00-00-00-00-00-00-00-00-00-00-00
[15:10:00:535]50-41-0E-43-01-E0 [CMD_SENT][REMOTE_GET_MODE]
[15:10:00:537][HID_TX_ack]00-19-50-49-01-C0-29-EA-03-00-03-00-0E-C3-00-50-49-0E-EB-00-00-00-00-02-00-E0-00-00-03-00-11-BD-18-50-49-01-C0-7A-3E-03-00-03-00-11-BE-17-00-00-00-00-00-00-00-00-00-00-00-00-00-00-00-00-00-00-00
[15:10:00:537]50-49-01-C0-29-EA-03-00-03-00-0E-C3-00
[15:10:00:537]50-49-0E-EB-00-00-00-00-02-00-E0-00-
[15:10:00:537]REMOTE_GET_MODE=00
[15:10:00:537][HID_TX]00-80-07-E3-3C-50-41-06-44-01-00-63-00-00-00-00-00-00-00-00-00-00-00-00-00-00-00-00-00-00-00-00-00-00-00-00-00-00-00-00-00-00-00-00-00-00-00-00-00-00-00-00-00-00-00-00-00-00-00-00-00-00-00-00-00
[15:10:00:539]HidD_GetInputReport=True
[15:10:00:539]reply_report=00-4F-00-00-00-00-00-00-00-00-00-00-00-00-00-00-00-00-00-00-00-00-00-00-00-00-00-00-00-00-00-00-00-00-00-00-00-00-00-00-00-00-00-00-00-00-00-00-00-00-00-00-00-00-00-00-00-00-00-00-00-00-00-00-00
[15:10:00:539]50-41-06-44-01-00-63 [CMD_SENT][CMD_GET_IO_LEVEL]
[15:10:00:542][HID_TX_ack]00-12-50-49-01-C0-2D-EA-03-00-08-00-06-C4-00-01-DD-FF-1F-00-00-00-00-02-00-E0-00-00-03-00-11-BD-18-50-49-01-C0-7A-3E-03-00-03-00-11-BE-17-00-00-00-00-00-00-00-00-00-00-00-00-00-00-00-00-00-00-00
[15:10:00:542]50-49-01-C0-2D-EA-03-00-08-00-06-C4-00-01-DD-FF-1F-00
[15:10:00:767][HID_TX]00-80-06-0F-8F-50-41-0E-45-01-E0-00-00-00-00-00-00-00-00-00-00-00-00-00-00-00-00-00-00-00-00-00-00-00-00-00-00-00-00-00-00-00-00-00-00-00-00-00-00-00-00-00-00-00-00-00-00-00-00-00-00-00-00-00-00
[15:10:00:769]HidD_GetInputReport=True
[15:10:00:769]reply_report=00-4F-00-00-00-00-00-00-00-00-00-00-00-00-00-00-00-00-00-00-00-00-00-00-00-00-00-00-00-00-00-00-00-00-00-00-00-00-00-00-00-00-00-00-00-00-00-00-00-00-00-00-00-00-00-00-00-00-00-00-00-00-00-00-00
[15:10:00:769]50-41-0E-45-01-E0 [CMD_SENT][REMOTE_GET_MODE]
[15:10:00:772][HID_TX_ack]00-19-50-49-01-C0-E4-EA-03-00-03-00-0E-C5-00-50-49-0E-EC-00-00-00-00-02-00-E0-00-00-03-00-11-BD-18-50-49-01-C0-7A-3E-03-00-03-00-11-BE-17-00-00-00-00-00-00-00-00-00-00-00-00-00-00-00-00-00-00-00
[15:10:00:772]50-49-01-C0-E4-EA-03-00-03-00-0E-C5-00
[15:10:00:772]50-49-0E-EC-00-00-00-00-02-00-E0-00-
[15:10:00:772]REMOTE_GET_MODE=00
[15:10:00:773][HID_TX]00-80-07-08-13-50-41-06-46-01-00-63-00-00-00-00-00-00-00-00-00-00-00-00-00-00-00-00-00-00-00-00-00-00-00-00-00-00-00-00-00-00-00-00-00-00-00-00-00-00-00-00-00-00-00-00-00-00-00-00-00-00-00-00-00
[15:10:00:774]HidD_GetInputReport=True
[15:10:00:774]reply_report=00-4F-00-00-00-00-00-00-00-00-00-00-00-00-00-00-00-00-00-00-00-00-00-00-00-00-00-00-00-00-00-00-00-00-00-00-00-00-00-00-00-00-00-00-00-00-00-00-00-00-00-00-00-00-00-00-00-00-00-00-00-00-00-00-00
[15:10:00:774]50-41-06-46-01-00-63 [CMD_SENT][CMD_GET_IO_LEVEL]
[15:10:00:776][HID_TX_ack]00-12-50-49-01-C0-E8-EA-03-00-08-00-06-C6-00-01-DD-FF-1F-00-00-00-00-02-00-E0-00-00-03-00-11-BD-18-50-49-01-C0-7A-3E-03-00-03-00-11-BE-17-00-00-00-00-00-00-00-00-00-00-00-00-00-00-00-00-00-00-00
[15:10:00:776]50-49-01-C0-E8-EA-03-00-08-00-06-C6-00-01-DD-FF-1F-00
[15:10:00:999][HID_TX]00-80-06-E4-A0-50-41-0E-47-01-E0-00-00-00-00-00-00-00-00-00-00-00-00-00-00-00-00-00-00-00-00-00-00-00-00-00-00-00-00-00-00-00-00-00-00-00-00-00-00-00-00-00-00-00-00-00-00-00-00-00-00-00-00-00-00
[15:10:01:001]HidD_GetInputReport=True
[15:10:01:001]reply_report=00-4F-00-00-00-00-00-00-00-00-00-00-00-00-00-00-00-00-00-00-00-00-00-00-00-00-00-00-00-00-00-00-00-00-00-00-00-00-00-00-00-00-00-00-00-00-00-00-00-00-00-00-00-00-00-00-00-00-00-00-00-00-00-00-00
[15:10:01:001]50-41-0E-47-01-E0 [CMD_SENT][REMOTE_GET_MODE]
[15:10:01:003][HID_TX_ack]00-19-50-49-01-C0-9E-EB-03-00-03-00-0E-C7-00-50-49-0E-ED-00-00-00-00-02-00-E0-00-00-03-00-11-BD-18-50-49-01-C0-7A-3E-03-00-03-00-11-BE-17-00-00-00-00-00-00-00-00-00-00-00-00-00-00-00-00-00-00-00
[15:10:01:003]50-49-01-C0-9E-EB-03-00-03-00-0E-C7-00
[15:10:01:003]50-49-0E-ED-00-00-00-00-02-00-E0-00-
[15:10:01:003]REMOTE_GET_MODE=00
[15:10:01:003][HID_TX]00-80-07-99-DC-50-41-06-48-01-00-63-00-00-00-00-00-00-00-00-00-00-00-00-00-00-00-00-00-00-00-00-00-00-00-00-00-00-00-00-00-00-00-00-00-00-00-00-00-00-00-00-00-00-00-00-00-00-00-00-00-00-00-00-00
[15:10:01:006]HidD_GetInputReport=True
[15:10:01:006]reply_report=00-4F-00-00-00-00-00-00-00-00-00-00-00-00-00-00-00-00-00-00-00-00-00-00-00-00-00-00-00-00-00-00-00-00-00-00-00-00-00-00-00-00-00-00-00-00-00-00-00-00-00-00-00-00-00-00-00-00-00-00-00-00-00-00-00
[15:10:01:006]50-41-06-48-01-00-63 [CMD_SENT][CMD_GET_IO_LEVEL]
[15:10:01:008][HID_TX_ack]00-12-50-49-01-C0-A2-EB-03-00-08-00-06-C8-00-01-DD-FF-1F-00-00-00-00-02-00-E0-00-00-03-00-11-BD-18-50-49-01-C0-7A-3E-03-00-03-00-11-BE-17-00-00-00-00-00-00-00-00-00-00-00-00-00-00-00-00-00-00-00
[15:10:01:008]50-49-01-C0-A2-EB-03-00-08-00-06-C8-00-01-DD-FF-1F-00
[15:10:01:134][HID_TX_ack]00-0D-50-49-11-EE-05-EC-03-00-03-00-20-E9-00-01-DD-FF-1F-00-00-00-00-02-00-E0-00-00-03-00-11-BD-18-50-49-01-C0-7A-3E-03-00-03-00-11-BE-17-00-00-00-00-00-00-00-00-00-00-00-00-00-00-00-00-00-00-00
[15:10:01:134]50-49-11-EE-05-EC-03-00-03-00-20-E9-00
[15:10:01:144][HID_TX_ack]00-1A-50-49-01-C0-0E-EC-03-00-03-00-11-C0-18-50-49-01-C0-0E-EC-03-00-03-00-11-C1-17-03-00-11-BD-18-50-49-01-C0-7A-3E-03-00-03-00-11-BE-17-00-00-00-00-00-00-00-00-00-00-00-00-00-00-00-00-00-00-00
[15:10:01:144]50-49-01-C0-0E-EC-03-00-03-00-11-C0-18
[15:10:01:144]50-49-01-C0-0E-EC-03-00-03-00-11-C1-17
[15:10:01:147][HID_TX_ack]00-0D-50-49-11-EF-10-EC-03-00-03-00-20-00-00-50-49-01-C0-0E-EC-03-00-03-00-11-C1-17-03-00-11-BD-18-50-49-01-C0-7A-3E-03-00-03-00-11-BE-17-00-00-00-00-00-00-00-00-00-00-00-00-00-00-00-00-00-00-00
[15:10:01:147]50-49-11-EF-10-EC-03-00-03-00-20-00-00
[15:10:01:162][HID_TX_ack]00-0D-50-49-01-C0-1D-EC-03-00-03-00-11-C2-16-50-49-01-C0-0E-EC-03-00-03-00-11-C1-17-03-00-11-BD-18-50-49-01-C0-7A-3E-03-00-03-00-11-BE-17-00-00-00-00-00-00-00-00-00-00-00-00-00-00-00-00-00-00-00
[15:10:01:162]50-49-01-C0-1D-EC-03-00-03-00-11-C2-16
[15:10:01:231][HID_TX]00-80-06-75-6F-50-41-0E-49-01-E0-00-00-00-00-00-00-00-00-00-00-00-00-00-00-00-00-00-00-00-00-00-00-00-00-00-00-00-00-00-00-00-00-00-00-00-00-00-00-00-00-00-00-00-00-00-00-00-00-00-00-00-00-00-00
[15:10:01:232]HidD_GetInputReport=True
[15:10:01:232]reply_report=00-4F-00-00-00-00-00-00-00-00-00-00-00-00-00-00-00-00-00-00-00-00-00-00-00-00-00-00-00-00-00-00-00-00-00-00-00-00-00-00-00-00-00-00-00-00-00-00-00-00-00-00-00-00-00-00-00-00-00-00-00-00-00-00-00
[15:10:01:232]50-41-0E-49-01-E0 [CMD_SENT][REMOTE_GET_MODE]
[15:10:01:235][HID_TX_ack]00-19-50-49-01-C0-57-EC-03-00-03-00-0E-C9-00-50-49-0E-F0-00-00-00-00-02-00-E0-00-17-03-00-11-BD-18-50-49-01-C0-7A-3E-03-00-03-00-11-BE-17-00-00-00-00-00-00-00-00-00-00-00-00-00-00-00-00-00-00-00
[15:10:01:235]50-49-01-C0-57-EC-03-00-03-00-0E-C9-00
[15:10:01:235]50-49-0E-F0-00-00-00-00-02-00-E0-00-
[15:10:01:235]REMOTE_GET_MODE=00
[15:10:01:235][HID_TX]00-80-07-72-F3-50-41-06-4A-01-00-63-00-00-00-00-00-00-00-00-00-00-00-00-00-00-00-00-00-00-00-00-00-00-00-00-00-00-00-00-00-00-00-00-00-00-00-00-00-00-00-00-00-00-00-00-00-00-00-00-00-00-00-00-00
[15:10:01:236]HidD_GetInputReport=True
[15:10:01:236]reply_report=00-4F-00-00-00-00-00-00-00-00-00-00-00-00-00-00-00-00-00-00-00-00-00-00-00-00-00-00-00-00-00-00-00-00-00-00-00-00-00-00-00-00-00-00-00-00-00-00-00-00-00-00-00-00-00-00-00-00-00-00-00-00-00-00-00
[15:10:01:236]50-41-06-4A-01-00-63 [CMD_SENT][CMD_GET_IO_LEVEL]
[15:10:01:239][HID_TX_ack]00-12-50-49-01-C0-5B-EC-03-00-08-00-06-CA-00-01-DD-FF-1F-00-00-00-00-02-00-E0-00-17-03-00-11-BD-18-50-49-01-C0-7A-3E-03-00-03-00-11-BE-17-00-00-00-00-00-00-00-00-00-00-00-00-00-00-00-00-00-00-00
[15:10:01:239]50-49-01-C0-5B-EC-03-00-08-00-06-CA-00-01-DD-FF-1F-00
[15:10:01:451][HID_TX]00-80-06-9E-40-50-41-0E-4B-01-E0-00-00-00-00-00-00-00-00-00-00-00-00-00-00-00-00-00-00-00-00-00-00-00-00-00-00-00-00-00-00-00-00-00-00-00-00-00-00-00-00-00-00-00-00-00-00-00-00-00-00-00-00-00-00
[15:10:01:452]HidD_GetInputReport=True
[15:10:01:452]reply_report=00-4F-00-00-00-00-00-00-00-00-00-00-00-00-00-00-00-00-00-00-00-00-00-00-00-00-00-00-00-00-00-00-00-00-00-00-00-00-00-00-00-00-00-00-00-00-00-00-00-00-00-00-00-00-00-00-00-00-00-00-00-00-00-00-00
[15:10:01:453]50-41-0E-4B-01-E0 [CMD_SENT][REMOTE_GET_MODE]
[15:10:01:455][HID_TX_ack]00-19-50-49-01-C0-07-ED-03-00-03-00-0E-CB-00-50-49-0E-F1-00-00-00-00-02-00-E0-00-17-03-00-11-BD-18-50-49-01-C0-7A-3E-03-00-03-00-11-BE-17-00-00-00-00-00-00-00-00-00-00-00-00-00-00-00-00-00-00-00
[15:10:01:455]50-49-01-C0-07-ED-03-00-03-00-0E-CB-00
[15:10:01:455]50-49-0E-F1-00-00-00-00-02-00-E0-00-
[15:10:01:455]REMOTE_GET_MODE=00
[15:10:01:455][HID_TX]00-80-07-4F-83-50-41-06-4C-01-00-63-00-00-00-00-00-00-00-00-00-00-00-00-00-00-00-00-00-00-00-00-00-00-00-00-00-00-00-00-00-00-00-00-00-00-00-00-00-00-00-00-00-00-00-00-00-00-00-00-00-00-00-00-00
[15:10:01:457]HidD_GetInputReport=True
[15:10:01:457]reply_report=00-4F-00-00-00-00-00-00-00-00-00-00-00-00-00-00-00-00-00-00-00-00-00-00-00-00-00-00-00-00-00-00-00-00-00-00-00-00-00-00-00-00-00-00-00-00-00-00-00-00-00-00-00-00-00-00-00-00-00-00-00-00-00-00-00
[15:10:01:457]50-41-06-4C-01-00-63 [CMD_SENT][CMD_GET_IO_LEVEL]
[15:10:01:459][HID_TX_ack]00-12-50-49-01-C0-0B-ED-03-00-08-00-06-CC-00-01-DD-FF-1F-00-00-00-00-02-00-E0-00-17-03-00-11-BD-18-50-49-01-C0-7A-3E-03-00-03-00-11-BE-17-00-00-00-00-00-00-00-00-00-00-00-00-00-00-00-00-00-00-00
[15:10:01:459]50-49-01-C0-0B-ED-03-00-08-00-06-CC-00-01-DD-FF-1F-00
[15:10:01:685][HID_TX]00-80-06-A3-30-50-41-0E-4D-01-E0-00-00-00-00-00-00-00-00-00-00-00-00-00-00-00-00-00-00-00-00-00-00-00-00-00-00-00-00-00-00-00-00-00-00-00-00-00-00-00-00-00-00-00-00-00-00-00-00-00-00-00-00-00-00
[15:10:01:689]HidD_GetInputReport=True
[15:10:01:689]reply_report=00-4F-00-00-00-00-00-00-00-00-00-00-00-00-00-00-00-00-00-00-00-00-00-00-00-00-00-00-00-00-00-00-00-00-00-00-00-00-00-00-00-00-00-00-00-00-00-00-00-00-00-00-00-00-00-00-00-00-00-00-00-00-00-00-00
[15:10:01:689]50-41-0E-4D-01-E0 [CMD_SENT][REMOTE_GET_MODE]
[15:10:01:695][HID_TX_ack]00-19-50-49-01-C0-C3-ED-03-00-03-00-0E-CD-00-50-49-0E-F2-00-00-00-00-02-00-E0-00-17-03-00-11-BD-18-50-49-01-C0-7A-3E-03-00-03-00-11-BE-17-00-00-00-00-00-00-00-00-00-00-00-00-00-00-00-00-00-00-00
[15:10:01:695]50-49-01-C0-C3-ED-03-00-03-00-0E-CD-00
[15:10:01:695]50-49-0E-F2-00-00-00-00-02-00-E0-00-
[15:10:01:695]REMOTE_GET_MODE=00
[15:10:01:695][HID_TX]00-80-07-A4-AC-50-41-06-4E-01-00-63-00-00-00-00-00-00-00-00-00-00-00-00-00-00-00-00-00-00-00-00-00-00-00-00-00-00-00-00-00-00-00-00-00-00-00-00-00-00-00-00-00-00-00-00-00-00-00-00-00-00-00-00-00
[15:10:01:697]HidD_GetInputReport=True
[15:10:01:697]reply_report=00-4F-00-00-00-00-00-00-00-00-00-00-00-00-00-00-00-00-00-00-00-00-00-00-00-00-00-00-00-00-00-00-00-00-00-00-00-00-00-00-00-00-00-00-00-00-00-00-00-00-00-00-00-00-00-00-00-00-00-00-00-00-00-00-00
[15:10:01:697]50-41-06-4E-01-00-63 [CMD_SENT][CMD_GET_IO_LEVEL]
[15:10:01:699][HID_TX_ack]00-12-50-49-01-C0-CB-ED-03-00-08-00-06-CE-00-01-DD-FF-1F-00-00-00-00-02-00-E0-00-17-03-00-11-BD-18-50-49-01-C0-7A-3E-03-00-03-00-11-BE-17-00-00-00-00-00-00-00-00-00-00-00-00-00-00-00-00-00-00-00
[15:10:01:699]50-49-01-C0-CB-ED-03-00-08-00-06-CE-00-01-DD-FF-1F-00
[15:10:01:805][HID_TX_ack]00-0D-50-49-11-F3-1D-EE-03-00-03-00-20-EA-00-01-DD-FF-1F-00-00-00-00-02-00-E0-00-17-03-00-11-BD-18-50-49-01-C0-7A-3E-03-00-03-00-11-BE-17-00-00-00-00-00-00-00-00-00-00-00-00-00-00-00-00-00-00-00
[15:10:01:805]50-49-11-F3-1D-EE-03-00-03-00-20-EA-00
[15:10:01:818][HID_TX_ack]00-1A-50-49-01-C0-29-EE-03-00-03-00-11-C3-18-50-49-01-C0-2A-EE-03-00-03-00-11-C4-17-03-00-11-BD-18-50-49-01-C0-7A-3E-03-00-03-00-11-BE-17-00-00-00-00-00-00-00-00-00-00-00-00-00-00-00-00-00-00-00
[15:10:01:818]50-49-01-C0-29-EE-03-00-03-00-11-C3-18
[15:10:01:818]50-49-01-C0-2A-EE-03-00-03-00-11-C4-17
[15:10:01:822][HID_TX_ack]00-0D-50-49-11-F4-2B-EE-03-00-03-00-20-00-00-50-49-01-C0-2A-EE-03-00-03-00-11-C4-17-03-00-11-BD-18-50-49-01-C0-7A-3E-03-00-03-00-11-BE-17-00-00-00-00-00-00-00-00-00-00-00-00-00-00-00-00-00-00-00
[15:10:01:822]50-49-11-F4-2B-EE-03-00-03-00-20-00-00
[15:10:01:837][HID_TX_ack]00-0D-50-49-01-C0-39-EE-03-00-03-00-11-C5-16-50-49-01-C0-2A-EE-03-00-03-00-11-C4-17-03-00-11-BD-18-50-49-01-C0-7A-3E-03-00-03-00-11-BE-17-00-00-00-00-00-00-00-00-00-00-00-00-00-00-00-00-00-00-00
[15:10:01:837]50-49-01-C0-39-EE-03-00-03-00-11-C5-16
[15:10:01:916][HID_TX]00-80-06-48-1F-50-41-0E-4F-01-E0-00-00-00-00-00-00-00-00-00-00-00-00-00-00-00-00-00-00-00-00-00-00-00-00-00-00-00-00-00-00-00-00-00-00-00-00-00-00-00-00-00-00-00-00-00-00-00-00-00-00-00-00-00-00
[15:10:01:917]HidD_GetInputReport=True
[15:10:01:917]reply_report=00-4F-00-00-00-00-00-00-00-00-00-00-00-00-00-00-00-00-00-00-00-00-00-00-00-00-00-00-00-00-00-00-00-00-00-00-00-00-00-00-00-00-00-00-00-00-00-00-00-00-00-00-00-00-00-00-00-00-00-00-00-00-00-00-00
[15:10:01:917]50-41-0E-4F-01-E0 [CMD_SENT][REMOTE_GET_MODE]
[15:10:01:920][HID_TX_ack]00-19-50-49-01-C0-7B-EE-03-00-03-00-0E-CF-00-50-49-0E-F5-00-00-00-00-02-00-E0-00-17-03-00-11-BD-18-50-49-01-C0-7A-3E-03-00-03-00-11-BE-17-00-00-00-00-00-00-00-00-00-00-00-00-00-00-00-00-00-00-00
[15:10:01:920]50-49-01-C0-7B-EE-03-00-03-00-0E-CF-00
[15:10:01:920]50-49-0E-F5-00-00-00-00-02-00-E0-00-
[15:10:01:920]REMOTE_GET_MODE=00
[15:10:01:920][HID_TX]00-80-07-4C-0C-50-41-06-50-01-00-63-00-00-00-00-00-00-00-00-00-00-00-00-00-00-00-00-00-00-00-00-00-00-00-00-00-00-00-00-00-00-00-00-00-00-00-00-00-00-00-00-00-00-00-00-00-00-00-00-00-00-00-00-00
[15:10:01:921]HidD_GetInputReport=True
[15:10:01:921]reply_report=00-4F-00-00-00-00-00-00-00-00-00-00-00-00-00-00-00-00-00-00-00-00-00-00-00-00-00-00-00-00-00-00-00-00-00-00-00-00-00-00-00-00-00-00-00-00-00-00-00-00-00-00-00-00-00-00-00-00-00-00-00-00-00-00-00
[15:10:01:921]50-41-06-50-01-00-63 [CMD_SENT][CMD_GET_IO_LEVEL]
[15:10:01:924][HID_TX_ack]00-12-50-49-01-C0-7F-EE-03-00-08-00-06-D0-00-01-DD-FF-1F-00-00-00-00-02-00-E0-00-17-03-00-11-BD-18-50-49-01-C0-7A-3E-03-00-03-00-11-BE-17-00-00-00-00-00-00-00-00-00-00-00-00-00-00-00-00-00-00-00
[15:10:01:924]50-49-01-C0-7F-EE-03-00-08-00-06-D0-00-01-DD-FF-1F-00
[15:10:02:134][HID_TX]00-80-06-A0-BF-50-41-0E-51-01-E0-00-00-00-00-00-00-00-00-00-00-00-00-00-00-00-00-00-00-00-00-00-00-00-00-00-00-00-00-00-00-00-00-00-00-00-00-00-00-00-00-00-00-00-00-00-00-00-00-00-00-00-00-00-00
[15:10:02:136]HidD_GetInputReport=True
[15:10:02:136]reply_report=00-4F-00-00-00-00-00-00-00-00-00-00-00-00-00-00-00-00-00-00-00-00-00-00-00-00-00-00-00-00-00-00-00-00-00-00-00-00-00-00-00-00-00-00-00-00-00-00-00-00-00-00-00-00-00-00-00-00-00-00-00-00-00-00-00
[15:10:02:136]50-41-0E-51-01-E0 [CMD_SENT][REMOTE_GET_MODE]
[15:10:02:139][HID_TX_ack]00-19-50-49-01-C0-2A-EF-03-00-03-00-0E-D1-00-50-49-0E-F6-00-00-00-00-02-00-E0-00-17-03-00-11-BD-18-50-49-01-C0-7A-3E-03-00-03-00-11-BE-17-00-00-00-00-00-00-00-00-00-00-00-00-00-00-00-00-00-00-00
[15:10:02:139]50-49-01-C0-2A-EF-03-00-03-00-0E-D1-00
[15:10:02:139]50-49-0E-F6-00-00-00-00-02-00-E0-00-
[15:10:02:139]REMOTE_GET_MODE=00
[15:10:02:139][HID_TX]00-80-07-A7-23-50-41-06-52-01-00-63-00-00-00-00-00-00-00-00-00-00-00-00-00-00-00-00-00-00-00-00-00-00-00-00-00-00-00-00-00-00-00-00-00-00-00-00-00-00-00-00-00-00-00-00-00-00-00-00-00-00-00-00-00
[15:10:02:140]HidD_GetInputReport=True
[15:10:02:140]reply_report=00-4F-00-00-00-00-00-00-00-00-00-00-00-00-00-00-00-00-00-00-00-00-00-00-00-00-00-00-00-00-00-00-00-00-00-00-00-00-00-00-00-00-00-00-00-00-00-00-00-00-00-00-00-00-00-00-00-00-00-00-00-00-00-00-00
[15:10:02:140]50-41-06-52-01-00-63 [CMD_SENT][CMD_GET_IO_LEVEL]
[15:10:02:143][HID_TX_ack]00-12-50-49-01-C0-2E-EF-03-00-08-00-06-D2-00-01-DD-FF-1F-00-00-00-00-02-00-E0-00-17-03-00-11-BD-18-50-49-01-C0-7A-3E-03-00-03-00-11-BE-17-00-00-00-00-00-00-00-00-00-00-00-00-00-00-00-00-00-00-00
[15:10:02:143]50-49-01-C0-2E-EF-03-00-08-00-06-D2-00-01-DD-FF-1F-00
[15:10:02:365][HID_TX]00-80-06-4B-90-50-41-0E-53-01-E0-00-00-00-00-00-00-00-00-00-00-00-00-00-00-00-00-00-00-00-00-00-00-00-00-00-00-00-00-00-00-00-00-00-00-00-00-00-00-00-00-00-00-00-00-00-00-00-00-00-00-00-00-00-00
[15:10:02:366]HidD_GetInputReport=True
[15:10:02:367]reply_report=00-4F-00-00-00-00-00-00-00-00-00-00-00-00-00-00-00-00-00-00-00-00-00-00-00-00-00-00-00-00-00-00-00-00-00-00-00-00-00-00-00-00-00-00-00-00-00-00-00-00-00-00-00-00-00-00-00-00-00-00-00-00-00-00-00
[15:10:02:367]50-41-0E-53-01-E0 [CMD_SENT][REMOTE_GET_MODE]
[15:10:02:369][HID_TX_ack]00-19-50-49-01-C0-E2-EF-03-00-03-00-0E-D3-00-50-49-0E-F7-00-00-00-00-02-00-E0-00-17-03-00-11-BD-18-50-49-01-C0-7A-3E-03-00-03-00-11-BE-17-00-00-00-00-00-00-00-00-00-00-00-00-00-00-00-00-00-00-00
[15:10:02:369]50-49-01-C0-E2-EF-03-00-03-00-0E-D3-00
[15:10:02:369]50-49-0E-F7-00-00-00-00-02-00-E0-00-
[15:10:02:369]REMOTE_GET_MODE=00
[15:10:02:369][HID_TX]00-80-07-9A-53-50-41-06-54-01-00-63-00-00-00-00-00-00-00-00-00-00-00-00-00-00-00-00-00-00-00-00-00-00-00-00-00-00-00-00-00-00-00-00-00-00-00-00-00-00-00-00-00-00-00-00-00-00-00-00-00-00-00-00-00
[15:10:02:370]HidD_GetInputReport=True
[15:10:02:371]reply_report=00-4F-00-00-00-00-00-00-00-00-00-00-00-00-00-00-00-00-00-00-00-00-00-00-00-00-00-00-00-00-00-00-00-00-00-00-00-00-00-00-00-00-00-00-00-00-00-00-00-00-00-00-00-00-00-00-00-00-00-00-00-00-00-00-00
[15:10:02:371]50-41-06-54-01-00-63 [CMD_SENT][CMD_GET_IO_LEVEL]
[15:10:02:373][HID_TX_ack]00-12-50-49-01-C0-E6-EF-03-00-08-00-06-D4-00-01-DD-FF-1F-00-00-00-00-02-00-E0-00-17-03-00-11-BD-18-50-49-01-C0-7A-3E-03-00-03-00-11-BE-17-00-00-00-00-00-00-00-00-00-00-00-00-00-00-00-00-00-00-00
[15:10:02:373]50-49-01-C0-E6-EF-03-00-08-00-06-D4-00-01-DD-FF-1F-00
[15:10:02:599][HID_TX]00-80-06-76-E0-50-41-0E-55-01-E0-00-00-00-00-00-00-00-00-00-00-00-00-00-00-00-00-00-00-00-00-00-00-00-00-00-00-00-00-00-00-00-00-00-00-00-00-00-00-00-00-00-00-00-00-00-00-00-00-00-00-00-00-00-00
[15:10:02:601]HidD_GetInputReport=True
[15:10:02:601]reply_report=00-4F-00-00-00-00-00-00-00-00-00-00-00-00-00-00-00-00-00-00-00-00-00-00-00-00-00-00-00-00-00-00-00-00-00-00-00-00-00-00-00-00-00-00-00-00-00-00-00-00-00-00-00-00-00-00-00-00-00-00-00-00-00-00-00
[15:10:02:601]50-41-0E-55-01-E0 [CMD_SENT][REMOTE_GET_MODE]
[15:10:02:603][HID_TX_ack]00-19-50-49-01-C0-9E-F0-03-00-03-00-0E-D5-00-50-49-0E-F8-00-00-00-00-02-00-E0-00-17-03-00-11-BD-18-50-49-01-C0-7A-3E-03-00-03-00-11-BE-17-00-00-00-00-00-00-00-00-00-00-00-00-00-00-00-00-00-00-00
[15:10:02:603]50-49-01-C0-9E-F0-03-00-03-00-0E-D5-00
[15:10:02:603]50-49-0E-F8-00-00-00-00-02-00-E0-00-
[15:10:02:603]REMOTE_GET_MODE=00
[15:10:02:603][HID_TX]00-80-07-71-7C-50-41-06-56-01-00-63-00-00-00-00-00-00-00-00-00-00-00-00-00-00-00-00-00-00-00-00-00-00-00-00-00-00-00-00-00-00-00-00-00-00-00-00-00-00-00-00-00-00-00-00-00-00-00-00-00-00-00-00-00
[15:10:02:605]HidD_GetInputReport=True
[15:10:02:605]reply_report=00-4F-00-00-00-00-00-00-00-00-00-00-00-00-00-00-00-00-00-00-00-00-00-00-00-00-00-00-00-00-00-00-00-00-00-00-00-00-00-00-00-00-00-00-00-00-00-00-00-00-00-00-00-00-00-00-00-00-00-00-00-00-00-00-00
[15:10:02:605]50-41-06-56-01-00-63 [CMD_SENT][CMD_GET_IO_LEVEL]
[15:10:02:609][HID_TX_ack]00-12-50-49-01-C0-A3-F0-03-00-08-00-06-D6-00-01-DD-FF-1F-00-00-00-00-02-00-E0-00-17-03-00-11-BD-18-50-49-01-C0-7A-3E-03-00-03-00-11-BE-17-00-00-00-00-00-00-00-00-00-00-00-00-00-00-00-00-00-00-00
[15:10:02:609]50-49-01-C0-A3-F0-03-00-08-00-06-D6-00-01-DD-FF-1F-00
[15:10:02:832][HID_TX]00-80-06-9D-CF-50-41-0E-57-01-E0-00-00-00-00-00-00-00-00-00-00-00-00-00-00-00-00-00-00-00-00-00-00-00-00-00-00-00-00-00-00-00-00-00-00-00-00-00-00-00-00-00-00-00-00-00-00-00-00-00-00-00-00-00-00
[15:10:02:833]HidD_GetInputReport=True
[15:10:02:833]reply_report=00-4F-00-00-00-00-00-00-00-00-00-00-00-00-00-00-00-00-00-00-00-00-00-00-00-00-00-00-00-00-00-00-00-00-00-00-00-00-00-00-00-00-00-00-00-00-00-00-00-00-00-00-00-00-00-00-00-00-00-00-00-00-00-00-00
[15:10:02:833]50-41-0E-57-01-E0 [CMD_SENT][REMOTE_GET_MODE]
[15:10:02:836][HID_TX_ack]00-19-50-49-01-C0-58-F1-03-00-03-00-0E-D7-00-50-49-0E-F9-00-00-00-00-02-00-E0-00-17-03-00-11-BD-18-50-49-01-C0-7A-3E-03-00-03-00-11-BE-17-00-00-00-00-00-00-00-00-00-00-00-00-00-00-00-00-00-00-00
[15:10:02:837]50-49-01-C0-58-F1-03-00-03-00-0E-D7-00
[15:10:02:837]50-49-0E-F9-00-00-00-00-02-00-E0-00-
[15:10:02:837]REMOTE_GET_MODE=00
[15:10:02:837][HID_TX]00-80-07-E0-B3-50-41-06-58-01-00-63-00-00-00-00-00-00-00-00-00-00-00-00-00-00-00-00-00-00-00-00-00-00-00-00-00-00-00-00-00-00-00-00-00-00-00-00-00-00-00-00-00-00-00-00-00-00-00-00-00-00-00-00-00
[15:10:02:838]HidD_GetInputReport=True
[15:10:02:838]reply_report=00-4F-00-00-00-00-00-00-00-00-00-00-00-00-00-00-00-00-00-00-00-00-00-00-00-00-00-00-00-00-00-00-00-00-00-00-00-00-00-00-00-00-00-00-00-00-00-00-00-00-00-00-00-00-00-00-00-00-00-00-00-00-00-00-00
[15:10:02:838]50-41-06-58-01-00-63 [CMD_SENT][CMD_GET_IO_LEVEL]
[15:10:02:840][HID_TX_ack]00-12-50-49-01-C0-5C-F1-03-00-08-00-06-D8-00-01-DD-FF-1F-00-00-00-00-02-00-E0-00-17-03-00-11-BD-18-50-49-01-C0-7A-3E-03-00-03-00-11-BE-17-00-00-00-00-00-00-00-00-00-00-00-00-00-00-00-00-00-00-00
[15:10:02:841]50-49-01-C0-5C-F1-03-00-08-00-06-D8-00-01-DD-FF-1F-00
[15:10:03:061][HID_TX]00-80-06-0C-00-50-41-0E-59-01-E0-00-00-00-00-00-00-00-00-00-00-00-00-00-00-00-00-00-00-00-00-00-00-00-00-00-00-00-00-00-00-00-00-00-00-00-00-00-00-00-00-00-00-00-00-00-00-00-00-00-00-00-00-00-00
[15:10:03:062]HidD_GetInputReport=True
[15:10:03:062]reply_report=00-4F-00-00-00-00-00-00-00-00-00-00-00-00-00-00-00-00-00-00-00-00-00-00-00-00-00-00-00-00-00-00-00-00-00-00-00-00-00-00-00-00-00-00-00-00-00-00-00-00-00-00-00-00-00-00-00-00-00-00-00-00-00-00-00
[15:10:03:062]50-41-0E-59-01-E0 [CMD_SENT][REMOTE_GET_MODE]
[15:10:03:064][HID_TX_ack]00-19-50-49-01-C0-0F-F2-03-00-03-00-0E-D9-00-50-49-0E-FA-00-00-00-00-02-00-E0-00-17-03-00-11-BD-18-50-49-01-C0-7A-3E-03-00-03-00-11-BE-17-00-00-00-00-00-00-00-00-00-00-00-00-00-00-00-00-00-00-00
[15:10:03:064]50-49-01-C0-0F-F2-03-00-03-00-0E-D9-00
[15:10:03:064]50-49-0E-FA-00-00-00-00-02-00-E0-00-
[15:10:03:065]REMOTE_GET_MODE=00
[15:10:03:065][HID_TX]00-80-07-0B-9C-50-41-06-5A-01-00-63-00-00-00-00-00-00-00-00-00-00-00-00-00-00-00-00-00-00-00-00-00-00-00-00-00-00-00-00-00-00-00-00-00-00-00-00-00-00-00-00-00-00-00-00-00-00-00-00-00-00-00-00-00
[15:10:03:066]HidD_GetInputReport=True
[15:10:03:066]reply_report=00-4F-00-00-00-00-00-00-00-00-00-00-00-00-00-00-00-00-00-00-00-00-00-00-00-00-00-00-00-00-00-00-00-00-00-00-00-00-00-00-00-00-00-00-00-00-00-00-00-00-00-00-00-00-00-00-00-00-00-00-00-00-00-00-00
[15:10:03:066]50-41-06-5A-01-00-63 [CMD_SENT][CMD_GET_IO_LEVEL]
[15:10:03:069][HID_TX_ack]00-12-50-49-01-C0-13-F2-03-00-08-00-06-DA-00-01-DD-FF-1F-00-00-00-00-02-00-E0-00-17-03-00-11-BD-18-50-49-01-C0-7A-3E-03-00-03-00-11-BE-17-00-00-00-00-00-00-00-00-00-00-00-00-00-00-00-00-00-00-00
[15:10:03:069]50-49-01-C0-13-F2-03-00-08-00-06-DA-00-01-DD-FF-1F-00
[15:10:03:978][HID_TX]00-80-07-67-DB-50-41-0E-5B-02-E1-00-00-00-00-00-00-00-00-00-00-00-00-00-00-00-00-00-00-00-00-00-00-00-00-00-00-00-00-00-00-00-00-00-00-00-00-00-00-00-00-00-00-00-00-00-00-00-00-00-00-00-00-00-00
[15:10:03:980]HidD_GetInputReport=True
[15:10:03:980]reply_report=00-4F-00-00-00-00-00-00-00-00-00-00-00-00-00-00-00-00-00-00-00-00-00-00-00-00-00-00-00-00-00-00-00-00-00-00-00-00-00-00-00-00-00-00-00-00-00-00-00-00-00-00-00-00-00-00-00-00-00-00-00-00-00-00-00
[15:10:03:980]50-41-0E-5B-02-E1-00 [CMD_SENT][REMOTE_SET_MODE] is_remote=False
[15:10:03:983][HID_TX_ack]00-0D-50-49-01-C0-EE-F4-03-00-03-00-0E-DB-00-01-DD-FF-1F-00-00-00-00-02-00-E0-00-17-03-00-11-BD-18-50-49-01-C0-7A-3E-03-00-03-00-11-BE-17-00-00-00-00-00-00-00-00-00-00-00-00-00-00-00-00-00-00-00
[15:10:03:983]50-49-01-C0-EE-F4-03-00-03-00-0E-DB-00
[15:10:03:984]ystech_Power_Saving, is_EnablePowerSaving=True
[15:10:03:985][HID_TX]00-85-01-73-56-02-00-00-00-00-00-00-00-00-00-00-00-00-00-00-00-00-00-00-00-00-00-00-00-00-00-00-00-00-00-00-00-00-00-00-00-00-00-00-00-00-00-00-00-00-00-00-00-00-00-00-00-00-00-00-00-00-00-00-00
[15:10:03:986]HidD_GetInputReport=True
[15:10:03:986]reply_report=00-4F-00-00-00-00-00-00-00-00-00-00-00-00-00-00-00-00-00-00-00-00-00-00-00-00-00-00-00-00-00-00-00-00-00-00-00-00-00-00-00-00-00-00-00-00-00-00-00-00-00-00-00-00-00-00-00-00-00-00-00-00-00-00-00
[15:10:03:987]HID_CMD_POWER_SAVING_Enable
[15:10:03:987]close_hid_stream
[15:10:03:987]close_hid_handle
