[13:49:35:615]connect_auto_select
[13:49:35:627]\\?\hid#dell09c2&col02#5&bc4dc33&0&0001#{4d1e55b2-f16f-11cf-88cb-001111000030}
[13:49:35:627]\\?\hid#vid_046d&pid_0adf&mi_04#7&31212da2&0&0000#{4d1e55b2-f16f-11cf-88cb-001111000030}
[13:49:35:627]\\?\hid#vid_046d&pid_0adf&mi_00#7&3e7114f&0&0000#{4d1e55b2-f16f-11cf-88cb-001111000030}
[13:49:35:627]\\?\hid#dell09c2&col03#5&bc4dc33&0&0002#{4d1e55b2-f16f-11cf-88cb-001111000030}
[13:49:35:627]\\?\hid#intc816&col01#3&207f9b7f&0&0000#{4d1e55b2-f16f-11cf-88cb-001111000030}
[13:49:35:628]\\?\hid#intc816&col02#3&207f9b7f&0&0001#{4d1e55b2-f16f-11cf-88cb-001111000030}
[13:49:35:628]\\?\hid#converteddevice&col02#5&17bac0a6&0&0001#{4d1e55b2-f16f-11cf-88cb-001111000030}
[13:49:35:628]\\?\hid#converteddevice&col03#5&17bac0a6&0&0002#{4d1e55b2-f16f-11cf-88cb-001111000030}
[13:49:35:628]\\?\hid#dell09c2&col04#5&bc4dc33&0&0003#{4d1e55b2-f16f-11cf-88cb-001111000030}
[13:49:35:628]\\?\hid#{00001812-0000-1000-8000-00805f9b34fb}_dev_vid&0232c2_pid&0001_rev&0068_ccb624cd66b1#9&326e3aae&0&0000#{4d1e55b2-f16f-11cf-88cb-001111000030}
[13:49:35:628]\\?\hid#dell09c2&col05#5&bc4dc33&0&0004#{4d1e55b2-f16f-11cf-88cb-001111000030}
[13:49:35:628]\\?\hid#converteddevice&col01#5&17bac0a6&0&0000#{4d1e55b2-f16f-11cf-88cb-001111000030}\kbd
[13:49:35:628]\\?\hid#dell09c2&col01#5&bc4dc33&0&0000#{4d1e55b2-f16f-11cf-88cb-001111000030}
[13:49:35:634]id=VID=046D,PID=0ADF
[13:49:35:635]CloseHandleX
[13:49:35:635]id=VID=046D,PID=0ADF
[13:49:35:636]	attributes.VendorID=0x46D
[13:49:35:636]	attributes.ProductID=0xADF
[13:49:35:636]	attributes.VersionNumber=512
[13:49:35:636]	attributes.Size=12
[13:49:35:636]	SerialNumberString=V001008005.1
[13:49:35:636]	ManufacturerString=噐ţ᳨ţ
[13:49:35:637]	ProductString=G435 Wireless Gaming Headset
[13:49:35:637]CloseHandleX
[13:49:35:637]try_path=\\?\hid#vid_046d&pid_0adf&mi_00#7&3e7114f&0&0000#{4d1e55b2-f16f-11cf-88cb-001111000030}
[13:49:35:638]	InputReportByteLength=65
[13:49:35:638]	OutputReportByteLength=65
[13:49:35:639]HID_Connected=\\?\hid#vid_046d&pid_0adf&mi_00#7&3e7114f&0&0000#{4d1e55b2-f16f-11cf-88cb-001111000030}
[13:49:35:639]ystech_read_fw_version
[13:49:35:641][HID_TX]00-84-01-D1-55-01-00-00-00-00-00-00-00-00-00-00-00-00-00-00-00-00-00-00-00-00-00-00-00-00-00-00-00-00-00-00-00-00-00-00-00-00-00-00-00-00-00-00-00-00-00-00-00-00-00-00-00-00-00-00-00-00-00-00-00
[13:49:35:643]HidD_GetInputReport=True
[13:49:35:643]reply_report=00-4F-56-31-2E-38-2E-35-2E-31-00-00-00-00-00-00-00-00-00-00-00-00-00-00-00-00-00-00-00-00-00-00-00-00-00-00-00-00-00-00-00-00-00-00-00-00-00-00-00-00-00-00-00-00-00-00-00-00-00-00-00-00-00-00-00
[13:49:35:643][ys_tech] fw_version=V1.8.5.1
[13:49:35:643]ystech_Power_Saving, is_EnablePowerSaving=False
[13:49:35:643][HID_TX]00-85-01-83-8B-01-00-00-00-00-00-00-00-00-00-00-00-00-00-00-00-00-00-00-00-00-00-00-00-00-00-00-00-00-00-00-00-00-00-00-00-00-00-00-00-00-00-00-00-00-00-00-00-00-00-00-00-00-00-00-00-00-00-00-00
[13:49:35:644]HidD_GetInputReport=True
[13:49:35:645]reply_report=00-46-00-00-00-00-00-00-00-00-00-00-00-00-00-00-00-00-00-00-00-00-00-00-00-00-00-00-00-00-00-00-00-00-00-00-00-00-00-00-00-00-00-00-00-00-00-00-00-00-00-00-00-00-00-00-00-00-00-00-00-00-00-00-00
[13:49:35:665][Response Fail][System.Exception]
[13:49:35:672]   at ..(Boolean  )
   at ..(Byte  , Byte[]  )
[13:49:35:734]_ystech_retry_count=1
[13:49:35:734][HID_TX]00-85-01-83-8B-01-00-00-00-00-00-00-00-00-00-00-00-00-00-00-00-00-00-00-00-00-00-00-00-00-00-00-00-00-00-00-00-00-00-00-00-00-00-00-00-00-00-00-00-00-00-00-00-00-00-00-00-00-00-00-00-00-00-00-00
[13:49:35:735]HidD_GetInputReport=True
[13:49:35:735]reply_report=00-4F-00-00-00-00-00-00-00-00-00-00-00-00-00-00-00-00-00-00-00-00-00-00-00-00-00-00-00-00-00-00-00-00-00-00-00-00-00-00-00-00-00-00-00-00-00-00-00-00-00-00-00-00-00-00-00-00-00-00-00-00-00-00-00
[13:49:35:735]HID_CMD_POWER_SAVING_Disable
[13:49:35:735]path_connected=\\?\hid#vid_046d&pid_0adf&mi_00#7&3e7114f&0&0000#{4d1e55b2-f16f-11cf-88cb-001111000030}
[13:49:35:740][HID_TX]00-80-13-43-F6-50-41-06-01-0D-00-25-34-12-5A-5A-01-00-00-00-F0-00-00-00-00-00-00-00-00-00-00-00-00-00-00-00-00-00-00-00-00-00-00-00-00-00-00-00-00-00-00-00-00-00-00-00-00-00-00-00-00-00-00-00-00
[13:49:35:741]HidD_GetInputReport=True
[13:49:35:741]reply_report=00-4F-00-00-00-00-00-00-00-00-00-00-00-00-00-00-00-00-00-00-00-00-00-00-00-00-00-00-00-00-00-00-00-00-00-00-00-00-00-00-00-00-00-00-00-00-00-00-00-00-00-00-00-00-00-00-00-00-00-00-00-00-00-00-00
[13:49:35:742]50-41-06-01-0D-00-25-34-12-5A-5A-01-00-00-00-F0-00-00-00 [CMD_SENT][OTA_CMD_IOCTL][READ_MAX_LEN=240]
[13:49:35:747][HID_TX_ack]00-11-50-49-01-C0-73-79-00-00-07-00-06-81-00-F0-00-00-00-8F-3C-00-00-03-00-11-8A-13-32-00-00-00-00-00-00-00-00-00-00-00-00-00-00-00-00-00-00-00-00-00-00-00-00-00-00-00-00-00-00-00-00-00-00-00-00
[13:49:36:420]50-49-01-C0-73-79-00-00-07-00-06-81-00-F0-00-00-00
[13:49:42:990][HID_TX]00-80-06-12-CD-50-41-0E-02-01-E0-00-00-00-00-00-00-00-00-00-00-00-00-00-00-00-00-00-00-00-00-00-00-00-00-00-00-00-00-00-00-00-00-00-00-00-00-00-00-00-00-00-00-00-00-00-00-00-00-00-00-00-00-00-00
[13:49:42:992]HidD_GetInputReport=True
[13:49:42:992]reply_report=00-4F-00-00-00-00-00-00-00-00-00-00-00-00-00-00-00-00-00-00-00-00-00-00-00-00-00-00-00-00-00-00-00-00-00-00-00-00-00-00-00-00-00-00-00-00-00-00-00-00-00-00-00-00-00-00-00-00-00-00-00-00-00-00-00
[13:49:42:992]50-41-0E-02-01-E0 [CMD_SENT][REMOTE_GET_MODE]
[13:49:42:994][HID_TX_ack]00-19-50-49-01-C0-8F-8F-00-00-03-00-0E-82-00-50-49-0E-C4-00-00-00-00-02-00-E0-00-13-32-00-00-00-00-00-00-00-00-00-00-00-00-00-00-00-00-00-00-00-00-00-00-00-00-00-00-00-00-00-00-00-00-00-00-00-00
[13:49:42:994]50-49-01-C0-8F-8F-00-00-03-00-0E-82-00
[13:49:42:994]50-49-0E-C4-00-00-00-00-02-00-E0-00-
[13:49:42:994]REMOTE_GET_MODE=00
[13:49:42:995][HID_TX]00-80-08-ED-79-50-41-06-03-02-00-43-01-00-00-00-00-00-00-00-00-00-00-00-00-00-00-00-00-00-00-00-00-00-00-00-00-00-00-00-00-00-00-00-00-00-00-00-00-00-00-00-00-00-00-00-00-00-00-00-00-00-00-00-00
[13:49:42:996]HidD_GetInputReport=True
[13:49:42:996]reply_report=00-4F-00-00-00-00-00-00-00-00-00-00-00-00-00-00-00-00-00-00-00-00-00-00-00-00-00-00-00-00-00-00-00-00-00-00-00-00-00-00-00-00-00-00-00-00-00-00-00-00-00-00-00-00-00-00-00-00-00-00-00-00-00-00-00
[13:49:42:996]50-41-06-03-02-00-43-01 [CMD_SENT][CMD_READ_MP_DATA_BY_ID]
[13:49:43:007][HID_TX_ack]00-13-50-49-01-C0-8F-8F-00-00-09-00-06-83-00-39-0D-0E-99-58-40-00-00-02-00-E0-00-13-32-00-00-00-00-00-00-00-00-00-00-00-00-00-00-00-00-00-00-00-00-00-00-00-00-00-00-00-00-00-00-00-00-00-00-00-00
[13:49:43:007]50-49-01-C0-8F-8F-00-00-09-00-06-83-00-39-0D-0E-99-58-40
[13:49:54:684][HID_TX]00-80-06-2F-BD-50-41-0E-04-01-E0-00-00-00-00-00-00-00-00-00-00-00-00-00-00-00-00-00-00-00-00-00-00-00-00-00-00-00-00-00-00-00-00-00-00-00-00-00-00-00-00-00-00-00-00-00-00-00-00-00-00-00-00-00-00
[13:49:54:685]HidD_GetInputReport=True
[13:49:54:685]reply_report=00-4F-00-00-00-00-00-00-00-00-00-00-00-00-00-00-00-00-00-00-00-00-00-00-00-00-00-00-00-00-00-00-00-00-00-00-00-00-00-00-00-00-00-00-00-00-00-00-00-00-00-00-00-00-00-00-00-00-00-00-00-00-00-00-00
[13:49:54:685]50-41-0E-04-01-E0 [CMD_SENT][REMOTE_GET_MODE]
[13:49:54:687][HID_TX_ack]00-19-50-49-01-C0-8F-B4-00-00-03-00-0E-84-00-50-49-0E-C5-00-00-00-00-02-00-E0-00-13-32-00-00-00-00-00-00-00-00-00-00-00-00-00-00-00-00-00-00-00-00-00-00-00-00-00-00-00-00-00-00-00-00-00-00-00-00
[13:49:54:687]50-49-01-C0-8F-B4-00-00-03-00-0E-84-00
[13:49:54:687]50-49-0E-C5-00-00-00-00-02-00-E0-00-
[13:49:54:687]REMOTE_GET_MODE=00
[13:49:54:689][HID_TX]00-80-08-F9-5F-50-41-07-05-03-08-00-E4-00-00-00-00-00-00-00-00-00-00-00-00-00-00-00-00-00-00-00-00-00-00-00-00-00-00-00-00-00-00-00-00-00-00-00-00-00-00-00-00-00-00-00-00-00-00-00-00-00-00-00-00
[13:49:54:689]HidD_GetInputReport=True
[13:49:54:689]reply_report=00-4F-00-00-00-00-00-00-00-00-00-00-00-00-00-00-00-00-00-00-00-00-00-00-00-00-00-00-00-00-00-00-00-00-00-00-00-00-00-00-00-00-00-00-00-00-00-00-00-00-00-00-00-00-00-00-00-00-00-00-00-00-00-00-00
[13:49:54:689]50-41-07-05-03-08-00-E4 [CMD_SENT] [CMD_SENT][UNKNOW]
[13:49:54:743][HID_TX_ack]00-0F-50-49-01-C0-8F-B4-00-00-05-00-07-85-08-00-00-0E-C5-00-00-00-00-02-00-E0-00-13-32-00-00-00-00-00-00-00-00-00-00-00-00-00-00-00-00-00-00-00-00-00-00-00-00-00-00-00-00-00-00-00-00-00-00-00-00
[13:49:54:743]50-49-01-C0-8F-B4-00-00-05-00-07-85-08-00-00
[13:50:05:388][The device is not connected.
][System.IO.IOException]
[13:50:05:389]   at System.IO.__Error.WinIOError(Int32 errorCode, String maybeFullPath)
   at System.IO.FileStream.BeginReadCore(Byte[] bytes, Int32 offset, Int32 numBytes, AsyncCallback userCallback, Object stateObject, Int32 numBufferedBytesRead)
   at System.IO.FileStream.BeginReadAsync(Byte[] array, Int32 offset, Int32 numBytes, AsyncCallback userCallback, Object stateObject)
   at System.IO.FileStream.BeginRead(Byte[] array, Int32 offset, Int32 numBytes, AsyncCallback userCallback, Object stateObject)
   at ..()
[13:50:05:389]ystech_Power_Saving, is_EnablePowerSaving=True
[13:50:05:389][HID_TX]00-85-01-73-56-02-00-00-00-00-00-00-00-00-00-00-00-00-00-00-00-00-00-00-00-00-00-00-00-00-00-00-00-00-00-00-00-00-00-00-00-00-00-00-00-00-00-00-00-00-00-00-00-00-00-00-00-00-00-00-00-00-00-00-00
[13:50:05:397][The device is not connected.
][System.IO.IOException]
[13:50:05:397]   at System.IO.__Error.WinIOError(Int32 errorCode, String maybeFullPath)
   at System.IO.FileStream.BeginWriteCore(Byte[] bytes, Int32 offset, Int32 numBytes, AsyncCallback userCallback, Object stateObject)
   at System.IO.FileStream.WriteCore(Byte[] buffer, Int32 offset, Int32 count)
   at System.IO.FileStream.Write(Byte[] array, Int32 offset, Int32 count)
   at ..(Byte  , Byte[]  )
[13:50:05:397]CloseHandleX
[13:50:05:400][connect HID device fail : The device is not connected.
][System.Exception]
[13:50:05:400]   at ..(Byte  , Byte[]  )
   at ..(Boolean  )
   at ..()
[13:50:05:400]close_hid_stream
[13:50:05:404]se.ErrorCode=-2147467259
[13:50:05:404][External component has thrown an exception.][System.Runtime.InteropServices.SEHException]
[13:50:05:405]   at ..(IntPtr  )
   at ..CloseHandleX(IntPtr hObject)
[13:50:05:405]close_hid_handle
[13:50:18:930]connect_auto_select
[13:50:18:931]\\?\hid#dell09c2&col02#5&bc4dc33&0&0001#{4d1e55b2-f16f-11cf-88cb-001111000030}
[13:50:18:931]\\?\hid#vid_046d&pid_0adf&mi_04#7&31212da2&0&0000#{4d1e55b2-f16f-11cf-88cb-001111000030}
[13:50:18:931]\\?\hid#vid_046d&pid_0adf&mi_00#7&3e7114f&0&0000#{4d1e55b2-f16f-11cf-88cb-001111000030}
[13:50:18:931]\\?\hid#dell09c2&col03#5&bc4dc33&0&0002#{4d1e55b2-f16f-11cf-88cb-001111000030}
[13:50:18:931]\\?\hid#intc816&col01#3&207f9b7f&0&0000#{4d1e55b2-f16f-11cf-88cb-001111000030}
[13:50:18:931]\\?\hid#intc816&col02#3&207f9b7f&0&0001#{4d1e55b2-f16f-11cf-88cb-001111000030}
[13:50:18:931]\\?\hid#converteddevice&col02#5&17bac0a6&0&0001#{4d1e55b2-f16f-11cf-88cb-001111000030}
[13:50:18:931]\\?\hid#converteddevice&col03#5&17bac0a6&0&0002#{4d1e55b2-f16f-11cf-88cb-001111000030}
[13:50:18:931]\\?\hid#dell09c2&col04#5&bc4dc33&0&0003#{4d1e55b2-f16f-11cf-88cb-001111000030}
[13:50:18:931]\\?\hid#{00001812-0000-1000-8000-00805f9b34fb}_dev_vid&0232c2_pid&0001_rev&0068_ccb624cd66b1#9&326e3aae&0&0000#{4d1e55b2-f16f-11cf-88cb-001111000030}
[13:50:18:931]\\?\hid#dell09c2&col05#5&bc4dc33&0&0004#{4d1e55b2-f16f-11cf-88cb-001111000030}
[13:50:18:931]\\?\hid#converteddevice&col01#5&17bac0a6&0&0000#{4d1e55b2-f16f-11cf-88cb-001111000030}\kbd
[13:50:18:931]\\?\hid#dell09c2&col01#5&bc4dc33&0&0000#{4d1e55b2-f16f-11cf-88cb-001111000030}
[13:50:18:931]id=VID=046D,PID=0ADF
[13:50:18:931]CloseHandleX
[13:50:18:931]id=VID=046D,PID=0ADF
[13:50:18:932]	attributes.VendorID=0x46D
[13:50:18:932]	attributes.ProductID=0xADF
[13:50:18:932]	attributes.VersionNumber=512
[13:50:18:932]	attributes.Size=12
[13:50:18:933]	SerialNumberString=V001008005.1
[13:50:18:933]	ManufacturerString=WindowsForms10.STATIC.app.0.232467a_r8_ad1
[13:50:18:933]	ProductString=G435 Wireless Gaming Headset
[13:50:18:933]CloseHandleX
[13:50:18:933]try_path=\\?\hid#vid_046d&pid_0adf&mi_00#7&3e7114f&0&0000#{4d1e55b2-f16f-11cf-88cb-001111000030}
[13:50:18:933]	InputReportByteLength=65
[13:50:18:933]	OutputReportByteLength=65
[13:50:18:933]HID_Connected=\\?\hid#vid_046d&pid_0adf&mi_00#7&3e7114f&0&0000#{4d1e55b2-f16f-11cf-88cb-001111000030}
[13:50:18:933]ystech_read_fw_version
[13:50:18:933][HID_TX]00-84-01-D1-55-01-00-00-00-00-00-00-00-00-00-00-00-00-00-00-00-00-00-00-00-00-00-00-00-00-00-00-00-00-00-00-00-00-00-00-00-00-00-00-00-00-00-00-00-00-00-00-00-00-00-00-00-00-00-00-00-00-00-00-00
[13:50:18:934]HidD_GetInputReport=True
[13:50:18:934]reply_report=00-4F-56-31-2E-38-2E-35-2E-31-00-00-00-00-00-00-00-00-00-00-00-00-00-00-00-00-00-00-00-00-00-00-00-00-00-00-00-00-00-00-00-00-00-00-00-00-00-00-00-00-00-00-00-00-00-00-00-00-00-00-00-00-00-00-00
[13:50:18:934][ys_tech] fw_version=V1.8.5.1
[13:50:18:934]ystech_Power_Saving, is_EnablePowerSaving=False
[13:50:18:934][HID_TX]00-85-01-83-8B-01-00-00-00-00-00-00-00-00-00-00-00-00-00-00-00-00-00-00-00-00-00-00-00-00-00-00-00-00-00-00-00-00-00-00-00-00-00-00-00-00-00-00-00-00-00-00-00-00-00-00-00-00-00-00-00-00-00-00-00
[13:50:18:935]HidD_GetInputReport=True
[13:50:18:935]reply_report=00-4F-00-00-00-00-00-00-00-00-00-00-00-00-00-00-00-00-00-00-00-00-00-00-00-00-00-00-00-00-00-00-00-00-00-00-00-00-00-00-00-00-00-00-00-00-00-00-00-00-00-00-00-00-00-00-00-00-00-00-00-00-00-00-00
[13:50:18:935]HID_CMD_POWER_SAVING_Disable
[13:50:18:935]path_connected=\\?\hid#vid_046d&pid_0adf&mi_00#7&3e7114f&0&0000#{4d1e55b2-f16f-11cf-88cb-001111000030}
[13:50:18:935][HID_TX]00-80-13-9B-19-50-41-06-06-0D-00-25-34-12-5A-5A-01-00-00-00-F0-00-00-00-00-00-00-00-00-00-00-00-00-00-00-00-00-00-00-00-00-00-00-00-00-00-00-00-00-00-00-00-00-00-00-00-00-00-00-00-00-00-00-00-00
[13:50:18:936]HidD_GetInputReport=True
[13:50:18:936]reply_report=00-4F-00-00-00-00-00-00-00-00-00-00-00-00-00-00-00-00-00-00-00-00-00-00-00-00-00-00-00-00-00-00-00-00-00-00-00-00-00-00-00-00-00-00-00-00-00-00-00-00-00-00-00-00-00-00-00-00-00-00-00-00-00-00-00
[13:50:18:936]50-41-06-06-0D-00-25-34-12-5A-5A-01-00-00-00-F0-00-00-00 [CMD_SENT][OTA_CMD_IOCTL][READ_MAX_LEN=240]
[13:50:18:940][HID_TX_ack]00-11-50-49-01-C0-0E-22-00-00-07-00-06-86-00-F0-00-00-00-8E-04-00-00-04-00-04-00-00-32-00-00-00-00-00-00-00-00-00-00-00-00-00-00-00-00-00-00-00-00-00-00-00-00-00-00-00-00-00-00-00-00-00-00-00-00
[13:50:18:940]50-49-01-C0-0E-22-00-00-07-00-06-86-00-F0-00-00-00
[13:50:18:940][HID_TX]00-80-06-7E-62-50-41-0E-07-01-E3-00-00-00-00-00-00-00-00-00-00-00-00-00-00-00-00-00-00-00-00-00-00-00-00-00-00-00-00-00-00-00-00-00-00-00-00-00-00-00-00-00-00-00-00-00-00-00-00-00-00-00-00-00-00
[13:50:18:942]HidD_GetInputReport=True
[13:50:18:942]reply_report=00-4F-00-00-00-00-00-00-00-00-00-00-00-00-00-00-00-00-00-00-00-00-00-00-00-00-00-00-00-00-00-00-00-00-00-00-00-00-00-00-00-00-00-00-00-00-00-00-00-00-00-00-00-00-00-00-00-00-00-00-00-00-00-00-00
[13:50:18:942]50-41-0E-07-01-E3 [CMD_SENT][REMOTE_GET_CONNECT_STATUS]
[13:50:18:944][HID_TX_ack]00-19-50-49-01-C0-13-22-00-00-03-00-0E-87-00-50-49-0E-C5-00-00-00-00-02-00-E3-01-00-32-00-00-00-00-00-00-00-00-00-00-00-00-00-00-00-00-00-00-00-00-00-00-00-00-00-00-00-00-00-00-00-00-00-00-00-00
[13:50:18:944]50-49-01-C0-13-22-00-00-03-00-0E-87-00
[13:50:18:944]50-49-0E-C5-00-00-00-00-02-00-E3-01-
[13:50:18:945]REMOTE_GET_CONNECT_STATUS=01
[13:50:19:958][HID_TX]00-80-07-D5-A9-50-41-0E-08-02-E1-00-00-00-00-00-00-00-00-00-00-00-00-00-00-00-00-00-00-00-00-00-00-00-00-00-00-00-00-00-00-00-00-00-00-00-00-00-00-00-00-00-00-00-00-00-00-00-00-00-00-00-00-00-00
[13:50:19:960]HidD_GetInputReport=True
[13:50:19:960]reply_report=00-4F-00-00-00-00-00-00-00-00-00-00-00-00-00-00-00-00-00-00-00-00-00-00-00-00-00-00-00-00-00-00-00-00-00-00-00-00-00-00-00-00-00-00-00-00-00-00-00-00-00-00-00-00-00-00-00-00-00-00-00-00-00-00-00
[13:50:19:960]50-41-0E-08-02-E1-00 [CMD_SENT][REMOTE_SET_MODE] is_remote=False
[13:50:19:963][HID_TX_ack]00-0D-50-49-01-C0-41-25-00-00-03-00-0E-88-00-50-49-0E-C5-00-00-00-00-02-00-E3-01-00-32-00-00-00-00-00-00-00-00-00-00-00-00-00-00-00-00-00-00-00-00-00-00-00-00-00-00-00-00-00-00-00-00-00-00-00-00
[13:50:19:963]50-49-01-C0-41-25-00-00-03-00-0E-88-00
[13:50:19:963]ystech_Power_Saving, is_EnablePowerSaving=True
[13:50:19:963][HID_TX]00-85-01-73-56-02-00-00-00-00-00-00-00-00-00-00-00-00-00-00-00-00-00-00-00-00-00-00-00-00-00-00-00-00-00-00-00-00-00-00-00-00-00-00-00-00-00-00-00-00-00-00-00-00-00-00-00-00-00-00-00-00-00-00-00
[13:50:19:964]HidD_GetInputReport=True
[13:50:19:964]reply_report=00-4F-00-00-00-00-00-00-00-00-00-00-00-00-00-00-00-00-00-00-00-00-00-00-00-00-00-00-00-00-00-00-00-00-00-00-00-00-00-00-00-00-00-00-00-00-00-00-00-00-00-00-00-00-00-00-00-00-00-00-00-00-00-00-00
[13:50:19:964]HID_CMD_POWER_SAVING_Enable
[13:50:19:964]close_hid_stream
[13:50:19:964]CloseHandleX
[13:50:19:964]close_hid_handle
