[14:48:11:144]\\?\hid#dell09c2&col02#5&bc4dc33&0&0001#{4d1e55b2-f16f-11cf-88cb-001111000030}
[14:48:11:144]\\?\hid#dell09c2&col03#5&bc4dc33&0&0002#{4d1e55b2-f16f-11cf-88cb-001111000030}
[14:48:11:144]\\?\hid#intc816&col01#3&207f9b7f&0&0000#{4d1e55b2-f16f-11cf-88cb-001111000030}
[14:48:11:144]\\?\hid#vid_046d&pid_0adf&mi_04#7&2ad3f249&0&0000#{4d1e55b2-f16f-11cf-88cb-001111000030}
[14:48:11:144]\\?\hid#intc816&col02#3&207f9b7f&0&0001#{4d1e55b2-f16f-11cf-88cb-001111000030}
[14:48:11:144]\\?\hid#converteddevice&col02#5&17bac0a6&0&0001#{4d1e55b2-f16f-11cf-88cb-001111000030}
[14:48:11:144]\\?\hid#converteddevice&col03#5&17bac0a6&0&0002#{4d1e55b2-f16f-11cf-88cb-001111000030}
[14:48:11:144]\\?\hid#dell09c2&col04#5&bc4dc33&0&0003#{4d1e55b2-f16f-11cf-88cb-001111000030}
[14:48:11:145]\\?\hid#dell09c2&col05#5&bc4dc33&0&0004#{4d1e55b2-f16f-11cf-88cb-001111000030}
[14:48:11:145]\\?\hid#vid_046d&pid_0adf&mi_00#7&28ee3ab8&0&0000#{4d1e55b2-f16f-11cf-88cb-001111000030}
[14:48:11:145]\\?\hid#converteddevice&col01#5&17bac0a6&0&0000#{4d1e55b2-f16f-11cf-88cb-001111000030}\kbd
[14:48:11:145]\\?\hid#dell09c2&col01#5&bc4dc33&0&0000#{4d1e55b2-f16f-11cf-88cb-001111000030}
[14:48:11:145]\\?\hid#vid_413c&pid_301a#6&3b68e75b&0&0000#{4d1e55b2-f16f-11cf-88cb-001111000030}
[14:48:11:146]try_path=\\?\hid#vid_046d&pid_0adf&mi_04#7&2ad3f249&0&0000#{4d1e55b2-f16f-11cf-88cb-001111000030}
[14:48:11:158][invalid device][System.Exception]
[14:48:11:162]   at ..connect(String path)
[14:48:11:163]close_hid_handle
[14:48:11:165][connect HID device fail : invalid device][System.Exception]
[14:48:11:165]   at ..connect(String path)
   at ..(String  )
   at ..connect(UInt16 vid, UInt16 pid,  vt)
[14:48:11:165]try_path=\\?\hid#vid_046d&pid_0adf&mi_00#7&28ee3ab8&0&0000#{4d1e55b2-f16f-11cf-88cb-001111000030}
[14:48:11:165]	InputReportByteLength=65
[14:48:11:165]	OutputReportByteLength=65
[14:48:11:166]HID_Connected=\\?\hid#vid_046d&pid_0adf&mi_00#7&28ee3ab8&0&0000#{4d1e55b2-f16f-11cf-88cb-001111000030}
[14:48:11:166][HID_TX]00-84-01-D1-55-01-00-00-00-00-00-00-00-00-00-00-00-00-00-00-00-00-00-00-00-00-00-00-00-00-00-00-00-00-00-00-00-00-00-00-00-00-00-00-00-00-00-00-00-00-00-00-00-00-00-00-00-00-00-00-00-00-00-00-00
[14:48:11:167]HidD_GetInputReport=True
[14:48:11:167]reply_report=00-4F-56-31-2E-36-2E-31-00-00-00-00-00-00-00-00-00-00-00-00-00-00-00-00-00-00-00-00-00-00-00-00-00-00-00-00-00-00-00-00-00-00-00-00-00-00-00-00-00-00-00-00-00-00-00-00-00-00-00-00-00-00-00-00-00
[14:48:11:167][ys_tech] fw_version=V1.6.1
[14:48:11:168]ystech_Power_Saving, is_EnablePowerSaving=False
[14:48:11:168][HID_TX]00-85-01-83-8B-01-00-00-00-00-00-00-00-00-00-00-00-00-00-00-00-00-00-00-00-00-00-00-00-00-00-00-00-00-00-00-00-00-00-00-00-00-00-00-00-00-00-00-00-00-00-00-00-00-00-00-00-00-00-00-00-00-00-00-00
[14:48:11:169]HidD_GetInputReport=True
[14:48:11:169]reply_report=00-4F-00-00-00-00-00-00-00-00-00-00-00-00-00-00-00-00-00-00-00-00-00-00-00-00-00-00-00-00-00-00-00-00-00-00-00-00-00-00-00-00-00-00-00-00-00-00-00-00-00-00-00-00-00-00-00-00-00-00-00-00-00-00-00
[14:48:11:169]HID_CMD_POWER_SAVING_Disable
[14:48:11:169]path_connected=\\?\hid#vid_046d&pid_0adf&mi_00#7&28ee3ab8&0&0000#{4d1e55b2-f16f-11cf-88cb-001111000030}
[14:48:12:180][HID_TX]00-80-06-1C-7D-50-41-0E-01-01-E0-00-00-00-00-00-00-00-00-00-00-00-00-00-00-00-00-00-00-00-00-00-00-00-00-00-00-00-00-00-00-00-00-00-00-00-00-00-00-00-00-00-00-00-00-00-00-00-00-00-00-00-00-00-00
[14:48:12:181]HidD_GetInputReport=True
[14:48:12:181]reply_report=00-4F-00-00-00-00-00-00-00-00-00-00-00-00-00-00-00-00-00-00-00-00-00-00-00-00-00-00-00-00-00-00-00-00-00-00-00-00-00-00-00-00-00-00-00-00-00-00-00-00-00-00-00-00-00-00-00-00-00-00-00-00-00-00-00
[14:48:12:181]50-41-0E-01-01-E0 [CMD_SENT][REMOTE_GET_MODE]
[14:48:12:186][HID_TX_ack]00-19-50-49-01-C0-AD-22-00-00-03-00-0E-81-00-50-49-0E-C3-00-00-00-00-02-00-E0-00-00-01-00-01-00-00-00-00-00-31-00-01-00-19-00-00-00-00-00-00-00-00-00-00-00-00-00-00-00-00-00-00-00-00-00-00-00-00
[14:48:12:199]REMOTE_GET_MODE=00
[14:48:12:199]50-49-01-C0-AD-22-00-00-03-00-0E-81-00
[14:48:12:199]50-49-0E-C3-00-00-00-00-02-00-E0-00-
[14:48:12:200][HID_TX]00-80-08-08-E6-50-41-06-02-02-00-43-01-00-00-00-00-00-00-00-00-00-00-00-00-00-00-00-00-00-00-00-00-00-00-00-00-00-00-00-00-00-00-00-00-00-00-00-00-00-00-00-00-00-00-00-00-00-00-00-00-00-00-00-00
[14:48:12:201]HidD_GetInputReport=True
[14:48:12:201]reply_report=00-4F-00-00-00-00-00-00-00-00-00-00-00-00-00-00-00-00-00-00-00-00-00-00-00-00-00-00-00-00-00-00-00-00-00-00-00-00-00-00-00-00-00-00-00-00-00-00-00-00-00-00-00-00-00-00-00-00-00-00-00-00-00-00-00
[14:48:12:201]50-41-06-02-02-00-43-01 [CMD_SENT][CMD_READ_MP_DATA_BY_ID]
[14:48:12:204][HID_TX_ack]00-13-50-49-01-C0-AD-22-00-00-09-00-06-82-00-87-56-03-99-58-40-00-00-02-00-E0-00-00-01-00-01-00-00-00-00-00-31-00-01-00-19-00-00-00-00-00-00-00-00-00-00-00-00-00-00-00-00-00-00-00-00-00-00-00-00
[14:48:12:204]50-49-01-C0-AD-22-00-00-09-00-06-82-00-87-56-03-99-58-40
[14:48:15:765][HID_TX]00-80-06-F7-52-50-41-0E-03-01-E0-00-00-00-00-00-00-00-00-00-00-00-00-00-00-00-00-00-00-00-00-00-00-00-00-00-00-00-00-00-00-00-00-00-00-00-00-00-00-00-00-00-00-00-00-00-00-00-00-00-00-00-00-00-00
[14:48:15:767]HidD_GetInputReport=True
[14:48:15:767]reply_report=00-4F-00-00-00-00-00-00-00-00-00-00-00-00-00-00-00-00-00-00-00-00-00-00-00-00-00-00-00-00-00-00-00-00-00-00-00-00-00-00-00-00-00-00-00-00-00-00-00-00-00-00-00-00-00-00-00-00-00-00-00-00-00-00-00
[14:48:15:767]50-41-0E-03-01-E0 [CMD_SENT][REMOTE_GET_MODE]
[14:48:15:770][HID_TX_ack]00-19-50-49-01-C0-AD-2D-00-00-03-00-0E-83-00-50-49-0E-C4-00-00-00-00-02-00-E0-00-00-01-00-01-00-00-00-00-00-31-00-01-00-19-00-00-00-00-00-00-00-00-00-00-00-00-00-00-00-00-00-00-00-00-00-00-00-00
[14:48:15:770]50-49-01-C0-AD-2D-00-00-03-00-0E-83-00
[14:48:15:770]50-49-0E-C4-00-00-00-00-02-00-E0-00-
[14:48:15:770]REMOTE_GET_MODE=00
[14:48:15:777][HID_TX]00-80-08-1C-C0-50-41-07-04-03-08-00-E4-00-00-00-00-00-00-00-00-00-00-00-00-00-00-00-00-00-00-00-00-00-00-00-00-00-00-00-00-00-00-00-00-00-00-00-00-00-00-00-00-00-00-00-00-00-00-00-00-00-00-00-00
[14:48:15:778]HidD_GetInputReport=True
[14:48:15:778]reply_report=00-4F-00-00-00-00-00-00-00-00-00-00-00-00-00-00-00-00-00-00-00-00-00-00-00-00-00-00-00-00-00-00-00-00-00-00-00-00-00-00-00-00-00-00-00-00-00-00-00-00-00-00-00-00-00-00-00-00-00-00-00-00-00-00-00
[14:48:15:778]50-41-07-04-03-08-00-E4 [CMD_SENT] [CMD_SENT][UNKNOW]
[14:48:15:834][HID_TX_ack]00-0F-50-49-01-C0-AD-2D-00-00-05-00-07-84-08-00-00-0E-C4-00-00-00-00-02-00-E0-00-00-01-00-01-00-00-00-00-00-31-00-01-00-19-00-00-00-00-00-00-00-00-00-00-00-00-00-00-00-00-00-00-00-00-00-00-00-00
[14:48:15:834]50-49-01-C0-AD-2D-00-00-05-00-07-84-08-00-00
[14:48:24:690][The device is not connected.
][System.IO.IOException]
[14:48:24:690]   at System.IO.__Error.WinIOError(Int32 errorCode, String maybeFullPath)
   at System.IO.FileStream.BeginReadCore(Byte[] bytes, Int32 offset, Int32 numBytes, AsyncCallback userCallback, Object stateObject, Int32 numBufferedBytesRead)
   at System.IO.FileStream.BeginReadAsync(Byte[] array, Int32 offset, Int32 numBytes, AsyncCallback userCallback, Object stateObject)
   at System.IO.FileStream.BeginRead(Byte[] array, Int32 offset, Int32 numBytes, AsyncCallback userCallback, Object stateObject)
   at ..()
[14:48:24:690]ystech_Power_Saving, is_EnablePowerSaving=True
[14:48:24:690][HID_TX]00-85-01-73-56-02-00-00-00-00-00-00-00-00-00-00-00-00-00-00-00-00-00-00-00-00-00-00-00-00-00-00-00-00-00-00-00-00-00-00-00-00-00-00-00-00-00-00-00-00-00-00-00-00-00-00-00-00-00-00-00-00-00-00-00
[14:48:24:698][The device is not connected.
][System.IO.IOException]
[14:48:24:699]   at System.IO.__Error.WinIOError(Int32 errorCode, String maybeFullPath)
   at System.IO.FileStream.BeginWriteCore(Byte[] bytes, Int32 offset, Int32 numBytes, AsyncCallback userCallback, Object stateObject)
   at System.IO.FileStream.WriteCore(Byte[] buffer, Int32 offset, Int32 count)
   at System.IO.FileStream.Write(Byte[] array, Int32 offset, Int32 count)
   at ..(Byte  , Byte[]  )
[14:48:24:701][connect HID device fail : The device is not connected.
][System.Exception]
[14:48:24:701]   at ..(Byte  , Byte[]  )
   at ..(Boolean  )
   at ..close()
[14:48:24:701]close_hid_stream
[14:48:24:704][External component has thrown an exception.][System.Runtime.InteropServices.SEHException]
[14:48:24:704]   at ..(IntPtr  )
   at ..close()
[14:48:35:628]\\?\hid#dell09c2&col02#5&bc4dc33&0&0001#{4d1e55b2-f16f-11cf-88cb-001111000030}
[14:48:35:628]\\?\hid#dell09c2&col03#5&bc4dc33&0&0002#{4d1e55b2-f16f-11cf-88cb-001111000030}
[14:48:35:628]\\?\hid#intc816&col01#3&207f9b7f&0&0000#{4d1e55b2-f16f-11cf-88cb-001111000030}
[14:48:35:628]\\?\hid#vid_046d&pid_0adf&mi_04#7&2ad3f249&0&0000#{4d1e55b2-f16f-11cf-88cb-001111000030}
[14:48:35:628]\\?\hid#intc816&col02#3&207f9b7f&0&0001#{4d1e55b2-f16f-11cf-88cb-001111000030}
[14:48:35:628]\\?\hid#converteddevice&col02#5&17bac0a6&0&0001#{4d1e55b2-f16f-11cf-88cb-001111000030}
[14:48:35:628]\\?\hid#converteddevice&col03#5&17bac0a6&0&0002#{4d1e55b2-f16f-11cf-88cb-001111000030}
[14:48:35:628]\\?\hid#dell09c2&col04#5&bc4dc33&0&0003#{4d1e55b2-f16f-11cf-88cb-001111000030}
[14:48:35:628]\\?\hid#dell09c2&col05#5&bc4dc33&0&0004#{4d1e55b2-f16f-11cf-88cb-001111000030}
[14:48:35:628]\\?\hid#vid_046d&pid_0adf&mi_00#7&28ee3ab8&0&0000#{4d1e55b2-f16f-11cf-88cb-001111000030}
[14:48:35:628]\\?\hid#converteddevice&col01#5&17bac0a6&0&0000#{4d1e55b2-f16f-11cf-88cb-001111000030}\kbd
[14:48:35:628]\\?\hid#dell09c2&col01#5&bc4dc33&0&0000#{4d1e55b2-f16f-11cf-88cb-001111000030}
[14:48:35:628]\\?\hid#vid_413c&pid_301a#6&3b68e75b&0&0000#{4d1e55b2-f16f-11cf-88cb-001111000030}
[14:48:35:628]try_path=\\?\hid#vid_046d&pid_0adf&mi_04#7&2ad3f249&0&0000#{4d1e55b2-f16f-11cf-88cb-001111000030}
[14:48:35:631][invalid device][System.Exception]
[14:48:35:631]   at ..connect(String path)
[14:48:35:634][External component has thrown an exception.][System.Runtime.InteropServices.SEHException]
[14:48:35:634]   at ..(IntPtr  )
   at ..close()
[14:48:35:636][connect HID device fail : invalid device][System.Exception]
[14:48:35:636]   at ..connect(String path)
   at ..(String  )
   at ..connect(UInt16 vid, UInt16 pid,  vt)
[14:48:35:636]try_path=\\?\hid#vid_046d&pid_0adf&mi_00#7&28ee3ab8&0&0000#{4d1e55b2-f16f-11cf-88cb-001111000030}
[14:48:35:636]	InputReportByteLength=65
[14:48:35:636]	OutputReportByteLength=65
[14:48:35:636]HID_Connected=\\?\hid#vid_046d&pid_0adf&mi_00#7&28ee3ab8&0&0000#{4d1e55b2-f16f-11cf-88cb-001111000030}
[14:48:35:636][HID_TX]00-84-01-D1-55-01-00-00-00-00-00-00-00-00-00-00-00-00-00-00-00-00-00-00-00-00-00-00-00-00-00-00-00-00-00-00-00-00-00-00-00-00-00-00-00-00-00-00-00-00-00-00-00-00-00-00-00-00-00-00-00-00-00-00-00
[14:48:35:637]HidD_GetInputReport=True
[14:48:35:637]reply_report=00-4F-56-31-2E-36-2E-31-00-00-00-00-00-00-00-00-00-00-00-00-00-00-00-00-00-00-00-00-00-00-00-00-00-00-00-00-00-00-00-00-00-00-00-00-00-00-00-00-00-00-00-00-00-00-00-00-00-00-00-00-00-00-00-00-00
[14:48:35:637][ys_tech] fw_version=V1.6.1
[14:48:35:638]ystech_Power_Saving, is_EnablePowerSaving=False
[14:48:35:638][HID_TX]00-85-01-83-8B-01-00-00-00-00-00-00-00-00-00-00-00-00-00-00-00-00-00-00-00-00-00-00-00-00-00-00-00-00-00-00-00-00-00-00-00-00-00-00-00-00-00-00-00-00-00-00-00-00-00-00-00-00-00-00-00-00-00-00-00
[14:48:35:639]HidD_GetInputReport=True
[14:48:35:639]reply_report=00-4F-00-00-00-00-00-00-00-00-00-00-00-00-00-00-00-00-00-00-00-00-00-00-00-00-00-00-00-00-00-00-00-00-00-00-00-00-00-00-00-00-00-00-00-00-00-00-00-00-00-00-00-00-00-00-00-00-00-00-00-00-00-00-00
[14:48:35:639]HID_CMD_POWER_SAVING_Disable
[14:48:35:639]path_connected=\\?\hid#vid_046d&pid_0adf&mi_00#7&28ee3ab8&0&0000#{4d1e55b2-f16f-11cf-88cb-001111000030}
[14:48:35:639][HID_TX]00-80-06-95-4D-50-41-0E-05-01-E3-00-00-00-00-00-00-00-00-00-00-00-00-00-00-00-00-00-00-00-00-00-00-00-00-00-00-00-00-00-00-00-00-00-00-00-00-00-00-00-00-00-00-00-00-00-00-00-00-00-00-00-00-00-00
[14:48:35:640]HidD_GetInputReport=True
[14:48:35:640]reply_report=00-4F-00-00-00-00-00-00-00-00-00-00-00-00-00-00-00-00-00-00-00-00-00-00-00-00-00-00-00-00-00-00-00-00-00-00-00-00-00-00-00-00-00-00-00-00-00-00-00-00-00-00-00-00-00-00-00-00-00-00-00-00-00-00-00
[14:48:35:640]50-41-0E-05-01-E3 [CMD_SENT][REMOTE_GET_CONNECT_STATUS]
[14:48:35:643][HID_TX_ack]00-19-50-49-01-C0-8E-1C-00-00-03-00-0E-85-00-50-49-0E-C4-00-00-00-00-02-00-E3-00-00-01-00-01-00-00-00-00-00-31-00-01-00-19-00-00-00-00-00-00-00-00-00-00-00-00-00-00-00-00-00-00-00-00-00-00-00-00
[14:48:35:643]50-49-01-C0-8E-1C-00-00-03-00-0E-85-00
[14:48:35:643]50-49-0E-C4-00-00-00-00-02-00-E3-00-
[14:48:35:643]REMOTE_GET_CONNECT_STATUS=00
[14:48:36:653][HID_TX]00-80-07-44-66-50-41-0E-06-02-E1-00-00-00-00-00-00-00-00-00-00-00-00-00-00-00-00-00-00-00-00-00-00-00-00-00-00-00-00-00-00-00-00-00-00-00-00-00-00-00-00-00-00-00-00-00-00-00-00-00-00-00-00-00-00
[14:48:36:654]HidD_GetInputReport=True
[14:48:36:654]reply_report=00-4F-00-00-00-00-00-00-00-00-00-00-00-00-00-00-00-00-00-00-00-00-00-00-00-00-00-00-00-00-00-00-00-00-00-00-00-00-00-00-00-00-00-00-00-00-00-00-00-00-00-00-00-00-00-00-00-00-00-00-00-00-00-00-00
[14:48:36:654]50-41-0E-06-02-E1-00 [CMD_SENT][REMOTE_SET_MODE] is_remote=False
[14:48:36:657][HID_TX_ack]00-0D-50-49-01-C0-8E-1F-00-00-03-00-0E-86-00-50-49-0E-C4-00-00-00-00-02-00-E3-00-00-01-00-01-00-00-00-00-00-31-00-01-00-19-00-00-00-00-00-00-00-00-00-00-00-00-00-00-00-00-00-00-00-00-00-00-00-00
[14:48:36:657]50-49-01-C0-8E-1F-00-00-03-00-0E-86-00
[14:48:36:657]ystech_Power_Saving, is_EnablePowerSaving=True
[14:48:36:657][HID_TX]00-85-01-73-56-02-00-00-00-00-00-00-00-00-00-00-00-00-00-00-00-00-00-00-00-00-00-00-00-00-00-00-00-00-00-00-00-00-00-00-00-00-00-00-00-00-00-00-00-00-00-00-00-00-00-00-00-00-00-00-00-00-00-00-00
[14:48:36:658]HidD_GetInputReport=True
[14:48:36:658]reply_report=00-4F-00-00-00-00-00-00-00-00-00-00-00-00-00-00-00-00-00-00-00-00-00-00-00-00-00-00-00-00-00-00-00-00-00-00-00-00-00-00-00-00-00-00-00-00-00-00-00-00-00-00-00-00-00-00-00-00-00-00-00-00-00-00-00
[14:48:36:658]HID_CMD_POWER_SAVING_Enable
[14:48:36:658]close_hid_stream
[14:48:36:658]close_hid_handle
