[08:16:37:699]\\?\hid#dell09c2&col02#5&bc4dc33&0&0001#{4d1e55b2-f16f-11cf-88cb-001111000030}
[08:16:37:699]\\?\hid#dell09c2&col03#5&bc4dc33&0&0002#{4d1e55b2-f16f-11cf-88cb-001111000030}
[08:16:37:699]\\?\hid#intc816&col01#3&207f9b7f&0&0000#{4d1e55b2-f16f-11cf-88cb-001111000030}
[08:16:37:699]\\?\hid#vid_046d&pid_0adf&mi_04#7&2ad3f249&0&0000#{4d1e55b2-f16f-11cf-88cb-001111000030}
[08:16:37:700]\\?\hid#intc816&col02#3&207f9b7f&0&0001#{4d1e55b2-f16f-11cf-88cb-001111000030}
[08:16:37:700]\\?\hid#converteddevice&col02#5&17bac0a6&0&0001#{4d1e55b2-f16f-11cf-88cb-001111000030}
[08:16:37:700]\\?\hid#converteddevice&col03#5&17bac0a6&0&0002#{4d1e55b2-f16f-11cf-88cb-001111000030}
[08:16:37:700]\\?\hid#dell09c2&col04#5&bc4dc33&0&0003#{4d1e55b2-f16f-11cf-88cb-001111000030}
[08:16:37:700]\\?\hid#dell09c2&col05#5&bc4dc33&0&0004#{4d1e55b2-f16f-11cf-88cb-001111000030}
[08:16:37:700]\\?\hid#vid_046d&pid_0adf&mi_00#7&28ee3ab8&0&0000#{4d1e55b2-f16f-11cf-88cb-001111000030}
[08:16:37:700]\\?\hid#converteddevice&col01#5&17bac0a6&0&0000#{4d1e55b2-f16f-11cf-88cb-001111000030}\kbd
[08:16:37:700]\\?\hid#dell09c2&col01#5&bc4dc33&0&0000#{4d1e55b2-f16f-11cf-88cb-001111000030}
[08:16:37:700]\\?\hid#vid_413c&pid_301a#6&3b68e75b&0&0000#{4d1e55b2-f16f-11cf-88cb-001111000030}
[08:16:37:701]try_path=\\?\hid#vid_046d&pid_0adf&mi_04#7&2ad3f249&0&0000#{4d1e55b2-f16f-11cf-88cb-001111000030}
[08:16:37:711][invalid device][System.Exception]
[08:16:37:715]   at ..connect(String path)
[08:16:37:716]close_hid_handle
[08:16:37:719][connect HID device fail : invalid device][System.Exception]
[08:16:37:719]   at ..connect(String path)
   at ..(String  )
   at ..connect(UInt16 vid, UInt16 pid,  vt)
[08:16:37:719]try_path=\\?\hid#vid_046d&pid_0adf&mi_00#7&28ee3ab8&0&0000#{4d1e55b2-f16f-11cf-88cb-001111000030}
[08:16:37:720]	InputReportByteLength=65
[08:16:37:720]	OutputReportByteLength=65
[08:16:37:720]HID_Connected=\\?\hid#vid_046d&pid_0adf&mi_00#7&28ee3ab8&0&0000#{4d1e55b2-f16f-11cf-88cb-001111000030}
[08:16:37:721][HID_TX]00-84-01-D1-55-01-00-00-00-00-00-00-00-00-00-00-00-00-00-00-00-00-00-00-00-00-00-00-00-00-00-00-00-00-00-00-00-00-00-00-00-00-00-00-00-00-00-00-00-00-00-00-00-00-00-00-00-00-00-00-00-00-00-00-00
[08:16:37:723]HidD_GetInputReport=True
[08:16:37:723]reply_report=00-4F-56-31-2E-36-2E-31-00-00-00-00-00-00-00-00-00-00-00-00-00-00-00-00-00-00-00-00-00-00-00-00-00-00-00-00-00-00-00-00-00-00-00-00-00-00-00-00-00-00-00-00-00-00-00-00-00-00-00-00-00-00-00-00-00
[08:16:37:723][ys_tech] fw_version=V1.6.1
[08:16:37:723]ystech_Power_Saving, is_EnablePowerSaving=False
[08:16:37:723][HID_TX]00-85-01-83-8B-01-00-00-00-00-00-00-00-00-00-00-00-00-00-00-00-00-00-00-00-00-00-00-00-00-00-00-00-00-00-00-00-00-00-00-00-00-00-00-00-00-00-00-00-00-00-00-00-00-00-00-00-00-00-00-00-00-00-00-00
[08:16:37:725]HidD_GetInputReport=True
[08:16:37:725]reply_report=00-4F-00-00-00-00-00-00-00-00-00-00-00-00-00-00-00-00-00-00-00-00-00-00-00-00-00-00-00-00-00-00-00-00-00-00-00-00-00-00-00-00-00-00-00-00-00-00-00-00-00-00-00-00-00-00-00-00-00-00-00-00-00-00-00
[08:16:37:725]HID_CMD_POWER_SAVING_Disable
[08:16:37:725]path_connected=\\?\hid#vid_046d&pid_0adf&mi_00#7&28ee3ab8&0&0000#{4d1e55b2-f16f-11cf-88cb-001111000030}
[08:16:38:743][HID_TX]00-80-06-1C-7D-50-41-0E-01-01-E0-00-00-00-00-00-00-00-00-00-00-00-00-00-00-00-00-00-00-00-00-00-00-00-00-00-00-00-00-00-00-00-00-00-00-00-00-00-00-00-00-00-00-00-00-00-00-00-00-00-00-00-00-00-00
[08:16:38:746]HidD_GetInputReport=True
[08:16:38:746]reply_report=00-4F-00-00-00-00-00-00-00-00-00-00-00-00-00-00-00-00-00-00-00-00-00-00-00-00-00-00-00-00-00-00-00-00-00-00-00-00-00-00-00-00-00-00-00-00-00-00-00-00-00-00-00-00-00-00-00-00-00-00-00-00-00-00-00
[08:16:38:746]50-41-0E-01-01-E0 [CMD_SENT][REMOTE_GET_MODE]
[08:16:38:749][HID_TX_ack]00-19-50-49-01-C0-8E-0B-00-00-03-00-0E-81-00-50-49-0E-C3-00-00-00-00-02-00-E0-00-00-01-00-01-00-31-00-00-00-31-00-01-00-00-00-00-00-00-00-00-00-00-00-00-00-00-00-00-00-00-00-00-00-00-00-00-00-00
[08:16:38:762]REMOTE_GET_MODE=00
[08:16:38:762]50-49-01-C0-8E-0B-00-00-03-00-0E-81-00
[08:16:38:762]50-49-0E-C3-00-00-00-00-02-00-E0-00-
[08:16:38:762][HID_TX]00-80-08-08-E6-50-41-06-02-02-00-43-01-00-00-00-00-00-00-00-00-00-00-00-00-00-00-00-00-00-00-00-00-00-00-00-00-00-00-00-00-00-00-00-00-00-00-00-00-00-00-00-00-00-00-00-00-00-00-00-00-00-00-00-00
[08:16:38:764]HidD_GetInputReport=True
[08:16:38:764]reply_report=00-4F-00-00-00-00-00-00-00-00-00-00-00-00-00-00-00-00-00-00-00-00-00-00-00-00-00-00-00-00-00-00-00-00-00-00-00-00-00-00-00-00-00-00-00-00-00-00-00-00-00-00-00-00-00-00-00-00-00-00-00-00-00-00-00
[08:16:38:764]50-41-06-02-02-00-43-01 [CMD_SENT][CMD_READ_MP_DATA_BY_ID]
[08:16:38:767][HID_TX_ack]00-13-50-49-01-C0-8E-0B-00-00-09-00-06-82-00-4C-24-14-09-08-21-00-00-02-00-E0-00-00-01-00-01-00-31-00-00-00-31-00-01-00-00-00-00-00-00-00-00-00-00-00-00-00-00-00-00-00-00-00-00-00-00-00-00-00-00
[08:16:38:767]50-49-01-C0-8E-0B-00-00-09-00-06-82-00-4C-24-14-09-08-21
[08:16:42:320][HID_TX]00-80-06-F7-52-50-41-0E-03-01-E0-00-00-00-00-00-00-00-00-00-00-00-00-00-00-00-00-00-00-00-00-00-00-00-00-00-00-00-00-00-00-00-00-00-00-00-00-00-00-00-00-00-00-00-00-00-00-00-00-00-00-00-00-00-00
[08:16:42:321]HidD_GetInputReport=True
[08:16:42:321]reply_report=00-4F-00-00-00-00-00-00-00-00-00-00-00-00-00-00-00-00-00-00-00-00-00-00-00-00-00-00-00-00-00-00-00-00-00-00-00-00-00-00-00-00-00-00-00-00-00-00-00-00-00-00-00-00-00-00-00-00-00-00-00-00-00-00-00
[08:16:42:321]50-41-0E-03-01-E0 [CMD_SENT][REMOTE_GET_MODE]
[08:16:42:324][HID_TX_ack]00-19-50-49-01-C0-8E-16-00-00-03-00-0E-83-00-50-49-0E-C4-00-00-00-00-02-00-E0-00-00-01-00-01-00-31-00-00-00-31-00-01-00-00-00-00-00-00-00-00-00-00-00-00-00-00-00-00-00-00-00-00-00-00-00-00-00-00
[08:16:42:324]50-49-01-C0-8E-16-00-00-03-00-0E-83-00
[08:16:42:324]50-49-0E-C4-00-00-00-00-02-00-E0-00-
[08:16:42:324]REMOTE_GET_MODE=00
[08:16:42:325][HID_TX]00-80-08-1C-C0-50-41-07-04-03-08-00-E4-00-00-00-00-00-00-00-00-00-00-00-00-00-00-00-00-00-00-00-00-00-00-00-00-00-00-00-00-00-00-00-00-00-00-00-00-00-00-00-00-00-00-00-00-00-00-00-00-00-00-00-00
[08:16:42:327]HidD_GetInputReport=True
[08:16:42:327]reply_report=00-4F-00-00-00-00-00-00-00-00-00-00-00-00-00-00-00-00-00-00-00-00-00-00-00-00-00-00-00-00-00-00-00-00-00-00-00-00-00-00-00-00-00-00-00-00-00-00-00-00-00-00-00-00-00-00-00-00-00-00-00-00-00-00-00
[08:16:42:327]50-41-07-04-03-08-00-E4 [CMD_SENT] [CMD_SENT][UNKNOW]
[08:16:42:391][HID_TX_ack]00-0F-50-49-01-C0-8E-16-00-00-05-00-07-84-08-00-00-0E-C4-00-00-00-00-02-00-E0-00-00-01-00-01-00-31-00-00-00-31-00-01-00-00-00-00-00-00-00-00-00-00-00-00-00-00-00-00-00-00-00-00-00-00-00-00-00-00
[08:16:42:391]50-49-01-C0-8E-16-00-00-05-00-07-84-08-00-00
[08:16:50:941][The device is not connected.
][System.IO.IOException]
[08:16:50:942]   at System.IO.__Error.WinIOError(Int32 errorCode, String maybeFullPath)
   at System.IO.FileStream.BeginReadCore(Byte[] bytes, Int32 offset, Int32 numBytes, AsyncCallback userCallback, Object stateObject, Int32 numBufferedBytesRead)
   at System.IO.FileStream.BeginReadAsync(Byte[] array, Int32 offset, Int32 numBytes, AsyncCallback userCallback, Object stateObject)
   at System.IO.FileStream.BeginRead(Byte[] array, Int32 offset, Int32 numBytes, AsyncCallback userCallback, Object stateObject)
   at ..()
[08:16:50:942]ystech_Power_Saving, is_EnablePowerSaving=True
[08:16:50:942][HID_TX]00-85-01-73-56-02-00-00-00-00-00-00-00-00-00-00-00-00-00-00-00-00-00-00-00-00-00-00-00-00-00-00-00-00-00-00-00-00-00-00-00-00-00-00-00-00-00-00-00-00-00-00-00-00-00-00-00-00-00-00-00-00-00-00-00
[08:16:50:949][The device is not connected.
][System.IO.IOException]
[08:16:50:949]   at System.IO.__Error.WinIOError(Int32 errorCode, String maybeFullPath)
   at System.IO.FileStream.BeginWriteCore(Byte[] bytes, Int32 offset, Int32 numBytes, AsyncCallback userCallback, Object stateObject)
   at System.IO.FileStream.WriteCore(Byte[] buffer, Int32 offset, Int32 count)
   at System.IO.FileStream.Write(Byte[] array, Int32 offset, Int32 count)
   at ..(Byte  , Byte[]  )
[08:16:50:952][connect HID device fail : The device is not connected.
][System.Exception]
[08:16:50:952]   at ..(Byte  , Byte[]  )
   at ..(Boolean  )
   at ..close()
[08:16:50:952]close_hid_stream
[08:16:50:954][External component has thrown an exception.][System.Runtime.InteropServices.SEHException]
[08:16:50:955]   at ..(IntPtr  )
   at ..close()
[08:17:07:165]\\?\hid#dell09c2&col02#5&bc4dc33&0&0001#{4d1e55b2-f16f-11cf-88cb-001111000030}
[08:17:07:165]\\?\hid#dell09c2&col03#5&bc4dc33&0&0002#{4d1e55b2-f16f-11cf-88cb-001111000030}
[08:17:07:165]\\?\hid#intc816&col01#3&207f9b7f&0&0000#{4d1e55b2-f16f-11cf-88cb-001111000030}
[08:17:07:165]\\?\hid#vid_046d&pid_0adf&mi_04#7&2ad3f249&0&0000#{4d1e55b2-f16f-11cf-88cb-001111000030}
[08:17:07:165]\\?\hid#intc816&col02#3&207f9b7f&0&0001#{4d1e55b2-f16f-11cf-88cb-001111000030}
[08:17:07:165]\\?\hid#converteddevice&col02#5&17bac0a6&0&0001#{4d1e55b2-f16f-11cf-88cb-001111000030}
[08:17:07:165]\\?\hid#converteddevice&col03#5&17bac0a6&0&0002#{4d1e55b2-f16f-11cf-88cb-001111000030}
[08:17:07:165]\\?\hid#dell09c2&col04#5&bc4dc33&0&0003#{4d1e55b2-f16f-11cf-88cb-001111000030}
[08:17:07:165]\\?\hid#dell09c2&col05#5&bc4dc33&0&0004#{4d1e55b2-f16f-11cf-88cb-001111000030}
[08:17:07:165]\\?\hid#vid_046d&pid_0adf&mi_00#7&28ee3ab8&0&0000#{4d1e55b2-f16f-11cf-88cb-001111000030}
[08:17:07:165]\\?\hid#converteddevice&col01#5&17bac0a6&0&0000#{4d1e55b2-f16f-11cf-88cb-001111000030}\kbd
[08:17:07:165]\\?\hid#dell09c2&col01#5&bc4dc33&0&0000#{4d1e55b2-f16f-11cf-88cb-001111000030}
[08:17:07:166]\\?\hid#vid_413c&pid_301a#6&3b68e75b&0&0000#{4d1e55b2-f16f-11cf-88cb-001111000030}
[08:17:07:166]try_path=\\?\hid#vid_046d&pid_0adf&mi_04#7&2ad3f249&0&0000#{4d1e55b2-f16f-11cf-88cb-001111000030}
[08:17:07:172][invalid device][System.Exception]
[08:17:07:172]   at ..connect(String path)
[08:17:07:174][External component has thrown an exception.][System.Runtime.InteropServices.SEHException]
[08:17:07:174]   at ..(IntPtr  )
   at ..close()
[08:17:07:176][connect HID device fail : invalid device][System.Exception]
[08:17:07:176]   at ..connect(String path)
   at ..(String  )
   at ..connect(UInt16 vid, UInt16 pid,  vt)
[08:17:07:176]try_path=\\?\hid#vid_046d&pid_0adf&mi_00#7&28ee3ab8&0&0000#{4d1e55b2-f16f-11cf-88cb-001111000030}
[08:17:07:176]	InputReportByteLength=65
[08:17:07:176]	OutputReportByteLength=65
[08:17:07:176]HID_Connected=\\?\hid#vid_046d&pid_0adf&mi_00#7&28ee3ab8&0&0000#{4d1e55b2-f16f-11cf-88cb-001111000030}
[08:17:07:176][HID_TX]00-84-01-D1-55-01-00-00-00-00-00-00-00-00-00-00-00-00-00-00-00-00-00-00-00-00-00-00-00-00-00-00-00-00-00-00-00-00-00-00-00-00-00-00-00-00-00-00-00-00-00-00-00-00-00-00-00-00-00-00-00-00-00-00-00
[08:17:07:177]HidD_GetInputReport=True
[08:17:07:177]reply_report=00-4F-56-31-2E-36-2E-31-00-00-00-00-00-00-00-00-00-00-00-00-00-00-00-00-00-00-00-00-00-00-00-00-00-00-00-00-00-00-00-00-00-00-00-00-00-00-00-00-00-00-00-00-00-00-00-00-00-00-00-00-00-00-00-00-00
[08:17:07:177][ys_tech] fw_version=V1.6.1
[08:17:07:177]ystech_Power_Saving, is_EnablePowerSaving=False
[08:17:07:177][HID_TX]00-85-01-83-8B-01-00-00-00-00-00-00-00-00-00-00-00-00-00-00-00-00-00-00-00-00-00-00-00-00-00-00-00-00-00-00-00-00-00-00-00-00-00-00-00-00-00-00-00-00-00-00-00-00-00-00-00-00-00-00-00-00-00-00-00
[08:17:07:177]HidD_GetInputReport=True
[08:17:07:177]reply_report=00-4F-00-00-00-00-00-00-00-00-00-00-00-00-00-00-00-00-00-00-00-00-00-00-00-00-00-00-00-00-00-00-00-00-00-00-00-00-00-00-00-00-00-00-00-00-00-00-00-00-00-00-00-00-00-00-00-00-00-00-00-00-00-00-00
[08:17:07:177]HID_CMD_POWER_SAVING_Disable
[08:17:07:177]path_connected=\\?\hid#vid_046d&pid_0adf&mi_00#7&28ee3ab8&0&0000#{4d1e55b2-f16f-11cf-88cb-001111000030}
[08:17:07:178][HID_TX]00-80-06-95-4D-50-41-0E-05-01-E3-00-00-00-00-00-00-00-00-00-00-00-00-00-00-00-00-00-00-00-00-00-00-00-00-00-00-00-00-00-00-00-00-00-00-00-00-00-00-00-00-00-00-00-00-00-00-00-00-00-00-00-00-00-00
[08:17:07:178]HidD_GetInputReport=True
[08:17:07:178]reply_report=00-4F-00-00-00-00-00-00-00-00-00-00-00-00-00-00-00-00-00-00-00-00-00-00-00-00-00-00-00-00-00-00-00-00-00-00-00-00-00-00-00-00-00-00-00-00-00-00-00-00-00-00-00-00-00-00-00-00-00-00-00-00-00-00-00
[08:17:07:178]50-41-0E-05-01-E3 [CMD_SENT][REMOTE_GET_CONNECT_STATUS]
[08:17:07:182][HID_TX_ack]00-19-50-49-01-C0-68-2B-00-00-03-00-0E-85-00-50-49-0E-C4-00-00-00-00-02-00-E3-01-00-01-00-01-00-31-00-00-00-31-00-01-00-31-00-00-00-00-00-00-00-00-00-00-00-00-00-00-00-00-00-00-00-00-00-00-00-00
[08:17:07:182]50-49-01-C0-68-2B-00-00-03-00-0E-85-00
[08:17:07:182]50-49-0E-C4-00-00-00-00-02-00-E3-01-
[08:17:07:182]REMOTE_GET_CONNECT_STATUS=01
[08:17:08:191][HID_TX]00-80-07-44-66-50-41-0E-06-02-E1-00-00-00-00-00-00-00-00-00-00-00-00-00-00-00-00-00-00-00-00-00-00-00-00-00-00-00-00-00-00-00-00-00-00-00-00-00-00-00-00-00-00-00-00-00-00-00-00-00-00-00-00-00-00
[08:17:08:193]HidD_GetInputReport=True
[08:17:08:193]reply_report=00-4F-00-00-00-00-00-00-00-00-00-00-00-00-00-00-00-00-00-00-00-00-00-00-00-00-00-00-00-00-00-00-00-00-00-00-00-00-00-00-00-00-00-00-00-00-00-00-00-00-00-00-00-00-00-00-00-00-00-00-00-00-00-00-00
[08:17:08:193]50-41-0E-06-02-E1-00 [CMD_SENT][REMOTE_SET_MODE] is_remote=False
[08:17:08:196][HID_TX_ack]00-0D-50-49-01-C0-93-2E-00-00-03-00-0E-86-00-50-49-0E-C4-00-00-00-00-02-00-E3-01-00-01-00-01-00-31-00-00-00-31-00-01-00-31-00-00-00-00-00-00-00-00-00-00-00-00-00-00-00-00-00-00-00-00-00-00-00-00
[08:17:08:196]50-49-01-C0-93-2E-00-00-03-00-0E-86-00
[08:17:08:196]ystech_Power_Saving, is_EnablePowerSaving=True
[08:17:08:196][HID_TX]00-85-01-73-56-02-00-00-00-00-00-00-00-00-00-00-00-00-00-00-00-00-00-00-00-00-00-00-00-00-00-00-00-00-00-00-00-00-00-00-00-00-00-00-00-00-00-00-00-00-00-00-00-00-00-00-00-00-00-00-00-00-00-00-00
[08:17:08:198]HidD_GetInputReport=True
[08:17:08:198]reply_report=00-4F-00-00-00-00-00-00-00-00-00-00-00-00-00-00-00-00-00-00-00-00-00-00-00-00-00-00-00-00-00-00-00-00-00-00-00-00-00-00-00-00-00-00-00-00-00-00-00-00-00-00-00-00-00-00-00-00-00-00-00-00-00-00-00
[08:17:08:198]HID_CMD_POWER_SAVING_Enable
[08:17:08:198]close_hid_stream
[08:17:08:198]close_hid_handle
