[10:24:07:413]\\?\hid#dell09c2&col02#5&bc4dc33&0&0001#{4d1e55b2-f16f-11cf-88cb-001111000030}
[10:24:07:413]\\?\hid#dell09c2&col03#5&bc4dc33&0&0002#{4d1e55b2-f16f-11cf-88cb-001111000030}
[10:24:07:413]\\?\hid#intc816&col01#3&207f9b7f&0&0000#{4d1e55b2-f16f-11cf-88cb-001111000030}
[10:24:07:413]\\?\hid#vid_046d&pid_0adf&mi_04#7&2ad3f249&0&0000#{4d1e55b2-f16f-11cf-88cb-001111000030}
[10:24:07:413]\\?\hid#intc816&col02#3&207f9b7f&0&0001#{4d1e55b2-f16f-11cf-88cb-001111000030}
[10:24:07:413]\\?\hid#converteddevice&col02#5&17bac0a6&0&0001#{4d1e55b2-f16f-11cf-88cb-001111000030}
[10:24:07:413]\\?\hid#converteddevice&col03#5&17bac0a6&0&0002#{4d1e55b2-f16f-11cf-88cb-001111000030}
[10:24:07:413]\\?\hid#dell09c2&col04#5&bc4dc33&0&0003#{4d1e55b2-f16f-11cf-88cb-001111000030}
[10:24:07:413]\\?\hid#{00001812-0000-1000-8000-00805f9b34fb}_dev_vid&0232c2_pid&0001_rev&0068_ccb624cd66b1#9&326e3aae&0&0000#{4d1e55b2-f16f-11cf-88cb-001111000030}
[10:24:07:413]\\?\hid#dell09c2&col05#5&bc4dc33&0&0004#{4d1e55b2-f16f-11cf-88cb-001111000030}
[10:24:07:413]\\?\hid#vid_046d&pid_0adf&mi_00#7&28ee3ab8&0&0000#{4d1e55b2-f16f-11cf-88cb-001111000030}
[10:24:07:413]\\?\hid#converteddevice&col01#5&17bac0a6&0&0000#{4d1e55b2-f16f-11cf-88cb-001111000030}\kbd
[10:24:07:413]\\?\hid#dell09c2&col01#5&bc4dc33&0&0000#{4d1e55b2-f16f-11cf-88cb-001111000030}
[10:24:07:415]try_path=\\?\hid#vid_046d&pid_0adf&mi_04#7&2ad3f249&0&0000#{4d1e55b2-f16f-11cf-88cb-001111000030}
[10:24:07:425][invalid device][System.Exception]
[10:24:07:429]   at ..connect(String path)
[10:24:07:429]close_hid_handle
[10:24:07:432][connect HID device fail : invalid device][System.Exception]
[10:24:07:432]   at ..connect(String path)
   at ..(String  )
   at ..connect(UInt16 vid, UInt16 pid,  vt)
[10:24:07:432]try_path=\\?\hid#vid_046d&pid_0adf&mi_00#7&28ee3ab8&0&0000#{4d1e55b2-f16f-11cf-88cb-001111000030}
[10:24:07:433]	InputReportByteLength=65
[10:24:07:433]	OutputReportByteLength=65
[10:24:07:433]HID_Connected=\\?\hid#vid_046d&pid_0adf&mi_00#7&28ee3ab8&0&0000#{4d1e55b2-f16f-11cf-88cb-001111000030}
[10:24:07:434][HID_TX]00-84-01-D1-55-01-00-00-00-00-00-00-00-00-00-00-00-00-00-00-00-00-00-00-00-00-00-00-00-00-00-00-00-00-00-00-00-00-00-00-00-00-00-00-00-00-00-00-00-00-00-00-00-00-00-00-00-00-00-00-00-00-00-00-00
[10:24:07:435]HidD_GetInputReport=True
[10:24:07:435]reply_report=00-4F-56-31-2E-36-2E-31-00-00-00-00-00-00-00-00-00-00-00-00-00-00-00-00-00-00-00-00-00-00-00-00-00-00-00-00-00-00-00-00-00-00-00-00-00-00-00-00-00-00-00-00-00-00-00-00-00-00-00-00-00-00-00-00-00
[10:24:07:435][ys_tech] fw_version=V1.6.1
[10:24:07:435]ystech_Power_Saving, is_EnablePowerSaving=False
[10:24:07:435][HID_TX]00-85-01-83-8B-01-00-00-00-00-00-00-00-00-00-00-00-00-00-00-00-00-00-00-00-00-00-00-00-00-00-00-00-00-00-00-00-00-00-00-00-00-00-00-00-00-00-00-00-00-00-00-00-00-00-00-00-00-00-00-00-00-00-00-00
[10:24:07:436]HidD_GetInputReport=True
[10:24:07:436]reply_report=00-4F-00-00-00-00-00-00-00-00-00-00-00-00-00-00-00-00-00-00-00-00-00-00-00-00-00-00-00-00-00-00-00-00-00-00-00-00-00-00-00-00-00-00-00-00-00-00-00-00-00-00-00-00-00-00-00-00-00-00-00-00-00-00-00
[10:24:07:436]HID_CMD_POWER_SAVING_Disable
[10:24:07:436]path_connected=\\?\hid#vid_046d&pid_0adf&mi_00#7&28ee3ab8&0&0000#{4d1e55b2-f16f-11cf-88cb-001111000030}
[10:24:08:451][HID_TX]00-80-06-1C-7D-50-41-0E-01-01-E0-00-00-00-00-00-00-00-00-00-00-00-00-00-00-00-00-00-00-00-00-00-00-00-00-00-00-00-00-00-00-00-00-00-00-00-00-00-00-00-00-00-00-00-00-00-00-00-00-00-00-00-00-00-00
[10:24:08:452]HidD_GetInputReport=True
[10:24:08:452]reply_report=00-4F-00-00-00-00-00-00-00-00-00-00-00-00-00-00-00-00-00-00-00-00-00-00-00-00-00-00-00-00-00-00-00-00-00-00-00-00-00-00-00-00-00-00-00-00-00-00-00-00-00-00-00-00-00-00-00-00-00-00-00-00-00-00-00
[10:24:08:452]50-41-0E-01-01-E0 [CMD_SENT][REMOTE_GET_MODE]
[10:24:08:457][HID_TX_ack]00-19-50-49-01-C0-8E-10-00-00-03-00-0E-81-00-50-49-0E-C4-00-00-00-00-02-00-E0-00-00-01-00-01-00-01-00-00-00-31-00-01-00-31-00-00-00-00-00-00-00-00-00-00-00-00-00-00-00-00-00-00-00-00-00-00-00-00
[10:24:08:471]REMOTE_GET_MODE=00
[10:24:08:472]50-49-01-C0-8E-10-00-00-03-00-0E-81-00
[10:24:08:472]50-49-0E-C4-00-00-00-00-02-00-E0-00-
[10:24:08:472][HID_TX]00-80-08-08-E6-50-41-06-02-02-00-43-01-00-00-00-00-00-00-00-00-00-00-00-00-00-00-00-00-00-00-00-00-00-00-00-00-00-00-00-00-00-00-00-00-00-00-00-00-00-00-00-00-00-00-00-00-00-00-00-00-00-00-00-00
[10:24:08:473]HidD_GetInputReport=True
[10:24:08:473]reply_report=00-4F-00-00-00-00-00-00-00-00-00-00-00-00-00-00-00-00-00-00-00-00-00-00-00-00-00-00-00-00-00-00-00-00-00-00-00-00-00-00-00-00-00-00-00-00-00-00-00-00-00-00-00-00-00-00-00-00-00-00-00-00-00-00-00
[10:24:08:473]50-41-06-02-02-00-43-01 [CMD_SENT][CMD_READ_MP_DATA_BY_ID]
[10:24:08:476][HID_TX_ack]00-13-50-49-01-C0-8E-10-00-00-09-00-06-82-00-49-24-14-09-08-21-00-00-02-00-E0-00-00-01-00-01-00-01-00-00-00-31-00-01-00-31-00-00-00-00-00-00-00-00-00-00-00-00-00-00-00-00-00-00-00-00-00-00-00-00
[10:24:08:476]50-49-01-C0-8E-10-00-00-09-00-06-82-00-49-24-14-09-08-21
[10:24:09:489][HID_TX]00-80-06-F7-52-50-41-0E-03-01-E0-00-00-00-00-00-00-00-00-00-00-00-00-00-00-00-00-00-00-00-00-00-00-00-00-00-00-00-00-00-00-00-00-00-00-00-00-00-00-00-00-00-00-00-00-00-00-00-00-00-00-00-00-00-00
[10:24:09:491]HidD_GetInputReport=True
[10:24:09:491]reply_report=00-4F-00-00-00-00-00-00-00-00-00-00-00-00-00-00-00-00-00-00-00-00-00-00-00-00-00-00-00-00-00-00-00-00-00-00-00-00-00-00-00-00-00-00-00-00-00-00-00-00-00-00-00-00-00-00-00-00-00-00-00-00-00-00-00
[10:24:09:491]50-41-0E-03-01-E0 [CMD_SENT][REMOTE_GET_MODE]
[10:24:09:493][HID_TX_ack]00-19-50-49-01-C0-8E-13-00-00-03-00-0E-83-00-50-49-0E-C5-00-00-00-00-02-00-E0-00-00-01-00-01-00-01-00-00-00-31-00-01-00-31-00-00-00-00-00-00-00-00-00-00-00-00-00-00-00-00-00-00-00-00-00-00-00-00
[10:24:09:493]50-49-01-C0-8E-13-00-00-03-00-0E-83-00
[10:24:09:493]50-49-0E-C5-00-00-00-00-02-00-E0-00-
[10:24:09:494]REMOTE_GET_MODE=00
[10:24:09:494][HID_TX]00-80-08-35-96-50-41-06-04-02-00-43-01-00-00-00-00-00-00-00-00-00-00-00-00-00-00-00-00-00-00-00-00-00-00-00-00-00-00-00-00-00-00-00-00-00-00-00-00-00-00-00-00-00-00-00-00-00-00-00-00-00-00-00-00
[10:24:09:495]HidD_GetInputReport=True
[10:24:09:495]reply_report=00-4F-00-00-00-00-00-00-00-00-00-00-00-00-00-00-00-00-00-00-00-00-00-00-00-00-00-00-00-00-00-00-00-00-00-00-00-00-00-00-00-00-00-00-00-00-00-00-00-00-00-00-00-00-00-00-00-00-00-00-00-00-00-00-00
[10:24:09:495]50-41-06-04-02-00-43-01 [CMD_SENT][CMD_READ_MP_DATA_BY_ID]
[10:24:09:497][HID_TX_ack]00-13-50-49-01-C0-8E-13-00-00-09-00-06-84-00-49-24-14-09-08-21-00-00-02-00-E0-00-00-01-00-01-00-01-00-00-00-31-00-01-00-31-00-00-00-00-00-00-00-00-00-00-00-00-00-00-00-00-00-00-00-00-00-00-00-00
[10:24:09:497]50-49-01-C0-8E-13-00-00-09-00-06-84-00-49-24-14-09-08-21
[10:24:12:034][HID_TX]00-80-06-CA-22-50-41-0E-05-01-E0-00-00-00-00-00-00-00-00-00-00-00-00-00-00-00-00-00-00-00-00-00-00-00-00-00-00-00-00-00-00-00-00-00-00-00-00-00-00-00-00-00-00-00-00-00-00-00-00-00-00-00-00-00-00
[10:24:12:036]HidD_GetInputReport=True
[10:24:12:036]reply_report=00-4F-00-00-00-00-00-00-00-00-00-00-00-00-00-00-00-00-00-00-00-00-00-00-00-00-00-00-00-00-00-00-00-00-00-00-00-00-00-00-00-00-00-00-00-00-00-00-00-00-00-00-00-00-00-00-00-00-00-00-00-00-00-00-00
[10:24:12:036]50-41-0E-05-01-E0 [CMD_SENT][REMOTE_GET_MODE]
[10:24:12:039][HID_TX_ack]00-19-50-49-01-C0-8E-1B-00-00-03-00-0E-85-00-50-49-0E-C6-00-00-00-00-02-00-E0-00-00-01-00-01-00-01-00-00-00-31-00-01-00-31-00-00-00-00-00-00-00-00-00-00-00-00-00-00-00-00-00-00-00-00-00-00-00-00
[10:24:12:039]50-49-01-C0-8E-1B-00-00-03-00-0E-85-00
[10:24:12:039]50-49-0E-C6-00-00-00-00-02-00-E0-00-
[10:24:12:039]REMOTE_GET_MODE=00
[10:24:12:040][HID_TX]00-80-08-F7-EF-50-41-07-06-03-08-00-E4-00-00-00-00-00-00-00-00-00-00-00-00-00-00-00-00-00-00-00-00-00-00-00-00-00-00-00-00-00-00-00-00-00-00-00-00-00-00-00-00-00-00-00-00-00-00-00-00-00-00-00-00
[10:24:12:042]HidD_GetInputReport=True
[10:24:12:042]reply_report=00-4F-00-00-00-00-00-00-00-00-00-00-00-00-00-00-00-00-00-00-00-00-00-00-00-00-00-00-00-00-00-00-00-00-00-00-00-00-00-00-00-00-00-00-00-00-00-00-00-00-00-00-00-00-00-00-00-00-00-00-00-00-00-00-00
[10:24:12:042]50-41-07-06-03-08-00-E4 [CMD_SENT] [CMD_SENT][UNKNOW]
[10:24:12:094][HID_TX_ack]00-0F-50-49-01-C0-8E-1B-00-00-05-00-07-86-08-00-00-0E-C6-00-00-00-00-02-00-E0-00-00-01-00-01-00-01-00-00-00-31-00-01-00-31-00-00-00-00-00-00-00-00-00-00-00-00-00-00-00-00-00-00-00-00-00-00-00-00
[10:24:12:094]50-49-01-C0-8E-1B-00-00-05-00-07-86-08-00-00
[10:24:18:519][The device is not connected.
][System.IO.IOException]
[10:24:18:519]   at System.IO.__Error.WinIOError(Int32 errorCode, String maybeFullPath)
   at System.IO.FileStream.BeginReadCore(Byte[] bytes, Int32 offset, Int32 numBytes, AsyncCallback userCallback, Object stateObject, Int32 numBufferedBytesRead)
   at System.IO.FileStream.BeginReadAsync(Byte[] array, Int32 offset, Int32 numBytes, AsyncCallback userCallback, Object stateObject)
   at System.IO.FileStream.BeginRead(Byte[] array, Int32 offset, Int32 numBytes, AsyncCallback userCallback, Object stateObject)
   at ..()
[10:24:18:519]ystech_Power_Saving, is_EnablePowerSaving=True
[10:24:18:519][HID_TX]00-85-01-73-56-02-00-00-00-00-00-00-00-00-00-00-00-00-00-00-00-00-00-00-00-00-00-00-00-00-00-00-00-00-00-00-00-00-00-00-00-00-00-00-00-00-00-00-00-00-00-00-00-00-00-00-00-00-00-00-00-00-00-00-00
[10:24:18:526][The device is not connected.
][System.IO.IOException]
[10:24:18:526]   at System.IO.__Error.WinIOError(Int32 errorCode, String maybeFullPath)
   at System.IO.FileStream.BeginWriteCore(Byte[] bytes, Int32 offset, Int32 numBytes, AsyncCallback userCallback, Object stateObject)
   at System.IO.FileStream.WriteCore(Byte[] buffer, Int32 offset, Int32 count)
   at System.IO.FileStream.Write(Byte[] array, Int32 offset, Int32 count)
   at ..(Byte  , Byte[]  )
[10:24:18:529][connect HID device fail : The device is not connected.
][System.Exception]
[10:24:18:529]   at ..(Byte  , Byte[]  )
   at ..(Boolean  )
   at ..close()
[10:24:18:529]close_hid_stream
[10:24:18:532][External component has thrown an exception.][System.Runtime.InteropServices.SEHException]
[10:24:18:532]   at ..(IntPtr  )
   at ..close()
[10:24:33:740]\\?\hid#dell09c2&col02#5&bc4dc33&0&0001#{4d1e55b2-f16f-11cf-88cb-001111000030}
[10:24:33:740]\\?\hid#dell09c2&col03#5&bc4dc33&0&0002#{4d1e55b2-f16f-11cf-88cb-001111000030}
[10:24:33:740]\\?\hid#intc816&col01#3&207f9b7f&0&0000#{4d1e55b2-f16f-11cf-88cb-001111000030}
[10:24:33:740]\\?\hid#vid_046d&pid_0adf&mi_04#7&2ad3f249&0&0000#{4d1e55b2-f16f-11cf-88cb-001111000030}
[10:24:33:741]\\?\hid#intc816&col02#3&207f9b7f&0&0001#{4d1e55b2-f16f-11cf-88cb-001111000030}
[10:24:33:741]\\?\hid#converteddevice&col02#5&17bac0a6&0&0001#{4d1e55b2-f16f-11cf-88cb-001111000030}
[10:24:33:741]\\?\hid#converteddevice&col03#5&17bac0a6&0&0002#{4d1e55b2-f16f-11cf-88cb-001111000030}
[10:24:33:741]\\?\hid#dell09c2&col04#5&bc4dc33&0&0003#{4d1e55b2-f16f-11cf-88cb-001111000030}
[10:24:33:741]\\?\hid#{00001812-0000-1000-8000-00805f9b34fb}_dev_vid&0232c2_pid&0001_rev&0068_ccb624cd66b1#9&326e3aae&0&0000#{4d1e55b2-f16f-11cf-88cb-001111000030}
[10:24:33:741]\\?\hid#dell09c2&col05#5&bc4dc33&0&0004#{4d1e55b2-f16f-11cf-88cb-001111000030}
[10:24:33:741]\\?\hid#vid_046d&pid_0adf&mi_00#7&28ee3ab8&0&0000#{4d1e55b2-f16f-11cf-88cb-001111000030}
[10:24:33:741]\\?\hid#converteddevice&col01#5&17bac0a6&0&0000#{4d1e55b2-f16f-11cf-88cb-001111000030}\kbd
[10:24:33:741]\\?\hid#dell09c2&col01#5&bc4dc33&0&0000#{4d1e55b2-f16f-11cf-88cb-001111000030}
[10:24:33:742]try_path=\\?\hid#vid_046d&pid_0adf&mi_04#7&2ad3f249&0&0000#{4d1e55b2-f16f-11cf-88cb-001111000030}
[10:24:33:747][invalid device][System.Exception]
[10:24:33:747]   at ..connect(String path)
[10:24:33:750][External component has thrown an exception.][System.Runtime.InteropServices.SEHException]
[10:24:33:750]   at ..(IntPtr  )
   at ..close()
[10:24:33:752][connect HID device fail : invalid device][System.Exception]
[10:24:33:752]   at ..connect(String path)
   at ..(String  )
   at ..connect(UInt16 vid, UInt16 pid,  vt)
[10:24:33:752]try_path=\\?\hid#vid_046d&pid_0adf&mi_00#7&28ee3ab8&0&0000#{4d1e55b2-f16f-11cf-88cb-001111000030}
[10:24:33:752]	InputReportByteLength=65
[10:24:33:752]	OutputReportByteLength=65
[10:24:33:752]HID_Connected=\\?\hid#vid_046d&pid_0adf&mi_00#7&28ee3ab8&0&0000#{4d1e55b2-f16f-11cf-88cb-001111000030}
[10:24:33:752][HID_TX]00-84-01-D1-55-01-00-00-00-00-00-00-00-00-00-00-00-00-00-00-00-00-00-00-00-00-00-00-00-00-00-00-00-00-00-00-00-00-00-00-00-00-00-00-00-00-00-00-00-00-00-00-00-00-00-00-00-00-00-00-00-00-00-00-00
[10:24:33:752]HidD_GetInputReport=True
[10:24:33:753]reply_report=00-4F-56-31-2E-36-2E-31-00-00-00-00-00-00-00-00-00-00-00-00-00-00-00-00-00-00-00-00-00-00-00-00-00-00-00-00-00-00-00-00-00-00-00-00-00-00-00-00-00-00-00-00-00-00-00-00-00-00-00-00-00-00-00-00-00
[10:24:33:753][ys_tech] fw_version=V1.6.1
[10:24:33:753]ystech_Power_Saving, is_EnablePowerSaving=False
[10:24:33:753][HID_TX]00-85-01-83-8B-01-00-00-00-00-00-00-00-00-00-00-00-00-00-00-00-00-00-00-00-00-00-00-00-00-00-00-00-00-00-00-00-00-00-00-00-00-00-00-00-00-00-00-00-00-00-00-00-00-00-00-00-00-00-00-00-00-00-00-00
[10:24:33:753]HidD_GetInputReport=True
[10:24:33:753]reply_report=00-4F-00-00-00-00-00-00-00-00-00-00-00-00-00-00-00-00-00-00-00-00-00-00-00-00-00-00-00-00-00-00-00-00-00-00-00-00-00-00-00-00-00-00-00-00-00-00-00-00-00-00-00-00-00-00-00-00-00-00-00-00-00-00-00
[10:24:33:753]HID_CMD_POWER_SAVING_Disable
[10:24:33:753]path_connected=\\?\hid#vid_046d&pid_0adf&mi_00#7&28ee3ab8&0&0000#{4d1e55b2-f16f-11cf-88cb-001111000030}
[10:24:33:754][HID_TX]00-80-06-7E-62-50-41-0E-07-01-E3-00-00-00-00-00-00-00-00-00-00-00-00-00-00-00-00-00-00-00-00-00-00-00-00-00-00-00-00-00-00-00-00-00-00-00-00-00-00-00-00-00-00-00-00-00-00-00-00-00-00-00-00-00-00
[10:24:33:755]HidD_GetInputReport=True
[10:24:33:755]reply_report=00-4F-00-00-00-00-00-00-00-00-00-00-00-00-00-00-00-00-00-00-00-00-00-00-00-00-00-00-00-00-00-00-00-00-00-00-00-00-00-00-00-00-00-00-00-00-00-00-00-00-00-00-00-00-00-00-00-00-00-00-00-00-00-00-00
[10:24:33:755]50-41-0E-07-01-E3 [CMD_SENT][REMOTE_GET_CONNECT_STATUS]
[10:24:33:757][HID_TX_ack]00-19-50-49-01-C0-3D-21-00-00-03-00-0E-87-00-50-49-0E-C3-00-00-00-00-02-00-E3-01-00-01-00-01-00-31-00-00-00-31-00-01-00-00-00-00-00-00-00-00-00-00-00-00-00-00-00-00-00-00-00-00-00-00-00-00-00-00
[10:24:33:757]50-49-01-C0-3D-21-00-00-03-00-0E-87-00
[10:24:33:757]50-49-0E-C3-00-00-00-00-02-00-E3-01-
[10:24:33:757]REMOTE_GET_CONNECT_STATUS=01
[10:24:34:772][HID_TX]00-80-07-D5-A9-50-41-0E-08-02-E1-00-00-00-00-00-00-00-00-00-00-00-00-00-00-00-00-00-00-00-00-00-00-00-00-00-00-00-00-00-00-00-00-00-00-00-00-00-00-00-00-00-00-00-00-00-00-00-00-00-00-00-00-00-00
[10:24:34:773]HidD_GetInputReport=True
[10:24:34:773]reply_report=00-4F-00-00-00-00-00-00-00-00-00-00-00-00-00-00-00-00-00-00-00-00-00-00-00-00-00-00-00-00-00-00-00-00-00-00-00-00-00-00-00-00-00-00-00-00-00-00-00-00-00-00-00-00-00-00-00-00-00-00-00-00-00-00-00
[10:24:34:773]50-41-0E-08-02-E1-00 [CMD_SENT][REMOTE_SET_MODE] is_remote=False
[10:24:34:777][HID_TX_ack]00-0D-50-49-01-C0-6C-24-00-00-03-00-0E-88-00-50-49-0E-C3-00-00-00-00-02-00-E3-01-00-01-00-01-00-31-00-00-00-31-00-01-00-00-00-00-00-00-00-00-00-00-00-00-00-00-00-00-00-00-00-00-00-00-00-00-00-00
[10:24:34:777]50-49-01-C0-6C-24-00-00-03-00-0E-88-00
[10:24:34:777]ystech_Power_Saving, is_EnablePowerSaving=True
[10:24:34:777][HID_TX]00-85-01-73-56-02-00-00-00-00-00-00-00-00-00-00-00-00-00-00-00-00-00-00-00-00-00-00-00-00-00-00-00-00-00-00-00-00-00-00-00-00-00-00-00-00-00-00-00-00-00-00-00-00-00-00-00-00-00-00-00-00-00-00-00
[10:24:34:779]HidD_GetInputReport=True
[10:24:34:779]reply_report=00-4F-00-00-00-00-00-00-00-00-00-00-00-00-00-00-00-00-00-00-00-00-00-00-00-00-00-00-00-00-00-00-00-00-00-00-00-00-00-00-00-00-00-00-00-00-00-00-00-00-00-00-00-00-00-00-00-00-00-00-00-00-00-00-00
[10:24:34:779]HID_CMD_POWER_SAVING_Enable
[10:24:34:779]close_hid_stream
[10:24:34:779]close_hid_handle
