[12:04:29:570]\\?\hid#dell09c2&col02#5&bc4dc33&0&0001#{4d1e55b2-f16f-11cf-88cb-001111000030}
[12:04:29:570]\\?\hid#dell09c2&col03#5&bc4dc33&0&0002#{4d1e55b2-f16f-11cf-88cb-001111000030}
[12:04:29:570]\\?\hid#intc816&col01#3&207f9b7f&0&0000#{4d1e55b2-f16f-11cf-88cb-001111000030}
[12:04:29:570]\\?\hid#intc816&col02#3&207f9b7f&0&0001#{4d1e55b2-f16f-11cf-88cb-001111000030}
[12:04:29:570]\\?\hid#converteddevice&col02#5&17bac0a6&0&0001#{4d1e55b2-f16f-11cf-88cb-001111000030}
[12:04:29:570]\\?\hid#converteddevice&col03#5&17bac0a6&0&0002#{4d1e55b2-f16f-11cf-88cb-001111000030}
[12:04:29:570]\\?\hid#dell09c2&col04#5&bc4dc33&0&0003#{4d1e55b2-f16f-11cf-88cb-001111000030}
[12:04:29:570]\\?\hid#{00001812-0000-1000-8000-00805f9b34fb}_dev_vid&0232c2_pid&0001_rev&0068_ccb624cd66b1#9&326e3aae&0&0000#{4d1e55b2-f16f-11cf-88cb-001111000030}
[12:04:29:571]\\?\hid#dell09c2&col05#5&bc4dc33&0&0004#{4d1e55b2-f16f-11cf-88cb-001111000030}
[12:04:29:571]\\?\hid#converteddevice&col01#5&17bac0a6&0&0000#{4d1e55b2-f16f-11cf-88cb-001111000030}\kbd
[12:04:29:571]\\?\hid#dell09c2&col01#5&bc4dc33&0&0000#{4d1e55b2-f16f-11cf-88cb-001111000030}
[12:04:29:571]\\?\hid#vid_046d&pid_0adf&mi_00#7&3ad8dff3&0&0000#{4d1e55b2-f16f-11cf-88cb-001111000030}
[12:04:29:571]\\?\hid#vid_046d&pid_0adf&mi_04#7&18e94d0e&0&0000#{4d1e55b2-f16f-11cf-88cb-001111000030}
[12:04:29:572]try_path=\\?\hid#vid_046d&pid_0adf&mi_00#7&3ad8dff3&0&0000#{4d1e55b2-f16f-11cf-88cb-001111000030}
[12:04:29:574]	InputReportByteLength=65
[12:04:29:574]	OutputReportByteLength=65
[12:04:29:574]HID_Connected=\\?\hid#vid_046d&pid_0adf&mi_00#7&3ad8dff3&0&0000#{4d1e55b2-f16f-11cf-88cb-001111000030}
[12:04:29:575][HID_TX]00-84-01-D1-55-01-00-00-00-00-00-00-00-00-00-00-00-00-00-00-00-00-00-00-00-00-00-00-00-00-00-00-00-00-00-00-00-00-00-00-00-00-00-00-00-00-00-00-00-00-00-00-00-00-00-00-00-00-00-00-00-00-00-00-00
[12:04:29:577]HidD_GetInputReport=True
[12:04:29:577]reply_report=00-4F-56-31-2E-38-2E-35-2E-31-00-00-00-00-00-00-00-00-00-00-00-00-00-00-00-00-00-00-00-00-00-00-00-00-00-00-00-00-00-00-00-00-00-00-00-00-00-00-00-00-00-00-00-00-00-00-00-00-00-00-00-00-00-00-00
[12:04:29:577][ys_tech] fw_version=V1.8.5.1
[12:04:29:577]ystech_Power_Saving, is_EnablePowerSaving=False
[12:04:29:578][HID_TX]00-85-01-83-8B-01-00-00-00-00-00-00-00-00-00-00-00-00-00-00-00-00-00-00-00-00-00-00-00-00-00-00-00-00-00-00-00-00-00-00-00-00-00-00-00-00-00-00-00-00-00-00-00-00-00-00-00-00-00-00-00-00-00-00-00
[12:04:29:578]HidD_GetInputReport=True
[12:04:29:578]reply_report=00-4F-00-00-00-00-00-00-00-00-00-00-00-00-00-00-00-00-00-00-00-00-00-00-00-00-00-00-00-00-00-00-00-00-00-00-00-00-00-00-00-00-00-00-00-00-00-00-00-00-00-00-00-00-00-00-00-00-00-00-00-00-00-00-00
[12:04:29:578]HID_CMD_POWER_SAVING_Disable
[12:04:29:578]path_connected=\\?\hid#vid_046d&pid_0adf&mi_00#7&3ad8dff3&0&0000#{4d1e55b2-f16f-11cf-88cb-001111000030}
[12:04:30:755][HID_TX]00-80-06-1C-7D-50-41-0E-01-01-E0-00-00-00-00-00-00-00-00-00-00-00-00-00-00-00-00-00-00-00-00-00-00-00-00-00-00-00-00-00-00-00-00-00-00-00-00-00-00-00-00-00-00-00-00-00-00-00-00-00-00-00-00-00-00
[12:04:30:756]HidD_GetInputReport=True
[12:04:30:756]reply_report=00-4F-00-00-00-00-00-00-00-00-00-00-00-00-00-00-00-00-00-00-00-00-00-00-00-00-00-00-00-00-00-00-00-00-00-00-00-00-00-00-00-00-00-00-00-00-00-00-00-00-00-00-00-00-00-00-00-00-00-00-00-00-00-00-00
[12:04:30:756]50-41-0E-01-01-E0 [CMD_SENT][REMOTE_GET_MODE]
[12:04:30:760][HID_TX_ack]00-19-50-49-01-C0-29-16-00-00-03-00-0E-81-00-50-49-0E-C5-00-00-00-00-02-00-E0-00-00-32-00-00-00-00-00-00-00-00-00-00-00-00-00-00-00-00-00-00-00-00-00-00-00-00-00-00-00-00-00-00-00-00-00-00-00-00
[12:04:30:764]REMOTE_GET_MODE=00
[12:04:30:764]50-49-01-C0-29-16-00-00-03-00-0E-81-00
[12:04:30:764]50-49-0E-C5-00-00-00-00-02-00-E0-00-
[12:04:30:764][HID_TX]00-80-07-F5-A5-50-41-0E-02-02-E1-01-00-00-00-00-00-00-00-00-00-00-00-00-00-00-00-00-00-00-00-00-00-00-00-00-00-00-00-00-00-00-00-00-00-00-00-00-00-00-00-00-00-00-00-00-00-00-00-00-00-00-00-00-00
[12:04:30:765]HidD_GetInputReport=True
[12:04:30:765]reply_report=00-4F-00-00-00-00-00-00-00-00-00-00-00-00-00-00-00-00-00-00-00-00-00-00-00-00-00-00-00-00-00-00-00-00-00-00-00-00-00-00-00-00-00-00-00-00-00-00-00-00-00-00-00-00-00-00-00-00-00-00-00-00-00-00-00
[12:04:30:765]50-41-0E-02-02-E1-01 [CMD_SENT][REMOTE_SET_MODE] is_remote=True
[12:04:30:768][HID_TX_ack]00-0D-50-49-01-C0-30-16-00-00-03-00-0E-82-00-50-49-0E-C5-00-00-00-00-02-00-E0-00-00-32-00-00-00-00-00-00-00-00-00-00-00-00-00-00-00-00-00-00-00-00-00-00-00-00-00-00-00-00-00-00-00-00-00-00-00-00
[12:04:30:768]50-49-01-C0-30-16-00-00-03-00-0E-82-00
[12:04:30:768][HID_TX]00-80-13-A8-D9-50-41-06-03-0D-00-25-34-12-5A-5A-01-00-00-00-F0-00-00-00-00-00-00-00-00-00-00-00-00-00-00-00-00-00-00-00-00-00-00-00-00-00-00-00-00-00-00-00-00-00-00-00-00-00-00-00-00-00-00-00-00
[12:04:30:769]HidD_GetInputReport=True
[12:04:30:769]reply_report=00-4F-00-00-00-00-00-00-00-00-00-00-00-00-00-00-00-00-00-00-00-00-00-00-00-00-00-00-00-00-00-00-00-00-00-00-00-00-00-00-00-00-00-00-00-00-00-00-00-00-00-00-00-00-00-00-00-00-00-00-00-00-00-00-00
[12:04:30:769]50-41-06-03-0D-00-25-34-12-5A-5A-01-00-00-00-F0-00-00-00 [CMD_SENT][OTA_CMD_IOCTL][READ_MAX_LEN]
[12:04:30:796][HID_TX_ack]00-11-50-49-01-C6-38-5E-00-00-07-00-06-83-00-F0-00-00-00-00-00-00-00-02-00-E0-00-00-32-00-00-00-00-00-00-00-00-00-00-00-00-00-00-00-00-00-00-00-00-00-00-00-00-00-00-00-00-00-00-00-00-00-00-00-00
[12:04:30:796]50-49-01-C6-38-5E-00-00-07-00-06-83-00-F0-00-00-00
[12:04:30:796][HID_TX]00-80-06-2F-BD-50-41-0E-04-01-E0-00-00-00-00-00-00-00-00-00-00-00-00-00-00-00-00-00-00-00-00-00-00-00-00-00-00-00-00-00-00-00-00-00-00-00-00-00-00-00-00-00-00-00-00-00-00-00-00-00-00-00-00-00-00
[12:04:30:797]HidD_GetInputReport=True
[12:04:30:797]reply_report=00-4F-00-00-00-00-00-00-00-00-00-00-00-00-00-00-00-00-00-00-00-00-00-00-00-00-00-00-00-00-00-00-00-00-00-00-00-00-00-00-00-00-00-00-00-00-00-00-00-00-00-00-00-00-00-00-00-00-00-00-00-00-00-00-00
[12:04:30:797]50-41-0E-04-01-E0 [CMD_SENT][REMOTE_GET_MODE]
[12:04:30:800][HID_TX_ack]00-19-50-49-01-C0-49-16-00-00-03-00-0E-84-00-50-49-0E-C7-00-00-00-00-02-00-E0-01-00-32-00-00-00-00-00-00-00-00-00-00-00-00-00-00-00-00-00-00-00-00-00-00-00-00-00-00-00-00-00-00-00-00-00-00-00-00
[12:04:30:800]50-49-01-C0-49-16-00-00-03-00-0E-84-00
[12:04:30:800]50-49-0E-C7-00-00-00-00-02-00-E0-01-
[12:04:30:800]REMOTE_GET_MODE=01
[12:04:30:800][HID_TX]00-80-07-C3-0E-50-41-06-05-01-00-63-00-00-00-00-00-00-00-00-00-00-00-00-00-00-00-00-00-00-00-00-00-00-00-00-00-00-00-00-00-00-00-00-00-00-00-00-00-00-00-00-00-00-00-00-00-00-00-00-00-00-00-00-00
[12:04:30:801]HidD_GetInputReport=True
[12:04:30:801]reply_report=00-4F-00-00-00-00-00-00-00-00-00-00-00-00-00-00-00-00-00-00-00-00-00-00-00-00-00-00-00-00-00-00-00-00-00-00-00-00-00-00-00-00-00-00-00-00-00-00-00-00-00-00-00-00-00-00-00-00-00-00-00-00-00-00-00
[12:04:30:801]50-41-06-05-01-00-63 [CMD_SENT][CMD_GET_IO_LEVEL]
[12:04:30:811][HID_TX_ack]00-12-50-49-01-C8-43-5E-00-00-08-00-06-85-00-01-FF-FF-1F-00-00-00-00-02-00-E0-01-00-32-00-00-00-00-00-00-00-00-00-00-00-00-00-00-00-00-00-00-00-00-00-00-00-00-00-00-00-00-00-00-00-00-00-00-00-00
[12:04:30:811]50-49-01-C8-43-5E-00-00-08-00-06-85-00-01-FF-FF-1F-00
[12:04:31:136][HID_TX]00-80-06-C4-92-50-41-0E-06-01-E0-00-00-00-00-00-00-00-00-00-00-00-00-00-00-00-00-00-00-00-00-00-00-00-00-00-00-00-00-00-00-00-00-00-00-00-00-00-00-00-00-00-00-00-00-00-00-00-00-00-00-00-00-00-00
[12:04:31:137]HidD_GetInputReport=True
[12:04:31:137]reply_report=00-4F-00-00-00-00-00-00-00-00-00-00-00-00-00-00-00-00-00-00-00-00-00-00-00-00-00-00-00-00-00-00-00-00-00-00-00-00-00-00-00-00-00-00-00-00-00-00-00-00-00-00-00-00-00-00-00-00-00-00-00-00-00-00-00
[12:04:31:137]50-41-0E-06-01-E0 [CMD_SENT][REMOTE_GET_MODE]
[12:04:31:140][HID_TX_ack]00-19-50-49-01-C0-59-17-00-00-03-00-0E-86-00-50-49-0E-C9-00-00-00-00-02-00-E0-01-00-32-00-00-00-00-00-00-00-00-00-00-00-00-00-00-00-00-00-00-00-00-00-00-00-00-00-00-00-00-00-00-00-00-00-00-00-00
[12:04:31:140]50-49-01-C0-59-17-00-00-03-00-0E-86-00
[12:04:31:140]50-49-0E-C9-00-00-00-00-02-00-E0-01-
[12:04:31:140]REMOTE_GET_MODE=01
[12:04:31:140][HID_TX]00-80-07-28-21-50-41-06-07-01-00-63-00-00-00-00-00-00-00-00-00-00-00-00-00-00-00-00-00-00-00-00-00-00-00-00-00-00-00-00-00-00-00-00-00-00-00-00-00-00-00-00-00-00-00-00-00-00-00-00-00-00-00-00-00
[12:04:31:141]HidD_GetInputReport=True
[12:04:31:141]reply_report=00-4F-00-00-00-00-00-00-00-00-00-00-00-00-00-00-00-00-00-00-00-00-00-00-00-00-00-00-00-00-00-00-00-00-00-00-00-00-00-00-00-00-00-00-00-00-00-00-00-00-00-00-00-00-00-00-00-00-00-00-00-00-00-00-00
[12:04:31:141]50-41-06-07-01-00-63 [CMD_SENT][CMD_GET_IO_LEVEL]
[12:04:31:164][HID_TX_ack]00-12-50-49-01-CA-5E-5F-00-00-08-00-06-87-00-01-FF-FF-1F-00-00-00-00-02-00-E0-01-00-32-00-00-00-00-00-00-00-00-00-00-00-00-00-00-00-00-00-00-00-00-00-00-00-00-00-00-00-00-00-00-00-00-00-00-00-00
[12:04:31:164]50-49-01-CA-5E-5F-00-00-08-00-06-87-00-01-FF-FF-1F-00
[12:04:31:489][HID_TX]00-80-06-55-5D-50-41-0E-08-01-E0-00-00-00-00-00-00-00-00-00-00-00-00-00-00-00-00-00-00-00-00-00-00-00-00-00-00-00-00-00-00-00-00-00-00-00-00-00-00-00-00-00-00-00-00-00-00-00-00-00-00-00-00-00-00
[12:04:31:490]HidD_GetInputReport=True
[12:04:31:490]reply_report=00-4F-00-00-00-00-00-00-00-00-00-00-00-00-00-00-00-00-00-00-00-00-00-00-00-00-00-00-00-00-00-00-00-00-00-00-00-00-00-00-00-00-00-00-00-00-00-00-00-00-00-00-00-00-00-00-00-00-00-00-00-00-00-00-00
[12:04:31:490]50-41-0E-08-01-E0 [CMD_SENT][REMOTE_GET_MODE]
[12:04:31:493][HID_TX_ack]00-19-50-49-01-C0-74-18-00-00-03-00-0E-88-00-50-49-0E-CB-00-00-00-00-02-00-E0-01-00-32-00-00-00-00-00-00-00-00-00-00-00-00-00-00-00-00-00-00-00-00-00-00-00-00-00-00-00-00-00-00-00-00-00-00-00-00
[12:04:31:493]50-49-01-C0-74-18-00-00-03-00-0E-88-00
[12:04:31:493]50-49-0E-CB-00-00-00-00-02-00-E0-01-
[12:04:31:493]REMOTE_GET_MODE=01
[12:04:31:493][HID_TX]00-80-07-B9-EE-50-41-06-09-01-00-63-00-00-00-00-00-00-00-00-00-00-00-00-00-00-00-00-00-00-00-00-00-00-00-00-00-00-00-00-00-00-00-00-00-00-00-00-00-00-00-00-00-00-00-00-00-00-00-00-00-00-00-00-00
[12:04:31:494]HidD_GetInputReport=True
[12:04:31:494]reply_report=00-4F-00-00-00-00-00-00-00-00-00-00-00-00-00-00-00-00-00-00-00-00-00-00-00-00-00-00-00-00-00-00-00-00-00-00-00-00-00-00-00-00-00-00-00-00-00-00-00-00-00-00-00-00-00-00-00-00-00-00-00-00-00-00-00
[12:04:31:494]50-41-06-09-01-00-63 [CMD_SENT][CMD_GET_IO_LEVEL]
[12:04:31:514][HID_TX_ack]00-12-50-49-01-CC-76-60-00-00-08-00-06-89-00-01-FF-FF-1F-00-00-00-00-02-00-E0-01-00-32-00-00-00-00-00-00-00-00-00-00-00-00-00-00-00-00-00-00-00-00-00-00-00-00-00-00-00-00-00-00-00-00-00-00-00-00
[12:04:31:514]50-49-01-CC-76-60-00-00-08-00-06-89-00-01-FF-FF-1F-00
[12:04:31:844][HID_TX]00-80-06-BE-72-50-41-0E-0A-01-E0-00-00-00-00-00-00-00-00-00-00-00-00-00-00-00-00-00-00-00-00-00-00-00-00-00-00-00-00-00-00-00-00-00-00-00-00-00-00-00-00-00-00-00-00-00-00-00-00-00-00-00-00-00-00
[12:04:31:845]HidD_GetInputReport=True
[12:04:31:845]reply_report=00-4F-00-00-00-00-00-00-00-00-00-00-00-00-00-00-00-00-00-00-00-00-00-00-00-00-00-00-00-00-00-00-00-00-00-00-00-00-00-00-00-00-00-00-00-00-00-00-00-00-00-00-00-00-00-00-00-00-00-00-00-00-00-00-00
[12:04:31:846]50-41-0E-0A-01-E0 [CMD_SENT][REMOTE_GET_MODE]
[12:04:31:849][HID_TX_ack]00-19-50-49-01-C0-90-19-00-00-03-00-0E-8A-00-50-49-0E-CD-00-00-00-00-02-00-E0-01-00-32-00-00-00-00-00-00-00-00-00-00-00-00-00-00-00-00-00-00-00-00-00-00-00-00-00-00-00-00-00-00-00-00-00-00-00-00
[12:04:31:849]50-49-01-C0-90-19-00-00-03-00-0E-8A-00
[12:04:31:849]50-49-0E-CD-00-00-00-00-02-00-E0-01-
[12:04:31:849]REMOTE_GET_MODE=01
[12:04:31:849][HID_TX]00-80-07-52-C1-50-41-06-0B-01-00-63-00-00-00-00-00-00-00-00-00-00-00-00-00-00-00-00-00-00-00-00-00-00-00-00-00-00-00-00-00-00-00-00-00-00-00-00-00-00-00-00-00-00-00-00-00-00-00-00-00-00-00-00-00
[12:04:31:850]HidD_GetInputReport=True
[12:04:31:851]reply_report=00-4F-00-00-00-00-00-00-00-00-00-00-00-00-00-00-00-00-00-00-00-00-00-00-00-00-00-00-00-00-00-00-00-00-00-00-00-00-00-00-00-00-00-00-00-00-00-00-00-00-00-00-00-00-00-00-00-00-00-00-00-00-00-00-00
[12:04:31:852]50-41-06-0B-01-00-63 [CMD_SENT][CMD_GET_IO_LEVEL]
[12:04:31:880][HID_TX_ack]00-12-50-49-01-CE-99-61-00-00-08-00-06-8B-00-01-F7-FF-1F-00-00-00-00-02-00-E0-01-00-32-00-00-00-00-00-00-00-00-00-00-00-00-00-00-00-00-00-00-00-00-00-00-00-00-00-00-00-00-00-00-00-00-00-00-00-00
[12:04:31:880]50-49-01-CE-99-61-00-00-08-00-06-8B-00-01-F7-FF-1F-00
[12:04:32:201][HID_TX]00-80-06-83-02-50-41-0E-0C-01-E0-00-00-00-00-00-00-00-00-00-00-00-00-00-00-00-00-00-00-00-00-00-00-00-00-00-00-00-00-00-00-00-00-00-00-00-00-00-00-00-00-00-00-00-00-00-00-00-00-00-00-00-00-00-00
[12:04:32:203]HidD_GetInputReport=True
[12:04:32:203]reply_report=00-4F-00-00-00-00-00-00-00-00-00-00-00-00-00-00-00-00-00-00-00-00-00-00-00-00-00-00-00-00-00-00-00-00-00-00-00-00-00-00-00-00-00-00-00-00-00-00-00-00-00-00-00-00-00-00-00-00-00-00-00-00-00-00-00
[12:04:32:203]50-41-0E-0C-01-E0 [CMD_SENT][REMOTE_GET_MODE]
[12:04:32:205][HID_TX_ack]00-19-50-49-01-C0-AD-1A-00-00-03-00-0E-8C-00-50-49-0E-CF-00-00-00-00-02-00-E0-01-00-32-00-00-00-00-00-00-00-00-00-00-00-00-00-00-00-00-00-00-00-00-00-00-00-00-00-00-00-00-00-00-00-00-00-00-00-00
[12:04:32:205]50-49-01-C0-AD-1A-00-00-03-00-0E-8C-00
[12:04:32:205]50-49-0E-CF-00-00-00-00-02-00-E0-01-
[12:04:32:205]REMOTE_GET_MODE=01
[12:04:32:205][HID_TX]00-80-07-6F-B1-50-41-06-0D-01-00-63-00-00-00-00-00-00-00-00-00-00-00-00-00-00-00-00-00-00-00-00-00-00-00-00-00-00-00-00-00-00-00-00-00-00-00-00-00-00-00-00-00-00-00-00-00-00-00-00-00-00-00-00-00
[12:04:32:206]HidD_GetInputReport=True
[12:04:32:206]reply_report=00-4F-00-00-00-00-00-00-00-00-00-00-00-00-00-00-00-00-00-00-00-00-00-00-00-00-00-00-00-00-00-00-00-00-00-00-00-00-00-00-00-00-00-00-00-00-00-00-00-00-00-00-00-00-00-00-00-00-00-00-00-00-00-00-00
[12:04:32:206]50-41-06-0D-01-00-63 [CMD_SENT][CMD_GET_IO_LEVEL]
[12:04:32:230][HID_TX_ack]00-12-50-49-01-D0-A7-62-00-00-08-00-06-8D-00-01-F7-FF-1F-00-00-00-00-02-00-E0-01-00-32-00-00-00-00-00-00-00-00-00-00-00-00-00-00-00-00-00-00-00-00-00-00-00-00-00-00-00-00-00-00-00-00-00-00-00-00
[12:04:32:230]50-49-01-D0-A7-62-00-00-08-00-06-8D-00-01-F7-FF-1F-00
[12:04:33:427][HID_TX]00-80-06-68-2D-50-41-0E-0E-01-E0-00-00-00-00-00-00-00-00-00-00-00-00-00-00-00-00-00-00-00-00-00-00-00-00-00-00-00-00-00-00-00-00-00-00-00-00-00-00-00-00-00-00-00-00-00-00-00-00-00-00-00-00-00-00
[12:04:33:428]HidD_GetInputReport=True
[12:04:33:428]reply_report=00-4F-00-00-00-00-00-00-00-00-00-00-00-00-00-00-00-00-00-00-00-00-00-00-00-00-00-00-00-00-00-00-00-00-00-00-00-00-00-00-00-00-00-00-00-00-00-00-00-00-00-00-00-00-00-00-00-00-00-00-00-00-00-00-00
[12:04:33:428]50-41-0E-0E-01-E0 [CMD_SENT][REMOTE_GET_MODE]
[12:04:33:430][HID_TX_ack]00-19-50-49-01-C0-81-1E-00-00-03-00-0E-8E-00-50-49-0E-D1-00-00-00-00-02-00-E0-01-00-32-00-00-00-00-00-00-00-00-00-00-00-00-00-00-00-00-00-00-00-00-00-00-00-00-00-00-00-00-00-00-00-00-00-00-00-00
[12:04:33:430]50-49-01-C0-81-1E-00-00-03-00-0E-8E-00
[12:04:33:430]50-49-0E-D1-00-00-00-00-02-00-E0-01-
[12:04:33:430]REMOTE_GET_MODE=01
[12:04:33:430][HID_TX]00-80-07-84-9E-50-41-06-0F-01-00-63-00-00-00-00-00-00-00-00-00-00-00-00-00-00-00-00-00-00-00-00-00-00-00-00-00-00-00-00-00-00-00-00-00-00-00-00-00-00-00-00-00-00-00-00-00-00-00-00-00-00-00-00-00
[12:04:33:431]HidD_GetInputReport=True
[12:04:33:431]reply_report=00-4F-00-00-00-00-00-00-00-00-00-00-00-00-00-00-00-00-00-00-00-00-00-00-00-00-00-00-00-00-00-00-00-00-00-00-00-00-00-00-00-00-00-00-00-00-00-00-00-00-00-00-00-00-00-00-00-00-00-00-00-00-00-00-00
[12:04:33:431]50-41-06-0F-01-00-63 [CMD_SENT][CMD_GET_IO_LEVEL]
[12:04:33:439][HID_TX_ack]00-12-50-49-01-D2-7A-66-00-00-08-00-06-8F-00-01-FF-FF-1F-00-00-00-00-02-00-E0-01-00-32-00-00-00-00-00-00-00-00-00-00-00-00-00-00-00-00-00-00-00-00-00-00-00-00-00-00-00-00-00-00-00-00-00-00-00-00
[12:04:33:439]50-49-01-D2-7A-66-00-00-08-00-06-8F-00-01-FF-FF-1F-00
[12:04:33:769][HID_TX]00-80-06-80-8D-50-41-0E-10-01-E0-00-00-00-00-00-00-00-00-00-00-00-00-00-00-00-00-00-00-00-00-00-00-00-00-00-00-00-00-00-00-00-00-00-00-00-00-00-00-00-00-00-00-00-00-00-00-00-00-00-00-00-00-00-00
[12:04:33:770]HidD_GetInputReport=True
[12:04:33:770]reply_report=00-4F-00-00-00-00-00-00-00-00-00-00-00-00-00-00-00-00-00-00-00-00-00-00-00-00-00-00-00-00-00-00-00-00-00-00-00-00-00-00-00-00-00-00-00-00-00-00-00-00-00-00-00-00-00-00-00-00-00-00-00-00-00-00-00
[12:04:33:770]50-41-0E-10-01-E0 [CMD_SENT][REMOTE_GET_MODE]
[12:04:33:773][HID_TX_ack]00-19-50-49-01-C0-93-1F-00-00-03-00-0E-90-00-50-49-0E-D3-00-00-00-00-02-00-E0-01-00-32-00-00-00-00-00-00-00-00-00-00-00-00-00-00-00-00-00-00-00-00-00-00-00-00-00-00-00-00-00-00-00-00-00-00-00-00
[12:04:33:773]50-49-01-C0-93-1F-00-00-03-00-0E-90-00
[12:04:33:773]REMOTE_GET_MODE=01
[12:04:33:773]50-49-0E-D3-00-00-00-00-02-00-E0-01-
[12:04:33:773][HID_TX]00-80-07-6C-3E-50-41-06-11-01-00-63-00-00-00-00-00-00-00-00-00-00-00-00-00-00-00-00-00-00-00-00-00-00-00-00-00-00-00-00-00-00-00-00-00-00-00-00-00-00-00-00-00-00-00-00-00-00-00-00-00-00-00-00-00
[12:04:33:774]HidD_GetInputReport=True
[12:04:33:774]reply_report=00-4F-00-00-00-00-00-00-00-00-00-00-00-00-00-00-00-00-00-00-00-00-00-00-00-00-00-00-00-00-00-00-00-00-00-00-00-00-00-00-00-00-00-00-00-00-00-00-00-00-00-00-00-00-00-00-00-00-00-00-00-00-00-00-00
[12:04:33:774]50-41-06-11-01-00-63 [CMD_SENT][CMD_GET_IO_LEVEL]
[12:04:33:804][HID_TX_ack]00-12-50-49-01-D4-99-67-00-00-08-00-06-91-00-01-FF-FF-1F-00-00-00-00-02-00-E0-01-00-32-00-00-00-00-00-00-00-00-00-00-00-00-00-00-00-00-00-00-00-00-00-00-00-00-00-00-00-00-00-00-00-00-00-00-00-00
[12:04:33:804]50-49-01-D4-99-67-00-00-08-00-06-91-00-01-FF-FF-1F-00
[12:04:34:126][HID_TX]00-80-06-6B-A2-50-41-0E-12-01-E0-00-00-00-00-00-00-00-00-00-00-00-00-00-00-00-00-00-00-00-00-00-00-00-00-00-00-00-00-00-00-00-00-00-00-00-00-00-00-00-00-00-00-00-00-00-00-00-00-00-00-00-00-00-00
[12:04:34:126]HidD_GetInputReport=True
[12:04:34:126]reply_report=00-4F-00-00-00-00-00-00-00-00-00-00-00-00-00-00-00-00-00-00-00-00-00-00-00-00-00-00-00-00-00-00-00-00-00-00-00-00-00-00-00-00-00-00-00-00-00-00-00-00-00-00-00-00-00-00-00-00-00-00-00-00-00-00-00
[12:04:34:126]50-41-0E-12-01-E0 [CMD_SENT][REMOTE_GET_MODE]
[12:04:34:130][HID_TX_ack]00-19-50-49-01-C0-B1-20-00-00-03-00-0E-92-00-50-49-0E-D5-00-00-00-00-02-00-E0-01-00-32-00-00-00-00-00-00-00-00-00-00-00-00-00-00-00-00-00-00-00-00-00-00-00-00-00-00-00-00-00-00-00-00-00-00-00-00
[12:04:34:130]50-49-01-C0-B1-20-00-00-03-00-0E-92-00
[12:04:34:130]50-49-0E-D5-00-00-00-00-02-00-E0-01-
[12:04:34:130]REMOTE_GET_MODE=01
[12:04:34:130][HID_TX]00-80-07-87-11-50-41-06-13-01-00-63-00-00-00-00-00-00-00-00-00-00-00-00-00-00-00-00-00-00-00-00-00-00-00-00-00-00-00-00-00-00-00-00-00-00-00-00-00-00-00-00-00-00-00-00-00-00-00-00-00-00-00-00-00
[12:04:34:131]HidD_GetInputReport=True
[12:04:34:131]reply_report=00-4F-00-00-00-00-00-00-00-00-00-00-00-00-00-00-00-00-00-00-00-00-00-00-00-00-00-00-00-00-00-00-00-00-00-00-00-00-00-00-00-00-00-00-00-00-00-00-00-00-00-00-00-00-00-00-00-00-00-00-00-00-00-00-00
[12:04:34:131]50-41-06-13-01-00-63 [CMD_SENT][CMD_GET_IO_LEVEL]
[12:04:34:155][HID_TX_ack]00-12-50-49-01-D6-AB-68-00-00-08-00-06-93-00-01-FF-FF-1E-00-00-00-00-02-00-E0-01-00-32-00-00-00-00-00-00-00-00-00-00-00-00-00-00-00-00-00-00-00-00-00-00-00-00-00-00-00-00-00-00-00-00-00-00-00-00
[12:04:34:155]50-49-01-D6-AB-68-00-00-08-00-06-93-00-01-FF-FF-1E-00
[12:04:34:614][HID_TX_ack]00-0D-50-49-11-D7-33-22-00-00-03-00-20-EA-00-01-FF-FF-1E-00-00-00-00-02-00-E0-01-00-32-00-00-00-00-00-00-00-00-00-00-00-00-00-00-00-00-00-00-00-00-00-00-00-00-00-00-00-00-00-00-00-00-00-00-00-00
[12:04:34:614]50-49-11-D7-33-22-00-00-03-00-20-EA-00
[12:04:34:627][HID_TX_ack]00-1A-50-49-01-C0-3E-22-00-00-03-00-11-8A-18-50-49-01-C0-3F-22-00-00-03-00-11-8B-17-32-00-00-00-00-00-00-00-00-00-00-00-00-00-00-00-00-00-00-00-00-00-00-00-00-00-00-00-00-00-00-00-00-00-00-00-00
[12:04:34:627]50-49-01-C0-3E-22-00-00-03-00-11-8A-18
[12:04:34:627]50-49-01-C0-3F-22-00-00-03-00-11-8B-17
[12:04:34:629][HID_TX_ack]00-0D-50-49-11-D8-40-22-00-00-03-00-20-00-00-50-49-01-C0-3F-22-00-00-03-00-11-8B-17-32-00-00-00-00-00-00-00-00-00-00-00-00-00-00-00-00-00-00-00-00-00-00-00-00-00-00-00-00-00-00-00-00-00-00-00-00
[12:04:34:629]50-49-11-D8-40-22-00-00-03-00-20-00-00
[12:04:35:458][HID_TX]00-80-06-56-D2-50-41-0E-14-01-E0-00-00-00-00-00-00-00-00-00-00-00-00-00-00-00-00-00-00-00-00-00-00-00-00-00-00-00-00-00-00-00-00-00-00-00-00-00-00-00-00-00-00-00-00-00-00-00-00-00-00-00-00-00-00
[12:04:35:460]HidD_GetInputReport=True
[12:04:35:460]reply_report=00-4F-00-00-00-00-00-00-00-00-00-00-00-00-00-00-00-00-00-00-00-00-00-00-00-00-00-00-00-00-00-00-00-00-00-00-00-00-00-00-00-00-00-00-00-00-00-00-00-00-00-00-00-00-00-00-00-00-00-00-00-00-00-00-00
[12:04:35:460]50-41-0E-14-01-E0 [CMD_SENT][REMOTE_GET_MODE]
[12:04:35:463][HID_TX_ack]00-19-50-49-01-C0-DB-24-00-00-03-00-0E-94-00-50-49-0E-D9-00-00-00-00-02-00-E0-01-17-32-00-00-00-00-00-00-00-00-00-00-00-00-00-00-00-00-00-00-00-00-00-00-00-00-00-00-00-00-00-00-00-00-00-00-00-00
[12:04:35:463]50-49-01-C0-DB-24-00-00-03-00-0E-94-00
[12:04:35:463]50-49-0E-D9-00-00-00-00-02-00-E0-01-
[12:04:35:463]REMOTE_GET_MODE=01
[12:04:35:463][HID_TX]00-80-07-BA-61-50-41-06-15-01-00-63-00-00-00-00-00-00-00-00-00-00-00-00-00-00-00-00-00-00-00-00-00-00-00-00-00-00-00-00-00-00-00-00-00-00-00-00-00-00-00-00-00-00-00-00-00-00-00-00-00-00-00-00-00
[12:04:35:464]HidD_GetInputReport=True
[12:04:35:464]reply_report=00-4F-00-00-00-00-00-00-00-00-00-00-00-00-00-00-00-00-00-00-00-00-00-00-00-00-00-00-00-00-00-00-00-00-00-00-00-00-00-00-00-00-00-00-00-00-00-00-00-00-00-00-00-00-00-00-00-00-00-00-00-00-00-00-00
[12:04:35:464]50-41-06-15-01-00-63 [CMD_SENT][CMD_GET_IO_LEVEL]
[12:04:35:486][HID_TX_ack]00-12-50-49-01-DA-DF-6C-00-00-08-00-06-95-00-01-FF-FF-1F-00-00-00-00-02-00-E0-01-17-32-00-00-00-00-00-00-00-00-00-00-00-00-00-00-00-00-00-00-00-00-00-00-00-00-00-00-00-00-00-00-00-00-00-00-00-00
[12:04:35:486]50-49-01-DA-DF-6C-00-00-08-00-06-95-00-01-FF-FF-1F-00
[12:04:35:813][HID_TX]00-80-06-BD-FD-50-41-0E-16-01-E0-00-00-00-00-00-00-00-00-00-00-00-00-00-00-00-00-00-00-00-00-00-00-00-00-00-00-00-00-00-00-00-00-00-00-00-00-00-00-00-00-00-00-00-00-00-00-00-00-00-00-00-00-00-00
[12:04:35:815]HidD_GetInputReport=True
[12:04:35:815]reply_report=00-4F-00-00-00-00-00-00-00-00-00-00-00-00-00-00-00-00-00-00-00-00-00-00-00-00-00-00-00-00-00-00-00-00-00-00-00-00-00-00-00-00-00-00-00-00-00-00-00-00-00-00-00-00-00-00-00-00-00-00-00-00-00-00-00
[12:04:35:815]50-41-0E-16-01-E0 [CMD_SENT][REMOTE_GET_MODE]
[12:04:35:817][HID_TX_ack]00-19-50-49-01-C0-F7-25-00-00-03-00-0E-96-00-50-49-0E-DB-00-00-00-00-02-00-E0-01-17-32-00-00-00-00-00-00-00-00-00-00-00-00-00-00-00-00-00-00-00-00-00-00-00-00-00-00-00-00-00-00-00-00-00-00-00-00
[12:04:35:817]50-49-01-C0-F7-25-00-00-03-00-0E-96-00
[12:04:35:817]50-49-0E-DB-00-00-00-00-02-00-E0-01-
[12:04:35:817]REMOTE_GET_MODE=01
[12:04:35:817][HID_TX]00-80-07-51-4E-50-41-06-17-01-00-63-00-00-00-00-00-00-00-00-00-00-00-00-00-00-00-00-00-00-00-00-00-00-00-00-00-00-00-00-00-00-00-00-00-00-00-00-00-00-00-00-00-00-00-00-00-00-00-00-00-00-00-00-00
[12:04:35:819]HidD_GetInputReport=True
[12:04:35:819]reply_report=00-4F-00-00-00-00-00-00-00-00-00-00-00-00-00-00-00-00-00-00-00-00-00-00-00-00-00-00-00-00-00-00-00-00-00-00-00-00-00-00-00-00-00-00-00-00-00-00-00-00-00-00-00-00-00-00-00-00-00-00-00-00-00-00-00
[12:04:35:819]50-41-06-17-01-00-63 [CMD_SENT][CMD_GET_IO_LEVEL]
[12:04:35:852][HID_TX_ack]00-12-50-49-01-DC-FF-6D-00-00-08-00-06-97-00-01-FF-FF-1D-00-00-00-00-02-00-E0-01-17-32-00-00-00-00-00-00-00-00-00-00-00-00-00-00-00-00-00-00-00-00-00-00-00-00-00-00-00-00-00-00-00-00-00-00-00-00
[12:04:35:852]50-49-01-DC-FF-6D-00-00-08-00-06-97-00-01-FF-FF-1D-00
[12:04:36:185][HID_TX]00-80-06-2C-32-50-41-0E-18-01-E0-00-00-00-00-00-00-00-00-00-00-00-00-00-00-00-00-00-00-00-00-00-00-00-00-00-00-00-00-00-00-00-00-00-00-00-00-00-00-00-00-00-00-00-00-00-00-00-00-00-00-00-00-00-00
[12:04:36:186]HidD_GetInputReport=True
[12:04:36:186]reply_report=00-4F-00-00-00-00-00-00-00-00-00-00-00-00-00-00-00-00-00-00-00-00-00-00-00-00-00-00-00-00-00-00-00-00-00-00-00-00-00-00-00-00-00-00-00-00-00-00-00-00-00-00-00-00-00-00-00-00-00-00-00-00-00-00-00
[12:04:36:186]50-41-0E-18-01-E0 [CMD_SENT][REMOTE_GET_MODE]
[12:04:36:190][HID_TX_ack]00-19-50-49-01-C0-21-27-00-00-03-00-0E-98-00-50-49-0E-DD-00-00-00-00-02-00-E0-01-17-32-00-00-00-00-00-00-00-00-00-00-00-00-00-00-00-00-00-00-00-00-00-00-00-00-00-00-00-00-00-00-00-00-00-00-00-00
[12:04:36:190]50-49-01-C0-21-27-00-00-03-00-0E-98-00
[12:04:36:190]REMOTE_GET_MODE=01
[12:04:36:191]50-49-0E-DD-00-00-00-00-02-00-E0-01-
[12:04:36:191][HID_TX]00-80-07-C0-81-50-41-06-19-01-00-63-00-00-00-00-00-00-00-00-00-00-00-00-00-00-00-00-00-00-00-00-00-00-00-00-00-00-00-00-00-00-00-00-00-00-00-00-00-00-00-00-00-00-00-00-00-00-00-00-00-00-00-00-00
[12:04:36:192]HidD_GetInputReport=True
[12:04:36:192]reply_report=00-4F-00-00-00-00-00-00-00-00-00-00-00-00-00-00-00-00-00-00-00-00-00-00-00-00-00-00-00-00-00-00-00-00-00-00-00-00-00-00-00-00-00-00-00-00-00-00-00-00-00-00-00-00-00-00-00-00-00-00-00-00-00-00-00
[12:04:36:192]50-41-06-19-01-00-63 [CMD_SENT][CMD_GET_IO_LEVEL]
[12:04:36:220][HID_TX_ack]00-12-50-49-01-DE-25-6F-00-00-08-00-06-99-00-01-FF-FF-1D-00-00-00-00-02-00-E0-01-17-32-00-00-00-00-00-00-00-00-00-00-00-00-00-00-00-00-00-00-00-00-00-00-00-00-00-00-00-00-00-00-00-00-00-00-00-00
[12:04:36:220]50-49-01-DE-25-6F-00-00-08-00-06-99-00-01-FF-FF-1D-00
[12:04:36:579][HID_TX_ack]00-0D-50-49-11-DF-57-28-00-00-03-00-20-E9-00-01-FF-FF-1D-00-00-00-00-02-00-E0-01-17-32-00-00-00-00-00-00-00-00-00-00-00-00-00-00-00-00-00-00-00-00-00-00-00-00-00-00-00-00-00-00-00-00-00-00-00-00
[12:04:36:579]50-49-11-DF-57-28-00-00-03-00-20-E9-00
[12:04:36:587][HID_TX_ack]00-1A-50-49-01-C0-5D-28-00-00-03-00-11-8C-18-50-49-01-C0-5E-28-00-00-03-00-11-8D-17-32-00-00-00-00-00-00-00-00-00-00-00-00-00-00-00-00-00-00-00-00-00-00-00-00-00-00-00-00-00-00-00-00-00-00-00-00
[12:04:36:587]50-49-01-C0-5D-28-00-00-03-00-11-8C-18
[12:04:36:587]50-49-01-C0-5E-28-00-00-03-00-11-8D-17
[12:04:36:589][HID_TX_ack]00-0D-50-49-11-E0-5F-28-00-00-03-00-20-00-00-50-49-01-C0-5E-28-00-00-03-00-11-8D-17-32-00-00-00-00-00-00-00-00-00-00-00-00-00-00-00-00-00-00-00-00-00-00-00-00-00-00-00-00-00-00-00-00-00-00-00-00
[12:04:36:589]50-49-11-E0-5F-28-00-00-03-00-20-00-00
[12:04:37:256][HID_TX]00-80-07-47-E9-50-41-0E-1A-02-E1-00-00-00-00-00-00-00-00-00-00-00-00-00-00-00-00-00-00-00-00-00-00-00-00-00-00-00-00-00-00-00-00-00-00-00-00-00-00-00-00-00-00-00-00-00-00-00-00-00-00-00-00-00-00
[12:04:37:257]HidD_GetInputReport=True
[12:04:37:257]reply_report=00-4F-00-00-00-00-00-00-00-00-00-00-00-00-00-00-00-00-00-00-00-00-00-00-00-00-00-00-00-00-00-00-00-00-00-00-00-00-00-00-00-00-00-00-00-00-00-00-00-00-00-00-00-00-00-00-00-00-00-00-00-00-00-00-00
[12:04:37:257]50-41-0E-1A-02-E1-00 [CMD_SENT][REMOTE_SET_MODE] is_remote=False
[12:04:37:260][HID_TX_ack]00-0D-50-49-01-C0-79-2A-00-00-03-00-0E-9A-00-50-49-01-C0-5E-28-00-00-03-00-11-8D-17-32-00-00-00-00-00-00-00-00-00-00-00-00-00-00-00-00-00-00-00-00-00-00-00-00-00-00-00-00-00-00-00-00-00-00-00-00
[12:04:37:260]50-49-01-C0-79-2A-00-00-03-00-0E-9A-00
[12:04:37:260]ystech_Power_Saving, is_EnablePowerSaving=True
[12:04:37:260][HID_TX]00-85-01-73-56-02-00-00-00-00-00-00-00-00-00-00-00-00-00-00-00-00-00-00-00-00-00-00-00-00-00-00-00-00-00-00-00-00-00-00-00-00-00-00-00-00-00-00-00-00-00-00-00-00-00-00-00-00-00-00-00-00-00-00-00
[12:04:37:261]HidD_GetInputReport=True
[12:04:37:261]reply_report=00-4F-00-00-00-00-00-00-00-00-00-00-00-00-00-00-00-00-00-00-00-00-00-00-00-00-00-00-00-00-00-00-00-00-00-00-00-00-00-00-00-00-00-00-00-00-00-00-00-00-00-00-00-00-00-00-00-00-00-00-00-00-00-00-00
[12:04:37:261]HID_CMD_POWER_SAVING_Enable
[12:04:37:261]close_hid_stream
[12:04:37:261]close_hid_handle
