[15:50:18:696]\\?\hid#dell09c2&col02#5&bc4dc33&0&0001#{4d1e55b2-f16f-11cf-88cb-001111000030}
[15:50:18:696]\\?\hid#dell09c2&col03#5&bc4dc33&0&0002#{4d1e55b2-f16f-11cf-88cb-001111000030}
[15:50:18:696]\\?\hid#intc816&col01#3&207f9b7f&0&0000#{4d1e55b2-f16f-11cf-88cb-001111000030}
[15:50:18:696]\\?\hid#intc816&col02#3&207f9b7f&0&0001#{4d1e55b2-f16f-11cf-88cb-001111000030}
[15:50:18:696]\\?\hid#converteddevice&col02#5&17bac0a6&0&0001#{4d1e55b2-f16f-11cf-88cb-001111000030}
[15:50:18:696]\\?\hid#converteddevice&col03#5&17bac0a6&0&0002#{4d1e55b2-f16f-11cf-88cb-001111000030}
[15:50:18:696]\\?\hid#dell09c2&col04#5&bc4dc33&0&0003#{4d1e55b2-f16f-11cf-88cb-001111000030}
[15:50:18:696]\\?\hid#{00001812-0000-1000-8000-00805f9b34fb}_dev_vid&0232c2_pid&0001_rev&0068_ccb624cd66b1#9&326e3aae&0&0000#{4d1e55b2-f16f-11cf-88cb-001111000030}
[15:50:18:696]\\?\hid#dell09c2&col05#5&bc4dc33&0&0004#{4d1e55b2-f16f-11cf-88cb-001111000030}
[15:50:18:696]\\?\hid#converteddevice&col01#5&17bac0a6&0&0000#{4d1e55b2-f16f-11cf-88cb-001111000030}\kbd
[15:50:18:696]\\?\hid#dell09c2&col01#5&bc4dc33&0&0000#{4d1e55b2-f16f-11cf-88cb-001111000030}
[15:50:18:696]\\?\hid#vid_046d&pid_0adf&mi_00#7&3ad8dff3&0&0000#{4d1e55b2-f16f-11cf-88cb-001111000030}
[15:50:18:696]\\?\hid#vid_046d&pid_0adf&mi_04#7&18e94d0e&0&0000#{4d1e55b2-f16f-11cf-88cb-001111000030}
[15:50:18:698]try_path=\\?\hid#vid_046d&pid_0adf&mi_00#7&3ad8dff3&0&0000#{4d1e55b2-f16f-11cf-88cb-001111000030}
[15:50:18:700]	InputReportByteLength=65
[15:50:18:700]	OutputReportByteLength=65
[15:50:18:701]HID_Connected=\\?\hid#vid_046d&pid_0adf&mi_00#7&3ad8dff3&0&0000#{4d1e55b2-f16f-11cf-88cb-001111000030}
[15:50:18:702][HID_TX]00-84-01-D1-55-01-00-00-00-00-00-00-00-00-00-00-00-00-00-00-00-00-00-00-00-00-00-00-00-00-00-00-00-00-00-00-00-00-00-00-00-00-00-00-00-00-00-00-00-00-00-00-00-00-00-00-00-00-00-00-00-00-00-00-00
[15:50:18:704]HidD_GetInputReport=True
[15:50:18:704]reply_report=00-4F-56-31-2E-38-2E-35-2E-31-00-00-00-00-00-00-00-00-00-00-00-00-00-00-00-00-00-00-00-00-00-00-00-00-00-00-00-00-00-00-00-00-00-00-00-00-00-00-00-00-00-00-00-00-00-00-00-00-00-00-00-00-00-00-00
[15:50:18:704][ys_tech] fw_version=V1.8.5.1
[15:50:18:705]ystech_Power_Saving, is_EnablePowerSaving=False
[15:50:18:705][HID_TX]00-85-01-83-8B-01-00-00-00-00-00-00-00-00-00-00-00-00-00-00-00-00-00-00-00-00-00-00-00-00-00-00-00-00-00-00-00-00-00-00-00-00-00-00-00-00-00-00-00-00-00-00-00-00-00-00-00-00-00-00-00-00-00-00-00
[15:50:18:706]HidD_GetInputReport=True
[15:50:18:706]reply_report=00-4F-00-00-00-00-00-00-00-00-00-00-00-00-00-00-00-00-00-00-00-00-00-00-00-00-00-00-00-00-00-00-00-00-00-00-00-00-00-00-00-00-00-00-00-00-00-00-00-00-00-00-00-00-00-00-00-00-00-00-00-00-00-00-00
[15:50:18:706]HID_CMD_POWER_SAVING_Disable
[15:50:18:706]path_connected=\\?\hid#vid_046d&pid_0adf&mi_00#7&3ad8dff3&0&0000#{4d1e55b2-f16f-11cf-88cb-001111000030}
[15:50:21:019][HID_TX]00-80-06-1C-7D-50-41-0E-01-01-E0-00-00-00-00-00-00-00-00-00-00-00-00-00-00-00-00-00-00-00-00-00-00-00-00-00-00-00-00-00-00-00-00-00-00-00-00-00-00-00-00-00-00-00-00-00-00-00-00-00-00-00-00-00-00
[15:50:21:020]HidD_GetInputReport=True
[15:50:21:020]reply_report=00-4F-00-00-00-00-00-00-00-00-00-00-00-00-00-00-00-00-00-00-00-00-00-00-00-00-00-00-00-00-00-00-00-00-00-00-00-00-00-00-00-00-00-00-00-00-00-00-00-00-00-00-00-00-00-00-00-00-00-00-00-00-00-00-00
[15:50:21:020]50-41-0E-01-01-E0 [CMD_SENT][REMOTE_GET_MODE]
[15:50:21:025][HID_TX_ack]00-19-50-49-01-C0-5B-D3-07-00-03-00-0E-81-00-50-49-0E-CA-00-00-00-00-02-00-E0-01-17-49-01-C0-21-6E-07-00-03-00-11-DE-18-50-49-01-C0-22-6E-07-00-03-00-11-DF-17-00-00-00-00-00-00-00-00-00-00-00-00
[15:50:21:030]REMOTE_GET_MODE=01
[15:50:21:030]50-49-01-C0-5B-D3-07-00-03-00-0E-81-00
[15:50:21:030]50-49-0E-CA-00-00-00-00-02-00-E0-01-
[15:50:21:030][HID_TX]00-80-07-1B-E1-50-41-06-02-01-00-63-00-00-00-00-00-00-00-00-00-00-00-00-00-00-00-00-00-00-00-00-00-00-00-00-00-00-00-00-00-00-00-00-00-00-00-00-00-00-00-00-00-00-00-00-00-00-00-00-00-00-00-00-00
[15:50:21:031]HidD_GetInputReport=True
[15:50:21:031]reply_report=00-4F-00-00-00-00-00-00-00-00-00-00-00-00-00-00-00-00-00-00-00-00-00-00-00-00-00-00-00-00-00-00-00-00-00-00-00-00-00-00-00-00-00-00-00-00-00-00-00-00-00-00-00-00-00-00-00-00-00-00-00-00-00-00-00
[15:50:21:031]50-41-06-02-01-00-63 [CMD_SENT][CMD_GET_IO_LEVEL]
[15:50:21:060][HID_TX_ack]00-12-50-49-01-CB-08-C7-0A-00-08-00-06-82-00-01-FF-FF-0D-00-00-00-00-02-00-E0-01-17-49-01-C0-21-6E-07-00-03-00-11-DE-18-50-49-01-C0-22-6E-07-00-03-00-11-DF-17-00-00-00-00-00-00-00-00-00-00-00-00
[15:50:21:060]50-49-01-CB-08-C7-0A-00-08-00-06-82-00-01-FF-FF-0D-00
[15:50:23:406][HID_TX]00-80-06-F7-52-50-41-0E-03-01-E0-00-00-00-00-00-00-00-00-00-00-00-00-00-00-00-00-00-00-00-00-00-00-00-00-00-00-00-00-00-00-00-00-00-00-00-00-00-00-00-00-00-00-00-00-00-00-00-00-00-00-00-00-00-00
[15:50:23:407]HidD_GetInputReport=True
[15:50:23:407]reply_report=00-4F-00-00-00-00-00-00-00-00-00-00-00-00-00-00-00-00-00-00-00-00-00-00-00-00-00-00-00-00-00-00-00-00-00-00-00-00-00-00-00-00-00-00-00-00-00-00-00-00-00-00-00-00-00-00-00-00-00-00-00-00-00-00-00
[15:50:23:407]50-41-0E-03-01-E0 [CMD_SENT][REMOTE_GET_MODE]
[15:50:23:411][HID_TX_ack]00-19-50-49-01-C0-D0-DA-07-00-03-00-0E-83-00-50-49-0E-CC-00-00-00-00-02-00-E0-01-17-49-01-C0-21-6E-07-00-03-00-11-DE-18-50-49-01-C0-22-6E-07-00-03-00-11-DF-17-00-00-00-00-00-00-00-00-00-00-00-00
[15:50:23:411]50-49-01-C0-D0-DA-07-00-03-00-0E-83-00
[15:50:23:411]50-49-0E-CC-00-00-00-00-02-00-E0-01-
[15:50:23:411]REMOTE_GET_MODE=01
[15:50:23:411][HID_TX]00-80-07-26-91-50-41-06-04-01-00-63-00-00-00-00-00-00-00-00-00-00-00-00-00-00-00-00-00-00-00-00-00-00-00-00-00-00-00-00-00-00-00-00-00-00-00-00-00-00-00-00-00-00-00-00-00-00-00-00-00-00-00-00-00
[15:50:23:412]HidD_GetInputReport=True
[15:50:23:412]reply_report=00-4F-00-00-00-00-00-00-00-00-00-00-00-00-00-00-00-00-00-00-00-00-00-00-00-00-00-00-00-00-00-00-00-00-00-00-00-00-00-00-00-00-00-00-00-00-00-00-00-00-00-00-00-00-00-00-00-00-00-00-00-00-00-00-00
[15:50:23:412]50-41-06-04-01-00-63 [CMD_SENT][CMD_GET_IO_LEVEL]
[15:50:23:441][HID_TX_ack]00-12-50-49-01-CD-6B-CE-0A-00-08-00-06-84-00-01-FF-FF-0D-00-00-00-00-02-00-E0-01-17-49-01-C0-21-6E-07-00-03-00-11-DE-18-50-49-01-C0-22-6E-07-00-03-00-11-DF-17-00-00-00-00-00-00-00-00-00-00-00-00
[15:50:23:441]50-49-01-CD-6B-CE-0A-00-08-00-06-84-00-01-FF-FF-0D-00
[15:50:23:806][HID_TX]00-80-06-CA-22-50-41-0E-05-01-E0-00-00-00-00-00-00-00-00-00-00-00-00-00-00-00-00-00-00-00-00-00-00-00-00-00-00-00-00-00-00-00-00-00-00-00-00-00-00-00-00-00-00-00-00-00-00-00-00-00-00-00-00-00-00
[15:50:23:807]HidD_GetInputReport=True
[15:50:23:807]reply_report=00-4F-00-00-00-00-00-00-00-00-00-00-00-00-00-00-00-00-00-00-00-00-00-00-00-00-00-00-00-00-00-00-00-00-00-00-00-00-00-00-00-00-00-00-00-00-00-00-00-00-00-00-00-00-00-00-00-00-00-00-00-00-00-00-00
[15:50:23:807]50-41-0E-05-01-E0 [CMD_SENT][REMOTE_GET_MODE]
[15:50:23:812][HID_TX_ack]00-19-50-49-01-C0-11-DC-07-00-03-00-0E-85-00-50-49-0E-CE-00-00-00-00-02-00-E0-01-17-49-01-C0-21-6E-07-00-03-00-11-DE-18-50-49-01-C0-22-6E-07-00-03-00-11-DF-17-00-00-00-00-00-00-00-00-00-00-00-00
[15:50:23:812]50-49-01-C0-11-DC-07-00-03-00-0E-85-00
[15:50:23:812]50-49-0E-CE-00-00-00-00-02-00-E0-01-
[15:50:23:812]REMOTE_GET_MODE=01
[15:50:23:812][HID_TX]00-80-07-CD-BE-50-41-06-06-01-00-63-00-00-00-00-00-00-00-00-00-00-00-00-00-00-00-00-00-00-00-00-00-00-00-00-00-00-00-00-00-00-00-00-00-00-00-00-00-00-00-00-00-00-00-00-00-00-00-00-00-00-00-00-00
[15:50:23:813]HidD_GetInputReport=True
[15:50:23:813]reply_report=00-4F-00-00-00-00-00-00-00-00-00-00-00-00-00-00-00-00-00-00-00-00-00-00-00-00-00-00-00-00-00-00-00-00-00-00-00-00-00-00-00-00-00-00-00-00-00-00-00-00-00-00-00-00-00-00-00-00-00-00-00-00-00-00-00
[15:50:23:813]50-41-06-06-01-00-63 [CMD_SENT][CMD_GET_IO_LEVEL]
[15:50:23:849][HID_TX_ack]00-12-50-49-01-CF-AE-CF-0A-00-08-00-06-86-00-01-FF-FF-0D-00-00-00-00-02-00-E0-01-17-49-01-C0-21-6E-07-00-03-00-11-DE-18-50-49-01-C0-22-6E-07-00-03-00-11-DF-17-00-00-00-00-00-00-00-00-00-00-00-00
[15:50:23:849]50-49-01-CF-AE-CF-0A-00-08-00-06-86-00-01-FF-FF-0D-00
[15:50:24:164][HID_TX]00-80-06-21-0D-50-41-0E-07-01-E0-00-00-00-00-00-00-00-00-00-00-00-00-00-00-00-00-00-00-00-00-00-00-00-00-00-00-00-00-00-00-00-00-00-00-00-00-00-00-00-00-00-00-00-00-00-00-00-00-00-00-00-00-00-00
[15:50:24:165]HidD_GetInputReport=True
[15:50:24:166]reply_report=00-4F-00-00-00-00-00-00-00-00-00-00-00-00-00-00-00-00-00-00-00-00-00-00-00-00-00-00-00-00-00-00-00-00-00-00-00-00-00-00-00-00-00-00-00-00-00-00-00-00-00-00-00-00-00-00-00-00-00-00-00-00-00-00-00
[15:50:24:166]50-41-0E-07-01-E0 [CMD_SENT][REMOTE_GET_MODE]
[15:50:24:168][HID_TX_ack]00-19-50-49-01-C0-30-DD-07-00-03-00-0E-87-00-50-49-0E-D0-00-00-00-00-02-00-E0-01-17-49-01-C0-21-6E-07-00-03-00-11-DE-18-50-49-01-C0-22-6E-07-00-03-00-11-DF-17-00-00-00-00-00-00-00-00-00-00-00-00
[15:50:24:168]50-49-01-C0-30-DD-07-00-03-00-0E-87-00
[15:50:24:168]50-49-0E-D0-00-00-00-00-02-00-E0-01-
[15:50:24:168]REMOTE_GET_MODE=01
[15:50:24:168][HID_TX]00-80-07-5C-71-50-41-06-08-01-00-63-00-00-00-00-00-00-00-00-00-00-00-00-00-00-00-00-00-00-00-00-00-00-00-00-00-00-00-00-00-00-00-00-00-00-00-00-00-00-00-00-00-00-00-00-00-00-00-00-00-00-00-00-00
[15:50:24:170]HidD_GetInputReport=True
[15:50:24:170]reply_report=00-4F-00-00-00-00-00-00-00-00-00-00-00-00-00-00-00-00-00-00-00-00-00-00-00-00-00-00-00-00-00-00-00-00-00-00-00-00-00-00-00-00-00-00-00-00-00-00-00-00-00-00-00-00-00-00-00-00-00-00-00-00-00-00-00
[15:50:24:170]50-41-06-08-01-00-63 [CMD_SENT][CMD_GET_IO_LEVEL]
[15:50:24:200][HID_TX_ack]00-12-50-49-01-D1-C7-D0-0A-00-08-00-06-88-00-01-FF-FF-0D-00-00-00-00-02-00-E0-01-17-49-01-C0-21-6E-07-00-03-00-11-DE-18-50-49-01-C0-22-6E-07-00-03-00-11-DF-17-00-00-00-00-00-00-00-00-00-00-00-00
[15:50:24:200]50-49-01-D1-C7-D0-0A-00-08-00-06-88-00-01-FF-FF-0D-00
[15:50:24:569][HID_TX]00-80-06-B0-C2-50-41-0E-09-01-E0-00-00-00-00-00-00-00-00-00-00-00-00-00-00-00-00-00-00-00-00-00-00-00-00-00-00-00-00-00-00-00-00-00-00-00-00-00-00-00-00-00-00-00-00-00-00-00-00-00-00-00-00-00-00
[15:50:24:571]HidD_GetInputReport=True
[15:50:24:571]reply_report=00-4F-00-00-00-00-00-00-00-00-00-00-00-00-00-00-00-00-00-00-00-00-00-00-00-00-00-00-00-00-00-00-00-00-00-00-00-00-00-00-00-00-00-00-00-00-00-00-00-00-00-00-00-00-00-00-00-00-00-00-00-00-00-00-00
[15:50:24:571]50-41-0E-09-01-E0 [CMD_SENT][REMOTE_GET_MODE]
[15:50:24:573][HID_TX_ack]00-19-50-49-01-C0-74-DE-07-00-03-00-0E-89-00-50-49-0E-D2-00-00-00-00-02-00-E0-01-17-49-01-C0-21-6E-07-00-03-00-11-DE-18-50-49-01-C0-22-6E-07-00-03-00-11-DF-17-00-00-00-00-00-00-00-00-00-00-00-00
[15:50:24:573]50-49-01-C0-74-DE-07-00-03-00-0E-89-00
[15:50:24:573]50-49-0E-D2-00-00-00-00-02-00-E0-01-
[15:50:24:573]REMOTE_GET_MODE=01
[15:50:24:573][HID_TX]00-80-07-B7-5E-50-41-06-0A-01-00-63-00-00-00-00-00-00-00-00-00-00-00-00-00-00-00-00-00-00-00-00-00-00-00-00-00-00-00-00-00-00-00-00-00-00-00-00-00-00-00-00-00-00-00-00-00-00-00-00-00-00-00-00-00
[15:50:24:575]HidD_GetInputReport=True
[15:50:24:575]reply_report=00-4F-00-00-00-00-00-00-00-00-00-00-00-00-00-00-00-00-00-00-00-00-00-00-00-00-00-00-00-00-00-00-00-00-00-00-00-00-00-00-00-00-00-00-00-00-00-00-00-00-00-00-00-00-00-00-00-00-00-00-00-00-00-00-00
[15:50:24:575]50-41-06-0A-01-00-63 [CMD_SENT][CMD_GET_IO_LEVEL]
[15:50:24:598][HID_TX_ack]00-12-50-49-01-D3-18-D2-0A-00-08-00-06-8A-00-01-FF-FF-0D-00-00-00-00-02-00-E0-01-17-49-01-C0-21-6E-07-00-03-00-11-DE-18-50-49-01-C0-22-6E-07-00-03-00-11-DF-17-00-00-00-00-00-00-00-00-00-00-00-00
[15:50:24:598]50-49-01-D3-18-D2-0A-00-08-00-06-8A-00-01-FF-FF-0D-00
[15:50:24:973][HID_TX]00-80-06-5B-ED-50-41-0E-0B-01-E0-00-00-00-00-00-00-00-00-00-00-00-00-00-00-00-00-00-00-00-00-00-00-00-00-00-00-00-00-00-00-00-00-00-00-00-00-00-00-00-00-00-00-00-00-00-00-00-00-00-00-00-00-00-00
[15:50:24:975]HidD_GetInputReport=True
[15:50:24:975]reply_report=00-4F-00-00-00-00-00-00-00-00-00-00-00-00-00-00-00-00-00-00-00-00-00-00-00-00-00-00-00-00-00-00-00-00-00-00-00-00-00-00-00-00-00-00-00-00-00-00-00-00-00-00-00-00-00-00-00-00-00-00-00-00-00-00-00
[15:50:24:975]50-41-0E-0B-01-E0 [CMD_SENT][REMOTE_GET_MODE]
[15:50:24:978][HID_TX_ack]00-19-50-49-01-C0-B7-DF-07-00-03-00-0E-8B-00-50-49-0E-D4-00-00-00-00-02-00-E0-01-17-49-01-C0-21-6E-07-00-03-00-11-DE-18-50-49-01-C0-22-6E-07-00-03-00-11-DF-17-00-00-00-00-00-00-00-00-00-00-00-00
[15:50:24:978]50-49-01-C0-B7-DF-07-00-03-00-0E-8B-00
[15:50:24:978]50-49-0E-D4-00-00-00-00-02-00-E0-01-
[15:50:24:978]REMOTE_GET_MODE=01
[15:50:24:978][HID_TX]00-80-07-8A-2E-50-41-06-0C-01-00-63-00-00-00-00-00-00-00-00-00-00-00-00-00-00-00-00-00-00-00-00-00-00-00-00-00-00-00-00-00-00-00-00-00-00-00-00-00-00-00-00-00-00-00-00-00-00-00-00-00-00-00-00-00
[15:50:24:979]HidD_GetInputReport=True
[15:50:24:979]reply_report=00-4F-00-00-00-00-00-00-00-00-00-00-00-00-00-00-00-00-00-00-00-00-00-00-00-00-00-00-00-00-00-00-00-00-00-00-00-00-00-00-00-00-00-00-00-00-00-00-00-00-00-00-00-00-00-00-00-00-00-00-00-00-00-00-00
[15:50:24:979]50-41-06-0C-01-00-63 [CMD_SENT][CMD_GET_IO_LEVEL]
[15:50:25:000][HID_TX_ack]00-12-50-49-01-D5-59-D3-0A-00-08-00-06-8C-00-01-FF-FF-0D-00-00-00-00-02-00-E0-01-17-49-01-C0-21-6E-07-00-03-00-11-DE-18-50-49-01-C0-22-6E-07-00-03-00-11-DF-17-00-00-00-00-00-00-00-00-00-00-00-00
[15:50:25:000]50-49-01-D5-59-D3-0A-00-08-00-06-8C-00-01-FF-FF-0D-00
[15:50:28:382][HID_TX]00-80-06-66-9D-50-41-0E-0D-01-E0-00-00-00-00-00-00-00-00-00-00-00-00-00-00-00-00-00-00-00-00-00-00-00-00-00-00-00-00-00-00-00-00-00-00-00-00-00-00-00-00-00-00-00-00-00-00-00-00-00-00-00-00-00-00
[15:50:28:383]HidD_GetInputReport=True
[15:50:28:383]reply_report=00-4F-00-00-00-00-00-00-00-00-00-00-00-00-00-00-00-00-00-00-00-00-00-00-00-00-00-00-00-00-00-00-00-00-00-00-00-00-00-00-00-00-00-00-00-00-00-00-00-00-00-00-00-00-00-00-00-00-00-00-00-00-00-00-00
[15:50:28:383]50-41-0E-0D-01-E0 [CMD_SENT][REMOTE_GET_MODE]
[15:50:28:386][HID_TX_ack]00-19-50-49-01-C0-5D-EA-07-00-03-00-0E-8D-00-50-49-0E-D6-00-00-00-00-02-00-E0-01-17-49-01-C0-21-6E-07-00-03-00-11-DE-18-50-49-01-C0-22-6E-07-00-03-00-11-DF-17-00-00-00-00-00-00-00-00-00-00-00-00
[15:50:28:386]50-49-01-C0-5D-EA-07-00-03-00-0E-8D-00
[15:50:28:386]REMOTE_GET_MODE=01
[15:50:28:386]50-49-0E-D6-00-00-00-00-02-00-E0-01-
[15:50:28:386][HID_TX]00-80-07-61-01-50-41-06-0E-01-00-63-00-00-00-00-00-00-00-00-00-00-00-00-00-00-00-00-00-00-00-00-00-00-00-00-00-00-00-00-00-00-00-00-00-00-00-00-00-00-00-00-00-00-00-00-00-00-00-00-00-00-00-00-00
[15:50:28:387]HidD_GetInputReport=True
[15:50:28:387]reply_report=00-4F-00-00-00-00-00-00-00-00-00-00-00-00-00-00-00-00-00-00-00-00-00-00-00-00-00-00-00-00-00-00-00-00-00-00-00-00-00-00-00-00-00-00-00-00-00-00-00-00-00-00-00-00-00-00-00-00-00-00-00-00-00-00-00
[15:50:28:387]50-41-06-0E-01-00-63 [CMD_SENT][CMD_GET_IO_LEVEL]
[15:50:28:412][HID_TX_ack]00-12-50-49-01-D7-03-DE-0A-00-08-00-06-8E-00-01-FF-FF-0D-00-00-00-00-02-00-E0-01-17-49-01-C0-21-6E-07-00-03-00-11-DE-18-50-49-01-C0-22-6E-07-00-03-00-11-DF-17-00-00-00-00-00-00-00-00-00-00-00-00
[15:50:28:412]50-49-01-D7-03-DE-0A-00-08-00-06-8E-00-01-FF-FF-0D-00
[15:50:34:374][HID_TX]00-80-06-8D-B2-50-41-0E-0F-01-E0-00-00-00-00-00-00-00-00-00-00-00-00-00-00-00-00-00-00-00-00-00-00-00-00-00-00-00-00-00-00-00-00-00-00-00-00-00-00-00-00-00-00-00-00-00-00-00-00-00-00-00-00-00-00
[15:50:34:375]HidD_GetInputReport=True
[15:50:34:375]reply_report=00-4F-00-00-00-00-00-00-00-00-00-00-00-00-00-00-00-00-00-00-00-00-00-00-00-00-00-00-00-00-00-00-00-00-00-00-00-00-00-00-00-00-00-00-00-00-00-00-00-00-00-00-00-00-00-00-00-00-00-00-00-00-00-00-00
[15:50:34:375]50-41-0E-0F-01-E0 [CMD_SENT][REMOTE_GET_MODE]
[15:50:34:378][HID_TX_ack]00-19-50-49-01-C0-18-FD-07-00-03-00-0E-8F-00-50-49-0E-D8-00-00-00-00-02-00-E0-01-17-49-01-C0-21-6E-07-00-03-00-11-DE-18-50-49-01-C0-22-6E-07-00-03-00-11-DF-17-00-00-00-00-00-00-00-00-00-00-00-00
[15:50:34:378]50-49-01-C0-18-FD-07-00-03-00-0E-8F-00
[15:50:34:378]50-49-0E-D8-00-00-00-00-02-00-E0-01-
[15:50:34:378]REMOTE_GET_MODE=01
[15:50:34:378][HID_TX]00-80-07-89-A1-50-41-06-10-01-00-63-00-00-00-00-00-00-00-00-00-00-00-00-00-00-00-00-00-00-00-00-00-00-00-00-00-00-00-00-00-00-00-00-00-00-00-00-00-00-00-00-00-00-00-00-00-00-00-00-00-00-00-00-00
[15:50:34:379]HidD_GetInputReport=True
[15:50:34:379]reply_report=00-4F-00-00-00-00-00-00-00-00-00-00-00-00-00-00-00-00-00-00-00-00-00-00-00-00-00-00-00-00-00-00-00-00-00-00-00-00-00-00-00-00-00-00-00-00-00-00-00-00-00-00-00-00-00-00-00-00-00-00-00-00-00-00-00
[15:50:34:379]50-41-06-10-01-00-63 [CMD_SENT][CMD_GET_IO_LEVEL]
[15:50:34:425][HID_TX_ack]00-12-50-49-01-D9-BB-F0-0A-00-08-00-06-90-00-01-FF-FF-0E-00-00-00-00-02-00-E0-01-17-49-01-C0-21-6E-07-00-03-00-11-DE-18-50-49-01-C0-22-6E-07-00-03-00-11-DF-17-00-00-00-00-00-00-00-00-00-00-00-00
[15:50:34:425]50-49-01-D9-BB-F0-0A-00-08-00-06-90-00-01-FF-FF-0E-00
[15:50:34:515][HID_TX_ack]00-0D-50-49-11-DA-84-FD-07-00-03-00-20-EA-00-01-FF-FF-0E-00-00-00-00-02-00-E0-01-17-49-01-C0-21-6E-07-00-03-00-11-DE-18-50-49-01-C0-22-6E-07-00-03-00-11-DF-17-00-00-00-00-00-00-00-00-00-00-00-00
[15:50:34:515]50-49-11-DA-84-FD-07-00-03-00-20-EA-00
[15:50:34:525][HID_TX_ack]00-1A-50-49-01-C0-8C-FD-07-00-03-00-11-81-18-50-49-01-C0-8D-FD-07-00-03-00-11-82-17-49-01-C0-21-6E-07-00-03-00-11-DE-18-50-49-01-C0-22-6E-07-00-03-00-11-DF-17-00-00-00-00-00-00-00-00-00-00-00-00
[15:50:34:525]50-49-01-C0-8C-FD-07-00-03-00-11-81-18
[15:50:34:525]50-49-01-C0-8D-FD-07-00-03-00-11-82-17
[15:50:34:527][HID_TX_ack]00-0D-50-49-11-DB-8E-FD-07-00-03-00-20-00-00-50-49-01-C0-8D-FD-07-00-03-00-11-82-17-49-01-C0-21-6E-07-00-03-00-11-DE-18-50-49-01-C0-22-6E-07-00-03-00-11-DF-17-00-00-00-00-00-00-00-00-00-00-00-00
[15:50:34:527]50-49-11-DB-8E-FD-07-00-03-00-20-00-00
[15:50:34:604][HID_TX_ack]00-0D-50-49-11-DC-CA-FD-07-00-03-00-20-EA-00-50-49-01-C0-8D-FD-07-00-03-00-11-82-17-49-01-C0-21-6E-07-00-03-00-11-DE-18-50-49-01-C0-22-6E-07-00-03-00-11-DF-17-00-00-00-00-00-00-00-00-00-00-00-00
[15:50:34:604]50-49-11-DC-CA-FD-07-00-03-00-20-EA-00
[15:50:34:614][HID_TX_ack]00-1A-50-49-01-C0-D4-FD-07-00-03-00-11-83-18-50-49-01-C0-D4-FD-07-00-03-00-11-84-17-49-01-C0-21-6E-07-00-03-00-11-DE-18-50-49-01-C0-22-6E-07-00-03-00-11-DF-17-00-00-00-00-00-00-00-00-00-00-00-00
[15:50:34:614]50-49-01-C0-D4-FD-07-00-03-00-11-83-18
[15:50:34:614]50-49-01-C0-D4-FD-07-00-03-00-11-84-17
[15:50:34:617][HID_TX_ack]00-0D-50-49-11-DD-D6-FD-07-00-03-00-20-00-00-50-49-01-C0-D4-FD-07-00-03-00-11-84-17-49-01-C0-21-6E-07-00-03-00-11-DE-18-50-49-01-C0-22-6E-07-00-03-00-11-DF-17-00-00-00-00-00-00-00-00-00-00-00-00
[15:50:34:617]50-49-11-DD-D6-FD-07-00-03-00-20-00-00
[15:50:36:041][HID_TX_ack]00-0D-50-49-11-DE-1E-FE-07-00-03-00-20-EA-00-50-49-01-C0-D4-FD-07-00-03-00-11-84-17-49-01-C0-21-6E-07-00-03-00-11-DE-18-50-49-01-C0-22-6E-07-00-03-00-11-DF-17-00-00-00-00-00-00-00-00-00-00-00-00
[15:50:36:041]50-49-11-DE-1E-FE-07-00-03-00-20-EA-00
[15:50:36:041][HID_TX_ack]00-0D-50-49-11-E2-CC-FE-07-00-03-00-20-EA-00-50-49-01-C0-82-FE-07-00-03-00-11-88-17-49-01-C0-21-6E-07-00-03-00-11-DE-18-50-49-01-C0-22-6E-07-00-03-00-11-DF-17-00-00-00-00-00-00-00-00-00-00-00-00
[15:50:36:042]50-49-11-E2-CC-FE-07-00-03-00-20-EA-00
[15:50:36:043][HID_TX_ack]00-0D-50-49-01-C0-D3-FE-07-00-03-00-11-89-18-50-49-01-C0-82-FE-07-00-03-00-11-88-17-49-01-C0-21-6E-07-00-03-00-11-DE-18-50-49-01-C0-22-6E-07-00-03-00-11-DF-17-00-00-00-00-00-00-00-00-00-00-00-00
[15:50:36:043]50-49-01-C0-D3-FE-07-00-03-00-11-89-18
[15:50:36:043][HID_TX_ack]00-0D-50-49-01-C0-D8-FE-07-00-03-00-11-8A-17-50-49-01-C0-82-FE-07-00-03-00-11-88-17-49-01-C0-21-6E-07-00-03-00-11-DE-18-50-49-01-C0-22-6E-07-00-03-00-11-DF-17-00-00-00-00-00-00-00-00-00-00-00-00
[15:50:36:043]50-49-01-C0-D8-FE-07-00-03-00-11-8A-17
[15:50:36:044][HID_TX_ack]00-0D-50-49-11-E3-D9-FE-07-00-03-00-20-00-00-50-49-01-C0-82-FE-07-00-03-00-11-88-17-49-01-C0-21-6E-07-00-03-00-11-DE-18-50-49-01-C0-22-6E-07-00-03-00-11-DF-17-00-00-00-00-00-00-00-00-00-00-00-00
[15:50:36:044]50-49-11-E3-D9-FE-07-00-03-00-20-00-00
[15:50:36:044][HID_TX_ack]00-0D-50-49-11-E4-28-FF-07-00-03-00-20-EA-00-50-49-01-C0-82-FE-07-00-03-00-11-88-17-49-01-C0-21-6E-07-00-03-00-11-DE-18-50-49-01-C0-22-6E-07-00-03-00-11-DF-17-00-00-00-00-00-00-00-00-00-00-00-00
[15:50:36:047]50-49-11-E4-28-FF-07-00-03-00-20-EA-00
[15:50:36:047][HID_TX_ack]00-0D-50-49-01-C0-2E-FF-07-00-03-00-11-8B-18-50-49-01-C0-82-FE-07-00-03-00-11-88-17-49-01-C0-21-6E-07-00-03-00-11-DE-18-50-49-01-C0-22-6E-07-00-03-00-11-DF-17-00-00-00-00-00-00-00-00-00-00-00-00
[15:50:36:047]50-49-01-C0-2E-FF-07-00-03-00-11-8B-18
[15:50:36:047][HID_TX_ack]00-0D-50-49-01-C0-34-FF-07-00-03-00-11-8C-17-50-49-01-C0-82-FE-07-00-03-00-11-88-17-49-01-C0-21-6E-07-00-03-00-11-DE-18-50-49-01-C0-22-6E-07-00-03-00-11-DF-17-00-00-00-00-00-00-00-00-00-00-00-00
[15:50:36:047]50-49-01-C0-34-FF-07-00-03-00-11-8C-17
[15:50:36:047][HID_TX_ack]00-0D-50-49-11-E5-35-FF-07-00-03-00-20-00-00-50-49-01-C0-82-FE-07-00-03-00-11-88-17-49-01-C0-21-6E-07-00-03-00-11-DE-18-50-49-01-C0-22-6E-07-00-03-00-11-DF-17-00-00-00-00-00-00-00-00-00-00-00-00
[15:50:36:047]50-49-11-E5-35-FF-07-00-03-00-20-00-00
[15:50:36:047][HID_TX_ack]00-0D-50-49-11-E6-82-FF-07-00-03-00-20-EA-00-50-49-01-C0-82-FE-07-00-03-00-11-88-17-49-01-C0-21-6E-07-00-03-00-11-DE-18-50-49-01-C0-22-6E-07-00-03-00-11-DF-17-00-00-00-00-00-00-00-00-00-00-00-00
[15:50:36:047]50-49-11-E6-82-FF-07-00-03-00-20-EA-00
[15:50:36:048][HID_TX_ack]00-1A-50-49-01-C0-90-FF-07-00-03-00-11-8D-18-50-49-01-C0-90-FF-07-00-03-00-11-8E-17-49-01-C0-21-6E-07-00-03-00-11-DE-18-50-49-01-C0-22-6E-07-00-03-00-11-DF-17-00-00-00-00-00-00-00-00-00-00-00-00
[15:50:36:048]50-49-01-C0-90-FF-07-00-03-00-11-8D-18
[15:50:36:048]50-49-01-C0-90-FF-07-00-03-00-11-8E-17
[15:50:36:048][HID_TX_ack]00-0D-50-49-11-E7-92-FF-07-00-03-00-20-00-00-50-49-01-C0-90-FF-07-00-03-00-11-8E-17-49-01-C0-21-6E-07-00-03-00-11-DE-18-50-49-01-C0-22-6E-07-00-03-00-11-DF-17-00-00-00-00-00-00-00-00-00-00-00-00
[15:50:36:048]50-49-11-E7-92-FF-07-00-03-00-20-00-00
[15:50:36:048][HID_TX_ack]00-0D-50-49-11-E8-D6-FF-07-00-03-00-20-EA-00-50-49-01-C0-90-FF-07-00-03-00-11-8E-17-49-01-C0-21-6E-07-00-03-00-11-DE-18-50-49-01-C0-22-6E-07-00-03-00-11-DF-17-00-00-00-00-00-00-00-00-00-00-00-00
[15:50:36:048]50-49-11-E8-D6-FF-07-00-03-00-20-EA-00
[15:50:36:048][HID_TX_ack]00-1A-50-49-01-C0-E3-FF-07-00-03-00-11-8F-18-50-49-01-C0-E4-FF-07-00-03-00-11-90-17-49-01-C0-21-6E-07-00-03-00-11-DE-18-50-49-01-C0-22-6E-07-00-03-00-11-DF-17-00-00-00-00-00-00-00-00-00-00-00-00
[15:50:36:049]50-49-01-C0-E3-FF-07-00-03-00-11-8F-18
[15:50:36:049]50-49-01-C0-E4-FF-07-00-03-00-11-90-17
[15:50:36:049][HID_TX]00-80-06-65-12-50-41-0E-11-01-E0-00-00-00-00-00-00-00-00-00-00-00-00-00-00-00-00-00-00-00-00-00-00-00-00-00-00-00-00-00-00-00-00-00-00-00-00-00-00-00-00-00-00-00-00-00-00-00-00-00-00-00-00-00-00
[15:50:36:049][HID_TX_ack]00-0D-50-49-11-E9-E6-FF-07-00-03-00-20-00-00-50-49-01-C0-E4-FF-07-00-03-00-11-90-17-49-01-C0-21-6E-07-00-03-00-11-DE-18-50-49-01-C0-22-6E-07-00-03-00-11-DF-17-00-00-00-00-00-00-00-00-00-00-00-00
[15:50:36:049]50-49-11-E9-E6-FF-07-00-03-00-20-00-00
[15:50:36:049][HID_TX_ack]00-0D-50-49-11-EA-22-00-08-00-03-00-20-EA-00-50-49-01-C0-E4-FF-07-00-03-00-11-90-17-49-01-C0-21-6E-07-00-03-00-11-DE-18-50-49-01-C0-22-6E-07-00-03-00-11-DF-17-00-00-00-00-00-00-00-00-00-00-00-00
[15:50:36:049]50-49-11-EA-22-00-08-00-03-00-20-EA-00
[15:50:36:049][HID_TX_ack]00-1A-50-49-01-C0-30-00-08-00-03-00-11-91-18-50-49-01-C0-30-00-08-00-03-00-11-92-17-49-01-C0-21-6E-07-00-03-00-11-DE-18-50-49-01-C0-22-6E-07-00-03-00-11-DF-17-00-00-00-00-00-00-00-00-00-00-00-00
[15:50:36:049]50-49-01-C0-30-00-08-00-03-00-11-91-18
[15:50:36:049]50-49-01-C0-30-00-08-00-03-00-11-92-17
[15:50:36:049][HID_TX_ack]00-0D-50-49-11-EB-32-00-08-00-03-00-20-00-00-50-49-01-C0-30-00-08-00-03-00-11-92-17-49-01-C0-21-6E-07-00-03-00-11-DE-18-50-49-01-C0-22-6E-07-00-03-00-11-DF-17-00-00-00-00-00-00-00-00-00-00-00-00
[15:50:36:049]50-49-11-EB-32-00-08-00-03-00-20-00-00
[15:50:36:049][HID_TX_ack]00-0D-50-49-11-EC-7E-00-08-00-03-00-20-EA-00-50-49-01-C0-30-00-08-00-03-00-11-92-17-49-01-C0-21-6E-07-00-03-00-11-DE-18-50-49-01-C0-22-6E-07-00-03-00-11-DF-17-00-00-00-00-00-00-00-00-00-00-00-00
[15:50:36:049]50-49-11-EC-7E-00-08-00-03-00-20-EA-00
[15:50:36:049][HID_TX_ack]00-1A-50-49-01-C0-88-00-08-00-03-00-11-93-18-50-49-01-C0-89-00-08-00-03-00-11-94-17-49-01-C0-21-6E-07-00-03-00-11-DE-18-50-49-01-C0-22-6E-07-00-03-00-11-DF-17-00-00-00-00-00-00-00-00-00-00-00-00
[15:50:36:049]50-49-01-C0-88-00-08-00-03-00-11-93-18
[15:50:36:049]50-49-01-C0-89-00-08-00-03-00-11-94-17
[15:50:36:049][HID_TX_ack]00-0D-50-49-11-ED-8B-00-08-00-03-00-20-00-00-50-49-01-C0-89-00-08-00-03-00-11-94-17-49-01-C0-21-6E-07-00-03-00-11-DE-18-50-49-01-C0-22-6E-07-00-03-00-11-DF-17-00-00-00-00-00-00-00-00-00-00-00-00
[15:50:36:049]50-49-11-ED-8B-00-08-00-03-00-20-00-00
[15:50:36:049][HID_TX_ack]00-0D-50-49-11-EE-D2-00-08-00-03-00-20-EA-00-50-49-01-C0-89-00-08-00-03-00-11-94-17-49-01-C0-21-6E-07-00-03-00-11-DE-18-50-49-01-C0-22-6E-07-00-03-00-11-DF-17-00-00-00-00-00-00-00-00-00-00-00-00
[15:50:36:050]50-49-11-EE-D2-00-08-00-03-00-20-EA-00
[15:50:36:050][HID_TX_ack]00-1A-50-49-01-C0-D9-00-08-00-03-00-11-95-18-50-49-01-C0-DA-00-08-00-03-00-11-96-17-49-01-C0-21-6E-07-00-03-00-11-DE-18-50-49-01-C0-22-6E-07-00-03-00-11-DF-17-00-00-00-00-00-00-00-00-00-00-00-00
[15:50:36:050]50-49-01-C0-D9-00-08-00-03-00-11-95-18
[15:50:36:050]50-49-01-C0-DA-00-08-00-03-00-11-96-17
[15:50:36:050][HID_TX_ack]00-0D-50-49-11-EF-DC-00-08-00-03-00-20-00-00-50-49-01-C0-DA-00-08-00-03-00-11-96-17-49-01-C0-21-6E-07-00-03-00-11-DE-18-50-49-01-C0-22-6E-07-00-03-00-11-DF-17-00-00-00-00-00-00-00-00-00-00-00-00
[15:50:36:050]50-49-11-EF-DC-00-08-00-03-00-20-00-00
[15:50:36:050][HID_TX_ack]00-0D-50-49-11-F0-20-01-08-00-03-00-20-EA-00-50-49-01-C0-DA-00-08-00-03-00-11-96-17-49-01-C0-21-6E-07-00-03-00-11-DE-18-50-49-01-C0-22-6E-07-00-03-00-11-DF-17-00-00-00-00-00-00-00-00-00-00-00-00
[15:50:36:050]50-49-11-F0-20-01-08-00-03-00-20-EA-00
[15:50:36:050][HID_TX_ack]00-1A-50-49-01-C0-28-01-08-00-03-00-11-97-18-50-49-01-C0-29-01-08-00-03-00-11-98-17-49-01-C0-21-6E-07-00-03-00-11-DE-18-50-49-01-C0-22-6E-07-00-03-00-11-DF-17-00-00-00-00-00-00-00-00-00-00-00-00
[15:50:36:050]50-49-01-C0-28-01-08-00-03-00-11-97-18
[15:50:36:050]50-49-01-C0-29-01-08-00-03-00-11-98-17
[15:50:36:050][HID_TX_ack]00-0D-50-49-11-F1-2B-01-08-00-03-00-20-00-00-50-49-01-C0-29-01-08-00-03-00-11-98-17-49-01-C0-21-6E-07-00-03-00-11-DE-18-50-49-01-C0-22-6E-07-00-03-00-11-DF-17-00-00-00-00-00-00-00-00-00-00-00-00
[15:50:36:050]50-49-11-F1-2B-01-08-00-03-00-20-00-00
[15:50:36:050][HID_TX_ack]00-0D-50-49-11-F2-7A-01-08-00-03-00-20-EA-00-50-49-01-C0-29-01-08-00-03-00-11-98-17-49-01-C0-21-6E-07-00-03-00-11-DE-18-50-49-01-C0-22-6E-07-00-03-00-11-DF-17-00-00-00-00-00-00-00-00-00-00-00-00
[15:50:36:050]50-49-11-F2-7A-01-08-00-03-00-20-EA-00
[15:50:36:050][HID_TX_ack]00-1A-50-49-01-C0-82-01-08-00-03-00-11-99-18-50-49-01-C0-83-01-08-00-03-00-11-9A-17-49-01-C0-21-6E-07-00-03-00-11-DE-18-50-49-01-C0-22-6E-07-00-03-00-11-DF-17-00-00-00-00-00-00-00-00-00-00-00-00
[15:50:36:050]50-49-01-C0-82-01-08-00-03-00-11-99-18
[15:50:36:050]50-49-01-C0-83-01-08-00-03-00-11-9A-17
[15:50:36:050][HID_TX_ack]00-0D-50-49-11-F3-84-01-08-00-03-00-20-00-00-50-49-01-C0-83-01-08-00-03-00-11-9A-17-49-01-C0-21-6E-07-00-03-00-11-DE-18-50-49-01-C0-22-6E-07-00-03-00-11-DF-17-00-00-00-00-00-00-00-00-00-00-00-00
[15:50:36:050]50-49-11-F3-84-01-08-00-03-00-20-00-00
[15:50:36:050][HID_TX_ack]00-0D-50-49-11-F4-CE-01-08-00-03-00-20-EA-00-50-49-01-C0-83-01-08-00-03-00-11-9A-17-49-01-C0-21-6E-07-00-03-00-11-DE-18-50-49-01-C0-22-6E-07-00-03-00-11-DF-17-00-00-00-00-00-00-00-00-00-00-00-00
[15:50:36:050]50-49-11-F4-CE-01-08-00-03-00-20-EA-00
[15:50:36:050][HID_TX_ack]00-1A-50-49-01-C0-DC-01-08-00-03-00-11-9B-18-50-49-01-C0-DC-01-08-00-03-00-11-9C-17-49-01-C0-21-6E-07-00-03-00-11-DE-18-50-49-01-C0-22-6E-07-00-03-00-11-DF-17-00-00-00-00-00-00-00-00-00-00-00-00
[15:50:36:050]50-49-01-C0-DC-01-08-00-03-00-11-9B-18
[15:50:36:050]50-49-01-C0-DC-01-08-00-03-00-11-9C-17
[15:50:36:050][HID_TX_ack]00-0D-50-49-11-F5-DE-01-08-00-03-00-20-00-00-50-49-01-C0-DC-01-08-00-03-00-11-9C-17-49-01-C0-21-6E-07-00-03-00-11-DE-18-50-49-01-C0-22-6E-07-00-03-00-11-DF-17-00-00-00-00-00-00-00-00-00-00-00-00
[15:50:36:050]50-49-11-F5-DE-01-08-00-03-00-20-00-00
[15:50:36:051]HidD_GetInputReport=True
[15:50:36:051]reply_report=00-4F-00-00-00-00-00-00-00-00-00-00-00-00-00-00-00-00-00-00-00-00-00-00-00-00-00-00-00-00-00-00-00-00-00-00-00-00-00-00-00-00-00-00-00-00-00-00-00-00-00-00-00-00-00-00-00-00-00-00-00-00-00-00-00
[15:50:36:051]50-41-0E-11-01-E0 [CMD_SENT][REMOTE_GET_MODE]
[15:50:36:053][HID_TX_ack]00-19-50-49-01-C0-54-02-08-00-03-00-0E-91-00-50-49-0E-F6-00-00-00-00-02-00-E0-01-17-49-01-C0-21-6E-07-00-03-00-11-DE-18-50-49-01-C0-22-6E-07-00-03-00-11-DF-17-00-00-00-00-00-00-00-00-00-00-00-00
[15:50:36:053]50-49-01-C0-54-02-08-00-03-00-0E-91-00
[15:50:36:053]50-49-0E-F6-00-00-00-00-02-00-E0-01-
[15:50:36:053]REMOTE_GET_MODE=01
[15:50:36:053][HID_TX]00-80-07-62-8E-50-41-06-12-01-00-63-00-00-00-00-00-00-00-00-00-00-00-00-00-00-00-00-00-00-00-00-00-00-00-00-00-00-00-00-00-00-00-00-00-00-00-00-00-00-00-00-00-00-00-00-00-00-00-00-00-00-00-00-00
[15:50:36:054]HidD_GetInputReport=True
[15:50:36:054]reply_report=00-4F-00-00-00-00-00-00-00-00-00-00-00-00-00-00-00-00-00-00-00-00-00-00-00-00-00-00-00-00-00-00-00-00-00-00-00-00-00-00-00-00-00-00-00-00-00-00-00-00-00-00-00-00-00-00-00-00-00-00-00-00-00-00-00
[15:50:36:054]50-41-06-12-01-00-63 [CMD_SENT][CMD_GET_IO_LEVEL]
[15:50:36:078][HID_TX_ack]00-12-50-49-01-F7-F7-F5-0A-00-08-00-06-92-00-01-FF-FF-0F-00-00-00-00-02-00-E0-01-17-49-01-C0-21-6E-07-00-03-00-11-DE-18-50-49-01-C0-22-6E-07-00-03-00-11-DF-17-00-00-00-00-00-00-00-00-00-00-00-00
[15:50:36:078]50-49-01-F7-F7-F5-0A-00-08-00-06-92-00-01-FF-FF-0F-00
[15:50:46:120][HID_TX]00-80-06-8E-3D-50-41-0E-13-01-E0-00-00-00-00-00-00-00-00-00-00-00-00-00-00-00-00-00-00-00-00-00-00-00-00-00-00-00-00-00-00-00-00-00-00-00-00-00-00-00-00-00-00-00-00-00-00-00-00-00-00-00-00-00-00
[15:50:46:121]HidD_GetInputReport=True
[15:50:46:121]reply_report=00-4F-00-00-00-00-00-00-00-00-00-00-00-00-00-00-00-00-00-00-00-00-00-00-00-00-00-00-00-00-00-00-00-00-00-00-00-00-00-00-00-00-00-00-00-00-00-00-00-00-00-00-00-00-00-00-00-00-00-00-00-00-00-00-00
[15:50:46:121]50-41-0E-13-01-E0 [CMD_SENT][REMOTE_GET_MODE]
[15:50:46:124][HID_TX_ack]00-19-50-49-01-C0-CC-21-08-00-03-00-0E-93-00-50-49-0E-F8-00-00-00-00-02-00-E0-01-17-49-01-C0-21-6E-07-00-03-00-11-DE-18-50-49-01-C0-22-6E-07-00-03-00-11-DF-17-00-00-00-00-00-00-00-00-00-00-00-00
[15:50:46:124]50-49-01-C0-CC-21-08-00-03-00-0E-93-00
[15:50:46:124]50-49-0E-F8-00-00-00-00-02-00-E0-01-
[15:50:46:124]REMOTE_GET_MODE=01
[15:50:46:124][HID_TX]00-80-07-5F-FE-50-41-06-14-01-00-63-00-00-00-00-00-00-00-00-00-00-00-00-00-00-00-00-00-00-00-00-00-00-00-00-00-00-00-00-00-00-00-00-00-00-00-00-00-00-00-00-00-00-00-00-00-00-00-00-00-00-00-00-00
[15:50:46:125]HidD_GetInputReport=True
[15:50:46:125]reply_report=00-4F-00-00-00-00-00-00-00-00-00-00-00-00-00-00-00-00-00-00-00-00-00-00-00-00-00-00-00-00-00-00-00-00-00-00-00-00-00-00-00-00-00-00-00-00-00-00-00-00-00-00-00-00-00-00-00-00-00-00-00-00-00-00-00
[15:50:46:125]50-41-06-14-01-00-63 [CMD_SENT][CMD_GET_IO_LEVEL]
[15:50:46:156][HID_TX_ack]00-12-50-49-01-F9-72-15-0B-00-08-00-06-94-00-01-F7-FF-0F-00-00-00-00-02-00-E0-01-17-49-01-C0-21-6E-07-00-03-00-11-DE-18-50-49-01-C0-22-6E-07-00-03-00-11-DF-17-00-00-00-00-00-00-00-00-00-00-00-00
[15:50:46:156]50-49-01-F9-72-15-0B-00-08-00-06-94-00-01-F7-FF-0F-00
[15:50:47:619][HID_TX_ack]00-0E-50-49-11-FA-55-23-08-00-04-00-04-00-00-32-F7-FF-0F-00-00-00-00-02-00-E0-01-17-49-01-C0-21-6E-07-00-03-00-11-DE-18-50-49-01-C0-22-6E-07-00-03-00-11-DF-17-00-00-00-00-00-00-00-00-00-00-00-00
[15:50:47:619]50-49-11-FA-55-23-08-00-04-00-04-00-00-32
[15:50:50:783][HID_TX]00-80-06-B3-4D-50-41-0E-15-01-E0-00-00-00-00-00-00-00-00-00-00-00-00-00-00-00-00-00-00-00-00-00-00-00-00-00-00-00-00-00-00-00-00-00-00-00-00-00-00-00-00-00-00-00-00-00-00-00-00-00-00-00-00-00-00
[15:50:50:784]HidD_GetInputReport=True
[15:50:50:784]reply_report=00-4F-00-00-00-00-00-00-00-00-00-00-00-00-00-00-00-00-00-00-00-00-00-00-00-00-00-00-00-00-00-00-00-00-00-00-00-00-00-00-00-00-00-00-00-00-00-00-00-00-00-00-00-00-00-00-00-00-00-00-00-00-00-00-00
[15:50:50:784]50-41-0E-15-01-E0 [CMD_SENT][REMOTE_GET_MODE]
[15:50:50:787][HID_TX_ack]00-19-50-49-01-C0-AF-2F-08-00-03-00-0E-95-00-50-49-0E-FB-00-00-00-00-02-00-E0-01-17-49-01-C0-21-6E-07-00-03-00-11-DE-18-50-49-01-C0-22-6E-07-00-03-00-11-DF-17-00-00-00-00-00-00-00-00-00-00-00-00
[15:50:50:787]50-49-01-C0-AF-2F-08-00-03-00-0E-95-00
[15:50:50:787]50-49-0E-FB-00-00-00-00-02-00-E0-01-
[15:50:50:787]REMOTE_GET_MODE=01
[15:50:50:787][HID_TX]00-80-07-B4-D1-50-41-06-16-01-00-63-00-00-00-00-00-00-00-00-00-00-00-00-00-00-00-00-00-00-00-00-00-00-00-00-00-00-00-00-00-00-00-00-00-00-00-00-00-00-00-00-00-00-00-00-00-00-00-00-00-00-00-00-00
[15:50:50:788]HidD_GetInputReport=True
[15:50:50:788]reply_report=00-4F-00-00-00-00-00-00-00-00-00-00-00-00-00-00-00-00-00-00-00-00-00-00-00-00-00-00-00-00-00-00-00-00-00-00-00-00-00-00-00-00-00-00-00-00-00-00-00-00-00-00-00-00-00-00-00-00-00-00-00-00-00-00-00
[15:50:50:788]50-41-06-16-01-00-63 [CMD_SENT][CMD_GET_IO_LEVEL]
[15:50:50:791][HID_TX_ack]00-0D-50-49-01-C0-AF-2F-08-00-03-00-06-96-FF-50-49-0E-FB-00-00-00-00-02-00-E0-01-17-49-01-C0-21-6E-07-00-03-00-11-DE-18-50-49-01-C0-22-6E-07-00-03-00-11-DF-17-00-00-00-00-00-00-00-00-00-00-00-00
[15:50:50:791]50-49-01-C0-AF-2F-08-00-03-00-06-96-FF
[15:50:53:597][HID_TX_ack]00-0E-50-49-11-FC-25-39-08-00-04-00-04-01-00-32-49-0E-FB-00-00-00-00-02-00-E0-01-17-49-01-C0-21-6E-07-00-03-00-11-DE-18-50-49-01-C0-22-6E-07-00-03-00-11-DF-17-00-00-00-00-00-00-00-00-00-00-00-00
[15:50:53:597]50-49-11-FC-25-39-08-00-04-00-04-01-00-32
[15:50:57:541][The device is not connected.
][System.IO.IOException]
[15:50:57:541]   at System.IO.__Error.WinIOError(Int32 errorCode, String maybeFullPath)
   at System.IO.FileStream.BeginReadCore(Byte[] bytes, Int32 offset, Int32 numBytes, AsyncCallback userCallback, Object stateObject, Int32 numBufferedBytesRead)
   at System.IO.FileStream.BeginReadAsync(Byte[] array, Int32 offset, Int32 numBytes, AsyncCallback userCallback, Object stateObject)
   at System.IO.FileStream.BeginRead(Byte[] array, Int32 offset, Int32 numBytes, AsyncCallback userCallback, Object stateObject)
   at ..()
[15:50:57:542]ystech_Power_Saving, is_EnablePowerSaving=True
[15:50:57:542][HID_TX]00-85-01-73-56-02-00-00-00-00-00-00-00-00-00-00-00-00-00-00-00-00-00-00-00-00-00-00-00-00-00-00-00-00-00-00-00-00-00-00-00-00-00-00-00-00-00-00-00-00-00-00-00-00-00-00-00-00-00-00-00-00-00-00-00
[15:50:57:553][The device is not connected.
][System.IO.IOException]
[15:50:57:553]   at System.IO.__Error.WinIOError(Int32 errorCode, String maybeFullPath)
   at System.IO.FileStream.BeginWriteCore(Byte[] bytes, Int32 offset, Int32 numBytes, AsyncCallback userCallback, Object stateObject)
   at System.IO.FileStream.WriteCore(Byte[] buffer, Int32 offset, Int32 count)
   at System.IO.FileStream.Write(Byte[] array, Int32 offset, Int32 count)
   at ..(Byte  , Byte[]  )
[15:50:57:557][connect HID device fail : The device is not connected.
][System.Exception]
[15:50:57:557]   at ..(Byte  , Byte[]  )
   at ..(Boolean  )
   at ..close()
[15:50:57:557]close_hid_stream
[15:50:57:562][External component has thrown an exception.][System.Runtime.InteropServices.SEHException]
[15:50:57:562]   at ..(IntPtr  )
   at ..close()
