[15:24:58:657]\\?\hid#dell09c2&col02#5&bc4dc33&0&0001#{4d1e55b2-f16f-11cf-88cb-001111000030}
[15:24:58:657]\\?\hid#dell09c2&col03#5&bc4dc33&0&0002#{4d1e55b2-f16f-11cf-88cb-001111000030}
[15:24:58:657]\\?\hid#intc816&col01#3&207f9b7f&0&0000#{4d1e55b2-f16f-11cf-88cb-001111000030}
[15:24:58:657]\\?\hid#intc816&col02#3&207f9b7f&0&0001#{4d1e55b2-f16f-11cf-88cb-001111000030}
[15:24:58:657]\\?\hid#converteddevice&col02#5&17bac0a6&0&0001#{4d1e55b2-f16f-11cf-88cb-001111000030}
[15:24:58:657]\\?\hid#converteddevice&col03#5&17bac0a6&0&0002#{4d1e55b2-f16f-11cf-88cb-001111000030}
[15:24:58:657]\\?\hid#dell09c2&col04#5&bc4dc33&0&0003#{4d1e55b2-f16f-11cf-88cb-001111000030}
[15:24:58:657]\\?\hid#{00001812-0000-1000-8000-00805f9b34fb}_dev_vid&0232c2_pid&0001_rev&0068_ccb624cd66b1#9&326e3aae&0&0000#{4d1e55b2-f16f-11cf-88cb-001111000030}
[15:24:58:657]\\?\hid#dell09c2&col05#5&bc4dc33&0&0004#{4d1e55b2-f16f-11cf-88cb-001111000030}
[15:24:58:657]\\?\hid#converteddevice&col01#5&17bac0a6&0&0000#{4d1e55b2-f16f-11cf-88cb-001111000030}\kbd
[15:24:58:657]\\?\hid#dell09c2&col01#5&bc4dc33&0&0000#{4d1e55b2-f16f-11cf-88cb-001111000030}
[15:24:58:657]\\?\hid#vid_046d&pid_0adf&mi_00#7&3ad8dff3&0&0000#{4d1e55b2-f16f-11cf-88cb-001111000030}
[15:24:58:657]\\?\hid#vid_046d&pid_0adf&mi_04#7&18e94d0e&0&0000#{4d1e55b2-f16f-11cf-88cb-001111000030}
[15:24:58:659]try_path=\\?\hid#vid_046d&pid_0adf&mi_00#7&3ad8dff3&0&0000#{4d1e55b2-f16f-11cf-88cb-001111000030}
[15:24:58:661]	InputReportByteLength=65
[15:24:58:661]	OutputReportByteLength=65
[15:24:58:661]HID_Connected=\\?\hid#vid_046d&pid_0adf&mi_00#7&3ad8dff3&0&0000#{4d1e55b2-f16f-11cf-88cb-001111000030}
[15:24:58:662][HID_TX]00-84-01-D1-55-01-00-00-00-00-00-00-00-00-00-00-00-00-00-00-00-00-00-00-00-00-00-00-00-00-00-00-00-00-00-00-00-00-00-00-00-00-00-00-00-00-00-00-00-00-00-00-00-00-00-00-00-00-00-00-00-00-00-00-00
[15:24:58:664]HidD_GetInputReport=True
[15:24:58:664]reply_report=00-4F-56-31-2E-38-2E-35-2E-31-00-00-00-00-00-00-00-00-00-00-00-00-00-00-00-00-00-00-00-00-00-00-00-00-00-00-00-00-00-00-00-00-00-00-00-00-00-00-00-00-00-00-00-00-00-00-00-00-00-00-00-00-00-00-00
[15:24:58:664][ys_tech] fw_version=V1.8.5.1
[15:24:58:665]ystech_Power_Saving, is_EnablePowerSaving=False
[15:24:58:665][HID_TX]00-85-01-83-8B-01-00-00-00-00-00-00-00-00-00-00-00-00-00-00-00-00-00-00-00-00-00-00-00-00-00-00-00-00-00-00-00-00-00-00-00-00-00-00-00-00-00-00-00-00-00-00-00-00-00-00-00-00-00-00-00-00-00-00-00
[15:24:58:666]HidD_GetInputReport=True
[15:24:58:666]reply_report=00-4F-00-00-00-00-00-00-00-00-00-00-00-00-00-00-00-00-00-00-00-00-00-00-00-00-00-00-00-00-00-00-00-00-00-00-00-00-00-00-00-00-00-00-00-00-00-00-00-00-00-00-00-00-00-00-00-00-00-00-00-00-00-00-00
[15:24:58:666]HID_CMD_POWER_SAVING_Disable
[15:24:58:666]path_connected=\\?\hid#vid_046d&pid_0adf&mi_00#7&3ad8dff3&0&0000#{4d1e55b2-f16f-11cf-88cb-001111000030}
[15:24:59:843][HID_TX]00-80-06-1C-7D-50-41-0E-01-01-E0-00-00-00-00-00-00-00-00-00-00-00-00-00-00-00-00-00-00-00-00-00-00-00-00-00-00-00-00-00-00-00-00-00-00-00-00-00-00-00-00-00-00-00-00-00-00-00-00-00-00-00-00-00-00
[15:24:59:844]HidD_GetInputReport=True
[15:24:59:844]reply_report=00-4F-00-00-00-00-00-00-00-00-00-00-00-00-00-00-00-00-00-00-00-00-00-00-00-00-00-00-00-00-00-00-00-00-00-00-00-00-00-00-00-00-00-00-00-00-00-00-00-00-00-00-00-00-00-00-00-00-00-00-00-00-00-00-00
[15:24:59:844]50-41-0E-01-01-E0 [CMD_SENT][REMOTE_GET_MODE]
[15:24:59:849][HID_TX_ack]00-19-50-49-01-C0-E6-AB-01-00-03-00-0E-81-00-50-49-0E-DB-00-00-00-00-02-00-E0-00-17-32-00-00-00-00-00-00-00-00-00-00-00-00-00-00-00-00-00-00-00-00-00-00-00-00-00-00-00-00-00-00-00-00-00-00-00-00
[15:24:59:853]REMOTE_GET_MODE=00
[15:24:59:854]50-49-01-C0-E6-AB-01-00-03-00-0E-81-00
[15:24:59:854]50-49-0E-DB-00-00-00-00-02-00-E0-00-
[15:24:59:854][HID_TX]00-80-07-1B-E1-50-41-06-02-01-00-63-00-00-00-00-00-00-00-00-00-00-00-00-00-00-00-00-00-00-00-00-00-00-00-00-00-00-00-00-00-00-00-00-00-00-00-00-00-00-00-00-00-00-00-00-00-00-00-00-00-00-00-00-00
[15:24:59:855]HidD_GetInputReport=True
[15:24:59:855]reply_report=00-4F-00-00-00-00-00-00-00-00-00-00-00-00-00-00-00-00-00-00-00-00-00-00-00-00-00-00-00-00-00-00-00-00-00-00-00-00-00-00-00-00-00-00-00-00-00-00-00-00-00-00-00-00-00-00-00-00-00-00-00-00-00-00-00
[15:24:59:855]50-41-06-02-01-00-63 [CMD_SENT][CMD_GET_IO_LEVEL]
[15:24:59:858][HID_TX_ack]00-12-50-49-01-C0-EF-AB-01-00-08-00-06-82-00-01-D8-FF-1F-00-00-00-00-02-00-E0-00-17-32-00-00-00-00-00-00-00-00-00-00-00-00-00-00-00-00-00-00-00-00-00-00-00-00-00-00-00-00-00-00-00-00-00-00-00-00
[15:24:59:858]50-49-01-C0-EF-AB-01-00-08-00-06-82-00-01-D8-FF-1F-00
[15:25:00:071][HID_TX]00-80-06-F7-52-50-41-0E-03-01-E0-00-00-00-00-00-00-00-00-00-00-00-00-00-00-00-00-00-00-00-00-00-00-00-00-00-00-00-00-00-00-00-00-00-00-00-00-00-00-00-00-00-00-00-00-00-00-00-00-00-00-00-00-00-00
[15:25:00:072]HidD_GetInputReport=True
[15:25:00:072]reply_report=00-4F-00-00-00-00-00-00-00-00-00-00-00-00-00-00-00-00-00-00-00-00-00-00-00-00-00-00-00-00-00-00-00-00-00-00-00-00-00-00-00-00-00-00-00-00-00-00-00-00-00-00-00-00-00-00-00-00-00-00-00-00-00-00-00
[15:25:00:072]50-41-0E-03-01-E0 [CMD_SENT][REMOTE_GET_MODE]
[15:25:00:075][HID_TX_ack]00-19-50-49-01-C0-9C-AC-01-00-03-00-0E-83-00-50-49-0E-DC-00-00-00-00-02-00-E0-00-17-32-00-00-00-00-00-00-00-00-00-00-00-00-00-00-00-00-00-00-00-00-00-00-00-00-00-00-00-00-00-00-00-00-00-00-00-00
[15:25:00:075]50-49-01-C0-9C-AC-01-00-03-00-0E-83-00
[15:25:00:075]50-49-0E-DC-00-00-00-00-02-00-E0-00-
[15:25:00:075]REMOTE_GET_MODE=00
[15:25:00:075][HID_TX]00-80-07-26-91-50-41-06-04-01-00-63-00-00-00-00-00-00-00-00-00-00-00-00-00-00-00-00-00-00-00-00-00-00-00-00-00-00-00-00-00-00-00-00-00-00-00-00-00-00-00-00-00-00-00-00-00-00-00-00-00-00-00-00-00
[15:25:00:076]HidD_GetInputReport=True
[15:25:00:076]reply_report=00-4F-00-00-00-00-00-00-00-00-00-00-00-00-00-00-00-00-00-00-00-00-00-00-00-00-00-00-00-00-00-00-00-00-00-00-00-00-00-00-00-00-00-00-00-00-00-00-00-00-00-00-00-00-00-00-00-00-00-00-00-00-00-00-00
[15:25:00:076]50-41-06-04-01-00-63 [CMD_SENT][CMD_GET_IO_LEVEL]
[15:25:00:079][HID_TX_ack]00-12-50-49-01-C0-9F-AC-01-00-08-00-06-84-00-01-D8-FF-1F-00-00-00-00-02-00-E0-00-17-32-00-00-00-00-00-00-00-00-00-00-00-00-00-00-00-00-00-00-00-00-00-00-00-00-00-00-00-00-00-00-00-00-00-00-00-00
[15:25:00:079]50-49-01-C0-9F-AC-01-00-08-00-06-84-00-01-D8-FF-1F-00
[15:25:00:302][HID_TX]00-80-06-CA-22-50-41-0E-05-01-E0-00-00-00-00-00-00-00-00-00-00-00-00-00-00-00-00-00-00-00-00-00-00-00-00-00-00-00-00-00-00-00-00-00-00-00-00-00-00-00-00-00-00-00-00-00-00-00-00-00-00-00-00-00-00
[15:25:00:303]HidD_GetInputReport=True
[15:25:00:303]reply_report=00-4F-00-00-00-00-00-00-00-00-00-00-00-00-00-00-00-00-00-00-00-00-00-00-00-00-00-00-00-00-00-00-00-00-00-00-00-00-00-00-00-00-00-00-00-00-00-00-00-00-00-00-00-00-00-00-00-00-00-00-00-00-00-00-00
[15:25:00:303]50-41-0E-05-01-E0 [CMD_SENT][REMOTE_GET_MODE]
[15:25:00:306][HID_TX_ack]00-19-50-49-01-C0-55-AD-01-00-03-00-0E-85-00-50-49-0E-DD-00-00-00-00-02-00-E0-00-17-32-00-00-00-00-00-00-00-00-00-00-00-00-00-00-00-00-00-00-00-00-00-00-00-00-00-00-00-00-00-00-00-00-00-00-00-00
[15:25:00:306]50-49-01-C0-55-AD-01-00-03-00-0E-85-00
[15:25:00:306]50-49-0E-DD-00-00-00-00-02-00-E0-00-
[15:25:00:306]REMOTE_GET_MODE=00
[15:25:00:306][HID_TX]00-80-07-CD-BE-50-41-06-06-01-00-63-00-00-00-00-00-00-00-00-00-00-00-00-00-00-00-00-00-00-00-00-00-00-00-00-00-00-00-00-00-00-00-00-00-00-00-00-00-00-00-00-00-00-00-00-00-00-00-00-00-00-00-00-00
[15:25:00:307]HidD_GetInputReport=True
[15:25:00:307]reply_report=00-4F-00-00-00-00-00-00-00-00-00-00-00-00-00-00-00-00-00-00-00-00-00-00-00-00-00-00-00-00-00-00-00-00-00-00-00-00-00-00-00-00-00-00-00-00-00-00-00-00-00-00-00-00-00-00-00-00-00-00-00-00-00-00-00
[15:25:00:307]50-41-06-06-01-00-63 [CMD_SENT][CMD_GET_IO_LEVEL]
[15:25:00:310][HID_TX_ack]00-12-50-49-01-C0-58-AD-01-00-08-00-06-86-00-01-D8-FF-1F-00-00-00-00-02-00-E0-00-17-32-00-00-00-00-00-00-00-00-00-00-00-00-00-00-00-00-00-00-00-00-00-00-00-00-00-00-00-00-00-00-00-00-00-00-00-00
[15:25:00:310]50-49-01-C0-58-AD-01-00-08-00-06-86-00-01-D8-FF-1F-00
[15:25:00:534][HID_TX]00-80-06-21-0D-50-41-0E-07-01-E0-00-00-00-00-00-00-00-00-00-00-00-00-00-00-00-00-00-00-00-00-00-00-00-00-00-00-00-00-00-00-00-00-00-00-00-00-00-00-00-00-00-00-00-00-00-00-00-00-00-00-00-00-00-00
[15:25:00:535]HidD_GetInputReport=True
[15:25:00:535]reply_report=00-4F-00-00-00-00-00-00-00-00-00-00-00-00-00-00-00-00-00-00-00-00-00-00-00-00-00-00-00-00-00-00-00-00-00-00-00-00-00-00-00-00-00-00-00-00-00-00-00-00-00-00-00-00-00-00-00-00-00-00-00-00-00-00-00
[15:25:00:536]50-41-0E-07-01-E0 [CMD_SENT][REMOTE_GET_MODE]
[15:25:00:538][HID_TX_ack]00-19-50-49-01-C0-0E-AE-01-00-03-00-0E-87-00-50-49-0E-DE-00-00-00-00-02-00-E0-00-17-32-00-00-00-00-00-00-00-00-00-00-00-00-00-00-00-00-00-00-00-00-00-00-00-00-00-00-00-00-00-00-00-00-00-00-00-00
[15:25:00:538]50-49-01-C0-0E-AE-01-00-03-00-0E-87-00
[15:25:00:538]50-49-0E-DE-00-00-00-00-02-00-E0-00-
[15:25:00:538]REMOTE_GET_MODE=00
[15:25:00:538][HID_TX]00-80-07-5C-71-50-41-06-08-01-00-63-00-00-00-00-00-00-00-00-00-00-00-00-00-00-00-00-00-00-00-00-00-00-00-00-00-00-00-00-00-00-00-00-00-00-00-00-00-00-00-00-00-00-00-00-00-00-00-00-00-00-00-00-00
[15:25:00:540]HidD_GetInputReport=True
[15:25:00:540]reply_report=00-4F-00-00-00-00-00-00-00-00-00-00-00-00-00-00-00-00-00-00-00-00-00-00-00-00-00-00-00-00-00-00-00-00-00-00-00-00-00-00-00-00-00-00-00-00-00-00-00-00-00-00-00-00-00-00-00-00-00-00-00-00-00-00-00
[15:25:00:540]50-41-06-08-01-00-63 [CMD_SENT][CMD_GET_IO_LEVEL]
[15:25:00:543][HID_TX_ack]00-12-50-49-01-C0-12-AE-01-00-08-00-06-88-00-01-D8-FF-1F-00-00-00-00-02-00-E0-00-17-32-00-00-00-00-00-00-00-00-00-00-00-00-00-00-00-00-00-00-00-00-00-00-00-00-00-00-00-00-00-00-00-00-00-00-00-00
[15:25:00:543]50-49-01-C0-12-AE-01-00-08-00-06-88-00-01-D8-FF-1F-00
[15:25:00:768][HID_TX]00-80-06-B0-C2-50-41-0E-09-01-E0-00-00-00-00-00-00-00-00-00-00-00-00-00-00-00-00-00-00-00-00-00-00-00-00-00-00-00-00-00-00-00-00-00-00-00-00-00-00-00-00-00-00-00-00-00-00-00-00-00-00-00-00-00-00
[15:25:00:770]HidD_GetInputReport=True
[15:25:00:770]reply_report=00-4F-00-00-00-00-00-00-00-00-00-00-00-00-00-00-00-00-00-00-00-00-00-00-00-00-00-00-00-00-00-00-00-00-00-00-00-00-00-00-00-00-00-00-00-00-00-00-00-00-00-00-00-00-00-00-00-00-00-00-00-00-00-00-00
[15:25:00:770]50-41-0E-09-01-E0 [CMD_SENT][REMOTE_GET_MODE]
[15:25:00:772][HID_TX_ack]00-19-50-49-01-C0-CA-AE-01-00-03-00-0E-89-00-50-49-0E-DF-00-00-00-00-02-00-E0-00-17-32-00-00-00-00-00-00-00-00-00-00-00-00-00-00-00-00-00-00-00-00-00-00-00-00-00-00-00-00-00-00-00-00-00-00-00-00
[15:25:00:772]50-49-01-C0-CA-AE-01-00-03-00-0E-89-00
[15:25:00:772]50-49-0E-DF-00-00-00-00-02-00-E0-00-
[15:25:00:772]REMOTE_GET_MODE=00
[15:25:00:772][HID_TX]00-80-07-B7-5E-50-41-06-0A-01-00-63-00-00-00-00-00-00-00-00-00-00-00-00-00-00-00-00-00-00-00-00-00-00-00-00-00-00-00-00-00-00-00-00-00-00-00-00-00-00-00-00-00-00-00-00-00-00-00-00-00-00-00-00-00
[15:25:00:773]HidD_GetInputReport=True
[15:25:00:774]reply_report=00-4F-00-00-00-00-00-00-00-00-00-00-00-00-00-00-00-00-00-00-00-00-00-00-00-00-00-00-00-00-00-00-00-00-00-00-00-00-00-00-00-00-00-00-00-00-00-00-00-00-00-00-00-00-00-00-00-00-00-00-00-00-00-00-00
[15:25:00:774]50-41-06-0A-01-00-63 [CMD_SENT][CMD_GET_IO_LEVEL]
[15:25:00:776][HID_TX_ack]00-12-50-49-01-C0-CD-AE-01-00-08-00-06-8A-00-01-D8-FF-1F-00-00-00-00-02-00-E0-00-17-32-00-00-00-00-00-00-00-00-00-00-00-00-00-00-00-00-00-00-00-00-00-00-00-00-00-00-00-00-00-00-00-00-00-00-00-00
[15:25:00:776]50-49-01-C0-CD-AE-01-00-08-00-06-8A-00-01-D8-FF-1F-00
[15:25:01:000][HID_TX]00-80-06-5B-ED-50-41-0E-0B-01-E0-00-00-00-00-00-00-00-00-00-00-00-00-00-00-00-00-00-00-00-00-00-00-00-00-00-00-00-00-00-00-00-00-00-00-00-00-00-00-00-00-00-00-00-00-00-00-00-00-00-00-00-00-00-00
[15:25:01:001]HidD_GetInputReport=True
[15:25:01:001]reply_report=00-4F-00-00-00-00-00-00-00-00-00-00-00-00-00-00-00-00-00-00-00-00-00-00-00-00-00-00-00-00-00-00-00-00-00-00-00-00-00-00-00-00-00-00-00-00-00-00-00-00-00-00-00-00-00-00-00-00-00-00-00-00-00-00-00
[15:25:01:003]50-41-0E-0B-01-E0 [CMD_SENT][REMOTE_GET_MODE]
[15:25:01:008][HID_TX_ack]00-19-50-49-01-C0-83-AF-01-00-03-00-0E-8B-00-50-49-0E-E0-00-00-00-00-02-00-E0-00-17-32-00-00-00-00-00-00-00-00-00-00-00-00-00-00-00-00-00-00-00-00-00-00-00-00-00-00-00-00-00-00-00-00-00-00-00-00
[15:25:01:009]50-49-01-C0-83-AF-01-00-03-00-0E-8B-00
[15:25:01:009]50-49-0E-E0-00-00-00-00-02-00-E0-00-
[15:25:01:009]REMOTE_GET_MODE=00
[15:25:01:009][HID_TX]00-80-07-8A-2E-50-41-06-0C-01-00-63-00-00-00-00-00-00-00-00-00-00-00-00-00-00-00-00-00-00-00-00-00-00-00-00-00-00-00-00-00-00-00-00-00-00-00-00-00-00-00-00-00-00-00-00-00-00-00-00-00-00-00-00-00
[15:25:01:010]HidD_GetInputReport=True
[15:25:01:010]reply_report=00-4F-00-00-00-00-00-00-00-00-00-00-00-00-00-00-00-00-00-00-00-00-00-00-00-00-00-00-00-00-00-00-00-00-00-00-00-00-00-00-00-00-00-00-00-00-00-00-00-00-00-00-00-00-00-00-00-00-00-00-00-00-00-00-00
[15:25:01:010]50-41-06-0C-01-00-63 [CMD_SENT][CMD_GET_IO_LEVEL]
[15:25:01:013][HID_TX_ack]00-12-50-49-01-C0-8A-AF-01-00-08-00-06-8C-00-01-D8-FF-1F-00-00-00-00-02-00-E0-00-17-32-00-00-00-00-00-00-00-00-00-00-00-00-00-00-00-00-00-00-00-00-00-00-00-00-00-00-00-00-00-00-00-00-00-00-00-00
[15:25:01:013]50-49-01-C0-8A-AF-01-00-08-00-06-8C-00-01-D8-FF-1F-00
[15:25:01:232][HID_TX]00-80-06-66-9D-50-41-0E-0D-01-E0-00-00-00-00-00-00-00-00-00-00-00-00-00-00-00-00-00-00-00-00-00-00-00-00-00-00-00-00-00-00-00-00-00-00-00-00-00-00-00-00-00-00-00-00-00-00-00-00-00-00-00-00-00-00
[15:25:01:233]HidD_GetInputReport=True
[15:25:01:233]reply_report=00-4F-00-00-00-00-00-00-00-00-00-00-00-00-00-00-00-00-00-00-00-00-00-00-00-00-00-00-00-00-00-00-00-00-00-00-00-00-00-00-00-00-00-00-00-00-00-00-00-00-00-00-00-00-00-00-00-00-00-00-00-00-00-00-00
[15:25:01:233]50-41-0E-0D-01-E0 [CMD_SENT][REMOTE_GET_MODE]
[15:25:01:236][HID_TX_ack]00-19-50-49-01-C0-3D-B0-01-00-03-00-0E-8D-00-50-49-0E-E1-00-00-00-00-02-00-E0-00-17-32-00-00-00-00-00-00-00-00-00-00-00-00-00-00-00-00-00-00-00-00-00-00-00-00-00-00-00-00-00-00-00-00-00-00-00-00
[15:25:01:236]50-49-01-C0-3D-B0-01-00-03-00-0E-8D-00
[15:25:01:236]50-49-0E-E1-00-00-00-00-02-00-E0-00-
[15:25:01:236]REMOTE_GET_MODE=00
[15:25:01:236][HID_TX]00-80-07-61-01-50-41-06-0E-01-00-63-00-00-00-00-00-00-00-00-00-00-00-00-00-00-00-00-00-00-00-00-00-00-00-00-00-00-00-00-00-00-00-00-00-00-00-00-00-00-00-00-00-00-00-00-00-00-00-00-00-00-00-00-00
[15:25:01:237]HidD_GetInputReport=True
[15:25:01:237]reply_report=00-4F-00-00-00-00-00-00-00-00-00-00-00-00-00-00-00-00-00-00-00-00-00-00-00-00-00-00-00-00-00-00-00-00-00-00-00-00-00-00-00-00-00-00-00-00-00-00-00-00-00-00-00-00-00-00-00-00-00-00-00-00-00-00-00
[15:25:01:237]50-41-06-0E-01-00-63 [CMD_SENT][CMD_GET_IO_LEVEL]
[15:25:01:240][HID_TX_ack]00-12-50-49-01-C0-40-B0-01-00-08-00-06-8E-00-01-D8-FF-1F-00-00-00-00-02-00-E0-00-17-32-00-00-00-00-00-00-00-00-00-00-00-00-00-00-00-00-00-00-00-00-00-00-00-00-00-00-00-00-00-00-00-00-00-00-00-00
[15:25:01:240]50-49-01-C0-40-B0-01-00-08-00-06-8E-00-01-D8-FF-1F-00
[15:25:01:451][HID_TX]00-80-06-8D-B2-50-41-0E-0F-01-E0-00-00-00-00-00-00-00-00-00-00-00-00-00-00-00-00-00-00-00-00-00-00-00-00-00-00-00-00-00-00-00-00-00-00-00-00-00-00-00-00-00-00-00-00-00-00-00-00-00-00-00-00-00-00
[15:25:01:452]HidD_GetInputReport=True
[15:25:01:452]reply_report=00-4F-00-00-00-00-00-00-00-00-00-00-00-00-00-00-00-00-00-00-00-00-00-00-00-00-00-00-00-00-00-00-00-00-00-00-00-00-00-00-00-00-00-00-00-00-00-00-00-00-00-00-00-00-00-00-00-00-00-00-00-00-00-00-00
[15:25:01:452]50-41-0E-0F-01-E0 [CMD_SENT][REMOTE_GET_MODE]
[15:25:01:455][HID_TX_ack]00-19-50-49-01-C0-EC-B0-01-00-03-00-0E-8F-00-50-49-0E-E2-00-00-00-00-02-00-E0-00-17-32-00-00-00-00-00-00-00-00-00-00-00-00-00-00-00-00-00-00-00-00-00-00-00-00-00-00-00-00-00-00-00-00-00-00-00-00
[15:25:01:455]50-49-01-C0-EC-B0-01-00-03-00-0E-8F-00
[15:25:01:455]50-49-0E-E2-00-00-00-00-02-00-E0-00-
[15:25:01:455]REMOTE_GET_MODE=00
[15:25:01:455][HID_TX]00-80-07-89-A1-50-41-06-10-01-00-63-00-00-00-00-00-00-00-00-00-00-00-00-00-00-00-00-00-00-00-00-00-00-00-00-00-00-00-00-00-00-00-00-00-00-00-00-00-00-00-00-00-00-00-00-00-00-00-00-00-00-00-00-00
[15:25:01:456]HidD_GetInputReport=True
[15:25:01:456]reply_report=00-4F-00-00-00-00-00-00-00-00-00-00-00-00-00-00-00-00-00-00-00-00-00-00-00-00-00-00-00-00-00-00-00-00-00-00-00-00-00-00-00-00-00-00-00-00-00-00-00-00-00-00-00-00-00-00-00-00-00-00-00-00-00-00-00
[15:25:01:456]50-41-06-10-01-00-63 [CMD_SENT][CMD_GET_IO_LEVEL]
[15:25:01:459][HID_TX_ack]00-12-50-49-01-C0-EF-B0-01-00-08-00-06-90-00-01-D8-FF-1F-00-00-00-00-02-00-E0-00-17-32-00-00-00-00-00-00-00-00-00-00-00-00-00-00-00-00-00-00-00-00-00-00-00-00-00-00-00-00-00-00-00-00-00-00-00-00
[15:25:01:459]50-49-01-C0-EF-B0-01-00-08-00-06-90-00-01-D8-FF-1F-00
[15:25:01:684][HID_TX]00-80-06-65-12-50-41-0E-11-01-E0-00-00-00-00-00-00-00-00-00-00-00-00-00-00-00-00-00-00-00-00-00-00-00-00-00-00-00-00-00-00-00-00-00-00-00-00-00-00-00-00-00-00-00-00-00-00-00-00-00-00-00-00-00-00
[15:25:01:686]HidD_GetInputReport=True
[15:25:01:686]reply_report=00-4F-00-00-00-00-00-00-00-00-00-00-00-00-00-00-00-00-00-00-00-00-00-00-00-00-00-00-00-00-00-00-00-00-00-00-00-00-00-00-00-00-00-00-00-00-00-00-00-00-00-00-00-00-00-00-00-00-00-00-00-00-00-00-00
[15:25:01:686]50-41-0E-11-01-E0 [CMD_SENT][REMOTE_GET_MODE]
[15:25:01:688][HID_TX_ack]00-19-50-49-01-C0-A6-B1-01-00-03-00-0E-91-00-50-49-0E-E3-00-00-00-00-02-00-E0-00-17-32-00-00-00-00-00-00-00-00-00-00-00-00-00-00-00-00-00-00-00-00-00-00-00-00-00-00-00-00-00-00-00-00-00-00-00-00
[15:25:01:688]50-49-01-C0-A6-B1-01-00-03-00-0E-91-00
[15:25:01:688]50-49-0E-E3-00-00-00-00-02-00-E0-00-
[15:25:01:688]REMOTE_GET_MODE=00
[15:25:01:688][HID_TX]00-80-07-62-8E-50-41-06-12-01-00-63-00-00-00-00-00-00-00-00-00-00-00-00-00-00-00-00-00-00-00-00-00-00-00-00-00-00-00-00-00-00-00-00-00-00-00-00-00-00-00-00-00-00-00-00-00-00-00-00-00-00-00-00-00
[15:25:01:690]HidD_GetInputReport=True
[15:25:01:690]reply_report=00-4F-00-00-00-00-00-00-00-00-00-00-00-00-00-00-00-00-00-00-00-00-00-00-00-00-00-00-00-00-00-00-00-00-00-00-00-00-00-00-00-00-00-00-00-00-00-00-00-00-00-00-00-00-00-00-00-00-00-00-00-00-00-00-00
[15:25:01:690]50-41-06-12-01-00-63 [CMD_SENT][CMD_GET_IO_LEVEL]
[15:25:01:692][HID_TX_ack]00-12-50-49-01-C0-AA-B1-01-00-08-00-06-92-00-01-D8-FF-1F-00-00-00-00-02-00-E0-00-17-32-00-00-00-00-00-00-00-00-00-00-00-00-00-00-00-00-00-00-00-00-00-00-00-00-00-00-00-00-00-00-00-00-00-00-00-00
[15:25:01:692]50-49-01-C0-AA-B1-01-00-08-00-06-92-00-01-D8-FF-1F-00
[15:25:01:917][HID_TX]00-80-06-8E-3D-50-41-0E-13-01-E0-00-00-00-00-00-00-00-00-00-00-00-00-00-00-00-00-00-00-00-00-00-00-00-00-00-00-00-00-00-00-00-00-00-00-00-00-00-00-00-00-00-00-00-00-00-00-00-00-00-00-00-00-00-00
[15:25:01:917]HidD_GetInputReport=True
[15:25:01:917]reply_report=00-4F-00-00-00-00-00-00-00-00-00-00-00-00-00-00-00-00-00-00-00-00-00-00-00-00-00-00-00-00-00-00-00-00-00-00-00-00-00-00-00-00-00-00-00-00-00-00-00-00-00-00-00-00-00-00-00-00-00-00-00-00-00-00-00
[15:25:01:917]50-41-0E-13-01-E0 [CMD_SENT][REMOTE_GET_MODE]
[15:25:01:919][HID_TX_ack]00-19-50-49-01-C0-60-B2-01-00-03-00-0E-93-00-50-49-0E-E4-00-00-00-00-02-00-E0-00-17-32-00-00-00-00-00-00-00-00-00-00-00-00-00-00-00-00-00-00-00-00-00-00-00-00-00-00-00-00-00-00-00-00-00-00-00-00
[15:25:01:919]50-49-01-C0-60-B2-01-00-03-00-0E-93-00
[15:25:01:919]50-49-0E-E4-00-00-00-00-02-00-E0-00-
[15:25:01:919]REMOTE_GET_MODE=00
[15:25:01:919][HID_TX]00-80-07-5F-FE-50-41-06-14-01-00-63-00-00-00-00-00-00-00-00-00-00-00-00-00-00-00-00-00-00-00-00-00-00-00-00-00-00-00-00-00-00-00-00-00-00-00-00-00-00-00-00-00-00-00-00-00-00-00-00-00-00-00-00-00
[15:25:01:921]HidD_GetInputReport=True
[15:25:01:922]reply_report=00-4F-00-00-00-00-00-00-00-00-00-00-00-00-00-00-00-00-00-00-00-00-00-00-00-00-00-00-00-00-00-00-00-00-00-00-00-00-00-00-00-00-00-00-00-00-00-00-00-00-00-00-00-00-00-00-00-00-00-00-00-00-00-00-00
[15:25:01:922]50-41-06-14-01-00-63 [CMD_SENT][CMD_GET_IO_LEVEL]
[15:25:01:924][HID_TX_ack]00-12-50-49-01-C0-63-B2-01-00-08-00-06-94-00-01-D8-FF-1F-00-00-00-00-02-00-E0-00-17-32-00-00-00-00-00-00-00-00-00-00-00-00-00-00-00-00-00-00-00-00-00-00-00-00-00-00-00-00-00-00-00-00-00-00-00-00
[15:25:01:924]50-49-01-C0-63-B2-01-00-08-00-06-94-00-01-D8-FF-1F-00
[15:25:02:134][HID_TX]00-80-06-B3-4D-50-41-0E-15-01-E0-00-00-00-00-00-00-00-00-00-00-00-00-00-00-00-00-00-00-00-00-00-00-00-00-00-00-00-00-00-00-00-00-00-00-00-00-00-00-00-00-00-00-00-00-00-00-00-00-00-00-00-00-00-00
[15:25:02:135]HidD_GetInputReport=True
[15:25:02:135]reply_report=00-4F-00-00-00-00-00-00-00-00-00-00-00-00-00-00-00-00-00-00-00-00-00-00-00-00-00-00-00-00-00-00-00-00-00-00-00-00-00-00-00-00-00-00-00-00-00-00-00-00-00-00-00-00-00-00-00-00-00-00-00-00-00-00-00
[15:25:02:135]50-41-0E-15-01-E0 [CMD_SENT][REMOTE_GET_MODE]
[15:25:02:139][HID_TX_ack]00-19-50-49-01-C0-0E-B3-01-00-03-00-0E-95-00-50-49-0E-E5-00-00-00-00-02-00-E0-00-17-32-00-00-00-00-00-00-00-00-00-00-00-00-00-00-00-00-00-00-00-00-00-00-00-00-00-00-00-00-00-00-00-00-00-00-00-00
[15:25:02:139]50-49-01-C0-0E-B3-01-00-03-00-0E-95-00
[15:25:02:139]50-49-0E-E5-00-00-00-00-02-00-E0-00-
[15:25:02:139]REMOTE_GET_MODE=00
[15:25:02:139][HID_TX]00-80-07-B4-D1-50-41-06-16-01-00-63-00-00-00-00-00-00-00-00-00-00-00-00-00-00-00-00-00-00-00-00-00-00-00-00-00-00-00-00-00-00-00-00-00-00-00-00-00-00-00-00-00-00-00-00-00-00-00-00-00-00-00-00-00
[15:25:02:140]HidD_GetInputReport=True
[15:25:02:140]reply_report=00-4F-00-00-00-00-00-00-00-00-00-00-00-00-00-00-00-00-00-00-00-00-00-00-00-00-00-00-00-00-00-00-00-00-00-00-00-00-00-00-00-00-00-00-00-00-00-00-00-00-00-00-00-00-00-00-00-00-00-00-00-00-00-00-00
[15:25:02:140]50-41-06-16-01-00-63 [CMD_SENT][CMD_GET_IO_LEVEL]
[15:25:02:143][HID_TX_ack]00-12-50-49-01-C0-12-B3-01-00-08-00-06-96-00-01-D8-FF-1F-00-00-00-00-02-00-E0-00-17-32-00-00-00-00-00-00-00-00-00-00-00-00-00-00-00-00-00-00-00-00-00-00-00-00-00-00-00-00-00-00-00-00-00-00-00-00
[15:25:02:143]50-49-01-C0-12-B3-01-00-08-00-06-96-00-01-D8-FF-1F-00
[15:25:02:229][HID_TX_ack]00-0D-50-49-11-E6-56-B3-01-00-03-00-20-E9-00-01-D8-FF-1F-00-00-00-00-02-00-E0-00-17-32-00-00-00-00-00-00-00-00-00-00-00-00-00-00-00-00-00-00-00-00-00-00-00-00-00-00-00-00-00-00-00-00-00-00-00-00
[15:25:02:229]50-49-11-E6-56-B3-01-00-03-00-20-E9-00
[15:25:02:241][HID_TX_ack]00-1A-50-49-01-C0-60-B3-01-00-03-00-11-96-18-50-49-01-C0-61-B3-01-00-03-00-11-97-17-32-00-00-00-00-00-00-00-00-00-00-00-00-00-00-00-00-00-00-00-00-00-00-00-00-00-00-00-00-00-00-00-00-00-00-00-00
[15:25:02:241]50-49-01-C0-60-B3-01-00-03-00-11-96-18
[15:25:02:241]50-49-01-C0-61-B3-01-00-03-00-11-97-17
[15:25:02:243][HID_TX_ack]00-0D-50-49-11-E7-62-B3-01-00-03-00-20-00-00-50-49-01-C0-61-B3-01-00-03-00-11-97-17-32-00-00-00-00-00-00-00-00-00-00-00-00-00-00-00-00-00-00-00-00-00-00-00-00-00-00-00-00-00-00-00-00-00-00-00-00
[15:25:02:244]50-49-11-E7-62-B3-01-00-03-00-20-00-00
[15:25:02:259][HID_TX_ack]00-0D-50-49-01-C0-70-B3-01-00-03-00-11-98-16-50-49-01-C0-61-B3-01-00-03-00-11-97-17-32-00-00-00-00-00-00-00-00-00-00-00-00-00-00-00-00-00-00-00-00-00-00-00-00-00-00-00-00-00-00-00-00-00-00-00-00
[15:25:02:259]50-49-01-C0-70-B3-01-00-03-00-11-98-16
[15:25:02:368][HID_TX]00-80-06-58-62-50-41-0E-17-01-E0-00-00-00-00-00-00-00-00-00-00-00-00-00-00-00-00-00-00-00-00-00-00-00-00-00-00-00-00-00-00-00-00-00-00-00-00-00-00-00-00-00-00-00-00-00-00-00-00-00-00-00-00-00-00
[15:25:02:369]HidD_GetInputReport=True
[15:25:02:370]reply_report=00-4F-00-00-00-00-00-00-00-00-00-00-00-00-00-00-00-00-00-00-00-00-00-00-00-00-00-00-00-00-00-00-00-00-00-00-00-00-00-00-00-00-00-00-00-00-00-00-00-00-00-00-00-00-00-00-00-00-00-00-00-00-00-00-00
[15:25:02:370]50-41-0E-17-01-E0 [CMD_SENT][REMOTE_GET_MODE]
[15:25:02:372][HID_TX_ack]00-19-50-49-01-C0-CA-B3-01-00-03-00-0E-97-00-50-49-0E-E8-00-00-00-00-02-00-E0-00-17-32-00-00-00-00-00-00-00-00-00-00-00-00-00-00-00-00-00-00-00-00-00-00-00-00-00-00-00-00-00-00-00-00-00-00-00-00
[15:25:02:372]50-49-01-C0-CA-B3-01-00-03-00-0E-97-00
[15:25:02:372]50-49-0E-E8-00-00-00-00-02-00-E0-00-
[15:25:02:372]REMOTE_GET_MODE=00
[15:25:02:372][HID_TX]00-80-07-25-1E-50-41-06-18-01-00-63-00-00-00-00-00-00-00-00-00-00-00-00-00-00-00-00-00-00-00-00-00-00-00-00-00-00-00-00-00-00-00-00-00-00-00-00-00-00-00-00-00-00-00-00-00-00-00-00-00-00-00-00-00
[15:25:02:373]HidD_GetInputReport=True
[15:25:02:373]reply_report=00-4F-00-00-00-00-00-00-00-00-00-00-00-00-00-00-00-00-00-00-00-00-00-00-00-00-00-00-00-00-00-00-00-00-00-00-00-00-00-00-00-00-00-00-00-00-00-00-00-00-00-00-00-00-00-00-00-00-00-00-00-00-00-00-00
[15:25:02:373]50-41-06-18-01-00-63 [CMD_SENT][CMD_GET_IO_LEVEL]
[15:25:02:376][HID_TX_ack]00-12-50-49-01-C0-CD-B3-01-00-08-00-06-98-00-01-D8-FF-1F-00-00-00-00-02-00-E0-00-17-32-00-00-00-00-00-00-00-00-00-00-00-00-00-00-00-00-00-00-00-00-00-00-00-00-00-00-00-00-00-00-00-00-00-00-00-00
[15:25:02:376]50-49-01-C0-CD-B3-01-00-08-00-06-98-00-01-D8-FF-1F-00
[15:25:02:602][HID_TX]00-80-06-C9-AD-50-41-0E-19-01-E0-00-00-00-00-00-00-00-00-00-00-00-00-00-00-00-00-00-00-00-00-00-00-00-00-00-00-00-00-00-00-00-00-00-00-00-00-00-00-00-00-00-00-00-00-00-00-00-00-00-00-00-00-00-00
[15:25:02:603]HidD_GetInputReport=True
[15:25:02:603]reply_report=00-4F-00-00-00-00-00-00-00-00-00-00-00-00-00-00-00-00-00-00-00-00-00-00-00-00-00-00-00-00-00-00-00-00-00-00-00-00-00-00-00-00-00-00-00-00-00-00-00-00-00-00-00-00-00-00-00-00-00-00-00-00-00-00-00
[15:25:02:603]50-41-0E-19-01-E0 [CMD_SENT][REMOTE_GET_MODE]
[15:25:02:605][HID_TX_ack]00-19-50-49-01-C0-85-B4-01-00-03-00-0E-99-00-50-49-0E-E9-00-00-00-00-02-00-E0-00-17-32-00-00-00-00-00-00-00-00-00-00-00-00-00-00-00-00-00-00-00-00-00-00-00-00-00-00-00-00-00-00-00-00-00-00-00-00
[15:25:02:605]50-49-01-C0-85-B4-01-00-03-00-0E-99-00
[15:25:02:605]50-49-0E-E9-00-00-00-00-02-00-E0-00-
[15:25:02:605]REMOTE_GET_MODE=00
[15:25:02:605][HID_TX]00-80-07-CE-31-50-41-06-1A-01-00-63-00-00-00-00-00-00-00-00-00-00-00-00-00-00-00-00-00-00-00-00-00-00-00-00-00-00-00-00-00-00-00-00-00-00-00-00-00-00-00-00-00-00-00-00-00-00-00-00-00-00-00-00-00
[15:25:02:607]HidD_GetInputReport=True
[15:25:02:607]reply_report=00-4F-00-00-00-00-00-00-00-00-00-00-00-00-00-00-00-00-00-00-00-00-00-00-00-00-00-00-00-00-00-00-00-00-00-00-00-00-00-00-00-00-00-00-00-00-00-00-00-00-00-00-00-00-00-00-00-00-00-00-00-00-00-00-00
[15:25:02:607]50-41-06-1A-01-00-63 [CMD_SENT][CMD_GET_IO_LEVEL]
[15:25:02:609][HID_TX_ack]00-12-50-49-01-C0-88-B4-01-00-08-00-06-9A-00-01-D8-FF-1F-00-00-00-00-02-00-E0-00-17-32-00-00-00-00-00-00-00-00-00-00-00-00-00-00-00-00-00-00-00-00-00-00-00-00-00-00-00-00-00-00-00-00-00-00-00-00
[15:25:02:609]50-49-01-C0-88-B4-01-00-08-00-06-9A-00-01-D8-FF-1F-00
[15:25:02:819][HID_TX]00-80-06-22-82-50-41-0E-1B-01-E0-00-00-00-00-00-00-00-00-00-00-00-00-00-00-00-00-00-00-00-00-00-00-00-00-00-00-00-00-00-00-00-00-00-00-00-00-00-00-00-00-00-00-00-00-00-00-00-00-00-00-00-00-00-00
[15:25:02:820]HidD_GetInputReport=True
[15:25:02:820]reply_report=00-4F-00-00-00-00-00-00-00-00-00-00-00-00-00-00-00-00-00-00-00-00-00-00-00-00-00-00-00-00-00-00-00-00-00-00-00-00-00-00-00-00-00-00-00-00-00-00-00-00-00-00-00-00-00-00-00-00-00-00-00-00-00-00-00
[15:25:02:820]50-41-0E-1B-01-E0 [CMD_SENT][REMOTE_GET_MODE]
[15:25:02:823][HID_TX_ack]00-19-50-49-01-C0-32-B5-01-00-03-00-0E-9B-00-50-49-0E-EA-00-00-00-00-02-00-E0-00-17-32-00-00-00-00-00-00-00-00-00-00-00-00-00-00-00-00-00-00-00-00-00-00-00-00-00-00-00-00-00-00-00-00-00-00-00-00
[15:25:02:823]50-49-01-C0-32-B5-01-00-03-00-0E-9B-00
[15:25:02:823]50-49-0E-EA-00-00-00-00-02-00-E0-00-
[15:25:02:823]REMOTE_GET_MODE=00
[15:25:02:823][HID_TX]00-80-07-F3-41-50-41-06-1C-01-00-63-00-00-00-00-00-00-00-00-00-00-00-00-00-00-00-00-00-00-00-00-00-00-00-00-00-00-00-00-00-00-00-00-00-00-00-00-00-00-00-00-00-00-00-00-00-00-00-00-00-00-00-00-00
[15:25:02:824]HidD_GetInputReport=True
[15:25:02:824]reply_report=00-4F-00-00-00-00-00-00-00-00-00-00-00-00-00-00-00-00-00-00-00-00-00-00-00-00-00-00-00-00-00-00-00-00-00-00-00-00-00-00-00-00-00-00-00-00-00-00-00-00-00-00-00-00-00-00-00-00-00-00-00-00-00-00-00
[15:25:02:824]50-41-06-1C-01-00-63 [CMD_SENT][CMD_GET_IO_LEVEL]
[15:25:02:827][HID_TX_ack]00-12-50-49-01-C0-36-B5-01-00-08-00-06-9C-00-01-D8-FF-1F-00-00-00-00-02-00-E0-00-17-32-00-00-00-00-00-00-00-00-00-00-00-00-00-00-00-00-00-00-00-00-00-00-00-00-00-00-00-00-00-00-00-00-00-00-00-00
[15:25:02:827]50-49-01-C0-36-B5-01-00-08-00-06-9C-00-01-D8-FF-1F-00
[15:25:03:052][HID_TX]00-80-06-1F-F2-50-41-0E-1D-01-E0-00-00-00-00-00-00-00-00-00-00-00-00-00-00-00-00-00-00-00-00-00-00-00-00-00-00-00-00-00-00-00-00-00-00-00-00-00-00-00-00-00-00-00-00-00-00-00-00-00-00-00-00-00-00
[15:25:03:053]HidD_GetInputReport=True
[15:25:03:053]reply_report=00-4F-00-00-00-00-00-00-00-00-00-00-00-00-00-00-00-00-00-00-00-00-00-00-00-00-00-00-00-00-00-00-00-00-00-00-00-00-00-00-00-00-00-00-00-00-00-00-00-00-00-00-00-00-00-00-00-00-00-00-00-00-00-00-00
[15:25:03:053]50-41-0E-1D-01-E0 [CMD_SENT][REMOTE_GET_MODE]
[15:25:03:056][HID_TX_ack]00-19-50-49-01-C0-ED-B5-01-00-03-00-0E-9D-00-50-49-0E-EB-00-00-00-00-02-00-E0-00-17-32-00-00-00-00-00-00-00-00-00-00-00-00-00-00-00-00-00-00-00-00-00-00-00-00-00-00-00-00-00-00-00-00-00-00-00-00
[15:25:03:056]50-49-01-C0-ED-B5-01-00-03-00-0E-9D-00
[15:25:03:056]50-49-0E-EB-00-00-00-00-02-00-E0-00-
[15:25:03:056]REMOTE_GET_MODE=00
[15:25:03:056][HID_TX]00-80-07-18-6E-50-41-06-1E-01-00-63-00-00-00-00-00-00-00-00-00-00-00-00-00-00-00-00-00-00-00-00-00-00-00-00-00-00-00-00-00-00-00-00-00-00-00-00-00-00-00-00-00-00-00-00-00-00-00-00-00-00-00-00-00
[15:25:03:058]HidD_GetInputReport=True
[15:25:03:058]reply_report=00-4F-00-00-00-00-00-00-00-00-00-00-00-00-00-00-00-00-00-00-00-00-00-00-00-00-00-00-00-00-00-00-00-00-00-00-00-00-00-00-00-00-00-00-00-00-00-00-00-00-00-00-00-00-00-00-00-00-00-00-00-00-00-00-00
[15:25:03:058]50-41-06-1E-01-00-63 [CMD_SENT][CMD_GET_IO_LEVEL]
[15:25:03:060][HID_TX_ack]00-12-50-49-01-C0-F0-B5-01-00-08-00-06-9E-00-01-D8-FF-1F-00-00-00-00-02-00-E0-00-17-32-00-00-00-00-00-00-00-00-00-00-00-00-00-00-00-00-00-00-00-00-00-00-00-00-00-00-00-00-00-00-00-00-00-00-00-00
[15:25:03:060]50-49-01-C0-F0-B5-01-00-08-00-06-9E-00-01-D8-FF-1F-00
[15:25:03:150][HID_TX_ack]00-0D-50-49-11-EC-38-B6-01-00-03-00-20-EA-00-01-D8-FF-1F-00-00-00-00-02-00-E0-00-17-32-00-00-00-00-00-00-00-00-00-00-00-00-00-00-00-00-00-00-00-00-00-00-00-00-00-00-00-00-00-00-00-00-00-00-00-00
[15:25:03:150]50-49-11-EC-38-B6-01-00-03-00-20-EA-00
[15:25:03:163][HID_TX_ack]00-1A-50-49-01-C0-42-B6-01-00-03-00-11-99-18-50-49-01-C0-43-B6-01-00-03-00-11-9A-17-32-00-00-00-00-00-00-00-00-00-00-00-00-00-00-00-00-00-00-00-00-00-00-00-00-00-00-00-00-00-00-00-00-00-00-00-00
[15:25:03:163]50-49-01-C0-42-B6-01-00-03-00-11-99-18
[15:25:03:164]50-49-01-C0-43-B6-01-00-03-00-11-9A-17
[15:25:03:166][HID_TX_ack]00-0D-50-49-11-ED-45-B6-01-00-03-00-20-00-00-50-49-01-C0-43-B6-01-00-03-00-11-9A-17-32-00-00-00-00-00-00-00-00-00-00-00-00-00-00-00-00-00-00-00-00-00-00-00-00-00-00-00-00-00-00-00-00-00-00-00-00
[15:25:03:166]50-49-11-ED-45-B6-01-00-03-00-20-00-00
[15:25:03:181][HID_TX_ack]00-0D-50-49-01-C0-52-B6-01-00-03-00-11-9B-16-50-49-01-C0-43-B6-01-00-03-00-11-9A-17-32-00-00-00-00-00-00-00-00-00-00-00-00-00-00-00-00-00-00-00-00-00-00-00-00-00-00-00-00-00-00-00-00-00-00-00-00
[15:25:03:181]50-49-01-C0-52-B6-01-00-03-00-11-9B-16
[15:25:03:270][HID_TX]00-80-06-F4-DD-50-41-0E-1F-01-E0-00-00-00-00-00-00-00-00-00-00-00-00-00-00-00-00-00-00-00-00-00-00-00-00-00-00-00-00-00-00-00-00-00-00-00-00-00-00-00-00-00-00-00-00-00-00-00-00-00-00-00-00-00-00
[15:25:03:271]HidD_GetInputReport=True
[15:25:03:271]reply_report=00-4F-00-00-00-00-00-00-00-00-00-00-00-00-00-00-00-00-00-00-00-00-00-00-00-00-00-00-00-00-00-00-00-00-00-00-00-00-00-00-00-00-00-00-00-00-00-00-00-00-00-00-00-00-00-00-00-00-00-00-00-00-00-00-00
[15:25:03:271]50-41-0E-1F-01-E0 [CMD_SENT][REMOTE_GET_MODE]
[15:25:03:274][HID_TX_ack]00-19-50-49-01-C0-9B-B6-01-00-03-00-0E-9F-00-50-49-0E-EE-00-00-00-00-02-00-E0-00-17-32-00-00-00-00-00-00-00-00-00-00-00-00-00-00-00-00-00-00-00-00-00-00-00-00-00-00-00-00-00-00-00-00-00-00-00-00
[15:25:03:274]50-49-01-C0-9B-B6-01-00-03-00-0E-9F-00
[15:25:03:274]REMOTE_GET_MODE=00
[15:25:03:274]50-49-0E-EE-00-00-00-00-02-00-E0-00-
[15:25:03:274][HID_TX]00-80-07-02-10-50-41-06-20-01-00-63-00-00-00-00-00-00-00-00-00-00-00-00-00-00-00-00-00-00-00-00-00-00-00-00-00-00-00-00-00-00-00-00-00-00-00-00-00-00-00-00-00-00-00-00-00-00-00-00-00-00-00-00-00
[15:25:03:275]HidD_GetInputReport=True
[15:25:03:275]reply_report=00-4F-00-00-00-00-00-00-00-00-00-00-00-00-00-00-00-00-00-00-00-00-00-00-00-00-00-00-00-00-00-00-00-00-00-00-00-00-00-00-00-00-00-00-00-00-00-00-00-00-00-00-00-00-00-00-00-00-00-00-00-00-00-00-00
[15:25:03:275]50-41-06-20-01-00-63 [CMD_SENT][CMD_GET_IO_LEVEL]
[15:25:03:278][HID_TX_ack]00-12-50-49-01-C0-9E-B6-01-00-08-00-06-A0-00-01-D8-FF-1F-00-00-00-00-02-00-E0-00-17-32-00-00-00-00-00-00-00-00-00-00-00-00-00-00-00-00-00-00-00-00-00-00-00-00-00-00-00-00-00-00-00-00-00-00-00-00
[15:25:03:278]50-49-01-C0-9E-B6-01-00-08-00-06-A0-00-01-D8-FF-1F-00
[15:25:03:501][HID_TX]00-80-06-EE-A3-50-41-0E-21-01-E0-00-00-00-00-00-00-00-00-00-00-00-00-00-00-00-00-00-00-00-00-00-00-00-00-00-00-00-00-00-00-00-00-00-00-00-00-00-00-00-00-00-00-00-00-00-00-00-00-00-00-00-00-00-00
[15:25:03:503]HidD_GetInputReport=True
[15:25:03:503]reply_report=00-4F-00-00-00-00-00-00-00-00-00-00-00-00-00-00-00-00-00-00-00-00-00-00-00-00-00-00-00-00-00-00-00-00-00-00-00-00-00-00-00-00-00-00-00-00-00-00-00-00-00-00-00-00-00-00-00-00-00-00-00-00-00-00-00
[15:25:03:503]50-41-0E-21-01-E0 [CMD_SENT][REMOTE_GET_MODE]
[15:25:03:505][HID_TX_ack]00-19-50-49-01-C0-54-B7-01-00-03-00-0E-A1-00-50-49-0E-EF-00-00-00-00-02-00-E0-00-17-32-00-00-00-00-00-00-00-00-00-00-00-00-00-00-00-00-00-00-00-00-00-00-00-00-00-00-00-00-00-00-00-00-00-00-00-00
[15:25:03:506]50-49-01-C0-54-B7-01-00-03-00-0E-A1-00
[15:25:03:506]50-49-0E-EF-00-00-00-00-02-00-E0-00-
[15:25:03:506]REMOTE_GET_MODE=00
[15:25:03:506][HID_TX]00-80-07-E9-3F-50-41-06-22-01-00-63-00-00-00-00-00-00-00-00-00-00-00-00-00-00-00-00-00-00-00-00-00-00-00-00-00-00-00-00-00-00-00-00-00-00-00-00-00-00-00-00-00-00-00-00-00-00-00-00-00-00-00-00-00
[15:25:03:508]HidD_GetInputReport=True
[15:25:03:508]reply_report=00-4F-00-00-00-00-00-00-00-00-00-00-00-00-00-00-00-00-00-00-00-00-00-00-00-00-00-00-00-00-00-00-00-00-00-00-00-00-00-00-00-00-00-00-00-00-00-00-00-00-00-00-00-00-00-00-00-00-00-00-00-00-00-00-00
[15:25:03:508]50-41-06-22-01-00-63 [CMD_SENT][CMD_GET_IO_LEVEL]
[15:25:03:510][HID_TX_ack]00-12-50-49-01-C0-58-B7-01-00-08-00-06-A2-00-01-D8-FF-1F-00-00-00-00-02-00-E0-00-17-32-00-00-00-00-00-00-00-00-00-00-00-00-00-00-00-00-00-00-00-00-00-00-00-00-00-00-00-00-00-00-00-00-00-00-00-00
[15:25:03:510]50-49-01-C0-58-B7-01-00-08-00-06-A2-00-01-D8-FF-1F-00
[15:25:03:733][HID_TX]00-80-06-05-8C-50-41-0E-23-01-E0-00-00-00-00-00-00-00-00-00-00-00-00-00-00-00-00-00-00-00-00-00-00-00-00-00-00-00-00-00-00-00-00-00-00-00-00-00-00-00-00-00-00-00-00-00-00-00-00-00-00-00-00-00-00
[15:25:03:734]HidD_GetInputReport=True
[15:25:03:734]reply_report=00-4F-00-00-00-00-00-00-00-00-00-00-00-00-00-00-00-00-00-00-00-00-00-00-00-00-00-00-00-00-00-00-00-00-00-00-00-00-00-00-00-00-00-00-00-00-00-00-00-00-00-00-00-00-00-00-00-00-00-00-00-00-00-00-00
[15:25:03:734]50-41-0E-23-01-E0 [CMD_SENT][REMOTE_GET_MODE]
[15:25:03:737][HID_TX_ack]00-19-50-49-01-C0-0E-B8-01-00-03-00-0E-A3-00-50-49-0E-F0-00-00-00-00-02-00-E0-00-17-32-00-00-00-00-00-00-00-00-00-00-00-00-00-00-00-00-00-00-00-00-00-00-00-00-00-00-00-00-00-00-00-00-00-00-00-00
[15:25:03:737]50-49-01-C0-0E-B8-01-00-03-00-0E-A3-00
[15:25:03:737]50-49-0E-F0-00-00-00-00-02-00-E0-00-
[15:25:03:737]REMOTE_GET_MODE=00
[15:25:03:737][HID_TX]00-80-07-D4-4F-50-41-06-24-01-00-63-00-00-00-00-00-00-00-00-00-00-00-00-00-00-00-00-00-00-00-00-00-00-00-00-00-00-00-00-00-00-00-00-00-00-00-00-00-00-00-00-00-00-00-00-00-00-00-00-00-00-00-00-00
[15:25:03:738]HidD_GetInputReport=True
[15:25:03:738]reply_report=00-4F-00-00-00-00-00-00-00-00-00-00-00-00-00-00-00-00-00-00-00-00-00-00-00-00-00-00-00-00-00-00-00-00-00-00-00-00-00-00-00-00-00-00-00-00-00-00-00-00-00-00-00-00-00-00-00-00-00-00-00-00-00-00-00
[15:25:03:738]50-41-06-24-01-00-63 [CMD_SENT][CMD_GET_IO_LEVEL]
[15:25:03:741][HID_TX_ack]00-12-50-49-01-C0-11-B8-01-00-08-00-06-A4-00-01-D8-FF-1F-00-00-00-00-02-00-E0-00-17-32-00-00-00-00-00-00-00-00-00-00-00-00-00-00-00-00-00-00-00-00-00-00-00-00-00-00-00-00-00-00-00-00-00-00-00-00
[15:25:03:741]50-49-01-C0-11-B8-01-00-08-00-06-A4-00-01-D8-FF-1F-00
[15:25:03:966][HID_TX]00-80-06-38-FC-50-41-0E-25-01-E0-00-00-00-00-00-00-00-00-00-00-00-00-00-00-00-00-00-00-00-00-00-00-00-00-00-00-00-00-00-00-00-00-00-00-00-00-00-00-00-00-00-00-00-00-00-00-00-00-00-00-00-00-00-00
[15:25:03:967]HidD_GetInputReport=True
[15:25:03:967]reply_report=00-4F-00-00-00-00-00-00-00-00-00-00-00-00-00-00-00-00-00-00-00-00-00-00-00-00-00-00-00-00-00-00-00-00-00-00-00-00-00-00-00-00-00-00-00-00-00-00-00-00-00-00-00-00-00-00-00-00-00-00-00-00-00-00-00
[15:25:03:967]50-41-0E-25-01-E0 [CMD_SENT][REMOTE_GET_MODE]
[15:25:03:970][HID_TX_ack]00-19-50-49-01-C0-C8-B8-01-00-03-00-0E-A5-00-50-49-0E-F1-00-00-00-00-02-00-E0-00-17-32-00-00-00-00-00-00-00-00-00-00-00-00-00-00-00-00-00-00-00-00-00-00-00-00-00-00-00-00-00-00-00-00-00-00-00-00
[15:25:03:970]50-49-01-C0-C8-B8-01-00-03-00-0E-A5-00
[15:25:03:970]50-49-0E-F1-00-00-00-00-02-00-E0-00-
[15:25:03:971]REMOTE_GET_MODE=00
[15:25:03:971][HID_TX]00-80-07-3F-60-50-41-06-26-01-00-63-00-00-00-00-00-00-00-00-00-00-00-00-00-00-00-00-00-00-00-00-00-00-00-00-00-00-00-00-00-00-00-00-00-00-00-00-00-00-00-00-00-00-00-00-00-00-00-00-00-00-00-00-00
[15:25:03:974]HidD_GetInputReport=True
[15:25:03:974]reply_report=00-4F-00-00-00-00-00-00-00-00-00-00-00-00-00-00-00-00-00-00-00-00-00-00-00-00-00-00-00-00-00-00-00-00-00-00-00-00-00-00-00-00-00-00-00-00-00-00-00-00-00-00-00-00-00-00-00-00-00-00-00-00-00-00-00
[15:25:03:974]50-41-06-26-01-00-63 [CMD_SENT][CMD_GET_IO_LEVEL]
[15:25:03:977][HID_TX_ack]00-12-50-49-01-C0-CE-B8-01-00-08-00-06-A6-00-01-D8-FF-1F-00-00-00-00-02-00-E0-00-17-32-00-00-00-00-00-00-00-00-00-00-00-00-00-00-00-00-00-00-00-00-00-00-00-00-00-00-00-00-00-00-00-00-00-00-00-00
[15:25:03:978]50-49-01-C0-CE-B8-01-00-08-00-06-A6-00-01-D8-FF-1F-00
[15:25:04:200][HID_TX]00-80-06-D3-D3-50-41-0E-27-01-E0-00-00-00-00-00-00-00-00-00-00-00-00-00-00-00-00-00-00-00-00-00-00-00-00-00-00-00-00-00-00-00-00-00-00-00-00-00-00-00-00-00-00-00-00-00-00-00-00-00-00-00-00-00-00
[15:25:04:202]HidD_GetInputReport=True
[15:25:04:202]reply_report=00-4F-00-00-00-00-00-00-00-00-00-00-00-00-00-00-00-00-00-00-00-00-00-00-00-00-00-00-00-00-00-00-00-00-00-00-00-00-00-00-00-00-00-00-00-00-00-00-00-00-00-00-00-00-00-00-00-00-00-00-00-00-00-00-00
[15:25:04:202]50-41-0E-27-01-E0 [CMD_SENT][REMOTE_GET_MODE]
[15:25:04:203][HID_TX_ack]00-19-50-49-01-C0-83-B9-01-00-03-00-0E-A7-00-50-49-0E-F2-00-00-00-00-02-00-E0-00-17-32-00-00-00-00-00-00-00-00-00-00-00-00-00-00-00-00-00-00-00-00-00-00-00-00-00-00-00-00-00-00-00-00-00-00-00-00
[15:25:04:204]50-49-01-C0-83-B9-01-00-03-00-0E-A7-00
[15:25:04:204]50-49-0E-F2-00-00-00-00-02-00-E0-00-
[15:25:04:204]REMOTE_GET_MODE=00
[15:25:04:204][HID_TX]00-80-07-AE-AF-50-41-06-28-01-00-63-00-00-00-00-00-00-00-00-00-00-00-00-00-00-00-00-00-00-00-00-00-00-00-00-00-00-00-00-00-00-00-00-00-00-00-00-00-00-00-00-00-00-00-00-00-00-00-00-00-00-00-00-00
[15:25:04:205]HidD_GetInputReport=True
[15:25:04:205]reply_report=00-4F-00-00-00-00-00-00-00-00-00-00-00-00-00-00-00-00-00-00-00-00-00-00-00-00-00-00-00-00-00-00-00-00-00-00-00-00-00-00-00-00-00-00-00-00-00-00-00-00-00-00-00-00-00-00-00-00-00-00-00-00-00-00-00
[15:25:04:205]50-41-06-28-01-00-63 [CMD_SENT][CMD_GET_IO_LEVEL]
[15:25:04:207][HID_TX_ack]00-12-50-49-01-C0-86-B9-01-00-08-00-06-A8-00-01-D8-FF-1F-00-00-00-00-02-00-E0-00-17-32-00-00-00-00-00-00-00-00-00-00-00-00-00-00-00-00-00-00-00-00-00-00-00-00-00-00-00-00-00-00-00-00-00-00-00-00
[15:25:04:208]50-49-01-C0-86-B9-01-00-08-00-06-A8-00-01-D8-FF-1F-00
[15:25:04:434][HID_TX]00-80-06-42-1C-50-41-0E-29-01-E0-00-00-00-00-00-00-00-00-00-00-00-00-00-00-00-00-00-00-00-00-00-00-00-00-00-00-00-00-00-00-00-00-00-00-00-00-00-00-00-00-00-00-00-00-00-00-00-00-00-00-00-00-00-00
[15:25:04:435]HidD_GetInputReport=True
[15:25:04:435]reply_report=00-4F-00-00-00-00-00-00-00-00-00-00-00-00-00-00-00-00-00-00-00-00-00-00-00-00-00-00-00-00-00-00-00-00-00-00-00-00-00-00-00-00-00-00-00-00-00-00-00-00-00-00-00-00-00-00-00-00-00-00-00-00-00-00-00
[15:25:04:435]50-41-0E-29-01-E0 [CMD_SENT][REMOTE_GET_MODE]
[15:25:04:438][HID_TX_ack]00-19-50-49-01-C0-3E-BA-01-00-03-00-0E-A9-00-50-49-0E-F3-00-00-00-00-02-00-E0-00-17-32-00-00-00-00-00-00-00-00-00-00-00-00-00-00-00-00-00-00-00-00-00-00-00-00-00-00-00-00-00-00-00-00-00-00-00-00
[15:25:04:438]50-49-01-C0-3E-BA-01-00-03-00-0E-A9-00
[15:25:04:438]50-49-0E-F3-00-00-00-00-02-00-E0-00-
[15:25:04:438]REMOTE_GET_MODE=00
[15:25:04:438][HID_TX]00-80-07-45-80-50-41-06-2A-01-00-63-00-00-00-00-00-00-00-00-00-00-00-00-00-00-00-00-00-00-00-00-00-00-00-00-00-00-00-00-00-00-00-00-00-00-00-00-00-00-00-00-00-00-00-00-00-00-00-00-00-00-00-00-00
[15:25:04:441]HidD_GetInputReport=True
[15:25:04:441]reply_report=00-4F-00-00-00-00-00-00-00-00-00-00-00-00-00-00-00-00-00-00-00-00-00-00-00-00-00-00-00-00-00-00-00-00-00-00-00-00-00-00-00-00-00-00-00-00-00-00-00-00-00-00-00-00-00-00-00-00-00-00-00-00-00-00-00
[15:25:04:441]50-41-06-2A-01-00-63 [CMD_SENT][CMD_GET_IO_LEVEL]
[15:25:04:443][HID_TX_ack]00-12-50-49-01-C0-42-BA-01-00-08-00-06-AA-00-01-D8-FF-1F-00-00-00-00-02-00-E0-00-17-32-00-00-00-00-00-00-00-00-00-00-00-00-00-00-00-00-00-00-00-00-00-00-00-00-00-00-00-00-00-00-00-00-00-00-00-00
[15:25:04:443]50-49-01-C0-42-BA-01-00-08-00-06-AA-00-01-D8-FF-1F-00
[15:25:04:669][HID_TX]00-80-06-A9-33-50-41-0E-2B-01-E0-00-00-00-00-00-00-00-00-00-00-00-00-00-00-00-00-00-00-00-00-00-00-00-00-00-00-00-00-00-00-00-00-00-00-00-00-00-00-00-00-00-00-00-00-00-00-00-00-00-00-00-00-00-00
[15:25:04:670]HidD_GetInputReport=True
[15:25:04:670]reply_report=00-4F-00-00-00-00-00-00-00-00-00-00-00-00-00-00-00-00-00-00-00-00-00-00-00-00-00-00-00-00-00-00-00-00-00-00-00-00-00-00-00-00-00-00-00-00-00-00-00-00-00-00-00-00-00-00-00-00-00-00-00-00-00-00-00
[15:25:04:670]50-41-0E-2B-01-E0 [CMD_SENT][REMOTE_GET_MODE]
[15:25:04:673][HID_TX_ack]00-19-50-49-01-C0-FA-BA-01-00-03-00-0E-AB-00-50-49-0E-F4-00-00-00-00-02-00-E0-00-17-32-00-00-00-00-00-00-00-00-00-00-00-00-00-00-00-00-00-00-00-00-00-00-00-00-00-00-00-00-00-00-00-00-00-00-00-00
[15:25:04:673]50-49-01-C0-FA-BA-01-00-03-00-0E-AB-00
[15:25:04:673]50-49-0E-F4-00-00-00-00-02-00-E0-00-
[15:25:04:673]REMOTE_GET_MODE=00
[15:25:04:673][HID_TX]00-80-07-78-F0-50-41-06-2C-01-00-63-00-00-00-00-00-00-00-00-00-00-00-00-00-00-00-00-00-00-00-00-00-00-00-00-00-00-00-00-00-00-00-00-00-00-00-00-00-00-00-00-00-00-00-00-00-00-00-00-00-00-00-00-00
[15:25:04:674]HidD_GetInputReport=True
[15:25:04:674]reply_report=00-4F-00-00-00-00-00-00-00-00-00-00-00-00-00-00-00-00-00-00-00-00-00-00-00-00-00-00-00-00-00-00-00-00-00-00-00-00-00-00-00-00-00-00-00-00-00-00-00-00-00-00-00-00-00-00-00-00-00-00-00-00-00-00-00
[15:25:04:674]50-41-06-2C-01-00-63 [CMD_SENT][CMD_GET_IO_LEVEL]
[15:25:04:677][HID_TX_ack]00-12-50-49-01-C0-FE-BA-01-00-08-00-06-AC-00-01-D8-FF-1F-00-00-00-00-02-00-E0-00-17-32-00-00-00-00-00-00-00-00-00-00-00-00-00-00-00-00-00-00-00-00-00-00-00-00-00-00-00-00-00-00-00-00-00-00-00-00
[15:25:04:677]50-49-01-C0-FE-BA-01-00-08-00-06-AC-00-01-D8-FF-1F-00
[15:25:04:903][HID_TX]00-80-06-94-43-50-41-0E-2D-01-E0-00-00-00-00-00-00-00-00-00-00-00-00-00-00-00-00-00-00-00-00-00-00-00-00-00-00-00-00-00-00-00-00-00-00-00-00-00-00-00-00-00-00-00-00-00-00-00-00-00-00-00-00-00-00
[15:25:04:904]HidD_GetInputReport=True
[15:25:04:904]reply_report=00-4F-00-00-00-00-00-00-00-00-00-00-00-00-00-00-00-00-00-00-00-00-00-00-00-00-00-00-00-00-00-00-00-00-00-00-00-00-00-00-00-00-00-00-00-00-00-00-00-00-00-00-00-00-00-00-00-00-00-00-00-00-00-00-00
[15:25:04:904]50-41-0E-2D-01-E0 [CMD_SENT][REMOTE_GET_MODE]
[15:25:04:907][HID_TX_ack]00-19-50-49-01-C0-B6-BB-01-00-03-00-0E-AD-00-50-49-0E-F5-00-00-00-00-02-00-E0-00-17-32-00-00-00-00-00-00-00-00-00-00-00-00-00-00-00-00-00-00-00-00-00-00-00-00-00-00-00-00-00-00-00-00-00-00-00-00
[15:25:04:907]50-49-01-C0-B6-BB-01-00-03-00-0E-AD-00
[15:25:04:907]50-49-0E-F5-00-00-00-00-02-00-E0-00-
[15:25:04:907]REMOTE_GET_MODE=00
[15:25:04:907][HID_TX]00-80-07-93-DF-50-41-06-2E-01-00-63-00-00-00-00-00-00-00-00-00-00-00-00-00-00-00-00-00-00-00-00-00-00-00-00-00-00-00-00-00-00-00-00-00-00-00-00-00-00-00-00-00-00-00-00-00-00-00-00-00-00-00-00-00
[15:25:04:908]HidD_GetInputReport=True
[15:25:04:908]reply_report=00-4F-00-00-00-00-00-00-00-00-00-00-00-00-00-00-00-00-00-00-00-00-00-00-00-00-00-00-00-00-00-00-00-00-00-00-00-00-00-00-00-00-00-00-00-00-00-00-00-00-00-00-00-00-00-00-00-00-00-00-00-00-00-00-00
[15:25:04:908]50-41-06-2E-01-00-63 [CMD_SENT][CMD_GET_IO_LEVEL]
[15:25:04:911][HID_TX_ack]00-12-50-49-01-C0-B9-BB-01-00-08-00-06-AE-00-01-D8-FF-1F-00-00-00-00-02-00-E0-00-17-32-00-00-00-00-00-00-00-00-00-00-00-00-00-00-00-00-00-00-00-00-00-00-00-00-00-00-00-00-00-00-00-00-00-00-00-00
[15:25:04:911]50-49-01-C0-B9-BB-01-00-08-00-06-AE-00-01-D8-FF-1F-00
[15:25:05:137][HID_TX]00-80-06-7F-6C-50-41-0E-2F-01-E0-00-00-00-00-00-00-00-00-00-00-00-00-00-00-00-00-00-00-00-00-00-00-00-00-00-00-00-00-00-00-00-00-00-00-00-00-00-00-00-00-00-00-00-00-00-00-00-00-00-00-00-00-00-00
[15:25:05:138]HidD_GetInputReport=True
[15:25:05:138]reply_report=00-4F-00-00-00-00-00-00-00-00-00-00-00-00-00-00-00-00-00-00-00-00-00-00-00-00-00-00-00-00-00-00-00-00-00-00-00-00-00-00-00-00-00-00-00-00-00-00-00-00-00-00-00-00-00-00-00-00-00-00-00-00-00-00-00
[15:25:05:138]50-41-0E-2F-01-E0 [CMD_SENT][REMOTE_GET_MODE]
[15:25:05:141][HID_TX_ack]00-19-50-49-01-C0-71-BC-01-00-03-00-0E-AF-00-50-49-0E-F6-00-00-00-00-02-00-E0-00-17-32-00-00-00-00-00-00-00-00-00-00-00-00-00-00-00-00-00-00-00-00-00-00-00-00-00-00-00-00-00-00-00-00-00-00-00-00
[15:25:05:141]50-49-01-C0-71-BC-01-00-03-00-0E-AF-00
[15:25:05:141]50-49-0E-F6-00-00-00-00-02-00-E0-00-
[15:25:05:141]REMOTE_GET_MODE=00
[15:25:05:141][HID_TX]00-80-07-7B-7F-50-41-06-30-01-00-63-00-00-00-00-00-00-00-00-00-00-00-00-00-00-00-00-00-00-00-00-00-00-00-00-00-00-00-00-00-00-00-00-00-00-00-00-00-00-00-00-00-00-00-00-00-00-00-00-00-00-00-00-00
[15:25:05:142]HidD_GetInputReport=True
[15:25:05:142]reply_report=00-4F-00-00-00-00-00-00-00-00-00-00-00-00-00-00-00-00-00-00-00-00-00-00-00-00-00-00-00-00-00-00-00-00-00-00-00-00-00-00-00-00-00-00-00-00-00-00-00-00-00-00-00-00-00-00-00-00-00-00-00-00-00-00-00
[15:25:05:142]50-41-06-30-01-00-63 [CMD_SENT][CMD_GET_IO_LEVEL]
[15:25:05:145][HID_TX_ack]00-12-50-49-01-C0-74-BC-01-00-08-00-06-B0-00-01-D8-FF-1F-00-00-00-00-02-00-E0-00-17-32-00-00-00-00-00-00-00-00-00-00-00-00-00-00-00-00-00-00-00-00-00-00-00-00-00-00-00-00-00-00-00-00-00-00-00-00
[15:25:05:145]50-49-01-C0-74-BC-01-00-08-00-06-B0-00-01-D8-FF-1F-00
[15:25:05:356][HID_TX]00-80-06-97-CC-50-41-0E-31-01-E0-00-00-00-00-00-00-00-00-00-00-00-00-00-00-00-00-00-00-00-00-00-00-00-00-00-00-00-00-00-00-00-00-00-00-00-00-00-00-00-00-00-00-00-00-00-00-00-00-00-00-00-00-00-00
[15:25:05:356]HidD_GetInputReport=True
[15:25:05:356]reply_report=00-4F-00-00-00-00-00-00-00-00-00-00-00-00-00-00-00-00-00-00-00-00-00-00-00-00-00-00-00-00-00-00-00-00-00-00-00-00-00-00-00-00-00-00-00-00-00-00-00-00-00-00-00-00-00-00-00-00-00-00-00-00-00-00-00
[15:25:05:356]50-41-0E-31-01-E0 [CMD_SENT][REMOTE_GET_MODE]
[15:25:05:359][HID_TX_ack]00-19-50-49-01-C0-1F-BD-01-00-03-00-0E-B1-00-50-49-0E-F7-00-00-00-00-02-00-E0-00-17-32-00-00-00-00-00-00-00-00-00-00-00-00-00-00-00-00-00-00-00-00-00-00-00-00-00-00-00-00-00-00-00-00-00-00-00-00
[15:25:05:359]50-49-01-C0-1F-BD-01-00-03-00-0E-B1-00
[15:25:05:359]50-49-0E-F7-00-00-00-00-02-00-E0-00-
[15:25:05:359]REMOTE_GET_MODE=00
[15:25:05:359][HID_TX]00-80-07-90-50-50-41-06-32-01-00-63-00-00-00-00-00-00-00-00-00-00-00-00-00-00-00-00-00-00-00-00-00-00-00-00-00-00-00-00-00-00-00-00-00-00-00-00-00-00-00-00-00-00-00-00-00-00-00-00-00-00-00-00-00
[15:25:05:360]HidD_GetInputReport=True
[15:25:05:360]reply_report=00-4F-00-00-00-00-00-00-00-00-00-00-00-00-00-00-00-00-00-00-00-00-00-00-00-00-00-00-00-00-00-00-00-00-00-00-00-00-00-00-00-00-00-00-00-00-00-00-00-00-00-00-00-00-00-00-00-00-00-00-00-00-00-00-00
[15:25:05:360]50-41-06-32-01-00-63 [CMD_SENT][CMD_GET_IO_LEVEL]
[15:25:05:363][HID_TX_ack]00-12-50-49-01-C0-23-BD-01-00-08-00-06-B2-00-01-D8-FF-1F-00-00-00-00-02-00-E0-00-17-32-00-00-00-00-00-00-00-00-00-00-00-00-00-00-00-00-00-00-00-00-00-00-00-00-00-00-00-00-00-00-00-00-00-00-00-00
[15:25:05:363]50-49-01-C0-23-BD-01-00-08-00-06-B2-00-01-D8-FF-1F-00
[15:25:05:572][HID_TX]00-80-06-7C-E3-50-41-0E-33-01-E0-00-00-00-00-00-00-00-00-00-00-00-00-00-00-00-00-00-00-00-00-00-00-00-00-00-00-00-00-00-00-00-00-00-00-00-00-00-00-00-00-00-00-00-00-00-00-00-00-00-00-00-00-00-00
[15:25:05:574]HidD_GetInputReport=True
[15:25:05:574]reply_report=00-4F-00-00-00-00-00-00-00-00-00-00-00-00-00-00-00-00-00-00-00-00-00-00-00-00-00-00-00-00-00-00-00-00-00-00-00-00-00-00-00-00-00-00-00-00-00-00-00-00-00-00-00-00-00-00-00-00-00-00-00-00-00-00-00
[15:25:05:574]50-41-0E-33-01-E0 [CMD_SENT][REMOTE_GET_MODE]
[15:25:05:576][HID_TX_ack]00-19-50-49-01-C0-CE-BD-01-00-03-00-0E-B3-00-50-49-0E-F8-00-00-00-00-02-00-E0-00-17-32-00-00-00-00-00-00-00-00-00-00-00-00-00-00-00-00-00-00-00-00-00-00-00-00-00-00-00-00-00-00-00-00-00-00-00-00
[15:25:05:576]50-49-01-C0-CE-BD-01-00-03-00-0E-B3-00
[15:25:05:577]50-49-0E-F8-00-00-00-00-02-00-E0-00-
[15:25:05:577]REMOTE_GET_MODE=00
[15:25:05:577][HID_TX]00-80-07-AD-20-50-41-06-34-01-00-63-00-00-00-00-00-00-00-00-00-00-00-00-00-00-00-00-00-00-00-00-00-00-00-00-00-00-00-00-00-00-00-00-00-00-00-00-00-00-00-00-00-00-00-00-00-00-00-00-00-00-00-00-00
[15:25:05:579]HidD_GetInputReport=True
[15:25:05:579]reply_report=00-4F-00-00-00-00-00-00-00-00-00-00-00-00-00-00-00-00-00-00-00-00-00-00-00-00-00-00-00-00-00-00-00-00-00-00-00-00-00-00-00-00-00-00-00-00-00-00-00-00-00-00-00-00-00-00-00-00-00-00-00-00-00-00-00
[15:25:05:579]50-41-06-34-01-00-63 [CMD_SENT][CMD_GET_IO_LEVEL]
[15:25:05:581][HID_TX_ack]00-12-50-49-01-C0-D2-BD-01-00-08-00-06-B4-00-01-D8-FF-1F-00-00-00-00-02-00-E0-00-17-32-00-00-00-00-00-00-00-00-00-00-00-00-00-00-00-00-00-00-00-00-00-00-00-00-00-00-00-00-00-00-00-00-00-00-00-00
[15:25:05:581]50-49-01-C0-D2-BD-01-00-08-00-06-B4-00-01-D8-FF-1F-00
[15:25:05:805][HID_TX]00-80-06-41-93-50-41-0E-35-01-E0-00-00-00-00-00-00-00-00-00-00-00-00-00-00-00-00-00-00-00-00-00-00-00-00-00-00-00-00-00-00-00-00-00-00-00-00-00-00-00-00-00-00-00-00-00-00-00-00-00-00-00-00-00-00
[15:25:05:806]HidD_GetInputReport=True
[15:25:05:806]reply_report=00-4F-00-00-00-00-00-00-00-00-00-00-00-00-00-00-00-00-00-00-00-00-00-00-00-00-00-00-00-00-00-00-00-00-00-00-00-00-00-00-00-00-00-00-00-00-00-00-00-00-00-00-00-00-00-00-00-00-00-00-00-00-00-00-00
[15:25:05:806]50-41-0E-35-01-E0 [CMD_SENT][REMOTE_GET_MODE]
[15:25:05:809][HID_TX_ack]00-19-50-49-01-C0-87-BE-01-00-03-00-0E-B5-00-50-49-0E-F9-00-00-00-00-02-00-E0-00-17-32-00-00-00-00-00-00-00-00-00-00-00-00-00-00-00-00-00-00-00-00-00-00-00-00-00-00-00-00-00-00-00-00-00-00-00-00
[15:25:05:809]50-49-01-C0-87-BE-01-00-03-00-0E-B5-00
[15:25:05:809]50-49-0E-F9-00-00-00-00-02-00-E0-00-
[15:25:05:809]REMOTE_GET_MODE=00
[15:25:05:809][HID_TX]00-80-07-46-0F-50-41-06-36-01-00-63-00-00-00-00-00-00-00-00-00-00-00-00-00-00-00-00-00-00-00-00-00-00-00-00-00-00-00-00-00-00-00-00-00-00-00-00-00-00-00-00-00-00-00-00-00-00-00-00-00-00-00-00-00
[15:25:05:810]HidD_GetInputReport=True
[15:25:05:810]reply_report=00-4F-00-00-00-00-00-00-00-00-00-00-00-00-00-00-00-00-00-00-00-00-00-00-00-00-00-00-00-00-00-00-00-00-00-00-00-00-00-00-00-00-00-00-00-00-00-00-00-00-00-00-00-00-00-00-00-00-00-00-00-00-00-00-00
[15:25:05:810]50-41-06-36-01-00-63 [CMD_SENT][CMD_GET_IO_LEVEL]
[15:25:05:813][HID_TX_ack]00-12-50-49-01-C0-8A-BE-01-00-08-00-06-B6-00-01-D8-FF-1F-00-00-00-00-02-00-E0-00-17-32-00-00-00-00-00-00-00-00-00-00-00-00-00-00-00-00-00-00-00-00-00-00-00-00-00-00-00-00-00-00-00-00-00-00-00-00
[15:25:05:813]50-49-01-C0-8A-BE-01-00-08-00-06-B6-00-01-D8-FF-1F-00
[15:25:06:036][HID_TX]00-80-06-AA-BC-50-41-0E-37-01-E0-00-00-00-00-00-00-00-00-00-00-00-00-00-00-00-00-00-00-00-00-00-00-00-00-00-00-00-00-00-00-00-00-00-00-00-00-00-00-00-00-00-00-00-00-00-00-00-00-00-00-00-00-00-00
[15:25:06:037]HidD_GetInputReport=True
[15:25:06:037]reply_report=00-4F-00-00-00-00-00-00-00-00-00-00-00-00-00-00-00-00-00-00-00-00-00-00-00-00-00-00-00-00-00-00-00-00-00-00-00-00-00-00-00-00-00-00-00-00-00-00-00-00-00-00-00-00-00-00-00-00-00-00-00-00-00-00-00
[15:25:06:037]50-41-0E-37-01-E0 [CMD_SENT][REMOTE_GET_MODE]
[15:25:06:039][HID_TX_ack]00-19-50-49-01-C0-3F-BF-01-00-03-00-0E-B7-00-50-49-0E-FA-00-00-00-00-02-00-E0-00-17-32-00-00-00-00-00-00-00-00-00-00-00-00-00-00-00-00-00-00-00-00-00-00-00-00-00-00-00-00-00-00-00-00-00-00-00-00
[15:25:06:039]50-49-01-C0-3F-BF-01-00-03-00-0E-B7-00
[15:25:06:039]50-49-0E-FA-00-00-00-00-02-00-E0-00-
[15:25:06:039]REMOTE_GET_MODE=00
[15:25:06:039][HID_TX]00-80-07-D7-C0-50-41-06-38-01-00-63-00-00-00-00-00-00-00-00-00-00-00-00-00-00-00-00-00-00-00-00-00-00-00-00-00-00-00-00-00-00-00-00-00-00-00-00-00-00-00-00-00-00-00-00-00-00-00-00-00-00-00-00-00
[15:25:06:040]HidD_GetInputReport=True
[15:25:06:041]reply_report=00-4F-00-00-00-00-00-00-00-00-00-00-00-00-00-00-00-00-00-00-00-00-00-00-00-00-00-00-00-00-00-00-00-00-00-00-00-00-00-00-00-00-00-00-00-00-00-00-00-00-00-00-00-00-00-00-00-00-00-00-00-00-00-00-00
[15:25:06:041]50-41-06-38-01-00-63 [CMD_SENT][CMD_GET_IO_LEVEL]
[15:25:06:043][HID_TX_ack]00-12-50-49-01-C0-42-BF-01-00-08-00-06-B8-00-01-D8-FF-1F-00-00-00-00-02-00-E0-00-17-32-00-00-00-00-00-00-00-00-00-00-00-00-00-00-00-00-00-00-00-00-00-00-00-00-00-00-00-00-00-00-00-00-00-00-00-00
[15:25:06:043]50-49-01-C0-42-BF-01-00-08-00-06-B8-00-01-D8-FF-1F-00
[15:25:06:254][HID_TX]00-80-06-3B-73-50-41-0E-39-01-E0-00-00-00-00-00-00-00-00-00-00-00-00-00-00-00-00-00-00-00-00-00-00-00-00-00-00-00-00-00-00-00-00-00-00-00-00-00-00-00-00-00-00-00-00-00-00-00-00-00-00-00-00-00-00
[15:25:06:255]HidD_GetInputReport=True
[15:25:06:255]reply_report=00-4F-00-00-00-00-00-00-00-00-00-00-00-00-00-00-00-00-00-00-00-00-00-00-00-00-00-00-00-00-00-00-00-00-00-00-00-00-00-00-00-00-00-00-00-00-00-00-00-00-00-00-00-00-00-00-00-00-00-00-00-00-00-00-00
[15:25:06:255]50-41-0E-39-01-E0 [CMD_SENT][REMOTE_GET_MODE]
[15:25:06:258][HID_TX_ack]00-19-50-49-01-C0-EE-BF-01-00-03-00-0E-B9-00-50-49-0E-FB-00-00-00-00-02-00-E0-00-17-32-00-00-00-00-00-00-00-00-00-00-00-00-00-00-00-00-00-00-00-00-00-00-00-00-00-00-00-00-00-00-00-00-00-00-00-00
[15:25:06:258]50-49-01-C0-EE-BF-01-00-03-00-0E-B9-00
[15:25:06:258]50-49-0E-FB-00-00-00-00-02-00-E0-00-
[15:25:06:258]REMOTE_GET_MODE=00
[15:25:06:258][HID_TX]00-80-07-3C-EF-50-41-06-3A-01-00-63-00-00-00-00-00-00-00-00-00-00-00-00-00-00-00-00-00-00-00-00-00-00-00-00-00-00-00-00-00-00-00-00-00-00-00-00-00-00-00-00-00-00-00-00-00-00-00-00-00-00-00-00-00
[15:25:06:259]HidD_GetInputReport=True
[15:25:06:259]reply_report=00-4F-00-00-00-00-00-00-00-00-00-00-00-00-00-00-00-00-00-00-00-00-00-00-00-00-00-00-00-00-00-00-00-00-00-00-00-00-00-00-00-00-00-00-00-00-00-00-00-00-00-00-00-00-00-00-00-00-00-00-00-00-00-00-00
[15:25:06:259]50-41-06-3A-01-00-63 [CMD_SENT][CMD_GET_IO_LEVEL]
[15:25:06:262][HID_TX_ack]00-12-50-49-01-C0-F2-BF-01-00-08-00-06-BA-00-01-D8-FF-1F-00-00-00-00-02-00-E0-00-17-32-00-00-00-00-00-00-00-00-00-00-00-00-00-00-00-00-00-00-00-00-00-00-00-00-00-00-00-00-00-00-00-00-00-00-00-00
[15:25:06:262]50-49-01-C0-F2-BF-01-00-08-00-06-BA-00-01-D8-FF-1F-00
