[15:40:19:483]\\?\hid#dell09c2&col02#5&bc4dc33&0&0001#{4d1e55b2-f16f-11cf-88cb-001111000030}
[15:40:19:484]\\?\hid#dell09c2&col03#5&bc4dc33&0&0002#{4d1e55b2-f16f-11cf-88cb-001111000030}
[15:40:19:484]\\?\hid#intc816&col01#3&207f9b7f&0&0000#{4d1e55b2-f16f-11cf-88cb-001111000030}
[15:40:19:484]\\?\hid#intc816&col02#3&207f9b7f&0&0001#{4d1e55b2-f16f-11cf-88cb-001111000030}
[15:40:19:484]\\?\hid#converteddevice&col02#5&17bac0a6&0&0001#{4d1e55b2-f16f-11cf-88cb-001111000030}
[15:40:19:484]\\?\hid#converteddevice&col03#5&17bac0a6&0&0002#{4d1e55b2-f16f-11cf-88cb-001111000030}
[15:40:19:484]\\?\hid#dell09c2&col04#5&bc4dc33&0&0003#{4d1e55b2-f16f-11cf-88cb-001111000030}
[15:40:19:484]\\?\hid#{00001812-0000-1000-8000-00805f9b34fb}_dev_vid&0232c2_pid&0001_rev&0068_ccb624cd66b1#9&326e3aae&0&0000#{4d1e55b2-f16f-11cf-88cb-001111000030}
[15:40:19:484]\\?\hid#dell09c2&col05#5&bc4dc33&0&0004#{4d1e55b2-f16f-11cf-88cb-001111000030}
[15:40:19:484]\\?\hid#converteddevice&col01#5&17bac0a6&0&0000#{4d1e55b2-f16f-11cf-88cb-001111000030}\kbd
[15:40:19:484]\\?\hid#dell09c2&col01#5&bc4dc33&0&0000#{4d1e55b2-f16f-11cf-88cb-001111000030}
[15:40:19:484]\\?\hid#vid_046d&pid_0adf&mi_00#7&3ad8dff3&0&0000#{4d1e55b2-f16f-11cf-88cb-001111000030}
[15:40:19:484]\\?\hid#vid_046d&pid_0adf&mi_04#7&18e94d0e&0&0000#{4d1e55b2-f16f-11cf-88cb-001111000030}
[15:40:19:486]try_path=\\?\hid#vid_046d&pid_0adf&mi_00#7&3ad8dff3&0&0000#{4d1e55b2-f16f-11cf-88cb-001111000030}
[15:40:19:488]	InputReportByteLength=65
[15:40:19:488]	OutputReportByteLength=65
[15:40:19:488]HID_Connected=\\?\hid#vid_046d&pid_0adf&mi_00#7&3ad8dff3&0&0000#{4d1e55b2-f16f-11cf-88cb-001111000030}
[15:40:19:490][HID_TX]00-84-01-D1-55-01-00-00-00-00-00-00-00-00-00-00-00-00-00-00-00-00-00-00-00-00-00-00-00-00-00-00-00-00-00-00-00-00-00-00-00-00-00-00-00-00-00-00-00-00-00-00-00-00-00-00-00-00-00-00-00-00-00-00-00
[15:40:19:491]HidD_GetInputReport=True
[15:40:19:491]reply_report=00-4F-56-31-2E-38-2E-35-2E-31-00-00-00-00-00-00-00-00-00-00-00-00-00-00-00-00-00-00-00-00-00-00-00-00-00-00-00-00-00-00-00-00-00-00-00-00-00-00-00-00-00-00-00-00-00-00-00-00-00-00-00-00-00-00-00
[15:40:19:491][ys_tech] fw_version=V1.8.5.1
[15:40:19:492]ystech_Power_Saving, is_EnablePowerSaving=False
[15:40:19:492][HID_TX]00-85-01-83-8B-01-00-00-00-00-00-00-00-00-00-00-00-00-00-00-00-00-00-00-00-00-00-00-00-00-00-00-00-00-00-00-00-00-00-00-00-00-00-00-00-00-00-00-00-00-00-00-00-00-00-00-00-00-00-00-00-00-00-00-00
[15:40:19:494]HidD_GetInputReport=True
[15:40:19:494]reply_report=00-4F-00-00-00-00-00-00-00-00-00-00-00-00-00-00-00-00-00-00-00-00-00-00-00-00-00-00-00-00-00-00-00-00-00-00-00-00-00-00-00-00-00-00-00-00-00-00-00-00-00-00-00-00-00-00-00-00-00-00-00-00-00-00-00
[15:40:19:494]HID_CMD_POWER_SAVING_Disable
[15:40:19:494]path_connected=\\?\hid#vid_046d&pid_0adf&mi_00#7&3ad8dff3&0&0000#{4d1e55b2-f16f-11cf-88cb-001111000030}
[15:40:19:711][HID_TX_ack]00-0D-50-49-11-D5-3D-7C-00-00-03-00-20-EA-00-50-49-01-C0-15-2F-00-00-03-00-11-B7-17-49-01-C0-0E-2D-00-00-03-00-11-AA-18-00-00-00-00-00-00-00-00-00-00-00-00-00-00-00-00-00-00-00-00-00-00-00-00-00
[15:40:19:716]50-49-11-D5-3D-7C-00-00-03-00-20-EA-00
[15:40:19:717][HID_TX_ack]00-0D-50-49-01-C0-43-7C-00-00-03-00-11-B8-18-50-49-01-C0-15-2F-00-00-03-00-11-B7-17-49-01-C0-0E-2D-00-00-03-00-11-AA-18-00-00-00-00-00-00-00-00-00-00-00-00-00-00-00-00-00-00-00-00-00-00-00-00-00
[15:40:19:717]50-49-01-C0-43-7C-00-00-03-00-11-B8-18
[15:40:19:719][HID_TX_ack]00-0D-50-49-01-C0-48-7C-00-00-03-00-11-B9-17-50-49-01-C0-15-2F-00-00-03-00-11-B7-17-49-01-C0-0E-2D-00-00-03-00-11-AA-18-00-00-00-00-00-00-00-00-00-00-00-00-00-00-00-00-00-00-00-00-00-00-00-00-00
[15:40:19:719]50-49-01-C0-48-7C-00-00-03-00-11-B9-17
[15:40:19:721][HID_TX_ack]00-0D-50-49-11-D6-4A-7C-00-00-03-00-20-00-00-50-49-01-C0-15-2F-00-00-03-00-11-B7-17-49-01-C0-0E-2D-00-00-03-00-11-AA-18-00-00-00-00-00-00-00-00-00-00-00-00-00-00-00-00-00-00-00-00-00-00-00-00-00
[15:40:19:721]50-49-11-D6-4A-7C-00-00-03-00-20-00-00
[15:40:19:814][HID_TX_ack]00-0D-50-49-11-D7-93-7C-00-00-03-00-20-EA-00-50-49-01-C0-15-2F-00-00-03-00-11-B7-17-49-01-C0-0E-2D-00-00-03-00-11-AA-18-00-00-00-00-00-00-00-00-00-00-00-00-00-00-00-00-00-00-00-00-00-00-00-00-00
[15:40:19:814]50-49-11-D7-93-7C-00-00-03-00-20-EA-00
[15:40:19:823][HID_TX_ack]00-1A-50-49-01-C0-9B-7C-00-00-03-00-11-BA-18-50-49-01-C0-9C-7C-00-00-03-00-11-BB-17-49-01-C0-0E-2D-00-00-03-00-11-AA-18-00-00-00-00-00-00-00-00-00-00-00-00-00-00-00-00-00-00-00-00-00-00-00-00-00
[15:40:19:823]50-49-01-C0-9B-7C-00-00-03-00-11-BA-18
[15:40:19:823]50-49-01-C0-9C-7C-00-00-03-00-11-BB-17
[15:40:19:826][HID_TX_ack]00-0D-50-49-11-D8-9D-7C-00-00-03-00-20-00-00-50-49-01-C0-9C-7C-00-00-03-00-11-BB-17-49-01-C0-0E-2D-00-00-03-00-11-AA-18-00-00-00-00-00-00-00-00-00-00-00-00-00-00-00-00-00-00-00-00-00-00-00-00-00
[15:40:19:826]50-49-11-D8-9D-7C-00-00-03-00-20-00-00
[15:40:19:901][HID_TX_ack]00-0D-50-49-11-D9-D9-7C-00-00-03-00-20-EA-00-50-49-01-C0-9C-7C-00-00-03-00-11-BB-17-49-01-C0-0E-2D-00-00-03-00-11-AA-18-00-00-00-00-00-00-00-00-00-00-00-00-00-00-00-00-00-00-00-00-00-00-00-00-00
[15:40:19:901]50-49-11-D9-D9-7C-00-00-03-00-20-EA-00
[15:40:19:913][HID_TX_ack]00-1A-50-49-01-C0-E3-7C-00-00-03-00-11-BC-18-50-49-01-C0-E4-7C-00-00-03-00-11-BD-17-49-01-C0-0E-2D-00-00-03-00-11-AA-18-00-00-00-00-00-00-00-00-00-00-00-00-00-00-00-00-00-00-00-00-00-00-00-00-00
[15:40:19:913]50-49-01-C0-E3-7C-00-00-03-00-11-BC-18
[15:40:19:913]50-49-01-C0-E4-7C-00-00-03-00-11-BD-17
[15:40:19:916][HID_TX_ack]00-0D-50-49-11-DA-E5-7C-00-00-03-00-20-00-00-50-49-01-C0-E4-7C-00-00-03-00-11-BD-17-49-01-C0-0E-2D-00-00-03-00-11-AA-18-00-00-00-00-00-00-00-00-00-00-00-00-00-00-00-00-00-00-00-00-00-00-00-00-00
[15:40:19:916]50-49-11-DA-E5-7C-00-00-03-00-20-00-00
[15:40:20:014][HID_TX_ack]00-0D-50-49-11-DB-33-7D-00-00-03-00-20-EA-00-50-49-01-C0-E4-7C-00-00-03-00-11-BD-17-49-01-C0-0E-2D-00-00-03-00-11-AA-18-00-00-00-00-00-00-00-00-00-00-00-00-00-00-00-00-00-00-00-00-00-00-00-00-00
[15:40:20:014]50-49-11-DB-33-7D-00-00-03-00-20-EA-00
[15:40:20:025][HID_TX_ack]00-1A-50-49-01-C0-3D-7D-00-00-03-00-11-BE-18-50-49-01-C0-3D-7D-00-00-03-00-11-BF-17-49-01-C0-0E-2D-00-00-03-00-11-AA-18-00-00-00-00-00-00-00-00-00-00-00-00-00-00-00-00-00-00-00-00-00-00-00-00-00
[15:40:20:026]50-49-01-C0-3D-7D-00-00-03-00-11-BE-18
[15:40:20:026]50-49-01-C0-3D-7D-00-00-03-00-11-BF-17
[15:40:20:028][HID_TX_ack]00-0D-50-49-11-DC-3F-7D-00-00-03-00-20-00-00-50-49-01-C0-3D-7D-00-00-03-00-11-BF-17-49-01-C0-0E-2D-00-00-03-00-11-AA-18-00-00-00-00-00-00-00-00-00-00-00-00-00-00-00-00-00-00-00-00-00-00-00-00-00
[15:40:20:028]50-49-11-DC-3F-7D-00-00-03-00-20-00-00
[15:40:20:111][HID_TX_ack]00-0D-50-49-11-DD-81-7D-00-00-03-00-20-EA-00-50-49-01-C0-3D-7D-00-00-03-00-11-BF-17-49-01-C0-0E-2D-00-00-03-00-11-AA-18-00-00-00-00-00-00-00-00-00-00-00-00-00-00-00-00-00-00-00-00-00-00-00-00-00
[15:40:20:111]50-49-11-DD-81-7D-00-00-03-00-20-EA-00
[15:40:20:120][HID_TX_ack]00-1A-50-49-01-C0-89-7D-00-00-03-00-11-C0-18-50-49-01-C0-89-7D-00-00-03-00-11-C1-17-49-01-C0-0E-2D-00-00-03-00-11-AA-18-00-00-00-00-00-00-00-00-00-00-00-00-00-00-00-00-00-00-00-00-00-00-00-00-00
[15:40:20:120]50-49-01-C0-89-7D-00-00-03-00-11-C0-18
[15:40:20:120]50-49-01-C0-89-7D-00-00-03-00-11-C1-17
[15:40:20:123][HID_TX_ack]00-0D-50-49-11-DE-8B-7D-00-00-03-00-20-00-00-50-49-01-C0-89-7D-00-00-03-00-11-C1-17-49-01-C0-0E-2D-00-00-03-00-11-AA-18-00-00-00-00-00-00-00-00-00-00-00-00-00-00-00-00-00-00-00-00-00-00-00-00-00
[15:40:20:123]50-49-11-DE-8B-7D-00-00-03-00-20-00-00
[15:40:20:224][HID_TX_ack]00-0D-50-49-11-DF-DB-7D-00-00-03-00-20-EA-00-50-49-01-C0-89-7D-00-00-03-00-11-C1-17-49-01-C0-0E-2D-00-00-03-00-11-AA-18-00-00-00-00-00-00-00-00-00-00-00-00-00-00-00-00-00-00-00-00-00-00-00-00-00
[15:40:20:224]50-49-11-DF-DB-7D-00-00-03-00-20-EA-00
[15:40:20:233][HID_TX_ack]00-1A-50-49-01-C0-E3-7D-00-00-03-00-11-C2-18-50-49-01-C0-E4-7D-00-00-03-00-11-C3-17-49-01-C0-0E-2D-00-00-03-00-11-AA-18-00-00-00-00-00-00-00-00-00-00-00-00-00-00-00-00-00-00-00-00-00-00-00-00-00
[15:40:20:233]50-49-01-C0-E3-7D-00-00-03-00-11-C2-18
[15:40:20:233]50-49-01-C0-E4-7D-00-00-03-00-11-C3-17
[15:40:20:236][HID_TX_ack]00-0D-50-49-11-E0-E5-7D-00-00-03-00-20-00-00-50-49-01-C0-E4-7D-00-00-03-00-11-C3-17-49-01-C0-0E-2D-00-00-03-00-11-AA-18-00-00-00-00-00-00-00-00-00-00-00-00-00-00-00-00-00-00-00-00-00-00-00-00-00
[15:40:20:236]50-49-11-E0-E5-7D-00-00-03-00-20-00-00
[15:40:20:329][HID_TX_ack]00-0D-50-49-11-E1-2F-7E-00-00-03-00-20-EA-00-50-49-01-C0-E4-7D-00-00-03-00-11-C3-17-49-01-C0-0E-2D-00-00-03-00-11-AA-18-00-00-00-00-00-00-00-00-00-00-00-00-00-00-00-00-00-00-00-00-00-00-00-00-00
[15:40:20:329]50-49-11-E1-2F-7E-00-00-03-00-20-EA-00
[15:40:20:336][HID_TX_ack]00-1A-50-49-01-C0-36-7E-00-00-03-00-11-C4-18-50-49-01-C0-36-7E-00-00-03-00-11-C5-17-49-01-C0-0E-2D-00-00-03-00-11-AA-18-00-00-00-00-00-00-00-00-00-00-00-00-00-00-00-00-00-00-00-00-00-00-00-00-00
[15:40:20:336]50-49-01-C0-36-7E-00-00-03-00-11-C4-18
[15:40:20:336]50-49-01-C0-36-7E-00-00-03-00-11-C5-17
[15:40:20:339][HID_TX_ack]00-0D-50-49-11-E2-38-7E-00-00-03-00-20-00-00-50-49-01-C0-36-7E-00-00-03-00-11-C5-17-49-01-C0-0E-2D-00-00-03-00-11-AA-18-00-00-00-00-00-00-00-00-00-00-00-00-00-00-00-00-00-00-00-00-00-00-00-00-00
[15:40:20:339]50-49-11-E2-38-7E-00-00-03-00-20-00-00
[15:40:20:452][HID_TX_ack]00-0D-50-49-11-E3-91-7E-00-00-03-00-20-EA-00-50-49-01-C0-36-7E-00-00-03-00-11-C5-17-49-01-C0-0E-2D-00-00-03-00-11-AA-18-00-00-00-00-00-00-00-00-00-00-00-00-00-00-00-00-00-00-00-00-00-00-00-00-00
[15:40:20:452]50-49-11-E3-91-7E-00-00-03-00-20-EA-00
[15:40:20:475][HID_TX_ack]00-1A-50-49-01-C0-A5-7E-00-00-03-00-11-C6-18-50-49-01-C0-A5-7E-00-00-03-00-11-C7-17-49-01-C0-0E-2D-00-00-03-00-11-AA-18-00-00-00-00-00-00-00-00-00-00-00-00-00-00-00-00-00-00-00-00-00-00-00-00-00
[15:40:20:475]50-49-01-C0-A5-7E-00-00-03-00-11-C6-18
[15:40:20:475]50-49-01-C0-A5-7E-00-00-03-00-11-C7-17
[15:40:20:478][HID_TX_ack]00-0D-50-49-11-E4-A7-7E-00-00-03-00-20-00-00-50-49-01-C0-A5-7E-00-00-03-00-11-C7-17-49-01-C0-0E-2D-00-00-03-00-11-AA-18-00-00-00-00-00-00-00-00-00-00-00-00-00-00-00-00-00-00-00-00-00-00-00-00-00
[15:40:20:478]50-49-11-E4-A7-7E-00-00-03-00-20-00-00
[15:40:20:557][HID_TX_ack]00-0D-50-49-11-E5-E5-7E-00-00-03-00-20-EA-00-50-49-01-C0-A5-7E-00-00-03-00-11-C7-17-49-01-C0-0E-2D-00-00-03-00-11-AA-18-00-00-00-00-00-00-00-00-00-00-00-00-00-00-00-00-00-00-00-00-00-00-00-00-00
[15:40:20:557]50-49-11-E5-E5-7E-00-00-03-00-20-EA-00
[15:40:20:568][HID_TX_ack]00-1A-50-49-01-C0-EF-7E-00-00-03-00-11-C8-18-50-49-01-C0-F0-7E-00-00-03-00-11-C9-17-49-01-C0-0E-2D-00-00-03-00-11-AA-18-00-00-00-00-00-00-00-00-00-00-00-00-00-00-00-00-00-00-00-00-00-00-00-00-00
[15:40:20:568]50-49-01-C0-EF-7E-00-00-03-00-11-C8-18
[15:40:20:568]50-49-01-C0-F0-7E-00-00-03-00-11-C9-17
[15:40:20:571][HID_TX_ack]00-0D-50-49-11-E6-F1-7E-00-00-03-00-20-00-00-50-49-01-C0-F0-7E-00-00-03-00-11-C9-17-49-01-C0-0E-2D-00-00-03-00-11-AA-18-00-00-00-00-00-00-00-00-00-00-00-00-00-00-00-00-00-00-00-00-00-00-00-00-00
[15:40:20:571]50-49-11-E6-F1-7E-00-00-03-00-20-00-00
