[12:05:26:010]\\?\hid#dell09c2&col02#5&bc4dc33&0&0001#{4d1e55b2-f16f-11cf-88cb-001111000030}
[12:05:26:010]\\?\hid#dell09c2&col03#5&bc4dc33&0&0002#{4d1e55b2-f16f-11cf-88cb-001111000030}
[12:05:26:010]\\?\hid#intc816&col01#3&207f9b7f&0&0000#{4d1e55b2-f16f-11cf-88cb-001111000030}
[12:05:26:010]\\?\hid#intc816&col02#3&207f9b7f&0&0001#{4d1e55b2-f16f-11cf-88cb-001111000030}
[12:05:26:010]\\?\hid#converteddevice&col02#5&17bac0a6&0&0001#{4d1e55b2-f16f-11cf-88cb-001111000030}
[12:05:26:010]\\?\hid#converteddevice&col03#5&17bac0a6&0&0002#{4d1e55b2-f16f-11cf-88cb-001111000030}
[12:05:26:010]\\?\hid#dell09c2&col04#5&bc4dc33&0&0003#{4d1e55b2-f16f-11cf-88cb-001111000030}
[12:05:26:010]\\?\hid#{00001812-0000-1000-8000-00805f9b34fb}_dev_vid&0232c2_pid&0001_rev&0068_ccb624cd66b1#9&326e3aae&0&0000#{4d1e55b2-f16f-11cf-88cb-001111000030}
[12:05:26:010]\\?\hid#dell09c2&col05#5&bc4dc33&0&0004#{4d1e55b2-f16f-11cf-88cb-001111000030}
[12:05:26:010]\\?\hid#converteddevice&col01#5&17bac0a6&0&0000#{4d1e55b2-f16f-11cf-88cb-001111000030}\kbd
[12:05:26:010]\\?\hid#dell09c2&col01#5&bc4dc33&0&0000#{4d1e55b2-f16f-11cf-88cb-001111000030}
[12:05:26:010]\\?\hid#vid_046d&pid_0adf&mi_00#7&3ad8dff3&0&0000#{4d1e55b2-f16f-11cf-88cb-001111000030}
[12:05:26:011]\\?\hid#vid_046d&pid_0adf&mi_04#7&18e94d0e&0&0000#{4d1e55b2-f16f-11cf-88cb-001111000030}
[12:05:26:013]try_path=\\?\hid#vid_046d&pid_0adf&mi_00#7&3ad8dff3&0&0000#{4d1e55b2-f16f-11cf-88cb-001111000030}
[12:05:26:015]	InputReportByteLength=65
[12:05:26:015]	OutputReportByteLength=65
[12:05:26:016]HID_Connected=\\?\hid#vid_046d&pid_0adf&mi_00#7&3ad8dff3&0&0000#{4d1e55b2-f16f-11cf-88cb-001111000030}
[12:05:26:017][HID_TX]00-84-01-D1-55-01-00-00-00-00-00-00-00-00-00-00-00-00-00-00-00-00-00-00-00-00-00-00-00-00-00-00-00-00-00-00-00-00-00-00-00-00-00-00-00-00-00-00-00-00-00-00-00-00-00-00-00-00-00-00-00-00-00-00-00
[12:05:26:019]HidD_GetInputReport=True
[12:05:26:019]reply_report=00-4F-56-31-2E-38-2E-35-2E-31-00-00-00-00-00-00-00-00-00-00-00-00-00-00-00-00-00-00-00-00-00-00-00-00-00-00-00-00-00-00-00-00-00-00-00-00-00-00-00-00-00-00-00-00-00-00-00-00-00-00-00-00-00-00-00
[12:05:26:019][ys_tech] fw_version=V1.8.5.1
[12:05:26:020]ystech_Power_Saving, is_EnablePowerSaving=False
[12:05:26:020][HID_TX]00-85-01-83-8B-01-00-00-00-00-00-00-00-00-00-00-00-00-00-00-00-00-00-00-00-00-00-00-00-00-00-00-00-00-00-00-00-00-00-00-00-00-00-00-00-00-00-00-00-00-00-00-00-00-00-00-00-00-00-00-00-00-00-00-00
[12:05:26:021]HidD_GetInputReport=True
[12:05:26:021]reply_report=00-46-00-00-00-00-00-00-00-00-00-00-00-00-00-00-00-00-00-00-00-00-00-00-00-00-00-00-00-00-00-00-00-00-00-00-00-00-00-00-00-00-00-00-00-00-00-00-00-00-00-00-00-00-00-00-00-00-00-00-00-00-00-00-00
[12:05:26:038][Response Fail][System.Exception]
[12:05:26:043]   at ..(Boolean  )
   at ..(Byte  , Byte[]  )
[12:05:26:109]_ystech_retry_count=1
[12:05:26:109][HID_TX]00-85-01-83-8B-01-00-00-00-00-00-00-00-00-00-00-00-00-00-00-00-00-00-00-00-00-00-00-00-00-00-00-00-00-00-00-00-00-00-00-00-00-00-00-00-00-00-00-00-00-00-00-00-00-00-00-00-00-00-00-00-00-00-00-00
[12:05:26:110]HidD_GetInputReport=True
[12:05:26:110]reply_report=00-4F-00-00-00-00-00-00-00-00-00-00-00-00-00-00-00-00-00-00-00-00-00-00-00-00-00-00-00-00-00-00-00-00-00-00-00-00-00-00-00-00-00-00-00-00-00-00-00-00-00-00-00-00-00-00-00-00-00-00-00-00-00-00-00
[12:05:26:110]HID_CMD_POWER_SAVING_Disable
[12:05:26:110]path_connected=\\?\hid#vid_046d&pid_0adf&mi_00#7&3ad8dff3&0&0000#{4d1e55b2-f16f-11cf-88cb-001111000030}
[12:05:27:296][HID_TX]00-80-06-1C-7D-50-41-0E-01-01-E0-00-00-00-00-00-00-00-00-00-00-00-00-00-00-00-00-00-00-00-00-00-00-00-00-00-00-00-00-00-00-00-00-00-00-00-00-00-00-00-00-00-00-00-00-00-00-00-00-00-00-00-00-00-00
[12:05:27:297]HidD_GetInputReport=True
[12:05:27:297]reply_report=00-4F-00-00-00-00-00-00-00-00-00-00-00-00-00-00-00-00-00-00-00-00-00-00-00-00-00-00-00-00-00-00-00-00-00-00-00-00-00-00-00-00-00-00-00-00-00-00-00-00-00-00-00-00-00-00-00-00-00-00-00-00-00-00-00
[12:05:27:297]50-41-0E-01-01-E0 [CMD_SENT][REMOTE_GET_MODE]
[12:05:27:302][HID_TX_ack]00-19-50-49-01-C0-D9-C6-00-00-03-00-0E-81-00-50-49-0E-E1-00-00-00-00-02-00-E0-00-17-32-00-00-00-00-00-00-00-00-00-00-00-00-00-00-00-00-00-00-00-00-00-00-00-00-00-00-00-00-00-00-00-00-00-00-00-00
[12:05:27:306]REMOTE_GET_MODE=00
[12:05:27:306]50-49-01-C0-D9-C6-00-00-03-00-0E-81-00
[12:05:27:306]50-49-0E-E1-00-00-00-00-02-00-E0-00-
[12:05:27:306][HID_TX]00-80-07-F5-A5-50-41-0E-02-02-E1-01-00-00-00-00-00-00-00-00-00-00-00-00-00-00-00-00-00-00-00-00-00-00-00-00-00-00-00-00-00-00-00-00-00-00-00-00-00-00-00-00-00-00-00-00-00-00-00-00-00-00-00-00-00
[12:05:27:307]HidD_GetInputReport=True
[12:05:27:307]reply_report=00-4F-00-00-00-00-00-00-00-00-00-00-00-00-00-00-00-00-00-00-00-00-00-00-00-00-00-00-00-00-00-00-00-00-00-00-00-00-00-00-00-00-00-00-00-00-00-00-00-00-00-00-00-00-00-00-00-00-00-00-00-00-00-00-00
[12:05:27:307]50-41-0E-02-02-E1-01 [CMD_SENT][REMOTE_SET_MODE] is_remote=True
[12:05:27:310][HID_TX_ack]00-0D-50-49-01-C0-E1-C6-00-00-03-00-0E-82-00-50-49-0E-E1-00-00-00-00-02-00-E0-00-17-32-00-00-00-00-00-00-00-00-00-00-00-00-00-00-00-00-00-00-00-00-00-00-00-00-00-00-00-00-00-00-00-00-00-00-00-00
[12:05:27:310]50-49-01-C0-E1-C6-00-00-03-00-0E-82-00
[12:05:27:310][HID_TX]00-80-13-A8-D9-50-41-06-03-0D-00-25-34-12-5A-5A-01-00-00-00-F0-00-00-00-00-00-00-00-00-00-00-00-00-00-00-00-00-00-00-00-00-00-00-00-00-00-00-00-00-00-00-00-00-00-00-00-00-00-00-00-00-00-00-00-00
[12:05:27:311]HidD_GetInputReport=True
[12:05:27:311]reply_report=00-4F-00-00-00-00-00-00-00-00-00-00-00-00-00-00-00-00-00-00-00-00-00-00-00-00-00-00-00-00-00-00-00-00-00-00-00-00-00-00-00-00-00-00-00-00-00-00-00-00-00-00-00-00-00-00-00-00-00-00-00-00-00-00-00
[12:05:27:311]50-41-06-03-0D-00-25-34-12-5A-5A-01-00-00-00-F0-00-00-00 [CMD_SENT][OTA_CMD_IOCTL][READ_MAX_LEN]
[12:05:27:345][HID_TX_ack]00-11-50-49-01-E2-DD-0E-01-00-07-00-06-83-00-F0-00-00-00-00-00-00-00-02-00-E0-00-17-32-00-00-00-00-00-00-00-00-00-00-00-00-00-00-00-00-00-00-00-00-00-00-00-00-00-00-00-00-00-00-00-00-00-00-00-00
[12:05:27:345]50-49-01-E2-DD-0E-01-00-07-00-06-83-00-F0-00-00-00
[12:05:27:345][HID_TX]00-80-06-2F-BD-50-41-0E-04-01-E0-00-00-00-00-00-00-00-00-00-00-00-00-00-00-00-00-00-00-00-00-00-00-00-00-00-00-00-00-00-00-00-00-00-00-00-00-00-00-00-00-00-00-00-00-00-00-00-00-00-00-00-00-00-00
[12:05:27:347]HidD_GetInputReport=True
[12:05:27:347]reply_report=00-4F-00-00-00-00-00-00-00-00-00-00-00-00-00-00-00-00-00-00-00-00-00-00-00-00-00-00-00-00-00-00-00-00-00-00-00-00-00-00-00-00-00-00-00-00-00-00-00-00-00-00-00-00-00-00-00-00-00-00-00-00-00-00-00
[12:05:27:347]50-41-0E-04-01-E0 [CMD_SENT][REMOTE_GET_MODE]
[12:05:27:349][HID_TX_ack]00-19-50-49-01-C0-01-C7-00-00-03-00-0E-84-00-50-49-0E-E3-00-00-00-00-02-00-E0-01-17-32-00-00-00-00-00-00-00-00-00-00-00-00-00-00-00-00-00-00-00-00-00-00-00-00-00-00-00-00-00-00-00-00-00-00-00-00
[12:05:27:349]50-49-01-C0-01-C7-00-00-03-00-0E-84-00
[12:05:27:349]50-49-0E-E3-00-00-00-00-02-00-E0-01-
[12:05:27:349]REMOTE_GET_MODE=01
[12:05:27:349][HID_TX]00-80-07-C3-0E-50-41-06-05-01-00-63-00-00-00-00-00-00-00-00-00-00-00-00-00-00-00-00-00-00-00-00-00-00-00-00-00-00-00-00-00-00-00-00-00-00-00-00-00-00-00-00-00-00-00-00-00-00-00-00-00-00-00-00-00
[12:05:27:350]HidD_GetInputReport=True
[12:05:27:350]reply_report=00-4F-00-00-00-00-00-00-00-00-00-00-00-00-00-00-00-00-00-00-00-00-00-00-00-00-00-00-00-00-00-00-00-00-00-00-00-00-00-00-00-00-00-00-00-00-00-00-00-00-00-00-00-00-00-00-00-00-00-00-00-00-00-00-00
[12:05:27:350]50-41-06-05-01-00-63 [CMD_SENT][CMD_GET_IO_LEVEL]
[12:05:27:377][HID_TX_ack]00-12-50-49-01-E4-05-0F-01-00-08-00-06-85-00-01-FF-FF-1F-00-00-00-00-02-00-E0-01-17-32-00-00-00-00-00-00-00-00-00-00-00-00-00-00-00-00-00-00-00-00-00-00-00-00-00-00-00-00-00-00-00-00-00-00-00-00
[12:05:27:377]50-49-01-E4-05-0F-01-00-08-00-06-85-00-01-FF-FF-1F-00
[12:05:27:698][HID_TX]00-80-06-C4-92-50-41-0E-06-01-E0-00-00-00-00-00-00-00-00-00-00-00-00-00-00-00-00-00-00-00-00-00-00-00-00-00-00-00-00-00-00-00-00-00-00-00-00-00-00-00-00-00-00-00-00-00-00-00-00-00-00-00-00-00-00
[12:05:27:699]HidD_GetInputReport=True
[12:05:27:699]reply_report=00-4F-00-00-00-00-00-00-00-00-00-00-00-00-00-00-00-00-00-00-00-00-00-00-00-00-00-00-00-00-00-00-00-00-00-00-00-00-00-00-00-00-00-00-00-00-00-00-00-00-00-00-00-00-00-00-00-00-00-00-00-00-00-00-00
[12:05:27:699]50-41-0E-06-01-E0 [CMD_SENT][REMOTE_GET_MODE]
[12:05:27:702][HID_TX_ack]00-19-50-49-01-C0-1B-C8-00-00-03-00-0E-86-00-50-49-0E-E5-00-00-00-00-02-00-E0-01-17-32-00-00-00-00-00-00-00-00-00-00-00-00-00-00-00-00-00-00-00-00-00-00-00-00-00-00-00-00-00-00-00-00-00-00-00-00
[12:05:27:702]50-49-01-C0-1B-C8-00-00-03-00-0E-86-00
[12:05:27:702]50-49-0E-E5-00-00-00-00-02-00-E0-01-
[12:05:27:702]REMOTE_GET_MODE=01
[12:05:27:702][HID_TX]00-80-07-28-21-50-41-06-07-01-00-63-00-00-00-00-00-00-00-00-00-00-00-00-00-00-00-00-00-00-00-00-00-00-00-00-00-00-00-00-00-00-00-00-00-00-00-00-00-00-00-00-00-00-00-00-00-00-00-00-00-00-00-00-00
[12:05:27:703]HidD_GetInputReport=True
[12:05:27:703]reply_report=00-4F-00-00-00-00-00-00-00-00-00-00-00-00-00-00-00-00-00-00-00-00-00-00-00-00-00-00-00-00-00-00-00-00-00-00-00-00-00-00-00-00-00-00-00-00-00-00-00-00-00-00-00-00-00-00-00-00-00-00-00-00-00-00-00
[12:05:27:703]50-41-06-07-01-00-63 [CMD_SENT][CMD_GET_IO_LEVEL]
[12:05:27:725][HID_TX_ack]00-12-50-49-01-E6-1E-10-01-00-08-00-06-87-00-01-FF-FF-1F-00-00-00-00-02-00-E0-01-17-32-00-00-00-00-00-00-00-00-00-00-00-00-00-00-00-00-00-00-00-00-00-00-00-00-00-00-00-00-00-00-00-00-00-00-00-00
[12:05:27:726]50-49-01-E6-1E-10-01-00-08-00-06-87-00-01-FF-FF-1F-00
[12:05:28:055][HID_TX]00-80-06-55-5D-50-41-0E-08-01-E0-00-00-00-00-00-00-00-00-00-00-00-00-00-00-00-00-00-00-00-00-00-00-00-00-00-00-00-00-00-00-00-00-00-00-00-00-00-00-00-00-00-00-00-00-00-00-00-00-00-00-00-00-00-00
[12:05:28:056]HidD_GetInputReport=True
[12:05:28:056]reply_report=00-4F-00-00-00-00-00-00-00-00-00-00-00-00-00-00-00-00-00-00-00-00-00-00-00-00-00-00-00-00-00-00-00-00-00-00-00-00-00-00-00-00-00-00-00-00-00-00-00-00-00-00-00-00-00-00-00-00-00-00-00-00-00-00-00
[12:05:28:057]50-41-0E-08-01-E0 [CMD_SENT][REMOTE_GET_MODE]
[12:05:28:059][HID_TX_ack]00-19-50-49-01-C0-39-C9-00-00-03-00-0E-88-00-50-49-0E-E7-00-00-00-00-02-00-E0-01-17-32-00-00-00-00-00-00-00-00-00-00-00-00-00-00-00-00-00-00-00-00-00-00-00-00-00-00-00-00-00-00-00-00-00-00-00-00
[12:05:28:059]50-49-01-C0-39-C9-00-00-03-00-0E-88-00
[12:05:28:059]50-49-0E-E7-00-00-00-00-02-00-E0-01-
[12:05:28:059]REMOTE_GET_MODE=01
[12:05:28:059][HID_TX]00-80-07-B9-EE-50-41-06-09-01-00-63-00-00-00-00-00-00-00-00-00-00-00-00-00-00-00-00-00-00-00-00-00-00-00-00-00-00-00-00-00-00-00-00-00-00-00-00-00-00-00-00-00-00-00-00-00-00-00-00-00-00-00-00-00
[12:05:28:060]HidD_GetInputReport=True
[12:05:28:061]reply_report=00-4F-00-00-00-00-00-00-00-00-00-00-00-00-00-00-00-00-00-00-00-00-00-00-00-00-00-00-00-00-00-00-00-00-00-00-00-00-00-00-00-00-00-00-00-00-00-00-00-00-00-00-00-00-00-00-00-00-00-00-00-00-00-00-00
[12:05:28:061]50-41-06-09-01-00-63 [CMD_SENT][CMD_GET_IO_LEVEL]
[12:05:28:090][HID_TX_ack]00-12-50-49-01-E8-3F-11-01-00-08-00-06-89-00-01-FF-FF-1F-00-00-00-00-02-00-E0-01-17-32-00-00-00-00-00-00-00-00-00-00-00-00-00-00-00-00-00-00-00-00-00-00-00-00-00-00-00-00-00-00-00-00-00-00-00-00
[12:05:28:090]50-49-01-E8-3F-11-01-00-08-00-06-89-00-01-FF-FF-1F-00
[12:05:28:411][HID_TX]00-80-06-BE-72-50-41-0E-0A-01-E0-00-00-00-00-00-00-00-00-00-00-00-00-00-00-00-00-00-00-00-00-00-00-00-00-00-00-00-00-00-00-00-00-00-00-00-00-00-00-00-00-00-00-00-00-00-00-00-00-00-00-00-00-00-00
[12:05:28:412]HidD_GetInputReport=True
[12:05:28:413]reply_report=00-4F-00-00-00-00-00-00-00-00-00-00-00-00-00-00-00-00-00-00-00-00-00-00-00-00-00-00-00-00-00-00-00-00-00-00-00-00-00-00-00-00-00-00-00-00-00-00-00-00-00-00-00-00-00-00-00-00-00-00-00-00-00-00-00
[12:05:28:413]50-41-0E-0A-01-E0 [CMD_SENT][REMOTE_GET_MODE]
[12:05:28:416][HID_TX_ack]00-19-50-49-01-C0-55-CA-00-00-03-00-0E-8A-00-50-49-0E-E9-00-00-00-00-02-00-E0-01-17-32-00-00-00-00-00-00-00-00-00-00-00-00-00-00-00-00-00-00-00-00-00-00-00-00-00-00-00-00-00-00-00-00-00-00-00-00
[12:05:28:417]50-49-01-C0-55-CA-00-00-03-00-0E-8A-00
[12:05:28:418]50-49-0E-E9-00-00-00-00-02-00-E0-01-
[12:05:28:420]REMOTE_GET_MODE=01
[12:05:28:420][HID_TX]00-80-07-52-C1-50-41-06-0B-01-00-63-00-00-00-00-00-00-00-00-00-00-00-00-00-00-00-00-00-00-00-00-00-00-00-00-00-00-00-00-00-00-00-00-00-00-00-00-00-00-00-00-00-00-00-00-00-00-00-00-00-00-00-00-00
[12:05:28:422]HidD_GetInputReport=True
[12:05:28:422]reply_report=00-4F-00-00-00-00-00-00-00-00-00-00-00-00-00-00-00-00-00-00-00-00-00-00-00-00-00-00-00-00-00-00-00-00-00-00-00-00-00-00-00-00-00-00-00-00-00-00-00-00-00-00-00-00-00-00-00-00-00-00-00-00-00-00-00
[12:05:28:422]50-41-06-0B-01-00-63 [CMD_SENT][CMD_GET_IO_LEVEL]
[12:05:28:442][HID_TX_ack]00-12-50-49-01-EA-5C-12-01-00-08-00-06-8B-00-01-FF-FF-1F-00-00-00-00-02-00-E0-01-17-32-00-00-00-00-00-00-00-00-00-00-00-00-00-00-00-00-00-00-00-00-00-00-00-00-00-00-00-00-00-00-00-00-00-00-00-00
[12:05:28:442]50-49-01-EA-5C-12-01-00-08-00-06-8B-00-01-FF-FF-1F-00
[12:05:28:768][HID_TX]00-80-06-83-02-50-41-0E-0C-01-E0-00-00-00-00-00-00-00-00-00-00-00-00-00-00-00-00-00-00-00-00-00-00-00-00-00-00-00-00-00-00-00-00-00-00-00-00-00-00-00-00-00-00-00-00-00-00-00-00-00-00-00-00-00-00
[12:05:28:770]HidD_GetInputReport=True
[12:05:28:770]reply_report=00-4F-00-00-00-00-00-00-00-00-00-00-00-00-00-00-00-00-00-00-00-00-00-00-00-00-00-00-00-00-00-00-00-00-00-00-00-00-00-00-00-00-00-00-00-00-00-00-00-00-00-00-00-00-00-00-00-00-00-00-00-00-00-00-00
[12:05:28:770]50-41-0E-0C-01-E0 [CMD_SENT][REMOTE_GET_MODE]
[12:05:28:772][HID_TX_ack]00-19-50-49-01-C0-73-CB-00-00-03-00-0E-8C-00-50-49-0E-EB-00-00-00-00-02-00-E0-01-17-32-00-00-00-00-00-00-00-00-00-00-00-00-00-00-00-00-00-00-00-00-00-00-00-00-00-00-00-00-00-00-00-00-00-00-00-00
[12:05:28:772]50-49-01-C0-73-CB-00-00-03-00-0E-8C-00
[12:05:28:772]50-49-0E-EB-00-00-00-00-02-00-E0-01-
[12:05:28:772]REMOTE_GET_MODE=01
[12:05:28:772][HID_TX]00-80-07-6F-B1-50-41-06-0D-01-00-63-00-00-00-00-00-00-00-00-00-00-00-00-00-00-00-00-00-00-00-00-00-00-00-00-00-00-00-00-00-00-00-00-00-00-00-00-00-00-00-00-00-00-00-00-00-00-00-00-00-00-00-00-00
[12:05:28:774]HidD_GetInputReport=True
[12:05:28:774]reply_report=00-4F-00-00-00-00-00-00-00-00-00-00-00-00-00-00-00-00-00-00-00-00-00-00-00-00-00-00-00-00-00-00-00-00-00-00-00-00-00-00-00-00-00-00-00-00-00-00-00-00-00-00-00-00-00-00-00-00-00-00-00-00-00-00-00
[12:05:28:774]50-41-06-0D-01-00-63 [CMD_SENT][CMD_GET_IO_LEVEL]
[12:05:28:807][HID_TX_ack]00-12-50-49-01-EC-7F-13-01-00-08-00-06-8D-00-01-FF-FF-1F-00-00-00-00-02-00-E0-01-17-32-00-00-00-00-00-00-00-00-00-00-00-00-00-00-00-00-00-00-00-00-00-00-00-00-00-00-00-00-00-00-00-00-00-00-00-00
[12:05:28:807]50-49-01-EC-7F-13-01-00-08-00-06-8D-00-01-FF-FF-1F-00
[12:05:29:124][HID_TX]00-80-06-68-2D-50-41-0E-0E-01-E0-00-00-00-00-00-00-00-00-00-00-00-00-00-00-00-00-00-00-00-00-00-00-00-00-00-00-00-00-00-00-00-00-00-00-00-00-00-00-00-00-00-00-00-00-00-00-00-00-00-00-00-00-00-00
[12:05:29:124]HidD_GetInputReport=True
[12:05:29:124]reply_report=00-4F-00-00-00-00-00-00-00-00-00-00-00-00-00-00-00-00-00-00-00-00-00-00-00-00-00-00-00-00-00-00-00-00-00-00-00-00-00-00-00-00-00-00-00-00-00-00-00-00-00-00-00-00-00-00-00-00-00-00-00-00-00-00-00
[12:05:29:124]50-41-0E-0E-01-E0 [CMD_SENT][REMOTE_GET_MODE]
[12:05:29:127][HID_TX_ack]00-19-50-49-01-C0-8F-CC-00-00-03-00-0E-8E-00-50-49-0E-ED-00-00-00-00-02-00-E0-01-17-32-00-00-00-00-00-00-00-00-00-00-00-00-00-00-00-00-00-00-00-00-00-00-00-00-00-00-00-00-00-00-00-00-00-00-00-00
[12:05:29:127]50-49-01-C0-8F-CC-00-00-03-00-0E-8E-00
[12:05:29:127]50-49-0E-ED-00-00-00-00-02-00-E0-01-
[12:05:29:127]REMOTE_GET_MODE=01
[12:05:29:127][HID_TX]00-80-07-84-9E-50-41-06-0F-01-00-63-00-00-00-00-00-00-00-00-00-00-00-00-00-00-00-00-00-00-00-00-00-00-00-00-00-00-00-00-00-00-00-00-00-00-00-00-00-00-00-00-00-00-00-00-00-00-00-00-00-00-00-00-00
[12:05:29:128]HidD_GetInputReport=True
[12:05:29:128]reply_report=00-4F-00-00-00-00-00-00-00-00-00-00-00-00-00-00-00-00-00-00-00-00-00-00-00-00-00-00-00-00-00-00-00-00-00-00-00-00-00-00-00-00-00-00-00-00-00-00-00-00-00-00-00-00-00-00-00-00-00-00-00-00-00-00-00
[12:05:29:128]50-41-06-0F-01-00-63 [CMD_SENT][CMD_GET_IO_LEVEL]
[12:05:29:165][HID_TX_ack]00-12-50-49-01-EE-8D-14-01-00-08-00-06-8F-00-01-FF-FF-1F-00-00-00-00-02-00-E0-01-17-32-00-00-00-00-00-00-00-00-00-00-00-00-00-00-00-00-00-00-00-00-00-00-00-00-00-00-00-00-00-00-00-00-00-00-00-00
[12:05:29:165]50-49-01-EE-8D-14-01-00-08-00-06-8F-00-01-FF-FF-1F-00
[12:05:29:496][HID_TX]00-80-06-80-8D-50-41-0E-10-01-E0-00-00-00-00-00-00-00-00-00-00-00-00-00-00-00-00-00-00-00-00-00-00-00-00-00-00-00-00-00-00-00-00-00-00-00-00-00-00-00-00-00-00-00-00-00-00-00-00-00-00-00-00-00-00
[12:05:29:497]HidD_GetInputReport=True
[12:05:29:497]reply_report=00-4F-00-00-00-00-00-00-00-00-00-00-00-00-00-00-00-00-00-00-00-00-00-00-00-00-00-00-00-00-00-00-00-00-00-00-00-00-00-00-00-00-00-00-00-00-00-00-00-00-00-00-00-00-00-00-00-00-00-00-00-00-00-00-00
[12:05:29:497]50-41-0E-10-01-E0 [CMD_SENT][REMOTE_GET_MODE]
[12:05:29:500][HID_TX_ack]00-19-50-49-01-C0-B9-CD-00-00-03-00-0E-90-00-50-49-0E-EF-00-00-00-00-02-00-E0-01-17-32-00-00-00-00-00-00-00-00-00-00-00-00-00-00-00-00-00-00-00-00-00-00-00-00-00-00-00-00-00-00-00-00-00-00-00-00
[12:05:29:500]50-49-01-C0-B9-CD-00-00-03-00-0E-90-00
[12:05:29:500]50-49-0E-EF-00-00-00-00-02-00-E0-01-
[12:05:29:500]REMOTE_GET_MODE=01
[12:05:29:500][HID_TX]00-80-07-6C-3E-50-41-06-11-01-00-63-00-00-00-00-00-00-00-00-00-00-00-00-00-00-00-00-00-00-00-00-00-00-00-00-00-00-00-00-00-00-00-00-00-00-00-00-00-00-00-00-00-00-00-00-00-00-00-00-00-00-00-00-00
[12:05:29:501]HidD_GetInputReport=True
[12:05:29:501]reply_report=00-4F-00-00-00-00-00-00-00-00-00-00-00-00-00-00-00-00-00-00-00-00-00-00-00-00-00-00-00-00-00-00-00-00-00-00-00-00-00-00-00-00-00-00-00-00-00-00-00-00-00-00-00-00-00-00-00-00-00-00-00-00-00-00-00
[12:05:29:501]50-41-06-11-01-00-63 [CMD_SENT][CMD_GET_IO_LEVEL]
[12:05:29:532][HID_TX_ack]00-12-50-49-01-F0-B3-15-01-00-08-00-06-91-00-01-FF-FF-1F-00-00-00-00-02-00-E0-01-17-32-00-00-00-00-00-00-00-00-00-00-00-00-00-00-00-00-00-00-00-00-00-00-00-00-00-00-00-00-00-00-00-00-00-00-00-00
[12:05:29:532]50-49-01-F0-B3-15-01-00-08-00-06-91-00-01-FF-FF-1F-00
[12:05:29:852][HID_TX]00-80-06-6B-A2-50-41-0E-12-01-E0-00-00-00-00-00-00-00-00-00-00-00-00-00-00-00-00-00-00-00-00-00-00-00-00-00-00-00-00-00-00-00-00-00-00-00-00-00-00-00-00-00-00-00-00-00-00-00-00-00-00-00-00-00-00
[12:05:29:854]HidD_GetInputReport=True
[12:05:29:854]reply_report=00-4F-00-00-00-00-00-00-00-00-00-00-00-00-00-00-00-00-00-00-00-00-00-00-00-00-00-00-00-00-00-00-00-00-00-00-00-00-00-00-00-00-00-00-00-00-00-00-00-00-00-00-00-00-00-00-00-00-00-00-00-00-00-00-00
[12:05:29:854]50-41-0E-12-01-E0 [CMD_SENT][REMOTE_GET_MODE]
[12:05:29:856][HID_TX_ack]00-19-50-49-01-C0-D6-CE-00-00-03-00-0E-92-00-50-49-0E-F1-00-00-00-00-02-00-E0-01-17-32-00-00-00-00-00-00-00-00-00-00-00-00-00-00-00-00-00-00-00-00-00-00-00-00-00-00-00-00-00-00-00-00-00-00-00-00
[12:05:29:856]50-49-01-C0-D6-CE-00-00-03-00-0E-92-00
[12:05:29:856]50-49-0E-F1-00-00-00-00-02-00-E0-01-
[12:05:29:856]REMOTE_GET_MODE=01
[12:05:29:857][HID_TX]00-80-07-87-11-50-41-06-13-01-00-63-00-00-00-00-00-00-00-00-00-00-00-00-00-00-00-00-00-00-00-00-00-00-00-00-00-00-00-00-00-00-00-00-00-00-00-00-00-00-00-00-00-00-00-00-00-00-00-00-00-00-00-00-00
[12:05:29:858]HidD_GetInputReport=True
[12:05:29:858]reply_report=00-4F-00-00-00-00-00-00-00-00-00-00-00-00-00-00-00-00-00-00-00-00-00-00-00-00-00-00-00-00-00-00-00-00-00-00-00-00-00-00-00-00-00-00-00-00-00-00-00-00-00-00-00-00-00-00-00-00-00-00-00-00-00-00-00
[12:05:29:858]50-41-06-13-01-00-63 [CMD_SENT][CMD_GET_IO_LEVEL]
[12:05:29:891][HID_TX_ack]00-12-50-49-01-F2-D9-16-01-00-08-00-06-93-00-01-FF-FF-1F-00-00-00-00-02-00-E0-01-17-32-00-00-00-00-00-00-00-00-00-00-00-00-00-00-00-00-00-00-00-00-00-00-00-00-00-00-00-00-00-00-00-00-00-00-00-00
[12:05:29:892]50-49-01-F2-D9-16-01-00-08-00-06-93-00-01-FF-FF-1F-00
[12:05:30:210][HID_TX]00-80-06-56-D2-50-41-0E-14-01-E0-00-00-00-00-00-00-00-00-00-00-00-00-00-00-00-00-00-00-00-00-00-00-00-00-00-00-00-00-00-00-00-00-00-00-00-00-00-00-00-00-00-00-00-00-00-00-00-00-00-00-00-00-00-00
[12:05:30:211]HidD_GetInputReport=True
[12:05:30:212]reply_report=00-4F-00-00-00-00-00-00-00-00-00-00-00-00-00-00-00-00-00-00-00-00-00-00-00-00-00-00-00-00-00-00-00-00-00-00-00-00-00-00-00-00-00-00-00-00-00-00-00-00-00-00-00-00-00-00-00-00-00-00-00-00-00-00-00
[12:05:30:212]50-41-0E-14-01-E0 [CMD_SENT][REMOTE_GET_MODE]
[12:05:30:214][HID_TX_ack]00-19-50-49-01-C0-F5-CF-00-00-03-00-0E-94-00-50-49-0E-F3-00-00-00-00-02-00-E0-01-17-32-00-00-00-00-00-00-00-00-00-00-00-00-00-00-00-00-00-00-00-00-00-00-00-00-00-00-00-00-00-00-00-00-00-00-00-00
[12:05:30:214]50-49-01-C0-F5-CF-00-00-03-00-0E-94-00
[12:05:30:214]50-49-0E-F3-00-00-00-00-02-00-E0-01-
[12:05:30:214]REMOTE_GET_MODE=01
[12:05:30:214][HID_TX]00-80-07-BA-61-50-41-06-15-01-00-63-00-00-00-00-00-00-00-00-00-00-00-00-00-00-00-00-00-00-00-00-00-00-00-00-00-00-00-00-00-00-00-00-00-00-00-00-00-00-00-00-00-00-00-00-00-00-00-00-00-00-00-00-00
[12:05:30:215]HidD_GetInputReport=True
[12:05:30:215]reply_report=00-4F-00-00-00-00-00-00-00-00-00-00-00-00-00-00-00-00-00-00-00-00-00-00-00-00-00-00-00-00-00-00-00-00-00-00-00-00-00-00-00-00-00-00-00-00-00-00-00-00-00-00-00-00-00-00-00-00-00-00-00-00-00-00-00
[12:05:30:215]50-41-06-15-01-00-63 [CMD_SENT][CMD_GET_IO_LEVEL]
[12:05:30:250][HID_TX_ack]00-12-50-49-01-F4-F1-17-01-00-08-00-06-95-00-01-FF-FF-1F-00-00-00-00-02-00-E0-01-17-32-00-00-00-00-00-00-00-00-00-00-00-00-00-00-00-00-00-00-00-00-00-00-00-00-00-00-00-00-00-00-00-00-00-00-00-00
[12:05:30:250]50-49-01-F4-F1-17-01-00-08-00-06-95-00-01-FF-FF-1F-00
[12:05:30:584][HID_TX]00-80-06-BD-FD-50-41-0E-16-01-E0-00-00-00-00-00-00-00-00-00-00-00-00-00-00-00-00-00-00-00-00-00-00-00-00-00-00-00-00-00-00-00-00-00-00-00-00-00-00-00-00-00-00-00-00-00-00-00-00-00-00-00-00-00-00
[12:05:30:585]HidD_GetInputReport=True
[12:05:30:585]reply_report=00-4F-00-00-00-00-00-00-00-00-00-00-00-00-00-00-00-00-00-00-00-00-00-00-00-00-00-00-00-00-00-00-00-00-00-00-00-00-00-00-00-00-00-00-00-00-00-00-00-00-00-00-00-00-00-00-00-00-00-00-00-00-00-00-00
[12:05:30:585]50-41-0E-16-01-E0 [CMD_SENT][REMOTE_GET_MODE]
[12:05:30:587][HID_TX_ack]00-19-50-49-01-C0-1F-D1-00-00-03-00-0E-96-00-50-49-0E-F5-00-00-00-00-02-00-E0-01-17-32-00-00-00-00-00-00-00-00-00-00-00-00-00-00-00-00-00-00-00-00-00-00-00-00-00-00-00-00-00-00-00-00-00-00-00-00
[12:05:30:587]50-49-01-C0-1F-D1-00-00-03-00-0E-96-00
[12:05:30:587]50-49-0E-F5-00-00-00-00-02-00-E0-01-
[12:05:30:587]REMOTE_GET_MODE=01
[12:05:30:587][HID_TX]00-80-07-51-4E-50-41-06-17-01-00-63-00-00-00-00-00-00-00-00-00-00-00-00-00-00-00-00-00-00-00-00-00-00-00-00-00-00-00-00-00-00-00-00-00-00-00-00-00-00-00-00-00-00-00-00-00-00-00-00-00-00-00-00-00
[12:05:30:588]HidD_GetInputReport=True
[12:05:30:588]reply_report=00-4F-00-00-00-00-00-00-00-00-00-00-00-00-00-00-00-00-00-00-00-00-00-00-00-00-00-00-00-00-00-00-00-00-00-00-00-00-00-00-00-00-00-00-00-00-00-00-00-00-00-00-00-00-00-00-00-00-00-00-00-00-00-00-00
[12:05:30:588]50-41-06-17-01-00-63 [CMD_SENT][CMD_GET_IO_LEVEL]
[12:05:30:617][HID_TX_ack]00-12-50-49-01-F6-18-19-01-00-08-00-06-97-00-01-FF-FF-1F-00-00-00-00-02-00-E0-01-17-32-00-00-00-00-00-00-00-00-00-00-00-00-00-00-00-00-00-00-00-00-00-00-00-00-00-00-00-00-00-00-00-00-00-00-00-00
[12:05:30:617]50-49-01-F6-18-19-01-00-08-00-06-97-00-01-FF-FF-1F-00
[12:05:30:942][HID_TX]00-80-06-2C-32-50-41-0E-18-01-E0-00-00-00-00-00-00-00-00-00-00-00-00-00-00-00-00-00-00-00-00-00-00-00-00-00-00-00-00-00-00-00-00-00-00-00-00-00-00-00-00-00-00-00-00-00-00-00-00-00-00-00-00-00-00
[12:05:30:943]HidD_GetInputReport=True
[12:05:30:943]reply_report=00-4F-00-00-00-00-00-00-00-00-00-00-00-00-00-00-00-00-00-00-00-00-00-00-00-00-00-00-00-00-00-00-00-00-00-00-00-00-00-00-00-00-00-00-00-00-00-00-00-00-00-00-00-00-00-00-00-00-00-00-00-00-00-00-00
[12:05:30:943]50-41-0E-18-01-E0 [CMD_SENT][REMOTE_GET_MODE]
[12:05:30:946][HID_TX_ack]00-19-50-49-01-C0-3E-D2-00-00-03-00-0E-98-00-50-49-0E-F7-00-00-00-00-02-00-E0-01-17-32-00-00-00-00-00-00-00-00-00-00-00-00-00-00-00-00-00-00-00-00-00-00-00-00-00-00-00-00-00-00-00-00-00-00-00-00
[12:05:30:946]50-49-01-C0-3E-D2-00-00-03-00-0E-98-00
[12:05:30:946]50-49-0E-F7-00-00-00-00-02-00-E0-01-
[12:05:30:946]REMOTE_GET_MODE=01
[12:05:30:946][HID_TX]00-80-07-C0-81-50-41-06-19-01-00-63-00-00-00-00-00-00-00-00-00-00-00-00-00-00-00-00-00-00-00-00-00-00-00-00-00-00-00-00-00-00-00-00-00-00-00-00-00-00-00-00-00-00-00-00-00-00-00-00-00-00-00-00-00
[12:05:30:947]HidD_GetInputReport=True
[12:05:30:947]reply_report=00-4F-00-00-00-00-00-00-00-00-00-00-00-00-00-00-00-00-00-00-00-00-00-00-00-00-00-00-00-00-00-00-00-00-00-00-00-00-00-00-00-00-00-00-00-00-00-00-00-00-00-00-00-00-00-00-00-00-00-00-00-00-00-00-00
[12:05:30:947]50-41-06-19-01-00-63 [CMD_SENT][CMD_GET_IO_LEVEL]
[12:05:30:976][HID_TX_ack]00-12-50-49-01-F8-3D-1A-01-00-08-00-06-99-00-01-FF-FF-1F-00-00-00-00-02-00-E0-01-17-32-00-00-00-00-00-00-00-00-00-00-00-00-00-00-00-00-00-00-00-00-00-00-00-00-00-00-00-00-00-00-00-00-00-00-00-00
[12:05:30:977]50-49-01-F8-3D-1A-01-00-08-00-06-99-00-01-FF-FF-1F-00
[12:05:31:300][HID_TX]00-80-06-C7-1D-50-41-0E-1A-01-E0-00-00-00-00-00-00-00-00-00-00-00-00-00-00-00-00-00-00-00-00-00-00-00-00-00-00-00-00-00-00-00-00-00-00-00-00-00-00-00-00-00-00-00-00-00-00-00-00-00-00-00-00-00-00
[12:05:31:301]HidD_GetInputReport=True
[12:05:31:301]reply_report=00-4F-00-00-00-00-00-00-00-00-00-00-00-00-00-00-00-00-00-00-00-00-00-00-00-00-00-00-00-00-00-00-00-00-00-00-00-00-00-00-00-00-00-00-00-00-00-00-00-00-00-00-00-00-00-00-00-00-00-00-00-00-00-00-00
[12:05:31:301]50-41-0E-1A-01-E0 [CMD_SENT][REMOTE_GET_MODE]
[12:05:31:304][HID_TX_ack]00-19-50-49-01-C0-5D-D3-00-00-03-00-0E-9A-00-50-49-0E-F9-00-00-00-00-02-00-E0-01-17-32-00-00-00-00-00-00-00-00-00-00-00-00-00-00-00-00-00-00-00-00-00-00-00-00-00-00-00-00-00-00-00-00-00-00-00-00
[12:05:31:304]50-49-01-C0-5D-D3-00-00-03-00-0E-9A-00
[12:05:31:304]50-49-0E-F9-00-00-00-00-02-00-E0-01-
[12:05:31:304]REMOTE_GET_MODE=01
[12:05:31:304][HID_TX]00-80-07-2B-AE-50-41-06-1B-01-00-63-00-00-00-00-00-00-00-00-00-00-00-00-00-00-00-00-00-00-00-00-00-00-00-00-00-00-00-00-00-00-00-00-00-00-00-00-00-00-00-00-00-00-00-00-00-00-00-00-00-00-00-00-00
[12:05:31:306]HidD_GetInputReport=True
[12:05:31:306]reply_report=00-4F-00-00-00-00-00-00-00-00-00-00-00-00-00-00-00-00-00-00-00-00-00-00-00-00-00-00-00-00-00-00-00-00-00-00-00-00-00-00-00-00-00-00-00-00-00-00-00-00-00-00-00-00-00-00-00-00-00-00-00-00-00-00-00
[12:05:31:306]50-41-06-1B-01-00-63 [CMD_SENT][CMD_GET_IO_LEVEL]
[12:05:31:330][HID_TX_ack]00-12-50-49-01-FA-62-1B-01-00-08-00-06-9B-00-01-FF-FF-1F-00-00-00-00-02-00-E0-01-17-32-00-00-00-00-00-00-00-00-00-00-00-00-00-00-00-00-00-00-00-00-00-00-00-00-00-00-00-00-00-00-00-00-00-00-00-00
[12:05:31:330]50-49-01-FA-62-1B-01-00-08-00-06-9B-00-01-FF-FF-1F-00
[12:05:31:659][HID_TX]00-80-06-FA-6D-50-41-0E-1C-01-E0-00-00-00-00-00-00-00-00-00-00-00-00-00-00-00-00-00-00-00-00-00-00-00-00-00-00-00-00-00-00-00-00-00-00-00-00-00-00-00-00-00-00-00-00-00-00-00-00-00-00-00-00-00-00
[12:05:31:660]HidD_GetInputReport=True
[12:05:31:660]reply_report=00-4F-00-00-00-00-00-00-00-00-00-00-00-00-00-00-00-00-00-00-00-00-00-00-00-00-00-00-00-00-00-00-00-00-00-00-00-00-00-00-00-00-00-00-00-00-00-00-00-00-00-00-00-00-00-00-00-00-00-00-00-00-00-00-00
[12:05:31:660]50-41-0E-1C-01-E0 [CMD_SENT][REMOTE_GET_MODE]
[12:05:31:662][HID_TX_ack]00-19-50-49-01-C0-7B-D4-00-00-03-00-0E-9C-00-50-49-0E-FB-00-00-00-00-02-00-E0-01-17-32-00-00-00-00-00-00-00-00-00-00-00-00-00-00-00-00-00-00-00-00-00-00-00-00-00-00-00-00-00-00-00-00-00-00-00-00
[12:05:31:662]50-49-01-C0-7B-D4-00-00-03-00-0E-9C-00
[12:05:31:662]50-49-0E-FB-00-00-00-00-02-00-E0-01-
[12:05:31:662]REMOTE_GET_MODE=01
[12:05:31:662][HID_TX]00-80-07-16-DE-50-41-06-1D-01-00-63-00-00-00-00-00-00-00-00-00-00-00-00-00-00-00-00-00-00-00-00-00-00-00-00-00-00-00-00-00-00-00-00-00-00-00-00-00-00-00-00-00-00-00-00-00-00-00-00-00-00-00-00-00
[12:05:31:663]HidD_GetInputReport=True
[12:05:31:663]reply_report=00-4F-00-00-00-00-00-00-00-00-00-00-00-00-00-00-00-00-00-00-00-00-00-00-00-00-00-00-00-00-00-00-00-00-00-00-00-00-00-00-00-00-00-00-00-00-00-00-00-00-00-00-00-00-00-00-00-00-00-00-00-00-00-00-00
[12:05:31:663]50-41-06-1D-01-00-63 [CMD_SENT][CMD_GET_IO_LEVEL]
[12:05:31:695][HID_TX_ack]00-12-50-49-01-FC-85-1C-01-00-08-00-06-9D-00-01-FF-FF-1F-00-00-00-00-02-00-E0-01-17-32-00-00-00-00-00-00-00-00-00-00-00-00-00-00-00-00-00-00-00-00-00-00-00-00-00-00-00-00-00-00-00-00-00-00-00-00
[12:05:31:695]50-49-01-FC-85-1C-01-00-08-00-06-9D-00-01-FF-FF-1F-00
[12:05:32:017][HID_TX]00-80-06-11-42-50-41-0E-1E-01-E0-00-00-00-00-00-00-00-00-00-00-00-00-00-00-00-00-00-00-00-00-00-00-00-00-00-00-00-00-00-00-00-00-00-00-00-00-00-00-00-00-00-00-00-00-00-00-00-00-00-00-00-00-00-00
[12:05:32:019]HidD_GetInputReport=True
[12:05:32:019]reply_report=00-4F-00-00-00-00-00-00-00-00-00-00-00-00-00-00-00-00-00-00-00-00-00-00-00-00-00-00-00-00-00-00-00-00-00-00-00-00-00-00-00-00-00-00-00-00-00-00-00-00-00-00-00-00-00-00-00-00-00-00-00-00-00-00-00
[12:05:32:019]50-41-0E-1E-01-E0 [CMD_SENT][REMOTE_GET_MODE]
[12:05:32:021][HID_TX_ack]00-19-50-49-01-C0-9A-D5-00-00-03-00-0E-9E-00-50-49-0E-FD-00-00-00-00-02-00-E0-01-17-32-00-00-00-00-00-00-00-00-00-00-00-00-00-00-00-00-00-00-00-00-00-00-00-00-00-00-00-00-00-00-00-00-00-00-00-00
[12:05:32:021]50-49-01-C0-9A-D5-00-00-03-00-0E-9E-00
[12:05:32:021]50-49-0E-FD-00-00-00-00-02-00-E0-01-
[12:05:32:021]REMOTE_GET_MODE=01
[12:05:32:022][HID_TX]00-80-07-FD-F1-50-41-06-1F-01-00-63-00-00-00-00-00-00-00-00-00-00-00-00-00-00-00-00-00-00-00-00-00-00-00-00-00-00-00-00-00-00-00-00-00-00-00-00-00-00-00-00-00-00-00-00-00-00-00-00-00-00-00-00-00
[12:05:32:023]HidD_GetInputReport=True
[12:05:32:023]reply_report=00-4F-00-00-00-00-00-00-00-00-00-00-00-00-00-00-00-00-00-00-00-00-00-00-00-00-00-00-00-00-00-00-00-00-00-00-00-00-00-00-00-00-00-00-00-00-00-00-00-00-00-00-00-00-00-00-00-00-00-00-00-00-00-00-00
[12:05:32:023]50-41-06-1F-01-00-63 [CMD_SENT][CMD_GET_IO_LEVEL]
[12:05:32:054][HID_TX_ack]00-12-50-49-01-FE-94-1D-01-00-08-00-06-9F-00-01-FF-FF-1F-00-00-00-00-02-00-E0-01-17-32-00-00-00-00-00-00-00-00-00-00-00-00-00-00-00-00-00-00-00-00-00-00-00-00-00-00-00-00-00-00-00-00-00-00-00-00
[12:05:32:054]50-49-01-FE-94-1D-01-00-08-00-06-9F-00-01-FF-FF-1F-00
[12:05:32:377][HID_TX]00-80-06-0B-3C-50-41-0E-20-01-E0-00-00-00-00-00-00-00-00-00-00-00-00-00-00-00-00-00-00-00-00-00-00-00-00-00-00-00-00-00-00-00-00-00-00-00-00-00-00-00-00-00-00-00-00-00-00-00-00-00-00-00-00-00-00
[12:05:32:378]HidD_GetInputReport=True
[12:05:32:378]reply_report=00-4F-00-00-00-00-00-00-00-00-00-00-00-00-00-00-00-00-00-00-00-00-00-00-00-00-00-00-00-00-00-00-00-00-00-00-00-00-00-00-00-00-00-00-00-00-00-00-00-00-00-00-00-00-00-00-00-00-00-00-00-00-00-00-00
[12:05:32:378]50-41-0E-20-01-E0 [CMD_SENT][REMOTE_GET_MODE]
[12:05:32:382][HID_TX_ack]00-19-50-49-01-C0-B9-D6-00-00-03-00-0E-A0-00-50-49-0E-FF-00-00-00-00-02-00-E0-01-17-32-00-00-00-00-00-00-00-00-00-00-00-00-00-00-00-00-00-00-00-00-00-00-00-00-00-00-00-00-00-00-00-00-00-00-00-00
[12:05:32:382]50-49-01-C0-B9-D6-00-00-03-00-0E-A0-00
[12:05:32:382]50-49-0E-FF-00-00-00-00-02-00-E0-01-
[12:05:32:382]REMOTE_GET_MODE=01
[12:05:32:382][HID_TX]00-80-07-E7-8F-50-41-06-21-01-00-63-00-00-00-00-00-00-00-00-00-00-00-00-00-00-00-00-00-00-00-00-00-00-00-00-00-00-00-00-00-00-00-00-00-00-00-00-00-00-00-00-00-00-00-00-00-00-00-00-00-00-00-00-00
[12:05:32:383]HidD_GetInputReport=True
[12:05:32:383]reply_report=00-4F-00-00-00-00-00-00-00-00-00-00-00-00-00-00-00-00-00-00-00-00-00-00-00-00-00-00-00-00-00-00-00-00-00-00-00-00-00-00-00-00-00-00-00-00-00-00-00-00-00-00-00-00-00-00-00-00-00-00-00-00-00-00-00
[12:05:32:383]50-41-06-21-01-00-63 [CMD_SENT][CMD_GET_IO_LEVEL]
[12:05:32:421][HID_TX_ack]00-12-50-49-01-C0-B9-1E-01-00-08-00-06-A1-00-01-F7-FF-1F-00-00-00-00-02-00-E0-01-17-32-00-00-00-00-00-00-00-00-00-00-00-00-00-00-00-00-00-00-00-00-00-00-00-00-00-00-00-00-00-00-00-00-00-00-00-00
[12:05:32:421]50-49-01-C0-B9-1E-01-00-08-00-06-A1-00-01-F7-FF-1F-00
[12:05:32:752][HID_TX]00-80-06-E0-13-50-41-0E-22-01-E0-00-00-00-00-00-00-00-00-00-00-00-00-00-00-00-00-00-00-00-00-00-00-00-00-00-00-00-00-00-00-00-00-00-00-00-00-00-00-00-00-00-00-00-00-00-00-00-00-00-00-00-00-00-00
[12:05:32:753]HidD_GetInputReport=True
[12:05:32:753]reply_report=00-4F-00-00-00-00-00-00-00-00-00-00-00-00-00-00-00-00-00-00-00-00-00-00-00-00-00-00-00-00-00-00-00-00-00-00-00-00-00-00-00-00-00-00-00-00-00-00-00-00-00-00-00-00-00-00-00-00-00-00-00-00-00-00-00
[12:05:32:753]50-41-0E-22-01-E0 [CMD_SENT][REMOTE_GET_MODE]
[12:05:32:757][HID_TX_ack]00-19-50-49-01-C0-E6-D7-00-00-03-00-0E-A2-00-50-49-0E-C1-00-00-00-00-02-00-E0-01-17-32-00-00-00-00-00-00-00-00-00-00-00-00-00-00-00-00-00-00-00-00-00-00-00-00-00-00-00-00-00-00-00-00-00-00-00-00
[12:05:32:757]50-49-01-C0-E6-D7-00-00-03-00-0E-A2-00
[12:05:32:757]50-49-0E-C1-00-00-00-00-02-00-E0-01-
[12:05:32:757]REMOTE_GET_MODE=01
[12:05:32:757][HID_TX]00-80-07-0C-A0-50-41-06-23-01-00-63-00-00-00-00-00-00-00-00-00-00-00-00-00-00-00-00-00-00-00-00-00-00-00-00-00-00-00-00-00-00-00-00-00-00-00-00-00-00-00-00-00-00-00-00-00-00-00-00-00-00-00-00-00
[12:05:32:758]HidD_GetInputReport=True
[12:05:32:758]reply_report=00-4F-00-00-00-00-00-00-00-00-00-00-00-00-00-00-00-00-00-00-00-00-00-00-00-00-00-00-00-00-00-00-00-00-00-00-00-00-00-00-00-00-00-00-00-00-00-00-00-00-00-00-00-00-00-00-00-00-00-00-00-00-00-00-00
[12:05:32:758]50-41-06-23-01-00-63 [CMD_SENT][CMD_GET_IO_LEVEL]
[12:05:32:787][HID_TX_ack]00-12-50-49-01-C2-E0-1F-01-00-08-00-06-A3-00-01-F7-FF-1F-00-00-00-00-02-00-E0-01-17-32-00-00-00-00-00-00-00-00-00-00-00-00-00-00-00-00-00-00-00-00-00-00-00-00-00-00-00-00-00-00-00-00-00-00-00-00
[12:05:32:788]50-49-01-C2-E0-1F-01-00-08-00-06-A3-00-01-F7-FF-1F-00
[12:05:33:981][HID_TX]00-80-06-DD-63-50-41-0E-24-01-E0-00-00-00-00-00-00-00-00-00-00-00-00-00-00-00-00-00-00-00-00-00-00-00-00-00-00-00-00-00-00-00-00-00-00-00-00-00-00-00-00-00-00-00-00-00-00-00-00-00-00-00-00-00-00
[12:05:33:982]HidD_GetInputReport=True
[12:05:33:982]reply_report=00-4F-00-00-00-00-00-00-00-00-00-00-00-00-00-00-00-00-00-00-00-00-00-00-00-00-00-00-00-00-00-00-00-00-00-00-00-00-00-00-00-00-00-00-00-00-00-00-00-00-00-00-00-00-00-00-00-00-00-00-00-00-00-00-00
[12:05:33:982]50-41-0E-24-01-E0 [CMD_SENT][REMOTE_GET_MODE]
[12:05:33:986][HID_TX_ack]00-19-50-49-01-C0-BD-DB-00-00-03-00-0E-A4-00-50-49-0E-C3-00-00-00-00-02-00-E0-01-17-32-00-00-00-00-00-00-00-00-00-00-00-00-00-00-00-00-00-00-00-00-00-00-00-00-00-00-00-00-00-00-00-00-00-00-00-00
[12:05:33:986]50-49-01-C0-BD-DB-00-00-03-00-0E-A4-00
[12:05:33:986]50-49-0E-C3-00-00-00-00-02-00-E0-01-
[12:05:33:986]REMOTE_GET_MODE=01
[12:05:33:986][HID_TX]00-80-07-31-D0-50-41-06-25-01-00-63-00-00-00-00-00-00-00-00-00-00-00-00-00-00-00-00-00-00-00-00-00-00-00-00-00-00-00-00-00-00-00-00-00-00-00-00-00-00-00-00-00-00-00-00-00-00-00-00-00-00-00-00-00
[12:05:33:988]HidD_GetInputReport=True
[12:05:33:988]reply_report=00-4F-00-00-00-00-00-00-00-00-00-00-00-00-00-00-00-00-00-00-00-00-00-00-00-00-00-00-00-00-00-00-00-00-00-00-00-00-00-00-00-00-00-00-00-00-00-00-00-00-00-00-00-00-00-00-00-00-00-00-00-00-00-00-00
[12:05:33:988]50-41-06-25-01-00-63 [CMD_SENT][CMD_GET_IO_LEVEL]
[12:05:34:022][HID_TX_ack]00-12-50-49-01-C4-C1-23-01-00-08-00-06-A5-00-01-FF-FF-1F-00-00-00-00-02-00-E0-01-17-32-00-00-00-00-00-00-00-00-00-00-00-00-00-00-00-00-00-00-00-00-00-00-00-00-00-00-00-00-00-00-00-00-00-00-00-00
[12:05:34:022]50-49-01-C4-C1-23-01-00-08-00-06-A5-00-01-FF-FF-1F-00
[12:05:34:353][HID_TX]00-80-06-36-4C-50-41-0E-26-01-E0-00-00-00-00-00-00-00-00-00-00-00-00-00-00-00-00-00-00-00-00-00-00-00-00-00-00-00-00-00-00-00-00-00-00-00-00-00-00-00-00-00-00-00-00-00-00-00-00-00-00-00-00-00-00
[12:05:34:354]HidD_GetInputReport=True
[12:05:34:354]reply_report=00-4F-00-00-00-00-00-00-00-00-00-00-00-00-00-00-00-00-00-00-00-00-00-00-00-00-00-00-00-00-00-00-00-00-00-00-00-00-00-00-00-00-00-00-00-00-00-00-00-00-00-00-00-00-00-00-00-00-00-00-00-00-00-00-00
[12:05:34:354]50-41-0E-26-01-E0 [CMD_SENT][REMOTE_GET_MODE]
[12:05:34:357][HID_TX_ack]00-19-50-49-01-C0-E7-DC-00-00-03-00-0E-A6-00-50-49-0E-C5-00-00-00-00-02-00-E0-01-17-32-00-00-00-00-00-00-00-00-00-00-00-00-00-00-00-00-00-00-00-00-00-00-00-00-00-00-00-00-00-00-00-00-00-00-00-00
[12:05:34:357]50-49-01-C0-E7-DC-00-00-03-00-0E-A6-00
[12:05:34:357]50-49-0E-C5-00-00-00-00-02-00-E0-01-
[12:05:34:357]REMOTE_GET_MODE=01
[12:05:34:357][HID_TX]00-80-07-DA-FF-50-41-06-27-01-00-63-00-00-00-00-00-00-00-00-00-00-00-00-00-00-00-00-00-00-00-00-00-00-00-00-00-00-00-00-00-00-00-00-00-00-00-00-00-00-00-00-00-00-00-00-00-00-00-00-00-00-00-00-00
[12:05:34:358]HidD_GetInputReport=True
[12:05:34:358]reply_report=00-4F-00-00-00-00-00-00-00-00-00-00-00-00-00-00-00-00-00-00-00-00-00-00-00-00-00-00-00-00-00-00-00-00-00-00-00-00-00-00-00-00-00-00-00-00-00-00-00-00-00-00-00-00-00-00-00-00-00-00-00-00-00-00-00
[12:05:34:358]50-41-06-27-01-00-63 [CMD_SENT][CMD_GET_IO_LEVEL]
[12:05:34:389][HID_TX_ack]00-12-50-49-01-C6-ED-24-01-00-08-00-06-A7-00-01-FF-FF-1F-00-00-00-00-02-00-E0-01-17-32-00-00-00-00-00-00-00-00-00-00-00-00-00-00-00-00-00-00-00-00-00-00-00-00-00-00-00-00-00-00-00-00-00-00-00-00
[12:05:34:389]50-49-01-C6-ED-24-01-00-08-00-06-A7-00-01-FF-FF-1F-00
[12:05:34:708][HID_TX]00-80-06-A7-83-50-41-0E-28-01-E0-00-00-00-00-00-00-00-00-00-00-00-00-00-00-00-00-00-00-00-00-00-00-00-00-00-00-00-00-00-00-00-00-00-00-00-00-00-00-00-00-00-00-00-00-00-00-00-00-00-00-00-00-00-00
[12:05:34:709]HidD_GetInputReport=True
[12:05:34:709]reply_report=00-4F-00-00-00-00-00-00-00-00-00-00-00-00-00-00-00-00-00-00-00-00-00-00-00-00-00-00-00-00-00-00-00-00-00-00-00-00-00-00-00-00-00-00-00-00-00-00-00-00-00-00-00-00-00-00-00-00-00-00-00-00-00-00-00
[12:05:34:709]50-41-0E-28-01-E0 [CMD_SENT][REMOTE_GET_MODE]
[12:05:34:712][HID_TX_ack]00-19-50-49-01-C0-03-DE-00-00-03-00-0E-A8-00-50-49-0E-C7-00-00-00-00-02-00-E0-01-17-32-00-00-00-00-00-00-00-00-00-00-00-00-00-00-00-00-00-00-00-00-00-00-00-00-00-00-00-00-00-00-00-00-00-00-00-00
[12:05:34:712]50-49-01-C0-03-DE-00-00-03-00-0E-A8-00
[12:05:34:712]50-49-0E-C7-00-00-00-00-02-00-E0-01-
[12:05:34:712]REMOTE_GET_MODE=01
[12:05:34:712][HID_TX]00-80-07-4B-30-50-41-06-29-01-00-63-00-00-00-00-00-00-00-00-00-00-00-00-00-00-00-00-00-00-00-00-00-00-00-00-00-00-00-00-00-00-00-00-00-00-00-00-00-00-00-00-00-00-00-00-00-00-00-00-00-00-00-00-00
[12:05:34:713]HidD_GetInputReport=True
[12:05:34:713]reply_report=00-4F-00-00-00-00-00-00-00-00-00-00-00-00-00-00-00-00-00-00-00-00-00-00-00-00-00-00-00-00-00-00-00-00-00-00-00-00-00-00-00-00-00-00-00-00-00-00-00-00-00-00-00-00-00-00-00-00-00-00-00-00-00-00-00
[12:05:34:713]50-41-06-29-01-00-63 [CMD_SENT][CMD_GET_IO_LEVEL]
[12:05:34:748][HID_TX_ack]00-12-50-49-01-C8-FF-25-01-00-08-00-06-A9-00-01-FF-FF-1E-00-00-00-00-02-00-E0-01-17-32-00-00-00-00-00-00-00-00-00-00-00-00-00-00-00-00-00-00-00-00-00-00-00-00-00-00-00-00-00-00-00-00-00-00-00-00
[12:05:34:748]50-49-01-C8-FF-25-01-00-08-00-06-A9-00-01-FF-FF-1E-00
[12:05:35:068][HID_TX]00-80-06-4C-AC-50-41-0E-2A-01-E0-00-00-00-00-00-00-00-00-00-00-00-00-00-00-00-00-00-00-00-00-00-00-00-00-00-00-00-00-00-00-00-00-00-00-00-00-00-00-00-00-00-00-00-00-00-00-00-00-00-00-00-00-00-00
[12:05:35:070]HidD_GetInputReport=True
[12:05:35:070]reply_report=00-4F-00-00-00-00-00-00-00-00-00-00-00-00-00-00-00-00-00-00-00-00-00-00-00-00-00-00-00-00-00-00-00-00-00-00-00-00-00-00-00-00-00-00-00-00-00-00-00-00-00-00-00-00-00-00-00-00-00-00-00-00-00-00-00
[12:05:35:070]50-41-0E-2A-01-E0 [CMD_SENT][REMOTE_GET_MODE]
[12:05:35:072][HID_TX_ack]00-19-50-49-01-C0-23-DF-00-00-03-00-0E-AA-00-50-49-0E-C9-00-00-00-00-02-00-E0-01-17-32-00-00-00-00-00-00-00-00-00-00-00-00-00-00-00-00-00-00-00-00-00-00-00-00-00-00-00-00-00-00-00-00-00-00-00-00
[12:05:35:072]50-49-01-C0-23-DF-00-00-03-00-0E-AA-00
[12:05:35:072]50-49-0E-C9-00-00-00-00-02-00-E0-01-
[12:05:35:072]REMOTE_GET_MODE=01
[12:05:35:072][HID_TX]00-80-07-A0-1F-50-41-06-2B-01-00-63-00-00-00-00-00-00-00-00-00-00-00-00-00-00-00-00-00-00-00-00-00-00-00-00-00-00-00-00-00-00-00-00-00-00-00-00-00-00-00-00-00-00-00-00-00-00-00-00-00-00-00-00-00
[12:05:35:073]HidD_GetInputReport=True
[12:05:35:073]reply_report=00-4F-00-00-00-00-00-00-00-00-00-00-00-00-00-00-00-00-00-00-00-00-00-00-00-00-00-00-00-00-00-00-00-00-00-00-00-00-00-00-00-00-00-00-00-00-00-00-00-00-00-00-00-00-00-00-00-00-00-00-00-00-00-00-00
[12:05:35:073]50-41-06-2B-01-00-63 [CMD_SENT][CMD_GET_IO_LEVEL]
[12:05:35:106][HID_TX_ack]00-12-50-49-01-CA-25-27-01-00-08-00-06-AB-00-01-FF-FF-1E-00-00-00-00-02-00-E0-01-17-32-00-00-00-00-00-00-00-00-00-00-00-00-00-00-00-00-00-00-00-00-00-00-00-00-00-00-00-00-00-00-00-00-00-00-00-00
[12:05:35:107]50-49-01-CA-25-27-01-00-08-00-06-AB-00-01-FF-FF-1E-00
[12:05:36:480][HID_TX]00-80-06-71-DC-50-41-0E-2C-01-E0-00-00-00-00-00-00-00-00-00-00-00-00-00-00-00-00-00-00-00-00-00-00-00-00-00-00-00-00-00-00-00-00-00-00-00-00-00-00-00-00-00-00-00-00-00-00-00-00-00-00-00-00-00-00
[12:05:36:481]HidD_GetInputReport=True
[12:05:36:481]reply_report=00-4F-00-00-00-00-00-00-00-00-00-00-00-00-00-00-00-00-00-00-00-00-00-00-00-00-00-00-00-00-00-00-00-00-00-00-00-00-00-00-00-00-00-00-00-00-00-00-00-00-00-00-00-00-00-00-00-00-00-00-00-00-00-00-00
[12:05:36:481]50-41-0E-2C-01-E0 [CMD_SENT][REMOTE_GET_MODE]
[12:05:36:484][HID_TX_ack]00-19-50-49-01-C0-8D-E3-00-00-03-00-0E-AC-00-50-49-0E-CB-00-00-00-00-02-00-E0-01-17-32-00-00-00-00-00-00-00-00-00-00-00-00-00-00-00-00-00-00-00-00-00-00-00-00-00-00-00-00-00-00-00-00-00-00-00-00
[12:05:36:484]50-49-01-C0-8D-E3-00-00-03-00-0E-AC-00
[12:05:36:484]50-49-0E-CB-00-00-00-00-02-00-E0-01-
[12:05:36:484]REMOTE_GET_MODE=01
[12:05:36:484][HID_TX]00-80-07-9D-6F-50-41-06-2D-01-00-63-00-00-00-00-00-00-00-00-00-00-00-00-00-00-00-00-00-00-00-00-00-00-00-00-00-00-00-00-00-00-00-00-00-00-00-00-00-00-00-00-00-00-00-00-00-00-00-00-00-00-00-00-00
[12:05:36:485]HidD_GetInputReport=True
[12:05:36:485]reply_report=00-4F-00-00-00-00-00-00-00-00-00-00-00-00-00-00-00-00-00-00-00-00-00-00-00-00-00-00-00-00-00-00-00-00-00-00-00-00-00-00-00-00-00-00-00-00-00-00-00-00-00-00-00-00-00-00-00-00-00-00-00-00-00-00-00
[12:05:36:485]50-41-06-2D-01-00-63 [CMD_SENT][CMD_GET_IO_LEVEL]
[12:05:36:515][HID_TX_ack]00-12-50-49-01-CC-86-2B-01-00-08-00-06-AD-00-01-FF-FF-1F-00-00-00-00-02-00-E0-01-17-32-00-00-00-00-00-00-00-00-00-00-00-00-00-00-00-00-00-00-00-00-00-00-00-00-00-00-00-00-00-00-00-00-00-00-00-00
[12:05:36:515]50-49-01-CC-86-2B-01-00-08-00-06-AD-00-01-FF-FF-1F-00
[12:05:36:837][HID_TX]00-80-06-9A-F3-50-41-0E-2E-01-E0-00-00-00-00-00-00-00-00-00-00-00-00-00-00-00-00-00-00-00-00-00-00-00-00-00-00-00-00-00-00-00-00-00-00-00-00-00-00-00-00-00-00-00-00-00-00-00-00-00-00-00-00-00-00
[12:05:36:839]HidD_GetInputReport=True
[12:05:36:839]reply_report=00-4F-00-00-00-00-00-00-00-00-00-00-00-00-00-00-00-00-00-00-00-00-00-00-00-00-00-00-00-00-00-00-00-00-00-00-00-00-00-00-00-00-00-00-00-00-00-00-00-00-00-00-00-00-00-00-00-00-00-00-00-00-00-00-00
[12:05:36:839]50-41-0E-2E-01-E0 [CMD_SENT][REMOTE_GET_MODE]
[12:05:36:841][HID_TX_ack]00-19-50-49-01-C0-AA-E4-00-00-03-00-0E-AE-00-50-49-0E-CD-00-00-00-00-02-00-E0-01-17-32-00-00-00-00-00-00-00-00-00-00-00-00-00-00-00-00-00-00-00-00-00-00-00-00-00-00-00-00-00-00-00-00-00-00-00-00
[12:05:36:841]50-49-01-C0-AA-E4-00-00-03-00-0E-AE-00
[12:05:36:841]50-49-0E-CD-00-00-00-00-02-00-E0-01-
[12:05:36:841]REMOTE_GET_MODE=01
[12:05:36:841][HID_TX]00-80-07-76-40-50-41-06-2F-01-00-63-00-00-00-00-00-00-00-00-00-00-00-00-00-00-00-00-00-00-00-00-00-00-00-00-00-00-00-00-00-00-00-00-00-00-00-00-00-00-00-00-00-00-00-00-00-00-00-00-00-00-00-00-00
[12:05:36:842]HidD_GetInputReport=True
[12:05:36:842]reply_report=00-4F-00-00-00-00-00-00-00-00-00-00-00-00-00-00-00-00-00-00-00-00-00-00-00-00-00-00-00-00-00-00-00-00-00-00-00-00-00-00-00-00-00-00-00-00-00-00-00-00-00-00-00-00-00-00-00-00-00-00-00-00-00-00-00
[12:05:36:842]50-41-06-2F-01-00-63 [CMD_SENT][CMD_GET_IO_LEVEL]
[12:05:36:883][HID_TX_ack]00-12-50-49-01-CE-AB-2C-01-00-08-00-06-AF-00-01-FF-FF-1D-00-00-00-00-02-00-E0-01-17-32-00-00-00-00-00-00-00-00-00-00-00-00-00-00-00-00-00-00-00-00-00-00-00-00-00-00-00-00-00-00-00-00-00-00-00-00
[12:05:36:883]50-49-01-CE-AB-2C-01-00-08-00-06-AF-00-01-FF-FF-1D-00
[12:05:37:207][HID_TX]00-80-06-72-53-50-41-0E-30-01-E0-00-00-00-00-00-00-00-00-00-00-00-00-00-00-00-00-00-00-00-00-00-00-00-00-00-00-00-00-00-00-00-00-00-00-00-00-00-00-00-00-00-00-00-00-00-00-00-00-00-00-00-00-00-00
[12:05:37:210]HidD_GetInputReport=True
[12:05:37:210]reply_report=00-4F-00-00-00-00-00-00-00-00-00-00-00-00-00-00-00-00-00-00-00-00-00-00-00-00-00-00-00-00-00-00-00-00-00-00-00-00-00-00-00-00-00-00-00-00-00-00-00-00-00-00-00-00-00-00-00-00-00-00-00-00-00-00-00
[12:05:37:210]50-41-0E-30-01-E0 [CMD_SENT][REMOTE_GET_MODE]
[12:05:37:212][HID_TX_ack]00-19-50-49-01-C0-D3-E5-00-00-03-00-0E-B0-00-50-49-0E-CF-00-00-00-00-02-00-E0-01-17-32-00-00-00-00-00-00-00-00-00-00-00-00-00-00-00-00-00-00-00-00-00-00-00-00-00-00-00-00-00-00-00-00-00-00-00-00
[12:05:37:212]50-49-01-C0-D3-E5-00-00-03-00-0E-B0-00
[12:05:37:212]50-49-0E-CF-00-00-00-00-02-00-E0-01-
[12:05:37:212]REMOTE_GET_MODE=01
[12:05:37:212][HID_TX]00-80-07-9E-E0-50-41-06-31-01-00-63-00-00-00-00-00-00-00-00-00-00-00-00-00-00-00-00-00-00-00-00-00-00-00-00-00-00-00-00-00-00-00-00-00-00-00-00-00-00-00-00-00-00-00-00-00-00-00-00-00-00-00-00-00
[12:05:37:213]HidD_GetInputReport=True
[12:05:37:213]reply_report=00-4F-00-00-00-00-00-00-00-00-00-00-00-00-00-00-00-00-00-00-00-00-00-00-00-00-00-00-00-00-00-00-00-00-00-00-00-00-00-00-00-00-00-00-00-00-00-00-00-00-00-00-00-00-00-00-00-00-00-00-00-00-00-00-00
[12:05:37:213]50-41-06-31-01-00-63 [CMD_SENT][CMD_GET_IO_LEVEL]
[12:05:37:241][HID_TX_ack]00-12-50-49-01-D0-D1-2D-01-00-08-00-06-B1-00-01-FF-FF-1D-00-00-00-00-02-00-E0-01-17-32-00-00-00-00-00-00-00-00-00-00-00-00-00-00-00-00-00-00-00-00-00-00-00-00-00-00-00-00-00-00-00-00-00-00-00-00
[12:05:37:241]50-49-01-D0-D1-2D-01-00-08-00-06-B1-00-01-FF-FF-1D-00
[12:05:37:626][HID_TX_ack]00-0D-50-49-11-D1-1E-E7-00-00-03-00-20-E9-00-01-FF-FF-1D-00-00-00-00-02-00-E0-01-17-32-00-00-00-00-00-00-00-00-00-00-00-00-00-00-00-00-00-00-00-00-00-00-00-00-00-00-00-00-00-00-00-00-00-00-00-00
[12:05:37:626]50-49-11-D1-1E-E7-00-00-03-00-20-E9-00
[12:05:37:633][HID_TX_ack]00-0D-50-49-01-C0-24-E7-00-00-03-00-11-8E-18-01-FF-FF-1D-00-00-00-00-02-00-E0-01-17-32-00-00-00-00-00-00-00-00-00-00-00-00-00-00-00-00-00-00-00-00-00-00-00-00-00-00-00-00-00-00-00-00-00-00-00-00
[12:05:37:633]50-49-01-C0-24-E7-00-00-03-00-11-8E-18
[12:05:37:639][HID_TX_ack]00-0D-50-49-01-C0-28-E7-00-00-03-00-11-8F-17-01-FF-FF-1D-00-00-00-00-02-00-E0-01-17-32-00-00-00-00-00-00-00-00-00-00-00-00-00-00-00-00-00-00-00-00-00-00-00-00-00-00-00-00-00-00-00-00-00-00-00-00
[12:05:37:639]50-49-01-C0-28-E7-00-00-03-00-11-8F-17
[12:05:37:641][HID_TX_ack]00-0D-50-49-11-D2-29-E7-00-00-03-00-20-00-00-01-FF-FF-1D-00-00-00-00-02-00-E0-01-17-32-00-00-00-00-00-00-00-00-00-00-00-00-00-00-00-00-00-00-00-00-00-00-00-00-00-00-00-00-00-00-00-00-00-00-00-00
[12:05:37:641]50-49-11-D2-29-E7-00-00-03-00-20-00-00
[12:05:38:312][HID_TX]00-80-07-19-88-50-41-0E-32-02-E1-00-00-00-00-00-00-00-00-00-00-00-00-00-00-00-00-00-00-00-00-00-00-00-00-00-00-00-00-00-00-00-00-00-00-00-00-00-00-00-00-00-00-00-00-00-00-00-00-00-00-00-00-00-00
[12:05:38:312]HidD_GetInputReport=True
[12:05:38:312]reply_report=00-4F-00-00-00-00-00-00-00-00-00-00-00-00-00-00-00-00-00-00-00-00-00-00-00-00-00-00-00-00-00-00-00-00-00-00-00-00-00-00-00-00-00-00-00-00-00-00-00-00-00-00-00-00-00-00-00-00-00-00-00-00-00-00-00
[12:05:38:312]50-41-0E-32-02-E1-00 [CMD_SENT][REMOTE_SET_MODE] is_remote=False
[12:05:38:316][HID_TX_ack]00-0D-50-49-01-C0-45-E9-00-00-03-00-0E-B2-00-01-FF-FF-1D-00-00-00-00-02-00-E0-01-17-32-00-00-00-00-00-00-00-00-00-00-00-00-00-00-00-00-00-00-00-00-00-00-00-00-00-00-00-00-00-00-00-00-00-00-00-00
[12:05:38:316]50-49-01-C0-45-E9-00-00-03-00-0E-B2-00
[12:05:38:317]ystech_Power_Saving, is_EnablePowerSaving=True
[12:05:38:317][HID_TX]00-85-01-73-56-02-00-00-00-00-00-00-00-00-00-00-00-00-00-00-00-00-00-00-00-00-00-00-00-00-00-00-00-00-00-00-00-00-00-00-00-00-00-00-00-00-00-00-00-00-00-00-00-00-00-00-00-00-00-00-00-00-00-00-00
[12:05:38:319]HidD_GetInputReport=True
[12:05:38:319]reply_report=00-4F-00-00-00-00-00-00-00-00-00-00-00-00-00-00-00-00-00-00-00-00-00-00-00-00-00-00-00-00-00-00-00-00-00-00-00-00-00-00-00-00-00-00-00-00-00-00-00-00-00-00-00-00-00-00-00-00-00-00-00-00-00-00-00
[12:05:38:319]HID_CMD_POWER_SAVING_Enable
[12:05:38:319]close_hid_stream
[12:05:38:319]close_hid_handle
