[15:21:32:582]\\?\hid#dell09c2&col02#5&bc4dc33&0&0001#{4d1e55b2-f16f-11cf-88cb-001111000030}
[15:21:32:582]\\?\hid#dell09c2&col03#5&bc4dc33&0&0002#{4d1e55b2-f16f-11cf-88cb-001111000030}
[15:21:32:582]\\?\hid#intc816&col01#3&207f9b7f&0&0000#{4d1e55b2-f16f-11cf-88cb-001111000030}
[15:21:32:582]\\?\hid#intc816&col02#3&207f9b7f&0&0001#{4d1e55b2-f16f-11cf-88cb-001111000030}
[15:21:32:582]\\?\hid#converteddevice&col02#5&17bac0a6&0&0001#{4d1e55b2-f16f-11cf-88cb-001111000030}
[15:21:32:582]\\?\hid#converteddevice&col03#5&17bac0a6&0&0002#{4d1e55b2-f16f-11cf-88cb-001111000030}
[15:21:32:582]\\?\hid#dell09c2&col04#5&bc4dc33&0&0003#{4d1e55b2-f16f-11cf-88cb-001111000030}
[15:21:32:582]\\?\hid#{00001812-0000-1000-8000-00805f9b34fb}_dev_vid&0232c2_pid&0001_rev&0068_ccb624cd66b1#9&326e3aae&0&0000#{4d1e55b2-f16f-11cf-88cb-001111000030}
[15:21:32:582]\\?\hid#dell09c2&col05#5&bc4dc33&0&0004#{4d1e55b2-f16f-11cf-88cb-001111000030}
[15:21:32:582]\\?\hid#converteddevice&col01#5&17bac0a6&0&0000#{4d1e55b2-f16f-11cf-88cb-001111000030}\kbd
[15:21:32:582]\\?\hid#dell09c2&col01#5&bc4dc33&0&0000#{4d1e55b2-f16f-11cf-88cb-001111000030}
[15:21:32:582]\\?\hid#vid_046d&pid_0adf&mi_00#7&3e7114f&0&0000#{4d1e55b2-f16f-11cf-88cb-001111000030}
[15:21:32:582]\\?\hid#vid_046d&pid_0adf&mi_04#7&31212da2&0&0000#{4d1e55b2-f16f-11cf-88cb-001111000030}
[15:21:32:584]try_path=\\?\hid#vid_046d&pid_0adf&mi_00#7&3e7114f&0&0000#{4d1e55b2-f16f-11cf-88cb-001111000030}
[15:21:32:585]	InputReportByteLength=65
[15:21:32:585]	OutputReportByteLength=65
[15:21:32:586]HID_Connected=\\?\hid#vid_046d&pid_0adf&mi_00#7&3e7114f&0&0000#{4d1e55b2-f16f-11cf-88cb-001111000030}
[15:21:32:587][HID_TX]00-84-01-D1-55-01-00-00-00-00-00-00-00-00-00-00-00-00-00-00-00-00-00-00-00-00-00-00-00-00-00-00-00-00-00-00-00-00-00-00-00-00-00-00-00-00-00-00-00-00-00-00-00-00-00-00-00-00-00-00-00-00-00-00-00
[15:21:32:589]HidD_GetInputReport=True
[15:21:32:589]reply_report=00-4F-56-31-2E-38-2E-35-2E-31-00-00-00-00-00-00-00-00-00-00-00-00-00-00-00-00-00-00-00-00-00-00-00-00-00-00-00-00-00-00-00-00-00-00-00-00-00-00-00-00-00-00-00-00-00-00-00-00-00-00-00-00-00-00-00
[15:21:32:589][ys_tech] fw_version=V1.8.5.1
[15:21:32:589]ystech_Power_Saving, is_EnablePowerSaving=False
[15:21:32:589][HID_TX]00-85-01-83-8B-01-00-00-00-00-00-00-00-00-00-00-00-00-00-00-00-00-00-00-00-00-00-00-00-00-00-00-00-00-00-00-00-00-00-00-00-00-00-00-00-00-00-00-00-00-00-00-00-00-00-00-00-00-00-00-00-00-00-00-00
[15:21:32:590]HidD_GetInputReport=True
[15:21:32:590]reply_report=00-46-00-00-00-00-00-00-00-00-00-00-00-00-00-00-00-00-00-00-00-00-00-00-00-00-00-00-00-00-00-00-00-00-00-00-00-00-00-00-00-00-00-00-00-00-00-00-00-00-00-00-00-00-00-00-00-00-00-00-00-00-00-00-00
[15:21:32:605][Response Fail][System.Exception]
[15:21:32:610]   at ..(Boolean  )
   at ..(Byte  , Byte[]  )
[15:21:32:666]_ystech_retry_count=1
[15:21:32:666][HID_TX]00-85-01-83-8B-01-00-00-00-00-00-00-00-00-00-00-00-00-00-00-00-00-00-00-00-00-00-00-00-00-00-00-00-00-00-00-00-00-00-00-00-00-00-00-00-00-00-00-00-00-00-00-00-00-00-00-00-00-00-00-00-00-00-00-00
[15:21:32:667]HidD_GetInputReport=True
[15:21:32:667]reply_report=00-4F-00-00-00-00-00-00-00-00-00-00-00-00-00-00-00-00-00-00-00-00-00-00-00-00-00-00-00-00-00-00-00-00-00-00-00-00-00-00-00-00-00-00-00-00-00-00-00-00-00-00-00-00-00-00-00-00-00-00-00-00-00-00-00
[15:21:32:667]HID_CMD_POWER_SAVING_Disable
[15:21:32:667]path_connected=\\?\hid#vid_046d&pid_0adf&mi_00#7&3e7114f&0&0000#{4d1e55b2-f16f-11cf-88cb-001111000030}
[15:21:36:312][HID_TX]00-80-06-1C-7D-50-41-0E-01-01-E0-00-00-00-00-00-00-00-00-00-00-00-00-00-00-00-00-00-00-00-00-00-00-00-00-00-00-00-00-00-00-00-00-00-00-00-00-00-00-00-00-00-00-00-00-00-00-00-00-00-00-00-00-00-00
[15:21:36:312]HidD_GetInputReport=True
[15:21:36:312]reply_report=00-4F-00-00-00-00-00-00-00-00-00-00-00-00-00-00-00-00-00-00-00-00-00-00-00-00-00-00-00-00-00-00-00-00-00-00-00-00-00-00-00-00-00-00-00-00-00-00-00-00-00-00-00-00-00-00-00-00-00-00-00-00-00-00-00
[15:21:36:312]50-41-0E-01-01-E0 [CMD_SENT][REMOTE_GET_MODE]
[15:21:36:319][HID_TX_ack]00-19-50-49-01-C0-00-61-00-00-03-00-0E-81-00-50-49-0E-C5-00-00-00-00-02-00-E0-00-00-32-50-49-01-C0-22-05-00-00-03-00-11-88-19-00-00-00-00-00-00-00-00-00-00-00-00-00-00-00-00-00-00-00-00-00-00-00
[15:21:36:323]REMOTE_GET_MODE=00
[15:21:36:323]50-49-01-C0-00-61-00-00-03-00-0E-81-00
[15:21:36:323]50-49-0E-C5-00-00-00-00-02-00-E0-00-
[15:21:36:324][HID_TX]00-80-07-F5-A5-50-41-0E-02-02-E1-01-00-00-00-00-00-00-00-00-00-00-00-00-00-00-00-00-00-00-00-00-00-00-00-00-00-00-00-00-00-00-00-00-00-00-00-00-00-00-00-00-00-00-00-00-00-00-00-00-00-00-00-00-00
[15:21:36:326]HidD_GetInputReport=True
[15:21:36:326]reply_report=00-4F-00-00-00-00-00-00-00-00-00-00-00-00-00-00-00-00-00-00-00-00-00-00-00-00-00-00-00-00-00-00-00-00-00-00-00-00-00-00-00-00-00-00-00-00-00-00-00-00-00-00-00-00-00-00-00-00-00-00-00-00-00-00-00
[15:21:36:326]50-41-0E-02-02-E1-01 [CMD_SENT][REMOTE_SET_MODE] is_remote=True
[15:21:36:329][HID_TX_ack]00-0D-50-49-01-C0-0B-61-00-00-03-00-0E-82-00-50-49-0E-C5-00-00-00-00-02-00-E0-00-00-32-50-49-01-C0-22-05-00-00-03-00-11-88-19-00-00-00-00-00-00-00-00-00-00-00-00-00-00-00-00-00-00-00-00-00-00-00
[15:21:36:329]50-49-01-C0-0B-61-00-00-03-00-0E-82-00
[15:21:36:329][HID_TX]00-80-13-A8-D9-50-41-06-03-0D-00-25-34-12-5A-5A-01-00-00-00-F0-00-00-00-00-00-00-00-00-00-00-00-00-00-00-00-00-00-00-00-00-00-00-00-00-00-00-00-00-00-00-00-00-00-00-00-00-00-00-00-00-00-00-00-00
[15:21:36:329]HidD_GetInputReport=True
[15:21:36:329]reply_report=00-4F-00-00-00-00-00-00-00-00-00-00-00-00-00-00-00-00-00-00-00-00-00-00-00-00-00-00-00-00-00-00-00-00-00-00-00-00-00-00-00-00-00-00-00-00-00-00-00-00-00-00-00-00-00-00-00-00-00-00-00-00-00-00-00
[15:21:36:329]50-41-06-03-0D-00-25-34-12-5A-5A-01-00-00-00-F0-00-00-00 [CMD_SENT][OTA_CMD_IOCTL][READ_MAX_LEN]
[15:21:36:361][HID_TX_ack]00-11-50-49-01-C6-BD-7A-00-00-07-00-06-83-00-F0-00-00-00-00-00-00-00-02-00-E0-00-00-32-50-49-01-C0-22-05-00-00-03-00-11-88-19-00-00-00-00-00-00-00-00-00-00-00-00-00-00-00-00-00-00-00-00-00-00-00
[15:21:36:361]50-49-01-C6-BD-7A-00-00-07-00-06-83-00-F0-00-00-00
[15:21:36:361][HID_TX]00-80-06-2F-BD-50-41-0E-04-01-E0-00-00-00-00-00-00-00-00-00-00-00-00-00-00-00-00-00-00-00-00-00-00-00-00-00-00-00-00-00-00-00-00-00-00-00-00-00-00-00-00-00-00-00-00-00-00-00-00-00-00-00-00-00-00
[15:21:36:363]HidD_GetInputReport=True
[15:21:36:363]reply_report=00-4F-00-00-00-00-00-00-00-00-00-00-00-00-00-00-00-00-00-00-00-00-00-00-00-00-00-00-00-00-00-00-00-00-00-00-00-00-00-00-00-00-00-00-00-00-00-00-00-00-00-00-00-00-00-00-00-00-00-00-00-00-00-00-00
[15:21:36:363]50-41-0E-04-01-E0 [CMD_SENT][REMOTE_GET_MODE]
[15:21:36:366][HID_TX_ack]00-19-50-49-01-C0-29-61-00-00-03-00-0E-84-00-50-49-0E-C7-00-00-00-00-02-00-E0-01-00-32-50-49-01-C0-22-05-00-00-03-00-11-88-19-00-00-00-00-00-00-00-00-00-00-00-00-00-00-00-00-00-00-00-00-00-00-00
[15:21:36:366]50-49-01-C0-29-61-00-00-03-00-0E-84-00
[15:21:36:366]50-49-0E-C7-00-00-00-00-02-00-E0-01-
[15:21:36:366]REMOTE_GET_MODE=01
[15:21:36:366][HID_TX]00-80-07-C3-0E-50-41-06-05-01-00-63-00-00-00-00-00-00-00-00-00-00-00-00-00-00-00-00-00-00-00-00-00-00-00-00-00-00-00-00-00-00-00-00-00-00-00-00-00-00-00-00-00-00-00-00-00-00-00-00-00-00-00-00-00
[15:21:36:366]HidD_GetInputReport=True
[15:21:36:366]reply_report=00-4F-00-00-00-00-00-00-00-00-00-00-00-00-00-00-00-00-00-00-00-00-00-00-00-00-00-00-00-00-00-00-00-00-00-00-00-00-00-00-00-00-00-00-00-00-00-00-00-00-00-00-00-00-00-00-00-00-00-00-00-00-00-00-00
[15:21:36:366]50-41-06-05-01-00-63 [CMD_SENT][CMD_GET_IO_LEVEL]
[15:21:36:378][HID_TX_ack]00-12-50-49-01-C8-C8-7A-00-00-08-00-06-85-00-01-FF-FF-1F-00-00-00-00-02-00-E0-01-00-32-50-49-01-C0-22-05-00-00-03-00-11-88-19-00-00-00-00-00-00-00-00-00-00-00-00-00-00-00-00-00-00-00-00-00-00-00
[15:21:36:378]50-49-01-C8-C8-7A-00-00-08-00-06-85-00-01-FF-FF-1F-00
[15:21:37:998][HID_TX]00-80-06-C4-92-50-41-0E-06-01-E0-00-00-00-00-00-00-00-00-00-00-00-00-00-00-00-00-00-00-00-00-00-00-00-00-00-00-00-00-00-00-00-00-00-00-00-00-00-00-00-00-00-00-00-00-00-00-00-00-00-00-00-00-00-00
[15:21:37:999]HidD_GetInputReport=True
[15:21:37:999]reply_report=00-4F-00-00-00-00-00-00-00-00-00-00-00-00-00-00-00-00-00-00-00-00-00-00-00-00-00-00-00-00-00-00-00-00-00-00-00-00-00-00-00-00-00-00-00-00-00-00-00-00-00-00-00-00-00-00-00-00-00-00-00-00-00-00-00
[15:21:37:999]50-41-0E-06-01-E0 [CMD_SENT][REMOTE_GET_MODE]
[15:21:38:002][HID_TX_ack]00-19-50-49-01-C0-46-66-00-00-03-00-0E-86-00-50-49-0E-C9-00-00-00-00-02-00-E0-01-00-32-50-49-01-C0-22-05-00-00-03-00-11-88-19-00-00-00-00-00-00-00-00-00-00-00-00-00-00-00-00-00-00-00-00-00-00-00
[15:21:38:002]50-49-01-C0-46-66-00-00-03-00-0E-86-00
[15:21:38:002]50-49-0E-C9-00-00-00-00-02-00-E0-01-
[15:21:38:002]REMOTE_GET_MODE=01
[15:21:38:002][HID_TX]00-80-07-28-21-50-41-06-07-01-00-63-00-00-00-00-00-00-00-00-00-00-00-00-00-00-00-00-00-00-00-00-00-00-00-00-00-00-00-00-00-00-00-00-00-00-00-00-00-00-00-00-00-00-00-00-00-00-00-00-00-00-00-00-00
[15:21:38:003]HidD_GetInputReport=True
[15:21:38:003]reply_report=00-4F-00-00-00-00-00-00-00-00-00-00-00-00-00-00-00-00-00-00-00-00-00-00-00-00-00-00-00-00-00-00-00-00-00-00-00-00-00-00-00-00-00-00-00-00-00-00-00-00-00-00-00-00-00-00-00-00-00-00-00-00-00-00-00
[15:21:38:003]50-41-06-07-01-00-63 [CMD_SENT][CMD_GET_IO_LEVEL]
[15:21:38:023][HID_TX_ack]00-12-50-49-01-CA-E7-7F-00-00-08-00-06-87-00-01-FF-FF-1F-00-00-00-00-02-00-E0-01-00-32-50-49-01-C0-22-05-00-00-03-00-11-88-19-00-00-00-00-00-00-00-00-00-00-00-00-00-00-00-00-00-00-00-00-00-00-00
[15:21:38:023]50-49-01-CA-E7-7F-00-00-08-00-06-87-00-01-FF-FF-1F-00
