[15:24:30:200]\\?\hid#dell09c2&col02#5&bc4dc33&0&0001#{4d1e55b2-f16f-11cf-88cb-001111000030}
[15:24:30:200]\\?\hid#dell09c2&col03#5&bc4dc33&0&0002#{4d1e55b2-f16f-11cf-88cb-001111000030}
[15:24:30:200]\\?\hid#intc816&col01#3&207f9b7f&0&0000#{4d1e55b2-f16f-11cf-88cb-001111000030}
[15:24:30:200]\\?\hid#intc816&col02#3&207f9b7f&0&0001#{4d1e55b2-f16f-11cf-88cb-001111000030}
[15:24:30:200]\\?\hid#converteddevice&col02#5&17bac0a6&0&0001#{4d1e55b2-f16f-11cf-88cb-001111000030}
[15:24:30:200]\\?\hid#converteddevice&col03#5&17bac0a6&0&0002#{4d1e55b2-f16f-11cf-88cb-001111000030}
[15:24:30:200]\\?\hid#dell09c2&col04#5&bc4dc33&0&0003#{4d1e55b2-f16f-11cf-88cb-001111000030}
[15:24:30:200]\\?\hid#{00001812-0000-1000-8000-00805f9b34fb}_dev_vid&0232c2_pid&0001_rev&0068_ccb624cd66b1#9&326e3aae&0&0000#{4d1e55b2-f16f-11cf-88cb-001111000030}
[15:24:30:201]\\?\hid#dell09c2&col05#5&bc4dc33&0&0004#{4d1e55b2-f16f-11cf-88cb-001111000030}
[15:24:30:201]\\?\hid#converteddevice&col01#5&17bac0a6&0&0000#{4d1e55b2-f16f-11cf-88cb-001111000030}\kbd
[15:24:30:201]\\?\hid#dell09c2&col01#5&bc4dc33&0&0000#{4d1e55b2-f16f-11cf-88cb-001111000030}
[15:24:30:201]\\?\hid#vid_046d&pid_0adf&mi_00#7&3ad8dff3&0&0000#{4d1e55b2-f16f-11cf-88cb-001111000030}
[15:24:30:201]\\?\hid#vid_046d&pid_0adf&mi_04#7&18e94d0e&0&0000#{4d1e55b2-f16f-11cf-88cb-001111000030}
[15:24:30:203]try_path=\\?\hid#vid_046d&pid_0adf&mi_00#7&3ad8dff3&0&0000#{4d1e55b2-f16f-11cf-88cb-001111000030}
[15:24:30:205]	InputReportByteLength=65
[15:24:30:205]	OutputReportByteLength=65
[15:24:30:206]HID_Connected=\\?\hid#vid_046d&pid_0adf&mi_00#7&3ad8dff3&0&0000#{4d1e55b2-f16f-11cf-88cb-001111000030}
[15:24:30:207][HID_TX]00-84-01-D1-55-01-00-00-00-00-00-00-00-00-00-00-00-00-00-00-00-00-00-00-00-00-00-00-00-00-00-00-00-00-00-00-00-00-00-00-00-00-00-00-00-00-00-00-00-00-00-00-00-00-00-00-00-00-00-00-00-00-00-00-00
[15:24:30:209]HidD_GetInputReport=True
[15:24:30:209]reply_report=00-4F-56-31-2E-38-2E-35-2E-31-00-00-00-00-00-00-00-00-00-00-00-00-00-00-00-00-00-00-00-00-00-00-00-00-00-00-00-00-00-00-00-00-00-00-00-00-00-00-00-00-00-00-00-00-00-00-00-00-00-00-00-00-00-00-00
[15:24:30:209][ys_tech] fw_version=V1.8.5.1
[15:24:30:209]ystech_Power_Saving, is_EnablePowerSaving=False
[15:24:30:209][HID_TX]00-85-01-83-8B-01-00-00-00-00-00-00-00-00-00-00-00-00-00-00-00-00-00-00-00-00-00-00-00-00-00-00-00-00-00-00-00-00-00-00-00-00-00-00-00-00-00-00-00-00-00-00-00-00-00-00-00-00-00-00-00-00-00-00-00
[15:24:30:211]HidD_GetInputReport=True
[15:24:30:211]reply_report=00-4F-00-00-00-00-00-00-00-00-00-00-00-00-00-00-00-00-00-00-00-00-00-00-00-00-00-00-00-00-00-00-00-00-00-00-00-00-00-00-00-00-00-00-00-00-00-00-00-00-00-00-00-00-00-00-00-00-00-00-00-00-00-00-00
[15:24:30:211]HID_CMD_POWER_SAVING_Disable
[15:24:30:211]path_connected=\\?\hid#vid_046d&pid_0adf&mi_00#7&3ad8dff3&0&0000#{4d1e55b2-f16f-11cf-88cb-001111000030}
[15:24:31:403][HID_TX]00-80-06-1C-7D-50-41-0E-01-01-E0-00-00-00-00-00-00-00-00-00-00-00-00-00-00-00-00-00-00-00-00-00-00-00-00-00-00-00-00-00-00-00-00-00-00-00-00-00-00-00-00-00-00-00-00-00-00-00-00-00-00-00-00-00-00
[15:24:31:405]HidD_GetInputReport=True
[15:24:31:405]reply_report=00-4F-00-00-00-00-00-00-00-00-00-00-00-00-00-00-00-00-00-00-00-00-00-00-00-00-00-00-00-00-00-00-00-00-00-00-00-00-00-00-00-00-00-00-00-00-00-00-00-00-00-00-00-00-00-00-00-00-00-00-00-00-00-00-00
[15:24:31:405]50-41-0E-01-01-E0 [CMD_SENT][REMOTE_GET_MODE]
[15:24:31:412][HID_TX_ack]00-19-50-49-01-C0-06-53-01-00-03-00-0E-81-00-50-49-0E-E1-00-00-00-00-02-00-E0-00-00-32-00-00-00-00-00-00-00-00-00-00-00-00-00-00-00-00-00-00-00-00-00-00-00-00-00-00-00-00-00-00-00-00-00-00-00-00
[15:24:31:419]REMOTE_GET_MODE=00
[15:24:31:419]50-49-01-C0-06-53-01-00-03-00-0E-81-00
[15:24:31:419]50-49-0E-E1-00-00-00-00-02-00-E0-00-
[15:24:31:420][HID_TX]00-80-07-1B-E1-50-41-06-02-01-00-63-00-00-00-00-00-00-00-00-00-00-00-00-00-00-00-00-00-00-00-00-00-00-00-00-00-00-00-00-00-00-00-00-00-00-00-00-00-00-00-00-00-00-00-00-00-00-00-00-00-00-00-00-00
[15:24:31:421]HidD_GetInputReport=True
[15:24:31:421]reply_report=00-4F-00-00-00-00-00-00-00-00-00-00-00-00-00-00-00-00-00-00-00-00-00-00-00-00-00-00-00-00-00-00-00-00-00-00-00-00-00-00-00-00-00-00-00-00-00-00-00-00-00-00-00-00-00-00-00-00-00-00-00-00-00-00-00
[15:24:31:421]50-41-06-02-01-00-63 [CMD_SENT][CMD_GET_IO_LEVEL]
[15:24:31:424][HID_TX_ack]00-12-50-49-01-C0-07-53-01-00-08-00-06-82-00-01-D8-FF-1F-00-00-00-00-02-00-E0-00-00-32-00-00-00-00-00-00-00-00-00-00-00-00-00-00-00-00-00-00-00-00-00-00-00-00-00-00-00-00-00-00-00-00-00-00-00-00
[15:24:31:424]50-49-01-C0-07-53-01-00-08-00-06-82-00-01-D8-FF-1F-00
[15:24:31:646][HID_TX]00-80-06-F7-52-50-41-0E-03-01-E0-00-00-00-00-00-00-00-00-00-00-00-00-00-00-00-00-00-00-00-00-00-00-00-00-00-00-00-00-00-00-00-00-00-00-00-00-00-00-00-00-00-00-00-00-00-00-00-00-00-00-00-00-00-00
[15:24:31:646]HidD_GetInputReport=True
[15:24:31:646]reply_report=00-4F-00-00-00-00-00-00-00-00-00-00-00-00-00-00-00-00-00-00-00-00-00-00-00-00-00-00-00-00-00-00-00-00-00-00-00-00-00-00-00-00-00-00-00-00-00-00-00-00-00-00-00-00-00-00-00-00-00-00-00-00-00-00-00
[15:24:31:646]50-41-0E-03-01-E0 [CMD_SENT][REMOTE_GET_MODE]
[15:24:31:652][HID_TX_ack]00-19-50-49-01-C0-07-53-01-00-03-00-0E-83-00-50-49-0E-E2-00-00-00-00-02-00-E0-00-00-32-00-00-00-00-00-00-00-00-00-00-00-00-00-00-00-00-00-00-00-00-00-00-00-00-00-00-00-00-00-00-00-00-00-00-00-00
[15:24:31:652]50-49-01-C0-07-53-01-00-03-00-0E-83-00
[15:24:31:652]50-49-0E-E2-00-00-00-00-02-00-E0-00-
[15:24:31:652]REMOTE_GET_MODE=00
[15:24:31:652][HID_TX]00-80-07-26-91-50-41-06-04-01-00-63-00-00-00-00-00-00-00-00-00-00-00-00-00-00-00-00-00-00-00-00-00-00-00-00-00-00-00-00-00-00-00-00-00-00-00-00-00-00-00-00-00-00-00-00-00-00-00-00-00-00-00-00-00
[15:24:31:653]HidD_GetInputReport=True
[15:24:31:653]reply_report=00-4F-00-00-00-00-00-00-00-00-00-00-00-00-00-00-00-00-00-00-00-00-00-00-00-00-00-00-00-00-00-00-00-00-00-00-00-00-00-00-00-00-00-00-00-00-00-00-00-00-00-00-00-00-00-00-00-00-00-00-00-00-00-00-00
[15:24:31:653]50-41-06-04-01-00-63 [CMD_SENT][CMD_GET_IO_LEVEL]
[15:24:31:655][HID_TX_ack]00-12-50-49-01-C0-07-53-01-00-08-00-06-84-00-01-D8-FF-1F-00-00-00-00-02-00-E0-00-00-32-00-00-00-00-00-00-00-00-00-00-00-00-00-00-00-00-00-00-00-00-00-00-00-00-00-00-00-00-00-00-00-00-00-00-00-00
[15:24:31:655]50-49-01-C0-07-53-01-00-08-00-06-84-00-01-D8-FF-1F-00
[15:24:31:880][HID_TX]00-80-06-CA-22-50-41-0E-05-01-E0-00-00-00-00-00-00-00-00-00-00-00-00-00-00-00-00-00-00-00-00-00-00-00-00-00-00-00-00-00-00-00-00-00-00-00-00-00-00-00-00-00-00-00-00-00-00-00-00-00-00-00-00-00-00
[15:24:31:880]HidD_GetInputReport=True
[15:24:31:880]reply_report=00-4F-00-00-00-00-00-00-00-00-00-00-00-00-00-00-00-00-00-00-00-00-00-00-00-00-00-00-00-00-00-00-00-00-00-00-00-00-00-00-00-00-00-00-00-00-00-00-00-00-00-00-00-00-00-00-00-00-00-00-00-00-00-00-00
[15:24:31:880]50-41-0E-05-01-E0 [CMD_SENT][REMOTE_GET_MODE]
[15:24:31:883][HID_TX_ack]00-19-50-49-01-C0-07-54-01-00-03-00-0E-85-00-50-49-0E-E3-00-00-00-00-02-00-E0-00-00-32-00-00-00-00-00-00-00-00-00-00-00-00-00-00-00-00-00-00-00-00-00-00-00-00-00-00-00-00-00-00-00-00-00-00-00-00
[15:24:31:883]50-49-01-C0-07-54-01-00-03-00-0E-85-00
[15:24:31:883]50-49-0E-E3-00-00-00-00-02-00-E0-00-
[15:24:31:883]REMOTE_GET_MODE=00
[15:24:31:883][HID_TX]00-80-07-CD-BE-50-41-06-06-01-00-63-00-00-00-00-00-00-00-00-00-00-00-00-00-00-00-00-00-00-00-00-00-00-00-00-00-00-00-00-00-00-00-00-00-00-00-00-00-00-00-00-00-00-00-00-00-00-00-00-00-00-00-00-00
[15:24:31:885]HidD_GetInputReport=True
[15:24:31:885]reply_report=00-4F-00-00-00-00-00-00-00-00-00-00-00-00-00-00-00-00-00-00-00-00-00-00-00-00-00-00-00-00-00-00-00-00-00-00-00-00-00-00-00-00-00-00-00-00-00-00-00-00-00-00-00-00-00-00-00-00-00-00-00-00-00-00-00
[15:24:31:885]50-41-06-06-01-00-63 [CMD_SENT][CMD_GET_IO_LEVEL]
[15:24:31:887][HID_TX_ack]00-12-50-49-01-C0-07-54-01-00-08-00-06-86-00-01-D8-FF-1F-00-00-00-00-02-00-E0-00-00-32-00-00-00-00-00-00-00-00-00-00-00-00-00-00-00-00-00-00-00-00-00-00-00-00-00-00-00-00-00-00-00-00-00-00-00-00
[15:24:31:887]50-49-01-C0-07-54-01-00-08-00-06-86-00-01-D8-FF-1F-00
[15:24:32:098][HID_TX]00-80-06-21-0D-50-41-0E-07-01-E0-00-00-00-00-00-00-00-00-00-00-00-00-00-00-00-00-00-00-00-00-00-00-00-00-00-00-00-00-00-00-00-00-00-00-00-00-00-00-00-00-00-00-00-00-00-00-00-00-00-00-00-00-00-00
[15:24:32:099]HidD_GetInputReport=True
[15:24:32:099]reply_report=00-4F-00-00-00-00-00-00-00-00-00-00-00-00-00-00-00-00-00-00-00-00-00-00-00-00-00-00-00-00-00-00-00-00-00-00-00-00-00-00-00-00-00-00-00-00-00-00-00-00-00-00-00-00-00-00-00-00-00-00-00-00-00-00-00
[15:24:32:099]50-41-0E-07-01-E0 [CMD_SENT][REMOTE_GET_MODE]
[15:24:32:102][HID_TX_ack]00-19-50-49-01-C0-07-55-01-00-03-00-0E-87-00-50-49-0E-E4-00-00-00-00-02-00-E0-00-00-32-00-00-00-00-00-00-00-00-00-00-00-00-00-00-00-00-00-00-00-00-00-00-00-00-00-00-00-00-00-00-00-00-00-00-00-00
[15:24:32:102]50-49-01-C0-07-55-01-00-03-00-0E-87-00
[15:24:32:102]50-49-0E-E4-00-00-00-00-02-00-E0-00-
[15:24:32:102]REMOTE_GET_MODE=00
[15:24:32:102][HID_TX]00-80-07-5C-71-50-41-06-08-01-00-63-00-00-00-00-00-00-00-00-00-00-00-00-00-00-00-00-00-00-00-00-00-00-00-00-00-00-00-00-00-00-00-00-00-00-00-00-00-00-00-00-00-00-00-00-00-00-00-00-00-00-00-00-00
[15:24:32:103]HidD_GetInputReport=True
[15:24:32:103]reply_report=00-4F-00-00-00-00-00-00-00-00-00-00-00-00-00-00-00-00-00-00-00-00-00-00-00-00-00-00-00-00-00-00-00-00-00-00-00-00-00-00-00-00-00-00-00-00-00-00-00-00-00-00-00-00-00-00-00-00-00-00-00-00-00-00-00
[15:24:32:103]50-41-06-08-01-00-63 [CMD_SENT][CMD_GET_IO_LEVEL]
[15:24:32:106][HID_TX_ack]00-12-50-49-01-C0-07-55-01-00-08-00-06-88-00-01-D8-FF-1F-00-00-00-00-02-00-E0-00-00-32-00-00-00-00-00-00-00-00-00-00-00-00-00-00-00-00-00-00-00-00-00-00-00-00-00-00-00-00-00-00-00-00-00-00-00-00
[15:24:32:106]50-49-01-C0-07-55-01-00-08-00-06-88-00-01-D8-FF-1F-00
[15:24:32:331][HID_TX]00-80-06-B0-C2-50-41-0E-09-01-E0-00-00-00-00-00-00-00-00-00-00-00-00-00-00-00-00-00-00-00-00-00-00-00-00-00-00-00-00-00-00-00-00-00-00-00-00-00-00-00-00-00-00-00-00-00-00-00-00-00-00-00-00-00-00
[15:24:32:333]HidD_GetInputReport=True
[15:24:32:333]reply_report=00-4F-00-00-00-00-00-00-00-00-00-00-00-00-00-00-00-00-00-00-00-00-00-00-00-00-00-00-00-00-00-00-00-00-00-00-00-00-00-00-00-00-00-00-00-00-00-00-00-00-00-00-00-00-00-00-00-00-00-00-00-00-00-00-00
[15:24:32:333]50-41-0E-09-01-E0 [CMD_SENT][REMOTE_GET_MODE]
[15:24:32:335][HID_TX_ack]00-19-50-49-01-C0-EC-55-01-00-03-00-0E-89-00-50-49-0E-E5-00-00-00-00-02-00-E0-00-00-32-00-00-00-00-00-00-00-00-00-00-00-00-00-00-00-00-00-00-00-00-00-00-00-00-00-00-00-00-00-00-00-00-00-00-00-00
[15:24:32:335]50-49-01-C0-EC-55-01-00-03-00-0E-89-00
[15:24:32:335]50-49-0E-E5-00-00-00-00-02-00-E0-00-
[15:24:32:335]REMOTE_GET_MODE=00
[15:24:32:335][HID_TX]00-80-07-B7-5E-50-41-06-0A-01-00-63-00-00-00-00-00-00-00-00-00-00-00-00-00-00-00-00-00-00-00-00-00-00-00-00-00-00-00-00-00-00-00-00-00-00-00-00-00-00-00-00-00-00-00-00-00-00-00-00-00-00-00-00-00
[15:24:32:336]HidD_GetInputReport=True
[15:24:32:336]reply_report=00-4F-00-00-00-00-00-00-00-00-00-00-00-00-00-00-00-00-00-00-00-00-00-00-00-00-00-00-00-00-00-00-00-00-00-00-00-00-00-00-00-00-00-00-00-00-00-00-00-00-00-00-00-00-00-00-00-00-00-00-00-00-00-00-00
[15:24:32:336]50-41-06-0A-01-00-63 [CMD_SENT][CMD_GET_IO_LEVEL]
[15:24:32:339][HID_TX_ack]00-12-50-49-01-C0-EF-55-01-00-08-00-06-8A-00-01-D8-FF-1F-00-00-00-00-02-00-E0-00-00-32-00-00-00-00-00-00-00-00-00-00-00-00-00-00-00-00-00-00-00-00-00-00-00-00-00-00-00-00-00-00-00-00-00-00-00-00
[15:24:32:339]50-49-01-C0-EF-55-01-00-08-00-06-8A-00-01-D8-FF-1F-00
[15:24:32:562][HID_TX]00-80-06-5B-ED-50-41-0E-0B-01-E0-00-00-00-00-00-00-00-00-00-00-00-00-00-00-00-00-00-00-00-00-00-00-00-00-00-00-00-00-00-00-00-00-00-00-00-00-00-00-00-00-00-00-00-00-00-00-00-00-00-00-00-00-00-00
[15:24:32:563]HidD_GetInputReport=True
[15:24:32:563]reply_report=00-4F-00-00-00-00-00-00-00-00-00-00-00-00-00-00-00-00-00-00-00-00-00-00-00-00-00-00-00-00-00-00-00-00-00-00-00-00-00-00-00-00-00-00-00-00-00-00-00-00-00-00-00-00-00-00-00-00-00-00-00-00-00-00-00
[15:24:32:564]50-41-0E-0B-01-E0 [CMD_SENT][REMOTE_GET_MODE]
[15:24:32:566][HID_TX_ack]00-19-50-49-01-C0-07-56-01-00-03-00-0E-8B-00-50-49-0E-E6-00-00-00-00-02-00-E0-00-00-32-00-00-00-00-00-00-00-00-00-00-00-00-00-00-00-00-00-00-00-00-00-00-00-00-00-00-00-00-00-00-00-00-00-00-00-00
[15:24:32:566]50-49-01-C0-07-56-01-00-03-00-0E-8B-00
[15:24:32:566]50-49-0E-E6-00-00-00-00-02-00-E0-00-
[15:24:32:566]REMOTE_GET_MODE=00
[15:24:32:566][HID_TX]00-80-07-8A-2E-50-41-06-0C-01-00-63-00-00-00-00-00-00-00-00-00-00-00-00-00-00-00-00-00-00-00-00-00-00-00-00-00-00-00-00-00-00-00-00-00-00-00-00-00-00-00-00-00-00-00-00-00-00-00-00-00-00-00-00-00
[15:24:32:568]HidD_GetInputReport=True
[15:24:32:568]reply_report=00-4F-00-00-00-00-00-00-00-00-00-00-00-00-00-00-00-00-00-00-00-00-00-00-00-00-00-00-00-00-00-00-00-00-00-00-00-00-00-00-00-00-00-00-00-00-00-00-00-00-00-00-00-00-00-00-00-00-00-00-00-00-00-00-00
[15:24:32:568]50-41-06-0C-01-00-63 [CMD_SENT][CMD_GET_IO_LEVEL]
[15:24:32:570][HID_TX_ack]00-12-50-49-01-C0-07-56-01-00-08-00-06-8C-00-01-D8-FF-1F-00-00-00-00-02-00-E0-00-00-32-00-00-00-00-00-00-00-00-00-00-00-00-00-00-00-00-00-00-00-00-00-00-00-00-00-00-00-00-00-00-00-00-00-00-00-00
[15:24:32:570]50-49-01-C0-07-56-01-00-08-00-06-8C-00-01-D8-FF-1F-00
[15:24:32:793][HID_TX]00-80-06-66-9D-50-41-0E-0D-01-E0-00-00-00-00-00-00-00-00-00-00-00-00-00-00-00-00-00-00-00-00-00-00-00-00-00-00-00-00-00-00-00-00-00-00-00-00-00-00-00-00-00-00-00-00-00-00-00-00-00-00-00-00-00-00
[15:24:32:794]HidD_GetInputReport=True
[15:24:32:794]reply_report=00-4F-00-00-00-00-00-00-00-00-00-00-00-00-00-00-00-00-00-00-00-00-00-00-00-00-00-00-00-00-00-00-00-00-00-00-00-00-00-00-00-00-00-00-00-00-00-00-00-00-00-00-00-00-00-00-00-00-00-00-00-00-00-00-00
[15:24:32:794]50-41-0E-0D-01-E0 [CMD_SENT][REMOTE_GET_MODE]
[15:24:32:796][HID_TX_ack]00-19-50-49-01-C0-07-57-01-00-03-00-0E-8D-00-50-49-0E-E7-00-00-00-00-02-00-E0-00-00-32-00-00-00-00-00-00-00-00-00-00-00-00-00-00-00-00-00-00-00-00-00-00-00-00-00-00-00-00-00-00-00-00-00-00-00-00
[15:24:32:796]50-49-01-C0-07-57-01-00-03-00-0E-8D-00
[15:24:32:796]50-49-0E-E7-00-00-00-00-02-00-E0-00-
[15:24:32:796]REMOTE_GET_MODE=00
[15:24:32:796][HID_TX]00-80-07-61-01-50-41-06-0E-01-00-63-00-00-00-00-00-00-00-00-00-00-00-00-00-00-00-00-00-00-00-00-00-00-00-00-00-00-00-00-00-00-00-00-00-00-00-00-00-00-00-00-00-00-00-00-00-00-00-00-00-00-00-00-00
[15:24:32:798]HidD_GetInputReport=True
[15:24:32:798]reply_report=00-4F-00-00-00-00-00-00-00-00-00-00-00-00-00-00-00-00-00-00-00-00-00-00-00-00-00-00-00-00-00-00-00-00-00-00-00-00-00-00-00-00-00-00-00-00-00-00-00-00-00-00-00-00-00-00-00-00-00-00-00-00-00-00-00
[15:24:32:798]50-41-06-0E-01-00-63 [CMD_SENT][CMD_GET_IO_LEVEL]
[15:24:32:800][HID_TX_ack]00-12-50-49-01-C0-07-57-01-00-08-00-06-8E-00-01-D8-FF-1F-00-00-00-00-02-00-E0-00-00-32-00-00-00-00-00-00-00-00-00-00-00-00-00-00-00-00-00-00-00-00-00-00-00-00-00-00-00-00-00-00-00-00-00-00-00-00
[15:24:32:800]50-49-01-C0-07-57-01-00-08-00-06-8E-00-01-D8-FF-1F-00
[15:24:33:011][HID_TX]00-80-06-8D-B2-50-41-0E-0F-01-E0-00-00-00-00-00-00-00-00-00-00-00-00-00-00-00-00-00-00-00-00-00-00-00-00-00-00-00-00-00-00-00-00-00-00-00-00-00-00-00-00-00-00-00-00-00-00-00-00-00-00-00-00-00-00
[15:24:33:013]HidD_GetInputReport=True
[15:24:33:013]reply_report=00-4F-00-00-00-00-00-00-00-00-00-00-00-00-00-00-00-00-00-00-00-00-00-00-00-00-00-00-00-00-00-00-00-00-00-00-00-00-00-00-00-00-00-00-00-00-00-00-00-00-00-00-00-00-00-00-00-00-00-00-00-00-00-00-00
[15:24:33:013]50-41-0E-0F-01-E0 [CMD_SENT][REMOTE_GET_MODE]
[15:24:33:015][HID_TX_ack]00-19-50-49-01-C0-07-58-01-00-03-00-0E-8F-00-50-49-0E-E8-00-00-00-00-02-00-E0-00-00-32-00-00-00-00-00-00-00-00-00-00-00-00-00-00-00-00-00-00-00-00-00-00-00-00-00-00-00-00-00-00-00-00-00-00-00-00
[15:24:33:015]50-49-01-C0-07-58-01-00-03-00-0E-8F-00
[15:24:33:015]50-49-0E-E8-00-00-00-00-02-00-E0-00-
[15:24:33:015]REMOTE_GET_MODE=00
[15:24:33:016][HID_TX]00-80-07-89-A1-50-41-06-10-01-00-63-00-00-00-00-00-00-00-00-00-00-00-00-00-00-00-00-00-00-00-00-00-00-00-00-00-00-00-00-00-00-00-00-00-00-00-00-00-00-00-00-00-00-00-00-00-00-00-00-00-00-00-00-00
[15:24:33:017]HidD_GetInputReport=True
[15:24:33:017]reply_report=00-4F-00-00-00-00-00-00-00-00-00-00-00-00-00-00-00-00-00-00-00-00-00-00-00-00-00-00-00-00-00-00-00-00-00-00-00-00-00-00-00-00-00-00-00-00-00-00-00-00-00-00-00-00-00-00-00-00-00-00-00-00-00-00-00
[15:24:33:017]50-41-06-10-01-00-63 [CMD_SENT][CMD_GET_IO_LEVEL]
[15:24:33:019][HID_TX_ack]00-12-50-49-01-C0-07-58-01-00-08-00-06-90-00-01-D8-FF-1F-00-00-00-00-02-00-E0-00-00-32-00-00-00-00-00-00-00-00-00-00-00-00-00-00-00-00-00-00-00-00-00-00-00-00-00-00-00-00-00-00-00-00-00-00-00-00
[15:24:33:020]50-49-01-C0-07-58-01-00-08-00-06-90-00-01-D8-FF-1F-00
[15:24:33:242][HID_TX]00-80-06-65-12-50-41-0E-11-01-E0-00-00-00-00-00-00-00-00-00-00-00-00-00-00-00-00-00-00-00-00-00-00-00-00-00-00-00-00-00-00-00-00-00-00-00-00-00-00-00-00-00-00-00-00-00-00-00-00-00-00-00-00-00-00
[15:24:33:243]HidD_GetInputReport=True
[15:24:33:243]reply_report=00-4F-00-00-00-00-00-00-00-00-00-00-00-00-00-00-00-00-00-00-00-00-00-00-00-00-00-00-00-00-00-00-00-00-00-00-00-00-00-00-00-00-00-00-00-00-00-00-00-00-00-00-00-00-00-00-00-00-00-00-00-00-00-00-00
[15:24:33:243]50-41-0E-11-01-E0 [CMD_SENT][REMOTE_GET_MODE]
[15:24:33:246][HID_TX_ack]00-19-50-49-01-C0-07-58-01-00-03-00-0E-91-00-50-49-0E-E9-00-00-00-00-02-00-E0-00-00-32-00-00-00-00-00-00-00-00-00-00-00-00-00-00-00-00-00-00-00-00-00-00-00-00-00-00-00-00-00-00-00-00-00-00-00-00
[15:24:33:246]50-49-01-C0-07-58-01-00-03-00-0E-91-00
[15:24:33:246]50-49-0E-E9-00-00-00-00-02-00-E0-00-
[15:24:33:246]REMOTE_GET_MODE=00
[15:24:33:246][HID_TX]00-80-07-62-8E-50-41-06-12-01-00-63-00-00-00-00-00-00-00-00-00-00-00-00-00-00-00-00-00-00-00-00-00-00-00-00-00-00-00-00-00-00-00-00-00-00-00-00-00-00-00-00-00-00-00-00-00-00-00-00-00-00-00-00-00
[15:24:33:247]HidD_GetInputReport=True
[15:24:33:247]reply_report=00-4F-00-00-00-00-00-00-00-00-00-00-00-00-00-00-00-00-00-00-00-00-00-00-00-00-00-00-00-00-00-00-00-00-00-00-00-00-00-00-00-00-00-00-00-00-00-00-00-00-00-00-00-00-00-00-00-00-00-00-00-00-00-00-00
[15:24:33:247]50-41-06-12-01-00-63 [CMD_SENT][CMD_GET_IO_LEVEL]
[15:24:33:250][HID_TX_ack]00-12-50-49-01-C0-07-58-01-00-08-00-06-92-00-01-D8-FF-1F-00-00-00-00-02-00-E0-00-00-32-00-00-00-00-00-00-00-00-00-00-00-00-00-00-00-00-00-00-00-00-00-00-00-00-00-00-00-00-00-00-00-00-00-00-00-00
[15:24:33:250]50-49-01-C0-07-58-01-00-08-00-06-92-00-01-D8-FF-1F-00
[15:24:33:473][HID_TX]00-80-06-8E-3D-50-41-0E-13-01-E0-00-00-00-00-00-00-00-00-00-00-00-00-00-00-00-00-00-00-00-00-00-00-00-00-00-00-00-00-00-00-00-00-00-00-00-00-00-00-00-00-00-00-00-00-00-00-00-00-00-00-00-00-00-00
[15:24:33:474]HidD_GetInputReport=True
[15:24:33:474]reply_report=00-4F-00-00-00-00-00-00-00-00-00-00-00-00-00-00-00-00-00-00-00-00-00-00-00-00-00-00-00-00-00-00-00-00-00-00-00-00-00-00-00-00-00-00-00-00-00-00-00-00-00-00-00-00-00-00-00-00-00-00-00-00-00-00-00
[15:24:33:474]50-41-0E-13-01-E0 [CMD_SENT][REMOTE_GET_MODE]
[15:24:33:477][HID_TX_ack]00-19-50-49-01-C0-07-59-01-00-03-00-0E-93-00-50-49-0E-EA-00-00-00-00-02-00-E0-00-00-32-00-00-00-00-00-00-00-00-00-00-00-00-00-00-00-00-00-00-00-00-00-00-00-00-00-00-00-00-00-00-00-00-00-00-00-00
[15:24:33:477]50-49-01-C0-07-59-01-00-03-00-0E-93-00
[15:24:33:477]50-49-0E-EA-00-00-00-00-02-00-E0-00-
[15:24:33:477]REMOTE_GET_MODE=00
[15:24:33:477][HID_TX]00-80-07-5F-FE-50-41-06-14-01-00-63-00-00-00-00-00-00-00-00-00-00-00-00-00-00-00-00-00-00-00-00-00-00-00-00-00-00-00-00-00-00-00-00-00-00-00-00-00-00-00-00-00-00-00-00-00-00-00-00-00-00-00-00-00
[15:24:33:478]HidD_GetInputReport=True
[15:24:33:478]reply_report=00-4F-00-00-00-00-00-00-00-00-00-00-00-00-00-00-00-00-00-00-00-00-00-00-00-00-00-00-00-00-00-00-00-00-00-00-00-00-00-00-00-00-00-00-00-00-00-00-00-00-00-00-00-00-00-00-00-00-00-00-00-00-00-00-00
[15:24:33:478]50-41-06-14-01-00-63 [CMD_SENT][CMD_GET_IO_LEVEL]
[15:24:33:481][HID_TX_ack]00-12-50-49-01-C0-07-59-01-00-08-00-06-94-00-01-D8-FF-1F-00-00-00-00-02-00-E0-00-00-32-00-00-00-00-00-00-00-00-00-00-00-00-00-00-00-00-00-00-00-00-00-00-00-00-00-00-00-00-00-00-00-00-00-00-00-00
[15:24:33:481]50-49-01-C0-07-59-01-00-08-00-06-94-00-01-D8-FF-1F-00
[15:24:33:706][HID_TX]00-80-06-B3-4D-50-41-0E-15-01-E0-00-00-00-00-00-00-00-00-00-00-00-00-00-00-00-00-00-00-00-00-00-00-00-00-00-00-00-00-00-00-00-00-00-00-00-00-00-00-00-00-00-00-00-00-00-00-00-00-00-00-00-00-00-00
[15:24:33:706]HidD_GetInputReport=True
[15:24:33:706]reply_report=00-4F-00-00-00-00-00-00-00-00-00-00-00-00-00-00-00-00-00-00-00-00-00-00-00-00-00-00-00-00-00-00-00-00-00-00-00-00-00-00-00-00-00-00-00-00-00-00-00-00-00-00-00-00-00-00-00-00-00-00-00-00-00-00-00
[15:24:33:706]50-41-0E-15-01-E0 [CMD_SENT][REMOTE_GET_MODE]
[15:24:33:709][HID_TX_ack]00-19-50-49-01-C0-07-5A-01-00-03-00-0E-95-00-50-49-0E-EB-00-00-00-00-02-00-E0-00-00-32-00-00-00-00-00-00-00-00-00-00-00-00-00-00-00-00-00-00-00-00-00-00-00-00-00-00-00-00-00-00-00-00-00-00-00-00
[15:24:33:709]50-49-01-C0-07-5A-01-00-03-00-0E-95-00
[15:24:33:709]50-49-0E-EB-00-00-00-00-02-00-E0-00-
[15:24:33:709]REMOTE_GET_MODE=00
[15:24:33:709][HID_TX]00-80-07-B4-D1-50-41-06-16-01-00-63-00-00-00-00-00-00-00-00-00-00-00-00-00-00-00-00-00-00-00-00-00-00-00-00-00-00-00-00-00-00-00-00-00-00-00-00-00-00-00-00-00-00-00-00-00-00-00-00-00-00-00-00-00
[15:24:33:710]HidD_GetInputReport=True
[15:24:33:710]reply_report=00-4F-00-00-00-00-00-00-00-00-00-00-00-00-00-00-00-00-00-00-00-00-00-00-00-00-00-00-00-00-00-00-00-00-00-00-00-00-00-00-00-00-00-00-00-00-00-00-00-00-00-00-00-00-00-00-00-00-00-00-00-00-00-00-00
[15:24:33:710]50-41-06-16-01-00-63 [CMD_SENT][CMD_GET_IO_LEVEL]
[15:24:33:713][HID_TX_ack]00-12-50-49-01-C0-07-5A-01-00-08-00-06-96-00-01-D8-FF-1F-00-00-00-00-02-00-E0-00-00-32-00-00-00-00-00-00-00-00-00-00-00-00-00-00-00-00-00-00-00-00-00-00-00-00-00-00-00-00-00-00-00-00-00-00-00-00
[15:24:33:713]50-49-01-C0-07-5A-01-00-08-00-06-96-00-01-D8-FF-1F-00
[15:24:33:922][HID_TX]00-80-06-58-62-50-41-0E-17-01-E0-00-00-00-00-00-00-00-00-00-00-00-00-00-00-00-00-00-00-00-00-00-00-00-00-00-00-00-00-00-00-00-00-00-00-00-00-00-00-00-00-00-00-00-00-00-00-00-00-00-00-00-00-00-00
[15:24:33:924]HidD_GetInputReport=True
[15:24:33:924]reply_report=00-4F-00-00-00-00-00-00-00-00-00-00-00-00-00-00-00-00-00-00-00-00-00-00-00-00-00-00-00-00-00-00-00-00-00-00-00-00-00-00-00-00-00-00-00-00-00-00-00-00-00-00-00-00-00-00-00-00-00-00-00-00-00-00-00
[15:24:33:924]50-41-0E-17-01-E0 [CMD_SENT][REMOTE_GET_MODE]
[15:24:33:926][HID_TX_ack]00-19-50-49-01-C0-E5-5A-01-00-03-00-0E-97-00-50-49-0E-EC-00-00-00-00-02-00-E0-00-00-32-00-00-00-00-00-00-00-00-00-00-00-00-00-00-00-00-00-00-00-00-00-00-00-00-00-00-00-00-00-00-00-00-00-00-00-00
[15:24:33:926]50-49-01-C0-E5-5A-01-00-03-00-0E-97-00
[15:24:33:926]50-49-0E-EC-00-00-00-00-02-00-E0-00-
[15:24:33:926]REMOTE_GET_MODE=00
[15:24:33:926][HID_TX]00-80-07-25-1E-50-41-06-18-01-00-63-00-00-00-00-00-00-00-00-00-00-00-00-00-00-00-00-00-00-00-00-00-00-00-00-00-00-00-00-00-00-00-00-00-00-00-00-00-00-00-00-00-00-00-00-00-00-00-00-00-00-00-00-00
[15:24:33:928]HidD_GetInputReport=True
[15:24:33:928]reply_report=00-4F-00-00-00-00-00-00-00-00-00-00-00-00-00-00-00-00-00-00-00-00-00-00-00-00-00-00-00-00-00-00-00-00-00-00-00-00-00-00-00-00-00-00-00-00-00-00-00-00-00-00-00-00-00-00-00-00-00-00-00-00-00-00-00
[15:24:33:928]50-41-06-18-01-00-63 [CMD_SENT][CMD_GET_IO_LEVEL]
[15:24:33:931][HID_TX_ack]00-12-50-49-01-C0-E9-5A-01-00-08-00-06-98-00-01-D8-FF-1F-00-00-00-00-02-00-E0-00-00-32-00-00-00-00-00-00-00-00-00-00-00-00-00-00-00-00-00-00-00-00-00-00-00-00-00-00-00-00-00-00-00-00-00-00-00-00
[15:24:33:931]50-49-01-C0-E9-5A-01-00-08-00-06-98-00-01-D8-FF-1F-00
[15:24:34:155][HID_TX]00-80-06-C9-AD-50-41-0E-19-01-E0-00-00-00-00-00-00-00-00-00-00-00-00-00-00-00-00-00-00-00-00-00-00-00-00-00-00-00-00-00-00-00-00-00-00-00-00-00-00-00-00-00-00-00-00-00-00-00-00-00-00-00-00-00-00
[15:24:34:157]HidD_GetInputReport=True
[15:24:34:157]reply_report=00-4F-00-00-00-00-00-00-00-00-00-00-00-00-00-00-00-00-00-00-00-00-00-00-00-00-00-00-00-00-00-00-00-00-00-00-00-00-00-00-00-00-00-00-00-00-00-00-00-00-00-00-00-00-00-00-00-00-00-00-00-00-00-00-00
[15:24:34:157]50-41-0E-19-01-E0 [CMD_SENT][REMOTE_GET_MODE]
[15:24:34:159][HID_TX_ack]00-19-50-49-01-C0-07-5B-01-00-03-00-0E-99-00-50-49-0E-ED-00-00-00-00-02-00-E0-00-00-32-00-00-00-00-00-00-00-00-00-00-00-00-00-00-00-00-00-00-00-00-00-00-00-00-00-00-00-00-00-00-00-00-00-00-00-00
[15:24:34:159]50-49-01-C0-07-5B-01-00-03-00-0E-99-00
[15:24:34:159]50-49-0E-ED-00-00-00-00-02-00-E0-00-
[15:24:34:160]REMOTE_GET_MODE=00
[15:24:34:160][HID_TX]00-80-07-CE-31-50-41-06-1A-01-00-63-00-00-00-00-00-00-00-00-00-00-00-00-00-00-00-00-00-00-00-00-00-00-00-00-00-00-00-00-00-00-00-00-00-00-00-00-00-00-00-00-00-00-00-00-00-00-00-00-00-00-00-00-00
[15:24:34:162]HidD_GetInputReport=True
[15:24:34:162]reply_report=00-4F-00-00-00-00-00-00-00-00-00-00-00-00-00-00-00-00-00-00-00-00-00-00-00-00-00-00-00-00-00-00-00-00-00-00-00-00-00-00-00-00-00-00-00-00-00-00-00-00-00-00-00-00-00-00-00-00-00-00-00-00-00-00-00
[15:24:34:162]50-41-06-1A-01-00-63 [CMD_SENT][CMD_GET_IO_LEVEL]
[15:24:34:165][HID_TX_ack]00-12-50-49-01-C0-07-5B-01-00-08-00-06-9A-00-01-D8-FF-1F-00-00-00-00-02-00-E0-00-00-32-00-00-00-00-00-00-00-00-00-00-00-00-00-00-00-00-00-00-00-00-00-00-00-00-00-00-00-00-00-00-00-00-00-00-00-00
[15:24:34:165]50-49-01-C0-07-5B-01-00-08-00-06-9A-00-01-D8-FF-1F-00
[15:24:34:387][HID_TX]00-80-06-22-82-50-41-0E-1B-01-E0-00-00-00-00-00-00-00-00-00-00-00-00-00-00-00-00-00-00-00-00-00-00-00-00-00-00-00-00-00-00-00-00-00-00-00-00-00-00-00-00-00-00-00-00-00-00-00-00-00-00-00-00-00-00
[15:24:34:388]HidD_GetInputReport=True
[15:24:34:388]reply_report=00-4F-00-00-00-00-00-00-00-00-00-00-00-00-00-00-00-00-00-00-00-00-00-00-00-00-00-00-00-00-00-00-00-00-00-00-00-00-00-00-00-00-00-00-00-00-00-00-00-00-00-00-00-00-00-00-00-00-00-00-00-00-00-00-00
[15:24:34:389]50-41-0E-1B-01-E0 [CMD_SENT][REMOTE_GET_MODE]
[15:24:34:391][HID_TX_ack]00-19-50-49-01-C0-07-5C-01-00-03-00-0E-9B-00-50-49-0E-EE-00-00-00-00-02-00-E0-00-00-32-00-00-00-00-00-00-00-00-00-00-00-00-00-00-00-00-00-00-00-00-00-00-00-00-00-00-00-00-00-00-00-00-00-00-00-00
[15:24:34:391]50-49-01-C0-07-5C-01-00-03-00-0E-9B-00
[15:24:34:391]50-49-0E-EE-00-00-00-00-02-00-E0-00-
[15:24:34:391]REMOTE_GET_MODE=00
[15:24:34:391][HID_TX]00-80-07-F3-41-50-41-06-1C-01-00-63-00-00-00-00-00-00-00-00-00-00-00-00-00-00-00-00-00-00-00-00-00-00-00-00-00-00-00-00-00-00-00-00-00-00-00-00-00-00-00-00-00-00-00-00-00-00-00-00-00-00-00-00-00
[15:24:34:394]HidD_GetInputReport=True
[15:24:34:394]reply_report=00-4F-00-00-00-00-00-00-00-00-00-00-00-00-00-00-00-00-00-00-00-00-00-00-00-00-00-00-00-00-00-00-00-00-00-00-00-00-00-00-00-00-00-00-00-00-00-00-00-00-00-00-00-00-00-00-00-00-00-00-00-00-00-00-00
[15:24:34:394]50-41-06-1C-01-00-63 [CMD_SENT][CMD_GET_IO_LEVEL]
[15:24:34:397][HID_TX_ack]00-12-50-49-01-C0-07-5C-01-00-08-00-06-9C-00-01-D8-FF-1F-00-00-00-00-02-00-E0-00-00-32-00-00-00-00-00-00-00-00-00-00-00-00-00-00-00-00-00-00-00-00-00-00-00-00-00-00-00-00-00-00-00-00-00-00-00-00
[15:24:34:397]50-49-01-C0-07-5C-01-00-08-00-06-9C-00-01-D8-FF-1F-00
[15:24:34:621][HID_TX]00-80-06-1F-F2-50-41-0E-1D-01-E0-00-00-00-00-00-00-00-00-00-00-00-00-00-00-00-00-00-00-00-00-00-00-00-00-00-00-00-00-00-00-00-00-00-00-00-00-00-00-00-00-00-00-00-00-00-00-00-00-00-00-00-00-00-00
[15:24:34:623]HidD_GetInputReport=True
[15:24:34:623]reply_report=00-4F-00-00-00-00-00-00-00-00-00-00-00-00-00-00-00-00-00-00-00-00-00-00-00-00-00-00-00-00-00-00-00-00-00-00-00-00-00-00-00-00-00-00-00-00-00-00-00-00-00-00-00-00-00-00-00-00-00-00-00-00-00-00-00
[15:24:34:623]50-41-0E-1D-01-E0 [CMD_SENT][REMOTE_GET_MODE]
[15:24:34:625][HID_TX_ack]00-19-50-49-01-C0-14-5D-01-00-03-00-0E-9D-00-50-49-0E-EF-00-00-00-00-02-00-E0-00-00-32-00-00-00-00-00-00-00-00-00-00-00-00-00-00-00-00-00-00-00-00-00-00-00-00-00-00-00-00-00-00-00-00-00-00-00-00
[15:24:34:625]50-49-01-C0-14-5D-01-00-03-00-0E-9D-00
[15:24:34:625]50-49-0E-EF-00-00-00-00-02-00-E0-00-
[15:24:34:625]REMOTE_GET_MODE=00
[15:24:34:626][HID_TX]00-80-07-18-6E-50-41-06-1E-01-00-63-00-00-00-00-00-00-00-00-00-00-00-00-00-00-00-00-00-00-00-00-00-00-00-00-00-00-00-00-00-00-00-00-00-00-00-00-00-00-00-00-00-00-00-00-00-00-00-00-00-00-00-00-00
[15:24:34:627]HidD_GetInputReport=True
[15:24:34:627]reply_report=00-4F-00-00-00-00-00-00-00-00-00-00-00-00-00-00-00-00-00-00-00-00-00-00-00-00-00-00-00-00-00-00-00-00-00-00-00-00-00-00-00-00-00-00-00-00-00-00-00-00-00-00-00-00-00-00-00-00-00-00-00-00-00-00-00
[15:24:34:627]50-41-06-1E-01-00-63 [CMD_SENT][CMD_GET_IO_LEVEL]
[15:24:34:629][HID_TX_ack]00-12-50-49-01-C0-17-5D-01-00-08-00-06-9E-00-01-D8-FF-1F-00-00-00-00-02-00-E0-00-00-32-00-00-00-00-00-00-00-00-00-00-00-00-00-00-00-00-00-00-00-00-00-00-00-00-00-00-00-00-00-00-00-00-00-00-00-00
[15:24:34:630]50-49-01-C0-17-5D-01-00-08-00-06-9E-00-01-D8-FF-1F-00
[15:24:34:854][HID_TX]00-80-06-F4-DD-50-41-0E-1F-01-E0-00-00-00-00-00-00-00-00-00-00-00-00-00-00-00-00-00-00-00-00-00-00-00-00-00-00-00-00-00-00-00-00-00-00-00-00-00-00-00-00-00-00-00-00-00-00-00-00-00-00-00-00-00-00
[15:24:34:855]HidD_GetInputReport=True
[15:24:34:856]reply_report=00-4F-00-00-00-00-00-00-00-00-00-00-00-00-00-00-00-00-00-00-00-00-00-00-00-00-00-00-00-00-00-00-00-00-00-00-00-00-00-00-00-00-00-00-00-00-00-00-00-00-00-00-00-00-00-00-00-00-00-00-00-00-00-00-00
[15:24:34:856]50-41-0E-1F-01-E0 [CMD_SENT][REMOTE_GET_MODE]
[15:24:34:858][HID_TX_ack]00-19-50-49-01-C0-CE-5D-01-00-03-00-0E-9F-00-50-49-0E-F0-00-00-00-00-02-00-E0-00-00-32-00-00-00-00-00-00-00-00-00-00-00-00-00-00-00-00-00-00-00-00-00-00-00-00-00-00-00-00-00-00-00-00-00-00-00-00
[15:24:34:858]50-49-01-C0-CE-5D-01-00-03-00-0E-9F-00
[15:24:34:858]50-49-0E-F0-00-00-00-00-02-00-E0-00-
[15:24:34:858]REMOTE_GET_MODE=00
[15:24:34:858][HID_TX]00-80-07-02-10-50-41-06-20-01-00-63-00-00-00-00-00-00-00-00-00-00-00-00-00-00-00-00-00-00-00-00-00-00-00-00-00-00-00-00-00-00-00-00-00-00-00-00-00-00-00-00-00-00-00-00-00-00-00-00-00-00-00-00-00
[15:24:34:859]HidD_GetInputReport=True
[15:24:34:859]reply_report=00-4F-00-00-00-00-00-00-00-00-00-00-00-00-00-00-00-00-00-00-00-00-00-00-00-00-00-00-00-00-00-00-00-00-00-00-00-00-00-00-00-00-00-00-00-00-00-00-00-00-00-00-00-00-00-00-00-00-00-00-00-00-00-00-00
[15:24:34:859]50-41-06-20-01-00-63 [CMD_SENT][CMD_GET_IO_LEVEL]
[15:24:34:862][HID_TX_ack]00-12-50-49-01-C0-D2-5D-01-00-08-00-06-A0-00-01-D8-FF-1F-00-00-00-00-02-00-E0-00-00-32-00-00-00-00-00-00-00-00-00-00-00-00-00-00-00-00-00-00-00-00-00-00-00-00-00-00-00-00-00-00-00-00-00-00-00-00
[15:24:34:862]50-49-01-C0-D2-5D-01-00-08-00-06-A0-00-01-D8-FF-1F-00
[15:24:35:087][HID_TX]00-80-06-EE-A3-50-41-0E-21-01-E0-00-00-00-00-00-00-00-00-00-00-00-00-00-00-00-00-00-00-00-00-00-00-00-00-00-00-00-00-00-00-00-00-00-00-00-00-00-00-00-00-00-00-00-00-00-00-00-00-00-00-00-00-00-00
[15:24:35:089]HidD_GetInputReport=True
[15:24:35:089]reply_report=00-4F-00-00-00-00-00-00-00-00-00-00-00-00-00-00-00-00-00-00-00-00-00-00-00-00-00-00-00-00-00-00-00-00-00-00-00-00-00-00-00-00-00-00-00-00-00-00-00-00-00-00-00-00-00-00-00-00-00-00-00-00-00-00-00
[15:24:35:089]50-41-0E-21-01-E0 [CMD_SENT][REMOTE_GET_MODE]
[15:24:35:091][HID_TX_ack]00-19-50-49-01-C0-89-5E-01-00-03-00-0E-A1-00-50-49-0E-F1-00-00-00-00-02-00-E0-00-00-32-00-00-00-00-00-00-00-00-00-00-00-00-00-00-00-00-00-00-00-00-00-00-00-00-00-00-00-00-00-00-00-00-00-00-00-00
[15:24:35:091]50-49-01-C0-89-5E-01-00-03-00-0E-A1-00
[15:24:35:091]50-49-0E-F1-00-00-00-00-02-00-E0-00-
[15:24:35:091]REMOTE_GET_MODE=00
[15:24:35:091][HID_TX]00-80-07-E9-3F-50-41-06-22-01-00-63-00-00-00-00-00-00-00-00-00-00-00-00-00-00-00-00-00-00-00-00-00-00-00-00-00-00-00-00-00-00-00-00-00-00-00-00-00-00-00-00-00-00-00-00-00-00-00-00-00-00-00-00-00
[15:24:35:092]HidD_GetInputReport=True
[15:24:35:092]reply_report=00-4F-00-00-00-00-00-00-00-00-00-00-00-00-00-00-00-00-00-00-00-00-00-00-00-00-00-00-00-00-00-00-00-00-00-00-00-00-00-00-00-00-00-00-00-00-00-00-00-00-00-00-00-00-00-00-00-00-00-00-00-00-00-00-00
[15:24:35:092]50-41-06-22-01-00-63 [CMD_SENT][CMD_GET_IO_LEVEL]
[15:24:35:095][HID_TX_ack]00-12-50-49-01-C0-8C-5E-01-00-08-00-06-A2-00-01-D8-FF-1F-00-00-00-00-02-00-E0-00-00-32-00-00-00-00-00-00-00-00-00-00-00-00-00-00-00-00-00-00-00-00-00-00-00-00-00-00-00-00-00-00-00-00-00-00-00-00
[15:24:35:095]50-49-01-C0-8C-5E-01-00-08-00-06-A2-00-01-D8-FF-1F-00
[15:24:35:320][HID_TX]00-80-06-05-8C-50-41-0E-23-01-E0-00-00-00-00-00-00-00-00-00-00-00-00-00-00-00-00-00-00-00-00-00-00-00-00-00-00-00-00-00-00-00-00-00-00-00-00-00-00-00-00-00-00-00-00-00-00-00-00-00-00-00-00-00-00
[15:24:35:321]HidD_GetInputReport=True
[15:24:35:321]reply_report=00-4F-00-00-00-00-00-00-00-00-00-00-00-00-00-00-00-00-00-00-00-00-00-00-00-00-00-00-00-00-00-00-00-00-00-00-00-00-00-00-00-00-00-00-00-00-00-00-00-00-00-00-00-00-00-00-00-00-00-00-00-00-00-00-00
[15:24:35:322]50-41-0E-23-01-E0 [CMD_SENT][REMOTE_GET_MODE]
[15:24:35:324][HID_TX_ack]00-19-50-49-01-C0-43-5F-01-00-03-00-0E-A3-00-50-49-0E-F2-00-00-00-00-02-00-E0-00-00-32-00-00-00-00-00-00-00-00-00-00-00-00-00-00-00-00-00-00-00-00-00-00-00-00-00-00-00-00-00-00-00-00-00-00-00-00
[15:24:35:324]50-49-01-C0-43-5F-01-00-03-00-0E-A3-00
[15:24:35:324]50-49-0E-F2-00-00-00-00-02-00-E0-00-
[15:24:35:324]REMOTE_GET_MODE=00
[15:24:35:324][HID_TX]00-80-07-D4-4F-50-41-06-24-01-00-63-00-00-00-00-00-00-00-00-00-00-00-00-00-00-00-00-00-00-00-00-00-00-00-00-00-00-00-00-00-00-00-00-00-00-00-00-00-00-00-00-00-00-00-00-00-00-00-00-00-00-00-00-00
[15:24:35:325]HidD_GetInputReport=True
[15:24:35:325]reply_report=00-4F-00-00-00-00-00-00-00-00-00-00-00-00-00-00-00-00-00-00-00-00-00-00-00-00-00-00-00-00-00-00-00-00-00-00-00-00-00-00-00-00-00-00-00-00-00-00-00-00-00-00-00-00-00-00-00-00-00-00-00-00-00-00-00
[15:24:35:325]50-41-06-24-01-00-63 [CMD_SENT][CMD_GET_IO_LEVEL]
[15:24:35:329][HID_TX_ack]00-12-50-49-01-C0-47-5F-01-00-08-00-06-A4-00-01-D8-FF-1F-00-00-00-00-02-00-E0-00-00-32-00-00-00-00-00-00-00-00-00-00-00-00-00-00-00-00-00-00-00-00-00-00-00-00-00-00-00-00-00-00-00-00-00-00-00-00
[15:24:35:329]50-49-01-C0-47-5F-01-00-08-00-06-A4-00-01-D8-FF-1F-00
[15:24:35:553][HID_TX]00-80-06-38-FC-50-41-0E-25-01-E0-00-00-00-00-00-00-00-00-00-00-00-00-00-00-00-00-00-00-00-00-00-00-00-00-00-00-00-00-00-00-00-00-00-00-00-00-00-00-00-00-00-00-00-00-00-00-00-00-00-00-00-00-00-00
[15:24:35:554]HidD_GetInputReport=True
[15:24:35:554]reply_report=00-4F-00-00-00-00-00-00-00-00-00-00-00-00-00-00-00-00-00-00-00-00-00-00-00-00-00-00-00-00-00-00-00-00-00-00-00-00-00-00-00-00-00-00-00-00-00-00-00-00-00-00-00-00-00-00-00-00-00-00-00-00-00-00-00
[15:24:35:554]50-41-0E-25-01-E0 [CMD_SENT][REMOTE_GET_MODE]
[15:24:35:611][HID_TX_ack]00-19-50-49-01-C0-29-60-01-00-03-00-0E-A5-00-50-49-0E-F3-00-00-00-00-02-00-E0-00-00-32-00-00-00-00-00-00-00-00-00-00-00-00-00-00-00-00-00-00-00-00-00-00-00-00-00-00-00-00-00-00-00-00-00-00-00-00
[15:24:35:611]50-49-01-C0-29-60-01-00-03-00-0E-A5-00
[15:24:35:611]50-49-0E-F3-00-00-00-00-02-00-E0-00-
[15:24:35:611]REMOTE_GET_MODE=00
[15:24:35:611][HID_TX]00-80-07-3F-60-50-41-06-26-01-00-63-00-00-00-00-00-00-00-00-00-00-00-00-00-00-00-00-00-00-00-00-00-00-00-00-00-00-00-00-00-00-00-00-00-00-00-00-00-00-00-00-00-00-00-00-00-00-00-00-00-00-00-00-00
[15:24:35:612]HidD_GetInputReport=True
[15:24:35:612]reply_report=00-4F-00-00-00-00-00-00-00-00-00-00-00-00-00-00-00-00-00-00-00-00-00-00-00-00-00-00-00-00-00-00-00-00-00-00-00-00-00-00-00-00-00-00-00-00-00-00-00-00-00-00-00-00-00-00-00-00-00-00-00-00-00-00-00
[15:24:35:612]50-41-06-26-01-00-63 [CMD_SENT][CMD_GET_IO_LEVEL]
[15:24:35:615][HID_TX_ack]00-12-50-49-01-C0-2C-60-01-00-08-00-06-A6-00-01-D8-FF-1F-00-00-00-00-02-00-E0-00-00-32-00-00-00-00-00-00-00-00-00-00-00-00-00-00-00-00-00-00-00-00-00-00-00-00-00-00-00-00-00-00-00-00-00-00-00-00
[15:24:35:615]50-49-01-C0-2C-60-01-00-08-00-06-A6-00-01-D8-FF-1F-00
[15:24:35:833][HID_TX]00-80-06-D3-D3-50-41-0E-27-01-E0-00-00-00-00-00-00-00-00-00-00-00-00-00-00-00-00-00-00-00-00-00-00-00-00-00-00-00-00-00-00-00-00-00-00-00-00-00-00-00-00-00-00-00-00-00-00-00-00-00-00-00-00-00-00
[15:24:35:834]HidD_GetInputReport=True
[15:24:35:834]reply_report=00-4F-00-00-00-00-00-00-00-00-00-00-00-00-00-00-00-00-00-00-00-00-00-00-00-00-00-00-00-00-00-00-00-00-00-00-00-00-00-00-00-00-00-00-00-00-00-00-00-00-00-00-00-00-00-00-00-00-00-00-00-00-00-00-00
[15:24:35:834]50-41-0E-27-01-E0 [CMD_SENT][REMOTE_GET_MODE]
[15:24:35:836][HID_TX_ack]00-19-50-49-01-C0-DE-60-01-00-03-00-0E-A7-00-50-49-0E-F4-00-00-00-00-02-00-E0-00-00-32-00-00-00-00-00-00-00-00-00-00-00-00-00-00-00-00-00-00-00-00-00-00-00-00-00-00-00-00-00-00-00-00-00-00-00-00
[15:24:35:837]50-49-01-C0-DE-60-01-00-03-00-0E-A7-00
[15:24:35:837]50-49-0E-F4-00-00-00-00-02-00-E0-00-
[15:24:35:837]REMOTE_GET_MODE=00
[15:24:35:837][HID_TX]00-80-07-AE-AF-50-41-06-28-01-00-63-00-00-00-00-00-00-00-00-00-00-00-00-00-00-00-00-00-00-00-00-00-00-00-00-00-00-00-00-00-00-00-00-00-00-00-00-00-00-00-00-00-00-00-00-00-00-00-00-00-00-00-00-00
[15:24:35:838]HidD_GetInputReport=True
[15:24:35:838]reply_report=00-4F-00-00-00-00-00-00-00-00-00-00-00-00-00-00-00-00-00-00-00-00-00-00-00-00-00-00-00-00-00-00-00-00-00-00-00-00-00-00-00-00-00-00-00-00-00-00-00-00-00-00-00-00-00-00-00-00-00-00-00-00-00-00-00
[15:24:35:838]50-41-06-28-01-00-63 [CMD_SENT][CMD_GET_IO_LEVEL]
[15:24:35:841][HID_TX_ack]00-12-50-49-01-C0-E1-60-01-00-08-00-06-A8-00-01-D8-FF-1F-00-00-00-00-02-00-E0-00-00-32-00-00-00-00-00-00-00-00-00-00-00-00-00-00-00-00-00-00-00-00-00-00-00-00-00-00-00-00-00-00-00-00-00-00-00-00
[15:24:35:842]50-49-01-C0-E1-60-01-00-08-00-06-A8-00-01-D8-FF-1F-00
[15:24:36:043][HID_TX]00-80-06-42-1C-50-41-0E-29-01-E0-00-00-00-00-00-00-00-00-00-00-00-00-00-00-00-00-00-00-00-00-00-00-00-00-00-00-00-00-00-00-00-00-00-00-00-00-00-00-00-00-00-00-00-00-00-00-00-00-00-00-00-00-00-00
