[15:53:20:634]\\?\hid#dell09c2&col02#5&bc4dc33&0&0001#{4d1e55b2-f16f-11cf-88cb-001111000030}
[15:53:20:634]\\?\hid#dell09c2&col03#5&bc4dc33&0&0002#{4d1e55b2-f16f-11cf-88cb-001111000030}
[15:53:20:635]\\?\hid#intc816&col01#3&207f9b7f&0&0000#{4d1e55b2-f16f-11cf-88cb-001111000030}
[15:53:20:635]\\?\hid#intc816&col02#3&207f9b7f&0&0001#{4d1e55b2-f16f-11cf-88cb-001111000030}
[15:53:20:635]\\?\hid#converteddevice&col02#5&17bac0a6&0&0001#{4d1e55b2-f16f-11cf-88cb-001111000030}
[15:53:20:635]\\?\hid#converteddevice&col03#5&17bac0a6&0&0002#{4d1e55b2-f16f-11cf-88cb-001111000030}
[15:53:20:635]\\?\hid#dell09c2&col04#5&bc4dc33&0&0003#{4d1e55b2-f16f-11cf-88cb-001111000030}
[15:53:20:635]\\?\hid#{00001812-0000-1000-8000-00805f9b34fb}_dev_vid&0232c2_pid&0001_rev&0068_ccb624cd66b1#9&326e3aae&0&0000#{4d1e55b2-f16f-11cf-88cb-001111000030}
[15:53:20:635]\\?\hid#dell09c2&col05#5&bc4dc33&0&0004#{4d1e55b2-f16f-11cf-88cb-001111000030}
[15:53:20:635]\\?\hid#converteddevice&col01#5&17bac0a6&0&0000#{4d1e55b2-f16f-11cf-88cb-001111000030}\kbd
[15:53:20:635]\\?\hid#dell09c2&col01#5&bc4dc33&0&0000#{4d1e55b2-f16f-11cf-88cb-001111000030}
[15:53:20:635]\\?\hid#vid_046d&pid_0adf&mi_00#7&3ad8dff3&0&0000#{4d1e55b2-f16f-11cf-88cb-001111000030}
[15:53:20:635]\\?\hid#vid_046d&pid_0adf&mi_04#7&18e94d0e&0&0000#{4d1e55b2-f16f-11cf-88cb-001111000030}
[15:53:20:637]try_path=\\?\hid#vid_046d&pid_0adf&mi_00#7&3ad8dff3&0&0000#{4d1e55b2-f16f-11cf-88cb-001111000030}
[15:53:20:639]	InputReportByteLength=65
[15:53:20:639]	OutputReportByteLength=65
[15:53:20:640]HID_Connected=\\?\hid#vid_046d&pid_0adf&mi_00#7&3ad8dff3&0&0000#{4d1e55b2-f16f-11cf-88cb-001111000030}
[15:53:20:641][HID_TX]00-84-01-D1-55-01-00-00-00-00-00-00-00-00-00-00-00-00-00-00-00-00-00-00-00-00-00-00-00-00-00-00-00-00-00-00-00-00-00-00-00-00-00-00-00-00-00-00-00-00-00-00-00-00-00-00-00-00-00-00-00-00-00-00-00
[15:53:20:643]HidD_GetInputReport=True
[15:53:20:643]reply_report=00-4F-56-31-2E-38-2E-35-2E-31-00-00-00-00-00-00-00-00-00-00-00-00-00-00-00-00-00-00-00-00-00-00-00-00-00-00-00-00-00-00-00-00-00-00-00-00-00-00-00-00-00-00-00-00-00-00-00-00-00-00-00-00-00-00-00
[15:53:20:643][ys_tech] fw_version=V1.8.5.1
[15:53:20:644]ystech_Power_Saving, is_EnablePowerSaving=False
[15:53:20:644][HID_TX]00-85-01-83-8B-01-00-00-00-00-00-00-00-00-00-00-00-00-00-00-00-00-00-00-00-00-00-00-00-00-00-00-00-00-00-00-00-00-00-00-00-00-00-00-00-00-00-00-00-00-00-00-00-00-00-00-00-00-00-00-00-00-00-00-00
[15:53:20:645]HidD_GetInputReport=True
[15:53:20:645]reply_report=00-4F-00-00-00-00-00-00-00-00-00-00-00-00-00-00-00-00-00-00-00-00-00-00-00-00-00-00-00-00-00-00-00-00-00-00-00-00-00-00-00-00-00-00-00-00-00-00-00-00-00-00-00-00-00-00-00-00-00-00-00-00-00-00-00
[15:53:20:645]HID_CMD_POWER_SAVING_Disable
[15:53:20:645]path_connected=\\?\hid#vid_046d&pid_0adf&mi_00#7&3ad8dff3&0&0000#{4d1e55b2-f16f-11cf-88cb-001111000030}
[15:53:21:825][HID_TX]00-80-06-1C-7D-50-41-0E-01-01-E0-00-00-00-00-00-00-00-00-00-00-00-00-00-00-00-00-00-00-00-00-00-00-00-00-00-00-00-00-00-00-00-00-00-00-00-00-00-00-00-00-00-00-00-00-00-00-00-00-00-00-00-00-00-00
[15:53:21:827]HidD_GetInputReport=True
[15:53:21:827]reply_report=00-4F-00-00-00-00-00-00-00-00-00-00-00-00-00-00-00-00-00-00-00-00-00-00-00-00-00-00-00-00-00-00-00-00-00-00-00-00-00-00-00-00-00-00-00-00-00-00-00-00-00-00-00-00-00-00-00-00-00-00-00-00-00-00-00
[15:53:21:827]50-41-0E-01-01-E0 [CMD_SENT][REMOTE_GET_MODE]
[15:53:21:831][HID_TX_ack]00-19-50-49-01-C0-7E-A2-01-00-03-00-0E-81-00-50-49-0E-DB-00-00-00-00-02-00-E0-01-17-32-00-00-00-00-00-00-00-00-00-00-00-00-00-00-00-00-00-00-00-00-00-00-00-00-00-00-00-00-00-00-00-00-00-00-00-00
[15:53:21:836]REMOTE_GET_MODE=01
[15:53:21:836]50-49-01-C0-7E-A2-01-00-03-00-0E-81-00
[15:53:21:836]50-49-0E-DB-00-00-00-00-02-00-E0-01-
[15:53:21:836][HID_TX]00-80-07-1B-E1-50-41-06-02-01-00-63-00-00-00-00-00-00-00-00-00-00-00-00-00-00-00-00-00-00-00-00-00-00-00-00-00-00-00-00-00-00-00-00-00-00-00-00-00-00-00-00-00-00-00-00-00-00-00-00-00-00-00-00-00
[15:53:21:838]HidD_GetInputReport=True
[15:53:21:838]reply_report=00-4F-00-00-00-00-00-00-00-00-00-00-00-00-00-00-00-00-00-00-00-00-00-00-00-00-00-00-00-00-00-00-00-00-00-00-00-00-00-00-00-00-00-00-00-00-00-00-00-00-00-00-00-00-00-00-00-00-00-00-00-00-00-00-00
[15:53:21:838]50-41-06-02-01-00-63 [CMD_SENT][CMD_GET_IO_LEVEL]
[15:53:21:864][HID_TX_ack]00-12-50-49-01-DC-FD-FB-0C-00-08-00-06-82-00-01-FF-FF-0E-00-00-00-00-02-00-E0-01-17-32-00-00-00-00-00-00-00-00-00-00-00-00-00-00-00-00-00-00-00-00-00-00-00-00-00-00-00-00-00-00-00-00-00-00-00-00
[15:53:21:864]50-49-01-DC-FD-FB-0C-00-08-00-06-82-00-01-FF-FF-0E-00
[15:53:22:086][HID_TX]00-80-06-F7-52-50-41-0E-03-01-E0-00-00-00-00-00-00-00-00-00-00-00-00-00-00-00-00-00-00-00-00-00-00-00-00-00-00-00-00-00-00-00-00-00-00-00-00-00-00-00-00-00-00-00-00-00-00-00-00-00-00-00-00-00-00
[15:53:22:087]HidD_GetInputReport=True
[15:53:22:087]reply_report=00-4F-00-00-00-00-00-00-00-00-00-00-00-00-00-00-00-00-00-00-00-00-00-00-00-00-00-00-00-00-00-00-00-00-00-00-00-00-00-00-00-00-00-00-00-00-00-00-00-00-00-00-00-00-00-00-00-00-00-00-00-00-00-00-00
[15:53:22:087]50-41-0E-03-01-E0 [CMD_SENT][REMOTE_GET_MODE]
[15:53:22:090][HID_TX_ack]00-19-50-49-01-C0-4E-A3-01-00-03-00-0E-83-00-50-49-0E-DD-00-00-00-00-02-00-E0-01-17-32-00-00-00-00-00-00-00-00-00-00-00-00-00-00-00-00-00-00-00-00-00-00-00-00-00-00-00-00-00-00-00-00-00-00-00-00
[15:53:22:090]50-49-01-C0-4E-A3-01-00-03-00-0E-83-00
[15:53:22:090]50-49-0E-DD-00-00-00-00-02-00-E0-01-
[15:53:22:090]REMOTE_GET_MODE=01
[15:53:22:090][HID_TX]00-80-07-26-91-50-41-06-04-01-00-63-00-00-00-00-00-00-00-00-00-00-00-00-00-00-00-00-00-00-00-00-00-00-00-00-00-00-00-00-00-00-00-00-00-00-00-00-00-00-00-00-00-00-00-00-00-00-00-00-00-00-00-00-00
[15:53:22:091]HidD_GetInputReport=True
[15:53:22:091]reply_report=00-4F-00-00-00-00-00-00-00-00-00-00-00-00-00-00-00-00-00-00-00-00-00-00-00-00-00-00-00-00-00-00-00-00-00-00-00-00-00-00-00-00-00-00-00-00-00-00-00-00-00-00-00-00-00-00-00-00-00-00-00-00-00-00-00
[15:53:22:091]50-41-06-04-01-00-63 [CMD_SENT][CMD_GET_IO_LEVEL]
[15:53:22:110][HID_TX_ack]00-12-50-49-01-DE-C5-FC-0C-00-08-00-06-84-00-01-FF-FF-0E-00-00-00-00-02-00-E0-01-17-32-00-00-00-00-00-00-00-00-00-00-00-00-00-00-00-00-00-00-00-00-00-00-00-00-00-00-00-00-00-00-00-00-00-00-00-00
[15:53:22:110]50-49-01-DE-C5-FC-0C-00-08-00-06-84-00-01-FF-FF-0E-00
[15:53:22:334][HID_TX]00-80-06-CA-22-50-41-0E-05-01-E0-00-00-00-00-00-00-00-00-00-00-00-00-00-00-00-00-00-00-00-00-00-00-00-00-00-00-00-00-00-00-00-00-00-00-00-00-00-00-00-00-00-00-00-00-00-00-00-00-00-00-00-00-00-00
[15:53:22:335]HidD_GetInputReport=True
[15:53:22:336]reply_report=00-4F-00-00-00-00-00-00-00-00-00-00-00-00-00-00-00-00-00-00-00-00-00-00-00-00-00-00-00-00-00-00-00-00-00-00-00-00-00-00-00-00-00-00-00-00-00-00-00-00-00-00-00-00-00-00-00-00-00-00-00-00-00-00-00
[15:53:22:336]50-41-0E-05-01-E0 [CMD_SENT][REMOTE_GET_MODE]
[15:53:22:338][HID_TX_ack]00-19-50-49-01-C0-14-A4-01-00-03-00-0E-85-00-50-49-0E-DF-00-00-00-00-02-00-E0-01-17-32-00-00-00-00-00-00-00-00-00-00-00-00-00-00-00-00-00-00-00-00-00-00-00-00-00-00-00-00-00-00-00-00-00-00-00-00
[15:53:22:338]50-49-01-C0-14-A4-01-00-03-00-0E-85-00
[15:53:22:338]50-49-0E-DF-00-00-00-00-02-00-E0-01-
[15:53:22:338]REMOTE_GET_MODE=01
[15:53:22:338][HID_TX]00-80-07-CD-BE-50-41-06-06-01-00-63-00-00-00-00-00-00-00-00-00-00-00-00-00-00-00-00-00-00-00-00-00-00-00-00-00-00-00-00-00-00-00-00-00-00-00-00-00-00-00-00-00-00-00-00-00-00-00-00-00-00-00-00-00
[15:53:22:339]HidD_GetInputReport=True
[15:53:22:339]reply_report=00-4F-00-00-00-00-00-00-00-00-00-00-00-00-00-00-00-00-00-00-00-00-00-00-00-00-00-00-00-00-00-00-00-00-00-00-00-00-00-00-00-00-00-00-00-00-00-00-00-00-00-00-00-00-00-00-00-00-00-00-00-00-00-00-00
[15:53:22:339]50-41-06-06-01-00-63 [CMD_SENT][CMD_GET_IO_LEVEL]
[15:53:22:373][HID_TX_ack]00-12-50-49-01-E0-8D-FD-0C-00-08-00-06-86-00-01-FF-FF-0E-00-00-00-00-02-00-E0-01-17-32-00-00-00-00-00-00-00-00-00-00-00-00-00-00-00-00-00-00-00-00-00-00-00-00-00-00-00-00-00-00-00-00-00-00-00-00
[15:53:22:373]50-49-01-E0-8D-FD-0C-00-08-00-06-86-00-01-FF-FF-0E-00
[15:53:22:597][HID_TX]00-80-06-21-0D-50-41-0E-07-01-E0-00-00-00-00-00-00-00-00-00-00-00-00-00-00-00-00-00-00-00-00-00-00-00-00-00-00-00-00-00-00-00-00-00-00-00-00-00-00-00-00-00-00-00-00-00-00-00-00-00-00-00-00-00-00
[15:53:22:599]HidD_GetInputReport=True
[15:53:22:599]reply_report=00-4F-00-00-00-00-00-00-00-00-00-00-00-00-00-00-00-00-00-00-00-00-00-00-00-00-00-00-00-00-00-00-00-00-00-00-00-00-00-00-00-00-00-00-00-00-00-00-00-00-00-00-00-00-00-00-00-00-00-00-00-00-00-00-00
[15:53:22:599]50-41-0E-07-01-E0 [CMD_SENT][REMOTE_GET_MODE]
[15:53:22:602][HID_TX_ack]00-19-50-49-01-C0-E7-A4-01-00-03-00-0E-87-00-50-49-0E-E1-00-00-00-00-02-00-E0-01-17-32-00-00-00-00-00-00-00-00-00-00-00-00-00-00-00-00-00-00-00-00-00-00-00-00-00-00-00-00-00-00-00-00-00-00-00-00
[15:53:22:602]50-49-01-C0-E7-A4-01-00-03-00-0E-87-00
[15:53:22:602]50-49-0E-E1-00-00-00-00-02-00-E0-01-
[15:53:22:602]REMOTE_GET_MODE=01
[15:53:22:602][HID_TX]00-80-07-5C-71-50-41-06-08-01-00-63-00-00-00-00-00-00-00-00-00-00-00-00-00-00-00-00-00-00-00-00-00-00-00-00-00-00-00-00-00-00-00-00-00-00-00-00-00-00-00-00-00-00-00-00-00-00-00-00-00-00-00-00-00
[15:53:22:603]HidD_GetInputReport=True
[15:53:22:603]reply_report=00-4F-00-00-00-00-00-00-00-00-00-00-00-00-00-00-00-00-00-00-00-00-00-00-00-00-00-00-00-00-00-00-00-00-00-00-00-00-00-00-00-00-00-00-00-00-00-00-00-00-00-00-00-00-00-00-00-00-00-00-00-00-00-00-00
[15:53:22:603]50-41-06-08-01-00-63 [CMD_SENT][CMD_GET_IO_LEVEL]
[15:53:22:634][HID_TX_ack]00-12-50-49-01-E2-6F-FE-0C-00-08-00-06-88-00-01-FF-FF-0E-00-00-00-00-02-00-E0-01-17-32-00-00-00-00-00-00-00-00-00-00-00-00-00-00-00-00-00-00-00-00-00-00-00-00-00-00-00-00-00-00-00-00-00-00-00-00
[15:53:22:634]50-49-01-E2-6F-FE-0C-00-08-00-06-88-00-01-FF-FF-0E-00
[15:53:22:844][HID_TX]00-80-06-B0-C2-50-41-0E-09-01-E0-00-00-00-00-00-00-00-00-00-00-00-00-00-00-00-00-00-00-00-00-00-00-00-00-00-00-00-00-00-00-00-00-00-00-00-00-00-00-00-00-00-00-00-00-00-00-00-00-00-00-00-00-00-00
[15:53:22:845]HidD_GetInputReport=True
[15:53:22:845]reply_report=00-4F-00-00-00-00-00-00-00-00-00-00-00-00-00-00-00-00-00-00-00-00-00-00-00-00-00-00-00-00-00-00-00-00-00-00-00-00-00-00-00-00-00-00-00-00-00-00-00-00-00-00-00-00-00-00-00-00-00-00-00-00-00-00-00
[15:53:22:845]50-41-0E-09-01-E0 [CMD_SENT][REMOTE_GET_MODE]
[15:53:22:851][HID_TX_ack]00-19-50-49-01-C0-AC-A5-01-00-03-00-0E-89-00-50-49-0E-E3-00-00-00-00-02-00-E0-01-17-32-00-00-00-00-00-00-00-00-00-00-00-00-00-00-00-00-00-00-00-00-00-00-00-00-00-00-00-00-00-00-00-00-00-00-00-00
[15:53:22:852]50-49-01-C0-AC-A5-01-00-03-00-0E-89-00
[15:53:22:852]50-49-0E-E3-00-00-00-00-02-00-E0-01-
[15:53:22:852]REMOTE_GET_MODE=01
[15:53:22:852][HID_TX]00-80-07-B7-5E-50-41-06-0A-01-00-63-00-00-00-00-00-00-00-00-00-00-00-00-00-00-00-00-00-00-00-00-00-00-00-00-00-00-00-00-00-00-00-00-00-00-00-00-00-00-00-00-00-00-00-00-00-00-00-00-00-00-00-00-00
[15:53:22:853]HidD_GetInputReport=True
[15:53:22:853]reply_report=00-4F-00-00-00-00-00-00-00-00-00-00-00-00-00-00-00-00-00-00-00-00-00-00-00-00-00-00-00-00-00-00-00-00-00-00-00-00-00-00-00-00-00-00-00-00-00-00-00-00-00-00-00-00-00-00-00-00-00-00-00-00-00-00-00
[15:53:22:853]50-41-06-0A-01-00-63 [CMD_SENT][CMD_GET_IO_LEVEL]
[15:53:22:880][HID_TX_ack]00-12-50-49-01-E4-2D-FF-0C-00-08-00-06-8A-00-01-FF-FF-0F-00-00-00-00-02-00-E0-01-17-32-00-00-00-00-00-00-00-00-00-00-00-00-00-00-00-00-00-00-00-00-00-00-00-00-00-00-00-00-00-00-00-00-00-00-00-00
[15:53:22:880]50-49-01-E4-2D-FF-0C-00-08-00-06-8A-00-01-FF-FF-0F-00
[15:53:23:092][HID_TX]00-80-06-5B-ED-50-41-0E-0B-01-E0-00-00-00-00-00-00-00-00-00-00-00-00-00-00-00-00-00-00-00-00-00-00-00-00-00-00-00-00-00-00-00-00-00-00-00-00-00-00-00-00-00-00-00-00-00-00-00-00-00-00-00-00-00-00
[15:53:23:094]HidD_GetInputReport=True
[15:53:23:094]reply_report=00-4F-00-00-00-00-00-00-00-00-00-00-00-00-00-00-00-00-00-00-00-00-00-00-00-00-00-00-00-00-00-00-00-00-00-00-00-00-00-00-00-00-00-00-00-00-00-00-00-00-00-00-00-00-00-00-00-00-00-00-00-00-00-00-00
[15:53:23:096]50-41-0E-0B-01-E0 [CMD_SENT][REMOTE_GET_MODE]
[15:53:23:096][HID_TX_ack]00-19-50-49-01-C0-73-A6-01-00-03-00-0E-8B-00-50-49-0E-E5-00-00-00-00-02-00-E0-01-17-32-00-00-00-00-00-00-00-00-00-00-00-00-00-00-00-00-00-00-00-00-00-00-00-00-00-00-00-00-00-00-00-00-00-00-00-00
[15:53:23:096]50-49-01-C0-73-A6-01-00-03-00-0E-8B-00
[15:53:23:096]50-49-0E-E5-00-00-00-00-02-00-E0-01-
[15:53:23:096]REMOTE_GET_MODE=01
[15:53:23:097][HID_TX]00-80-07-8A-2E-50-41-06-0C-01-00-63-00-00-00-00-00-00-00-00-00-00-00-00-00-00-00-00-00-00-00-00-00-00-00-00-00-00-00-00-00-00-00-00-00-00-00-00-00-00-00-00-00-00-00-00-00-00-00-00-00-00-00-00-00
[15:53:23:098]HidD_GetInputReport=True
[15:53:23:098]reply_report=00-4F-00-00-00-00-00-00-00-00-00-00-00-00-00-00-00-00-00-00-00-00-00-00-00-00-00-00-00-00-00-00-00-00-00-00-00-00-00-00-00-00-00-00-00-00-00-00-00-00-00-00-00-00-00-00-00-00-00-00-00-00-00-00-00
[15:53:23:098]50-41-06-0C-01-00-63 [CMD_SENT][CMD_GET_IO_LEVEL]
[15:53:23:125][HID_TX_ack]00-12-50-49-01-E6-F5-FF-0C-00-08-00-06-8C-00-01-FF-FF-0F-00-00-00-00-02-00-E0-01-17-32-00-00-00-00-00-00-00-00-00-00-00-00-00-00-00-00-00-00-00-00-00-00-00-00-00-00-00-00-00-00-00-00-00-00-00-00
[15:53:23:125]50-49-01-E6-F5-FF-0C-00-08-00-06-8C-00-01-FF-FF-0F-00
[15:53:23:340][HID_TX]00-80-06-66-9D-50-41-0E-0D-01-E0-00-00-00-00-00-00-00-00-00-00-00-00-00-00-00-00-00-00-00-00-00-00-00-00-00-00-00-00-00-00-00-00-00-00-00-00-00-00-00-00-00-00-00-00-00-00-00-00-00-00-00-00-00-00
[15:53:23:342]HidD_GetInputReport=True
[15:53:23:342]reply_report=00-4F-00-00-00-00-00-00-00-00-00-00-00-00-00-00-00-00-00-00-00-00-00-00-00-00-00-00-00-00-00-00-00-00-00-00-00-00-00-00-00-00-00-00-00-00-00-00-00-00-00-00-00-00-00-00-00-00-00-00-00-00-00-00-00
[15:53:23:342]50-41-0E-0D-01-E0 [CMD_SENT][REMOTE_GET_MODE]
[15:53:23:345][HID_TX_ack]00-19-50-49-01-C0-3A-A7-01-00-03-00-0E-8D-00-50-49-0E-E7-00-00-00-00-02-00-E0-01-17-32-00-00-00-00-00-00-00-00-00-00-00-00-00-00-00-00-00-00-00-00-00-00-00-00-00-00-00-00-00-00-00-00-00-00-00-00
[15:53:23:345]50-49-01-C0-3A-A7-01-00-03-00-0E-8D-00
[15:53:23:345]50-49-0E-E7-00-00-00-00-02-00-E0-01-
[15:53:23:345]REMOTE_GET_MODE=01
[15:53:23:345][HID_TX]00-80-07-61-01-50-41-06-0E-01-00-63-00-00-00-00-00-00-00-00-00-00-00-00-00-00-00-00-00-00-00-00-00-00-00-00-00-00-00-00-00-00-00-00-00-00-00-00-00-00-00-00-00-00-00-00-00-00-00-00-00-00-00-00-00
[15:53:23:347]HidD_GetInputReport=True
[15:53:23:347]reply_report=00-4F-00-00-00-00-00-00-00-00-00-00-00-00-00-00-00-00-00-00-00-00-00-00-00-00-00-00-00-00-00-00-00-00-00-00-00-00-00-00-00-00-00-00-00-00-00-00-00-00-00-00-00-00-00-00-00-00-00-00-00-00-00-00-00
[15:53:23:347]50-41-06-0E-01-00-63 [CMD_SENT][CMD_GET_IO_LEVEL]
[15:53:23:370][HID_TX_ack]00-12-50-49-01-E8-B5-00-0D-00-08-00-06-8E-00-01-F7-FF-0F-00-00-00-00-02-00-E0-01-17-32-00-00-00-00-00-00-00-00-00-00-00-00-00-00-00-00-00-00-00-00-00-00-00-00-00-00-00-00-00-00-00-00-00-00-00-00
[15:53:23:370]50-49-01-E8-B5-00-0D-00-08-00-06-8E-00-01-F7-FF-0F-00
[15:53:23:589][HID_TX]00-80-06-8D-B2-50-41-0E-0F-01-E0-00-00-00-00-00-00-00-00-00-00-00-00-00-00-00-00-00-00-00-00-00-00-00-00-00-00-00-00-00-00-00-00-00-00-00-00-00-00-00-00-00-00-00-00-00-00-00-00-00-00-00-00-00-00
[15:53:23:590]HidD_GetInputReport=True
[15:53:23:591]reply_report=00-4F-00-00-00-00-00-00-00-00-00-00-00-00-00-00-00-00-00-00-00-00-00-00-00-00-00-00-00-00-00-00-00-00-00-00-00-00-00-00-00-00-00-00-00-00-00-00-00-00-00-00-00-00-00-00-00-00-00-00-00-00-00-00-00
[15:53:23:591]50-41-0E-0F-01-E0 [CMD_SENT][REMOTE_GET_MODE]
[15:53:23:593][HID_TX_ack]00-19-50-49-01-C0-01-A8-01-00-03-00-0E-8F-00-50-49-0E-E9-00-00-00-00-02-00-E0-01-17-32-00-00-00-00-00-00-00-00-00-00-00-00-00-00-00-00-00-00-00-00-00-00-00-00-00-00-00-00-00-00-00-00-00-00-00-00
[15:53:23:593]50-49-01-C0-01-A8-01-00-03-00-0E-8F-00
[15:53:23:593]50-49-0E-E9-00-00-00-00-02-00-E0-01-
[15:53:23:593]REMOTE_GET_MODE=01
[15:53:23:593][HID_TX]00-80-07-89-A1-50-41-06-10-01-00-63-00-00-00-00-00-00-00-00-00-00-00-00-00-00-00-00-00-00-00-00-00-00-00-00-00-00-00-00-00-00-00-00-00-00-00-00-00-00-00-00-00-00-00-00-00-00-00-00-00-00-00-00-00
[15:53:23:595]HidD_GetInputReport=True
[15:53:23:595]reply_report=00-4F-00-00-00-00-00-00-00-00-00-00-00-00-00-00-00-00-00-00-00-00-00-00-00-00-00-00-00-00-00-00-00-00-00-00-00-00-00-00-00-00-00-00-00-00-00-00-00-00-00-00-00-00-00-00-00-00-00-00-00-00-00-00-00
[15:53:23:595]50-41-06-10-01-00-63 [CMD_SENT][CMD_GET_IO_LEVEL]
[15:53:23:615][HID_TX_ack]00-12-50-49-01-EA-7D-01-0D-00-08-00-06-90-00-01-F7-FF-0F-00-00-00-00-02-00-E0-01-17-32-00-00-00-00-00-00-00-00-00-00-00-00-00-00-00-00-00-00-00-00-00-00-00-00-00-00-00-00-00-00-00-00-00-00-00-00
[15:53:23:615]50-49-01-EA-7D-01-0D-00-08-00-06-90-00-01-F7-FF-0F-00
[15:53:23:840][HID_TX]00-80-06-65-12-50-41-0E-11-01-E0-00-00-00-00-00-00-00-00-00-00-00-00-00-00-00-00-00-00-00-00-00-00-00-00-00-00-00-00-00-00-00-00-00-00-00-00-00-00-00-00-00-00-00-00-00-00-00-00-00-00-00-00-00-00
[15:53:23:842]HidD_GetInputReport=True
[15:53:23:842]reply_report=00-4F-00-00-00-00-00-00-00-00-00-00-00-00-00-00-00-00-00-00-00-00-00-00-00-00-00-00-00-00-00-00-00-00-00-00-00-00-00-00-00-00-00-00-00-00-00-00-00-00-00-00-00-00-00-00-00-00-00-00-00-00-00-00-00
[15:53:23:843]50-41-0E-11-01-E0 [CMD_SENT][REMOTE_GET_MODE]
[15:53:23:844][HID_TX_ack]00-19-50-49-01-C0-CA-A8-01-00-03-00-0E-91-00-50-49-0E-EB-00-00-00-00-02-00-E0-01-17-32-00-00-00-00-00-00-00-00-00-00-00-00-00-00-00-00-00-00-00-00-00-00-00-00-00-00-00-00-00-00-00-00-00-00-00-00
[15:53:23:844]50-49-01-C0-CA-A8-01-00-03-00-0E-91-00
[15:53:23:844]50-49-0E-EB-00-00-00-00-02-00-E0-01-
[15:53:23:844]REMOTE_GET_MODE=01
[15:53:23:845][HID_TX]00-80-07-62-8E-50-41-06-12-01-00-63-00-00-00-00-00-00-00-00-00-00-00-00-00-00-00-00-00-00-00-00-00-00-00-00-00-00-00-00-00-00-00-00-00-00-00-00-00-00-00-00-00-00-00-00-00-00-00-00-00-00-00-00-00
[15:53:23:846]HidD_GetInputReport=True
[15:53:23:846]reply_report=00-4F-00-00-00-00-00-00-00-00-00-00-00-00-00-00-00-00-00-00-00-00-00-00-00-00-00-00-00-00-00-00-00-00-00-00-00-00-00-00-00-00-00-00-00-00-00-00-00-00-00-00-00-00-00-00-00-00-00-00-00-00-00-00-00
[15:53:23:846]50-41-06-12-01-00-63 [CMD_SENT][CMD_GET_IO_LEVEL]
[15:53:23:877][HID_TX_ack]00-12-50-49-01-EC-51-02-0D-00-08-00-06-92-00-01-F7-FF-0F-00-00-00-00-02-00-E0-01-17-32-00-00-00-00-00-00-00-00-00-00-00-00-00-00-00-00-00-00-00-00-00-00-00-00-00-00-00-00-00-00-00-00-00-00-00-00
[15:53:23:877]50-49-01-EC-51-02-0D-00-08-00-06-92-00-01-F7-FF-0F-00
[15:53:25:068][HID_TX]00-80-06-8E-3D-50-41-0E-13-01-E0-00-00-00-00-00-00-00-00-00-00-00-00-00-00-00-00-00-00-00-00-00-00-00-00-00-00-00-00-00-00-00-00-00-00-00-00-00-00-00-00-00-00-00-00-00-00-00-00-00-00-00-00-00-00
[15:53:25:069]HidD_GetInputReport=True
[15:53:25:069]reply_report=00-4F-00-00-00-00-00-00-00-00-00-00-00-00-00-00-00-00-00-00-00-00-00-00-00-00-00-00-00-00-00-00-00-00-00-00-00-00-00-00-00-00-00-00-00-00-00-00-00-00-00-00-00-00-00-00-00-00-00-00-00-00-00-00-00
[15:53:25:069]50-41-0E-13-01-E0 [CMD_SENT][REMOTE_GET_MODE]
[15:53:25:072][HID_TX_ack]00-19-50-49-01-C0-9F-AC-01-00-03-00-0E-93-00-50-49-0E-ED-00-00-00-00-02-00-E0-01-17-32-00-00-00-00-00-00-00-00-00-00-00-00-00-00-00-00-00-00-00-00-00-00-00-00-00-00-00-00-00-00-00-00-00-00-00-00
[15:53:25:072]50-49-01-C0-9F-AC-01-00-03-00-0E-93-00
[15:53:25:072]50-49-0E-ED-00-00-00-00-02-00-E0-01-
[15:53:25:072]REMOTE_GET_MODE=01
[15:53:25:072][HID_TX]00-80-07-5F-FE-50-41-06-14-01-00-63-00-00-00-00-00-00-00-00-00-00-00-00-00-00-00-00-00-00-00-00-00-00-00-00-00-00-00-00-00-00-00-00-00-00-00-00-00-00-00-00-00-00-00-00-00-00-00-00-00-00-00-00-00
[15:53:25:075]HidD_GetInputReport=True
[15:53:25:075]reply_report=00-4F-00-00-00-00-00-00-00-00-00-00-00-00-00-00-00-00-00-00-00-00-00-00-00-00-00-00-00-00-00-00-00-00-00-00-00-00-00-00-00-00-00-00-00-00-00-00-00-00-00-00-00-00-00-00-00-00-00-00-00-00-00-00-00
[15:53:25:075]50-41-06-14-01-00-63 [CMD_SENT][CMD_GET_IO_LEVEL]
[15:53:25:112][HID_TX_ack]00-12-50-49-01-EE-1B-06-0D-00-08-00-06-94-00-01-FF-FF-0F-00-00-00-00-02-00-E0-01-17-32-00-00-00-00-00-00-00-00-00-00-00-00-00-00-00-00-00-00-00-00-00-00-00-00-00-00-00-00-00-00-00-00-00-00-00-00
[15:53:25:112]50-49-01-EE-1B-06-0D-00-08-00-06-94-00-01-FF-FF-0F-00
[15:53:25:331][HID_TX]00-80-06-B3-4D-50-41-0E-15-01-E0-00-00-00-00-00-00-00-00-00-00-00-00-00-00-00-00-00-00-00-00-00-00-00-00-00-00-00-00-00-00-00-00-00-00-00-00-00-00-00-00-00-00-00-00-00-00-00-00-00-00-00-00-00-00
[15:53:25:333]HidD_GetInputReport=True
[15:53:25:333]reply_report=00-4F-00-00-00-00-00-00-00-00-00-00-00-00-00-00-00-00-00-00-00-00-00-00-00-00-00-00-00-00-00-00-00-00-00-00-00-00-00-00-00-00-00-00-00-00-00-00-00-00-00-00-00-00-00-00-00-00-00-00-00-00-00-00-00
[15:53:25:333]50-41-0E-15-01-E0 [CMD_SENT][REMOTE_GET_MODE]
[15:53:25:336][HID_TX_ack]00-19-50-49-01-C0-72-AD-01-00-03-00-0E-95-00-50-49-0E-EF-00-00-00-00-02-00-E0-01-17-32-00-00-00-00-00-00-00-00-00-00-00-00-00-00-00-00-00-00-00-00-00-00-00-00-00-00-00-00-00-00-00-00-00-00-00-00
[15:53:25:336]50-49-01-C0-72-AD-01-00-03-00-0E-95-00
[15:53:25:336]50-49-0E-EF-00-00-00-00-02-00-E0-01-
[15:53:25:336]REMOTE_GET_MODE=01
[15:53:25:336][HID_TX]00-80-07-B4-D1-50-41-06-16-01-00-63-00-00-00-00-00-00-00-00-00-00-00-00-00-00-00-00-00-00-00-00-00-00-00-00-00-00-00-00-00-00-00-00-00-00-00-00-00-00-00-00-00-00-00-00-00-00-00-00-00-00-00-00-00
[15:53:25:337]HidD_GetInputReport=True
[15:53:25:337]reply_report=00-4F-00-00-00-00-00-00-00-00-00-00-00-00-00-00-00-00-00-00-00-00-00-00-00-00-00-00-00-00-00-00-00-00-00-00-00-00-00-00-00-00-00-00-00-00-00-00-00-00-00-00-00-00-00-00-00-00-00-00-00-00-00-00-00
[15:53:25:337]50-41-06-16-01-00-63 [CMD_SENT][CMD_GET_IO_LEVEL]
[15:53:25:364][HID_TX_ack]00-12-50-49-01-F0-F1-06-0D-00-08-00-06-96-00-01-FF-FF-0F-00-00-00-00-02-00-E0-01-17-32-00-00-00-00-00-00-00-00-00-00-00-00-00-00-00-00-00-00-00-00-00-00-00-00-00-00-00-00-00-00-00-00-00-00-00-00
[15:53:25:364]50-49-01-F0-F1-06-0D-00-08-00-06-96-00-01-FF-FF-0F-00
[15:53:25:580][HID_TX]00-80-06-58-62-50-41-0E-17-01-E0-00-00-00-00-00-00-00-00-00-00-00-00-00-00-00-00-00-00-00-00-00-00-00-00-00-00-00-00-00-00-00-00-00-00-00-00-00-00-00-00-00-00-00-00-00-00-00-00-00-00-00-00-00-00
[15:53:25:581]HidD_GetInputReport=True
[15:53:25:581]reply_report=00-4F-00-00-00-00-00-00-00-00-00-00-00-00-00-00-00-00-00-00-00-00-00-00-00-00-00-00-00-00-00-00-00-00-00-00-00-00-00-00-00-00-00-00-00-00-00-00-00-00-00-00-00-00-00-00-00-00-00-00-00-00-00-00-00
[15:53:25:581]50-41-0E-17-01-E0 [CMD_SENT][REMOTE_GET_MODE]
[15:53:25:583][HID_TX_ack]00-19-50-49-01-C0-39-AE-01-00-03-00-0E-97-00-50-49-0E-F1-00-00-00-00-02-00-E0-01-17-32-00-00-00-00-00-00-00-00-00-00-00-00-00-00-00-00-00-00-00-00-00-00-00-00-00-00-00-00-00-00-00-00-00-00-00-00
[15:53:25:583]50-49-01-C0-39-AE-01-00-03-00-0E-97-00
[15:53:25:583]50-49-0E-F1-00-00-00-00-02-00-E0-01-
[15:53:25:584]REMOTE_GET_MODE=01
[15:53:25:584][HID_TX]00-80-07-25-1E-50-41-06-18-01-00-63-00-00-00-00-00-00-00-00-00-00-00-00-00-00-00-00-00-00-00-00-00-00-00-00-00-00-00-00-00-00-00-00-00-00-00-00-00-00-00-00-00-00-00-00-00-00-00-00-00-00-00-00-00
[15:53:25:586]HidD_GetInputReport=True
[15:53:25:586]reply_report=00-4F-00-00-00-00-00-00-00-00-00-00-00-00-00-00-00-00-00-00-00-00-00-00-00-00-00-00-00-00-00-00-00-00-00-00-00-00-00-00-00-00-00-00-00-00-00-00-00-00-00-00-00-00-00-00-00-00-00-00-00-00-00-00-00
[15:53:25:586]50-41-06-18-01-00-63 [CMD_SENT][CMD_GET_IO_LEVEL]
[15:53:25:609][HID_TX_ack]00-12-50-49-01-F2-B9-07-0D-00-08-00-06-98-00-01-FF-FF-0F-00-00-00-00-02-00-E0-01-17-32-00-00-00-00-00-00-00-00-00-00-00-00-00-00-00-00-00-00-00-00-00-00-00-00-00-00-00-00-00-00-00-00-00-00-00-00
[15:53:25:609]50-49-01-F2-B9-07-0D-00-08-00-06-98-00-01-FF-FF-0F-00
[15:53:25:829][HID_TX]00-80-06-C9-AD-50-41-0E-19-01-E0-00-00-00-00-00-00-00-00-00-00-00-00-00-00-00-00-00-00-00-00-00-00-00-00-00-00-00-00-00-00-00-00-00-00-00-00-00-00-00-00-00-00-00-00-00-00-00-00-00-00-00-00-00-00
[15:53:25:830]HidD_GetInputReport=True
[15:53:25:830]reply_report=00-4F-00-00-00-00-00-00-00-00-00-00-00-00-00-00-00-00-00-00-00-00-00-00-00-00-00-00-00-00-00-00-00-00-00-00-00-00-00-00-00-00-00-00-00-00-00-00-00-00-00-00-00-00-00-00-00-00-00-00-00-00-00-00-00
[15:53:25:830]50-41-0E-19-01-E0 [CMD_SENT][REMOTE_GET_MODE]
[15:53:25:833][HID_TX_ack]00-19-50-49-01-C0-00-AF-01-00-03-00-0E-99-00-50-49-0E-F3-00-00-00-00-02-00-E0-01-17-32-00-00-00-00-00-00-00-00-00-00-00-00-00-00-00-00-00-00-00-00-00-00-00-00-00-00-00-00-00-00-00-00-00-00-00-00
[15:53:25:833]50-49-01-C0-00-AF-01-00-03-00-0E-99-00
[15:53:25:833]50-49-0E-F3-00-00-00-00-02-00-E0-01-
[15:53:25:834]REMOTE_GET_MODE=01
[15:53:25:834][HID_TX]00-80-07-CE-31-50-41-06-1A-01-00-63-00-00-00-00-00-00-00-00-00-00-00-00-00-00-00-00-00-00-00-00-00-00-00-00-00-00-00-00-00-00-00-00-00-00-00-00-00-00-00-00-00-00-00-00-00-00-00-00-00-00-00-00-00
[15:53:25:836]HidD_GetInputReport=True
[15:53:25:836]reply_report=00-4F-00-00-00-00-00-00-00-00-00-00-00-00-00-00-00-00-00-00-00-00-00-00-00-00-00-00-00-00-00-00-00-00-00-00-00-00-00-00-00-00-00-00-00-00-00-00-00-00-00-00-00-00-00-00-00-00-00-00-00-00-00-00-00
[15:53:25:836]50-41-06-1A-01-00-63 [CMD_SENT][CMD_GET_IO_LEVEL]
[15:53:25:855][HID_TX_ack]00-12-50-49-01-F4-79-08-0D-00-08-00-06-9A-00-01-FF-FF-0E-00-00-00-00-02-00-E0-01-17-32-00-00-00-00-00-00-00-00-00-00-00-00-00-00-00-00-00-00-00-00-00-00-00-00-00-00-00-00-00-00-00-00-00-00-00-00
[15:53:25:855]50-49-01-F4-79-08-0D-00-08-00-06-9A-00-01-FF-FF-0E-00
[15:53:27:150][HID_TX]00-80-06-22-82-50-41-0E-1B-01-E0-00-00-00-00-00-00-00-00-00-00-00-00-00-00-00-00-00-00-00-00-00-00-00-00-00-00-00-00-00-00-00-00-00-00-00-00-00-00-00-00-00-00-00-00-00-00-00-00-00-00-00-00-00-00
[15:53:27:151]HidD_GetInputReport=True
[15:53:27:151]reply_report=00-4F-00-00-00-00-00-00-00-00-00-00-00-00-00-00-00-00-00-00-00-00-00-00-00-00-00-00-00-00-00-00-00-00-00-00-00-00-00-00-00-00-00-00-00-00-00-00-00-00-00-00-00-00-00-00-00-00-00-00-00-00-00-00-00
[15:53:27:151]50-41-0E-1B-01-E0 [CMD_SENT][REMOTE_GET_MODE]
[15:53:27:155][HID_TX_ack]00-19-50-49-01-C0-21-B3-01-00-03-00-0E-9B-00-50-49-0E-F5-00-00-00-00-02-00-E0-01-17-32-00-00-00-00-00-00-00-00-00-00-00-00-00-00-00-00-00-00-00-00-00-00-00-00-00-00-00-00-00-00-00-00-00-00-00-00
[15:53:27:155]50-49-01-C0-21-B3-01-00-03-00-0E-9B-00
[15:53:27:155]50-49-0E-F5-00-00-00-00-02-00-E0-01-
[15:53:27:155]REMOTE_GET_MODE=01
[15:53:27:155][HID_TX]00-80-07-F3-41-50-41-06-1C-01-00-63-00-00-00-00-00-00-00-00-00-00-00-00-00-00-00-00-00-00-00-00-00-00-00-00-00-00-00-00-00-00-00-00-00-00-00-00-00-00-00-00-00-00-00-00-00-00-00-00-00-00-00-00-00
[15:53:27:156]HidD_GetInputReport=True
[15:53:27:156]reply_report=00-4F-00-00-00-00-00-00-00-00-00-00-00-00-00-00-00-00-00-00-00-00-00-00-00-00-00-00-00-00-00-00-00-00-00-00-00-00-00-00-00-00-00-00-00-00-00-00-00-00-00-00-00-00-00-00-00-00-00-00-00-00-00-00-00
[15:53:27:156]50-41-06-1C-01-00-63 [CMD_SENT][CMD_GET_IO_LEVEL]
[15:53:27:193][HID_TX_ack]00-12-50-49-01-F6-9D-0C-0D-00-08-00-06-9C-00-01-FF-FF-0F-00-00-00-00-02-00-E0-01-17-32-00-00-00-00-00-00-00-00-00-00-00-00-00-00-00-00-00-00-00-00-00-00-00-00-00-00-00-00-00-00-00-00-00-00-00-00
[15:53:27:193]50-49-01-F6-9D-0C-0D-00-08-00-06-9C-00-01-FF-FF-0F-00
[15:53:27:415][HID_TX]00-80-06-1F-F2-50-41-0E-1D-01-E0-00-00-00-00-00-00-00-00-00-00-00-00-00-00-00-00-00-00-00-00-00-00-00-00-00-00-00-00-00-00-00-00-00-00-00-00-00-00-00-00-00-00-00-00-00-00-00-00-00-00-00-00-00-00
[15:53:27:417]HidD_GetInputReport=True
[15:53:27:417]reply_report=00-4F-00-00-00-00-00-00-00-00-00-00-00-00-00-00-00-00-00-00-00-00-00-00-00-00-00-00-00-00-00-00-00-00-00-00-00-00-00-00-00-00-00-00-00-00-00-00-00-00-00-00-00-00-00-00-00-00-00-00-00-00-00-00-00
[15:53:27:417]50-41-0E-1D-01-E0 [CMD_SENT][REMOTE_GET_MODE]
[15:53:27:419][HID_TX_ack]00-19-50-49-01-C0-F5-B3-01-00-03-00-0E-9D-00-50-49-0E-F7-00-00-00-00-02-00-E0-01-17-32-00-00-00-00-00-00-00-00-00-00-00-00-00-00-00-00-00-00-00-00-00-00-00-00-00-00-00-00-00-00-00-00-00-00-00-00
[15:53:27:419]50-49-01-C0-F5-B3-01-00-03-00-0E-9D-00
[15:53:27:419]50-49-0E-F7-00-00-00-00-02-00-E0-01-
[15:53:27:419]REMOTE_GET_MODE=01
[15:53:27:419][HID_TX]00-80-07-18-6E-50-41-06-1E-01-00-63-00-00-00-00-00-00-00-00-00-00-00-00-00-00-00-00-00-00-00-00-00-00-00-00-00-00-00-00-00-00-00-00-00-00-00-00-00-00-00-00-00-00-00-00-00-00-00-00-00-00-00-00-00
[15:53:27:421]HidD_GetInputReport=True
[15:53:27:422]reply_report=00-4F-00-00-00-00-00-00-00-00-00-00-00-00-00-00-00-00-00-00-00-00-00-00-00-00-00-00-00-00-00-00-00-00-00-00-00-00-00-00-00-00-00-00-00-00-00-00-00-00-00-00-00-00-00-00-00-00-00-00-00-00-00-00-00
[15:53:27:422]50-41-06-1E-01-00-63 [CMD_SENT][CMD_GET_IO_LEVEL]
[15:53:27:447][HID_TX_ack]00-12-50-49-01-F8-73-0D-0D-00-08-00-06-9E-00-01-FF-FF-0F-00-00-00-00-02-00-E0-01-17-32-00-00-00-00-00-00-00-00-00-00-00-00-00-00-00-00-00-00-00-00-00-00-00-00-00-00-00-00-00-00-00-00-00-00-00-00
[15:53:27:447]50-49-01-F8-73-0D-0D-00-08-00-06-9E-00-01-FF-FF-0F-00
[15:53:27:664][HID_TX]00-80-06-F4-DD-50-41-0E-1F-01-E0-00-00-00-00-00-00-00-00-00-00-00-00-00-00-00-00-00-00-00-00-00-00-00-00-00-00-00-00-00-00-00-00-00-00-00-00-00-00-00-00-00-00-00-00-00-00-00-00-00-00-00-00-00-00
[15:53:27:665]HidD_GetInputReport=True
[15:53:27:665]reply_report=00-4F-00-00-00-00-00-00-00-00-00-00-00-00-00-00-00-00-00-00-00-00-00-00-00-00-00-00-00-00-00-00-00-00-00-00-00-00-00-00-00-00-00-00-00-00-00-00-00-00-00-00-00-00-00-00-00-00-00-00-00-00-00-00-00
[15:53:27:665]50-41-0E-1F-01-E0 [CMD_SENT][REMOTE_GET_MODE]
[15:53:27:668][HID_TX_ack]00-19-50-49-01-C0-BC-B4-01-00-03-00-0E-9F-00-50-49-0E-F9-00-00-00-00-02-00-E0-01-17-32-00-00-00-00-00-00-00-00-00-00-00-00-00-00-00-00-00-00-00-00-00-00-00-00-00-00-00-00-00-00-00-00-00-00-00-00
[15:53:27:668]50-49-01-C0-BC-B4-01-00-03-00-0E-9F-00
[15:53:27:668]50-49-0E-F9-00-00-00-00-02-00-E0-01-
[15:53:27:668]REMOTE_GET_MODE=01
[15:53:27:668][HID_TX]00-80-07-02-10-50-41-06-20-01-00-63-00-00-00-00-00-00-00-00-00-00-00-00-00-00-00-00-00-00-00-00-00-00-00-00-00-00-00-00-00-00-00-00-00-00-00-00-00-00-00-00-00-00-00-00-00-00-00-00-00-00-00-00-00
[15:53:27:669]HidD_GetInputReport=True
[15:53:27:669]reply_report=00-4F-00-00-00-00-00-00-00-00-00-00-00-00-00-00-00-00-00-00-00-00-00-00-00-00-00-00-00-00-00-00-00-00-00-00-00-00-00-00-00-00-00-00-00-00-00-00-00-00-00-00-00-00-00-00-00-00-00-00-00-00-00-00-00
[15:53:27:669]50-41-06-20-01-00-63 [CMD_SENT][CMD_GET_IO_LEVEL]
[15:53:27:692][HID_TX_ack]00-12-50-49-01-FA-3B-0E-0D-00-08-00-06-A0-00-01-FF-FF-0D-00-00-00-00-02-00-E0-01-17-32-00-00-00-00-00-00-00-00-00-00-00-00-00-00-00-00-00-00-00-00-00-00-00-00-00-00-00-00-00-00-00-00-00-00-00-00
[15:53:27:692]50-49-01-FA-3B-0E-0D-00-08-00-06-A0-00-01-FF-FF-0D-00
[15:53:27:914][HID_TX]00-80-06-EE-A3-50-41-0E-21-01-E0-00-00-00-00-00-00-00-00-00-00-00-00-00-00-00-00-00-00-00-00-00-00-00-00-00-00-00-00-00-00-00-00-00-00-00-00-00-00-00-00-00-00-00-00-00-00-00-00-00-00-00-00-00-00
[15:53:27:915]HidD_GetInputReport=True
[15:53:27:915]reply_report=00-4F-00-00-00-00-00-00-00-00-00-00-00-00-00-00-00-00-00-00-00-00-00-00-00-00-00-00-00-00-00-00-00-00-00-00-00-00-00-00-00-00-00-00-00-00-00-00-00-00-00-00-00-00-00-00-00-00-00-00-00-00-00-00-00
[15:53:27:915]50-41-0E-21-01-E0 [CMD_SENT][REMOTE_GET_MODE]
[15:53:27:918][HID_TX_ack]00-19-50-49-01-C0-84-B5-01-00-03-00-0E-A1-00-50-49-0E-FB-00-00-00-00-02-00-E0-01-17-32-00-00-00-00-00-00-00-00-00-00-00-00-00-00-00-00-00-00-00-00-00-00-00-00-00-00-00-00-00-00-00-00-00-00-00-00
[15:53:27:918]50-49-01-C0-84-B5-01-00-03-00-0E-A1-00
[15:53:27:918]50-49-0E-FB-00-00-00-00-02-00-E0-01-
[15:53:27:918]REMOTE_GET_MODE=01
[15:53:27:918][HID_TX]00-80-07-E9-3F-50-41-06-22-01-00-63-00-00-00-00-00-00-00-00-00-00-00-00-00-00-00-00-00-00-00-00-00-00-00-00-00-00-00-00-00-00-00-00-00-00-00-00-00-00-00-00-00-00-00-00-00-00-00-00-00-00-00-00-00
[15:53:27:920]HidD_GetInputReport=True
[15:53:27:920]reply_report=00-4F-00-00-00-00-00-00-00-00-00-00-00-00-00-00-00-00-00-00-00-00-00-00-00-00-00-00-00-00-00-00-00-00-00-00-00-00-00-00-00-00-00-00-00-00-00-00-00-00-00-00-00-00-00-00-00-00-00-00-00-00-00-00-00
[15:53:27:920]50-41-06-22-01-00-63 [CMD_SENT][CMD_GET_IO_LEVEL]
[15:53:27:937][HID_TX_ack]00-12-50-49-01-FC-FB-0E-0D-00-08-00-06-A2-00-01-FF-FF-0D-00-00-00-00-02-00-E0-01-17-32-00-00-00-00-00-00-00-00-00-00-00-00-00-00-00-00-00-00-00-00-00-00-00-00-00-00-00-00-00-00-00-00-00-00-00-00
[15:53:27:937]50-49-01-FC-FB-0E-0D-00-08-00-06-A2-00-01-FF-FF-0D-00
[15:53:28:352][HID_TX_ack]00-0D-50-49-11-FD-DE-B6-01-00-03-00-20-E9-00-01-FF-FF-0D-00-00-00-00-02-00-E0-01-17-32-00-00-00-00-00-00-00-00-00-00-00-00-00-00-00-00-00-00-00-00-00-00-00-00-00-00-00-00-00-00-00-00-00-00-00-00
[15:53:28:352]50-49-11-FD-DE-B6-01-00-03-00-20-E9-00
[15:53:28:365][HID_TX_ack]00-0D-50-49-01-C0-EA-B6-01-00-03-00-11-CC-16-01-FF-FF-0D-00-00-00-00-02-00-E0-01-17-32-00-00-00-00-00-00-00-00-00-00-00-00-00-00-00-00-00-00-00-00-00-00-00-00-00-00-00-00-00-00-00-00-00-00-00-00
[15:53:28:365]50-49-01-C0-EA-B6-01-00-03-00-11-CC-16
[15:53:28:369][HID_TX_ack]00-1A-50-49-01-C0-ED-B6-01-00-03-00-11-CD-18-50-49-01-C0-EE-B6-01-00-03-00-11-CE-17-32-00-00-00-00-00-00-00-00-00-00-00-00-00-00-00-00-00-00-00-00-00-00-00-00-00-00-00-00-00-00-00-00-00-00-00-00
[15:53:28:369]50-49-01-C0-ED-B6-01-00-03-00-11-CD-18
[15:53:28:369]50-49-01-C0-EE-B6-01-00-03-00-11-CE-17
[15:53:28:372][HID_TX_ack]00-0D-50-49-11-FE-EF-B6-01-00-03-00-20-00-00-50-49-01-C0-EE-B6-01-00-03-00-11-CE-17-32-00-00-00-00-00-00-00-00-00-00-00-00-00-00-00-00-00-00-00-00-00-00-00-00-00-00-00-00-00-00-00-00-00-00-00-00
[15:53:28:372]50-49-11-FE-EF-B6-01-00-03-00-20-00-00
[15:53:28:390][HID_TX_ack]00-0D-50-49-01-C0-FE-B6-01-00-03-00-11-CF-16-50-49-01-C0-EE-B6-01-00-03-00-11-CE-17-32-00-00-00-00-00-00-00-00-00-00-00-00-00-00-00-00-00-00-00-00-00-00-00-00-00-00-00-00-00-00-00-00-00-00-00-00
[15:53:28:390]50-49-01-C0-FE-B6-01-00-03-00-11-CF-16
[15:53:28:890][HID_TX]00-80-07-85-78-50-41-0E-23-02-E1-00-00-00-00-00-00-00-00-00-00-00-00-00-00-00-00-00-00-00-00-00-00-00-00-00-00-00-00-00-00-00-00-00-00-00-00-00-00-00-00-00-00-00-00-00-00-00-00-00-00-00-00-00-00
[15:53:28:891]HidD_GetInputReport=True
[15:53:28:891]reply_report=00-4F-00-00-00-00-00-00-00-00-00-00-00-00-00-00-00-00-00-00-00-00-00-00-00-00-00-00-00-00-00-00-00-00-00-00-00-00-00-00-00-00-00-00-00-00-00-00-00-00-00-00-00-00-00-00-00-00-00-00-00-00-00-00-00
[15:53:28:891]50-41-0E-23-02-E1-00 [CMD_SENT][REMOTE_SET_MODE] is_remote=False
[15:53:28:894][HID_TX_ack]00-0D-50-49-01-C0-91-B8-01-00-03-00-0E-A3-00-50-49-01-C0-EE-B6-01-00-03-00-11-CE-17-32-00-00-00-00-00-00-00-00-00-00-00-00-00-00-00-00-00-00-00-00-00-00-00-00-00-00-00-00-00-00-00-00-00-00-00-00
[15:53:28:894]50-49-01-C0-91-B8-01-00-03-00-0E-A3-00
[15:53:28:895]ystech_Power_Saving, is_EnablePowerSaving=True
[15:53:28:895][HID_TX]00-85-01-73-56-02-00-00-00-00-00-00-00-00-00-00-00-00-00-00-00-00-00-00-00-00-00-00-00-00-00-00-00-00-00-00-00-00-00-00-00-00-00-00-00-00-00-00-00-00-00-00-00-00-00-00-00-00-00-00-00-00-00-00-00
[15:53:28:896]HidD_GetInputReport=True
[15:53:28:896]reply_report=00-4F-00-00-00-00-00-00-00-00-00-00-00-00-00-00-00-00-00-00-00-00-00-00-00-00-00-00-00-00-00-00-00-00-00-00-00-00-00-00-00-00-00-00-00-00-00-00-00-00-00-00-00-00-00-00-00-00-00-00-00-00-00-00-00
[15:53:28:896]HID_CMD_POWER_SAVING_Enable
[15:53:28:896]close_hid_stream
[15:53:28:896]close_hid_handle
