[10:23:25:351]\\?\hid#dell09c2&col02#5&bc4dc33&0&0001#{4d1e55b2-f16f-11cf-88cb-001111000030}
[10:23:25:352]\\?\hid#dell09c2&col03#5&bc4dc33&0&0002#{4d1e55b2-f16f-11cf-88cb-001111000030}
[10:23:25:352]\\?\hid#intc816&col01#3&207f9b7f&0&0000#{4d1e55b2-f16f-11cf-88cb-001111000030}
[10:23:25:352]\\?\hid#vid_046d&pid_0adf&mi_04#7&2ad3f249&0&0000#{4d1e55b2-f16f-11cf-88cb-001111000030}
[10:23:25:352]\\?\hid#intc816&col02#3&207f9b7f&0&0001#{4d1e55b2-f16f-11cf-88cb-001111000030}
[10:23:25:352]\\?\hid#converteddevice&col02#5&17bac0a6&0&0001#{4d1e55b2-f16f-11cf-88cb-001111000030}
[10:23:25:352]\\?\hid#converteddevice&col03#5&17bac0a6&0&0002#{4d1e55b2-f16f-11cf-88cb-001111000030}
[10:23:25:352]\\?\hid#dell09c2&col04#5&bc4dc33&0&0003#{4d1e55b2-f16f-11cf-88cb-001111000030}
[10:23:25:352]\\?\hid#{00001812-0000-1000-8000-00805f9b34fb}_dev_vid&0232c2_pid&0001_rev&0068_ccb624cd66b1#9&326e3aae&0&0000#{4d1e55b2-f16f-11cf-88cb-001111000030}
[10:23:25:352]\\?\hid#dell09c2&col05#5&bc4dc33&0&0004#{4d1e55b2-f16f-11cf-88cb-001111000030}
[10:23:25:352]\\?\hid#vid_046d&pid_0adf&mi_00#7&28ee3ab8&0&0000#{4d1e55b2-f16f-11cf-88cb-001111000030}
[10:23:25:352]\\?\hid#converteddevice&col01#5&17bac0a6&0&0000#{4d1e55b2-f16f-11cf-88cb-001111000030}\kbd
[10:23:25:352]\\?\hid#dell09c2&col01#5&bc4dc33&0&0000#{4d1e55b2-f16f-11cf-88cb-001111000030}
[10:23:25:357]try_path=\\?\hid#vid_046d&pid_0adf&mi_04#7&2ad3f249&0&0000#{4d1e55b2-f16f-11cf-88cb-001111000030}
[10:23:25:367][invalid device][System.Exception]
[10:23:25:373]   at ..connect(String path)
[10:23:25:373]close_hid_handle
[10:23:25:375][connect HID device fail : invalid device][System.Exception]
[10:23:25:375]   at ..connect(String path)
   at ..(String  )
   at ..connect(UInt16 vid, UInt16 pid,  vt)
[10:23:25:375]try_path=\\?\hid#vid_046d&pid_0adf&mi_00#7&28ee3ab8&0&0000#{4d1e55b2-f16f-11cf-88cb-001111000030}
[10:23:25:376]	InputReportByteLength=65
[10:23:25:376]	OutputReportByteLength=65
[10:23:25:376]HID_Connected=\\?\hid#vid_046d&pid_0adf&mi_00#7&28ee3ab8&0&0000#{4d1e55b2-f16f-11cf-88cb-001111000030}
[10:23:25:377][HID_TX]00-84-01-D1-55-01-00-00-00-00-00-00-00-00-00-00-00-00-00-00-00-00-00-00-00-00-00-00-00-00-00-00-00-00-00-00-00-00-00-00-00-00-00-00-00-00-00-00-00-00-00-00-00-00-00-00-00-00-00-00-00-00-00-00-00
[10:23:25:378]HidD_GetInputReport=True
[10:23:25:378]reply_report=00-4F-56-31-2E-36-2E-31-00-00-00-00-00-00-00-00-00-00-00-00-00-00-00-00-00-00-00-00-00-00-00-00-00-00-00-00-00-00-00-00-00-00-00-00-00-00-00-00-00-00-00-00-00-00-00-00-00-00-00-00-00-00-00-00-00
[10:23:25:378][ys_tech] fw_version=V1.6.1
[10:23:25:378]ystech_Power_Saving, is_EnablePowerSaving=False
[10:23:25:378][HID_TX]00-85-01-83-8B-01-00-00-00-00-00-00-00-00-00-00-00-00-00-00-00-00-00-00-00-00-00-00-00-00-00-00-00-00-00-00-00-00-00-00-00-00-00-00-00-00-00-00-00-00-00-00-00-00-00-00-00-00-00-00-00-00-00-00-00
[10:23:25:379]HidD_GetInputReport=True
[10:23:25:379]reply_report=00-46-00-00-00-00-00-00-00-00-00-00-00-00-00-00-00-00-00-00-00-00-00-00-00-00-00-00-00-00-00-00-00-00-00-00-00-00-00-00-00-00-00-00-00-00-00-00-00-00-00-00-00-00-00-00-00-00-00-00-00-00-00-00-00
[10:23:25:383][Response Fail][System.Exception]
[10:23:25:383]   at ..(Boolean  )
   at ..(Byte  , Byte[]  )
[10:23:25:446]_ystech_retry_count=1
[10:23:25:446][HID_TX]00-85-01-83-8B-01-00-00-00-00-00-00-00-00-00-00-00-00-00-00-00-00-00-00-00-00-00-00-00-00-00-00-00-00-00-00-00-00-00-00-00-00-00-00-00-00-00-00-00-00-00-00-00-00-00-00-00-00-00-00-00-00-00-00-00
[10:23:25:447]HidD_GetInputReport=True
[10:23:25:447]reply_report=00-4F-00-00-00-00-00-00-00-00-00-00-00-00-00-00-00-00-00-00-00-00-00-00-00-00-00-00-00-00-00-00-00-00-00-00-00-00-00-00-00-00-00-00-00-00-00-00-00-00-00-00-00-00-00-00-00-00-00-00-00-00-00-00-00
[10:23:25:447]HID_CMD_POWER_SAVING_Disable
[10:23:25:447]path_connected=\\?\hid#vid_046d&pid_0adf&mi_00#7&28ee3ab8&0&0000#{4d1e55b2-f16f-11cf-88cb-001111000030}
[10:23:26:460][HID_TX]00-80-06-1C-7D-50-41-0E-01-01-E0-00-00-00-00-00-00-00-00-00-00-00-00-00-00-00-00-00-00-00-00-00-00-00-00-00-00-00-00-00-00-00-00-00-00-00-00-00-00-00-00-00-00-00-00-00-00-00-00-00-00-00-00-00-00
[10:23:26:462]HidD_GetInputReport=True
[10:23:26:462]reply_report=00-4F-00-00-00-00-00-00-00-00-00-00-00-00-00-00-00-00-00-00-00-00-00-00-00-00-00-00-00-00-00-00-00-00-00-00-00-00-00-00-00-00-00-00-00-00-00-00-00-00-00-00-00-00-00-00-00-00-00-00-00-00-00-00-00
[10:23:26:462]50-41-0E-01-01-E0 [CMD_SENT][REMOTE_GET_MODE]
[10:23:26:471][HID_TX_ack]00-19-50-49-01-C0-2E-42-03-00-03-00-0E-81-00-50-49-0E-C4-00-00-00-00-02-00-E0-00-00-01-00-01-00-31-00-00-00-31-00-01-00-00-00-00-00-00-00-00-00-00-00-00-00-00-00-00-00-00-00-00-00-00-00-00-00-00
[10:23:26:490]REMOTE_GET_MODE=00
[10:23:26:490]50-49-01-C0-2E-42-03-00-03-00-0E-81-00
[10:23:26:490]50-49-0E-C4-00-00-00-00-02-00-E0-00-
[10:23:26:490][HID_TX]00-80-08-08-E6-50-41-06-02-02-00-43-01-00-00-00-00-00-00-00-00-00-00-00-00-00-00-00-00-00-00-00-00-00-00-00-00-00-00-00-00-00-00-00-00-00-00-00-00-00-00-00-00-00-00-00-00-00-00-00-00-00-00-00-00
[10:23:26:492]HidD_GetInputReport=True
[10:23:26:492]reply_report=00-4F-00-00-00-00-00-00-00-00-00-00-00-00-00-00-00-00-00-00-00-00-00-00-00-00-00-00-00-00-00-00-00-00-00-00-00-00-00-00-00-00-00-00-00-00-00-00-00-00-00-00-00-00-00-00-00-00-00-00-00-00-00-00-00
[10:23:26:492]50-41-06-02-02-00-43-01 [CMD_SENT][CMD_READ_MP_DATA_BY_ID]
[10:23:26:494][HID_TX_ack]00-13-50-49-01-C0-46-42-03-00-09-00-06-82-00-4C-24-14-09-08-21-00-00-02-00-E0-00-00-01-00-01-00-31-00-00-00-31-00-01-00-00-00-00-00-00-00-00-00-00-00-00-00-00-00-00-00-00-00-00-00-00-00-00-00-00
[10:23:26:494]50-49-01-C0-46-42-03-00-09-00-06-82-00-4C-24-14-09-08-21
[10:23:27:504][HID_TX]00-80-06-F7-52-50-41-0E-03-01-E0-00-00-00-00-00-00-00-00-00-00-00-00-00-00-00-00-00-00-00-00-00-00-00-00-00-00-00-00-00-00-00-00-00-00-00-00-00-00-00-00-00-00-00-00-00-00-00-00-00-00-00-00-00-00
[10:23:27:506]HidD_GetInputReport=True
[10:23:27:506]reply_report=00-4F-00-00-00-00-00-00-00-00-00-00-00-00-00-00-00-00-00-00-00-00-00-00-00-00-00-00-00-00-00-00-00-00-00-00-00-00-00-00-00-00-00-00-00-00-00-00-00-00-00-00-00-00-00-00-00-00-00-00-00-00-00-00-00
[10:23:27:506]50-41-0E-03-01-E0 [CMD_SENT][REMOTE_GET_MODE]
[10:23:27:509][HID_TX_ack]00-19-50-49-01-C0-72-45-03-00-03-00-0E-83-00-50-49-0E-C5-00-00-00-00-02-00-E0-00-00-01-00-01-00-31-00-00-00-31-00-01-00-00-00-00-00-00-00-00-00-00-00-00-00-00-00-00-00-00-00-00-00-00-00-00-00-00
[10:23:27:509]50-49-01-C0-72-45-03-00-03-00-0E-83-00
[10:23:27:509]50-49-0E-C5-00-00-00-00-02-00-E0-00-
[10:23:27:509]REMOTE_GET_MODE=00
[10:23:27:509][HID_TX]00-80-08-35-96-50-41-06-04-02-00-43-01-00-00-00-00-00-00-00-00-00-00-00-00-00-00-00-00-00-00-00-00-00-00-00-00-00-00-00-00-00-00-00-00-00-00-00-00-00-00-00-00-00-00-00-00-00-00-00-00-00-00-00-00
[10:23:27:510]HidD_GetInputReport=True
[10:23:27:510]reply_report=00-4F-00-00-00-00-00-00-00-00-00-00-00-00-00-00-00-00-00-00-00-00-00-00-00-00-00-00-00-00-00-00-00-00-00-00-00-00-00-00-00-00-00-00-00-00-00-00-00-00-00-00-00-00-00-00-00-00-00-00-00-00-00-00-00
[10:23:27:511]50-41-06-04-02-00-43-01 [CMD_SENT][CMD_READ_MP_DATA_BY_ID]
[10:23:27:513][HID_TX_ack]00-13-50-49-01-C0-75-45-03-00-09-00-06-84-00-4C-24-14-09-08-21-00-00-02-00-E0-00-00-01-00-01-00-31-00-00-00-31-00-01-00-00-00-00-00-00-00-00-00-00-00-00-00-00-00-00-00-00-00-00-00-00-00-00-00-00
[10:23:27:513]50-49-01-C0-75-45-03-00-09-00-06-84-00-4C-24-14-09-08-21
[10:23:30:055][HID_TX]00-80-06-CA-22-50-41-0E-05-01-E0-00-00-00-00-00-00-00-00-00-00-00-00-00-00-00-00-00-00-00-00-00-00-00-00-00-00-00-00-00-00-00-00-00-00-00-00-00-00-00-00-00-00-00-00-00-00-00-00-00-00-00-00-00-00
[10:23:30:057]HidD_GetInputReport=True
[10:23:30:057]reply_report=00-4F-00-00-00-00-00-00-00-00-00-00-00-00-00-00-00-00-00-00-00-00-00-00-00-00-00-00-00-00-00-00-00-00-00-00-00-00-00-00-00-00-00-00-00-00-00-00-00-00-00-00-00-00-00-00-00-00-00-00-00-00-00-00-00
[10:23:30:057]50-41-0E-05-01-E0 [CMD_SENT][REMOTE_GET_MODE]
[10:23:30:059][HID_TX_ack]00-19-50-49-01-C0-6A-4D-03-00-03-00-0E-85-00-50-49-0E-C6-00-00-00-00-02-00-E0-00-00-01-00-01-00-31-00-00-00-31-00-01-00-00-00-00-00-00-00-00-00-00-00-00-00-00-00-00-00-00-00-00-00-00-00-00-00-00
[10:23:30:059]50-49-01-C0-6A-4D-03-00-03-00-0E-85-00
[10:23:30:059]REMOTE_GET_MODE=00
[10:23:30:059]50-49-0E-C6-00-00-00-00-02-00-E0-00-
[10:23:30:061][HID_TX]00-80-08-F7-EF-50-41-07-06-03-08-00-E4-00-00-00-00-00-00-00-00-00-00-00-00-00-00-00-00-00-00-00-00-00-00-00-00-00-00-00-00-00-00-00-00-00-00-00-00-00-00-00-00-00-00-00-00-00-00-00-00-00-00-00-00
[10:23:30:062]HidD_GetInputReport=True
[10:23:30:062]reply_report=00-4F-00-00-00-00-00-00-00-00-00-00-00-00-00-00-00-00-00-00-00-00-00-00-00-00-00-00-00-00-00-00-00-00-00-00-00-00-00-00-00-00-00-00-00-00-00-00-00-00-00-00-00-00-00-00-00-00-00-00-00-00-00-00-00
[10:23:30:062]50-41-07-06-03-08-00-E4 [CMD_SENT] [CMD_SENT][UNKNOW]
[10:23:30:064][HID_TX_ack]00-0F-50-49-01-C0-6F-4D-03-00-05-00-07-86-08-00-00-0E-C6-00-00-00-00-02-00-E0-00-00-01-00-01-00-31-00-00-00-31-00-01-00-00-00-00-00-00-00-00-00-00-00-00-00-00-00-00-00-00-00-00-00-00-00-00-00-00
[10:23:30:064]50-49-01-C0-6F-4D-03-00-05-00-07-86-08-00-00
[10:23:37:228][The device is not connected.
][System.IO.IOException]
[10:23:37:228]   at System.IO.__Error.WinIOError(Int32 errorCode, String maybeFullPath)
   at System.IO.FileStream.BeginReadCore(Byte[] bytes, Int32 offset, Int32 numBytes, AsyncCallback userCallback, Object stateObject, Int32 numBufferedBytesRead)
   at System.IO.FileStream.BeginReadAsync(Byte[] array, Int32 offset, Int32 numBytes, AsyncCallback userCallback, Object stateObject)
   at System.IO.FileStream.BeginRead(Byte[] array, Int32 offset, Int32 numBytes, AsyncCallback userCallback, Object stateObject)
   at ..()
[10:23:37:228]ystech_Power_Saving, is_EnablePowerSaving=True
[10:23:37:229][HID_TX]00-85-01-73-56-02-00-00-00-00-00-00-00-00-00-00-00-00-00-00-00-00-00-00-00-00-00-00-00-00-00-00-00-00-00-00-00-00-00-00-00-00-00-00-00-00-00-00-00-00-00-00-00-00-00-00-00-00-00-00-00-00-00-00-00
[10:23:37:234][The device is not connected.
][System.IO.IOException]
[10:23:37:234]   at System.IO.__Error.WinIOError(Int32 errorCode, String maybeFullPath)
   at System.IO.FileStream.BeginWriteCore(Byte[] bytes, Int32 offset, Int32 numBytes, AsyncCallback userCallback, Object stateObject)
   at System.IO.FileStream.WriteCore(Byte[] buffer, Int32 offset, Int32 count)
   at System.IO.FileStream.Write(Byte[] array, Int32 offset, Int32 count)
   at ..(Byte  , Byte[]  )
[10:23:37:237][connect HID device fail : The device is not connected.
][System.Exception]
[10:23:37:237]   at ..(Byte  , Byte[]  )
   at ..(Boolean  )
   at ..close()
[10:23:37:237]close_hid_stream
[10:23:37:240][External component has thrown an exception.][System.Runtime.InteropServices.SEHException]
[10:23:37:240]   at ..(IntPtr  )
   at ..close()
[10:23:52:414]\\?\hid#dell09c2&col02#5&bc4dc33&0&0001#{4d1e55b2-f16f-11cf-88cb-001111000030}
[10:23:52:414]\\?\hid#dell09c2&col03#5&bc4dc33&0&0002#{4d1e55b2-f16f-11cf-88cb-001111000030}
[10:23:52:414]\\?\hid#intc816&col01#3&207f9b7f&0&0000#{4d1e55b2-f16f-11cf-88cb-001111000030}
[10:23:52:414]\\?\hid#vid_046d&pid_0adf&mi_04#7&2ad3f249&0&0000#{4d1e55b2-f16f-11cf-88cb-001111000030}
[10:23:52:414]\\?\hid#intc816&col02#3&207f9b7f&0&0001#{4d1e55b2-f16f-11cf-88cb-001111000030}
[10:23:52:414]\\?\hid#converteddevice&col02#5&17bac0a6&0&0001#{4d1e55b2-f16f-11cf-88cb-001111000030}
[10:23:52:414]\\?\hid#converteddevice&col03#5&17bac0a6&0&0002#{4d1e55b2-f16f-11cf-88cb-001111000030}
[10:23:52:414]\\?\hid#dell09c2&col04#5&bc4dc33&0&0003#{4d1e55b2-f16f-11cf-88cb-001111000030}
[10:23:52:414]\\?\hid#{00001812-0000-1000-8000-00805f9b34fb}_dev_vid&0232c2_pid&0001_rev&0068_ccb624cd66b1#9&326e3aae&0&0000#{4d1e55b2-f16f-11cf-88cb-001111000030}
[10:23:52:414]\\?\hid#dell09c2&col05#5&bc4dc33&0&0004#{4d1e55b2-f16f-11cf-88cb-001111000030}
[10:23:52:414]\\?\hid#vid_046d&pid_0adf&mi_00#7&28ee3ab8&0&0000#{4d1e55b2-f16f-11cf-88cb-001111000030}
[10:23:52:414]\\?\hid#converteddevice&col01#5&17bac0a6&0&0000#{4d1e55b2-f16f-11cf-88cb-001111000030}\kbd
[10:23:52:414]\\?\hid#dell09c2&col01#5&bc4dc33&0&0000#{4d1e55b2-f16f-11cf-88cb-001111000030}
[10:23:52:415]try_path=\\?\hid#vid_046d&pid_0adf&mi_04#7&2ad3f249&0&0000#{4d1e55b2-f16f-11cf-88cb-001111000030}
[10:23:52:418][invalid device][System.Exception]
[10:23:52:418]   at ..connect(String path)
[10:23:52:421][External component has thrown an exception.][System.Runtime.InteropServices.SEHException]
[10:23:52:421]   at ..(IntPtr  )
   at ..close()
[10:23:52:423][connect HID device fail : invalid device][System.Exception]
[10:23:52:423]   at ..connect(String path)
   at ..(String  )
   at ..connect(UInt16 vid, UInt16 pid,  vt)
[10:23:52:423]try_path=\\?\hid#vid_046d&pid_0adf&mi_00#7&28ee3ab8&0&0000#{4d1e55b2-f16f-11cf-88cb-001111000030}
[10:23:52:423]	InputReportByteLength=65
[10:23:52:423]	OutputReportByteLength=65
[10:23:52:423]HID_Connected=\\?\hid#vid_046d&pid_0adf&mi_00#7&28ee3ab8&0&0000#{4d1e55b2-f16f-11cf-88cb-001111000030}
[10:23:52:423][HID_TX]00-84-01-D1-55-01-00-00-00-00-00-00-00-00-00-00-00-00-00-00-00-00-00-00-00-00-00-00-00-00-00-00-00-00-00-00-00-00-00-00-00-00-00-00-00-00-00-00-00-00-00-00-00-00-00-00-00-00-00-00-00-00-00-00-00
[10:23:52:425]HidD_GetInputReport=True
[10:23:52:425]reply_report=00-4F-56-31-2E-36-2E-31-00-00-00-00-00-00-00-00-00-00-00-00-00-00-00-00-00-00-00-00-00-00-00-00-00-00-00-00-00-00-00-00-00-00-00-00-00-00-00-00-00-00-00-00-00-00-00-00-00-00-00-00-00-00-00-00-00
[10:23:52:425][ys_tech] fw_version=V1.6.1
[10:23:52:425]ystech_Power_Saving, is_EnablePowerSaving=False
[10:23:52:425][HID_TX]00-85-01-83-8B-01-00-00-00-00-00-00-00-00-00-00-00-00-00-00-00-00-00-00-00-00-00-00-00-00-00-00-00-00-00-00-00-00-00-00-00-00-00-00-00-00-00-00-00-00-00-00-00-00-00-00-00-00-00-00-00-00-00-00-00
[10:23:52:425]HidD_GetInputReport=True
[10:23:52:425]reply_report=00-4F-00-00-00-00-00-00-00-00-00-00-00-00-00-00-00-00-00-00-00-00-00-00-00-00-00-00-00-00-00-00-00-00-00-00-00-00-00-00-00-00-00-00-00-00-00-00-00-00-00-00-00-00-00-00-00-00-00-00-00-00-00-00-00
[10:23:52:425]HID_CMD_POWER_SAVING_Disable
[10:23:52:425]path_connected=\\?\hid#vid_046d&pid_0adf&mi_00#7&28ee3ab8&0&0000#{4d1e55b2-f16f-11cf-88cb-001111000030}
[10:23:52:426][HID_TX]00-80-06-7E-62-50-41-0E-07-01-E3-00-00-00-00-00-00-00-00-00-00-00-00-00-00-00-00-00-00-00-00-00-00-00-00-00-00-00-00-00-00-00-00-00-00-00-00-00-00-00-00-00-00-00-00-00-00-00-00-00-00-00-00-00-00
[10:23:52:426]HidD_GetInputReport=True
[10:23:52:426]reply_report=00-4F-00-00-00-00-00-00-00-00-00-00-00-00-00-00-00-00-00-00-00-00-00-00-00-00-00-00-00-00-00-00-00-00-00-00-00-00-00-00-00-00-00-00-00-00-00-00-00-00-00-00-00-00-00-00-00-00-00-00-00-00-00-00-00
[10:23:52:426]50-41-0E-07-01-E3 [CMD_SENT][REMOTE_GET_CONNECT_STATUS]
[10:23:52:429][HID_TX_ack]00-19-50-49-01-C0-CA-25-00-00-03-00-0E-87-00-50-49-0E-C4-00-00-00-00-02-00-E3-01-00-01-00-01-00-01-00-00-00-31-00-01-00-31-00-00-00-00-00-00-00-00-00-00-00-00-00-00-00-00-00-00-00-00-00-00-00-00
[10:23:52:429]50-49-01-C0-CA-25-00-00-03-00-0E-87-00
[10:23:52:429]50-49-0E-C4-00-00-00-00-02-00-E3-01-
[10:23:52:429]REMOTE_GET_CONNECT_STATUS=01
[10:23:53:440][HID_TX]00-80-07-D5-A9-50-41-0E-08-02-E1-00-00-00-00-00-00-00-00-00-00-00-00-00-00-00-00-00-00-00-00-00-00-00-00-00-00-00-00-00-00-00-00-00-00-00-00-00-00-00-00-00-00-00-00-00-00-00-00-00-00-00-00-00-00
[10:23:53:441]HidD_GetInputReport=True
[10:23:53:441]reply_report=00-4F-00-00-00-00-00-00-00-00-00-00-00-00-00-00-00-00-00-00-00-00-00-00-00-00-00-00-00-00-00-00-00-00-00-00-00-00-00-00-00-00-00-00-00-00-00-00-00-00-00-00-00-00-00-00-00-00-00-00-00-00-00-00-00
[10:23:53:441]50-41-0E-08-02-E1-00 [CMD_SENT][REMOTE_SET_MODE] is_remote=False
[10:23:53:444][HID_TX_ack]00-0D-50-49-01-C0-F5-28-00-00-03-00-0E-88-00-50-49-0E-C4-00-00-00-00-02-00-E3-01-00-01-00-01-00-01-00-00-00-31-00-01-00-31-00-00-00-00-00-00-00-00-00-00-00-00-00-00-00-00-00-00-00-00-00-00-00-00
[10:23:53:444]50-49-01-C0-F5-28-00-00-03-00-0E-88-00
[10:23:53:444]ystech_Power_Saving, is_EnablePowerSaving=True
[10:23:53:444][HID_TX]00-85-01-73-56-02-00-00-00-00-00-00-00-00-00-00-00-00-00-00-00-00-00-00-00-00-00-00-00-00-00-00-00-00-00-00-00-00-00-00-00-00-00-00-00-00-00-00-00-00-00-00-00-00-00-00-00-00-00-00-00-00-00-00-00
[10:23:53:445]HidD_GetInputReport=True
[10:23:53:445]reply_report=00-4F-00-00-00-00-00-00-00-00-00-00-00-00-00-00-00-00-00-00-00-00-00-00-00-00-00-00-00-00-00-00-00-00-00-00-00-00-00-00-00-00-00-00-00-00-00-00-00-00-00-00-00-00-00-00-00-00-00-00-00-00-00-00-00
[10:23:53:445]HID_CMD_POWER_SAVING_Enable
[10:23:53:445]close_hid_stream
[10:23:53:445]close_hid_handle
