[12:00:31:618]\\?\hid#dell09c2&col02#5&bc4dc33&0&0001#{4d1e55b2-f16f-11cf-88cb-001111000030}
[12:00:31:618]\\?\hid#dell09c2&col03#5&bc4dc33&0&0002#{4d1e55b2-f16f-11cf-88cb-001111000030}
[12:00:31:618]\\?\hid#intc816&col01#3&207f9b7f&0&0000#{4d1e55b2-f16f-11cf-88cb-001111000030}
[12:00:31:619]\\?\hid#intc816&col02#3&207f9b7f&0&0001#{4d1e55b2-f16f-11cf-88cb-001111000030}
[12:00:31:619]\\?\hid#converteddevice&col02#5&17bac0a6&0&0001#{4d1e55b2-f16f-11cf-88cb-001111000030}
[12:00:31:619]\\?\hid#converteddevice&col03#5&17bac0a6&0&0002#{4d1e55b2-f16f-11cf-88cb-001111000030}
[12:00:31:619]\\?\hid#dell09c2&col04#5&bc4dc33&0&0003#{4d1e55b2-f16f-11cf-88cb-001111000030}
[12:00:31:619]\\?\hid#{00001812-0000-1000-8000-00805f9b34fb}_dev_vid&0232c2_pid&0001_rev&0068_ccb624cd66b1#9&326e3aae&0&0000#{4d1e55b2-f16f-11cf-88cb-001111000030}
[12:00:31:619]\\?\hid#dell09c2&col05#5&bc4dc33&0&0004#{4d1e55b2-f16f-11cf-88cb-001111000030}
[12:00:31:619]\\?\hid#converteddevice&col01#5&17bac0a6&0&0000#{4d1e55b2-f16f-11cf-88cb-001111000030}\kbd
[12:00:31:619]\\?\hid#dell09c2&col01#5&bc4dc33&0&0000#{4d1e55b2-f16f-11cf-88cb-001111000030}
[12:00:31:619]\\?\hid#vid_046d&pid_0adf&mi_00#7&3ad8dff3&0&0000#{4d1e55b2-f16f-11cf-88cb-001111000030}
[12:00:31:619]\\?\hid#vid_046d&pid_0adf&mi_04#7&18e94d0e&0&0000#{4d1e55b2-f16f-11cf-88cb-001111000030}
[12:00:31:621]try_path=\\?\hid#vid_046d&pid_0adf&mi_00#7&3ad8dff3&0&0000#{4d1e55b2-f16f-11cf-88cb-001111000030}
[12:00:31:623]	InputReportByteLength=65
[12:00:31:623]	OutputReportByteLength=65
[12:00:31:623]HID_Connected=\\?\hid#vid_046d&pid_0adf&mi_00#7&3ad8dff3&0&0000#{4d1e55b2-f16f-11cf-88cb-001111000030}
[12:00:31:625][HID_TX]00-84-01-D1-55-01-00-00-00-00-00-00-00-00-00-00-00-00-00-00-00-00-00-00-00-00-00-00-00-00-00-00-00-00-00-00-00-00-00-00-00-00-00-00-00-00-00-00-00-00-00-00-00-00-00-00-00-00-00-00-00-00-00-00-00
[12:00:31:627]HidD_GetInputReport=True
[12:00:31:627]reply_report=00-4F-56-31-2E-38-2E-35-2E-31-00-00-00-00-00-00-00-00-00-00-00-00-00-00-00-00-00-00-00-00-00-00-00-00-00-00-00-00-00-00-00-00-00-00-00-00-00-00-00-00-00-00-00-00-00-00-00-00-00-00-00-00-00-00-00
[12:00:31:627][ys_tech] fw_version=V1.8.5.1
[12:00:31:627]ystech_Power_Saving, is_EnablePowerSaving=False
[12:00:31:627][HID_TX]00-85-01-83-8B-01-00-00-00-00-00-00-00-00-00-00-00-00-00-00-00-00-00-00-00-00-00-00-00-00-00-00-00-00-00-00-00-00-00-00-00-00-00-00-00-00-00-00-00-00-00-00-00-00-00-00-00-00-00-00-00-00-00-00-00
[12:00:31:629]HidD_GetInputReport=True
[12:00:31:629]reply_report=00-46-00-00-00-00-00-00-00-00-00-00-00-00-00-00-00-00-00-00-00-00-00-00-00-00-00-00-00-00-00-00-00-00-00-00-00-00-00-00-00-00-00-00-00-00-00-00-00-00-00-00-00-00-00-00-00-00-00-00-00-00-00-00-00
[12:00:31:643][Response Fail][System.Exception]
[12:00:31:648]   at ..(Boolean  )
   at ..(Byte  , Byte[]  )
[12:00:31:704]_ystech_retry_count=1
[12:00:31:704][HID_TX]00-85-01-83-8B-01-00-00-00-00-00-00-00-00-00-00-00-00-00-00-00-00-00-00-00-00-00-00-00-00-00-00-00-00-00-00-00-00-00-00-00-00-00-00-00-00-00-00-00-00-00-00-00-00-00-00-00-00-00-00-00-00-00-00-00
[12:00:31:705]HidD_GetInputReport=True
[12:00:31:705]reply_report=00-46-00-00-00-00-00-00-00-00-00-00-00-00-00-00-00-00-00-00-00-00-00-00-00-00-00-00-00-00-00-00-00-00-00-00-00-00-00-00-00-00-00-00-00-00-00-00-00-00-00-00-00-00-00-00-00-00-00-00-00-00-00-00-00
[12:00:31:711][Response Fail][System.Exception]
[12:00:31:711]   at ..(Boolean  )
   at ..(Byte  , Byte[]  )
[12:00:31:765]_ystech_retry_count=2
[12:00:31:765][HID_TX]00-85-01-83-8B-01-00-00-00-00-00-00-00-00-00-00-00-00-00-00-00-00-00-00-00-00-00-00-00-00-00-00-00-00-00-00-00-00-00-00-00-00-00-00-00-00-00-00-00-00-00-00-00-00-00-00-00-00-00-00-00-00-00-00-00
[12:00:31:766]HidD_GetInputReport=True
[12:00:31:766]reply_report=00-4F-00-00-00-00-00-00-00-00-00-00-00-00-00-00-00-00-00-00-00-00-00-00-00-00-00-00-00-00-00-00-00-00-00-00-00-00-00-00-00-00-00-00-00-00-00-00-00-00-00-00-00-00-00-00-00-00-00-00-00-00-00-00-00
[12:00:31:766]HID_CMD_POWER_SAVING_Disable
[12:00:31:766]path_connected=\\?\hid#vid_046d&pid_0adf&mi_00#7&3ad8dff3&0&0000#{4d1e55b2-f16f-11cf-88cb-001111000030}
[12:00:32:993][HID_TX]00-80-06-1C-7D-50-41-0E-01-01-E0-00-00-00-00-00-00-00-00-00-00-00-00-00-00-00-00-00-00-00-00-00-00-00-00-00-00-00-00-00-00-00-00-00-00-00-00-00-00-00-00-00-00-00-00-00-00-00-00-00-00-00-00-00-00
[12:00:32:995]HidD_GetInputReport=True
[12:00:32:995]reply_report=00-4F-00-00-00-00-00-00-00-00-00-00-00-00-00-00-00-00-00-00-00-00-00-00-00-00-00-00-00-00-00-00-00-00-00-00-00-00-00-00-00-00-00-00-00-00-00-00-00-00-00-00-00-00-00-00-00-00-00-00-00-00-00-00-00
[12:00:32:995]50-41-0E-01-01-E0 [CMD_SENT][REMOTE_GET_MODE]
[12:00:33:002][HID_TX_ack]00-19-50-49-01-C0-92-28-03-00-03-00-0E-81-00-50-49-0E-E9-00-00-00-00-02-00-E0-00-17-32-50-49-01-C0-7B-05-00-00-03-00-11-89-19-00-00-00-00-00-00-00-00-00-00-00-00-00-00-00-00-00-00-00-00-00-00-00
[12:00:33:005]REMOTE_GET_MODE=00
[12:00:33:005]50-49-01-C0-92-28-03-00-03-00-0E-81-00
[12:00:33:005]50-49-0E-E9-00-00-00-00-02-00-E0-00-
[12:00:33:006][HID_TX]00-80-07-F5-A5-50-41-0E-02-02-E1-01-00-00-00-00-00-00-00-00-00-00-00-00-00-00-00-00-00-00-00-00-00-00-00-00-00-00-00-00-00-00-00-00-00-00-00-00-00-00-00-00-00-00-00-00-00-00-00-00-00-00-00-00-00
[12:00:33:007]HidD_GetInputReport=True
[12:00:33:007]reply_report=00-4F-00-00-00-00-00-00-00-00-00-00-00-00-00-00-00-00-00-00-00-00-00-00-00-00-00-00-00-00-00-00-00-00-00-00-00-00-00-00-00-00-00-00-00-00-00-00-00-00-00-00-00-00-00-00-00-00-00-00-00-00-00-00-00
[12:00:33:007]50-41-0E-02-02-E1-01 [CMD_SENT][REMOTE_SET_MODE] is_remote=True
[12:00:33:010][HID_TX_ack]00-0D-50-49-01-C0-9B-28-03-00-03-00-0E-82-00-50-49-0E-E9-00-00-00-00-02-00-E0-00-17-32-50-49-01-C0-7B-05-00-00-03-00-11-89-19-00-00-00-00-00-00-00-00-00-00-00-00-00-00-00-00-00-00-00-00-00-00-00
[12:00:33:010]50-49-01-C0-9B-28-03-00-03-00-0E-82-00
[12:00:33:010][HID_TX]00-80-13-A8-D9-50-41-06-03-0D-00-25-34-12-5A-5A-01-00-00-00-F0-00-00-00-00-00-00-00-00-00-00-00-00-00-00-00-00-00-00-00-00-00-00-00-00-00-00-00-00-00-00-00-00-00-00-00-00-00-00-00-00-00-00-00-00
[12:00:33:011]HidD_GetInputReport=True
[12:00:33:011]reply_report=00-4F-00-00-00-00-00-00-00-00-00-00-00-00-00-00-00-00-00-00-00-00-00-00-00-00-00-00-00-00-00-00-00-00-00-00-00-00-00-00-00-00-00-00-00-00-00-00-00-00-00-00-00-00-00-00-00-00-00-00-00-00-00-00-00
[12:00:33:011]50-41-06-03-0D-00-25-34-12-5A-5A-01-00-00-00-F0-00-00-00 [CMD_SENT][OTA_CMD_IOCTL][READ_MAX_LEN]
[12:00:33:045][HID_TX_ack]00-11-50-49-01-EA-7D-F5-0B-00-07-00-06-83-00-F0-00-00-00-00-00-00-00-02-00-E0-00-17-32-50-49-01-C0-7B-05-00-00-03-00-11-89-19-00-00-00-00-00-00-00-00-00-00-00-00-00-00-00-00-00-00-00-00-00-00-00
[12:00:33:045]50-49-01-EA-7D-F5-0B-00-07-00-06-83-00-F0-00-00-00
[12:00:33:045][HID_TX]00-80-06-2F-BD-50-41-0E-04-01-E0-00-00-00-00-00-00-00-00-00-00-00-00-00-00-00-00-00-00-00-00-00-00-00-00-00-00-00-00-00-00-00-00-00-00-00-00-00-00-00-00-00-00-00-00-00-00-00-00-00-00-00-00-00-00
[12:00:33:046]HidD_GetInputReport=True
[12:00:33:046]reply_report=00-4F-00-00-00-00-00-00-00-00-00-00-00-00-00-00-00-00-00-00-00-00-00-00-00-00-00-00-00-00-00-00-00-00-00-00-00-00-00-00-00-00-00-00-00-00-00-00-00-00-00-00-00-00-00-00-00-00-00-00-00-00-00-00-00
[12:00:33:046]50-41-0E-04-01-E0 [CMD_SENT][REMOTE_GET_MODE]
[12:00:33:049][HID_TX_ack]00-19-50-49-01-C0-BA-28-03-00-03-00-0E-84-00-50-49-0E-EB-00-00-00-00-02-00-E0-01-17-32-50-49-01-C0-7B-05-00-00-03-00-11-89-19-00-00-00-00-00-00-00-00-00-00-00-00-00-00-00-00-00-00-00-00-00-00-00
[12:00:33:049]50-49-01-C0-BA-28-03-00-03-00-0E-84-00
[12:00:33:049]50-49-0E-EB-00-00-00-00-02-00-E0-01-
[12:00:33:049]REMOTE_GET_MODE=01
[12:00:33:049][HID_TX]00-80-07-C3-0E-50-41-06-05-01-00-63-00-00-00-00-00-00-00-00-00-00-00-00-00-00-00-00-00-00-00-00-00-00-00-00-00-00-00-00-00-00-00-00-00-00-00-00-00-00-00-00-00-00-00-00-00-00-00-00-00-00-00-00-00
[12:00:33:050]HidD_GetInputReport=True
[12:00:33:050]reply_report=00-4F-00-00-00-00-00-00-00-00-00-00-00-00-00-00-00-00-00-00-00-00-00-00-00-00-00-00-00-00-00-00-00-00-00-00-00-00-00-00-00-00-00-00-00-00-00-00-00-00-00-00-00-00-00-00-00-00-00-00-00-00-00-00-00
[12:00:33:050]50-41-06-05-01-00-63 [CMD_SENT][CMD_GET_IO_LEVEL]
[12:00:33:075][HID_TX_ack]00-12-50-49-01-EC-A6-F5-0B-00-08-00-06-85-00-01-FF-FF-0F-00-00-00-00-02-00-E0-01-17-32-50-49-01-C0-7B-05-00-00-03-00-11-89-19-00-00-00-00-00-00-00-00-00-00-00-00-00-00-00-00-00-00-00-00-00-00-00
[12:00:33:075]50-49-01-EC-A6-F5-0B-00-08-00-06-85-00-01-FF-FF-0F-00
[12:00:34:652][HID_TX]00-80-06-C4-92-50-41-0E-06-01-E0-00-00-00-00-00-00-00-00-00-00-00-00-00-00-00-00-00-00-00-00-00-00-00-00-00-00-00-00-00-00-00-00-00-00-00-00-00-00-00-00-00-00-00-00-00-00-00-00-00-00-00-00-00-00
[12:00:34:654]HidD_GetInputReport=True
[12:00:34:654]reply_report=00-4F-00-00-00-00-00-00-00-00-00-00-00-00-00-00-00-00-00-00-00-00-00-00-00-00-00-00-00-00-00-00-00-00-00-00-00-00-00-00-00-00-00-00-00-00-00-00-00-00-00-00-00-00-00-00-00-00-00-00-00-00-00-00-00
[12:00:34:654]50-41-0E-06-01-E0 [CMD_SENT][REMOTE_GET_MODE]
[12:00:34:656][HID_TX_ack]00-19-50-49-01-C0-C0-2D-03-00-03-00-0E-86-00-50-49-0E-ED-00-00-00-00-02-00-E0-01-17-32-50-49-01-C0-7B-05-00-00-03-00-11-89-19-00-00-00-00-00-00-00-00-00-00-00-00-00-00-00-00-00-00-00-00-00-00-00
[12:00:34:656]50-49-01-C0-C0-2D-03-00-03-00-0E-86-00
[12:00:34:656]50-49-0E-ED-00-00-00-00-02-00-E0-01-
[12:00:34:656]REMOTE_GET_MODE=01
[12:00:34:656][HID_TX]00-80-07-28-21-50-41-06-07-01-00-63-00-00-00-00-00-00-00-00-00-00-00-00-00-00-00-00-00-00-00-00-00-00-00-00-00-00-00-00-00-00-00-00-00-00-00-00-00-00-00-00-00-00-00-00-00-00-00-00-00-00-00-00-00
[12:00:34:659]HidD_GetInputReport=True
[12:00:34:659]reply_report=00-4F-00-00-00-00-00-00-00-00-00-00-00-00-00-00-00-00-00-00-00-00-00-00-00-00-00-00-00-00-00-00-00-00-00-00-00-00-00-00-00-00-00-00-00-00-00-00-00-00-00-00-00-00-00-00-00-00-00-00-00-00-00-00-00
[12:00:34:659]50-41-06-07-01-00-63 [CMD_SENT][CMD_GET_IO_LEVEL]
[12:00:34:685][HID_TX_ack]00-12-50-49-01-EE-AF-FA-0B-00-08-00-06-87-00-01-FF-FF-0F-00-00-00-00-02-00-E0-01-17-32-50-49-01-C0-7B-05-00-00-03-00-11-89-19-00-00-00-00-00-00-00-00-00-00-00-00-00-00-00-00-00-00-00-00-00-00-00
[12:00:34:685]50-49-01-EE-AF-FA-0B-00-08-00-06-87-00-01-FF-FF-0F-00
[12:00:36:214][HID_TX]00-80-06-55-5D-50-41-0E-08-01-E0-00-00-00-00-00-00-00-00-00-00-00-00-00-00-00-00-00-00-00-00-00-00-00-00-00-00-00-00-00-00-00-00-00-00-00-00-00-00-00-00-00-00-00-00-00-00-00-00-00-00-00-00-00-00
[12:00:36:216]HidD_GetInputReport=True
[12:00:36:216]reply_report=00-4F-00-00-00-00-00-00-00-00-00-00-00-00-00-00-00-00-00-00-00-00-00-00-00-00-00-00-00-00-00-00-00-00-00-00-00-00-00-00-00-00-00-00-00-00-00-00-00-00-00-00-00-00-00-00-00-00-00-00-00-00-00-00-00
[12:00:36:216]50-41-0E-08-01-E0 [CMD_SENT][REMOTE_GET_MODE]
[12:00:36:218][HID_TX_ack]00-19-50-49-01-C0-A2-32-03-00-03-00-0E-88-00-50-49-0E-EF-00-00-00-00-02-00-E0-01-17-32-50-49-01-C0-7B-05-00-00-03-00-11-89-19-00-00-00-00-00-00-00-00-00-00-00-00-00-00-00-00-00-00-00-00-00-00-00
[12:00:36:218]50-49-01-C0-A2-32-03-00-03-00-0E-88-00
[12:00:36:218]50-49-0E-EF-00-00-00-00-02-00-E0-01-
[12:00:36:218]REMOTE_GET_MODE=01
[12:00:36:219][HID_TX]00-80-07-B9-EE-50-41-06-09-01-00-63-00-00-00-00-00-00-00-00-00-00-00-00-00-00-00-00-00-00-00-00-00-00-00-00-00-00-00-00-00-00-00-00-00-00-00-00-00-00-00-00-00-00-00-00-00-00-00-00-00-00-00-00-00
[12:00:36:220]HidD_GetInputReport=True
[12:00:36:220]reply_report=00-4F-00-00-00-00-00-00-00-00-00-00-00-00-00-00-00-00-00-00-00-00-00-00-00-00-00-00-00-00-00-00-00-00-00-00-00-00-00-00-00-00-00-00-00-00-00-00-00-00-00-00-00-00-00-00-00-00-00-00-00-00-00-00-00
[12:00:36:220]50-41-06-09-01-00-63 [CMD_SENT][CMD_GET_IO_LEVEL]
[12:00:36:244][HID_TX_ack]00-12-50-49-01-F0-8E-FF-0B-00-08-00-06-89-00-01-FF-FF-0F-00-00-00-00-02-00-E0-01-17-32-50-49-01-C0-7B-05-00-00-03-00-11-89-19-00-00-00-00-00-00-00-00-00-00-00-00-00-00-00-00-00-00-00-00-00-00-00
[12:00:36:245]50-49-01-F0-8E-FF-0B-00-08-00-06-89-00-01-FF-FF-0F-00
