[08:37:25:590]\\?\hid#dell09c2&col02#5&bc4dc33&0&0001#{4d1e55b2-f16f-11cf-88cb-001111000030}
[08:37:25:590]\\?\hid#dell09c2&col03#5&bc4dc33&0&0002#{4d1e55b2-f16f-11cf-88cb-001111000030}
[08:37:25:590]\\?\hid#intc816&col01#3&207f9b7f&0&0000#{4d1e55b2-f16f-11cf-88cb-001111000030}
[08:37:25:590]\\?\hid#vid_046d&pid_0adf&mi_04#7&2ad3f249&0&0000#{4d1e55b2-f16f-11cf-88cb-001111000030}
[08:37:25:590]\\?\hid#intc816&col02#3&207f9b7f&0&0001#{4d1e55b2-f16f-11cf-88cb-001111000030}
[08:37:25:590]\\?\hid#converteddevice&col02#5&17bac0a6&0&0001#{4d1e55b2-f16f-11cf-88cb-001111000030}
[08:37:25:590]\\?\hid#converteddevice&col03#5&17bac0a6&0&0002#{4d1e55b2-f16f-11cf-88cb-001111000030}
[08:37:25:590]\\?\hid#dell09c2&col04#5&bc4dc33&0&0003#{4d1e55b2-f16f-11cf-88cb-001111000030}
[08:37:25:590]\\?\hid#{00001812-0000-1000-8000-00805f9b34fb}_dev_vid&0232c2_pid&0001_rev&0068_ccb624cd66b1#9&326e3aae&0&0000#{4d1e55b2-f16f-11cf-88cb-001111000030}
[08:37:25:590]\\?\hid#dell09c2&col05#5&bc4dc33&0&0004#{4d1e55b2-f16f-11cf-88cb-001111000030}
[08:37:25:590]\\?\hid#vid_046d&pid_0adf&mi_00#7&28ee3ab8&0&0000#{4d1e55b2-f16f-11cf-88cb-001111000030}
[08:37:25:590]\\?\hid#converteddevice&col01#5&17bac0a6&0&0000#{4d1e55b2-f16f-11cf-88cb-001111000030}\kbd
[08:37:25:590]\\?\hid#dell09c2&col01#5&bc4dc33&0&0000#{4d1e55b2-f16f-11cf-88cb-001111000030}
[08:37:25:592]try_path=\\?\hid#vid_046d&pid_0adf&mi_04#7&2ad3f249&0&0000#{4d1e55b2-f16f-11cf-88cb-001111000030}
[08:37:25:604][invalid device][System.Exception]
[08:37:25:610]   at ..connect(String path)
[08:37:25:610]close_hid_handle
[08:37:25:614][connect HID device fail : invalid device][System.Exception]
[08:37:25:615]   at ..connect(String path)
   at ..(String  )
   at ..connect(UInt16 vid, UInt16 pid,  vt)
[08:37:25:615]try_path=\\?\hid#vid_046d&pid_0adf&mi_00#7&28ee3ab8&0&0000#{4d1e55b2-f16f-11cf-88cb-001111000030}
[08:37:25:615]	InputReportByteLength=65
[08:37:25:615]	OutputReportByteLength=65
[08:37:25:616]HID_Connected=\\?\hid#vid_046d&pid_0adf&mi_00#7&28ee3ab8&0&0000#{4d1e55b2-f16f-11cf-88cb-001111000030}
[08:37:25:617][HID_TX]00-84-01-D1-55-01-00-00-00-00-00-00-00-00-00-00-00-00-00-00-00-00-00-00-00-00-00-00-00-00-00-00-00-00-00-00-00-00-00-00-00-00-00-00-00-00-00-00-00-00-00-00-00-00-00-00-00-00-00-00-00-00-00-00-00
[08:37:25:618]HidD_GetInputReport=True
[08:37:25:618]reply_report=00-4F-56-31-2E-36-2E-31-00-00-00-00-00-00-00-00-00-00-00-00-00-00-00-00-00-00-00-00-00-00-00-00-00-00-00-00-00-00-00-00-00-00-00-00-00-00-00-00-00-00-00-00-00-00-00-00-00-00-00-00-00-00-00-00-00
[08:37:25:618][ys_tech] fw_version=V1.6.1
[08:37:25:619]ystech_Power_Saving, is_EnablePowerSaving=False
[08:37:25:619][HID_TX]00-85-01-83-8B-01-00-00-00-00-00-00-00-00-00-00-00-00-00-00-00-00-00-00-00-00-00-00-00-00-00-00-00-00-00-00-00-00-00-00-00-00-00-00-00-00-00-00-00-00-00-00-00-00-00-00-00-00-00-00-00-00-00-00-00
[08:37:25:623]HidD_GetInputReport=True
[08:37:25:623]reply_report=00-4F-00-00-00-00-00-00-00-00-00-00-00-00-00-00-00-00-00-00-00-00-00-00-00-00-00-00-00-00-00-00-00-00-00-00-00-00-00-00-00-00-00-00-00-00-00-00-00-00-00-00-00-00-00-00-00-00-00-00-00-00-00-00-00
[08:37:25:623]HID_CMD_POWER_SAVING_Disable
[08:37:25:624]path_connected=\\?\hid#vid_046d&pid_0adf&mi_00#7&28ee3ab8&0&0000#{4d1e55b2-f16f-11cf-88cb-001111000030}
[08:37:29:182][HID_TX]00-80-06-1C-7D-50-41-0E-01-01-E0-00-00-00-00-00-00-00-00-00-00-00-00-00-00-00-00-00-00-00-00-00-00-00-00-00-00-00-00-00-00-00-00-00-00-00-00-00-00-00-00-00-00-00-00-00-00-00-00-00-00-00-00-00-00
[08:37:29:184]HidD_GetInputReport=True
[08:37:29:184]reply_report=00-4F-00-00-00-00-00-00-00-00-00-00-00-00-00-00-00-00-00-00-00-00-00-00-00-00-00-00-00-00-00-00-00-00-00-00-00-00-00-00-00-00-00-00-00-00-00-00-00-00-00-00-00-00-00-00-00-00-00-00-00-00-00-00-00
[08:37:29:184]50-41-0E-01-01-E0 [CMD_SENT][REMOTE_GET_MODE]
[08:37:29:186][HID_TX_ack]00-19-50-49-01-C0-D2-AF-00-00-03-00-0E-81-00-50-49-0E-C5-00-00-00-00-02-00-E0-00-13-01-00-01-00-01-00-00-00-31-00-01-00-08-00-00-00-00-00-00-00-00-00-00-00-00-00-00-00-00-00-00-00-00-00-00-00-00
[08:37:29:199]REMOTE_GET_MODE=00
[08:37:29:199]50-49-01-C0-D2-AF-00-00-03-00-0E-81-00
[08:37:29:199]50-49-0E-C5-00-00-00-00-02-00-E0-00-
[08:37:29:200][HID_TX]00-80-08-21-B0-50-41-07-02-03-08-00-E4-00-00-00-00-00-00-00-00-00-00-00-00-00-00-00-00-00-00-00-00-00-00-00-00-00-00-00-00-00-00-00-00-00-00-00-00-00-00-00-00-00-00-00-00-00-00-00-00-00-00-00-00
[08:37:29:202]HidD_GetInputReport=True
[08:37:29:202]reply_report=00-4F-00-00-00-00-00-00-00-00-00-00-00-00-00-00-00-00-00-00-00-00-00-00-00-00-00-00-00-00-00-00-00-00-00-00-00-00-00-00-00-00-00-00-00-00-00-00-00-00-00-00-00-00-00-00-00-00-00-00-00-00-00-00-00
[08:37:29:202]50-41-07-02-03-08-00-E4 [CMD_SENT] [CMD_SENT][UNKNOW]
[08:37:29:263][HID_TX_ack]00-0F-50-49-01-C0-D4-AF-00-00-05-00-07-82-08-00-00-0E-C5-00-00-00-00-02-00-E0-00-13-01-00-01-00-01-00-00-00-31-00-01-00-08-00-00-00-00-00-00-00-00-00-00-00-00-00-00-00-00-00-00-00-00-00-00-00-00
[08:37:29:263]50-49-01-C0-D4-AF-00-00-05-00-07-82-08-00-00
[08:37:34:267][HID_TX]00-80-06-F7-52-50-41-0E-03-01-E0-00-00-00-00-00-00-00-00-00-00-00-00-00-00-00-00-00-00-00-00-00-00-00-00-00-00-00-00-00-00-00-00-00-00-00-00-00-00-00-00-00-00-00-00-00-00-00-00-00-00-00-00-00-00
[08:37:34:269]HidD_GetInputReport=True
[08:37:34:269]reply_report=00-4F-00-00-00-00-00-00-00-00-00-00-00-00-00-00-00-00-00-00-00-00-00-00-00-00-00-00-00-00-00-00-00-00-00-00-00-00-00-00-00-00-00-00-00-00-00-00-00-00-00-00-00-00-00-00-00-00-00-00-00-00-00-00-00
[08:37:34:269]50-41-0E-03-01-E0 [CMD_SENT][REMOTE_GET_MODE]
[08:37:34:271][HID_TX_ack]00-19-50-49-01-C0-B6-BF-00-00-03-00-0E-83-00-50-49-0E-C6-00-00-00-00-02-00-E0-00-13-01-00-01-00-01-00-00-00-31-00-01-00-08-00-00-00-00-00-00-00-00-00-00-00-00-00-00-00-00-00-00-00-00-00-00-00-00
[08:37:34:271]50-49-01-C0-B6-BF-00-00-03-00-0E-83-00
[08:37:34:271]50-49-0E-C6-00-00-00-00-02-00-E0-00-
[08:37:34:271]REMOTE_GET_MODE=00
[08:37:34:271][HID_TX]00-80-08-35-96-50-41-06-04-02-00-43-01-00-00-00-00-00-00-00-00-00-00-00-00-00-00-00-00-00-00-00-00-00-00-00-00-00-00-00-00-00-00-00-00-00-00-00-00-00-00-00-00-00-00-00-00-00-00-00-00-00-00-00-00
[08:37:34:273]HidD_GetInputReport=True
[08:37:34:273]reply_report=00-4F-00-00-00-00-00-00-00-00-00-00-00-00-00-00-00-00-00-00-00-00-00-00-00-00-00-00-00-00-00-00-00-00-00-00-00-00-00-00-00-00-00-00-00-00-00-00-00-00-00-00-00-00-00-00-00-00-00-00-00-00-00-00-00
[08:37:34:273]50-41-06-04-02-00-43-01 [CMD_SENT][CMD_READ_MP_DATA_BY_ID]
[08:37:34:277][HID_TX_ack]00-13-50-49-01-C0-BA-BF-00-00-09-00-06-84-00-49-24-14-09-08-21-00-00-02-00-E0-00-13-01-00-01-00-01-00-00-00-31-00-01-00-08-00-00-00-00-00-00-00-00-00-00-00-00-00-00-00-00-00-00-00-00-00-00-00-00
[08:37:34:277]50-49-01-C0-BA-BF-00-00-09-00-06-84-00-49-24-14-09-08-21
[08:37:36:092][The device is not connected.
][System.IO.IOException]
[08:37:36:092]   at System.IO.__Error.WinIOError(Int32 errorCode, String maybeFullPath)
   at System.IO.FileStream.BeginReadCore(Byte[] bytes, Int32 offset, Int32 numBytes, AsyncCallback userCallback, Object stateObject, Int32 numBufferedBytesRead)
   at System.IO.FileStream.BeginReadAsync(Byte[] array, Int32 offset, Int32 numBytes, AsyncCallback userCallback, Object stateObject)
   at System.IO.FileStream.BeginRead(Byte[] array, Int32 offset, Int32 numBytes, AsyncCallback userCallback, Object stateObject)
   at ..()
[08:37:36:092]ystech_Power_Saving, is_EnablePowerSaving=True
[08:37:36:092][HID_TX]00-85-01-73-56-02-00-00-00-00-00-00-00-00-00-00-00-00-00-00-00-00-00-00-00-00-00-00-00-00-00-00-00-00-00-00-00-00-00-00-00-00-00-00-00-00-00-00-00-00-00-00-00-00-00-00-00-00-00-00-00-00-00-00-00
[08:37:36:100][The device is not connected.
][System.IO.IOException]
[08:37:36:100]   at System.IO.__Error.WinIOError(Int32 errorCode, String maybeFullPath)
   at System.IO.FileStream.BeginWriteCore(Byte[] bytes, Int32 offset, Int32 numBytes, AsyncCallback userCallback, Object stateObject)
   at System.IO.FileStream.WriteCore(Byte[] buffer, Int32 offset, Int32 count)
   at System.IO.FileStream.Write(Byte[] array, Int32 offset, Int32 count)
   at ..(Byte  , Byte[]  )
[08:37:36:103][connect HID device fail : The device is not connected.
][System.Exception]
[08:37:36:103]   at ..(Byte  , Byte[]  )
   at ..(Boolean  )
   at ..close()
[08:37:36:103]close_hid_stream
[08:37:36:106][External component has thrown an exception.][System.Runtime.InteropServices.SEHException]
[08:37:36:106]   at ..(IntPtr  )
   at ..close()
[08:37:47:666]\\?\hid#dell09c2&col02#5&bc4dc33&0&0001#{4d1e55b2-f16f-11cf-88cb-001111000030}
[08:37:47:666]\\?\hid#dell09c2&col03#5&bc4dc33&0&0002#{4d1e55b2-f16f-11cf-88cb-001111000030}
[08:37:47:666]\\?\hid#intc816&col01#3&207f9b7f&0&0000#{4d1e55b2-f16f-11cf-88cb-001111000030}
[08:37:47:666]\\?\hid#vid_046d&pid_0adf&mi_04#7&2ad3f249&0&0000#{4d1e55b2-f16f-11cf-88cb-001111000030}
[08:37:47:666]\\?\hid#intc816&col02#3&207f9b7f&0&0001#{4d1e55b2-f16f-11cf-88cb-001111000030}
[08:37:47:666]\\?\hid#converteddevice&col02#5&17bac0a6&0&0001#{4d1e55b2-f16f-11cf-88cb-001111000030}
[08:37:47:666]\\?\hid#converteddevice&col03#5&17bac0a6&0&0002#{4d1e55b2-f16f-11cf-88cb-001111000030}
[08:37:47:666]\\?\hid#dell09c2&col04#5&bc4dc33&0&0003#{4d1e55b2-f16f-11cf-88cb-001111000030}
[08:37:47:666]\\?\hid#{00001812-0000-1000-8000-00805f9b34fb}_dev_vid&0232c2_pid&0001_rev&0068_ccb624cd66b1#9&326e3aae&0&0000#{4d1e55b2-f16f-11cf-88cb-001111000030}
[08:37:47:666]\\?\hid#dell09c2&col05#5&bc4dc33&0&0004#{4d1e55b2-f16f-11cf-88cb-001111000030}
[08:37:47:666]\\?\hid#vid_046d&pid_0adf&mi_00#7&28ee3ab8&0&0000#{4d1e55b2-f16f-11cf-88cb-001111000030}
[08:37:47:666]\\?\hid#converteddevice&col01#5&17bac0a6&0&0000#{4d1e55b2-f16f-11cf-88cb-001111000030}\kbd
[08:37:47:666]\\?\hid#dell09c2&col01#5&bc4dc33&0&0000#{4d1e55b2-f16f-11cf-88cb-001111000030}
[08:37:47:667]try_path=\\?\hid#vid_046d&pid_0adf&mi_04#7&2ad3f249&0&0000#{4d1e55b2-f16f-11cf-88cb-001111000030}
[08:37:47:673][invalid device][System.Exception]
[08:37:47:673]   at ..connect(String path)
[08:37:47:675][External component has thrown an exception.][System.Runtime.InteropServices.SEHException]
[08:37:47:675]   at ..(IntPtr  )
   at ..close()
[08:37:47:678][connect HID device fail : invalid device][System.Exception]
[08:37:47:678]   at ..connect(String path)
   at ..(String  )
   at ..connect(UInt16 vid, UInt16 pid,  vt)
[08:37:47:678]try_path=\\?\hid#vid_046d&pid_0adf&mi_00#7&28ee3ab8&0&0000#{4d1e55b2-f16f-11cf-88cb-001111000030}
[08:37:47:678]	InputReportByteLength=65
[08:37:47:678]	OutputReportByteLength=65
[08:37:47:678]HID_Connected=\\?\hid#vid_046d&pid_0adf&mi_00#7&28ee3ab8&0&0000#{4d1e55b2-f16f-11cf-88cb-001111000030}
[08:37:47:678][HID_TX]00-84-01-D1-55-01-00-00-00-00-00-00-00-00-00-00-00-00-00-00-00-00-00-00-00-00-00-00-00-00-00-00-00-00-00-00-00-00-00-00-00-00-00-00-00-00-00-00-00-00-00-00-00-00-00-00-00-00-00-00-00-00-00-00-00
[08:37:47:679]HidD_GetInputReport=True
[08:37:47:679]reply_report=00-4F-56-31-2E-36-2E-31-00-00-00-00-00-00-00-00-00-00-00-00-00-00-00-00-00-00-00-00-00-00-00-00-00-00-00-00-00-00-00-00-00-00-00-00-00-00-00-00-00-00-00-00-00-00-00-00-00-00-00-00-00-00-00-00-00
[08:37:47:679][ys_tech] fw_version=V1.6.1
[08:37:47:679]ystech_Power_Saving, is_EnablePowerSaving=False
[08:37:47:680][HID_TX]00-85-01-83-8B-01-00-00-00-00-00-00-00-00-00-00-00-00-00-00-00-00-00-00-00-00-00-00-00-00-00-00-00-00-00-00-00-00-00-00-00-00-00-00-00-00-00-00-00-00-00-00-00-00-00-00-00-00-00-00-00-00-00-00-00
[08:37:47:680]HidD_GetInputReport=True
[08:37:47:680]reply_report=00-4F-00-00-00-00-00-00-00-00-00-00-00-00-00-00-00-00-00-00-00-00-00-00-00-00-00-00-00-00-00-00-00-00-00-00-00-00-00-00-00-00-00-00-00-00-00-00-00-00-00-00-00-00-00-00-00-00-00-00-00-00-00-00-00
[08:37:47:680]HID_CMD_POWER_SAVING_Disable
[08:37:47:680]path_connected=\\?\hid#vid_046d&pid_0adf&mi_00#7&28ee3ab8&0&0000#{4d1e55b2-f16f-11cf-88cb-001111000030}
[08:37:47:680][HID_TX]00-80-06-95-4D-50-41-0E-05-01-E3-00-00-00-00-00-00-00-00-00-00-00-00-00-00-00-00-00-00-00-00-00-00-00-00-00-00-00-00-00-00-00-00-00-00-00-00-00-00-00-00-00-00-00-00-00-00-00-00-00-00-00-00-00-00
[08:37:47:681]HidD_GetInputReport=True
[08:37:47:681]reply_report=00-4F-00-00-00-00-00-00-00-00-00-00-00-00-00-00-00-00-00-00-00-00-00-00-00-00-00-00-00-00-00-00-00-00-00-00-00-00-00-00-00-00-00-00-00-00-00-00-00-00-00-00-00-00-00-00-00-00-00-00-00-00-00-00-00
[08:37:47:681]50-41-0E-05-01-E3 [CMD_SENT][REMOTE_GET_CONNECT_STATUS]
[08:37:47:684][HID_TX_ack]00-19-50-49-01-C0-16-1C-00-00-03-00-0E-85-00-50-49-0E-C4-00-00-00-00-02-00-E3-00-00-01-00-01-00-01-00-00-00-31-00-01-00-08-00-00-00-00-00-00-00-00-00-00-00-00-00-00-00-00-00-00-00-00-00-00-00-00
[08:37:47:684]50-49-01-C0-16-1C-00-00-03-00-0E-85-00
[08:37:47:684]REMOTE_GET_CONNECT_STATUS=00
[08:37:47:684]50-49-0E-C4-00-00-00-00-02-00-E3-00-
[08:37:48:693][HID_TX]00-80-07-44-66-50-41-0E-06-02-E1-00-00-00-00-00-00-00-00-00-00-00-00-00-00-00-00-00-00-00-00-00-00-00-00-00-00-00-00-00-00-00-00-00-00-00-00-00-00-00-00-00-00-00-00-00-00-00-00-00-00-00-00-00-00
[08:37:48:694]HidD_GetInputReport=True
[08:37:48:694]reply_report=00-4F-00-00-00-00-00-00-00-00-00-00-00-00-00-00-00-00-00-00-00-00-00-00-00-00-00-00-00-00-00-00-00-00-00-00-00-00-00-00-00-00-00-00-00-00-00-00-00-00-00-00-00-00-00-00-00-00-00-00-00-00-00-00-00
[08:37:48:694]50-41-0E-06-02-E1-00 [CMD_SENT][REMOTE_SET_MODE] is_remote=False
[08:37:48:697][HID_TX_ack]00-0D-50-49-01-C0-40-1F-00-00-03-00-0E-86-00-50-49-0E-C4-00-00-00-00-02-00-E3-00-00-01-00-01-00-01-00-00-00-31-00-01-00-08-00-00-00-00-00-00-00-00-00-00-00-00-00-00-00-00-00-00-00-00-00-00-00-00
[08:37:48:697]50-49-01-C0-40-1F-00-00-03-00-0E-86-00
[08:37:48:697]ystech_Power_Saving, is_EnablePowerSaving=True
[08:37:48:697][HID_TX]00-85-01-73-56-02-00-00-00-00-00-00-00-00-00-00-00-00-00-00-00-00-00-00-00-00-00-00-00-00-00-00-00-00-00-00-00-00-00-00-00-00-00-00-00-00-00-00-00-00-00-00-00-00-00-00-00-00-00-00-00-00-00-00-00
[08:37:48:698]HidD_GetInputReport=True
[08:37:48:698]reply_report=00-4F-00-00-00-00-00-00-00-00-00-00-00-00-00-00-00-00-00-00-00-00-00-00-00-00-00-00-00-00-00-00-00-00-00-00-00-00-00-00-00-00-00-00-00-00-00-00-00-00-00-00-00-00-00-00-00-00-00-00-00-00-00-00-00
[08:37:48:698]HID_CMD_POWER_SAVING_Enable
[08:37:48:698]close_hid_stream
[08:37:48:698]close_hid_handle
