[15:53:03:907]\\?\hid#dell09c2&col02#5&bc4dc33&0&0001#{4d1e55b2-f16f-11cf-88cb-001111000030}
[15:53:03:907]\\?\hid#dell09c2&col03#5&bc4dc33&0&0002#{4d1e55b2-f16f-11cf-88cb-001111000030}
[15:53:03:907]\\?\hid#intc816&col01#3&207f9b7f&0&0000#{4d1e55b2-f16f-11cf-88cb-001111000030}
[15:53:03:907]\\?\hid#vid_046d&pid_0adf&mi_04#7&2ad3f249&0&0000#{4d1e55b2-f16f-11cf-88cb-001111000030}
[15:53:03:907]\\?\hid#intc816&col02#3&207f9b7f&0&0001#{4d1e55b2-f16f-11cf-88cb-001111000030}
[15:53:03:907]\\?\hid#converteddevice&col02#5&17bac0a6&0&0001#{4d1e55b2-f16f-11cf-88cb-001111000030}
[15:53:03:907]\\?\hid#converteddevice&col03#5&17bac0a6&0&0002#{4d1e55b2-f16f-11cf-88cb-001111000030}
[15:53:03:907]\\?\hid#dell09c2&col04#5&bc4dc33&0&0003#{4d1e55b2-f16f-11cf-88cb-001111000030}
[15:53:03:908]\\?\hid#dell09c2&col05#5&bc4dc33&0&0004#{4d1e55b2-f16f-11cf-88cb-001111000030}
[15:53:03:908]\\?\hid#vid_046d&pid_0adf&mi_00#7&28ee3ab8&0&0000#{4d1e55b2-f16f-11cf-88cb-001111000030}
[15:53:03:908]\\?\hid#converteddevice&col01#5&17bac0a6&0&0000#{4d1e55b2-f16f-11cf-88cb-001111000030}\kbd
[15:53:03:908]\\?\hid#dell09c2&col01#5&bc4dc33&0&0000#{4d1e55b2-f16f-11cf-88cb-001111000030}
[15:53:03:908]\\?\hid#vid_413c&pid_301a#6&3b68e75b&0&0000#{4d1e55b2-f16f-11cf-88cb-001111000030}
[15:53:03:909]try_path=\\?\hid#vid_046d&pid_0adf&mi_04#7&2ad3f249&0&0000#{4d1e55b2-f16f-11cf-88cb-001111000030}
[15:53:03:920][invalid device][System.Exception]
[15:53:03:924]   at ..connect(String path)
[15:53:03:925]close_hid_handle
[15:53:03:928][connect HID device fail : invalid device][System.Exception]
[15:53:03:928]   at ..connect(String path)
   at ..(String  )
   at ..connect(UInt16 vid, UInt16 pid,  vt)
[15:53:03:928]try_path=\\?\hid#vid_046d&pid_0adf&mi_00#7&28ee3ab8&0&0000#{4d1e55b2-f16f-11cf-88cb-001111000030}
[15:53:03:929]	InputReportByteLength=65
[15:53:03:929]	OutputReportByteLength=65
[15:53:03:929]HID_Connected=\\?\hid#vid_046d&pid_0adf&mi_00#7&28ee3ab8&0&0000#{4d1e55b2-f16f-11cf-88cb-001111000030}
[15:53:03:930][HID_TX]00-84-01-D1-55-01-00-00-00-00-00-00-00-00-00-00-00-00-00-00-00-00-00-00-00-00-00-00-00-00-00-00-00-00-00-00-00-00-00-00-00-00-00-00-00-00-00-00-00-00-00-00-00-00-00-00-00-00-00-00-00-00-00-00-00
[15:53:03:932]HidD_GetInputReport=True
[15:53:03:932]reply_report=00-4F-56-31-2E-36-2E-31-00-00-00-00-00-00-00-00-00-00-00-00-00-00-00-00-00-00-00-00-00-00-00-00-00-00-00-00-00-00-00-00-00-00-00-00-00-00-00-00-00-00-00-00-00-00-00-00-00-00-00-00-00-00-00-00-00
[15:53:03:932][ys_tech] fw_version=V1.6.1
[15:53:03:933]ystech_Power_Saving, is_EnablePowerSaving=False
[15:53:03:933][HID_TX]00-85-01-83-8B-01-00-00-00-00-00-00-00-00-00-00-00-00-00-00-00-00-00-00-00-00-00-00-00-00-00-00-00-00-00-00-00-00-00-00-00-00-00-00-00-00-00-00-00-00-00-00-00-00-00-00-00-00-00-00-00-00-00-00-00
[15:53:03:934]HidD_GetInputReport=True
[15:53:03:934]reply_report=00-4F-00-00-00-00-00-00-00-00-00-00-00-00-00-00-00-00-00-00-00-00-00-00-00-00-00-00-00-00-00-00-00-00-00-00-00-00-00-00-00-00-00-00-00-00-00-00-00-00-00-00-00-00-00-00-00-00-00-00-00-00-00-00-00
[15:53:03:934]HID_CMD_POWER_SAVING_Disable
[15:53:03:934]path_connected=\\?\hid#vid_046d&pid_0adf&mi_00#7&28ee3ab8&0&0000#{4d1e55b2-f16f-11cf-88cb-001111000030}
[15:53:04:942][HID_TX]00-80-06-1C-7D-50-41-0E-01-01-E0-00-00-00-00-00-00-00-00-00-00-00-00-00-00-00-00-00-00-00-00-00-00-00-00-00-00-00-00-00-00-00-00-00-00-00-00-00-00-00-00-00-00-00-00-00-00-00-00-00-00-00-00-00-00
[15:53:04:942]HidD_GetInputReport=True
[15:53:04:942]reply_report=00-4F-00-00-00-00-00-00-00-00-00-00-00-00-00-00-00-00-00-00-00-00-00-00-00-00-00-00-00-00-00-00-00-00-00-00-00-00-00-00-00-00-00-00-00-00-00-00-00-00-00-00-00-00-00-00-00-00-00-00-00-00-00-00-00
[15:53:04:942]50-41-0E-01-01-E0 [CMD_SENT][REMOTE_GET_MODE]
[15:53:04:946][HID_TX_ack]00-19-50-49-01-C0-AE-92-0D-00-03-00-0E-81-00-50-49-0E-C0-00-00-00-00-02-00-E0-00-13-30-38-3A-30-39-3A-31-34-3A-33-38-3A-30-34-2C-31-2C-41-57-54-42-55-30-5F-30-30-31-30-35-37-20-C0-7F-00-00-00-00
[15:53:04:959]REMOTE_GET_MODE=00
[15:53:04:959]50-49-01-C0-AE-92-0D-00-03-00-0E-81-00
[15:53:04:959]50-49-0E-C0-00-00-00-00-02-00-E0-00-
[15:53:04:959][HID_TX]00-80-08-08-E6-50-41-06-02-02-00-43-01-00-00-00-00-00-00-00-00-00-00-00-00-00-00-00-00-00-00-00-00-00-00-00-00-00-00-00-00-00-00-00-00-00-00-00-00-00-00-00-00-00-00-00-00-00-00-00-00-00-00-00-00
[15:53:04:960]HidD_GetInputReport=True
[15:53:04:960]reply_report=00-4F-00-00-00-00-00-00-00-00-00-00-00-00-00-00-00-00-00-00-00-00-00-00-00-00-00-00-00-00-00-00-00-00-00-00-00-00-00-00-00-00-00-00-00-00-00-00-00-00-00-00-00-00-00-00-00-00-00-00-00-00-00-00-00
[15:53:04:960]50-41-06-02-02-00-43-01 [CMD_SENT][CMD_READ_MP_DATA_BY_ID]
[15:53:04:963][HID_TX_ack]00-13-50-49-01-C0-AE-92-0D-00-09-00-06-82-00-87-56-03-99-58-40-00-00-02-00-E0-00-13-30-38-3A-30-39-3A-31-34-3A-33-38-3A-30-34-2C-31-2C-41-57-54-42-55-30-5F-30-30-31-30-35-37-20-C0-7F-00-00-00-00
[15:53:04:963]50-49-01-C0-AE-92-0D-00-09-00-06-82-00-87-56-03-99-58-40
[15:53:08:540][HID_TX]00-80-06-F7-52-50-41-0E-03-01-E0-00-00-00-00-00-00-00-00-00-00-00-00-00-00-00-00-00-00-00-00-00-00-00-00-00-00-00-00-00-00-00-00-00-00-00-00-00-00-00-00-00-00-00-00-00-00-00-00-00-00-00-00-00-00
[15:53:08:541]HidD_GetInputReport=True
[15:53:08:541]reply_report=00-4F-00-00-00-00-00-00-00-00-00-00-00-00-00-00-00-00-00-00-00-00-00-00-00-00-00-00-00-00-00-00-00-00-00-00-00-00-00-00-00-00-00-00-00-00-00-00-00-00-00-00-00-00-00-00-00-00-00-00-00-00-00-00-00
[15:53:08:541]50-41-0E-03-01-E0 [CMD_SENT][REMOTE_GET_MODE]
[15:53:08:544][HID_TX_ack]00-19-50-49-01-C0-AE-92-0D-00-03-00-0E-83-00-50-49-0E-C1-00-00-00-00-02-00-E0-00-13-30-38-3A-30-39-3A-31-34-3A-33-38-3A-30-34-2C-31-2C-41-57-54-42-55-30-5F-30-30-31-30-35-37-20-C0-7F-00-00-00-00
[15:53:08:544]50-49-01-C0-AE-92-0D-00-03-00-0E-83-00
[15:53:08:544]REMOTE_GET_MODE=00
[15:53:08:544]50-49-0E-C1-00-00-00-00-02-00-E0-00-
[15:53:08:545][HID_TX]00-80-08-1C-C0-50-41-07-04-03-08-00-E4-00-00-00-00-00-00-00-00-00-00-00-00-00-00-00-00-00-00-00-00-00-00-00-00-00-00-00-00-00-00-00-00-00-00-00-00-00-00-00-00-00-00-00-00-00-00-00-00-00-00-00-00
[15:53:08:546]HidD_GetInputReport=True
[15:53:08:546]reply_report=00-4F-00-00-00-00-00-00-00-00-00-00-00-00-00-00-00-00-00-00-00-00-00-00-00-00-00-00-00-00-00-00-00-00-00-00-00-00-00-00-00-00-00-00-00-00-00-00-00-00-00-00-00-00-00-00-00-00-00-00-00-00-00-00-00
[15:53:08:546]50-41-07-04-03-08-00-E4 [CMD_SENT] [CMD_SENT][UNKNOW]
[15:53:08:602][HID_TX_ack]00-0F-50-49-01-C0-AE-92-0D-00-05-00-07-84-08-00-00-0E-C1-00-00-00-00-02-00-E0-00-13-30-38-3A-30-39-3A-31-34-3A-33-38-3A-30-34-2C-31-2C-41-57-54-42-55-30-5F-30-30-31-30-35-37-20-C0-7F-00-00-00-00
[15:53:08:602]50-49-01-C0-AE-92-0D-00-05-00-07-84-08-00-00
[15:53:17:171][The device is not connected.
][System.IO.IOException]
[15:53:17:171]   at System.IO.__Error.WinIOError(Int32 errorCode, String maybeFullPath)
   at System.IO.FileStream.BeginReadCore(Byte[] bytes, Int32 offset, Int32 numBytes, AsyncCallback userCallback, Object stateObject, Int32 numBufferedBytesRead)
   at System.IO.FileStream.BeginReadAsync(Byte[] array, Int32 offset, Int32 numBytes, AsyncCallback userCallback, Object stateObject)
   at System.IO.FileStream.BeginRead(Byte[] array, Int32 offset, Int32 numBytes, AsyncCallback userCallback, Object stateObject)
   at ..()
[15:53:17:171]ystech_Power_Saving, is_EnablePowerSaving=True
[15:53:17:171][HID_TX]00-85-01-73-56-02-00-00-00-00-00-00-00-00-00-00-00-00-00-00-00-00-00-00-00-00-00-00-00-00-00-00-00-00-00-00-00-00-00-00-00-00-00-00-00-00-00-00-00-00-00-00-00-00-00-00-00-00-00-00-00-00-00-00-00
[15:53:17:177][The device is not connected.
][System.IO.IOException]
[15:53:17:177]   at System.IO.__Error.WinIOError(Int32 errorCode, String maybeFullPath)
   at System.IO.FileStream.BeginWriteCore(Byte[] bytes, Int32 offset, Int32 numBytes, AsyncCallback userCallback, Object stateObject)
   at System.IO.FileStream.WriteCore(Byte[] buffer, Int32 offset, Int32 count)
   at System.IO.FileStream.Write(Byte[] array, Int32 offset, Int32 count)
   at ..(Byte  , Byte[]  )
[15:53:17:179][connect HID device fail : The device is not connected.
][System.Exception]
[15:53:17:179]   at ..(Byte  , Byte[]  )
   at ..(Boolean  )
   at ..close()
[15:53:17:179]close_hid_stream
[15:53:17:182][External component has thrown an exception.][System.Runtime.InteropServices.SEHException]
[15:53:17:182]   at ..(IntPtr  )
   at ..close()
[15:53:29:081]\\?\hid#dell09c2&col02#5&bc4dc33&0&0001#{4d1e55b2-f16f-11cf-88cb-001111000030}
[15:53:29:081]\\?\hid#dell09c2&col03#5&bc4dc33&0&0002#{4d1e55b2-f16f-11cf-88cb-001111000030}
[15:53:29:081]\\?\hid#intc816&col01#3&207f9b7f&0&0000#{4d1e55b2-f16f-11cf-88cb-001111000030}
[15:53:29:081]\\?\hid#vid_046d&pid_0adf&mi_04#7&2ad3f249&0&0000#{4d1e55b2-f16f-11cf-88cb-001111000030}
[15:53:29:081]\\?\hid#intc816&col02#3&207f9b7f&0&0001#{4d1e55b2-f16f-11cf-88cb-001111000030}
[15:53:29:081]\\?\hid#converteddevice&col02#5&17bac0a6&0&0001#{4d1e55b2-f16f-11cf-88cb-001111000030}
[15:53:29:081]\\?\hid#converteddevice&col03#5&17bac0a6&0&0002#{4d1e55b2-f16f-11cf-88cb-001111000030}
[15:53:29:081]\\?\hid#dell09c2&col04#5&bc4dc33&0&0003#{4d1e55b2-f16f-11cf-88cb-001111000030}
[15:53:29:081]\\?\hid#dell09c2&col05#5&bc4dc33&0&0004#{4d1e55b2-f16f-11cf-88cb-001111000030}
[15:53:29:081]\\?\hid#vid_046d&pid_0adf&mi_00#7&28ee3ab8&0&0000#{4d1e55b2-f16f-11cf-88cb-001111000030}
[15:53:29:081]\\?\hid#converteddevice&col01#5&17bac0a6&0&0000#{4d1e55b2-f16f-11cf-88cb-001111000030}\kbd
[15:53:29:081]\\?\hid#dell09c2&col01#5&bc4dc33&0&0000#{4d1e55b2-f16f-11cf-88cb-001111000030}
[15:53:29:081]\\?\hid#vid_413c&pid_301a#6&3b68e75b&0&0000#{4d1e55b2-f16f-11cf-88cb-001111000030}
[15:53:29:081]try_path=\\?\hid#vid_046d&pid_0adf&mi_04#7&2ad3f249&0&0000#{4d1e55b2-f16f-11cf-88cb-001111000030}
[15:53:29:085][invalid device][System.Exception]
[15:53:29:085]   at ..connect(String path)
[15:53:29:087][External component has thrown an exception.][System.Runtime.InteropServices.SEHException]
[15:53:29:088]   at ..(IntPtr  )
   at ..close()
[15:53:29:090][connect HID device fail : invalid device][System.Exception]
[15:53:29:090]   at ..connect(String path)
   at ..(String  )
   at ..connect(UInt16 vid, UInt16 pid,  vt)
[15:53:29:090]try_path=\\?\hid#vid_046d&pid_0adf&mi_00#7&28ee3ab8&0&0000#{4d1e55b2-f16f-11cf-88cb-001111000030}
[15:53:29:090]	InputReportByteLength=65
[15:53:29:090]	OutputReportByteLength=65
[15:53:29:090]HID_Connected=\\?\hid#vid_046d&pid_0adf&mi_00#7&28ee3ab8&0&0000#{4d1e55b2-f16f-11cf-88cb-001111000030}
[15:53:29:090][HID_TX]00-84-01-D1-55-01-00-00-00-00-00-00-00-00-00-00-00-00-00-00-00-00-00-00-00-00-00-00-00-00-00-00-00-00-00-00-00-00-00-00-00-00-00-00-00-00-00-00-00-00-00-00-00-00-00-00-00-00-00-00-00-00-00-00-00
[15:53:29:091]HidD_GetInputReport=True
[15:53:29:091]reply_report=00-4F-56-31-2E-36-2E-31-00-00-00-00-00-00-00-00-00-00-00-00-00-00-00-00-00-00-00-00-00-00-00-00-00-00-00-00-00-00-00-00-00-00-00-00-00-00-00-00-00-00-00-00-00-00-00-00-00-00-00-00-00-00-00-00-00
[15:53:29:091][ys_tech] fw_version=V1.6.1
[15:53:29:091]ystech_Power_Saving, is_EnablePowerSaving=False
[15:53:29:091][HID_TX]00-85-01-83-8B-01-00-00-00-00-00-00-00-00-00-00-00-00-00-00-00-00-00-00-00-00-00-00-00-00-00-00-00-00-00-00-00-00-00-00-00-00-00-00-00-00-00-00-00-00-00-00-00-00-00-00-00-00-00-00-00-00-00-00-00
[15:53:29:092]HidD_GetInputReport=True
[15:53:29:092]reply_report=00-4F-00-00-00-00-00-00-00-00-00-00-00-00-00-00-00-00-00-00-00-00-00-00-00-00-00-00-00-00-00-00-00-00-00-00-00-00-00-00-00-00-00-00-00-00-00-00-00-00-00-00-00-00-00-00-00-00-00-00-00-00-00-00-00
[15:53:29:092]HID_CMD_POWER_SAVING_Disable
[15:53:29:092]path_connected=\\?\hid#vid_046d&pid_0adf&mi_00#7&28ee3ab8&0&0000#{4d1e55b2-f16f-11cf-88cb-001111000030}
[15:53:29:092][HID_TX]00-80-06-95-4D-50-41-0E-05-01-E3-00-00-00-00-00-00-00-00-00-00-00-00-00-00-00-00-00-00-00-00-00-00-00-00-00-00-00-00-00-00-00-00-00-00-00-00-00-00-00-00-00-00-00-00-00-00-00-00-00-00-00-00-00-00
[15:53:29:093]HidD_GetInputReport=True
[15:53:29:093]reply_report=00-4F-00-00-00-00-00-00-00-00-00-00-00-00-00-00-00-00-00-00-00-00-00-00-00-00-00-00-00-00-00-00-00-00-00-00-00-00-00-00-00-00-00-00-00-00-00-00-00-00-00-00-00-00-00-00-00-00-00-00-00-00-00-00-00
[15:53:29:093]50-41-0E-05-01-E3 [CMD_SENT][REMOTE_GET_CONNECT_STATUS]
[15:53:29:095][HID_TX_ack]00-19-50-49-01-C0-8E-20-00-00-03-00-0E-85-00-50-49-0E-C3-00-00-00-00-02-00-E3-00-13-01-00-01-00-31-00-00-00-31-00-01-00-00-00-00-00-00-00-00-00-00-00-00-00-00-00-00-00-00-00-00-00-00-00-00-00-00
[15:53:29:096]50-49-01-C0-8E-20-00-00-03-00-0E-85-00
[15:53:29:096]50-49-0E-C3-00-00-00-00-02-00-E3-00-
[15:53:29:096]REMOTE_GET_CONNECT_STATUS=00
[15:53:30:108][HID_TX]00-80-07-44-66-50-41-0E-06-02-E1-00-00-00-00-00-00-00-00-00-00-00-00-00-00-00-00-00-00-00-00-00-00-00-00-00-00-00-00-00-00-00-00-00-00-00-00-00-00-00-00-00-00-00-00-00-00-00-00-00-00-00-00-00-00
[15:53:30:110]HidD_GetInputReport=True
[15:53:30:110]reply_report=00-4F-00-00-00-00-00-00-00-00-00-00-00-00-00-00-00-00-00-00-00-00-00-00-00-00-00-00-00-00-00-00-00-00-00-00-00-00-00-00-00-00-00-00-00-00-00-00-00-00-00-00-00-00-00-00-00-00-00-00-00-00-00-00-00
[15:53:30:110]50-41-0E-06-02-E1-00 [CMD_SENT][REMOTE_SET_MODE] is_remote=False
[15:53:30:112][HID_TX_ack]00-0D-50-49-01-C0-63-24-00-00-03-00-0E-86-00-50-49-0E-C3-00-00-00-00-02-00-E3-00-13-01-00-01-00-31-00-00-00-31-00-01-00-00-00-00-00-00-00-00-00-00-00-00-00-00-00-00-00-00-00-00-00-00-00-00-00-00
[15:53:30:112]50-49-01-C0-63-24-00-00-03-00-0E-86-00
[15:53:30:112]ystech_Power_Saving, is_EnablePowerSaving=True
[15:53:30:112][HID_TX]00-85-01-73-56-02-00-00-00-00-00-00-00-00-00-00-00-00-00-00-00-00-00-00-00-00-00-00-00-00-00-00-00-00-00-00-00-00-00-00-00-00-00-00-00-00-00-00-00-00-00-00-00-00-00-00-00-00-00-00-00-00-00-00-00
[15:53:30:114]HidD_GetInputReport=True
[15:53:30:114]reply_report=00-4F-00-00-00-00-00-00-00-00-00-00-00-00-00-00-00-00-00-00-00-00-00-00-00-00-00-00-00-00-00-00-00-00-00-00-00-00-00-00-00-00-00-00-00-00-00-00-00-00-00-00-00-00-00-00-00-00-00-00-00-00-00-00-00
[15:53:30:114]HID_CMD_POWER_SAVING_Enable
[15:53:30:114]close_hid_stream
[15:53:30:114]close_hid_handle
