[02:57:34:444]\\?\hid#dell09c2&col02#5&bc4dc33&0&0001#{4d1e55b2-f16f-11cf-88cb-001111000030}
[02:57:34:445]\\?\hid#dell09c2&col03#5&bc4dc33&0&0002#{4d1e55b2-f16f-11cf-88cb-001111000030}
[02:57:34:445]\\?\hid#intc816&col01#3&207f9b7f&0&0000#{4d1e55b2-f16f-11cf-88cb-001111000030}
[02:57:34:445]\\?\hid#intc816&col02#3&207f9b7f&0&0001#{4d1e55b2-f16f-11cf-88cb-001111000030}
[02:57:34:445]\\?\hid#converteddevice&col02#5&17bac0a6&0&0001#{4d1e55b2-f16f-11cf-88cb-001111000030}
[02:57:34:445]\\?\hid#converteddevice&col03#5&17bac0a6&0&0002#{4d1e55b2-f16f-11cf-88cb-001111000030}
[02:57:34:445]\\?\hid#dell09c2&col04#5&bc4dc33&0&0003#{4d1e55b2-f16f-11cf-88cb-001111000030}
[02:57:34:445]\\?\hid#{00001812-0000-1000-8000-00805f9b34fb}_dev_vid&0232c2_pid&0001_rev&0068_ccb624cd66b1#9&326e3aae&0&0000#{4d1e55b2-f16f-11cf-88cb-001111000030}
[02:57:34:445]\\?\hid#dell09c2&col05#5&bc4dc33&0&0004#{4d1e55b2-f16f-11cf-88cb-001111000030}
[02:57:34:445]\\?\hid#converteddevice&col01#5&17bac0a6&0&0000#{4d1e55b2-f16f-11cf-88cb-001111000030}\kbd
[02:57:34:445]\\?\hid#dell09c2&col01#5&bc4dc33&0&0000#{4d1e55b2-f16f-11cf-88cb-001111000030}
[02:57:34:445]\\?\hid#vid_046d&pid_0adf&mi_00#7&3ad8dff3&0&0000#{4d1e55b2-f16f-11cf-88cb-001111000030}
[02:57:34:445]\\?\hid#vid_046d&pid_0adf&mi_04#7&18e94d0e&0&0000#{4d1e55b2-f16f-11cf-88cb-001111000030}
[02:57:34:447]try_path=\\?\hid#vid_046d&pid_0adf&mi_00#7&3ad8dff3&0&0000#{4d1e55b2-f16f-11cf-88cb-001111000030}
[02:57:34:448]	InputReportByteLength=65
[02:57:34:448]	OutputReportByteLength=65
[02:57:34:448]HID_Connected=\\?\hid#vid_046d&pid_0adf&mi_00#7&3ad8dff3&0&0000#{4d1e55b2-f16f-11cf-88cb-001111000030}
[02:57:34:449][HID_TX]00-84-01-D1-55-01-00-00-00-00-00-00-00-00-00-00-00-00-00-00-00-00-00-00-00-00-00-00-00-00-00-00-00-00-00-00-00-00-00-00-00-00-00-00-00-00-00-00-00-00-00-00-00-00-00-00-00-00-00-00-00-00-00-00-00
[02:57:34:451]HidD_GetInputReport=True
[02:57:34:451]reply_report=00-4F-56-31-2E-38-2E-35-2E-31-00-00-00-00-00-00-00-00-00-00-00-00-00-00-00-00-00-00-00-00-00-00-00-00-00-00-00-00-00-00-00-00-00-00-00-00-00-00-00-00-00-00-00-00-00-00-00-00-00-00-00-00-00-00-00
[02:57:34:451][ys_tech] fw_version=V1.8.5.1
[02:57:34:452]ystech_Power_Saving, is_EnablePowerSaving=False
[02:57:34:452][HID_TX]00-85-01-83-8B-01-00-00-00-00-00-00-00-00-00-00-00-00-00-00-00-00-00-00-00-00-00-00-00-00-00-00-00-00-00-00-00-00-00-00-00-00-00-00-00-00-00-00-00-00-00-00-00-00-00-00-00-00-00-00-00-00-00-00-00
[02:57:34:453]HidD_GetInputReport=True
[02:57:34:453]reply_report=00-46-00-00-00-00-00-00-00-00-00-00-00-00-00-00-00-00-00-00-00-00-00-00-00-00-00-00-00-00-00-00-00-00-00-00-00-00-00-00-00-00-00-00-00-00-00-00-00-00-00-00-00-00-00-00-00-00-00-00-00-00-00-00-00
[02:57:34:466][Response Fail][System.Exception]
[02:57:34:471]   at ..(Boolean  )
   at ..(Byte  , Byte[]  )
[02:57:34:530]_ystech_retry_count=1
[02:57:34:530][HID_TX]00-85-01-83-8B-01-00-00-00-00-00-00-00-00-00-00-00-00-00-00-00-00-00-00-00-00-00-00-00-00-00-00-00-00-00-00-00-00-00-00-00-00-00-00-00-00-00-00-00-00-00-00-00-00-00-00-00-00-00-00-00-00-00-00-00
[02:57:34:532]HidD_GetInputReport=True
[02:57:34:532]reply_report=00-4F-00-00-00-00-00-00-00-00-00-00-00-00-00-00-00-00-00-00-00-00-00-00-00-00-00-00-00-00-00-00-00-00-00-00-00-00-00-00-00-00-00-00-00-00-00-00-00-00-00-00-00-00-00-00-00-00-00-00-00-00-00-00-00
[02:57:34:532]HID_CMD_POWER_SAVING_Disable
[02:57:34:532]path_connected=\\?\hid#vid_046d&pid_0adf&mi_00#7&3ad8dff3&0&0000#{4d1e55b2-f16f-11cf-88cb-001111000030}
[02:57:38:565][HID_TX]00-80-06-1C-7D-50-41-0E-01-01-E0-00-00-00-00-00-00-00-00-00-00-00-00-00-00-00-00-00-00-00-00-00-00-00-00-00-00-00-00-00-00-00-00-00-00-00-00-00-00-00-00-00-00-00-00-00-00-00-00-00-00-00-00-00-00
[02:57:38:565]HidD_GetInputReport=True
[02:57:38:565]reply_report=00-4F-00-00-00-00-00-00-00-00-00-00-00-00-00-00-00-00-00-00-00-00-00-00-00-00-00-00-00-00-00-00-00-00-00-00-00-00-00-00-00-00-00-00-00-00-00-00-00-00-00-00-00-00-00-00-00-00-00-00-00-00-00-00-00
[02:57:38:566]50-41-0E-01-01-E0 [CMD_SENT][REMOTE_GET_MODE]
[02:57:38:571][HID_TX_ack]00-19-50-49-01-C0-95-31-00-00-03-00-0E-81-00-50-49-0E-C5-00-00-00-00-02-00-E0-00-00-32-00-00-00-00-00-00-00-00-00-00-00-00-00-00-00-00-00-00-00-00-00-00-00-00-00-00-00-00-00-00-00-00-00-00-00-00
[02:57:38:585]REMOTE_GET_MODE=00
[02:57:38:586]50-49-01-C0-95-31-00-00-03-00-0E-81-00
[02:57:38:586]50-49-0E-C5-00-00-00-00-02-00-E0-00-
[02:57:38:586][HID_TX]00-80-08-08-E6-50-41-06-02-02-00-43-01-00-00-00-00-00-00-00-00-00-00-00-00-00-00-00-00-00-00-00-00-00-00-00-00-00-00-00-00-00-00-00-00-00-00-00-00-00-00-00-00-00-00-00-00-00-00-00-00-00-00-00-00
[02:57:38:587]HidD_GetInputReport=True
[02:57:38:587]reply_report=00-4F-00-00-00-00-00-00-00-00-00-00-00-00-00-00-00-00-00-00-00-00-00-00-00-00-00-00-00-00-00-00-00-00-00-00-00-00-00-00-00-00-00-00-00-00-00-00-00-00-00-00-00-00-00-00-00-00-00-00-00-00-00-00-00
[02:57:38:587]50-41-06-02-02-00-43-01 [CMD_SENT][CMD_READ_MP_DATA_BY_ID]
[02:57:38:590][HID_TX_ack]00-13-50-49-01-C0-A6-31-00-00-09-00-06-82-00-56-34-12-AA-CB-89-00-00-02-00-E0-00-00-32-00-00-00-00-00-00-00-00-00-00-00-00-00-00-00-00-00-00-00-00-00-00-00-00-00-00-00-00-00-00-00-00-00-00-00-00
[02:57:38:590]50-49-01-C0-A6-31-00-00-09-00-06-82-00-56-34-12-AA-CB-89
[02:57:41:957][HID_TX]00-80-06-F7-52-50-41-0E-03-01-E0-00-00-00-00-00-00-00-00-00-00-00-00-00-00-00-00-00-00-00-00-00-00-00-00-00-00-00-00-00-00-00-00-00-00-00-00-00-00-00-00-00-00-00-00-00-00-00-00-00-00-00-00-00-00
[02:57:41:958]HidD_GetInputReport=True
[02:57:41:958]reply_report=00-4F-00-00-00-00-00-00-00-00-00-00-00-00-00-00-00-00-00-00-00-00-00-00-00-00-00-00-00-00-00-00-00-00-00-00-00-00-00-00-00-00-00-00-00-00-00-00-00-00-00-00-00-00-00-00-00-00-00-00-00-00-00-00-00
[02:57:41:958]50-41-0E-03-01-E0 [CMD_SENT][REMOTE_GET_MODE]
[02:57:41:961][HID_TX_ack]00-19-50-49-01-C0-2E-3C-00-00-03-00-0E-83-00-50-49-0E-C6-00-00-00-00-02-00-E0-00-00-32-00-00-00-00-00-00-00-00-00-00-00-00-00-00-00-00-00-00-00-00-00-00-00-00-00-00-00-00-00-00-00-00-00-00-00-00
[02:57:41:961]50-49-01-C0-2E-3C-00-00-03-00-0E-83-00
[02:57:41:961]50-49-0E-C6-00-00-00-00-02-00-E0-00-
[02:57:41:961]REMOTE_GET_MODE=00
[02:57:41:963][HID_TX]00-80-07-C8-D5-50-41-0E-04-02-E1-01-00-00-00-00-00-00-00-00-00-00-00-00-00-00-00-00-00-00-00-00-00-00-00-00-00-00-00-00-00-00-00-00-00-00-00-00-00-00-00-00-00-00-00-00-00-00-00-00-00-00-00-00-00
[02:57:41:964]HidD_GetInputReport=True
[02:57:41:964]reply_report=00-4F-00-00-00-00-00-00-00-00-00-00-00-00-00-00-00-00-00-00-00-00-00-00-00-00-00-00-00-00-00-00-00-00-00-00-00-00-00-00-00-00-00-00-00-00-00-00-00-00-00-00-00-00-00-00-00-00-00-00-00-00-00-00-00
[02:57:41:964]50-41-0E-04-02-E1-01 [CMD_SENT][REMOTE_SET_MODE] is_remote=True
[02:57:41:967][HID_TX_ack]00-0D-50-49-01-C0-33-3C-00-00-03-00-0E-84-00-50-49-0E-C6-00-00-00-00-02-00-E0-00-00-32-00-00-00-00-00-00-00-00-00-00-00-00-00-00-00-00-00-00-00-00-00-00-00-00-00-00-00-00-00-00-00-00-00-00-00-00
[02:57:41:967]50-49-01-C0-33-3C-00-00-03-00-0E-84-00
[02:57:41:968][HID_TX]00-80-13-95-A9-50-41-06-05-0D-00-25-34-12-5A-5A-01-00-00-00-F0-00-00-00-00-00-00-00-00-00-00-00-00-00-00-00-00-00-00-00-00-00-00-00-00-00-00-00-00-00-00-00-00-00-00-00-00-00-00-00-00-00-00-00-00
[02:57:41:971]HidD_GetInputReport=True
[02:57:41:971]reply_report=00-4F-00-00-00-00-00-00-00-00-00-00-00-00-00-00-00-00-00-00-00-00-00-00-00-00-00-00-00-00-00-00-00-00-00-00-00-00-00-00-00-00-00-00-00-00-00-00-00-00-00-00-00-00-00-00-00-00-00-00-00-00-00-00-00
[02:57:41:971]50-41-06-05-0D-00-25-34-12-5A-5A-01-00-00-00-F0-00-00-00 [CMD_SENT][OTA_CMD_IOCTL][READ_MAX_LEN]
[02:57:41:992][HID_TX_ack]00-11-50-49-01-C7-05-6B-00-00-07-00-06-85-00-F0-00-00-00-00-00-00-00-02-00-E0-00-00-32-00-00-00-00-00-00-00-00-00-00-00-00-00-00-00-00-00-00-00-00-00-00-00-00-00-00-00-00-00-00-00-00-00-00-00-00
[02:57:41:992]50-49-01-C7-05-6B-00-00-07-00-06-85-00-F0-00-00-00
[02:57:41:992][HID_TX]00-80-06-C4-92-50-41-0E-06-01-E0-00-00-00-00-00-00-00-00-00-00-00-00-00-00-00-00-00-00-00-00-00-00-00-00-00-00-00-00-00-00-00-00-00-00-00-00-00-00-00-00-00-00-00-00-00-00-00-00-00-00-00-00-00-00
[02:57:41:994]HidD_GetInputReport=True
[02:57:41:994]reply_report=00-4F-00-00-00-00-00-00-00-00-00-00-00-00-00-00-00-00-00-00-00-00-00-00-00-00-00-00-00-00-00-00-00-00-00-00-00-00-00-00-00-00-00-00-00-00-00-00-00-00-00-00-00-00-00-00-00-00-00-00-00-00-00-00-00
[02:57:41:994]50-41-0E-06-01-E0 [CMD_SENT][REMOTE_GET_MODE]
[02:57:41:996][HID_TX_ack]00-19-50-49-01-C0-4B-3C-00-00-03-00-0E-86-00-50-49-0E-C8-00-00-00-00-02-00-E0-01-00-32-00-00-00-00-00-00-00-00-00-00-00-00-00-00-00-00-00-00-00-00-00-00-00-00-00-00-00-00-00-00-00-00-00-00-00-00
[02:57:41:996]50-49-01-C0-4B-3C-00-00-03-00-0E-86-00
[02:57:41:996]50-49-0E-C8-00-00-00-00-02-00-E0-01-
[02:57:41:997]REMOTE_GET_MODE=01
[02:57:42:001][HID_TX]00-80-15-BE-1C-50-41-02-07-10-74-72-61-63-65-72-20-6E-76-64-73-72-20-32-33-36-00-00-00-00-00-00-00-00-00-00-00-00-00-00-00-00-00-00-00-00-00-00-00-00-00-00-00-00-00-00-00-00-00-00-00-00-00-00-00
[02:57:42:002]HidD_GetInputReport=True
[02:57:42:002]reply_report=00-4F-00-00-00-00-00-00-00-00-00-00-00-00-00-00-00-00-00-00-00-00-00-00-00-00-00-00-00-00-00-00-00-00-00-00-00-00-00-00-00-00-00-00-00-00-00-00-00-00-00-00-00-00-00-00-00-00-00-00-00-00-00-00-00
[02:57:42:002]50-41-02-07-10-74-72-61-63-65-72-20-6E-76-64-73-72-20-32-33-36 [CMD_SENT][write_tracer][tracer nvdsr 236]
[02:57:42:010][HID_TX_ack]00-27-50-49-01-C9-13-6B-00-00-1D-00-02-07-2D-2D-2D-2D-2D-2D-2D-2D-4E-56-44-53-20-52-65-61-64-20-46-69-6C-65-5B-32-33-36-5D-00-00-00-00-00-00-00-00-00-00-00-00-00-00-00-00-00-00-00-00-00-00-00-00
[02:57:42:010]50-49-01-C9-13-6B-00-00-1D-00-02-07-2D-2D-2D-2D-2D-2D-2D-2D-4E-56-44-53-20-52-65-61-64-20-46-69-6C-65-5B-32-33-36-5D
[02:57:42:019][HID_TX_ack]00-2F-50-49-01-CA-19-6B-00-00-25-00-02-07-56-5B-30-5D-53-5B-31-35-5D-44-5B-30-31-20-30-30-20-30-30-20-30-30-20-30-30-20-30-30-20-30-30-20-30-31-5D-00-00-00-00-00-00-00-00-00-00-00-00-00-00-00-00
[02:57:42:019]50-49-01-CA-19-6B-00-00-25-00-02-07-56-5B-30-5D-53-5B-31-35-5D-44-5B-30-31-20-30-30-20-30-30-20-30-30-20-30-30-20-30-30-20-30-30-20-30-31-5D
[02:57:42:085][HID_TX_ack]00-0C-50-49-01-CB-1A-6B-00-00-02-00-02-87-56-5B-30-5D-53-5B-31-35-5D-44-5B-30-31-20-30-30-20-30-30-20-30-30-20-30-30-20-30-30-20-30-30-20-30-31-5D-00-00-00-00-00-00-00-00-00-00-00-00-00-00-00-00
[02:57:42:085]50-49-01-CB-1A-6B-00-00-02-00-02-87-
[02:57:42:085][write_tracer_result]
[02:57:42:085][write_tracer_result]--------NVDS Read File[236]V[0]S[15]D[01 00 00 00 00 00 00 01]
[02:57:42:085]rep1=--------NVDS Read File[236]V[0]S[15]D[01 00 00 00 00 00 00 01]
[02:57:42:085]rep2=]V[0]S[15]D[01 00 00 00 00 00 00 01]
[02:57:42:086][HID_TX]00-80-15-CA-4C-50-41-02-08-10-74-72-61-63-65-72-20-6E-76-64-73-72-20-32-33-36-00-00-00-00-00-00-00-00-00-00-00-00-00-00-00-00-00-00-00-00-00-00-00-00-00-00-00-00-00-00-00-00-00-00-00-00-00-00-00
[02:57:42:087]HidD_GetInputReport=True
[02:57:42:087]reply_report=00-4F-00-00-00-00-00-00-00-00-00-00-00-00-00-00-00-00-00-00-00-00-00-00-00-00-00-00-00-00-00-00-00-00-00-00-00-00-00-00-00-00-00-00-00-00-00-00-00-00-00-00-00-00-00-00-00-00-00-00-00-00-00-00-00
[02:57:42:087]50-41-02-08-10-74-72-61-63-65-72-20-6E-76-64-73-72-20-32-33-36 [CMD_SENT][write_tracer][tracer nvdsr 236]
[02:57:42:114][HID_TX_ack]00-3F-50-49-01-CC-64-6B-00-00-1D-00-02-08-2D-2D-2D-2D-2D-2D-2D-2D-4E-56-44-53-20-52-65-61-64-20-46-69-6C-65-5B-32-33-36-5D-50-49-01-CD-64-6B-00-00-25-00-02-08-56-5B-30-5D-53-5B-31-35-5D-44-5B-30
[02:57:42:114]50-49-01-CC-64-6B-00-00-1D-00-02-08-2D-2D-2D-2D-2D-2D-2D-2D-4E-56-44-53-20-52-65-61-64-20-46-69-6C-65-5B-32-33-36-5D
[02:57:42:117][HID_TX_ack]00-17-31-20-30-30-20-30-30-20-30-30-20-30-30-20-30-30-20-30-30-20-30-31-5D-53-20-52-65-61-64-20-46-69-6C-65-5B-32-33-36-5D-50-49-01-CD-64-6B-00-00-25-00-02-08-56-5B-30-5D-53-5B-31-35-5D-44-5B-30
[02:57:42:117]50-49-01-CD-64-6B-00-00-25-00-02-08-56-5B-30-5D-53-5B-31-35-5D-44-5B-30-31-20-30-30-20-30-30-20-30-30-20-30-30-20-30-30-20-30-30-20-30-31-5D
[02:57:42:172][HID_TX_ack]00-0C-50-49-01-CE-64-6B-00-00-02-00-02-88-30-20-30-30-20-30-30-20-30-31-5D-53-20-52-65-61-64-20-46-69-6C-65-5B-32-33-36-5D-50-49-01-CD-64-6B-00-00-25-00-02-08-56-5B-30-5D-53-5B-31-35-5D-44-5B-30
[02:57:42:172]50-49-01-CE-64-6B-00-00-02-00-02-88-
[02:57:42:172][write_tracer_result]
[02:57:42:172][write_tracer_result]--------NVDS Read File[236]V[0]S[15]D[01 00 00 00 00 00 00 01]
[02:57:42:172]rep1=--------NVDS Read File[236]V[0]S[15]D[01 00 00 00 00 00 00 01]
[02:57:42:172]rep2=]V[0]S[15]D[01 00 00 00 00 00 00 01]
[02:57:42:172][HID_TX]00-80-3C-75-B3-50-41-02-09-4F-74-72-61-63-65-72-20-6E-76-64-73-77-20-32-33-36-20-30-78-31-34-20-31-20-30-78-30-20-30-78-30-20-30-78-30-20-30-78-30-20-30-78-30-20-30-78-30-20-30-20-30-20-30-20-30
[02:57:42:174]HidD_GetInputReport=True
[02:57:42:174]reply_report=00-4F-00-00-00-00-00-00-00-00-00-00-00-00-00-00-00-00-00-00-00-00-00-00-00-00-00-00-00-00-00-00-00-00-00-00-00-00-00-00-00-00-00-00-00-00-00-00-00-00-00-00-00-00-00-00-00-00-00-00-00-00-00-00-00
[02:57:42:174][HID_TX]00-80-18-04-35-20-30-20-30-78-31-30-20-30-20-30-20-30-78-30-44-20-30-20-30-20-30-20-30-00-00-00-00-00-00-00-00-00-00-00-00-00-00-00-00-00-00-00-00-00-00-00-00-00-00-00-00-00-00-00-00-00-00-00-00
[02:57:42:176]HidD_GetInputReport=True
[02:57:42:176]reply_report=00-4F-00-00-00-00-00-00-00-00-00-00-00-00-00-00-00-00-00-00-00-00-00-00-00-00-00-00-00-00-00-00-00-00-00-00-00-00-00-00-00-00-00-00-00-00-00-00-00-00-00-00-00-00-00-00-00-00-00-00-00-00-00-00-00
[02:57:42:176]50-41-02-09-4F-74-72-61-63-65-72-20-6E-76-64-73-77-20-32-33-36-20-30-78-31-34-20-31-20-30-78-30-20-30-78-30-20-30-78-30-20-30-78-30-20-30-78-30-20-30-78-30-20-30-20-30-20-30-20-30-20-30-20-30-78-31-30-20-30-20-30-20-30-78-30-44-20-30-20-30-20-30-20-30 [CMD_SENT][write_tracer][tracer nvdsw 236 0x14 1 0x0 0x0 0x0 0x0 0x0 0x0 0 0 0 0 0 0x10 0 0 0x0D 0 0 0 0]
[02:57:42:205][HID_TX_ack]00-31-50-49-01-CF-AC-6B-00-00-27-00-02-09-2D-2D-2D-2D-2D-2D-2D-2D-4E-56-44-53-20-57-72-69-74-65-20-46-69-6C-65-5B-32-33-36-5D-56-5B-30-5D-53-5B-32-30-5D-02-08-56-5B-30-5D-53-5B-31-35-5D-44-5B-30
[02:57:42:205]50-49-01-CF-AC-6B-00-00-27-00-02-09-2D-2D-2D-2D-2D-2D-2D-2D-4E-56-44-53-20-57-72-69-74-65-20-46-69-6C-65-5B-32-33-36-5D-56-5B-30-5D-53-5B-32-30-5D
[02:57:42:211][HID_TX_ack]00-1A-50-49-01-D0-B3-6B-00-00-10-00-02-09-4E-56-44-53-20-69-73-20-64-6F-6E-65-20-30-72-69-74-65-20-46-69-6C-65-5B-32-33-36-5D-56-5B-30-5D-53-5B-32-30-5D-02-08-56-5B-30-5D-53-5B-31-35-5D-44-5B-30
[02:57:42:211]50-49-01-D0-B3-6B-00-00-10-00-02-09-4E-56-44-53-20-69-73-20-64-6F-6E-65-20-30
[02:57:42:277][HID_TX_ack]00-0C-50-49-01-D1-B3-6B-00-00-02-00-02-89-4E-56-44-53-20-69-73-20-64-6F-6E-65-20-30-72-69-74-65-20-46-69-6C-65-5B-32-33-36-5D-56-5B-30-5D-53-5B-32-30-5D-02-08-56-5B-30-5D-53-5B-31-35-5D-44-5B-30
[02:57:42:277]50-49-01-D1-B3-6B-00-00-02-00-02-89-
[02:57:42:277][write_tracer_result]
[02:57:42:277][write_tracer_result]--------NVDS Write File[236]V[0]S[20]NVDS is done 0
[02:57:43:290][HID_TX]00-80-07-3E-86-50-41-0E-0A-02-E1-00-00-00-00-00-00-00-00-00-00-00-00-00-00-00-00-00-00-00-00-00-00-00-00-00-00-00-00-00-00-00-00-00-00-00-00-00-00-00-00-00-00-00-00-00-00-00-00-00-00-00-00-00-00
[02:57:43:292]HidD_GetInputReport=True
[02:57:43:292]reply_report=00-4F-00-00-00-00-00-00-00-00-00-00-00-00-00-00-00-00-00-00-00-00-00-00-00-00-00-00-00-00-00-00-00-00-00-00-00-00-00-00-00-00-00-00-00-00-00-00-00-00-00-00-00-00-00-00-00-00-00-00-00-00-00-00-00
[02:57:43:292]50-41-0E-0A-02-E1-00 [CMD_SENT][REMOTE_SET_MODE] is_remote=False
[02:57:43:294][HID_TX_ack]00-0D-50-49-01-C0-59-40-00-00-03-00-0E-8A-00-56-44-53-20-69-73-20-64-6F-6E-65-20-30-72-69-74-65-20-46-69-6C-65-5B-32-33-36-5D-56-5B-30-5D-53-5B-32-30-5D-02-08-56-5B-30-5D-53-5B-31-35-5D-44-5B-30
[02:57:43:294]50-49-01-C0-59-40-00-00-03-00-0E-8A-00
[02:57:43:296]ystech_Power_Saving, is_EnablePowerSaving=True
[02:57:43:296][HID_TX]00-85-01-73-56-02-00-00-00-00-00-00-00-00-00-00-00-00-00-00-00-00-00-00-00-00-00-00-00-00-00-00-00-00-00-00-00-00-00-00-00-00-00-00-00-00-00-00-00-00-00-00-00-00-00-00-00-00-00-00-00-00-00-00-00
[02:57:43:297]HidD_GetInputReport=True
[02:57:43:297]reply_report=00-4F-00-00-00-00-00-00-00-00-00-00-00-00-00-00-00-00-00-00-00-00-00-00-00-00-00-00-00-00-00-00-00-00-00-00-00-00-00-00-00-00-00-00-00-00-00-00-00-00-00-00-00-00-00-00-00-00-00-00-00-00-00-00-00
[02:57:43:298]HID_CMD_POWER_SAVING_Enable
[02:57:43:298]close_hid_stream
[02:57:43:298]close_hid_handle
