[02:53:24:078]\\?\hid#dell09c2&col02#5&bc4dc33&0&0001#{4d1e55b2-f16f-11cf-88cb-001111000030}
[02:53:24:078]\\?\hid#dell09c2&col03#5&bc4dc33&0&0002#{4d1e55b2-f16f-11cf-88cb-001111000030}
[02:53:24:078]\\?\hid#intc816&col01#3&207f9b7f&0&0000#{4d1e55b2-f16f-11cf-88cb-001111000030}
[02:53:24:078]\\?\hid#intc816&col02#3&207f9b7f&0&0001#{4d1e55b2-f16f-11cf-88cb-001111000030}
[02:53:24:078]\\?\hid#converteddevice&col02#5&17bac0a6&0&0001#{4d1e55b2-f16f-11cf-88cb-001111000030}
[02:53:24:078]\\?\hid#converteddevice&col03#5&17bac0a6&0&0002#{4d1e55b2-f16f-11cf-88cb-001111000030}
[02:53:24:078]\\?\hid#dell09c2&col04#5&bc4dc33&0&0003#{4d1e55b2-f16f-11cf-88cb-001111000030}
[02:53:24:078]\\?\hid#{00001812-0000-1000-8000-00805f9b34fb}_dev_vid&0232c2_pid&0001_rev&0068_ccb624cd66b1#9&326e3aae&0&0000#{4d1e55b2-f16f-11cf-88cb-001111000030}
[02:53:24:078]\\?\hid#dell09c2&col05#5&bc4dc33&0&0004#{4d1e55b2-f16f-11cf-88cb-001111000030}
[02:53:24:078]\\?\hid#converteddevice&col01#5&17bac0a6&0&0000#{4d1e55b2-f16f-11cf-88cb-001111000030}\kbd
[02:53:24:078]\\?\hid#dell09c2&col01#5&bc4dc33&0&0000#{4d1e55b2-f16f-11cf-88cb-001111000030}
[02:53:24:078]\\?\hid#vid_046d&pid_0adf&mi_00#7&3ad8dff3&0&0000#{4d1e55b2-f16f-11cf-88cb-001111000030}
[02:53:24:078]\\?\hid#vid_046d&pid_0adf&mi_04#7&18e94d0e&0&0000#{4d1e55b2-f16f-11cf-88cb-001111000030}
[02:53:24:080]try_path=\\?\hid#vid_046d&pid_0adf&mi_00#7&3ad8dff3&0&0000#{4d1e55b2-f16f-11cf-88cb-001111000030}
[02:53:24:081]	InputReportByteLength=65
[02:53:24:081]	OutputReportByteLength=65
[02:53:24:081]HID_Connected=\\?\hid#vid_046d&pid_0adf&mi_00#7&3ad8dff3&0&0000#{4d1e55b2-f16f-11cf-88cb-001111000030}
[02:53:24:082][HID_TX]00-84-01-D1-55-01-00-00-00-00-00-00-00-00-00-00-00-00-00-00-00-00-00-00-00-00-00-00-00-00-00-00-00-00-00-00-00-00-00-00-00-00-00-00-00-00-00-00-00-00-00-00-00-00-00-00-00-00-00-00-00-00-00-00-00
[02:53:24:084]HidD_GetInputReport=True
[02:53:24:084]reply_report=00-4F-56-31-2E-38-2E-35-2E-31-00-00-00-00-00-00-00-00-00-00-00-00-00-00-00-00-00-00-00-00-00-00-00-00-00-00-00-00-00-00-00-00-00-00-00-00-00-00-00-00-00-00-00-00-00-00-00-00-00-00-00-00-00-00-00
[02:53:24:084][ys_tech] fw_version=V1.8.5.1
[02:53:24:085]ystech_Power_Saving, is_EnablePowerSaving=False
[02:53:24:085][HID_TX]00-85-01-83-8B-01-00-00-00-00-00-00-00-00-00-00-00-00-00-00-00-00-00-00-00-00-00-00-00-00-00-00-00-00-00-00-00-00-00-00-00-00-00-00-00-00-00-00-00-00-00-00-00-00-00-00-00-00-00-00-00-00-00-00-00
[02:53:24:087]HidD_GetInputReport=True
[02:53:24:087]reply_report=00-46-00-00-00-00-00-00-00-00-00-00-00-00-00-00-00-00-00-00-00-00-00-00-00-00-00-00-00-00-00-00-00-00-00-00-00-00-00-00-00-00-00-00-00-00-00-00-00-00-00-00-00-00-00-00-00-00-00-00-00-00-00-00-00
[02:53:24:100][Response Fail][System.Exception]
[02:53:24:106]   at ..(Boolean  )
   at ..(Byte  , Byte[]  )
[02:53:24:161]_ystech_retry_count=1
[02:53:24:161][HID_TX]00-85-01-83-8B-01-00-00-00-00-00-00-00-00-00-00-00-00-00-00-00-00-00-00-00-00-00-00-00-00-00-00-00-00-00-00-00-00-00-00-00-00-00-00-00-00-00-00-00-00-00-00-00-00-00-00-00-00-00-00-00-00-00-00-00
[02:53:24:162]HidD_GetInputReport=True
[02:53:24:162]reply_report=00-4F-00-00-00-00-00-00-00-00-00-00-00-00-00-00-00-00-00-00-00-00-00-00-00-00-00-00-00-00-00-00-00-00-00-00-00-00-00-00-00-00-00-00-00-00-00-00-00-00-00-00-00-00-00-00-00-00-00-00-00-00-00-00-00
[02:53:24:162]HID_CMD_POWER_SAVING_Disable
[02:53:24:162]path_connected=\\?\hid#vid_046d&pid_0adf&mi_00#7&3ad8dff3&0&0000#{4d1e55b2-f16f-11cf-88cb-001111000030}
[02:53:36:461][HID_TX]00-80-06-1C-7D-50-41-0E-01-01-E0-00-00-00-00-00-00-00-00-00-00-00-00-00-00-00-00-00-00-00-00-00-00-00-00-00-00-00-00-00-00-00-00-00-00-00-00-00-00-00-00-00-00-00-00-00-00-00-00-00-00-00-00-00-00
[02:53:36:462]HidD_GetInputReport=True
[02:53:36:462]reply_report=00-4F-00-00-00-00-00-00-00-00-00-00-00-00-00-00-00-00-00-00-00-00-00-00-00-00-00-00-00-00-00-00-00-00-00-00-00-00-00-00-00-00-00-00-00-00-00-00-00-00-00-00-00-00-00-00-00-00-00-00-00-00-00-00-00
[02:53:36:462]50-41-0E-01-01-E0 [CMD_SENT][REMOTE_GET_MODE]
[02:53:36:467][HID_TX_ack]00-19-50-49-01-C0-99-5F-00-00-03-00-0E-81-00-50-49-0E-C5-00-00-00-00-02-00-E0-00-00-32-00-00-00-00-00-00-00-00-00-00-00-00-00-00-00-00-00-00-00-00-00-00-00-00-00-00-00-00-00-00-00-00-00-00-00-00
[02:53:36:479]REMOTE_GET_MODE=00
[02:53:36:479]50-49-01-C0-99-5F-00-00-03-00-0E-81-00
[02:53:36:479]50-49-0E-C5-00-00-00-00-02-00-E0-00-
[02:53:36:480][HID_TX]00-80-08-08-E6-50-41-06-02-02-00-43-01-00-00-00-00-00-00-00-00-00-00-00-00-00-00-00-00-00-00-00-00-00-00-00-00-00-00-00-00-00-00-00-00-00-00-00-00-00-00-00-00-00-00-00-00-00-00-00-00-00-00-00-00
[02:53:36:481]HidD_GetInputReport=True
[02:53:36:481]reply_report=00-4F-00-00-00-00-00-00-00-00-00-00-00-00-00-00-00-00-00-00-00-00-00-00-00-00-00-00-00-00-00-00-00-00-00-00-00-00-00-00-00-00-00-00-00-00-00-00-00-00-00-00-00-00-00-00-00-00-00-00-00-00-00-00-00
[02:53:36:481]50-41-06-02-02-00-43-01 [CMD_SENT][CMD_READ_MP_DATA_BY_ID]
[02:53:36:483][HID_TX_ack]00-13-50-49-01-C0-A7-5F-00-00-09-00-06-82-00-56-34-12-AA-CB-89-00-00-02-00-E0-00-00-32-00-00-00-00-00-00-00-00-00-00-00-00-00-00-00-00-00-00-00-00-00-00-00-00-00-00-00-00-00-00-00-00-00-00-00-00
[02:53:36:483]50-49-01-C0-A7-5F-00-00-09-00-06-82-00-56-34-12-AA-CB-89
[02:55:07:438][HID_TX]00-80-06-F7-52-50-41-0E-03-01-E0-00-00-00-00-00-00-00-00-00-00-00-00-00-00-00-00-00-00-00-00-00-00-00-00-00-00-00-00-00-00-00-00-00-00-00-00-00-00-00-00-00-00-00-00-00-00-00-00-00-00-00-00-00-00
[02:55:07:440]HidD_GetInputReport=True
[02:55:07:440]reply_report=00-4F-00-00-00-00-00-00-00-00-00-00-00-00-00-00-00-00-00-00-00-00-00-00-00-00-00-00-00-00-00-00-00-00-00-00-00-00-00-00-00-00-00-00-00-00-00-00-00-00-00-00-00-00-00-00-00-00-00-00-00-00-00-00-00
[02:55:07:440]50-41-0E-03-01-E0 [CMD_SENT][REMOTE_GET_MODE]
[02:55:07:442][HID_TX_ack]00-19-50-49-01-C0-E6-7B-01-00-03-00-0E-83-00-50-49-0E-C6-00-00-00-00-02-00-E0-00-00-32-00-00-00-00-00-00-00-00-00-00-00-00-00-00-00-00-00-00-00-00-00-00-00-00-00-00-00-00-00-00-00-00-00-00-00-00
[02:55:07:443]50-49-01-C0-E6-7B-01-00-03-00-0E-83-00
[02:55:07:443]50-49-0E-C6-00-00-00-00-02-00-E0-00-
[02:55:07:443]REMOTE_GET_MODE=00
[02:55:07:444][HID_TX]00-80-07-C8-D5-50-41-0E-04-02-E1-01-00-00-00-00-00-00-00-00-00-00-00-00-00-00-00-00-00-00-00-00-00-00-00-00-00-00-00-00-00-00-00-00-00-00-00-00-00-00-00-00-00-00-00-00-00-00-00-00-00-00-00-00-00
[02:55:07:446]HidD_GetInputReport=True
[02:55:07:446]reply_report=00-4F-00-00-00-00-00-00-00-00-00-00-00-00-00-00-00-00-00-00-00-00-00-00-00-00-00-00-00-00-00-00-00-00-00-00-00-00-00-00-00-00-00-00-00-00-00-00-00-00-00-00-00-00-00-00-00-00-00-00-00-00-00-00-00
[02:55:07:446]50-41-0E-04-02-E1-01 [CMD_SENT][REMOTE_SET_MODE] is_remote=True
[02:55:07:448][HID_TX_ack]00-0D-50-49-01-C0-EB-7B-01-00-03-00-0E-84-00-50-49-0E-C6-00-00-00-00-02-00-E0-00-00-32-00-00-00-00-00-00-00-00-00-00-00-00-00-00-00-00-00-00-00-00-00-00-00-00-00-00-00-00-00-00-00-00-00-00-00-00
[02:55:07:449]50-49-01-C0-EB-7B-01-00-03-00-0E-84-00
[02:55:07:450][HID_TX]00-80-13-95-A9-50-41-06-05-0D-00-25-34-12-5A-5A-01-00-00-00-F0-00-00-00-00-00-00-00-00-00-00-00-00-00-00-00-00-00-00-00-00-00-00-00-00-00-00-00-00-00-00-00-00-00-00-00-00-00-00-00-00-00-00-00-00
[02:55:07:452]HidD_GetInputReport=True
[02:55:07:452]reply_report=00-4F-00-00-00-00-00-00-00-00-00-00-00-00-00-00-00-00-00-00-00-00-00-00-00-00-00-00-00-00-00-00-00-00-00-00-00-00-00-00-00-00-00-00-00-00-00-00-00-00-00-00-00-00-00-00-00-00-00-00-00-00-00-00-00
[02:55:07:452]50-41-06-05-0D-00-25-34-12-5A-5A-01-00-00-00-F0-00-00-00 [CMD_SENT][OTA_CMD_IOCTL][READ_MAX_LEN]
[02:55:07:476][HID_TX_ack]00-11-50-49-01-C7-E3-58-07-00-07-00-06-85-00-F0-00-00-00-00-00-00-00-02-00-E0-00-00-32-00-00-00-00-00-00-00-00-00-00-00-00-00-00-00-00-00-00-00-00-00-00-00-00-00-00-00-00-00-00-00-00-00-00-00-00
[02:55:07:476]50-49-01-C7-E3-58-07-00-07-00-06-85-00-F0-00-00-00
[02:55:07:476][HID_TX]00-80-06-C4-92-50-41-0E-06-01-E0-00-00-00-00-00-00-00-00-00-00-00-00-00-00-00-00-00-00-00-00-00-00-00-00-00-00-00-00-00-00-00-00-00-00-00-00-00-00-00-00-00-00-00-00-00-00-00-00-00-00-00-00-00-00
[02:55:07:478]HidD_GetInputReport=True
[02:55:07:478]reply_report=00-4F-00-00-00-00-00-00-00-00-00-00-00-00-00-00-00-00-00-00-00-00-00-00-00-00-00-00-00-00-00-00-00-00-00-00-00-00-00-00-00-00-00-00-00-00-00-00-00-00-00-00-00-00-00-00-00-00-00-00-00-00-00-00-00
[02:55:07:478]50-41-0E-06-01-E0 [CMD_SENT][REMOTE_GET_MODE]
[02:55:07:480][HID_TX_ack]00-19-50-49-01-C0-05-7C-01-00-03-00-0E-86-00-50-49-0E-C8-00-00-00-00-02-00-E0-01-00-32-00-00-00-00-00-00-00-00-00-00-00-00-00-00-00-00-00-00-00-00-00-00-00-00-00-00-00-00-00-00-00-00-00-00-00-00
[02:55:07:480]50-49-01-C0-05-7C-01-00-03-00-0E-86-00
[02:55:07:480]50-49-0E-C8-00-00-00-00-02-00-E0-01-
[02:55:07:480]REMOTE_GET_MODE=01
[02:55:07:485][HID_TX]00-80-15-BE-1C-50-41-02-07-10-74-72-61-63-65-72-20-6E-76-64-73-72-20-32-33-36-00-00-00-00-00-00-00-00-00-00-00-00-00-00-00-00-00-00-00-00-00-00-00-00-00-00-00-00-00-00-00-00-00-00-00-00-00-00-00
[02:55:07:487]HidD_GetInputReport=True
[02:55:07:487]reply_report=00-4F-00-00-00-00-00-00-00-00-00-00-00-00-00-00-00-00-00-00-00-00-00-00-00-00-00-00-00-00-00-00-00-00-00-00-00-00-00-00-00-00-00-00-00-00-00-00-00-00-00-00-00-00-00-00-00-00-00-00-00-00-00-00-00
[02:55:07:487]50-41-02-07-10-74-72-61-63-65-72-20-6E-76-64-73-72-20-32-33-36 [CMD_SENT][write_tracer][tracer nvdsr 236]
[02:55:07:496][HID_TX_ack]00-27-50-49-01-C9-F3-58-07-00-1D-00-02-07-2D-2D-2D-2D-2D-2D-2D-2D-4E-56-44-53-20-52-65-61-64-20-46-69-6C-65-5B-32-33-36-5D-00-00-00-00-00-00-00-00-00-00-00-00-00-00-00-00-00-00-00-00-00-00-00-00
[02:55:07:496]50-49-01-C9-F3-58-07-00-1D-00-02-07-2D-2D-2D-2D-2D-2D-2D-2D-4E-56-44-53-20-52-65-61-64-20-46-69-6C-65-5B-32-33-36-5D
[02:55:07:504][HID_TX_ack]00-2F-50-49-01-CA-FA-58-07-00-25-00-02-07-56-5B-30-5D-53-5B-31-35-5D-44-5B-30-30-20-30-30-20-30-30-20-30-30-20-30-30-20-30-30-20-30-30-20-30-31-5D-00-00-00-00-00-00-00-00-00-00-00-00-00-00-00-00
[02:55:07:504]50-49-01-CA-FA-58-07-00-25-00-02-07-56-5B-30-5D-53-5B-31-35-5D-44-5B-30-30-20-30-30-20-30-30-20-30-30-20-30-30-20-30-30-20-30-30-20-30-31-5D
[02:55:07:568][HID_TX_ack]00-0C-50-49-01-CB-FA-58-07-00-02-00-02-87-56-5B-30-5D-53-5B-31-35-5D-44-5B-30-30-20-30-30-20-30-30-20-30-30-20-30-30-20-30-30-20-30-30-20-30-31-5D-00-00-00-00-00-00-00-00-00-00-00-00-00-00-00-00
[02:55:07:568]50-49-01-CB-FA-58-07-00-02-00-02-87-
[02:55:07:568][write_tracer_result]
[02:55:07:569][write_tracer_result]--------NVDS Read File[236]V[0]S[15]D[00 00 00 00 00 00 00 01]
[02:55:07:569]rep1=--------NVDS Read File[236]V[0]S[15]D[00 00 00 00 00 00 00 01]
[02:55:07:569]rep2=]V[0]S[15]D[00 00 00 00 00 00 00 01]
[02:55:07:571][HID_TX]00-80-15-CA-4C-50-41-02-08-10-74-72-61-63-65-72-20-6E-76-64-73-72-20-32-33-36-00-00-00-00-00-00-00-00-00-00-00-00-00-00-00-00-00-00-00-00-00-00-00-00-00-00-00-00-00-00-00-00-00-00-00-00-00-00-00
[02:55:07:574]HidD_GetInputReport=True
[02:55:07:574]reply_report=00-4F-00-00-00-00-00-00-00-00-00-00-00-00-00-00-00-00-00-00-00-00-00-00-00-00-00-00-00-00-00-00-00-00-00-00-00-00-00-00-00-00-00-00-00-00-00-00-00-00-00-00-00-00-00-00-00-00-00-00-00-00-00-00-00
[02:55:07:574]50-41-02-08-10-74-72-61-63-65-72-20-6E-76-64-73-72-20-32-33-36 [CMD_SENT][write_tracer][tracer nvdsr 236]
[02:55:07:598][HID_TX_ack]00-3F-50-49-01-CC-43-59-07-00-1D-00-02-08-2D-2D-2D-2D-2D-2D-2D-2D-4E-56-44-53-20-52-65-61-64-20-46-69-6C-65-5B-32-33-36-5D-50-49-01-CD-43-59-07-00-25-00-02-08-56-5B-30-5D-53-5B-31-35-5D-44-5B-30
[02:55:07:598]50-49-01-CC-43-59-07-00-1D-00-02-08-2D-2D-2D-2D-2D-2D-2D-2D-4E-56-44-53-20-52-65-61-64-20-46-69-6C-65-5B-32-33-36-5D
[02:55:07:601][HID_TX_ack]00-17-30-20-30-30-20-30-30-20-30-30-20-30-30-20-30-30-20-30-30-20-30-31-5D-53-20-52-65-61-64-20-46-69-6C-65-5B-32-33-36-5D-50-49-01-CD-43-59-07-00-25-00-02-08-56-5B-30-5D-53-5B-31-35-5D-44-5B-30
[02:55:07:601]50-49-01-CD-43-59-07-00-25-00-02-08-56-5B-30-5D-53-5B-31-35-5D-44-5B-30-30-20-30-30-20-30-30-20-30-30-20-30-30-20-30-30-20-30-30-20-30-31-5D
[02:55:07:657][HID_TX_ack]00-0C-50-49-01-CE-44-59-07-00-02-00-02-88-30-20-30-30-20-30-30-20-30-31-5D-53-20-52-65-61-64-20-46-69-6C-65-5B-32-33-36-5D-50-49-01-CD-43-59-07-00-25-00-02-08-56-5B-30-5D-53-5B-31-35-5D-44-5B-30
[02:55:07:657]50-49-01-CE-44-59-07-00-02-00-02-88-
[02:55:07:657][write_tracer_result]
[02:55:07:657][write_tracer_result]--------NVDS Read File[236]V[0]S[15]D[00 00 00 00 00 00 00 01]
[02:55:07:657]rep1=--------NVDS Read File[236]V[0]S[15]D[00 00 00 00 00 00 00 01]
[02:55:07:657]rep2=]V[0]S[15]D[00 00 00 00 00 00 00 01]
[02:55:07:657][HID_TX]00-80-3C-75-B3-50-41-02-09-4F-74-72-61-63-65-72-20-6E-76-64-73-77-20-32-33-36-20-30-78-31-34-20-31-20-30-78-30-20-30-78-30-20-30-78-30-20-30-78-30-20-30-78-30-20-30-78-30-20-30-20-30-20-30-20-30
[02:55:07:659]HidD_GetInputReport=True
[02:55:07:659]reply_report=00-4F-00-00-00-00-00-00-00-00-00-00-00-00-00-00-00-00-00-00-00-00-00-00-00-00-00-00-00-00-00-00-00-00-00-00-00-00-00-00-00-00-00-00-00-00-00-00-00-00-00-00-00-00-00-00-00-00-00-00-00-00-00-00-00
[02:55:07:659][HID_TX]00-80-18-04-35-20-30-20-30-78-31-30-20-30-20-30-20-30-78-30-44-20-30-20-30-20-30-20-30-00-00-00-00-00-00-00-00-00-00-00-00-00-00-00-00-00-00-00-00-00-00-00-00-00-00-00-00-00-00-00-00-00-00-00-00
[02:55:07:660]HidD_GetInputReport=True
[02:55:07:660]reply_report=00-4F-00-00-00-00-00-00-00-00-00-00-00-00-00-00-00-00-00-00-00-00-00-00-00-00-00-00-00-00-00-00-00-00-00-00-00-00-00-00-00-00-00-00-00-00-00-00-00-00-00-00-00-00-00-00-00-00-00-00-00-00-00-00-00
[02:55:07:660]50-41-02-09-4F-74-72-61-63-65-72-20-6E-76-64-73-77-20-32-33-36-20-30-78-31-34-20-31-20-30-78-30-20-30-78-30-20-30-78-30-20-30-78-30-20-30-78-30-20-30-78-30-20-30-20-30-20-30-20-30-20-30-20-30-78-31-30-20-30-20-30-20-30-78-30-44-20-30-20-30-20-30-20-30 [CMD_SENT][write_tracer][tracer nvdsw 236 0x14 1 0x0 0x0 0x0 0x0 0x0 0x0 0 0 0 0 0 0x10 0 0 0x0D 0 0 0 0]
[02:55:07:689][HID_TX_ack]00-31-50-49-01-CF-8B-59-07-00-27-00-02-09-2D-2D-2D-2D-2D-2D-2D-2D-4E-56-44-53-20-57-72-69-74-65-20-46-69-6C-65-5B-32-33-36-5D-56-5B-30-5D-53-5B-32-30-5D-02-08-56-5B-30-5D-53-5B-31-35-5D-44-5B-30
[02:55:07:689]50-49-01-CF-8B-59-07-00-27-00-02-09-2D-2D-2D-2D-2D-2D-2D-2D-4E-56-44-53-20-57-72-69-74-65-20-46-69-6C-65-5B-32-33-36-5D-56-5B-30-5D-53-5B-32-30-5D
[02:55:07:694][HID_TX_ack]00-1A-50-49-01-D0-92-59-07-00-10-00-02-09-4E-56-44-53-20-69-73-20-64-6F-6E-65-20-30-72-69-74-65-20-46-69-6C-65-5B-32-33-36-5D-56-5B-30-5D-53-5B-32-30-5D-02-08-56-5B-30-5D-53-5B-31-35-5D-44-5B-30
[02:55:07:694]50-49-01-D0-92-59-07-00-10-00-02-09-4E-56-44-53-20-69-73-20-64-6F-6E-65-20-30
[02:55:07:761][HID_TX_ack]00-0C-50-49-01-D1-93-59-07-00-02-00-02-89-4E-56-44-53-20-69-73-20-64-6F-6E-65-20-30-72-69-74-65-20-46-69-6C-65-5B-32-33-36-5D-56-5B-30-5D-53-5B-32-30-5D-02-08-56-5B-30-5D-53-5B-31-35-5D-44-5B-30
[02:55:07:762]50-49-01-D1-93-59-07-00-02-00-02-89-
[02:55:07:762][write_tracer_result]
[02:55:07:762][write_tracer_result]--------NVDS Write File[236]V[0]S[20]NVDS is done 0
[02:55:19:666][HID_TX]00-80-07-3E-86-50-41-0E-0A-02-E1-00-00-00-00-00-00-00-00-00-00-00-00-00-00-00-00-00-00-00-00-00-00-00-00-00-00-00-00-00-00-00-00-00-00-00-00-00-00-00-00-00-00-00-00-00-00-00-00-00-00-00-00-00-00
[02:55:19:667]HidD_GetInputReport=True
[02:55:19:667]reply_report=00-4F-00-00-00-00-00-00-00-00-00-00-00-00-00-00-00-00-00-00-00-00-00-00-00-00-00-00-00-00-00-00-00-00-00-00-00-00-00-00-00-00-00-00-00-00-00-00-00-00-00-00-00-00-00-00-00-00-00-00-00-00-00-00-00
[02:55:19:667]50-41-0E-0A-02-E1-00 [CMD_SENT][REMOTE_SET_MODE] is_remote=False
[02:55:19:670][HID_TX_ack]00-0D-50-49-01-C0-1D-A2-01-00-03-00-0E-8A-00-56-44-53-20-69-73-20-64-6F-6E-65-20-30-72-69-74-65-20-46-69-6C-65-5B-32-33-36-5D-56-5B-30-5D-53-5B-32-30-5D-02-08-56-5B-30-5D-53-5B-31-35-5D-44-5B-30
[02:55:19:670]50-49-01-C0-1D-A2-01-00-03-00-0E-8A-00
[02:55:19:671]ystech_Power_Saving, is_EnablePowerSaving=True
[02:55:19:671][HID_TX]00-85-01-73-56-02-00-00-00-00-00-00-00-00-00-00-00-00-00-00-00-00-00-00-00-00-00-00-00-00-00-00-00-00-00-00-00-00-00-00-00-00-00-00-00-00-00-00-00-00-00-00-00-00-00-00-00-00-00-00-00-00-00-00-00
[02:55:19:671]HidD_GetInputReport=True
[02:55:19:672]reply_report=00-4F-00-00-00-00-00-00-00-00-00-00-00-00-00-00-00-00-00-00-00-00-00-00-00-00-00-00-00-00-00-00-00-00-00-00-00-00-00-00-00-00-00-00-00-00-00-00-00-00-00-00-00-00-00-00-00-00-00-00-00-00-00-00-00
[02:55:19:672]HID_CMD_POWER_SAVING_Enable
[02:55:19:672]close_hid_stream
[02:55:19:672]close_hid_handle
