[15:27:41:086]\\?\hid#dell09c2&col02#5&bc4dc33&0&0001#{4d1e55b2-f16f-11cf-88cb-001111000030}
[15:27:41:086]\\?\hid#dell09c2&col03#5&bc4dc33&0&0002#{4d1e55b2-f16f-11cf-88cb-001111000030}
[15:27:41:086]\\?\hid#intc816&col01#3&207f9b7f&0&0000#{4d1e55b2-f16f-11cf-88cb-001111000030}
[15:27:41:087]\\?\hid#intc816&col02#3&207f9b7f&0&0001#{4d1e55b2-f16f-11cf-88cb-001111000030}
[15:27:41:087]\\?\hid#converteddevice&col02#5&17bac0a6&0&0001#{4d1e55b2-f16f-11cf-88cb-001111000030}
[15:27:41:087]\\?\hid#converteddevice&col03#5&17bac0a6&0&0002#{4d1e55b2-f16f-11cf-88cb-001111000030}
[15:27:41:087]\\?\hid#dell09c2&col04#5&bc4dc33&0&0003#{4d1e55b2-f16f-11cf-88cb-001111000030}
[15:27:41:087]\\?\hid#{00001812-0000-1000-8000-00805f9b34fb}_dev_vid&0232c2_pid&0001_rev&0068_ccb624cd66b1#9&326e3aae&0&0000#{4d1e55b2-f16f-11cf-88cb-001111000030}
[15:27:41:087]\\?\hid#dell09c2&col05#5&bc4dc33&0&0004#{4d1e55b2-f16f-11cf-88cb-001111000030}
[15:27:41:087]\\?\hid#converteddevice&col01#5&17bac0a6&0&0000#{4d1e55b2-f16f-11cf-88cb-001111000030}\kbd
[15:27:41:087]\\?\hid#dell09c2&col01#5&bc4dc33&0&0000#{4d1e55b2-f16f-11cf-88cb-001111000030}
[15:27:41:087]\\?\hid#vid_046d&pid_0adf&mi_00#7&3e7114f&0&0000#{4d1e55b2-f16f-11cf-88cb-001111000030}
[15:27:41:087]\\?\hid#vid_046d&pid_0adf&mi_04#7&31212da2&0&0000#{4d1e55b2-f16f-11cf-88cb-001111000030}
[15:27:41:090]try_path=\\?\hid#vid_046d&pid_0adf&mi_00#7&3e7114f&0&0000#{4d1e55b2-f16f-11cf-88cb-001111000030}
[15:27:41:091]	InputReportByteLength=65
[15:27:41:091]	OutputReportByteLength=65
[15:27:41:092]HID_Connected=\\?\hid#vid_046d&pid_0adf&mi_00#7&3e7114f&0&0000#{4d1e55b2-f16f-11cf-88cb-001111000030}
[15:27:41:093][HID_TX]00-84-01-D1-55-01-00-00-00-00-00-00-00-00-00-00-00-00-00-00-00-00-00-00-00-00-00-00-00-00-00-00-00-00-00-00-00-00-00-00-00-00-00-00-00-00-00-00-00-00-00-00-00-00-00-00-00-00-00-00-00-00-00-00-00
[15:27:41:094]HidD_GetInputReport=True
[15:27:41:094]reply_report=00-4F-56-31-2E-38-2E-35-2E-31-00-00-00-00-00-00-00-00-00-00-00-00-00-00-00-00-00-00-00-00-00-00-00-00-00-00-00-00-00-00-00-00-00-00-00-00-00-00-00-00-00-00-00-00-00-00-00-00-00-00-00-00-00-00-00
[15:27:41:094][ys_tech] fw_version=V1.8.5.1
[15:27:41:095]ystech_Power_Saving, is_EnablePowerSaving=False
[15:27:41:095][HID_TX]00-85-01-83-8B-01-00-00-00-00-00-00-00-00-00-00-00-00-00-00-00-00-00-00-00-00-00-00-00-00-00-00-00-00-00-00-00-00-00-00-00-00-00-00-00-00-00-00-00-00-00-00-00-00-00-00-00-00-00-00-00-00-00-00-00
[15:27:41:096]HidD_GetInputReport=True
[15:27:41:096]reply_report=00-4F-00-00-00-00-00-00-00-00-00-00-00-00-00-00-00-00-00-00-00-00-00-00-00-00-00-00-00-00-00-00-00-00-00-00-00-00-00-00-00-00-00-00-00-00-00-00-00-00-00-00-00-00-00-00-00-00-00-00-00-00-00-00-00
[15:27:41:096]HID_CMD_POWER_SAVING_Disable
[15:27:41:096]path_connected=\\?\hid#vid_046d&pid_0adf&mi_00#7&3e7114f&0&0000#{4d1e55b2-f16f-11cf-88cb-001111000030}
[15:27:42:284][HID_TX]00-80-06-1C-7D-50-41-0E-01-01-E0-00-00-00-00-00-00-00-00-00-00-00-00-00-00-00-00-00-00-00-00-00-00-00-00-00-00-00-00-00-00-00-00-00-00-00-00-00-00-00-00-00-00-00-00-00-00-00-00-00-00-00-00-00-00
[15:27:42:285]HidD_GetInputReport=True
[15:27:42:286]reply_report=00-4F-00-00-00-00-00-00-00-00-00-00-00-00-00-00-00-00-00-00-00-00-00-00-00-00-00-00-00-00-00-00-00-00-00-00-00-00-00-00-00-00-00-00-00-00-00-00-00-00-00-00-00-00-00-00-00-00-00-00-00-00-00-00-00
[15:27:42:286]50-41-0E-01-01-E0 [CMD_SENT][REMOTE_GET_MODE]
[15:27:42:290][HID_TX_ack]00-19-50-49-01-C0-AC-D8-04-00-03-00-0E-81-00-50-49-0E-CC-00-00-00-00-02-00-E0-01-17-32-50-49-01-C0-22-05-00-00-03-00-11-88-19-00-00-00-00-00-00-00-00-00-00-00-00-00-00-00-00-00-00-00-00-00-00-00
[15:27:42:294]REMOTE_GET_MODE=01
[15:27:42:294]50-49-01-C0-AC-D8-04-00-03-00-0E-81-00
[15:27:42:294]50-49-0E-CC-00-00-00-00-02-00-E0-01-
[15:27:42:295][HID_TX]00-80-07-1B-E1-50-41-06-02-01-00-63-00-00-00-00-00-00-00-00-00-00-00-00-00-00-00-00-00-00-00-00-00-00-00-00-00-00-00-00-00-00-00-00-00-00-00-00-00-00-00-00-00-00-00-00-00-00-00-00-00-00-00-00-00
[15:27:42:295]HidD_GetInputReport=True
[15:27:42:295]reply_report=00-4F-00-00-00-00-00-00-00-00-00-00-00-00-00-00-00-00-00-00-00-00-00-00-00-00-00-00-00-00-00-00-00-00-00-00-00-00-00-00-00-00-00-00-00-00-00-00-00-00-00-00-00-00-00-00-00-00-00-00-00-00-00-00-00
[15:27:42:295]50-41-06-02-01-00-63 [CMD_SENT][CMD_GET_IO_LEVEL]
[15:27:42:329][HID_TX_ack]00-12-50-49-01-CD-61-F2-04-00-08-00-06-82-00-01-FF-FF-1F-00-00-00-00-02-00-E0-01-17-32-50-49-01-C0-22-05-00-00-03-00-11-88-19-00-00-00-00-00-00-00-00-00-00-00-00-00-00-00-00-00-00-00-00-00-00-00
[15:27:42:329]50-49-01-CD-61-F2-04-00-08-00-06-82-00-01-FF-FF-1F-00
[15:27:42:652][HID_TX]00-80-06-F7-52-50-41-0E-03-01-E0-00-00-00-00-00-00-00-00-00-00-00-00-00-00-00-00-00-00-00-00-00-00-00-00-00-00-00-00-00-00-00-00-00-00-00-00-00-00-00-00-00-00-00-00-00-00-00-00-00-00-00-00-00-00
[15:27:42:653]HidD_GetInputReport=True
[15:27:42:653]reply_report=00-4F-00-00-00-00-00-00-00-00-00-00-00-00-00-00-00-00-00-00-00-00-00-00-00-00-00-00-00-00-00-00-00-00-00-00-00-00-00-00-00-00-00-00-00-00-00-00-00-00-00-00-00-00-00-00-00-00-00-00-00-00-00-00-00
[15:27:42:653]50-41-0E-03-01-E0 [CMD_SENT][REMOTE_GET_MODE]
[15:27:42:656][HID_TX_ack]00-19-50-49-01-C0-D1-D9-04-00-03-00-0E-83-00-50-49-0E-CE-00-00-00-00-02-00-E0-01-17-32-50-49-01-C0-22-05-00-00-03-00-11-88-19-00-00-00-00-00-00-00-00-00-00-00-00-00-00-00-00-00-00-00-00-00-00-00
[15:27:42:656]50-49-01-C0-D1-D9-04-00-03-00-0E-83-00
[15:27:42:656]50-49-0E-CE-00-00-00-00-02-00-E0-01-
[15:27:42:656]REMOTE_GET_MODE=01
[15:27:42:656][HID_TX]00-80-07-26-91-50-41-06-04-01-00-63-00-00-00-00-00-00-00-00-00-00-00-00-00-00-00-00-00-00-00-00-00-00-00-00-00-00-00-00-00-00-00-00-00-00-00-00-00-00-00-00-00-00-00-00-00-00-00-00-00-00-00-00-00
[15:27:42:657]HidD_GetInputReport=True
[15:27:42:657]reply_report=00-4F-00-00-00-00-00-00-00-00-00-00-00-00-00-00-00-00-00-00-00-00-00-00-00-00-00-00-00-00-00-00-00-00-00-00-00-00-00-00-00-00-00-00-00-00-00-00-00-00-00-00-00-00-00-00-00-00-00-00-00-00-00-00-00
[15:27:42:657]50-41-06-04-01-00-63 [CMD_SENT][CMD_GET_IO_LEVEL]
[15:27:42:689][HID_TX_ack]00-12-50-49-01-CF-71-F3-04-00-08-00-06-84-00-01-FF-FF-1F-00-00-00-00-02-00-E0-01-17-32-50-49-01-C0-22-05-00-00-03-00-11-88-19-00-00-00-00-00-00-00-00-00-00-00-00-00-00-00-00-00-00-00-00-00-00-00
[15:27:42:689]50-49-01-CF-71-F3-04-00-08-00-06-84-00-01-FF-FF-1F-00
[15:27:43:008][HID_TX]00-80-06-CA-22-50-41-0E-05-01-E0-00-00-00-00-00-00-00-00-00-00-00-00-00-00-00-00-00-00-00-00-00-00-00-00-00-00-00-00-00-00-00-00-00-00-00-00-00-00-00-00-00-00-00-00-00-00-00-00-00-00-00-00-00-00
[15:27:43:010]HidD_GetInputReport=True
[15:27:43:010]reply_report=00-4F-00-00-00-00-00-00-00-00-00-00-00-00-00-00-00-00-00-00-00-00-00-00-00-00-00-00-00-00-00-00-00-00-00-00-00-00-00-00-00-00-00-00-00-00-00-00-00-00-00-00-00-00-00-00-00-00-00-00-00-00-00-00-00
[15:27:43:010]50-41-0E-05-01-E0 [CMD_SENT][REMOTE_GET_MODE]
[15:27:43:012][HID_TX_ack]00-19-50-49-01-C0-EF-DA-04-00-03-00-0E-85-00-50-49-0E-D0-00-00-00-00-02-00-E0-01-17-32-50-49-01-C0-22-05-00-00-03-00-11-88-19-00-00-00-00-00-00-00-00-00-00-00-00-00-00-00-00-00-00-00-00-00-00-00
[15:27:43:012]50-49-01-C0-EF-DA-04-00-03-00-0E-85-00
[15:27:43:012]50-49-0E-D0-00-00-00-00-02-00-E0-01-
[15:27:43:012]REMOTE_GET_MODE=01
[15:27:43:012][HID_TX]00-80-07-CD-BE-50-41-06-06-01-00-63-00-00-00-00-00-00-00-00-00-00-00-00-00-00-00-00-00-00-00-00-00-00-00-00-00-00-00-00-00-00-00-00-00-00-00-00-00-00-00-00-00-00-00-00-00-00-00-00-00-00-00-00-00
[15:27:43:013]HidD_GetInputReport=True
[15:27:43:013]reply_report=00-4F-00-00-00-00-00-00-00-00-00-00-00-00-00-00-00-00-00-00-00-00-00-00-00-00-00-00-00-00-00-00-00-00-00-00-00-00-00-00-00-00-00-00-00-00-00-00-00-00-00-00-00-00-00-00-00-00-00-00-00-00-00-00-00
[15:27:43:013]50-41-06-06-01-00-63 [CMD_SENT][CMD_GET_IO_LEVEL]
[15:27:43:047][HID_TX_ack]00-12-50-49-01-D1-98-F4-04-00-08-00-06-86-00-01-FF-FF-1F-00-00-00-00-02-00-E0-01-17-32-50-49-01-C0-22-05-00-00-03-00-11-88-19-00-00-00-00-00-00-00-00-00-00-00-00-00-00-00-00-00-00-00-00-00-00-00
[15:27:43:047]50-49-01-D1-98-F4-04-00-08-00-06-86-00-01-FF-FF-1F-00
[15:27:43:382][HID_TX]00-80-06-21-0D-50-41-0E-07-01-E0-00-00-00-00-00-00-00-00-00-00-00-00-00-00-00-00-00-00-00-00-00-00-00-00-00-00-00-00-00-00-00-00-00-00-00-00-00-00-00-00-00-00-00-00-00-00-00-00-00-00-00-00-00-00
[15:27:43:383]HidD_GetInputReport=True
[15:27:43:383]reply_report=00-4F-00-00-00-00-00-00-00-00-00-00-00-00-00-00-00-00-00-00-00-00-00-00-00-00-00-00-00-00-00-00-00-00-00-00-00-00-00-00-00-00-00-00-00-00-00-00-00-00-00-00-00-00-00-00-00-00-00-00-00-00-00-00-00
[15:27:43:383]50-41-0E-07-01-E0 [CMD_SENT][REMOTE_GET_MODE]
[15:27:43:386][HID_TX_ack]00-19-50-49-01-C0-19-DC-04-00-03-00-0E-87-00-50-49-0E-D2-00-00-00-00-02-00-E0-01-17-32-50-49-01-C0-22-05-00-00-03-00-11-88-19-00-00-00-00-00-00-00-00-00-00-00-00-00-00-00-00-00-00-00-00-00-00-00
[15:27:43:386]50-49-01-C0-19-DC-04-00-03-00-0E-87-00
[15:27:43:386]50-49-0E-D2-00-00-00-00-02-00-E0-01-
[15:27:43:386]REMOTE_GET_MODE=01
[15:27:43:386][HID_TX]00-80-07-5C-71-50-41-06-08-01-00-63-00-00-00-00-00-00-00-00-00-00-00-00-00-00-00-00-00-00-00-00-00-00-00-00-00-00-00-00-00-00-00-00-00-00-00-00-00-00-00-00-00-00-00-00-00-00-00-00-00-00-00-00-00
[15:27:43:387]HidD_GetInputReport=True
[15:27:43:387]reply_report=00-4F-00-00-00-00-00-00-00-00-00-00-00-00-00-00-00-00-00-00-00-00-00-00-00-00-00-00-00-00-00-00-00-00-00-00-00-00-00-00-00-00-00-00-00-00-00-00-00-00-00-00-00-00-00-00-00-00-00-00-00-00-00-00-00
[15:27:43:387]50-41-06-08-01-00-63 [CMD_SENT][CMD_GET_IO_LEVEL]
[15:27:43:414][HID_TX_ack]00-12-50-49-01-D3-C3-F5-04-00-08-00-06-88-00-01-FF-FF-1F-00-00-00-00-02-00-E0-01-17-32-50-49-01-C0-22-05-00-00-03-00-11-88-19-00-00-00-00-00-00-00-00-00-00-00-00-00-00-00-00-00-00-00-00-00-00-00
[15:27:43:414]50-49-01-D3-C3-F5-04-00-08-00-06-88-00-01-FF-FF-1F-00
[15:27:43:739][HID_TX]00-80-06-B0-C2-50-41-0E-09-01-E0-00-00-00-00-00-00-00-00-00-00-00-00-00-00-00-00-00-00-00-00-00-00-00-00-00-00-00-00-00-00-00-00-00-00-00-00-00-00-00-00-00-00-00-00-00-00-00-00-00-00-00-00-00-00
[15:27:43:740]HidD_GetInputReport=True
[15:27:43:740]reply_report=00-4F-00-00-00-00-00-00-00-00-00-00-00-00-00-00-00-00-00-00-00-00-00-00-00-00-00-00-00-00-00-00-00-00-00-00-00-00-00-00-00-00-00-00-00-00-00-00-00-00-00-00-00-00-00-00-00-00-00-00-00-00-00-00-00
[15:27:43:740]50-41-0E-09-01-E0 [CMD_SENT][REMOTE_GET_MODE]
[15:27:43:743][HID_TX_ack]00-19-50-49-01-C0-37-DD-04-00-03-00-0E-89-00-50-49-0E-D4-00-00-00-00-02-00-E0-01-17-32-50-49-01-C0-22-05-00-00-03-00-11-88-19-00-00-00-00-00-00-00-00-00-00-00-00-00-00-00-00-00-00-00-00-00-00-00
[15:27:43:743]50-49-01-C0-37-DD-04-00-03-00-0E-89-00
[15:27:43:743]50-49-0E-D4-00-00-00-00-02-00-E0-01-
[15:27:43:743]REMOTE_GET_MODE=01
[15:27:43:743][HID_TX]00-80-07-B7-5E-50-41-06-0A-01-00-63-00-00-00-00-00-00-00-00-00-00-00-00-00-00-00-00-00-00-00-00-00-00-00-00-00-00-00-00-00-00-00-00-00-00-00-00-00-00-00-00-00-00-00-00-00-00-00-00-00-00-00-00-00
[15:27:43:744]HidD_GetInputReport=True
[15:27:43:744]reply_report=00-4F-00-00-00-00-00-00-00-00-00-00-00-00-00-00-00-00-00-00-00-00-00-00-00-00-00-00-00-00-00-00-00-00-00-00-00-00-00-00-00-00-00-00-00-00-00-00-00-00-00-00-00-00-00-00-00-00-00-00-00-00-00-00-00
[15:27:43:744]50-41-06-0A-01-00-63 [CMD_SENT][CMD_GET_IO_LEVEL]
[15:27:43:774][HID_TX_ack]00-12-50-49-01-D5-D6-F6-04-00-08-00-06-8A-00-01-FF-FF-1F-00-00-00-00-02-00-E0-01-17-32-50-49-01-C0-22-05-00-00-03-00-11-88-19-00-00-00-00-00-00-00-00-00-00-00-00-00-00-00-00-00-00-00-00-00-00-00
[15:27:43:774]50-49-01-D5-D6-F6-04-00-08-00-06-8A-00-01-FF-FF-1F-00
[15:27:44:095][HID_TX]00-80-06-5B-ED-50-41-0E-0B-01-E0-00-00-00-00-00-00-00-00-00-00-00-00-00-00-00-00-00-00-00-00-00-00-00-00-00-00-00-00-00-00-00-00-00-00-00-00-00-00-00-00-00-00-00-00-00-00-00-00-00-00-00-00-00-00
[15:27:44:096]HidD_GetInputReport=True
[15:27:44:096]reply_report=00-4F-00-00-00-00-00-00-00-00-00-00-00-00-00-00-00-00-00-00-00-00-00-00-00-00-00-00-00-00-00-00-00-00-00-00-00-00-00-00-00-00-00-00-00-00-00-00-00-00-00-00-00-00-00-00-00-00-00-00-00-00-00-00-00
[15:27:44:098]50-41-0E-0B-01-E0 [CMD_SENT][REMOTE_GET_MODE]
[15:27:44:099][HID_TX_ack]00-19-50-49-01-C0-54-DE-04-00-03-00-0E-8B-00-50-49-0E-D6-00-00-00-00-02-00-E0-01-17-32-50-49-01-C0-22-05-00-00-03-00-11-88-19-00-00-00-00-00-00-00-00-00-00-00-00-00-00-00-00-00-00-00-00-00-00-00
[15:27:44:099]50-49-01-C0-54-DE-04-00-03-00-0E-8B-00
[15:27:44:099]50-49-0E-D6-00-00-00-00-02-00-E0-01-
[15:27:44:099]REMOTE_GET_MODE=01
[15:27:44:099][HID_TX]00-80-07-8A-2E-50-41-06-0C-01-00-63-00-00-00-00-00-00-00-00-00-00-00-00-00-00-00-00-00-00-00-00-00-00-00-00-00-00-00-00-00-00-00-00-00-00-00-00-00-00-00-00-00-00-00-00-00-00-00-00-00-00-00-00-00
[15:27:44:100]HidD_GetInputReport=True
[15:27:44:100]reply_report=00-4F-00-00-00-00-00-00-00-00-00-00-00-00-00-00-00-00-00-00-00-00-00-00-00-00-00-00-00-00-00-00-00-00-00-00-00-00-00-00-00-00-00-00-00-00-00-00-00-00-00-00-00-00-00-00-00-00-00-00-00-00-00-00-00
[15:27:44:100]50-41-06-0C-01-00-63 [CMD_SENT][CMD_GET_IO_LEVEL]
[15:27:44:133][HID_TX_ack]00-12-50-49-01-D7-FC-F7-04-00-08-00-06-8C-00-01-FF-FF-1F-00-00-00-00-02-00-E0-01-17-32-50-49-01-C0-22-05-00-00-03-00-11-88-19-00-00-00-00-00-00-00-00-00-00-00-00-00-00-00-00-00-00-00-00-00-00-00
[15:27:44:133]50-49-01-D7-FC-F7-04-00-08-00-06-8C-00-01-FF-FF-1F-00
[15:27:44:454][HID_TX]00-80-06-66-9D-50-41-0E-0D-01-E0-00-00-00-00-00-00-00-00-00-00-00-00-00-00-00-00-00-00-00-00-00-00-00-00-00-00-00-00-00-00-00-00-00-00-00-00-00-00-00-00-00-00-00-00-00-00-00-00-00-00-00-00-00-00
[15:27:44:456]HidD_GetInputReport=True
[15:27:44:456]reply_report=00-4F-00-00-00-00-00-00-00-00-00-00-00-00-00-00-00-00-00-00-00-00-00-00-00-00-00-00-00-00-00-00-00-00-00-00-00-00-00-00-00-00-00-00-00-00-00-00-00-00-00-00-00-00-00-00-00-00-00-00-00-00-00-00-00
[15:27:44:456]50-41-0E-0D-01-E0 [CMD_SENT][REMOTE_GET_MODE]
[15:27:44:458][HID_TX_ack]00-19-50-49-01-C0-73-DF-04-00-03-00-0E-8D-00-50-49-0E-D8-00-00-00-00-02-00-E0-01-17-32-50-49-01-C0-22-05-00-00-03-00-11-88-19-00-00-00-00-00-00-00-00-00-00-00-00-00-00-00-00-00-00-00-00-00-00-00
[15:27:44:458]50-49-01-C0-73-DF-04-00-03-00-0E-8D-00
[15:27:44:458]50-49-0E-D8-00-00-00-00-02-00-E0-01-
[15:27:44:459]REMOTE_GET_MODE=01
[15:27:44:459][HID_TX]00-80-07-61-01-50-41-06-0E-01-00-63-00-00-00-00-00-00-00-00-00-00-00-00-00-00-00-00-00-00-00-00-00-00-00-00-00-00-00-00-00-00-00-00-00-00-00-00-00-00-00-00-00-00-00-00-00-00-00-00-00-00-00-00-00
[15:27:44:461]HidD_GetInputReport=True
[15:27:44:461]reply_report=00-4F-00-00-00-00-00-00-00-00-00-00-00-00-00-00-00-00-00-00-00-00-00-00-00-00-00-00-00-00-00-00-00-00-00-00-00-00-00-00-00-00-00-00-00-00-00-00-00-00-00-00-00-00-00-00-00-00-00-00-00-00-00-00-00
[15:27:44:461]50-41-06-0E-01-00-63 [CMD_SENT][CMD_GET_IO_LEVEL]
[15:27:44:491][HID_TX_ack]00-12-50-49-01-D9-13-F9-04-00-08-00-06-8E-00-01-FF-FF-1F-00-00-00-00-02-00-E0-01-17-32-50-49-01-C0-22-05-00-00-03-00-11-88-19-00-00-00-00-00-00-00-00-00-00-00-00-00-00-00-00-00-00-00-00-00-00-00
[15:27:44:491]50-49-01-D9-13-F9-04-00-08-00-06-8E-00-01-FF-FF-1F-00
[15:27:44:813][HID_TX]00-80-06-8D-B2-50-41-0E-0F-01-E0-00-00-00-00-00-00-00-00-00-00-00-00-00-00-00-00-00-00-00-00-00-00-00-00-00-00-00-00-00-00-00-00-00-00-00-00-00-00-00-00-00-00-00-00-00-00-00-00-00-00-00-00-00-00
[15:27:44:814]HidD_GetInputReport=True
[15:27:44:814]reply_report=00-4F-00-00-00-00-00-00-00-00-00-00-00-00-00-00-00-00-00-00-00-00-00-00-00-00-00-00-00-00-00-00-00-00-00-00-00-00-00-00-00-00-00-00-00-00-00-00-00-00-00-00-00-00-00-00-00-00-00-00-00-00-00-00-00
[15:27:44:814]50-41-0E-0F-01-E0 [CMD_SENT][REMOTE_GET_MODE]
[15:27:44:817][HID_TX_ack]00-19-50-49-01-C0-92-E0-04-00-03-00-0E-8F-00-50-49-0E-DA-00-00-00-00-02-00-E0-01-17-32-50-49-01-C0-22-05-00-00-03-00-11-88-19-00-00-00-00-00-00-00-00-00-00-00-00-00-00-00-00-00-00-00-00-00-00-00
[15:27:44:817]50-49-01-C0-92-E0-04-00-03-00-0E-8F-00
[15:27:44:817]50-49-0E-DA-00-00-00-00-02-00-E0-01-
[15:27:44:817]REMOTE_GET_MODE=01
[15:27:44:817][HID_TX]00-80-07-89-A1-50-41-06-10-01-00-63-00-00-00-00-00-00-00-00-00-00-00-00-00-00-00-00-00-00-00-00-00-00-00-00-00-00-00-00-00-00-00-00-00-00-00-00-00-00-00-00-00-00-00-00-00-00-00-00-00-00-00-00-00
[15:27:44:818]HidD_GetInputReport=True
[15:27:44:818]reply_report=00-4F-00-00-00-00-00-00-00-00-00-00-00-00-00-00-00-00-00-00-00-00-00-00-00-00-00-00-00-00-00-00-00-00-00-00-00-00-00-00-00-00-00-00-00-00-00-00-00-00-00-00-00-00-00-00-00-00-00-00-00-00-00-00-00
[15:27:44:818]50-41-06-10-01-00-63 [CMD_SENT][CMD_GET_IO_LEVEL]
[15:27:44:849][HID_TX_ack]00-12-50-49-01-DB-43-FA-04-00-08-00-06-90-00-01-FF-FF-1F-00-00-00-00-02-00-E0-01-17-32-50-49-01-C0-22-05-00-00-03-00-11-88-19-00-00-00-00-00-00-00-00-00-00-00-00-00-00-00-00-00-00-00-00-00-00-00
[15:27:44:849]50-49-01-DB-43-FA-04-00-08-00-06-90-00-01-FF-FF-1F-00
[15:27:45:171][HID_TX]00-80-06-65-12-50-41-0E-11-01-E0-00-00-00-00-00-00-00-00-00-00-00-00-00-00-00-00-00-00-00-00-00-00-00-00-00-00-00-00-00-00-00-00-00-00-00-00-00-00-00-00-00-00-00-00-00-00-00-00-00-00-00-00-00-00
[15:27:45:172]HidD_GetInputReport=True
[15:27:45:172]reply_report=00-4F-00-00-00-00-00-00-00-00-00-00-00-00-00-00-00-00-00-00-00-00-00-00-00-00-00-00-00-00-00-00-00-00-00-00-00-00-00-00-00-00-00-00-00-00-00-00-00-00-00-00-00-00-00-00-00-00-00-00-00-00-00-00-00
[15:27:45:172]50-41-0E-11-01-E0 [CMD_SENT][REMOTE_GET_MODE]
[15:27:45:175][HID_TX_ack]00-19-50-49-01-C0-B0-E1-04-00-03-00-0E-91-00-50-49-0E-DC-00-00-00-00-02-00-E0-01-17-32-50-49-01-C0-22-05-00-00-03-00-11-88-19-00-00-00-00-00-00-00-00-00-00-00-00-00-00-00-00-00-00-00-00-00-00-00
[15:27:45:175]50-49-01-C0-B0-E1-04-00-03-00-0E-91-00
[15:27:45:175]50-49-0E-DC-00-00-00-00-02-00-E0-01-
[15:27:45:175]REMOTE_GET_MODE=01
[15:27:45:176][HID_TX]00-80-07-62-8E-50-41-06-12-01-00-63-00-00-00-00-00-00-00-00-00-00-00-00-00-00-00-00-00-00-00-00-00-00-00-00-00-00-00-00-00-00-00-00-00-00-00-00-00-00-00-00-00-00-00-00-00-00-00-00-00-00-00-00-00
[15:27:45:176]HidD_GetInputReport=True
[15:27:45:176]reply_report=00-4F-00-00-00-00-00-00-00-00-00-00-00-00-00-00-00-00-00-00-00-00-00-00-00-00-00-00-00-00-00-00-00-00-00-00-00-00-00-00-00-00-00-00-00-00-00-00-00-00-00-00-00-00-00-00-00-00-00-00-00-00-00-00-00
[15:27:45:176]50-41-06-12-01-00-63 [CMD_SENT][CMD_GET_IO_LEVEL]
[15:27:45:200][HID_TX_ack]00-12-50-49-01-DD-52-FB-04-00-08-00-06-92-00-01-F7-FF-1F-00-00-00-00-02-00-E0-01-17-32-50-49-01-C0-22-05-00-00-03-00-11-88-19-00-00-00-00-00-00-00-00-00-00-00-00-00-00-00-00-00-00-00-00-00-00-00
[15:27:45:200]50-49-01-DD-52-FB-04-00-08-00-06-92-00-01-F7-FF-1F-00
[15:27:45:527][HID_TX]00-80-06-8E-3D-50-41-0E-13-01-E0-00-00-00-00-00-00-00-00-00-00-00-00-00-00-00-00-00-00-00-00-00-00-00-00-00-00-00-00-00-00-00-00-00-00-00-00-00-00-00-00-00-00-00-00-00-00-00-00-00-00-00-00-00-00
[15:27:45:529]HidD_GetInputReport=True
[15:27:45:529]reply_report=00-4F-00-00-00-00-00-00-00-00-00-00-00-00-00-00-00-00-00-00-00-00-00-00-00-00-00-00-00-00-00-00-00-00-00-00-00-00-00-00-00-00-00-00-00-00-00-00-00-00-00-00-00-00-00-00-00-00-00-00-00-00-00-00-00
[15:27:45:529]50-41-0E-13-01-E0 [CMD_SENT][REMOTE_GET_MODE]
[15:27:45:531][HID_TX_ack]00-19-50-49-01-C0-CD-E2-04-00-03-00-0E-93-00-50-49-0E-DE-00-00-00-00-02-00-E0-01-17-32-50-49-01-C0-22-05-00-00-03-00-11-88-19-00-00-00-00-00-00-00-00-00-00-00-00-00-00-00-00-00-00-00-00-00-00-00
[15:27:45:531]50-49-01-C0-CD-E2-04-00-03-00-0E-93-00
[15:27:45:531]50-49-0E-DE-00-00-00-00-02-00-E0-01-
[15:27:45:531]REMOTE_GET_MODE=01
[15:27:45:531][HID_TX]00-80-07-5F-FE-50-41-06-14-01-00-63-00-00-00-00-00-00-00-00-00-00-00-00-00-00-00-00-00-00-00-00-00-00-00-00-00-00-00-00-00-00-00-00-00-00-00-00-00-00-00-00-00-00-00-00-00-00-00-00-00-00-00-00-00
[15:27:45:532]HidD_GetInputReport=True
[15:27:45:532]reply_report=00-4F-00-00-00-00-00-00-00-00-00-00-00-00-00-00-00-00-00-00-00-00-00-00-00-00-00-00-00-00-00-00-00-00-00-00-00-00-00-00-00-00-00-00-00-00-00-00-00-00-00-00-00-00-00-00-00-00-00-00-00-00-00-00-00
[15:27:45:532]50-41-06-14-01-00-63 [CMD_SENT][CMD_GET_IO_LEVEL]
[15:27:45:552][HID_TX_ack]00-12-50-49-01-DF-77-FC-04-00-08-00-06-94-00-01-F7-FF-1F-00-00-00-00-02-00-E0-01-17-32-50-49-01-C0-22-05-00-00-03-00-11-88-19-00-00-00-00-00-00-00-00-00-00-00-00-00-00-00-00-00-00-00-00-00-00-00
[15:27:45:552]50-49-01-DF-77-FC-04-00-08-00-06-94-00-01-F7-FF-1F-00
[15:27:46:943][HID_TX]00-80-06-B3-4D-50-41-0E-15-01-E0-00-00-00-00-00-00-00-00-00-00-00-00-00-00-00-00-00-00-00-00-00-00-00-00-00-00-00-00-00-00-00-00-00-00-00-00-00-00-00-00-00-00-00-00-00-00-00-00-00-00-00-00-00-00
[15:27:46:944]HidD_GetInputReport=True
[15:27:46:944]reply_report=00-4F-00-00-00-00-00-00-00-00-00-00-00-00-00-00-00-00-00-00-00-00-00-00-00-00-00-00-00-00-00-00-00-00-00-00-00-00-00-00-00-00-00-00-00-00-00-00-00-00-00-00-00-00-00-00-00-00-00-00-00-00-00-00-00
[15:27:46:944]50-41-0E-15-01-E0 [CMD_SENT][REMOTE_GET_MODE]
[15:27:46:946][HID_TX_ack]00-19-50-49-01-C0-3A-E7-04-00-03-00-0E-95-00-50-49-0E-E0-00-00-00-00-02-00-E0-01-17-32-50-49-01-C0-22-05-00-00-03-00-11-88-19-00-00-00-00-00-00-00-00-00-00-00-00-00-00-00-00-00-00-00-00-00-00-00
[15:27:46:946]50-49-01-C0-3A-E7-04-00-03-00-0E-95-00
[15:27:46:946]50-49-0E-E0-00-00-00-00-02-00-E0-01-
[15:27:46:947]REMOTE_GET_MODE=01
[15:27:46:947][HID_TX]00-80-07-B4-D1-50-41-06-16-01-00-63-00-00-00-00-00-00-00-00-00-00-00-00-00-00-00-00-00-00-00-00-00-00-00-00-00-00-00-00-00-00-00-00-00-00-00-00-00-00-00-00-00-00-00-00-00-00-00-00-00-00-00-00-00
[15:27:46:948]HidD_GetInputReport=True
[15:27:46:948]reply_report=00-4F-00-00-00-00-00-00-00-00-00-00-00-00-00-00-00-00-00-00-00-00-00-00-00-00-00-00-00-00-00-00-00-00-00-00-00-00-00-00-00-00-00-00-00-00-00-00-00-00-00-00-00-00-00-00-00-00-00-00-00-00-00-00-00
[15:27:46:948]50-41-06-16-01-00-63 [CMD_SENT][CMD_GET_IO_LEVEL]
[15:27:46:966][HID_TX_ack]00-12-50-49-01-E1-E1-00-05-00-08-00-06-96-00-01-FF-FF-1F-00-00-00-00-02-00-E0-01-17-32-50-49-01-C0-22-05-00-00-03-00-11-88-19-00-00-00-00-00-00-00-00-00-00-00-00-00-00-00-00-00-00-00-00-00-00-00
[15:27:46:967]50-49-01-E1-E1-00-05-00-08-00-06-96-00-01-FF-FF-1F-00
[15:27:47:298][HID_TX]00-80-06-58-62-50-41-0E-17-01-E0-00-00-00-00-00-00-00-00-00-00-00-00-00-00-00-00-00-00-00-00-00-00-00-00-00-00-00-00-00-00-00-00-00-00-00-00-00-00-00-00-00-00-00-00-00-00-00-00-00-00-00-00-00-00
[15:27:47:300]HidD_GetInputReport=True
[15:27:47:300]reply_report=00-4F-00-00-00-00-00-00-00-00-00-00-00-00-00-00-00-00-00-00-00-00-00-00-00-00-00-00-00-00-00-00-00-00-00-00-00-00-00-00-00-00-00-00-00-00-00-00-00-00-00-00-00-00-00-00-00-00-00-00-00-00-00-00-00
[15:27:47:300]50-41-0E-17-01-E0 [CMD_SENT][REMOTE_GET_MODE]
[15:27:47:303][HID_TX_ack]00-19-50-49-01-C0-57-E8-04-00-03-00-0E-97-00-50-49-0E-E2-00-00-00-00-02-00-E0-01-17-32-50-49-01-C0-22-05-00-00-03-00-11-88-19-00-00-00-00-00-00-00-00-00-00-00-00-00-00-00-00-00-00-00-00-00-00-00
[15:27:47:303]50-49-01-C0-57-E8-04-00-03-00-0E-97-00
[15:27:47:303]50-49-0E-E2-00-00-00-00-02-00-E0-01-
[15:27:47:303]REMOTE_GET_MODE=01
[15:27:47:303][HID_TX]00-80-07-25-1E-50-41-06-18-01-00-63-00-00-00-00-00-00-00-00-00-00-00-00-00-00-00-00-00-00-00-00-00-00-00-00-00-00-00-00-00-00-00-00-00-00-00-00-00-00-00-00-00-00-00-00-00-00-00-00-00-00-00-00-00
[15:27:47:306]HidD_GetInputReport=True
[15:27:47:306]reply_report=00-4F-00-00-00-00-00-00-00-00-00-00-00-00-00-00-00-00-00-00-00-00-00-00-00-00-00-00-00-00-00-00-00-00-00-00-00-00-00-00-00-00-00-00-00-00-00-00-00-00-00-00-00-00-00-00-00-00-00-00-00-00-00-00-00
[15:27:47:306]50-41-06-18-01-00-63 [CMD_SENT][CMD_GET_IO_LEVEL]
[15:27:47:335][HID_TX_ack]00-12-50-49-01-E3-04-02-05-00-08-00-06-98-00-01-FF-FF-1E-00-00-00-00-02-00-E0-01-17-32-50-49-01-C0-22-05-00-00-03-00-11-88-19-00-00-00-00-00-00-00-00-00-00-00-00-00-00-00-00-00-00-00-00-00-00-00
[15:27:47:335]50-49-01-E3-04-02-05-00-08-00-06-98-00-01-FF-FF-1E-00
[15:27:47:653][HID_TX]00-80-06-C9-AD-50-41-0E-19-01-E0-00-00-00-00-00-00-00-00-00-00-00-00-00-00-00-00-00-00-00-00-00-00-00-00-00-00-00-00-00-00-00-00-00-00-00-00-00-00-00-00-00-00-00-00-00-00-00-00-00-00-00-00-00-00
[15:27:47:654]HidD_GetInputReport=True
[15:27:47:654]reply_report=00-4F-00-00-00-00-00-00-00-00-00-00-00-00-00-00-00-00-00-00-00-00-00-00-00-00-00-00-00-00-00-00-00-00-00-00-00-00-00-00-00-00-00-00-00-00-00-00-00-00-00-00-00-00-00-00-00-00-00-00-00-00-00-00-00
[15:27:47:654]50-41-0E-19-01-E0 [CMD_SENT][REMOTE_GET_MODE]
[15:27:47:657][HID_TX_ack]00-19-50-49-01-C0-72-E9-04-00-03-00-0E-99-00-50-49-0E-E4-00-00-00-00-02-00-E0-01-17-32-50-49-01-C0-22-05-00-00-03-00-11-88-19-00-00-00-00-00-00-00-00-00-00-00-00-00-00-00-00-00-00-00-00-00-00-00
[15:27:47:657]50-49-01-C0-72-E9-04-00-03-00-0E-99-00
[15:27:47:657]50-49-0E-E4-00-00-00-00-02-00-E0-01-
[15:27:47:657]REMOTE_GET_MODE=01
[15:27:47:657][HID_TX]00-80-07-CE-31-50-41-06-1A-01-00-63-00-00-00-00-00-00-00-00-00-00-00-00-00-00-00-00-00-00-00-00-00-00-00-00-00-00-00-00-00-00-00-00-00-00-00-00-00-00-00-00-00-00-00-00-00-00-00-00-00-00-00-00-00
[15:27:47:658]HidD_GetInputReport=True
[15:27:47:658]reply_report=00-4F-00-00-00-00-00-00-00-00-00-00-00-00-00-00-00-00-00-00-00-00-00-00-00-00-00-00-00-00-00-00-00-00-00-00-00-00-00-00-00-00-00-00-00-00-00-00-00-00-00-00-00-00-00-00-00-00-00-00-00-00-00-00-00
[15:27:47:658]50-41-06-1A-01-00-63 [CMD_SENT][CMD_GET_IO_LEVEL]
[15:27:47:694][HID_TX_ack]00-12-50-49-01-E5-15-03-05-00-08-00-06-9A-00-01-FF-FF-1E-00-00-00-00-02-00-E0-01-17-32-50-49-01-C0-22-05-00-00-03-00-11-88-19-00-00-00-00-00-00-00-00-00-00-00-00-00-00-00-00-00-00-00-00-00-00-00
[15:27:47:694]50-49-01-E5-15-03-05-00-08-00-06-9A-00-01-FF-FF-1E-00
[15:27:47:940][HID_TX_ack]00-0D-50-49-11-E6-51-EA-04-00-03-00-20-EA-00-01-FF-FF-1E-00-00-00-00-02-00-E0-01-17-32-50-49-01-C0-22-05-00-00-03-00-11-88-19-00-00-00-00-00-00-00-00-00-00-00-00-00-00-00-00-00-00-00-00-00-00-00
[15:27:47:940]50-49-11-E6-51-EA-04-00-03-00-20-EA-00
[15:27:47:945][HID_TX_ack]00-1A-50-49-01-C0-58-EA-04-00-03-00-11-C8-18-50-49-01-C0-58-EA-04-00-03-00-11-C9-17-32-50-49-01-C0-22-05-00-00-03-00-11-88-19-00-00-00-00-00-00-00-00-00-00-00-00-00-00-00-00-00-00-00-00-00-00-00
[15:27:47:945]50-49-01-C0-58-EA-04-00-03-00-11-C8-18
[15:27:47:945]50-49-01-C0-58-EA-04-00-03-00-11-C9-17
[15:27:47:948][HID_TX_ack]00-0D-50-49-11-E7-5A-EA-04-00-03-00-20-00-00-50-49-01-C0-58-EA-04-00-03-00-11-C9-17-32-50-49-01-C0-22-05-00-00-03-00-11-88-19-00-00-00-00-00-00-00-00-00-00-00-00-00-00-00-00-00-00-00-00-00-00-00
[15:27:47:948]50-49-11-E7-5A-EA-04-00-03-00-20-00-00
[15:27:48:943][HID_TX]00-80-06-22-82-50-41-0E-1B-01-E0-00-00-00-00-00-00-00-00-00-00-00-00-00-00-00-00-00-00-00-00-00-00-00-00-00-00-00-00-00-00-00-00-00-00-00-00-00-00-00-00-00-00-00-00-00-00-00-00-00-00-00-00-00-00
[15:27:48:945]HidD_GetInputReport=True
[15:27:48:945]reply_report=00-4F-00-00-00-00-00-00-00-00-00-00-00-00-00-00-00-00-00-00-00-00-00-00-00-00-00-00-00-00-00-00-00-00-00-00-00-00-00-00-00-00-00-00-00-00-00-00-00-00-00-00-00-00-00-00-00-00-00-00-00-00-00-00-00
[15:27:48:945]50-41-0E-1B-01-E0 [CMD_SENT][REMOTE_GET_MODE]
[15:27:48:947][HID_TX_ack]00-19-50-49-01-C0-7A-ED-04-00-03-00-0E-9B-00-50-49-0E-E8-00-00-00-00-02-00-E0-01-17-32-50-49-01-C0-22-05-00-00-03-00-11-88-19-00-00-00-00-00-00-00-00-00-00-00-00-00-00-00-00-00-00-00-00-00-00-00
[15:27:48:947]50-49-01-C0-7A-ED-04-00-03-00-0E-9B-00
[15:27:48:947]50-49-0E-E8-00-00-00-00-02-00-E0-01-
[15:27:48:947]REMOTE_GET_MODE=01
[15:27:48:947][HID_TX]00-80-07-F3-41-50-41-06-1C-01-00-63-00-00-00-00-00-00-00-00-00-00-00-00-00-00-00-00-00-00-00-00-00-00-00-00-00-00-00-00-00-00-00-00-00-00-00-00-00-00-00-00-00-00-00-00-00-00-00-00-00-00-00-00-00
[15:27:48:948]HidD_GetInputReport=True
[15:27:48:948]reply_report=00-4F-00-00-00-00-00-00-00-00-00-00-00-00-00-00-00-00-00-00-00-00-00-00-00-00-00-00-00-00-00-00-00-00-00-00-00-00-00-00-00-00-00-00-00-00-00-00-00-00-00-00-00-00-00-00-00-00-00-00-00-00-00-00-00
[15:27:48:948]50-41-06-1C-01-00-63 [CMD_SENT][CMD_GET_IO_LEVEL]
[15:27:48:980][HID_TX_ack]00-12-50-49-01-E9-29-07-05-00-08-00-06-9C-00-01-FF-FF-1D-00-00-00-00-02-00-E0-01-17-32-50-49-01-C0-22-05-00-00-03-00-11-88-19-00-00-00-00-00-00-00-00-00-00-00-00-00-00-00-00-00-00-00-00-00-00-00
[15:27:48:980]50-49-01-E9-29-07-05-00-08-00-06-9C-00-01-FF-FF-1D-00
[15:27:50:136][HID_TX]00-80-07-9F-06-50-41-0E-1D-02-E1-00-00-00-00-00-00-00-00-00-00-00-00-00-00-00-00-00-00-00-00-00-00-00-00-00-00-00-00-00-00-00-00-00-00-00-00-00-00-00-00-00-00-00-00-00-00-00-00-00-00-00-00-00-00
[15:27:50:138]HidD_GetInputReport=True
[15:27:50:138]reply_report=00-4F-00-00-00-00-00-00-00-00-00-00-00-00-00-00-00-00-00-00-00-00-00-00-00-00-00-00-00-00-00-00-00-00-00-00-00-00-00-00-00-00-00-00-00-00-00-00-00-00-00-00-00-00-00-00-00-00-00-00-00-00-00-00-00
[15:27:50:138]50-41-0E-1D-02-E1-00 [CMD_SENT][REMOTE_SET_MODE] is_remote=False
[15:27:50:141][HID_TX_ack]00-0D-50-49-01-C0-35-F1-04-00-03-00-0E-9D-00-01-FF-FF-1D-00-00-00-00-02-00-E0-01-17-32-50-49-01-C0-22-05-00-00-03-00-11-88-19-00-00-00-00-00-00-00-00-00-00-00-00-00-00-00-00-00-00-00-00-00-00-00
[15:27:50:141]50-49-01-C0-35-F1-04-00-03-00-0E-9D-00
[15:27:50:141]ystech_Power_Saving, is_EnablePowerSaving=True
[15:27:50:141][HID_TX]00-85-01-73-56-02-00-00-00-00-00-00-00-00-00-00-00-00-00-00-00-00-00-00-00-00-00-00-00-00-00-00-00-00-00-00-00-00-00-00-00-00-00-00-00-00-00-00-00-00-00-00-00-00-00-00-00-00-00-00-00-00-00-00-00
[15:27:50:142]HidD_GetInputReport=True
[15:27:50:142]reply_report=00-4F-00-00-00-00-00-00-00-00-00-00-00-00-00-00-00-00-00-00-00-00-00-00-00-00-00-00-00-00-00-00-00-00-00-00-00-00-00-00-00-00-00-00-00-00-00-00-00-00-00-00-00-00-00-00-00-00-00-00-00-00-00-00-00
[15:27:50:142]HID_CMD_POWER_SAVING_Enable
[15:27:50:142]close_hid_stream
[15:27:50:142]close_hid_handle
