[11:26:13:670]connect_auto_select
[11:26:13:676]\\?\hid#dell09c2&col02#5&bc4dc33&0&0001#{4d1e55b2-f16f-11cf-88cb-001111000030}
[11:26:13:676]\\?\hid#dell09c2&col03#5&bc4dc33&0&0002#{4d1e55b2-f16f-11cf-88cb-001111000030}
[11:26:13:676]\\?\hid#intc816&col01#3&207f9b7f&0&0000#{4d1e55b2-f16f-11cf-88cb-001111000030}
[11:26:13:676]\\?\hid#intc816&col02#3&207f9b7f&0&0001#{4d1e55b2-f16f-11cf-88cb-001111000030}
[11:26:13:676]\\?\hid#converteddevice&col02#5&17bac0a6&0&0001#{4d1e55b2-f16f-11cf-88cb-001111000030}
[11:26:13:676]\\?\hid#converteddevice&col03#5&17bac0a6&0&0002#{4d1e55b2-f16f-11cf-88cb-001111000030}
[11:26:13:676]\\?\hid#dell09c2&col04#5&bc4dc33&0&0003#{4d1e55b2-f16f-11cf-88cb-001111000030}
[11:26:13:676]\\?\hid#{00001812-0000-1000-8000-00805f9b34fb}_dev_vid&0232c2_pid&0001_rev&0068_ccb624cd66b1#9&326e3aae&0&0000#{4d1e55b2-f16f-11cf-88cb-001111000030}
[11:26:13:676]\\?\hid#dell09c2&col05#5&bc4dc33&0&0004#{4d1e55b2-f16f-11cf-88cb-001111000030}
[11:26:13:676]\\?\hid#converteddevice&col01#5&17bac0a6&0&0000#{4d1e55b2-f16f-11cf-88cb-001111000030}\kbd
[11:26:13:676]\\?\hid#dell09c2&col01#5&bc4dc33&0&0000#{4d1e55b2-f16f-11cf-88cb-001111000030}
[11:26:13:676]\\?\hid#vid_046d&pid_0adf&mi_00#7&1c0be14e&0&0000#{4d1e55b2-f16f-11cf-88cb-001111000030}
[11:26:13:676]\\?\hid#vid_046d&pid_0adf&mi_04#7&37b64bb3&0&0000#{4d1e55b2-f16f-11cf-88cb-001111000030}
[11:26:13:678]id=VID=046D,PID=0ADF
[11:26:13:679]	attributes.VendorID=0x46D
[11:26:13:679]	attributes.ProductID=0xADF
[11:26:13:679]	attributes.VersionNumber=512
[11:26:13:679]	attributes.Size=12
[11:26:13:680]	SerialNumberString=V001008001
[11:26:13:680]	ManufacturerString=듀ŋᷘŋȀ
[11:26:13:680]	ProductString=G435 Wireless Gaming Headset
[11:26:13:680]CloseHandleX
[11:26:13:680]id=VID=046D,PID=0ADF
[11:26:13:680]CloseHandleX
[11:26:13:680]try_path=\\?\hid#vid_046d&pid_0adf&mi_00#7&1c0be14e&0&0000#{4d1e55b2-f16f-11cf-88cb-001111000030}
[11:26:13:681]	InputReportByteLength=65
[11:26:13:681]	OutputReportByteLength=65
[11:26:13:682]HID_Connected=\\?\hid#vid_046d&pid_0adf&mi_00#7&1c0be14e&0&0000#{4d1e55b2-f16f-11cf-88cb-001111000030}
[11:26:13:682]ystech_read_fw_version
[11:26:13:683][HID_TX]00-84-01-D1-55-01-00-00-00-00-00-00-00-00-00-00-00-00-00-00-00-00-00-00-00-00-00-00-00-00-00-00-00-00-00-00-00-00-00-00-00-00-00-00-00-00-00-00-00-00-00-00-00-00-00-00-00-00-00-00-00-00-00-00-00
[11:26:13:686]HidD_GetInputReport=True
[11:26:13:686]reply_report=00-4F-56-31-2E-38-2E-31-00-00-00-00-00-00-00-00-00-00-00-00-00-00-00-00-00-00-00-00-00-00-00-00-00-00-00-00-00-00-00-00-00-00-00-00-00-00-00-00-00-00-00-00-00-00-00-00-00-00-00-00-00-00-00-00-00
[11:26:13:686][ys_tech] fw_version=V1.8.1
[11:26:13:687]ystech_Power_Saving, is_EnablePowerSaving=False
[11:26:13:687][HID_TX]00-85-01-83-8B-01-00-00-00-00-00-00-00-00-00-00-00-00-00-00-00-00-00-00-00-00-00-00-00-00-00-00-00-00-00-00-00-00-00-00-00-00-00-00-00-00-00-00-00-00-00-00-00-00-00-00-00-00-00-00-00-00-00-00-00
[11:26:13:688]HidD_GetInputReport=True
[11:26:13:688]reply_report=00-4F-00-00-00-00-00-00-00-00-00-00-00-00-00-00-00-00-00-00-00-00-00-00-00-00-00-00-00-00-00-00-00-00-00-00-00-00-00-00-00-00-00-00-00-00-00-00-00-00-00-00-00-00-00-00-00-00-00-00-00-00-00-00-00
[11:26:13:688]HID_CMD_POWER_SAVING_Disable
[11:26:13:688]path_connected=\\?\hid#vid_046d&pid_0adf&mi_00#7&1c0be14e&0&0000#{4d1e55b2-f16f-11cf-88cb-001111000030}
[11:26:13:691][HID_TX]00-80-13-43-F6-50-41-06-01-0D-00-25-34-12-5A-5A-01-00-00-00-F0-00-00-00-00-00-00-00-00-00-00-00-00-00-00-00-00-00-00-00-00-00-00-00-00-00-00-00-00-00-00-00-00-00-00-00-00-00-00-00-00-00-00-00-00
[11:26:13:692]HidD_GetInputReport=True
[11:26:13:692]reply_report=00-4F-00-00-00-00-00-00-00-00-00-00-00-00-00-00-00-00-00-00-00-00-00-00-00-00-00-00-00-00-00-00-00-00-00-00-00-00-00-00-00-00-00-00-00-00-00-00-00-00-00-00-00-00-00-00-00-00-00-00-00-00-00-00-00
[11:26:13:692]50-41-06-01-0D-00-25-34-12-5A-5A-01-00-00-00-F0-00-00-00 [CMD_SENT][OTA_CMD_IOCTL][READ_MAX_LEN=240]
[11:26:13:698][HID_TX_ack]00-11-50-49-01-C0-90-24-01-00-07-00-06-81-00-F0-00-00-00-90-EA-00-00-03-00-11-8D-13-00-00-00-00-00-00-00-00-00-00-00-00-00-00-00-00-00-00-00-00-00-00-00-00-00-00-00-00-00-00-00-00-00-00-00-00-00
[11:26:14:358]50-49-01-C0-90-24-01-00-07-00-06-81-00-F0-00-00-00
[11:26:17:835][HID_TX]00-80-06-12-CD-50-41-0E-02-01-E0-00-00-00-00-00-00-00-00-00-00-00-00-00-00-00-00-00-00-00-00-00-00-00-00-00-00-00-00-00-00-00-00-00-00-00-00-00-00-00-00-00-00-00-00-00-00-00-00-00-00-00-00-00-00
[11:26:17:836]HidD_GetInputReport=True
[11:26:17:836]reply_report=00-4F-00-00-00-00-00-00-00-00-00-00-00-00-00-00-00-00-00-00-00-00-00-00-00-00-00-00-00-00-00-00-00-00-00-00-00-00-00-00-00-00-00-00-00-00-00-00-00-00-00-00-00-00-00-00-00-00-00-00-00-00-00-00-00
[11:26:17:836]50-41-0E-02-01-E0 [CMD_SENT][REMOTE_GET_MODE]
[11:26:17:838][HID_TX_ack]00-19-50-49-01-C0-90-31-01-00-03-00-0E-82-00-50-49-0E-C4-00-00-00-00-02-00-E0-00-13-00-00-00-00-00-00-00-00-00-00-00-00-00-00-00-00-00-00-00-00-00-00-00-00-00-00-00-00-00-00-00-00-00-00-00-00-00
[11:26:17:838]50-49-01-C0-90-31-01-00-03-00-0E-82-00
[11:26:17:838]50-49-0E-C4-00-00-00-00-02-00-E0-00-
[11:26:17:838]REMOTE_GET_MODE=00
[11:26:17:838][HID_TX]00-80-08-ED-79-50-41-06-03-02-00-43-01-00-00-00-00-00-00-00-00-00-00-00-00-00-00-00-00-00-00-00-00-00-00-00-00-00-00-00-00-00-00-00-00-00-00-00-00-00-00-00-00-00-00-00-00-00-00-00-00-00-00-00-00
[11:26:17:839]HidD_GetInputReport=True
[11:26:17:839]reply_report=00-4F-00-00-00-00-00-00-00-00-00-00-00-00-00-00-00-00-00-00-00-00-00-00-00-00-00-00-00-00-00-00-00-00-00-00-00-00-00-00-00-00-00-00-00-00-00-00-00-00-00-00-00-00-00-00-00-00-00-00-00-00-00-00-00
[11:26:17:839]50-41-06-03-02-00-43-01 [CMD_SENT][CMD_READ_MP_DATA_BY_ID]
[11:26:17:842][HID_TX_ack]00-13-50-49-01-C0-90-31-01-00-09-00-06-83-00-2C-48-05-99-58-40-00-00-02-00-E0-00-13-00-00-00-00-00-00-00-00-00-00-00-00-00-00-00-00-00-00-00-00-00-00-00-00-00-00-00-00-00-00-00-00-00-00-00-00-00
[11:26:17:842]50-49-01-C0-90-31-01-00-09-00-06-83-00-2C-48-05-99-58-40
[11:26:29:044][HID_TX]00-80-06-2F-BD-50-41-0E-04-01-E0-00-00-00-00-00-00-00-00-00-00-00-00-00-00-00-00-00-00-00-00-00-00-00-00-00-00-00-00-00-00-00-00-00-00-00-00-00-00-00-00-00-00-00-00-00-00-00-00-00-00-00-00-00-00
[11:26:29:046]HidD_GetInputReport=True
[11:26:29:046]reply_report=00-4F-00-00-00-00-00-00-00-00-00-00-00-00-00-00-00-00-00-00-00-00-00-00-00-00-00-00-00-00-00-00-00-00-00-00-00-00-00-00-00-00-00-00-00-00-00-00-00-00-00-00-00-00-00-00-00-00-00-00-00-00-00-00-00
[11:26:29:046]50-41-0E-04-01-E0 [CMD_SENT][REMOTE_GET_MODE]
[11:26:29:049][HID_TX_ack]00-19-50-49-01-C0-90-54-01-00-03-00-0E-84-00-50-49-0E-C5-00-00-00-00-02-00-E0-00-13-00-00-00-00-00-00-00-00-00-00-00-00-00-00-00-00-00-00-00-00-00-00-00-00-00-00-00-00-00-00-00-00-00-00-00-00-00
[11:26:29:049]50-49-01-C0-90-54-01-00-03-00-0E-84-00
[11:26:29:049]REMOTE_GET_MODE=00
[11:26:29:049]50-49-0E-C5-00-00-00-00-02-00-E0-00-
[11:26:29:050][HID_TX]00-80-08-F9-5F-50-41-07-05-03-08-00-E4-00-00-00-00-00-00-00-00-00-00-00-00-00-00-00-00-00-00-00-00-00-00-00-00-00-00-00-00-00-00-00-00-00-00-00-00-00-00-00-00-00-00-00-00-00-00-00-00-00-00-00-00
[11:26:29:051]HidD_GetInputReport=True
[11:26:29:051]reply_report=00-4F-00-00-00-00-00-00-00-00-00-00-00-00-00-00-00-00-00-00-00-00-00-00-00-00-00-00-00-00-00-00-00-00-00-00-00-00-00-00-00-00-00-00-00-00-00-00-00-00-00-00-00-00-00-00-00-00-00-00-00-00-00-00-00
[11:26:29:051]50-41-07-05-03-08-00-E4 [CMD_SENT] [CMD_SENT][UNKNOW]
[11:26:29:110][HID_TX_ack]00-0F-50-49-01-C0-90-54-01-00-05-00-07-85-08-00-00-0E-C5-00-00-00-00-02-00-E0-00-13-00-00-00-00-00-00-00-00-00-00-00-00-00-00-00-00-00-00-00-00-00-00-00-00-00-00-00-00-00-00-00-00-00-00-00-00-00
[11:26:29:110]50-49-01-C0-90-54-01-00-05-00-07-85-08-00-00
[11:26:36:139][The device is not connected.
][System.IO.IOException]
[11:26:36:139]   at System.IO.__Error.WinIOError(Int32 errorCode, String maybeFullPath)
   at System.IO.FileStream.BeginReadCore(Byte[] bytes, Int32 offset, Int32 numBytes, AsyncCallback userCallback, Object stateObject, Int32 numBufferedBytesRead)
   at System.IO.FileStream.BeginReadAsync(Byte[] array, Int32 offset, Int32 numBytes, AsyncCallback userCallback, Object stateObject)
   at System.IO.FileStream.BeginRead(Byte[] array, Int32 offset, Int32 numBytes, AsyncCallback userCallback, Object stateObject)
   at ..()
[11:26:36:140]ystech_Power_Saving, is_EnablePowerSaving=True
[11:26:36:140][HID_TX]00-85-01-73-56-02-00-00-00-00-00-00-00-00-00-00-00-00-00-00-00-00-00-00-00-00-00-00-00-00-00-00-00-00-00-00-00-00-00-00-00-00-00-00-00-00-00-00-00-00-00-00-00-00-00-00-00-00-00-00-00-00-00-00-00
[11:26:36:149][The device is not connected.
][System.IO.IOException]
[11:26:36:149]   at System.IO.__Error.WinIOError(Int32 errorCode, String maybeFullPath)
   at System.IO.FileStream.BeginWriteCore(Byte[] bytes, Int32 offset, Int32 numBytes, AsyncCallback userCallback, Object stateObject)
   at System.IO.FileStream.WriteCore(Byte[] buffer, Int32 offset, Int32 count)
   at System.IO.FileStream.Write(Byte[] array, Int32 offset, Int32 count)
   at ..(Byte  , Byte[]  )
[11:26:36:149]CloseHandleX
[11:26:36:152][connect HID device fail : The device is not connected.
][System.Exception]
[11:26:36:152]   at ..(Byte  , Byte[]  )
   at ..(Boolean  )
   at ..()
[11:26:36:152]close_hid_stream
[11:26:36:157]se.ErrorCode=-2147467259
[11:26:36:157][External component has thrown an exception.][System.Runtime.InteropServices.SEHException]
[11:26:36:157]   at ..(IntPtr  )
   at ..CloseHandleX(IntPtr hObject)
[11:26:36:157]close_hid_handle
[11:26:49:900]connect_auto_select
[11:26:49:901]\\?\hid#dell09c2&col02#5&bc4dc33&0&0001#{4d1e55b2-f16f-11cf-88cb-001111000030}
[11:26:49:901]\\?\hid#dell09c2&col03#5&bc4dc33&0&0002#{4d1e55b2-f16f-11cf-88cb-001111000030}
[11:26:49:901]\\?\hid#intc816&col01#3&207f9b7f&0&0000#{4d1e55b2-f16f-11cf-88cb-001111000030}
[11:26:49:901]\\?\hid#intc816&col02#3&207f9b7f&0&0001#{4d1e55b2-f16f-11cf-88cb-001111000030}
[11:26:49:901]\\?\hid#converteddevice&col02#5&17bac0a6&0&0001#{4d1e55b2-f16f-11cf-88cb-001111000030}
[11:26:49:901]\\?\hid#converteddevice&col03#5&17bac0a6&0&0002#{4d1e55b2-f16f-11cf-88cb-001111000030}
[11:26:49:901]\\?\hid#dell09c2&col04#5&bc4dc33&0&0003#{4d1e55b2-f16f-11cf-88cb-001111000030}
[11:26:49:901]\\?\hid#{00001812-0000-1000-8000-00805f9b34fb}_dev_vid&0232c2_pid&0001_rev&0068_ccb624cd66b1#9&326e3aae&0&0000#{4d1e55b2-f16f-11cf-88cb-001111000030}
[11:26:49:901]\\?\hid#dell09c2&col05#5&bc4dc33&0&0004#{4d1e55b2-f16f-11cf-88cb-001111000030}
[11:26:49:901]\\?\hid#converteddevice&col01#5&17bac0a6&0&0000#{4d1e55b2-f16f-11cf-88cb-001111000030}\kbd
[11:26:49:901]\\?\hid#dell09c2&col01#5&bc4dc33&0&0000#{4d1e55b2-f16f-11cf-88cb-001111000030}
[11:26:49:902]\\?\hid#vid_046d&pid_0adf&mi_00#7&1c0be14e&0&0000#{4d1e55b2-f16f-11cf-88cb-001111000030}
[11:26:49:902]\\?\hid#vid_046d&pid_0adf&mi_04#7&37b64bb3&0&0000#{4d1e55b2-f16f-11cf-88cb-001111000030}
[11:26:49:902]id=VID=046D,PID=0ADF
[11:26:49:902]	attributes.VendorID=0x46D
[11:26:49:902]	attributes.ProductID=0xADF
[11:26:49:902]	attributes.VersionNumber=512
[11:26:49:902]	attributes.Size=12
[11:26:49:902]	SerialNumberString=V001008001
[11:26:49:902]	ManufacturerString=诨ش୅Ʈ
[11:26:49:902]	ProductString=G435 Wireless Gaming Headset
[11:26:49:903]CloseHandleX
[11:26:49:903]id=VID=046D,PID=0ADF
[11:26:49:903]CloseHandleX
[11:26:49:903]try_path=\\?\hid#vid_046d&pid_0adf&mi_00#7&1c0be14e&0&0000#{4d1e55b2-f16f-11cf-88cb-001111000030}
[11:26:49:903]	InputReportByteLength=65
[11:26:49:903]	OutputReportByteLength=65
[11:26:49:903]HID_Connected=\\?\hid#vid_046d&pid_0adf&mi_00#7&1c0be14e&0&0000#{4d1e55b2-f16f-11cf-88cb-001111000030}
[11:26:49:903]ystech_read_fw_version
[11:26:49:903][HID_TX]00-84-01-D1-55-01-00-00-00-00-00-00-00-00-00-00-00-00-00-00-00-00-00-00-00-00-00-00-00-00-00-00-00-00-00-00-00-00-00-00-00-00-00-00-00-00-00-00-00-00-00-00-00-00-00-00-00-00-00-00-00-00-00-00-00
[11:26:49:904]HidD_GetInputReport=True
[11:26:49:904]reply_report=00-4F-56-31-2E-38-2E-31-00-00-00-00-00-00-00-00-00-00-00-00-00-00-00-00-00-00-00-00-00-00-00-00-00-00-00-00-00-00-00-00-00-00-00-00-00-00-00-00-00-00-00-00-00-00-00-00-00-00-00-00-00-00-00-00-00
[11:26:49:904][ys_tech] fw_version=V1.8.1
[11:26:49:904]ystech_Power_Saving, is_EnablePowerSaving=False
[11:26:49:905][HID_TX]00-85-01-83-8B-01-00-00-00-00-00-00-00-00-00-00-00-00-00-00-00-00-00-00-00-00-00-00-00-00-00-00-00-00-00-00-00-00-00-00-00-00-00-00-00-00-00-00-00-00-00-00-00-00-00-00-00-00-00-00-00-00-00-00-00
[11:26:49:905]HidD_GetInputReport=True
[11:26:49:905]reply_report=00-4F-00-00-00-00-00-00-00-00-00-00-00-00-00-00-00-00-00-00-00-00-00-00-00-00-00-00-00-00-00-00-00-00-00-00-00-00-00-00-00-00-00-00-00-00-00-00-00-00-00-00-00-00-00-00-00-00-00-00-00-00-00-00-00
[11:26:49:905]HID_CMD_POWER_SAVING_Disable
[11:26:49:905]path_connected=\\?\hid#vid_046d&pid_0adf&mi_00#7&1c0be14e&0&0000#{4d1e55b2-f16f-11cf-88cb-001111000030}
[11:26:49:905][HID_TX]00-80-13-9B-19-50-41-06-06-0D-00-25-34-12-5A-5A-01-00-00-00-F0-00-00-00-00-00-00-00-00-00-00-00-00-00-00-00-00-00-00-00-00-00-00-00-00-00-00-00-00-00-00-00-00-00-00-00-00-00-00-00-00-00-00-00-00
[11:26:49:906]HidD_GetInputReport=True
[11:26:49:906]reply_report=00-4F-00-00-00-00-00-00-00-00-00-00-00-00-00-00-00-00-00-00-00-00-00-00-00-00-00-00-00-00-00-00-00-00-00-00-00-00-00-00-00-00-00-00-00-00-00-00-00-00-00-00-00-00-00-00-00-00-00-00-00-00-00-00-00
[11:26:49:906]50-41-06-06-0D-00-25-34-12-5A-5A-01-00-00-00-F0-00-00-00 [CMD_SENT][OTA_CMD_IOCTL][READ_MAX_LEN=240]
[11:26:49:910][HID_TX_ack]00-11-50-49-01-C0-E3-24-00-00-07-00-06-86-00-F0-00-00-00-00-00-00-00-00-00-00-00-00-00-00-00-00-00-00-00-00-00-00-00-00-00-00-00-00-00-00-00-00-00-00-00-00-00-00-00-00-00-00-00-00-00-00-00-00-00
[11:26:49:910]50-49-01-C0-E3-24-00-00-07-00-06-86-00-F0-00-00-00
[11:26:49:911][HID_TX]00-80-06-7E-62-50-41-0E-07-01-E3-00-00-00-00-00-00-00-00-00-00-00-00-00-00-00-00-00-00-00-00-00-00-00-00-00-00-00-00-00-00-00-00-00-00-00-00-00-00-00-00-00-00-00-00-00-00-00-00-00-00-00-00-00-00
[11:26:49:911]HidD_GetInputReport=True
[11:26:49:911]reply_report=00-4F-00-00-00-00-00-00-00-00-00-00-00-00-00-00-00-00-00-00-00-00-00-00-00-00-00-00-00-00-00-00-00-00-00-00-00-00-00-00-00-00-00-00-00-00-00-00-00-00-00-00-00-00-00-00-00-00-00-00-00-00-00-00-00
[11:26:49:911]50-41-0E-07-01-E3 [CMD_SENT][REMOTE_GET_CONNECT_STATUS]
[11:26:49:915][HID_TX_ack]00-19-50-49-01-C0-E7-24-00-00-03-00-0E-87-00-50-49-0E-C4-00-00-00-00-02-00-E3-01-00-00-00-00-00-00-00-00-00-00-00-00-00-00-00-00-00-00-00-00-00-00-00-00-00-00-00-00-00-00-00-00-00-00-00-00-00-00
[11:26:49:915]50-49-01-C0-E7-24-00-00-03-00-0E-87-00
[11:26:49:915]50-49-0E-C4-00-00-00-00-02-00-E3-01-
[11:26:49:915]REMOTE_GET_CONNECT_STATUS=01
[11:26:53:902][HID_TX]00-80-07-D5-A9-50-41-0E-08-02-E1-00-00-00-00-00-00-00-00-00-00-00-00-00-00-00-00-00-00-00-00-00-00-00-00-00-00-00-00-00-00-00-00-00-00-00-00-00-00-00-00-00-00-00-00-00-00-00-00-00-00-00-00-00-00
[11:26:53:903]HidD_GetInputReport=True
[11:26:53:903]reply_report=00-4F-00-00-00-00-00-00-00-00-00-00-00-00-00-00-00-00-00-00-00-00-00-00-00-00-00-00-00-00-00-00-00-00-00-00-00-00-00-00-00-00-00-00-00-00-00-00-00-00-00-00-00-00-00-00-00-00-00-00-00-00-00-00-00
[11:26:53:903]50-41-0E-08-02-E1-00 [CMD_SENT][REMOTE_SET_MODE] is_remote=False
[11:26:53:906][HID_TX_ack]00-0D-50-49-01-C0-61-31-00-00-03-00-0E-88-00-50-49-0E-C4-00-00-00-00-02-00-E3-01-00-00-00-00-00-00-00-00-00-00-00-00-00-00-00-00-00-00-00-00-00-00-00-00-00-00-00-00-00-00-00-00-00-00-00-00-00-00
[11:26:53:906]50-49-01-C0-61-31-00-00-03-00-0E-88-00
[11:26:53:906]ystech_Power_Saving, is_EnablePowerSaving=True
[11:26:53:906][HID_TX]00-85-01-73-56-02-00-00-00-00-00-00-00-00-00-00-00-00-00-00-00-00-00-00-00-00-00-00-00-00-00-00-00-00-00-00-00-00-00-00-00-00-00-00-00-00-00-00-00-00-00-00-00-00-00-00-00-00-00-00-00-00-00-00-00
[11:26:53:907]HidD_GetInputReport=True
[11:26:53:907]reply_report=00-4F-00-00-00-00-00-00-00-00-00-00-00-00-00-00-00-00-00-00-00-00-00-00-00-00-00-00-00-00-00-00-00-00-00-00-00-00-00-00-00-00-00-00-00-00-00-00-00-00-00-00-00-00-00-00-00-00-00-00-00-00-00-00-00
[11:26:53:907]HID_CMD_POWER_SAVING_Enable
[11:26:53:907]close_hid_stream
[11:26:53:907]CloseHandleX
[11:26:53:907]close_hid_handle
