[09:04:58:947]\\?\hid#dell09c2&col02#5&bc4dc33&0&0001#{4d1e55b2-f16f-11cf-88cb-001111000030}
[09:04:58:947]\\?\hid#dell09c2&col03#5&bc4dc33&0&0002#{4d1e55b2-f16f-11cf-88cb-001111000030}
[09:04:58:947]\\?\hid#intc816&col01#3&207f9b7f&0&0000#{4d1e55b2-f16f-11cf-88cb-001111000030}
[09:04:58:947]\\?\hid#vid_046d&pid_0adf&mi_04#7&2ad3f249&0&0000#{4d1e55b2-f16f-11cf-88cb-001111000030}
[09:04:58:947]\\?\hid#intc816&col02#3&207f9b7f&0&0001#{4d1e55b2-f16f-11cf-88cb-001111000030}
[09:04:58:947]\\?\hid#converteddevice&col02#5&17bac0a6&0&0001#{4d1e55b2-f16f-11cf-88cb-001111000030}
[09:04:58:947]\\?\hid#converteddevice&col03#5&17bac0a6&0&0002#{4d1e55b2-f16f-11cf-88cb-001111000030}
[09:04:58:947]\\?\hid#dell09c2&col04#5&bc4dc33&0&0003#{4d1e55b2-f16f-11cf-88cb-001111000030}
[09:04:58:948]\\?\hid#{00001812-0000-1000-8000-00805f9b34fb}_dev_vid&0232c2_pid&0001_rev&0068_ccb624cd66b1#9&326e3aae&0&0000#{4d1e55b2-f16f-11cf-88cb-001111000030}
[09:04:58:948]\\?\hid#dell09c2&col05#5&bc4dc33&0&0004#{4d1e55b2-f16f-11cf-88cb-001111000030}
[09:04:58:948]\\?\hid#vid_046d&pid_0adf&mi_00#7&28ee3ab8&0&0000#{4d1e55b2-f16f-11cf-88cb-001111000030}
[09:04:58:948]\\?\hid#converteddevice&col01#5&17bac0a6&0&0000#{4d1e55b2-f16f-11cf-88cb-001111000030}\kbd
[09:04:58:948]\\?\hid#dell09c2&col01#5&bc4dc33&0&0000#{4d1e55b2-f16f-11cf-88cb-001111000030}
[09:04:58:949]try_path=\\?\hid#vid_046d&pid_0adf&mi_04#7&2ad3f249&0&0000#{4d1e55b2-f16f-11cf-88cb-001111000030}
[09:04:58:960][invalid device][System.Exception]
[09:04:58:963]   at ..connect(String path)
[09:04:58:964]close_hid_handle
[09:04:58:967][connect HID device fail : invalid device][System.Exception]
[09:04:58:967]   at ..connect(String path)
   at ..(String  )
   at ..connect(UInt16 vid, UInt16 pid,  vt)
[09:04:58:967]try_path=\\?\hid#vid_046d&pid_0adf&mi_00#7&28ee3ab8&0&0000#{4d1e55b2-f16f-11cf-88cb-001111000030}
[09:04:58:967]	InputReportByteLength=65
[09:04:58:967]	OutputReportByteLength=65
[09:04:58:968]HID_Connected=\\?\hid#vid_046d&pid_0adf&mi_00#7&28ee3ab8&0&0000#{4d1e55b2-f16f-11cf-88cb-001111000030}
[09:04:58:969][HID_TX]00-84-01-D1-55-01-00-00-00-00-00-00-00-00-00-00-00-00-00-00-00-00-00-00-00-00-00-00-00-00-00-00-00-00-00-00-00-00-00-00-00-00-00-00-00-00-00-00-00-00-00-00-00-00-00-00-00-00-00-00-00-00-00-00-00
[09:04:58:970]HidD_GetInputReport=True
[09:04:58:970]reply_report=00-4F-56-31-2E-36-2E-31-00-00-00-00-00-00-00-00-00-00-00-00-00-00-00-00-00-00-00-00-00-00-00-00-00-00-00-00-00-00-00-00-00-00-00-00-00-00-00-00-00-00-00-00-00-00-00-00-00-00-00-00-00-00-00-00-00
[09:04:58:970][ys_tech] fw_version=V1.6.1
[09:04:58:970]ystech_Power_Saving, is_EnablePowerSaving=False
[09:04:58:970][HID_TX]00-85-01-83-8B-01-00-00-00-00-00-00-00-00-00-00-00-00-00-00-00-00-00-00-00-00-00-00-00-00-00-00-00-00-00-00-00-00-00-00-00-00-00-00-00-00-00-00-00-00-00-00-00-00-00-00-00-00-00-00-00-00-00-00-00
[09:04:58:971]HidD_GetInputReport=True
[09:04:58:971]reply_report=00-46-00-00-00-00-00-00-00-00-00-00-00-00-00-00-00-00-00-00-00-00-00-00-00-00-00-00-00-00-00-00-00-00-00-00-00-00-00-00-00-00-00-00-00-00-00-00-00-00-00-00-00-00-00-00-00-00-00-00-00-00-00-00-00
[09:04:58:975][Response Fail][System.Exception]
[09:04:58:975]   at ..(Boolean  )
   at ..(Byte  , Byte[]  )
[09:04:59:031]_ystech_retry_count=1
[09:04:59:031][HID_TX]00-85-01-83-8B-01-00-00-00-00-00-00-00-00-00-00-00-00-00-00-00-00-00-00-00-00-00-00-00-00-00-00-00-00-00-00-00-00-00-00-00-00-00-00-00-00-00-00-00-00-00-00-00-00-00-00-00-00-00-00-00-00-00-00-00
[09:04:59:033]HidD_GetInputReport=True
[09:04:59:033]reply_report=00-4F-00-00-00-00-00-00-00-00-00-00-00-00-00-00-00-00-00-00-00-00-00-00-00-00-00-00-00-00-00-00-00-00-00-00-00-00-00-00-00-00-00-00-00-00-00-00-00-00-00-00-00-00-00-00-00-00-00-00-00-00-00-00-00
[09:04:59:033]HID_CMD_POWER_SAVING_Disable
[09:04:59:033]path_connected=\\?\hid#vid_046d&pid_0adf&mi_00#7&28ee3ab8&0&0000#{4d1e55b2-f16f-11cf-88cb-001111000030}
[09:05:09:085][HID_TX_ack]00-0D-50-49-01-C0-C0-EC-02-00-03-00-11-AF-10-50-49-01-C0-AE-65-02-00-03-00-11-AA-13-68-20-47-61-6D-69-6E-67-20-48-65-61-64-73-65-74-00-00-00-00-00-00-00-00-00-00-00-00-00-00-00-00-00-00-00-32-37
[09:05:09:089]50-49-01-C0-C0-EC-02-00-03-00-11-AF-10
[09:05:09:090][HID_TX_ack]00-0D-50-49-01-C0-E4-EC-02-00-03-00-11-B0-13-50-49-01-C0-AE-65-02-00-03-00-11-AA-13-68-20-47-61-6D-69-6E-67-20-48-65-61-64-73-65-74-00-00-00-00-00-00-00-00-00-00-00-00-00-00-00-00-00-00-00-32-37
[09:05:09:091]50-49-01-C0-E4-EC-02-00-03-00-11-B0-13
[09:05:09:091][HID_TX_ack]00-1A-50-49-01-C0-0C-EE-02-00-03-00-11-B1-10-50-49-01-C0-0C-EE-02-00-03-00-11-B2-13-68-20-47-61-6D-69-6E-67-20-48-65-61-64-73-65-74-00-00-00-00-00-00-00-00-00-00-00-00-00-00-00-00-00-00-00-32-37
[09:05:09:091]50-49-01-C0-0C-EE-02-00-03-00-11-B1-10
[09:05:09:091]50-49-01-C0-0C-EE-02-00-03-00-11-B2-13
[09:05:09:836][HID_TX_ack]00-0D-50-49-01-C0-6B-F7-02-00-03-00-11-B3-10-50-49-01-C0-0C-EE-02-00-03-00-11-B2-13-68-20-47-61-6D-69-6E-67-20-48-65-61-64-73-65-74-00-00-00-00-00-00-00-00-00-00-00-00-00-00-00-00-00-00-00-32-37
[09:05:09:836]50-49-01-C0-6B-F7-02-00-03-00-11-B3-10
[09:05:11:589][HID_TX]00-80-06-1C-7D-50-41-0E-01-01-E0-00-00-00-00-00-00-00-00-00-00-00-00-00-00-00-00-00-00-00-00-00-00-00-00-00-00-00-00-00-00-00-00-00-00-00-00-00-00-00-00-00-00-00-00-00-00-00-00-00-00-00-00-00-00
[09:05:11:591]HidD_GetInputReport=True
[09:05:11:591]reply_report=00-4F-00-00-00-00-00-00-00-00-00-00-00-00-00-00-00-00-00-00-00-00-00-00-00-00-00-00-00-00-00-00-00-00-00-00-00-00-00-00-00-00-00-00-00-00-00-00-00-00-00-00-00-00-00-00-00-00-00-00-00-00-00-00-00
[09:05:11:591]50-41-0E-01-01-E0 [CMD_SENT][REMOTE_GET_MODE]
[09:05:11:593][HID_TX_ack]00-19-50-49-01-C0-A8-FC-02-00-03-00-0E-81-00-50-49-0E-CD-00-00-00-00-02-00-E0-00-13-68-20-47-61-6D-69-6E-67-20-48-65-61-64-73-65-74-00-00-00-00-00-00-00-00-00-00-00-00-00-00-00-00-00-00-00-32-37
[09:05:12:192]REMOTE_GET_MODE=00
[09:05:12:192]50-49-01-C0-A8-FC-02-00-03-00-0E-81-00
[09:05:12:192]50-49-0E-CD-00-00-00-00-02-00-E0-00-
[09:05:12:194][HID_TX]00-80-08-21-B0-50-41-07-02-03-08-00-E4-00-00-00-00-00-00-00-00-00-00-00-00-00-00-00-00-00-00-00-00-00-00-00-00-00-00-00-00-00-00-00-00-00-00-00-00-00-00-00-00-00-00-00-00-00-00-00-00-00-00-00-00
[09:05:12:196]HidD_GetInputReport=True
[09:05:12:196]reply_report=00-4F-00-00-00-00-00-00-00-00-00-00-00-00-00-00-00-00-00-00-00-00-00-00-00-00-00-00-00-00-00-00-00-00-00-00-00-00-00-00-00-00-00-00-00-00-00-00-00-00-00-00-00-00-00-00-00-00-00-00-00-00-00-00-00
[09:05:12:196]50-41-07-02-03-08-00-E4 [CMD_SENT] [CMD_SENT][UNKNOW]
[09:05:12:264][HID_TX_ack]00-0F-50-49-01-C0-A8-FE-02-00-05-00-07-82-08-00-00-0E-CD-00-00-00-00-02-00-E0-00-13-68-20-47-61-6D-69-6E-67-20-48-65-61-64-73-65-74-00-00-00-00-00-00-00-00-00-00-00-00-00-00-00-00-00-00-00-32-37
[09:05:12:264]50-49-01-C0-A8-FE-02-00-05-00-07-82-08-00-00
