[15:39:44:966]\\?\hid#dell09c2&col02#5&bc4dc33&0&0001#{4d1e55b2-f16f-11cf-88cb-001111000030}
[15:39:44:966]\\?\hid#dell09c2&col03#5&bc4dc33&0&0002#{4d1e55b2-f16f-11cf-88cb-001111000030}
[15:39:44:966]\\?\hid#intc816&col01#3&207f9b7f&0&0000#{4d1e55b2-f16f-11cf-88cb-001111000030}
[15:39:44:966]\\?\hid#intc816&col02#3&207f9b7f&0&0001#{4d1e55b2-f16f-11cf-88cb-001111000030}
[15:39:44:966]\\?\hid#converteddevice&col02#5&17bac0a6&0&0001#{4d1e55b2-f16f-11cf-88cb-001111000030}
[15:39:44:966]\\?\hid#converteddevice&col03#5&17bac0a6&0&0002#{4d1e55b2-f16f-11cf-88cb-001111000030}
[15:39:44:966]\\?\hid#dell09c2&col04#5&bc4dc33&0&0003#{4d1e55b2-f16f-11cf-88cb-001111000030}
[15:39:44:966]\\?\hid#{00001812-0000-1000-8000-00805f9b34fb}_dev_vid&0232c2_pid&0001_rev&0068_ccb624cd66b1#9&326e3aae&0&0000#{4d1e55b2-f16f-11cf-88cb-001111000030}
[15:39:44:967]\\?\hid#dell09c2&col05#5&bc4dc33&0&0004#{4d1e55b2-f16f-11cf-88cb-001111000030}
[15:39:44:967]\\?\hid#converteddevice&col01#5&17bac0a6&0&0000#{4d1e55b2-f16f-11cf-88cb-001111000030}\kbd
[15:39:44:967]\\?\hid#dell09c2&col01#5&bc4dc33&0&0000#{4d1e55b2-f16f-11cf-88cb-001111000030}
[15:39:44:967]\\?\hid#vid_046d&pid_0adf&mi_00#7&3ad8dff3&0&0000#{4d1e55b2-f16f-11cf-88cb-001111000030}
[15:39:44:967]\\?\hid#vid_046d&pid_0adf&mi_04#7&18e94d0e&0&0000#{4d1e55b2-f16f-11cf-88cb-001111000030}
[15:39:44:969]try_path=\\?\hid#vid_046d&pid_0adf&mi_00#7&3ad8dff3&0&0000#{4d1e55b2-f16f-11cf-88cb-001111000030}
[15:39:44:971]	InputReportByteLength=65
[15:39:44:971]	OutputReportByteLength=65
[15:39:44:972]HID_Connected=\\?\hid#vid_046d&pid_0adf&mi_00#7&3ad8dff3&0&0000#{4d1e55b2-f16f-11cf-88cb-001111000030}
[15:39:44:973][HID_TX]00-84-01-D1-55-01-00-00-00-00-00-00-00-00-00-00-00-00-00-00-00-00-00-00-00-00-00-00-00-00-00-00-00-00-00-00-00-00-00-00-00-00-00-00-00-00-00-00-00-00-00-00-00-00-00-00-00-00-00-00-00-00-00-00-00
[15:39:44:975]HidD_GetInputReport=True
[15:39:44:975]reply_report=00-4F-56-31-2E-38-2E-35-2E-31-00-00-00-00-00-00-00-00-00-00-00-00-00-00-00-00-00-00-00-00-00-00-00-00-00-00-00-00-00-00-00-00-00-00-00-00-00-00-00-00-00-00-00-00-00-00-00-00-00-00-00-00-00-00-00
[15:39:44:975][ys_tech] fw_version=V1.8.5.1
[15:39:44:976]ystech_Power_Saving, is_EnablePowerSaving=False
[15:39:44:976][HID_TX]00-85-01-83-8B-01-00-00-00-00-00-00-00-00-00-00-00-00-00-00-00-00-00-00-00-00-00-00-00-00-00-00-00-00-00-00-00-00-00-00-00-00-00-00-00-00-00-00-00-00-00-00-00-00-00-00-00-00-00-00-00-00-00-00-00
[15:39:44:977]HidD_GetInputReport=True
[15:39:44:977]reply_report=00-4F-00-00-00-00-00-00-00-00-00-00-00-00-00-00-00-00-00-00-00-00-00-00-00-00-00-00-00-00-00-00-00-00-00-00-00-00-00-00-00-00-00-00-00-00-00-00-00-00-00-00-00-00-00-00-00-00-00-00-00-00-00-00-00
[15:39:44:977]HID_CMD_POWER_SAVING_Disable
[15:39:44:977]path_connected=\\?\hid#vid_046d&pid_0adf&mi_00#7&3ad8dff3&0&0000#{4d1e55b2-f16f-11cf-88cb-001111000030}
[15:39:46:162][HID_TX]00-80-06-1C-7D-50-41-0E-01-01-E0-00-00-00-00-00-00-00-00-00-00-00-00-00-00-00-00-00-00-00-00-00-00-00-00-00-00-00-00-00-00-00-00-00-00-00-00-00-00-00-00-00-00-00-00-00-00-00-00-00-00-00-00-00-00
[15:39:46:163]HidD_GetInputReport=True
[15:39:46:163]reply_report=00-4F-00-00-00-00-00-00-00-00-00-00-00-00-00-00-00-00-00-00-00-00-00-00-00-00-00-00-00-00-00-00-00-00-00-00-00-00-00-00-00-00-00-00-00-00-00-00-00-00-00-00-00-00-00-00-00-00-00-00-00-00-00-00-00
[15:39:46:163]50-41-0E-01-01-E0 [CMD_SENT][REMOTE_GET_MODE]
[15:39:46:168][HID_TX_ack]00-19-50-49-01-C0-6E-13-00-00-03-00-0E-81-00-50-49-0E-C5-00-00-00-00-02-00-E0-00-00-32-00-00-00-00-00-00-00-00-00-00-00-00-00-00-00-00-00-00-00-00-00-00-00-00-00-00-00-00-00-00-00-00-00-00-00-00
[15:39:46:173]REMOTE_GET_MODE=00
[15:39:46:173]50-49-01-C0-6E-13-00-00-03-00-0E-81-00
[15:39:46:173]50-49-0E-C5-00-00-00-00-02-00-E0-00-
[15:39:46:173][HID_TX]00-80-07-1B-E1-50-41-06-02-01-00-63-00-00-00-00-00-00-00-00-00-00-00-00-00-00-00-00-00-00-00-00-00-00-00-00-00-00-00-00-00-00-00-00-00-00-00-00-00-00-00-00-00-00-00-00-00-00-00-00-00-00-00-00-00
[15:39:46:174]HidD_GetInputReport=True
[15:39:46:174]reply_report=00-4F-00-00-00-00-00-00-00-00-00-00-00-00-00-00-00-00-00-00-00-00-00-00-00-00-00-00-00-00-00-00-00-00-00-00-00-00-00-00-00-00-00-00-00-00-00-00-00-00-00-00-00-00-00-00-00-00-00-00-00-00-00-00-00
[15:39:46:174]50-41-06-02-01-00-63 [CMD_SENT][CMD_GET_IO_LEVEL]
[15:39:46:177][HID_TX_ack]00-12-50-49-01-C0-77-13-00-00-08-00-06-82-00-01-D8-FF-1F-00-00-00-00-02-00-E0-00-00-32-00-00-00-00-00-00-00-00-00-00-00-00-00-00-00-00-00-00-00-00-00-00-00-00-00-00-00-00-00-00-00-00-00-00-00-00
[15:39:46:177]50-49-01-C0-77-13-00-00-08-00-06-82-00-01-D8-FF-1F-00
[15:39:46:391][HID_TX]00-80-06-F7-52-50-41-0E-03-01-E0-00-00-00-00-00-00-00-00-00-00-00-00-00-00-00-00-00-00-00-00-00-00-00-00-00-00-00-00-00-00-00-00-00-00-00-00-00-00-00-00-00-00-00-00-00-00-00-00-00-00-00-00-00-00
[15:39:46:392]HidD_GetInputReport=True
[15:39:46:392]reply_report=00-4F-00-00-00-00-00-00-00-00-00-00-00-00-00-00-00-00-00-00-00-00-00-00-00-00-00-00-00-00-00-00-00-00-00-00-00-00-00-00-00-00-00-00-00-00-00-00-00-00-00-00-00-00-00-00-00-00-00-00-00-00-00-00-00
[15:39:46:392]50-41-0E-03-01-E0 [CMD_SENT][REMOTE_GET_MODE]
[15:39:46:396][HID_TX_ack]00-19-50-49-01-C0-25-14-00-00-03-00-0E-83-00-50-49-0E-C6-00-00-00-00-02-00-E0-00-00-32-00-00-00-00-00-00-00-00-00-00-00-00-00-00-00-00-00-00-00-00-00-00-00-00-00-00-00-00-00-00-00-00-00-00-00-00
[15:39:46:396]50-49-01-C0-25-14-00-00-03-00-0E-83-00
[15:39:46:396]50-49-0E-C6-00-00-00-00-02-00-E0-00-
[15:39:46:396]REMOTE_GET_MODE=00
[15:39:46:396][HID_TX]00-80-07-26-91-50-41-06-04-01-00-63-00-00-00-00-00-00-00-00-00-00-00-00-00-00-00-00-00-00-00-00-00-00-00-00-00-00-00-00-00-00-00-00-00-00-00-00-00-00-00-00-00-00-00-00-00-00-00-00-00-00-00-00-00
[15:39:46:397]HidD_GetInputReport=True
[15:39:46:397]reply_report=00-4F-00-00-00-00-00-00-00-00-00-00-00-00-00-00-00-00-00-00-00-00-00-00-00-00-00-00-00-00-00-00-00-00-00-00-00-00-00-00-00-00-00-00-00-00-00-00-00-00-00-00-00-00-00-00-00-00-00-00-00-00-00-00-00
[15:39:46:397]50-41-06-04-01-00-63 [CMD_SENT][CMD_GET_IO_LEVEL]
[15:39:46:400][HID_TX_ack]00-12-50-49-01-C0-2A-14-00-00-08-00-06-84-00-01-D8-FF-1F-00-00-00-00-02-00-E0-00-00-32-00-00-00-00-00-00-00-00-00-00-00-00-00-00-00-00-00-00-00-00-00-00-00-00-00-00-00-00-00-00-00-00-00-00-00-00
[15:39:46:400]50-49-01-C0-2A-14-00-00-08-00-06-84-00-01-D8-FF-1F-00
[15:39:46:590][HID_TX_ack]00-0D-50-49-11-C7-C1-14-00-00-03-00-20-EA-00-01-D8-FF-1F-00-00-00-00-02-00-E0-00-00-32-00-00-00-00-00-00-00-00-00-00-00-00-00-00-00-00-00-00-00-00-00-00-00-00-00-00-00-00-00-00-00-00-00-00-00-00
[15:39:46:590]50-49-11-C7-C1-14-00-00-03-00-20-EA-00
[15:39:46:602][HID_TX_ack]00-1A-50-49-01-C0-CA-14-00-00-03-00-11-8A-18-50-49-01-C0-CB-14-00-00-03-00-11-8B-17-32-00-00-00-00-00-00-00-00-00-00-00-00-00-00-00-00-00-00-00-00-00-00-00-00-00-00-00-00-00-00-00-00-00-00-00-00
[15:39:46:602]50-49-01-C0-CA-14-00-00-03-00-11-8A-18
[15:39:46:602]50-49-01-C0-CB-14-00-00-03-00-11-8B-17
[15:39:46:605][HID_TX_ack]00-0D-50-49-11-C8-CC-14-00-00-03-00-20-00-00-50-49-01-C0-CB-14-00-00-03-00-11-8B-17-32-00-00-00-00-00-00-00-00-00-00-00-00-00-00-00-00-00-00-00-00-00-00-00-00-00-00-00-00-00-00-00-00-00-00-00-00
[15:39:46:605]50-49-11-C8-CC-14-00-00-03-00-20-00-00
[15:39:46:621][HID_TX_ack]00-0D-50-49-01-C0-DA-14-00-00-03-00-11-8C-16-50-49-01-C0-CB-14-00-00-03-00-11-8B-17-32-00-00-00-00-00-00-00-00-00-00-00-00-00-00-00-00-00-00-00-00-00-00-00-00-00-00-00-00-00-00-00-00-00-00-00-00
[15:39:46:621]50-49-01-C0-DA-14-00-00-03-00-11-8C-16
[15:39:46:624][HID_TX]00-80-06-CA-22-50-41-0E-05-01-E0-00-00-00-00-00-00-00-00-00-00-00-00-00-00-00-00-00-00-00-00-00-00-00-00-00-00-00-00-00-00-00-00-00-00-00-00-00-00-00-00-00-00-00-00-00-00-00-00-00-00-00-00-00-00
[15:39:46:625]HidD_GetInputReport=True
[15:39:46:625]reply_report=00-4F-00-00-00-00-00-00-00-00-00-00-00-00-00-00-00-00-00-00-00-00-00-00-00-00-00-00-00-00-00-00-00-00-00-00-00-00-00-00-00-00-00-00-00-00-00-00-00-00-00-00-00-00-00-00-00-00-00-00-00-00-00-00-00
[15:39:46:625]50-41-0E-05-01-E0 [CMD_SENT][REMOTE_GET_MODE]
[15:39:46:628][HID_TX_ack]00-19-50-49-01-C0-E0-14-00-00-03-00-0E-85-00-50-49-0E-C9-00-00-00-00-02-00-E0-00-17-32-00-00-00-00-00-00-00-00-00-00-00-00-00-00-00-00-00-00-00-00-00-00-00-00-00-00-00-00-00-00-00-00-00-00-00-00
[15:39:46:628]50-49-01-C0-E0-14-00-00-03-00-0E-85-00
[15:39:46:628]50-49-0E-C9-00-00-00-00-02-00-E0-00-
[15:39:46:628]REMOTE_GET_MODE=00
[15:39:46:628][HID_TX]00-80-07-CD-BE-50-41-06-06-01-00-63-00-00-00-00-00-00-00-00-00-00-00-00-00-00-00-00-00-00-00-00-00-00-00-00-00-00-00-00-00-00-00-00-00-00-00-00-00-00-00-00-00-00-00-00-00-00-00-00-00-00-00-00-00
[15:39:46:629]HidD_GetInputReport=True
[15:39:46:629]reply_report=00-4F-00-00-00-00-00-00-00-00-00-00-00-00-00-00-00-00-00-00-00-00-00-00-00-00-00-00-00-00-00-00-00-00-00-00-00-00-00-00-00-00-00-00-00-00-00-00-00-00-00-00-00-00-00-00-00-00-00-00-00-00-00-00-00
[15:39:46:629]50-41-06-06-01-00-63 [CMD_SENT][CMD_GET_IO_LEVEL]
[15:39:46:632][HID_TX_ack]00-12-50-49-01-C0-E3-14-00-00-08-00-06-86-00-01-D8-FF-1F-00-00-00-00-02-00-E0-00-17-32-00-00-00-00-00-00-00-00-00-00-00-00-00-00-00-00-00-00-00-00-00-00-00-00-00-00-00-00-00-00-00-00-00-00-00-00
[15:39:46:632]50-49-01-C0-E3-14-00-00-08-00-06-86-00-01-D8-FF-1F-00
[15:39:46:841][HID_TX]00-80-06-21-0D-50-41-0E-07-01-E0-00-00-00-00-00-00-00-00-00-00-00-00-00-00-00-00-00-00-00-00-00-00-00-00-00-00-00-00-00-00-00-00-00-00-00-00-00-00-00-00-00-00-00-00-00-00-00-00-00-00-00-00-00-00
[15:39:46:842]HidD_GetInputReport=True
[15:39:46:842]reply_report=00-4F-00-00-00-00-00-00-00-00-00-00-00-00-00-00-00-00-00-00-00-00-00-00-00-00-00-00-00-00-00-00-00-00-00-00-00-00-00-00-00-00-00-00-00-00-00-00-00-00-00-00-00-00-00-00-00-00-00-00-00-00-00-00-00
[15:39:46:842]50-41-0E-07-01-E0 [CMD_SENT][REMOTE_GET_MODE]
[15:39:46:845][HID_TX_ack]00-19-50-49-01-C0-8D-15-00-00-03-00-0E-87-00-50-49-0E-CA-00-00-00-00-02-00-E0-00-17-32-00-00-00-00-00-00-00-00-00-00-00-00-00-00-00-00-00-00-00-00-00-00-00-00-00-00-00-00-00-00-00-00-00-00-00-00
[15:39:46:845]50-49-01-C0-8D-15-00-00-03-00-0E-87-00
[15:39:46:845]50-49-0E-CA-00-00-00-00-02-00-E0-00-
[15:39:46:845]REMOTE_GET_MODE=00
[15:39:46:845][HID_TX]00-80-07-5C-71-50-41-06-08-01-00-63-00-00-00-00-00-00-00-00-00-00-00-00-00-00-00-00-00-00-00-00-00-00-00-00-00-00-00-00-00-00-00-00-00-00-00-00-00-00-00-00-00-00-00-00-00-00-00-00-00-00-00-00-00
[15:39:46:846]HidD_GetInputReport=True
[15:39:46:846]reply_report=00-4F-00-00-00-00-00-00-00-00-00-00-00-00-00-00-00-00-00-00-00-00-00-00-00-00-00-00-00-00-00-00-00-00-00-00-00-00-00-00-00-00-00-00-00-00-00-00-00-00-00-00-00-00-00-00-00-00-00-00-00-00-00-00-00
[15:39:46:846]50-41-06-08-01-00-63 [CMD_SENT][CMD_GET_IO_LEVEL]
[15:39:46:849][HID_TX_ack]00-12-50-49-01-C0-91-15-00-00-08-00-06-88-00-01-D8-FF-1F-00-00-00-00-02-00-E0-00-17-32-00-00-00-00-00-00-00-00-00-00-00-00-00-00-00-00-00-00-00-00-00-00-00-00-00-00-00-00-00-00-00-00-00-00-00-00
[15:39:46:849]50-49-01-C0-91-15-00-00-08-00-06-88-00-01-D8-FF-1F-00
[15:39:47:072][HID_TX]00-80-06-B0-C2-50-41-0E-09-01-E0-00-00-00-00-00-00-00-00-00-00-00-00-00-00-00-00-00-00-00-00-00-00-00-00-00-00-00-00-00-00-00-00-00-00-00-00-00-00-00-00-00-00-00-00-00-00-00-00-00-00-00-00-00-00
[15:39:47:073]HidD_GetInputReport=True
[15:39:47:073]reply_report=00-4F-00-00-00-00-00-00-00-00-00-00-00-00-00-00-00-00-00-00-00-00-00-00-00-00-00-00-00-00-00-00-00-00-00-00-00-00-00-00-00-00-00-00-00-00-00-00-00-00-00-00-00-00-00-00-00-00-00-00-00-00-00-00-00
[15:39:47:073]50-41-0E-09-01-E0 [CMD_SENT][REMOTE_GET_MODE]
[15:39:47:078][HID_TX_ack]00-19-50-49-01-C0-46-16-00-00-03-00-0E-89-00-50-49-0E-CB-00-00-00-00-02-00-E0-00-17-32-00-00-00-00-00-00-00-00-00-00-00-00-00-00-00-00-00-00-00-00-00-00-00-00-00-00-00-00-00-00-00-00-00-00-00-00
[15:39:47:078]50-49-01-C0-46-16-00-00-03-00-0E-89-00
[15:39:47:078]50-49-0E-CB-00-00-00-00-02-00-E0-00-
[15:39:47:078]REMOTE_GET_MODE=00
[15:39:47:078][HID_TX]00-80-07-B7-5E-50-41-06-0A-01-00-63-00-00-00-00-00-00-00-00-00-00-00-00-00-00-00-00-00-00-00-00-00-00-00-00-00-00-00-00-00-00-00-00-00-00-00-00-00-00-00-00-00-00-00-00-00-00-00-00-00-00-00-00-00
[15:39:47:079]HidD_GetInputReport=True
[15:39:47:079]reply_report=00-4F-00-00-00-00-00-00-00-00-00-00-00-00-00-00-00-00-00-00-00-00-00-00-00-00-00-00-00-00-00-00-00-00-00-00-00-00-00-00-00-00-00-00-00-00-00-00-00-00-00-00-00-00-00-00-00-00-00-00-00-00-00-00-00
[15:39:47:079]50-41-06-0A-01-00-63 [CMD_SENT][CMD_GET_IO_LEVEL]
[15:39:47:082][HID_TX_ack]00-12-50-49-01-C0-4B-16-00-00-08-00-06-8A-00-01-D8-FF-1F-00-00-00-00-02-00-E0-00-17-32-00-00-00-00-00-00-00-00-00-00-00-00-00-00-00-00-00-00-00-00-00-00-00-00-00-00-00-00-00-00-00-00-00-00-00-00
[15:39:47:082]50-49-01-C0-4B-16-00-00-08-00-06-8A-00-01-D8-FF-1F-00
[15:39:47:303][HID_TX]00-80-06-5B-ED-50-41-0E-0B-01-E0-00-00-00-00-00-00-00-00-00-00-00-00-00-00-00-00-00-00-00-00-00-00-00-00-00-00-00-00-00-00-00-00-00-00-00-00-00-00-00-00-00-00-00-00-00-00-00-00-00-00-00-00-00-00
[15:39:47:304]HidD_GetInputReport=True
[15:39:47:304]reply_report=00-4F-00-00-00-00-00-00-00-00-00-00-00-00-00-00-00-00-00-00-00-00-00-00-00-00-00-00-00-00-00-00-00-00-00-00-00-00-00-00-00-00-00-00-00-00-00-00-00-00-00-00-00-00-00-00-00-00-00-00-00-00-00-00-00
[15:39:47:304]50-41-0E-0B-01-E0 [CMD_SENT][REMOTE_GET_MODE]
[15:39:47:307][HID_TX_ack]00-19-50-49-01-C0-FF-16-00-00-03-00-0E-8B-00-50-49-0E-CC-00-00-00-00-02-00-E0-00-17-32-00-00-00-00-00-00-00-00-00-00-00-00-00-00-00-00-00-00-00-00-00-00-00-00-00-00-00-00-00-00-00-00-00-00-00-00
[15:39:47:307]50-49-01-C0-FF-16-00-00-03-00-0E-8B-00
[15:39:47:307]50-49-0E-CC-00-00-00-00-02-00-E0-00-
[15:39:47:307]REMOTE_GET_MODE=00
[15:39:47:307][HID_TX]00-80-07-8A-2E-50-41-06-0C-01-00-63-00-00-00-00-00-00-00-00-00-00-00-00-00-00-00-00-00-00-00-00-00-00-00-00-00-00-00-00-00-00-00-00-00-00-00-00-00-00-00-00-00-00-00-00-00-00-00-00-00-00-00-00-00
[15:39:47:308]HidD_GetInputReport=True
[15:39:47:308]reply_report=00-4F-00-00-00-00-00-00-00-00-00-00-00-00-00-00-00-00-00-00-00-00-00-00-00-00-00-00-00-00-00-00-00-00-00-00-00-00-00-00-00-00-00-00-00-00-00-00-00-00-00-00-00-00-00-00-00-00-00-00-00-00-00-00-00
[15:39:47:308]50-41-06-0C-01-00-63 [CMD_SENT][CMD_GET_IO_LEVEL]
[15:39:47:311][HID_TX_ack]00-12-50-49-01-C0-02-17-00-00-08-00-06-8C-00-01-D8-FF-1F-00-00-00-00-02-00-E0-00-17-32-00-00-00-00-00-00-00-00-00-00-00-00-00-00-00-00-00-00-00-00-00-00-00-00-00-00-00-00-00-00-00-00-00-00-00-00
[15:39:47:311]50-49-01-C0-02-17-00-00-08-00-06-8C-00-01-D8-FF-1F-00
[15:39:47:533][HID_TX]00-80-06-66-9D-50-41-0E-0D-01-E0-00-00-00-00-00-00-00-00-00-00-00-00-00-00-00-00-00-00-00-00-00-00-00-00-00-00-00-00-00-00-00-00-00-00-00-00-00-00-00-00-00-00-00-00-00-00-00-00-00-00-00-00-00-00
[15:39:47:534]HidD_GetInputReport=True
[15:39:47:534]reply_report=00-4F-00-00-00-00-00-00-00-00-00-00-00-00-00-00-00-00-00-00-00-00-00-00-00-00-00-00-00-00-00-00-00-00-00-00-00-00-00-00-00-00-00-00-00-00-00-00-00-00-00-00-00-00-00-00-00-00-00-00-00-00-00-00-00
[15:39:47:534]50-41-0E-0D-01-E0 [CMD_SENT][REMOTE_GET_MODE]
[15:39:47:537][HID_TX_ack]00-19-50-49-01-C0-B7-17-00-00-03-00-0E-8D-00-50-49-0E-CD-00-00-00-00-02-00-E0-00-17-32-00-00-00-00-00-00-00-00-00-00-00-00-00-00-00-00-00-00-00-00-00-00-00-00-00-00-00-00-00-00-00-00-00-00-00-00
[15:39:47:537]50-49-01-C0-B7-17-00-00-03-00-0E-8D-00
[15:39:47:537]50-49-0E-CD-00-00-00-00-02-00-E0-00-
[15:39:47:537]REMOTE_GET_MODE=00
[15:39:47:537][HID_TX]00-80-07-61-01-50-41-06-0E-01-00-63-00-00-00-00-00-00-00-00-00-00-00-00-00-00-00-00-00-00-00-00-00-00-00-00-00-00-00-00-00-00-00-00-00-00-00-00-00-00-00-00-00-00-00-00-00-00-00-00-00-00-00-00-00
[15:39:47:538]HidD_GetInputReport=True
[15:39:47:538]reply_report=00-4F-00-00-00-00-00-00-00-00-00-00-00-00-00-00-00-00-00-00-00-00-00-00-00-00-00-00-00-00-00-00-00-00-00-00-00-00-00-00-00-00-00-00-00-00-00-00-00-00-00-00-00-00-00-00-00-00-00-00-00-00-00-00-00
[15:39:47:538]50-41-06-0E-01-00-63 [CMD_SENT][CMD_GET_IO_LEVEL]
[15:39:47:541][HID_TX_ack]00-12-50-49-01-C0-BA-17-00-00-08-00-06-8E-00-01-D8-FF-1F-00-00-00-00-02-00-E0-00-17-32-00-00-00-00-00-00-00-00-00-00-00-00-00-00-00-00-00-00-00-00-00-00-00-00-00-00-00-00-00-00-00-00-00-00-00-00
[15:39:47:541]50-49-01-C0-BA-17-00-00-08-00-06-8E-00-01-D8-FF-1F-00
[15:39:47:748][HID_TX]00-80-06-8D-B2-50-41-0E-0F-01-E0-00-00-00-00-00-00-00-00-00-00-00-00-00-00-00-00-00-00-00-00-00-00-00-00-00-00-00-00-00-00-00-00-00-00-00-00-00-00-00-00-00-00-00-00-00-00-00-00-00-00-00-00-00-00
[15:39:47:749]HidD_GetInputReport=True
[15:39:47:749]reply_report=00-4F-00-00-00-00-00-00-00-00-00-00-00-00-00-00-00-00-00-00-00-00-00-00-00-00-00-00-00-00-00-00-00-00-00-00-00-00-00-00-00-00-00-00-00-00-00-00-00-00-00-00-00-00-00-00-00-00-00-00-00-00-00-00-00
[15:39:47:749]50-41-0E-0F-01-E0 [CMD_SENT][REMOTE_GET_MODE]
[15:39:47:752][HID_TX_ack]00-19-50-49-01-C0-63-18-00-00-03-00-0E-8F-00-50-49-0E-CE-00-00-00-00-02-00-E0-00-17-32-00-00-00-00-00-00-00-00-00-00-00-00-00-00-00-00-00-00-00-00-00-00-00-00-00-00-00-00-00-00-00-00-00-00-00-00
[15:39:47:752]50-49-01-C0-63-18-00-00-03-00-0E-8F-00
[15:39:47:752]50-49-0E-CE-00-00-00-00-02-00-E0-00-
[15:39:47:752]REMOTE_GET_MODE=00
[15:39:47:752][HID_TX]00-80-07-89-A1-50-41-06-10-01-00-63-00-00-00-00-00-00-00-00-00-00-00-00-00-00-00-00-00-00-00-00-00-00-00-00-00-00-00-00-00-00-00-00-00-00-00-00-00-00-00-00-00-00-00-00-00-00-00-00-00-00-00-00-00
[15:39:47:753]HidD_GetInputReport=True
[15:39:47:753]reply_report=00-4F-00-00-00-00-00-00-00-00-00-00-00-00-00-00-00-00-00-00-00-00-00-00-00-00-00-00-00-00-00-00-00-00-00-00-00-00-00-00-00-00-00-00-00-00-00-00-00-00-00-00-00-00-00-00-00-00-00-00-00-00-00-00-00
[15:39:47:753]50-41-06-10-01-00-63 [CMD_SENT][CMD_GET_IO_LEVEL]
[15:39:47:756][HID_TX_ack]00-12-50-49-01-C0-66-18-00-00-08-00-06-90-00-01-D8-FF-1F-00-00-00-00-02-00-E0-00-17-32-00-00-00-00-00-00-00-00-00-00-00-00-00-00-00-00-00-00-00-00-00-00-00-00-00-00-00-00-00-00-00-00-00-00-00-00
[15:39:47:756]50-49-01-C0-66-18-00-00-08-00-06-90-00-01-D8-FF-1F-00
[15:39:47:981][HID_TX]00-80-06-65-12-50-41-0E-11-01-E0-00-00-00-00-00-00-00-00-00-00-00-00-00-00-00-00-00-00-00-00-00-00-00-00-00-00-00-00-00-00-00-00-00-00-00-00-00-00-00-00-00-00-00-00-00-00-00-00-00-00-00-00-00-00
[15:39:47:982]HidD_GetInputReport=True
[15:39:47:982]reply_report=00-4F-00-00-00-00-00-00-00-00-00-00-00-00-00-00-00-00-00-00-00-00-00-00-00-00-00-00-00-00-00-00-00-00-00-00-00-00-00-00-00-00-00-00-00-00-00-00-00-00-00-00-00-00-00-00-00-00-00-00-00-00-00-00-00
[15:39:47:982]50-41-0E-11-01-E0 [CMD_SENT][REMOTE_GET_MODE]
[15:39:47:985][HID_TX_ack]00-19-50-49-01-C0-1D-19-00-00-03-00-0E-91-00-50-49-0E-CF-00-00-00-00-02-00-E0-00-17-32-00-00-00-00-00-00-00-00-00-00-00-00-00-00-00-00-00-00-00-00-00-00-00-00-00-00-00-00-00-00-00-00-00-00-00-00
[15:39:47:985]50-49-01-C0-1D-19-00-00-03-00-0E-91-00
[15:39:47:985]50-49-0E-CF-00-00-00-00-02-00-E0-00-
[15:39:47:985]REMOTE_GET_MODE=00
[15:39:47:985][HID_TX]00-80-07-62-8E-50-41-06-12-01-00-63-00-00-00-00-00-00-00-00-00-00-00-00-00-00-00-00-00-00-00-00-00-00-00-00-00-00-00-00-00-00-00-00-00-00-00-00-00-00-00-00-00-00-00-00-00-00-00-00-00-00-00-00-00
[15:39:47:986]HidD_GetInputReport=True
[15:39:47:986]reply_report=00-4F-00-00-00-00-00-00-00-00-00-00-00-00-00-00-00-00-00-00-00-00-00-00-00-00-00-00-00-00-00-00-00-00-00-00-00-00-00-00-00-00-00-00-00-00-00-00-00-00-00-00-00-00-00-00-00-00-00-00-00-00-00-00-00
[15:39:47:986]50-41-06-12-01-00-63 [CMD_SENT][CMD_GET_IO_LEVEL]
[15:39:47:989][HID_TX_ack]00-12-50-49-01-C0-21-19-00-00-08-00-06-92-00-01-D8-FF-1F-00-00-00-00-02-00-E0-00-17-32-00-00-00-00-00-00-00-00-00-00-00-00-00-00-00-00-00-00-00-00-00-00-00-00-00-00-00-00-00-00-00-00-00-00-00-00
[15:39:47:989]50-49-01-C0-21-19-00-00-08-00-06-92-00-01-D8-FF-1F-00
[15:39:48:198][HID_TX]00-80-06-8E-3D-50-41-0E-13-01-E0-00-00-00-00-00-00-00-00-00-00-00-00-00-00-00-00-00-00-00-00-00-00-00-00-00-00-00-00-00-00-00-00-00-00-00-00-00-00-00-00-00-00-00-00-00-00-00-00-00-00-00-00-00-00
[15:39:48:198]HidD_GetInputReport=True
[15:39:48:198]reply_report=00-4F-00-00-00-00-00-00-00-00-00-00-00-00-00-00-00-00-00-00-00-00-00-00-00-00-00-00-00-00-00-00-00-00-00-00-00-00-00-00-00-00-00-00-00-00-00-00-00-00-00-00-00-00-00-00-00-00-00-00-00-00-00-00-00
[15:39:48:198]50-41-0E-13-01-E0 [CMD_SENT][REMOTE_GET_MODE]
[15:39:48:201][HID_TX_ack]00-19-50-49-01-C0-CA-19-00-00-03-00-0E-93-00-50-49-0E-D0-00-00-00-00-02-00-E0-00-17-32-00-00-00-00-00-00-00-00-00-00-00-00-00-00-00-00-00-00-00-00-00-00-00-00-00-00-00-00-00-00-00-00-00-00-00-00
[15:39:48:201]50-49-01-C0-CA-19-00-00-03-00-0E-93-00
[15:39:48:201]50-49-0E-D0-00-00-00-00-02-00-E0-00-
[15:39:48:201]REMOTE_GET_MODE=00
[15:39:48:201][HID_TX]00-80-07-5F-FE-50-41-06-14-01-00-63-00-00-00-00-00-00-00-00-00-00-00-00-00-00-00-00-00-00-00-00-00-00-00-00-00-00-00-00-00-00-00-00-00-00-00-00-00-00-00-00-00-00-00-00-00-00-00-00-00-00-00-00-00
[15:39:48:202]HidD_GetInputReport=True
[15:39:48:202]reply_report=00-4F-00-00-00-00-00-00-00-00-00-00-00-00-00-00-00-00-00-00-00-00-00-00-00-00-00-00-00-00-00-00-00-00-00-00-00-00-00-00-00-00-00-00-00-00-00-00-00-00-00-00-00-00-00-00-00-00-00-00-00-00-00-00-00
[15:39:48:202]50-41-06-14-01-00-63 [CMD_SENT][CMD_GET_IO_LEVEL]
[15:39:48:205][HID_TX_ack]00-12-50-49-01-C0-CE-19-00-00-08-00-06-94-00-01-D8-FF-1F-00-00-00-00-02-00-E0-00-17-32-00-00-00-00-00-00-00-00-00-00-00-00-00-00-00-00-00-00-00-00-00-00-00-00-00-00-00-00-00-00-00-00-00-00-00-00
[15:39:48:205]50-49-01-C0-CE-19-00-00-08-00-06-94-00-01-D8-FF-1F-00
[15:39:48:430][HID_TX]00-80-06-B3-4D-50-41-0E-15-01-E0-00-00-00-00-00-00-00-00-00-00-00-00-00-00-00-00-00-00-00-00-00-00-00-00-00-00-00-00-00-00-00-00-00-00-00-00-00-00-00-00-00-00-00-00-00-00-00-00-00-00-00-00-00-00
[15:39:48:430]HidD_GetInputReport=True
[15:39:48:430]reply_report=00-4F-00-00-00-00-00-00-00-00-00-00-00-00-00-00-00-00-00-00-00-00-00-00-00-00-00-00-00-00-00-00-00-00-00-00-00-00-00-00-00-00-00-00-00-00-00-00-00-00-00-00-00-00-00-00-00-00-00-00-00-00-00-00-00
[15:39:48:430]50-41-0E-15-01-E0 [CMD_SENT][REMOTE_GET_MODE]
[15:39:48:433][HID_TX_ack]00-19-50-49-01-C0-84-1A-00-00-03-00-0E-95-00-50-49-0E-D1-00-00-00-00-02-00-E0-00-17-32-00-00-00-00-00-00-00-00-00-00-00-00-00-00-00-00-00-00-00-00-00-00-00-00-00-00-00-00-00-00-00-00-00-00-00-00
[15:39:48:433]50-49-01-C0-84-1A-00-00-03-00-0E-95-00
[15:39:48:433]50-49-0E-D1-00-00-00-00-02-00-E0-00-
[15:39:48:433]REMOTE_GET_MODE=00
[15:39:48:433][HID_TX]00-80-07-B4-D1-50-41-06-16-01-00-63-00-00-00-00-00-00-00-00-00-00-00-00-00-00-00-00-00-00-00-00-00-00-00-00-00-00-00-00-00-00-00-00-00-00-00-00-00-00-00-00-00-00-00-00-00-00-00-00-00-00-00-00-00
[15:39:48:434]HidD_GetInputReport=True
[15:39:48:434]reply_report=00-4F-00-00-00-00-00-00-00-00-00-00-00-00-00-00-00-00-00-00-00-00-00-00-00-00-00-00-00-00-00-00-00-00-00-00-00-00-00-00-00-00-00-00-00-00-00-00-00-00-00-00-00-00-00-00-00-00-00-00-00-00-00-00-00
[15:39:48:434]50-41-06-16-01-00-63 [CMD_SENT][CMD_GET_IO_LEVEL]
[15:39:48:437][HID_TX_ack]00-12-50-49-01-C0-87-1A-00-00-08-00-06-96-00-01-D8-FF-1F-00-00-00-00-02-00-E0-00-17-32-00-00-00-00-00-00-00-00-00-00-00-00-00-00-00-00-00-00-00-00-00-00-00-00-00-00-00-00-00-00-00-00-00-00-00-00
[15:39:48:437]50-49-01-C0-87-1A-00-00-08-00-06-96-00-01-D8-FF-1F-00
[15:39:48:645][HID_TX]00-80-06-58-62-50-41-0E-17-01-E0-00-00-00-00-00-00-00-00-00-00-00-00-00-00-00-00-00-00-00-00-00-00-00-00-00-00-00-00-00-00-00-00-00-00-00-00-00-00-00-00-00-00-00-00-00-00-00-00-00-00-00-00-00-00
[15:39:48:646]HidD_GetInputReport=True
[15:39:48:646]reply_report=00-4F-00-00-00-00-00-00-00-00-00-00-00-00-00-00-00-00-00-00-00-00-00-00-00-00-00-00-00-00-00-00-00-00-00-00-00-00-00-00-00-00-00-00-00-00-00-00-00-00-00-00-00-00-00-00-00-00-00-00-00-00-00-00-00
[15:39:48:646]50-41-0E-17-01-E0 [CMD_SENT][REMOTE_GET_MODE]
[15:39:48:649][HID_TX_ack]00-19-50-49-01-C0-31-1B-00-00-03-00-0E-97-00-50-49-0E-D2-00-00-00-00-02-00-E0-00-17-32-00-00-00-00-00-00-00-00-00-00-00-00-00-00-00-00-00-00-00-00-00-00-00-00-00-00-00-00-00-00-00-00-00-00-00-00
[15:39:48:649]50-49-01-C0-31-1B-00-00-03-00-0E-97-00
[15:39:48:649]50-49-0E-D2-00-00-00-00-02-00-E0-00-
[15:39:48:649]REMOTE_GET_MODE=00
[15:39:48:649][HID_TX]00-80-07-25-1E-50-41-06-18-01-00-63-00-00-00-00-00-00-00-00-00-00-00-00-00-00-00-00-00-00-00-00-00-00-00-00-00-00-00-00-00-00-00-00-00-00-00-00-00-00-00-00-00-00-00-00-00-00-00-00-00-00-00-00-00
[15:39:48:650]HidD_GetInputReport=True
[15:39:48:650]reply_report=00-4F-00-00-00-00-00-00-00-00-00-00-00-00-00-00-00-00-00-00-00-00-00-00-00-00-00-00-00-00-00-00-00-00-00-00-00-00-00-00-00-00-00-00-00-00-00-00-00-00-00-00-00-00-00-00-00-00-00-00-00-00-00-00-00
[15:39:48:650]50-41-06-18-01-00-63 [CMD_SENT][CMD_GET_IO_LEVEL]
[15:39:48:654][HID_TX_ack]00-12-50-49-01-C0-34-1B-00-00-08-00-06-98-00-01-D8-FF-1F-00-00-00-00-02-00-E0-00-17-32-00-00-00-00-00-00-00-00-00-00-00-00-00-00-00-00-00-00-00-00-00-00-00-00-00-00-00-00-00-00-00-00-00-00-00-00
[15:39:48:654]50-49-01-C0-34-1B-00-00-08-00-06-98-00-01-D8-FF-1F-00
[15:39:48:877][HID_TX]00-80-06-C9-AD-50-41-0E-19-01-E0-00-00-00-00-00-00-00-00-00-00-00-00-00-00-00-00-00-00-00-00-00-00-00-00-00-00-00-00-00-00-00-00-00-00-00-00-00-00-00-00-00-00-00-00-00-00-00-00-00-00-00-00-00-00
[15:39:48:878]HidD_GetInputReport=True
[15:39:48:878]reply_report=00-4F-00-00-00-00-00-00-00-00-00-00-00-00-00-00-00-00-00-00-00-00-00-00-00-00-00-00-00-00-00-00-00-00-00-00-00-00-00-00-00-00-00-00-00-00-00-00-00-00-00-00-00-00-00-00-00-00-00-00-00-00-00-00-00
[15:39:48:878]50-41-0E-19-01-E0 [CMD_SENT][REMOTE_GET_MODE]
[15:39:48:881][HID_TX_ack]00-19-50-49-01-C0-EA-1B-00-00-03-00-0E-99-00-50-49-0E-D3-00-00-00-00-02-00-E0-00-17-32-00-00-00-00-00-00-00-00-00-00-00-00-00-00-00-00-00-00-00-00-00-00-00-00-00-00-00-00-00-00-00-00-00-00-00-00
[15:39:48:881]50-49-01-C0-EA-1B-00-00-03-00-0E-99-00
[15:39:48:881]50-49-0E-D3-00-00-00-00-02-00-E0-00-
[15:39:48:881]REMOTE_GET_MODE=00
[15:39:48:881][HID_TX]00-80-07-CE-31-50-41-06-1A-01-00-63-00-00-00-00-00-00-00-00-00-00-00-00-00-00-00-00-00-00-00-00-00-00-00-00-00-00-00-00-00-00-00-00-00-00-00-00-00-00-00-00-00-00-00-00-00-00-00-00-00-00-00-00-00
[15:39:48:882]HidD_GetInputReport=True
[15:39:48:882]reply_report=00-4F-00-00-00-00-00-00-00-00-00-00-00-00-00-00-00-00-00-00-00-00-00-00-00-00-00-00-00-00-00-00-00-00-00-00-00-00-00-00-00-00-00-00-00-00-00-00-00-00-00-00-00-00-00-00-00-00-00-00-00-00-00-00-00
[15:39:48:882]50-41-06-1A-01-00-63 [CMD_SENT][CMD_GET_IO_LEVEL]
[15:39:48:885][HID_TX_ack]00-12-50-49-01-C0-EE-1B-00-00-08-00-06-9A-00-01-D8-FF-1F-00-00-00-00-02-00-E0-00-17-32-00-00-00-00-00-00-00-00-00-00-00-00-00-00-00-00-00-00-00-00-00-00-00-00-00-00-00-00-00-00-00-00-00-00-00-00
[15:39:48:885]50-49-01-C0-EE-1B-00-00-08-00-06-9A-00-01-D8-FF-1F-00
[15:39:49:108][HID_TX]00-80-06-22-82-50-41-0E-1B-01-E0-00-00-00-00-00-00-00-00-00-00-00-00-00-00-00-00-00-00-00-00-00-00-00-00-00-00-00-00-00-00-00-00-00-00-00-00-00-00-00-00-00-00-00-00-00-00-00-00-00-00-00-00-00-00
[15:39:49:110]HidD_GetInputReport=True
[15:39:49:110]reply_report=00-4F-00-00-00-00-00-00-00-00-00-00-00-00-00-00-00-00-00-00-00-00-00-00-00-00-00-00-00-00-00-00-00-00-00-00-00-00-00-00-00-00-00-00-00-00-00-00-00-00-00-00-00-00-00-00-00-00-00-00-00-00-00-00-00
[15:39:49:110]50-41-0E-1B-01-E0 [CMD_SENT][REMOTE_GET_MODE]
[15:39:49:112][HID_TX_ack]00-19-50-49-01-C0-A3-1C-00-00-03-00-0E-9B-00-50-49-0E-D4-00-00-00-00-02-00-E0-00-17-32-00-00-00-00-00-00-00-00-00-00-00-00-00-00-00-00-00-00-00-00-00-00-00-00-00-00-00-00-00-00-00-00-00-00-00-00
[15:39:49:112]50-49-01-C0-A3-1C-00-00-03-00-0E-9B-00
[15:39:49:112]50-49-0E-D4-00-00-00-00-02-00-E0-00-
[15:39:49:112]REMOTE_GET_MODE=00
[15:39:49:112][HID_TX]00-80-07-F3-41-50-41-06-1C-01-00-63-00-00-00-00-00-00-00-00-00-00-00-00-00-00-00-00-00-00-00-00-00-00-00-00-00-00-00-00-00-00-00-00-00-00-00-00-00-00-00-00-00-00-00-00-00-00-00-00-00-00-00-00-00
[15:39:49:113]HidD_GetInputReport=True
[15:39:49:113]reply_report=00-4F-00-00-00-00-00-00-00-00-00-00-00-00-00-00-00-00-00-00-00-00-00-00-00-00-00-00-00-00-00-00-00-00-00-00-00-00-00-00-00-00-00-00-00-00-00-00-00-00-00-00-00-00-00-00-00-00-00-00-00-00-00-00-00
[15:39:49:113]50-41-06-1C-01-00-63 [CMD_SENT][CMD_GET_IO_LEVEL]
[15:39:49:116][HID_TX_ack]00-12-50-49-01-C0-A6-1C-00-00-08-00-06-9C-00-01-D8-FF-1F-00-00-00-00-02-00-E0-00-17-32-00-00-00-00-00-00-00-00-00-00-00-00-00-00-00-00-00-00-00-00-00-00-00-00-00-00-00-00-00-00-00-00-00-00-00-00
[15:39:49:116]50-49-01-C0-A6-1C-00-00-08-00-06-9C-00-01-D8-FF-1F-00
[15:39:49:339][HID_TX]00-80-06-1F-F2-50-41-0E-1D-01-E0-00-00-00-00-00-00-00-00-00-00-00-00-00-00-00-00-00-00-00-00-00-00-00-00-00-00-00-00-00-00-00-00-00-00-00-00-00-00-00-00-00-00-00-00-00-00-00-00-00-00-00-00-00-00
[15:39:49:339]HidD_GetInputReport=True
[15:39:49:339]reply_report=00-4F-00-00-00-00-00-00-00-00-00-00-00-00-00-00-00-00-00-00-00-00-00-00-00-00-00-00-00-00-00-00-00-00-00-00-00-00-00-00-00-00-00-00-00-00-00-00-00-00-00-00-00-00-00-00-00-00-00-00-00-00-00-00-00
[15:39:49:339]50-41-0E-1D-01-E0 [CMD_SENT][REMOTE_GET_MODE]
[15:39:49:343][HID_TX_ack]00-19-50-49-01-C0-5B-1D-00-00-03-00-0E-9D-00-50-49-0E-D5-00-00-00-00-02-00-E0-00-17-32-00-00-00-00-00-00-00-00-00-00-00-00-00-00-00-00-00-00-00-00-00-00-00-00-00-00-00-00-00-00-00-00-00-00-00-00
[15:39:49:343]50-49-01-C0-5B-1D-00-00-03-00-0E-9D-00
[15:39:49:343]50-49-0E-D5-00-00-00-00-02-00-E0-00-
[15:39:49:343]REMOTE_GET_MODE=00
[15:39:49:343][HID_TX]00-80-07-18-6E-50-41-06-1E-01-00-63-00-00-00-00-00-00-00-00-00-00-00-00-00-00-00-00-00-00-00-00-00-00-00-00-00-00-00-00-00-00-00-00-00-00-00-00-00-00-00-00-00-00-00-00-00-00-00-00-00-00-00-00-00
[15:39:49:344]HidD_GetInputReport=True
[15:39:49:344]reply_report=00-4F-00-00-00-00-00-00-00-00-00-00-00-00-00-00-00-00-00-00-00-00-00-00-00-00-00-00-00-00-00-00-00-00-00-00-00-00-00-00-00-00-00-00-00-00-00-00-00-00-00-00-00-00-00-00-00-00-00-00-00-00-00-00-00
[15:39:49:344]50-41-06-1E-01-00-63 [CMD_SENT][CMD_GET_IO_LEVEL]
[15:39:49:346][HID_TX_ack]00-12-50-49-01-C0-5E-1D-00-00-08-00-06-9E-00-01-D8-FF-1F-00-00-00-00-02-00-E0-00-17-32-00-00-00-00-00-00-00-00-00-00-00-00-00-00-00-00-00-00-00-00-00-00-00-00-00-00-00-00-00-00-00-00-00-00-00-00
[15:39:49:347]50-49-01-C0-5E-1D-00-00-08-00-06-9E-00-01-D8-FF-1F-00
[15:39:49:571][HID_TX]00-80-06-F4-DD-50-41-0E-1F-01-E0-00-00-00-00-00-00-00-00-00-00-00-00-00-00-00-00-00-00-00-00-00-00-00-00-00-00-00-00-00-00-00-00-00-00-00-00-00-00-00-00-00-00-00-00-00-00-00-00-00-00-00-00-00-00
[15:39:49:572]HidD_GetInputReport=True
[15:39:49:572]reply_report=00-4F-00-00-00-00-00-00-00-00-00-00-00-00-00-00-00-00-00-00-00-00-00-00-00-00-00-00-00-00-00-00-00-00-00-00-00-00-00-00-00-00-00-00-00-00-00-00-00-00-00-00-00-00-00-00-00-00-00-00-00-00-00-00-00
[15:39:49:572]50-41-0E-1F-01-E0 [CMD_SENT][REMOTE_GET_MODE]
[15:39:49:576][HID_TX_ack]00-19-50-49-01-C0-15-1E-00-00-03-00-0E-9F-00-50-49-0E-D6-00-00-00-00-02-00-E0-00-17-32-00-00-00-00-00-00-00-00-00-00-00-00-00-00-00-00-00-00-00-00-00-00-00-00-00-00-00-00-00-00-00-00-00-00-00-00
[15:39:49:576]50-49-01-C0-15-1E-00-00-03-00-0E-9F-00
[15:39:49:576]50-49-0E-D6-00-00-00-00-02-00-E0-00-
[15:39:49:576]REMOTE_GET_MODE=00
[15:39:49:576][HID_TX]00-80-07-02-10-50-41-06-20-01-00-63-00-00-00-00-00-00-00-00-00-00-00-00-00-00-00-00-00-00-00-00-00-00-00-00-00-00-00-00-00-00-00-00-00-00-00-00-00-00-00-00-00-00-00-00-00-00-00-00-00-00-00-00-00
[15:39:49:577]HidD_GetInputReport=True
[15:39:49:577]reply_report=00-4F-00-00-00-00-00-00-00-00-00-00-00-00-00-00-00-00-00-00-00-00-00-00-00-00-00-00-00-00-00-00-00-00-00-00-00-00-00-00-00-00-00-00-00-00-00-00-00-00-00-00-00-00-00-00-00-00-00-00-00-00-00-00-00
[15:39:49:577]50-41-06-20-01-00-63 [CMD_SENT][CMD_GET_IO_LEVEL]
[15:39:49:579][HID_TX_ack]00-12-50-49-01-C0-19-1E-00-00-08-00-06-A0-00-01-D8-FF-1F-00-00-00-00-02-00-E0-00-17-32-00-00-00-00-00-00-00-00-00-00-00-00-00-00-00-00-00-00-00-00-00-00-00-00-00-00-00-00-00-00-00-00-00-00-00-00
[15:39:49:580]50-49-01-C0-19-1E-00-00-08-00-06-A0-00-01-D8-FF-1F-00
[15:39:49:805][HID_TX]00-80-06-EE-A3-50-41-0E-21-01-E0-00-00-00-00-00-00-00-00-00-00-00-00-00-00-00-00-00-00-00-00-00-00-00-00-00-00-00-00-00-00-00-00-00-00-00-00-00-00-00-00-00-00-00-00-00-00-00-00-00-00-00-00-00-00
[15:39:49:806]HidD_GetInputReport=True
[15:39:49:806]reply_report=00-4F-00-00-00-00-00-00-00-00-00-00-00-00-00-00-00-00-00-00-00-00-00-00-00-00-00-00-00-00-00-00-00-00-00-00-00-00-00-00-00-00-00-00-00-00-00-00-00-00-00-00-00-00-00-00-00-00-00-00-00-00-00-00-00
[15:39:49:806]50-41-0E-21-01-E0 [CMD_SENT][REMOTE_GET_MODE]
[15:39:49:810][HID_TX_ack]00-19-50-49-01-C0-D0-1E-00-00-03-00-0E-A1-00-50-49-0E-D7-00-00-00-00-02-00-E0-00-17-32-00-00-00-00-00-00-00-00-00-00-00-00-00-00-00-00-00-00-00-00-00-00-00-00-00-00-00-00-00-00-00-00-00-00-00-00
[15:39:49:810]50-49-01-C0-D0-1E-00-00-03-00-0E-A1-00
[15:39:49:810]50-49-0E-D7-00-00-00-00-02-00-E0-00-
[15:39:49:810]REMOTE_GET_MODE=00
[15:39:49:810][HID_TX]00-80-07-E9-3F-50-41-06-22-01-00-63-00-00-00-00-00-00-00-00-00-00-00-00-00-00-00-00-00-00-00-00-00-00-00-00-00-00-00-00-00-00-00-00-00-00-00-00-00-00-00-00-00-00-00-00-00-00-00-00-00-00-00-00-00
[15:39:49:812]HidD_GetInputReport=True
[15:39:49:812]reply_report=00-4F-00-00-00-00-00-00-00-00-00-00-00-00-00-00-00-00-00-00-00-00-00-00-00-00-00-00-00-00-00-00-00-00-00-00-00-00-00-00-00-00-00-00-00-00-00-00-00-00-00-00-00-00-00-00-00-00-00-00-00-00-00-00-00
[15:39:49:812]50-41-06-22-01-00-63 [CMD_SENT][CMD_GET_IO_LEVEL]
[15:39:49:814][HID_TX_ack]00-12-50-49-01-C0-D5-1E-00-00-08-00-06-A2-00-01-D8-FF-1F-00-00-00-00-02-00-E0-00-17-32-00-00-00-00-00-00-00-00-00-00-00-00-00-00-00-00-00-00-00-00-00-00-00-00-00-00-00-00-00-00-00-00-00-00-00-00
[15:39:49:814]50-49-01-C0-D5-1E-00-00-08-00-06-A2-00-01-D8-FF-1F-00
[15:39:50:038][HID_TX]00-80-06-05-8C-50-41-0E-23-01-E0-00-00-00-00-00-00-00-00-00-00-00-00-00-00-00-00-00-00-00-00-00-00-00-00-00-00-00-00-00-00-00-00-00-00-00-00-00-00-00-00-00-00-00-00-00-00-00-00-00-00-00-00-00-00
[15:39:50:040]HidD_GetInputReport=True
[15:39:50:040]reply_report=00-4F-00-00-00-00-00-00-00-00-00-00-00-00-00-00-00-00-00-00-00-00-00-00-00-00-00-00-00-00-00-00-00-00-00-00-00-00-00-00-00-00-00-00-00-00-00-00-00-00-00-00-00-00-00-00-00-00-00-00-00-00-00-00-00
[15:39:50:040]50-41-0E-23-01-E0 [CMD_SENT][REMOTE_GET_MODE]
[15:39:50:042][HID_TX_ack]00-19-50-49-01-C0-8B-1F-00-00-03-00-0E-A3-00-50-49-0E-D8-00-00-00-00-02-00-E0-00-17-32-00-00-00-00-00-00-00-00-00-00-00-00-00-00-00-00-00-00-00-00-00-00-00-00-00-00-00-00-00-00-00-00-00-00-00-00
[15:39:50:042]50-49-01-C0-8B-1F-00-00-03-00-0E-A3-00
[15:39:50:042]50-49-0E-D8-00-00-00-00-02-00-E0-00-
[15:39:50:042]REMOTE_GET_MODE=00
[15:39:50:043][HID_TX]00-80-07-D4-4F-50-41-06-24-01-00-63-00-00-00-00-00-00-00-00-00-00-00-00-00-00-00-00-00-00-00-00-00-00-00-00-00-00-00-00-00-00-00-00-00-00-00-00-00-00-00-00-00-00-00-00-00-00-00-00-00-00-00-00-00
[15:39:50:044]HidD_GetInputReport=True
[15:39:50:044]reply_report=00-4F-00-00-00-00-00-00-00-00-00-00-00-00-00-00-00-00-00-00-00-00-00-00-00-00-00-00-00-00-00-00-00-00-00-00-00-00-00-00-00-00-00-00-00-00-00-00-00-00-00-00-00-00-00-00-00-00-00-00-00-00-00-00-00
[15:39:50:044]50-41-06-24-01-00-63 [CMD_SENT][CMD_GET_IO_LEVEL]
[15:39:50:047][HID_TX_ack]00-12-50-49-01-C0-8E-1F-00-00-08-00-06-A4-00-01-D8-FF-1F-00-00-00-00-02-00-E0-00-17-32-00-00-00-00-00-00-00-00-00-00-00-00-00-00-00-00-00-00-00-00-00-00-00-00-00-00-00-00-00-00-00-00-00-00-00-00
[15:39:50:047]50-49-01-C0-8E-1F-00-00-08-00-06-A4-00-01-D8-FF-1F-00
[15:39:50:270][HID_TX]00-80-06-38-FC-50-41-0E-25-01-E0-00-00-00-00-00-00-00-00-00-00-00-00-00-00-00-00-00-00-00-00-00-00-00-00-00-00-00-00-00-00-00-00-00-00-00-00-00-00-00-00-00-00-00-00-00-00-00-00-00-00-00-00-00-00
[15:39:50:271]HidD_GetInputReport=True
[15:39:50:271]reply_report=00-4F-00-00-00-00-00-00-00-00-00-00-00-00-00-00-00-00-00-00-00-00-00-00-00-00-00-00-00-00-00-00-00-00-00-00-00-00-00-00-00-00-00-00-00-00-00-00-00-00-00-00-00-00-00-00-00-00-00-00-00-00-00-00-00
[15:39:50:271]50-41-0E-25-01-E0 [CMD_SENT][REMOTE_GET_MODE]
[15:39:50:273][HID_TX_ack]00-19-50-49-01-C0-44-20-00-00-03-00-0E-A5-00-50-49-0E-D9-00-00-00-00-02-00-E0-00-17-32-00-00-00-00-00-00-00-00-00-00-00-00-00-00-00-00-00-00-00-00-00-00-00-00-00-00-00-00-00-00-00-00-00-00-00-00
[15:39:50:273]50-49-01-C0-44-20-00-00-03-00-0E-A5-00
[15:39:50:273]50-49-0E-D9-00-00-00-00-02-00-E0-00-
[15:39:50:273]REMOTE_GET_MODE=00
[15:39:50:273][HID_TX]00-80-07-3F-60-50-41-06-26-01-00-63-00-00-00-00-00-00-00-00-00-00-00-00-00-00-00-00-00-00-00-00-00-00-00-00-00-00-00-00-00-00-00-00-00-00-00-00-00-00-00-00-00-00-00-00-00-00-00-00-00-00-00-00-00
[15:39:50:274]HidD_GetInputReport=True
[15:39:50:274]reply_report=00-4F-00-00-00-00-00-00-00-00-00-00-00-00-00-00-00-00-00-00-00-00-00-00-00-00-00-00-00-00-00-00-00-00-00-00-00-00-00-00-00-00-00-00-00-00-00-00-00-00-00-00-00-00-00-00-00-00-00-00-00-00-00-00-00
[15:39:50:275]50-41-06-26-01-00-63 [CMD_SENT][CMD_GET_IO_LEVEL]
[15:39:50:277][HID_TX_ack]00-12-50-49-01-C0-47-20-00-00-08-00-06-A6-00-01-D8-FF-1F-00-00-00-00-02-00-E0-00-17-32-00-00-00-00-00-00-00-00-00-00-00-00-00-00-00-00-00-00-00-00-00-00-00-00-00-00-00-00-00-00-00-00-00-00-00-00
[15:39:50:277]50-49-01-C0-47-20-00-00-08-00-06-A6-00-01-D8-FF-1F-00
[15:39:50:489][HID_TX]00-80-06-D3-D3-50-41-0E-27-01-E0-00-00-00-00-00-00-00-00-00-00-00-00-00-00-00-00-00-00-00-00-00-00-00-00-00-00-00-00-00-00-00-00-00-00-00-00-00-00-00-00-00-00-00-00-00-00-00-00-00-00-00-00-00-00
[15:39:50:490]HidD_GetInputReport=True
[15:39:50:490]reply_report=00-4F-00-00-00-00-00-00-00-00-00-00-00-00-00-00-00-00-00-00-00-00-00-00-00-00-00-00-00-00-00-00-00-00-00-00-00-00-00-00-00-00-00-00-00-00-00-00-00-00-00-00-00-00-00-00-00-00-00-00-00-00-00-00-00
[15:39:50:490]50-41-0E-27-01-E0 [CMD_SENT][REMOTE_GET_MODE]
[15:39:50:494][HID_TX_ack]00-19-50-49-01-C0-F4-20-00-00-03-00-0E-A7-00-50-49-0E-DA-00-00-00-00-02-00-E0-00-17-32-00-00-00-00-00-00-00-00-00-00-00-00-00-00-00-00-00-00-00-00-00-00-00-00-00-00-00-00-00-00-00-00-00-00-00-00
[15:39:50:494]50-49-01-C0-F4-20-00-00-03-00-0E-A7-00
[15:39:50:494]50-49-0E-DA-00-00-00-00-02-00-E0-00-
[15:39:50:494]REMOTE_GET_MODE=00
[15:39:50:494][HID_TX]00-80-07-AE-AF-50-41-06-28-01-00-63-00-00-00-00-00-00-00-00-00-00-00-00-00-00-00-00-00-00-00-00-00-00-00-00-00-00-00-00-00-00-00-00-00-00-00-00-00-00-00-00-00-00-00-00-00-00-00-00-00-00-00-00-00
[15:39:50:495]HidD_GetInputReport=True
[15:39:50:495]reply_report=00-4F-00-00-00-00-00-00-00-00-00-00-00-00-00-00-00-00-00-00-00-00-00-00-00-00-00-00-00-00-00-00-00-00-00-00-00-00-00-00-00-00-00-00-00-00-00-00-00-00-00-00-00-00-00-00-00-00-00-00-00-00-00-00-00
[15:39:50:495]50-41-06-28-01-00-63 [CMD_SENT][CMD_GET_IO_LEVEL]
[15:39:50:497][HID_TX_ack]00-12-50-49-01-C0-F7-20-00-00-08-00-06-A8-00-01-D8-FF-1F-00-00-00-00-02-00-E0-00-17-32-00-00-00-00-00-00-00-00-00-00-00-00-00-00-00-00-00-00-00-00-00-00-00-00-00-00-00-00-00-00-00-00-00-00-00-00
[15:39:50:497]50-49-01-C0-F7-20-00-00-08-00-06-A8-00-01-D8-FF-1F-00
[15:39:50:721][HID_TX]00-80-06-42-1C-50-41-0E-29-01-E0-00-00-00-00-00-00-00-00-00-00-00-00-00-00-00-00-00-00-00-00-00-00-00-00-00-00-00-00-00-00-00-00-00-00-00-00-00-00-00-00-00-00-00-00-00-00-00-00-00-00-00-00-00-00
[15:39:50:723]HidD_GetInputReport=True
[15:39:50:723]reply_report=00-4F-00-00-00-00-00-00-00-00-00-00-00-00-00-00-00-00-00-00-00-00-00-00-00-00-00-00-00-00-00-00-00-00-00-00-00-00-00-00-00-00-00-00-00-00-00-00-00-00-00-00-00-00-00-00-00-00-00-00-00-00-00-00-00
[15:39:50:723]50-41-0E-29-01-E0 [CMD_SENT][REMOTE_GET_MODE]
[15:39:50:725][HID_TX_ack]00-19-50-49-01-C0-AD-21-00-00-03-00-0E-A9-00-50-49-0E-DB-00-00-00-00-02-00-E0-00-17-32-00-00-00-00-00-00-00-00-00-00-00-00-00-00-00-00-00-00-00-00-00-00-00-00-00-00-00-00-00-00-00-00-00-00-00-00
[15:39:50:726]50-49-01-C0-AD-21-00-00-03-00-0E-A9-00
[15:39:50:726]50-49-0E-DB-00-00-00-00-02-00-E0-00-
[15:39:50:726]REMOTE_GET_MODE=00
[15:39:50:726][HID_TX]00-80-07-45-80-50-41-06-2A-01-00-63-00-00-00-00-00-00-00-00-00-00-00-00-00-00-00-00-00-00-00-00-00-00-00-00-00-00-00-00-00-00-00-00-00-00-00-00-00-00-00-00-00-00-00-00-00-00-00-00-00-00-00-00-00
[15:39:50:728]HidD_GetInputReport=True
[15:39:50:728]reply_report=00-4F-00-00-00-00-00-00-00-00-00-00-00-00-00-00-00-00-00-00-00-00-00-00-00-00-00-00-00-00-00-00-00-00-00-00-00-00-00-00-00-00-00-00-00-00-00-00-00-00-00-00-00-00-00-00-00-00-00-00-00-00-00-00-00
[15:39:50:728]50-41-06-2A-01-00-63 [CMD_SENT][CMD_GET_IO_LEVEL]
[15:39:50:730][HID_TX_ack]00-12-50-49-01-C0-B2-21-00-00-08-00-06-AA-00-01-D8-FF-1F-00-00-00-00-02-00-E0-00-17-32-00-00-00-00-00-00-00-00-00-00-00-00-00-00-00-00-00-00-00-00-00-00-00-00-00-00-00-00-00-00-00-00-00-00-00-00
[15:39:50:731]50-49-01-C0-B2-21-00-00-08-00-06-AA-00-01-D8-FF-1F-00
[15:39:50:955][HID_TX]00-80-06-A9-33-50-41-0E-2B-01-E0-00-00-00-00-00-00-00-00-00-00-00-00-00-00-00-00-00-00-00-00-00-00-00-00-00-00-00-00-00-00-00-00-00-00-00-00-00-00-00-00-00-00-00-00-00-00-00-00-00-00-00-00-00-00
[15:39:50:957]HidD_GetInputReport=True
[15:39:50:957]reply_report=00-4F-00-00-00-00-00-00-00-00-00-00-00-00-00-00-00-00-00-00-00-00-00-00-00-00-00-00-00-00-00-00-00-00-00-00-00-00-00-00-00-00-00-00-00-00-00-00-00-00-00-00-00-00-00-00-00-00-00-00-00-00-00-00-00
[15:39:50:957]50-41-0E-2B-01-E0 [CMD_SENT][REMOTE_GET_MODE]
[15:39:50:960][HID_TX_ack]00-19-50-49-01-C0-69-22-00-00-03-00-0E-AB-00-50-49-0E-DC-00-00-00-00-02-00-E0-00-17-32-00-00-00-00-00-00-00-00-00-00-00-00-00-00-00-00-00-00-00-00-00-00-00-00-00-00-00-00-00-00-00-00-00-00-00-00
[15:39:50:960]50-49-01-C0-69-22-00-00-03-00-0E-AB-00
[15:39:50:960]50-49-0E-DC-00-00-00-00-02-00-E0-00-
[15:39:50:960]REMOTE_GET_MODE=00
[15:39:50:960][HID_TX]00-80-07-78-F0-50-41-06-2C-01-00-63-00-00-00-00-00-00-00-00-00-00-00-00-00-00-00-00-00-00-00-00-00-00-00-00-00-00-00-00-00-00-00-00-00-00-00-00-00-00-00-00-00-00-00-00-00-00-00-00-00-00-00-00-00
[15:39:50:961]HidD_GetInputReport=True
[15:39:50:961]reply_report=00-4F-00-00-00-00-00-00-00-00-00-00-00-00-00-00-00-00-00-00-00-00-00-00-00-00-00-00-00-00-00-00-00-00-00-00-00-00-00-00-00-00-00-00-00-00-00-00-00-00-00-00-00-00-00-00-00-00-00-00-00-00-00-00-00
[15:39:50:961]50-41-06-2C-01-00-63 [CMD_SENT][CMD_GET_IO_LEVEL]
[15:39:50:965][HID_TX_ack]00-12-50-49-01-C0-6C-22-00-00-08-00-06-AC-00-01-D8-FF-1F-00-00-00-00-02-00-E0-00-17-32-00-00-00-00-00-00-00-00-00-00-00-00-00-00-00-00-00-00-00-00-00-00-00-00-00-00-00-00-00-00-00-00-00-00-00-00
[15:39:50:965]50-49-01-C0-6C-22-00-00-08-00-06-AC-00-01-D8-FF-1F-00
[15:39:51:009][HID_TX_ack]00-0D-50-49-11-DD-8F-22-00-00-03-00-20-E9-00-01-D8-FF-1F-00-00-00-00-02-00-E0-00-17-32-00-00-00-00-00-00-00-00-00-00-00-00-00-00-00-00-00-00-00-00-00-00-00-00-00-00-00-00-00-00-00-00-00-00-00-00
[15:39:51:009]50-49-11-DD-8F-22-00-00-03-00-20-E9-00
[15:39:51:016][HID_TX_ack]00-1A-50-49-01-C0-95-22-00-00-03-00-11-8D-18-50-49-01-C0-97-22-00-00-03-00-11-8E-17-32-00-00-00-00-00-00-00-00-00-00-00-00-00-00-00-00-00-00-00-00-00-00-00-00-00-00-00-00-00-00-00-00-00-00-00-00
[15:39:51:016]50-49-01-C0-95-22-00-00-03-00-11-8D-18
[15:39:51:016]50-49-01-C0-97-22-00-00-03-00-11-8E-17
[15:39:51:019][HID_TX_ack]00-0D-50-49-11-DE-98-22-00-00-03-00-20-00-00-50-49-01-C0-97-22-00-00-03-00-11-8E-17-32-00-00-00-00-00-00-00-00-00-00-00-00-00-00-00-00-00-00-00-00-00-00-00-00-00-00-00-00-00-00-00-00-00-00-00-00
[15:39:51:019]50-49-11-DE-98-22-00-00-03-00-20-00-00
[15:39:51:035][HID_TX_ack]00-0D-50-49-01-C0-A6-22-00-00-03-00-11-8F-16-50-49-01-C0-97-22-00-00-03-00-11-8E-17-32-00-00-00-00-00-00-00-00-00-00-00-00-00-00-00-00-00-00-00-00-00-00-00-00-00-00-00-00-00-00-00-00-00-00-00-00
[15:39:51:035]50-49-01-C0-A6-22-00-00-03-00-11-8F-16
[15:39:51:188][HID_TX]00-80-06-94-43-50-41-0E-2D-01-E0-00-00-00-00-00-00-00-00-00-00-00-00-00-00-00-00-00-00-00-00-00-00-00-00-00-00-00-00-00-00-00-00-00-00-00-00-00-00-00-00-00-00-00-00-00-00-00-00-00-00-00-00-00-00
[15:39:51:189]HidD_GetInputReport=True
[15:39:51:189]reply_report=00-4F-00-00-00-00-00-00-00-00-00-00-00-00-00-00-00-00-00-00-00-00-00-00-00-00-00-00-00-00-00-00-00-00-00-00-00-00-00-00-00-00-00-00-00-00-00-00-00-00-00-00-00-00-00-00-00-00-00-00-00-00-00-00-00
[15:39:51:189]50-41-0E-2D-01-E0 [CMD_SENT][REMOTE_GET_MODE]
[15:39:51:192][HID_TX_ack]00-19-50-49-01-C0-23-23-00-00-03-00-0E-AD-00-50-49-0E-DF-00-00-00-00-02-00-E0-00-17-32-00-00-00-00-00-00-00-00-00-00-00-00-00-00-00-00-00-00-00-00-00-00-00-00-00-00-00-00-00-00-00-00-00-00-00-00
[15:39:51:192]50-49-01-C0-23-23-00-00-03-00-0E-AD-00
[15:39:51:192]50-49-0E-DF-00-00-00-00-02-00-E0-00-
[15:39:51:192]REMOTE_GET_MODE=00
[15:39:51:192][HID_TX]00-80-07-93-DF-50-41-06-2E-01-00-63-00-00-00-00-00-00-00-00-00-00-00-00-00-00-00-00-00-00-00-00-00-00-00-00-00-00-00-00-00-00-00-00-00-00-00-00-00-00-00-00-00-00-00-00-00-00-00-00-00-00-00-00-00
[15:39:51:193]HidD_GetInputReport=True
[15:39:51:193]reply_report=00-4F-00-00-00-00-00-00-00-00-00-00-00-00-00-00-00-00-00-00-00-00-00-00-00-00-00-00-00-00-00-00-00-00-00-00-00-00-00-00-00-00-00-00-00-00-00-00-00-00-00-00-00-00-00-00-00-00-00-00-00-00-00-00-00
[15:39:51:193]50-41-06-2E-01-00-63 [CMD_SENT][CMD_GET_IO_LEVEL]
[15:39:51:197][HID_TX_ack]00-12-50-49-01-C0-26-23-00-00-08-00-06-AE-00-01-D8-FF-1F-00-00-00-00-02-00-E0-00-17-32-00-00-00-00-00-00-00-00-00-00-00-00-00-00-00-00-00-00-00-00-00-00-00-00-00-00-00-00-00-00-00-00-00-00-00-00
[15:39:51:197]50-49-01-C0-26-23-00-00-08-00-06-AE-00-01-D8-FF-1F-00
[15:39:51:421][HID_TX]00-80-06-7F-6C-50-41-0E-2F-01-E0-00-00-00-00-00-00-00-00-00-00-00-00-00-00-00-00-00-00-00-00-00-00-00-00-00-00-00-00-00-00-00-00-00-00-00-00-00-00-00-00-00-00-00-00-00-00-00-00-00-00-00-00-00-00
[15:39:51:422]HidD_GetInputReport=True
[15:39:51:422]reply_report=00-4F-00-00-00-00-00-00-00-00-00-00-00-00-00-00-00-00-00-00-00-00-00-00-00-00-00-00-00-00-00-00-00-00-00-00-00-00-00-00-00-00-00-00-00-00-00-00-00-00-00-00-00-00-00-00-00-00-00-00-00-00-00-00-00
[15:39:51:422]50-41-0E-2F-01-E0 [CMD_SENT][REMOTE_GET_MODE]
[15:39:51:424][HID_TX_ack]00-19-50-49-01-C0-DD-23-00-00-03-00-0E-AF-00-50-49-0E-E0-00-00-00-00-02-00-E0-00-17-32-00-00-00-00-00-00-00-00-00-00-00-00-00-00-00-00-00-00-00-00-00-00-00-00-00-00-00-00-00-00-00-00-00-00-00-00
[15:39:51:424]50-49-01-C0-DD-23-00-00-03-00-0E-AF-00
[15:39:51:424]50-49-0E-E0-00-00-00-00-02-00-E0-00-
[15:39:51:424]REMOTE_GET_MODE=00
[15:39:51:425][HID_TX]00-80-07-7B-7F-50-41-06-30-01-00-63-00-00-00-00-00-00-00-00-00-00-00-00-00-00-00-00-00-00-00-00-00-00-00-00-00-00-00-00-00-00-00-00-00-00-00-00-00-00-00-00-00-00-00-00-00-00-00-00-00-00-00-00-00
[15:39:51:426]HidD_GetInputReport=True
[15:39:51:426]reply_report=00-4F-00-00-00-00-00-00-00-00-00-00-00-00-00-00-00-00-00-00-00-00-00-00-00-00-00-00-00-00-00-00-00-00-00-00-00-00-00-00-00-00-00-00-00-00-00-00-00-00-00-00-00-00-00-00-00-00-00-00-00-00-00-00-00
[15:39:51:426]50-41-06-30-01-00-63 [CMD_SENT][CMD_GET_IO_LEVEL]
[15:39:51:428][HID_TX_ack]00-12-50-49-01-C0-E0-23-00-00-08-00-06-B0-00-01-D8-FF-1F-00-00-00-00-02-00-E0-00-17-32-00-00-00-00-00-00-00-00-00-00-00-00-00-00-00-00-00-00-00-00-00-00-00-00-00-00-00-00-00-00-00-00-00-00-00-00
[15:39:51:428]50-49-01-C0-E0-23-00-00-08-00-06-B0-00-01-D8-FF-1F-00
[15:39:51:638][HID_TX]00-80-06-97-CC-50-41-0E-31-01-E0-00-00-00-00-00-00-00-00-00-00-00-00-00-00-00-00-00-00-00-00-00-00-00-00-00-00-00-00-00-00-00-00-00-00-00-00-00-00-00-00-00-00-00-00-00-00-00-00-00-00-00-00-00-00
[15:39:51:639]HidD_GetInputReport=True
[15:39:51:639]reply_report=00-4F-00-00-00-00-00-00-00-00-00-00-00-00-00-00-00-00-00-00-00-00-00-00-00-00-00-00-00-00-00-00-00-00-00-00-00-00-00-00-00-00-00-00-00-00-00-00-00-00-00-00-00-00-00-00-00-00-00-00-00-00-00-00-00
[15:39:51:639]50-41-0E-31-01-E0 [CMD_SENT][REMOTE_GET_MODE]
[15:39:51:642][HID_TX_ack]00-19-50-49-01-C0-8B-24-00-00-03-00-0E-B1-00-50-49-0E-E1-00-00-00-00-02-00-E0-00-17-32-00-00-00-00-00-00-00-00-00-00-00-00-00-00-00-00-00-00-00-00-00-00-00-00-00-00-00-00-00-00-00-00-00-00-00-00
[15:39:51:642]50-49-01-C0-8B-24-00-00-03-00-0E-B1-00
[15:39:51:642]50-49-0E-E1-00-00-00-00-02-00-E0-00-
[15:39:51:642]REMOTE_GET_MODE=00
[15:39:51:642][HID_TX]00-80-07-90-50-50-41-06-32-01-00-63-00-00-00-00-00-00-00-00-00-00-00-00-00-00-00-00-00-00-00-00-00-00-00-00-00-00-00-00-00-00-00-00-00-00-00-00-00-00-00-00-00-00-00-00-00-00-00-00-00-00-00-00-00
[15:39:51:643]HidD_GetInputReport=True
[15:39:51:643]reply_report=00-4F-00-00-00-00-00-00-00-00-00-00-00-00-00-00-00-00-00-00-00-00-00-00-00-00-00-00-00-00-00-00-00-00-00-00-00-00-00-00-00-00-00-00-00-00-00-00-00-00-00-00-00-00-00-00-00-00-00-00-00-00-00-00-00
[15:39:51:643]50-41-06-32-01-00-63 [CMD_SENT][CMD_GET_IO_LEVEL]
[15:39:51:646][HID_TX_ack]00-12-50-49-01-C0-8E-24-00-00-08-00-06-B2-00-01-D8-FF-1F-00-00-00-00-02-00-E0-00-17-32-00-00-00-00-00-00-00-00-00-00-00-00-00-00-00-00-00-00-00-00-00-00-00-00-00-00-00-00-00-00-00-00-00-00-00-00
[15:39:51:646]50-49-01-C0-8E-24-00-00-08-00-06-B2-00-01-D8-FF-1F-00
[15:39:51:772][HID_TX_ack]00-0D-50-49-11-E2-F1-24-00-00-03-00-20-EA-00-01-D8-FF-1F-00-00-00-00-02-00-E0-00-17-32-00-00-00-00-00-00-00-00-00-00-00-00-00-00-00-00-00-00-00-00-00-00-00-00-00-00-00-00-00-00-00-00-00-00-00-00
[15:39:51:772]50-49-11-E2-F1-24-00-00-03-00-20-EA-00
[15:39:51:784][HID_TX_ack]00-1A-50-49-01-C0-FC-24-00-00-03-00-11-90-18-50-49-01-C0-FD-24-00-00-03-00-11-91-17-32-00-00-00-00-00-00-00-00-00-00-00-00-00-00-00-00-00-00-00-00-00-00-00-00-00-00-00-00-00-00-00-00-00-00-00-00
[15:39:51:784]50-49-01-C0-FC-24-00-00-03-00-11-90-18
[15:39:51:784]50-49-01-C0-FD-24-00-00-03-00-11-91-17
[15:39:51:787][HID_TX_ack]00-0D-50-49-11-E3-FF-24-00-00-03-00-20-00-00-50-49-01-C0-FD-24-00-00-03-00-11-91-17-32-00-00-00-00-00-00-00-00-00-00-00-00-00-00-00-00-00-00-00-00-00-00-00-00-00-00-00-00-00-00-00-00-00-00-00-00
[15:39:51:787]50-49-11-E3-FF-24-00-00-03-00-20-00-00
[15:39:51:803][HID_TX_ack]00-0D-50-49-01-C0-0B-25-00-00-03-00-11-92-16-50-49-01-C0-FD-24-00-00-03-00-11-91-17-32-00-00-00-00-00-00-00-00-00-00-00-00-00-00-00-00-00-00-00-00-00-00-00-00-00-00-00-00-00-00-00-00-00-00-00-00
[15:39:51:803]50-49-01-C0-0B-25-00-00-03-00-11-92-16
[15:39:51:856][HID_TX]00-80-06-7C-E3-50-41-0E-33-01-E0-00-00-00-00-00-00-00-00-00-00-00-00-00-00-00-00-00-00-00-00-00-00-00-00-00-00-00-00-00-00-00-00-00-00-00-00-00-00-00-00-00-00-00-00-00-00-00-00-00-00-00-00-00-00
[15:39:51:858]HidD_GetInputReport=True
[15:39:51:858]reply_report=00-4F-00-00-00-00-00-00-00-00-00-00-00-00-00-00-00-00-00-00-00-00-00-00-00-00-00-00-00-00-00-00-00-00-00-00-00-00-00-00-00-00-00-00-00-00-00-00-00-00-00-00-00-00-00-00-00-00-00-00-00-00-00-00-00
[15:39:51:858]50-41-0E-33-01-E0 [CMD_SENT][REMOTE_GET_MODE]
[15:39:51:860][HID_TX_ack]00-19-50-49-01-C0-39-25-00-00-03-00-0E-B3-00-50-49-0E-E4-00-00-00-00-02-00-E0-00-17-32-00-00-00-00-00-00-00-00-00-00-00-00-00-00-00-00-00-00-00-00-00-00-00-00-00-00-00-00-00-00-00-00-00-00-00-00
[15:39:51:860]50-49-01-C0-39-25-00-00-03-00-0E-B3-00
[15:39:51:860]50-49-0E-E4-00-00-00-00-02-00-E0-00-
[15:39:51:860]REMOTE_GET_MODE=00
[15:39:51:860][HID_TX]00-80-07-AD-20-50-41-06-34-01-00-63-00-00-00-00-00-00-00-00-00-00-00-00-00-00-00-00-00-00-00-00-00-00-00-00-00-00-00-00-00-00-00-00-00-00-00-00-00-00-00-00-00-00-00-00-00-00-00-00-00-00-00-00-00
[15:39:51:861]HidD_GetInputReport=True
[15:39:51:861]reply_report=00-4F-00-00-00-00-00-00-00-00-00-00-00-00-00-00-00-00-00-00-00-00-00-00-00-00-00-00-00-00-00-00-00-00-00-00-00-00-00-00-00-00-00-00-00-00-00-00-00-00-00-00-00-00-00-00-00-00-00-00-00-00-00-00-00
[15:39:51:861]50-41-06-34-01-00-63 [CMD_SENT][CMD_GET_IO_LEVEL]
[15:39:51:864][HID_TX_ack]00-12-50-49-01-C0-3D-25-00-00-08-00-06-B4-00-01-D8-FF-1F-00-00-00-00-02-00-E0-00-17-32-00-00-00-00-00-00-00-00-00-00-00-00-00-00-00-00-00-00-00-00-00-00-00-00-00-00-00-00-00-00-00-00-00-00-00-00
[15:39:51:864]50-49-01-C0-3D-25-00-00-08-00-06-B4-00-01-D8-FF-1F-00
[15:39:52:086][HID_TX]00-80-06-41-93-50-41-0E-35-01-E0-00-00-00-00-00-00-00-00-00-00-00-00-00-00-00-00-00-00-00-00-00-00-00-00-00-00-00-00-00-00-00-00-00-00-00-00-00-00-00-00-00-00-00-00-00-00-00-00-00-00-00-00-00-00
[15:39:52:087]HidD_GetInputReport=True
[15:39:52:087]reply_report=00-4F-00-00-00-00-00-00-00-00-00-00-00-00-00-00-00-00-00-00-00-00-00-00-00-00-00-00-00-00-00-00-00-00-00-00-00-00-00-00-00-00-00-00-00-00-00-00-00-00-00-00-00-00-00-00-00-00-00-00-00-00-00-00-00
[15:39:52:087]50-41-0E-35-01-E0 [CMD_SENT][REMOTE_GET_MODE]
[15:39:52:091][HID_TX_ack]00-19-50-49-01-C0-F1-25-00-00-03-00-0E-B5-00-50-49-0E-E5-00-00-00-00-02-00-E0-00-17-32-00-00-00-00-00-00-00-00-00-00-00-00-00-00-00-00-00-00-00-00-00-00-00-00-00-00-00-00-00-00-00-00-00-00-00-00
[15:39:52:091]50-49-01-C0-F1-25-00-00-03-00-0E-B5-00
[15:39:52:091]50-49-0E-E5-00-00-00-00-02-00-E0-00-
[15:39:52:091]REMOTE_GET_MODE=00
[15:39:52:091][HID_TX]00-80-07-46-0F-50-41-06-36-01-00-63-00-00-00-00-00-00-00-00-00-00-00-00-00-00-00-00-00-00-00-00-00-00-00-00-00-00-00-00-00-00-00-00-00-00-00-00-00-00-00-00-00-00-00-00-00-00-00-00-00-00-00-00-00
[15:39:52:092]HidD_GetInputReport=True
[15:39:52:092]reply_report=00-4F-00-00-00-00-00-00-00-00-00-00-00-00-00-00-00-00-00-00-00-00-00-00-00-00-00-00-00-00-00-00-00-00-00-00-00-00-00-00-00-00-00-00-00-00-00-00-00-00-00-00-00-00-00-00-00-00-00-00-00-00-00-00-00
[15:39:52:092]50-41-06-36-01-00-63 [CMD_SENT][CMD_GET_IO_LEVEL]
[15:39:52:095][HID_TX_ack]00-12-50-49-01-C0-F5-25-00-00-08-00-06-B6-00-01-D8-FF-1F-00-00-00-00-02-00-E0-00-17-32-00-00-00-00-00-00-00-00-00-00-00-00-00-00-00-00-00-00-00-00-00-00-00-00-00-00-00-00-00-00-00-00-00-00-00-00
[15:39:52:095]50-49-01-C0-F5-25-00-00-08-00-06-B6-00-01-D8-FF-1F-00
[15:39:52:305][HID_TX]00-80-06-AA-BC-50-41-0E-37-01-E0-00-00-00-00-00-00-00-00-00-00-00-00-00-00-00-00-00-00-00-00-00-00-00-00-00-00-00-00-00-00-00-00-00-00-00-00-00-00-00-00-00-00-00-00-00-00-00-00-00-00-00-00-00-00
[15:39:52:306]HidD_GetInputReport=True
[15:39:52:306]reply_report=00-4F-00-00-00-00-00-00-00-00-00-00-00-00-00-00-00-00-00-00-00-00-00-00-00-00-00-00-00-00-00-00-00-00-00-00-00-00-00-00-00-00-00-00-00-00-00-00-00-00-00-00-00-00-00-00-00-00-00-00-00-00-00-00-00
[15:39:52:306]50-41-0E-37-01-E0 [CMD_SENT][REMOTE_GET_MODE]
[15:39:52:309][HID_TX_ack]00-19-50-49-01-C0-A1-26-00-00-03-00-0E-B7-00-50-49-0E-E6-00-00-00-00-02-00-E0-00-17-32-00-00-00-00-00-00-00-00-00-00-00-00-00-00-00-00-00-00-00-00-00-00-00-00-00-00-00-00-00-00-00-00-00-00-00-00
[15:39:52:309]50-49-01-C0-A1-26-00-00-03-00-0E-B7-00
[15:39:52:309]50-49-0E-E6-00-00-00-00-02-00-E0-00-
[15:39:52:309]REMOTE_GET_MODE=00
[15:39:52:309][HID_TX]00-80-07-D7-C0-50-41-06-38-01-00-63-00-00-00-00-00-00-00-00-00-00-00-00-00-00-00-00-00-00-00-00-00-00-00-00-00-00-00-00-00-00-00-00-00-00-00-00-00-00-00-00-00-00-00-00-00-00-00-00-00-00-00-00-00
[15:39:52:311]HidD_GetInputReport=True
[15:39:52:311]reply_report=00-4F-00-00-00-00-00-00-00-00-00-00-00-00-00-00-00-00-00-00-00-00-00-00-00-00-00-00-00-00-00-00-00-00-00-00-00-00-00-00-00-00-00-00-00-00-00-00-00-00-00-00-00-00-00-00-00-00-00-00-00-00-00-00-00
[15:39:52:311]50-41-06-38-01-00-63 [CMD_SENT][CMD_GET_IO_LEVEL]
[15:39:52:313][HID_TX_ack]00-12-50-49-01-C0-A4-26-00-00-08-00-06-B8-00-01-D8-FF-1F-00-00-00-00-02-00-E0-00-17-32-00-00-00-00-00-00-00-00-00-00-00-00-00-00-00-00-00-00-00-00-00-00-00-00-00-00-00-00-00-00-00-00-00-00-00-00
[15:39:52:313]50-49-01-C0-A4-26-00-00-08-00-06-B8-00-01-D8-FF-1F-00
[15:39:52:541][HID_TX]00-80-06-3B-73-50-41-0E-39-01-E0-00-00-00-00-00-00-00-00-00-00-00-00-00-00-00-00-00-00-00-00-00-00-00-00-00-00-00-00-00-00-00-00-00-00-00-00-00-00-00-00-00-00-00-00-00-00-00-00-00-00-00-00-00-00
[15:39:52:542]HidD_GetInputReport=True
[15:39:52:542]reply_report=00-4F-00-00-00-00-00-00-00-00-00-00-00-00-00-00-00-00-00-00-00-00-00-00-00-00-00-00-00-00-00-00-00-00-00-00-00-00-00-00-00-00-00-00-00-00-00-00-00-00-00-00-00-00-00-00-00-00-00-00-00-00-00-00-00
[15:39:52:542]50-41-0E-39-01-E0 [CMD_SENT][REMOTE_GET_MODE]
[15:39:52:545][HID_TX_ack]00-19-50-49-01-C0-5D-27-00-00-03-00-0E-B9-00-50-49-0E-E7-00-00-00-00-02-00-E0-00-17-32-00-00-00-00-00-00-00-00-00-00-00-00-00-00-00-00-00-00-00-00-00-00-00-00-00-00-00-00-00-00-00-00-00-00-00-00
[15:39:52:545]50-49-01-C0-5D-27-00-00-03-00-0E-B9-00
[15:39:52:545]50-49-0E-E7-00-00-00-00-02-00-E0-00-
[15:39:52:545]REMOTE_GET_MODE=00
[15:39:52:545][HID_TX]00-80-07-3C-EF-50-41-06-3A-01-00-63-00-00-00-00-00-00-00-00-00-00-00-00-00-00-00-00-00-00-00-00-00-00-00-00-00-00-00-00-00-00-00-00-00-00-00-00-00-00-00-00-00-00-00-00-00-00-00-00-00-00-00-00-00
[15:39:52:546]HidD_GetInputReport=True
[15:39:52:546]reply_report=00-4F-00-00-00-00-00-00-00-00-00-00-00-00-00-00-00-00-00-00-00-00-00-00-00-00-00-00-00-00-00-00-00-00-00-00-00-00-00-00-00-00-00-00-00-00-00-00-00-00-00-00-00-00-00-00-00-00-00-00-00-00-00-00-00
[15:39:52:546]50-41-06-3A-01-00-63 [CMD_SENT][CMD_GET_IO_LEVEL]
[15:39:52:549][HID_TX_ack]00-12-50-49-01-C0-60-27-00-00-08-00-06-BA-00-01-D8-FF-1F-00-00-00-00-02-00-E0-00-17-32-00-00-00-00-00-00-00-00-00-00-00-00-00-00-00-00-00-00-00-00-00-00-00-00-00-00-00-00-00-00-00-00-00-00-00-00
[15:39:52:549]50-49-01-C0-60-27-00-00-08-00-06-BA-00-01-D8-FF-1F-00
[15:39:52:771][HID_TX]00-80-06-D0-5C-50-41-0E-3B-01-E0-00-00-00-00-00-00-00-00-00-00-00-00-00-00-00-00-00-00-00-00-00-00-00-00-00-00-00-00-00-00-00-00-00-00-00-00-00-00-00-00-00-00-00-00-00-00-00-00-00-00-00-00-00-00
[15:39:52:773]HidD_GetInputReport=True
[15:39:52:773]reply_report=00-4F-00-00-00-00-00-00-00-00-00-00-00-00-00-00-00-00-00-00-00-00-00-00-00-00-00-00-00-00-00-00-00-00-00-00-00-00-00-00-00-00-00-00-00-00-00-00-00-00-00-00-00-00-00-00-00-00-00-00-00-00-00-00-00
[15:39:52:773]50-41-0E-3B-01-E0 [CMD_SENT][REMOTE_GET_MODE]
[15:39:52:775][HID_TX_ack]00-19-50-49-01-C0-15-28-00-00-03-00-0E-BB-00-50-49-0E-E8-00-00-00-00-02-00-E0-00-17-32-00-00-00-00-00-00-00-00-00-00-00-00-00-00-00-00-00-00-00-00-00-00-00-00-00-00-00-00-00-00-00-00-00-00-00-00
[15:39:52:775]50-49-01-C0-15-28-00-00-03-00-0E-BB-00
[15:39:52:775]50-49-0E-E8-00-00-00-00-02-00-E0-00-
[15:39:52:775]REMOTE_GET_MODE=00
[15:39:52:775][HID_TX]00-80-07-01-9F-50-41-06-3C-01-00-63-00-00-00-00-00-00-00-00-00-00-00-00-00-00-00-00-00-00-00-00-00-00-00-00-00-00-00-00-00-00-00-00-00-00-00-00-00-00-00-00-00-00-00-00-00-00-00-00-00-00-00-00-00
[15:39:52:777]HidD_GetInputReport=True
[15:39:52:777]reply_report=00-4F-00-00-00-00-00-00-00-00-00-00-00-00-00-00-00-00-00-00-00-00-00-00-00-00-00-00-00-00-00-00-00-00-00-00-00-00-00-00-00-00-00-00-00-00-00-00-00-00-00-00-00-00-00-00-00-00-00-00-00-00-00-00-00
[15:39:52:777]50-41-06-3C-01-00-63 [CMD_SENT][CMD_GET_IO_LEVEL]
[15:39:52:779][HID_TX_ack]00-12-50-49-01-C0-19-28-00-00-08-00-06-BC-00-01-D8-FF-1F-00-00-00-00-02-00-E0-00-17-32-00-00-00-00-00-00-00-00-00-00-00-00-00-00-00-00-00-00-00-00-00-00-00-00-00-00-00-00-00-00-00-00-00-00-00-00
[15:39:52:779]50-49-01-C0-19-28-00-00-08-00-06-BC-00-01-D8-FF-1F-00
[15:39:53:002][HID_TX]00-80-06-ED-2C-50-41-0E-3D-01-E0-00-00-00-00-00-00-00-00-00-00-00-00-00-00-00-00-00-00-00-00-00-00-00-00-00-00-00-00-00-00-00-00-00-00-00-00-00-00-00-00-00-00-00-00-00-00-00-00-00-00-00-00-00-00
[15:39:53:003]HidD_GetInputReport=True
[15:39:53:003]reply_report=00-4F-00-00-00-00-00-00-00-00-00-00-00-00-00-00-00-00-00-00-00-00-00-00-00-00-00-00-00-00-00-00-00-00-00-00-00-00-00-00-00-00-00-00-00-00-00-00-00-00-00-00-00-00-00-00-00-00-00-00-00-00-00-00-00
[15:39:53:003]50-41-0E-3D-01-E0 [CMD_SENT][REMOTE_GET_MODE]
[15:39:53:006][HID_TX_ack]00-19-50-49-01-C0-CD-28-00-00-03-00-0E-BD-00-50-49-0E-E9-00-00-00-00-02-00-E0-00-17-32-00-00-00-00-00-00-00-00-00-00-00-00-00-00-00-00-00-00-00-00-00-00-00-00-00-00-00-00-00-00-00-00-00-00-00-00
[15:39:53:006]50-49-01-C0-CD-28-00-00-03-00-0E-BD-00
[15:39:53:006]50-49-0E-E9-00-00-00-00-02-00-E0-00-
[15:39:53:006]REMOTE_GET_MODE=00
[15:39:53:006][HID_TX]00-80-07-EA-B0-50-41-06-3E-01-00-63-00-00-00-00-00-00-00-00-00-00-00-00-00-00-00-00-00-00-00-00-00-00-00-00-00-00-00-00-00-00-00-00-00-00-00-00-00-00-00-00-00-00-00-00-00-00-00-00-00-00-00-00-00
[15:39:53:007]HidD_GetInputReport=True
[15:39:53:007]reply_report=00-4F-00-00-00-00-00-00-00-00-00-00-00-00-00-00-00-00-00-00-00-00-00-00-00-00-00-00-00-00-00-00-00-00-00-00-00-00-00-00-00-00-00-00-00-00-00-00-00-00-00-00-00-00-00-00-00-00-00-00-00-00-00-00-00
[15:39:53:007]50-41-06-3E-01-00-63 [CMD_SENT][CMD_GET_IO_LEVEL]
[15:39:53:010][HID_TX_ack]00-12-50-49-01-C0-D1-28-00-00-08-00-06-BE-00-01-D8-FF-1F-00-00-00-00-02-00-E0-00-17-32-00-00-00-00-00-00-00-00-00-00-00-00-00-00-00-00-00-00-00-00-00-00-00-00-00-00-00-00-00-00-00-00-00-00-00-00
[15:39:53:010]50-49-01-C0-D1-28-00-00-08-00-06-BE-00-01-D8-FF-1F-00
[15:39:53:193][HID_TX_ack]00-0D-50-49-11-EA-63-29-00-00-03-00-20-E9-00-01-D8-FF-1F-00-00-00-00-02-00-E0-00-17-32-00-00-00-00-00-00-00-00-00-00-00-00-00-00-00-00-00-00-00-00-00-00-00-00-00-00-00-00-00-00-00-00-00-00-00-00
[15:39:53:193]50-49-11-EA-63-29-00-00-03-00-20-E9-00
[15:39:53:201][HID_TX_ack]00-1A-50-49-01-C0-69-29-00-00-03-00-11-93-18-50-49-01-C0-6A-29-00-00-03-00-11-94-17-32-00-00-00-00-00-00-00-00-00-00-00-00-00-00-00-00-00-00-00-00-00-00-00-00-00-00-00-00-00-00-00-00-00-00-00-00
[15:39:53:201]50-49-01-C0-69-29-00-00-03-00-11-93-18
[15:39:53:201]50-49-01-C0-6A-29-00-00-03-00-11-94-17
[15:39:53:205][HID_TX_ack]00-0D-50-49-11-EB-6B-29-00-00-03-00-20-00-00-50-49-01-C0-6A-29-00-00-03-00-11-94-17-32-00-00-00-00-00-00-00-00-00-00-00-00-00-00-00-00-00-00-00-00-00-00-00-00-00-00-00-00-00-00-00-00-00-00-00-00
[15:39:53:205]50-49-11-EB-6B-29-00-00-03-00-20-00-00
[15:39:53:223][HID_TX_ack]00-0D-50-49-01-C0-7B-29-00-00-03-00-11-95-16-50-49-01-C0-6A-29-00-00-03-00-11-94-17-32-00-00-00-00-00-00-00-00-00-00-00-00-00-00-00-00-00-00-00-00-00-00-00-00-00-00-00-00-00-00-00-00-00-00-00-00
[15:39:53:223]50-49-01-C0-7B-29-00-00-03-00-11-95-16
[15:39:53:235][HID_TX]00-80-06-06-03-50-41-0E-3F-01-E0-00-00-00-00-00-00-00-00-00-00-00-00-00-00-00-00-00-00-00-00-00-00-00-00-00-00-00-00-00-00-00-00-00-00-00-00-00-00-00-00-00-00-00-00-00-00-00-00-00-00-00-00-00-00
[15:39:53:236]HidD_GetInputReport=True
[15:39:53:236]reply_report=00-4F-00-00-00-00-00-00-00-00-00-00-00-00-00-00-00-00-00-00-00-00-00-00-00-00-00-00-00-00-00-00-00-00-00-00-00-00-00-00-00-00-00-00-00-00-00-00-00-00-00-00-00-00-00-00-00-00-00-00-00-00-00-00-00
[15:39:53:236]50-41-0E-3F-01-E0 [CMD_SENT][REMOTE_GET_MODE]
[15:39:53:240][HID_TX_ack]00-19-50-49-01-C0-88-29-00-00-03-00-0E-BF-00-50-49-0E-EC-00-00-00-00-02-00-E0-00-17-32-00-00-00-00-00-00-00-00-00-00-00-00-00-00-00-00-00-00-00-00-00-00-00-00-00-00-00-00-00-00-00-00-00-00-00-00
[15:39:53:240]50-49-01-C0-88-29-00-00-03-00-0E-BF-00
[15:39:53:240]50-49-0E-EC-00-00-00-00-02-00-E0-00-
[15:39:53:240]REMOTE_GET_MODE=00
[15:39:53:240][HID_TX]00-80-07-35-63-50-41-06-40-01-00-63-00-00-00-00-00-00-00-00-00-00-00-00-00-00-00-00-00-00-00-00-00-00-00-00-00-00-00-00-00-00-00-00-00-00-00-00-00-00-00-00-00-00-00-00-00-00-00-00-00-00-00-00-00
[15:39:53:242]HidD_GetInputReport=True
[15:39:53:242]reply_report=00-4F-00-00-00-00-00-00-00-00-00-00-00-00-00-00-00-00-00-00-00-00-00-00-00-00-00-00-00-00-00-00-00-00-00-00-00-00-00-00-00-00-00-00-00-00-00-00-00-00-00-00-00-00-00-00-00-00-00-00-00-00-00-00-00
[15:39:53:242]50-41-06-40-01-00-63 [CMD_SENT][CMD_GET_IO_LEVEL]
[15:39:53:245][HID_TX_ack]00-12-50-49-01-C0-8D-29-00-00-08-00-06-C0-00-01-D8-FF-1F-00-00-00-00-02-00-E0-00-17-32-00-00-00-00-00-00-00-00-00-00-00-00-00-00-00-00-00-00-00-00-00-00-00-00-00-00-00-00-00-00-00-00-00-00-00-00
[15:39:53:245]50-49-01-C0-8D-29-00-00-08-00-06-C0-00-01-D8-FF-1F-00
[15:39:53:306][HID_TX_ack]00-0D-50-49-11-ED-BD-29-00-00-03-00-20-E9-00-01-D8-FF-1F-00-00-00-00-02-00-E0-00-17-32-00-00-00-00-00-00-00-00-00-00-00-00-00-00-00-00-00-00-00-00-00-00-00-00-00-00-00-00-00-00-00-00-00-00-00-00
[15:39:53:306]50-49-11-ED-BD-29-00-00-03-00-20-E9-00
[15:39:53:314][HID_TX_ack]00-1A-50-49-01-C0-C4-29-00-00-03-00-11-96-18-50-49-01-C0-C4-29-00-00-03-00-11-97-17-32-00-00-00-00-00-00-00-00-00-00-00-00-00-00-00-00-00-00-00-00-00-00-00-00-00-00-00-00-00-00-00-00-00-00-00-00
[15:39:53:314]50-49-01-C0-C4-29-00-00-03-00-11-96-18
[15:39:53:314]50-49-01-C0-C4-29-00-00-03-00-11-97-17
[15:39:53:316][HID_TX_ack]00-0D-50-49-11-EE-C6-29-00-00-03-00-20-00-00-50-49-01-C0-C4-29-00-00-03-00-11-97-17-32-00-00-00-00-00-00-00-00-00-00-00-00-00-00-00-00-00-00-00-00-00-00-00-00-00-00-00-00-00-00-00-00-00-00-00-00
[15:39:53:316]50-49-11-EE-C6-29-00-00-03-00-20-00-00
[15:39:53:414][HID_TX_ack]00-0D-50-49-11-EF-13-2A-00-00-03-00-20-E9-00-50-49-01-C0-C4-29-00-00-03-00-11-97-17-32-00-00-00-00-00-00-00-00-00-00-00-00-00-00-00-00-00-00-00-00-00-00-00-00-00-00-00-00-00-00-00-00-00-00-00-00
[15:39:53:414]50-49-11-EF-13-2A-00-00-03-00-20-E9-00
[15:39:53:423][HID_TX_ack]00-1A-50-49-01-C0-1B-2A-00-00-03-00-11-98-18-50-49-01-C0-1C-2A-00-00-03-00-11-99-17-32-00-00-00-00-00-00-00-00-00-00-00-00-00-00-00-00-00-00-00-00-00-00-00-00-00-00-00-00-00-00-00-00-00-00-00-00
[15:39:53:423]50-49-01-C0-1B-2A-00-00-03-00-11-98-18
[15:39:53:423]50-49-01-C0-1C-2A-00-00-03-00-11-99-17
[15:39:53:426][HID_TX_ack]00-0D-50-49-11-F0-1D-2A-00-00-03-00-20-00-00-50-49-01-C0-1C-2A-00-00-03-00-11-99-17-32-00-00-00-00-00-00-00-00-00-00-00-00-00-00-00-00-00-00-00-00-00-00-00-00-00-00-00-00-00-00-00-00-00-00-00-00
[15:39:53:426]50-49-11-F0-1D-2A-00-00-03-00-20-00-00
[15:39:53:467][HID_TX]00-80-06-D9-D0-50-41-0E-41-01-E0-00-00-00-00-00-00-00-00-00-00-00-00-00-00-00-00-00-00-00-00-00-00-00-00-00-00-00-00-00-00-00-00-00-00-00-00-00-00-00-00-00-00-00-00-00-00-00-00-00-00-00-00-00-00
[15:39:53:468]HidD_GetInputReport=True
[15:39:53:468]reply_report=00-4F-00-00-00-00-00-00-00-00-00-00-00-00-00-00-00-00-00-00-00-00-00-00-00-00-00-00-00-00-00-00-00-00-00-00-00-00-00-00-00-00-00-00-00-00-00-00-00-00-00-00-00-00-00-00-00-00-00-00-00-00-00-00-00
[15:39:53:468]50-41-0E-41-01-E0 [CMD_SENT][REMOTE_GET_MODE]
[15:39:53:470][HID_TX_ack]00-19-50-49-01-C0-41-2A-00-00-03-00-0E-C1-00-50-49-0E-F1-00-00-00-00-02-00-E0-00-17-32-00-00-00-00-00-00-00-00-00-00-00-00-00-00-00-00-00-00-00-00-00-00-00-00-00-00-00-00-00-00-00-00-00-00-00-00
[15:39:53:470]50-49-01-C0-41-2A-00-00-03-00-0E-C1-00
[15:39:53:470]50-49-0E-F1-00-00-00-00-02-00-E0-00-
[15:39:53:470]REMOTE_GET_MODE=00
[15:39:53:470][HID_TX]00-80-07-DE-4C-50-41-06-42-01-00-63-00-00-00-00-00-00-00-00-00-00-00-00-00-00-00-00-00-00-00-00-00-00-00-00-00-00-00-00-00-00-00-00-00-00-00-00-00-00-00-00-00-00-00-00-00-00-00-00-00-00-00-00-00
[15:39:53:472]HidD_GetInputReport=True
[15:39:53:472]reply_report=00-4F-00-00-00-00-00-00-00-00-00-00-00-00-00-00-00-00-00-00-00-00-00-00-00-00-00-00-00-00-00-00-00-00-00-00-00-00-00-00-00-00-00-00-00-00-00-00-00-00-00-00-00-00-00-00-00-00-00-00-00-00-00-00-00
[15:39:53:472]50-41-06-42-01-00-63 [CMD_SENT][CMD_GET_IO_LEVEL]
[15:39:53:474][HID_TX_ack]00-12-50-49-01-C0-45-2A-00-00-08-00-06-C2-00-01-D8-FF-1F-00-00-00-00-02-00-E0-00-17-32-00-00-00-00-00-00-00-00-00-00-00-00-00-00-00-00-00-00-00-00-00-00-00-00-00-00-00-00-00-00-00-00-00-00-00-00
[15:39:53:474]50-49-01-C0-45-2A-00-00-08-00-06-C2-00-01-D8-FF-1F-00
[15:39:53:520][HID_TX_ack]00-0D-50-49-11-F2-67-2A-00-00-03-00-20-E9-00-01-D8-FF-1F-00-00-00-00-02-00-E0-00-17-32-00-00-00-00-00-00-00-00-00-00-00-00-00-00-00-00-00-00-00-00-00-00-00-00-00-00-00-00-00-00-00-00-00-00-00-00
[15:39:53:520]50-49-11-F2-67-2A-00-00-03-00-20-E9-00
[15:39:53:527][HID_TX_ack]00-1A-50-49-01-C0-6E-2A-00-00-03-00-11-9A-18-50-49-01-C0-6F-2A-00-00-03-00-11-9B-17-32-00-00-00-00-00-00-00-00-00-00-00-00-00-00-00-00-00-00-00-00-00-00-00-00-00-00-00-00-00-00-00-00-00-00-00-00
[15:39:53:528]50-49-01-C0-6E-2A-00-00-03-00-11-9A-18
[15:39:53:528]50-49-01-C0-6F-2A-00-00-03-00-11-9B-17
[15:39:53:530][HID_TX_ack]00-0D-50-49-11-F3-71-2A-00-00-03-00-20-00-00-50-49-01-C0-6F-2A-00-00-03-00-11-9B-17-32-00-00-00-00-00-00-00-00-00-00-00-00-00-00-00-00-00-00-00-00-00-00-00-00-00-00-00-00-00-00-00-00-00-00-00-00
[15:39:53:530]50-49-11-F3-71-2A-00-00-03-00-20-00-00
[15:39:53:616][HID_TX_ack]00-0D-50-49-11-F4-B5-2A-00-00-03-00-20-E9-00-50-49-01-C0-6F-2A-00-00-03-00-11-9B-17-32-00-00-00-00-00-00-00-00-00-00-00-00-00-00-00-00-00-00-00-00-00-00-00-00-00-00-00-00-00-00-00-00-00-00-00-00
[15:39:53:616]50-49-11-F4-B5-2A-00-00-03-00-20-E9-00
[15:39:53:622][HID_TX_ack]00-0D-50-49-01-C0-BB-2A-00-00-03-00-11-9C-18-50-49-01-C0-6F-2A-00-00-03-00-11-9B-17-32-00-00-00-00-00-00-00-00-00-00-00-00-00-00-00-00-00-00-00-00-00-00-00-00-00-00-00-00-00-00-00-00-00-00-00-00
[15:39:53:622]50-49-01-C0-BB-2A-00-00-03-00-11-9C-18
[15:39:53:629][HID_TX_ack]00-0D-50-49-01-C0-C1-2A-00-00-03-00-11-9D-17-50-49-01-C0-6F-2A-00-00-03-00-11-9B-17-32-00-00-00-00-00-00-00-00-00-00-00-00-00-00-00-00-00-00-00-00-00-00-00-00-00-00-00-00-00-00-00-00-00-00-00-00
[15:39:53:629]50-49-01-C0-C1-2A-00-00-03-00-11-9D-17
[15:39:53:631][HID_TX_ack]00-0D-50-49-11-F5-C2-2A-00-00-03-00-20-00-00-50-49-01-C0-6F-2A-00-00-03-00-11-9B-17-32-00-00-00-00-00-00-00-00-00-00-00-00-00-00-00-00-00-00-00-00-00-00-00-00-00-00-00-00-00-00-00-00-00-00-00-00
[15:39:53:631]50-49-11-F5-C2-2A-00-00-03-00-20-00-00
[15:39:53:697][HID_TX]00-80-06-32-FF-50-41-0E-43-01-E0-00-00-00-00-00-00-00-00-00-00-00-00-00-00-00-00-00-00-00-00-00-00-00-00-00-00-00-00-00-00-00-00-00-00-00-00-00-00-00-00-00-00-00-00-00-00-00-00-00-00-00-00-00-00
[15:39:53:699]HidD_GetInputReport=True
[15:39:53:699]reply_report=00-4F-00-00-00-00-00-00-00-00-00-00-00-00-00-00-00-00-00-00-00-00-00-00-00-00-00-00-00-00-00-00-00-00-00-00-00-00-00-00-00-00-00-00-00-00-00-00-00-00-00-00-00-00-00-00-00-00-00-00-00-00-00-00-00
[15:39:53:699]50-41-0E-43-01-E0 [CMD_SENT][REMOTE_GET_MODE]
[15:39:53:702][HID_TX_ack]00-19-50-49-01-C0-FA-2A-00-00-03-00-0E-C3-00-50-49-0E-F6-00-00-00-00-02-00-E0-00-17-32-00-00-00-00-00-00-00-00-00-00-00-00-00-00-00-00-00-00-00-00-00-00-00-00-00-00-00-00-00-00-00-00-00-00-00-00
[15:39:53:702]50-49-01-C0-FA-2A-00-00-03-00-0E-C3-00
[15:39:53:702]50-49-0E-F6-00-00-00-00-02-00-E0-00-
[15:39:53:702]REMOTE_GET_MODE=00
[15:39:53:702][HID_TX]00-80-07-E3-3C-50-41-06-44-01-00-63-00-00-00-00-00-00-00-00-00-00-00-00-00-00-00-00-00-00-00-00-00-00-00-00-00-00-00-00-00-00-00-00-00-00-00-00-00-00-00-00-00-00-00-00-00-00-00-00-00-00-00-00-00
[15:39:53:703]HidD_GetInputReport=True
[15:39:53:703]reply_report=00-4F-00-00-00-00-00-00-00-00-00-00-00-00-00-00-00-00-00-00-00-00-00-00-00-00-00-00-00-00-00-00-00-00-00-00-00-00-00-00-00-00-00-00-00-00-00-00-00-00-00-00-00-00-00-00-00-00-00-00-00-00-00-00-00
[15:39:53:703]50-41-06-44-01-00-63 [CMD_SENT][CMD_GET_IO_LEVEL]
[15:39:53:705][HID_TX_ack]00-12-50-49-01-C0-FE-2A-00-00-08-00-06-C4-00-01-D8-FF-1F-00-00-00-00-02-00-E0-00-17-32-00-00-00-00-00-00-00-00-00-00-00-00-00-00-00-00-00-00-00-00-00-00-00-00-00-00-00-00-00-00-00-00-00-00-00-00
[15:39:53:706]50-49-01-C0-FE-2A-00-00-08-00-06-C4-00-01-D8-FF-1F-00
[15:39:53:730][HID_TX_ack]00-0D-50-49-11-F7-0F-2B-00-00-03-00-20-E9-00-01-D8-FF-1F-00-00-00-00-02-00-E0-00-17-32-00-00-00-00-00-00-00-00-00-00-00-00-00-00-00-00-00-00-00-00-00-00-00-00-00-00-00-00-00-00-00-00-00-00-00-00
[15:39:53:730]50-49-11-F7-0F-2B-00-00-03-00-20-E9-00
[15:39:53:741][HID_TX_ack]00-1A-50-49-01-C0-19-2B-00-00-03-00-11-9E-18-50-49-01-C0-19-2B-00-00-03-00-11-9F-17-32-00-00-00-00-00-00-00-00-00-00-00-00-00-00-00-00-00-00-00-00-00-00-00-00-00-00-00-00-00-00-00-00-00-00-00-00
[15:39:53:741]50-49-01-C0-19-2B-00-00-03-00-11-9E-18
[15:39:53:741]50-49-01-C0-19-2B-00-00-03-00-11-9F-17
[15:39:53:744][HID_TX_ack]00-0D-50-49-11-F8-1B-2B-00-00-03-00-20-00-00-50-49-01-C0-19-2B-00-00-03-00-11-9F-17-32-00-00-00-00-00-00-00-00-00-00-00-00-00-00-00-00-00-00-00-00-00-00-00-00-00-00-00-00-00-00-00-00-00-00-00-00
[15:39:53:744]50-49-11-F8-1B-2B-00-00-03-00-20-00-00
[15:39:53:834][HID_TX_ack]00-0D-50-49-11-F9-63-2B-00-00-03-00-20-E9-00-50-49-01-C0-19-2B-00-00-03-00-11-9F-17-32-00-00-00-00-00-00-00-00-00-00-00-00-00-00-00-00-00-00-00-00-00-00-00-00-00-00-00-00-00-00-00-00-00-00-00-00
[15:39:53:834]50-49-11-F9-63-2B-00-00-03-00-20-E9-00
[15:39:53:848][HID_TX_ack]00-1A-50-49-01-C0-6F-2B-00-00-03-00-11-A0-18-50-49-01-C0-70-2B-00-00-03-00-11-A1-17-32-00-00-00-00-00-00-00-00-00-00-00-00-00-00-00-00-00-00-00-00-00-00-00-00-00-00-00-00-00-00-00-00-00-00-00-00
[15:39:53:848]50-49-01-C0-6F-2B-00-00-03-00-11-A0-18
[15:39:53:848]50-49-01-C0-70-2B-00-00-03-00-11-A1-17
[15:39:53:851][HID_TX_ack]00-0D-50-49-11-FA-71-2B-00-00-03-00-20-00-00-50-49-01-C0-70-2B-00-00-03-00-11-A1-17-32-00-00-00-00-00-00-00-00-00-00-00-00-00-00-00-00-00-00-00-00-00-00-00-00-00-00-00-00-00-00-00-00-00-00-00-00
[15:39:53:851]50-49-11-FA-71-2B-00-00-03-00-20-00-00
[15:39:53:916][HID_TX]00-80-06-0F-8F-50-41-0E-45-01-E0-00-00-00-00-00-00-00-00-00-00-00-00-00-00-00-00-00-00-00-00-00-00-00-00-00-00-00-00-00-00-00-00-00-00-00-00-00-00-00-00-00-00-00-00-00-00-00-00-00-00-00-00-00-00
[15:39:53:916]HidD_GetInputReport=True
[15:39:53:916]reply_report=00-4F-00-00-00-00-00-00-00-00-00-00-00-00-00-00-00-00-00-00-00-00-00-00-00-00-00-00-00-00-00-00-00-00-00-00-00-00-00-00-00-00-00-00-00-00-00-00-00-00-00-00-00-00-00-00-00-00-00-00-00-00-00-00-00
[15:39:53:916]50-41-0E-45-01-E0 [CMD_SENT][REMOTE_GET_MODE]
[15:39:53:919][HID_TX_ack]00-19-50-49-01-C0-A9-2B-00-00-03-00-0E-C5-00-50-49-0E-FB-00-00-00-00-02-00-E0-00-17-32-00-00-00-00-00-00-00-00-00-00-00-00-00-00-00-00-00-00-00-00-00-00-00-00-00-00-00-00-00-00-00-00-00-00-00-00
[15:39:53:919]50-49-01-C0-A9-2B-00-00-03-00-0E-C5-00
[15:39:53:919]50-49-0E-FB-00-00-00-00-02-00-E0-00-
[15:39:53:919]REMOTE_GET_MODE=00
[15:39:53:919][HID_TX]00-80-07-08-13-50-41-06-46-01-00-63-00-00-00-00-00-00-00-00-00-00-00-00-00-00-00-00-00-00-00-00-00-00-00-00-00-00-00-00-00-00-00-00-00-00-00-00-00-00-00-00-00-00-00-00-00-00-00-00-00-00-00-00-00
[15:39:53:920]HidD_GetInputReport=True
[15:39:53:920]reply_report=00-4F-00-00-00-00-00-00-00-00-00-00-00-00-00-00-00-00-00-00-00-00-00-00-00-00-00-00-00-00-00-00-00-00-00-00-00-00-00-00-00-00-00-00-00-00-00-00-00-00-00-00-00-00-00-00-00-00-00-00-00-00-00-00-00
[15:39:53:920]50-41-06-46-01-00-63 [CMD_SENT][CMD_GET_IO_LEVEL]
[15:39:53:923][HID_TX_ack]00-12-50-49-01-C0-AC-2B-00-00-08-00-06-C6-00-01-D8-FF-1F-00-00-00-00-02-00-E0-00-17-32-00-00-00-00-00-00-00-00-00-00-00-00-00-00-00-00-00-00-00-00-00-00-00-00-00-00-00-00-00-00-00-00-00-00-00-00
[15:39:53:923]50-49-01-C0-AC-2B-00-00-08-00-06-C6-00-01-D8-FF-1F-00
[15:39:53:930][HID_TX_ack]00-0D-50-49-11-FC-B0-2B-00-00-03-00-20-E9-00-01-D8-FF-1F-00-00-00-00-02-00-E0-00-17-32-00-00-00-00-00-00-00-00-00-00-00-00-00-00-00-00-00-00-00-00-00-00-00-00-00-00-00-00-00-00-00-00-00-00-00-00
[15:39:53:930]50-49-11-FC-B0-2B-00-00-03-00-20-E9-00
[15:39:53:937][HID_TX_ack]00-1A-50-49-01-C0-B6-2B-00-00-03-00-11-A2-18-50-49-01-C0-B7-2B-00-00-03-00-11-A3-17-32-00-00-00-00-00-00-00-00-00-00-00-00-00-00-00-00-00-00-00-00-00-00-00-00-00-00-00-00-00-00-00-00-00-00-00-00
[15:39:53:937]50-49-01-C0-B6-2B-00-00-03-00-11-A2-18
[15:39:53:937]50-49-01-C0-B7-2B-00-00-03-00-11-A3-17
[15:39:53:940][HID_TX_ack]00-0D-50-49-11-FD-B9-2B-00-00-03-00-20-00-00-50-49-01-C0-B7-2B-00-00-03-00-11-A3-17-32-00-00-00-00-00-00-00-00-00-00-00-00-00-00-00-00-00-00-00-00-00-00-00-00-00-00-00-00-00-00-00-00-00-00-00-00
[15:39:53:940]50-49-11-FD-B9-2B-00-00-03-00-20-00-00
[15:39:54:044][HID_TX_ack]00-0D-50-49-11-FE-0B-2C-00-00-03-00-20-E9-00-50-49-01-C0-B7-2B-00-00-03-00-11-A3-17-32-00-00-00-00-00-00-00-00-00-00-00-00-00-00-00-00-00-00-00-00-00-00-00-00-00-00-00-00-00-00-00-00-00-00-00-00
[15:39:54:044]50-49-11-FE-0B-2C-00-00-03-00-20-E9-00
[15:39:54:060][HID_TX_ack]00-1A-50-49-01-C0-18-2C-00-00-03-00-11-A4-18-50-49-01-C0-19-2C-00-00-03-00-11-A5-17-32-00-00-00-00-00-00-00-00-00-00-00-00-00-00-00-00-00-00-00-00-00-00-00-00-00-00-00-00-00-00-00-00-00-00-00-00
[15:39:54:060]50-49-01-C0-18-2C-00-00-03-00-11-A4-18
[15:39:54:060]50-49-01-C0-19-2C-00-00-03-00-11-A5-17
[15:39:54:064][HID_TX_ack]00-0D-50-49-11-FF-1B-2C-00-00-03-00-20-00-00-50-49-01-C0-19-2C-00-00-03-00-11-A5-17-32-00-00-00-00-00-00-00-00-00-00-00-00-00-00-00-00-00-00-00-00-00-00-00-00-00-00-00-00-00-00-00-00-00-00-00-00
[15:39:54:064]50-49-11-FF-1B-2C-00-00-03-00-20-00-00
[15:39:54:132][HID_TX]00-80-06-E4-A0-50-41-0E-47-01-E0-00-00-00-00-00-00-00-00-00-00-00-00-00-00-00-00-00-00-00-00-00-00-00-00-00-00-00-00-00-00-00-00-00-00-00-00-00-00-00-00-00-00-00-00-00-00-00-00-00-00-00-00-00-00
[15:39:54:133]HidD_GetInputReport=True
[15:39:54:134]reply_report=00-4F-00-00-00-00-00-00-00-00-00-00-00-00-00-00-00-00-00-00-00-00-00-00-00-00-00-00-00-00-00-00-00-00-00-00-00-00-00-00-00-00-00-00-00-00-00-00-00-00-00-00-00-00-00-00-00-00-00-00-00-00-00-00-00
[15:39:54:134]50-41-0E-47-01-E0 [CMD_SENT][REMOTE_GET_MODE]
[15:39:54:136][HID_TX_ack]00-19-50-49-01-C0-56-2C-00-00-03-00-0E-C7-00-50-49-0E-C0-00-00-00-00-02-00-E0-00-17-32-00-00-00-00-00-00-00-00-00-00-00-00-00-00-00-00-00-00-00-00-00-00-00-00-00-00-00-00-00-00-00-00-00-00-00-00
[15:39:54:136]50-49-01-C0-56-2C-00-00-03-00-0E-C7-00
[15:39:54:136]50-49-0E-C0-00-00-00-00-02-00-E0-00-
[15:39:54:136]REMOTE_GET_MODE=00
[15:39:54:136][HID_TX]00-80-07-99-DC-50-41-06-48-01-00-63-00-00-00-00-00-00-00-00-00-00-00-00-00-00-00-00-00-00-00-00-00-00-00-00-00-00-00-00-00-00-00-00-00-00-00-00-00-00-00-00-00-00-00-00-00-00-00-00-00-00-00-00-00
[15:39:54:137]HidD_GetInputReport=True
[15:39:54:137]reply_report=00-4F-00-00-00-00-00-00-00-00-00-00-00-00-00-00-00-00-00-00-00-00-00-00-00-00-00-00-00-00-00-00-00-00-00-00-00-00-00-00-00-00-00-00-00-00-00-00-00-00-00-00-00-00-00-00-00-00-00-00-00-00-00-00-00
[15:39:54:137]50-41-06-48-01-00-63 [CMD_SENT][CMD_GET_IO_LEVEL]
[15:39:54:140][HID_TX_ack]00-12-50-49-01-C0-5A-2C-00-00-08-00-06-C8-00-01-D8-FF-1F-00-00-00-00-02-00-E0-00-17-32-00-00-00-00-00-00-00-00-00-00-00-00-00-00-00-00-00-00-00-00-00-00-00-00-00-00-00-00-00-00-00-00-00-00-00-00
[15:39:54:140]50-49-01-C0-5A-2C-00-00-08-00-06-C8-00-01-D8-FF-1F-00
[15:39:54:164][HID_TX_ack]00-0D-50-49-11-C1-6B-2C-00-00-03-00-20-E9-00-01-D8-FF-1F-00-00-00-00-02-00-E0-00-17-32-00-00-00-00-00-00-00-00-00-00-00-00-00-00-00-00-00-00-00-00-00-00-00-00-00-00-00-00-00-00-00-00-00-00-00-00
[15:39:54:164]50-49-11-C1-6B-2C-00-00-03-00-20-E9-00
[15:39:54:178][HID_TX_ack]00-1A-50-49-01-C0-77-2C-00-00-03-00-11-A6-18-50-49-01-C0-78-2C-00-00-03-00-11-A7-17-32-00-00-00-00-00-00-00-00-00-00-00-00-00-00-00-00-00-00-00-00-00-00-00-00-00-00-00-00-00-00-00-00-00-00-00-00
[15:39:54:178]50-49-01-C0-77-2C-00-00-03-00-11-A6-18
[15:39:54:178]50-49-01-C0-78-2C-00-00-03-00-11-A7-17
[15:39:54:181][HID_TX_ack]00-0D-50-49-11-C2-79-2C-00-00-03-00-20-00-00-50-49-01-C0-78-2C-00-00-03-00-11-A7-17-32-00-00-00-00-00-00-00-00-00-00-00-00-00-00-00-00-00-00-00-00-00-00-00-00-00-00-00-00-00-00-00-00-00-00-00-00
[15:39:54:181]50-49-11-C2-79-2C-00-00-03-00-20-00-00
[15:39:54:257][HID_TX_ack]00-0D-50-49-11-C3-B5-2C-00-00-03-00-20-E9-00-50-49-01-C0-78-2C-00-00-03-00-11-A7-17-32-00-00-00-00-00-00-00-00-00-00-00-00-00-00-00-00-00-00-00-00-00-00-00-00-00-00-00-00-00-00-00-00-00-00-00-00
[15:39:54:257]50-49-11-C3-B5-2C-00-00-03-00-20-E9-00
[15:39:54:263][HID_TX_ack]00-1A-50-49-01-C0-BB-2C-00-00-03-00-11-A8-18-50-49-01-C0-BC-2C-00-00-03-00-11-A9-17-32-00-00-00-00-00-00-00-00-00-00-00-00-00-00-00-00-00-00-00-00-00-00-00-00-00-00-00-00-00-00-00-00-00-00-00-00
[15:39:54:263]50-49-01-C0-BB-2C-00-00-03-00-11-A8-18
[15:39:54:263]50-49-01-C0-BC-2C-00-00-03-00-11-A9-17
[15:39:54:266][HID_TX_ack]00-0D-50-49-11-C4-BD-2C-00-00-03-00-20-00-00-50-49-01-C0-BC-2C-00-00-03-00-11-A9-17-32-00-00-00-00-00-00-00-00-00-00-00-00-00-00-00-00-00-00-00-00-00-00-00-00-00-00-00-00-00-00-00-00-00-00-00-00
[15:39:54:266]50-49-11-C4-BD-2C-00-00-03-00-20-00-00
[15:39:54:357][HID_TX_ack]00-0D-50-49-11-C5-05-2D-00-00-03-00-20-E9-00-50-49-01-C0-BC-2C-00-00-03-00-11-A9-17-32-00-00-00-00-00-00-00-00-00-00-00-00-00-00-00-00-00-00-00-00-00-00-00-00-00-00-00-00-00-00-00-00-00-00-00-00
[15:39:54:357]50-49-11-C5-05-2D-00-00-03-00-20-E9-00
[15:39:54:362][HID_TX]00-80-06-75-6F-50-41-0E-49-01-E0-00-00-00-00-00-00-00-00-00-00-00-00-00-00-00-00-00-00-00-00-00-00-00-00-00-00-00-00-00-00-00-00-00-00-00-00-00-00-00-00-00-00-00-00-00-00-00-00-00-00-00-00-00-00
[15:39:54:363]HidD_GetInputReport=True
[15:39:54:363]reply_report=00-4F-00-00-00-00-00-00-00-00-00-00-00-00-00-00-00-00-00-00-00-00-00-00-00-00-00-00-00-00-00-00-00-00-00-00-00-00-00-00-00-00-00-00-00-00-00-00-00-00-00-00-00-00-00-00-00-00-00-00-00-00-00-00-00
[15:39:54:363]50-41-0E-49-01-E0 [CMD_SENT][REMOTE_GET_MODE]
[15:39:54:366][HID_TX_ack]00-26-50-49-01-C0-0D-2D-00-00-03-00-0E-C9-00-50-49-0E-C6-00-00-00-00-02-00-E0-00-50-49-01-C0-0E-2D-00-00-03-00-11-AA-18-00-00-00-00-00-00-00-00-00-00-00-00-00-00-00-00-00-00-00-00-00-00-00-00-00
[15:39:54:366]50-49-01-C0-0D-2D-00-00-03-00-0E-C9-00
[15:39:54:366]REMOTE_GET_MODE=00
[15:39:54:366]50-49-0E-C6-00-00-00-00-02-00-E0-00-
[15:39:54:366][HID_TX]00-80-07-72-F3-50-41-06-4A-01-00-63-00-00-00-00-00-00-00-00-00-00-00-00-00-00-00-00-00-00-00-00-00-00-00-00-00-00-00-00-00-00-00-00-00-00-00-00-00-00-00-00-00-00-00-00-00-00-00-00-00-00-00-00-00
[15:39:54:366]50-49-01-C0-0E-2D-00-00-03-00-11-AA-18
[15:39:54:367]HidD_GetInputReport=True
[15:39:54:367]reply_report=00-4F-00-00-00-00-00-00-00-00-00-00-00-00-00-00-00-00-00-00-00-00-00-00-00-00-00-00-00-00-00-00-00-00-00-00-00-00-00-00-00-00-00-00-00-00-00-00-00-00-00-00-00-00-00-00-00-00-00-00-00-00-00-00-00
[15:39:54:367]50-41-06-4A-01-00-63 [CMD_SENT][CMD_GET_IO_LEVEL]
[15:39:54:372][HID_TX_ack]00-0D-50-49-01-C0-13-2D-00-00-03-00-11-AB-17-50-49-0E-C6-00-00-00-00-02-00-E0-00-50-49-01-C0-0E-2D-00-00-03-00-11-AA-18-00-00-00-00-00-00-00-00-00-00-00-00-00-00-00-00-00-00-00-00-00-00-00-00-00
[15:39:54:372]50-49-01-C0-13-2D-00-00-03-00-11-AB-17
[15:39:54:375][HID_TX_ack]00-0D-50-49-11-C7-14-2D-00-00-03-00-20-00-00-50-49-0E-C6-00-00-00-00-02-00-E0-00-50-49-01-C0-0E-2D-00-00-03-00-11-AA-18-00-00-00-00-00-00-00-00-00-00-00-00-00-00-00-00-00-00-00-00-00-00-00-00-00
[15:39:54:375]50-49-11-C7-14-2D-00-00-03-00-20-00-00
[15:39:54:387][HID_TX_ack]00-12-50-49-01-C0-1E-2D-00-00-08-00-06-CA-00-01-D8-FF-1F-00-00-00-00-02-00-E0-00-50-49-01-C0-0E-2D-00-00-03-00-11-AA-18-00-00-00-00-00-00-00-00-00-00-00-00-00-00-00-00-00-00-00-00-00-00-00-00-00
[15:39:54:387]50-49-01-C0-1E-2D-00-00-08-00-06-CA-00-01-D8-FF-1F-00
[15:39:54:479][HID_TX_ack]00-0D-50-49-11-C8-67-2D-00-00-03-00-20-E9-00-01-D8-FF-1F-00-00-00-00-02-00-E0-00-50-49-01-C0-0E-2D-00-00-03-00-11-AA-18-00-00-00-00-00-00-00-00-00-00-00-00-00-00-00-00-00-00-00-00-00-00-00-00-00
[15:39:54:479]50-49-11-C8-67-2D-00-00-03-00-20-E9-00
[15:39:54:487][HID_TX_ack]00-1A-50-49-01-C0-6E-2D-00-00-03-00-11-AC-18-50-49-01-C0-6F-2D-00-00-03-00-11-AD-17-49-01-C0-0E-2D-00-00-03-00-11-AA-18-00-00-00-00-00-00-00-00-00-00-00-00-00-00-00-00-00-00-00-00-00-00-00-00-00
[15:39:54:487]50-49-01-C0-6E-2D-00-00-03-00-11-AC-18
[15:39:54:487]50-49-01-C0-6F-2D-00-00-03-00-11-AD-17
[15:39:54:490][HID_TX_ack]00-0D-50-49-11-C9-70-2D-00-00-03-00-20-00-00-50-49-01-C0-6F-2D-00-00-03-00-11-AD-17-49-01-C0-0E-2D-00-00-03-00-11-AA-18-00-00-00-00-00-00-00-00-00-00-00-00-00-00-00-00-00-00-00-00-00-00-00-00-00
[15:39:54:490]50-49-11-C9-70-2D-00-00-03-00-20-00-00
[15:39:54:579][HID_TX_ack]00-0D-50-49-11-CA-B7-2D-00-00-03-00-20-E9-00-50-49-01-C0-6F-2D-00-00-03-00-11-AD-17-49-01-C0-0E-2D-00-00-03-00-11-AA-18-00-00-00-00-00-00-00-00-00-00-00-00-00-00-00-00-00-00-00-00-00-00-00-00-00
[15:39:54:579]50-49-11-CA-B7-2D-00-00-03-00-20-E9-00
[15:39:54:593][HID_TX_ack]00-1A-50-49-01-C0-C3-2D-00-00-03-00-11-AE-18-50-49-01-C0-C4-2D-00-00-03-00-11-AF-17-49-01-C0-0E-2D-00-00-03-00-11-AA-18-00-00-00-00-00-00-00-00-00-00-00-00-00-00-00-00-00-00-00-00-00-00-00-00-00
[15:39:54:593]50-49-01-C0-C3-2D-00-00-03-00-11-AE-18
[15:39:54:593]50-49-01-C0-C4-2D-00-00-03-00-11-AF-17
[15:39:54:596][HID_TX_ack]00-0D-50-49-11-CB-C5-2D-00-00-03-00-20-00-00-50-49-01-C0-C4-2D-00-00-03-00-11-AF-17-49-01-C0-0E-2D-00-00-03-00-11-AA-18-00-00-00-00-00-00-00-00-00-00-00-00-00-00-00-00-00-00-00-00-00-00-00-00-00
[15:39:54:596]50-49-11-CB-C5-2D-00-00-03-00-20-00-00
[15:39:54:610][HID_TX]00-80-06-9E-40-50-41-0E-4B-01-E0-00-00-00-00-00-00-00-00-00-00-00-00-00-00-00-00-00-00-00-00-00-00-00-00-00-00-00-00-00-00-00-00-00-00-00-00-00-00-00-00-00-00-00-00-00-00-00-00-00-00-00-00-00-00
[15:39:54:610]HidD_GetInputReport=True
[15:39:54:610]reply_report=00-4F-00-00-00-00-00-00-00-00-00-00-00-00-00-00-00-00-00-00-00-00-00-00-00-00-00-00-00-00-00-00-00-00-00-00-00-00-00-00-00-00-00-00-00-00-00-00-00-00-00-00-00-00-00-00-00-00-00-00-00-00-00-00-00
[15:39:54:610]50-41-0E-4B-01-E0 [CMD_SENT][REMOTE_GET_MODE]
[15:39:54:613][HID_TX_ack]00-19-50-49-01-C0-D4-2D-00-00-03-00-0E-CB-00-50-49-0E-CC-00-00-00-00-02-00-E0-00-17-49-01-C0-0E-2D-00-00-03-00-11-AA-18-00-00-00-00-00-00-00-00-00-00-00-00-00-00-00-00-00-00-00-00-00-00-00-00-00
[15:39:54:613]50-49-01-C0-D4-2D-00-00-03-00-0E-CB-00
[15:39:54:613]50-49-0E-CC-00-00-00-00-02-00-E0-00-
[15:39:54:613]REMOTE_GET_MODE=00
[15:39:54:613][HID_TX]00-80-07-4F-83-50-41-06-4C-01-00-63-00-00-00-00-00-00-00-00-00-00-00-00-00-00-00-00-00-00-00-00-00-00-00-00-00-00-00-00-00-00-00-00-00-00-00-00-00-00-00-00-00-00-00-00-00-00-00-00-00-00-00-00-00
[15:39:54:614]HidD_GetInputReport=True
[15:39:54:614]reply_report=00-4F-00-00-00-00-00-00-00-00-00-00-00-00-00-00-00-00-00-00-00-00-00-00-00-00-00-00-00-00-00-00-00-00-00-00-00-00-00-00-00-00-00-00-00-00-00-00-00-00-00-00-00-00-00-00-00-00-00-00-00-00-00-00-00
[15:39:54:614]50-41-06-4C-01-00-63 [CMD_SENT][CMD_GET_IO_LEVEL]
[15:39:54:617][HID_TX_ack]00-12-50-49-01-C0-D7-2D-00-00-08-00-06-CC-00-01-D8-FF-1F-00-00-00-00-02-00-E0-00-17-49-01-C0-0E-2D-00-00-03-00-11-AA-18-00-00-00-00-00-00-00-00-00-00-00-00-00-00-00-00-00-00-00-00-00-00-00-00-00
[15:39:54:617]50-49-01-C0-D7-2D-00-00-08-00-06-CC-00-01-D8-FF-1F-00
[15:39:54:692][HID_TX_ack]00-0D-50-49-11-CD-11-2E-00-00-03-00-20-E9-00-01-D8-FF-1F-00-00-00-00-02-00-E0-00-17-49-01-C0-0E-2D-00-00-03-00-11-AA-18-00-00-00-00-00-00-00-00-00-00-00-00-00-00-00-00-00-00-00-00-00-00-00-00-00
[15:39:54:692]50-49-11-CD-11-2E-00-00-03-00-20-E9-00
[15:39:54:703][HID_TX_ack]00-1A-50-49-01-C0-1B-2E-00-00-03-00-11-B0-18-50-49-01-C0-1C-2E-00-00-03-00-11-B1-17-49-01-C0-0E-2D-00-00-03-00-11-AA-18-00-00-00-00-00-00-00-00-00-00-00-00-00-00-00-00-00-00-00-00-00-00-00-00-00
[15:39:54:703]50-49-01-C0-1B-2E-00-00-03-00-11-B0-18
[15:39:54:703]50-49-01-C0-1C-2E-00-00-03-00-11-B1-17
[15:39:54:706][HID_TX_ack]00-0D-50-49-11-CE-1D-2E-00-00-03-00-20-00-00-50-49-01-C0-1C-2E-00-00-03-00-11-B1-17-49-01-C0-0E-2D-00-00-03-00-11-AA-18-00-00-00-00-00-00-00-00-00-00-00-00-00-00-00-00-00-00-00-00-00-00-00-00-00
[15:39:54:706]50-49-11-CE-1D-2E-00-00-03-00-20-00-00
[15:39:54:797][HID_TX_ack]00-0D-50-49-11-CF-65-2E-00-00-03-00-20-E9-00-50-49-01-C0-1C-2E-00-00-03-00-11-B1-17-49-01-C0-0E-2D-00-00-03-00-11-AA-18-00-00-00-00-00-00-00-00-00-00-00-00-00-00-00-00-00-00-00-00-00-00-00-00-00
[15:39:54:797]50-49-11-CF-65-2E-00-00-03-00-20-E9-00
[15:39:54:807][HID_TX_ack]00-1A-50-49-01-C0-6E-2E-00-00-03-00-11-B2-18-50-49-01-C0-6F-2E-00-00-03-00-11-B3-17-49-01-C0-0E-2D-00-00-03-00-11-AA-18-00-00-00-00-00-00-00-00-00-00-00-00-00-00-00-00-00-00-00-00-00-00-00-00-00
[15:39:54:807]50-49-01-C0-6E-2E-00-00-03-00-11-B2-18
[15:39:54:807]50-49-01-C0-6F-2E-00-00-03-00-11-B3-17
[15:39:54:810][HID_TX_ack]00-0D-50-49-11-D0-70-2E-00-00-03-00-20-00-00-50-49-01-C0-6F-2E-00-00-03-00-11-B3-17-49-01-C0-0E-2D-00-00-03-00-11-AA-18-00-00-00-00-00-00-00-00-00-00-00-00-00-00-00-00-00-00-00-00-00-00-00-00-00
[15:39:54:810]50-49-11-D0-70-2E-00-00-03-00-20-00-00
