[15:40:50:039]\\?\hid#dell09c2&col02#5&bc4dc33&0&0001#{4d1e55b2-f16f-11cf-88cb-001111000030}
[15:40:50:039]\\?\hid#dell09c2&col03#5&bc4dc33&0&0002#{4d1e55b2-f16f-11cf-88cb-001111000030}
[15:40:50:039]\\?\hid#intc816&col01#3&207f9b7f&0&0000#{4d1e55b2-f16f-11cf-88cb-001111000030}
[15:40:50:039]\\?\hid#intc816&col02#3&207f9b7f&0&0001#{4d1e55b2-f16f-11cf-88cb-001111000030}
[15:40:50:039]\\?\hid#converteddevice&col02#5&17bac0a6&0&0001#{4d1e55b2-f16f-11cf-88cb-001111000030}
[15:40:50:039]\\?\hid#converteddevice&col03#5&17bac0a6&0&0002#{4d1e55b2-f16f-11cf-88cb-001111000030}
[15:40:50:039]\\?\hid#dell09c2&col04#5&bc4dc33&0&0003#{4d1e55b2-f16f-11cf-88cb-001111000030}
[15:40:50:039]\\?\hid#{00001812-0000-1000-8000-00805f9b34fb}_dev_vid&0232c2_pid&0001_rev&0068_ccb624cd66b1#9&326e3aae&0&0000#{4d1e55b2-f16f-11cf-88cb-001111000030}
[15:40:50:039]\\?\hid#dell09c2&col05#5&bc4dc33&0&0004#{4d1e55b2-f16f-11cf-88cb-001111000030}
[15:40:50:039]\\?\hid#converteddevice&col01#5&17bac0a6&0&0000#{4d1e55b2-f16f-11cf-88cb-001111000030}\kbd
[15:40:50:039]\\?\hid#dell09c2&col01#5&bc4dc33&0&0000#{4d1e55b2-f16f-11cf-88cb-001111000030}
[15:40:50:039]\\?\hid#vid_046d&pid_0adf&mi_00#7&3ad8dff3&0&0000#{4d1e55b2-f16f-11cf-88cb-001111000030}
[15:40:50:039]\\?\hid#vid_046d&pid_0adf&mi_04#7&18e94d0e&0&0000#{4d1e55b2-f16f-11cf-88cb-001111000030}
[15:40:50:042]try_path=\\?\hid#vid_046d&pid_0adf&mi_00#7&3ad8dff3&0&0000#{4d1e55b2-f16f-11cf-88cb-001111000030}
[15:40:50:043]	InputReportByteLength=65
[15:40:50:043]	OutputReportByteLength=65
[15:40:50:044]HID_Connected=\\?\hid#vid_046d&pid_0adf&mi_00#7&3ad8dff3&0&0000#{4d1e55b2-f16f-11cf-88cb-001111000030}
[15:40:50:045][HID_TX]00-84-01-D1-55-01-00-00-00-00-00-00-00-00-00-00-00-00-00-00-00-00-00-00-00-00-00-00-00-00-00-00-00-00-00-00-00-00-00-00-00-00-00-00-00-00-00-00-00-00-00-00-00-00-00-00-00-00-00-00-00-00-00-00-00
[15:40:50:047]HidD_GetInputReport=True
[15:40:50:047]reply_report=00-4F-56-31-2E-38-2E-35-2E-31-00-00-00-00-00-00-00-00-00-00-00-00-00-00-00-00-00-00-00-00-00-00-00-00-00-00-00-00-00-00-00-00-00-00-00-00-00-00-00-00-00-00-00-00-00-00-00-00-00-00-00-00-00-00-00
[15:40:50:047][ys_tech] fw_version=V1.8.5.1
[15:40:50:048]ystech_Power_Saving, is_EnablePowerSaving=False
[15:40:50:048][HID_TX]00-85-01-83-8B-01-00-00-00-00-00-00-00-00-00-00-00-00-00-00-00-00-00-00-00-00-00-00-00-00-00-00-00-00-00-00-00-00-00-00-00-00-00-00-00-00-00-00-00-00-00-00-00-00-00-00-00-00-00-00-00-00-00-00-00
[15:40:50:048]HidD_GetInputReport=True
[15:40:50:048]reply_report=00-4F-00-00-00-00-00-00-00-00-00-00-00-00-00-00-00-00-00-00-00-00-00-00-00-00-00-00-00-00-00-00-00-00-00-00-00-00-00-00-00-00-00-00-00-00-00-00-00-00-00-00-00-00-00-00-00-00-00-00-00-00-00-00-00
[15:40:50:048]HID_CMD_POWER_SAVING_Disable
[15:40:50:048]path_connected=\\?\hid#vid_046d&pid_0adf&mi_00#7&3ad8dff3&0&0000#{4d1e55b2-f16f-11cf-88cb-001111000030}
[15:40:55:497][HID_TX]00-80-06-1C-7D-50-41-0E-01-01-E0-00-00-00-00-00-00-00-00-00-00-00-00-00-00-00-00-00-00-00-00-00-00-00-00-00-00-00-00-00-00-00-00-00-00-00-00-00-00-00-00-00-00-00-00-00-00-00-00-00-00-00-00-00-00
[15:40:55:498]HidD_GetInputReport=True
[15:40:55:498]reply_report=00-4F-00-00-00-00-00-00-00-00-00-00-00-00-00-00-00-00-00-00-00-00-00-00-00-00-00-00-00-00-00-00-00-00-00-00-00-00-00-00-00-00-00-00-00-00-00-00-00-00-00-00-00-00-00-00-00-00-00-00-00-00-00-00-00
[15:40:55:498]50-41-0E-01-01-E0 [CMD_SENT][REMOTE_GET_MODE]
[15:40:55:503][HID_TX_ack]00-19-50-49-01-C0-1A-EC-00-00-03-00-0E-81-00-50-49-0E-ED-00-00-00-00-02-00-E0-00-17-49-01-C0-0E-2D-00-00-03-00-11-AA-18-00-00-00-00-00-00-00-00-00-00-00-00-00-00-00-00-00-00-00-00-00-00-00-00-00
[15:40:55:508]REMOTE_GET_MODE=00
[15:40:55:508]50-49-01-C0-1A-EC-00-00-03-00-0E-81-00
[15:40:55:508]50-49-0E-ED-00-00-00-00-02-00-E0-00-
[15:40:55:508][HID_TX]00-80-07-1B-E1-50-41-06-02-01-00-63-00-00-00-00-00-00-00-00-00-00-00-00-00-00-00-00-00-00-00-00-00-00-00-00-00-00-00-00-00-00-00-00-00-00-00-00-00-00-00-00-00-00-00-00-00-00-00-00-00-00-00-00-00
[15:40:55:509]HidD_GetInputReport=True
[15:40:55:509]reply_report=00-4F-00-00-00-00-00-00-00-00-00-00-00-00-00-00-00-00-00-00-00-00-00-00-00-00-00-00-00-00-00-00-00-00-00-00-00-00-00-00-00-00-00-00-00-00-00-00-00-00-00-00-00-00-00-00-00-00-00-00-00-00-00-00-00
[15:40:55:509]50-41-06-02-01-00-63 [CMD_SENT][CMD_GET_IO_LEVEL]
[15:40:55:512][HID_TX_ack]00-12-50-49-01-C0-23-EC-00-00-08-00-06-82-00-01-D8-FF-1F-00-00-00-00-02-00-E0-00-17-49-01-C0-0E-2D-00-00-03-00-11-AA-18-00-00-00-00-00-00-00-00-00-00-00-00-00-00-00-00-00-00-00-00-00-00-00-00-00
[15:40:55:512]50-49-01-C0-23-EC-00-00-08-00-06-82-00-01-D8-FF-1F-00
[15:41:08:413][HID_TX]00-80-06-F7-52-50-41-0E-03-01-E0-00-00-00-00-00-00-00-00-00-00-00-00-00-00-00-00-00-00-00-00-00-00-00-00-00-00-00-00-00-00-00-00-00-00-00-00-00-00-00-00-00-00-00-00-00-00-00-00-00-00-00-00-00-00
[15:41:08:415]HidD_GetInputReport=True
[15:41:08:415]reply_report=00-4F-00-00-00-00-00-00-00-00-00-00-00-00-00-00-00-00-00-00-00-00-00-00-00-00-00-00-00-00-00-00-00-00-00-00-00-00-00-00-00-00-00-00-00-00-00-00-00-00-00-00-00-00-00-00-00-00-00-00-00-00-00-00-00
[15:41:08:415]50-41-0E-03-01-E0 [CMD_SENT][REMOTE_GET_MODE]
[15:41:08:420][HID_TX_ack]00-19-50-49-01-C0-78-14-01-00-03-00-0E-83-00-50-49-0E-EE-00-00-00-00-02-00-E0-00-17-49-01-C0-0E-2D-00-00-03-00-11-AA-18-00-00-00-00-00-00-00-00-00-00-00-00-00-00-00-00-00-00-00-00-00-00-00-00-00
[15:41:08:420]50-49-01-C0-78-14-01-00-03-00-0E-83-00
[15:41:08:420]50-49-0E-EE-00-00-00-00-02-00-E0-00-
[15:41:08:420]REMOTE_GET_MODE=00
[15:41:08:420][HID_TX]00-80-07-26-91-50-41-06-04-01-00-63-00-00-00-00-00-00-00-00-00-00-00-00-00-00-00-00-00-00-00-00-00-00-00-00-00-00-00-00-00-00-00-00-00-00-00-00-00-00-00-00-00-00-00-00-00-00-00-00-00-00-00-00-00
[15:41:08:422]HidD_GetInputReport=True
[15:41:08:422]reply_report=00-4F-00-00-00-00-00-00-00-00-00-00-00-00-00-00-00-00-00-00-00-00-00-00-00-00-00-00-00-00-00-00-00-00-00-00-00-00-00-00-00-00-00-00-00-00-00-00-00-00-00-00-00-00-00-00-00-00-00-00-00-00-00-00-00
[15:41:08:422]50-41-06-04-01-00-63 [CMD_SENT][CMD_GET_IO_LEVEL]
[15:41:08:424][HID_TX_ack]00-12-50-49-01-C0-7D-14-01-00-08-00-06-84-00-01-D8-FF-1F-00-00-00-00-02-00-E0-00-17-49-01-C0-0E-2D-00-00-03-00-11-AA-18-00-00-00-00-00-00-00-00-00-00-00-00-00-00-00-00-00-00-00-00-00-00-00-00-00
[15:41:08:424]50-49-01-C0-7D-14-01-00-08-00-06-84-00-01-D8-FF-1F-00
[15:41:15:998][HID_TX_ack]00-0D-50-49-11-EF-B9-28-01-00-03-00-20-E9-00-01-D8-FF-1F-00-00-00-00-02-00-E0-00-17-49-01-C0-0E-2D-00-00-03-00-11-AA-18-00-00-00-00-00-00-00-00-00-00-00-00-00-00-00-00-00-00-00-00-00-00-00-00-00
[15:41:15:998]50-49-11-EF-B9-28-01-00-03-00-20-E9-00
[15:41:15:998][HID_TX_ack]00-0D-50-49-01-C0-D9-28-01-00-03-00-11-D4-16-50-49-01-C0-C9-28-01-00-03-00-11-D3-17-49-01-C0-0E-2D-00-00-03-00-11-AA-18-00-00-00-00-00-00-00-00-00-00-00-00-00-00-00-00-00-00-00-00-00-00-00-00-00
[15:41:15:998]50-49-01-C0-D9-28-01-00-03-00-11-D4-16
[15:41:15:999][HID_TX_ack]00-0D-50-49-11-F1-0F-29-01-00-03-00-20-E9-00-50-49-01-C0-C9-28-01-00-03-00-11-D3-17-49-01-C0-0E-2D-00-00-03-00-11-AA-18-00-00-00-00-00-00-00-00-00-00-00-00-00-00-00-00-00-00-00-00-00-00-00-00-00
[15:41:15:999]50-49-11-F1-0F-29-01-00-03-00-20-E9-00
[15:41:15:999][HID_TX_ack]00-0D-50-49-01-C0-15-29-01-00-03-00-11-D5-18-50-49-01-C0-C9-28-01-00-03-00-11-D3-17-49-01-C0-0E-2D-00-00-03-00-11-AA-18-00-00-00-00-00-00-00-00-00-00-00-00-00-00-00-00-00-00-00-00-00-00-00-00-00
[15:41:15:999]50-49-01-C0-15-29-01-00-03-00-11-D5-18
[15:41:15:999][HID_TX_ack]00-1A-50-49-01-C0-17-29-01-00-03-00-11-D6-17-50-49-11-F2-18-29-01-00-03-00-20-00-00-49-01-C0-0E-2D-00-00-03-00-11-AA-18-00-00-00-00-00-00-00-00-00-00-00-00-00-00-00-00-00-00-00-00-00-00-00-00-00
[15:41:15:999]50-49-01-C0-17-29-01-00-03-00-11-D6-17
[15:41:15:999]50-49-11-F2-18-29-01-00-03-00-20-00-00
[15:41:15:999][HID_TX_ack]00-0D-50-49-11-F3-69-29-01-00-03-00-20-E9-00-50-49-11-F2-18-29-01-00-03-00-20-00-00-49-01-C0-0E-2D-00-00-03-00-11-AA-18-00-00-00-00-00-00-00-00-00-00-00-00-00-00-00-00-00-00-00-00-00-00-00-00-00
[15:41:15:999]50-49-11-F3-69-29-01-00-03-00-20-E9-00
[15:41:15:999][HID_TX_ack]00-0D-50-49-01-C0-70-29-01-00-03-00-11-D7-18-50-49-11-F2-18-29-01-00-03-00-20-00-00-49-01-C0-0E-2D-00-00-03-00-11-AA-18-00-00-00-00-00-00-00-00-00-00-00-00-00-00-00-00-00-00-00-00-00-00-00-00-00
[15:41:15:999]50-49-01-C0-70-29-01-00-03-00-11-D7-18
[15:41:15:999][HID_TX_ack]00-0D-50-49-01-C0-75-29-01-00-03-00-11-D8-17-50-49-11-F2-18-29-01-00-03-00-20-00-00-49-01-C0-0E-2D-00-00-03-00-11-AA-18-00-00-00-00-00-00-00-00-00-00-00-00-00-00-00-00-00-00-00-00-00-00-00-00-00
[15:41:15:999]50-49-01-C0-75-29-01-00-03-00-11-D8-17
[15:41:15:999][HID_TX_ack]00-0D-50-49-11-F4-76-29-01-00-03-00-20-00-00-50-49-11-F2-18-29-01-00-03-00-20-00-00-49-01-C0-0E-2D-00-00-03-00-11-AA-18-00-00-00-00-00-00-00-00-00-00-00-00-00-00-00-00-00-00-00-00-00-00-00-00-00
[15:41:15:999]50-49-11-F4-76-29-01-00-03-00-20-00-00
[15:41:15:999][HID_TX_ack]00-0D-50-49-11-F5-BD-29-01-00-03-00-20-E9-00-50-49-11-F2-18-29-01-00-03-00-20-00-00-49-01-C0-0E-2D-00-00-03-00-11-AA-18-00-00-00-00-00-00-00-00-00-00-00-00-00-00-00-00-00-00-00-00-00-00-00-00-00
[15:41:15:999]50-49-11-F5-BD-29-01-00-03-00-20-E9-00
[15:41:15:999][HID_TX_ack]00-1A-50-49-01-C0-CB-29-01-00-03-00-11-D9-18-50-49-01-C0-CC-29-01-00-03-00-11-DA-17-49-01-C0-0E-2D-00-00-03-00-11-AA-18-00-00-00-00-00-00-00-00-00-00-00-00-00-00-00-00-00-00-00-00-00-00-00-00-00
[15:41:15:999]50-49-01-C0-CB-29-01-00-03-00-11-D9-18
[15:41:15:999]50-49-01-C0-CC-29-01-00-03-00-11-DA-17
[15:41:15:999][HID_TX_ack]00-0D-50-49-11-F6-CE-29-01-00-03-00-20-00-00-50-49-01-C0-CC-29-01-00-03-00-11-DA-17-49-01-C0-0E-2D-00-00-03-00-11-AA-18-00-00-00-00-00-00-00-00-00-00-00-00-00-00-00-00-00-00-00-00-00-00-00-00-00
[15:41:15:999]50-49-11-F6-CE-29-01-00-03-00-20-00-00
[15:41:16:000][HID_TX_ack]00-0D-50-49-11-F7-19-2A-01-00-03-00-20-E9-00-50-49-01-C0-CC-29-01-00-03-00-11-DA-17-49-01-C0-0E-2D-00-00-03-00-11-AA-18-00-00-00-00-00-00-00-00-00-00-00-00-00-00-00-00-00-00-00-00-00-00-00-00-00
[15:41:16:000]50-49-11-F7-19-2A-01-00-03-00-20-E9-00
[15:41:16:000][HID_TX_ack]00-1A-50-49-01-C0-22-2A-01-00-03-00-11-DB-18-50-49-01-C0-23-2A-01-00-03-00-11-DC-17-49-01-C0-0E-2D-00-00-03-00-11-AA-18-00-00-00-00-00-00-00-00-00-00-00-00-00-00-00-00-00-00-00-00-00-00-00-00-00
[15:41:16:000]50-49-01-C0-22-2A-01-00-03-00-11-DB-18
[15:41:16:000]50-49-01-C0-23-2A-01-00-03-00-11-DC-17
[15:41:16:000][HID_TX_ack]00-0D-50-49-11-F8-24-2A-01-00-03-00-20-00-00-50-49-01-C0-23-2A-01-00-03-00-11-DC-17-49-01-C0-0E-2D-00-00-03-00-11-AA-18-00-00-00-00-00-00-00-00-00-00-00-00-00-00-00-00-00-00-00-00-00-00-00-00-00
[15:41:16:000]50-49-11-F8-24-2A-01-00-03-00-20-00-00
[15:41:16:000][HID_TX_ack]00-0D-50-49-11-F9-5F-2A-01-00-03-00-20-E9-00-50-49-01-C0-23-2A-01-00-03-00-11-DC-17-49-01-C0-0E-2D-00-00-03-00-11-AA-18-00-00-00-00-00-00-00-00-00-00-00-00-00-00-00-00-00-00-00-00-00-00-00-00-00
[15:41:16:000]50-49-11-F9-5F-2A-01-00-03-00-20-E9-00
[15:41:16:000][HID_TX_ack]00-1A-50-49-01-C0-69-2A-01-00-03-00-11-DD-18-50-49-01-C0-6A-2A-01-00-03-00-11-DE-17-49-01-C0-0E-2D-00-00-03-00-11-AA-18-00-00-00-00-00-00-00-00-00-00-00-00-00-00-00-00-00-00-00-00-00-00-00-00-00
[15:41:16:000]50-49-01-C0-69-2A-01-00-03-00-11-DD-18
[15:41:16:000]50-49-01-C0-6A-2A-01-00-03-00-11-DE-17
[15:41:16:000][HID_TX_ack]00-0D-50-49-11-FA-6B-2A-01-00-03-00-20-00-00-50-49-01-C0-6A-2A-01-00-03-00-11-DE-17-49-01-C0-0E-2D-00-00-03-00-11-AA-18-00-00-00-00-00-00-00-00-00-00-00-00-00-00-00-00-00-00-00-00-00-00-00-00-00
[15:41:16:000]50-49-11-FA-6B-2A-01-00-03-00-20-00-00
[15:41:16:000][HID_TX_ack]00-0D-50-49-11-FB-B9-2A-01-00-03-00-20-E9-00-50-49-01-C0-6A-2A-01-00-03-00-11-DE-17-49-01-C0-0E-2D-00-00-03-00-11-AA-18-00-00-00-00-00-00-00-00-00-00-00-00-00-00-00-00-00-00-00-00-00-00-00-00-00
[15:41:16:000]50-49-11-FB-B9-2A-01-00-03-00-20-E9-00
[15:41:16:000][HID_TX_ack]00-1A-50-49-01-C0-C2-2A-01-00-03-00-11-DF-18-50-49-01-C0-C3-2A-01-00-03-00-11-E0-17-49-01-C0-0E-2D-00-00-03-00-11-AA-18-00-00-00-00-00-00-00-00-00-00-00-00-00-00-00-00-00-00-00-00-00-00-00-00-00
[15:41:16:000]50-49-01-C0-C2-2A-01-00-03-00-11-DF-18
[15:41:16:000]50-49-01-C0-C3-2A-01-00-03-00-11-E0-17
[15:41:16:002][HID_TX_ack]00-0D-50-49-11-FC-C4-2A-01-00-03-00-20-00-00-50-49-01-C0-C3-2A-01-00-03-00-11-E0-17-49-01-C0-0E-2D-00-00-03-00-11-AA-18-00-00-00-00-00-00-00-00-00-00-00-00-00-00-00-00-00-00-00-00-00-00-00-00-00
[15:41:16:002]50-49-11-FC-C4-2A-01-00-03-00-20-00-00
[15:41:16:002][HID_TX_ack]00-0D-50-49-11-FD-1B-2B-01-00-03-00-20-E9-00-50-49-01-C0-C3-2A-01-00-03-00-11-E0-17-49-01-C0-0E-2D-00-00-03-00-11-AA-18-00-00-00-00-00-00-00-00-00-00-00-00-00-00-00-00-00-00-00-00-00-00-00-00-00
[15:41:16:002]50-49-11-FD-1B-2B-01-00-03-00-20-E9-00
[15:41:16:002][HID_TX_ack]00-1A-50-49-01-C0-23-2B-01-00-03-00-11-E1-18-50-49-01-C0-24-2B-01-00-03-00-11-E2-17-49-01-C0-0E-2D-00-00-03-00-11-AA-18-00-00-00-00-00-00-00-00-00-00-00-00-00-00-00-00-00-00-00-00-00-00-00-00-00
[15:41:16:002]50-49-01-C0-23-2B-01-00-03-00-11-E1-18
[15:41:16:002]50-49-01-C0-24-2B-01-00-03-00-11-E2-17
[15:41:16:002][HID_TX_ack]00-0D-50-49-11-FE-25-2B-01-00-03-00-20-00-00-50-49-01-C0-24-2B-01-00-03-00-11-E2-17-49-01-C0-0E-2D-00-00-03-00-11-AA-18-00-00-00-00-00-00-00-00-00-00-00-00-00-00-00-00-00-00-00-00-00-00-00-00-00
[15:41:16:002]50-49-11-FE-25-2B-01-00-03-00-20-00-00
[15:41:16:002][HID_TX_ack]00-0D-50-49-11-FF-6F-2B-01-00-03-00-20-E9-00-50-49-01-C0-24-2B-01-00-03-00-11-E2-17-49-01-C0-0E-2D-00-00-03-00-11-AA-18-00-00-00-00-00-00-00-00-00-00-00-00-00-00-00-00-00-00-00-00-00-00-00-00-00
[15:41:16:002]50-49-11-FF-6F-2B-01-00-03-00-20-E9-00
[15:41:16:002][HID_TX_ack]00-1A-50-49-01-C0-77-2B-01-00-03-00-11-E3-18-50-49-01-C0-78-2B-01-00-03-00-11-E4-17-49-01-C0-0E-2D-00-00-03-00-11-AA-18-00-00-00-00-00-00-00-00-00-00-00-00-00-00-00-00-00-00-00-00-00-00-00-00-00
[15:41:16:002]50-49-01-C0-77-2B-01-00-03-00-11-E3-18
[15:41:16:002]50-49-01-C0-78-2B-01-00-03-00-11-E4-17
[15:41:16:002][HID_TX_ack]00-0D-50-49-11-C0-79-2B-01-00-03-00-20-00-00-50-49-01-C0-78-2B-01-00-03-00-11-E4-17-49-01-C0-0E-2D-00-00-03-00-11-AA-18-00-00-00-00-00-00-00-00-00-00-00-00-00-00-00-00-00-00-00-00-00-00-00-00-00
[15:41:16:002]50-49-11-C0-79-2B-01-00-03-00-20-00-00
[15:41:16:002][HID_TX_ack]00-0D-50-49-11-C1-C3-2B-01-00-03-00-20-E9-00-50-49-01-C0-78-2B-01-00-03-00-11-E4-17-49-01-C0-0E-2D-00-00-03-00-11-AA-18-00-00-00-00-00-00-00-00-00-00-00-00-00-00-00-00-00-00-00-00-00-00-00-00-00
[15:41:16:002]50-49-11-C1-C3-2B-01-00-03-00-20-E9-00
[15:41:16:002][HID_TX_ack]00-1A-50-49-01-C0-D0-2B-01-00-03-00-11-E5-18-50-49-01-C0-D1-2B-01-00-03-00-11-E6-17-49-01-C0-0E-2D-00-00-03-00-11-AA-18-00-00-00-00-00-00-00-00-00-00-00-00-00-00-00-00-00-00-00-00-00-00-00-00-00
[15:41:16:003]50-49-01-C0-D0-2B-01-00-03-00-11-E5-18
[15:41:16:003]50-49-01-C0-D1-2B-01-00-03-00-11-E6-17
[15:41:16:003][HID_TX_ack]00-0D-50-49-11-C2-D3-2B-01-00-03-00-20-00-00-50-49-01-C0-D1-2B-01-00-03-00-11-E6-17-49-01-C0-0E-2D-00-00-03-00-11-AA-18-00-00-00-00-00-00-00-00-00-00-00-00-00-00-00-00-00-00-00-00-00-00-00-00-00
[15:41:16:003]50-49-11-C2-D3-2B-01-00-03-00-20-00-00
[15:41:16:003][HID_TX_ack]00-0D-50-49-11-C3-0B-2C-01-00-03-00-20-E9-00-50-49-01-C0-D1-2B-01-00-03-00-11-E6-17-49-01-C0-0E-2D-00-00-03-00-11-AA-18-00-00-00-00-00-00-00-00-00-00-00-00-00-00-00-00-00-00-00-00-00-00-00-00-00
[15:41:16:003]50-49-11-C3-0B-2C-01-00-03-00-20-E9-00
[15:41:16:003][HID_TX_ack]00-1A-50-49-01-C0-16-2C-01-00-03-00-11-E7-18-50-49-01-C0-17-2C-01-00-03-00-11-E8-17-49-01-C0-0E-2D-00-00-03-00-11-AA-18-00-00-00-00-00-00-00-00-00-00-00-00-00-00-00-00-00-00-00-00-00-00-00-00-00
[15:41:16:003]50-49-01-C0-16-2C-01-00-03-00-11-E7-18
[15:41:16:003]50-49-01-C0-17-2C-01-00-03-00-11-E8-17
[15:41:16:003][HID_TX_ack]00-0D-50-49-11-C4-19-2C-01-00-03-00-20-00-00-50-49-01-C0-17-2C-01-00-03-00-11-E8-17-49-01-C0-0E-2D-00-00-03-00-11-AA-18-00-00-00-00-00-00-00-00-00-00-00-00-00-00-00-00-00-00-00-00-00-00-00-00-00
[15:41:16:003]50-49-11-C4-19-2C-01-00-03-00-20-00-00
[15:41:16:089][HID_TX_ack]00-0D-50-49-11-C5-6F-2C-01-00-03-00-20-E9-00-50-49-01-C0-17-2C-01-00-03-00-11-E8-17-49-01-C0-0E-2D-00-00-03-00-11-AA-18-00-00-00-00-00-00-00-00-00-00-00-00-00-00-00-00-00-00-00-00-00-00-00-00-00
[15:41:16:089]50-49-11-C5-6F-2C-01-00-03-00-20-E9-00
[15:41:16:097][HID_TX_ack]00-1A-50-49-01-C0-76-2C-01-00-03-00-11-E9-18-50-49-01-C0-77-2C-01-00-03-00-11-EA-17-49-01-C0-0E-2D-00-00-03-00-11-AA-18-00-00-00-00-00-00-00-00-00-00-00-00-00-00-00-00-00-00-00-00-00-00-00-00-00
[15:41:16:097]50-49-01-C0-76-2C-01-00-03-00-11-E9-18
[15:41:16:097]50-49-01-C0-77-2C-01-00-03-00-11-EA-17
[15:41:16:100][HID_TX_ack]00-0D-50-49-11-C6-78-2C-01-00-03-00-20-00-00-50-49-01-C0-77-2C-01-00-03-00-11-EA-17-49-01-C0-0E-2D-00-00-03-00-11-AA-18-00-00-00-00-00-00-00-00-00-00-00-00-00-00-00-00-00-00-00-00-00-00-00-00-00
[15:41:16:100]50-49-11-C6-78-2C-01-00-03-00-20-00-00
[15:41:17:619][HID_TX_ack]00-0D-50-49-11-C7-B9-2C-01-00-03-00-20-E9-00-50-49-01-C0-77-2C-01-00-03-00-11-EA-17-49-01-C0-0E-2D-00-00-03-00-11-AA-18-00-00-00-00-00-00-00-00-00-00-00-00-00-00-00-00-00-00-00-00-00-00-00-00-00
[15:41:17:619]50-49-11-C7-B9-2C-01-00-03-00-20-E9-00
[15:41:17:619][HID_TX_ack]00-1A-50-49-01-C0-C6-2D-01-00-03-00-11-F1-18-50-49-01-C0-C7-2D-01-00-03-00-11-F2-17-49-01-C0-0E-2D-00-00-03-00-11-AA-18-00-00-00-00-00-00-00-00-00-00-00-00-00-00-00-00-00-00-00-00-00-00-00-00-00
[15:41:17:619]50-49-01-C0-C6-2D-01-00-03-00-11-F1-18
[15:41:17:619]50-49-01-C0-C7-2D-01-00-03-00-11-F2-17
[15:41:18:094][HID_TX_ack]00-0D-50-49-11-D6-25-2F-01-00-03-00-20-00-00-50-49-01-C0-24-2F-01-00-03-00-11-FA-17-49-01-C0-0E-2D-00-00-03-00-11-AA-18-00-00-00-00-00-00-00-00-00-00-00-00-00-00-00-00-00-00-00-00-00-00-00-00-00
[15:41:18:094]50-49-11-D6-25-2F-01-00-03-00-20-00-00
[15:41:18:095][HID_TX_ack]00-0D-50-49-11-D7-6D-2F-01-00-03-00-20-E9-00-50-49-01-C0-24-2F-01-00-03-00-11-FA-17-49-01-C0-0E-2D-00-00-03-00-11-AA-18-00-00-00-00-00-00-00-00-00-00-00-00-00-00-00-00-00-00-00-00-00-00-00-00-00
[15:41:18:097]50-49-11-D7-6D-2F-01-00-03-00-20-E9-00
[15:41:18:097][HID_TX_ack]00-1A-50-49-01-C0-77-2F-01-00-03-00-11-FB-18-50-49-01-C0-78-2F-01-00-03-00-11-FC-17-49-01-C0-0E-2D-00-00-03-00-11-AA-18-00-00-00-00-00-00-00-00-00-00-00-00-00-00-00-00-00-00-00-00-00-00-00-00-00
[15:41:18:097]50-49-01-C0-77-2F-01-00-03-00-11-FB-18
[15:41:18:097]50-49-01-C0-78-2F-01-00-03-00-11-FC-17
[15:41:18:097][HID_TX_ack]00-0D-50-49-11-D8-79-2F-01-00-03-00-20-00-00-50-49-01-C0-78-2F-01-00-03-00-11-FC-17-49-01-C0-0E-2D-00-00-03-00-11-AA-18-00-00-00-00-00-00-00-00-00-00-00-00-00-00-00-00-00-00-00-00-00-00-00-00-00
[15:41:18:097]50-49-11-D8-79-2F-01-00-03-00-20-00-00
[15:41:18:097][HID_TX_ack]00-0D-50-49-11-D9-C1-2F-01-00-03-00-20-E9-00-50-49-01-C0-78-2F-01-00-03-00-11-FC-17-49-01-C0-0E-2D-00-00-03-00-11-AA-18-00-00-00-00-00-00-00-00-00-00-00-00-00-00-00-00-00-00-00-00-00-00-00-00-00
[15:41:18:097]50-49-11-D9-C1-2F-01-00-03-00-20-E9-00
[15:41:18:097][HID_TX_ack]00-1A-50-49-01-C0-CA-2F-01-00-03-00-11-FD-18-50-49-01-C0-CB-2F-01-00-03-00-11-FE-17-49-01-C0-0E-2D-00-00-03-00-11-AA-18-00-00-00-00-00-00-00-00-00-00-00-00-00-00-00-00-00-00-00-00-00-00-00-00-00
[15:41:18:097]50-49-01-C0-CA-2F-01-00-03-00-11-FD-18
[15:41:18:097]50-49-01-C0-CB-2F-01-00-03-00-11-FE-17
[15:41:18:097][HID_TX_ack]00-0D-50-49-11-DA-CC-2F-01-00-03-00-20-00-00-50-49-01-C0-CB-2F-01-00-03-00-11-FE-17-49-01-C0-0E-2D-00-00-03-00-11-AA-18-00-00-00-00-00-00-00-00-00-00-00-00-00-00-00-00-00-00-00-00-00-00-00-00-00
[15:41:18:097]50-49-11-DA-CC-2F-01-00-03-00-20-00-00
[15:41:18:097][HID_TX_ack]00-0D-50-49-11-DB-0F-30-01-00-03-00-20-E9-00-50-49-01-C0-CB-2F-01-00-03-00-11-FE-17-49-01-C0-0E-2D-00-00-03-00-11-AA-18-00-00-00-00-00-00-00-00-00-00-00-00-00-00-00-00-00-00-00-00-00-00-00-00-00
[15:41:18:097]50-49-11-DB-0F-30-01-00-03-00-20-E9-00
[15:41:18:097][HID_TX_ack]00-1A-50-49-01-C0-17-30-01-00-03-00-11-FF-18-50-49-01-C0-17-30-01-00-03-00-11-80-17-49-01-C0-0E-2D-00-00-03-00-11-AA-18-00-00-00-00-00-00-00-00-00-00-00-00-00-00-00-00-00-00-00-00-00-00-00-00-00
[15:41:18:097]50-49-01-C0-17-30-01-00-03-00-11-FF-18
[15:41:18:097]50-49-01-C0-17-30-01-00-03-00-11-80-17
[15:41:18:097][HID_TX_ack]00-0D-50-49-11-DC-19-30-01-00-03-00-20-00-00-50-49-01-C0-17-30-01-00-03-00-11-80-17-49-01-C0-0E-2D-00-00-03-00-11-AA-18-00-00-00-00-00-00-00-00-00-00-00-00-00-00-00-00-00-00-00-00-00-00-00-00-00
[15:41:18:098]50-49-11-DC-19-30-01-00-03-00-20-00-00
[15:41:18:098][HID_TX_ack]00-0D-50-49-11-DD-6A-30-01-00-03-00-20-E9-00-50-49-01-C0-17-30-01-00-03-00-11-80-17-49-01-C0-0E-2D-00-00-03-00-11-AA-18-00-00-00-00-00-00-00-00-00-00-00-00-00-00-00-00-00-00-00-00-00-00-00-00-00
[15:41:18:098]50-49-11-DD-6A-30-01-00-03-00-20-E9-00
[15:41:18:099][HID_TX_ack]00-1A-50-49-01-C0-77-30-01-00-03-00-11-81-18-50-49-01-C0-78-30-01-00-03-00-11-82-17-49-01-C0-0E-2D-00-00-03-00-11-AA-18-00-00-00-00-00-00-00-00-00-00-00-00-00-00-00-00-00-00-00-00-00-00-00-00-00
[15:41:18:099]50-49-01-C0-77-30-01-00-03-00-11-81-18
[15:41:18:099]50-49-01-C0-78-30-01-00-03-00-11-82-17
[15:41:18:099][HID_TX_ack]00-0D-50-49-11-DE-7A-30-01-00-03-00-20-00-00-50-49-01-C0-78-30-01-00-03-00-11-82-17-49-01-C0-0E-2D-00-00-03-00-11-AA-18-00-00-00-00-00-00-00-00-00-00-00-00-00-00-00-00-00-00-00-00-00-00-00-00-00
[15:41:18:099]50-49-11-DE-7A-30-01-00-03-00-20-00-00
[15:41:18:099][HID_TX_ack]00-0D-50-49-11-DF-BD-30-01-00-03-00-20-E9-00-50-49-01-C0-78-30-01-00-03-00-11-82-17-49-01-C0-0E-2D-00-00-03-00-11-AA-18-00-00-00-00-00-00-00-00-00-00-00-00-00-00-00-00-00-00-00-00-00-00-00-00-00
[15:41:18:099]50-49-11-DF-BD-30-01-00-03-00-20-E9-00
[15:41:18:099][HID_TX_ack]00-1A-50-49-01-C0-C8-30-01-00-03-00-11-83-18-50-49-01-C0-C9-30-01-00-03-00-11-84-17-49-01-C0-0E-2D-00-00-03-00-11-AA-18-00-00-00-00-00-00-00-00-00-00-00-00-00-00-00-00-00-00-00-00-00-00-00-00-00
[15:41:18:099]50-49-01-C0-C8-30-01-00-03-00-11-83-18
[15:41:18:099]50-49-01-C0-C9-30-01-00-03-00-11-84-17
[15:41:18:099][HID_TX_ack]00-0D-50-49-11-E0-CA-30-01-00-03-00-20-00-00-50-49-01-C0-C9-30-01-00-03-00-11-84-17-49-01-C0-0E-2D-00-00-03-00-11-AA-18-00-00-00-00-00-00-00-00-00-00-00-00-00-00-00-00-00-00-00-00-00-00-00-00-00
[15:41:18:099]50-49-11-E0-CA-30-01-00-03-00-20-00-00
[15:41:18:099][HID_TX_ack]00-0D-50-49-11-E1-19-31-01-00-03-00-20-E9-00-50-49-01-C0-C9-30-01-00-03-00-11-84-17-49-01-C0-0E-2D-00-00-03-00-11-AA-18-00-00-00-00-00-00-00-00-00-00-00-00-00-00-00-00-00-00-00-00-00-00-00-00-00
[15:41:18:099]50-49-11-E1-19-31-01-00-03-00-20-E9-00
[15:41:18:099][HID_TX_ack]00-1A-50-49-01-C0-24-31-01-00-03-00-11-85-18-50-49-01-C0-25-31-01-00-03-00-11-86-17-49-01-C0-0E-2D-00-00-03-00-11-AA-18-00-00-00-00-00-00-00-00-00-00-00-00-00-00-00-00-00-00-00-00-00-00-00-00-00
[15:41:18:099]50-49-01-C0-24-31-01-00-03-00-11-85-18
[15:41:18:099]50-49-01-C0-25-31-01-00-03-00-11-86-17
[15:41:18:099][HID_TX_ack]00-0D-50-49-11-E2-26-31-01-00-03-00-20-00-00-50-49-01-C0-25-31-01-00-03-00-11-86-17-49-01-C0-0E-2D-00-00-03-00-11-AA-18-00-00-00-00-00-00-00-00-00-00-00-00-00-00-00-00-00-00-00-00-00-00-00-00-00
[15:41:18:099]50-49-11-E2-26-31-01-00-03-00-20-00-00
[15:41:18:099][HID_TX_ack]00-0D-50-49-11-E3-61-31-01-00-03-00-20-E9-00-50-49-01-C0-25-31-01-00-03-00-11-86-17-49-01-C0-0E-2D-00-00-03-00-11-AA-18-00-00-00-00-00-00-00-00-00-00-00-00-00-00-00-00-00-00-00-00-00-00-00-00-00
[15:41:18:099]50-49-11-E3-61-31-01-00-03-00-20-E9-00
[15:41:18:099][HID_TX_ack]00-1A-50-49-01-C0-68-31-01-00-03-00-11-87-18-50-49-01-C0-69-31-01-00-03-00-11-88-17-49-01-C0-0E-2D-00-00-03-00-11-AA-18-00-00-00-00-00-00-00-00-00-00-00-00-00-00-00-00-00-00-00-00-00-00-00-00-00
[15:41:18:099]50-49-01-C0-68-31-01-00-03-00-11-87-18
[15:41:18:099]50-49-01-C0-69-31-01-00-03-00-11-88-17
[15:41:18:099][HID_TX_ack]00-0D-50-49-11-E4-6A-31-01-00-03-00-20-00-00-50-49-01-C0-69-31-01-00-03-00-11-88-17-49-01-C0-0E-2D-00-00-03-00-11-AA-18-00-00-00-00-00-00-00-00-00-00-00-00-00-00-00-00-00-00-00-00-00-00-00-00-00
[15:41:18:099]50-49-11-E4-6A-31-01-00-03-00-20-00-00
[15:41:18:099][HID_TX_ack]00-0D-50-49-11-E5-B9-31-01-00-03-00-20-E9-00-50-49-01-C0-69-31-01-00-03-00-11-88-17-49-01-C0-0E-2D-00-00-03-00-11-AA-18-00-00-00-00-00-00-00-00-00-00-00-00-00-00-00-00-00-00-00-00-00-00-00-00-00
[15:41:18:099]50-49-11-E5-B9-31-01-00-03-00-20-E9-00
[15:41:18:099][HID_TX_ack]00-1A-50-49-01-C0-C3-31-01-00-03-00-11-89-18-50-49-01-C0-C4-31-01-00-03-00-11-8A-17-49-01-C0-0E-2D-00-00-03-00-11-AA-18-00-00-00-00-00-00-00-00-00-00-00-00-00-00-00-00-00-00-00-00-00-00-00-00-00
[15:41:18:099]50-49-01-C0-C3-31-01-00-03-00-11-89-18
[15:41:18:099]50-49-01-C0-C4-31-01-00-03-00-11-8A-17
[15:41:18:100][HID_TX_ack]00-0D-50-49-11-E6-C5-31-01-00-03-00-20-00-00-50-49-01-C0-C4-31-01-00-03-00-11-8A-17-49-01-C0-0E-2D-00-00-03-00-11-AA-18-00-00-00-00-00-00-00-00-00-00-00-00-00-00-00-00-00-00-00-00-00-00-00-00-00
[15:41:18:100]50-49-11-E6-C5-31-01-00-03-00-20-00-00
[15:41:18:100][HID_TX_ack]00-0D-50-49-11-E7-1B-32-01-00-03-00-20-E9-00-50-49-01-C0-C4-31-01-00-03-00-11-8A-17-49-01-C0-0E-2D-00-00-03-00-11-AA-18-00-00-00-00-00-00-00-00-00-00-00-00-00-00-00-00-00-00-00-00-00-00-00-00-00
[15:41:18:100]50-49-11-E7-1B-32-01-00-03-00-20-E9-00
[15:41:18:100][HID_TX_ack]00-0D-50-49-01-C0-22-32-01-00-03-00-11-8B-18-50-49-01-C0-C4-31-01-00-03-00-11-8A-17-49-01-C0-0E-2D-00-00-03-00-11-AA-18-00-00-00-00-00-00-00-00-00-00-00-00-00-00-00-00-00-00-00-00-00-00-00-00-00
[15:41:18:100]50-49-01-C0-22-32-01-00-03-00-11-8B-18
[15:41:18:100][HID_TX_ack]00-0D-50-49-01-C0-27-32-01-00-03-00-11-8C-17-50-49-01-C0-C4-31-01-00-03-00-11-8A-17-49-01-C0-0E-2D-00-00-03-00-11-AA-18-00-00-00-00-00-00-00-00-00-00-00-00-00-00-00-00-00-00-00-00-00-00-00-00-00
[15:41:18:100]50-49-01-C0-27-32-01-00-03-00-11-8C-17
[15:41:18:100][HID_TX_ack]00-0D-50-49-11-E8-28-32-01-00-03-00-20-00-00-50-49-01-C0-C4-31-01-00-03-00-11-8A-17-49-01-C0-0E-2D-00-00-03-00-11-AA-18-00-00-00-00-00-00-00-00-00-00-00-00-00-00-00-00-00-00-00-00-00-00-00-00-00
[15:41:18:100]50-49-11-E8-28-32-01-00-03-00-20-00-00
[15:41:18:100][HID_TX_ack]00-0D-50-49-11-E9-6F-32-01-00-03-00-20-E9-00-50-49-01-C0-C4-31-01-00-03-00-11-8A-17-49-01-C0-0E-2D-00-00-03-00-11-AA-18-00-00-00-00-00-00-00-00-00-00-00-00-00-00-00-00-00-00-00-00-00-00-00-00-00
[15:41:18:100]50-49-11-E9-6F-32-01-00-03-00-20-E9-00
[15:41:18:100][HID_TX_ack]00-1A-50-49-01-C0-76-32-01-00-03-00-11-8D-18-50-49-01-C0-77-32-01-00-03-00-11-8E-17-49-01-C0-0E-2D-00-00-03-00-11-AA-18-00-00-00-00-00-00-00-00-00-00-00-00-00-00-00-00-00-00-00-00-00-00-00-00-00
[15:41:18:100]50-49-01-C0-76-32-01-00-03-00-11-8D-18
[15:41:18:100]50-49-01-C0-77-32-01-00-03-00-11-8E-17
[15:41:18:100][HID_TX_ack]00-0D-50-49-11-EA-79-32-01-00-03-00-20-00-00-50-49-01-C0-77-32-01-00-03-00-11-8E-17-49-01-C0-0E-2D-00-00-03-00-11-AA-18-00-00-00-00-00-00-00-00-00-00-00-00-00-00-00-00-00-00-00-00-00-00-00-00-00
[15:41:18:100]50-49-11-EA-79-32-01-00-03-00-20-00-00
[15:41:18:115][HID_TX_ack]00-0D-50-49-11-EB-C3-32-01-00-03-00-20-E9-00-50-49-01-C0-77-32-01-00-03-00-11-8E-17-49-01-C0-0E-2D-00-00-03-00-11-AA-18-00-00-00-00-00-00-00-00-00-00-00-00-00-00-00-00-00-00-00-00-00-00-00-00-00
[15:41:18:115]50-49-11-EB-C3-32-01-00-03-00-20-E9-00
[15:41:18:127][HID_TX_ack]00-1A-50-49-01-C0-CE-32-01-00-03-00-11-8F-18-50-49-01-C0-CF-32-01-00-03-00-11-90-17-49-01-C0-0E-2D-00-00-03-00-11-AA-18-00-00-00-00-00-00-00-00-00-00-00-00-00-00-00-00-00-00-00-00-00-00-00-00-00
[15:41:18:127]50-49-01-C0-CE-32-01-00-03-00-11-8F-18
[15:41:18:127]50-49-01-C0-CF-32-01-00-03-00-11-90-17
[15:41:18:130][HID_TX_ack]00-0D-50-49-11-EC-D0-32-01-00-03-00-20-00-00-50-49-01-C0-CF-32-01-00-03-00-11-90-17-49-01-C0-0E-2D-00-00-03-00-11-AA-18-00-00-00-00-00-00-00-00-00-00-00-00-00-00-00-00-00-00-00-00-00-00-00-00-00
[15:41:18:130]50-49-11-EC-D0-32-01-00-03-00-20-00-00
[15:41:18:213][HID_TX_ack]00-0D-50-49-11-ED-0F-33-01-00-03-00-20-E9-00-50-49-01-C0-CF-32-01-00-03-00-11-90-17-49-01-C0-0E-2D-00-00-03-00-11-AA-18-00-00-00-00-00-00-00-00-00-00-00-00-00-00-00-00-00-00-00-00-00-00-00-00-00
[15:41:18:214]50-49-11-ED-0F-33-01-00-03-00-20-E9-00
[15:41:18:603][HID_TX_ack]00-1A-50-49-01-C0-18-33-01-00-03-00-11-91-18-50-49-01-C0-19-33-01-00-03-00-11-92-17-49-01-C0-0E-2D-00-00-03-00-11-AA-18-00-00-00-00-00-00-00-00-00-00-00-00-00-00-00-00-00-00-00-00-00-00-00-00-00
[15:41:18:604]50-49-01-C0-18-33-01-00-03-00-11-91-18
[15:41:18:604]50-49-01-C0-19-33-01-00-03-00-11-92-17
[15:41:18:604][HID_TX_ack]00-0D-50-49-11-EE-1B-33-01-00-03-00-20-00-00-50-49-01-C0-19-33-01-00-03-00-11-92-17-49-01-C0-0E-2D-00-00-03-00-11-AA-18-00-00-00-00-00-00-00-00-00-00-00-00-00-00-00-00-00-00-00-00-00-00-00-00-00
[15:41:18:604]50-49-11-EE-1B-33-01-00-03-00-20-00-00
[15:41:18:604][HID_TX_ack]00-0D-50-49-11-EF-6B-33-01-00-03-00-20-E9-00-50-49-01-C0-19-33-01-00-03-00-11-92-17-49-01-C0-0E-2D-00-00-03-00-11-AA-18-00-00-00-00-00-00-00-00-00-00-00-00-00-00-00-00-00-00-00-00-00-00-00-00-00
[15:41:18:604]50-49-11-EF-6B-33-01-00-03-00-20-E9-00
[15:41:18:605][HID_TX_ack]00-1A-50-49-01-C0-74-33-01-00-03-00-11-93-18-50-49-01-C0-75-33-01-00-03-00-11-94-17-49-01-C0-0E-2D-00-00-03-00-11-AA-18-00-00-00-00-00-00-00-00-00-00-00-00-00-00-00-00-00-00-00-00-00-00-00-00-00
[15:41:18:605]50-49-01-C0-74-33-01-00-03-00-11-93-18
[15:41:18:605]50-49-01-C0-75-33-01-00-03-00-11-94-17
[15:41:18:605][HID_TX_ack]00-0D-50-49-11-F0-77-33-01-00-03-00-20-00-00-50-49-01-C0-75-33-01-00-03-00-11-94-17-49-01-C0-0E-2D-00-00-03-00-11-AA-18-00-00-00-00-00-00-00-00-00-00-00-00-00-00-00-00-00-00-00-00-00-00-00-00-00
[15:41:18:605]50-49-11-F0-77-33-01-00-03-00-20-00-00
[15:41:18:605][HID_TX_ack]00-0D-50-49-11-F1-BF-33-01-00-03-00-20-E9-00-50-49-01-C0-75-33-01-00-03-00-11-94-17-49-01-C0-0E-2D-00-00-03-00-11-AA-18-00-00-00-00-00-00-00-00-00-00-00-00-00-00-00-00-00-00-00-00-00-00-00-00-00
[15:41:18:605]50-49-11-F1-BF-33-01-00-03-00-20-E9-00
[15:41:18:605][HID_TX_ack]00-1A-50-49-01-C0-C8-33-01-00-03-00-11-95-18-50-49-01-C0-C9-33-01-00-03-00-11-96-17-49-01-C0-0E-2D-00-00-03-00-11-AA-18-00-00-00-00-00-00-00-00-00-00-00-00-00-00-00-00-00-00-00-00-00-00-00-00-00
[15:41:18:605]50-49-01-C0-C8-33-01-00-03-00-11-95-18
[15:41:18:605]50-49-01-C0-C9-33-01-00-03-00-11-96-17
[15:41:18:605][HID_TX_ack]00-0D-50-49-11-F2-CA-33-01-00-03-00-20-00-00-50-49-01-C0-C9-33-01-00-03-00-11-96-17-49-01-C0-0E-2D-00-00-03-00-11-AA-18-00-00-00-00-00-00-00-00-00-00-00-00-00-00-00-00-00-00-00-00-00-00-00-00-00
[15:41:18:605]50-49-11-F2-CA-33-01-00-03-00-20-00-00
[15:41:18:642][HID_TX_ack]00-0D-50-49-11-F3-0D-34-01-00-03-00-20-E9-00-50-49-01-C0-C9-33-01-00-03-00-11-96-17-49-01-C0-0E-2D-00-00-03-00-11-AA-18-00-00-00-00-00-00-00-00-00-00-00-00-00-00-00-00-00-00-00-00-00-00-00-00-00
[15:41:18:645][HID_TX]00-80-06-CA-22-50-41-0E-05-01-E0-00-00-00-00-00-00-00-00-00-00-00-00-00-00-00-00-00-00-00-00-00-00-00-00-00-00-00-00-00-00-00-00-00-00-00-00-00-00-00-00-00-00-00-00-00-00-00-00-00-00-00-00-00-00
[15:41:18:645]50-49-11-F3-0D-34-01-00-03-00-20-E9-00
[15:41:18:645][HID_TX_ack]00-1A-50-49-01-C0-15-34-01-00-03-00-11-97-18-50-49-01-C0-15-34-01-00-03-00-11-98-17-49-01-C0-0E-2D-00-00-03-00-11-AA-18-00-00-00-00-00-00-00-00-00-00-00-00-00-00-00-00-00-00-00-00-00-00-00-00-00
[15:41:18:645]50-49-01-C0-15-34-01-00-03-00-11-97-18
[15:41:18:645]50-49-01-C0-15-34-01-00-03-00-11-98-17
[15:41:18:645][HID_TX_ack]00-0D-50-49-11-F4-17-34-01-00-03-00-20-00-00-50-49-01-C0-15-34-01-00-03-00-11-98-17-49-01-C0-0E-2D-00-00-03-00-11-AA-18-00-00-00-00-00-00-00-00-00-00-00-00-00-00-00-00-00-00-00-00-00-00-00-00-00
[15:41:18:645]50-49-11-F4-17-34-01-00-03-00-20-00-00
[15:41:18:645][HID_TX_ack]00-0D-50-49-11-F5-67-34-01-00-03-00-20-E9-00-50-49-01-C0-15-34-01-00-03-00-11-98-17-49-01-C0-0E-2D-00-00-03-00-11-AA-18-00-00-00-00-00-00-00-00-00-00-00-00-00-00-00-00-00-00-00-00-00-00-00-00-00
[15:41:18:645]50-49-11-F5-67-34-01-00-03-00-20-E9-00
[15:41:18:646]HidD_GetInputReport=True
[15:41:18:646]reply_report=00-4F-00-00-00-00-00-00-00-00-00-00-00-00-00-00-00-00-00-00-00-00-00-00-00-00-00-00-00-00-00-00-00-00-00-00-00-00-00-00-00-00-00-00-00-00-00-00-00-00-00-00-00-00-00-00-00-00-00-00-00-00-00-00-00
[15:41:18:646]50-41-0E-05-01-E0 [CMD_SENT][REMOTE_GET_MODE]
[15:41:18:648][HID_TX_ack]00-1A-50-49-01-C0-6F-34-01-00-03-00-11-99-18-50-49-01-C0-70-34-01-00-03-00-11-9A-17-49-01-C0-0E-2D-00-00-03-00-11-AA-18-00-00-00-00-00-00-00-00-00-00-00-00-00-00-00-00-00-00-00-00-00-00-00-00-00
[15:41:18:648]50-49-01-C0-6F-34-01-00-03-00-11-99-18
[15:41:18:648]50-49-01-C0-70-34-01-00-03-00-11-9A-17
[15:41:18:651][HID_TX_ack]00-0D-50-49-11-F6-71-34-01-00-03-00-20-00-00-50-49-01-C0-70-34-01-00-03-00-11-9A-17-49-01-C0-0E-2D-00-00-03-00-11-AA-18-00-00-00-00-00-00-00-00-00-00-00-00-00-00-00-00-00-00-00-00-00-00-00-00-00
[15:41:18:651]50-49-11-F6-71-34-01-00-03-00-20-00-00
[15:41:18:667][HID_TX_ack]00-19-50-49-01-C0-7E-34-01-00-03-00-0E-85-00-50-49-0E-F7-00-00-00-00-02-00-E0-00-17-49-01-C0-0E-2D-00-00-03-00-11-AA-18-00-00-00-00-00-00-00-00-00-00-00-00-00-00-00-00-00-00-00-00-00-00-00-00-00
[15:41:18:667]50-49-01-C0-7E-34-01-00-03-00-0E-85-00
[15:41:18:667]50-49-0E-F7-00-00-00-00-02-00-E0-00-
[15:41:18:668]REMOTE_GET_MODE=00
[15:41:18:668][HID_TX]00-80-07-CD-BE-50-41-06-06-01-00-63-00-00-00-00-00-00-00-00-00-00-00-00-00-00-00-00-00-00-00-00-00-00-00-00-00-00-00-00-00-00-00-00-00-00-00-00-00-00-00-00-00-00-00-00-00-00-00-00-00-00-00-00-00
[15:41:18:669]HidD_GetInputReport=True
[15:41:18:669]reply_report=00-4F-00-00-00-00-00-00-00-00-00-00-00-00-00-00-00-00-00-00-00-00-00-00-00-00-00-00-00-00-00-00-00-00-00-00-00-00-00-00-00-00-00-00-00-00-00-00-00-00-00-00-00-00-00-00-00-00-00-00-00-00-00-00-00
[15:41:18:669]50-41-06-06-01-00-63 [CMD_SENT][CMD_GET_IO_LEVEL]
[15:41:18:671][HID_TX_ack]00-12-50-49-01-C0-82-34-01-00-08-00-06-86-00-01-D8-FF-1F-00-00-00-00-02-00-E0-00-17-49-01-C0-0E-2D-00-00-03-00-11-AA-18-00-00-00-00-00-00-00-00-00-00-00-00-00-00-00-00-00-00-00-00-00-00-00-00-00
[15:41:18:671]50-49-01-C0-82-34-01-00-08-00-06-86-00-01-D8-FF-1F-00
