[18:15:44:778]\\?\hid#dell09c2&col02#5&bc4dc33&0&0001#{4d1e55b2-f16f-11cf-88cb-001111000030}
[18:15:44:779]\\?\hid#dell09c2&col03#5&bc4dc33&0&0002#{4d1e55b2-f16f-11cf-88cb-001111000030}
[18:15:44:779]\\?\hid#intc816&col01#3&207f9b7f&0&0000#{4d1e55b2-f16f-11cf-88cb-001111000030}
[18:15:44:779]\\?\hid#vid_046d&pid_0adf&mi_04#7&2ad3f249&0&0000#{4d1e55b2-f16f-11cf-88cb-001111000030}
[18:15:44:779]\\?\hid#intc816&col02#3&207f9b7f&0&0001#{4d1e55b2-f16f-11cf-88cb-001111000030}
[18:15:44:779]\\?\hid#converteddevice&col02#5&17bac0a6&0&0001#{4d1e55b2-f16f-11cf-88cb-001111000030}
[18:15:44:779]\\?\hid#converteddevice&col03#5&17bac0a6&0&0002#{4d1e55b2-f16f-11cf-88cb-001111000030}
[18:15:44:779]\\?\hid#dell09c2&col04#5&bc4dc33&0&0003#{4d1e55b2-f16f-11cf-88cb-001111000030}
[18:15:44:780]\\?\hid#dell09c2&col05#5&bc4dc33&0&0004#{4d1e55b2-f16f-11cf-88cb-001111000030}
[18:15:44:780]\\?\hid#vid_046d&pid_0adf&mi_00#7&28ee3ab8&0&0000#{4d1e55b2-f16f-11cf-88cb-001111000030}
[18:15:44:780]\\?\hid#converteddevice&col01#5&17bac0a6&0&0000#{4d1e55b2-f16f-11cf-88cb-001111000030}\kbd
[18:15:44:780]\\?\hid#dell09c2&col01#5&bc4dc33&0&0000#{4d1e55b2-f16f-11cf-88cb-001111000030}
[18:15:44:780]\\?\hid#vid_413c&pid_301a#6&3b68e75b&0&0000#{4d1e55b2-f16f-11cf-88cb-001111000030}
[18:15:44:781]try_path=\\?\hid#vid_046d&pid_0adf&mi_04#7&2ad3f249&0&0000#{4d1e55b2-f16f-11cf-88cb-001111000030}
[18:15:44:791][invalid device][System.Exception]
[18:15:44:796]   at ..connect(String path)
[18:15:44:796]close_hid_handle
[18:15:44:799][connect HID device fail : invalid device][System.Exception]
[18:15:44:799]   at ..connect(String path)
   at ..(String  )
   at ..connect(UInt16 vid, UInt16 pid,  vt)
[18:15:44:799]try_path=\\?\hid#vid_046d&pid_0adf&mi_00#7&28ee3ab8&0&0000#{4d1e55b2-f16f-11cf-88cb-001111000030}
[18:15:44:799]	InputReportByteLength=65
[18:15:44:799]	OutputReportByteLength=65
[18:15:44:800]HID_Connected=\\?\hid#vid_046d&pid_0adf&mi_00#7&28ee3ab8&0&0000#{4d1e55b2-f16f-11cf-88cb-001111000030}
[18:15:44:801][HID_TX]00-84-01-D1-55-01-00-00-00-00-00-00-00-00-00-00-00-00-00-00-00-00-00-00-00-00-00-00-00-00-00-00-00-00-00-00-00-00-00-00-00-00-00-00-00-00-00-00-00-00-00-00-00-00-00-00-00-00-00-00-00-00-00-00-00
[18:15:44:802]HidD_GetInputReport=True
[18:15:44:802]reply_report=00-4F-56-31-2E-36-2E-31-00-00-00-00-00-00-00-00-00-00-00-00-00-00-00-00-00-00-00-00-00-00-00-00-00-00-00-00-00-00-00-00-00-00-00-00-00-00-00-00-00-00-00-00-00-00-00-00-00-00-00-00-00-00-00-00-00
[18:15:44:802][ys_tech] fw_version=V1.6.1
[18:15:44:803]ystech_Power_Saving, is_EnablePowerSaving=False
[18:15:44:803][HID_TX]00-85-01-83-8B-01-00-00-00-00-00-00-00-00-00-00-00-00-00-00-00-00-00-00-00-00-00-00-00-00-00-00-00-00-00-00-00-00-00-00-00-00-00-00-00-00-00-00-00-00-00-00-00-00-00-00-00-00-00-00-00-00-00-00-00
[18:15:44:804]HidD_GetInputReport=True
[18:15:44:804]reply_report=00-46-00-00-00-00-00-00-00-00-00-00-00-00-00-00-00-00-00-00-00-00-00-00-00-00-00-00-00-00-00-00-00-00-00-00-00-00-00-00-00-00-00-00-00-00-00-00-00-00-00-00-00-00-00-00-00-00-00-00-00-00-00-00-00
[18:15:44:808][Response Fail][System.Exception]
[18:15:44:808]   at ..(Boolean  )
   at ..(Byte  , Byte[]  )
[18:15:44:866]_ystech_retry_count=1
[18:15:44:866][HID_TX]00-85-01-83-8B-01-00-00-00-00-00-00-00-00-00-00-00-00-00-00-00-00-00-00-00-00-00-00-00-00-00-00-00-00-00-00-00-00-00-00-00-00-00-00-00-00-00-00-00-00-00-00-00-00-00-00-00-00-00-00-00-00-00-00-00
[18:15:44:867]HidD_GetInputReport=True
[18:15:44:867]reply_report=00-4F-00-00-00-00-00-00-00-00-00-00-00-00-00-00-00-00-00-00-00-00-00-00-00-00-00-00-00-00-00-00-00-00-00-00-00-00-00-00-00-00-00-00-00-00-00-00-00-00-00-00-00-00-00-00-00-00-00-00-00-00-00-00-00
[18:15:44:867]HID_CMD_POWER_SAVING_Disable
[18:15:44:867]path_connected=\\?\hid#vid_046d&pid_0adf&mi_00#7&28ee3ab8&0&0000#{4d1e55b2-f16f-11cf-88cb-001111000030}
[18:15:45:878][HID_TX]00-80-06-43-12-50-41-0E-01-01-E3-00-00-00-00-00-00-00-00-00-00-00-00-00-00-00-00-00-00-00-00-00-00-00-00-00-00-00-00-00-00-00-00-00-00-00-00-00-00-00-00-00-00-00-00-00-00-00-00-00-00-00-00-00-00
[18:15:45:881]HidD_GetInputReport=True
[18:15:45:881]reply_report=00-4F-00-00-00-00-00-00-00-00-00-00-00-00-00-00-00-00-00-00-00-00-00-00-00-00-00-00-00-00-00-00-00-00-00-00-00-00-00-00-00-00-00-00-00-00-00-00-00-00-00-00-00-00-00-00-00-00-00-00-00-00-00-00-00
[18:15:45:881]50-41-0E-01-01-E3 [CMD_SENT][REMOTE_GET_CONNECT_STATUS]
[18:15:45:887][HID_TX_ack]00-19-50-49-01-C0-73-A4-01-00-03-00-0E-81-00-50-49-0E-C7-00-00-00-00-02-00-E3-01-00-01-00-01-00-01-00-00-00-31-00-01-00-0C-00-00-00-00-00-00-00-00-00-00-00-00-00-00-00-00-00-00-00-00-00-00-00-00
[18:15:45:899]REMOTE_GET_CONNECT_STATUS=01
[18:15:45:899]50-49-01-C0-73-A4-01-00-03-00-0E-81-00
[18:15:45:900]50-49-0E-C7-00-00-00-00-02-00-E3-01-
[18:15:46:901][HID_TX]00-80-07-92-39-50-41-0E-02-02-E1-00-00-00-00-00-00-00-00-00-00-00-00-00-00-00-00-00-00-00-00-00-00-00-00-00-00-00-00-00-00-00-00-00-00-00-00-00-00-00-00-00-00-00-00-00-00-00-00-00-00-00-00-00-00
[18:15:46:903]HidD_GetInputReport=True
[18:15:46:903]reply_report=00-4F-00-00-00-00-00-00-00-00-00-00-00-00-00-00-00-00-00-00-00-00-00-00-00-00-00-00-00-00-00-00-00-00-00-00-00-00-00-00-00-00-00-00-00-00-00-00-00-00-00-00-00-00-00-00-00-00-00-00-00-00-00-00-00
[18:15:46:903]50-41-0E-02-02-E1-00 [CMD_SENT][REMOTE_SET_MODE] is_remote=False
[18:15:46:906][HID_TX_ack]00-0D-50-49-01-C0-A5-A7-01-00-03-00-0E-82-00-50-49-0E-C7-00-00-00-00-02-00-E3-01-00-01-00-01-00-01-00-00-00-31-00-01-00-0C-00-00-00-00-00-00-00-00-00-00-00-00-00-00-00-00-00-00-00-00-00-00-00-00
[18:15:46:906]50-49-01-C0-A5-A7-01-00-03-00-0E-82-00
[18:15:46:906]ystech_Power_Saving, is_EnablePowerSaving=True
[18:15:46:906][HID_TX]00-85-01-73-56-02-00-00-00-00-00-00-00-00-00-00-00-00-00-00-00-00-00-00-00-00-00-00-00-00-00-00-00-00-00-00-00-00-00-00-00-00-00-00-00-00-00-00-00-00-00-00-00-00-00-00-00-00-00-00-00-00-00-00-00
[18:15:46:907]HidD_GetInputReport=True
[18:15:46:907]reply_report=00-4F-00-00-00-00-00-00-00-00-00-00-00-00-00-00-00-00-00-00-00-00-00-00-00-00-00-00-00-00-00-00-00-00-00-00-00-00-00-00-00-00-00-00-00-00-00-00-00-00-00-00-00-00-00-00-00-00-00-00-00-00-00-00-00
[18:15:46:907]HID_CMD_POWER_SAVING_Enable
[18:15:46:907]close_hid_stream
[18:15:46:907]close_hid_handle
