[18:18:14:997]\\?\hid#dell09c2&col02#5&bc4dc33&0&0001#{4d1e55b2-f16f-11cf-88cb-001111000030}
[18:18:14:997]\\?\hid#dell09c2&col03#5&bc4dc33&0&0002#{4d1e55b2-f16f-11cf-88cb-001111000030}
[18:18:14:997]\\?\hid#intc816&col01#3&207f9b7f&0&0000#{4d1e55b2-f16f-11cf-88cb-001111000030}
[18:18:14:997]\\?\hid#vid_046d&pid_0adf&mi_04#7&2ad3f249&0&0000#{4d1e55b2-f16f-11cf-88cb-001111000030}
[18:18:14:997]\\?\hid#intc816&col02#3&207f9b7f&0&0001#{4d1e55b2-f16f-11cf-88cb-001111000030}
[18:18:14:997]\\?\hid#converteddevice&col02#5&17bac0a6&0&0001#{4d1e55b2-f16f-11cf-88cb-001111000030}
[18:18:14:997]\\?\hid#converteddevice&col03#5&17bac0a6&0&0002#{4d1e55b2-f16f-11cf-88cb-001111000030}
[18:18:14:997]\\?\hid#dell09c2&col04#5&bc4dc33&0&0003#{4d1e55b2-f16f-11cf-88cb-001111000030}
[18:18:14:998]\\?\hid#dell09c2&col05#5&bc4dc33&0&0004#{4d1e55b2-f16f-11cf-88cb-001111000030}
[18:18:14:998]\\?\hid#vid_046d&pid_0adf&mi_00#7&28ee3ab8&0&0000#{4d1e55b2-f16f-11cf-88cb-001111000030}
[18:18:14:998]\\?\hid#converteddevice&col01#5&17bac0a6&0&0000#{4d1e55b2-f16f-11cf-88cb-001111000030}\kbd
[18:18:14:998]\\?\hid#dell09c2&col01#5&bc4dc33&0&0000#{4d1e55b2-f16f-11cf-88cb-001111000030}
[18:18:14:998]\\?\hid#vid_413c&pid_301a#6&3b68e75b&0&0000#{4d1e55b2-f16f-11cf-88cb-001111000030}
[18:18:15:000]try_path=\\?\hid#vid_046d&pid_0adf&mi_04#7&2ad3f249&0&0000#{4d1e55b2-f16f-11cf-88cb-001111000030}
[18:18:15:010][invalid device][System.Exception]
[18:18:15:014]   at ..connect(String path)
[18:18:15:015]close_hid_handle
[18:18:15:018][connect HID device fail : invalid device][System.Exception]
[18:18:15:018]   at ..connect(String path)
   at ..(String  )
   at ..connect(UInt16 vid, UInt16 pid,  vt)
[18:18:15:018]try_path=\\?\hid#vid_046d&pid_0adf&mi_00#7&28ee3ab8&0&0000#{4d1e55b2-f16f-11cf-88cb-001111000030}
[18:18:15:018]	InputReportByteLength=65
[18:18:15:018]	OutputReportByteLength=65
[18:18:15:019]HID_Connected=\\?\hid#vid_046d&pid_0adf&mi_00#7&28ee3ab8&0&0000#{4d1e55b2-f16f-11cf-88cb-001111000030}
[18:18:15:020][HID_TX]00-84-01-D1-55-01-00-00-00-00-00-00-00-00-00-00-00-00-00-00-00-00-00-00-00-00-00-00-00-00-00-00-00-00-00-00-00-00-00-00-00-00-00-00-00-00-00-00-00-00-00-00-00-00-00-00-00-00-00-00-00-00-00-00-00
[18:18:15:022]HidD_GetInputReport=True
[18:18:15:022]reply_report=00-4F-56-31-2E-36-2E-31-00-00-00-00-00-00-00-00-00-00-00-00-00-00-00-00-00-00-00-00-00-00-00-00-00-00-00-00-00-00-00-00-00-00-00-00-00-00-00-00-00-00-00-00-00-00-00-00-00-00-00-00-00-00-00-00-00
[18:18:15:022][ys_tech] fw_version=V1.6.1
[18:18:15:022]ystech_Power_Saving, is_EnablePowerSaving=False
[18:18:15:022][HID_TX]00-85-01-83-8B-01-00-00-00-00-00-00-00-00-00-00-00-00-00-00-00-00-00-00-00-00-00-00-00-00-00-00-00-00-00-00-00-00-00-00-00-00-00-00-00-00-00-00-00-00-00-00-00-00-00-00-00-00-00-00-00-00-00-00-00
[18:18:15:023]HidD_GetInputReport=True
[18:18:15:023]reply_report=00-46-00-00-00-00-00-00-00-00-00-00-00-00-00-00-00-00-00-00-00-00-00-00-00-00-00-00-00-00-00-00-00-00-00-00-00-00-00-00-00-00-00-00-00-00-00-00-00-00-00-00-00-00-00-00-00-00-00-00-00-00-00-00-00
[18:18:15:026][Response Fail][System.Exception]
[18:18:15:026]   at ..(Boolean  )
   at ..(Byte  , Byte[]  )
[18:18:15:084]_ystech_retry_count=1
[18:18:15:084][HID_TX]00-85-01-83-8B-01-00-00-00-00-00-00-00-00-00-00-00-00-00-00-00-00-00-00-00-00-00-00-00-00-00-00-00-00-00-00-00-00-00-00-00-00-00-00-00-00-00-00-00-00-00-00-00-00-00-00-00-00-00-00-00-00-00-00-00
[18:18:15:085]HidD_GetInputReport=True
[18:18:15:085]reply_report=00-4F-00-00-00-00-00-00-00-00-00-00-00-00-00-00-00-00-00-00-00-00-00-00-00-00-00-00-00-00-00-00-00-00-00-00-00-00-00-00-00-00-00-00-00-00-00-00-00-00-00-00-00-00-00-00-00-00-00-00-00-00-00-00-00
[18:18:15:085]HID_CMD_POWER_SAVING_Disable
[18:18:15:085]path_connected=\\?\hid#vid_046d&pid_0adf&mi_00#7&28ee3ab8&0&0000#{4d1e55b2-f16f-11cf-88cb-001111000030}
[18:18:16:095][HID_TX]00-80-06-43-12-50-41-0E-01-01-E3-00-00-00-00-00-00-00-00-00-00-00-00-00-00-00-00-00-00-00-00-00-00-00-00-00-00-00-00-00-00-00-00-00-00-00-00-00-00-00-00-00-00-00-00-00-00-00-00-00-00-00-00-00-00
[18:18:16:096]HidD_GetInputReport=True
[18:18:16:096]reply_report=00-4F-00-00-00-00-00-00-00-00-00-00-00-00-00-00-00-00-00-00-00-00-00-00-00-00-00-00-00-00-00-00-00-00-00-00-00-00-00-00-00-00-00-00-00-00-00-00-00-00-00-00-00-00-00-00-00-00-00-00-00-00-00-00-00
[18:18:16:096]50-41-0E-01-01-E3 [CMD_SENT][REMOTE_GET_CONNECT_STATUS]
[18:18:16:100][HID_TX_ack]00-19-50-49-01-C0-DF-79-03-00-03-00-0E-81-00-50-49-0E-C8-00-00-00-00-02-00-E3-01-00-01-00-01-00-01-00-00-00-31-00-01-00-0C-00-00-00-00-00-00-00-00-00-00-00-00-00-00-00-00-00-00-00-00-00-00-00-00
[18:18:16:112]REMOTE_GET_CONNECT_STATUS=01
[18:18:16:112]50-49-01-C0-DF-79-03-00-03-00-0E-81-00
[18:18:16:112]50-49-0E-C8-00-00-00-00-02-00-E3-01-
[18:18:17:015][HID_TX_ack]00-0D-50-49-01-C0-BC-7C-03-00-03-00-11-89-11-50-49-0E-C8-00-00-00-00-02-00-E3-01-00-01-00-01-00-01-00-00-00-31-00-01-00-0C-00-00-00-00-00-00-00-00-00-00-00-00-00-00-00-00-00-00-00-00-00-00-00-00
[18:18:17:015]50-49-01-C0-BC-7C-03-00-03-00-11-89-11
[18:18:17:115][HID_TX]00-80-07-92-39-50-41-0E-02-02-E1-00-00-00-00-00-00-00-00-00-00-00-00-00-00-00-00-00-00-00-00-00-00-00-00-00-00-00-00-00-00-00-00-00-00-00-00-00-00-00-00-00-00-00-00-00-00-00-00-00-00-00-00-00-00
[18:18:17:116]HidD_GetInputReport=True
[18:18:17:116]reply_report=00-4F-00-00-00-00-00-00-00-00-00-00-00-00-00-00-00-00-00-00-00-00-00-00-00-00-00-00-00-00-00-00-00-00-00-00-00-00-00-00-00-00-00-00-00-00-00-00-00-00-00-00-00-00-00-00-00-00-00-00-00-00-00-00-00
[18:18:17:116]50-41-0E-02-02-E1-00 [CMD_SENT][REMOTE_SET_MODE] is_remote=False
[18:18:17:119][HID_TX_ack]00-0D-50-49-01-C0-0F-7D-03-00-03-00-0E-82-00-50-49-0E-C8-00-00-00-00-02-00-E3-01-00-01-00-01-00-01-00-00-00-31-00-01-00-0C-00-00-00-00-00-00-00-00-00-00-00-00-00-00-00-00-00-00-00-00-00-00-00-00
[18:18:17:119]50-49-01-C0-0F-7D-03-00-03-00-0E-82-00
[18:18:17:119]ystech_Power_Saving, is_EnablePowerSaving=True
[18:18:17:119][HID_TX]00-85-01-73-56-02-00-00-00-00-00-00-00-00-00-00-00-00-00-00-00-00-00-00-00-00-00-00-00-00-00-00-00-00-00-00-00-00-00-00-00-00-00-00-00-00-00-00-00-00-00-00-00-00-00-00-00-00-00-00-00-00-00-00-00
[18:18:17:120]HidD_GetInputReport=True
[18:18:17:120]reply_report=00-4F-00-00-00-00-00-00-00-00-00-00-00-00-00-00-00-00-00-00-00-00-00-00-00-00-00-00-00-00-00-00-00-00-00-00-00-00-00-00-00-00-00-00-00-00-00-00-00-00-00-00-00-00-00-00-00-00-00-00-00-00-00-00-00
[18:18:17:120]HID_CMD_POWER_SAVING_Enable
[18:18:17:120]close_hid_stream
[18:18:17:120]close_hid_handle
[18:18:21:209]\\?\hid#dell09c2&col02#5&bc4dc33&0&0001#{4d1e55b2-f16f-11cf-88cb-001111000030}
[18:18:21:209]\\?\hid#dell09c2&col03#5&bc4dc33&0&0002#{4d1e55b2-f16f-11cf-88cb-001111000030}
[18:18:21:209]\\?\hid#intc816&col01#3&207f9b7f&0&0000#{4d1e55b2-f16f-11cf-88cb-001111000030}
[18:18:21:209]\\?\hid#vid_046d&pid_0adf&mi_04#7&2ad3f249&0&0000#{4d1e55b2-f16f-11cf-88cb-001111000030}
[18:18:21:209]\\?\hid#intc816&col02#3&207f9b7f&0&0001#{4d1e55b2-f16f-11cf-88cb-001111000030}
[18:18:21:209]\\?\hid#converteddevice&col02#5&17bac0a6&0&0001#{4d1e55b2-f16f-11cf-88cb-001111000030}
[18:18:21:209]\\?\hid#converteddevice&col03#5&17bac0a6&0&0002#{4d1e55b2-f16f-11cf-88cb-001111000030}
[18:18:21:209]\\?\hid#dell09c2&col04#5&bc4dc33&0&0003#{4d1e55b2-f16f-11cf-88cb-001111000030}
[18:18:21:209]\\?\hid#dell09c2&col05#5&bc4dc33&0&0004#{4d1e55b2-f16f-11cf-88cb-001111000030}
[18:18:21:209]\\?\hid#vid_046d&pid_0adf&mi_00#7&28ee3ab8&0&0000#{4d1e55b2-f16f-11cf-88cb-001111000030}
[18:18:21:209]\\?\hid#converteddevice&col01#5&17bac0a6&0&0000#{4d1e55b2-f16f-11cf-88cb-001111000030}\kbd
[18:18:21:209]\\?\hid#dell09c2&col01#5&bc4dc33&0&0000#{4d1e55b2-f16f-11cf-88cb-001111000030}
[18:18:21:209]\\?\hid#vid_413c&pid_301a#6&3b68e75b&0&0000#{4d1e55b2-f16f-11cf-88cb-001111000030}
[18:18:21:209]try_path=\\?\hid#vid_046d&pid_0adf&mi_04#7&2ad3f249&0&0000#{4d1e55b2-f16f-11cf-88cb-001111000030}
[18:18:21:212][invalid device][System.Exception]
[18:18:21:212]   at ..connect(String path)
[18:18:21:213]close_hid_handle
[18:18:21:215][connect HID device fail : invalid device][System.Exception]
[18:18:21:215]   at ..connect(String path)
   at ..(String  )
   at ..connect(UInt16 vid, UInt16 pid,  vt)
[18:18:21:215]try_path=\\?\hid#vid_046d&pid_0adf&mi_00#7&28ee3ab8&0&0000#{4d1e55b2-f16f-11cf-88cb-001111000030}
[18:18:21:215]	InputReportByteLength=65
[18:18:21:215]	OutputReportByteLength=65
[18:18:21:215]HID_Connected=\\?\hid#vid_046d&pid_0adf&mi_00#7&28ee3ab8&0&0000#{4d1e55b2-f16f-11cf-88cb-001111000030}
[18:18:21:215][HID_TX]00-84-01-D1-55-01-00-00-00-00-00-00-00-00-00-00-00-00-00-00-00-00-00-00-00-00-00-00-00-00-00-00-00-00-00-00-00-00-00-00-00-00-00-00-00-00-00-00-00-00-00-00-00-00-00-00-00-00-00-00-00-00-00-00-00
[18:18:21:216]HidD_GetInputReport=True
[18:18:21:216]reply_report=00-4F-56-31-2E-36-2E-31-00-00-00-00-00-00-00-00-00-00-00-00-00-00-00-00-00-00-00-00-00-00-00-00-00-00-00-00-00-00-00-00-00-00-00-00-00-00-00-00-00-00-00-00-00-00-00-00-00-00-00-00-00-00-00-00-00
[18:18:21:216][ys_tech] fw_version=V1.6.1
[18:18:21:216]ystech_Power_Saving, is_EnablePowerSaving=False
[18:18:21:216][HID_TX]00-85-01-83-8B-01-00-00-00-00-00-00-00-00-00-00-00-00-00-00-00-00-00-00-00-00-00-00-00-00-00-00-00-00-00-00-00-00-00-00-00-00-00-00-00-00-00-00-00-00-00-00-00-00-00-00-00-00-00-00-00-00-00-00-00
[18:18:21:217]HidD_GetInputReport=True
[18:18:21:217]reply_report=00-4F-00-00-00-00-00-00-00-00-00-00-00-00-00-00-00-00-00-00-00-00-00-00-00-00-00-00-00-00-00-00-00-00-00-00-00-00-00-00-00-00-00-00-00-00-00-00-00-00-00-00-00-00-00-00-00-00-00-00-00-00-00-00-00
[18:18:21:217]HID_CMD_POWER_SAVING_Disable
[18:18:21:217]path_connected=\\?\hid#vid_046d&pid_0adf&mi_00#7&28ee3ab8&0&0000#{4d1e55b2-f16f-11cf-88cb-001111000030}
[18:18:21:217][HID_TX]00-80-06-A8-3D-50-41-0E-03-01-E3-00-00-00-00-00-00-00-00-00-00-00-00-00-00-00-00-00-00-00-00-00-00-00-00-00-00-00-00-00-00-00-00-00-00-00-00-00-00-00-00-00-00-00-00-00-00-00-00-00-00-00-00-00-00
[18:18:21:218]HidD_GetInputReport=True
[18:18:21:218]reply_report=00-4F-00-00-00-00-00-00-00-00-00-00-00-00-00-00-00-00-00-00-00-00-00-00-00-00-00-00-00-00-00-00-00-00-00-00-00-00-00-00-00-00-00-00-00-00-00-00-00-00-00-00-00-00-00-00-00-00-00-00-00-00-00-00-00
[18:18:21:218]50-41-0E-03-01-E3 [CMD_SENT][REMOTE_GET_CONNECT_STATUS]
[18:18:21:221][HID_TX_ack]00-19-50-49-01-C0-E1-89-03-00-03-00-0E-83-00-50-49-0E-C9-00-00-00-00-02-00-E3-01-00-01-00-01-00-01-00-00-00-31-00-01-00-0C-00-00-00-00-00-00-00-00-00-00-00-00-00-00-00-00-00-00-00-00-00-00-00-00
[18:18:21:221]50-49-01-C0-E1-89-03-00-03-00-0E-83-00
[18:18:21:221]50-49-0E-C9-00-00-00-00-02-00-E3-01-
[18:18:21:221]REMOTE_GET_CONNECT_STATUS=01
[18:18:21:222][HID_TX]00-80-07-C8-D5-50-41-0E-04-02-E1-01-00-00-00-00-00-00-00-00-00-00-00-00-00-00-00-00-00-00-00-00-00-00-00-00-00-00-00-00-00-00-00-00-00-00-00-00-00-00-00-00-00-00-00-00-00-00-00-00-00-00-00-00-00
[18:18:21:223]HidD_GetInputReport=True
[18:18:21:223]reply_report=00-4F-00-00-00-00-00-00-00-00-00-00-00-00-00-00-00-00-00-00-00-00-00-00-00-00-00-00-00-00-00-00-00-00-00-00-00-00-00-00-00-00-00-00-00-00-00-00-00-00-00-00-00-00-00-00-00-00-00-00-00-00-00-00-00
[18:18:21:223]50-41-0E-04-02-E1-01 [CMD_SENT][REMOTE_SET_MODE] is_remote=True
[18:18:21:226][HID_TX_ack]00-0D-50-49-01-C0-E5-89-03-00-03-00-0E-84-00-50-49-0E-C9-00-00-00-00-02-00-E3-01-00-01-00-01-00-01-00-00-00-31-00-01-00-0C-00-00-00-00-00-00-00-00-00-00-00-00-00-00-00-00-00-00-00-00-00-00-00-00
[18:18:21:226]50-49-01-C0-E5-89-03-00-03-00-0E-84-00
[18:18:21:226][HID_TX]00-80-13-95-A9-50-41-06-05-0D-00-25-34-12-5A-5A-01-00-00-00-F0-00-00-00-00-00-00-00-00-00-00-00-00-00-00-00-00-00-00-00-00-00-00-00-00-00-00-00-00-00-00-00-00-00-00-00-00-00-00-00-00-00-00-00-00
[18:18:21:227]HidD_GetInputReport=True
[18:18:21:227]reply_report=00-4F-00-00-00-00-00-00-00-00-00-00-00-00-00-00-00-00-00-00-00-00-00-00-00-00-00-00-00-00-00-00-00-00-00-00-00-00-00-00-00-00-00-00-00-00-00-00-00-00-00-00-00-00-00-00-00-00-00-00-00-00-00-00-00
[18:18:21:227]50-41-06-05-0D-00-25-34-12-5A-5A-01-00-00-00-F0-00-00-00 [CMD_SENT][OTA_CMD_IOCTL][READ_MAX_LEN]
[18:18:21:253][HID_TX_ack]00-11-50-49-01-CA-94-A9-03-00-07-00-06-85-00-F0-00-00-00-00-00-00-00-02-00-E3-01-00-01-00-01-00-01-00-00-00-31-00-01-00-0C-00-00-00-00-00-00-00-00-00-00-00-00-00-00-00-00-00-00-00-00-00-00-00-00
[18:18:21:253]50-49-01-CA-94-A9-03-00-07-00-06-85-00-F0-00-00-00
[18:18:21:253][HID_TX]00-80-06-C4-92-50-41-0E-06-01-E0-00-00-00-00-00-00-00-00-00-00-00-00-00-00-00-00-00-00-00-00-00-00-00-00-00-00-00-00-00-00-00-00-00-00-00-00-00-00-00-00-00-00-00-00-00-00-00-00-00-00-00-00-00-00
[18:18:21:255]HidD_GetInputReport=True
[18:18:21:255]reply_report=00-4F-00-00-00-00-00-00-00-00-00-00-00-00-00-00-00-00-00-00-00-00-00-00-00-00-00-00-00-00-00-00-00-00-00-00-00-00-00-00-00-00-00-00-00-00-00-00-00-00-00-00-00-00-00-00-00-00-00-00-00-00-00-00-00
[18:18:21:255]50-41-0E-06-01-E0 [CMD_SENT][REMOTE_GET_MODE]
[18:18:21:258][HID_TX_ack]00-19-50-49-01-C0-FE-89-03-00-03-00-0E-86-00-50-49-0E-CB-00-00-00-00-02-00-E0-01-00-01-00-01-00-01-00-00-00-31-00-01-00-0C-00-00-00-00-00-00-00-00-00-00-00-00-00-00-00-00-00-00-00-00-00-00-00-00
[18:18:21:258]50-49-01-C0-FE-89-03-00-03-00-0E-86-00
[18:18:21:258]50-49-0E-CB-00-00-00-00-02-00-E0-01-
[18:18:21:258]REMOTE_GET_MODE=01
[18:18:21:258][HID_TX]00-80-0E-73-B2-50-41-04-07-09-09-00-00-00-01-00-00-00-00-00-00-00-00-00-00-00-00-00-00-00-00-00-00-00-00-00-00-00-00-00-00-00-00-00-00-00-00-00-00-00-00-00-00-00-00-00-00-00-00-00-00-00-00-00-00
[18:18:21:259]HidD_GetInputReport=True
[18:18:21:259]reply_report=00-4F-00-00-00-00-00-00-00-00-00-00-00-00-00-00-00-00-00-00-00-00-00-00-00-00-00-00-00-00-00-00-00-00-00-00-00-00-00-00-00-00-00-00-00-00-00-00-00-00-00-00-00-00-00-00-00-00-00-00-00-00-00-00-00
[18:18:21:259]50-41-04-07-09-09-00-00-00-01-00-00-00-00 [CMD_SENT][HID_AW_HANDSET_MIC_NR_ENABLE]
[18:18:21:270][HID_TX_ack]00-10-50-49-01-CC-A0-A9-03-00-06-00-04-87-00-00-00-00-CB-00-00-00-00-02-00-E0-01-00-01-00-01-00-01-00-00-00-31-00-01-00-0C-00-00-00-00-00-00-00-00-00-00-00-00-00-00-00-00-00-00-00-00-00-00-00-00
[18:18:21:270]50-49-01-CC-A0-A9-03-00-06-00-04-87-00-00-00-00
[18:18:21:270][HID_TX]00-80-07-A1-F9-50-41-0E-07-02-E1-00-00-00-00-00-00-00-00-00-00-00-00-00-00-00-00-00-00-00-00-00-00-00-00-00-00-00-00-00-00-00-00-00-00-00-00-00-00-00-00-00-00-00-00-00-00-00-00-00-00-00-00-00-00
[18:18:21:271]HidD_GetInputReport=True
[18:18:21:271]reply_report=00-4F-00-00-00-00-00-00-00-00-00-00-00-00-00-00-00-00-00-00-00-00-00-00-00-00-00-00-00-00-00-00-00-00-00-00-00-00-00-00-00-00-00-00-00-00-00-00-00-00-00-00-00-00-00-00-00-00-00-00-00-00-00-00-00
[18:18:21:271]50-41-0E-07-02-E1-00 [CMD_SENT][REMOTE_SET_MODE] is_remote=False
[18:18:21:274][HID_TX_ack]00-0D-50-49-01-C0-0B-8A-03-00-03-00-0E-87-00-00-00-00-CB-00-00-00-00-02-00-E0-01-00-01-00-01-00-01-00-00-00-31-00-01-00-0C-00-00-00-00-00-00-00-00-00-00-00-00-00-00-00-00-00-00-00-00-00-00-00-00
[18:18:21:274]50-49-01-C0-0B-8A-03-00-03-00-0E-87-00
[18:18:21:274]ystech_Power_Saving, is_EnablePowerSaving=True
[18:18:21:274][HID_TX]00-85-01-73-56-02-00-00-00-00-00-00-00-00-00-00-00-00-00-00-00-00-00-00-00-00-00-00-00-00-00-00-00-00-00-00-00-00-00-00-00-00-00-00-00-00-00-00-00-00-00-00-00-00-00-00-00-00-00-00-00-00-00-00-00
[18:18:21:275]HidD_GetInputReport=True
[18:18:21:275]reply_report=00-4F-00-00-00-00-00-00-00-00-00-00-00-00-00-00-00-00-00-00-00-00-00-00-00-00-00-00-00-00-00-00-00-00-00-00-00-00-00-00-00-00-00-00-00-00-00-00-00-00-00-00-00-00-00-00-00-00-00-00-00-00-00-00-00
[18:18:21:275]HID_CMD_POWER_SAVING_Enable
[18:18:21:275]close_hid_stream
[18:18:21:275]close_hid_handle
[18:18:22:287]\\?\hid#dell09c2&col02#5&bc4dc33&0&0001#{4d1e55b2-f16f-11cf-88cb-001111000030}
[18:18:22:287]\\?\hid#dell09c2&col03#5&bc4dc33&0&0002#{4d1e55b2-f16f-11cf-88cb-001111000030}
[18:18:22:287]\\?\hid#intc816&col01#3&207f9b7f&0&0000#{4d1e55b2-f16f-11cf-88cb-001111000030}
[18:18:22:287]\\?\hid#vid_046d&pid_0adf&mi_04#7&2ad3f249&0&0000#{4d1e55b2-f16f-11cf-88cb-001111000030}
[18:18:22:287]\\?\hid#intc816&col02#3&207f9b7f&0&0001#{4d1e55b2-f16f-11cf-88cb-001111000030}
[18:18:22:287]\\?\hid#converteddevice&col02#5&17bac0a6&0&0001#{4d1e55b2-f16f-11cf-88cb-001111000030}
[18:18:22:287]\\?\hid#converteddevice&col03#5&17bac0a6&0&0002#{4d1e55b2-f16f-11cf-88cb-001111000030}
[18:18:22:287]\\?\hid#dell09c2&col04#5&bc4dc33&0&0003#{4d1e55b2-f16f-11cf-88cb-001111000030}
[18:18:22:287]\\?\hid#dell09c2&col05#5&bc4dc33&0&0004#{4d1e55b2-f16f-11cf-88cb-001111000030}
[18:18:22:287]\\?\hid#vid_046d&pid_0adf&mi_00#7&28ee3ab8&0&0000#{4d1e55b2-f16f-11cf-88cb-001111000030}
[18:18:22:287]\\?\hid#converteddevice&col01#5&17bac0a6&0&0000#{4d1e55b2-f16f-11cf-88cb-001111000030}\kbd
[18:18:22:287]\\?\hid#dell09c2&col01#5&bc4dc33&0&0000#{4d1e55b2-f16f-11cf-88cb-001111000030}
[18:18:22:287]\\?\hid#vid_413c&pid_301a#6&3b68e75b&0&0000#{4d1e55b2-f16f-11cf-88cb-001111000030}
[18:18:22:287]try_path=\\?\hid#vid_046d&pid_0adf&mi_04#7&2ad3f249&0&0000#{4d1e55b2-f16f-11cf-88cb-001111000030}
[18:18:22:290][invalid device][System.Exception]
[18:18:22:290]   at ..connect(String path)
[18:18:22:294][External component has thrown an exception.][System.Runtime.InteropServices.SEHException]
[18:18:22:294]   at ..(IntPtr  )
   at ..close()
[18:18:22:296][connect HID device fail : invalid device][System.Exception]
[18:18:22:296]   at ..connect(String path)
   at ..(String  )
   at ..connect(UInt16 vid, UInt16 pid,  vt)
[18:18:22:296]try_path=\\?\hid#vid_046d&pid_0adf&mi_00#7&28ee3ab8&0&0000#{4d1e55b2-f16f-11cf-88cb-001111000030}
[18:18:22:296]	InputReportByteLength=65
[18:18:22:296]	OutputReportByteLength=65
[18:18:22:296]HID_Connected=\\?\hid#vid_046d&pid_0adf&mi_00#7&28ee3ab8&0&0000#{4d1e55b2-f16f-11cf-88cb-001111000030}
[18:18:22:296][HID_TX]00-84-01-D1-55-01-00-00-00-00-00-00-00-00-00-00-00-00-00-00-00-00-00-00-00-00-00-00-00-00-00-00-00-00-00-00-00-00-00-00-00-00-00-00-00-00-00-00-00-00-00-00-00-00-00-00-00-00-00-00-00-00-00-00-00
[18:18:22:298]HidD_GetInputReport=True
[18:18:22:298]reply_report=00-4F-56-31-2E-36-2E-31-00-00-00-00-00-00-00-00-00-00-00-00-00-00-00-00-00-00-00-00-00-00-00-00-00-00-00-00-00-00-00-00-00-00-00-00-00-00-00-00-00-00-00-00-00-00-00-00-00-00-00-00-00-00-00-00-00
[18:18:22:298][ys_tech] fw_version=V1.6.1
[18:18:22:298]ystech_Power_Saving, is_EnablePowerSaving=False
[18:18:22:298][HID_TX]00-85-01-83-8B-01-00-00-00-00-00-00-00-00-00-00-00-00-00-00-00-00-00-00-00-00-00-00-00-00-00-00-00-00-00-00-00-00-00-00-00-00-00-00-00-00-00-00-00-00-00-00-00-00-00-00-00-00-00-00-00-00-00-00-00
[18:18:22:299]HidD_GetInputReport=True
[18:18:22:299]reply_report=00-4F-00-00-00-00-00-00-00-00-00-00-00-00-00-00-00-00-00-00-00-00-00-00-00-00-00-00-00-00-00-00-00-00-00-00-00-00-00-00-00-00-00-00-00-00-00-00-00-00-00-00-00-00-00-00-00-00-00-00-00-00-00-00-00
[18:18:22:299]HID_CMD_POWER_SAVING_Disable
[18:18:22:299]path_connected=\\?\hid#vid_046d&pid_0adf&mi_00#7&28ee3ab8&0&0000#{4d1e55b2-f16f-11cf-88cb-001111000030}
[18:18:22:299][HID_TX]00-80-06-0A-32-50-41-0E-08-01-E3-00-00-00-00-00-00-00-00-00-00-00-00-00-00-00-00-00-00-00-00-00-00-00-00-00-00-00-00-00-00-00-00-00-00-00-00-00-00-00-00-00-00-00-00-00-00-00-00-00-00-00-00-00-00
[18:18:22:300]HidD_GetInputReport=True
[18:18:22:300]reply_report=00-4F-00-00-00-00-00-00-00-00-00-00-00-00-00-00-00-00-00-00-00-00-00-00-00-00-00-00-00-00-00-00-00-00-00-00-00-00-00-00-00-00-00-00-00-00-00-00-00-00-00-00-00-00-00-00-00-00-00-00-00-00-00-00-00
[18:18:22:300]50-41-0E-08-01-E3 [CMD_SENT][REMOTE_GET_CONNECT_STATUS]
[18:18:22:302][HID_TX_ack]00-19-50-49-01-C0-43-8D-03-00-03-00-0E-88-00-50-49-0E-CD-00-00-00-00-02-00-E3-01-00-01-00-01-00-01-00-00-00-31-00-01-00-0C-00-00-00-00-00-00-00-00-00-00-00-00-00-00-00-00-00-00-00-00-00-00-00-00
[18:18:22:302]50-49-01-C0-43-8D-03-00-03-00-0E-88-00
[18:18:22:302]REMOTE_GET_CONNECT_STATUS=01
[18:18:22:302]50-49-0E-CD-00-00-00-00-02-00-E3-01-
[18:18:22:302][HID_TX]00-80-07-57-AA-50-41-0E-09-02-E1-01-00-00-00-00-00-00-00-00-00-00-00-00-00-00-00-00-00-00-00-00-00-00-00-00-00-00-00-00-00-00-00-00-00-00-00-00-00-00-00-00-00-00-00-00-00-00-00-00-00-00-00-00-00
[18:18:22:304]HidD_GetInputReport=True
[18:18:22:304]reply_report=00-4F-00-00-00-00-00-00-00-00-00-00-00-00-00-00-00-00-00-00-00-00-00-00-00-00-00-00-00-00-00-00-00-00-00-00-00-00-00-00-00-00-00-00-00-00-00-00-00-00-00-00-00-00-00-00-00-00-00-00-00-00-00-00-00
[18:18:22:304]50-41-0E-09-02-E1-01 [CMD_SENT][REMOTE_SET_MODE] is_remote=True
[18:18:22:306][HID_TX_ack]00-0D-50-49-01-C0-46-8D-03-00-03-00-0E-89-00-50-49-0E-CD-00-00-00-00-02-00-E3-01-00-01-00-01-00-01-00-00-00-31-00-01-00-0C-00-00-00-00-00-00-00-00-00-00-00-00-00-00-00-00-00-00-00-00-00-00-00-00
[18:18:22:306]50-49-01-C0-46-8D-03-00-03-00-0E-89-00
[18:18:22:306][HID_TX]00-80-13-E1-F9-50-41-06-0A-0D-00-25-34-12-5A-5A-01-00-00-00-F0-00-00-00-00-00-00-00-00-00-00-00-00-00-00-00-00-00-00-00-00-00-00-00-00-00-00-00-00-00-00-00-00-00-00-00-00-00-00-00-00-00-00-00-00
[18:18:22:308]HidD_GetInputReport=True
[18:18:22:308]reply_report=00-4F-00-00-00-00-00-00-00-00-00-00-00-00-00-00-00-00-00-00-00-00-00-00-00-00-00-00-00-00-00-00-00-00-00-00-00-00-00-00-00-00-00-00-00-00-00-00-00-00-00-00-00-00-00-00-00-00-00-00-00-00-00-00-00
[18:18:22:308]50-41-06-0A-0D-00-25-34-12-5A-5A-01-00-00-00-F0-00-00-00 [CMD_SENT][OTA_CMD_IOCTL][READ_MAX_LEN]
[18:18:22:319][HID_TX_ack]00-11-50-49-01-CE-E7-AC-03-00-07-00-06-8A-00-F0-00-00-00-00-00-00-00-02-00-E3-01-00-01-00-01-00-01-00-00-00-31-00-01-00-0C-00-00-00-00-00-00-00-00-00-00-00-00-00-00-00-00-00-00-00-00-00-00-00-00
[18:18:22:319]50-49-01-CE-E7-AC-03-00-07-00-06-8A-00-F0-00-00-00
[18:18:22:319][HID_TX]00-80-06-5B-ED-50-41-0E-0B-01-E0-00-00-00-00-00-00-00-00-00-00-00-00-00-00-00-00-00-00-00-00-00-00-00-00-00-00-00-00-00-00-00-00-00-00-00-00-00-00-00-00-00-00-00-00-00-00-00-00-00-00-00-00-00-00
[18:18:22:320]HidD_GetInputReport=True
[18:18:22:320]reply_report=00-4F-00-00-00-00-00-00-00-00-00-00-00-00-00-00-00-00-00-00-00-00-00-00-00-00-00-00-00-00-00-00-00-00-00-00-00-00-00-00-00-00-00-00-00-00-00-00-00-00-00-00-00-00-00-00-00-00-00-00-00-00-00-00-00
[18:18:22:320]50-41-0E-0B-01-E0 [CMD_SENT][REMOTE_GET_MODE]
[18:18:22:324][HID_TX_ack]00-19-50-49-01-C0-53-8D-03-00-03-00-0E-8B-00-50-49-0E-CF-00-00-00-00-02-00-E0-01-00-01-00-01-00-01-00-00-00-31-00-01-00-0C-00-00-00-00-00-00-00-00-00-00-00-00-00-00-00-00-00-00-00-00-00-00-00-00
[18:18:22:324]50-49-01-C0-53-8D-03-00-03-00-0E-8B-00
[18:18:22:324]50-49-0E-CF-00-00-00-00-02-00-E0-01-
[18:18:22:324]REMOTE_GET_MODE=01
[18:18:22:324][HID_TX]00-80-16-67-B0-50-41-04-0C-11-26-00-00-00-03-0B-00-00-00-00-00-00-00-01-00-00-00-00-00-00-00-00-00-00-00-00-00-00-00-00-00-00-00-00-00-00-00-00-00-00-00-00-00-00-00-00-00-00-00-00-00-00-00-00-00
[18:18:22:326]HidD_GetInputReport=True
[18:18:22:326]reply_report=00-4F-00-00-00-00-00-00-00-00-00-00-00-00-00-00-00-00-00-00-00-00-00-00-00-00-00-00-00-00-00-00-00-00-00-00-00-00-00-00-00-00-00-00-00-00-00-00-00-00-00-00-00-00-00-00-00-00-00-00-00-00-00-00-00
[18:18:22:326]50-41-04-0C-11-26-00-00-00-03-0B-00-00-00-00-00-00-00-01-00-00-00 [CMD_SENT][HID_AW_HANDSET_MIC_MIC1]
[18:18:22:333][HID_TX_ack]00-10-50-49-01-D0-F4-AC-03-00-06-00-04-8C-00-00-00-00-CF-00-00-00-00-02-00-E0-01-00-01-00-01-00-01-00-00-00-31-00-01-00-0C-00-00-00-00-00-00-00-00-00-00-00-00-00-00-00-00-00-00-00-00-00-00-00-00
[18:18:22:333]50-49-01-D0-F4-AC-03-00-06-00-04-8C-00-00-00-00
[18:18:22:333][HID_TX]00-80-07-03-F6-50-41-0E-0C-02-E1-00-00-00-00-00-00-00-00-00-00-00-00-00-00-00-00-00-00-00-00-00-00-00-00-00-00-00-00-00-00-00-00-00-00-00-00-00-00-00-00-00-00-00-00-00-00-00-00-00-00-00-00-00-00
[18:18:22:334]HidD_GetInputReport=True
[18:18:22:334]reply_report=00-4F-00-00-00-00-00-00-00-00-00-00-00-00-00-00-00-00-00-00-00-00-00-00-00-00-00-00-00-00-00-00-00-00-00-00-00-00-00-00-00-00-00-00-00-00-00-00-00-00-00-00-00-00-00-00-00-00-00-00-00-00-00-00-00
[18:18:22:334]50-41-0E-0C-02-E1-00 [CMD_SENT][REMOTE_SET_MODE] is_remote=False
[18:18:22:337][HID_TX_ack]00-0D-50-49-01-C0-5E-8D-03-00-03-00-0E-8C-00-00-00-00-CF-00-00-00-00-02-00-E0-01-00-01-00-01-00-01-00-00-00-31-00-01-00-0C-00-00-00-00-00-00-00-00-00-00-00-00-00-00-00-00-00-00-00-00-00-00-00-00
[18:18:22:337]50-49-01-C0-5E-8D-03-00-03-00-0E-8C-00
[18:18:22:337]ystech_Power_Saving, is_EnablePowerSaving=True
[18:18:22:337][HID_TX]00-85-01-73-56-02-00-00-00-00-00-00-00-00-00-00-00-00-00-00-00-00-00-00-00-00-00-00-00-00-00-00-00-00-00-00-00-00-00-00-00-00-00-00-00-00-00-00-00-00-00-00-00-00-00-00-00-00-00-00-00-00-00-00-00
[18:18:22:338]HidD_GetInputReport=True
[18:18:22:338]reply_report=00-4F-00-00-00-00-00-00-00-00-00-00-00-00-00-00-00-00-00-00-00-00-00-00-00-00-00-00-00-00-00-00-00-00-00-00-00-00-00-00-00-00-00-00-00-00-00-00-00-00-00-00-00-00-00-00-00-00-00-00-00-00-00-00-00
[18:18:22:338]HID_CMD_POWER_SAVING_Enable
[18:18:22:338]close_hid_stream
[18:18:22:338]close_hid_handle
[18:18:23:351]\\?\hid#dell09c2&col02#5&bc4dc33&0&0001#{4d1e55b2-f16f-11cf-88cb-001111000030}
[18:18:23:351]\\?\hid#dell09c2&col03#5&bc4dc33&0&0002#{4d1e55b2-f16f-11cf-88cb-001111000030}
[18:18:23:351]\\?\hid#intc816&col01#3&207f9b7f&0&0000#{4d1e55b2-f16f-11cf-88cb-001111000030}
[18:18:23:351]\\?\hid#vid_046d&pid_0adf&mi_04#7&2ad3f249&0&0000#{4d1e55b2-f16f-11cf-88cb-001111000030}
[18:18:23:351]\\?\hid#intc816&col02#3&207f9b7f&0&0001#{4d1e55b2-f16f-11cf-88cb-001111000030}
[18:18:23:351]\\?\hid#converteddevice&col02#5&17bac0a6&0&0001#{4d1e55b2-f16f-11cf-88cb-001111000030}
[18:18:23:351]\\?\hid#converteddevice&col03#5&17bac0a6&0&0002#{4d1e55b2-f16f-11cf-88cb-001111000030}
[18:18:23:351]\\?\hid#dell09c2&col04#5&bc4dc33&0&0003#{4d1e55b2-f16f-11cf-88cb-001111000030}
[18:18:23:351]\\?\hid#dell09c2&col05#5&bc4dc33&0&0004#{4d1e55b2-f16f-11cf-88cb-001111000030}
[18:18:23:351]\\?\hid#vid_046d&pid_0adf&mi_00#7&28ee3ab8&0&0000#{4d1e55b2-f16f-11cf-88cb-001111000030}
[18:18:23:351]\\?\hid#converteddevice&col01#5&17bac0a6&0&0000#{4d1e55b2-f16f-11cf-88cb-001111000030}\kbd
[18:18:23:351]\\?\hid#dell09c2&col01#5&bc4dc33&0&0000#{4d1e55b2-f16f-11cf-88cb-001111000030}
[18:18:23:351]\\?\hid#vid_413c&pid_301a#6&3b68e75b&0&0000#{4d1e55b2-f16f-11cf-88cb-001111000030}
[18:18:23:351]try_path=\\?\hid#vid_046d&pid_0adf&mi_04#7&2ad3f249&0&0000#{4d1e55b2-f16f-11cf-88cb-001111000030}
[18:18:23:354][invalid device][System.Exception]
[18:18:23:354]   at ..connect(String path)
[18:18:23:356][External component has thrown an exception.][System.Runtime.InteropServices.SEHException]
[18:18:23:356]   at ..(IntPtr  )
   at ..close()
[18:18:23:358][connect HID device fail : invalid device][System.Exception]
[18:18:23:358]   at ..connect(String path)
   at ..(String  )
   at ..connect(UInt16 vid, UInt16 pid,  vt)
[18:18:23:358]try_path=\\?\hid#vid_046d&pid_0adf&mi_00#7&28ee3ab8&0&0000#{4d1e55b2-f16f-11cf-88cb-001111000030}
[18:18:23:358]	InputReportByteLength=65
[18:18:23:358]	OutputReportByteLength=65
[18:18:23:358]HID_Connected=\\?\hid#vid_046d&pid_0adf&mi_00#7&28ee3ab8&0&0000#{4d1e55b2-f16f-11cf-88cb-001111000030}
[18:18:23:358][HID_TX]00-84-01-D1-55-01-00-00-00-00-00-00-00-00-00-00-00-00-00-00-00-00-00-00-00-00-00-00-00-00-00-00-00-00-00-00-00-00-00-00-00-00-00-00-00-00-00-00-00-00-00-00-00-00-00-00-00-00-00-00-00-00-00-00-00
[18:18:23:360]HidD_GetInputReport=True
[18:18:23:360]reply_report=00-4F-56-31-2E-36-2E-31-00-00-00-00-00-00-00-00-00-00-00-00-00-00-00-00-00-00-00-00-00-00-00-00-00-00-00-00-00-00-00-00-00-00-00-00-00-00-00-00-00-00-00-00-00-00-00-00-00-00-00-00-00-00-00-00-00
[18:18:23:360][ys_tech] fw_version=V1.6.1
[18:18:23:360]ystech_Power_Saving, is_EnablePowerSaving=False
[18:18:23:360][HID_TX]00-85-01-83-8B-01-00-00-00-00-00-00-00-00-00-00-00-00-00-00-00-00-00-00-00-00-00-00-00-00-00-00-00-00-00-00-00-00-00-00-00-00-00-00-00-00-00-00-00-00-00-00-00-00-00-00-00-00-00-00-00-00-00-00-00
[18:18:23:361]HidD_GetInputReport=True
[18:18:23:361]reply_report=00-4F-00-00-00-00-00-00-00-00-00-00-00-00-00-00-00-00-00-00-00-00-00-00-00-00-00-00-00-00-00-00-00-00-00-00-00-00-00-00-00-00-00-00-00-00-00-00-00-00-00-00-00-00-00-00-00-00-00-00-00-00-00-00-00
[18:18:23:361]HID_CMD_POWER_SAVING_Disable
[18:18:23:361]path_connected=\\?\hid#vid_046d&pid_0adf&mi_00#7&28ee3ab8&0&0000#{4d1e55b2-f16f-11cf-88cb-001111000030}
[18:18:23:361][HID_TX]00-80-06-39-F2-50-41-0E-0D-01-E3-00-00-00-00-00-00-00-00-00-00-00-00-00-00-00-00-00-00-00-00-00-00-00-00-00-00-00-00-00-00-00-00-00-00-00-00-00-00-00-00-00-00-00-00-00-00-00-00-00-00-00-00-00-00
[18:18:23:362]HidD_GetInputReport=True
[18:18:23:362]reply_report=00-4F-00-00-00-00-00-00-00-00-00-00-00-00-00-00-00-00-00-00-00-00-00-00-00-00-00-00-00-00-00-00-00-00-00-00-00-00-00-00-00-00-00-00-00-00-00-00-00-00-00-00-00-00-00-00-00-00-00-00-00-00-00-00-00
[18:18:23:362]50-41-0E-0D-01-E3 [CMD_SENT][REMOTE_GET_CONNECT_STATUS]
[18:18:23:365][HID_TX_ack]00-19-50-49-01-C0-94-90-03-00-03-00-0E-8D-00-50-49-0E-D1-00-00-00-00-02-00-E3-01-00-01-00-01-00-01-00-00-00-31-00-01-00-0C-00-00-00-00-00-00-00-00-00-00-00-00-00-00-00-00-00-00-00-00-00-00-00-00
[18:18:23:365]50-49-01-C0-94-90-03-00-03-00-0E-8D-00
[18:18:23:365]50-49-0E-D1-00-00-00-00-02-00-E3-01-
[18:18:23:365]REMOTE_GET_CONNECT_STATUS=01
[18:18:23:365][HID_TX]00-80-07-8F-45-50-41-0E-0E-02-E1-01-00-00-00-00-00-00-00-00-00-00-00-00-00-00-00-00-00-00-00-00-00-00-00-00-00-00-00-00-00-00-00-00-00-00-00-00-00-00-00-00-00-00-00-00-00-00-00-00-00-00-00-00-00
[18:18:23:366]HidD_GetInputReport=True
[18:18:23:366]reply_report=00-4F-00-00-00-00-00-00-00-00-00-00-00-00-00-00-00-00-00-00-00-00-00-00-00-00-00-00-00-00-00-00-00-00-00-00-00-00-00-00-00-00-00-00-00-00-00-00-00-00-00-00-00-00-00-00-00-00-00-00-00-00-00-00-00
[18:18:23:366]50-41-0E-0E-02-E1-01 [CMD_SENT][REMOTE_SET_MODE] is_remote=True
[18:18:23:369][HID_TX_ack]00-0D-50-49-01-C0-97-90-03-00-03-00-0E-8E-00-50-49-0E-D1-00-00-00-00-02-00-E3-01-00-01-00-01-00-01-00-00-00-31-00-01-00-0C-00-00-00-00-00-00-00-00-00-00-00-00-00-00-00-00-00-00-00-00-00-00-00-00
[18:18:23:369]50-49-01-C0-97-90-03-00-03-00-0E-8E-00
[18:18:23:369][HID_TX]00-80-13-D2-39-50-41-06-0F-0D-00-25-34-12-5A-5A-01-00-00-00-F0-00-00-00-00-00-00-00-00-00-00-00-00-00-00-00-00-00-00-00-00-00-00-00-00-00-00-00-00-00-00-00-00-00-00-00-00-00-00-00-00-00-00-00-00
[18:18:23:370]HidD_GetInputReport=True
[18:18:23:370]reply_report=00-4F-00-00-00-00-00-00-00-00-00-00-00-00-00-00-00-00-00-00-00-00-00-00-00-00-00-00-00-00-00-00-00-00-00-00-00-00-00-00-00-00-00-00-00-00-00-00-00-00-00-00-00-00-00-00-00-00-00-00-00-00-00-00-00
[18:18:23:370]50-41-06-0F-0D-00-25-34-12-5A-5A-01-00-00-00-F0-00-00-00 [CMD_SENT][OTA_CMD_IOCTL][READ_MAX_LEN]
[18:18:23:377][HID_TX_ack]00-11-50-49-01-D2-38-B0-03-00-07-00-06-8F-00-F0-00-00-00-00-00-00-00-02-00-E3-01-00-01-00-01-00-01-00-00-00-31-00-01-00-0C-00-00-00-00-00-00-00-00-00-00-00-00-00-00-00-00-00-00-00-00-00-00-00-00
[18:18:23:377]50-49-01-D2-38-B0-03-00-07-00-06-8F-00-F0-00-00-00
[18:18:23:377][HID_TX]00-80-06-80-8D-50-41-0E-10-01-E0-00-00-00-00-00-00-00-00-00-00-00-00-00-00-00-00-00-00-00-00-00-00-00-00-00-00-00-00-00-00-00-00-00-00-00-00-00-00-00-00-00-00-00-00-00-00-00-00-00-00-00-00-00-00
[18:18:23:378]HidD_GetInputReport=True
[18:18:23:378]reply_report=00-4F-00-00-00-00-00-00-00-00-00-00-00-00-00-00-00-00-00-00-00-00-00-00-00-00-00-00-00-00-00-00-00-00-00-00-00-00-00-00-00-00-00-00-00-00-00-00-00-00-00-00-00-00-00-00-00-00-00-00-00-00-00-00-00
[18:18:23:378]50-41-0E-10-01-E0 [CMD_SENT][REMOTE_GET_MODE]
[18:18:23:381][HID_TX_ack]00-19-50-49-01-C0-A1-90-03-00-03-00-0E-90-00-50-49-0E-D3-00-00-00-00-02-00-E0-01-00-01-00-01-00-01-00-00-00-31-00-01-00-0C-00-00-00-00-00-00-00-00-00-00-00-00-00-00-00-00-00-00-00-00-00-00-00-00
[18:18:23:381]50-49-01-C0-A1-90-03-00-03-00-0E-90-00
[18:18:23:381]50-49-0E-D3-00-00-00-00-02-00-E0-01-
[18:18:23:381]REMOTE_GET_MODE=01
[18:18:23:381][HID_TX]00-80-16-78-08-50-41-04-11-11-26-00-00-00-03-0B-00-00-00-01-00-00-00-01-00-00-00-00-00-00-00-00-00-00-00-00-00-00-00-00-00-00-00-00-00-00-00-00-00-00-00-00-00-00-00-00-00-00-00-00-00-00-00-00-00
[18:18:23:382]HidD_GetInputReport=True
[18:18:23:382]reply_report=00-4F-00-00-00-00-00-00-00-00-00-00-00-00-00-00-00-00-00-00-00-00-00-00-00-00-00-00-00-00-00-00-00-00-00-00-00-00-00-00-00-00-00-00-00-00-00-00-00-00-00-00-00-00-00-00-00-00-00-00-00-00-00-00-00
[18:18:23:382]50-41-04-11-11-26-00-00-00-03-0B-00-00-00-01-00-00-00-01-00-00-00 [CMD_SENT][HID_AW_HANDSET_MIC_MIC2]
[18:18:23:390][HID_TX_ack]00-10-50-49-01-D4-41-B0-03-00-06-00-04-91-00-00-00-00-D3-00-00-00-00-02-00-E0-01-00-01-00-01-00-01-00-00-00-31-00-01-00-0C-00-00-00-00-00-00-00-00-00-00-00-00-00-00-00-00-00-00-00-00-00-00-00-00
[18:18:23:390]50-49-01-D4-41-B0-03-00-06-00-04-91-00-00-00-00
[18:18:23:390][HID_TX]00-80-07-E5-E6-50-41-0E-11-02-E1-00-00-00-00-00-00-00-00-00-00-00-00-00-00-00-00-00-00-00-00-00-00-00-00-00-00-00-00-00-00-00-00-00-00-00-00-00-00-00-00-00-00-00-00-00-00-00-00-00-00-00-00-00-00
[18:18:23:391]HidD_GetInputReport=True
[18:18:23:391]reply_report=00-4F-00-00-00-00-00-00-00-00-00-00-00-00-00-00-00-00-00-00-00-00-00-00-00-00-00-00-00-00-00-00-00-00-00-00-00-00-00-00-00-00-00-00-00-00-00-00-00-00-00-00-00-00-00-00-00-00-00-00-00-00-00-00-00
[18:18:23:391]50-41-0E-11-02-E1-00 [CMD_SENT][REMOTE_SET_MODE] is_remote=False
[18:18:23:394][HID_TX_ack]00-0D-50-49-01-C0-AB-90-03-00-03-00-0E-91-00-00-00-00-D3-00-00-00-00-02-00-E0-01-00-01-00-01-00-01-00-00-00-31-00-01-00-0C-00-00-00-00-00-00-00-00-00-00-00-00-00-00-00-00-00-00-00-00-00-00-00-00
[18:18:23:394]50-49-01-C0-AB-90-03-00-03-00-0E-91-00
[18:18:23:395]ystech_Power_Saving, is_EnablePowerSaving=True
[18:18:23:395][HID_TX]00-85-01-73-56-02-00-00-00-00-00-00-00-00-00-00-00-00-00-00-00-00-00-00-00-00-00-00-00-00-00-00-00-00-00-00-00-00-00-00-00-00-00-00-00-00-00-00-00-00-00-00-00-00-00-00-00-00-00-00-00-00-00-00-00
[18:18:23:396]HidD_GetInputReport=True
[18:18:23:396]reply_report=00-4F-00-00-00-00-00-00-00-00-00-00-00-00-00-00-00-00-00-00-00-00-00-00-00-00-00-00-00-00-00-00-00-00-00-00-00-00-00-00-00-00-00-00-00-00-00-00-00-00-00-00-00-00-00-00-00-00-00-00-00-00-00-00-00
[18:18:23:396]HID_CMD_POWER_SAVING_Enable
[18:18:23:396]close_hid_stream
[18:18:23:396]close_hid_handle
[18:18:25:533]\\?\hid#dell09c2&col02#5&bc4dc33&0&0001#{4d1e55b2-f16f-11cf-88cb-001111000030}
[18:18:25:533]\\?\hid#dell09c2&col03#5&bc4dc33&0&0002#{4d1e55b2-f16f-11cf-88cb-001111000030}
[18:18:25:533]\\?\hid#intc816&col01#3&207f9b7f&0&0000#{4d1e55b2-f16f-11cf-88cb-001111000030}
[18:18:25:533]\\?\hid#vid_046d&pid_0adf&mi_04#7&2ad3f249&0&0000#{4d1e55b2-f16f-11cf-88cb-001111000030}
[18:18:25:533]\\?\hid#intc816&col02#3&207f9b7f&0&0001#{4d1e55b2-f16f-11cf-88cb-001111000030}
[18:18:25:533]\\?\hid#converteddevice&col02#5&17bac0a6&0&0001#{4d1e55b2-f16f-11cf-88cb-001111000030}
[18:18:25:533]\\?\hid#converteddevice&col03#5&17bac0a6&0&0002#{4d1e55b2-f16f-11cf-88cb-001111000030}
[18:18:25:533]\\?\hid#dell09c2&col04#5&bc4dc33&0&0003#{4d1e55b2-f16f-11cf-88cb-001111000030}
[18:18:25:533]\\?\hid#dell09c2&col05#5&bc4dc33&0&0004#{4d1e55b2-f16f-11cf-88cb-001111000030}
[18:18:25:533]\\?\hid#vid_046d&pid_0adf&mi_00#7&28ee3ab8&0&0000#{4d1e55b2-f16f-11cf-88cb-001111000030}
[18:18:25:533]\\?\hid#converteddevice&col01#5&17bac0a6&0&0000#{4d1e55b2-f16f-11cf-88cb-001111000030}\kbd
[18:18:25:533]\\?\hid#dell09c2&col01#5&bc4dc33&0&0000#{4d1e55b2-f16f-11cf-88cb-001111000030}
[18:18:25:533]\\?\hid#vid_413c&pid_301a#6&3b68e75b&0&0000#{4d1e55b2-f16f-11cf-88cb-001111000030}
[18:18:25:534]try_path=\\?\hid#vid_046d&pid_0adf&mi_04#7&2ad3f249&0&0000#{4d1e55b2-f16f-11cf-88cb-001111000030}
[18:18:25:537][invalid device][System.Exception]
[18:18:25:537]   at ..connect(String path)
[18:18:25:540][External component has thrown an exception.][System.Runtime.InteropServices.SEHException]
[18:18:25:540]   at ..(IntPtr  )
   at ..close()
[18:18:25:542][connect HID device fail : invalid device][System.Exception]
[18:18:25:542]   at ..connect(String path)
   at ..(String  )
   at ..connect(UInt16 vid, UInt16 pid,  vt)
[18:18:25:542]try_path=\\?\hid#vid_046d&pid_0adf&mi_00#7&28ee3ab8&0&0000#{4d1e55b2-f16f-11cf-88cb-001111000030}
[18:18:25:542]	InputReportByteLength=65
[18:18:25:542]	OutputReportByteLength=65
[18:18:25:542]HID_Connected=\\?\hid#vid_046d&pid_0adf&mi_00#7&28ee3ab8&0&0000#{4d1e55b2-f16f-11cf-88cb-001111000030}
[18:18:25:542][HID_TX]00-84-01-D1-55-01-00-00-00-00-00-00-00-00-00-00-00-00-00-00-00-00-00-00-00-00-00-00-00-00-00-00-00-00-00-00-00-00-00-00-00-00-00-00-00-00-00-00-00-00-00-00-00-00-00-00-00-00-00-00-00-00-00-00-00
[18:18:25:544]HidD_GetInputReport=True
[18:18:25:544]reply_report=00-4F-56-31-2E-36-2E-31-00-00-00-00-00-00-00-00-00-00-00-00-00-00-00-00-00-00-00-00-00-00-00-00-00-00-00-00-00-00-00-00-00-00-00-00-00-00-00-00-00-00-00-00-00-00-00-00-00-00-00-00-00-00-00-00-00
[18:18:25:544][ys_tech] fw_version=V1.6.1
[18:18:25:544]ystech_Power_Saving, is_EnablePowerSaving=False
[18:18:25:544][HID_TX]00-85-01-83-8B-01-00-00-00-00-00-00-00-00-00-00-00-00-00-00-00-00-00-00-00-00-00-00-00-00-00-00-00-00-00-00-00-00-00-00-00-00-00-00-00-00-00-00-00-00-00-00-00-00-00-00-00-00-00-00-00-00-00-00-00
[18:18:25:545]HidD_GetInputReport=True
[18:18:25:545]reply_report=00-4F-00-00-00-00-00-00-00-00-00-00-00-00-00-00-00-00-00-00-00-00-00-00-00-00-00-00-00-00-00-00-00-00-00-00-00-00-00-00-00-00-00-00-00-00-00-00-00-00-00-00-00-00-00-00-00-00-00-00-00-00-00-00-00
[18:18:25:545]HID_CMD_POWER_SAVING_Disable
[18:18:25:545]path_connected=\\?\hid#vid_046d&pid_0adf&mi_00#7&28ee3ab8&0&0000#{4d1e55b2-f16f-11cf-88cb-001111000030}
[18:18:25:545][HID_TX]00-80-06-34-CD-50-41-0E-12-01-E3-00-00-00-00-00-00-00-00-00-00-00-00-00-00-00-00-00-00-00-00-00-00-00-00-00-00-00-00-00-00-00-00-00-00-00-00-00-00-00-00-00-00-00-00-00-00-00-00-00-00-00-00-00-00
[18:18:25:546]HidD_GetInputReport=True
[18:18:25:546]reply_report=00-4F-00-00-00-00-00-00-00-00-00-00-00-00-00-00-00-00-00-00-00-00-00-00-00-00-00-00-00-00-00-00-00-00-00-00-00-00-00-00-00-00-00-00-00-00-00-00-00-00-00-00-00-00-00-00-00-00-00-00-00-00-00-00-00
[18:18:25:546]50-41-0E-12-01-E3 [CMD_SENT][REMOTE_GET_CONNECT_STATUS]
[18:18:25:549][HID_TX_ack]00-19-50-49-01-C0-67-97-03-00-03-00-0E-92-00-50-49-0E-D5-00-00-00-00-02-00-E3-01-00-01-00-01-00-01-00-00-00-31-00-01-00-0C-00-00-00-00-00-00-00-00-00-00-00-00-00-00-00-00-00-00-00-00-00-00-00-00
[18:18:25:549]50-49-01-C0-67-97-03-00-03-00-0E-92-00
[18:18:25:549]50-49-0E-D5-00-00-00-00-02-00-E3-01-
[18:18:25:549]REMOTE_GET_CONNECT_STATUS=01
[18:18:25:549][HID_TX]00-80-07-69-55-50-41-0E-13-02-E1-01-00-00-00-00-00-00-00-00-00-00-00-00-00-00-00-00-00-00-00-00-00-00-00-00-00-00-00-00-00-00-00-00-00-00-00-00-00-00-00-00-00-00-00-00-00-00-00-00-00-00-00-00-00
[18:18:25:550]HidD_GetInputReport=True
[18:18:25:550]reply_report=00-4F-00-00-00-00-00-00-00-00-00-00-00-00-00-00-00-00-00-00-00-00-00-00-00-00-00-00-00-00-00-00-00-00-00-00-00-00-00-00-00-00-00-00-00-00-00-00-00-00-00-00-00-00-00-00-00-00-00-00-00-00-00-00-00
[18:18:25:550]50-41-0E-13-02-E1-01 [CMD_SENT][REMOTE_SET_MODE] is_remote=True
[18:18:25:553][HID_TX_ack]00-0D-50-49-01-C0-6A-97-03-00-03-00-0E-93-00-50-49-0E-D5-00-00-00-00-02-00-E3-01-00-01-00-01-00-01-00-00-00-31-00-01-00-0C-00-00-00-00-00-00-00-00-00-00-00-00-00-00-00-00-00-00-00-00-00-00-00-00
[18:18:25:553]50-49-01-C0-6A-97-03-00-03-00-0E-93-00
[18:18:25:553][HID_TX]00-80-13-09-59-50-41-06-14-0D-00-25-34-12-5A-5A-01-00-00-00-F0-00-00-00-00-00-00-00-00-00-00-00-00-00-00-00-00-00-00-00-00-00-00-00-00-00-00-00-00-00-00-00-00-00-00-00-00-00-00-00-00-00-00-00-00
[18:18:25:554]HidD_GetInputReport=True
[18:18:25:554]reply_report=00-4F-00-00-00-00-00-00-00-00-00-00-00-00-00-00-00-00-00-00-00-00-00-00-00-00-00-00-00-00-00-00-00-00-00-00-00-00-00-00-00-00-00-00-00-00-00-00-00-00-00-00-00-00-00-00-00-00-00-00-00-00-00-00-00
[18:18:25:554]50-41-06-14-0D-00-25-34-12-5A-5A-01-00-00-00-F0-00-00-00 [CMD_SENT][OTA_CMD_IOCTL][READ_MAX_LEN]
[18:18:25:577][HID_TX_ack]00-11-50-49-01-D6-17-B7-03-00-07-00-06-94-00-F0-00-00-00-00-00-00-00-02-00-E3-01-00-01-00-01-00-01-00-00-00-31-00-01-00-0C-00-00-00-00-00-00-00-00-00-00-00-00-00-00-00-00-00-00-00-00-00-00-00-00
[18:18:25:577]50-49-01-D6-17-B7-03-00-07-00-06-94-00-F0-00-00-00
[18:18:25:578][HID_TX]00-80-06-B3-4D-50-41-0E-15-01-E0-00-00-00-00-00-00-00-00-00-00-00-00-00-00-00-00-00-00-00-00-00-00-00-00-00-00-00-00-00-00-00-00-00-00-00-00-00-00-00-00-00-00-00-00-00-00-00-00-00-00-00-00-00-00
[18:18:25:579]HidD_GetInputReport=True
[18:18:25:579]reply_report=00-4F-00-00-00-00-00-00-00-00-00-00-00-00-00-00-00-00-00-00-00-00-00-00-00-00-00-00-00-00-00-00-00-00-00-00-00-00-00-00-00-00-00-00-00-00-00-00-00-00-00-00-00-00-00-00-00-00-00-00-00-00-00-00-00
[18:18:25:579]50-41-0E-15-01-E0 [CMD_SENT][REMOTE_GET_MODE]
[18:18:25:582][HID_TX_ack]00-19-50-49-01-C0-82-97-03-00-03-00-0E-95-00-50-49-0E-D7-00-00-00-00-02-00-E0-01-00-01-00-01-00-01-00-00-00-31-00-01-00-0C-00-00-00-00-00-00-00-00-00-00-00-00-00-00-00-00-00-00-00-00-00-00-00-00
[18:18:25:582]50-49-01-C0-82-97-03-00-03-00-0E-95-00
[18:18:25:582]50-49-0E-D7-00-00-00-00-02-00-E0-01-
[18:18:25:582]REMOTE_GET_MODE=01
[18:18:25:582][HID_TX]00-80-16-8A-89-50-41-04-16-11-26-00-00-00-03-0B-00-00-00-00-00-00-00-00-00-00-00-00-00-00-00-00-00-00-00-00-00-00-00-00-00-00-00-00-00-00-00-00-00-00-00-00-00-00-00-00-00-00-00-00-00-00-00-00-00
[18:18:25:583]HidD_GetInputReport=True
[18:18:25:583]reply_report=00-4F-00-00-00-00-00-00-00-00-00-00-00-00-00-00-00-00-00-00-00-00-00-00-00-00-00-00-00-00-00-00-00-00-00-00-00-00-00-00-00-00-00-00-00-00-00-00-00-00-00-00-00-00-00-00-00-00-00-00-00-00-00-00-00
[18:18:25:583]50-41-04-16-11-26-00-00-00-03-0B-00-00-00-00-00-00-00-00-00-00-00 [CMD_SENT][HID_AW_HANDSET_MIC_NORMAL]
[18:18:25:592][HID_TX_ack]00-10-50-49-01-D8-23-B7-03-00-06-00-04-96-00-00-00-00-D7-00-00-00-00-02-00-E0-01-00-01-00-01-00-01-00-00-00-31-00-01-00-0C-00-00-00-00-00-00-00-00-00-00-00-00-00-00-00-00-00-00-00-00-00-00-00-00
[18:18:25:592]50-49-01-D8-23-B7-03-00-06-00-04-96-00-00-00-00
[18:18:25:592][HID_TX]00-80-07-3D-09-50-41-0E-16-02-E1-00-00-00-00-00-00-00-00-00-00-00-00-00-00-00-00-00-00-00-00-00-00-00-00-00-00-00-00-00-00-00-00-00-00-00-00-00-00-00-00-00-00-00-00-00-00-00-00-00-00-00-00-00-00
[18:18:25:593]HidD_GetInputReport=True
[18:18:25:593]reply_report=00-4F-00-00-00-00-00-00-00-00-00-00-00-00-00-00-00-00-00-00-00-00-00-00-00-00-00-00-00-00-00-00-00-00-00-00-00-00-00-00-00-00-00-00-00-00-00-00-00-00-00-00-00-00-00-00-00-00-00-00-00-00-00-00-00
[18:18:25:593]50-41-0E-16-02-E1-00 [CMD_SENT][REMOTE_SET_MODE] is_remote=False
[18:18:25:596][HID_TX_ack]00-0D-50-49-01-C0-8D-97-03-00-03-00-0E-96-00-00-00-00-D7-00-00-00-00-02-00-E0-01-00-01-00-01-00-01-00-00-00-31-00-01-00-0C-00-00-00-00-00-00-00-00-00-00-00-00-00-00-00-00-00-00-00-00-00-00-00-00
[18:18:25:596]50-49-01-C0-8D-97-03-00-03-00-0E-96-00
[18:18:25:596]ystech_Power_Saving, is_EnablePowerSaving=True
[18:18:25:596][HID_TX]00-85-01-73-56-02-00-00-00-00-00-00-00-00-00-00-00-00-00-00-00-00-00-00-00-00-00-00-00-00-00-00-00-00-00-00-00-00-00-00-00-00-00-00-00-00-00-00-00-00-00-00-00-00-00-00-00-00-00-00-00-00-00-00-00
[18:18:25:597]HidD_GetInputReport=True
[18:18:25:597]reply_report=00-4F-00-00-00-00-00-00-00-00-00-00-00-00-00-00-00-00-00-00-00-00-00-00-00-00-00-00-00-00-00-00-00-00-00-00-00-00-00-00-00-00-00-00-00-00-00-00-00-00-00-00-00-00-00-00-00-00-00-00-00-00-00-00-00
[18:18:25:597]HID_CMD_POWER_SAVING_Enable
[18:18:25:597]close_hid_stream
[18:18:25:597]close_hid_handle
[18:18:26:598]\\?\hid#dell09c2&col02#5&bc4dc33&0&0001#{4d1e55b2-f16f-11cf-88cb-001111000030}
[18:18:26:598]\\?\hid#dell09c2&col03#5&bc4dc33&0&0002#{4d1e55b2-f16f-11cf-88cb-001111000030}
[18:18:26:598]\\?\hid#intc816&col01#3&207f9b7f&0&0000#{4d1e55b2-f16f-11cf-88cb-001111000030}
[18:18:26:598]\\?\hid#vid_046d&pid_0adf&mi_04#7&2ad3f249&0&0000#{4d1e55b2-f16f-11cf-88cb-001111000030}
[18:18:26:598]\\?\hid#intc816&col02#3&207f9b7f&0&0001#{4d1e55b2-f16f-11cf-88cb-001111000030}
[18:18:26:598]\\?\hid#converteddevice&col02#5&17bac0a6&0&0001#{4d1e55b2-f16f-11cf-88cb-001111000030}
[18:18:26:598]\\?\hid#converteddevice&col03#5&17bac0a6&0&0002#{4d1e55b2-f16f-11cf-88cb-001111000030}
[18:18:26:598]\\?\hid#dell09c2&col04#5&bc4dc33&0&0003#{4d1e55b2-f16f-11cf-88cb-001111000030}
[18:18:26:598]\\?\hid#dell09c2&col05#5&bc4dc33&0&0004#{4d1e55b2-f16f-11cf-88cb-001111000030}
[18:18:26:598]\\?\hid#vid_046d&pid_0adf&mi_00#7&28ee3ab8&0&0000#{4d1e55b2-f16f-11cf-88cb-001111000030}
[18:18:26:598]\\?\hid#converteddevice&col01#5&17bac0a6&0&0000#{4d1e55b2-f16f-11cf-88cb-001111000030}\kbd
[18:18:26:598]\\?\hid#dell09c2&col01#5&bc4dc33&0&0000#{4d1e55b2-f16f-11cf-88cb-001111000030}
[18:18:26:598]\\?\hid#vid_413c&pid_301a#6&3b68e75b&0&0000#{4d1e55b2-f16f-11cf-88cb-001111000030}
[18:18:26:598]try_path=\\?\hid#vid_046d&pid_0adf&mi_04#7&2ad3f249&0&0000#{4d1e55b2-f16f-11cf-88cb-001111000030}
[18:18:26:602][invalid device][System.Exception]
[18:18:26:602]   at ..connect(String path)
[18:18:26:605][External component has thrown an exception.][System.Runtime.InteropServices.SEHException]
[18:18:26:605]   at ..(IntPtr  )
   at ..close()
[18:18:26:607][connect HID device fail : invalid device][System.Exception]
[18:18:26:607]   at ..connect(String path)
   at ..(String  )
   at ..connect(UInt16 vid, UInt16 pid,  vt)
[18:18:26:607]try_path=\\?\hid#vid_046d&pid_0adf&mi_00#7&28ee3ab8&0&0000#{4d1e55b2-f16f-11cf-88cb-001111000030}
[18:18:26:607]	InputReportByteLength=65
[18:18:26:607]	OutputReportByteLength=65
[18:18:26:607]HID_Connected=\\?\hid#vid_046d&pid_0adf&mi_00#7&28ee3ab8&0&0000#{4d1e55b2-f16f-11cf-88cb-001111000030}
[18:18:26:607][HID_TX]00-84-01-D1-55-01-00-00-00-00-00-00-00-00-00-00-00-00-00-00-00-00-00-00-00-00-00-00-00-00-00-00-00-00-00-00-00-00-00-00-00-00-00-00-00-00-00-00-00-00-00-00-00-00-00-00-00-00-00-00-00-00-00-00-00
[18:18:26:608]HidD_GetInputReport=True
[18:18:26:608]reply_report=00-4F-56-31-2E-36-2E-31-00-00-00-00-00-00-00-00-00-00-00-00-00-00-00-00-00-00-00-00-00-00-00-00-00-00-00-00-00-00-00-00-00-00-00-00-00-00-00-00-00-00-00-00-00-00-00-00-00-00-00-00-00-00-00-00-00
[18:18:26:608][ys_tech] fw_version=V1.6.1
[18:18:26:608]ystech_Power_Saving, is_EnablePowerSaving=False
[18:18:26:608][HID_TX]00-85-01-83-8B-01-00-00-00-00-00-00-00-00-00-00-00-00-00-00-00-00-00-00-00-00-00-00-00-00-00-00-00-00-00-00-00-00-00-00-00-00-00-00-00-00-00-00-00-00-00-00-00-00-00-00-00-00-00-00-00-00-00-00-00
[18:18:26:609]HidD_GetInputReport=True
[18:18:26:609]reply_report=00-4F-00-00-00-00-00-00-00-00-00-00-00-00-00-00-00-00-00-00-00-00-00-00-00-00-00-00-00-00-00-00-00-00-00-00-00-00-00-00-00-00-00-00-00-00-00-00-00-00-00-00-00-00-00-00-00-00-00-00-00-00-00-00-00
[18:18:26:609]HID_CMD_POWER_SAVING_Disable
[18:18:26:609]path_connected=\\?\hid#vid_046d&pid_0adf&mi_00#7&28ee3ab8&0&0000#{4d1e55b2-f16f-11cf-88cb-001111000030}
[18:18:26:609][HID_TX]00-80-06-07-0D-50-41-0E-17-01-E3-00-00-00-00-00-00-00-00-00-00-00-00-00-00-00-00-00-00-00-00-00-00-00-00-00-00-00-00-00-00-00-00-00-00-00-00-00-00-00-00-00-00-00-00-00-00-00-00-00-00-00-00-00-00
[18:18:26:610]HidD_GetInputReport=True
[18:18:26:610]reply_report=00-4F-00-00-00-00-00-00-00-00-00-00-00-00-00-00-00-00-00-00-00-00-00-00-00-00-00-00-00-00-00-00-00-00-00-00-00-00-00-00-00-00-00-00-00-00-00-00-00-00-00-00-00-00-00-00-00-00-00-00-00-00-00-00-00
[18:18:26:610]50-41-0E-17-01-E3 [CMD_SENT][REMOTE_GET_CONNECT_STATUS]
[18:18:26:613][HID_TX_ack]00-19-50-49-01-C0-BA-9A-03-00-03-00-0E-97-00-50-49-0E-D9-00-00-00-00-02-00-E3-01-00-01-00-01-00-01-00-00-00-31-00-01-00-0C-00-00-00-00-00-00-00-00-00-00-00-00-00-00-00-00-00-00-00-00-00-00-00-00
[18:18:26:613]REMOTE_GET_CONNECT_STATUS=01
[18:18:26:613]50-49-01-C0-BA-9A-03-00-03-00-0E-97-00
[18:18:26:613]50-49-0E-D9-00-00-00-00-02-00-E3-01-
[18:18:26:613][HID_TX]00-80-07-CB-5A-50-41-0E-18-02-E1-01-00-00-00-00-00-00-00-00-00-00-00-00-00-00-00-00-00-00-00-00-00-00-00-00-00-00-00-00-00-00-00-00-00-00-00-00-00-00-00-00-00-00-00-00-00-00-00-00-00-00-00-00-00
[18:18:26:614]HidD_GetInputReport=True
[18:18:26:614]reply_report=00-4F-00-00-00-00-00-00-00-00-00-00-00-00-00-00-00-00-00-00-00-00-00-00-00-00-00-00-00-00-00-00-00-00-00-00-00-00-00-00-00-00-00-00-00-00-00-00-00-00-00-00-00-00-00-00-00-00-00-00-00-00-00-00-00
[18:18:26:614]50-41-0E-18-02-E1-01 [CMD_SENT][REMOTE_SET_MODE] is_remote=True
[18:18:26:617][HID_TX_ack]00-0D-50-49-01-C0-BE-9A-03-00-03-00-0E-98-00-50-49-0E-D9-00-00-00-00-02-00-E3-01-00-01-00-01-00-01-00-00-00-31-00-01-00-0C-00-00-00-00-00-00-00-00-00-00-00-00-00-00-00-00-00-00-00-00-00-00-00-00
[18:18:26:617]50-49-01-C0-BE-9A-03-00-03-00-0E-98-00
[18:18:26:617][HID_TX]00-80-13-96-26-50-41-06-19-0D-00-25-34-12-5A-5A-01-00-00-00-F0-00-00-00-00-00-00-00-00-00-00-00-00-00-00-00-00-00-00-00-00-00-00-00-00-00-00-00-00-00-00-00-00-00-00-00-00-00-00-00-00-00-00-00-00
[18:18:26:618]HidD_GetInputReport=True
[18:18:26:618]reply_report=00-4F-00-00-00-00-00-00-00-00-00-00-00-00-00-00-00-00-00-00-00-00-00-00-00-00-00-00-00-00-00-00-00-00-00-00-00-00-00-00-00-00-00-00-00-00-00-00-00-00-00-00-00-00-00-00-00-00-00-00-00-00-00-00-00
[18:18:26:618]50-41-06-19-0D-00-25-34-12-5A-5A-01-00-00-00-F0-00-00-00 [CMD_SENT][OTA_CMD_IOCTL][READ_MAX_LEN]
[18:18:26:642][HID_TX_ack]00-11-50-49-01-DA-60-BA-03-00-07-00-06-99-00-F0-00-00-00-00-00-00-00-02-00-E3-01-00-01-00-01-00-01-00-00-00-31-00-01-00-0C-00-00-00-00-00-00-00-00-00-00-00-00-00-00-00-00-00-00-00-00-00-00-00-00
[18:18:26:642]50-49-01-DA-60-BA-03-00-07-00-06-99-00-F0-00-00-00
[18:18:26:642][HID_TX]00-80-06-C7-1D-50-41-0E-1A-01-E0-00-00-00-00-00-00-00-00-00-00-00-00-00-00-00-00-00-00-00-00-00-00-00-00-00-00-00-00-00-00-00-00-00-00-00-00-00-00-00-00-00-00-00-00-00-00-00-00-00-00-00-00-00-00
[18:18:26:643]HidD_GetInputReport=True
[18:18:26:643]reply_report=00-4F-00-00-00-00-00-00-00-00-00-00-00-00-00-00-00-00-00-00-00-00-00-00-00-00-00-00-00-00-00-00-00-00-00-00-00-00-00-00-00-00-00-00-00-00-00-00-00-00-00-00-00-00-00-00-00-00-00-00-00-00-00-00-00
[18:18:26:643]50-41-0E-1A-01-E0 [CMD_SENT][REMOTE_GET_MODE]
[18:18:26:646][HID_TX_ack]00-19-50-49-01-C0-D5-9A-03-00-03-00-0E-9A-00-50-49-0E-DB-00-00-00-00-02-00-E0-01-00-01-00-01-00-01-00-00-00-31-00-01-00-0C-00-00-00-00-00-00-00-00-00-00-00-00-00-00-00-00-00-00-00-00-00-00-00-00
[18:18:26:646]50-49-01-C0-D5-9A-03-00-03-00-0E-9A-00
[18:18:26:646]50-49-0E-DB-00-00-00-00-02-00-E0-01-
[18:18:26:646]REMOTE_GET_MODE=01
[18:18:26:646][HID_TX]00-80-0E-06-2F-50-41-04-1B-09-09-00-00-00-01-01-00-00-00-00-00-00-00-00-00-00-00-00-00-00-00-00-00-00-00-00-00-00-00-00-00-00-00-00-00-00-00-00-00-00-00-00-00-00-00-00-00-00-00-00-00-00-00-00-00
[18:18:26:647]HidD_GetInputReport=True
[18:18:26:647]reply_report=00-4F-00-00-00-00-00-00-00-00-00-00-00-00-00-00-00-00-00-00-00-00-00-00-00-00-00-00-00-00-00-00-00-00-00-00-00-00-00-00-00-00-00-00-00-00-00-00-00-00-00-00-00-00-00-00-00-00-00-00-00-00-00-00-00
[18:18:26:647]50-41-04-1B-09-09-00-00-00-01-01-00-00-00 [CMD_SENT][HID_AW_HANDSET_MIC_NR_ENABLE]
[18:18:26:656][HID_TX_ack]00-10-50-49-01-DC-76-BA-03-00-06-00-04-9B-00-00-00-00-DB-00-00-00-00-02-00-E0-01-00-01-00-01-00-01-00-00-00-31-00-01-00-0C-00-00-00-00-00-00-00-00-00-00-00-00-00-00-00-00-00-00-00-00-00-00-00-00
[18:18:26:656]50-49-01-DC-76-BA-03-00-06-00-04-9B-00-00-00-00
[18:18:26:656][HID_TX]00-80-07-A2-76-50-41-0E-1B-02-E1-00-00-00-00-00-00-00-00-00-00-00-00-00-00-00-00-00-00-00-00-00-00-00-00-00-00-00-00-00-00-00-00-00-00-00-00-00-00-00-00-00-00-00-00-00-00-00-00-00-00-00-00-00-00
[18:18:26:658]HidD_GetInputReport=True
[18:18:26:658]reply_report=00-4F-00-00-00-00-00-00-00-00-00-00-00-00-00-00-00-00-00-00-00-00-00-00-00-00-00-00-00-00-00-00-00-00-00-00-00-00-00-00-00-00-00-00-00-00-00-00-00-00-00-00-00-00-00-00-00-00-00-00-00-00-00-00-00
[18:18:26:658]50-41-0E-1B-02-E1-00 [CMD_SENT][REMOTE_SET_MODE] is_remote=False
[18:18:26:660][HID_TX_ack]00-0D-50-49-01-C0-E0-9A-03-00-03-00-0E-9B-00-00-00-00-DB-00-00-00-00-02-00-E0-01-00-01-00-01-00-01-00-00-00-31-00-01-00-0C-00-00-00-00-00-00-00-00-00-00-00-00-00-00-00-00-00-00-00-00-00-00-00-00
[18:18:26:660]50-49-01-C0-E0-9A-03-00-03-00-0E-9B-00
[18:18:26:660]ystech_Power_Saving, is_EnablePowerSaving=True
[18:18:26:660][HID_TX]00-85-01-73-56-02-00-00-00-00-00-00-00-00-00-00-00-00-00-00-00-00-00-00-00-00-00-00-00-00-00-00-00-00-00-00-00-00-00-00-00-00-00-00-00-00-00-00-00-00-00-00-00-00-00-00-00-00-00-00-00-00-00-00-00
[18:18:26:661]HidD_GetInputReport=True
[18:18:26:661]reply_report=00-4F-00-00-00-00-00-00-00-00-00-00-00-00-00-00-00-00-00-00-00-00-00-00-00-00-00-00-00-00-00-00-00-00-00-00-00-00-00-00-00-00-00-00-00-00-00-00-00-00-00-00-00-00-00-00-00-00-00-00-00-00-00-00-00
[18:18:26:661]HID_CMD_POWER_SAVING_Enable
[18:18:26:661]close_hid_stream
[18:18:26:661]close_hid_handle
[18:18:27:662][HID_TX]00-80-07-7A-99-50-41-0E-1C-02-E1-00-00-00-00-00-00-00-00-00-00-00-00-00-00-00-00-00-00-00-00-00-00-00-00-00-00-00-00-00-00-00-00-00-00-00-00-00-00-00-00-00-00-00-00-00-00-00-00-00-00-00-00-00-00
[18:18:36:203][Object reference not set to an instance of an object.][System.NullReferenceException]
[18:18:36:203]   at ..(Byte  , Byte[]  )
[18:18:36:208][External component has thrown an exception.][System.Runtime.InteropServices.SEHException]
[18:18:36:208]   at ..(IntPtr  )
   at ..close()
