[15:12:56:540]\\?\hid#dell09c2&col02#5&bc4dc33&0&0001#{4d1e55b2-f16f-11cf-88cb-001111000030}
[15:12:56:540]\\?\hid#dell09c2&col03#5&bc4dc33&0&0002#{4d1e55b2-f16f-11cf-88cb-001111000030}
[15:12:56:540]\\?\hid#intc816&col01#3&207f9b7f&0&0000#{4d1e55b2-f16f-11cf-88cb-001111000030}
[15:12:56:540]\\?\hid#intc816&col02#3&207f9b7f&0&0001#{4d1e55b2-f16f-11cf-88cb-001111000030}
[15:12:56:540]\\?\hid#converteddevice&col02#5&17bac0a6&0&0001#{4d1e55b2-f16f-11cf-88cb-001111000030}
[15:12:56:540]\\?\hid#converteddevice&col03#5&17bac0a6&0&0002#{4d1e55b2-f16f-11cf-88cb-001111000030}
[15:12:56:541]\\?\hid#dell09c2&col04#5&bc4dc33&0&0003#{4d1e55b2-f16f-11cf-88cb-001111000030}
[15:12:56:541]\\?\hid#{00001812-0000-1000-8000-00805f9b34fb}_dev_vid&0232c2_pid&0001_rev&0068_ccb624cd66b1#9&326e3aae&0&0000#{4d1e55b2-f16f-11cf-88cb-001111000030}
[15:12:56:541]\\?\hid#dell09c2&col05#5&bc4dc33&0&0004#{4d1e55b2-f16f-11cf-88cb-001111000030}
[15:12:56:541]\\?\hid#converteddevice&col01#5&17bac0a6&0&0000#{4d1e55b2-f16f-11cf-88cb-001111000030}\kbd
[15:12:56:541]\\?\hid#dell09c2&col01#5&bc4dc33&0&0000#{4d1e55b2-f16f-11cf-88cb-001111000030}
[15:12:56:541]\\?\hid#vid_046d&pid_0adf&mi_00#7&3ad8dff3&0&0000#{4d1e55b2-f16f-11cf-88cb-001111000030}
[15:12:56:541]\\?\hid#vid_046d&pid_0adf&mi_04#7&18e94d0e&0&0000#{4d1e55b2-f16f-11cf-88cb-001111000030}
[15:12:56:543]try_path=\\?\hid#vid_046d&pid_0adf&mi_00#7&3ad8dff3&0&0000#{4d1e55b2-f16f-11cf-88cb-001111000030}
[15:12:56:545]	InputReportByteLength=65
[15:12:56:545]	OutputReportByteLength=65
[15:12:56:545]HID_Connected=\\?\hid#vid_046d&pid_0adf&mi_00#7&3ad8dff3&0&0000#{4d1e55b2-f16f-11cf-88cb-001111000030}
[15:12:56:547][HID_TX]00-84-01-D1-55-01-00-00-00-00-00-00-00-00-00-00-00-00-00-00-00-00-00-00-00-00-00-00-00-00-00-00-00-00-00-00-00-00-00-00-00-00-00-00-00-00-00-00-00-00-00-00-00-00-00-00-00-00-00-00-00-00-00-00-00
[15:12:56:549]HidD_GetInputReport=True
[15:12:56:549]reply_report=00-4F-56-31-2E-38-2E-35-2E-31-00-00-00-00-00-00-00-00-00-00-00-00-00-00-00-00-00-00-00-00-00-00-00-00-00-00-00-00-00-00-00-00-00-00-00-00-00-00-00-00-00-00-00-00-00-00-00-00-00-00-00-00-00-00-00
[15:12:56:549][ys_tech] fw_version=V1.8.5.1
[15:12:56:550]ystech_Power_Saving, is_EnablePowerSaving=False
[15:12:56:550][HID_TX]00-85-01-83-8B-01-00-00-00-00-00-00-00-00-00-00-00-00-00-00-00-00-00-00-00-00-00-00-00-00-00-00-00-00-00-00-00-00-00-00-00-00-00-00-00-00-00-00-00-00-00-00-00-00-00-00-00-00-00-00-00-00-00-00-00
[15:12:56:551]HidD_GetInputReport=True
[15:12:56:551]reply_report=00-4F-00-00-00-00-00-00-00-00-00-00-00-00-00-00-00-00-00-00-00-00-00-00-00-00-00-00-00-00-00-00-00-00-00-00-00-00-00-00-00-00-00-00-00-00-00-00-00-00-00-00-00-00-00-00-00-00-00-00-00-00-00-00-00
[15:12:56:551]HID_CMD_POWER_SAVING_Disable
[15:12:56:551]path_connected=\\?\hid#vid_046d&pid_0adf&mi_00#7&3ad8dff3&0&0000#{4d1e55b2-f16f-11cf-88cb-001111000030}
[15:12:57:769][HID_TX]00-80-06-1C-7D-50-41-0E-01-01-E0-00-00-00-00-00-00-00-00-00-00-00-00-00-00-00-00-00-00-00-00-00-00-00-00-00-00-00-00-00-00-00-00-00-00-00-00-00-00-00-00-00-00-00-00-00-00-00-00-00-00-00-00-00-00
[15:12:57:770]HidD_GetInputReport=True
[15:12:57:770]reply_report=00-4F-00-00-00-00-00-00-00-00-00-00-00-00-00-00-00-00-00-00-00-00-00-00-00-00-00-00-00-00-00-00-00-00-00-00-00-00-00-00-00-00-00-00-00-00-00-00-00-00-00-00-00-00-00-00-00-00-00-00-00-00-00-00-00
[15:12:57:771]50-41-0E-01-01-E0 [CMD_SENT][REMOTE_GET_MODE]
[15:12:57:776][HID_TX_ack]00-19-50-49-01-C0-06-14-06-00-03-00-0E-81-00-50-49-0E-C9-00-00-00-00-02-00-E0-00-17-50-49-0E-CD-00-00-00-00-02-00-E0-00-00-03-00-11-BE-17-00-00-00-00-00-00-00-00-00-00-00-00-00-00-00-00-00-00-00
[15:12:57:784]REMOTE_GET_MODE=00
[15:12:57:784]50-49-01-C0-06-14-06-00-03-00-0E-81-00
[15:12:57:784]50-49-0E-C9-00-00-00-00-02-00-E0-00-
[15:12:57:784][HID_TX]00-80-07-1B-E1-50-41-06-02-01-00-63-00-00-00-00-00-00-00-00-00-00-00-00-00-00-00-00-00-00-00-00-00-00-00-00-00-00-00-00-00-00-00-00-00-00-00-00-00-00-00-00-00-00-00-00-00-00-00-00-00-00-00-00-00
[15:12:57:785]HidD_GetInputReport=True
[15:12:57:785]reply_report=00-4F-00-00-00-00-00-00-00-00-00-00-00-00-00-00-00-00-00-00-00-00-00-00-00-00-00-00-00-00-00-00-00-00-00-00-00-00-00-00-00-00-00-00-00-00-00-00-00-00-00-00-00-00-00-00-00-00-00-00-00-00-00-00-00
[15:12:57:785]50-41-06-02-01-00-63 [CMD_SENT][CMD_GET_IO_LEVEL]
[15:12:57:788][HID_TX_ack]00-12-50-49-01-C0-12-14-06-00-08-00-06-82-00-01-DD-FF-1F-00-00-00-00-02-00-E0-00-17-50-49-0E-CD-00-00-00-00-02-00-E0-00-00-03-00-11-BE-17-00-00-00-00-00-00-00-00-00-00-00-00-00-00-00-00-00-00-00
[15:12:57:788]50-49-01-C0-12-14-06-00-08-00-06-82-00-01-DD-FF-1F-00
[15:12:58:008][HID_TX]00-80-06-F7-52-50-41-0E-03-01-E0-00-00-00-00-00-00-00-00-00-00-00-00-00-00-00-00-00-00-00-00-00-00-00-00-00-00-00-00-00-00-00-00-00-00-00-00-00-00-00-00-00-00-00-00-00-00-00-00-00-00-00-00-00-00
[15:12:58:008]HidD_GetInputReport=True
[15:12:58:008]reply_report=00-4F-00-00-00-00-00-00-00-00-00-00-00-00-00-00-00-00-00-00-00-00-00-00-00-00-00-00-00-00-00-00-00-00-00-00-00-00-00-00-00-00-00-00-00-00-00-00-00-00-00-00-00-00-00-00-00-00-00-00-00-00-00-00-00
[15:12:58:008]50-41-0E-03-01-E0 [CMD_SENT][REMOTE_GET_MODE]
[15:12:58:011][HID_TX_ack]00-19-50-49-01-C0-C4-14-06-00-03-00-0E-83-00-50-49-0E-CA-00-00-00-00-02-00-E0-00-17-50-49-0E-CD-00-00-00-00-02-00-E0-00-00-03-00-11-BE-17-00-00-00-00-00-00-00-00-00-00-00-00-00-00-00-00-00-00-00
[15:12:58:011]50-49-01-C0-C4-14-06-00-03-00-0E-83-00
[15:12:58:011]50-49-0E-CA-00-00-00-00-02-00-E0-00-
[15:12:58:011]REMOTE_GET_MODE=00
[15:12:58:011][HID_TX]00-80-07-26-91-50-41-06-04-01-00-63-00-00-00-00-00-00-00-00-00-00-00-00-00-00-00-00-00-00-00-00-00-00-00-00-00-00-00-00-00-00-00-00-00-00-00-00-00-00-00-00-00-00-00-00-00-00-00-00-00-00-00-00-00
[15:12:58:012]HidD_GetInputReport=True
[15:12:58:012]reply_report=00-4F-00-00-00-00-00-00-00-00-00-00-00-00-00-00-00-00-00-00-00-00-00-00-00-00-00-00-00-00-00-00-00-00-00-00-00-00-00-00-00-00-00-00-00-00-00-00-00-00-00-00-00-00-00-00-00-00-00-00-00-00-00-00-00
[15:12:58:012]50-41-06-04-01-00-63 [CMD_SENT][CMD_GET_IO_LEVEL]
[15:12:58:015][HID_TX_ack]00-12-50-49-01-C0-C8-14-06-00-08-00-06-84-00-01-DD-FF-1F-00-00-00-00-02-00-E0-00-17-50-49-0E-CD-00-00-00-00-02-00-E0-00-00-03-00-11-BE-17-00-00-00-00-00-00-00-00-00-00-00-00-00-00-00-00-00-00-00
[15:12:58:015]50-49-01-C0-C8-14-06-00-08-00-06-84-00-01-DD-FF-1F-00
[15:12:58:239][HID_TX]00-80-06-CA-22-50-41-0E-05-01-E0-00-00-00-00-00-00-00-00-00-00-00-00-00-00-00-00-00-00-00-00-00-00-00-00-00-00-00-00-00-00-00-00-00-00-00-00-00-00-00-00-00-00-00-00-00-00-00-00-00-00-00-00-00-00
[15:12:58:240]HidD_GetInputReport=True
[15:12:58:240]reply_report=00-4F-00-00-00-00-00-00-00-00-00-00-00-00-00-00-00-00-00-00-00-00-00-00-00-00-00-00-00-00-00-00-00-00-00-00-00-00-00-00-00-00-00-00-00-00-00-00-00-00-00-00-00-00-00-00-00-00-00-00-00-00-00-00-00
[15:12:58:240]50-41-0E-05-01-E0 [CMD_SENT][REMOTE_GET_MODE]
[15:12:58:243][HID_TX_ack]00-19-50-49-01-C0-7E-15-06-00-03-00-0E-85-00-50-49-0E-CB-00-00-00-00-02-00-E0-00-17-50-49-0E-CD-00-00-00-00-02-00-E0-00-00-03-00-11-BE-17-00-00-00-00-00-00-00-00-00-00-00-00-00-00-00-00-00-00-00
[15:12:58:243]50-49-01-C0-7E-15-06-00-03-00-0E-85-00
[15:12:58:243]50-49-0E-CB-00-00-00-00-02-00-E0-00-
[15:12:58:243]REMOTE_GET_MODE=00
[15:12:58:243][HID_TX]00-80-07-CD-BE-50-41-06-06-01-00-63-00-00-00-00-00-00-00-00-00-00-00-00-00-00-00-00-00-00-00-00-00-00-00-00-00-00-00-00-00-00-00-00-00-00-00-00-00-00-00-00-00-00-00-00-00-00-00-00-00-00-00-00-00
[15:12:58:244]HidD_GetInputReport=True
[15:12:58:244]reply_report=00-4F-00-00-00-00-00-00-00-00-00-00-00-00-00-00-00-00-00-00-00-00-00-00-00-00-00-00-00-00-00-00-00-00-00-00-00-00-00-00-00-00-00-00-00-00-00-00-00-00-00-00-00-00-00-00-00-00-00-00-00-00-00-00-00
[15:12:58:244]50-41-06-06-01-00-63 [CMD_SENT][CMD_GET_IO_LEVEL]
[15:12:58:247][HID_TX_ack]00-12-50-49-01-C0-81-15-06-00-08-00-06-86-00-01-DD-FF-1F-00-00-00-00-02-00-E0-00-17-50-49-0E-CD-00-00-00-00-02-00-E0-00-00-03-00-11-BE-17-00-00-00-00-00-00-00-00-00-00-00-00-00-00-00-00-00-00-00
[15:12:58:247]50-49-01-C0-81-15-06-00-08-00-06-86-00-01-DD-FF-1F-00
[15:12:58:458][HID_TX]00-80-06-21-0D-50-41-0E-07-01-E0-00-00-00-00-00-00-00-00-00-00-00-00-00-00-00-00-00-00-00-00-00-00-00-00-00-00-00-00-00-00-00-00-00-00-00-00-00-00-00-00-00-00-00-00-00-00-00-00-00-00-00-00-00-00
[15:12:58:459]HidD_GetInputReport=True
[15:12:58:459]reply_report=00-4F-00-00-00-00-00-00-00-00-00-00-00-00-00-00-00-00-00-00-00-00-00-00-00-00-00-00-00-00-00-00-00-00-00-00-00-00-00-00-00-00-00-00-00-00-00-00-00-00-00-00-00-00-00-00-00-00-00-00-00-00-00-00-00
[15:12:58:459]50-41-0E-07-01-E0 [CMD_SENT][REMOTE_GET_MODE]
[15:12:58:461][HID_TX_ack]00-19-50-49-01-C0-2C-16-06-00-03-00-0E-87-00-50-49-0E-CC-00-00-00-00-02-00-E0-00-17-50-49-0E-CD-00-00-00-00-02-00-E0-00-00-03-00-11-BE-17-00-00-00-00-00-00-00-00-00-00-00-00-00-00-00-00-00-00-00
[15:12:58:461]50-49-01-C0-2C-16-06-00-03-00-0E-87-00
[15:12:58:461]50-49-0E-CC-00-00-00-00-02-00-E0-00-
[15:12:58:461]REMOTE_GET_MODE=00
[15:12:58:461][HID_TX]00-80-07-5C-71-50-41-06-08-01-00-63-00-00-00-00-00-00-00-00-00-00-00-00-00-00-00-00-00-00-00-00-00-00-00-00-00-00-00-00-00-00-00-00-00-00-00-00-00-00-00-00-00-00-00-00-00-00-00-00-00-00-00-00-00
[15:12:58:463]HidD_GetInputReport=True
[15:12:58:463]reply_report=00-4F-00-00-00-00-00-00-00-00-00-00-00-00-00-00-00-00-00-00-00-00-00-00-00-00-00-00-00-00-00-00-00-00-00-00-00-00-00-00-00-00-00-00-00-00-00-00-00-00-00-00-00-00-00-00-00-00-00-00-00-00-00-00-00
[15:12:58:463]50-41-06-08-01-00-63 [CMD_SENT][CMD_GET_IO_LEVEL]
[15:12:58:466][HID_TX_ack]00-12-50-49-01-C0-30-16-06-00-08-00-06-88-00-01-DD-FF-1F-00-00-00-00-02-00-E0-00-17-50-49-0E-CD-00-00-00-00-02-00-E0-00-00-03-00-11-BE-17-00-00-00-00-00-00-00-00-00-00-00-00-00-00-00-00-00-00-00
[15:12:58:466]50-49-01-C0-30-16-06-00-08-00-06-88-00-01-DD-FF-1F-00
[15:12:58:689][HID_TX]00-80-06-B0-C2-50-41-0E-09-01-E0-00-00-00-00-00-00-00-00-00-00-00-00-00-00-00-00-00-00-00-00-00-00-00-00-00-00-00-00-00-00-00-00-00-00-00-00-00-00-00-00-00-00-00-00-00-00-00-00-00-00-00-00-00-00
[15:12:58:690]HidD_GetInputReport=True
[15:12:58:690]reply_report=00-4F-00-00-00-00-00-00-00-00-00-00-00-00-00-00-00-00-00-00-00-00-00-00-00-00-00-00-00-00-00-00-00-00-00-00-00-00-00-00-00-00-00-00-00-00-00-00-00-00-00-00-00-00-00-00-00-00-00-00-00-00-00-00-00
[15:12:58:690]50-41-0E-09-01-E0 [CMD_SENT][REMOTE_GET_MODE]
[15:12:58:694][HID_TX_ack]00-19-50-49-01-C0-E6-16-06-00-03-00-0E-89-00-50-49-0E-CD-00-00-00-00-02-00-E0-00-17-50-49-0E-CD-00-00-00-00-02-00-E0-00-00-03-00-11-BE-17-00-00-00-00-00-00-00-00-00-00-00-00-00-00-00-00-00-00-00
[15:12:58:694]50-49-01-C0-E6-16-06-00-03-00-0E-89-00
[15:12:58:694]50-49-0E-CD-00-00-00-00-02-00-E0-00-
[15:12:58:694]REMOTE_GET_MODE=00
[15:12:58:694][HID_TX]00-80-07-B7-5E-50-41-06-0A-01-00-63-00-00-00-00-00-00-00-00-00-00-00-00-00-00-00-00-00-00-00-00-00-00-00-00-00-00-00-00-00-00-00-00-00-00-00-00-00-00-00-00-00-00-00-00-00-00-00-00-00-00-00-00-00
[15:12:58:695]HidD_GetInputReport=True
[15:12:58:695]reply_report=00-4F-00-00-00-00-00-00-00-00-00-00-00-00-00-00-00-00-00-00-00-00-00-00-00-00-00-00-00-00-00-00-00-00-00-00-00-00-00-00-00-00-00-00-00-00-00-00-00-00-00-00-00-00-00-00-00-00-00-00-00-00-00-00-00
[15:12:58:695]50-41-06-0A-01-00-63 [CMD_SENT][CMD_GET_IO_LEVEL]
[15:12:58:698][HID_TX_ack]00-12-50-49-01-C0-EA-16-06-00-08-00-06-8A-00-01-DD-FF-1F-00-00-00-00-02-00-E0-00-17-50-49-0E-CD-00-00-00-00-02-00-E0-00-00-03-00-11-BE-17-00-00-00-00-00-00-00-00-00-00-00-00-00-00-00-00-00-00-00
[15:12:58:698]50-49-01-C0-EA-16-06-00-08-00-06-8A-00-01-DD-FF-1F-00
[15:12:58:907][HID_TX]00-80-06-5B-ED-50-41-0E-0B-01-E0-00-00-00-00-00-00-00-00-00-00-00-00-00-00-00-00-00-00-00-00-00-00-00-00-00-00-00-00-00-00-00-00-00-00-00-00-00-00-00-00-00-00-00-00-00-00-00-00-00-00-00-00-00-00
[15:12:58:908]HidD_GetInputReport=True
[15:12:58:908]reply_report=00-4F-00-00-00-00-00-00-00-00-00-00-00-00-00-00-00-00-00-00-00-00-00-00-00-00-00-00-00-00-00-00-00-00-00-00-00-00-00-00-00-00-00-00-00-00-00-00-00-00-00-00-00-00-00-00-00-00-00-00-00-00-00-00-00
[15:12:58:908]50-41-0E-0B-01-E0 [CMD_SENT][REMOTE_GET_MODE]
[15:12:58:910][HID_TX_ack]00-19-50-49-01-C0-94-17-06-00-03-00-0E-8B-00-50-49-0E-CE-00-00-00-00-02-00-E0-00-17-50-49-0E-CD-00-00-00-00-02-00-E0-00-00-03-00-11-BE-17-00-00-00-00-00-00-00-00-00-00-00-00-00-00-00-00-00-00-00
[15:12:58:910]50-49-01-C0-94-17-06-00-03-00-0E-8B-00
[15:12:58:910]50-49-0E-CE-00-00-00-00-02-00-E0-00-
[15:12:58:911]REMOTE_GET_MODE=00
[15:12:58:911][HID_TX]00-80-07-8A-2E-50-41-06-0C-01-00-63-00-00-00-00-00-00-00-00-00-00-00-00-00-00-00-00-00-00-00-00-00-00-00-00-00-00-00-00-00-00-00-00-00-00-00-00-00-00-00-00-00-00-00-00-00-00-00-00-00-00-00-00-00
[15:12:58:912]HidD_GetInputReport=True
[15:12:58:912]reply_report=00-4F-00-00-00-00-00-00-00-00-00-00-00-00-00-00-00-00-00-00-00-00-00-00-00-00-00-00-00-00-00-00-00-00-00-00-00-00-00-00-00-00-00-00-00-00-00-00-00-00-00-00-00-00-00-00-00-00-00-00-00-00-00-00-00
[15:12:58:912]50-41-06-0C-01-00-63 [CMD_SENT][CMD_GET_IO_LEVEL]
[15:12:58:914][HID_TX_ack]00-12-50-49-01-C0-97-17-06-00-08-00-06-8C-00-01-DD-FF-1F-00-00-00-00-02-00-E0-00-17-50-49-0E-CD-00-00-00-00-02-00-E0-00-00-03-00-11-BE-17-00-00-00-00-00-00-00-00-00-00-00-00-00-00-00-00-00-00-00
[15:12:58:914]50-49-01-C0-97-17-06-00-08-00-06-8C-00-01-DD-FF-1F-00
[15:12:58:951][HID_TX_ack]00-0D-50-49-11-CF-B3-17-06-00-03-00-20-EA-00-01-DD-FF-1F-00-00-00-00-02-00-E0-00-17-50-49-0E-CD-00-00-00-00-02-00-E0-00-00-03-00-11-BE-17-00-00-00-00-00-00-00-00-00-00-00-00-00-00-00-00-00-00-00
[15:12:58:952]50-49-11-CF-B3-17-06-00-03-00-20-EA-00
[15:12:58:959][HID_TX_ack]00-1A-50-49-01-C0-BA-17-06-00-03-00-11-D5-18-50-49-01-C0-BA-17-06-00-03-00-11-D6-17-50-49-0E-CD-00-00-00-00-02-00-E0-00-00-03-00-11-BE-17-00-00-00-00-00-00-00-00-00-00-00-00-00-00-00-00-00-00-00
[15:12:58:960]50-49-01-C0-BA-17-06-00-03-00-11-D5-18
[15:12:58:960]50-49-01-C0-BA-17-06-00-03-00-11-D6-17
[15:12:58:961][HID_TX_ack]00-0D-50-49-11-D0-BC-17-06-00-03-00-20-00-00-50-49-01-C0-BA-17-06-00-03-00-11-D6-17-50-49-0E-CD-00-00-00-00-02-00-E0-00-00-03-00-11-BE-17-00-00-00-00-00-00-00-00-00-00-00-00-00-00-00-00-00-00-00
[15:12:58:961]50-49-11-D0-BC-17-06-00-03-00-20-00-00
[15:12:58:977][HID_TX_ack]00-0D-50-49-01-C0-C9-17-06-00-03-00-11-D7-16-50-49-01-C0-BA-17-06-00-03-00-11-D6-17-50-49-0E-CD-00-00-00-00-02-00-E0-00-00-03-00-11-BE-17-00-00-00-00-00-00-00-00-00-00-00-00-00-00-00-00-00-00-00
[15:12:58:977]50-49-01-C0-C9-17-06-00-03-00-11-D7-16
[15:12:59:125][HID_TX]00-80-06-66-9D-50-41-0E-0D-01-E0-00-00-00-00-00-00-00-00-00-00-00-00-00-00-00-00-00-00-00-00-00-00-00-00-00-00-00-00-00-00-00-00-00-00-00-00-00-00-00-00-00-00-00-00-00-00-00-00-00-00-00-00-00-00
[15:12:59:126]HidD_GetInputReport=True
[15:12:59:126]reply_report=00-4F-00-00-00-00-00-00-00-00-00-00-00-00-00-00-00-00-00-00-00-00-00-00-00-00-00-00-00-00-00-00-00-00-00-00-00-00-00-00-00-00-00-00-00-00-00-00-00-00-00-00-00-00-00-00-00-00-00-00-00-00-00-00-00
[15:12:59:126]50-41-0E-0D-01-E0 [CMD_SENT][REMOTE_GET_MODE]
[15:12:59:131][HID_TX_ack]00-19-50-49-01-C0-42-18-06-00-03-00-0E-8D-00-50-49-0E-D1-00-00-00-00-02-00-E0-00-17-50-49-0E-CD-00-00-00-00-02-00-E0-00-00-03-00-11-BE-17-00-00-00-00-00-00-00-00-00-00-00-00-00-00-00-00-00-00-00
[15:12:59:131]50-49-01-C0-42-18-06-00-03-00-0E-8D-00
[15:12:59:131]50-49-0E-D1-00-00-00-00-02-00-E0-00-
[15:12:59:131]REMOTE_GET_MODE=00
[15:12:59:131][HID_TX]00-80-07-61-01-50-41-06-0E-01-00-63-00-00-00-00-00-00-00-00-00-00-00-00-00-00-00-00-00-00-00-00-00-00-00-00-00-00-00-00-00-00-00-00-00-00-00-00-00-00-00-00-00-00-00-00-00-00-00-00-00-00-00-00-00
[15:12:59:132]HidD_GetInputReport=True
[15:12:59:132]reply_report=00-4F-00-00-00-00-00-00-00-00-00-00-00-00-00-00-00-00-00-00-00-00-00-00-00-00-00-00-00-00-00-00-00-00-00-00-00-00-00-00-00-00-00-00-00-00-00-00-00-00-00-00-00-00-00-00-00-00-00-00-00-00-00-00-00
[15:12:59:132]50-41-06-0E-01-00-63 [CMD_SENT][CMD_GET_IO_LEVEL]
[15:12:59:135][HID_TX_ack]00-12-50-49-01-C0-47-18-06-00-08-00-06-8E-00-01-DD-FF-1F-00-00-00-00-02-00-E0-00-17-50-49-0E-CD-00-00-00-00-02-00-E0-00-00-03-00-11-BE-17-00-00-00-00-00-00-00-00-00-00-00-00-00-00-00-00-00-00-00
[15:12:59:135]50-49-01-C0-47-18-06-00-08-00-06-8E-00-01-DD-FF-1F-00
[15:12:59:358][HID_TX]00-80-06-8D-B2-50-41-0E-0F-01-E0-00-00-00-00-00-00-00-00-00-00-00-00-00-00-00-00-00-00-00-00-00-00-00-00-00-00-00-00-00-00-00-00-00-00-00-00-00-00-00-00-00-00-00-00-00-00-00-00-00-00-00-00-00-00
[15:12:59:359]HidD_GetInputReport=True
[15:12:59:359]reply_report=00-4F-00-00-00-00-00-00-00-00-00-00-00-00-00-00-00-00-00-00-00-00-00-00-00-00-00-00-00-00-00-00-00-00-00-00-00-00-00-00-00-00-00-00-00-00-00-00-00-00-00-00-00-00-00-00-00-00-00-00-00-00-00-00-00
[15:12:59:359]50-41-0E-0F-01-E0 [CMD_SENT][REMOTE_GET_MODE]
[15:12:59:362][HID_TX_ack]00-19-50-49-01-C0-FD-18-06-00-03-00-0E-8F-00-50-49-0E-D2-00-00-00-00-02-00-E0-00-17-50-49-0E-CD-00-00-00-00-02-00-E0-00-00-03-00-11-BE-17-00-00-00-00-00-00-00-00-00-00-00-00-00-00-00-00-00-00-00
[15:12:59:362]50-49-01-C0-FD-18-06-00-03-00-0E-8F-00
[15:12:59:362]REMOTE_GET_MODE=00
[15:12:59:362]50-49-0E-D2-00-00-00-00-02-00-E0-00-
[15:12:59:362][HID_TX]00-80-07-89-A1-50-41-06-10-01-00-63-00-00-00-00-00-00-00-00-00-00-00-00-00-00-00-00-00-00-00-00-00-00-00-00-00-00-00-00-00-00-00-00-00-00-00-00-00-00-00-00-00-00-00-00-00-00-00-00-00-00-00-00-00
[15:12:59:363]HidD_GetInputReport=True
[15:12:59:363]reply_report=00-4F-00-00-00-00-00-00-00-00-00-00-00-00-00-00-00-00-00-00-00-00-00-00-00-00-00-00-00-00-00-00-00-00-00-00-00-00-00-00-00-00-00-00-00-00-00-00-00-00-00-00-00-00-00-00-00-00-00-00-00-00-00-00-00
[15:12:59:363]50-41-06-10-01-00-63 [CMD_SENT][CMD_GET_IO_LEVEL]
[15:12:59:366][HID_TX_ack]00-12-50-49-01-C0-01-19-06-00-08-00-06-90-00-01-DD-FF-1F-00-00-00-00-02-00-E0-00-17-50-49-0E-CD-00-00-00-00-02-00-E0-00-00-03-00-11-BE-17-00-00-00-00-00-00-00-00-00-00-00-00-00-00-00-00-00-00-00
[15:12:59:366]50-49-01-C0-01-19-06-00-08-00-06-90-00-01-DD-FF-1F-00
[15:12:59:591][HID_TX]00-80-06-65-12-50-41-0E-11-01-E0-00-00-00-00-00-00-00-00-00-00-00-00-00-00-00-00-00-00-00-00-00-00-00-00-00-00-00-00-00-00-00-00-00-00-00-00-00-00-00-00-00-00-00-00-00-00-00-00-00-00-00-00-00-00
[15:12:59:591]HidD_GetInputReport=True
[15:12:59:591]reply_report=00-4F-00-00-00-00-00-00-00-00-00-00-00-00-00-00-00-00-00-00-00-00-00-00-00-00-00-00-00-00-00-00-00-00-00-00-00-00-00-00-00-00-00-00-00-00-00-00-00-00-00-00-00-00-00-00-00-00-00-00-00-00-00-00-00
[15:12:59:591]50-41-0E-11-01-E0 [CMD_SENT][REMOTE_GET_MODE]
[15:12:59:594][HID_TX_ack]00-19-50-49-01-C0-B7-19-06-00-03-00-0E-91-00-50-49-0E-D3-00-00-00-00-02-00-E0-00-17-50-49-0E-CD-00-00-00-00-02-00-E0-00-00-03-00-11-BE-17-00-00-00-00-00-00-00-00-00-00-00-00-00-00-00-00-00-00-00
[15:12:59:594]50-49-01-C0-B7-19-06-00-03-00-0E-91-00
[15:12:59:594]50-49-0E-D3-00-00-00-00-02-00-E0-00-
[15:12:59:594]REMOTE_GET_MODE=00
[15:12:59:594][HID_TX]00-80-07-62-8E-50-41-06-12-01-00-63-00-00-00-00-00-00-00-00-00-00-00-00-00-00-00-00-00-00-00-00-00-00-00-00-00-00-00-00-00-00-00-00-00-00-00-00-00-00-00-00-00-00-00-00-00-00-00-00-00-00-00-00-00
[15:12:59:595]HidD_GetInputReport=True
[15:12:59:595]reply_report=00-4F-00-00-00-00-00-00-00-00-00-00-00-00-00-00-00-00-00-00-00-00-00-00-00-00-00-00-00-00-00-00-00-00-00-00-00-00-00-00-00-00-00-00-00-00-00-00-00-00-00-00-00-00-00-00-00-00-00-00-00-00-00-00-00
[15:12:59:595]50-41-06-12-01-00-63 [CMD_SENT][CMD_GET_IO_LEVEL]
[15:12:59:598][HID_TX_ack]00-12-50-49-01-C0-BA-19-06-00-08-00-06-92-00-01-DD-FF-1F-00-00-00-00-02-00-E0-00-17-50-49-0E-CD-00-00-00-00-02-00-E0-00-00-03-00-11-BE-17-00-00-00-00-00-00-00-00-00-00-00-00-00-00-00-00-00-00-00
[15:12:59:598]50-49-01-C0-BA-19-06-00-08-00-06-92-00-01-DD-FF-1F-00
[15:12:59:686][HID_TX_ack]00-0D-50-49-11-D4-FF-19-06-00-03-00-20-E9-00-01-DD-FF-1F-00-00-00-00-02-00-E0-00-17-50-49-0E-CD-00-00-00-00-02-00-E0-00-00-03-00-11-BE-17-00-00-00-00-00-00-00-00-00-00-00-00-00-00-00-00-00-00-00
[15:12:59:686]50-49-11-D4-FF-19-06-00-03-00-20-E9-00
[15:12:59:694][HID_TX_ack]00-1A-50-49-01-C0-06-1A-06-00-03-00-11-D8-18-50-49-01-C0-07-1A-06-00-03-00-11-D9-17-50-49-0E-CD-00-00-00-00-02-00-E0-00-00-03-00-11-BE-17-00-00-00-00-00-00-00-00-00-00-00-00-00-00-00-00-00-00-00
[15:12:59:694]50-49-01-C0-06-1A-06-00-03-00-11-D8-18
[15:12:59:694]50-49-01-C0-07-1A-06-00-03-00-11-D9-17
[15:12:59:696][HID_TX_ack]00-0D-50-49-11-D5-08-1A-06-00-03-00-20-00-00-50-49-01-C0-07-1A-06-00-03-00-11-D9-17-50-49-0E-CD-00-00-00-00-02-00-E0-00-00-03-00-11-BE-17-00-00-00-00-00-00-00-00-00-00-00-00-00-00-00-00-00-00-00
[15:12:59:696]50-49-11-D5-08-1A-06-00-03-00-20-00-00
[15:12:59:823][HID_TX]00-80-06-8E-3D-50-41-0E-13-01-E0-00-00-00-00-00-00-00-00-00-00-00-00-00-00-00-00-00-00-00-00-00-00-00-00-00-00-00-00-00-00-00-00-00-00-00-00-00-00-00-00-00-00-00-00-00-00-00-00-00-00-00-00-00-00
[15:12:59:824]HidD_GetInputReport=True
[15:12:59:824]reply_report=00-4F-00-00-00-00-00-00-00-00-00-00-00-00-00-00-00-00-00-00-00-00-00-00-00-00-00-00-00-00-00-00-00-00-00-00-00-00-00-00-00-00-00-00-00-00-00-00-00-00-00-00-00-00-00-00-00-00-00-00-00-00-00-00-00
[15:12:59:824]50-41-0E-13-01-E0 [CMD_SENT][REMOTE_GET_MODE]
[15:12:59:827][HID_TX_ack]00-19-50-49-01-C0-71-1A-06-00-03-00-0E-93-00-50-49-0E-D6-00-00-00-00-02-00-E0-00-17-50-49-0E-CD-00-00-00-00-02-00-E0-00-00-03-00-11-BE-17-00-00-00-00-00-00-00-00-00-00-00-00-00-00-00-00-00-00-00
[15:12:59:827]50-49-01-C0-71-1A-06-00-03-00-0E-93-00
[15:12:59:827]50-49-0E-D6-00-00-00-00-02-00-E0-00-
[15:12:59:827]REMOTE_GET_MODE=00
[15:12:59:827][HID_TX]00-80-07-5F-FE-50-41-06-14-01-00-63-00-00-00-00-00-00-00-00-00-00-00-00-00-00-00-00-00-00-00-00-00-00-00-00-00-00-00-00-00-00-00-00-00-00-00-00-00-00-00-00-00-00-00-00-00-00-00-00-00-00-00-00-00
[15:12:59:828]HidD_GetInputReport=True
[15:12:59:828]reply_report=00-4F-00-00-00-00-00-00-00-00-00-00-00-00-00-00-00-00-00-00-00-00-00-00-00-00-00-00-00-00-00-00-00-00-00-00-00-00-00-00-00-00-00-00-00-00-00-00-00-00-00-00-00-00-00-00-00-00-00-00-00-00-00-00-00
[15:12:59:828]50-41-06-14-01-00-63 [CMD_SENT][CMD_GET_IO_LEVEL]
[15:12:59:832][HID_TX_ack]00-12-50-49-01-C0-75-1A-06-00-08-00-06-94-00-01-DD-FF-1F-00-00-00-00-02-00-E0-00-17-50-49-0E-CD-00-00-00-00-02-00-E0-00-00-03-00-11-BE-17-00-00-00-00-00-00-00-00-00-00-00-00-00-00-00-00-00-00-00
[15:12:59:832]50-49-01-C0-75-1A-06-00-08-00-06-94-00-01-DD-FF-1F-00
[15:13:00:043][HID_TX]00-80-06-B3-4D-50-41-0E-15-01-E0-00-00-00-00-00-00-00-00-00-00-00-00-00-00-00-00-00-00-00-00-00-00-00-00-00-00-00-00-00-00-00-00-00-00-00-00-00-00-00-00-00-00-00-00-00-00-00-00-00-00-00-00-00-00
[15:13:00:044]HidD_GetInputReport=True
[15:13:00:044]reply_report=00-4F-00-00-00-00-00-00-00-00-00-00-00-00-00-00-00-00-00-00-00-00-00-00-00-00-00-00-00-00-00-00-00-00-00-00-00-00-00-00-00-00-00-00-00-00-00-00-00-00-00-00-00-00-00-00-00-00-00-00-00-00-00-00-00
[15:13:00:044]50-41-0E-15-01-E0 [CMD_SENT][REMOTE_GET_MODE]
[15:13:00:046][HID_TX_ack]00-19-50-49-01-C0-20-1B-06-00-03-00-0E-95-00-50-49-0E-D7-00-00-00-00-02-00-E0-00-17-50-49-0E-CD-00-00-00-00-02-00-E0-00-00-03-00-11-BE-17-00-00-00-00-00-00-00-00-00-00-00-00-00-00-00-00-00-00-00
[15:13:00:046]50-49-01-C0-20-1B-06-00-03-00-0E-95-00
[15:13:00:046]50-49-0E-D7-00-00-00-00-02-00-E0-00-
[15:13:00:046]REMOTE_GET_MODE=00
[15:13:00:046][HID_TX]00-80-07-B4-D1-50-41-06-16-01-00-63-00-00-00-00-00-00-00-00-00-00-00-00-00-00-00-00-00-00-00-00-00-00-00-00-00-00-00-00-00-00-00-00-00-00-00-00-00-00-00-00-00-00-00-00-00-00-00-00-00-00-00-00-00
[15:13:00:048]HidD_GetInputReport=True
[15:13:00:048]reply_report=00-4F-00-00-00-00-00-00-00-00-00-00-00-00-00-00-00-00-00-00-00-00-00-00-00-00-00-00-00-00-00-00-00-00-00-00-00-00-00-00-00-00-00-00-00-00-00-00-00-00-00-00-00-00-00-00-00-00-00-00-00-00-00-00-00
[15:13:00:048]50-41-06-16-01-00-63 [CMD_SENT][CMD_GET_IO_LEVEL]
[15:13:00:050][HID_TX_ack]00-12-50-49-01-C0-24-1B-06-00-08-00-06-96-00-01-DD-FF-1F-00-00-00-00-02-00-E0-00-17-50-49-0E-CD-00-00-00-00-02-00-E0-00-00-03-00-11-BE-17-00-00-00-00-00-00-00-00-00-00-00-00-00-00-00-00-00-00-00
[15:13:00:050]50-49-01-C0-24-1B-06-00-08-00-06-96-00-01-DD-FF-1F-00
[15:13:00:274][HID_TX]00-80-06-58-62-50-41-0E-17-01-E0-00-00-00-00-00-00-00-00-00-00-00-00-00-00-00-00-00-00-00-00-00-00-00-00-00-00-00-00-00-00-00-00-00-00-00-00-00-00-00-00-00-00-00-00-00-00-00-00-00-00-00-00-00-00
[15:13:00:275]HidD_GetInputReport=True
[15:13:00:276]reply_report=00-4F-00-00-00-00-00-00-00-00-00-00-00-00-00-00-00-00-00-00-00-00-00-00-00-00-00-00-00-00-00-00-00-00-00-00-00-00-00-00-00-00-00-00-00-00-00-00-00-00-00-00-00-00-00-00-00-00-00-00-00-00-00-00-00
[15:13:00:276]50-41-0E-17-01-E0 [CMD_SENT][REMOTE_GET_MODE]
[15:13:00:278][HID_TX_ack]00-19-50-49-01-C0-DA-1B-06-00-03-00-0E-97-00-50-49-0E-D8-00-00-00-00-02-00-E0-00-17-50-49-0E-CD-00-00-00-00-02-00-E0-00-00-03-00-11-BE-17-00-00-00-00-00-00-00-00-00-00-00-00-00-00-00-00-00-00-00
[15:13:00:279]50-49-01-C0-DA-1B-06-00-03-00-0E-97-00
[15:13:00:279]50-49-0E-D8-00-00-00-00-02-00-E0-00-
[15:13:00:279]REMOTE_GET_MODE=00
[15:13:00:279][HID_TX]00-80-07-25-1E-50-41-06-18-01-00-63-00-00-00-00-00-00-00-00-00-00-00-00-00-00-00-00-00-00-00-00-00-00-00-00-00-00-00-00-00-00-00-00-00-00-00-00-00-00-00-00-00-00-00-00-00-00-00-00-00-00-00-00-00
[15:13:00:280]HidD_GetInputReport=True
[15:13:00:280]reply_report=00-4F-00-00-00-00-00-00-00-00-00-00-00-00-00-00-00-00-00-00-00-00-00-00-00-00-00-00-00-00-00-00-00-00-00-00-00-00-00-00-00-00-00-00-00-00-00-00-00-00-00-00-00-00-00-00-00-00-00-00-00-00-00-00-00
[15:13:00:280]50-41-06-18-01-00-63 [CMD_SENT][CMD_GET_IO_LEVEL]
[15:13:00:283][HID_TX_ack]00-12-50-49-01-C0-DE-1B-06-00-08-00-06-98-00-01-DD-FF-1F-00-00-00-00-02-00-E0-00-17-50-49-0E-CD-00-00-00-00-02-00-E0-00-00-03-00-11-BE-17-00-00-00-00-00-00-00-00-00-00-00-00-00-00-00-00-00-00-00
[15:13:00:283]50-49-01-C0-DE-1B-06-00-08-00-06-98-00-01-DD-FF-1F-00
[15:13:00:507][HID_TX]00-80-06-C9-AD-50-41-0E-19-01-E0-00-00-00-00-00-00-00-00-00-00-00-00-00-00-00-00-00-00-00-00-00-00-00-00-00-00-00-00-00-00-00-00-00-00-00-00-00-00-00-00-00-00-00-00-00-00-00-00-00-00-00-00-00-00
[15:13:00:509]HidD_GetInputReport=True
[15:13:00:509]reply_report=00-4F-00-00-00-00-00-00-00-00-00-00-00-00-00-00-00-00-00-00-00-00-00-00-00-00-00-00-00-00-00-00-00-00-00-00-00-00-00-00-00-00-00-00-00-00-00-00-00-00-00-00-00-00-00-00-00-00-00-00-00-00-00-00-00
[15:13:00:509]50-41-0E-19-01-E0 [CMD_SENT][REMOTE_GET_MODE]
[15:13:00:512][HID_TX_ack]00-19-50-49-01-C0-94-1C-06-00-03-00-0E-99-00-50-49-0E-D9-00-00-00-00-02-00-E0-00-17-50-49-0E-CD-00-00-00-00-02-00-E0-00-00-03-00-11-BE-17-00-00-00-00-00-00-00-00-00-00-00-00-00-00-00-00-00-00-00
[15:13:00:512]50-49-01-C0-94-1C-06-00-03-00-0E-99-00
[15:13:00:512]50-49-0E-D9-00-00-00-00-02-00-E0-00-
[15:13:00:512]REMOTE_GET_MODE=00
[15:13:00:512][HID_TX]00-80-07-CE-31-50-41-06-1A-01-00-63-00-00-00-00-00-00-00-00-00-00-00-00-00-00-00-00-00-00-00-00-00-00-00-00-00-00-00-00-00-00-00-00-00-00-00-00-00-00-00-00-00-00-00-00-00-00-00-00-00-00-00-00-00
[15:13:00:513]HidD_GetInputReport=True
[15:13:00:513]reply_report=00-4F-00-00-00-00-00-00-00-00-00-00-00-00-00-00-00-00-00-00-00-00-00-00-00-00-00-00-00-00-00-00-00-00-00-00-00-00-00-00-00-00-00-00-00-00-00-00-00-00-00-00-00-00-00-00-00-00-00-00-00-00-00-00-00
[15:13:00:513]50-41-06-1A-01-00-63 [CMD_SENT][CMD_GET_IO_LEVEL]
[15:13:00:517][HID_TX_ack]00-12-50-49-01-C0-99-1C-06-00-08-00-06-9A-00-01-DD-FF-1F-00-00-00-00-02-00-E0-00-17-50-49-0E-CD-00-00-00-00-02-00-E0-00-00-03-00-11-BE-17-00-00-00-00-00-00-00-00-00-00-00-00-00-00-00-00-00-00-00
[15:13:00:517]50-49-01-C0-99-1C-06-00-08-00-06-9A-00-01-DD-FF-1F-00
[15:13:00:739][HID_TX]00-80-06-22-82-50-41-0E-1B-01-E0-00-00-00-00-00-00-00-00-00-00-00-00-00-00-00-00-00-00-00-00-00-00-00-00-00-00-00-00-00-00-00-00-00-00-00-00-00-00-00-00-00-00-00-00-00-00-00-00-00-00-00-00-00-00
[15:13:00:740]HidD_GetInputReport=True
[15:13:00:740]reply_report=00-4F-00-00-00-00-00-00-00-00-00-00-00-00-00-00-00-00-00-00-00-00-00-00-00-00-00-00-00-00-00-00-00-00-00-00-00-00-00-00-00-00-00-00-00-00-00-00-00-00-00-00-00-00-00-00-00-00-00-00-00-00-00-00-00
[15:13:00:740]50-41-0E-1B-01-E0 [CMD_SENT][REMOTE_GET_MODE]
[15:13:00:743][HID_TX_ack]00-19-50-49-01-C0-4E-1D-06-00-03-00-0E-9B-00-50-49-0E-DA-00-00-00-00-02-00-E0-00-17-50-49-0E-CD-00-00-00-00-02-00-E0-00-00-03-00-11-BE-17-00-00-00-00-00-00-00-00-00-00-00-00-00-00-00-00-00-00-00
[15:13:00:743]50-49-01-C0-4E-1D-06-00-03-00-0E-9B-00
[15:13:00:743]50-49-0E-DA-00-00-00-00-02-00-E0-00-
[15:13:00:743]REMOTE_GET_MODE=00
[15:13:00:743][HID_TX]00-80-07-F3-41-50-41-06-1C-01-00-63-00-00-00-00-00-00-00-00-00-00-00-00-00-00-00-00-00-00-00-00-00-00-00-00-00-00-00-00-00-00-00-00-00-00-00-00-00-00-00-00-00-00-00-00-00-00-00-00-00-00-00-00-00
[15:13:00:744]HidD_GetInputReport=True
[15:13:00:744]reply_report=00-4F-00-00-00-00-00-00-00-00-00-00-00-00-00-00-00-00-00-00-00-00-00-00-00-00-00-00-00-00-00-00-00-00-00-00-00-00-00-00-00-00-00-00-00-00-00-00-00-00-00-00-00-00-00-00-00-00-00-00-00-00-00-00-00
[15:13:00:745]50-41-06-1C-01-00-63 [CMD_SENT][CMD_GET_IO_LEVEL]
[15:13:00:747][HID_TX_ack]00-12-50-49-01-C0-51-1D-06-00-08-00-06-9C-00-01-DD-FF-1F-00-00-00-00-02-00-E0-00-17-50-49-0E-CD-00-00-00-00-02-00-E0-00-00-03-00-11-BE-17-00-00-00-00-00-00-00-00-00-00-00-00-00-00-00-00-00-00-00
[15:13:00:747]50-49-01-C0-51-1D-06-00-08-00-06-9C-00-01-DD-FF-1F-00
[15:13:00:972][HID_TX]00-80-06-1F-F2-50-41-0E-1D-01-E0-00-00-00-00-00-00-00-00-00-00-00-00-00-00-00-00-00-00-00-00-00-00-00-00-00-00-00-00-00-00-00-00-00-00-00-00-00-00-00-00-00-00-00-00-00-00-00-00-00-00-00-00-00-00
[15:13:00:974]HidD_GetInputReport=True
[15:13:00:974]reply_report=00-4F-00-00-00-00-00-00-00-00-00-00-00-00-00-00-00-00-00-00-00-00-00-00-00-00-00-00-00-00-00-00-00-00-00-00-00-00-00-00-00-00-00-00-00-00-00-00-00-00-00-00-00-00-00-00-00-00-00-00-00-00-00-00-00
[15:13:00:974]50-41-0E-1D-01-E0 [CMD_SENT][REMOTE_GET_MODE]
[15:13:00:977][HID_TX_ack]00-19-50-49-01-C0-08-1E-06-00-03-00-0E-9D-00-50-49-0E-DB-00-00-00-00-02-00-E0-00-17-50-49-0E-CD-00-00-00-00-02-00-E0-00-00-03-00-11-BE-17-00-00-00-00-00-00-00-00-00-00-00-00-00-00-00-00-00-00-00
[15:13:00:977]50-49-01-C0-08-1E-06-00-03-00-0E-9D-00
[15:13:00:977]50-49-0E-DB-00-00-00-00-02-00-E0-00-
[15:13:00:977]REMOTE_GET_MODE=00
[15:13:00:977][HID_TX]00-80-07-18-6E-50-41-06-1E-01-00-63-00-00-00-00-00-00-00-00-00-00-00-00-00-00-00-00-00-00-00-00-00-00-00-00-00-00-00-00-00-00-00-00-00-00-00-00-00-00-00-00-00-00-00-00-00-00-00-00-00-00-00-00-00
[15:13:00:979]HidD_GetInputReport=True
[15:13:00:979]reply_report=00-4F-00-00-00-00-00-00-00-00-00-00-00-00-00-00-00-00-00-00-00-00-00-00-00-00-00-00-00-00-00-00-00-00-00-00-00-00-00-00-00-00-00-00-00-00-00-00-00-00-00-00-00-00-00-00-00-00-00-00-00-00-00-00-00
[15:13:00:979]50-41-06-1E-01-00-63 [CMD_SENT][CMD_GET_IO_LEVEL]
[15:13:00:982][HID_TX_ack]00-12-50-49-01-C0-0D-1E-06-00-08-00-06-9E-00-01-DD-FF-1F-00-00-00-00-02-00-E0-00-17-50-49-0E-CD-00-00-00-00-02-00-E0-00-00-03-00-11-BE-17-00-00-00-00-00-00-00-00-00-00-00-00-00-00-00-00-00-00-00
[15:13:00:982]50-49-01-C0-0D-1E-06-00-08-00-06-9E-00-01-DD-FF-1F-00
[15:13:01:206][HID_TX]00-80-06-F4-DD-50-41-0E-1F-01-E0-00-00-00-00-00-00-00-00-00-00-00-00-00-00-00-00-00-00-00-00-00-00-00-00-00-00-00-00-00-00-00-00-00-00-00-00-00-00-00-00-00-00-00-00-00-00-00-00-00-00-00-00-00-00
[15:13:01:208]HidD_GetInputReport=True
[15:13:01:208]reply_report=00-4F-00-00-00-00-00-00-00-00-00-00-00-00-00-00-00-00-00-00-00-00-00-00-00-00-00-00-00-00-00-00-00-00-00-00-00-00-00-00-00-00-00-00-00-00-00-00-00-00-00-00-00-00-00-00-00-00-00-00-00-00-00-00-00
[15:13:01:208]50-41-0E-1F-01-E0 [CMD_SENT][REMOTE_GET_MODE]
[15:13:01:211][HID_TX_ack]00-19-50-49-01-C0-C4-1E-06-00-03-00-0E-9F-00-50-49-0E-DC-00-00-00-00-02-00-E0-00-17-50-49-0E-CD-00-00-00-00-02-00-E0-00-00-03-00-11-BE-17-00-00-00-00-00-00-00-00-00-00-00-00-00-00-00-00-00-00-00
[15:13:01:211]50-49-01-C0-C4-1E-06-00-03-00-0E-9F-00
[15:13:01:211]50-49-0E-DC-00-00-00-00-02-00-E0-00-
[15:13:01:211]REMOTE_GET_MODE=00
[15:13:01:211][HID_TX]00-80-07-02-10-50-41-06-20-01-00-63-00-00-00-00-00-00-00-00-00-00-00-00-00-00-00-00-00-00-00-00-00-00-00-00-00-00-00-00-00-00-00-00-00-00-00-00-00-00-00-00-00-00-00-00-00-00-00-00-00-00-00-00-00
[15:13:01:212]HidD_GetInputReport=True
[15:13:01:212]reply_report=00-4F-00-00-00-00-00-00-00-00-00-00-00-00-00-00-00-00-00-00-00-00-00-00-00-00-00-00-00-00-00-00-00-00-00-00-00-00-00-00-00-00-00-00-00-00-00-00-00-00-00-00-00-00-00-00-00-00-00-00-00-00-00-00-00
[15:13:01:212]50-41-06-20-01-00-63 [CMD_SENT][CMD_GET_IO_LEVEL]
[15:13:01:215][HID_TX_ack]00-12-50-49-01-C0-C7-1E-06-00-08-00-06-A0-00-01-DD-FF-1F-00-00-00-00-02-00-E0-00-17-50-49-0E-CD-00-00-00-00-02-00-E0-00-00-03-00-11-BE-17-00-00-00-00-00-00-00-00-00-00-00-00-00-00-00-00-00-00-00
[15:13:01:215]50-49-01-C0-C7-1E-06-00-08-00-06-A0-00-01-DD-FF-1F-00
[15:13:01:439][HID_TX]00-80-06-EE-A3-50-41-0E-21-01-E0-00-00-00-00-00-00-00-00-00-00-00-00-00-00-00-00-00-00-00-00-00-00-00-00-00-00-00-00-00-00-00-00-00-00-00-00-00-00-00-00-00-00-00-00-00-00-00-00-00-00-00-00-00-00
[15:13:01:439]HidD_GetInputReport=True
[15:13:01:439]reply_report=00-4F-00-00-00-00-00-00-00-00-00-00-00-00-00-00-00-00-00-00-00-00-00-00-00-00-00-00-00-00-00-00-00-00-00-00-00-00-00-00-00-00-00-00-00-00-00-00-00-00-00-00-00-00-00-00-00-00-00-00-00-00-00-00-00
[15:13:01:439]50-41-0E-21-01-E0 [CMD_SENT][REMOTE_GET_MODE]
[15:13:01:444][HID_TX_ack]00-19-50-49-01-C0-7D-1F-06-00-03-00-0E-A1-00-50-49-0E-DD-00-00-00-00-02-00-E0-00-17-50-49-0E-CD-00-00-00-00-02-00-E0-00-00-03-00-11-BE-17-00-00-00-00-00-00-00-00-00-00-00-00-00-00-00-00-00-00-00
[15:13:01:444]50-49-01-C0-7D-1F-06-00-03-00-0E-A1-00
[15:13:01:444]50-49-0E-DD-00-00-00-00-02-00-E0-00-
[15:13:01:444]REMOTE_GET_MODE=00
[15:13:01:444][HID_TX]00-80-07-E9-3F-50-41-06-22-01-00-63-00-00-00-00-00-00-00-00-00-00-00-00-00-00-00-00-00-00-00-00-00-00-00-00-00-00-00-00-00-00-00-00-00-00-00-00-00-00-00-00-00-00-00-00-00-00-00-00-00-00-00-00-00
[15:13:01:446]HidD_GetInputReport=True
[15:13:01:446]reply_report=00-4F-00-00-00-00-00-00-00-00-00-00-00-00-00-00-00-00-00-00-00-00-00-00-00-00-00-00-00-00-00-00-00-00-00-00-00-00-00-00-00-00-00-00-00-00-00-00-00-00-00-00-00-00-00-00-00-00-00-00-00-00-00-00-00
[15:13:01:446]50-41-06-22-01-00-63 [CMD_SENT][CMD_GET_IO_LEVEL]
[15:13:01:449][HID_TX_ack]00-12-50-49-01-C0-82-1F-06-00-08-00-06-A2-00-01-DD-FF-1F-00-00-00-00-02-00-E0-00-17-50-49-0E-CD-00-00-00-00-02-00-E0-00-00-03-00-11-BE-17-00-00-00-00-00-00-00-00-00-00-00-00-00-00-00-00-00-00-00
[15:13:01:449]50-49-01-C0-82-1F-06-00-08-00-06-A2-00-01-DD-FF-1F-00
[15:13:01:672][HID_TX]00-80-06-05-8C-50-41-0E-23-01-E0-00-00-00-00-00-00-00-00-00-00-00-00-00-00-00-00-00-00-00-00-00-00-00-00-00-00-00-00-00-00-00-00-00-00-00-00-00-00-00-00-00-00-00-00-00-00-00-00-00-00-00-00-00-00
[15:13:01:674]HidD_GetInputReport=True
[15:13:01:674]reply_report=00-4F-00-00-00-00-00-00-00-00-00-00-00-00-00-00-00-00-00-00-00-00-00-00-00-00-00-00-00-00-00-00-00-00-00-00-00-00-00-00-00-00-00-00-00-00-00-00-00-00-00-00-00-00-00-00-00-00-00-00-00-00-00-00-00
[15:13:01:674]50-41-0E-23-01-E0 [CMD_SENT][REMOTE_GET_MODE]
[15:13:01:676][HID_TX_ack]00-19-50-49-01-C0-38-20-06-00-03-00-0E-A3-00-50-49-0E-DE-00-00-00-00-02-00-E0-00-17-50-49-0E-CD-00-00-00-00-02-00-E0-00-00-03-00-11-BE-17-00-00-00-00-00-00-00-00-00-00-00-00-00-00-00-00-00-00-00
[15:13:01:676]50-49-01-C0-38-20-06-00-03-00-0E-A3-00
[15:13:01:676]50-49-0E-DE-00-00-00-00-02-00-E0-00-
[15:13:01:677]REMOTE_GET_MODE=00
[15:13:01:677][HID_TX]00-80-07-D4-4F-50-41-06-24-01-00-63-00-00-00-00-00-00-00-00-00-00-00-00-00-00-00-00-00-00-00-00-00-00-00-00-00-00-00-00-00-00-00-00-00-00-00-00-00-00-00-00-00-00-00-00-00-00-00-00-00-00-00-00-00
[15:13:01:679]HidD_GetInputReport=True
[15:13:01:679]reply_report=00-4F-00-00-00-00-00-00-00-00-00-00-00-00-00-00-00-00-00-00-00-00-00-00-00-00-00-00-00-00-00-00-00-00-00-00-00-00-00-00-00-00-00-00-00-00-00-00-00-00-00-00-00-00-00-00-00-00-00-00-00-00-00-00-00
[15:13:01:679]50-41-06-24-01-00-63 [CMD_SENT][CMD_GET_IO_LEVEL]
[15:13:01:681][HID_TX_ack]00-12-50-49-01-C0-3D-20-06-00-08-00-06-A4-00-01-DD-FF-1F-00-00-00-00-02-00-E0-00-17-50-49-0E-CD-00-00-00-00-02-00-E0-00-00-03-00-11-BE-17-00-00-00-00-00-00-00-00-00-00-00-00-00-00-00-00-00-00-00
[15:13:01:681]50-49-01-C0-3D-20-06-00-08-00-06-A4-00-01-DD-FF-1F-00
[15:13:01:905][HID_TX]00-80-06-38-FC-50-41-0E-25-01-E0-00-00-00-00-00-00-00-00-00-00-00-00-00-00-00-00-00-00-00-00-00-00-00-00-00-00-00-00-00-00-00-00-00-00-00-00-00-00-00-00-00-00-00-00-00-00-00-00-00-00-00-00-00-00
[15:13:01:906]HidD_GetInputReport=True
[15:13:01:906]reply_report=00-4F-00-00-00-00-00-00-00-00-00-00-00-00-00-00-00-00-00-00-00-00-00-00-00-00-00-00-00-00-00-00-00-00-00-00-00-00-00-00-00-00-00-00-00-00-00-00-00-00-00-00-00-00-00-00-00-00-00-00-00-00-00-00-00
[15:13:01:906]50-41-0E-25-01-E0 [CMD_SENT][REMOTE_GET_MODE]
[15:13:01:909][HID_TX_ack]00-19-50-49-01-C0-F2-20-06-00-03-00-0E-A5-00-50-49-0E-DF-00-00-00-00-02-00-E0-00-17-50-49-0E-CD-00-00-00-00-02-00-E0-00-00-03-00-11-BE-17-00-00-00-00-00-00-00-00-00-00-00-00-00-00-00-00-00-00-00
[15:13:01:909]50-49-01-C0-F2-20-06-00-03-00-0E-A5-00
[15:13:01:909]50-49-0E-DF-00-00-00-00-02-00-E0-00-
[15:13:01:909]REMOTE_GET_MODE=00
[15:13:01:910][HID_TX]00-80-07-3F-60-50-41-06-26-01-00-63-00-00-00-00-00-00-00-00-00-00-00-00-00-00-00-00-00-00-00-00-00-00-00-00-00-00-00-00-00-00-00-00-00-00-00-00-00-00-00-00-00-00-00-00-00-00-00-00-00-00-00-00-00
[15:13:01:911]HidD_GetInputReport=True
[15:13:01:911]reply_report=00-4F-00-00-00-00-00-00-00-00-00-00-00-00-00-00-00-00-00-00-00-00-00-00-00-00-00-00-00-00-00-00-00-00-00-00-00-00-00-00-00-00-00-00-00-00-00-00-00-00-00-00-00-00-00-00-00-00-00-00-00-00-00-00-00
[15:13:01:911]50-41-06-26-01-00-63 [CMD_SENT][CMD_GET_IO_LEVEL]
[15:13:01:914][HID_TX_ack]00-12-50-49-01-C0-F6-20-06-00-08-00-06-A6-00-01-DD-FF-1F-00-00-00-00-02-00-E0-00-17-50-49-0E-CD-00-00-00-00-02-00-E0-00-00-03-00-11-BE-17-00-00-00-00-00-00-00-00-00-00-00-00-00-00-00-00-00-00-00
[15:13:01:914]50-49-01-C0-F6-20-06-00-08-00-06-A6-00-01-DD-FF-1F-00
[15:13:02:136][HID_TX]00-80-06-D3-D3-50-41-0E-27-01-E0-00-00-00-00-00-00-00-00-00-00-00-00-00-00-00-00-00-00-00-00-00-00-00-00-00-00-00-00-00-00-00-00-00-00-00-00-00-00-00-00-00-00-00-00-00-00-00-00-00-00-00-00-00-00
[15:13:02:137]HidD_GetInputReport=True
[15:13:02:137]reply_report=00-4F-00-00-00-00-00-00-00-00-00-00-00-00-00-00-00-00-00-00-00-00-00-00-00-00-00-00-00-00-00-00-00-00-00-00-00-00-00-00-00-00-00-00-00-00-00-00-00-00-00-00-00-00-00-00-00-00-00-00-00-00-00-00-00
[15:13:02:137]50-41-0E-27-01-E0 [CMD_SENT][REMOTE_GET_MODE]
[15:13:02:140][HID_TX_ack]00-19-50-49-01-C0-AB-21-06-00-03-00-0E-A7-00-50-49-0E-E0-00-00-00-00-02-00-E0-00-17-50-49-0E-CD-00-00-00-00-02-00-E0-00-00-03-00-11-BE-17-00-00-00-00-00-00-00-00-00-00-00-00-00-00-00-00-00-00-00
[15:13:02:140]50-49-01-C0-AB-21-06-00-03-00-0E-A7-00
[15:13:02:140]50-49-0E-E0-00-00-00-00-02-00-E0-00-
[15:13:02:140]REMOTE_GET_MODE=00
[15:13:02:140][HID_TX]00-80-07-AE-AF-50-41-06-28-01-00-63-00-00-00-00-00-00-00-00-00-00-00-00-00-00-00-00-00-00-00-00-00-00-00-00-00-00-00-00-00-00-00-00-00-00-00-00-00-00-00-00-00-00-00-00-00-00-00-00-00-00-00-00-00
[15:13:02:141]HidD_GetInputReport=True
[15:13:02:141]reply_report=00-4F-00-00-00-00-00-00-00-00-00-00-00-00-00-00-00-00-00-00-00-00-00-00-00-00-00-00-00-00-00-00-00-00-00-00-00-00-00-00-00-00-00-00-00-00-00-00-00-00-00-00-00-00-00-00-00-00-00-00-00-00-00-00-00
[15:13:02:141]50-41-06-28-01-00-63 [CMD_SENT][CMD_GET_IO_LEVEL]
[15:13:02:143][HID_TX_ack]00-12-50-49-01-C0-AE-21-06-00-08-00-06-A8-00-01-DD-FF-1F-00-00-00-00-02-00-E0-00-17-50-49-0E-CD-00-00-00-00-02-00-E0-00-00-03-00-11-BE-17-00-00-00-00-00-00-00-00-00-00-00-00-00-00-00-00-00-00-00
[15:13:02:144]50-49-01-C0-AE-21-06-00-08-00-06-A8-00-01-DD-FF-1F-00
[15:13:02:368][HID_TX]00-80-06-42-1C-50-41-0E-29-01-E0-00-00-00-00-00-00-00-00-00-00-00-00-00-00-00-00-00-00-00-00-00-00-00-00-00-00-00-00-00-00-00-00-00-00-00-00-00-00-00-00-00-00-00-00-00-00-00-00-00-00-00-00-00-00
[15:13:02:370]HidD_GetInputReport=True
[15:13:02:370]reply_report=00-4F-00-00-00-00-00-00-00-00-00-00-00-00-00-00-00-00-00-00-00-00-00-00-00-00-00-00-00-00-00-00-00-00-00-00-00-00-00-00-00-00-00-00-00-00-00-00-00-00-00-00-00-00-00-00-00-00-00-00-00-00-00-00-00
[15:13:02:370]50-41-0E-29-01-E0 [CMD_SENT][REMOTE_GET_MODE]
[15:13:02:372][HID_TX_ack]00-19-50-49-01-C0-65-22-06-00-03-00-0E-A9-00-50-49-0E-E1-00-00-00-00-02-00-E0-00-17-50-49-0E-CD-00-00-00-00-02-00-E0-00-00-03-00-11-BE-17-00-00-00-00-00-00-00-00-00-00-00-00-00-00-00-00-00-00-00
[15:13:02:372]50-49-01-C0-65-22-06-00-03-00-0E-A9-00
[15:13:02:372]50-49-0E-E1-00-00-00-00-02-00-E0-00-
[15:13:02:373]REMOTE_GET_MODE=00
[15:13:02:373][HID_TX]00-80-07-45-80-50-41-06-2A-01-00-63-00-00-00-00-00-00-00-00-00-00-00-00-00-00-00-00-00-00-00-00-00-00-00-00-00-00-00-00-00-00-00-00-00-00-00-00-00-00-00-00-00-00-00-00-00-00-00-00-00-00-00-00-00
[15:13:02:374]HidD_GetInputReport=True
[15:13:02:374]reply_report=00-4F-00-00-00-00-00-00-00-00-00-00-00-00-00-00-00-00-00-00-00-00-00-00-00-00-00-00-00-00-00-00-00-00-00-00-00-00-00-00-00-00-00-00-00-00-00-00-00-00-00-00-00-00-00-00-00-00-00-00-00-00-00-00-00
[15:13:02:374]50-41-06-2A-01-00-63 [CMD_SENT][CMD_GET_IO_LEVEL]
[15:13:02:377][HID_TX_ack]00-12-50-49-01-C0-69-22-06-00-08-00-06-AA-00-01-DD-FF-1F-00-00-00-00-02-00-E0-00-17-50-49-0E-CD-00-00-00-00-02-00-E0-00-00-03-00-11-BE-17-00-00-00-00-00-00-00-00-00-00-00-00-00-00-00-00-00-00-00
[15:13:02:377]50-49-01-C0-69-22-06-00-08-00-06-AA-00-01-DD-FF-1F-00
[15:13:02:602][HID_TX]00-80-06-A9-33-50-41-0E-2B-01-E0-00-00-00-00-00-00-00-00-00-00-00-00-00-00-00-00-00-00-00-00-00-00-00-00-00-00-00-00-00-00-00-00-00-00-00-00-00-00-00-00-00-00-00-00-00-00-00-00-00-00-00-00-00-00
[15:13:02:603]HidD_GetInputReport=True
[15:13:02:603]reply_report=00-4F-00-00-00-00-00-00-00-00-00-00-00-00-00-00-00-00-00-00-00-00-00-00-00-00-00-00-00-00-00-00-00-00-00-00-00-00-00-00-00-00-00-00-00-00-00-00-00-00-00-00-00-00-00-00-00-00-00-00-00-00-00-00-00
[15:13:02:603]50-41-0E-2B-01-E0 [CMD_SENT][REMOTE_GET_MODE]
[15:13:02:606][HID_TX_ack]00-19-50-49-01-C0-20-23-06-00-03-00-0E-AB-00-50-49-0E-E2-00-00-00-00-02-00-E0-00-17-50-49-0E-CD-00-00-00-00-02-00-E0-00-00-03-00-11-BE-17-00-00-00-00-00-00-00-00-00-00-00-00-00-00-00-00-00-00-00
[15:13:02:606]50-49-01-C0-20-23-06-00-03-00-0E-AB-00
[15:13:02:606]50-49-0E-E2-00-00-00-00-02-00-E0-00-
[15:13:02:606]REMOTE_GET_MODE=00
[15:13:02:606][HID_TX]00-80-07-78-F0-50-41-06-2C-01-00-63-00-00-00-00-00-00-00-00-00-00-00-00-00-00-00-00-00-00-00-00-00-00-00-00-00-00-00-00-00-00-00-00-00-00-00-00-00-00-00-00-00-00-00-00-00-00-00-00-00-00-00-00-00
[15:13:02:607]HidD_GetInputReport=True
[15:13:02:607]reply_report=00-4F-00-00-00-00-00-00-00-00-00-00-00-00-00-00-00-00-00-00-00-00-00-00-00-00-00-00-00-00-00-00-00-00-00-00-00-00-00-00-00-00-00-00-00-00-00-00-00-00-00-00-00-00-00-00-00-00-00-00-00-00-00-00-00
[15:13:02:607]50-41-06-2C-01-00-63 [CMD_SENT][CMD_GET_IO_LEVEL]
[15:13:02:611][HID_TX_ack]00-12-50-49-01-C0-24-23-06-00-08-00-06-AC-00-01-DD-FF-1F-00-00-00-00-02-00-E0-00-17-50-49-0E-CD-00-00-00-00-02-00-E0-00-00-03-00-11-BE-17-00-00-00-00-00-00-00-00-00-00-00-00-00-00-00-00-00-00-00
[15:13:02:611]50-49-01-C0-24-23-06-00-08-00-06-AC-00-01-DD-FF-1F-00
[15:13:02:836][HID_TX]00-80-06-94-43-50-41-0E-2D-01-E0-00-00-00-00-00-00-00-00-00-00-00-00-00-00-00-00-00-00-00-00-00-00-00-00-00-00-00-00-00-00-00-00-00-00-00-00-00-00-00-00-00-00-00-00-00-00-00-00-00-00-00-00-00-00
[15:13:02:837]HidD_GetInputReport=True
[15:13:02:837]reply_report=00-4F-00-00-00-00-00-00-00-00-00-00-00-00-00-00-00-00-00-00-00-00-00-00-00-00-00-00-00-00-00-00-00-00-00-00-00-00-00-00-00-00-00-00-00-00-00-00-00-00-00-00-00-00-00-00-00-00-00-00-00-00-00-00-00
[15:13:02:837]50-41-0E-2D-01-E0 [CMD_SENT][REMOTE_GET_MODE]
[15:13:02:842][HID_TX_ack]00-19-50-49-01-C0-DC-23-06-00-03-00-0E-AD-00-50-49-0E-E3-00-00-00-00-02-00-E0-00-17-50-49-0E-CD-00-00-00-00-02-00-E0-00-00-03-00-11-BE-17-00-00-00-00-00-00-00-00-00-00-00-00-00-00-00-00-00-00-00
[15:13:02:842]50-49-01-C0-DC-23-06-00-03-00-0E-AD-00
[15:13:02:842]50-49-0E-E3-00-00-00-00-02-00-E0-00-
[15:13:02:842]REMOTE_GET_MODE=00
[15:13:02:842][HID_TX]00-80-07-93-DF-50-41-06-2E-01-00-63-00-00-00-00-00-00-00-00-00-00-00-00-00-00-00-00-00-00-00-00-00-00-00-00-00-00-00-00-00-00-00-00-00-00-00-00-00-00-00-00-00-00-00-00-00-00-00-00-00-00-00-00-00
[15:13:02:843]HidD_GetInputReport=True
[15:13:02:843]reply_report=00-4F-00-00-00-00-00-00-00-00-00-00-00-00-00-00-00-00-00-00-00-00-00-00-00-00-00-00-00-00-00-00-00-00-00-00-00-00-00-00-00-00-00-00-00-00-00-00-00-00-00-00-00-00-00-00-00-00-00-00-00-00-00-00-00
[15:13:02:843]50-41-06-2E-01-00-63 [CMD_SENT][CMD_GET_IO_LEVEL]
[15:13:02:845][HID_TX_ack]00-12-50-49-01-C0-E0-23-06-00-08-00-06-AE-00-01-DD-FF-1F-00-00-00-00-02-00-E0-00-17-50-49-0E-CD-00-00-00-00-02-00-E0-00-00-03-00-11-BE-17-00-00-00-00-00-00-00-00-00-00-00-00-00-00-00-00-00-00-00
[15:13:02:846]50-49-01-C0-E0-23-06-00-08-00-06-AE-00-01-DD-FF-1F-00
[15:13:03:069][HID_TX]00-80-06-7F-6C-50-41-0E-2F-01-E0-00-00-00-00-00-00-00-00-00-00-00-00-00-00-00-00-00-00-00-00-00-00-00-00-00-00-00-00-00-00-00-00-00-00-00-00-00-00-00-00-00-00-00-00-00-00-00-00-00-00-00-00-00-00
[15:13:03:071]HidD_GetInputReport=True
[15:13:03:071]reply_report=00-4F-00-00-00-00-00-00-00-00-00-00-00-00-00-00-00-00-00-00-00-00-00-00-00-00-00-00-00-00-00-00-00-00-00-00-00-00-00-00-00-00-00-00-00-00-00-00-00-00-00-00-00-00-00-00-00-00-00-00-00-00-00-00-00
[15:13:03:071]50-41-0E-2F-01-E0 [CMD_SENT][REMOTE_GET_MODE]
[15:13:03:073][HID_TX_ack]00-19-50-49-01-C0-96-24-06-00-03-00-0E-AF-00-50-49-0E-E4-00-00-00-00-02-00-E0-00-17-50-49-0E-CD-00-00-00-00-02-00-E0-00-00-03-00-11-BE-17-00-00-00-00-00-00-00-00-00-00-00-00-00-00-00-00-00-00-00
[15:13:03:073]50-49-01-C0-96-24-06-00-03-00-0E-AF-00
[15:13:03:073]50-49-0E-E4-00-00-00-00-02-00-E0-00-
[15:13:03:073]REMOTE_GET_MODE=00
[15:13:03:074][HID_TX]00-80-07-7B-7F-50-41-06-30-01-00-63-00-00-00-00-00-00-00-00-00-00-00-00-00-00-00-00-00-00-00-00-00-00-00-00-00-00-00-00-00-00-00-00-00-00-00-00-00-00-00-00-00-00-00-00-00-00-00-00-00-00-00-00-00
[15:13:03:075]HidD_GetInputReport=True
[15:13:03:075]reply_report=00-4F-00-00-00-00-00-00-00-00-00-00-00-00-00-00-00-00-00-00-00-00-00-00-00-00-00-00-00-00-00-00-00-00-00-00-00-00-00-00-00-00-00-00-00-00-00-00-00-00-00-00-00-00-00-00-00-00-00-00-00-00-00-00-00
[15:13:03:075]50-41-06-30-01-00-63 [CMD_SENT][CMD_GET_IO_LEVEL]
[15:13:03:077][HID_TX_ack]00-12-50-49-01-C0-99-24-06-00-08-00-06-B0-00-01-DD-FF-1F-00-00-00-00-02-00-E0-00-17-50-49-0E-CD-00-00-00-00-02-00-E0-00-00-03-00-11-BE-17-00-00-00-00-00-00-00-00-00-00-00-00-00-00-00-00-00-00-00
[15:13:03:077]50-49-01-C0-99-24-06-00-08-00-06-B0-00-01-DD-FF-1F-00
[15:13:03:136][HID_TX_ack]00-0D-50-49-11-E5-C7-24-06-00-03-00-20-EA-00-01-DD-FF-1F-00-00-00-00-02-00-E0-00-17-50-49-0E-CD-00-00-00-00-02-00-E0-00-00-03-00-11-BE-17-00-00-00-00-00-00-00-00-00-00-00-00-00-00-00-00-00-00-00
[15:13:03:136]50-49-11-E5-C7-24-06-00-03-00-20-EA-00
[15:13:03:143][HID_TX_ack]00-1A-50-49-01-C0-CE-24-06-00-03-00-11-DA-18-50-49-01-C0-CE-24-06-00-03-00-11-DB-17-50-49-0E-CD-00-00-00-00-02-00-E0-00-00-03-00-11-BE-17-00-00-00-00-00-00-00-00-00-00-00-00-00-00-00-00-00-00-00
[15:13:03:143]50-49-01-C0-CE-24-06-00-03-00-11-DA-18
[15:13:03:143]50-49-01-C0-CE-24-06-00-03-00-11-DB-17
[15:13:03:146][HID_TX_ack]00-0D-50-49-11-E6-D0-24-06-00-03-00-20-00-00-50-49-01-C0-CE-24-06-00-03-00-11-DB-17-50-49-0E-CD-00-00-00-00-02-00-E0-00-00-03-00-11-BE-17-00-00-00-00-00-00-00-00-00-00-00-00-00-00-00-00-00-00-00
[15:13:03:146]50-49-11-E6-D0-24-06-00-03-00-20-00-00
[15:13:03:301][HID_TX]00-80-06-97-CC-50-41-0E-31-01-E0-00-00-00-00-00-00-00-00-00-00-00-00-00-00-00-00-00-00-00-00-00-00-00-00-00-00-00-00-00-00-00-00-00-00-00-00-00-00-00-00-00-00-00-00-00-00-00-00-00-00-00-00-00-00
[15:13:03:303]HidD_GetInputReport=True
[15:13:03:303]reply_report=00-4F-00-00-00-00-00-00-00-00-00-00-00-00-00-00-00-00-00-00-00-00-00-00-00-00-00-00-00-00-00-00-00-00-00-00-00-00-00-00-00-00-00-00-00-00-00-00-00-00-00-00-00-00-00-00-00-00-00-00-00-00-00-00-00
[15:13:03:303]50-41-0E-31-01-E0 [CMD_SENT][REMOTE_GET_MODE]
[15:13:03:306][HID_TX_ack]00-19-50-49-01-C0-50-25-06-00-03-00-0E-B1-00-50-49-0E-E7-00-00-00-00-02-00-E0-00-17-50-49-0E-CD-00-00-00-00-02-00-E0-00-00-03-00-11-BE-17-00-00-00-00-00-00-00-00-00-00-00-00-00-00-00-00-00-00-00
[15:13:03:306]50-49-01-C0-50-25-06-00-03-00-0E-B1-00
[15:13:03:306]50-49-0E-E7-00-00-00-00-02-00-E0-00-
[15:13:03:306]REMOTE_GET_MODE=00
[15:13:03:306][HID_TX]00-80-07-90-50-50-41-06-32-01-00-63-00-00-00-00-00-00-00-00-00-00-00-00-00-00-00-00-00-00-00-00-00-00-00-00-00-00-00-00-00-00-00-00-00-00-00-00-00-00-00-00-00-00-00-00-00-00-00-00-00-00-00-00-00
[15:13:03:307]HidD_GetInputReport=True
[15:13:03:307]reply_report=00-4F-00-00-00-00-00-00-00-00-00-00-00-00-00-00-00-00-00-00-00-00-00-00-00-00-00-00-00-00-00-00-00-00-00-00-00-00-00-00-00-00-00-00-00-00-00-00-00-00-00-00-00-00-00-00-00-00-00-00-00-00-00-00-00
[15:13:03:307]50-41-06-32-01-00-63 [CMD_SENT][CMD_GET_IO_LEVEL]
[15:13:03:310][HID_TX_ack]00-12-50-49-01-C0-53-25-06-00-08-00-06-B2-00-01-DD-FF-1F-00-00-00-00-02-00-E0-00-17-50-49-0E-CD-00-00-00-00-02-00-E0-00-00-03-00-11-BE-17-00-00-00-00-00-00-00-00-00-00-00-00-00-00-00-00-00-00-00
[15:13:03:310]50-49-01-C0-53-25-06-00-08-00-06-B2-00-01-DD-FF-1F-00
[15:13:03:534][HID_TX]00-80-06-7C-E3-50-41-0E-33-01-E0-00-00-00-00-00-00-00-00-00-00-00-00-00-00-00-00-00-00-00-00-00-00-00-00-00-00-00-00-00-00-00-00-00-00-00-00-00-00-00-00-00-00-00-00-00-00-00-00-00-00-00-00-00-00
[15:13:03:535]HidD_GetInputReport=True
[15:13:03:535]reply_report=00-4F-00-00-00-00-00-00-00-00-00-00-00-00-00-00-00-00-00-00-00-00-00-00-00-00-00-00-00-00-00-00-00-00-00-00-00-00-00-00-00-00-00-00-00-00-00-00-00-00-00-00-00-00-00-00-00-00-00-00-00-00-00-00-00
[15:13:03:536]50-41-0E-33-01-E0 [CMD_SENT][REMOTE_GET_MODE]
[15:13:03:539][HID_TX_ack]00-19-50-49-01-C0-0A-26-06-00-03-00-0E-B3-00-50-49-0E-E8-00-00-00-00-02-00-E0-00-17-50-49-0E-CD-00-00-00-00-02-00-E0-00-00-03-00-11-BE-17-00-00-00-00-00-00-00-00-00-00-00-00-00-00-00-00-00-00-00
[15:13:03:539]50-49-01-C0-0A-26-06-00-03-00-0E-B3-00
[15:13:03:539]50-49-0E-E8-00-00-00-00-02-00-E0-00-
[15:13:03:539]REMOTE_GET_MODE=00
[15:13:03:539][HID_TX]00-80-07-AD-20-50-41-06-34-01-00-63-00-00-00-00-00-00-00-00-00-00-00-00-00-00-00-00-00-00-00-00-00-00-00-00-00-00-00-00-00-00-00-00-00-00-00-00-00-00-00-00-00-00-00-00-00-00-00-00-00-00-00-00-00
[15:13:03:541]HidD_GetInputReport=True
[15:13:03:541]reply_report=00-4F-00-00-00-00-00-00-00-00-00-00-00-00-00-00-00-00-00-00-00-00-00-00-00-00-00-00-00-00-00-00-00-00-00-00-00-00-00-00-00-00-00-00-00-00-00-00-00-00-00-00-00-00-00-00-00-00-00-00-00-00-00-00-00
[15:13:03:541]50-41-06-34-01-00-63 [CMD_SENT][CMD_GET_IO_LEVEL]
[15:13:03:544][HID_TX_ack]00-12-50-49-01-C0-0E-26-06-00-08-00-06-B4-00-01-DD-FF-1F-00-00-00-00-02-00-E0-00-17-50-49-0E-CD-00-00-00-00-02-00-E0-00-00-03-00-11-BE-17-00-00-00-00-00-00-00-00-00-00-00-00-00-00-00-00-00-00-00
[15:13:03:544]50-49-01-C0-0E-26-06-00-08-00-06-B4-00-01-DD-FF-1F-00
[15:13:03:656][HID_TX_ack]00-0D-50-49-11-E9-67-26-06-00-03-00-20-E9-00-01-DD-FF-1F-00-00-00-00-02-00-E0-00-17-50-49-0E-CD-00-00-00-00-02-00-E0-00-00-03-00-11-BE-17-00-00-00-00-00-00-00-00-00-00-00-00-00-00-00-00-00-00-00
[15:13:03:656]50-49-11-E9-67-26-06-00-03-00-20-E9-00
[15:13:03:665][HID_TX_ack]00-1A-50-49-01-C0-6F-26-06-00-03-00-11-DC-18-50-49-01-C0-6F-26-06-00-03-00-11-DD-17-50-49-0E-CD-00-00-00-00-02-00-E0-00-00-03-00-11-BE-17-00-00-00-00-00-00-00-00-00-00-00-00-00-00-00-00-00-00-00
[15:13:03:665]50-49-01-C0-6F-26-06-00-03-00-11-DC-18
[15:13:03:665]50-49-01-C0-6F-26-06-00-03-00-11-DD-17
[15:13:03:667][HID_TX_ack]00-0D-50-49-11-EA-71-26-06-00-03-00-20-00-00-50-49-01-C0-6F-26-06-00-03-00-11-DD-17-50-49-0E-CD-00-00-00-00-02-00-E0-00-00-03-00-11-BE-17-00-00-00-00-00-00-00-00-00-00-00-00-00-00-00-00-00-00-00
[15:13:03:667]50-49-11-EA-71-26-06-00-03-00-20-00-00
[15:13:03:768][HID_TX]00-80-06-41-93-50-41-0E-35-01-E0-00-00-00-00-00-00-00-00-00-00-00-00-00-00-00-00-00-00-00-00-00-00-00-00-00-00-00-00-00-00-00-00-00-00-00-00-00-00-00-00-00-00-00-00-00-00-00-00-00-00-00-00-00-00
[15:13:03:770]HidD_GetInputReport=True
[15:13:03:770]reply_report=00-4F-00-00-00-00-00-00-00-00-00-00-00-00-00-00-00-00-00-00-00-00-00-00-00-00-00-00-00-00-00-00-00-00-00-00-00-00-00-00-00-00-00-00-00-00-00-00-00-00-00-00-00-00-00-00-00-00-00-00-00-00-00-00-00
[15:13:03:770]50-41-0E-35-01-E0 [CMD_SENT][REMOTE_GET_MODE]
[15:13:03:773][HID_TX_ack]00-19-50-49-01-C0-C5-26-06-00-03-00-0E-B5-00-50-49-0E-EB-00-00-00-00-02-00-E0-00-17-50-49-0E-CD-00-00-00-00-02-00-E0-00-00-03-00-11-BE-17-00-00-00-00-00-00-00-00-00-00-00-00-00-00-00-00-00-00-00
[15:13:03:773]50-49-01-C0-C5-26-06-00-03-00-0E-B5-00
[15:13:03:773]50-49-0E-EB-00-00-00-00-02-00-E0-00-
[15:13:03:773]REMOTE_GET_MODE=00
[15:13:03:773][HID_TX]00-80-07-46-0F-50-41-06-36-01-00-63-00-00-00-00-00-00-00-00-00-00-00-00-00-00-00-00-00-00-00-00-00-00-00-00-00-00-00-00-00-00-00-00-00-00-00-00-00-00-00-00-00-00-00-00-00-00-00-00-00-00-00-00-00
[15:13:03:775]HidD_GetInputReport=True
[15:13:03:775]reply_report=00-4F-00-00-00-00-00-00-00-00-00-00-00-00-00-00-00-00-00-00-00-00-00-00-00-00-00-00-00-00-00-00-00-00-00-00-00-00-00-00-00-00-00-00-00-00-00-00-00-00-00-00-00-00-00-00-00-00-00-00-00-00-00-00-00
[15:13:03:775]50-41-06-36-01-00-63 [CMD_SENT][CMD_GET_IO_LEVEL]
[15:13:03:778][HID_TX_ack]00-12-50-49-01-C0-C9-26-06-00-08-00-06-B6-00-01-DD-FF-1F-00-00-00-00-02-00-E0-00-17-50-49-0E-CD-00-00-00-00-02-00-E0-00-00-03-00-11-BE-17-00-00-00-00-00-00-00-00-00-00-00-00-00-00-00-00-00-00-00
[15:13:03:778]50-49-01-C0-C9-26-06-00-08-00-06-B6-00-01-DD-FF-1F-00
[15:13:04:002][HID_TX]00-80-06-AA-BC-50-41-0E-37-01-E0-00-00-00-00-00-00-00-00-00-00-00-00-00-00-00-00-00-00-00-00-00-00-00-00-00-00-00-00-00-00-00-00-00-00-00-00-00-00-00-00-00-00-00-00-00-00-00-00-00-00-00-00-00-00
[15:13:04:003]HidD_GetInputReport=True
[15:13:04:003]reply_report=00-4F-00-00-00-00-00-00-00-00-00-00-00-00-00-00-00-00-00-00-00-00-00-00-00-00-00-00-00-00-00-00-00-00-00-00-00-00-00-00-00-00-00-00-00-00-00-00-00-00-00-00-00-00-00-00-00-00-00-00-00-00-00-00-00
[15:13:04:003]50-41-0E-37-01-E0 [CMD_SENT][REMOTE_GET_MODE]
[15:13:04:005][HID_TX_ack]00-19-50-49-01-C0-80-27-06-00-03-00-0E-B7-00-50-49-0E-EC-00-00-00-00-02-00-E0-00-17-50-49-0E-CD-00-00-00-00-02-00-E0-00-00-03-00-11-BE-17-00-00-00-00-00-00-00-00-00-00-00-00-00-00-00-00-00-00-00
[15:13:04:005]50-49-01-C0-80-27-06-00-03-00-0E-B7-00
[15:13:04:005]50-49-0E-EC-00-00-00-00-02-00-E0-00-
[15:13:04:005]REMOTE_GET_MODE=00
[15:13:04:005][HID_TX]00-80-07-D7-C0-50-41-06-38-01-00-63-00-00-00-00-00-00-00-00-00-00-00-00-00-00-00-00-00-00-00-00-00-00-00-00-00-00-00-00-00-00-00-00-00-00-00-00-00-00-00-00-00-00-00-00-00-00-00-00-00-00-00-00-00
[15:13:04:006]HidD_GetInputReport=True
[15:13:04:006]reply_report=00-4F-00-00-00-00-00-00-00-00-00-00-00-00-00-00-00-00-00-00-00-00-00-00-00-00-00-00-00-00-00-00-00-00-00-00-00-00-00-00-00-00-00-00-00-00-00-00-00-00-00-00-00-00-00-00-00-00-00-00-00-00-00-00-00
[15:13:04:007]50-41-06-38-01-00-63 [CMD_SENT][CMD_GET_IO_LEVEL]
[15:13:04:010][HID_TX_ack]00-12-50-49-01-C0-83-27-06-00-08-00-06-B8-00-01-DD-FF-1F-00-00-00-00-02-00-E0-00-17-50-49-0E-CD-00-00-00-00-02-00-E0-00-00-03-00-11-BE-17-00-00-00-00-00-00-00-00-00-00-00-00-00-00-00-00-00-00-00
[15:13:04:010]50-49-01-C0-83-27-06-00-08-00-06-B8-00-01-DD-FF-1F-00
[15:13:04:194][HID_TX_ack]00-0D-50-49-11-ED-15-28-06-00-03-00-20-EA-00-01-DD-FF-1F-00-00-00-00-02-00-E0-00-17-50-49-0E-CD-00-00-00-00-02-00-E0-00-00-03-00-11-BE-17-00-00-00-00-00-00-00-00-00-00-00-00-00-00-00-00-00-00-00
[15:13:04:194]50-49-11-ED-15-28-06-00-03-00-20-EA-00
[15:13:04:207][HID_TX_ack]00-1A-50-49-01-C0-20-28-06-00-03-00-11-DE-18-50-49-01-C0-21-28-06-00-03-00-11-DF-17-50-49-0E-CD-00-00-00-00-02-00-E0-00-00-03-00-11-BE-17-00-00-00-00-00-00-00-00-00-00-00-00-00-00-00-00-00-00-00
[15:13:04:207]50-49-01-C0-20-28-06-00-03-00-11-DE-18
[15:13:04:207]50-49-01-C0-21-28-06-00-03-00-11-DF-17
[15:13:04:210][HID_TX_ack]00-0D-50-49-11-EE-23-28-06-00-03-00-20-00-00-50-49-01-C0-21-28-06-00-03-00-11-DF-17-50-49-0E-CD-00-00-00-00-02-00-E0-00-00-03-00-11-BE-17-00-00-00-00-00-00-00-00-00-00-00-00-00-00-00-00-00-00-00
[15:13:04:210]50-49-11-EE-23-28-06-00-03-00-20-00-00
[15:13:04:235][HID_TX]00-80-06-3B-73-50-41-0E-39-01-E0-00-00-00-00-00-00-00-00-00-00-00-00-00-00-00-00-00-00-00-00-00-00-00-00-00-00-00-00-00-00-00-00-00-00-00-00-00-00-00-00-00-00-00-00-00-00-00-00-00-00-00-00-00-00
[15:13:04:236]HidD_GetInputReport=True
[15:13:04:236]reply_report=00-4F-00-00-00-00-00-00-00-00-00-00-00-00-00-00-00-00-00-00-00-00-00-00-00-00-00-00-00-00-00-00-00-00-00-00-00-00-00-00-00-00-00-00-00-00-00-00-00-00-00-00-00-00-00-00-00-00-00-00-00-00-00-00-00
[15:13:04:236]50-41-0E-39-01-E0 [CMD_SENT][REMOTE_GET_MODE]
[15:13:04:239][HID_TX_ack]00-19-50-49-01-C0-3A-28-06-00-03-00-0E-B9-00-50-49-0E-EF-00-00-00-00-02-00-E0-00-17-50-49-0E-CD-00-00-00-00-02-00-E0-00-00-03-00-11-BE-17-00-00-00-00-00-00-00-00-00-00-00-00-00-00-00-00-00-00-00
[15:13:04:239]50-49-01-C0-3A-28-06-00-03-00-0E-B9-00
[15:13:04:239]50-49-0E-EF-00-00-00-00-02-00-E0-00-
[15:13:04:239]REMOTE_GET_MODE=00
[15:13:04:239][HID_TX]00-80-07-3C-EF-50-41-06-3A-01-00-63-00-00-00-00-00-00-00-00-00-00-00-00-00-00-00-00-00-00-00-00-00-00-00-00-00-00-00-00-00-00-00-00-00-00-00-00-00-00-00-00-00-00-00-00-00-00-00-00-00-00-00-00-00
[15:13:04:240]HidD_GetInputReport=True
[15:13:04:240]reply_report=00-4F-00-00-00-00-00-00-00-00-00-00-00-00-00-00-00-00-00-00-00-00-00-00-00-00-00-00-00-00-00-00-00-00-00-00-00-00-00-00-00-00-00-00-00-00-00-00-00-00-00-00-00-00-00-00-00-00-00-00-00-00-00-00-00
[15:13:04:240]50-41-06-3A-01-00-63 [CMD_SENT][CMD_GET_IO_LEVEL]
[15:13:04:243][HID_TX_ack]00-12-50-49-01-C0-3D-28-06-00-08-00-06-BA-00-01-DD-FF-1F-00-00-00-00-02-00-E0-00-17-50-49-0E-CD-00-00-00-00-02-00-E0-00-00-03-00-11-BE-17-00-00-00-00-00-00-00-00-00-00-00-00-00-00-00-00-00-00-00
[15:13:04:243]50-49-01-C0-3D-28-06-00-08-00-06-BA-00-01-DD-FF-1F-00
[15:13:04:454][HID_TX]00-80-06-D0-5C-50-41-0E-3B-01-E0-00-00-00-00-00-00-00-00-00-00-00-00-00-00-00-00-00-00-00-00-00-00-00-00-00-00-00-00-00-00-00-00-00-00-00-00-00-00-00-00-00-00-00-00-00-00-00-00-00-00-00-00-00-00
[15:13:04:455]HidD_GetInputReport=True
[15:13:04:455]reply_report=00-4F-00-00-00-00-00-00-00-00-00-00-00-00-00-00-00-00-00-00-00-00-00-00-00-00-00-00-00-00-00-00-00-00-00-00-00-00-00-00-00-00-00-00-00-00-00-00-00-00-00-00-00-00-00-00-00-00-00-00-00-00-00-00-00
[15:13:04:455]50-41-0E-3B-01-E0 [CMD_SENT][REMOTE_GET_MODE]
[15:13:04:457][HID_TX_ack]00-19-50-49-01-C0-E9-28-06-00-03-00-0E-BB-00-50-49-0E-F0-00-00-00-00-02-00-E0-00-17-50-49-0E-CD-00-00-00-00-02-00-E0-00-00-03-00-11-BE-17-00-00-00-00-00-00-00-00-00-00-00-00-00-00-00-00-00-00-00
[15:13:04:458]50-49-01-C0-E9-28-06-00-03-00-0E-BB-00
[15:13:04:458]50-49-0E-F0-00-00-00-00-02-00-E0-00-
[15:13:04:458]REMOTE_GET_MODE=00
[15:13:04:458][HID_TX]00-80-07-01-9F-50-41-06-3C-01-00-63-00-00-00-00-00-00-00-00-00-00-00-00-00-00-00-00-00-00-00-00-00-00-00-00-00-00-00-00-00-00-00-00-00-00-00-00-00-00-00-00-00-00-00-00-00-00-00-00-00-00-00-00-00
[15:13:04:460]HidD_GetInputReport=True
[15:13:04:460]reply_report=00-4F-00-00-00-00-00-00-00-00-00-00-00-00-00-00-00-00-00-00-00-00-00-00-00-00-00-00-00-00-00-00-00-00-00-00-00-00-00-00-00-00-00-00-00-00-00-00-00-00-00-00-00-00-00-00-00-00-00-00-00-00-00-00-00
[15:13:04:460]50-41-06-3C-01-00-63 [CMD_SENT][CMD_GET_IO_LEVEL]
[15:13:04:462][HID_TX_ack]00-12-50-49-01-C0-ED-28-06-00-08-00-06-BC-00-01-DD-FF-1F-00-00-00-00-02-00-E0-00-17-50-49-0E-CD-00-00-00-00-02-00-E0-00-00-03-00-11-BE-17-00-00-00-00-00-00-00-00-00-00-00-00-00-00-00-00-00-00-00
[15:13:04:463]50-49-01-C0-ED-28-06-00-08-00-06-BC-00-01-DD-FF-1F-00
[15:13:04:685][HID_TX]00-80-06-ED-2C-50-41-0E-3D-01-E0-00-00-00-00-00-00-00-00-00-00-00-00-00-00-00-00-00-00-00-00-00-00-00-00-00-00-00-00-00-00-00-00-00-00-00-00-00-00-00-00-00-00-00-00-00-00-00-00-00-00-00-00-00-00
[15:13:04:687]HidD_GetInputReport=True
[15:13:04:687]reply_report=00-4F-00-00-00-00-00-00-00-00-00-00-00-00-00-00-00-00-00-00-00-00-00-00-00-00-00-00-00-00-00-00-00-00-00-00-00-00-00-00-00-00-00-00-00-00-00-00-00-00-00-00-00-00-00-00-00-00-00-00-00-00-00-00-00
[15:13:04:687]50-41-0E-3D-01-E0 [CMD_SENT][REMOTE_GET_MODE]
[15:13:04:690][HID_TX_ack]00-19-50-49-01-C0-A3-29-06-00-03-00-0E-BD-00-50-49-0E-F1-00-00-00-00-02-00-E0-00-17-50-49-0E-CD-00-00-00-00-02-00-E0-00-00-03-00-11-BE-17-00-00-00-00-00-00-00-00-00-00-00-00-00-00-00-00-00-00-00
[15:13:04:690]50-49-01-C0-A3-29-06-00-03-00-0E-BD-00
[15:13:04:690]50-49-0E-F1-00-00-00-00-02-00-E0-00-
[15:13:04:690]REMOTE_GET_MODE=00
[15:13:04:690][HID_TX]00-80-07-EA-B0-50-41-06-3E-01-00-63-00-00-00-00-00-00-00-00-00-00-00-00-00-00-00-00-00-00-00-00-00-00-00-00-00-00-00-00-00-00-00-00-00-00-00-00-00-00-00-00-00-00-00-00-00-00-00-00-00-00-00-00-00
[15:13:04:692]HidD_GetInputReport=True
[15:13:04:692]reply_report=00-4F-00-00-00-00-00-00-00-00-00-00-00-00-00-00-00-00-00-00-00-00-00-00-00-00-00-00-00-00-00-00-00-00-00-00-00-00-00-00-00-00-00-00-00-00-00-00-00-00-00-00-00-00-00-00-00-00-00-00-00-00-00-00-00
[15:13:04:692]50-41-06-3E-01-00-63 [CMD_SENT][CMD_GET_IO_LEVEL]
[15:13:04:695][HID_TX_ack]00-12-50-49-01-C0-A7-29-06-00-08-00-06-BE-00-01-DD-FF-1F-00-00-00-00-02-00-E0-00-17-50-49-0E-CD-00-00-00-00-02-00-E0-00-00-03-00-11-BE-17-00-00-00-00-00-00-00-00-00-00-00-00-00-00-00-00-00-00-00
[15:13:04:695]50-49-01-C0-A7-29-06-00-08-00-06-BE-00-01-DD-FF-1F-00
[15:13:04:917][HID_TX]00-80-06-06-03-50-41-0E-3F-01-E0-00-00-00-00-00-00-00-00-00-00-00-00-00-00-00-00-00-00-00-00-00-00-00-00-00-00-00-00-00-00-00-00-00-00-00-00-00-00-00-00-00-00-00-00-00-00-00-00-00-00-00-00-00-00
[15:13:04:919]HidD_GetInputReport=True
[15:13:04:919]reply_report=00-4F-00-00-00-00-00-00-00-00-00-00-00-00-00-00-00-00-00-00-00-00-00-00-00-00-00-00-00-00-00-00-00-00-00-00-00-00-00-00-00-00-00-00-00-00-00-00-00-00-00-00-00-00-00-00-00-00-00-00-00-00-00-00-00
[15:13:04:919]50-41-0E-3F-01-E0 [CMD_SENT][REMOTE_GET_MODE]
[15:13:04:921][HID_TX_ack]00-19-50-49-01-C0-5C-2A-06-00-03-00-0E-BF-00-50-49-0E-F2-00-00-00-00-02-00-E0-00-17-50-49-0E-CD-00-00-00-00-02-00-E0-00-00-03-00-11-BE-17-00-00-00-00-00-00-00-00-00-00-00-00-00-00-00-00-00-00-00
[15:13:04:921]50-49-01-C0-5C-2A-06-00-03-00-0E-BF-00
[15:13:04:921]50-49-0E-F2-00-00-00-00-02-00-E0-00-
[15:13:04:923]REMOTE_GET_MODE=00
[15:13:04:923][HID_TX]00-80-07-35-63-50-41-06-40-01-00-63-00-00-00-00-00-00-00-00-00-00-00-00-00-00-00-00-00-00-00-00-00-00-00-00-00-00-00-00-00-00-00-00-00-00-00-00-00-00-00-00-00-00-00-00-00-00-00-00-00-00-00-00-00
[15:13:04:925]HidD_GetInputReport=True
[15:13:04:925]reply_report=00-4F-00-00-00-00-00-00-00-00-00-00-00-00-00-00-00-00-00-00-00-00-00-00-00-00-00-00-00-00-00-00-00-00-00-00-00-00-00-00-00-00-00-00-00-00-00-00-00-00-00-00-00-00-00-00-00-00-00-00-00-00-00-00-00
[15:13:04:925]50-41-06-40-01-00-63 [CMD_SENT][CMD_GET_IO_LEVEL]
[15:13:04:928][HID_TX_ack]00-12-50-49-01-C0-61-2A-06-00-08-00-06-C0-00-01-DD-FF-1F-00-00-00-00-02-00-E0-00-17-50-49-0E-CD-00-00-00-00-02-00-E0-00-00-03-00-11-BE-17-00-00-00-00-00-00-00-00-00-00-00-00-00-00-00-00-00-00-00
[15:13:04:928]50-49-01-C0-61-2A-06-00-08-00-06-C0-00-01-DD-FF-1F-00
[15:13:05:150][HID_TX]00-80-06-D9-D0-50-41-0E-41-01-E0-00-00-00-00-00-00-00-00-00-00-00-00-00-00-00-00-00-00-00-00-00-00-00-00-00-00-00-00-00-00-00-00-00-00-00-00-00-00-00-00-00-00-00-00-00-00-00-00-00-00-00-00-00-00
[15:13:05:152]HidD_GetInputReport=True
[15:13:05:152]reply_report=00-4F-00-00-00-00-00-00-00-00-00-00-00-00-00-00-00-00-00-00-00-00-00-00-00-00-00-00-00-00-00-00-00-00-00-00-00-00-00-00-00-00-00-00-00-00-00-00-00-00-00-00-00-00-00-00-00-00-00-00-00-00-00-00-00
[15:13:05:152]50-41-0E-41-01-E0 [CMD_SENT][REMOTE_GET_MODE]
[15:13:05:155][HID_TX_ack]00-19-50-49-01-C0-17-2B-06-00-03-00-0E-C1-00-50-49-0E-F3-00-00-00-00-02-00-E0-00-17-50-49-0E-CD-00-00-00-00-02-00-E0-00-00-03-00-11-BE-17-00-00-00-00-00-00-00-00-00-00-00-00-00-00-00-00-00-00-00
[15:13:05:155]50-49-01-C0-17-2B-06-00-03-00-0E-C1-00
[15:13:05:155]50-49-0E-F3-00-00-00-00-02-00-E0-00-
[15:13:05:155]REMOTE_GET_MODE=00
[15:13:05:155][HID_TX]00-80-07-DE-4C-50-41-06-42-01-00-63-00-00-00-00-00-00-00-00-00-00-00-00-00-00-00-00-00-00-00-00-00-00-00-00-00-00-00-00-00-00-00-00-00-00-00-00-00-00-00-00-00-00-00-00-00-00-00-00-00-00-00-00-00
[15:13:05:157]HidD_GetInputReport=True
[15:13:05:158]reply_report=00-4F-00-00-00-00-00-00-00-00-00-00-00-00-00-00-00-00-00-00-00-00-00-00-00-00-00-00-00-00-00-00-00-00-00-00-00-00-00-00-00-00-00-00-00-00-00-00-00-00-00-00-00-00-00-00-00-00-00-00-00-00-00-00-00
[15:13:05:158]50-41-06-42-01-00-63 [CMD_SENT][CMD_GET_IO_LEVEL]
[15:13:05:160][HID_TX_ack]00-12-50-49-01-C0-1B-2B-06-00-08-00-06-C2-00-01-DD-FF-1F-00-00-00-00-02-00-E0-00-17-50-49-0E-CD-00-00-00-00-02-00-E0-00-00-03-00-11-BE-17-00-00-00-00-00-00-00-00-00-00-00-00-00-00-00-00-00-00-00
[15:13:05:160]50-49-01-C0-1B-2B-06-00-08-00-06-C2-00-01-DD-FF-1F-00
[15:13:05:363][HID_TX_ack]00-0D-50-49-11-F4-BB-2B-06-00-03-00-20-E9-00-01-DD-FF-1F-00-00-00-00-02-00-E0-00-17-50-49-0E-CD-00-00-00-00-02-00-E0-00-00-03-00-11-BE-17-00-00-00-00-00-00-00-00-00-00-00-00-00-00-00-00-00-00-00
[15:13:05:363]50-49-11-F4-BB-2B-06-00-03-00-20-E9-00
[15:13:05:379][HID_TX_ack]00-1A-50-49-01-C0-C9-2B-06-00-03-00-11-E0-18-50-49-01-C0-CB-2B-06-00-03-00-11-E1-17-50-49-0E-CD-00-00-00-00-02-00-E0-00-00-03-00-11-BE-17-00-00-00-00-00-00-00-00-00-00-00-00-00-00-00-00-00-00-00
[15:13:05:379]50-49-01-C0-C9-2B-06-00-03-00-11-E0-18
[15:13:05:379]50-49-01-C0-CB-2B-06-00-03-00-11-E1-17
[15:13:05:381][HID_TX_ack]00-0D-50-49-11-F5-CC-2B-06-00-03-00-20-00-00-50-49-01-C0-CB-2B-06-00-03-00-11-E1-17-50-49-0E-CD-00-00-00-00-02-00-E0-00-00-03-00-11-BE-17-00-00-00-00-00-00-00-00-00-00-00-00-00-00-00-00-00-00-00
[15:13:05:381]50-49-11-F5-CC-2B-06-00-03-00-20-00-00
[15:13:05:382][HID_TX]00-80-06-32-FF-50-41-0E-43-01-E0-00-00-00-00-00-00-00-00-00-00-00-00-00-00-00-00-00-00-00-00-00-00-00-00-00-00-00-00-00-00-00-00-00-00-00-00-00-00-00-00-00-00-00-00-00-00-00-00-00-00-00-00-00-00
[15:13:05:383]HidD_GetInputReport=True
[15:13:05:383]reply_report=00-4F-00-00-00-00-00-00-00-00-00-00-00-00-00-00-00-00-00-00-00-00-00-00-00-00-00-00-00-00-00-00-00-00-00-00-00-00-00-00-00-00-00-00-00-00-00-00-00-00-00-00-00-00-00-00-00-00-00-00-00-00-00-00-00
[15:13:05:383]50-41-0E-43-01-E0 [CMD_SENT][REMOTE_GET_MODE]
[15:13:05:399][HID_TX_ack]00-19-50-49-01-C0-DA-2B-06-00-03-00-0E-C3-00-50-49-0E-F6-00-00-00-00-02-00-E0-00-17-50-49-0E-CD-00-00-00-00-02-00-E0-00-00-03-00-11-BE-17-00-00-00-00-00-00-00-00-00-00-00-00-00-00-00-00-00-00-00
[15:13:05:400]50-49-01-C0-DA-2B-06-00-03-00-0E-C3-00
[15:13:05:400]50-49-0E-F6-00-00-00-00-02-00-E0-00-
[15:13:05:400]REMOTE_GET_MODE=00
[15:13:05:400][HID_TX]00-80-07-E3-3C-50-41-06-44-01-00-63-00-00-00-00-00-00-00-00-00-00-00-00-00-00-00-00-00-00-00-00-00-00-00-00-00-00-00-00-00-00-00-00-00-00-00-00-00-00-00-00-00-00-00-00-00-00-00-00-00-00-00-00-00
[15:13:05:400]HidD_GetInputReport=True
[15:13:05:400]reply_report=00-4F-00-00-00-00-00-00-00-00-00-00-00-00-00-00-00-00-00-00-00-00-00-00-00-00-00-00-00-00-00-00-00-00-00-00-00-00-00-00-00-00-00-00-00-00-00-00-00-00-00-00-00-00-00-00-00-00-00-00-00-00-00-00-00
[15:13:05:400]50-41-06-44-01-00-63 [CMD_SENT][CMD_GET_IO_LEVEL]
[15:13:05:403][HID_TX_ack]00-12-50-49-01-C0-DE-2B-06-00-08-00-06-C4-00-01-DD-FF-1F-00-00-00-00-02-00-E0-00-17-50-49-0E-CD-00-00-00-00-02-00-E0-00-00-03-00-11-BE-17-00-00-00-00-00-00-00-00-00-00-00-00-00-00-00-00-00-00-00
[15:13:05:403]50-49-01-C0-DE-2B-06-00-08-00-06-C4-00-01-DD-FF-1F-00
[15:13:05:617][HID_TX]00-80-06-0F-8F-50-41-0E-45-01-E0-00-00-00-00-00-00-00-00-00-00-00-00-00-00-00-00-00-00-00-00-00-00-00-00-00-00-00-00-00-00-00-00-00-00-00-00-00-00-00-00-00-00-00-00-00-00-00-00-00-00-00-00-00-00
[15:13:05:619]HidD_GetInputReport=True
[15:13:05:619]reply_report=00-4F-00-00-00-00-00-00-00-00-00-00-00-00-00-00-00-00-00-00-00-00-00-00-00-00-00-00-00-00-00-00-00-00-00-00-00-00-00-00-00-00-00-00-00-00-00-00-00-00-00-00-00-00-00-00-00-00-00-00-00-00-00-00-00
[15:13:05:619]50-41-0E-45-01-E0 [CMD_SENT][REMOTE_GET_MODE]
[15:13:05:621][HID_TX_ack]00-19-50-49-01-C0-8C-2C-06-00-03-00-0E-C5-00-50-49-0E-F7-00-00-00-00-02-00-E0-00-17-50-49-0E-CD-00-00-00-00-02-00-E0-00-00-03-00-11-BE-17-00-00-00-00-00-00-00-00-00-00-00-00-00-00-00-00-00-00-00
[15:13:05:621]50-49-01-C0-8C-2C-06-00-03-00-0E-C5-00
[15:13:05:621]50-49-0E-F7-00-00-00-00-02-00-E0-00-
[15:13:05:621]REMOTE_GET_MODE=00
[15:13:05:622][HID_TX]00-80-07-08-13-50-41-06-46-01-00-63-00-00-00-00-00-00-00-00-00-00-00-00-00-00-00-00-00-00-00-00-00-00-00-00-00-00-00-00-00-00-00-00-00-00-00-00-00-00-00-00-00-00-00-00-00-00-00-00-00-00-00-00-00
[15:13:05:623]HidD_GetInputReport=True
[15:13:05:623]reply_report=00-4F-00-00-00-00-00-00-00-00-00-00-00-00-00-00-00-00-00-00-00-00-00-00-00-00-00-00-00-00-00-00-00-00-00-00-00-00-00-00-00-00-00-00-00-00-00-00-00-00-00-00-00-00-00-00-00-00-00-00-00-00-00-00-00
[15:13:05:623]50-41-06-46-01-00-63 [CMD_SENT][CMD_GET_IO_LEVEL]
[15:13:05:625][HID_TX_ack]00-12-50-49-01-C0-90-2C-06-00-08-00-06-C6-00-01-DD-FF-1F-00-00-00-00-02-00-E0-00-17-50-49-0E-CD-00-00-00-00-02-00-E0-00-00-03-00-11-BE-17-00-00-00-00-00-00-00-00-00-00-00-00-00-00-00-00-00-00-00
[15:13:05:625]50-49-01-C0-90-2C-06-00-08-00-06-C6-00-01-DD-FF-1F-00
[15:13:05:851][HID_TX]00-80-06-E4-A0-50-41-0E-47-01-E0-00-00-00-00-00-00-00-00-00-00-00-00-00-00-00-00-00-00-00-00-00-00-00-00-00-00-00-00-00-00-00-00-00-00-00-00-00-00-00-00-00-00-00-00-00-00-00-00-00-00-00-00-00-00
[15:13:05:852]HidD_GetInputReport=True
[15:13:05:852]reply_report=00-4F-00-00-00-00-00-00-00-00-00-00-00-00-00-00-00-00-00-00-00-00-00-00-00-00-00-00-00-00-00-00-00-00-00-00-00-00-00-00-00-00-00-00-00-00-00-00-00-00-00-00-00-00-00-00-00-00-00-00-00-00-00-00-00
[15:13:05:853]50-41-0E-47-01-E0 [CMD_SENT][REMOTE_GET_MODE]
[15:13:05:855][HID_TX_ack]00-19-50-49-01-C0-48-2D-06-00-03-00-0E-C7-00-50-49-0E-F8-00-00-00-00-02-00-E0-00-17-50-49-0E-CD-00-00-00-00-02-00-E0-00-00-03-00-11-BE-17-00-00-00-00-00-00-00-00-00-00-00-00-00-00-00-00-00-00-00
[15:13:05:855]50-49-01-C0-48-2D-06-00-03-00-0E-C7-00
[15:13:05:855]REMOTE_GET_MODE=00
[15:13:05:855]50-49-0E-F8-00-00-00-00-02-00-E0-00-
[15:13:05:855][HID_TX]00-80-07-99-DC-50-41-06-48-01-00-63-00-00-00-00-00-00-00-00-00-00-00-00-00-00-00-00-00-00-00-00-00-00-00-00-00-00-00-00-00-00-00-00-00-00-00-00-00-00-00-00-00-00-00-00-00-00-00-00-00-00-00-00-00
[15:13:05:857]HidD_GetInputReport=True
[15:13:05:857]reply_report=00-4F-00-00-00-00-00-00-00-00-00-00-00-00-00-00-00-00-00-00-00-00-00-00-00-00-00-00-00-00-00-00-00-00-00-00-00-00-00-00-00-00-00-00-00-00-00-00-00-00-00-00-00-00-00-00-00-00-00-00-00-00-00-00-00
[15:13:05:857]50-41-06-48-01-00-63 [CMD_SENT][CMD_GET_IO_LEVEL]
[15:13:05:859][HID_TX_ack]00-12-50-49-01-C0-4B-2D-06-00-08-00-06-C8-00-01-DD-FF-1F-00-00-00-00-02-00-E0-00-17-50-49-0E-CD-00-00-00-00-02-00-E0-00-00-03-00-11-BE-17-00-00-00-00-00-00-00-00-00-00-00-00-00-00-00-00-00-00-00
[15:13:05:859]50-49-01-C0-4B-2D-06-00-08-00-06-C8-00-01-DD-FF-1F-00
[15:13:05:927][HID_TX_ack]00-0D-50-49-11-F9-7F-2D-06-00-03-00-20-EA-00-01-DD-FF-1F-00-00-00-00-02-00-E0-00-17-50-49-0E-CD-00-00-00-00-02-00-E0-00-00-03-00-11-BE-17-00-00-00-00-00-00-00-00-00-00-00-00-00-00-00-00-00-00-00
[15:13:05:927]50-49-11-F9-7F-2D-06-00-03-00-20-EA-00
[15:13:05:935][HID_TX_ack]00-1A-50-49-01-C0-86-2D-06-00-03-00-11-E2-18-50-49-01-C0-87-2D-06-00-03-00-11-E3-17-50-49-0E-CD-00-00-00-00-02-00-E0-00-00-03-00-11-BE-17-00-00-00-00-00-00-00-00-00-00-00-00-00-00-00-00-00-00-00
[15:13:05:935]50-49-01-C0-86-2D-06-00-03-00-11-E2-18
[15:13:05:935]50-49-01-C0-87-2D-06-00-03-00-11-E3-17
[15:13:05:937][HID_TX_ack]00-0D-50-49-11-FA-88-2D-06-00-03-00-20-00-00-50-49-01-C0-87-2D-06-00-03-00-11-E3-17-50-49-0E-CD-00-00-00-00-02-00-E0-00-00-03-00-11-BE-17-00-00-00-00-00-00-00-00-00-00-00-00-00-00-00-00-00-00-00
[15:13:05:938]50-49-11-FA-88-2D-06-00-03-00-20-00-00
[15:13:06:069][HID_TX]00-80-06-75-6F-50-41-0E-49-01-E0-00-00-00-00-00-00-00-00-00-00-00-00-00-00-00-00-00-00-00-00-00-00-00-00-00-00-00-00-00-00-00-00-00-00-00-00-00-00-00-00-00-00-00-00-00-00-00-00-00-00-00-00-00-00
[15:13:06:071]HidD_GetInputReport=True
[15:13:06:071]reply_report=00-4F-00-00-00-00-00-00-00-00-00-00-00-00-00-00-00-00-00-00-00-00-00-00-00-00-00-00-00-00-00-00-00-00-00-00-00-00-00-00-00-00-00-00-00-00-00-00-00-00-00-00-00-00-00-00-00-00-00-00-00-00-00-00-00
[15:13:06:071]50-41-0E-49-01-E0 [CMD_SENT][REMOTE_GET_MODE]
[15:13:06:073][HID_TX_ack]00-19-50-49-01-C0-F6-2D-06-00-03-00-0E-C9-00-50-49-0E-FB-00-00-00-00-02-00-E0-00-17-50-49-0E-CD-00-00-00-00-02-00-E0-00-00-03-00-11-BE-17-00-00-00-00-00-00-00-00-00-00-00-00-00-00-00-00-00-00-00
[15:13:06:073]50-49-01-C0-F6-2D-06-00-03-00-0E-C9-00
[15:13:06:073]50-49-0E-FB-00-00-00-00-02-00-E0-00-
[15:13:06:073]REMOTE_GET_MODE=00
[15:13:06:074][HID_TX]00-80-07-72-F3-50-41-06-4A-01-00-63-00-00-00-00-00-00-00-00-00-00-00-00-00-00-00-00-00-00-00-00-00-00-00-00-00-00-00-00-00-00-00-00-00-00-00-00-00-00-00-00-00-00-00-00-00-00-00-00-00-00-00-00-00
[15:13:06:075]HidD_GetInputReport=True
[15:13:06:075]reply_report=00-4F-00-00-00-00-00-00-00-00-00-00-00-00-00-00-00-00-00-00-00-00-00-00-00-00-00-00-00-00-00-00-00-00-00-00-00-00-00-00-00-00-00-00-00-00-00-00-00-00-00-00-00-00-00-00-00-00-00-00-00-00-00-00-00
[15:13:06:075]50-41-06-4A-01-00-63 [CMD_SENT][CMD_GET_IO_LEVEL]
[15:13:06:077][HID_TX_ack]00-12-50-49-01-C0-F9-2D-06-00-08-00-06-CA-00-01-DD-FF-1F-00-00-00-00-02-00-E0-00-17-50-49-0E-CD-00-00-00-00-02-00-E0-00-00-03-00-11-BE-17-00-00-00-00-00-00-00-00-00-00-00-00-00-00-00-00-00-00-00
[15:13:06:077]50-49-01-C0-F9-2D-06-00-08-00-06-CA-00-01-DD-FF-1F-00
[15:13:06:301][HID_TX]00-80-06-9E-40-50-41-0E-4B-01-E0-00-00-00-00-00-00-00-00-00-00-00-00-00-00-00-00-00-00-00-00-00-00-00-00-00-00-00-00-00-00-00-00-00-00-00-00-00-00-00-00-00-00-00-00-00-00-00-00-00-00-00-00-00-00
[15:13:06:302]HidD_GetInputReport=True
[15:13:06:302]reply_report=00-4F-00-00-00-00-00-00-00-00-00-00-00-00-00-00-00-00-00-00-00-00-00-00-00-00-00-00-00-00-00-00-00-00-00-00-00-00-00-00-00-00-00-00-00-00-00-00-00-00-00-00-00-00-00-00-00-00-00-00-00-00-00-00-00
[15:13:06:302]50-41-0E-4B-01-E0 [CMD_SENT][REMOTE_GET_MODE]
[15:13:06:304][HID_TX_ack]00-19-50-49-01-C0-AF-2E-06-00-03-00-0E-CB-00-50-49-0E-FC-00-00-00-00-02-00-E0-00-17-50-49-0E-CD-00-00-00-00-02-00-E0-00-00-03-00-11-BE-17-00-00-00-00-00-00-00-00-00-00-00-00-00-00-00-00-00-00-00
[15:13:06:304]50-49-01-C0-AF-2E-06-00-03-00-0E-CB-00
[15:13:06:304]50-49-0E-FC-00-00-00-00-02-00-E0-00-
[15:13:06:304]REMOTE_GET_MODE=00
[15:13:06:304][HID_TX]00-80-07-4F-83-50-41-06-4C-01-00-63-00-00-00-00-00-00-00-00-00-00-00-00-00-00-00-00-00-00-00-00-00-00-00-00-00-00-00-00-00-00-00-00-00-00-00-00-00-00-00-00-00-00-00-00-00-00-00-00-00-00-00-00-00
[15:13:06:306]HidD_GetInputReport=True
[15:13:06:306]reply_report=00-4F-00-00-00-00-00-00-00-00-00-00-00-00-00-00-00-00-00-00-00-00-00-00-00-00-00-00-00-00-00-00-00-00-00-00-00-00-00-00-00-00-00-00-00-00-00-00-00-00-00-00-00-00-00-00-00-00-00-00-00-00-00-00-00
[15:13:06:306]50-41-06-4C-01-00-63 [CMD_SENT][CMD_GET_IO_LEVEL]
[15:13:06:308][HID_TX_ack]00-12-50-49-01-C0-B2-2E-06-00-08-00-06-CC-00-01-DD-FF-1F-00-00-00-00-02-00-E0-00-17-50-49-0E-CD-00-00-00-00-02-00-E0-00-00-03-00-11-BE-17-00-00-00-00-00-00-00-00-00-00-00-00-00-00-00-00-00-00-00
[15:13:06:308]50-49-01-C0-B2-2E-06-00-08-00-06-CC-00-01-DD-FF-1F-00
[15:13:06:518][HID_TX]00-80-06-A3-30-50-41-0E-4D-01-E0-00-00-00-00-00-00-00-00-00-00-00-00-00-00-00-00-00-00-00-00-00-00-00-00-00-00-00-00-00-00-00-00-00-00-00-00-00-00-00-00-00-00-00-00-00-00-00-00-00-00-00-00-00-00
[15:13:06:520]HidD_GetInputReport=True
[15:13:06:520]reply_report=00-4F-00-00-00-00-00-00-00-00-00-00-00-00-00-00-00-00-00-00-00-00-00-00-00-00-00-00-00-00-00-00-00-00-00-00-00-00-00-00-00-00-00-00-00-00-00-00-00-00-00-00-00-00-00-00-00-00-00-00-00-00-00-00-00
[15:13:06:520]50-41-0E-4D-01-E0 [CMD_SENT][REMOTE_GET_MODE]
[15:13:06:522][HID_TX_ack]00-19-50-49-01-C0-5D-2F-06-00-03-00-0E-CD-00-50-49-0E-FD-00-00-00-00-02-00-E0-00-17-50-49-0E-CD-00-00-00-00-02-00-E0-00-00-03-00-11-BE-17-00-00-00-00-00-00-00-00-00-00-00-00-00-00-00-00-00-00-00
[15:13:06:522]50-49-01-C0-5D-2F-06-00-03-00-0E-CD-00
[15:13:06:522]50-49-0E-FD-00-00-00-00-02-00-E0-00-
[15:13:06:522]REMOTE_GET_MODE=00
[15:13:06:523][HID_TX]00-80-07-A4-AC-50-41-06-4E-01-00-63-00-00-00-00-00-00-00-00-00-00-00-00-00-00-00-00-00-00-00-00-00-00-00-00-00-00-00-00-00-00-00-00-00-00-00-00-00-00-00-00-00-00-00-00-00-00-00-00-00-00-00-00-00
[15:13:06:524]HidD_GetInputReport=True
[15:13:06:524]reply_report=00-4F-00-00-00-00-00-00-00-00-00-00-00-00-00-00-00-00-00-00-00-00-00-00-00-00-00-00-00-00-00-00-00-00-00-00-00-00-00-00-00-00-00-00-00-00-00-00-00-00-00-00-00-00-00-00-00-00-00-00-00-00-00-00-00
[15:13:06:524]50-41-06-4E-01-00-63 [CMD_SENT][CMD_GET_IO_LEVEL]
[15:13:06:526][HID_TX_ack]00-12-50-49-01-C0-61-2F-06-00-08-00-06-CE-00-01-DD-FF-1F-00-00-00-00-02-00-E0-00-17-50-49-0E-CD-00-00-00-00-02-00-E0-00-00-03-00-11-BE-17-00-00-00-00-00-00-00-00-00-00-00-00-00-00-00-00-00-00-00
[15:13:06:526]50-49-01-C0-61-2F-06-00-08-00-06-CE-00-01-DD-FF-1F-00
[15:13:06:753][HID_TX]00-80-06-48-1F-50-41-0E-4F-01-E0-00-00-00-00-00-00-00-00-00-00-00-00-00-00-00-00-00-00-00-00-00-00-00-00-00-00-00-00-00-00-00-00-00-00-00-00-00-00-00-00-00-00-00-00-00-00-00-00-00-00-00-00-00-00
[15:13:06:754]HidD_GetInputReport=True
[15:13:06:754]reply_report=00-4F-00-00-00-00-00-00-00-00-00-00-00-00-00-00-00-00-00-00-00-00-00-00-00-00-00-00-00-00-00-00-00-00-00-00-00-00-00-00-00-00-00-00-00-00-00-00-00-00-00-00-00-00-00-00-00-00-00-00-00-00-00-00-00
[15:13:06:754]50-41-0E-4F-01-E0 [CMD_SENT][REMOTE_GET_MODE]
[15:13:06:757][HID_TX_ack]00-19-50-49-01-C0-19-30-06-00-03-00-0E-CF-00-50-49-0E-FE-00-00-00-00-02-00-E0-00-17-50-49-0E-CD-00-00-00-00-02-00-E0-00-00-03-00-11-BE-17-00-00-00-00-00-00-00-00-00-00-00-00-00-00-00-00-00-00-00
[15:13:06:757]50-49-01-C0-19-30-06-00-03-00-0E-CF-00
[15:13:06:757]50-49-0E-FE-00-00-00-00-02-00-E0-00-
[15:13:06:757]REMOTE_GET_MODE=00
[15:13:06:757][HID_TX]00-80-07-4C-0C-50-41-06-50-01-00-63-00-00-00-00-00-00-00-00-00-00-00-00-00-00-00-00-00-00-00-00-00-00-00-00-00-00-00-00-00-00-00-00-00-00-00-00-00-00-00-00-00-00-00-00-00-00-00-00-00-00-00-00-00
[15:13:06:758]HidD_GetInputReport=True
[15:13:06:758]reply_report=00-4F-00-00-00-00-00-00-00-00-00-00-00-00-00-00-00-00-00-00-00-00-00-00-00-00-00-00-00-00-00-00-00-00-00-00-00-00-00-00-00-00-00-00-00-00-00-00-00-00-00-00-00-00-00-00-00-00-00-00-00-00-00-00-00
[15:13:06:758]50-41-06-50-01-00-63 [CMD_SENT][CMD_GET_IO_LEVEL]
[15:13:06:761][HID_TX_ack]00-12-50-49-01-C0-1D-30-06-00-08-00-06-D0-00-01-DD-FF-1F-00-00-00-00-02-00-E0-00-17-50-49-0E-CD-00-00-00-00-02-00-E0-00-00-03-00-11-BE-17-00-00-00-00-00-00-00-00-00-00-00-00-00-00-00-00-00-00-00
[15:13:06:761]50-49-01-C0-1D-30-06-00-08-00-06-D0-00-01-DD-FF-1F-00
[15:13:06:983][HID_TX]00-80-06-A0-BF-50-41-0E-51-01-E0-00-00-00-00-00-00-00-00-00-00-00-00-00-00-00-00-00-00-00-00-00-00-00-00-00-00-00-00-00-00-00-00-00-00-00-00-00-00-00-00-00-00-00-00-00-00-00-00-00-00-00-00-00-00
[15:13:06:985]HidD_GetInputReport=True
[15:13:06:985]reply_report=00-4F-00-00-00-00-00-00-00-00-00-00-00-00-00-00-00-00-00-00-00-00-00-00-00-00-00-00-00-00-00-00-00-00-00-00-00-00-00-00-00-00-00-00-00-00-00-00-00-00-00-00-00-00-00-00-00-00-00-00-00-00-00-00-00
[15:13:06:985]50-41-0E-51-01-E0 [CMD_SENT][REMOTE_GET_MODE]
[15:13:06:988][HID_TX_ack]00-19-50-49-01-C0-D1-30-06-00-03-00-0E-D1-00-50-49-0E-FF-00-00-00-00-02-00-E0-00-17-50-49-0E-CD-00-00-00-00-02-00-E0-00-00-03-00-11-BE-17-00-00-00-00-00-00-00-00-00-00-00-00-00-00-00-00-00-00-00
[15:13:06:988]50-49-01-C0-D1-30-06-00-03-00-0E-D1-00
[15:13:06:988]50-49-0E-FF-00-00-00-00-02-00-E0-00-
[15:13:06:988]REMOTE_GET_MODE=00
[15:13:06:988][HID_TX]00-80-07-A7-23-50-41-06-52-01-00-63-00-00-00-00-00-00-00-00-00-00-00-00-00-00-00-00-00-00-00-00-00-00-00-00-00-00-00-00-00-00-00-00-00-00-00-00-00-00-00-00-00-00-00-00-00-00-00-00-00-00-00-00-00
[15:13:06:990]HidD_GetInputReport=True
[15:13:06:990]reply_report=00-4F-00-00-00-00-00-00-00-00-00-00-00-00-00-00-00-00-00-00-00-00-00-00-00-00-00-00-00-00-00-00-00-00-00-00-00-00-00-00-00-00-00-00-00-00-00-00-00-00-00-00-00-00-00-00-00-00-00-00-00-00-00-00-00
[15:13:06:990]50-41-06-52-01-00-63 [CMD_SENT][CMD_GET_IO_LEVEL]
[15:13:06:993][HID_TX_ack]00-12-50-49-01-C0-D5-30-06-00-08-00-06-D2-00-01-DD-FF-1F-00-00-00-00-02-00-E0-00-17-50-49-0E-CD-00-00-00-00-02-00-E0-00-00-03-00-11-BE-17-00-00-00-00-00-00-00-00-00-00-00-00-00-00-00-00-00-00-00
[15:13:06:993]50-49-01-C0-D5-30-06-00-08-00-06-D2-00-01-DD-FF-1F-00
[15:13:07:219][HID_TX]00-80-06-4B-90-50-41-0E-53-01-E0-00-00-00-00-00-00-00-00-00-00-00-00-00-00-00-00-00-00-00-00-00-00-00-00-00-00-00-00-00-00-00-00-00-00-00-00-00-00-00-00-00-00-00-00-00-00-00-00-00-00-00-00-00-00
[15:13:07:220]HidD_GetInputReport=True
[15:13:07:220]reply_report=00-4F-00-00-00-00-00-00-00-00-00-00-00-00-00-00-00-00-00-00-00-00-00-00-00-00-00-00-00-00-00-00-00-00-00-00-00-00-00-00-00-00-00-00-00-00-00-00-00-00-00-00-00-00-00-00-00-00-00-00-00-00-00-00-00
[15:13:07:220]50-41-0E-53-01-E0 [CMD_SENT][REMOTE_GET_MODE]
[15:13:07:223][HID_TX_ack]00-19-50-49-01-C0-8D-31-06-00-03-00-0E-D3-00-50-49-0E-C0-00-00-00-00-02-00-E0-00-17-50-49-0E-CD-00-00-00-00-02-00-E0-00-00-03-00-11-BE-17-00-00-00-00-00-00-00-00-00-00-00-00-00-00-00-00-00-00-00
[15:13:07:223]50-49-01-C0-8D-31-06-00-03-00-0E-D3-00
[15:13:07:223]50-49-0E-C0-00-00-00-00-02-00-E0-00-
[15:13:07:223]REMOTE_GET_MODE=00
[15:13:07:223][HID_TX]00-80-07-9A-53-50-41-06-54-01-00-63-00-00-00-00-00-00-00-00-00-00-00-00-00-00-00-00-00-00-00-00-00-00-00-00-00-00-00-00-00-00-00-00-00-00-00-00-00-00-00-00-00-00-00-00-00-00-00-00-00-00-00-00-00
[15:13:07:224]HidD_GetInputReport=True
[15:13:07:224]reply_report=00-4F-00-00-00-00-00-00-00-00-00-00-00-00-00-00-00-00-00-00-00-00-00-00-00-00-00-00-00-00-00-00-00-00-00-00-00-00-00-00-00-00-00-00-00-00-00-00-00-00-00-00-00-00-00-00-00-00-00-00-00-00-00-00-00
[15:13:07:224]50-41-06-54-01-00-63 [CMD_SENT][CMD_GET_IO_LEVEL]
[15:13:07:227][HID_TX_ack]00-12-50-49-01-C0-91-31-06-00-08-00-06-D4-00-01-DD-FF-1F-00-00-00-00-02-00-E0-00-17-50-49-0E-CD-00-00-00-00-02-00-E0-00-00-03-00-11-BE-17-00-00-00-00-00-00-00-00-00-00-00-00-00-00-00-00-00-00-00
[15:13:07:227]50-49-01-C0-91-31-06-00-08-00-06-D4-00-01-DD-FF-1F-00
[15:13:07:437][HID_TX]00-80-06-76-E0-50-41-0E-55-01-E0-00-00-00-00-00-00-00-00-00-00-00-00-00-00-00-00-00-00-00-00-00-00-00-00-00-00-00-00-00-00-00-00-00-00-00-00-00-00-00-00-00-00-00-00-00-00-00-00-00-00-00-00-00-00
[15:13:07:438]HidD_GetInputReport=True
[15:13:07:438]reply_report=00-4F-00-00-00-00-00-00-00-00-00-00-00-00-00-00-00-00-00-00-00-00-00-00-00-00-00-00-00-00-00-00-00-00-00-00-00-00-00-00-00-00-00-00-00-00-00-00-00-00-00-00-00-00-00-00-00-00-00-00-00-00-00-00-00
[15:13:07:438]50-41-0E-55-01-E0 [CMD_SENT][REMOTE_GET_MODE]
[15:13:07:441][HID_TX_ack]00-19-50-49-01-C0-3C-32-06-00-03-00-0E-D5-00-50-49-0E-C1-00-00-00-00-02-00-E0-00-17-50-49-0E-CD-00-00-00-00-02-00-E0-00-00-03-00-11-BE-17-00-00-00-00-00-00-00-00-00-00-00-00-00-00-00-00-00-00-00
[15:13:07:441]50-49-01-C0-3C-32-06-00-03-00-0E-D5-00
[15:13:07:441]50-49-0E-C1-00-00-00-00-02-00-E0-00-
[15:13:07:441]REMOTE_GET_MODE=00
[15:13:07:441][HID_TX]00-80-07-71-7C-50-41-06-56-01-00-63-00-00-00-00-00-00-00-00-00-00-00-00-00-00-00-00-00-00-00-00-00-00-00-00-00-00-00-00-00-00-00-00-00-00-00-00-00-00-00-00-00-00-00-00-00-00-00-00-00-00-00-00-00
[15:13:07:442]HidD_GetInputReport=True
[15:13:07:442]reply_report=00-4F-00-00-00-00-00-00-00-00-00-00-00-00-00-00-00-00-00-00-00-00-00-00-00-00-00-00-00-00-00-00-00-00-00-00-00-00-00-00-00-00-00-00-00-00-00-00-00-00-00-00-00-00-00-00-00-00-00-00-00-00-00-00-00
[15:13:07:442]50-41-06-56-01-00-63 [CMD_SENT][CMD_GET_IO_LEVEL]
[15:13:07:445][HID_TX_ack]00-12-50-49-01-C0-3F-32-06-00-08-00-06-D6-00-01-DD-FF-1F-00-00-00-00-02-00-E0-00-17-50-49-0E-CD-00-00-00-00-02-00-E0-00-00-03-00-11-BE-17-00-00-00-00-00-00-00-00-00-00-00-00-00-00-00-00-00-00-00
[15:13:07:445]50-49-01-C0-3F-32-06-00-08-00-06-D6-00-01-DD-FF-1F-00
[15:13:07:654][HID_TX]00-80-06-9D-CF-50-41-0E-57-01-E0-00-00-00-00-00-00-00-00-00-00-00-00-00-00-00-00-00-00-00-00-00-00-00-00-00-00-00-00-00-00-00-00-00-00-00-00-00-00-00-00-00-00-00-00-00-00-00-00-00-00-00-00-00-00
[15:13:07:656]HidD_GetInputReport=True
[15:13:07:656]reply_report=00-4F-00-00-00-00-00-00-00-00-00-00-00-00-00-00-00-00-00-00-00-00-00-00-00-00-00-00-00-00-00-00-00-00-00-00-00-00-00-00-00-00-00-00-00-00-00-00-00-00-00-00-00-00-00-00-00-00-00-00-00-00-00-00-00
[15:13:07:656]50-41-0E-57-01-E0 [CMD_SENT][REMOTE_GET_MODE]
[15:13:07:659][HID_TX_ack]00-19-50-49-01-C0-EA-32-06-00-03-00-0E-D7-00-50-49-0E-C2-00-00-00-00-02-00-E0-00-17-50-49-0E-CD-00-00-00-00-02-00-E0-00-00-03-00-11-BE-17-00-00-00-00-00-00-00-00-00-00-00-00-00-00-00-00-00-00-00
[15:13:07:659]50-49-01-C0-EA-32-06-00-03-00-0E-D7-00
[15:13:07:659]50-49-0E-C2-00-00-00-00-02-00-E0-00-
[15:13:07:659]REMOTE_GET_MODE=00
[15:13:07:659][HID_TX]00-80-07-E0-B3-50-41-06-58-01-00-63-00-00-00-00-00-00-00-00-00-00-00-00-00-00-00-00-00-00-00-00-00-00-00-00-00-00-00-00-00-00-00-00-00-00-00-00-00-00-00-00-00-00-00-00-00-00-00-00-00-00-00-00-00
[15:13:07:660]HidD_GetInputReport=True
[15:13:07:660]reply_report=00-4F-00-00-00-00-00-00-00-00-00-00-00-00-00-00-00-00-00-00-00-00-00-00-00-00-00-00-00-00-00-00-00-00-00-00-00-00-00-00-00-00-00-00-00-00-00-00-00-00-00-00-00-00-00-00-00-00-00-00-00-00-00-00-00
[15:13:07:660]50-41-06-58-01-00-63 [CMD_SENT][CMD_GET_IO_LEVEL]
[15:13:07:663][HID_TX_ack]00-12-50-49-01-C0-ED-32-06-00-08-00-06-D8-00-01-DD-FF-1F-00-00-00-00-02-00-E0-00-17-50-49-0E-CD-00-00-00-00-02-00-E0-00-00-03-00-11-BE-17-00-00-00-00-00-00-00-00-00-00-00-00-00-00-00-00-00-00-00
[15:13:07:663]50-49-01-C0-ED-32-06-00-08-00-06-D8-00-01-DD-FF-1F-00
[15:13:07:873][HID_TX]00-80-06-0C-00-50-41-0E-59-01-E0-00-00-00-00-00-00-00-00-00-00-00-00-00-00-00-00-00-00-00-00-00-00-00-00-00-00-00-00-00-00-00-00-00-00-00-00-00-00-00-00-00-00-00-00-00-00-00-00-00-00-00-00-00-00
[15:13:07:874]HidD_GetInputReport=True
[15:13:07:874]reply_report=00-4F-00-00-00-00-00-00-00-00-00-00-00-00-00-00-00-00-00-00-00-00-00-00-00-00-00-00-00-00-00-00-00-00-00-00-00-00-00-00-00-00-00-00-00-00-00-00-00-00-00-00-00-00-00-00-00-00-00-00-00-00-00-00-00
[15:13:07:874]50-41-0E-59-01-E0 [CMD_SENT][REMOTE_GET_MODE]
[15:13:07:876][HID_TX_ack]00-19-50-49-01-C0-98-33-06-00-03-00-0E-D9-00-50-49-0E-C3-00-00-00-00-02-00-E0-00-17-50-49-0E-CD-00-00-00-00-02-00-E0-00-00-03-00-11-BE-17-00-00-00-00-00-00-00-00-00-00-00-00-00-00-00-00-00-00-00
[15:13:07:876]50-49-01-C0-98-33-06-00-03-00-0E-D9-00
[15:13:07:876]50-49-0E-C3-00-00-00-00-02-00-E0-00-
[15:13:07:876]REMOTE_GET_MODE=00
[15:13:07:877][HID_TX]00-80-07-0B-9C-50-41-06-5A-01-00-63-00-00-00-00-00-00-00-00-00-00-00-00-00-00-00-00-00-00-00-00-00-00-00-00-00-00-00-00-00-00-00-00-00-00-00-00-00-00-00-00-00-00-00-00-00-00-00-00-00-00-00-00-00
[15:13:07:878]HidD_GetInputReport=True
[15:13:07:878]reply_report=00-4F-00-00-00-00-00-00-00-00-00-00-00-00-00-00-00-00-00-00-00-00-00-00-00-00-00-00-00-00-00-00-00-00-00-00-00-00-00-00-00-00-00-00-00-00-00-00-00-00-00-00-00-00-00-00-00-00-00-00-00-00-00-00-00
[15:13:07:878]50-41-06-5A-01-00-63 [CMD_SENT][CMD_GET_IO_LEVEL]
[15:13:07:882][HID_TX_ack]00-12-50-49-01-C0-9C-33-06-00-08-00-06-DA-00-01-DD-FF-1F-00-00-00-00-02-00-E0-00-17-50-49-0E-CD-00-00-00-00-02-00-E0-00-00-03-00-11-BE-17-00-00-00-00-00-00-00-00-00-00-00-00-00-00-00-00-00-00-00
[15:13:07:882]50-49-01-C0-9C-33-06-00-08-00-06-DA-00-01-DD-FF-1F-00
[15:13:08:881][HID_TX]00-80-07-67-DB-50-41-0E-5B-02-E1-00-00-00-00-00-00-00-00-00-00-00-00-00-00-00-00-00-00-00-00-00-00-00-00-00-00-00-00-00-00-00-00-00-00-00-00-00-00-00-00-00-00-00-00-00-00-00-00-00-00-00-00-00-00
[15:13:08:882]HidD_GetInputReport=True
[15:13:08:882]reply_report=00-4F-00-00-00-00-00-00-00-00-00-00-00-00-00-00-00-00-00-00-00-00-00-00-00-00-00-00-00-00-00-00-00-00-00-00-00-00-00-00-00-00-00-00-00-00-00-00-00-00-00-00-00-00-00-00-00-00-00-00-00-00-00-00-00
[15:13:08:882]50-41-0E-5B-02-E1-00 [CMD_SENT][REMOTE_SET_MODE] is_remote=False
[15:13:08:885][HID_TX_ack]00-0D-50-49-01-C0-C0-36-06-00-03-00-0E-DB-00-01-DD-FF-1F-00-00-00-00-02-00-E0-00-17-50-49-0E-CD-00-00-00-00-02-00-E0-00-00-03-00-11-BE-17-00-00-00-00-00-00-00-00-00-00-00-00-00-00-00-00-00-00-00
[15:13:08:885]50-49-01-C0-C0-36-06-00-03-00-0E-DB-00
[15:13:08:886]ystech_Power_Saving, is_EnablePowerSaving=True
[15:13:08:887][HID_TX]00-85-01-73-56-02-00-00-00-00-00-00-00-00-00-00-00-00-00-00-00-00-00-00-00-00-00-00-00-00-00-00-00-00-00-00-00-00-00-00-00-00-00-00-00-00-00-00-00-00-00-00-00-00-00-00-00-00-00-00-00-00-00-00-00
[15:13:08:888]HidD_GetInputReport=True
[15:13:08:888]reply_report=00-4F-00-00-00-00-00-00-00-00-00-00-00-00-00-00-00-00-00-00-00-00-00-00-00-00-00-00-00-00-00-00-00-00-00-00-00-00-00-00-00-00-00-00-00-00-00-00-00-00-00-00-00-00-00-00-00-00-00-00-00-00-00-00-00
[15:13:08:888]HID_CMD_POWER_SAVING_Enable
[15:13:08:888]close_hid_stream
[15:13:08:888]close_hid_handle
