[10:57:12:183]\\?\hid#dell09c2&col02#5&bc4dc33&0&0001#{4d1e55b2-f16f-11cf-88cb-001111000030}
[10:57:12:183]\\?\hid#dell09c2&col03#5&bc4dc33&0&0002#{4d1e55b2-f16f-11cf-88cb-001111000030}
[10:57:12:183]\\?\hid#intc816&col01#3&207f9b7f&0&0000#{4d1e55b2-f16f-11cf-88cb-001111000030}
[10:57:12:183]\\?\hid#intc816&col02#3&207f9b7f&0&0001#{4d1e55b2-f16f-11cf-88cb-001111000030}
[10:57:12:183]\\?\hid#converteddevice&col02#5&17bac0a6&0&0001#{4d1e55b2-f16f-11cf-88cb-001111000030}
[10:57:12:183]\\?\hid#converteddevice&col03#5&17bac0a6&0&0002#{4d1e55b2-f16f-11cf-88cb-001111000030}
[10:57:12:183]\\?\hid#dell09c2&col04#5&bc4dc33&0&0003#{4d1e55b2-f16f-11cf-88cb-001111000030}
[10:57:12:183]\\?\hid#{00001812-0000-1000-8000-00805f9b34fb}_dev_vid&0232c2_pid&0001_rev&0068_ccb624cd66b1#9&326e3aae&0&0000#{4d1e55b2-f16f-11cf-88cb-001111000030}
[10:57:12:183]\\?\hid#dell09c2&col05#5&bc4dc33&0&0004#{4d1e55b2-f16f-11cf-88cb-001111000030}
[10:57:12:184]\\?\hid#converteddevice&col01#5&17bac0a6&0&0000#{4d1e55b2-f16f-11cf-88cb-001111000030}\kbd
[10:57:12:184]\\?\hid#dell09c2&col01#5&bc4dc33&0&0000#{4d1e55b2-f16f-11cf-88cb-001111000030}
[10:57:12:184]\\?\hid#vid_046d&pid_0adf&mi_00#7&3ad8dff3&0&0000#{4d1e55b2-f16f-11cf-88cb-001111000030}
[10:57:12:184]\\?\hid#vid_046d&pid_0adf&mi_04#7&18e94d0e&0&0000#{4d1e55b2-f16f-11cf-88cb-001111000030}
[10:57:12:185]try_path=\\?\hid#vid_046d&pid_0adf&mi_00#7&3ad8dff3&0&0000#{4d1e55b2-f16f-11cf-88cb-001111000030}
[10:57:12:187]	InputReportByteLength=65
[10:57:12:187]	OutputReportByteLength=65
[10:57:12:187]HID_Connected=\\?\hid#vid_046d&pid_0adf&mi_00#7&3ad8dff3&0&0000#{4d1e55b2-f16f-11cf-88cb-001111000030}
[10:57:12:189][HID_TX]00-84-01-D1-55-01-00-00-00-00-00-00-00-00-00-00-00-00-00-00-00-00-00-00-00-00-00-00-00-00-00-00-00-00-00-00-00-00-00-00-00-00-00-00-00-00-00-00-00-00-00-00-00-00-00-00-00-00-00-00-00-00-00-00-00
[10:57:12:190]HidD_GetInputReport=True
[10:57:12:190]reply_report=00-4F-56-31-2E-38-2E-35-2E-31-00-00-00-00-00-00-00-00-00-00-00-00-00-00-00-00-00-00-00-00-00-00-00-00-00-00-00-00-00-00-00-00-00-00-00-00-00-00-00-00-00-00-00-00-00-00-00-00-00-00-00-00-00-00-00
[10:57:12:190][ys_tech] fw_version=V1.8.5.1
[10:57:12:190]ystech_Power_Saving, is_EnablePowerSaving=False
[10:57:12:190][HID_TX]00-85-01-83-8B-01-00-00-00-00-00-00-00-00-00-00-00-00-00-00-00-00-00-00-00-00-00-00-00-00-00-00-00-00-00-00-00-00-00-00-00-00-00-00-00-00-00-00-00-00-00-00-00-00-00-00-00-00-00-00-00-00-00-00-00
[10:57:12:191]HidD_GetInputReport=True
[10:57:12:191]reply_report=00-4F-00-00-00-00-00-00-00-00-00-00-00-00-00-00-00-00-00-00-00-00-00-00-00-00-00-00-00-00-00-00-00-00-00-00-00-00-00-00-00-00-00-00-00-00-00-00-00-00-00-00-00-00-00-00-00-00-00-00-00-00-00-00-00
[10:57:12:191]HID_CMD_POWER_SAVING_Disable
[10:57:12:191]path_connected=\\?\hid#vid_046d&pid_0adf&mi_00#7&3ad8dff3&0&0000#{4d1e55b2-f16f-11cf-88cb-001111000030}
[10:57:13:375][HID_TX]00-80-06-1C-7D-50-41-0E-01-01-E0-00-00-00-00-00-00-00-00-00-00-00-00-00-00-00-00-00-00-00-00-00-00-00-00-00-00-00-00-00-00-00-00-00-00-00-00-00-00-00-00-00-00-00-00-00-00-00-00-00-00-00-00-00-00
[10:57:13:377]HidD_GetInputReport=True
[10:57:13:377]reply_report=00-4F-00-00-00-00-00-00-00-00-00-00-00-00-00-00-00-00-00-00-00-00-00-00-00-00-00-00-00-00-00-00-00-00-00-00-00-00-00-00-00-00-00-00-00-00-00-00-00-00-00-00-00-00-00-00-00-00-00-00-00-00-00-00-00
[10:57:13:377]50-41-0E-01-01-E0 [CMD_SENT][REMOTE_GET_MODE]
[10:57:13:382][HID_TX_ack]00-19-50-49-01-C0-27-AF-00-00-03-00-0E-81-00-50-49-0E-E9-00-00-00-00-02-00-E0-00-17-32-00-00-00-00-00-00-00-00-00-00-00-00-00-00-00-00-00-00-00-00-00-00-00-00-00-00-00-00-00-00-00-00-00-00-00-00
[10:57:13:385]REMOTE_GET_MODE=00
[10:57:13:385]50-49-01-C0-27-AF-00-00-03-00-0E-81-00
[10:57:13:385]50-49-0E-E9-00-00-00-00-02-00-E0-00-
[10:57:13:385][HID_TX]00-80-07-F5-A5-50-41-0E-02-02-E1-01-00-00-00-00-00-00-00-00-00-00-00-00-00-00-00-00-00-00-00-00-00-00-00-00-00-00-00-00-00-00-00-00-00-00-00-00-00-00-00-00-00-00-00-00-00-00-00-00-00-00-00-00-00
[10:57:13:387]HidD_GetInputReport=True
[10:57:13:387]reply_report=00-4F-00-00-00-00-00-00-00-00-00-00-00-00-00-00-00-00-00-00-00-00-00-00-00-00-00-00-00-00-00-00-00-00-00-00-00-00-00-00-00-00-00-00-00-00-00-00-00-00-00-00-00-00-00-00-00-00-00-00-00-00-00-00-00
[10:57:13:387]50-41-0E-02-02-E1-01 [CMD_SENT][REMOTE_SET_MODE] is_remote=True
[10:57:13:389][HID_TX_ack]00-0D-50-49-01-C0-2F-AF-00-00-03-00-0E-82-00-50-49-0E-E9-00-00-00-00-02-00-E0-00-17-32-00-00-00-00-00-00-00-00-00-00-00-00-00-00-00-00-00-00-00-00-00-00-00-00-00-00-00-00-00-00-00-00-00-00-00-00
[10:57:13:389]50-49-01-C0-2F-AF-00-00-03-00-0E-82-00
[10:57:13:390][HID_TX]00-80-13-A8-D9-50-41-06-03-0D-00-25-34-12-5A-5A-01-00-00-00-F0-00-00-00-00-00-00-00-00-00-00-00-00-00-00-00-00-00-00-00-00-00-00-00-00-00-00-00-00-00-00-00-00-00-00-00-00-00-00-00-00-00-00-00-00
[10:57:13:390]HidD_GetInputReport=True
[10:57:13:390]reply_report=00-4F-00-00-00-00-00-00-00-00-00-00-00-00-00-00-00-00-00-00-00-00-00-00-00-00-00-00-00-00-00-00-00-00-00-00-00-00-00-00-00-00-00-00-00-00-00-00-00-00-00-00-00-00-00-00-00-00-00-00-00-00-00-00-00
[10:57:13:390]50-41-06-03-0D-00-25-34-12-5A-5A-01-00-00-00-F0-00-00-00 [CMD_SENT][OTA_CMD_IOCTL][READ_MAX_LEN]
[10:57:13:424][HID_TX_ack]00-11-50-49-01-EA-F9-67-11-00-07-00-06-83-00-F0-00-00-00-00-00-00-00-02-00-E0-00-17-32-00-00-00-00-00-00-00-00-00-00-00-00-00-00-00-00-00-00-00-00-00-00-00-00-00-00-00-00-00-00-00-00-00-00-00-00
[10:57:13:424]50-49-01-EA-F9-67-11-00-07-00-06-83-00-F0-00-00-00
[10:57:13:424][HID_TX]00-80-06-2F-BD-50-41-0E-04-01-E0-00-00-00-00-00-00-00-00-00-00-00-00-00-00-00-00-00-00-00-00-00-00-00-00-00-00-00-00-00-00-00-00-00-00-00-00-00-00-00-00-00-00-00-00-00-00-00-00-00-00-00-00-00-00
[10:57:13:426]HidD_GetInputReport=True
[10:57:13:426]reply_report=00-4F-00-00-00-00-00-00-00-00-00-00-00-00-00-00-00-00-00-00-00-00-00-00-00-00-00-00-00-00-00-00-00-00-00-00-00-00-00-00-00-00-00-00-00-00-00-00-00-00-00-00-00-00-00-00-00-00-00-00-00-00-00-00-00
[10:57:13:426]50-41-0E-04-01-E0 [CMD_SENT][REMOTE_GET_MODE]
[10:57:13:428][HID_TX_ack]00-19-50-49-01-C0-4F-AF-00-00-03-00-0E-84-00-50-49-0E-EB-00-00-00-00-02-00-E0-01-17-32-00-00-00-00-00-00-00-00-00-00-00-00-00-00-00-00-00-00-00-00-00-00-00-00-00-00-00-00-00-00-00-00-00-00-00-00
[10:57:13:428]50-49-01-C0-4F-AF-00-00-03-00-0E-84-00
[10:57:13:428]50-49-0E-EB-00-00-00-00-02-00-E0-01-
[10:57:13:428]REMOTE_GET_MODE=01
[10:57:13:429][HID_TX]00-80-07-C3-0E-50-41-06-05-01-00-63-00-00-00-00-00-00-00-00-00-00-00-00-00-00-00-00-00-00-00-00-00-00-00-00-00-00-00-00-00-00-00-00-00-00-00-00-00-00-00-00-00-00-00-00-00-00-00-00-00-00-00-00-00
[10:57:13:430]HidD_GetInputReport=True
[10:57:13:430]reply_report=00-4F-00-00-00-00-00-00-00-00-00-00-00-00-00-00-00-00-00-00-00-00-00-00-00-00-00-00-00-00-00-00-00-00-00-00-00-00-00-00-00-00-00-00-00-00-00-00-00-00-00-00-00-00-00-00-00-00-00-00-00-00-00-00-00
[10:57:13:430]50-41-06-05-01-00-63 [CMD_SENT][CMD_GET_IO_LEVEL]
[10:57:13:455][HID_TX_ack]00-12-50-49-01-EC-21-68-11-00-08-00-06-85-00-01-FF-FF-1F-00-00-00-00-02-00-E0-01-17-32-00-00-00-00-00-00-00-00-00-00-00-00-00-00-00-00-00-00-00-00-00-00-00-00-00-00-00-00-00-00-00-00-00-00-00-00
[10:57:13:455]50-49-01-EC-21-68-11-00-08-00-06-85-00-01-FF-FF-1F-00
[10:57:13:666][HID_TX]00-80-06-C4-92-50-41-0E-06-01-E0-00-00-00-00-00-00-00-00-00-00-00-00-00-00-00-00-00-00-00-00-00-00-00-00-00-00-00-00-00-00-00-00-00-00-00-00-00-00-00-00-00-00-00-00-00-00-00-00-00-00-00-00-00-00
[10:57:13:667]HidD_GetInputReport=True
[10:57:13:667]reply_report=00-4F-00-00-00-00-00-00-00-00-00-00-00-00-00-00-00-00-00-00-00-00-00-00-00-00-00-00-00-00-00-00-00-00-00-00-00-00-00-00-00-00-00-00-00-00-00-00-00-00-00-00-00-00-00-00-00-00-00-00-00-00-00-00-00
[10:57:13:667]50-41-0E-06-01-E0 [CMD_SENT][REMOTE_GET_MODE]
[10:57:13:671][HID_TX_ack]00-19-50-49-01-C0-10-B0-00-00-03-00-0E-86-00-50-49-0E-ED-00-00-00-00-02-00-E0-01-17-32-00-00-00-00-00-00-00-00-00-00-00-00-00-00-00-00-00-00-00-00-00-00-00-00-00-00-00-00-00-00-00-00-00-00-00-00
[10:57:13:671]50-49-01-C0-10-B0-00-00-03-00-0E-86-00
[10:57:13:671]50-49-0E-ED-00-00-00-00-02-00-E0-01-
[10:57:13:671]REMOTE_GET_MODE=01
[10:57:13:671][HID_TX]00-80-07-28-21-50-41-06-07-01-00-63-00-00-00-00-00-00-00-00-00-00-00-00-00-00-00-00-00-00-00-00-00-00-00-00-00-00-00-00-00-00-00-00-00-00-00-00-00-00-00-00-00-00-00-00-00-00-00-00-00-00-00-00-00
[10:57:13:672]HidD_GetInputReport=True
[10:57:13:672]reply_report=00-4F-00-00-00-00-00-00-00-00-00-00-00-00-00-00-00-00-00-00-00-00-00-00-00-00-00-00-00-00-00-00-00-00-00-00-00-00-00-00-00-00-00-00-00-00-00-00-00-00-00-00-00-00-00-00-00-00-00-00-00-00-00-00-00
[10:57:13:672]50-41-06-07-01-00-63 [CMD_SENT][CMD_GET_IO_LEVEL]
[10:57:13:695][HID_TX_ack]00-12-50-49-01-EE-E5-68-11-00-08-00-06-87-00-01-FF-FF-1F-00-00-00-00-02-00-E0-01-17-32-00-00-00-00-00-00-00-00-00-00-00-00-00-00-00-00-00-00-00-00-00-00-00-00-00-00-00-00-00-00-00-00-00-00-00-00
[10:57:13:695]50-49-01-EE-E5-68-11-00-08-00-06-87-00-01-FF-FF-1F-00
[10:57:13:912][HID_TX]00-80-06-55-5D-50-41-0E-08-01-E0-00-00-00-00-00-00-00-00-00-00-00-00-00-00-00-00-00-00-00-00-00-00-00-00-00-00-00-00-00-00-00-00-00-00-00-00-00-00-00-00-00-00-00-00-00-00-00-00-00-00-00-00-00-00
[10:57:13:914]HidD_GetInputReport=True
[10:57:13:914]reply_report=00-4F-00-00-00-00-00-00-00-00-00-00-00-00-00-00-00-00-00-00-00-00-00-00-00-00-00-00-00-00-00-00-00-00-00-00-00-00-00-00-00-00-00-00-00-00-00-00-00-00-00-00-00-00-00-00-00-00-00-00-00-00-00-00-00
[10:57:13:914]50-41-0E-08-01-E0 [CMD_SENT][REMOTE_GET_MODE]
[10:57:13:916][HID_TX_ack]00-19-50-49-01-C0-D4-B0-00-00-03-00-0E-88-00-50-49-0E-EF-00-00-00-00-02-00-E0-01-17-32-00-00-00-00-00-00-00-00-00-00-00-00-00-00-00-00-00-00-00-00-00-00-00-00-00-00-00-00-00-00-00-00-00-00-00-00
[10:57:13:916]50-49-01-C0-D4-B0-00-00-03-00-0E-88-00
[10:57:13:916]50-49-0E-EF-00-00-00-00-02-00-E0-01-
[10:57:13:916]REMOTE_GET_MODE=01
[10:57:13:916][HID_TX]00-80-07-B9-EE-50-41-06-09-01-00-63-00-00-00-00-00-00-00-00-00-00-00-00-00-00-00-00-00-00-00-00-00-00-00-00-00-00-00-00-00-00-00-00-00-00-00-00-00-00-00-00-00-00-00-00-00-00-00-00-00-00-00-00-00
[10:57:13:918]HidD_GetInputReport=True
[10:57:13:918]reply_report=00-4F-00-00-00-00-00-00-00-00-00-00-00-00-00-00-00-00-00-00-00-00-00-00-00-00-00-00-00-00-00-00-00-00-00-00-00-00-00-00-00-00-00-00-00-00-00-00-00-00-00-00-00-00-00-00-00-00-00-00-00-00-00-00-00
[10:57:13:918]50-41-06-09-01-00-63 [CMD_SENT][CMD_GET_IO_LEVEL]
[10:57:13:939][HID_TX_ack]00-12-50-49-01-F0-A3-69-11-00-08-00-06-89-00-01-FF-FF-1E-00-00-00-00-02-00-E0-01-17-32-00-00-00-00-00-00-00-00-00-00-00-00-00-00-00-00-00-00-00-00-00-00-00-00-00-00-00-00-00-00-00-00-00-00-00-00
[10:57:13:939]50-49-01-F0-A3-69-11-00-08-00-06-89-00-01-FF-FF-1E-00
[10:57:14:159][HID_TX]00-80-06-BE-72-50-41-0E-0A-01-E0-00-00-00-00-00-00-00-00-00-00-00-00-00-00-00-00-00-00-00-00-00-00-00-00-00-00-00-00-00-00-00-00-00-00-00-00-00-00-00-00-00-00-00-00-00-00-00-00-00-00-00-00-00-00
[10:57:14:160]HidD_GetInputReport=True
[10:57:14:160]reply_report=00-4F-00-00-00-00-00-00-00-00-00-00-00-00-00-00-00-00-00-00-00-00-00-00-00-00-00-00-00-00-00-00-00-00-00-00-00-00-00-00-00-00-00-00-00-00-00-00-00-00-00-00-00-00-00-00-00-00-00-00-00-00-00-00-00
[10:57:14:160]50-41-0E-0A-01-E0 [CMD_SENT][REMOTE_GET_MODE]
[10:57:14:163][HID_TX_ack]00-19-50-49-01-C0-9A-B1-00-00-03-00-0E-8A-00-50-49-0E-F1-00-00-00-00-02-00-E0-01-17-32-00-00-00-00-00-00-00-00-00-00-00-00-00-00-00-00-00-00-00-00-00-00-00-00-00-00-00-00-00-00-00-00-00-00-00-00
[10:57:14:163]50-49-01-C0-9A-B1-00-00-03-00-0E-8A-00
[10:57:14:163]50-49-0E-F1-00-00-00-00-02-00-E0-01-
[10:57:14:163]REMOTE_GET_MODE=01
[10:57:14:163][HID_TX]00-80-07-52-C1-50-41-06-0B-01-00-63-00-00-00-00-00-00-00-00-00-00-00-00-00-00-00-00-00-00-00-00-00-00-00-00-00-00-00-00-00-00-00-00-00-00-00-00-00-00-00-00-00-00-00-00-00-00-00-00-00-00-00-00-00
[10:57:14:164]HidD_GetInputReport=True
[10:57:14:164]reply_report=00-4F-00-00-00-00-00-00-00-00-00-00-00-00-00-00-00-00-00-00-00-00-00-00-00-00-00-00-00-00-00-00-00-00-00-00-00-00-00-00-00-00-00-00-00-00-00-00-00-00-00-00-00-00-00-00-00-00-00-00-00-00-00-00-00
[10:57:14:164]50-41-06-0B-01-00-63 [CMD_SENT][CMD_GET_IO_LEVEL]
[10:57:14:184][HID_TX_ack]00-12-50-49-01-F2-64-6A-11-00-08-00-06-8B-00-01-FF-FF-1E-00-00-00-00-02-00-E0-01-17-32-00-00-00-00-00-00-00-00-00-00-00-00-00-00-00-00-00-00-00-00-00-00-00-00-00-00-00-00-00-00-00-00-00-00-00-00
[10:57:14:184]50-49-01-F2-64-6A-11-00-08-00-06-8B-00-01-FF-FF-1E-00
[10:57:14:407][HID_TX]00-80-06-83-02-50-41-0E-0C-01-E0-00-00-00-00-00-00-00-00-00-00-00-00-00-00-00-00-00-00-00-00-00-00-00-00-00-00-00-00-00-00-00-00-00-00-00-00-00-00-00-00-00-00-00-00-00-00-00-00-00-00-00-00-00-00
[10:57:14:409]HidD_GetInputReport=True
[10:57:14:409]reply_report=00-4F-00-00-00-00-00-00-00-00-00-00-00-00-00-00-00-00-00-00-00-00-00-00-00-00-00-00-00-00-00-00-00-00-00-00-00-00-00-00-00-00-00-00-00-00-00-00-00-00-00-00-00-00-00-00-00-00-00-00-00-00-00-00-00
[10:57:14:409]50-41-0E-0C-01-E0 [CMD_SENT][REMOTE_GET_MODE]
[10:57:14:411][HID_TX_ack]00-19-50-49-01-C0-60-B2-00-00-03-00-0E-8C-00-50-49-0E-F3-00-00-00-00-02-00-E0-01-17-32-00-00-00-00-00-00-00-00-00-00-00-00-00-00-00-00-00-00-00-00-00-00-00-00-00-00-00-00-00-00-00-00-00-00-00-00
[10:57:14:411]50-49-01-C0-60-B2-00-00-03-00-0E-8C-00
[10:57:14:411]50-49-0E-F3-00-00-00-00-02-00-E0-01-
[10:57:14:411]REMOTE_GET_MODE=01
[10:57:14:411][HID_TX]00-80-07-6F-B1-50-41-06-0D-01-00-63-00-00-00-00-00-00-00-00-00-00-00-00-00-00-00-00-00-00-00-00-00-00-00-00-00-00-00-00-00-00-00-00-00-00-00-00-00-00-00-00-00-00-00-00-00-00-00-00-00-00-00-00-00
[10:57:14:412]HidD_GetInputReport=True
[10:57:14:412]reply_report=00-4F-00-00-00-00-00-00-00-00-00-00-00-00-00-00-00-00-00-00-00-00-00-00-00-00-00-00-00-00-00-00-00-00-00-00-00-00-00-00-00-00-00-00-00-00-00-00-00-00-00-00-00-00-00-00-00-00-00-00-00-00-00-00-00
[10:57:14:412]50-41-06-0D-01-00-63 [CMD_SENT][CMD_GET_IO_LEVEL]
[10:57:14:447][HID_TX_ack]00-12-50-49-01-F4-2B-6B-11-00-08-00-06-8D-00-01-FF-FF-1E-00-00-00-00-02-00-E0-01-17-32-00-00-00-00-00-00-00-00-00-00-00-00-00-00-00-00-00-00-00-00-00-00-00-00-00-00-00-00-00-00-00-00-00-00-00-00
[10:57:14:447]50-49-01-F4-2B-6B-11-00-08-00-06-8D-00-01-FF-FF-1E-00
[10:57:14:672][HID_TX]00-80-06-68-2D-50-41-0E-0E-01-E0-00-00-00-00-00-00-00-00-00-00-00-00-00-00-00-00-00-00-00-00-00-00-00-00-00-00-00-00-00-00-00-00-00-00-00-00-00-00-00-00-00-00-00-00-00-00-00-00-00-00-00-00-00-00
[10:57:14:673]HidD_GetInputReport=True
[10:57:14:673]reply_report=00-4F-00-00-00-00-00-00-00-00-00-00-00-00-00-00-00-00-00-00-00-00-00-00-00-00-00-00-00-00-00-00-00-00-00-00-00-00-00-00-00-00-00-00-00-00-00-00-00-00-00-00-00-00-00-00-00-00-00-00-00-00-00-00-00
[10:57:14:673]50-41-0E-0E-01-E0 [CMD_SENT][REMOTE_GET_MODE]
[10:57:14:677][HID_TX_ack]00-19-50-49-01-C0-35-B3-00-00-03-00-0E-8E-00-50-49-0E-F5-00-00-00-00-02-00-E0-01-17-32-00-00-00-00-00-00-00-00-00-00-00-00-00-00-00-00-00-00-00-00-00-00-00-00-00-00-00-00-00-00-00-00-00-00-00-00
[10:57:14:677]REMOTE_GET_MODE=01
[10:57:14:677]50-49-01-C0-35-B3-00-00-03-00-0E-8E-00
[10:57:14:677]50-49-0E-F5-00-00-00-00-02-00-E0-01-
[10:57:14:677][HID_TX]00-80-07-84-9E-50-41-06-0F-01-00-63-00-00-00-00-00-00-00-00-00-00-00-00-00-00-00-00-00-00-00-00-00-00-00-00-00-00-00-00-00-00-00-00-00-00-00-00-00-00-00-00-00-00-00-00-00-00-00-00-00-00-00-00-00
[10:57:14:678]HidD_GetInputReport=True
[10:57:14:678]reply_report=00-4F-00-00-00-00-00-00-00-00-00-00-00-00-00-00-00-00-00-00-00-00-00-00-00-00-00-00-00-00-00-00-00-00-00-00-00-00-00-00-00-00-00-00-00-00-00-00-00-00-00-00-00-00-00-00-00-00-00-00-00-00-00-00-00
[10:57:14:678]50-41-06-0F-01-00-63 [CMD_SENT][CMD_GET_IO_LEVEL]
[10:57:14:708][HID_TX_ack]00-12-50-49-01-F6-0D-6C-11-00-08-00-06-8F-00-01-FF-FF-1E-00-00-00-00-02-00-E0-01-17-32-00-00-00-00-00-00-00-00-00-00-00-00-00-00-00-00-00-00-00-00-00-00-00-00-00-00-00-00-00-00-00-00-00-00-00-00
[10:57:14:709]50-49-01-F6-0D-6C-11-00-08-00-06-8F-00-01-FF-FF-1E-00
[10:57:14:892][HID_TX_ack]00-0D-50-49-11-F7-E1-B3-00-00-03-00-20-EA-00-01-FF-FF-1E-00-00-00-00-02-00-E0-01-17-32-00-00-00-00-00-00-00-00-00-00-00-00-00-00-00-00-00-00-00-00-00-00-00-00-00-00-00-00-00-00-00-00-00-00-00-00
[10:57:14:893]50-49-11-F7-E1-B3-00-00-03-00-20-EA-00
[10:57:14:899][HID_TX_ack]00-1A-50-49-01-C0-E7-B3-00-00-03-00-11-8E-18-50-49-01-C0-E8-B3-00-00-03-00-11-8F-17-32-00-00-00-00-00-00-00-00-00-00-00-00-00-00-00-00-00-00-00-00-00-00-00-00-00-00-00-00-00-00-00-00-00-00-00-00
[10:57:14:900]50-49-01-C0-E7-B3-00-00-03-00-11-8E-18
[10:57:14:900]50-49-01-C0-E8-B3-00-00-03-00-11-8F-17
[10:57:14:903][HID_TX_ack]00-0D-50-49-11-F8-E9-B3-00-00-03-00-20-00-00-50-49-01-C0-E8-B3-00-00-03-00-11-8F-17-32-00-00-00-00-00-00-00-00-00-00-00-00-00-00-00-00-00-00-00-00-00-00-00-00-00-00-00-00-00-00-00-00-00-00-00-00
[10:57:14:903]50-49-11-F8-E9-B3-00-00-03-00-20-00-00
[10:57:14:921][HID_TX]00-80-06-80-8D-50-41-0E-10-01-E0-00-00-00-00-00-00-00-00-00-00-00-00-00-00-00-00-00-00-00-00-00-00-00-00-00-00-00-00-00-00-00-00-00-00-00-00-00-00-00-00-00-00-00-00-00-00-00-00-00-00-00-00-00-00
[10:57:14:921]HidD_GetInputReport=True
[10:57:14:921]reply_report=00-4F-00-00-00-00-00-00-00-00-00-00-00-00-00-00-00-00-00-00-00-00-00-00-00-00-00-00-00-00-00-00-00-00-00-00-00-00-00-00-00-00-00-00-00-00-00-00-00-00-00-00-00-00-00-00-00-00-00-00-00-00-00-00-00
[10:57:14:921]50-41-0E-10-01-E0 [CMD_SENT][REMOTE_GET_MODE]
[10:57:14:924][HID_TX_ack]00-19-50-49-01-C0-FB-B3-00-00-03-00-0E-90-00-50-49-0E-F9-00-00-00-00-02-00-E0-01-17-32-00-00-00-00-00-00-00-00-00-00-00-00-00-00-00-00-00-00-00-00-00-00-00-00-00-00-00-00-00-00-00-00-00-00-00-00
[10:57:14:924]50-49-01-C0-FB-B3-00-00-03-00-0E-90-00
[10:57:14:924]50-49-0E-F9-00-00-00-00-02-00-E0-01-
[10:57:14:924]REMOTE_GET_MODE=01
[10:57:14:924][HID_TX]00-80-07-6C-3E-50-41-06-11-01-00-63-00-00-00-00-00-00-00-00-00-00-00-00-00-00-00-00-00-00-00-00-00-00-00-00-00-00-00-00-00-00-00-00-00-00-00-00-00-00-00-00-00-00-00-00-00-00-00-00-00-00-00-00-00
[10:57:14:925]HidD_GetInputReport=True
[10:57:14:925]reply_report=00-4F-00-00-00-00-00-00-00-00-00-00-00-00-00-00-00-00-00-00-00-00-00-00-00-00-00-00-00-00-00-00-00-00-00-00-00-00-00-00-00-00-00-00-00-00-00-00-00-00-00-00-00-00-00-00-00-00-00-00-00-00-00-00-00
[10:57:14:925]50-41-06-11-01-00-63 [CMD_SENT][CMD_GET_IO_LEVEL]
[10:57:14:935][HID_TX_ack]00-12-50-49-01-FA-C4-6C-11-00-08-00-06-91-00-01-FF-FF-1F-00-00-00-00-02-00-E0-01-17-32-00-00-00-00-00-00-00-00-00-00-00-00-00-00-00-00-00-00-00-00-00-00-00-00-00-00-00-00-00-00-00-00-00-00-00-00
[10:57:14:935]50-49-01-FA-C4-6C-11-00-08-00-06-91-00-01-FF-FF-1F-00
[10:57:15:154][HID_TX]00-80-06-6B-A2-50-41-0E-12-01-E0-00-00-00-00-00-00-00-00-00-00-00-00-00-00-00-00-00-00-00-00-00-00-00-00-00-00-00-00-00-00-00-00-00-00-00-00-00-00-00-00-00-00-00-00-00-00-00-00-00-00-00-00-00-00
[10:57:15:157]HidD_GetInputReport=True
[10:57:15:157]reply_report=00-4F-00-00-00-00-00-00-00-00-00-00-00-00-00-00-00-00-00-00-00-00-00-00-00-00-00-00-00-00-00-00-00-00-00-00-00-00-00-00-00-00-00-00-00-00-00-00-00-00-00-00-00-00-00-00-00-00-00-00-00-00-00-00-00
[10:57:15:157]50-41-0E-12-01-E0 [CMD_SENT][REMOTE_GET_MODE]
[10:57:15:158][HID_TX_ack]00-19-50-49-01-C0-B7-B4-00-00-03-00-0E-92-00-50-49-0E-FB-00-00-00-00-02-00-E0-01-17-32-00-00-00-00-00-00-00-00-00-00-00-00-00-00-00-00-00-00-00-00-00-00-00-00-00-00-00-00-00-00-00-00-00-00-00-00
[10:57:15:158]50-49-01-C0-B7-B4-00-00-03-00-0E-92-00
[10:57:15:158]50-49-0E-FB-00-00-00-00-02-00-E0-01-
[10:57:15:158]REMOTE_GET_MODE=01
[10:57:15:158][HID_TX]00-80-07-87-11-50-41-06-13-01-00-63-00-00-00-00-00-00-00-00-00-00-00-00-00-00-00-00-00-00-00-00-00-00-00-00-00-00-00-00-00-00-00-00-00-00-00-00-00-00-00-00-00-00-00-00-00-00-00-00-00-00-00-00-00
[10:57:15:160]HidD_GetInputReport=True
[10:57:15:160]reply_report=00-4F-00-00-00-00-00-00-00-00-00-00-00-00-00-00-00-00-00-00-00-00-00-00-00-00-00-00-00-00-00-00-00-00-00-00-00-00-00-00-00-00-00-00-00-00-00-00-00-00-00-00-00-00-00-00-00-00-00-00-00-00-00-00-00
[10:57:15:160]50-41-06-13-01-00-63 [CMD_SENT][CMD_GET_IO_LEVEL]
[10:57:15:180][HID_TX_ack]00-12-50-49-01-FC-81-6D-11-00-08-00-06-93-00-01-FF-FF-1F-00-00-00-00-02-00-E0-01-17-32-00-00-00-00-00-00-00-00-00-00-00-00-00-00-00-00-00-00-00-00-00-00-00-00-00-00-00-00-00-00-00-00-00-00-00-00
[10:57:15:180]50-49-01-FC-81-6D-11-00-08-00-06-93-00-01-FF-FF-1F-00
[10:57:15:403][HID_TX]00-80-06-56-D2-50-41-0E-14-01-E0-00-00-00-00-00-00-00-00-00-00-00-00-00-00-00-00-00-00-00-00-00-00-00-00-00-00-00-00-00-00-00-00-00-00-00-00-00-00-00-00-00-00-00-00-00-00-00-00-00-00-00-00-00-00
[10:57:15:406]HidD_GetInputReport=True
[10:57:15:406]reply_report=00-4F-00-00-00-00-00-00-00-00-00-00-00-00-00-00-00-00-00-00-00-00-00-00-00-00-00-00-00-00-00-00-00-00-00-00-00-00-00-00-00-00-00-00-00-00-00-00-00-00-00-00-00-00-00-00-00-00-00-00-00-00-00-00-00
[10:57:15:406]50-41-0E-14-01-E0 [CMD_SENT][REMOTE_GET_MODE]
[10:57:15:408][HID_TX_ack]00-19-50-49-01-C0-7E-B5-00-00-03-00-0E-94-00-50-49-0E-FD-00-00-00-00-02-00-E0-01-17-32-00-00-00-00-00-00-00-00-00-00-00-00-00-00-00-00-00-00-00-00-00-00-00-00-00-00-00-00-00-00-00-00-00-00-00-00
[10:57:15:408]50-49-01-C0-7E-B5-00-00-03-00-0E-94-00
[10:57:15:408]50-49-0E-FD-00-00-00-00-02-00-E0-01-
[10:57:15:408]REMOTE_GET_MODE=01
[10:57:15:408][HID_TX]00-80-07-BA-61-50-41-06-15-01-00-63-00-00-00-00-00-00-00-00-00-00-00-00-00-00-00-00-00-00-00-00-00-00-00-00-00-00-00-00-00-00-00-00-00-00-00-00-00-00-00-00-00-00-00-00-00-00-00-00-00-00-00-00-00
[10:57:15:410]HidD_GetInputReport=True
[10:57:15:410]reply_report=00-4F-00-00-00-00-00-00-00-00-00-00-00-00-00-00-00-00-00-00-00-00-00-00-00-00-00-00-00-00-00-00-00-00-00-00-00-00-00-00-00-00-00-00-00-00-00-00-00-00-00-00-00-00-00-00-00-00-00-00-00-00-00-00-00
[10:57:15:410]50-41-06-15-01-00-63 [CMD_SENT][CMD_GET_IO_LEVEL]
[10:57:15:445][HID_TX_ack]00-12-50-49-01-FE-49-6E-11-00-08-00-06-95-00-01-FF-FF-1D-00-00-00-00-02-00-E0-01-17-32-00-00-00-00-00-00-00-00-00-00-00-00-00-00-00-00-00-00-00-00-00-00-00-00-00-00-00-00-00-00-00-00-00-00-00-00
[10:57:15:445]50-49-01-FE-49-6E-11-00-08-00-06-95-00-01-FF-FF-1D-00
[10:57:15:667][HID_TX]00-80-06-BD-FD-50-41-0E-16-01-E0-00-00-00-00-00-00-00-00-00-00-00-00-00-00-00-00-00-00-00-00-00-00-00-00-00-00-00-00-00-00-00-00-00-00-00-00-00-00-00-00-00-00-00-00-00-00-00-00-00-00-00-00-00-00
[10:57:15:668]HidD_GetInputReport=True
[10:57:15:668]reply_report=00-4F-00-00-00-00-00-00-00-00-00-00-00-00-00-00-00-00-00-00-00-00-00-00-00-00-00-00-00-00-00-00-00-00-00-00-00-00-00-00-00-00-00-00-00-00-00-00-00-00-00-00-00-00-00-00-00-00-00-00-00-00-00-00-00
[10:57:15:668]50-41-0E-16-01-E0 [CMD_SENT][REMOTE_GET_MODE]
[10:57:15:671][HID_TX_ack]00-19-50-49-01-C0-50-B6-00-00-03-00-0E-96-00-50-49-0E-FF-00-00-00-00-02-00-E0-01-17-32-00-00-00-00-00-00-00-00-00-00-00-00-00-00-00-00-00-00-00-00-00-00-00-00-00-00-00-00-00-00-00-00-00-00-00-00
[10:57:15:671]50-49-01-C0-50-B6-00-00-03-00-0E-96-00
[10:57:15:671]50-49-0E-FF-00-00-00-00-02-00-E0-01-
[10:57:15:671]REMOTE_GET_MODE=01
[10:57:15:671][HID_TX]00-80-07-51-4E-50-41-06-17-01-00-63-00-00-00-00-00-00-00-00-00-00-00-00-00-00-00-00-00-00-00-00-00-00-00-00-00-00-00-00-00-00-00-00-00-00-00-00-00-00-00-00-00-00-00-00-00-00-00-00-00-00-00-00-00
[10:57:15:672]HidD_GetInputReport=True
[10:57:15:672]reply_report=00-4F-00-00-00-00-00-00-00-00-00-00-00-00-00-00-00-00-00-00-00-00-00-00-00-00-00-00-00-00-00-00-00-00-00-00-00-00-00-00-00-00-00-00-00-00-00-00-00-00-00-00-00-00-00-00-00-00-00-00-00-00-00-00-00
[10:57:15:672]50-41-06-17-01-00-63 [CMD_SENT][CMD_GET_IO_LEVEL]
[10:57:15:704][HID_TX_ack]00-12-50-49-01-C0-19-6F-11-00-08-00-06-97-00-01-FF-FF-1D-00-00-00-00-02-00-E0-01-17-32-00-00-00-00-00-00-00-00-00-00-00-00-00-00-00-00-00-00-00-00-00-00-00-00-00-00-00-00-00-00-00-00-00-00-00-00
[10:57:15:704]50-49-01-C0-19-6F-11-00-08-00-06-97-00-01-FF-FF-1D-00
[10:57:15:916][HID_TX]00-80-06-2C-32-50-41-0E-18-01-E0-00-00-00-00-00-00-00-00-00-00-00-00-00-00-00-00-00-00-00-00-00-00-00-00-00-00-00-00-00-00-00-00-00-00-00-00-00-00-00-00-00-00-00-00-00-00-00-00-00-00-00-00-00-00
[10:57:15:917]HidD_GetInputReport=True
[10:57:15:917]reply_report=00-4F-00-00-00-00-00-00-00-00-00-00-00-00-00-00-00-00-00-00-00-00-00-00-00-00-00-00-00-00-00-00-00-00-00-00-00-00-00-00-00-00-00-00-00-00-00-00-00-00-00-00-00-00-00-00-00-00-00-00-00-00-00-00-00
[10:57:15:917]50-41-0E-18-01-E0 [CMD_SENT][REMOTE_GET_MODE]
[10:57:15:921][HID_TX_ack]00-19-50-49-01-C0-17-B7-00-00-03-00-0E-98-00-50-49-0E-C1-00-00-00-00-02-00-E0-01-17-32-00-00-00-00-00-00-00-00-00-00-00-00-00-00-00-00-00-00-00-00-00-00-00-00-00-00-00-00-00-00-00-00-00-00-00-00
[10:57:15:921]50-49-01-C0-17-B7-00-00-03-00-0E-98-00
[10:57:15:921]50-49-0E-C1-00-00-00-00-02-00-E0-01-
[10:57:15:921]REMOTE_GET_MODE=01
[10:57:15:921][HID_TX]00-80-07-C0-81-50-41-06-19-01-00-63-00-00-00-00-00-00-00-00-00-00-00-00-00-00-00-00-00-00-00-00-00-00-00-00-00-00-00-00-00-00-00-00-00-00-00-00-00-00-00-00-00-00-00-00-00-00-00-00-00-00-00-00-00
[10:57:15:922]HidD_GetInputReport=True
[10:57:15:922]reply_report=00-4F-00-00-00-00-00-00-00-00-00-00-00-00-00-00-00-00-00-00-00-00-00-00-00-00-00-00-00-00-00-00-00-00-00-00-00-00-00-00-00-00-00-00-00-00-00-00-00-00-00-00-00-00-00-00-00-00-00-00-00-00-00-00-00
[10:57:15:922]50-41-06-19-01-00-63 [CMD_SENT][CMD_GET_IO_LEVEL]
[10:57:15:962][HID_TX_ack]00-12-50-49-01-C2-E7-6F-11-00-08-00-06-99-00-01-FF-FF-1D-00-00-00-00-02-00-E0-01-17-32-00-00-00-00-00-00-00-00-00-00-00-00-00-00-00-00-00-00-00-00-00-00-00-00-00-00-00-00-00-00-00-00-00-00-00-00
[10:57:15:962]50-49-01-C2-E7-6F-11-00-08-00-06-99-00-01-FF-FF-1D-00
[10:57:16:182][HID_TX]00-80-06-C7-1D-50-41-0E-1A-01-E0-00-00-00-00-00-00-00-00-00-00-00-00-00-00-00-00-00-00-00-00-00-00-00-00-00-00-00-00-00-00-00-00-00-00-00-00-00-00-00-00-00-00-00-00-00-00-00-00-00-00-00-00-00-00
[10:57:16:183]HidD_GetInputReport=True
[10:57:16:183]reply_report=00-4F-00-00-00-00-00-00-00-00-00-00-00-00-00-00-00-00-00-00-00-00-00-00-00-00-00-00-00-00-00-00-00-00-00-00-00-00-00-00-00-00-00-00-00-00-00-00-00-00-00-00-00-00-00-00-00-00-00-00-00-00-00-00-00
[10:57:16:183]50-41-0E-1A-01-E0 [CMD_SENT][REMOTE_GET_MODE]
[10:57:16:186][HID_TX_ack]00-19-50-49-01-C0-EC-B7-00-00-03-00-0E-9A-00-50-49-0E-C3-00-00-00-00-02-00-E0-01-17-32-00-00-00-00-00-00-00-00-00-00-00-00-00-00-00-00-00-00-00-00-00-00-00-00-00-00-00-00-00-00-00-00-00-00-00-00
[10:57:16:186]50-49-01-C0-EC-B7-00-00-03-00-0E-9A-00
[10:57:16:186]50-49-0E-C3-00-00-00-00-02-00-E0-01-
[10:57:16:186]REMOTE_GET_MODE=01
[10:57:16:186][HID_TX]00-80-07-2B-AE-50-41-06-1B-01-00-63-00-00-00-00-00-00-00-00-00-00-00-00-00-00-00-00-00-00-00-00-00-00-00-00-00-00-00-00-00-00-00-00-00-00-00-00-00-00-00-00-00-00-00-00-00-00-00-00-00-00-00-00-00
[10:57:16:188]HidD_GetInputReport=True
[10:57:16:188]reply_report=00-4F-00-00-00-00-00-00-00-00-00-00-00-00-00-00-00-00-00-00-00-00-00-00-00-00-00-00-00-00-00-00-00-00-00-00-00-00-00-00-00-00-00-00-00-00-00-00-00-00-00-00-00-00-00-00-00-00-00-00-00-00-00-00-00
[10:57:16:188]50-41-06-1B-01-00-63 [CMD_SENT][CMD_GET_IO_LEVEL]
[10:57:16:214][HID_TX_ack]00-12-50-49-01-C4-BB-70-11-00-08-00-06-9B-00-01-FF-FF-1D-00-00-00-00-02-00-E0-01-17-32-00-00-00-00-00-00-00-00-00-00-00-00-00-00-00-00-00-00-00-00-00-00-00-00-00-00-00-00-00-00-00-00-00-00-00-00
[10:57:16:214]50-49-01-C4-BB-70-11-00-08-00-06-9B-00-01-FF-FF-1D-00
[10:57:16:353][HID_TX_ack]00-0D-50-49-11-C5-71-B8-00-00-03-00-20-E9-00-01-FF-FF-1D-00-00-00-00-02-00-E0-01-17-32-00-00-00-00-00-00-00-00-00-00-00-00-00-00-00-00-00-00-00-00-00-00-00-00-00-00-00-00-00-00-00-00-00-00-00-00
[10:57:16:353]50-49-11-C5-71-B8-00-00-03-00-20-E9-00
[10:57:16:366][HID_TX_ack]00-1A-50-49-01-C0-7B-B8-00-00-03-00-11-90-18-50-49-01-C0-7C-B8-00-00-03-00-11-91-17-32-00-00-00-00-00-00-00-00-00-00-00-00-00-00-00-00-00-00-00-00-00-00-00-00-00-00-00-00-00-00-00-00-00-00-00-00
[10:57:16:366]50-49-01-C0-7B-B8-00-00-03-00-11-90-18
[10:57:16:366]50-49-01-C0-7C-B8-00-00-03-00-11-91-17
[10:57:16:369][HID_TX_ack]00-0D-50-49-11-C6-7E-B8-00-00-03-00-20-00-00-50-49-01-C0-7C-B8-00-00-03-00-11-91-17-32-00-00-00-00-00-00-00-00-00-00-00-00-00-00-00-00-00-00-00-00-00-00-00-00-00-00-00-00-00-00-00-00-00-00-00-00
[10:57:16:369]50-49-11-C6-7E-B8-00-00-03-00-20-00-00
[10:57:16:429][HID_TX]00-80-06-FA-6D-50-41-0E-1C-01-E0-00-00-00-00-00-00-00-00-00-00-00-00-00-00-00-00-00-00-00-00-00-00-00-00-00-00-00-00-00-00-00-00-00-00-00-00-00-00-00-00-00-00-00-00-00-00-00-00-00-00-00-00-00-00
[10:57:16:430]HidD_GetInputReport=True
[10:57:16:430]reply_report=00-4F-00-00-00-00-00-00-00-00-00-00-00-00-00-00-00-00-00-00-00-00-00-00-00-00-00-00-00-00-00-00-00-00-00-00-00-00-00-00-00-00-00-00-00-00-00-00-00-00-00-00-00-00-00-00-00-00-00-00-00-00-00-00-00
[10:57:16:431]50-41-0E-1C-01-E0 [CMD_SENT][REMOTE_GET_MODE]
[10:57:16:433][HID_TX_ack]00-19-50-49-01-C0-B2-B8-00-00-03-00-0E-9C-00-50-49-0E-C7-00-00-00-00-02-00-E0-01-17-32-00-00-00-00-00-00-00-00-00-00-00-00-00-00-00-00-00-00-00-00-00-00-00-00-00-00-00-00-00-00-00-00-00-00-00-00
[10:57:16:433]50-49-01-C0-B2-B8-00-00-03-00-0E-9C-00
[10:57:16:433]50-49-0E-C7-00-00-00-00-02-00-E0-01-
[10:57:16:433]REMOTE_GET_MODE=01
[10:57:16:433][HID_TX]00-80-07-16-DE-50-41-06-1D-01-00-63-00-00-00-00-00-00-00-00-00-00-00-00-00-00-00-00-00-00-00-00-00-00-00-00-00-00-00-00-00-00-00-00-00-00-00-00-00-00-00-00-00-00-00-00-00-00-00-00-00-00-00-00-00
[10:57:16:434]HidD_GetInputReport=True
[10:57:16:434]reply_report=00-4F-00-00-00-00-00-00-00-00-00-00-00-00-00-00-00-00-00-00-00-00-00-00-00-00-00-00-00-00-00-00-00-00-00-00-00-00-00-00-00-00-00-00-00-00-00-00-00-00-00-00-00-00-00-00-00-00-00-00-00-00-00-00-00
[10:57:16:434]50-41-06-1D-01-00-63 [CMD_SENT][CMD_GET_IO_LEVEL]
[10:57:16:457][HID_TX_ack]00-0D-50-49-11-C8-C4-B8-00-00-03-00-20-E9-00-50-49-0E-C7-00-00-00-00-02-00-E0-01-17-32-00-00-00-00-00-00-00-00-00-00-00-00-00-00-00-00-00-00-00-00-00-00-00-00-00-00-00-00-00-00-00-00-00-00-00-00
[10:57:16:457]50-49-11-C8-C4-B8-00-00-03-00-20-E9-00
[10:57:16:460][HID_TX_ack]00-12-50-49-01-C9-86-71-11-00-08-00-06-9D-00-01-FF-FF-1D-00-00-00-00-02-00-E0-01-17-32-00-00-00-00-00-00-00-00-00-00-00-00-00-00-00-00-00-00-00-00-00-00-00-00-00-00-00-00-00-00-00-00-00-00-00-00
[10:57:16:460]50-49-01-C9-86-71-11-00-08-00-06-9D-00-01-FF-FF-1D-00
[10:57:16:471][HID_TX_ack]00-1A-50-49-01-C0-CF-B8-00-00-03-00-11-92-18-50-49-01-C0-D0-B8-00-00-03-00-11-93-17-32-00-00-00-00-00-00-00-00-00-00-00-00-00-00-00-00-00-00-00-00-00-00-00-00-00-00-00-00-00-00-00-00-00-00-00-00
[10:57:16:471]50-49-01-C0-CF-B8-00-00-03-00-11-92-18
[10:57:16:471]50-49-01-C0-D0-B8-00-00-03-00-11-93-17
[10:57:16:474][HID_TX_ack]00-0D-50-49-11-CA-D2-B8-00-00-03-00-20-00-00-50-49-01-C0-D0-B8-00-00-03-00-11-93-17-32-00-00-00-00-00-00-00-00-00-00-00-00-00-00-00-00-00-00-00-00-00-00-00-00-00-00-00-00-00-00-00-00-00-00-00-00
[10:57:16:474]50-49-11-CA-D2-B8-00-00-03-00-20-00-00
[10:57:16:545][HID_TX_ack]00-0D-50-49-11-CB-0B-B9-00-00-03-00-20-E9-00-50-49-01-C0-D0-B8-00-00-03-00-11-93-17-32-00-00-00-00-00-00-00-00-00-00-00-00-00-00-00-00-00-00-00-00-00-00-00-00-00-00-00-00-00-00-00-00-00-00-00-00
[10:57:16:545]50-49-11-CB-0B-B9-00-00-03-00-20-E9-00
[10:57:16:558][HID_TX_ack]00-1A-50-49-01-C0-15-B9-00-00-03-00-11-94-18-50-49-01-C0-16-B9-00-00-03-00-11-95-17-32-00-00-00-00-00-00-00-00-00-00-00-00-00-00-00-00-00-00-00-00-00-00-00-00-00-00-00-00-00-00-00-00-00-00-00-00
[10:57:16:558]50-49-01-C0-15-B9-00-00-03-00-11-94-18
[10:57:16:558]50-49-01-C0-16-B9-00-00-03-00-11-95-17
[10:57:16:561][HID_TX_ack]00-0D-50-49-11-CC-17-B9-00-00-03-00-20-00-00-50-49-01-C0-16-B9-00-00-03-00-11-95-17-32-00-00-00-00-00-00-00-00-00-00-00-00-00-00-00-00-00-00-00-00-00-00-00-00-00-00-00-00-00-00-00-00-00-00-00-00
[10:57:16:561]50-49-11-CC-17-B9-00-00-03-00-20-00-00
[10:57:16:657][HID_TX_ack]00-0D-50-49-11-CD-63-B9-00-00-03-00-20-E9-00-50-49-01-C0-16-B9-00-00-03-00-11-95-17-32-00-00-00-00-00-00-00-00-00-00-00-00-00-00-00-00-00-00-00-00-00-00-00-00-00-00-00-00-00-00-00-00-00-00-00-00
[10:57:16:657]50-49-11-CD-63-B9-00-00-03-00-20-E9-00
[10:57:16:671][HID_TX_ack]00-0D-50-49-01-C0-71-B9-00-00-03-00-11-96-18-50-49-01-C0-16-B9-00-00-03-00-11-95-17-32-00-00-00-00-00-00-00-00-00-00-00-00-00-00-00-00-00-00-00-00-00-00-00-00-00-00-00-00-00-00-00-00-00-00-00-00
[10:57:16:671]50-49-01-C0-71-B9-00-00-03-00-11-96-18
[10:57:16:676][HID_TX_ack]00-1A-50-49-01-C0-73-B9-00-00-03-00-11-97-17-50-49-11-CE-74-B9-00-00-03-00-20-00-00-32-00-00-00-00-00-00-00-00-00-00-00-00-00-00-00-00-00-00-00-00-00-00-00-00-00-00-00-00-00-00-00-00-00-00-00-00
[10:57:16:676]50-49-01-C0-73-B9-00-00-03-00-11-97-17
[10:57:16:676]50-49-11-CE-74-B9-00-00-03-00-20-00-00
[10:57:16:677][HID_TX]00-80-06-11-42-50-41-0E-1E-01-E0-00-00-00-00-00-00-00-00-00-00-00-00-00-00-00-00-00-00-00-00-00-00-00-00-00-00-00-00-00-00-00-00-00-00-00-00-00-00-00-00-00-00-00-00-00-00-00-00-00-00-00-00-00-00
[10:57:16:678]HidD_GetInputReport=True
[10:57:16:678]reply_report=00-4F-00-00-00-00-00-00-00-00-00-00-00-00-00-00-00-00-00-00-00-00-00-00-00-00-00-00-00-00-00-00-00-00-00-00-00-00-00-00-00-00-00-00-00-00-00-00-00-00-00-00-00-00-00-00-00-00-00-00-00-00-00-00-00
[10:57:16:678]50-41-0E-1E-01-E0 [CMD_SENT][REMOTE_GET_MODE]
[10:57:16:695][HID_TX_ack]00-19-50-49-01-C0-83-B9-00-00-03-00-0E-9E-00-50-49-0E-CF-00-00-00-00-02-00-E0-01-00-32-00-00-00-00-00-00-00-00-00-00-00-00-00-00-00-00-00-00-00-00-00-00-00-00-00-00-00-00-00-00-00-00-00-00-00-00
[10:57:16:695]50-49-01-C0-83-B9-00-00-03-00-0E-9E-00
[10:57:16:695]50-49-0E-CF-00-00-00-00-02-00-E0-01-
[10:57:16:695]REMOTE_GET_MODE=01
[10:57:16:695][HID_TX]00-80-07-FD-F1-50-41-06-1F-01-00-63-00-00-00-00-00-00-00-00-00-00-00-00-00-00-00-00-00-00-00-00-00-00-00-00-00-00-00-00-00-00-00-00-00-00-00-00-00-00-00-00-00-00-00-00-00-00-00-00-00-00-00-00-00
[10:57:16:696]HidD_GetInputReport=True
[10:57:16:696]reply_report=00-4F-00-00-00-00-00-00-00-00-00-00-00-00-00-00-00-00-00-00-00-00-00-00-00-00-00-00-00-00-00-00-00-00-00-00-00-00-00-00-00-00-00-00-00-00-00-00-00-00-00-00-00-00-00-00-00-00-00-00-00-00-00-00-00
[10:57:16:696]50-41-06-1F-01-00-63 [CMD_SENT][CMD_GET_IO_LEVEL]
[10:57:16:710][HID_TX_ack]00-12-50-49-01-D0-4D-72-11-00-08-00-06-9F-00-01-FF-FF-1D-00-00-00-00-02-00-E0-01-00-32-00-00-00-00-00-00-00-00-00-00-00-00-00-00-00-00-00-00-00-00-00-00-00-00-00-00-00-00-00-00-00-00-00-00-00-00
[10:57:16:710]50-49-01-D0-4D-72-11-00-08-00-06-9F-00-01-FF-FF-1D-00
[10:57:16:760][HID_TX_ack]00-0D-50-49-11-D1-B6-B9-00-00-03-00-20-E9-00-01-FF-FF-1D-00-00-00-00-02-00-E0-01-00-32-00-00-00-00-00-00-00-00-00-00-00-00-00-00-00-00-00-00-00-00-00-00-00-00-00-00-00-00-00-00-00-00-00-00-00-00
[10:57:16:760]50-49-11-D1-B6-B9-00-00-03-00-20-E9-00
[10:57:16:772][HID_TX_ack]00-1A-50-49-01-C0-C0-B9-00-00-03-00-11-98-18-50-49-01-C0-C1-B9-00-00-03-00-11-99-17-32-00-00-00-00-00-00-00-00-00-00-00-00-00-00-00-00-00-00-00-00-00-00-00-00-00-00-00-00-00-00-00-00-00-00-00-00
[10:57:16:772]50-49-01-C0-C0-B9-00-00-03-00-11-98-18
[10:57:16:772]50-49-01-C0-C1-B9-00-00-03-00-11-99-17
[10:57:16:775][HID_TX_ack]00-0D-50-49-11-D2-C2-B9-00-00-03-00-20-00-00-50-49-01-C0-C1-B9-00-00-03-00-11-99-17-32-00-00-00-00-00-00-00-00-00-00-00-00-00-00-00-00-00-00-00-00-00-00-00-00-00-00-00-00-00-00-00-00-00-00-00-00
[10:57:16:775]50-49-11-D2-C2-B9-00-00-03-00-20-00-00
[10:57:16:925][HID_TX]00-80-06-0B-3C-50-41-0E-20-01-E0-00-00-00-00-00-00-00-00-00-00-00-00-00-00-00-00-00-00-00-00-00-00-00-00-00-00-00-00-00-00-00-00-00-00-00-00-00-00-00-00-00-00-00-00-00-00-00-00-00-00-00-00-00-00
[10:57:16:926]HidD_GetInputReport=True
[10:57:16:926]reply_report=00-4F-00-00-00-00-00-00-00-00-00-00-00-00-00-00-00-00-00-00-00-00-00-00-00-00-00-00-00-00-00-00-00-00-00-00-00-00-00-00-00-00-00-00-00-00-00-00-00-00-00-00-00-00-00-00-00-00-00-00-00-00-00-00-00
[10:57:16:926]50-41-0E-20-01-E0 [CMD_SENT][REMOTE_GET_MODE]
[10:57:16:929][HID_TX_ack]00-19-50-49-01-C0-3F-BA-00-00-03-00-0E-A0-00-50-49-0E-D3-00-00-00-00-02-00-E0-01-17-32-00-00-00-00-00-00-00-00-00-00-00-00-00-00-00-00-00-00-00-00-00-00-00-00-00-00-00-00-00-00-00-00-00-00-00-00
[10:57:16:929]50-49-01-C0-3F-BA-00-00-03-00-0E-A0-00
[10:57:16:929]50-49-0E-D3-00-00-00-00-02-00-E0-01-
[10:57:16:929]REMOTE_GET_MODE=01
[10:57:16:929][HID_TX]00-80-07-E7-8F-50-41-06-21-01-00-63-00-00-00-00-00-00-00-00-00-00-00-00-00-00-00-00-00-00-00-00-00-00-00-00-00-00-00-00-00-00-00-00-00-00-00-00-00-00-00-00-00-00-00-00-00-00-00-00-00-00-00-00-00
[10:57:16:929]HidD_GetInputReport=True
[10:57:16:930]reply_report=00-4F-00-00-00-00-00-00-00-00-00-00-00-00-00-00-00-00-00-00-00-00-00-00-00-00-00-00-00-00-00-00-00-00-00-00-00-00-00-00-00-00-00-00-00-00-00-00-00-00-00-00-00-00-00-00-00-00-00-00-00-00-00-00-00
[10:57:16:930]50-41-06-21-01-00-63 [CMD_SENT][CMD_GET_IO_LEVEL]
[10:57:16:948][HID_TX_ack]00-12-50-49-01-D4-09-73-11-00-08-00-06-A1-00-01-FF-FF-1F-00-00-00-00-02-00-E0-01-17-32-00-00-00-00-00-00-00-00-00-00-00-00-00-00-00-00-00-00-00-00-00-00-00-00-00-00-00-00-00-00-00-00-00-00-00-00
[10:57:16:948]50-49-01-D4-09-73-11-00-08-00-06-A1-00-01-FF-FF-1F-00
[10:57:17:160][HID_TX]00-80-06-E0-13-50-41-0E-22-01-E0-00-00-00-00-00-00-00-00-00-00-00-00-00-00-00-00-00-00-00-00-00-00-00-00-00-00-00-00-00-00-00-00-00-00-00-00-00-00-00-00-00-00-00-00-00-00-00-00-00-00-00-00-00-00
[10:57:17:162]HidD_GetInputReport=True
[10:57:17:162]reply_report=00-4F-00-00-00-00-00-00-00-00-00-00-00-00-00-00-00-00-00-00-00-00-00-00-00-00-00-00-00-00-00-00-00-00-00-00-00-00-00-00-00-00-00-00-00-00-00-00-00-00-00-00-00-00-00-00-00-00-00-00-00-00-00-00-00
[10:57:17:162]50-41-0E-22-01-E0 [CMD_SENT][REMOTE_GET_MODE]
[10:57:17:164][HID_TX_ack]00-19-50-49-01-C0-FB-BA-00-00-03-00-0E-A2-00-50-49-0E-D5-00-00-00-00-02-00-E0-01-17-32-00-00-00-00-00-00-00-00-00-00-00-00-00-00-00-00-00-00-00-00-00-00-00-00-00-00-00-00-00-00-00-00-00-00-00-00
[10:57:17:164]50-49-01-C0-FB-BA-00-00-03-00-0E-A2-00
[10:57:17:164]50-49-0E-D5-00-00-00-00-02-00-E0-01-
[10:57:17:164]REMOTE_GET_MODE=01
[10:57:17:164][HID_TX]00-80-07-0C-A0-50-41-06-23-01-00-63-00-00-00-00-00-00-00-00-00-00-00-00-00-00-00-00-00-00-00-00-00-00-00-00-00-00-00-00-00-00-00-00-00-00-00-00-00-00-00-00-00-00-00-00-00-00-00-00-00-00-00-00-00
[10:57:17:166]HidD_GetInputReport=True
[10:57:17:166]reply_report=00-4F-00-00-00-00-00-00-00-00-00-00-00-00-00-00-00-00-00-00-00-00-00-00-00-00-00-00-00-00-00-00-00-00-00-00-00-00-00-00-00-00-00-00-00-00-00-00-00-00-00-00-00-00-00-00-00-00-00-00-00-00-00-00-00
[10:57:17:166]50-41-06-23-01-00-63 [CMD_SENT][CMD_GET_IO_LEVEL]
[10:57:17:194][HID_TX_ack]00-12-50-49-01-D6-CC-73-11-00-08-00-06-A3-00-01-FF-FF-1E-00-00-00-00-02-00-E0-01-17-32-00-00-00-00-00-00-00-00-00-00-00-00-00-00-00-00-00-00-00-00-00-00-00-00-00-00-00-00-00-00-00-00-00-00-00-00
[10:57:17:194]50-49-01-D6-CC-73-11-00-08-00-06-A3-00-01-FF-FF-1E-00
[10:57:17:409][HID_TX]00-80-06-DD-63-50-41-0E-24-01-E0-00-00-00-00-00-00-00-00-00-00-00-00-00-00-00-00-00-00-00-00-00-00-00-00-00-00-00-00-00-00-00-00-00-00-00-00-00-00-00-00-00-00-00-00-00-00-00-00-00-00-00-00-00-00
[10:57:17:409]HidD_GetInputReport=True
[10:57:17:409]reply_report=00-4F-00-00-00-00-00-00-00-00-00-00-00-00-00-00-00-00-00-00-00-00-00-00-00-00-00-00-00-00-00-00-00-00-00-00-00-00-00-00-00-00-00-00-00-00-00-00-00-00-00-00-00-00-00-00-00-00-00-00-00-00-00-00-00
[10:57:17:409]50-41-0E-24-01-E0 [CMD_SENT][REMOTE_GET_MODE]
[10:57:17:412][HID_TX_ack]00-19-50-49-01-C0-C2-BB-00-00-03-00-0E-A4-00-50-49-0E-D7-00-00-00-00-02-00-E0-01-17-32-00-00-00-00-00-00-00-00-00-00-00-00-00-00-00-00-00-00-00-00-00-00-00-00-00-00-00-00-00-00-00-00-00-00-00-00
[10:57:17:412]50-49-01-C0-C2-BB-00-00-03-00-0E-A4-00
[10:57:17:412]50-49-0E-D7-00-00-00-00-02-00-E0-01-
[10:57:17:412]REMOTE_GET_MODE=01
[10:57:17:412][HID_TX]00-80-07-31-D0-50-41-06-25-01-00-63-00-00-00-00-00-00-00-00-00-00-00-00-00-00-00-00-00-00-00-00-00-00-00-00-00-00-00-00-00-00-00-00-00-00-00-00-00-00-00-00-00-00-00-00-00-00-00-00-00-00-00-00-00
[10:57:17:414]HidD_GetInputReport=True
[10:57:17:414]reply_report=00-4F-00-00-00-00-00-00-00-00-00-00-00-00-00-00-00-00-00-00-00-00-00-00-00-00-00-00-00-00-00-00-00-00-00-00-00-00-00-00-00-00-00-00-00-00-00-00-00-00-00-00-00-00-00-00-00-00-00-00-00-00-00-00-00
[10:57:17:414]50-41-06-25-01-00-63 [CMD_SENT][CMD_GET_IO_LEVEL]
[10:57:17:438][HID_TX_ack]00-12-50-49-01-D8-93-74-11-00-08-00-06-A5-00-01-FF-FF-1E-00-00-00-00-02-00-E0-01-17-32-00-00-00-00-00-00-00-00-00-00-00-00-00-00-00-00-00-00-00-00-00-00-00-00-00-00-00-00-00-00-00-00-00-00-00-00
[10:57:17:438]50-49-01-D8-93-74-11-00-08-00-06-A5-00-01-FF-FF-1E-00
[10:57:17:658][HID_TX]00-80-06-36-4C-50-41-0E-26-01-E0-00-00-00-00-00-00-00-00-00-00-00-00-00-00-00-00-00-00-00-00-00-00-00-00-00-00-00-00-00-00-00-00-00-00-00-00-00-00-00-00-00-00-00-00-00-00-00-00-00-00-00-00-00-00
[10:57:17:658]HidD_GetInputReport=True
[10:57:17:658]reply_report=00-4F-00-00-00-00-00-00-00-00-00-00-00-00-00-00-00-00-00-00-00-00-00-00-00-00-00-00-00-00-00-00-00-00-00-00-00-00-00-00-00-00-00-00-00-00-00-00-00-00-00-00-00-00-00-00-00-00-00-00-00-00-00-00-00
[10:57:17:658]50-41-0E-26-01-E0 [CMD_SENT][REMOTE_GET_MODE]
[10:57:17:662][HID_TX_ack]00-19-50-49-01-C0-89-BC-00-00-03-00-0E-A6-00-50-49-0E-D9-00-00-00-00-02-00-E0-01-17-32-00-00-00-00-00-00-00-00-00-00-00-00-00-00-00-00-00-00-00-00-00-00-00-00-00-00-00-00-00-00-00-00-00-00-00-00
[10:57:17:662]50-49-01-C0-89-BC-00-00-03-00-0E-A6-00
[10:57:17:662]50-49-0E-D9-00-00-00-00-02-00-E0-01-
[10:57:17:662]REMOTE_GET_MODE=01
[10:57:17:662][HID_TX]00-80-07-DA-FF-50-41-06-27-01-00-63-00-00-00-00-00-00-00-00-00-00-00-00-00-00-00-00-00-00-00-00-00-00-00-00-00-00-00-00-00-00-00-00-00-00-00-00-00-00-00-00-00-00-00-00-00-00-00-00-00-00-00-00-00
[10:57:17:663]HidD_GetInputReport=True
[10:57:17:663]reply_report=00-4F-00-00-00-00-00-00-00-00-00-00-00-00-00-00-00-00-00-00-00-00-00-00-00-00-00-00-00-00-00-00-00-00-00-00-00-00-00-00-00-00-00-00-00-00-00-00-00-00-00-00-00-00-00-00-00-00-00-00-00-00-00-00-00
[10:57:17:663]50-41-06-27-01-00-63 [CMD_SENT][CMD_GET_IO_LEVEL]
[10:57:17:684][HID_TX_ack]00-12-50-49-01-DA-53-75-11-00-08-00-06-A7-00-01-FF-FF-1E-00-00-00-00-02-00-E0-01-17-32-00-00-00-00-00-00-00-00-00-00-00-00-00-00-00-00-00-00-00-00-00-00-00-00-00-00-00-00-00-00-00-00-00-00-00-00
[10:57:17:684]50-49-01-DA-53-75-11-00-08-00-06-A7-00-01-FF-FF-1E-00
[10:57:17:904][HID_TX]00-80-06-A7-83-50-41-0E-28-01-E0-00-00-00-00-00-00-00-00-00-00-00-00-00-00-00-00-00-00-00-00-00-00-00-00-00-00-00-00-00-00-00-00-00-00-00-00-00-00-00-00-00-00-00-00-00-00-00-00-00-00-00-00-00-00
[10:57:17:905]HidD_GetInputReport=True
[10:57:17:905]reply_report=00-4F-00-00-00-00-00-00-00-00-00-00-00-00-00-00-00-00-00-00-00-00-00-00-00-00-00-00-00-00-00-00-00-00-00-00-00-00-00-00-00-00-00-00-00-00-00-00-00-00-00-00-00-00-00-00-00-00-00-00-00-00-00-00-00
[10:57:17:905]50-41-0E-28-01-E0 [CMD_SENT][REMOTE_GET_MODE]
[10:57:17:908][HID_TX_ack]00-19-50-49-01-C0-4E-BD-00-00-03-00-0E-A8-00-50-49-0E-DB-00-00-00-00-02-00-E0-01-17-32-00-00-00-00-00-00-00-00-00-00-00-00-00-00-00-00-00-00-00-00-00-00-00-00-00-00-00-00-00-00-00-00-00-00-00-00
[10:57:17:908]50-49-01-C0-4E-BD-00-00-03-00-0E-A8-00
[10:57:17:908]50-49-0E-DB-00-00-00-00-02-00-E0-01-
[10:57:17:908]REMOTE_GET_MODE=01
[10:57:17:908][HID_TX]00-80-07-4B-30-50-41-06-29-01-00-63-00-00-00-00-00-00-00-00-00-00-00-00-00-00-00-00-00-00-00-00-00-00-00-00-00-00-00-00-00-00-00-00-00-00-00-00-00-00-00-00-00-00-00-00-00-00-00-00-00-00-00-00-00
[10:57:17:909]HidD_GetInputReport=True
[10:57:17:909]reply_report=00-4F-00-00-00-00-00-00-00-00-00-00-00-00-00-00-00-00-00-00-00-00-00-00-00-00-00-00-00-00-00-00-00-00-00-00-00-00-00-00-00-00-00-00-00-00-00-00-00-00-00-00-00-00-00-00-00-00-00-00-00-00-00-00-00
[10:57:17:909]50-41-06-29-01-00-63 [CMD_SENT][CMD_GET_IO_LEVEL]
[10:57:17:929][HID_TX_ack]00-12-50-49-01-DC-1C-76-11-00-08-00-06-A9-00-01-FF-FF-1E-00-00-00-00-02-00-E0-01-17-32-00-00-00-00-00-00-00-00-00-00-00-00-00-00-00-00-00-00-00-00-00-00-00-00-00-00-00-00-00-00-00-00-00-00-00-00
[10:57:17:929]50-49-01-DC-1C-76-11-00-08-00-06-A9-00-01-FF-FF-1E-00
[10:57:17:931][HID_TX_ack]00-0D-50-49-11-DD-60-BD-00-00-03-00-20-EA-00-01-FF-FF-1E-00-00-00-00-02-00-E0-01-17-32-00-00-00-00-00-00-00-00-00-00-00-00-00-00-00-00-00-00-00-00-00-00-00-00-00-00-00-00-00-00-00-00-00-00-00-00
[10:57:17:931]50-49-11-DD-60-BD-00-00-03-00-20-EA-00
[10:57:17:938][HID_TX_ack]00-0D-50-49-01-C0-67-BD-00-00-03-00-11-9A-18-01-FF-FF-1E-00-00-00-00-02-00-E0-01-17-32-00-00-00-00-00-00-00-00-00-00-00-00-00-00-00-00-00-00-00-00-00-00-00-00-00-00-00-00-00-00-00-00-00-00-00-00
[10:57:17:938]50-49-01-C0-67-BD-00-00-03-00-11-9A-18
[10:57:17:944][HID_TX_ack]00-0D-50-49-01-C0-6C-BD-00-00-03-00-11-9B-17-01-FF-FF-1E-00-00-00-00-02-00-E0-01-17-32-00-00-00-00-00-00-00-00-00-00-00-00-00-00-00-00-00-00-00-00-00-00-00-00-00-00-00-00-00-00-00-00-00-00-00-00
[10:57:17:944]50-49-01-C0-6C-BD-00-00-03-00-11-9B-17
[10:57:17:948][HID_TX_ack]00-0D-50-49-11-DE-6D-BD-00-00-03-00-20-00-00-01-FF-FF-1E-00-00-00-00-02-00-E0-01-17-32-00-00-00-00-00-00-00-00-00-00-00-00-00-00-00-00-00-00-00-00-00-00-00-00-00-00-00-00-00-00-00-00-00-00-00-00
[10:57:17:948]50-49-11-DE-6D-BD-00-00-03-00-20-00-00
[10:57:18:152][HID_TX]00-80-06-4C-AC-50-41-0E-2A-01-E0-00-00-00-00-00-00-00-00-00-00-00-00-00-00-00-00-00-00-00-00-00-00-00-00-00-00-00-00-00-00-00-00-00-00-00-00-00-00-00-00-00-00-00-00-00-00-00-00-00-00-00-00-00-00
[10:57:18:153]HidD_GetInputReport=True
[10:57:18:153]reply_report=00-4F-00-00-00-00-00-00-00-00-00-00-00-00-00-00-00-00-00-00-00-00-00-00-00-00-00-00-00-00-00-00-00-00-00-00-00-00-00-00-00-00-00-00-00-00-00-00-00-00-00-00-00-00-00-00-00-00-00-00-00-00-00-00-00
[10:57:18:153]50-41-0E-2A-01-E0 [CMD_SENT][REMOTE_GET_MODE]
[10:57:18:156][HID_TX_ack]00-19-50-49-01-C0-14-BE-00-00-03-00-0E-AA-00-50-49-0E-DF-00-00-00-00-02-00-E0-01-17-32-00-00-00-00-00-00-00-00-00-00-00-00-00-00-00-00-00-00-00-00-00-00-00-00-00-00-00-00-00-00-00-00-00-00-00-00
[10:57:18:156]50-49-01-C0-14-BE-00-00-03-00-0E-AA-00
[10:57:18:156]50-49-0E-DF-00-00-00-00-02-00-E0-01-
[10:57:18:156]REMOTE_GET_MODE=01
[10:57:18:156][HID_TX]00-80-07-A0-1F-50-41-06-2B-01-00-63-00-00-00-00-00-00-00-00-00-00-00-00-00-00-00-00-00-00-00-00-00-00-00-00-00-00-00-00-00-00-00-00-00-00-00-00-00-00-00-00-00-00-00-00-00-00-00-00-00-00-00-00-00
[10:57:18:157]HidD_GetInputReport=True
[10:57:18:157]reply_report=00-4F-00-00-00-00-00-00-00-00-00-00-00-00-00-00-00-00-00-00-00-00-00-00-00-00-00-00-00-00-00-00-00-00-00-00-00-00-00-00-00-00-00-00-00-00-00-00-00-00-00-00-00-00-00-00-00-00-00-00-00-00-00-00-00
[10:57:18:157]50-41-06-2B-01-00-63 [CMD_SENT][CMD_GET_IO_LEVEL]
[10:57:18:187][HID_TX_ack]00-12-50-49-01-E0-DC-76-11-00-08-00-06-AB-00-01-FF-FF-1F-00-00-00-00-02-00-E0-01-17-32-00-00-00-00-00-00-00-00-00-00-00-00-00-00-00-00-00-00-00-00-00-00-00-00-00-00-00-00-00-00-00-00-00-00-00-00
[10:57:18:187]50-49-01-E0-DC-76-11-00-08-00-06-AB-00-01-FF-FF-1F-00
[10:57:18:402][HID_TX]00-80-06-71-DC-50-41-0E-2C-01-E0-00-00-00-00-00-00-00-00-00-00-00-00-00-00-00-00-00-00-00-00-00-00-00-00-00-00-00-00-00-00-00-00-00-00-00-00-00-00-00-00-00-00-00-00-00-00-00-00-00-00-00-00-00-00
[10:57:18:403]HidD_GetInputReport=True
[10:57:18:403]reply_report=00-4F-00-00-00-00-00-00-00-00-00-00-00-00-00-00-00-00-00-00-00-00-00-00-00-00-00-00-00-00-00-00-00-00-00-00-00-00-00-00-00-00-00-00-00-00-00-00-00-00-00-00-00-00-00-00-00-00-00-00-00-00-00-00-00
[10:57:18:403]50-41-0E-2C-01-E0 [CMD_SENT][REMOTE_GET_MODE]
[10:57:18:406][HID_TX_ack]00-19-50-49-01-C0-DC-BE-00-00-03-00-0E-AC-00-50-49-0E-E1-00-00-00-00-02-00-E0-01-17-32-00-00-00-00-00-00-00-00-00-00-00-00-00-00-00-00-00-00-00-00-00-00-00-00-00-00-00-00-00-00-00-00-00-00-00-00
[10:57:18:406]50-49-01-C0-DC-BE-00-00-03-00-0E-AC-00
[10:57:18:406]50-49-0E-E1-00-00-00-00-02-00-E0-01-
[10:57:18:406]REMOTE_GET_MODE=01
[10:57:18:406][HID_TX]00-80-07-9D-6F-50-41-06-2D-01-00-63-00-00-00-00-00-00-00-00-00-00-00-00-00-00-00-00-00-00-00-00-00-00-00-00-00-00-00-00-00-00-00-00-00-00-00-00-00-00-00-00-00-00-00-00-00-00-00-00-00-00-00-00-00
[10:57:18:407]HidD_GetInputReport=True
[10:57:18:407]reply_report=00-4F-00-00-00-00-00-00-00-00-00-00-00-00-00-00-00-00-00-00-00-00-00-00-00-00-00-00-00-00-00-00-00-00-00-00-00-00-00-00-00-00-00-00-00-00-00-00-00-00-00-00-00-00-00-00-00-00-00-00-00-00-00-00-00
[10:57:18:407]50-41-06-2D-01-00-63 [CMD_SENT][CMD_GET_IO_LEVEL]
[10:57:18:436][HID_TX_ack]00-12-50-49-01-E2-AD-77-11-00-08-00-06-AD-00-01-FF-FF-1F-00-00-00-00-02-00-E0-01-17-32-00-00-00-00-00-00-00-00-00-00-00-00-00-00-00-00-00-00-00-00-00-00-00-00-00-00-00-00-00-00-00-00-00-00-00-00
[10:57:18:436]50-49-01-E2-AD-77-11-00-08-00-06-AD-00-01-FF-FF-1F-00
[10:57:18:653][HID_TX]00-80-06-9A-F3-50-41-0E-2E-01-E0-00-00-00-00-00-00-00-00-00-00-00-00-00-00-00-00-00-00-00-00-00-00-00-00-00-00-00-00-00-00-00-00-00-00-00-00-00-00-00-00-00-00-00-00-00-00-00-00-00-00-00-00-00-00
[10:57:18:654]HidD_GetInputReport=True
[10:57:18:654]reply_report=00-4F-00-00-00-00-00-00-00-00-00-00-00-00-00-00-00-00-00-00-00-00-00-00-00-00-00-00-00-00-00-00-00-00-00-00-00-00-00-00-00-00-00-00-00-00-00-00-00-00-00-00-00-00-00-00-00-00-00-00-00-00-00-00-00
[10:57:18:654]50-41-0E-2E-01-E0 [CMD_SENT][REMOTE_GET_MODE]
[10:57:18:657][HID_TX_ack]00-19-50-49-01-C0-A5-BF-00-00-03-00-0E-AE-00-50-49-0E-E3-00-00-00-00-02-00-E0-01-17-32-00-00-00-00-00-00-00-00-00-00-00-00-00-00-00-00-00-00-00-00-00-00-00-00-00-00-00-00-00-00-00-00-00-00-00-00
[10:57:18:657]50-49-01-C0-A5-BF-00-00-03-00-0E-AE-00
[10:57:18:657]50-49-0E-E3-00-00-00-00-02-00-E0-01-
[10:57:18:657]REMOTE_GET_MODE=01
[10:57:18:657][HID_TX]00-80-07-76-40-50-41-06-2F-01-00-63-00-00-00-00-00-00-00-00-00-00-00-00-00-00-00-00-00-00-00-00-00-00-00-00-00-00-00-00-00-00-00-00-00-00-00-00-00-00-00-00-00-00-00-00-00-00-00-00-00-00-00-00-00
[10:57:18:658]HidD_GetInputReport=True
[10:57:18:658]reply_report=00-4F-00-00-00-00-00-00-00-00-00-00-00-00-00-00-00-00-00-00-00-00-00-00-00-00-00-00-00-00-00-00-00-00-00-00-00-00-00-00-00-00-00-00-00-00-00-00-00-00-00-00-00-00-00-00-00-00-00-00-00-00-00-00-00
[10:57:18:658]50-41-06-2F-01-00-63 [CMD_SENT][CMD_GET_IO_LEVEL]
[10:57:18:681][HID_TX_ack]00-12-50-49-01-E4-76-78-11-00-08-00-06-AF-00-01-F7-FF-1F-00-00-00-00-02-00-E0-01-17-32-00-00-00-00-00-00-00-00-00-00-00-00-00-00-00-00-00-00-00-00-00-00-00-00-00-00-00-00-00-00-00-00-00-00-00-00
[10:57:18:681]50-49-01-E4-76-78-11-00-08-00-06-AF-00-01-F7-FF-1F-00
[10:57:18:903][HID_TX]00-80-06-72-53-50-41-0E-30-01-E0-00-00-00-00-00-00-00-00-00-00-00-00-00-00-00-00-00-00-00-00-00-00-00-00-00-00-00-00-00-00-00-00-00-00-00-00-00-00-00-00-00-00-00-00-00-00-00-00-00-00-00-00-00-00
[10:57:18:904]HidD_GetInputReport=True
[10:57:18:904]reply_report=00-4F-00-00-00-00-00-00-00-00-00-00-00-00-00-00-00-00-00-00-00-00-00-00-00-00-00-00-00-00-00-00-00-00-00-00-00-00-00-00-00-00-00-00-00-00-00-00-00-00-00-00-00-00-00-00-00-00-00-00-00-00-00-00-00
[10:57:18:904]50-41-0E-30-01-E0 [CMD_SENT][REMOTE_GET_MODE]
[10:57:18:907][HID_TX_ack]00-19-50-49-01-C0-6D-C0-00-00-03-00-0E-B0-00-50-49-0E-E5-00-00-00-00-02-00-E0-01-17-32-00-00-00-00-00-00-00-00-00-00-00-00-00-00-00-00-00-00-00-00-00-00-00-00-00-00-00-00-00-00-00-00-00-00-00-00
[10:57:18:907]50-49-01-C0-6D-C0-00-00-03-00-0E-B0-00
[10:57:18:907]50-49-0E-E5-00-00-00-00-02-00-E0-01-
[10:57:18:907]REMOTE_GET_MODE=01
[10:57:18:907][HID_TX]00-80-07-9E-E0-50-41-06-31-01-00-63-00-00-00-00-00-00-00-00-00-00-00-00-00-00-00-00-00-00-00-00-00-00-00-00-00-00-00-00-00-00-00-00-00-00-00-00-00-00-00-00-00-00-00-00-00-00-00-00-00-00-00-00-00
[10:57:18:908]HidD_GetInputReport=True
[10:57:18:908]reply_report=00-4F-00-00-00-00-00-00-00-00-00-00-00-00-00-00-00-00-00-00-00-00-00-00-00-00-00-00-00-00-00-00-00-00-00-00-00-00-00-00-00-00-00-00-00-00-00-00-00-00-00-00-00-00-00-00-00-00-00-00-00-00-00-00-00
[10:57:18:908]50-41-06-31-01-00-63 [CMD_SENT][CMD_GET_IO_LEVEL]
[10:57:18:926][HID_TX_ack]00-12-50-49-01-E6-36-79-11-00-08-00-06-B1-00-01-F7-FF-1F-00-00-00-00-02-00-E0-01-17-32-00-00-00-00-00-00-00-00-00-00-00-00-00-00-00-00-00-00-00-00-00-00-00-00-00-00-00-00-00-00-00-00-00-00-00-00
[10:57:18:926]50-49-01-E6-36-79-11-00-08-00-06-B1-00-01-F7-FF-1F-00
[10:57:20:022][HID_TX]00-80-06-99-7C-50-41-0E-32-01-E0-00-00-00-00-00-00-00-00-00-00-00-00-00-00-00-00-00-00-00-00-00-00-00-00-00-00-00-00-00-00-00-00-00-00-00-00-00-00-00-00-00-00-00-00-00-00-00-00-00-00-00-00-00-00
[10:57:20:023]HidD_GetInputReport=True
[10:57:20:023]reply_report=00-4F-00-00-00-00-00-00-00-00-00-00-00-00-00-00-00-00-00-00-00-00-00-00-00-00-00-00-00-00-00-00-00-00-00-00-00-00-00-00-00-00-00-00-00-00-00-00-00-00-00-00-00-00-00-00-00-00-00-00-00-00-00-00-00
[10:57:20:023]50-41-0E-32-01-E0 [CMD_SENT][REMOTE_GET_MODE]
[10:57:20:026][HID_TX_ack]00-19-50-49-01-C0-EC-C3-00-00-03-00-0E-B2-00-50-49-0E-E7-00-00-00-00-02-00-E0-01-17-32-00-00-00-00-00-00-00-00-00-00-00-00-00-00-00-00-00-00-00-00-00-00-00-00-00-00-00-00-00-00-00-00-00-00-00-00
[10:57:20:026]50-49-01-C0-EC-C3-00-00-03-00-0E-B2-00
[10:57:20:026]50-49-0E-E7-00-00-00-00-02-00-E0-01-
[10:57:20:026]REMOTE_GET_MODE=01
[10:57:20:026][HID_TX]00-80-07-75-CF-50-41-06-33-01-00-63-00-00-00-00-00-00-00-00-00-00-00-00-00-00-00-00-00-00-00-00-00-00-00-00-00-00-00-00-00-00-00-00-00-00-00-00-00-00-00-00-00-00-00-00-00-00-00-00-00-00-00-00-00
[10:57:20:027]HidD_GetInputReport=True
[10:57:20:027]reply_report=00-4F-00-00-00-00-00-00-00-00-00-00-00-00-00-00-00-00-00-00-00-00-00-00-00-00-00-00-00-00-00-00-00-00-00-00-00-00-00-00-00-00-00-00-00-00-00-00-00-00-00-00-00-00-00-00-00-00-00-00-00-00-00-00-00
[10:57:20:027]50-41-06-33-01-00-63 [CMD_SENT][CMD_GET_IO_LEVEL]
[10:57:20:045][HID_TX_ack]00-12-50-49-01-E8-B9-7C-11-00-08-00-06-B3-00-01-FF-FF-1F-00-00-00-00-02-00-E0-01-17-32-00-00-00-00-00-00-00-00-00-00-00-00-00-00-00-00-00-00-00-00-00-00-00-00-00-00-00-00-00-00-00-00-00-00-00-00
[10:57:20:045]50-49-01-E8-B9-7C-11-00-08-00-06-B3-00-01-FF-FF-1F-00
[10:57:20:270][HID_TX]00-80-06-A4-0C-50-41-0E-34-01-E0-00-00-00-00-00-00-00-00-00-00-00-00-00-00-00-00-00-00-00-00-00-00-00-00-00-00-00-00-00-00-00-00-00-00-00-00-00-00-00-00-00-00-00-00-00-00-00-00-00-00-00-00-00-00
[10:57:20:271]HidD_GetInputReport=True
[10:57:20:271]reply_report=00-4F-00-00-00-00-00-00-00-00-00-00-00-00-00-00-00-00-00-00-00-00-00-00-00-00-00-00-00-00-00-00-00-00-00-00-00-00-00-00-00-00-00-00-00-00-00-00-00-00-00-00-00-00-00-00-00-00-00-00-00-00-00-00-00
[10:57:20:271]50-41-0E-34-01-E0 [CMD_SENT][REMOTE_GET_MODE]
[10:57:20:274][HID_TX_ack]00-19-50-49-01-C0-B3-C4-00-00-03-00-0E-B4-00-50-49-0E-E9-00-00-00-00-02-00-E0-01-17-32-00-00-00-00-00-00-00-00-00-00-00-00-00-00-00-00-00-00-00-00-00-00-00-00-00-00-00-00-00-00-00-00-00-00-00-00
[10:57:20:274]50-49-01-C0-B3-C4-00-00-03-00-0E-B4-00
[10:57:20:274]50-49-0E-E9-00-00-00-00-02-00-E0-01-
[10:57:20:274]REMOTE_GET_MODE=01
[10:57:20:274][HID_TX]00-80-07-48-BF-50-41-06-35-01-00-63-00-00-00-00-00-00-00-00-00-00-00-00-00-00-00-00-00-00-00-00-00-00-00-00-00-00-00-00-00-00-00-00-00-00-00-00-00-00-00-00-00-00-00-00-00-00-00-00-00-00-00-00-00
[10:57:20:275]HidD_GetInputReport=True
[10:57:20:275]reply_report=00-4F-00-00-00-00-00-00-00-00-00-00-00-00-00-00-00-00-00-00-00-00-00-00-00-00-00-00-00-00-00-00-00-00-00-00-00-00-00-00-00-00-00-00-00-00-00-00-00-00-00-00-00-00-00-00-00-00-00-00-00-00-00-00-00
[10:57:20:275]50-41-06-35-01-00-63 [CMD_SENT][CMD_GET_IO_LEVEL]
[10:57:20:308][HID_TX_ack]00-12-50-49-01-EA-8E-7D-11-00-08-00-06-B5-00-01-FF-FF-1F-00-00-00-00-02-00-E0-01-17-32-00-00-00-00-00-00-00-00-00-00-00-00-00-00-00-00-00-00-00-00-00-00-00-00-00-00-00-00-00-00-00-00-00-00-00-00
[10:57:20:308]50-49-01-EA-8E-7D-11-00-08-00-06-B5-00-01-FF-FF-1F-00
[10:57:20:518][HID_TX]00-80-06-4F-23-50-41-0E-36-01-E0-00-00-00-00-00-00-00-00-00-00-00-00-00-00-00-00-00-00-00-00-00-00-00-00-00-00-00-00-00-00-00-00-00-00-00-00-00-00-00-00-00-00-00-00-00-00-00-00-00-00-00-00-00-00
[10:57:20:519]HidD_GetInputReport=True
[10:57:20:519]reply_report=00-4F-00-00-00-00-00-00-00-00-00-00-00-00-00-00-00-00-00-00-00-00-00-00-00-00-00-00-00-00-00-00-00-00-00-00-00-00-00-00-00-00-00-00-00-00-00-00-00-00-00-00-00-00-00-00-00-00-00-00-00-00-00-00-00
[10:57:20:519]50-41-0E-36-01-E0 [CMD_SENT][REMOTE_GET_MODE]
[10:57:20:522][HID_TX_ack]00-19-50-49-01-C0-79-C5-00-00-03-00-0E-B6-00-50-49-0E-EB-00-00-00-00-02-00-E0-01-17-32-00-00-00-00-00-00-00-00-00-00-00-00-00-00-00-00-00-00-00-00-00-00-00-00-00-00-00-00-00-00-00-00-00-00-00-00
[10:57:20:522]50-49-01-C0-79-C5-00-00-03-00-0E-B6-00
[10:57:20:522]50-49-0E-EB-00-00-00-00-02-00-E0-01-
[10:57:20:522]REMOTE_GET_MODE=01
[10:57:20:522][HID_TX]00-80-07-A3-90-50-41-06-37-01-00-63-00-00-00-00-00-00-00-00-00-00-00-00-00-00-00-00-00-00-00-00-00-00-00-00-00-00-00-00-00-00-00-00-00-00-00-00-00-00-00-00-00-00-00-00-00-00-00-00-00-00-00-00-00
[10:57:20:523]HidD_GetInputReport=True
[10:57:20:523]reply_report=00-4F-00-00-00-00-00-00-00-00-00-00-00-00-00-00-00-00-00-00-00-00-00-00-00-00-00-00-00-00-00-00-00-00-00-00-00-00-00-00-00-00-00-00-00-00-00-00-00-00-00-00-00-00-00-00-00-00-00-00-00-00-00-00-00
[10:57:20:523]50-41-06-37-01-00-63 [CMD_SENT][CMD_GET_IO_LEVEL]
[10:57:20:553][HID_TX_ack]00-12-50-49-01-EC-4B-7E-11-00-08-00-06-B7-00-01-FF-FF-1F-00-00-00-00-02-00-E0-01-17-32-00-00-00-00-00-00-00-00-00-00-00-00-00-00-00-00-00-00-00-00-00-00-00-00-00-00-00-00-00-00-00-00-00-00-00-00
[10:57:20:553]50-49-01-EC-4B-7E-11-00-08-00-06-B7-00-01-FF-FF-1F-00
[10:57:20:767][HID_TX]00-80-06-DE-EC-50-41-0E-38-01-E0-00-00-00-00-00-00-00-00-00-00-00-00-00-00-00-00-00-00-00-00-00-00-00-00-00-00-00-00-00-00-00-00-00-00-00-00-00-00-00-00-00-00-00-00-00-00-00-00-00-00-00-00-00-00
[10:57:20:768]HidD_GetInputReport=True
[10:57:20:770]reply_report=00-4F-00-00-00-00-00-00-00-00-00-00-00-00-00-00-00-00-00-00-00-00-00-00-00-00-00-00-00-00-00-00-00-00-00-00-00-00-00-00-00-00-00-00-00-00-00-00-00-00-00-00-00-00-00-00-00-00-00-00-00-00-00-00-00
[10:57:20:770]50-41-0E-38-01-E0 [CMD_SENT][REMOTE_GET_MODE]
[10:57:20:772][HID_TX_ack]00-19-50-49-01-C0-41-C6-00-00-03-00-0E-B8-00-50-49-0E-ED-00-00-00-00-02-00-E0-01-17-32-00-00-00-00-00-00-00-00-00-00-00-00-00-00-00-00-00-00-00-00-00-00-00-00-00-00-00-00-00-00-00-00-00-00-00-00
[10:57:20:772]50-49-01-C0-41-C6-00-00-03-00-0E-B8-00
[10:57:20:772]50-49-0E-ED-00-00-00-00-02-00-E0-01-
[10:57:20:772]REMOTE_GET_MODE=01
[10:57:20:772][HID_TX]00-80-07-32-5F-50-41-06-39-01-00-63-00-00-00-00-00-00-00-00-00-00-00-00-00-00-00-00-00-00-00-00-00-00-00-00-00-00-00-00-00-00-00-00-00-00-00-00-00-00-00-00-00-00-00-00-00-00-00-00-00-00-00-00-00
[10:57:20:773]HidD_GetInputReport=True
[10:57:20:773]reply_report=00-4F-00-00-00-00-00-00-00-00-00-00-00-00-00-00-00-00-00-00-00-00-00-00-00-00-00-00-00-00-00-00-00-00-00-00-00-00-00-00-00-00-00-00-00-00-00-00-00-00-00-00-00-00-00-00-00-00-00-00-00-00-00-00-00
[10:57:20:773]50-41-06-39-01-00-63 [CMD_SENT][CMD_GET_IO_LEVEL]
[10:57:20:799][HID_TX_ack]00-12-50-49-01-EE-13-7F-11-00-08-00-06-B9-00-01-FF-FF-1F-00-00-00-00-02-00-E0-01-17-32-00-00-00-00-00-00-00-00-00-00-00-00-00-00-00-00-00-00-00-00-00-00-00-00-00-00-00-00-00-00-00-00-00-00-00-00
[10:57:20:799]50-49-01-EE-13-7F-11-00-08-00-06-B9-00-01-FF-FF-1F-00
[10:57:21:016][HID_TX]00-80-06-35-C3-50-41-0E-3A-01-E0-00-00-00-00-00-00-00-00-00-00-00-00-00-00-00-00-00-00-00-00-00-00-00-00-00-00-00-00-00-00-00-00-00-00-00-00-00-00-00-00-00-00-00-00-00-00-00-00-00-00-00-00-00-00
[10:57:21:017]HidD_GetInputReport=True
[10:57:21:017]reply_report=00-4F-00-00-00-00-00-00-00-00-00-00-00-00-00-00-00-00-00-00-00-00-00-00-00-00-00-00-00-00-00-00-00-00-00-00-00-00-00-00-00-00-00-00-00-00-00-00-00-00-00-00-00-00-00-00-00-00-00-00-00-00-00-00-00
[10:57:21:017]50-41-0E-3A-01-E0 [CMD_SENT][REMOTE_GET_MODE]
[10:57:21:020][HID_TX_ack]00-19-50-49-01-C0-07-C7-00-00-03-00-0E-BA-00-50-49-0E-EF-00-00-00-00-02-00-E0-01-17-32-00-00-00-00-00-00-00-00-00-00-00-00-00-00-00-00-00-00-00-00-00-00-00-00-00-00-00-00-00-00-00-00-00-00-00-00
[10:57:21:020]50-49-01-C0-07-C7-00-00-03-00-0E-BA-00
[10:57:21:020]50-49-0E-EF-00-00-00-00-02-00-E0-01-
[10:57:21:020]REMOTE_GET_MODE=01
[10:57:21:020][HID_TX]00-80-07-D9-70-50-41-06-3B-01-00-63-00-00-00-00-00-00-00-00-00-00-00-00-00-00-00-00-00-00-00-00-00-00-00-00-00-00-00-00-00-00-00-00-00-00-00-00-00-00-00-00-00-00-00-00-00-00-00-00-00-00-00-00-00
[10:57:21:021]HidD_GetInputReport=True
[10:57:21:021]reply_report=00-4F-00-00-00-00-00-00-00-00-00-00-00-00-00-00-00-00-00-00-00-00-00-00-00-00-00-00-00-00-00-00-00-00-00-00-00-00-00-00-00-00-00-00-00-00-00-00-00-00-00-00-00-00-00-00-00-00-00-00-00-00-00-00-00
[10:57:21:021]50-41-06-3B-01-00-63 [CMD_SENT][CMD_GET_IO_LEVEL]
[10:57:21:044][HID_TX_ack]00-12-50-49-01-F0-D4-7F-11-00-08-00-06-BB-00-01-FF-FF-1F-00-00-00-00-02-00-E0-01-17-32-00-00-00-00-00-00-00-00-00-00-00-00-00-00-00-00-00-00-00-00-00-00-00-00-00-00-00-00-00-00-00-00-00-00-00-00
[10:57:21:044]50-49-01-F0-D4-7F-11-00-08-00-06-BB-00-01-FF-FF-1F-00
[10:57:21:264][HID_TX]00-80-06-08-B3-50-41-0E-3C-01-E0-00-00-00-00-00-00-00-00-00-00-00-00-00-00-00-00-00-00-00-00-00-00-00-00-00-00-00-00-00-00-00-00-00-00-00-00-00-00-00-00-00-00-00-00-00-00-00-00-00-00-00-00-00-00
[10:57:21:265]HidD_GetInputReport=True
[10:57:21:265]reply_report=00-4F-00-00-00-00-00-00-00-00-00-00-00-00-00-00-00-00-00-00-00-00-00-00-00-00-00-00-00-00-00-00-00-00-00-00-00-00-00-00-00-00-00-00-00-00-00-00-00-00-00-00-00-00-00-00-00-00-00-00-00-00-00-00-00
[10:57:21:265]50-41-0E-3C-01-E0 [CMD_SENT][REMOTE_GET_MODE]
[10:57:21:268][HID_TX_ack]00-19-50-49-01-C0-CE-C7-00-00-03-00-0E-BC-00-50-49-0E-F1-00-00-00-00-02-00-E0-01-17-32-00-00-00-00-00-00-00-00-00-00-00-00-00-00-00-00-00-00-00-00-00-00-00-00-00-00-00-00-00-00-00-00-00-00-00-00
[10:57:21:268]50-49-01-C0-CE-C7-00-00-03-00-0E-BC-00
[10:57:21:268]50-49-0E-F1-00-00-00-00-02-00-E0-01-
[10:57:21:268]REMOTE_GET_MODE=01
[10:57:21:268][HID_TX]00-80-07-E4-00-50-41-06-3D-01-00-63-00-00-00-00-00-00-00-00-00-00-00-00-00-00-00-00-00-00-00-00-00-00-00-00-00-00-00-00-00-00-00-00-00-00-00-00-00-00-00-00-00-00-00-00-00-00-00-00-00-00-00-00-00
[10:57:21:269]HidD_GetInputReport=True
[10:57:21:269]reply_report=00-4F-00-00-00-00-00-00-00-00-00-00-00-00-00-00-00-00-00-00-00-00-00-00-00-00-00-00-00-00-00-00-00-00-00-00-00-00-00-00-00-00-00-00-00-00-00-00-00-00-00-00-00-00-00-00-00-00-00-00-00-00-00-00-00
[10:57:21:269]50-41-06-3D-01-00-63 [CMD_SENT][CMD_GET_IO_LEVEL]
[10:57:21:289][HID_TX_ack]00-12-50-49-01-F2-9B-80-11-00-08-00-06-BD-00-01-FF-FF-1D-00-00-00-00-02-00-E0-01-17-32-00-00-00-00-00-00-00-00-00-00-00-00-00-00-00-00-00-00-00-00-00-00-00-00-00-00-00-00-00-00-00-00-00-00-00-00
[10:57:21:289]50-49-01-F2-9B-80-11-00-08-00-06-BD-00-01-FF-FF-1D-00
[10:57:21:511][HID_TX]00-80-06-E3-9C-50-41-0E-3E-01-E0-00-00-00-00-00-00-00-00-00-00-00-00-00-00-00-00-00-00-00-00-00-00-00-00-00-00-00-00-00-00-00-00-00-00-00-00-00-00-00-00-00-00-00-00-00-00-00-00-00-00-00-00-00-00
[10:57:21:513]HidD_GetInputReport=True
[10:57:21:513]reply_report=00-4F-00-00-00-00-00-00-00-00-00-00-00-00-00-00-00-00-00-00-00-00-00-00-00-00-00-00-00-00-00-00-00-00-00-00-00-00-00-00-00-00-00-00-00-00-00-00-00-00-00-00-00-00-00-00-00-00-00-00-00-00-00-00-00
[10:57:21:513]50-41-0E-3E-01-E0 [CMD_SENT][REMOTE_GET_MODE]
[10:57:21:515][HID_TX_ack]00-19-50-49-01-C0-93-C8-00-00-03-00-0E-BE-00-50-49-0E-F3-00-00-00-00-02-00-E0-01-17-32-00-00-00-00-00-00-00-00-00-00-00-00-00-00-00-00-00-00-00-00-00-00-00-00-00-00-00-00-00-00-00-00-00-00-00-00
[10:57:21:515]50-49-01-C0-93-C8-00-00-03-00-0E-BE-00
[10:57:21:515]50-49-0E-F3-00-00-00-00-02-00-E0-01-
[10:57:21:515]REMOTE_GET_MODE=01
[10:57:21:515][HID_TX]00-80-07-0F-2F-50-41-06-3F-01-00-63-00-00-00-00-00-00-00-00-00-00-00-00-00-00-00-00-00-00-00-00-00-00-00-00-00-00-00-00-00-00-00-00-00-00-00-00-00-00-00-00-00-00-00-00-00-00-00-00-00-00-00-00-00
[10:57:21:516]HidD_GetInputReport=True
[10:57:21:516]reply_report=00-4F-00-00-00-00-00-00-00-00-00-00-00-00-00-00-00-00-00-00-00-00-00-00-00-00-00-00-00-00-00-00-00-00-00-00-00-00-00-00-00-00-00-00-00-00-00-00-00-00-00-00-00-00-00-00-00-00-00-00-00-00-00-00-00
[10:57:21:516]50-41-06-3F-01-00-63 [CMD_SENT][CMD_GET_IO_LEVEL]
[10:57:21:534][HID_TX_ack]00-12-50-49-01-F4-5B-81-11-00-08-00-06-BF-00-01-FF-FF-1D-00-00-00-00-02-00-E0-01-17-32-00-00-00-00-00-00-00-00-00-00-00-00-00-00-00-00-00-00-00-00-00-00-00-00-00-00-00-00-00-00-00-00-00-00-00-00
[10:57:21:534]50-49-01-F4-5B-81-11-00-08-00-06-BF-00-01-FF-FF-1D-00
[10:57:21:744][HID_TX]00-80-06-3C-4F-50-41-0E-40-01-E0-00-00-00-00-00-00-00-00-00-00-00-00-00-00-00-00-00-00-00-00-00-00-00-00-00-00-00-00-00-00-00-00-00-00-00-00-00-00-00-00-00-00-00-00-00-00-00-00-00-00-00-00-00-00
[10:57:21:745]HidD_GetInputReport=True
[10:57:21:745]reply_report=00-4F-00-00-00-00-00-00-00-00-00-00-00-00-00-00-00-00-00-00-00-00-00-00-00-00-00-00-00-00-00-00-00-00-00-00-00-00-00-00-00-00-00-00-00-00-00-00-00-00-00-00-00-00-00-00-00-00-00-00-00-00-00-00-00
[10:57:21:745]50-41-0E-40-01-E0 [CMD_SENT][REMOTE_GET_MODE]
[10:57:21:749][HID_TX_ack]00-19-50-49-01-C0-4E-C9-00-00-03-00-0E-C0-00-50-49-0E-F5-00-00-00-00-02-00-E0-01-17-32-00-00-00-00-00-00-00-00-00-00-00-00-00-00-00-00-00-00-00-00-00-00-00-00-00-00-00-00-00-00-00-00-00-00-00-00
[10:57:21:749]50-49-01-C0-4E-C9-00-00-03-00-0E-C0-00
[10:57:21:749]REMOTE_GET_MODE=01
[10:57:21:749]50-49-0E-F5-00-00-00-00-02-00-E0-01-
[10:57:21:749][HID_TX]00-80-07-D0-FC-50-41-06-41-01-00-63-00-00-00-00-00-00-00-00-00-00-00-00-00-00-00-00-00-00-00-00-00-00-00-00-00-00-00-00-00-00-00-00-00-00-00-00-00-00-00-00-00-00-00-00-00-00-00-00-00-00-00-00-00
[10:57:21:750]HidD_GetInputReport=True
[10:57:21:750]reply_report=00-4F-00-00-00-00-00-00-00-00-00-00-00-00-00-00-00-00-00-00-00-00-00-00-00-00-00-00-00-00-00-00-00-00-00-00-00-00-00-00-00-00-00-00-00-00-00-00-00-00-00-00-00-00-00-00-00-00-00-00-00-00-00-00-00
[10:57:21:750]50-41-06-41-01-00-63 [CMD_SENT][CMD_GET_IO_LEVEL]
[10:57:21:779][HID_TX_ack]00-12-50-49-01-F6-24-82-11-00-08-00-06-C1-00-01-FF-FF-1D-00-00-00-00-02-00-E0-01-17-32-00-00-00-00-00-00-00-00-00-00-00-00-00-00-00-00-00-00-00-00-00-00-00-00-00-00-00-00-00-00-00-00-00-00-00-00
[10:57:21:779]50-49-01-F6-24-82-11-00-08-00-06-C1-00-01-FF-FF-1D-00
[10:57:21:993][HID_TX]00-80-06-D7-60-50-41-0E-42-01-E0-00-00-00-00-00-00-00-00-00-00-00-00-00-00-00-00-00-00-00-00-00-00-00-00-00-00-00-00-00-00-00-00-00-00-00-00-00-00-00-00-00-00-00-00-00-00-00-00-00-00-00-00-00-00
[10:57:21:993]HidD_GetInputReport=True
[10:57:21:993]reply_report=00-4F-00-00-00-00-00-00-00-00-00-00-00-00-00-00-00-00-00-00-00-00-00-00-00-00-00-00-00-00-00-00-00-00-00-00-00-00-00-00-00-00-00-00-00-00-00-00-00-00-00-00-00-00-00-00-00-00-00-00-00-00-00-00-00
[10:57:21:993]50-41-0E-42-01-E0 [CMD_SENT][REMOTE_GET_MODE]
[10:57:21:996][HID_TX_ack]00-19-50-49-01-C0-15-CA-00-00-03-00-0E-C2-00-50-49-0E-F7-00-00-00-00-02-00-E0-01-17-32-00-00-00-00-00-00-00-00-00-00-00-00-00-00-00-00-00-00-00-00-00-00-00-00-00-00-00-00-00-00-00-00-00-00-00-00
[10:57:21:996]50-49-01-C0-15-CA-00-00-03-00-0E-C2-00
[10:57:21:996]50-49-0E-F7-00-00-00-00-02-00-E0-01-
[10:57:21:996]REMOTE_GET_MODE=01
[10:57:21:996][HID_TX]00-80-07-3B-D3-50-41-06-43-01-00-63-00-00-00-00-00-00-00-00-00-00-00-00-00-00-00-00-00-00-00-00-00-00-00-00-00-00-00-00-00-00-00-00-00-00-00-00-00-00-00-00-00-00-00-00-00-00-00-00-00-00-00-00-00
[10:57:21:997]HidD_GetInputReport=True
[10:57:21:997]reply_report=00-4F-00-00-00-00-00-00-00-00-00-00-00-00-00-00-00-00-00-00-00-00-00-00-00-00-00-00-00-00-00-00-00-00-00-00-00-00-00-00-00-00-00-00-00-00-00-00-00-00-00-00-00-00-00-00-00-00-00-00-00-00-00-00-00
[10:57:21:997]50-41-06-43-01-00-63 [CMD_SENT][CMD_GET_IO_LEVEL]
[10:57:22:014][HID_TX_ack]00-0D-50-49-11-F8-22-CA-00-00-03-00-20-E9-00-50-49-0E-F7-00-00-00-00-02-00-E0-01-17-32-00-00-00-00-00-00-00-00-00-00-00-00-00-00-00-00-00-00-00-00-00-00-00-00-00-00-00-00-00-00-00-00-00-00-00-00
[10:57:22:014]50-49-11-F8-22-CA-00-00-03-00-20-E9-00
[10:57:22:022][HID_TX_ack]00-1A-50-49-01-C0-28-CA-00-00-03-00-11-9C-18-50-49-01-C0-29-CA-00-00-03-00-11-9D-17-32-00-00-00-00-00-00-00-00-00-00-00-00-00-00-00-00-00-00-00-00-00-00-00-00-00-00-00-00-00-00-00-00-00-00-00-00
[10:57:22:022]50-49-01-C0-28-CA-00-00-03-00-11-9C-18
[10:57:22:022]50-49-01-C0-29-CA-00-00-03-00-11-9D-17
[10:57:22:025][HID_TX_ack]00-1F-50-49-01-F9-E3-82-11-00-08-00-06-C3-00-01-FF-FF-1F-00-50-49-11-FA-2B-CA-00-00-03-00-20-00-00-00-00-00-00-00-00-00-00-00-00-00-00-00-00-00-00-00-00-00-00-00-00-00-00-00-00-00-00-00-00-00-00
[10:57:22:025]50-49-01-F9-E3-82-11-00-08-00-06-C3-00-01-FF-FF-1F-00
[10:57:22:025]50-49-11-FA-2B-CA-00-00-03-00-20-00-00
[10:57:22:241][HID_TX]00-80-06-EA-10-50-41-0E-44-01-E0-00-00-00-00-00-00-00-00-00-00-00-00-00-00-00-00-00-00-00-00-00-00-00-00-00-00-00-00-00-00-00-00-00-00-00-00-00-00-00-00-00-00-00-00-00-00-00-00-00-00-00-00-00-00
[10:57:22:243]HidD_GetInputReport=True
[10:57:22:243]reply_report=00-4F-00-00-00-00-00-00-00-00-00-00-00-00-00-00-00-00-00-00-00-00-00-00-00-00-00-00-00-00-00-00-00-00-00-00-00-00-00-00-00-00-00-00-00-00-00-00-00-00-00-00-00-00-00-00-00-00-00-00-00-00-00-00-00
[10:57:22:243]50-41-0E-44-01-E0 [CMD_SENT][REMOTE_GET_MODE]
[10:57:22:245][HID_TX_ack]00-19-50-49-01-C0-DB-CA-00-00-03-00-0E-C4-00-50-49-0E-FB-00-00-00-00-02-00-E0-01-00-03-00-20-00-00-00-00-00-00-00-00-00-00-00-00-00-00-00-00-00-00-00-00-00-00-00-00-00-00-00-00-00-00-00-00-00-00
[10:57:22:245]50-49-01-C0-DB-CA-00-00-03-00-0E-C4-00
[10:57:22:245]50-49-0E-FB-00-00-00-00-02-00-E0-01-
[10:57:22:245]REMOTE_GET_MODE=01
[10:57:22:245][HID_TX]00-80-07-06-A3-50-41-06-45-01-00-63-00-00-00-00-00-00-00-00-00-00-00-00-00-00-00-00-00-00-00-00-00-00-00-00-00-00-00-00-00-00-00-00-00-00-00-00-00-00-00-00-00-00-00-00-00-00-00-00-00-00-00-00-00
[10:57:22:246]HidD_GetInputReport=True
[10:57:22:246]reply_report=00-4F-00-00-00-00-00-00-00-00-00-00-00-00-00-00-00-00-00-00-00-00-00-00-00-00-00-00-00-00-00-00-00-00-00-00-00-00-00-00-00-00-00-00-00-00-00-00-00-00-00-00-00-00-00-00-00-00-00-00-00-00-00-00-00
[10:57:22:246]50-41-06-45-01-00-63 [CMD_SENT][CMD_GET_IO_LEVEL]
[10:57:22:269][HID_TX_ack]00-12-50-49-01-FC-AB-83-11-00-08-00-06-C5-00-01-FF-FF-1F-00-00-00-00-02-00-E0-01-00-03-00-20-00-00-00-00-00-00-00-00-00-00-00-00-00-00-00-00-00-00-00-00-00-00-00-00-00-00-00-00-00-00-00-00-00-00
[10:57:22:269]50-49-01-FC-AB-83-11-00-08-00-06-C5-00-01-FF-FF-1F-00
[10:57:22:488][HID_TX]00-80-06-01-3F-50-41-0E-46-01-E0-00-00-00-00-00-00-00-00-00-00-00-00-00-00-00-00-00-00-00-00-00-00-00-00-00-00-00-00-00-00-00-00-00-00-00-00-00-00-00-00-00-00-00-00-00-00-00-00-00-00-00-00-00-00
[10:57:22:489]HidD_GetInputReport=True
[10:57:22:489]reply_report=00-4F-00-00-00-00-00-00-00-00-00-00-00-00-00-00-00-00-00-00-00-00-00-00-00-00-00-00-00-00-00-00-00-00-00-00-00-00-00-00-00-00-00-00-00-00-00-00-00-00-00-00-00-00-00-00-00-00-00-00-00-00-00-00-00
[10:57:22:489]50-41-0E-46-01-E0 [CMD_SENT][REMOTE_GET_MODE]
[10:57:22:491][HID_TX_ack]00-19-50-49-01-C0-A1-CB-00-00-03-00-0E-C6-00-50-49-0E-FD-00-00-00-00-02-00-E0-01-00-03-00-20-00-00-00-00-00-00-00-00-00-00-00-00-00-00-00-00-00-00-00-00-00-00-00-00-00-00-00-00-00-00-00-00-00-00
[10:57:22:491]50-49-01-C0-A1-CB-00-00-03-00-0E-C6-00
[10:57:22:491]50-49-0E-FD-00-00-00-00-02-00-E0-01-
[10:57:22:492]REMOTE_GET_MODE=01
[10:57:22:492][HID_TX]00-80-07-ED-8C-50-41-06-47-01-00-63-00-00-00-00-00-00-00-00-00-00-00-00-00-00-00-00-00-00-00-00-00-00-00-00-00-00-00-00-00-00-00-00-00-00-00-00-00-00-00-00-00-00-00-00-00-00-00-00-00-00-00-00-00
[10:57:22:493]HidD_GetInputReport=True
[10:57:22:493]reply_report=00-4F-00-00-00-00-00-00-00-00-00-00-00-00-00-00-00-00-00-00-00-00-00-00-00-00-00-00-00-00-00-00-00-00-00-00-00-00-00-00-00-00-00-00-00-00-00-00-00-00-00-00-00-00-00-00-00-00-00-00-00-00-00-00-00
[10:57:22:493]50-41-06-47-01-00-63 [CMD_SENT][CMD_GET_IO_LEVEL]
[10:57:22:514][HID_TX_ack]00-12-50-49-01-FE-6C-84-11-00-08-00-06-C7-00-01-FF-FF-1F-00-00-00-00-02-00-E0-01-00-03-00-20-00-00-00-00-00-00-00-00-00-00-00-00-00-00-00-00-00-00-00-00-00-00-00-00-00-00-00-00-00-00-00-00-00-00
[10:57:22:514]50-49-01-FE-6C-84-11-00-08-00-06-C7-00-01-FF-FF-1F-00
[10:57:22:737][HID_TX]00-80-06-90-F0-50-41-0E-48-01-E0-00-00-00-00-00-00-00-00-00-00-00-00-00-00-00-00-00-00-00-00-00-00-00-00-00-00-00-00-00-00-00-00-00-00-00-00-00-00-00-00-00-00-00-00-00-00-00-00-00-00-00-00-00-00
[10:57:22:738]HidD_GetInputReport=True
[10:57:22:738]reply_report=00-4F-00-00-00-00-00-00-00-00-00-00-00-00-00-00-00-00-00-00-00-00-00-00-00-00-00-00-00-00-00-00-00-00-00-00-00-00-00-00-00-00-00-00-00-00-00-00-00-00-00-00-00-00-00-00-00-00-00-00-00-00-00-00-00
[10:57:22:738]50-41-0E-48-01-E0 [CMD_SENT][REMOTE_GET_MODE]
[10:57:22:741][HID_TX_ack]00-19-50-49-01-C0-68-CC-00-00-03-00-0E-C8-00-50-49-0E-FF-00-00-00-00-02-00-E0-01-00-03-00-20-00-00-00-00-00-00-00-00-00-00-00-00-00-00-00-00-00-00-00-00-00-00-00-00-00-00-00-00-00-00-00-00-00-00
[10:57:22:741]50-49-01-C0-68-CC-00-00-03-00-0E-C8-00
[10:57:22:741]50-49-0E-FF-00-00-00-00-02-00-E0-01-
[10:57:22:741]REMOTE_GET_MODE=01
[10:57:22:741][HID_TX]00-80-07-7C-43-50-41-06-49-01-00-63-00-00-00-00-00-00-00-00-00-00-00-00-00-00-00-00-00-00-00-00-00-00-00-00-00-00-00-00-00-00-00-00-00-00-00-00-00-00-00-00-00-00-00-00-00-00-00-00-00-00-00-00-00
[10:57:22:742]HidD_GetInputReport=True
[10:57:22:742]reply_report=00-4F-00-00-00-00-00-00-00-00-00-00-00-00-00-00-00-00-00-00-00-00-00-00-00-00-00-00-00-00-00-00-00-00-00-00-00-00-00-00-00-00-00-00-00-00-00-00-00-00-00-00-00-00-00-00-00-00-00-00-00-00-00-00-00
[10:57:22:742]50-41-06-49-01-00-63 [CMD_SENT][CMD_GET_IO_LEVEL]
[10:57:22:777][HID_TX_ack]00-12-50-49-01-C0-34-85-11-00-08-00-06-C9-00-01-FF-FF-1E-00-00-00-00-02-00-E0-01-00-03-00-20-00-00-00-00-00-00-00-00-00-00-00-00-00-00-00-00-00-00-00-00-00-00-00-00-00-00-00-00-00-00-00-00-00-00
[10:57:22:777]50-49-01-C0-34-85-11-00-08-00-06-C9-00-01-FF-FF-1E-00
[10:57:23:261][HID_TX_ack]00-0D-50-49-11-C1-07-CE-00-00-03-00-20-EA-00-01-FF-FF-1E-00-00-00-00-02-00-E0-01-00-03-00-20-00-00-00-00-00-00-00-00-00-00-00-00-00-00-00-00-00-00-00-00-00-00-00-00-00-00-00-00-00-00-00-00-00-00
[10:57:23:261]50-49-11-C1-07-CE-00-00-03-00-20-EA-00
[10:57:23:270][HID_TX_ack]00-0D-50-49-01-C0-0F-CE-00-00-03-00-11-9E-18-01-FF-FF-1E-00-00-00-00-02-00-E0-01-00-03-00-20-00-00-00-00-00-00-00-00-00-00-00-00-00-00-00-00-00-00-00-00-00-00-00-00-00-00-00-00-00-00-00-00-00-00
[10:57:23:270]50-49-01-C0-0F-CE-00-00-03-00-11-9E-18
[10:57:23:273][HID_TX_ack]00-1A-50-49-01-C0-11-CE-00-00-03-00-11-9F-17-50-49-11-C2-12-CE-00-00-03-00-20-00-00-03-00-20-00-00-00-00-00-00-00-00-00-00-00-00-00-00-00-00-00-00-00-00-00-00-00-00-00-00-00-00-00-00-00-00-00-00
[10:57:23:274]50-49-01-C0-11-CE-00-00-03-00-11-9F-17
[10:57:23:274]50-49-11-C2-12-CE-00-00-03-00-20-00-00
[10:57:24:025][HID_TX]00-80-06-7B-DF-50-41-0E-4A-01-E0-00-00-00-00-00-00-00-00-00-00-00-00-00-00-00-00-00-00-00-00-00-00-00-00-00-00-00-00-00-00-00-00-00-00-00-00-00-00-00-00-00-00-00-00-00-00-00-00-00-00-00-00-00-00
[10:57:24:027]HidD_GetInputReport=True
[10:57:24:027]reply_report=00-4F-00-00-00-00-00-00-00-00-00-00-00-00-00-00-00-00-00-00-00-00-00-00-00-00-00-00-00-00-00-00-00-00-00-00-00-00-00-00-00-00-00-00-00-00-00-00-00-00-00-00-00-00-00-00-00-00-00-00-00-00-00-00-00
[10:57:24:027]50-41-0E-4A-01-E0 [CMD_SENT][REMOTE_GET_MODE]
[10:57:24:029][HID_TX_ack]00-19-50-49-01-C0-6F-D0-00-00-03-00-0E-CA-00-50-49-0E-C3-00-00-00-00-02-00-E0-01-00-03-00-20-00-00-00-00-00-00-00-00-00-00-00-00-00-00-00-00-00-00-00-00-00-00-00-00-00-00-00-00-00-00-00-00-00-00
[10:57:24:029]50-49-01-C0-6F-D0-00-00-03-00-0E-CA-00
[10:57:24:029]50-49-0E-C3-00-00-00-00-02-00-E0-01-
[10:57:24:029]REMOTE_GET_MODE=01
[10:57:24:030][HID_TX]00-80-07-97-6C-50-41-06-4B-01-00-63-00-00-00-00-00-00-00-00-00-00-00-00-00-00-00-00-00-00-00-00-00-00-00-00-00-00-00-00-00-00-00-00-00-00-00-00-00-00-00-00-00-00-00-00-00-00-00-00-00-00-00-00-00
[10:57:24:031]HidD_GetInputReport=True
[10:57:24:031]reply_report=00-4F-00-00-00-00-00-00-00-00-00-00-00-00-00-00-00-00-00-00-00-00-00-00-00-00-00-00-00-00-00-00-00-00-00-00-00-00-00-00-00-00-00-00-00-00-00-00-00-00-00-00-00-00-00-00-00-00-00-00-00-00-00-00-00
[10:57:24:031]50-41-06-4B-01-00-63 [CMD_SENT][CMD_GET_IO_LEVEL]
[10:57:24:054][HID_TX_ack]00-12-50-49-01-C4-41-89-11-00-08-00-06-CB-00-01-FF-FF-1F-00-00-00-00-02-00-E0-01-00-03-00-20-00-00-00-00-00-00-00-00-00-00-00-00-00-00-00-00-00-00-00-00-00-00-00-00-00-00-00-00-00-00-00-00-00-00
[10:57:24:054]50-49-01-C4-41-89-11-00-08-00-06-CB-00-01-FF-FF-1F-00
[10:57:24:271][HID_TX]00-80-06-46-AF-50-41-0E-4C-01-E0-00-00-00-00-00-00-00-00-00-00-00-00-00-00-00-00-00-00-00-00-00-00-00-00-00-00-00-00-00-00-00-00-00-00-00-00-00-00-00-00-00-00-00-00-00-00-00-00-00-00-00-00-00-00
[10:57:24:273]HidD_GetInputReport=True
[10:57:24:273]reply_report=00-4F-00-00-00-00-00-00-00-00-00-00-00-00-00-00-00-00-00-00-00-00-00-00-00-00-00-00-00-00-00-00-00-00-00-00-00-00-00-00-00-00-00-00-00-00-00-00-00-00-00-00-00-00-00-00-00-00-00-00-00-00-00-00-00
[10:57:24:273]50-41-0E-4C-01-E0 [CMD_SENT][REMOTE_GET_MODE]
[10:57:24:275][HID_TX_ack]00-19-50-49-01-C0-34-D1-00-00-03-00-0E-CC-00-50-49-0E-C5-00-00-00-00-02-00-E0-01-00-03-00-20-00-00-00-00-00-00-00-00-00-00-00-00-00-00-00-00-00-00-00-00-00-00-00-00-00-00-00-00-00-00-00-00-00-00
[10:57:24:275]50-49-01-C0-34-D1-00-00-03-00-0E-CC-00
[10:57:24:275]50-49-0E-C5-00-00-00-00-02-00-E0-01-
[10:57:24:275]REMOTE_GET_MODE=01
[10:57:24:275][HID_TX]00-80-07-AA-1C-50-41-06-4D-01-00-63-00-00-00-00-00-00-00-00-00-00-00-00-00-00-00-00-00-00-00-00-00-00-00-00-00-00-00-00-00-00-00-00-00-00-00-00-00-00-00-00-00-00-00-00-00-00-00-00-00-00-00-00-00
[10:57:24:277]HidD_GetInputReport=True
[10:57:24:277]reply_report=00-4F-00-00-00-00-00-00-00-00-00-00-00-00-00-00-00-00-00-00-00-00-00-00-00-00-00-00-00-00-00-00-00-00-00-00-00-00-00-00-00-00-00-00-00-00-00-00-00-00-00-00-00-00-00-00-00-00-00-00-00-00-00-00-00
[10:57:24:277]50-41-06-4D-01-00-63 [CMD_SENT][CMD_GET_IO_LEVEL]
[10:57:24:299][HID_TX_ack]00-12-50-49-01-C6-00-8A-11-00-08-00-06-CD-00-01-FF-FF-1F-00-00-00-00-02-00-E0-01-00-03-00-20-00-00-00-00-00-00-00-00-00-00-00-00-00-00-00-00-00-00-00-00-00-00-00-00-00-00-00-00-00-00-00-00-00-00
[10:57:24:299]50-49-01-C6-00-8A-11-00-08-00-06-CD-00-01-FF-FF-1F-00
[10:57:24:520][HID_TX]00-80-06-AD-80-50-41-0E-4E-01-E0-00-00-00-00-00-00-00-00-00-00-00-00-00-00-00-00-00-00-00-00-00-00-00-00-00-00-00-00-00-00-00-00-00-00-00-00-00-00-00-00-00-00-00-00-00-00-00-00-00-00-00-00-00-00
[10:57:24:522]HidD_GetInputReport=True
[10:57:24:522]reply_report=00-4F-00-00-00-00-00-00-00-00-00-00-00-00-00-00-00-00-00-00-00-00-00-00-00-00-00-00-00-00-00-00-00-00-00-00-00-00-00-00-00-00-00-00-00-00-00-00-00-00-00-00-00-00-00-00-00-00-00-00-00-00-00-00-00
[10:57:24:522]50-41-0E-4E-01-E0 [CMD_SENT][REMOTE_GET_MODE]
[10:57:24:524][HID_TX_ack]00-19-50-49-01-C0-FB-D1-00-00-03-00-0E-CE-00-50-49-0E-C7-00-00-00-00-02-00-E0-01-00-03-00-20-00-00-00-00-00-00-00-00-00-00-00-00-00-00-00-00-00-00-00-00-00-00-00-00-00-00-00-00-00-00-00-00-00-00
[10:57:24:524]50-49-01-C0-FB-D1-00-00-03-00-0E-CE-00
[10:57:24:524]50-49-0E-C7-00-00-00-00-02-00-E0-01-
[10:57:24:524]REMOTE_GET_MODE=01
[10:57:24:524][HID_TX]00-80-07-41-33-50-41-06-4F-01-00-63-00-00-00-00-00-00-00-00-00-00-00-00-00-00-00-00-00-00-00-00-00-00-00-00-00-00-00-00-00-00-00-00-00-00-00-00-00-00-00-00-00-00-00-00-00-00-00-00-00-00-00-00-00
[10:57:24:526]HidD_GetInputReport=True
[10:57:24:526]reply_report=00-4F-00-00-00-00-00-00-00-00-00-00-00-00-00-00-00-00-00-00-00-00-00-00-00-00-00-00-00-00-00-00-00-00-00-00-00-00-00-00-00-00-00-00-00-00-00-00-00-00-00-00-00-00-00-00-00-00-00-00-00-00-00-00-00
[10:57:24:526]50-41-06-4F-01-00-63 [CMD_SENT][CMD_GET_IO_LEVEL]
[10:57:24:543][HID_TX_ack]00-12-50-49-01-C8-C8-8A-11-00-08-00-06-CF-00-01-FF-FF-1D-00-00-00-00-02-00-E0-01-00-03-00-20-00-00-00-00-00-00-00-00-00-00-00-00-00-00-00-00-00-00-00-00-00-00-00-00-00-00-00-00-00-00-00-00-00-00
[10:57:24:543]50-49-01-C8-C8-8A-11-00-08-00-06-CF-00-01-FF-FF-1D-00
[10:57:24:754][HID_TX]00-80-06-45-20-50-41-0E-50-01-E0-00-00-00-00-00-00-00-00-00-00-00-00-00-00-00-00-00-00-00-00-00-00-00-00-00-00-00-00-00-00-00-00-00-00-00-00-00-00-00-00-00-00-00-00-00-00-00-00-00-00-00-00-00-00
[10:57:24:755]HidD_GetInputReport=True
[10:57:24:755]reply_report=00-4F-00-00-00-00-00-00-00-00-00-00-00-00-00-00-00-00-00-00-00-00-00-00-00-00-00-00-00-00-00-00-00-00-00-00-00-00-00-00-00-00-00-00-00-00-00-00-00-00-00-00-00-00-00-00-00-00-00-00-00-00-00-00-00
[10:57:24:755]50-41-0E-50-01-E0 [CMD_SENT][REMOTE_GET_MODE]
[10:57:24:758][HID_TX_ack]00-19-50-49-01-C0-B6-D2-00-00-03-00-0E-D0-00-50-49-0E-C9-00-00-00-00-02-00-E0-01-00-03-00-20-00-00-00-00-00-00-00-00-00-00-00-00-00-00-00-00-00-00-00-00-00-00-00-00-00-00-00-00-00-00-00-00-00-00
[10:57:24:758]50-49-01-C0-B6-D2-00-00-03-00-0E-D0-00
[10:57:24:758]50-49-0E-C9-00-00-00-00-02-00-E0-01-
[10:57:24:758]REMOTE_GET_MODE=01
[10:57:24:758][HID_TX]00-80-07-A9-93-50-41-06-51-01-00-63-00-00-00-00-00-00-00-00-00-00-00-00-00-00-00-00-00-00-00-00-00-00-00-00-00-00-00-00-00-00-00-00-00-00-00-00-00-00-00-00-00-00-00-00-00-00-00-00-00-00-00-00-00
[10:57:24:760]HidD_GetInputReport=True
[10:57:24:760]reply_report=00-4F-00-00-00-00-00-00-00-00-00-00-00-00-00-00-00-00-00-00-00-00-00-00-00-00-00-00-00-00-00-00-00-00-00-00-00-00-00-00-00-00-00-00-00-00-00-00-00-00-00-00-00-00-00-00-00-00-00-00-00-00-00-00-00
[10:57:24:760]50-41-06-51-01-00-63 [CMD_SENT][CMD_GET_IO_LEVEL]
[10:57:24:787][HID_TX_ack]00-12-50-49-01-CA-87-8B-11-00-08-00-06-D1-00-01-FF-FF-1D-00-00-00-00-02-00-E0-01-00-03-00-20-00-00-00-00-00-00-00-00-00-00-00-00-00-00-00-00-00-00-00-00-00-00-00-00-00-00-00-00-00-00-00-00-00-00
[10:57:24:788]50-49-01-CA-87-8B-11-00-08-00-06-D1-00-01-FF-FF-1D-00
[10:57:25:003][HID_TX]00-80-06-AE-0F-50-41-0E-52-01-E0-00-00-00-00-00-00-00-00-00-00-00-00-00-00-00-00-00-00-00-00-00-00-00-00-00-00-00-00-00-00-00-00-00-00-00-00-00-00-00-00-00-00-00-00-00-00-00-00-00-00-00-00-00-00
[10:57:25:004]HidD_GetInputReport=True
[10:57:25:004]reply_report=00-4F-00-00-00-00-00-00-00-00-00-00-00-00-00-00-00-00-00-00-00-00-00-00-00-00-00-00-00-00-00-00-00-00-00-00-00-00-00-00-00-00-00-00-00-00-00-00-00-00-00-00-00-00-00-00-00-00-00-00-00-00-00-00-00
[10:57:25:004]50-41-0E-52-01-E0 [CMD_SENT][REMOTE_GET_MODE]
[10:57:25:007][HID_TX_ack]00-19-50-49-01-C0-7D-D3-00-00-03-00-0E-D2-00-50-49-0E-CB-00-00-00-00-02-00-E0-01-00-03-00-20-00-00-00-00-00-00-00-00-00-00-00-00-00-00-00-00-00-00-00-00-00-00-00-00-00-00-00-00-00-00-00-00-00-00
[10:57:25:007]50-49-01-C0-7D-D3-00-00-03-00-0E-D2-00
[10:57:25:007]50-49-0E-CB-00-00-00-00-02-00-E0-01-
[10:57:25:007]REMOTE_GET_MODE=01
[10:57:25:007][HID_TX]00-80-07-42-BC-50-41-06-53-01-00-63-00-00-00-00-00-00-00-00-00-00-00-00-00-00-00-00-00-00-00-00-00-00-00-00-00-00-00-00-00-00-00-00-00-00-00-00-00-00-00-00-00-00-00-00-00-00-00-00-00-00-00-00-00
[10:57:25:008]HidD_GetInputReport=True
[10:57:25:008]reply_report=00-4F-00-00-00-00-00-00-00-00-00-00-00-00-00-00-00-00-00-00-00-00-00-00-00-00-00-00-00-00-00-00-00-00-00-00-00-00-00-00-00-00-00-00-00-00-00-00-00-00-00-00-00-00-00-00-00-00-00-00-00-00-00-00-00
[10:57:25:008]50-41-06-53-01-00-63 [CMD_SENT][CMD_GET_IO_LEVEL]
[10:57:25:034][HID_TX_ack]00-12-50-49-01-CC-50-8C-11-00-08-00-06-D3-00-01-FF-FF-1D-00-00-00-00-02-00-E0-01-00-03-00-20-00-00-00-00-00-00-00-00-00-00-00-00-00-00-00-00-00-00-00-00-00-00-00-00-00-00-00-00-00-00-00-00-00-00
[10:57:25:034]50-49-01-CC-50-8C-11-00-08-00-06-D3-00-01-FF-FF-1D-00
[10:57:25:367][HID_TX_ack]00-0D-50-49-11-CD-9D-D4-00-00-03-00-20-E9-00-01-FF-FF-1D-00-00-00-00-02-00-E0-01-00-03-00-20-00-00-00-00-00-00-00-00-00-00-00-00-00-00-00-00-00-00-00-00-00-00-00-00-00-00-00-00-00-00-00-00-00-00
[10:57:25:367]50-49-11-CD-9D-D4-00-00-03-00-20-E9-00
[10:57:25:380][HID_TX_ack]00-1A-50-49-01-C0-A7-D4-00-00-03-00-11-A0-18-50-49-01-C0-A7-D4-00-00-03-00-11-A1-17-03-00-20-00-00-00-00-00-00-00-00-00-00-00-00-00-00-00-00-00-00-00-00-00-00-00-00-00-00-00-00-00-00-00-00-00-00
[10:57:25:380]50-49-01-C0-A7-D4-00-00-03-00-11-A0-18
[10:57:25:380]50-49-01-C0-A7-D4-00-00-03-00-11-A1-17
[10:57:25:383][HID_TX_ack]00-0D-50-49-11-CE-A9-D4-00-00-03-00-20-00-00-50-49-01-C0-A7-D4-00-00-03-00-11-A1-17-03-00-20-00-00-00-00-00-00-00-00-00-00-00-00-00-00-00-00-00-00-00-00-00-00-00-00-00-00-00-00-00-00-00-00-00-00
[10:57:25:383]50-49-11-CE-A9-D4-00-00-03-00-20-00-00
[10:57:25:900][HID_TX]00-80-07-13-8B-50-41-0E-54-02-E1-00-00-00-00-00-00-00-00-00-00-00-00-00-00-00-00-00-00-00-00-00-00-00-00-00-00-00-00-00-00-00-00-00-00-00-00-00-00-00-00-00-00-00-00-00-00-00-00-00-00-00-00-00-00
[10:57:25:902]HidD_GetInputReport=True
[10:57:25:902]reply_report=00-4F-00-00-00-00-00-00-00-00-00-00-00-00-00-00-00-00-00-00-00-00-00-00-00-00-00-00-00-00-00-00-00-00-00-00-00-00-00-00-00-00-00-00-00-00-00-00-00-00-00-00-00-00-00-00-00-00-00-00-00-00-00-00-00
[10:57:25:902]50-41-0E-54-02-E1-00 [CMD_SENT][REMOTE_SET_MODE] is_remote=False
[10:57:25:904][HID_TX_ack]00-0D-50-49-01-C0-4B-D6-00-00-03-00-0E-D4-00-50-49-01-C0-A7-D4-00-00-03-00-11-A1-17-03-00-20-00-00-00-00-00-00-00-00-00-00-00-00-00-00-00-00-00-00-00-00-00-00-00-00-00-00-00-00-00-00-00-00-00-00
[10:57:25:904]50-49-01-C0-4B-D6-00-00-03-00-0E-D4-00
[10:57:25:906]ystech_Power_Saving, is_EnablePowerSaving=True
[10:57:25:906][HID_TX]00-85-01-73-56-02-00-00-00-00-00-00-00-00-00-00-00-00-00-00-00-00-00-00-00-00-00-00-00-00-00-00-00-00-00-00-00-00-00-00-00-00-00-00-00-00-00-00-00-00-00-00-00-00-00-00-00-00-00-00-00-00-00-00-00
[10:57:25:907]HidD_GetInputReport=True
[10:57:25:907]reply_report=00-4F-00-00-00-00-00-00-00-00-00-00-00-00-00-00-00-00-00-00-00-00-00-00-00-00-00-00-00-00-00-00-00-00-00-00-00-00-00-00-00-00-00-00-00-00-00-00-00-00-00-00-00-00-00-00-00-00-00-00-00-00-00-00-00
[10:57:25:907]HID_CMD_POWER_SAVING_Enable
[10:57:25:907]close_hid_stream
[10:57:25:908]close_hid_handle
