[15:54:47:191]\\?\hid#dell09c2&col02#5&bc4dc33&0&0001#{4d1e55b2-f16f-11cf-88cb-001111000030}
[15:54:47:191]\\?\hid#dell09c2&col03#5&bc4dc33&0&0002#{4d1e55b2-f16f-11cf-88cb-001111000030}
[15:54:47:191]\\?\hid#intc816&col01#3&207f9b7f&0&0000#{4d1e55b2-f16f-11cf-88cb-001111000030}
[15:54:47:191]\\?\hid#intc816&col02#3&207f9b7f&0&0001#{4d1e55b2-f16f-11cf-88cb-001111000030}
[15:54:47:192]\\?\hid#converteddevice&col02#5&17bac0a6&0&0001#{4d1e55b2-f16f-11cf-88cb-001111000030}
[15:54:47:192]\\?\hid#converteddevice&col03#5&17bac0a6&0&0002#{4d1e55b2-f16f-11cf-88cb-001111000030}
[15:54:47:192]\\?\hid#dell09c2&col04#5&bc4dc33&0&0003#{4d1e55b2-f16f-11cf-88cb-001111000030}
[15:54:47:192]\\?\hid#{00001812-0000-1000-8000-00805f9b34fb}_dev_vid&0232c2_pid&0001_rev&0068_ccb624cd66b1#9&326e3aae&0&0000#{4d1e55b2-f16f-11cf-88cb-001111000030}
[15:54:47:192]\\?\hid#dell09c2&col05#5&bc4dc33&0&0004#{4d1e55b2-f16f-11cf-88cb-001111000030}
[15:54:47:192]\\?\hid#converteddevice&col01#5&17bac0a6&0&0000#{4d1e55b2-f16f-11cf-88cb-001111000030}\kbd
[15:54:47:192]\\?\hid#dell09c2&col01#5&bc4dc33&0&0000#{4d1e55b2-f16f-11cf-88cb-001111000030}
[15:54:47:192]\\?\hid#vid_046d&pid_0adf&mi_00#7&3ad8dff3&0&0000#{4d1e55b2-f16f-11cf-88cb-001111000030}
[15:54:47:192]\\?\hid#vid_046d&pid_0adf&mi_04#7&18e94d0e&0&0000#{4d1e55b2-f16f-11cf-88cb-001111000030}
[15:54:47:194]try_path=\\?\hid#vid_046d&pid_0adf&mi_00#7&3ad8dff3&0&0000#{4d1e55b2-f16f-11cf-88cb-001111000030}
[15:54:47:195]	InputReportByteLength=65
[15:54:47:195]	OutputReportByteLength=65
[15:54:47:196]HID_Connected=\\?\hid#vid_046d&pid_0adf&mi_00#7&3ad8dff3&0&0000#{4d1e55b2-f16f-11cf-88cb-001111000030}
[15:54:47:198][HID_TX]00-84-01-D1-55-01-00-00-00-00-00-00-00-00-00-00-00-00-00-00-00-00-00-00-00-00-00-00-00-00-00-00-00-00-00-00-00-00-00-00-00-00-00-00-00-00-00-00-00-00-00-00-00-00-00-00-00-00-00-00-00-00-00-00-00
[15:54:47:200]HidD_GetInputReport=True
[15:54:47:200]reply_report=00-4F-56-31-2E-38-2E-35-2E-31-00-00-00-00-00-00-00-00-00-00-00-00-00-00-00-00-00-00-00-00-00-00-00-00-00-00-00-00-00-00-00-00-00-00-00-00-00-00-00-00-00-00-00-00-00-00-00-00-00-00-00-00-00-00-00
[15:54:47:200][ys_tech] fw_version=V1.8.5.1
[15:54:47:201]ystech_Power_Saving, is_EnablePowerSaving=False
[15:54:47:201][HID_TX]00-85-01-83-8B-01-00-00-00-00-00-00-00-00-00-00-00-00-00-00-00-00-00-00-00-00-00-00-00-00-00-00-00-00-00-00-00-00-00-00-00-00-00-00-00-00-00-00-00-00-00-00-00-00-00-00-00-00-00-00-00-00-00-00-00
[15:54:47:201]HidD_GetInputReport=True
[15:54:47:201]reply_report=00-4F-00-00-00-00-00-00-00-00-00-00-00-00-00-00-00-00-00-00-00-00-00-00-00-00-00-00-00-00-00-00-00-00-00-00-00-00-00-00-00-00-00-00-00-00-00-00-00-00-00-00-00-00-00-00-00-00-00-00-00-00-00-00-00
[15:54:47:201]HID_CMD_POWER_SAVING_Disable
[15:54:47:201]path_connected=\\?\hid#vid_046d&pid_0adf&mi_00#7&3ad8dff3&0&0000#{4d1e55b2-f16f-11cf-88cb-001111000030}
[15:54:48:392][HID_TX]00-80-06-1C-7D-50-41-0E-01-01-E0-00-00-00-00-00-00-00-00-00-00-00-00-00-00-00-00-00-00-00-00-00-00-00-00-00-00-00-00-00-00-00-00-00-00-00-00-00-00-00-00-00-00-00-00-00-00-00-00-00-00-00-00-00-00
[15:54:48:392]HidD_GetInputReport=True
[15:54:48:393]reply_report=00-4F-00-00-00-00-00-00-00-00-00-00-00-00-00-00-00-00-00-00-00-00-00-00-00-00-00-00-00-00-00-00-00-00-00-00-00-00-00-00-00-00-00-00-00-00-00-00-00-00-00-00-00-00-00-00-00-00-00-00-00-00-00-00-00
[15:54:48:393]50-41-0E-01-01-E0 [CMD_SENT][REMOTE_GET_MODE]
[15:54:48:397][HID_TX_ack]00-19-50-49-01-C0-02-B1-02-00-03-00-0E-81-00-50-49-0E-E5-00-00-00-00-02-00-E0-00-17-32-00-00-00-00-00-00-00-00-00-00-00-00-00-00-00-00-00-00-00-00-00-00-00-00-00-00-00-00-00-00-00-00-00-00-00-00
[15:54:48:402]REMOTE_GET_MODE=00
[15:54:48:403]50-49-01-C0-02-B1-02-00-03-00-0E-81-00
[15:54:48:403]50-49-0E-E5-00-00-00-00-02-00-E0-00-
[15:54:48:403][HID_TX]00-80-07-F5-A5-50-41-0E-02-02-E1-01-00-00-00-00-00-00-00-00-00-00-00-00-00-00-00-00-00-00-00-00-00-00-00-00-00-00-00-00-00-00-00-00-00-00-00-00-00-00-00-00-00-00-00-00-00-00-00-00-00-00-00-00-00
[15:54:48:404]HidD_GetInputReport=True
[15:54:48:404]reply_report=00-4F-00-00-00-00-00-00-00-00-00-00-00-00-00-00-00-00-00-00-00-00-00-00-00-00-00-00-00-00-00-00-00-00-00-00-00-00-00-00-00-00-00-00-00-00-00-00-00-00-00-00-00-00-00-00-00-00-00-00-00-00-00-00-00
[15:54:48:404]50-41-0E-02-02-E1-01 [CMD_SENT][REMOTE_SET_MODE] is_remote=True
[15:54:48:407][HID_TX_ack]00-0D-50-49-01-C0-0C-B1-02-00-03-00-0E-82-00-50-49-0E-E5-00-00-00-00-02-00-E0-00-17-32-00-00-00-00-00-00-00-00-00-00-00-00-00-00-00-00-00-00-00-00-00-00-00-00-00-00-00-00-00-00-00-00-00-00-00-00
[15:54:48:407]50-49-01-C0-0C-B1-02-00-03-00-0E-82-00
[15:54:48:408][HID_TX]00-80-13-A8-D9-50-41-06-03-0D-00-25-34-12-5A-5A-01-00-00-00-F0-00-00-00-00-00-00-00-00-00-00-00-00-00-00-00-00-00-00-00-00-00-00-00-00-00-00-00-00-00-00-00-00-00-00-00-00-00-00-00-00-00-00-00-00
[15:54:48:408]HidD_GetInputReport=True
[15:54:48:408]reply_report=00-4F-00-00-00-00-00-00-00-00-00-00-00-00-00-00-00-00-00-00-00-00-00-00-00-00-00-00-00-00-00-00-00-00-00-00-00-00-00-00-00-00-00-00-00-00-00-00-00-00-00-00-00-00-00-00-00-00-00-00-00-00-00-00-00
[15:54:48:408]50-41-06-03-0D-00-25-34-12-5A-5A-01-00-00-00-F0-00-00-00 [CMD_SENT][OTA_CMD_IOCTL][READ_MAX_LEN]
[15:54:48:437][HID_TX_ack]00-11-50-49-01-E6-8B-0A-0E-00-07-00-06-83-00-F0-00-00-00-00-00-00-00-02-00-E0-00-17-32-00-00-00-00-00-00-00-00-00-00-00-00-00-00-00-00-00-00-00-00-00-00-00-00-00-00-00-00-00-00-00-00-00-00-00-00
[15:54:48:437]50-49-01-E6-8B-0A-0E-00-07-00-06-83-00-F0-00-00-00
[15:54:48:437][HID_TX]00-80-06-2F-BD-50-41-0E-04-01-E0-00-00-00-00-00-00-00-00-00-00-00-00-00-00-00-00-00-00-00-00-00-00-00-00-00-00-00-00-00-00-00-00-00-00-00-00-00-00-00-00-00-00-00-00-00-00-00-00-00-00-00-00-00-00
[15:54:48:438]HidD_GetInputReport=True
[15:54:48:438]reply_report=00-4F-00-00-00-00-00-00-00-00-00-00-00-00-00-00-00-00-00-00-00-00-00-00-00-00-00-00-00-00-00-00-00-00-00-00-00-00-00-00-00-00-00-00-00-00-00-00-00-00-00-00-00-00-00-00-00-00-00-00-00-00-00-00-00
[15:54:48:438]50-41-0E-04-01-E0 [CMD_SENT][REMOTE_GET_MODE]
[15:54:48:442][HID_TX_ack]00-19-50-49-01-C0-27-B1-02-00-03-00-0E-84-00-50-49-0E-E7-00-00-00-00-02-00-E0-01-17-32-00-00-00-00-00-00-00-00-00-00-00-00-00-00-00-00-00-00-00-00-00-00-00-00-00-00-00-00-00-00-00-00-00-00-00-00
[15:54:48:442]50-49-01-C0-27-B1-02-00-03-00-0E-84-00
[15:54:48:442]50-49-0E-E7-00-00-00-00-02-00-E0-01-
[15:54:48:442]REMOTE_GET_MODE=01
[15:54:48:442][HID_TX]00-80-07-C3-0E-50-41-06-05-01-00-63-00-00-00-00-00-00-00-00-00-00-00-00-00-00-00-00-00-00-00-00-00-00-00-00-00-00-00-00-00-00-00-00-00-00-00-00-00-00-00-00-00-00-00-00-00-00-00-00-00-00-00-00-00
[15:54:48:443]HidD_GetInputReport=True
[15:54:48:443]reply_report=00-4F-00-00-00-00-00-00-00-00-00-00-00-00-00-00-00-00-00-00-00-00-00-00-00-00-00-00-00-00-00-00-00-00-00-00-00-00-00-00-00-00-00-00-00-00-00-00-00-00-00-00-00-00-00-00-00-00-00-00-00-00-00-00-00
[15:54:48:443]50-41-06-05-01-00-63 [CMD_SENT][CMD_GET_IO_LEVEL]
[15:54:48:454][HID_TX_ack]00-12-50-49-01-E8-9E-0A-0E-00-08-00-06-85-00-01-FF-FF-0F-00-00-00-00-02-00-E0-01-17-32-00-00-00-00-00-00-00-00-00-00-00-00-00-00-00-00-00-00-00-00-00-00-00-00-00-00-00-00-00-00-00-00-00-00-00-00
[15:54:48:454]50-49-01-E8-9E-0A-0E-00-08-00-06-85-00-01-FF-FF-0F-00
[15:54:50:916][HID_TX]00-80-06-C4-92-50-41-0E-06-01-E0-00-00-00-00-00-00-00-00-00-00-00-00-00-00-00-00-00-00-00-00-00-00-00-00-00-00-00-00-00-00-00-00-00-00-00-00-00-00-00-00-00-00-00-00-00-00-00-00-00-00-00-00-00-00
[15:54:50:918]HidD_GetInputReport=True
[15:54:50:918]reply_report=00-4F-00-00-00-00-00-00-00-00-00-00-00-00-00-00-00-00-00-00-00-00-00-00-00-00-00-00-00-00-00-00-00-00-00-00-00-00-00-00-00-00-00-00-00-00-00-00-00-00-00-00-00-00-00-00-00-00-00-00-00-00-00-00-00
[15:54:50:918]50-41-0E-06-01-E0 [CMD_SENT][REMOTE_GET_MODE]
[15:54:50:921][HID_TX_ack]00-19-50-49-01-C0-E6-B8-02-00-03-00-0E-86-00-50-49-0E-E9-00-00-00-00-02-00-E0-01-17-32-00-00-00-00-00-00-00-00-00-00-00-00-00-00-00-00-00-00-00-00-00-00-00-00-00-00-00-00-00-00-00-00-00-00-00-00
[15:54:50:922]50-49-01-C0-E6-B8-02-00-03-00-0E-86-00
[15:54:50:922]50-49-0E-E9-00-00-00-00-02-00-E0-01-
[15:54:50:922]REMOTE_GET_MODE=01
[15:54:50:922][HID_TX]00-80-07-28-21-50-41-06-07-01-00-63-00-00-00-00-00-00-00-00-00-00-00-00-00-00-00-00-00-00-00-00-00-00-00-00-00-00-00-00-00-00-00-00-00-00-00-00-00-00-00-00-00-00-00-00-00-00-00-00-00-00-00-00-00
[15:54:50:924]HidD_GetInputReport=True
[15:54:50:924]reply_report=00-4F-00-00-00-00-00-00-00-00-00-00-00-00-00-00-00-00-00-00-00-00-00-00-00-00-00-00-00-00-00-00-00-00-00-00-00-00-00-00-00-00-00-00-00-00-00-00-00-00-00-00-00-00-00-00-00-00-00-00-00-00-00-00-00
[15:54:50:924]50-41-06-07-01-00-63 [CMD_SENT][CMD_GET_IO_LEVEL]
[15:54:50:964][HID_TX_ack]00-12-50-49-01-EA-65-12-0E-00-08-00-06-87-00-01-F7-FF-0F-00-00-00-00-02-00-E0-01-17-32-00-00-00-00-00-00-00-00-00-00-00-00-00-00-00-00-00-00-00-00-00-00-00-00-00-00-00-00-00-00-00-00-00-00-00-00
[15:54:50:964]50-49-01-EA-65-12-0E-00-08-00-06-87-00-01-F7-FF-0F-00
[15:54:53:500][HID_TX]00-80-06-55-5D-50-41-0E-08-01-E0-00-00-00-00-00-00-00-00-00-00-00-00-00-00-00-00-00-00-00-00-00-00-00-00-00-00-00-00-00-00-00-00-00-00-00-00-00-00-00-00-00-00-00-00-00-00-00-00-00-00-00-00-00-00
[15:54:53:502]HidD_GetInputReport=True
[15:54:53:502]reply_report=00-4F-00-00-00-00-00-00-00-00-00-00-00-00-00-00-00-00-00-00-00-00-00-00-00-00-00-00-00-00-00-00-00-00-00-00-00-00-00-00-00-00-00-00-00-00-00-00-00-00-00-00-00-00-00-00-00-00-00-00-00-00-00-00-00
[15:54:53:502]50-41-0E-08-01-E0 [CMD_SENT][REMOTE_GET_MODE]
[15:54:53:504][HID_TX_ack]00-19-50-49-01-C0-F9-C0-02-00-03-00-0E-88-00-50-49-0E-EB-00-00-00-00-02-00-E0-01-17-32-00-00-00-00-00-00-00-00-00-00-00-00-00-00-00-00-00-00-00-00-00-00-00-00-00-00-00-00-00-00-00-00-00-00-00-00
[15:54:53:504]50-49-01-C0-F9-C0-02-00-03-00-0E-88-00
[15:54:53:504]50-49-0E-EB-00-00-00-00-02-00-E0-01-
[15:54:53:504]REMOTE_GET_MODE=01
[15:54:53:504][HID_TX]00-80-07-B9-EE-50-41-06-09-01-00-63-00-00-00-00-00-00-00-00-00-00-00-00-00-00-00-00-00-00-00-00-00-00-00-00-00-00-00-00-00-00-00-00-00-00-00-00-00-00-00-00-00-00-00-00-00-00-00-00-00-00-00-00-00
[15:54:53:505]HidD_GetInputReport=True
[15:54:53:505]reply_report=00-4F-00-00-00-00-00-00-00-00-00-00-00-00-00-00-00-00-00-00-00-00-00-00-00-00-00-00-00-00-00-00-00-00-00-00-00-00-00-00-00-00-00-00-00-00-00-00-00-00-00-00-00-00-00-00-00-00-00-00-00-00-00-00-00
[15:54:53:505]50-41-06-09-01-00-63 [CMD_SENT][CMD_GET_IO_LEVEL]
[15:54:53:530][HID_TX_ack]00-12-50-49-01-EC-71-1A-0E-00-08-00-06-89-00-01-FF-FF-0F-00-00-00-00-02-00-E0-01-17-32-00-00-00-00-00-00-00-00-00-00-00-00-00-00-00-00-00-00-00-00-00-00-00-00-00-00-00-00-00-00-00-00-00-00-00-00
[15:54:53:530]50-49-01-EC-71-1A-0E-00-08-00-06-89-00-01-FF-FF-0F-00
[15:54:55:062][HID_TX]00-80-06-BE-72-50-41-0E-0A-01-E0-00-00-00-00-00-00-00-00-00-00-00-00-00-00-00-00-00-00-00-00-00-00-00-00-00-00-00-00-00-00-00-00-00-00-00-00-00-00-00-00-00-00-00-00-00-00-00-00-00-00-00-00-00-00
[15:54:55:063]HidD_GetInputReport=True
[15:54:55:063]reply_report=00-4F-00-00-00-00-00-00-00-00-00-00-00-00-00-00-00-00-00-00-00-00-00-00-00-00-00-00-00-00-00-00-00-00-00-00-00-00-00-00-00-00-00-00-00-00-00-00-00-00-00-00-00-00-00-00-00-00-00-00-00-00-00-00-00
[15:54:55:063]50-41-0E-0A-01-E0 [CMD_SENT][REMOTE_GET_MODE]
[15:54:55:066][HID_TX_ack]00-19-50-49-01-C0-DB-C5-02-00-03-00-0E-8A-00-50-49-0E-ED-00-00-00-00-02-00-E0-01-17-32-00-00-00-00-00-00-00-00-00-00-00-00-00-00-00-00-00-00-00-00-00-00-00-00-00-00-00-00-00-00-00-00-00-00-00-00
[15:54:55:066]50-49-01-C0-DB-C5-02-00-03-00-0E-8A-00
[15:54:55:066]50-49-0E-ED-00-00-00-00-02-00-E0-01-
[15:54:55:066]REMOTE_GET_MODE=01
[15:54:55:066][HID_TX]00-80-07-52-C1-50-41-06-0B-01-00-63-00-00-00-00-00-00-00-00-00-00-00-00-00-00-00-00-00-00-00-00-00-00-00-00-00-00-00-00-00-00-00-00-00-00-00-00-00-00-00-00-00-00-00-00-00-00-00-00-00-00-00-00-00
[15:54:55:067]HidD_GetInputReport=True
[15:54:55:067]reply_report=00-4F-00-00-00-00-00-00-00-00-00-00-00-00-00-00-00-00-00-00-00-00-00-00-00-00-00-00-00-00-00-00-00-00-00-00-00-00-00-00-00-00-00-00-00-00-00-00-00-00-00-00-00-00-00-00-00-00-00-00-00-00-00-00-00
[15:54:55:068]50-41-06-0B-01-00-63 [CMD_SENT][CMD_GET_IO_LEVEL]
[15:54:55:089][HID_TX_ack]00-12-50-49-01-EE-5C-1F-0E-00-08-00-06-8B-00-01-FF-FF-0E-00-00-00-00-02-00-E0-01-17-32-00-00-00-00-00-00-00-00-00-00-00-00-00-00-00-00-00-00-00-00-00-00-00-00-00-00-00-00-00-00-00-00-00-00-00-00
[15:54:55:089]50-49-01-EE-5C-1F-0E-00-08-00-06-8B-00-01-FF-FF-0E-00
[15:54:56:893][HID_TX_ack]00-0D-50-49-11-EF-BF-C6-02-00-03-00-20-EA-00-01-FF-FF-0E-00-00-00-00-02-00-E0-01-17-32-00-00-00-00-00-00-00-00-00-00-00-00-00-00-00-00-00-00-00-00-00-00-00-00-00-00-00-00-00-00-00-00-00-00-00-00
[15:54:56:893]50-49-11-EF-BF-C6-02-00-03-00-20-EA-00
[15:54:56:893][HID_TX_ack]00-1A-50-49-01-C0-D7-C6-02-00-03-00-11-E4-18-50-49-01-C0-D8-C6-02-00-03-00-11-E5-17-32-00-00-00-00-00-00-00-00-00-00-00-00-00-00-00-00-00-00-00-00-00-00-00-00-00-00-00-00-00-00-00-00-00-00-00-00
[15:54:56:894]50-49-01-C0-D7-C6-02-00-03-00-11-E4-18
[15:54:56:894]50-49-01-C0-D8-C6-02-00-03-00-11-E5-17
[15:54:56:894][HID_TX_ack]00-0D-50-49-11-F0-D9-C6-02-00-03-00-20-00-00-50-49-01-C0-D8-C6-02-00-03-00-11-E5-17-32-00-00-00-00-00-00-00-00-00-00-00-00-00-00-00-00-00-00-00-00-00-00-00-00-00-00-00-00-00-00-00-00-00-00-00-00
[15:54:56:894]50-49-11-F0-D9-C6-02-00-03-00-20-00-00
[15:54:56:894][HID_TX_ack]00-0D-50-49-11-F1-16-C7-02-00-03-00-20-EA-00-50-49-01-C0-D8-C6-02-00-03-00-11-E5-17-32-00-00-00-00-00-00-00-00-00-00-00-00-00-00-00-00-00-00-00-00-00-00-00-00-00-00-00-00-00-00-00-00-00-00-00-00
[15:54:56:894]50-49-11-F1-16-C7-02-00-03-00-20-EA-00
[15:54:56:894][HID_TX_ack]00-1A-50-49-01-C0-1D-C7-02-00-03-00-11-E6-18-50-49-01-C0-1E-C7-02-00-03-00-11-E7-17-32-00-00-00-00-00-00-00-00-00-00-00-00-00-00-00-00-00-00-00-00-00-00-00-00-00-00-00-00-00-00-00-00-00-00-00-00
[15:54:56:894]50-49-01-C0-1D-C7-02-00-03-00-11-E6-18
[15:54:56:894]50-49-01-C0-1E-C7-02-00-03-00-11-E7-17
[15:54:56:894][HID_TX_ack]00-0D-50-49-11-F2-1F-C7-02-00-03-00-20-00-00-50-49-01-C0-1E-C7-02-00-03-00-11-E7-17-32-00-00-00-00-00-00-00-00-00-00-00-00-00-00-00-00-00-00-00-00-00-00-00-00-00-00-00-00-00-00-00-00-00-00-00-00
[15:54:56:894]50-49-11-F2-1F-C7-02-00-03-00-20-00-00
[15:54:56:894][HID_TX_ack]00-0D-50-49-11-F3-78-C7-02-00-03-00-20-EA-00-50-49-01-C0-1E-C7-02-00-03-00-11-E7-17-32-00-00-00-00-00-00-00-00-00-00-00-00-00-00-00-00-00-00-00-00-00-00-00-00-00-00-00-00-00-00-00-00-00-00-00-00
[15:54:56:894]50-49-11-F3-78-C7-02-00-03-00-20-EA-00
[15:54:56:894][HID_TX_ack]00-1A-50-49-01-C0-83-C7-02-00-03-00-11-E8-18-50-49-01-C0-84-C7-02-00-03-00-11-E9-17-32-00-00-00-00-00-00-00-00-00-00-00-00-00-00-00-00-00-00-00-00-00-00-00-00-00-00-00-00-00-00-00-00-00-00-00-00
[15:54:56:894]50-49-01-C0-83-C7-02-00-03-00-11-E8-18
[15:54:56:894]50-49-01-C0-84-C7-02-00-03-00-11-E9-17
[15:54:56:894][HID_TX_ack]00-0D-50-49-11-F4-86-C7-02-00-03-00-20-00-00-50-49-01-C0-84-C7-02-00-03-00-11-E9-17-32-00-00-00-00-00-00-00-00-00-00-00-00-00-00-00-00-00-00-00-00-00-00-00-00-00-00-00-00-00-00-00-00-00-00-00-00
[15:54:56:894]50-49-11-F4-86-C7-02-00-03-00-20-00-00
[15:54:56:894][HID_TX_ack]00-0D-50-49-11-F5-D2-C7-02-00-03-00-20-EA-00-50-49-01-C0-84-C7-02-00-03-00-11-E9-17-32-00-00-00-00-00-00-00-00-00-00-00-00-00-00-00-00-00-00-00-00-00-00-00-00-00-00-00-00-00-00-00-00-00-00-00-00
[15:54:56:894]50-49-11-F5-D2-C7-02-00-03-00-20-EA-00
[15:54:56:894][HID_TX_ack]00-1A-50-49-01-C0-DC-C7-02-00-03-00-11-EA-18-50-49-01-C0-DD-C7-02-00-03-00-11-EB-17-32-00-00-00-00-00-00-00-00-00-00-00-00-00-00-00-00-00-00-00-00-00-00-00-00-00-00-00-00-00-00-00-00-00-00-00-00
[15:54:56:894]50-49-01-C0-DC-C7-02-00-03-00-11-EA-18
[15:54:56:894]50-49-01-C0-DD-C7-02-00-03-00-11-EB-17
[15:54:56:894][HID_TX_ack]00-0D-50-49-11-F6-DF-C7-02-00-03-00-20-00-00-50-49-01-C0-DD-C7-02-00-03-00-11-EB-17-32-00-00-00-00-00-00-00-00-00-00-00-00-00-00-00-00-00-00-00-00-00-00-00-00-00-00-00-00-00-00-00-00-00-00-00-00
[15:54:56:894]50-49-11-F6-DF-C7-02-00-03-00-20-00-00
[15:54:56:894][HID_TX_ack]00-0D-50-49-11-F7-18-C8-02-00-03-00-20-EA-00-50-49-01-C0-DD-C7-02-00-03-00-11-EB-17-32-00-00-00-00-00-00-00-00-00-00-00-00-00-00-00-00-00-00-00-00-00-00-00-00-00-00-00-00-00-00-00-00-00-00-00-00
[15:54:56:894]50-49-11-F7-18-C8-02-00-03-00-20-EA-00
[15:54:56:894][HID_TX_ack]00-1A-50-49-01-C0-23-C8-02-00-03-00-11-EC-18-50-49-01-C0-24-C8-02-00-03-00-11-ED-17-32-00-00-00-00-00-00-00-00-00-00-00-00-00-00-00-00-00-00-00-00-00-00-00-00-00-00-00-00-00-00-00-00-00-00-00-00
[15:54:56:895]50-49-01-C0-23-C8-02-00-03-00-11-EC-18
[15:54:56:895]50-49-01-C0-24-C8-02-00-03-00-11-ED-17
[15:54:56:895][HID_TX_ack]00-0D-50-49-11-F8-25-C8-02-00-03-00-20-00-00-50-49-01-C0-24-C8-02-00-03-00-11-ED-17-32-00-00-00-00-00-00-00-00-00-00-00-00-00-00-00-00-00-00-00-00-00-00-00-00-00-00-00-00-00-00-00-00-00-00-00-00
[15:54:56:895]50-49-11-F8-25-C8-02-00-03-00-20-00-00
[15:54:58:087][HID_TX]00-80-06-83-02-50-41-0E-0C-01-E0-00-00-00-00-00-00-00-00-00-00-00-00-00-00-00-00-00-00-00-00-00-00-00-00-00-00-00-00-00-00-00-00-00-00-00-00-00-00-00-00-00-00-00-00-00-00-00-00-00-00-00-00-00-00
[15:54:58:088]HidD_GetInputReport=True
[15:54:58:088]reply_report=00-4F-00-00-00-00-00-00-00-00-00-00-00-00-00-00-00-00-00-00-00-00-00-00-00-00-00-00-00-00-00-00-00-00-00-00-00-00-00-00-00-00-00-00-00-00-00-00-00-00-00-00-00-00-00-00-00-00-00-00-00-00-00-00-00
[15:54:58:088]50-41-0E-0C-01-E0 [CMD_SENT][REMOTE_GET_MODE]
[15:54:58:091][HID_TX_ack]00-19-50-49-01-C0-4E-CF-02-00-03-00-0E-8C-00-50-49-0E-F9-00-00-00-00-02-00-E0-01-17-32-00-00-00-00-00-00-00-00-00-00-00-00-00-00-00-00-00-00-00-00-00-00-00-00-00-00-00-00-00-00-00-00-00-00-00-00
[15:54:58:091]50-49-01-C0-4E-CF-02-00-03-00-0E-8C-00
[15:54:58:091]50-49-0E-F9-00-00-00-00-02-00-E0-01-
[15:54:58:091]REMOTE_GET_MODE=01
[15:54:58:091][HID_TX]00-80-07-6F-B1-50-41-06-0D-01-00-63-00-00-00-00-00-00-00-00-00-00-00-00-00-00-00-00-00-00-00-00-00-00-00-00-00-00-00-00-00-00-00-00-00-00-00-00-00-00-00-00-00-00-00-00-00-00-00-00-00-00-00-00-00
[15:54:58:092]HidD_GetInputReport=True
[15:54:58:092]reply_report=00-4F-00-00-00-00-00-00-00-00-00-00-00-00-00-00-00-00-00-00-00-00-00-00-00-00-00-00-00-00-00-00-00-00-00-00-00-00-00-00-00-00-00-00-00-00-00-00-00-00-00-00-00-00-00-00-00-00-00-00-00-00-00-00-00
[15:54:58:092]50-41-06-0D-01-00-63 [CMD_SENT][CMD_GET_IO_LEVEL]
[15:54:58:116][HID_TX_ack]00-12-50-49-01-FA-D2-28-0E-00-08-00-06-8D-00-01-FF-FF-0F-00-00-00-00-02-00-E0-01-17-32-00-00-00-00-00-00-00-00-00-00-00-00-00-00-00-00-00-00-00-00-00-00-00-00-00-00-00-00-00-00-00-00-00-00-00-00
[15:54:58:117]50-49-01-FA-D2-28-0E-00-08-00-06-8D-00-01-FF-FF-0F-00
[15:55:00:012][HID_TX]00-80-06-68-2D-50-41-0E-0E-01-E0-00-00-00-00-00-00-00-00-00-00-00-00-00-00-00-00-00-00-00-00-00-00-00-00-00-00-00-00-00-00-00-00-00-00-00-00-00-00-00-00-00-00-00-00-00-00-00-00-00-00-00-00-00-00
[15:55:00:014]HidD_GetInputReport=True
[15:55:00:014]reply_report=00-4F-00-00-00-00-00-00-00-00-00-00-00-00-00-00-00-00-00-00-00-00-00-00-00-00-00-00-00-00-00-00-00-00-00-00-00-00-00-00-00-00-00-00-00-00-00-00-00-00-00-00-00-00-00-00-00-00-00-00-00-00-00-00-00
[15:55:00:014]50-41-0E-0E-01-E0 [CMD_SENT][REMOTE_GET_MODE]
[15:55:00:016][HID_TX_ack]00-19-50-49-01-C0-53-D5-02-00-03-00-0E-8E-00-50-49-0E-FB-00-00-00-00-02-00-E0-01-17-32-00-00-00-00-00-00-00-00-00-00-00-00-00-00-00-00-00-00-00-00-00-00-00-00-00-00-00-00-00-00-00-00-00-00-00-00
[15:55:00:017]50-49-01-C0-53-D5-02-00-03-00-0E-8E-00
[15:55:00:017]REMOTE_GET_MODE=01
[15:55:00:017]50-49-0E-FB-00-00-00-00-02-00-E0-01-
[15:55:00:017][HID_TX]00-80-07-84-9E-50-41-06-0F-01-00-63-00-00-00-00-00-00-00-00-00-00-00-00-00-00-00-00-00-00-00-00-00-00-00-00-00-00-00-00-00-00-00-00-00-00-00-00-00-00-00-00-00-00-00-00-00-00-00-00-00-00-00-00-00
[15:55:00:019]HidD_GetInputReport=True
[15:55:00:019]reply_report=00-4F-00-00-00-00-00-00-00-00-00-00-00-00-00-00-00-00-00-00-00-00-00-00-00-00-00-00-00-00-00-00-00-00-00-00-00-00-00-00-00-00-00-00-00-00-00-00-00-00-00-00-00-00-00-00-00-00-00-00-00-00-00-00-00
[15:55:00:019]50-41-06-0F-01-00-63 [CMD_SENT][CMD_GET_IO_LEVEL]
[15:55:00:039][HID_TX_ack]00-12-50-49-01-FC-CD-2E-0E-00-08-00-06-8F-00-01-FF-FF-0F-00-00-00-00-02-00-E0-01-17-32-00-00-00-00-00-00-00-00-00-00-00-00-00-00-00-00-00-00-00-00-00-00-00-00-00-00-00-00-00-00-00-00-00-00-00-00
[15:55:00:039]50-49-01-FC-CD-2E-0E-00-08-00-06-8F-00-01-FF-FF-0F-00
[15:55:01:724][HID_TX]00-80-06-80-8D-50-41-0E-10-01-E0-00-00-00-00-00-00-00-00-00-00-00-00-00-00-00-00-00-00-00-00-00-00-00-00-00-00-00-00-00-00-00-00-00-00-00-00-00-00-00-00-00-00-00-00-00-00-00-00-00-00-00-00-00-00
[15:55:01:725]HidD_GetInputReport=True
[15:55:01:725]reply_report=00-4F-00-00-00-00-00-00-00-00-00-00-00-00-00-00-00-00-00-00-00-00-00-00-00-00-00-00-00-00-00-00-00-00-00-00-00-00-00-00-00-00-00-00-00-00-00-00-00-00-00-00-00-00-00-00-00-00-00-00-00-00-00-00-00
[15:55:01:725]50-41-0E-10-01-E0 [CMD_SENT][REMOTE_GET_MODE]
[15:55:01:727][HID_TX_ack]00-19-50-49-01-C0-AC-DA-02-00-03-00-0E-90-00-50-49-0E-FD-00-00-00-00-02-00-E0-01-17-32-00-00-00-00-00-00-00-00-00-00-00-00-00-00-00-00-00-00-00-00-00-00-00-00-00-00-00-00-00-00-00-00-00-00-00-00
[15:55:01:727]50-49-01-C0-AC-DA-02-00-03-00-0E-90-00
[15:55:01:727]50-49-0E-FD-00-00-00-00-02-00-E0-01-
[15:55:01:727]REMOTE_GET_MODE=01
[15:55:01:728][HID_TX]00-80-07-6C-3E-50-41-06-11-01-00-63-00-00-00-00-00-00-00-00-00-00-00-00-00-00-00-00-00-00-00-00-00-00-00-00-00-00-00-00-00-00-00-00-00-00-00-00-00-00-00-00-00-00-00-00-00-00-00-00-00-00-00-00-00
[15:55:01:729]HidD_GetInputReport=True
[15:55:01:729]reply_report=00-4F-00-00-00-00-00-00-00-00-00-00-00-00-00-00-00-00-00-00-00-00-00-00-00-00-00-00-00-00-00-00-00-00-00-00-00-00-00-00-00-00-00-00-00-00-00-00-00-00-00-00-00-00-00-00-00-00-00-00-00-00-00-00-00
[15:55:01:729]50-41-06-11-01-00-63 [CMD_SENT][CMD_GET_IO_LEVEL]
[15:55:01:755][HID_TX_ack]00-12-50-49-01-FE-31-34-0E-00-08-00-06-91-00-01-FF-FF-0D-00-00-00-00-02-00-E0-01-17-32-00-00-00-00-00-00-00-00-00-00-00-00-00-00-00-00-00-00-00-00-00-00-00-00-00-00-00-00-00-00-00-00-00-00-00-00
[15:55:01:755]50-49-01-FE-31-34-0E-00-08-00-06-91-00-01-FF-FF-0D-00
