[08:54:39:196]\\?\hid#dell09c2&col02#5&bc4dc33&0&0001#{4d1e55b2-f16f-11cf-88cb-001111000030}
[08:54:39:197]\\?\hid#vid_046d&pid_0acb&mi_03&col01#7&2c0518a&0&0000#{4d1e55b2-f16f-11cf-88cb-001111000030}
[08:54:39:197]\\?\hid#dell09c2&col03#5&bc4dc33&0&0002#{4d1e55b2-f16f-11cf-88cb-001111000030}
[08:54:39:197]\\?\hid#intc816&col01#3&207f9b7f&0&0000#{4d1e55b2-f16f-11cf-88cb-001111000030}
[08:54:39:197]\\?\hid#vid_046d&pid_0adf&mi_04#7&2ad3f249&0&0000#{4d1e55b2-f16f-11cf-88cb-001111000030}
[08:54:39:197]\\?\hid#intc816&col02#3&207f9b7f&0&0001#{4d1e55b2-f16f-11cf-88cb-001111000030}
[08:54:39:197]\\?\hid#vid_046d&pid_0acb&mi_03&col02#7&2c0518a&0&0001#{4d1e55b2-f16f-11cf-88cb-001111000030}
[08:54:39:197]\\?\hid#converteddevice&col02#5&17bac0a6&0&0001#{4d1e55b2-f16f-11cf-88cb-001111000030}
[08:54:39:198]\\?\hid#converteddevice&col03#5&17bac0a6&0&0002#{4d1e55b2-f16f-11cf-88cb-001111000030}
[08:54:39:198]\\?\hid#dell09c2&col04#5&bc4dc33&0&0003#{4d1e55b2-f16f-11cf-88cb-001111000030}
[08:54:39:198]\\?\hid#vid_046d&pid_0acb&mi_03&col03#7&2c0518a&0&0002#{4d1e55b2-f16f-11cf-88cb-001111000030}
[08:54:39:198]\\?\hid#dell09c2&col05#5&bc4dc33&0&0004#{4d1e55b2-f16f-11cf-88cb-001111000030}
[08:54:39:198]\\?\hid#vid_046d&pid_0acb&mi_03&col04#7&2c0518a&0&0003#{4d1e55b2-f16f-11cf-88cb-001111000030}
[08:54:39:198]\\?\hid#vid_046d&pid_0adf&mi_00#7&28ee3ab8&0&0000#{4d1e55b2-f16f-11cf-88cb-001111000030}
[08:54:39:198]\\?\hid#converteddevice&col01#5&17bac0a6&0&0000#{4d1e55b2-f16f-11cf-88cb-001111000030}\kbd
[08:54:39:198]\\?\hid#dell09c2&col01#5&bc4dc33&0&0000#{4d1e55b2-f16f-11cf-88cb-001111000030}
[08:54:39:198]\\?\hid#vid_413c&pid_301a#6&3b68e75b&0&0000#{4d1e55b2-f16f-11cf-88cb-001111000030}
[08:54:39:202]try_path=\\?\hid#vid_046d&pid_0adf&mi_04#7&2ad3f249&0&0000#{4d1e55b2-f16f-11cf-88cb-001111000030}
[08:54:39:213][invalid device][System.Exception]
[08:54:39:216]   at ..connect(String path)
[08:54:39:217]close_hid_handle
[08:54:39:219][connect HID device fail : invalid device][System.Exception]
[08:54:39:219]   at ..connect(String path)
   at ..(String  )
   at ..connect(UInt16 vid, UInt16 pid,  vt)
[08:54:39:219]try_path=\\?\hid#vid_046d&pid_0adf&mi_00#7&28ee3ab8&0&0000#{4d1e55b2-f16f-11cf-88cb-001111000030}
[08:54:39:220]	InputReportByteLength=65
[08:54:39:220]	OutputReportByteLength=65
[08:54:39:220]HID_Connected=\\?\hid#vid_046d&pid_0adf&mi_00#7&28ee3ab8&0&0000#{4d1e55b2-f16f-11cf-88cb-001111000030}
[08:54:39:221][HID_TX]00-84-01-D1-55-01-00-00-00-00-00-00-00-00-00-00-00-00-00-00-00-00-00-00-00-00-00-00-00-00-00-00-00-00-00-00-00-00-00-00-00-00-00-00-00-00-00-00-00-00-00-00-00-00-00-00-00-00-00-00-00-00-00-00-00
[08:54:39:223]HidD_GetInputReport=True
[08:54:39:223]reply_report=00-4F-56-31-2E-36-2E-31-00-00-00-00-00-00-00-00-00-00-00-00-00-00-00-00-00-00-00-00-00-00-00-00-00-00-00-00-00-00-00-00-00-00-00-00-00-00-00-00-00-00-00-00-00-00-00-00-00-00-00-00-00-00-00-00-00
[08:54:39:223][ys_tech] fw_version=V1.6.1
[08:54:39:223]ystech_Power_Saving, is_EnablePowerSaving=False
[08:54:39:223][HID_TX]00-85-01-83-8B-01-00-00-00-00-00-00-00-00-00-00-00-00-00-00-00-00-00-00-00-00-00-00-00-00-00-00-00-00-00-00-00-00-00-00-00-00-00-00-00-00-00-00-00-00-00-00-00-00-00-00-00-00-00-00-00-00-00-00-00
[08:54:39:224]HidD_GetInputReport=True
[08:54:39:224]reply_report=00-4F-00-00-00-00-00-00-00-00-00-00-00-00-00-00-00-00-00-00-00-00-00-00-00-00-00-00-00-00-00-00-00-00-00-00-00-00-00-00-00-00-00-00-00-00-00-00-00-00-00-00-00-00-00-00-00-00-00-00-00-00-00-00-00
[08:54:39:224]HID_CMD_POWER_SAVING_Disable
[08:54:39:224]path_connected=\\?\hid#vid_046d&pid_0adf&mi_00#7&28ee3ab8&0&0000#{4d1e55b2-f16f-11cf-88cb-001111000030}
[08:54:45:317][HID_TX]00-80-06-1C-7D-50-41-0E-01-01-E0-00-00-00-00-00-00-00-00-00-00-00-00-00-00-00-00-00-00-00-00-00-00-00-00-00-00-00-00-00-00-00-00-00-00-00-00-00-00-00-00-00-00-00-00-00-00-00-00-00-00-00-00-00-00
[08:54:45:317]HidD_GetInputReport=True
[08:54:45:318]reply_report=00-4F-00-00-00-00-00-00-00-00-00-00-00-00-00-00-00-00-00-00-00-00-00-00-00-00-00-00-00-00-00-00-00-00-00-00-00-00-00-00-00-00-00-00-00-00-00-00-00-00-00-00-00-00-00-00-00-00-00-00-00-00-00-00-00
[08:54:45:318]50-41-0E-01-01-E0 [CMD_SENT][REMOTE_GET_MODE]
[08:54:45:322][HID_TX_ack]00-19-50-49-01-C0-60-33-00-00-03-00-0E-81-00-50-49-0E-C4-00-00-00-00-02-00-E0-00-00-01-00-01-00-31-00-00-00-31-00-01-00-18-00-00-00-00-00-00-00-00-00-00-00-00-00-00-00-00-00-00-00-00-00-00-00-00
[08:54:45:334]REMOTE_GET_MODE=00
[08:54:45:334]50-49-01-C0-60-33-00-00-03-00-0E-81-00
[08:54:45:334]50-49-0E-C4-00-00-00-00-02-00-E0-00-
[08:54:45:335]send_OTA_CMD_GET_IMAGE_VERSION=MC
[08:54:45:335][HID_TX]00-80-0A-03-99-50-41-06-02-04-00-34-01-4D-43-00-00-00-00-00-00-00-00-00-00-00-00-00-00-00-00-00-00-00-00-00-00-00-00-00-00-00-00-00-00-00-00-00-00-00-00-00-00-00-00-00-00-00-00-00-00-00-00-00-00
[08:54:45:337]HidD_GetInputReport=True
[08:54:45:337]reply_report=00-4F-00-00-00-00-00-00-00-00-00-00-00-00-00-00-00-00-00-00-00-00-00-00-00-00-00-00-00-00-00-00-00-00-00-00-00-00-00-00-00-00-00-00-00-00-00-00-00-00-00-00-00-00-00-00-00-00-00-00-00-00-00-00-00
[08:54:45:337]50-41-06-02-04-00-34-01-4D-43 [CMD_SENT][OTA_CMD_GET_IMAGE_VERSION]
[08:54:45:339][HID_TX_ack]00-11-50-49-01-C0-6F-33-00-00-07-00-06-82-00-00-00-01-00-00-00-00-00-02-00-E0-00-00-01-00-01-00-31-00-00-00-31-00-01-00-18-00-00-00-00-00-00-00-00-00-00-00-00-00-00-00-00-00-00-00-00-00-00-00-00
[08:54:45:339]50-49-01-C0-6F-33-00-00-07-00-06-82-00-00-00-01-00
[08:54:46:356][HID_TX]00-80-06-F7-52-50-41-0E-03-01-E0-00-00-00-00-00-00-00-00-00-00-00-00-00-00-00-00-00-00-00-00-00-00-00-00-00-00-00-00-00-00-00-00-00-00-00-00-00-00-00-00-00-00-00-00-00-00-00-00-00-00-00-00-00-00
[08:54:46:357]HidD_GetInputReport=True
[08:54:46:357]reply_report=00-4F-00-00-00-00-00-00-00-00-00-00-00-00-00-00-00-00-00-00-00-00-00-00-00-00-00-00-00-00-00-00-00-00-00-00-00-00-00-00-00-00-00-00-00-00-00-00-00-00-00-00-00-00-00-00-00-00-00-00-00-00-00-00-00
[08:54:46:357]50-41-0E-03-01-E0 [CMD_SENT][REMOTE_GET_MODE]
[08:54:46:359][HID_TX_ack]00-19-50-49-01-C0-8E-36-00-00-03-00-0E-83-00-50-49-0E-C5-00-00-00-00-02-00-E0-00-00-01-00-01-00-31-00-00-00-31-00-01-00-18-00-00-00-00-00-00-00-00-00-00-00-00-00-00-00-00-00-00-00-00-00-00-00-00
[08:54:46:359]50-49-01-C0-8E-36-00-00-03-00-0E-83-00
[08:54:46:359]50-49-0E-C5-00-00-00-00-02-00-E0-00-
[08:54:46:359]REMOTE_GET_MODE=00
[08:54:46:359][HID_TX]00-80-08-35-96-50-41-06-04-02-00-43-01-00-00-00-00-00-00-00-00-00-00-00-00-00-00-00-00-00-00-00-00-00-00-00-00-00-00-00-00-00-00-00-00-00-00-00-00-00-00-00-00-00-00-00-00-00-00-00-00-00-00-00-00
[08:54:46:361]HidD_GetInputReport=True
[08:54:46:361]reply_report=00-4F-00-00-00-00-00-00-00-00-00-00-00-00-00-00-00-00-00-00-00-00-00-00-00-00-00-00-00-00-00-00-00-00-00-00-00-00-00-00-00-00-00-00-00-00-00-00-00-00-00-00-00-00-00-00-00-00-00-00-00-00-00-00-00
[08:54:46:361]50-41-06-04-02-00-43-01 [CMD_SENT][CMD_READ_MP_DATA_BY_ID]
[08:54:46:364][HID_TX_ack]00-13-50-49-01-C0-8E-36-00-00-09-00-06-84-00-49-24-14-09-08-21-00-00-02-00-E0-00-00-01-00-01-00-31-00-00-00-31-00-01-00-18-00-00-00-00-00-00-00-00-00-00-00-00-00-00-00-00-00-00-00-00-00-00-00-00
[08:54:46:364]50-49-01-C0-8E-36-00-00-09-00-06-84-00-49-24-14-09-08-21
[08:54:47:364][HID_TX]00-80-06-CA-22-50-41-0E-05-01-E0-00-00-00-00-00-00-00-00-00-00-00-00-00-00-00-00-00-00-00-00-00-00-00-00-00-00-00-00-00-00-00-00-00-00-00-00-00-00-00-00-00-00-00-00-00-00-00-00-00-00-00-00-00-00
[08:54:47:366]HidD_GetInputReport=True
[08:54:47:366]reply_report=00-4F-00-00-00-00-00-00-00-00-00-00-00-00-00-00-00-00-00-00-00-00-00-00-00-00-00-00-00-00-00-00-00-00-00-00-00-00-00-00-00-00-00-00-00-00-00-00-00-00-00-00-00-00-00-00-00-00-00-00-00-00-00-00-00
[08:54:47:366]50-41-0E-05-01-E0 [CMD_SENT][REMOTE_GET_MODE]
[08:54:47:368][HID_TX_ack]00-19-50-49-01-C0-8E-39-00-00-03-00-0E-85-00-50-49-0E-C6-00-00-00-00-02-00-E0-00-00-01-00-01-00-31-00-00-00-31-00-01-00-18-00-00-00-00-00-00-00-00-00-00-00-00-00-00-00-00-00-00-00-00-00-00-00-00
[08:54:47:368]50-49-01-C0-8E-39-00-00-03-00-0E-85-00
[08:54:47:368]50-49-0E-C6-00-00-00-00-02-00-E0-00-
[08:54:47:368]REMOTE_GET_MODE=00
[08:54:47:370][HID_TX]00-80-08-B9-7F-50-41-07-06-03-08-00-E1-00-00-00-00-00-00-00-00-00-00-00-00-00-00-00-00-00-00-00-00-00-00-00-00-00-00-00-00-00-00-00-00-00-00-00-00-00-00-00-00-00-00-00-00-00-00-00-00-00-00-00-00
[08:54:47:371]HidD_GetInputReport=True
[08:54:47:371]reply_report=00-4F-00-00-00-00-00-00-00-00-00-00-00-00-00-00-00-00-00-00-00-00-00-00-00-00-00-00-00-00-00-00-00-00-00-00-00-00-00-00-00-00-00-00-00-00-00-00-00-00-00-00-00-00-00-00-00-00-00-00-00-00-00-00-00
[08:54:47:371]50-41-07-06-03-08-00-E1 [CMD_SENT] [CMD_SENT][UNKNOW]
[08:54:47:375][HID_TX_ack]00-0F-50-49-01-C0-8E-39-00-00-05-00-07-86-08-00-00-0E-C6-00-00-00-00-02-00-E0-00-00-01-00-01-00-31-00-00-00-31-00-01-00-18-00-00-00-00-00-00-00-00-00-00-00-00-00-00-00-00-00-00-00-00-00-00-00-00
[08:54:47:375]50-49-01-C0-8E-39-00-00-05-00-07-86-08-00-00
[08:54:48:377][HID_TX]00-80-07-A1-F9-50-41-0E-07-02-E1-00-00-00-00-00-00-00-00-00-00-00-00-00-00-00-00-00-00-00-00-00-00-00-00-00-00-00-00-00-00-00-00-00-00-00-00-00-00-00-00-00-00-00-00-00-00-00-00-00-00-00-00-00-00
[08:54:48:379]HidD_GetInputReport=True
[08:54:48:379]reply_report=00-4F-00-00-00-00-00-00-00-00-00-00-00-00-00-00-00-00-00-00-00-00-00-00-00-00-00-00-00-00-00-00-00-00-00-00-00-00-00-00-00-00-00-00-00-00-00-00-00-00-00-00-00-00-00-00-00-00-00-00-00-00-00-00-00
[08:54:48:379]50-41-0E-07-02-E1-00 [CMD_SENT][REMOTE_SET_MODE] is_remote=False
[08:54:48:382][HID_TX_ack]00-0D-50-49-01-C0-8C-3C-00-00-03-00-0E-87-00-00-00-0E-C6-00-00-00-00-02-00-E0-00-00-01-00-01-00-31-00-00-00-31-00-01-00-18-00-00-00-00-00-00-00-00-00-00-00-00-00-00-00-00-00-00-00-00-00-00-00-00
[08:54:48:382]50-49-01-C0-8C-3C-00-00-03-00-0E-87-00
[08:54:48:382]ystech_Power_Saving, is_EnablePowerSaving=True
[08:54:48:382][HID_TX]00-85-01-73-56-02-00-00-00-00-00-00-00-00-00-00-00-00-00-00-00-00-00-00-00-00-00-00-00-00-00-00-00-00-00-00-00-00-00-00-00-00-00-00-00-00-00-00-00-00-00-00-00-00-00-00-00-00-00-00-00-00-00-00-00
[08:54:48:384]HidD_GetInputReport=True
[08:54:48:384]reply_report=00-4F-00-00-00-00-00-00-00-00-00-00-00-00-00-00-00-00-00-00-00-00-00-00-00-00-00-00-00-00-00-00-00-00-00-00-00-00-00-00-00-00-00-00-00-00-00-00-00-00-00-00-00-00-00-00-00-00-00-00-00-00-00-00-00
[08:54:48:384]HID_CMD_POWER_SAVING_Enable
[08:54:48:384]close_hid_stream
[08:54:48:384]close_hid_handle
