[15:24:13:976]\\?\hid#dell09c2&col02#5&bc4dc33&0&0001#{4d1e55b2-f16f-11cf-88cb-001111000030}
[15:24:13:976]\\?\hid#dell09c2&col03#5&bc4dc33&0&0002#{4d1e55b2-f16f-11cf-88cb-001111000030}
[15:24:13:976]\\?\hid#intc816&col01#3&207f9b7f&0&0000#{4d1e55b2-f16f-11cf-88cb-001111000030}
[15:24:13:976]\\?\hid#intc816&col02#3&207f9b7f&0&0001#{4d1e55b2-f16f-11cf-88cb-001111000030}
[15:24:13:976]\\?\hid#converteddevice&col02#5&17bac0a6&0&0001#{4d1e55b2-f16f-11cf-88cb-001111000030}
[15:24:13:976]\\?\hid#converteddevice&col03#5&17bac0a6&0&0002#{4d1e55b2-f16f-11cf-88cb-001111000030}
[15:24:13:976]\\?\hid#dell09c2&col04#5&bc4dc33&0&0003#{4d1e55b2-f16f-11cf-88cb-001111000030}
[15:24:13:976]\\?\hid#{00001812-0000-1000-8000-00805f9b34fb}_dev_vid&0232c2_pid&0001_rev&0068_ccb624cd66b1#9&326e3aae&0&0000#{4d1e55b2-f16f-11cf-88cb-001111000030}
[15:24:13:976]\\?\hid#dell09c2&col05#5&bc4dc33&0&0004#{4d1e55b2-f16f-11cf-88cb-001111000030}
[15:24:13:976]\\?\hid#converteddevice&col01#5&17bac0a6&0&0000#{4d1e55b2-f16f-11cf-88cb-001111000030}\kbd
[15:24:13:976]\\?\hid#dell09c2&col01#5&bc4dc33&0&0000#{4d1e55b2-f16f-11cf-88cb-001111000030}
[15:24:13:976]\\?\hid#vid_046d&pid_0adf&mi_00#7&3ad8dff3&0&0000#{4d1e55b2-f16f-11cf-88cb-001111000030}
[15:24:13:976]\\?\hid#vid_046d&pid_0adf&mi_04#7&18e94d0e&0&0000#{4d1e55b2-f16f-11cf-88cb-001111000030}
[15:24:13:978]try_path=\\?\hid#vid_046d&pid_0adf&mi_00#7&3ad8dff3&0&0000#{4d1e55b2-f16f-11cf-88cb-001111000030}
[15:24:13:980]	InputReportByteLength=65
[15:24:13:980]	OutputReportByteLength=65
[15:24:13:981]HID_Connected=\\?\hid#vid_046d&pid_0adf&mi_00#7&3ad8dff3&0&0000#{4d1e55b2-f16f-11cf-88cb-001111000030}
[15:24:13:982][HID_TX]00-84-01-D1-55-01-00-00-00-00-00-00-00-00-00-00-00-00-00-00-00-00-00-00-00-00-00-00-00-00-00-00-00-00-00-00-00-00-00-00-00-00-00-00-00-00-00-00-00-00-00-00-00-00-00-00-00-00-00-00-00-00-00-00-00
[15:24:13:984]HidD_GetInputReport=True
[15:24:13:984]reply_report=00-4F-56-31-2E-38-2E-35-2E-31-00-00-00-00-00-00-00-00-00-00-00-00-00-00-00-00-00-00-00-00-00-00-00-00-00-00-00-00-00-00-00-00-00-00-00-00-00-00-00-00-00-00-00-00-00-00-00-00-00-00-00-00-00-00-00
[15:24:13:984][ys_tech] fw_version=V1.8.5.1
[15:24:13:984]ystech_Power_Saving, is_EnablePowerSaving=False
[15:24:13:984][HID_TX]00-85-01-83-8B-01-00-00-00-00-00-00-00-00-00-00-00-00-00-00-00-00-00-00-00-00-00-00-00-00-00-00-00-00-00-00-00-00-00-00-00-00-00-00-00-00-00-00-00-00-00-00-00-00-00-00-00-00-00-00-00-00-00-00-00
[15:24:13:985]HidD_GetInputReport=True
[15:24:13:985]reply_report=00-4F-00-00-00-00-00-00-00-00-00-00-00-00-00-00-00-00-00-00-00-00-00-00-00-00-00-00-00-00-00-00-00-00-00-00-00-00-00-00-00-00-00-00-00-00-00-00-00-00-00-00-00-00-00-00-00-00-00-00-00-00-00-00-00
[15:24:13:985]HID_CMD_POWER_SAVING_Disable
[15:24:13:985]path_connected=\\?\hid#vid_046d&pid_0adf&mi_00#7&3ad8dff3&0&0000#{4d1e55b2-f16f-11cf-88cb-001111000030}
[15:24:15:163][HID_TX]00-80-06-1C-7D-50-41-0E-01-01-E0-00-00-00-00-00-00-00-00-00-00-00-00-00-00-00-00-00-00-00-00-00-00-00-00-00-00-00-00-00-00-00-00-00-00-00-00-00-00-00-00-00-00-00-00-00-00-00-00-00-00-00-00-00-00
[15:24:15:164]HidD_GetInputReport=True
[15:24:15:164]reply_report=00-4F-00-00-00-00-00-00-00-00-00-00-00-00-00-00-00-00-00-00-00-00-00-00-00-00-00-00-00-00-00-00-00-00-00-00-00-00-00-00-00-00-00-00-00-00-00-00-00-00-00-00-00-00-00-00-00-00-00-00-00-00-00-00-00
[15:24:15:164]50-41-0E-01-01-E0 [CMD_SENT][REMOTE_GET_MODE]
[15:24:15:169][HID_TX_ack]00-19-50-49-01-C0-07-20-01-00-03-00-0E-81-00-50-49-0E-D0-00-00-00-00-02-00-E0-00-00-32-00-00-00-00-00-00-00-00-00-00-00-00-00-00-00-00-00-00-00-00-00-00-00-00-00-00-00-00-00-00-00-00-00-00-00-00
[15:24:15:174]REMOTE_GET_MODE=00
[15:24:15:174]50-49-01-C0-07-20-01-00-03-00-0E-81-00
[15:24:15:174]50-49-0E-D0-00-00-00-00-02-00-E0-00-
[15:24:15:174][HID_TX]00-80-07-1B-E1-50-41-06-02-01-00-63-00-00-00-00-00-00-00-00-00-00-00-00-00-00-00-00-00-00-00-00-00-00-00-00-00-00-00-00-00-00-00-00-00-00-00-00-00-00-00-00-00-00-00-00-00-00-00-00-00-00-00-00-00
[15:24:15:175]HidD_GetInputReport=True
[15:24:15:175]reply_report=00-4F-00-00-00-00-00-00-00-00-00-00-00-00-00-00-00-00-00-00-00-00-00-00-00-00-00-00-00-00-00-00-00-00-00-00-00-00-00-00-00-00-00-00-00-00-00-00-00-00-00-00-00-00-00-00-00-00-00-00-00-00-00-00-00
[15:24:15:175]50-41-06-02-01-00-63 [CMD_SENT][CMD_GET_IO_LEVEL]
[15:24:15:178][HID_TX_ack]00-12-50-49-01-C0-07-20-01-00-08-00-06-82-00-01-D8-FF-1F-00-00-00-00-02-00-E0-00-00-32-00-00-00-00-00-00-00-00-00-00-00-00-00-00-00-00-00-00-00-00-00-00-00-00-00-00-00-00-00-00-00-00-00-00-00-00
[15:24:15:178]50-49-01-C0-07-20-01-00-08-00-06-82-00-01-D8-FF-1F-00
[15:24:15:394][HID_TX]00-80-06-F7-52-50-41-0E-03-01-E0-00-00-00-00-00-00-00-00-00-00-00-00-00-00-00-00-00-00-00-00-00-00-00-00-00-00-00-00-00-00-00-00-00-00-00-00-00-00-00-00-00-00-00-00-00-00-00-00-00-00-00-00-00-00
[15:24:15:395]HidD_GetInputReport=True
[15:24:15:395]reply_report=00-4F-00-00-00-00-00-00-00-00-00-00-00-00-00-00-00-00-00-00-00-00-00-00-00-00-00-00-00-00-00-00-00-00-00-00-00-00-00-00-00-00-00-00-00-00-00-00-00-00-00-00-00-00-00-00-00-00-00-00-00-00-00-00-00
[15:24:15:395]50-41-0E-03-01-E0 [CMD_SENT][REMOTE_GET_MODE]
[15:24:15:397][HID_TX_ack]00-19-50-49-01-C0-FE-20-01-00-03-00-0E-83-00-50-49-0E-D1-00-00-00-00-02-00-E0-00-00-32-00-00-00-00-00-00-00-00-00-00-00-00-00-00-00-00-00-00-00-00-00-00-00-00-00-00-00-00-00-00-00-00-00-00-00-00
[15:24:15:397]50-49-01-C0-FE-20-01-00-03-00-0E-83-00
[15:24:15:397]50-49-0E-D1-00-00-00-00-02-00-E0-00-
[15:24:15:397]REMOTE_GET_MODE=00
[15:24:15:398][HID_TX]00-80-07-26-91-50-41-06-04-01-00-63-00-00-00-00-00-00-00-00-00-00-00-00-00-00-00-00-00-00-00-00-00-00-00-00-00-00-00-00-00-00-00-00-00-00-00-00-00-00-00-00-00-00-00-00-00-00-00-00-00-00-00-00-00
[15:24:15:399]HidD_GetInputReport=True
[15:24:15:399]reply_report=00-4F-00-00-00-00-00-00-00-00-00-00-00-00-00-00-00-00-00-00-00-00-00-00-00-00-00-00-00-00-00-00-00-00-00-00-00-00-00-00-00-00-00-00-00-00-00-00-00-00-00-00-00-00-00-00-00-00-00-00-00-00-00-00-00
[15:24:15:399]50-41-06-04-01-00-63 [CMD_SENT][CMD_GET_IO_LEVEL]
[15:24:15:401][HID_TX_ack]00-12-50-49-01-C0-01-21-01-00-08-00-06-84-00-01-D8-FF-1F-00-00-00-00-02-00-E0-00-00-32-00-00-00-00-00-00-00-00-00-00-00-00-00-00-00-00-00-00-00-00-00-00-00-00-00-00-00-00-00-00-00-00-00-00-00-00
[15:24:15:401]50-49-01-C0-01-21-01-00-08-00-06-84-00-01-D8-FF-1F-00
[15:24:15:626][HID_TX]00-80-06-CA-22-50-41-0E-05-01-E0-00-00-00-00-00-00-00-00-00-00-00-00-00-00-00-00-00-00-00-00-00-00-00-00-00-00-00-00-00-00-00-00-00-00-00-00-00-00-00-00-00-00-00-00-00-00-00-00-00-00-00-00-00-00
[15:24:15:627]HidD_GetInputReport=True
[15:24:15:627]reply_report=00-4F-00-00-00-00-00-00-00-00-00-00-00-00-00-00-00-00-00-00-00-00-00-00-00-00-00-00-00-00-00-00-00-00-00-00-00-00-00-00-00-00-00-00-00-00-00-00-00-00-00-00-00-00-00-00-00-00-00-00-00-00-00-00-00
[15:24:15:628]50-41-0E-05-01-E0 [CMD_SENT][REMOTE_GET_MODE]
[15:24:15:630][HID_TX_ack]00-19-50-49-01-C0-07-21-01-00-03-00-0E-85-00-50-49-0E-D2-00-00-00-00-02-00-E0-00-00-32-00-00-00-00-00-00-00-00-00-00-00-00-00-00-00-00-00-00-00-00-00-00-00-00-00-00-00-00-00-00-00-00-00-00-00-00
[15:24:15:630]50-49-01-C0-07-21-01-00-03-00-0E-85-00
[15:24:15:630]50-49-0E-D2-00-00-00-00-02-00-E0-00-
[15:24:15:630]REMOTE_GET_MODE=00
[15:24:15:630][HID_TX]00-80-07-CD-BE-50-41-06-06-01-00-63-00-00-00-00-00-00-00-00-00-00-00-00-00-00-00-00-00-00-00-00-00-00-00-00-00-00-00-00-00-00-00-00-00-00-00-00-00-00-00-00-00-00-00-00-00-00-00-00-00-00-00-00-00
[15:24:15:631]HidD_GetInputReport=True
[15:24:15:631]reply_report=00-4F-00-00-00-00-00-00-00-00-00-00-00-00-00-00-00-00-00-00-00-00-00-00-00-00-00-00-00-00-00-00-00-00-00-00-00-00-00-00-00-00-00-00-00-00-00-00-00-00-00-00-00-00-00-00-00-00-00-00-00-00-00-00-00
[15:24:15:632]50-41-06-06-01-00-63 [CMD_SENT][CMD_GET_IO_LEVEL]
[15:24:15:634][HID_TX_ack]00-12-50-49-01-C0-07-21-01-00-08-00-06-86-00-01-D8-FF-1F-00-00-00-00-02-00-E0-00-00-32-00-00-00-00-00-00-00-00-00-00-00-00-00-00-00-00-00-00-00-00-00-00-00-00-00-00-00-00-00-00-00-00-00-00-00-00
[15:24:15:634]50-49-01-C0-07-21-01-00-08-00-06-86-00-01-D8-FF-1F-00
[15:24:15:859][HID_TX]00-80-06-21-0D-50-41-0E-07-01-E0-00-00-00-00-00-00-00-00-00-00-00-00-00-00-00-00-00-00-00-00-00-00-00-00-00-00-00-00-00-00-00-00-00-00-00-00-00-00-00-00-00-00-00-00-00-00-00-00-00-00-00-00-00-00
[15:24:15:861]HidD_GetInputReport=True
[15:24:15:861]reply_report=00-4F-00-00-00-00-00-00-00-00-00-00-00-00-00-00-00-00-00-00-00-00-00-00-00-00-00-00-00-00-00-00-00-00-00-00-00-00-00-00-00-00-00-00-00-00-00-00-00-00-00-00-00-00-00-00-00-00-00-00-00-00-00-00-00
[15:24:15:861]50-41-0E-07-01-E0 [CMD_SENT][REMOTE_GET_MODE]
[15:24:15:863][HID_TX_ack]00-19-50-49-01-C0-07-22-01-00-03-00-0E-87-00-50-49-0E-D3-00-00-00-00-02-00-E0-00-00-32-00-00-00-00-00-00-00-00-00-00-00-00-00-00-00-00-00-00-00-00-00-00-00-00-00-00-00-00-00-00-00-00-00-00-00-00
[15:24:15:863]50-49-01-C0-07-22-01-00-03-00-0E-87-00
[15:24:15:863]50-49-0E-D3-00-00-00-00-02-00-E0-00-
[15:24:15:863]REMOTE_GET_MODE=00
[15:24:15:863][HID_TX]00-80-07-5C-71-50-41-06-08-01-00-63-00-00-00-00-00-00-00-00-00-00-00-00-00-00-00-00-00-00-00-00-00-00-00-00-00-00-00-00-00-00-00-00-00-00-00-00-00-00-00-00-00-00-00-00-00-00-00-00-00-00-00-00-00
[15:24:15:865]HidD_GetInputReport=True
[15:24:15:865]reply_report=00-4F-00-00-00-00-00-00-00-00-00-00-00-00-00-00-00-00-00-00-00-00-00-00-00-00-00-00-00-00-00-00-00-00-00-00-00-00-00-00-00-00-00-00-00-00-00-00-00-00-00-00-00-00-00-00-00-00-00-00-00-00-00-00-00
[15:24:15:865]50-41-06-08-01-00-63 [CMD_SENT][CMD_GET_IO_LEVEL]
[15:24:15:867][HID_TX_ack]00-12-50-49-01-C0-07-22-01-00-08-00-06-88-00-01-D8-FF-1F-00-00-00-00-02-00-E0-00-00-32-00-00-00-00-00-00-00-00-00-00-00-00-00-00-00-00-00-00-00-00-00-00-00-00-00-00-00-00-00-00-00-00-00-00-00-00
[15:24:15:867]50-49-01-C0-07-22-01-00-08-00-06-88-00-01-D8-FF-1F-00
[15:24:16:076][HID_TX]00-80-06-B0-C2-50-41-0E-09-01-E0-00-00-00-00-00-00-00-00-00-00-00-00-00-00-00-00-00-00-00-00-00-00-00-00-00-00-00-00-00-00-00-00-00-00-00-00-00-00-00-00-00-00-00-00-00-00-00-00-00-00-00-00-00-00
[15:24:16:077]HidD_GetInputReport=True
[15:24:16:077]reply_report=00-4F-00-00-00-00-00-00-00-00-00-00-00-00-00-00-00-00-00-00-00-00-00-00-00-00-00-00-00-00-00-00-00-00-00-00-00-00-00-00-00-00-00-00-00-00-00-00-00-00-00-00-00-00-00-00-00-00-00-00-00-00-00-00-00
[15:24:16:077]50-41-0E-09-01-E0 [CMD_SENT][REMOTE_GET_MODE]
[15:24:16:080][HID_TX_ack]00-19-50-49-01-C0-07-23-01-00-03-00-0E-89-00-50-49-0E-D4-00-00-00-00-02-00-E0-00-00-32-00-00-00-00-00-00-00-00-00-00-00-00-00-00-00-00-00-00-00-00-00-00-00-00-00-00-00-00-00-00-00-00-00-00-00-00
[15:24:16:080]50-49-01-C0-07-23-01-00-03-00-0E-89-00
[15:24:16:080]50-49-0E-D4-00-00-00-00-02-00-E0-00-
[15:24:16:080]REMOTE_GET_MODE=00
[15:24:16:080][HID_TX]00-80-07-B7-5E-50-41-06-0A-01-00-63-00-00-00-00-00-00-00-00-00-00-00-00-00-00-00-00-00-00-00-00-00-00-00-00-00-00-00-00-00-00-00-00-00-00-00-00-00-00-00-00-00-00-00-00-00-00-00-00-00-00-00-00-00
[15:24:16:081]HidD_GetInputReport=True
[15:24:16:081]reply_report=00-4F-00-00-00-00-00-00-00-00-00-00-00-00-00-00-00-00-00-00-00-00-00-00-00-00-00-00-00-00-00-00-00-00-00-00-00-00-00-00-00-00-00-00-00-00-00-00-00-00-00-00-00-00-00-00-00-00-00-00-00-00-00-00-00
[15:24:16:081]50-41-06-0A-01-00-63 [CMD_SENT][CMD_GET_IO_LEVEL]
[15:24:16:084][HID_TX_ack]00-12-50-49-01-C0-07-23-01-00-08-00-06-8A-00-01-D8-FF-1F-00-00-00-00-02-00-E0-00-00-32-00-00-00-00-00-00-00-00-00-00-00-00-00-00-00-00-00-00-00-00-00-00-00-00-00-00-00-00-00-00-00-00-00-00-00-00
[15:24:16:084]50-49-01-C0-07-23-01-00-08-00-06-8A-00-01-D8-FF-1F-00
[15:24:16:307][HID_TX]00-80-06-5B-ED-50-41-0E-0B-01-E0-00-00-00-00-00-00-00-00-00-00-00-00-00-00-00-00-00-00-00-00-00-00-00-00-00-00-00-00-00-00-00-00-00-00-00-00-00-00-00-00-00-00-00-00-00-00-00-00-00-00-00-00-00-00
[15:24:16:308]HidD_GetInputReport=True
[15:24:16:308]reply_report=00-4F-00-00-00-00-00-00-00-00-00-00-00-00-00-00-00-00-00-00-00-00-00-00-00-00-00-00-00-00-00-00-00-00-00-00-00-00-00-00-00-00-00-00-00-00-00-00-00-00-00-00-00-00-00-00-00-00-00-00-00-00-00-00-00
[15:24:16:309]50-41-0E-0B-01-E0 [CMD_SENT][REMOTE_GET_MODE]
[15:24:16:311][HID_TX_ack]00-19-50-49-01-C0-D9-23-01-00-03-00-0E-8B-00-50-49-0E-D5-00-00-00-00-02-00-E0-00-00-32-00-00-00-00-00-00-00-00-00-00-00-00-00-00-00-00-00-00-00-00-00-00-00-00-00-00-00-00-00-00-00-00-00-00-00-00
[15:24:16:311]50-49-01-C0-D9-23-01-00-03-00-0E-8B-00
[15:24:16:311]50-49-0E-D5-00-00-00-00-02-00-E0-00-
[15:24:16:311]REMOTE_GET_MODE=00
[15:24:16:311][HID_TX]00-80-07-8A-2E-50-41-06-0C-01-00-63-00-00-00-00-00-00-00-00-00-00-00-00-00-00-00-00-00-00-00-00-00-00-00-00-00-00-00-00-00-00-00-00-00-00-00-00-00-00-00-00-00-00-00-00-00-00-00-00-00-00-00-00-00
[15:24:16:312]HidD_GetInputReport=True
[15:24:16:312]reply_report=00-4F-00-00-00-00-00-00-00-00-00-00-00-00-00-00-00-00-00-00-00-00-00-00-00-00-00-00-00-00-00-00-00-00-00-00-00-00-00-00-00-00-00-00-00-00-00-00-00-00-00-00-00-00-00-00-00-00-00-00-00-00-00-00-00
[15:24:16:312]50-41-06-0C-01-00-63 [CMD_SENT][CMD_GET_IO_LEVEL]
[15:24:16:315][HID_TX_ack]00-12-50-49-01-C0-DC-23-01-00-08-00-06-8C-00-01-D8-FF-1F-00-00-00-00-02-00-E0-00-00-32-00-00-00-00-00-00-00-00-00-00-00-00-00-00-00-00-00-00-00-00-00-00-00-00-00-00-00-00-00-00-00-00-00-00-00-00
[15:24:16:315]50-49-01-C0-DC-23-01-00-08-00-06-8C-00-01-D8-FF-1F-00
[15:24:16:538][HID_TX]00-80-06-66-9D-50-41-0E-0D-01-E0-00-00-00-00-00-00-00-00-00-00-00-00-00-00-00-00-00-00-00-00-00-00-00-00-00-00-00-00-00-00-00-00-00-00-00-00-00-00-00-00-00-00-00-00-00-00-00-00-00-00-00-00-00-00
[15:24:16:539]HidD_GetInputReport=True
[15:24:16:539]reply_report=00-4F-00-00-00-00-00-00-00-00-00-00-00-00-00-00-00-00-00-00-00-00-00-00-00-00-00-00-00-00-00-00-00-00-00-00-00-00-00-00-00-00-00-00-00-00-00-00-00-00-00-00-00-00-00-00-00-00-00-00-00-00-00-00-00
[15:24:16:539]50-41-0E-0D-01-E0 [CMD_SENT][REMOTE_GET_MODE]
[15:24:16:544][HID_TX_ack]00-19-50-49-01-C0-07-24-01-00-03-00-0E-8D-00-50-49-0E-D6-00-00-00-00-02-00-E0-00-00-32-00-00-00-00-00-00-00-00-00-00-00-00-00-00-00-00-00-00-00-00-00-00-00-00-00-00-00-00-00-00-00-00-00-00-00-00
[15:24:16:544]50-49-01-C0-07-24-01-00-03-00-0E-8D-00
[15:24:16:544]50-49-0E-D6-00-00-00-00-02-00-E0-00-
[15:24:16:544]REMOTE_GET_MODE=00
[15:24:16:544][HID_TX]00-80-07-61-01-50-41-06-0E-01-00-63-00-00-00-00-00-00-00-00-00-00-00-00-00-00-00-00-00-00-00-00-00-00-00-00-00-00-00-00-00-00-00-00-00-00-00-00-00-00-00-00-00-00-00-00-00-00-00-00-00-00-00-00-00
[15:24:16:545]HidD_GetInputReport=True
[15:24:16:545]reply_report=00-4F-00-00-00-00-00-00-00-00-00-00-00-00-00-00-00-00-00-00-00-00-00-00-00-00-00-00-00-00-00-00-00-00-00-00-00-00-00-00-00-00-00-00-00-00-00-00-00-00-00-00-00-00-00-00-00-00-00-00-00-00-00-00-00
[15:24:16:545]50-41-06-0E-01-00-63 [CMD_SENT][CMD_GET_IO_LEVEL]
[15:24:16:548][HID_TX_ack]00-12-50-49-01-C0-07-24-01-00-08-00-06-8E-00-01-D8-FF-1F-00-00-00-00-02-00-E0-00-00-32-00-00-00-00-00-00-00-00-00-00-00-00-00-00-00-00-00-00-00-00-00-00-00-00-00-00-00-00-00-00-00-00-00-00-00-00
[15:24:16:548]50-49-01-C0-07-24-01-00-08-00-06-8E-00-01-D8-FF-1F-00
[15:24:16:772][HID_TX]00-80-06-8D-B2-50-41-0E-0F-01-E0-00-00-00-00-00-00-00-00-00-00-00-00-00-00-00-00-00-00-00-00-00-00-00-00-00-00-00-00-00-00-00-00-00-00-00-00-00-00-00-00-00-00-00-00-00-00-00-00-00-00-00-00-00-00
[15:24:16:774]HidD_GetInputReport=True
[15:24:16:774]reply_report=00-4F-00-00-00-00-00-00-00-00-00-00-00-00-00-00-00-00-00-00-00-00-00-00-00-00-00-00-00-00-00-00-00-00-00-00-00-00-00-00-00-00-00-00-00-00-00-00-00-00-00-00-00-00-00-00-00-00-00-00-00-00-00-00-00
[15:24:16:774]50-41-0E-0F-01-E0 [CMD_SENT][REMOTE_GET_MODE]
[15:24:16:776][HID_TX_ack]00-19-50-49-01-C0-07-25-01-00-03-00-0E-8F-00-50-49-0E-D7-00-00-00-00-02-00-E0-00-00-32-00-00-00-00-00-00-00-00-00-00-00-00-00-00-00-00-00-00-00-00-00-00-00-00-00-00-00-00-00-00-00-00-00-00-00-00
[15:24:16:776]50-49-01-C0-07-25-01-00-03-00-0E-8F-00
[15:24:16:776]50-49-0E-D7-00-00-00-00-02-00-E0-00-
[15:24:16:776]REMOTE_GET_MODE=00
[15:24:16:776][HID_TX]00-80-07-89-A1-50-41-06-10-01-00-63-00-00-00-00-00-00-00-00-00-00-00-00-00-00-00-00-00-00-00-00-00-00-00-00-00-00-00-00-00-00-00-00-00-00-00-00-00-00-00-00-00-00-00-00-00-00-00-00-00-00-00-00-00
[15:24:16:778]HidD_GetInputReport=True
[15:24:16:778]reply_report=00-4F-00-00-00-00-00-00-00-00-00-00-00-00-00-00-00-00-00-00-00-00-00-00-00-00-00-00-00-00-00-00-00-00-00-00-00-00-00-00-00-00-00-00-00-00-00-00-00-00-00-00-00-00-00-00-00-00-00-00-00-00-00-00-00
[15:24:16:778]50-41-06-10-01-00-63 [CMD_SENT][CMD_GET_IO_LEVEL]
[15:24:16:780][HID_TX_ack]00-12-50-49-01-C0-07-25-01-00-08-00-06-90-00-01-D8-FF-1F-00-00-00-00-02-00-E0-00-00-32-00-00-00-00-00-00-00-00-00-00-00-00-00-00-00-00-00-00-00-00-00-00-00-00-00-00-00-00-00-00-00-00-00-00-00-00
[15:24:16:780]50-49-01-C0-07-25-01-00-08-00-06-90-00-01-D8-FF-1F-00
[15:24:17:005][HID_TX]00-80-06-65-12-50-41-0E-11-01-E0-00-00-00-00-00-00-00-00-00-00-00-00-00-00-00-00-00-00-00-00-00-00-00-00-00-00-00-00-00-00-00-00-00-00-00-00-00-00-00-00-00-00-00-00-00-00-00-00-00-00-00-00-00-00
[15:24:17:006]HidD_GetInputReport=True
[15:24:17:006]reply_report=00-4F-00-00-00-00-00-00-00-00-00-00-00-00-00-00-00-00-00-00-00-00-00-00-00-00-00-00-00-00-00-00-00-00-00-00-00-00-00-00-00-00-00-00-00-00-00-00-00-00-00-00-00-00-00-00-00-00-00-00-00-00-00-00-00
[15:24:17:006]50-41-0E-11-01-E0 [CMD_SENT][REMOTE_GET_MODE]
[15:24:17:009][HID_TX_ack]00-19-50-49-01-C0-07-26-01-00-03-00-0E-91-00-50-49-0E-D8-00-00-00-00-02-00-E0-00-00-32-00-00-00-00-00-00-00-00-00-00-00-00-00-00-00-00-00-00-00-00-00-00-00-00-00-00-00-00-00-00-00-00-00-00-00-00
[15:24:17:009]50-49-01-C0-07-26-01-00-03-00-0E-91-00
[15:24:17:009]50-49-0E-D8-00-00-00-00-02-00-E0-00-
[15:24:17:009]REMOTE_GET_MODE=00
[15:24:17:009][HID_TX]00-80-07-62-8E-50-41-06-12-01-00-63-00-00-00-00-00-00-00-00-00-00-00-00-00-00-00-00-00-00-00-00-00-00-00-00-00-00-00-00-00-00-00-00-00-00-00-00-00-00-00-00-00-00-00-00-00-00-00-00-00-00-00-00-00
[15:24:17:010]HidD_GetInputReport=True
[15:24:17:010]reply_report=00-4F-00-00-00-00-00-00-00-00-00-00-00-00-00-00-00-00-00-00-00-00-00-00-00-00-00-00-00-00-00-00-00-00-00-00-00-00-00-00-00-00-00-00-00-00-00-00-00-00-00-00-00-00-00-00-00-00-00-00-00-00-00-00-00
[15:24:17:010]50-41-06-12-01-00-63 [CMD_SENT][CMD_GET_IO_LEVEL]
[15:24:17:013][HID_TX_ack]00-12-50-49-01-C0-07-26-01-00-08-00-06-92-00-01-D8-FF-1F-00-00-00-00-02-00-E0-00-00-32-00-00-00-00-00-00-00-00-00-00-00-00-00-00-00-00-00-00-00-00-00-00-00-00-00-00-00-00-00-00-00-00-00-00-00-00
[15:24:17:013]50-49-01-C0-07-26-01-00-08-00-06-92-00-01-D8-FF-1F-00
[15:24:17:223][HID_TX]00-80-06-8E-3D-50-41-0E-13-01-E0-00-00-00-00-00-00-00-00-00-00-00-00-00-00-00-00-00-00-00-00-00-00-00-00-00-00-00-00-00-00-00-00-00-00-00-00-00-00-00-00-00-00-00-00-00-00-00-00-00-00-00-00-00-00
[15:24:17:225]HidD_GetInputReport=True
[15:24:17:225]reply_report=00-4F-00-00-00-00-00-00-00-00-00-00-00-00-00-00-00-00-00-00-00-00-00-00-00-00-00-00-00-00-00-00-00-00-00-00-00-00-00-00-00-00-00-00-00-00-00-00-00-00-00-00-00-00-00-00-00-00-00-00-00-00-00-00-00
[15:24:17:225]50-41-0E-13-01-E0 [CMD_SENT][REMOTE_GET_MODE]
[15:24:17:227][HID_TX_ack]00-19-50-49-01-C0-07-26-01-00-03-00-0E-93-00-50-49-0E-D9-00-00-00-00-02-00-E0-00-00-32-00-00-00-00-00-00-00-00-00-00-00-00-00-00-00-00-00-00-00-00-00-00-00-00-00-00-00-00-00-00-00-00-00-00-00-00
[15:24:17:227]50-49-01-C0-07-26-01-00-03-00-0E-93-00
[15:24:17:227]50-49-0E-D9-00-00-00-00-02-00-E0-00-
[15:24:17:227]REMOTE_GET_MODE=00
[15:24:17:227][HID_TX]00-80-07-5F-FE-50-41-06-14-01-00-63-00-00-00-00-00-00-00-00-00-00-00-00-00-00-00-00-00-00-00-00-00-00-00-00-00-00-00-00-00-00-00-00-00-00-00-00-00-00-00-00-00-00-00-00-00-00-00-00-00-00-00-00-00
[15:24:17:228]HidD_GetInputReport=True
[15:24:17:229]reply_report=00-4F-00-00-00-00-00-00-00-00-00-00-00-00-00-00-00-00-00-00-00-00-00-00-00-00-00-00-00-00-00-00-00-00-00-00-00-00-00-00-00-00-00-00-00-00-00-00-00-00-00-00-00-00-00-00-00-00-00-00-00-00-00-00-00
[15:24:17:229]50-41-06-14-01-00-63 [CMD_SENT][CMD_GET_IO_LEVEL]
[15:24:17:231][HID_TX_ack]00-12-50-49-01-C0-07-26-01-00-08-00-06-94-00-01-D8-FF-1F-00-00-00-00-02-00-E0-00-00-32-00-00-00-00-00-00-00-00-00-00-00-00-00-00-00-00-00-00-00-00-00-00-00-00-00-00-00-00-00-00-00-00-00-00-00-00
[15:24:17:231]50-49-01-C0-07-26-01-00-08-00-06-94-00-01-D8-FF-1F-00
[15:24:17:455][HID_TX]00-80-06-B3-4D-50-41-0E-15-01-E0-00-00-00-00-00-00-00-00-00-00-00-00-00-00-00-00-00-00-00-00-00-00-00-00-00-00-00-00-00-00-00-00-00-00-00-00-00-00-00-00-00-00-00-00-00-00-00-00-00-00-00-00-00-00
[15:24:17:457]HidD_GetInputReport=True
[15:24:17:457]reply_report=00-4F-00-00-00-00-00-00-00-00-00-00-00-00-00-00-00-00-00-00-00-00-00-00-00-00-00-00-00-00-00-00-00-00-00-00-00-00-00-00-00-00-00-00-00-00-00-00-00-00-00-00-00-00-00-00-00-00-00-00-00-00-00-00-00
[15:24:17:457]50-41-0E-15-01-E0 [CMD_SENT][REMOTE_GET_MODE]
[15:24:17:459][HID_TX_ack]00-19-50-49-01-C0-07-27-01-00-03-00-0E-95-00-50-49-0E-DA-00-00-00-00-02-00-E0-00-00-32-00-00-00-00-00-00-00-00-00-00-00-00-00-00-00-00-00-00-00-00-00-00-00-00-00-00-00-00-00-00-00-00-00-00-00-00
[15:24:17:459]50-49-01-C0-07-27-01-00-03-00-0E-95-00
[15:24:17:459]50-49-0E-DA-00-00-00-00-02-00-E0-00-
[15:24:17:459]REMOTE_GET_MODE=00
[15:24:17:459][HID_TX]00-80-07-B4-D1-50-41-06-16-01-00-63-00-00-00-00-00-00-00-00-00-00-00-00-00-00-00-00-00-00-00-00-00-00-00-00-00-00-00-00-00-00-00-00-00-00-00-00-00-00-00-00-00-00-00-00-00-00-00-00-00-00-00-00-00
[15:24:17:461]HidD_GetInputReport=True
[15:24:17:461]reply_report=00-4F-00-00-00-00-00-00-00-00-00-00-00-00-00-00-00-00-00-00-00-00-00-00-00-00-00-00-00-00-00-00-00-00-00-00-00-00-00-00-00-00-00-00-00-00-00-00-00-00-00-00-00-00-00-00-00-00-00-00-00-00-00-00-00
[15:24:17:461]50-41-06-16-01-00-63 [CMD_SENT][CMD_GET_IO_LEVEL]
[15:24:17:463][HID_TX_ack]00-12-50-49-01-C0-07-27-01-00-08-00-06-96-00-01-D8-FF-1F-00-00-00-00-02-00-E0-00-00-32-00-00-00-00-00-00-00-00-00-00-00-00-00-00-00-00-00-00-00-00-00-00-00-00-00-00-00-00-00-00-00-00-00-00-00-00
[15:24:17:463]50-49-01-C0-07-27-01-00-08-00-06-96-00-01-D8-FF-1F-00
[15:24:17:686][HID_TX]00-80-06-58-62-50-41-0E-17-01-E0-00-00-00-00-00-00-00-00-00-00-00-00-00-00-00-00-00-00-00-00-00-00-00-00-00-00-00-00-00-00-00-00-00-00-00-00-00-00-00-00-00-00-00-00-00-00-00-00-00-00-00-00-00-00
[15:24:17:687]HidD_GetInputReport=True
[15:24:17:688]reply_report=00-4F-00-00-00-00-00-00-00-00-00-00-00-00-00-00-00-00-00-00-00-00-00-00-00-00-00-00-00-00-00-00-00-00-00-00-00-00-00-00-00-00-00-00-00-00-00-00-00-00-00-00-00-00-00-00-00-00-00-00-00-00-00-00-00
[15:24:17:688]50-41-0E-17-01-E0 [CMD_SENT][REMOTE_GET_MODE]
[15:24:17:690][HID_TX_ack]00-19-50-49-01-C0-08-28-01-00-03-00-0E-97-00-50-49-0E-DB-00-00-00-00-02-00-E0-00-00-32-00-00-00-00-00-00-00-00-00-00-00-00-00-00-00-00-00-00-00-00-00-00-00-00-00-00-00-00-00-00-00-00-00-00-00-00
[15:24:17:690]50-49-01-C0-08-28-01-00-03-00-0E-97-00
[15:24:17:690]50-49-0E-DB-00-00-00-00-02-00-E0-00-
[15:24:17:690]REMOTE_GET_MODE=00
[15:24:17:690][HID_TX]00-80-07-25-1E-50-41-06-18-01-00-63-00-00-00-00-00-00-00-00-00-00-00-00-00-00-00-00-00-00-00-00-00-00-00-00-00-00-00-00-00-00-00-00-00-00-00-00-00-00-00-00-00-00-00-00-00-00-00-00-00-00-00-00-00
[15:24:17:691]HidD_GetInputReport=True
[15:24:17:691]reply_report=00-4F-00-00-00-00-00-00-00-00-00-00-00-00-00-00-00-00-00-00-00-00-00-00-00-00-00-00-00-00-00-00-00-00-00-00-00-00-00-00-00-00-00-00-00-00-00-00-00-00-00-00-00-00-00-00-00-00-00-00-00-00-00-00-00
[15:24:17:691]50-41-06-18-01-00-63 [CMD_SENT][CMD_GET_IO_LEVEL]
[15:24:17:694][HID_TX_ack]00-12-50-49-01-C0-08-28-01-00-08-00-06-98-00-01-D8-FF-1F-00-00-00-00-02-00-E0-00-00-32-00-00-00-00-00-00-00-00-00-00-00-00-00-00-00-00-00-00-00-00-00-00-00-00-00-00-00-00-00-00-00-00-00-00-00-00
[15:24:17:694]50-49-01-C0-08-28-01-00-08-00-06-98-00-01-D8-FF-1F-00
[15:24:17:917][HID_TX]00-80-06-C9-AD-50-41-0E-19-01-E0-00-00-00-00-00-00-00-00-00-00-00-00-00-00-00-00-00-00-00-00-00-00-00-00-00-00-00-00-00-00-00-00-00-00-00-00-00-00-00-00-00-00-00-00-00-00-00-00-00-00-00-00-00-00
[15:24:17:918]HidD_GetInputReport=True
[15:24:17:919]reply_report=00-4F-00-00-00-00-00-00-00-00-00-00-00-00-00-00-00-00-00-00-00-00-00-00-00-00-00-00-00-00-00-00-00-00-00-00-00-00-00-00-00-00-00-00-00-00-00-00-00-00-00-00-00-00-00-00-00-00-00-00-00-00-00-00-00
[15:24:17:919]50-41-0E-19-01-E0 [CMD_SENT][REMOTE_GET_MODE]
[15:24:17:921][HID_TX_ack]00-19-50-49-01-C0-E1-28-01-00-03-00-0E-99-00-50-49-0E-DC-00-00-00-00-02-00-E0-00-00-32-00-00-00-00-00-00-00-00-00-00-00-00-00-00-00-00-00-00-00-00-00-00-00-00-00-00-00-00-00-00-00-00-00-00-00-00
[15:24:17:921]50-49-01-C0-E1-28-01-00-03-00-0E-99-00
[15:24:17:922]50-49-0E-DC-00-00-00-00-02-00-E0-00-
[15:24:17:923]REMOTE_GET_MODE=00
[15:24:17:923][HID_TX]00-80-07-CE-31-50-41-06-1A-01-00-63-00-00-00-00-00-00-00-00-00-00-00-00-00-00-00-00-00-00-00-00-00-00-00-00-00-00-00-00-00-00-00-00-00-00-00-00-00-00-00-00-00-00-00-00-00-00-00-00-00-00-00-00-00
[15:24:17:925]HidD_GetInputReport=True
[15:24:17:925]reply_report=00-4F-00-00-00-00-00-00-00-00-00-00-00-00-00-00-00-00-00-00-00-00-00-00-00-00-00-00-00-00-00-00-00-00-00-00-00-00-00-00-00-00-00-00-00-00-00-00-00-00-00-00-00-00-00-00-00-00-00-00-00-00-00-00-00
[15:24:17:925]50-41-06-1A-01-00-63 [CMD_SENT][CMD_GET_IO_LEVEL]
[15:24:17:927][HID_TX_ack]00-12-50-49-01-C0-E6-28-01-00-08-00-06-9A-00-01-D8-FF-1F-00-00-00-00-02-00-E0-00-00-32-00-00-00-00-00-00-00-00-00-00-00-00-00-00-00-00-00-00-00-00-00-00-00-00-00-00-00-00-00-00-00-00-00-00-00-00
[15:24:17:927]50-49-01-C0-E6-28-01-00-08-00-06-9A-00-01-D8-FF-1F-00
[15:24:18:149][HID_TX]00-80-06-22-82-50-41-0E-1B-01-E0-00-00-00-00-00-00-00-00-00-00-00-00-00-00-00-00-00-00-00-00-00-00-00-00-00-00-00-00-00-00-00-00-00-00-00-00-00-00-00-00-00-00-00-00-00-00-00-00-00-00-00-00-00-00
[15:24:18:150]HidD_GetInputReport=True
[15:24:18:150]reply_report=00-4F-00-00-00-00-00-00-00-00-00-00-00-00-00-00-00-00-00-00-00-00-00-00-00-00-00-00-00-00-00-00-00-00-00-00-00-00-00-00-00-00-00-00-00-00-00-00-00-00-00-00-00-00-00-00-00-00-00-00-00-00-00-00-00
[15:24:18:150]50-41-0E-1B-01-E0 [CMD_SENT][REMOTE_GET_MODE]
[15:24:18:153][HID_TX_ack]00-19-50-49-01-C0-07-29-01-00-03-00-0E-9B-00-50-49-0E-DD-00-00-00-00-02-00-E0-00-00-32-00-00-00-00-00-00-00-00-00-00-00-00-00-00-00-00-00-00-00-00-00-00-00-00-00-00-00-00-00-00-00-00-00-00-00-00
[15:24:18:153]50-49-01-C0-07-29-01-00-03-00-0E-9B-00
[15:24:18:153]50-49-0E-DD-00-00-00-00-02-00-E0-00-
[15:24:18:153]REMOTE_GET_MODE=00
[15:24:18:153][HID_TX]00-80-07-F3-41-50-41-06-1C-01-00-63-00-00-00-00-00-00-00-00-00-00-00-00-00-00-00-00-00-00-00-00-00-00-00-00-00-00-00-00-00-00-00-00-00-00-00-00-00-00-00-00-00-00-00-00-00-00-00-00-00-00-00-00-00
[15:24:18:154]HidD_GetInputReport=True
[15:24:18:154]reply_report=00-4F-00-00-00-00-00-00-00-00-00-00-00-00-00-00-00-00-00-00-00-00-00-00-00-00-00-00-00-00-00-00-00-00-00-00-00-00-00-00-00-00-00-00-00-00-00-00-00-00-00-00-00-00-00-00-00-00-00-00-00-00-00-00-00
[15:24:18:154]50-41-06-1C-01-00-63 [CMD_SENT][CMD_GET_IO_LEVEL]
[15:24:18:157][HID_TX_ack]00-12-50-49-01-C0-07-29-01-00-08-00-06-9C-00-01-D8-FF-1F-00-00-00-00-02-00-E0-00-00-32-00-00-00-00-00-00-00-00-00-00-00-00-00-00-00-00-00-00-00-00-00-00-00-00-00-00-00-00-00-00-00-00-00-00-00-00
[15:24:18:157]50-49-01-C0-07-29-01-00-08-00-06-9C-00-01-D8-FF-1F-00
[15:24:18:380][HID_TX]00-80-06-1F-F2-50-41-0E-1D-01-E0-00-00-00-00-00-00-00-00-00-00-00-00-00-00-00-00-00-00-00-00-00-00-00-00-00-00-00-00-00-00-00-00-00-00-00-00-00-00-00-00-00-00-00-00-00-00-00-00-00-00-00-00-00-00
[15:24:18:381]HidD_GetInputReport=True
[15:24:18:382]reply_report=00-4F-00-00-00-00-00-00-00-00-00-00-00-00-00-00-00-00-00-00-00-00-00-00-00-00-00-00-00-00-00-00-00-00-00-00-00-00-00-00-00-00-00-00-00-00-00-00-00-00-00-00-00-00-00-00-00-00-00-00-00-00-00-00-00
[15:24:18:382]50-41-0E-1D-01-E0 [CMD_SENT][REMOTE_GET_MODE]
[15:24:18:384][HID_TX_ack]00-19-50-49-01-C0-07-2A-01-00-03-00-0E-9D-00-50-49-0E-DE-00-00-00-00-02-00-E0-00-00-32-00-00-00-00-00-00-00-00-00-00-00-00-00-00-00-00-00-00-00-00-00-00-00-00-00-00-00-00-00-00-00-00-00-00-00-00
[15:24:18:384]50-49-01-C0-07-2A-01-00-03-00-0E-9D-00
[15:24:18:384]50-49-0E-DE-00-00-00-00-02-00-E0-00-
[15:24:18:384]REMOTE_GET_MODE=00
[15:24:18:384][HID_TX]00-80-07-18-6E-50-41-06-1E-01-00-63-00-00-00-00-00-00-00-00-00-00-00-00-00-00-00-00-00-00-00-00-00-00-00-00-00-00-00-00-00-00-00-00-00-00-00-00-00-00-00-00-00-00-00-00-00-00-00-00-00-00-00-00-00
[15:24:18:385]HidD_GetInputReport=True
[15:24:18:385]reply_report=00-4F-00-00-00-00-00-00-00-00-00-00-00-00-00-00-00-00-00-00-00-00-00-00-00-00-00-00-00-00-00-00-00-00-00-00-00-00-00-00-00-00-00-00-00-00-00-00-00-00-00-00-00-00-00-00-00-00-00-00-00-00-00-00-00
[15:24:18:385]50-41-06-1E-01-00-63 [CMD_SENT][CMD_GET_IO_LEVEL]
[15:24:18:388][HID_TX_ack]00-12-50-49-01-C0-07-2A-01-00-08-00-06-9E-00-01-D8-FF-1F-00-00-00-00-02-00-E0-00-00-32-00-00-00-00-00-00-00-00-00-00-00-00-00-00-00-00-00-00-00-00-00-00-00-00-00-00-00-00-00-00-00-00-00-00-00-00
[15:24:18:388]50-49-01-C0-07-2A-01-00-08-00-06-9E-00-01-D8-FF-1F-00
[15:24:18:614][HID_TX]00-80-06-F4-DD-50-41-0E-1F-01-E0-00-00-00-00-00-00-00-00-00-00-00-00-00-00-00-00-00-00-00-00-00-00-00-00-00-00-00-00-00-00-00-00-00-00-00-00-00-00-00-00-00-00-00-00-00-00-00-00-00-00-00-00-00-00
[15:24:18:616]HidD_GetInputReport=True
[15:24:18:616]reply_report=00-4F-00-00-00-00-00-00-00-00-00-00-00-00-00-00-00-00-00-00-00-00-00-00-00-00-00-00-00-00-00-00-00-00-00-00-00-00-00-00-00-00-00-00-00-00-00-00-00-00-00-00-00-00-00-00-00-00-00-00-00-00-00-00-00
[15:24:18:616]50-41-0E-1F-01-E0 [CMD_SENT][REMOTE_GET_MODE]
[15:24:18:618][HID_TX_ack]00-19-50-49-01-C0-07-2B-01-00-03-00-0E-9F-00-50-49-0E-DF-00-00-00-00-02-00-E0-00-00-32-00-00-00-00-00-00-00-00-00-00-00-00-00-00-00-00-00-00-00-00-00-00-00-00-00-00-00-00-00-00-00-00-00-00-00-00
[15:24:18:618]50-49-01-C0-07-2B-01-00-03-00-0E-9F-00
[15:24:18:618]50-49-0E-DF-00-00-00-00-02-00-E0-00-
[15:24:18:619]REMOTE_GET_MODE=00
[15:24:18:619][HID_TX]00-80-07-02-10-50-41-06-20-01-00-63-00-00-00-00-00-00-00-00-00-00-00-00-00-00-00-00-00-00-00-00-00-00-00-00-00-00-00-00-00-00-00-00-00-00-00-00-00-00-00-00-00-00-00-00-00-00-00-00-00-00-00-00-00
[15:24:18:621]HidD_GetInputReport=True
[15:24:18:621]reply_report=00-4F-00-00-00-00-00-00-00-00-00-00-00-00-00-00-00-00-00-00-00-00-00-00-00-00-00-00-00-00-00-00-00-00-00-00-00-00-00-00-00-00-00-00-00-00-00-00-00-00-00-00-00-00-00-00-00-00-00-00-00-00-00-00-00
[15:24:18:621]50-41-06-20-01-00-63 [CMD_SENT][CMD_GET_IO_LEVEL]
[15:24:18:623][HID_TX_ack]00-12-50-49-01-C0-07-2B-01-00-08-00-06-A0-00-01-D8-FF-1F-00-00-00-00-02-00-E0-00-00-32-00-00-00-00-00-00-00-00-00-00-00-00-00-00-00-00-00-00-00-00-00-00-00-00-00-00-00-00-00-00-00-00-00-00-00-00
[15:24:18:623]50-49-01-C0-07-2B-01-00-08-00-06-A0-00-01-D8-FF-1F-00
[15:24:18:847][HID_TX]00-80-06-EE-A3-50-41-0E-21-01-E0-00-00-00-00-00-00-00-00-00-00-00-00-00-00-00-00-00-00-00-00-00-00-00-00-00-00-00-00-00-00-00-00-00-00-00-00-00-00-00-00-00-00-00-00-00-00-00-00-00-00-00-00-00-00
[15:24:18:848]HidD_GetInputReport=True
[15:24:18:848]reply_report=00-4F-00-00-00-00-00-00-00-00-00-00-00-00-00-00-00-00-00-00-00-00-00-00-00-00-00-00-00-00-00-00-00-00-00-00-00-00-00-00-00-00-00-00-00-00-00-00-00-00-00-00-00-00-00-00-00-00-00-00-00-00-00-00-00
[15:24:18:848]50-41-0E-21-01-E0 [CMD_SENT][REMOTE_GET_MODE]
[15:24:18:851][HID_TX_ack]00-19-50-49-01-C0-07-2B-01-00-03-00-0E-A1-00-50-49-0E-E0-00-00-00-00-02-00-E0-00-00-32-00-00-00-00-00-00-00-00-00-00-00-00-00-00-00-00-00-00-00-00-00-00-00-00-00-00-00-00-00-00-00-00-00-00-00-00
[15:24:18:851]50-49-01-C0-07-2B-01-00-03-00-0E-A1-00
[15:24:18:851]50-49-0E-E0-00-00-00-00-02-00-E0-00-
[15:24:18:851]REMOTE_GET_MODE=00
[15:24:18:851][HID_TX]00-80-07-E9-3F-50-41-06-22-01-00-63-00-00-00-00-00-00-00-00-00-00-00-00-00-00-00-00-00-00-00-00-00-00-00-00-00-00-00-00-00-00-00-00-00-00-00-00-00-00-00-00-00-00-00-00-00-00-00-00-00-00-00-00-00
[15:24:18:852]HidD_GetInputReport=True
[15:24:18:852]reply_report=00-4F-00-00-00-00-00-00-00-00-00-00-00-00-00-00-00-00-00-00-00-00-00-00-00-00-00-00-00-00-00-00-00-00-00-00-00-00-00-00-00-00-00-00-00-00-00-00-00-00-00-00-00-00-00-00-00-00-00-00-00-00-00-00-00
[15:24:18:852]50-41-06-22-01-00-63 [CMD_SENT][CMD_GET_IO_LEVEL]
[15:24:18:855][HID_TX_ack]00-12-50-49-01-C0-07-2B-01-00-08-00-06-A2-00-01-D8-FF-1F-00-00-00-00-02-00-E0-00-00-32-00-00-00-00-00-00-00-00-00-00-00-00-00-00-00-00-00-00-00-00-00-00-00-00-00-00-00-00-00-00-00-00-00-00-00-00
[15:24:18:855]50-49-01-C0-07-2B-01-00-08-00-06-A2-00-01-D8-FF-1F-00
