[11:59:58:232]\\?\hid#dell09c2&col02#5&bc4dc33&0&0001#{4d1e55b2-f16f-11cf-88cb-001111000030}
[11:59:58:233]\\?\hid#dell09c2&col03#5&bc4dc33&0&0002#{4d1e55b2-f16f-11cf-88cb-001111000030}
[11:59:58:233]\\?\hid#intc816&col01#3&207f9b7f&0&0000#{4d1e55b2-f16f-11cf-88cb-001111000030}
[11:59:58:233]\\?\hid#intc816&col02#3&207f9b7f&0&0001#{4d1e55b2-f16f-11cf-88cb-001111000030}
[11:59:58:233]\\?\hid#converteddevice&col02#5&17bac0a6&0&0001#{4d1e55b2-f16f-11cf-88cb-001111000030}
[11:59:58:233]\\?\hid#converteddevice&col03#5&17bac0a6&0&0002#{4d1e55b2-f16f-11cf-88cb-001111000030}
[11:59:58:233]\\?\hid#dell09c2&col04#5&bc4dc33&0&0003#{4d1e55b2-f16f-11cf-88cb-001111000030}
[11:59:58:233]\\?\hid#{00001812-0000-1000-8000-00805f9b34fb}_dev_vid&0232c2_pid&0001_rev&0068_ccb624cd66b1#9&326e3aae&0&0000#{4d1e55b2-f16f-11cf-88cb-001111000030}
[11:59:58:233]\\?\hid#dell09c2&col05#5&bc4dc33&0&0004#{4d1e55b2-f16f-11cf-88cb-001111000030}
[11:59:58:233]\\?\hid#converteddevice&col01#5&17bac0a6&0&0000#{4d1e55b2-f16f-11cf-88cb-001111000030}\kbd
[11:59:58:233]\\?\hid#dell09c2&col01#5&bc4dc33&0&0000#{4d1e55b2-f16f-11cf-88cb-001111000030}
[11:59:58:233]\\?\hid#vid_046d&pid_0adf&mi_00#7&3ad8dff3&0&0000#{4d1e55b2-f16f-11cf-88cb-001111000030}
[11:59:58:233]\\?\hid#vid_046d&pid_0adf&mi_04#7&18e94d0e&0&0000#{4d1e55b2-f16f-11cf-88cb-001111000030}
[11:59:58:235]try_path=\\?\hid#vid_046d&pid_0adf&mi_00#7&3ad8dff3&0&0000#{4d1e55b2-f16f-11cf-88cb-001111000030}
[11:59:58:236]	InputReportByteLength=65
[11:59:58:236]	OutputReportByteLength=65
[11:59:58:237]HID_Connected=\\?\hid#vid_046d&pid_0adf&mi_00#7&3ad8dff3&0&0000#{4d1e55b2-f16f-11cf-88cb-001111000030}
[11:59:58:238][HID_TX]00-84-01-D1-55-01-00-00-00-00-00-00-00-00-00-00-00-00-00-00-00-00-00-00-00-00-00-00-00-00-00-00-00-00-00-00-00-00-00-00-00-00-00-00-00-00-00-00-00-00-00-00-00-00-00-00-00-00-00-00-00-00-00-00-00
[11:59:58:239]HidD_GetInputReport=True
[11:59:58:239]reply_report=00-4F-56-31-2E-38-2E-35-2E-31-00-00-00-00-00-00-00-00-00-00-00-00-00-00-00-00-00-00-00-00-00-00-00-00-00-00-00-00-00-00-00-00-00-00-00-00-00-00-00-00-00-00-00-00-00-00-00-00-00-00-00-00-00-00-00
[11:59:58:239][ys_tech] fw_version=V1.8.5.1
[11:59:58:240]ystech_Power_Saving, is_EnablePowerSaving=False
[11:59:58:240][HID_TX]00-85-01-83-8B-01-00-00-00-00-00-00-00-00-00-00-00-00-00-00-00-00-00-00-00-00-00-00-00-00-00-00-00-00-00-00-00-00-00-00-00-00-00-00-00-00-00-00-00-00-00-00-00-00-00-00-00-00-00-00-00-00-00-00-00
[11:59:58:241]HidD_GetInputReport=True
[11:59:58:241]reply_report=00-4F-00-00-00-00-00-00-00-00-00-00-00-00-00-00-00-00-00-00-00-00-00-00-00-00-00-00-00-00-00-00-00-00-00-00-00-00-00-00-00-00-00-00-00-00-00-00-00-00-00-00-00-00-00-00-00-00-00-00-00-00-00-00-00
[11:59:58:241]HID_CMD_POWER_SAVING_Disable
[11:59:58:241]path_connected=\\?\hid#vid_046d&pid_0adf&mi_00#7&3ad8dff3&0&0000#{4d1e55b2-f16f-11cf-88cb-001111000030}
[11:59:59:456][HID_TX]00-80-06-1C-7D-50-41-0E-01-01-E0-00-00-00-00-00-00-00-00-00-00-00-00-00-00-00-00-00-00-00-00-00-00-00-00-00-00-00-00-00-00-00-00-00-00-00-00-00-00-00-00-00-00-00-00-00-00-00-00-00-00-00-00-00-00
[11:59:59:458]HidD_GetInputReport=True
[11:59:59:458]reply_report=00-4F-00-00-00-00-00-00-00-00-00-00-00-00-00-00-00-00-00-00-00-00-00-00-00-00-00-00-00-00-00-00-00-00-00-00-00-00-00-00-00-00-00-00-00-00-00-00-00-00-00-00-00-00-00-00-00-00-00-00-00-00-00-00-00
[11:59:59:458]50-41-0E-01-01-E0 [CMD_SENT][REMOTE_GET_MODE]
[11:59:59:463][HID_TX_ack]00-19-50-49-01-C0-C5-BF-02-00-03-00-0E-81-00-50-49-0E-E3-00-00-00-00-02-00-E0-01-17-32-50-49-01-C0-7B-05-00-00-03-00-11-89-19-00-00-00-00-00-00-00-00-00-00-00-00-00-00-00-00-00-00-00-00-00-00-00
[11:59:59:467]REMOTE_GET_MODE=01
[11:59:59:467]50-49-01-C0-C5-BF-02-00-03-00-0E-81-00
[11:59:59:467]50-49-0E-E3-00-00-00-00-02-00-E0-01-
[11:59:59:467][HID_TX]00-80-07-1B-E1-50-41-06-02-01-00-63-00-00-00-00-00-00-00-00-00-00-00-00-00-00-00-00-00-00-00-00-00-00-00-00-00-00-00-00-00-00-00-00-00-00-00-00-00-00-00-00-00-00-00-00-00-00-00-00-00-00-00-00-00
[11:59:59:469]HidD_GetInputReport=True
[11:59:59:469]reply_report=00-4F-00-00-00-00-00-00-00-00-00-00-00-00-00-00-00-00-00-00-00-00-00-00-00-00-00-00-00-00-00-00-00-00-00-00-00-00-00-00-00-00-00-00-00-00-00-00-00-00-00-00-00-00-00-00-00-00-00-00-00-00-00-00-00
[11:59:59:469]50-41-06-02-01-00-63 [CMD_SENT][CMD_GET_IO_LEVEL]
[11:59:59:490][HID_TX_ack]00-12-50-49-01-E4-B4-8C-0B-00-08-00-06-82-00-01-FF-FF-0F-00-00-00-00-02-00-E0-01-17-32-50-49-01-C0-7B-05-00-00-03-00-11-89-19-00-00-00-00-00-00-00-00-00-00-00-00-00-00-00-00-00-00-00-00-00-00-00
[11:59:59:490]50-49-01-E4-B4-8C-0B-00-08-00-06-82-00-01-FF-FF-0F-00
[12:00:01:100][HID_TX]00-80-06-F7-52-50-41-0E-03-01-E0-00-00-00-00-00-00-00-00-00-00-00-00-00-00-00-00-00-00-00-00-00-00-00-00-00-00-00-00-00-00-00-00-00-00-00-00-00-00-00-00-00-00-00-00-00-00-00-00-00-00-00-00-00-00
[12:00:01:101]HidD_GetInputReport=True
[12:00:01:101]reply_report=00-4F-00-00-00-00-00-00-00-00-00-00-00-00-00-00-00-00-00-00-00-00-00-00-00-00-00-00-00-00-00-00-00-00-00-00-00-00-00-00-00-00-00-00-00-00-00-00-00-00-00-00-00-00-00-00-00-00-00-00-00-00-00-00-00
[12:00:01:101]50-41-0E-03-01-E0 [CMD_SENT][REMOTE_GET_MODE]
[12:00:01:107][HID_TX_ack]00-19-50-49-01-C0-E7-C4-02-00-03-00-0E-83-00-50-49-0E-E5-00-00-00-00-02-00-E0-01-17-32-50-49-01-C0-7B-05-00-00-03-00-11-89-19-00-00-00-00-00-00-00-00-00-00-00-00-00-00-00-00-00-00-00-00-00-00-00
[12:00:01:107]50-49-01-C0-E7-C4-02-00-03-00-0E-83-00
[12:00:01:107]50-49-0E-E5-00-00-00-00-02-00-E0-01-
[12:00:01:107]REMOTE_GET_MODE=01
[12:00:01:107][HID_TX]00-80-07-26-91-50-41-06-04-01-00-63-00-00-00-00-00-00-00-00-00-00-00-00-00-00-00-00-00-00-00-00-00-00-00-00-00-00-00-00-00-00-00-00-00-00-00-00-00-00-00-00-00-00-00-00-00-00-00-00-00-00-00-00-00
[12:00:01:109]HidD_GetInputReport=True
[12:00:01:109]reply_report=00-4F-00-00-00-00-00-00-00-00-00-00-00-00-00-00-00-00-00-00-00-00-00-00-00-00-00-00-00-00-00-00-00-00-00-00-00-00-00-00-00-00-00-00-00-00-00-00-00-00-00-00-00-00-00-00-00-00-00-00-00-00-00-00-00
[12:00:01:109]50-41-06-04-01-00-63 [CMD_SENT][CMD_GET_IO_LEVEL]
[12:00:01:135][HID_TX_ack]00-12-50-49-01-E6-D2-91-0B-00-08-00-06-84-00-01-FF-FF-0F-00-00-00-00-02-00-E0-01-17-32-50-49-01-C0-7B-05-00-00-03-00-11-89-19-00-00-00-00-00-00-00-00-00-00-00-00-00-00-00-00-00-00-00-00-00-00-00
[12:00:01:135]50-49-01-E6-D2-91-0B-00-08-00-06-84-00-01-FF-FF-0F-00
[12:00:02:667][HID_TX]00-80-06-CA-22-50-41-0E-05-01-E0-00-00-00-00-00-00-00-00-00-00-00-00-00-00-00-00-00-00-00-00-00-00-00-00-00-00-00-00-00-00-00-00-00-00-00-00-00-00-00-00-00-00-00-00-00-00-00-00-00-00-00-00-00-00
[12:00:02:669]HidD_GetInputReport=True
[12:00:02:669]reply_report=00-4F-00-00-00-00-00-00-00-00-00-00-00-00-00-00-00-00-00-00-00-00-00-00-00-00-00-00-00-00-00-00-00-00-00-00-00-00-00-00-00-00-00-00-00-00-00-00-00-00-00-00-00-00-00-00-00-00-00-00-00-00-00-00-00
[12:00:02:669]50-41-0E-05-01-E0 [CMD_SENT][REMOTE_GET_MODE]
[12:00:02:671][HID_TX_ack]00-19-50-49-01-C0-CD-C9-02-00-03-00-0E-85-00-50-49-0E-E7-00-00-00-00-02-00-E0-01-17-32-50-49-01-C0-7B-05-00-00-03-00-11-89-19-00-00-00-00-00-00-00-00-00-00-00-00-00-00-00-00-00-00-00-00-00-00-00
[12:00:02:671]50-49-01-C0-CD-C9-02-00-03-00-0E-85-00
[12:00:02:671]50-49-0E-E7-00-00-00-00-02-00-E0-01-
[12:00:02:671]REMOTE_GET_MODE=01
[12:00:02:671][HID_TX]00-80-07-CD-BE-50-41-06-06-01-00-63-00-00-00-00-00-00-00-00-00-00-00-00-00-00-00-00-00-00-00-00-00-00-00-00-00-00-00-00-00-00-00-00-00-00-00-00-00-00-00-00-00-00-00-00-00-00-00-00-00-00-00-00-00
[12:00:02:673]HidD_GetInputReport=True
[12:00:02:673]reply_report=00-4F-00-00-00-00-00-00-00-00-00-00-00-00-00-00-00-00-00-00-00-00-00-00-00-00-00-00-00-00-00-00-00-00-00-00-00-00-00-00-00-00-00-00-00-00-00-00-00-00-00-00-00-00-00-00-00-00-00-00-00-00-00-00-00
[12:00:02:673]50-41-06-06-01-00-63 [CMD_SENT][CMD_GET_IO_LEVEL]
[12:00:02:696][HID_TX_ack]00-12-50-49-01-E8-B9-96-0B-00-08-00-06-86-00-01-FF-FF-0F-00-00-00-00-02-00-E0-01-17-32-50-49-01-C0-7B-05-00-00-03-00-11-89-19-00-00-00-00-00-00-00-00-00-00-00-00-00-00-00-00-00-00-00-00-00-00-00
[12:00:02:696]50-49-01-E8-B9-96-0B-00-08-00-06-86-00-01-FF-FF-0F-00
[12:00:04:059][HID_TX]00-80-07-A1-F9-50-41-0E-07-02-E1-00-00-00-00-00-00-00-00-00-00-00-00-00-00-00-00-00-00-00-00-00-00-00-00-00-00-00-00-00-00-00-00-00-00-00-00-00-00-00-00-00-00-00-00-00-00-00-00-00-00-00-00-00-00
[12:00:04:061]HidD_GetInputReport=True
[12:00:04:061]reply_report=00-4F-00-00-00-00-00-00-00-00-00-00-00-00-00-00-00-00-00-00-00-00-00-00-00-00-00-00-00-00-00-00-00-00-00-00-00-00-00-00-00-00-00-00-00-00-00-00-00-00-00-00-00-00-00-00-00-00-00-00-00-00-00-00-00
[12:00:04:061]50-41-0E-07-02-E1-00 [CMD_SENT][REMOTE_SET_MODE] is_remote=False
[12:00:04:063][HID_TX_ack]00-0D-50-49-01-C0-26-CE-02-00-03-00-0E-87-00-01-FF-FF-0F-00-00-00-00-02-00-E0-01-17-32-50-49-01-C0-7B-05-00-00-03-00-11-89-19-00-00-00-00-00-00-00-00-00-00-00-00-00-00-00-00-00-00-00-00-00-00-00
[12:00:04:063]50-49-01-C0-26-CE-02-00-03-00-0E-87-00
[12:00:04:064]ystech_Power_Saving, is_EnablePowerSaving=True
[12:00:04:064][HID_TX]00-85-01-73-56-02-00-00-00-00-00-00-00-00-00-00-00-00-00-00-00-00-00-00-00-00-00-00-00-00-00-00-00-00-00-00-00-00-00-00-00-00-00-00-00-00-00-00-00-00-00-00-00-00-00-00-00-00-00-00-00-00-00-00-00
[12:00:04:065]HidD_GetInputReport=True
[12:00:04:065]reply_report=00-4F-00-00-00-00-00-00-00-00-00-00-00-00-00-00-00-00-00-00-00-00-00-00-00-00-00-00-00-00-00-00-00-00-00-00-00-00-00-00-00-00-00-00-00-00-00-00-00-00-00-00-00-00-00-00-00-00-00-00-00-00-00-00-00
[12:00:04:066]HID_CMD_POWER_SAVING_Enable
[12:00:04:066]close_hid_stream
[12:00:04:066]close_hid_handle
