[11:41:17:094]\\?\hid#dell09c2&col02#5&bc4dc33&0&0001#{4d1e55b2-f16f-11cf-88cb-001111000030}
[11:41:17:094]\\?\hid#dell09c2&col03#5&bc4dc33&0&0002#{4d1e55b2-f16f-11cf-88cb-001111000030}
[11:41:17:094]\\?\hid#intc816&col01#3&207f9b7f&0&0000#{4d1e55b2-f16f-11cf-88cb-001111000030}
[11:41:17:094]\\?\hid#vid_046d&pid_0adf&mi_04#7&2ad3f249&0&0000#{4d1e55b2-f16f-11cf-88cb-001111000030}
[11:41:17:094]\\?\hid#intc816&col02#3&207f9b7f&0&0001#{4d1e55b2-f16f-11cf-88cb-001111000030}
[11:41:17:094]\\?\hid#converteddevice&col02#5&17bac0a6&0&0001#{4d1e55b2-f16f-11cf-88cb-001111000030}
[11:41:17:094]\\?\hid#converteddevice&col03#5&17bac0a6&0&0002#{4d1e55b2-f16f-11cf-88cb-001111000030}
[11:41:17:094]\\?\hid#dell09c2&col04#5&bc4dc33&0&0003#{4d1e55b2-f16f-11cf-88cb-001111000030}
[11:41:17:095]\\?\hid#dell09c2&col05#5&bc4dc33&0&0004#{4d1e55b2-f16f-11cf-88cb-001111000030}
[11:41:17:095]\\?\hid#vid_046d&pid_0adf&mi_00#7&28ee3ab8&0&0000#{4d1e55b2-f16f-11cf-88cb-001111000030}
[11:41:17:095]\\?\hid#converteddevice&col01#5&17bac0a6&0&0000#{4d1e55b2-f16f-11cf-88cb-001111000030}\kbd
[11:41:17:095]\\?\hid#dell09c2&col01#5&bc4dc33&0&0000#{4d1e55b2-f16f-11cf-88cb-001111000030}
[11:41:17:095]\\?\hid#vid_413c&pid_301a#6&3b68e75b&0&0000#{4d1e55b2-f16f-11cf-88cb-001111000030}
[11:41:17:096]try_path=\\?\hid#vid_046d&pid_0adf&mi_04#7&2ad3f249&0&0000#{4d1e55b2-f16f-11cf-88cb-001111000030}
[11:41:17:106][invalid device][System.Exception]
[11:41:17:110]   at ..connect(String path)
[11:41:17:110]close_hid_handle
[11:41:17:112][connect HID device fail : invalid device][System.Exception]
[11:41:17:112]   at ..connect(String path)
   at ..(String  )
   at ..connect(UInt16 vid, UInt16 pid,  vt)
[11:41:17:112]try_path=\\?\hid#vid_046d&pid_0adf&mi_00#7&28ee3ab8&0&0000#{4d1e55b2-f16f-11cf-88cb-001111000030}
[11:41:17:113]	InputReportByteLength=65
[11:41:17:113]	OutputReportByteLength=65
[11:41:17:113]HID_Connected=\\?\hid#vid_046d&pid_0adf&mi_00#7&28ee3ab8&0&0000#{4d1e55b2-f16f-11cf-88cb-001111000030}
[11:41:17:114][HID_TX]00-84-01-D1-55-01-00-00-00-00-00-00-00-00-00-00-00-00-00-00-00-00-00-00-00-00-00-00-00-00-00-00-00-00-00-00-00-00-00-00-00-00-00-00-00-00-00-00-00-00-00-00-00-00-00-00-00-00-00-00-00-00-00-00-00
[11:41:17:116]HidD_GetInputReport=True
[11:41:17:116]reply_report=00-4F-56-31-2E-36-2E-31-00-00-00-00-00-00-00-00-00-00-00-00-00-00-00-00-00-00-00-00-00-00-00-00-00-00-00-00-00-00-00-00-00-00-00-00-00-00-00-00-00-00-00-00-00-00-00-00-00-00-00-00-00-00-00-00-00
[11:41:17:116][ys_tech] fw_version=V1.6.1
[11:41:17:116]ystech_Power_Saving, is_EnablePowerSaving=False
[11:41:17:116][HID_TX]00-85-01-83-8B-01-00-00-00-00-00-00-00-00-00-00-00-00-00-00-00-00-00-00-00-00-00-00-00-00-00-00-00-00-00-00-00-00-00-00-00-00-00-00-00-00-00-00-00-00-00-00-00-00-00-00-00-00-00-00-00-00-00-00-00
[11:41:17:117]HidD_GetInputReport=True
[11:41:17:117]reply_report=00-4F-00-00-00-00-00-00-00-00-00-00-00-00-00-00-00-00-00-00-00-00-00-00-00-00-00-00-00-00-00-00-00-00-00-00-00-00-00-00-00-00-00-00-00-00-00-00-00-00-00-00-00-00-00-00-00-00-00-00-00-00-00-00-00
[11:41:17:117]HID_CMD_POWER_SAVING_Disable
[11:41:17:117]path_connected=\\?\hid#vid_046d&pid_0adf&mi_00#7&28ee3ab8&0&0000#{4d1e55b2-f16f-11cf-88cb-001111000030}
[11:41:18:142][HID_TX]00-80-06-1C-7D-50-41-0E-01-01-E0-00-00-00-00-00-00-00-00-00-00-00-00-00-00-00-00-00-00-00-00-00-00-00-00-00-00-00-00-00-00-00-00-00-00-00-00-00-00-00-00-00-00-00-00-00-00-00-00-00-00-00-00-00-00
[11:41:18:144]HidD_GetInputReport=True
[11:41:18:144]reply_report=00-4F-00-00-00-00-00-00-00-00-00-00-00-00-00-00-00-00-00-00-00-00-00-00-00-00-00-00-00-00-00-00-00-00-00-00-00-00-00-00-00-00-00-00-00-00-00-00-00-00-00-00-00-00-00-00-00-00-00-00-00-00-00-00-00
[11:41:18:144]50-41-0E-01-01-E0 [CMD_SENT][REMOTE_GET_MODE]
[11:41:18:152][HID_TX_ack]00-19-50-49-01-C0-87-64-03-00-03-00-0E-81-00-50-49-0E-C4-00-00-00-00-02-00-E0-00-13-45-44-30-30-30-30-33-36-31-00-00-00-00-00-00-00-00-00-00-00-00-00-00-00-00-00-00-00-00-00-00-00-00-00-00-00-00
[11:41:18:801]REMOTE_GET_MODE=00
[11:41:18:802]50-49-01-C0-87-64-03-00-03-00-0E-81-00
[11:41:18:802]50-49-0E-C4-00-00-00-00-02-00-E0-00-
[11:41:18:804][HID_TX]00-80-08-08-E6-50-41-06-02-02-00-43-01-00-00-00-00-00-00-00-00-00-00-00-00-00-00-00-00-00-00-00-00-00-00-00-00-00-00-00-00-00-00-00-00-00-00-00-00-00-00-00-00-00-00-00-00-00-00-00-00-00-00-00-00
[11:41:18:805]HidD_GetInputReport=True
[11:41:18:805]reply_report=00-4F-00-00-00-00-00-00-00-00-00-00-00-00-00-00-00-00-00-00-00-00-00-00-00-00-00-00-00-00-00-00-00-00-00-00-00-00-00-00-00-00-00-00-00-00-00-00-00-00-00-00-00-00-00-00-00-00-00-00-00-00-00-00-00
[11:41:18:805]50-41-06-02-02-00-43-01 [CMD_SENT][CMD_READ_MP_DATA_BY_ID]
[11:41:18:808][HID_TX_ack]00-13-50-49-01-C0-98-66-03-00-09-00-06-82-00-87-56-03-99-58-40-00-00-02-00-E0-00-13-45-44-30-30-30-30-33-36-31-00-00-00-00-00-00-00-00-00-00-00-00-00-00-00-00-00-00-00-00-00-00-00-00-00-00-00-00
[11:41:18:808]50-49-01-C0-98-66-03-00-09-00-06-82-00-87-56-03-99-58-40
[11:41:22:356][HID_TX]00-80-06-F7-52-50-41-0E-03-01-E0-00-00-00-00-00-00-00-00-00-00-00-00-00-00-00-00-00-00-00-00-00-00-00-00-00-00-00-00-00-00-00-00-00-00-00-00-00-00-00-00-00-00-00-00-00-00-00-00-00-00-00-00-00-00
[11:41:22:358]HidD_GetInputReport=True
[11:41:22:358]reply_report=00-4F-00-00-00-00-00-00-00-00-00-00-00-00-00-00-00-00-00-00-00-00-00-00-00-00-00-00-00-00-00-00-00-00-00-00-00-00-00-00-00-00-00-00-00-00-00-00-00-00-00-00-00-00-00-00-00-00-00-00-00-00-00-00-00
[11:41:22:358]50-41-0E-03-01-E0 [CMD_SENT][REMOTE_GET_MODE]
[11:41:22:361][HID_TX_ack]00-19-50-49-01-C0-9A-71-03-00-03-00-0E-83-00-50-49-0E-C5-00-00-00-00-02-00-E0-00-13-45-44-30-30-30-30-33-36-31-00-00-00-00-00-00-00-00-00-00-00-00-00-00-00-00-00-00-00-00-00-00-00-00-00-00-00-00
[11:41:22:361]50-49-01-C0-9A-71-03-00-03-00-0E-83-00
[11:41:22:361]50-49-0E-C5-00-00-00-00-02-00-E0-00-
[11:41:22:361]REMOTE_GET_MODE=00
[11:41:22:367][HID_TX]00-80-08-1C-C0-50-41-07-04-03-08-00-E4-00-00-00-00-00-00-00-00-00-00-00-00-00-00-00-00-00-00-00-00-00-00-00-00-00-00-00-00-00-00-00-00-00-00-00-00-00-00-00-00-00-00-00-00-00-00-00-00-00-00-00-00
[11:41:22:368]HidD_GetInputReport=True
[11:41:22:368]reply_report=00-4F-00-00-00-00-00-00-00-00-00-00-00-00-00-00-00-00-00-00-00-00-00-00-00-00-00-00-00-00-00-00-00-00-00-00-00-00-00-00-00-00-00-00-00-00-00-00-00-00-00-00-00-00-00-00-00-00-00-00-00-00-00-00-00
[11:41:22:368]50-41-07-04-03-08-00-E4 [CMD_SENT] [CMD_SENT][UNKNOW]
[11:41:22:425][HID_TX_ack]00-0F-50-49-01-C0-9A-71-03-00-05-00-07-84-08-00-00-0E-C5-00-00-00-00-02-00-E0-00-13-45-44-30-30-30-30-33-36-31-00-00-00-00-00-00-00-00-00-00-00-00-00-00-00-00-00-00-00-00-00-00-00-00-00-00-00-00
[11:41:22:425]50-49-01-C0-9A-71-03-00-05-00-07-84-08-00-00
[11:41:31:503][The device is not connected.
][System.IO.IOException]
[11:41:31:504]   at System.IO.__Error.WinIOError(Int32 errorCode, String maybeFullPath)
   at System.IO.FileStream.BeginReadCore(Byte[] bytes, Int32 offset, Int32 numBytes, AsyncCallback userCallback, Object stateObject, Int32 numBufferedBytesRead)
   at System.IO.FileStream.BeginReadAsync(Byte[] array, Int32 offset, Int32 numBytes, AsyncCallback userCallback, Object stateObject)
   at System.IO.FileStream.BeginRead(Byte[] array, Int32 offset, Int32 numBytes, AsyncCallback userCallback, Object stateObject)
   at ..()
[11:41:31:504]ystech_Power_Saving, is_EnablePowerSaving=True
[11:41:31:504][HID_TX]00-85-01-73-56-02-00-00-00-00-00-00-00-00-00-00-00-00-00-00-00-00-00-00-00-00-00-00-00-00-00-00-00-00-00-00-00-00-00-00-00-00-00-00-00-00-00-00-00-00-00-00-00-00-00-00-00-00-00-00-00-00-00-00-00
[11:41:31:510][The device is not connected.
][System.IO.IOException]
[11:41:31:511]   at System.IO.__Error.WinIOError(Int32 errorCode, String maybeFullPath)
   at System.IO.FileStream.BeginWriteCore(Byte[] bytes, Int32 offset, Int32 numBytes, AsyncCallback userCallback, Object stateObject)
   at System.IO.FileStream.WriteCore(Byte[] buffer, Int32 offset, Int32 count)
   at System.IO.FileStream.Write(Byte[] array, Int32 offset, Int32 count)
   at ..(Byte  , Byte[]  )
[11:41:31:513][connect HID device fail : The device is not connected.
][System.Exception]
[11:41:31:514]   at ..(Byte  , Byte[]  )
   at ..(Boolean  )
   at ..close()
[11:41:31:514]close_hid_stream
[11:41:31:516][External component has thrown an exception.][System.Runtime.InteropServices.SEHException]
[11:41:31:516]   at ..(IntPtr  )
   at ..close()
