[15:25:53:870]\\?\hid#dell09c2&col02#5&bc4dc33&0&0001#{4d1e55b2-f16f-11cf-88cb-001111000030}
[15:25:53:870]\\?\hid#dell09c2&col03#5&bc4dc33&0&0002#{4d1e55b2-f16f-11cf-88cb-001111000030}
[15:25:53:870]\\?\hid#intc816&col01#3&207f9b7f&0&0000#{4d1e55b2-f16f-11cf-88cb-001111000030}
[15:25:53:870]\\?\hid#intc816&col02#3&207f9b7f&0&0001#{4d1e55b2-f16f-11cf-88cb-001111000030}
[15:25:53:870]\\?\hid#converteddevice&col02#5&17bac0a6&0&0001#{4d1e55b2-f16f-11cf-88cb-001111000030}
[15:25:53:870]\\?\hid#converteddevice&col03#5&17bac0a6&0&0002#{4d1e55b2-f16f-11cf-88cb-001111000030}
[15:25:53:870]\\?\hid#dell09c2&col04#5&bc4dc33&0&0003#{4d1e55b2-f16f-11cf-88cb-001111000030}
[15:25:53:870]\\?\hid#{00001812-0000-1000-8000-00805f9b34fb}_dev_vid&0232c2_pid&0001_rev&0068_ccb624cd66b1#9&326e3aae&0&0000#{4d1e55b2-f16f-11cf-88cb-001111000030}
[15:25:53:871]\\?\hid#dell09c2&col05#5&bc4dc33&0&0004#{4d1e55b2-f16f-11cf-88cb-001111000030}
[15:25:53:871]\\?\hid#converteddevice&col01#5&17bac0a6&0&0000#{4d1e55b2-f16f-11cf-88cb-001111000030}\kbd
[15:25:53:871]\\?\hid#dell09c2&col01#5&bc4dc33&0&0000#{4d1e55b2-f16f-11cf-88cb-001111000030}
[15:25:53:871]\\?\hid#vid_046d&pid_0adf&mi_00#7&3ad8dff3&0&0000#{4d1e55b2-f16f-11cf-88cb-001111000030}
[15:25:53:871]\\?\hid#vid_046d&pid_0adf&mi_04#7&18e94d0e&0&0000#{4d1e55b2-f16f-11cf-88cb-001111000030}
[15:25:53:873]try_path=\\?\hid#vid_046d&pid_0adf&mi_00#7&3ad8dff3&0&0000#{4d1e55b2-f16f-11cf-88cb-001111000030}
[15:25:53:874]	InputReportByteLength=65
[15:25:53:874]	OutputReportByteLength=65
[15:25:53:875]HID_Connected=\\?\hid#vid_046d&pid_0adf&mi_00#7&3ad8dff3&0&0000#{4d1e55b2-f16f-11cf-88cb-001111000030}
[15:25:53:876][HID_TX]00-84-01-D1-55-01-00-00-00-00-00-00-00-00-00-00-00-00-00-00-00-00-00-00-00-00-00-00-00-00-00-00-00-00-00-00-00-00-00-00-00-00-00-00-00-00-00-00-00-00-00-00-00-00-00-00-00-00-00-00-00-00-00-00-00
[15:25:53:878]HidD_GetInputReport=True
[15:25:53:878]reply_report=00-4F-56-31-2E-38-2E-35-2E-31-00-00-00-00-00-00-00-00-00-00-00-00-00-00-00-00-00-00-00-00-00-00-00-00-00-00-00-00-00-00-00-00-00-00-00-00-00-00-00-00-00-00-00-00-00-00-00-00-00-00-00-00-00-00-00
[15:25:53:878][ys_tech] fw_version=V1.8.5.1
[15:25:53:878]ystech_Power_Saving, is_EnablePowerSaving=False
[15:25:53:878][HID_TX]00-85-01-83-8B-01-00-00-00-00-00-00-00-00-00-00-00-00-00-00-00-00-00-00-00-00-00-00-00-00-00-00-00-00-00-00-00-00-00-00-00-00-00-00-00-00-00-00-00-00-00-00-00-00-00-00-00-00-00-00-00-00-00-00-00
[15:25:53:880]HidD_GetInputReport=True
[15:25:53:880]reply_report=00-4F-00-00-00-00-00-00-00-00-00-00-00-00-00-00-00-00-00-00-00-00-00-00-00-00-00-00-00-00-00-00-00-00-00-00-00-00-00-00-00-00-00-00-00-00-00-00-00-00-00-00-00-00-00-00-00-00-00-00-00-00-00-00-00
[15:25:53:880]HID_CMD_POWER_SAVING_Disable
[15:25:53:880]path_connected=\\?\hid#vid_046d&pid_0adf&mi_00#7&3ad8dff3&0&0000#{4d1e55b2-f16f-11cf-88cb-001111000030}
[15:25:55:067][HID_TX]00-80-06-1C-7D-50-41-0E-01-01-E0-00-00-00-00-00-00-00-00-00-00-00-00-00-00-00-00-00-00-00-00-00-00-00-00-00-00-00-00-00-00-00-00-00-00-00-00-00-00-00-00-00-00-00-00-00-00-00-00-00-00-00-00-00-00
[15:25:55:067]HidD_GetInputReport=True
[15:25:55:067]reply_report=00-4F-00-00-00-00-00-00-00-00-00-00-00-00-00-00-00-00-00-00-00-00-00-00-00-00-00-00-00-00-00-00-00-00-00-00-00-00-00-00-00-00-00-00-00-00-00-00-00-00-00-00-00-00-00-00-00-00-00-00-00-00-00-00-00
[15:25:55:067]50-41-0E-01-01-E0 [CMD_SENT][REMOTE_GET_MODE]
[15:25:55:072][HID_TX_ack]00-19-50-49-01-C0-79-58-02-00-03-00-0E-81-00-50-49-0E-EF-00-00-00-00-02-00-E0-00-17-50-49-0E-E1-00-00-00-00-02-00-E0-00-00-00-00-00-00-00-00-00-00-00-00-00-00-00-00-00-00-00-00-00-00-00-00-00-00
[15:25:55:077]REMOTE_GET_MODE=00
[15:25:55:077]50-49-01-C0-79-58-02-00-03-00-0E-81-00
[15:25:55:077]50-49-0E-EF-00-00-00-00-02-00-E0-00-
[15:25:55:077][HID_TX]00-80-07-1B-E1-50-41-06-02-01-00-63-00-00-00-00-00-00-00-00-00-00-00-00-00-00-00-00-00-00-00-00-00-00-00-00-00-00-00-00-00-00-00-00-00-00-00-00-00-00-00-00-00-00-00-00-00-00-00-00-00-00-00-00-00
[15:25:55:078]HidD_GetInputReport=True
[15:25:55:078]reply_report=00-4F-00-00-00-00-00-00-00-00-00-00-00-00-00-00-00-00-00-00-00-00-00-00-00-00-00-00-00-00-00-00-00-00-00-00-00-00-00-00-00-00-00-00-00-00-00-00-00-00-00-00-00-00-00-00-00-00-00-00-00-00-00-00-00
[15:25:55:078]50-41-06-02-01-00-63 [CMD_SENT][CMD_GET_IO_LEVEL]
[15:25:55:081][HID_TX_ack]00-12-50-49-01-C0-82-58-02-00-08-00-06-82-00-01-D8-FF-1F-00-00-00-00-02-00-E0-00-17-50-49-0E-E1-00-00-00-00-02-00-E0-00-00-00-00-00-00-00-00-00-00-00-00-00-00-00-00-00-00-00-00-00-00-00-00-00-00
[15:25:55:081]50-49-01-C0-82-58-02-00-08-00-06-82-00-01-D8-FF-1F-00
[15:25:55:297][HID_TX]00-80-06-F7-52-50-41-0E-03-01-E0-00-00-00-00-00-00-00-00-00-00-00-00-00-00-00-00-00-00-00-00-00-00-00-00-00-00-00-00-00-00-00-00-00-00-00-00-00-00-00-00-00-00-00-00-00-00-00-00-00-00-00-00-00-00
[15:25:55:298]HidD_GetInputReport=True
[15:25:55:298]reply_report=00-4F-00-00-00-00-00-00-00-00-00-00-00-00-00-00-00-00-00-00-00-00-00-00-00-00-00-00-00-00-00-00-00-00-00-00-00-00-00-00-00-00-00-00-00-00-00-00-00-00-00-00-00-00-00-00-00-00-00-00-00-00-00-00-00
[15:25:55:298]50-41-0E-03-01-E0 [CMD_SENT][REMOTE_GET_MODE]
[15:25:55:301][HID_TX_ack]00-19-50-49-01-C0-31-59-02-00-03-00-0E-83-00-50-49-0E-F0-00-00-00-00-02-00-E0-00-17-50-49-0E-E1-00-00-00-00-02-00-E0-00-00-00-00-00-00-00-00-00-00-00-00-00-00-00-00-00-00-00-00-00-00-00-00-00-00
[15:25:55:301]50-49-01-C0-31-59-02-00-03-00-0E-83-00
[15:25:55:301]50-49-0E-F0-00-00-00-00-02-00-E0-00-
[15:25:55:301]REMOTE_GET_MODE=00
[15:25:55:301][HID_TX]00-80-07-26-91-50-41-06-04-01-00-63-00-00-00-00-00-00-00-00-00-00-00-00-00-00-00-00-00-00-00-00-00-00-00-00-00-00-00-00-00-00-00-00-00-00-00-00-00-00-00-00-00-00-00-00-00-00-00-00-00-00-00-00-00
[15:25:55:302]HidD_GetInputReport=True
[15:25:55:302]reply_report=00-4F-00-00-00-00-00-00-00-00-00-00-00-00-00-00-00-00-00-00-00-00-00-00-00-00-00-00-00-00-00-00-00-00-00-00-00-00-00-00-00-00-00-00-00-00-00-00-00-00-00-00-00-00-00-00-00-00-00-00-00-00-00-00-00
[15:25:55:302]50-41-06-04-01-00-63 [CMD_SENT][CMD_GET_IO_LEVEL]
[15:25:55:305][HID_TX_ack]00-12-50-49-01-C0-34-59-02-00-08-00-06-84-00-01-D8-FF-1F-00-00-00-00-02-00-E0-00-17-50-49-0E-E1-00-00-00-00-02-00-E0-00-00-00-00-00-00-00-00-00-00-00-00-00-00-00-00-00-00-00-00-00-00-00-00-00-00
[15:25:55:305]50-49-01-C0-34-59-02-00-08-00-06-84-00-01-D8-FF-1F-00
[15:25:55:529][HID_TX]00-80-06-CA-22-50-41-0E-05-01-E0-00-00-00-00-00-00-00-00-00-00-00-00-00-00-00-00-00-00-00-00-00-00-00-00-00-00-00-00-00-00-00-00-00-00-00-00-00-00-00-00-00-00-00-00-00-00-00-00-00-00-00-00-00-00
[15:25:55:529]HidD_GetInputReport=True
[15:25:55:529]reply_report=00-4F-00-00-00-00-00-00-00-00-00-00-00-00-00-00-00-00-00-00-00-00-00-00-00-00-00-00-00-00-00-00-00-00-00-00-00-00-00-00-00-00-00-00-00-00-00-00-00-00-00-00-00-00-00-00-00-00-00-00-00-00-00-00-00
[15:25:55:530]50-41-0E-05-01-E0 [CMD_SENT][REMOTE_GET_MODE]
[15:25:55:532][HID_TX_ack]00-19-50-49-01-C0-EA-59-02-00-03-00-0E-85-00-50-49-0E-F1-00-00-00-00-02-00-E0-00-17-50-49-0E-E1-00-00-00-00-02-00-E0-00-00-00-00-00-00-00-00-00-00-00-00-00-00-00-00-00-00-00-00-00-00-00-00-00-00
[15:25:55:532]50-49-01-C0-EA-59-02-00-03-00-0E-85-00
[15:25:55:532]50-49-0E-F1-00-00-00-00-02-00-E0-00-
[15:25:55:532]REMOTE_GET_MODE=00
[15:25:55:532][HID_TX]00-80-07-CD-BE-50-41-06-06-01-00-63-00-00-00-00-00-00-00-00-00-00-00-00-00-00-00-00-00-00-00-00-00-00-00-00-00-00-00-00-00-00-00-00-00-00-00-00-00-00-00-00-00-00-00-00-00-00-00-00-00-00-00-00-00
[15:25:55:533]HidD_GetInputReport=True
[15:25:55:533]reply_report=00-4F-00-00-00-00-00-00-00-00-00-00-00-00-00-00-00-00-00-00-00-00-00-00-00-00-00-00-00-00-00-00-00-00-00-00-00-00-00-00-00-00-00-00-00-00-00-00-00-00-00-00-00-00-00-00-00-00-00-00-00-00-00-00-00
[15:25:55:534]50-41-06-06-01-00-63 [CMD_SENT][CMD_GET_IO_LEVEL]
[15:25:55:537][HID_TX_ack]00-12-50-49-01-C0-EE-59-02-00-08-00-06-86-00-01-D8-FF-1F-00-00-00-00-02-00-E0-00-17-50-49-0E-E1-00-00-00-00-02-00-E0-00-00-00-00-00-00-00-00-00-00-00-00-00-00-00-00-00-00-00-00-00-00-00-00-00-00
[15:25:55:537]50-49-01-C0-EE-59-02-00-08-00-06-86-00-01-D8-FF-1F-00
[15:25:55:748][HID_TX]00-80-06-21-0D-50-41-0E-07-01-E0-00-00-00-00-00-00-00-00-00-00-00-00-00-00-00-00-00-00-00-00-00-00-00-00-00-00-00-00-00-00-00-00-00-00-00-00-00-00-00-00-00-00-00-00-00-00-00-00-00-00-00-00-00-00
[15:25:55:749]HidD_GetInputReport=True
[15:25:55:749]reply_report=00-4F-00-00-00-00-00-00-00-00-00-00-00-00-00-00-00-00-00-00-00-00-00-00-00-00-00-00-00-00-00-00-00-00-00-00-00-00-00-00-00-00-00-00-00-00-00-00-00-00-00-00-00-00-00-00-00-00-00-00-00-00-00-00-00
[15:25:55:749]50-41-0E-07-01-E0 [CMD_SENT][REMOTE_GET_MODE]
[15:25:55:752][HID_TX_ack]00-19-50-49-01-C0-99-5A-02-00-03-00-0E-87-00-50-49-0E-F2-00-00-00-00-02-00-E0-00-17-50-49-0E-E1-00-00-00-00-02-00-E0-00-00-00-00-00-00-00-00-00-00-00-00-00-00-00-00-00-00-00-00-00-00-00-00-00-00
[15:25:55:752]50-49-01-C0-99-5A-02-00-03-00-0E-87-00
[15:25:55:752]50-49-0E-F2-00-00-00-00-02-00-E0-00-
[15:25:55:752]REMOTE_GET_MODE=00
[15:25:55:752][HID_TX]00-80-07-5C-71-50-41-06-08-01-00-63-00-00-00-00-00-00-00-00-00-00-00-00-00-00-00-00-00-00-00-00-00-00-00-00-00-00-00-00-00-00-00-00-00-00-00-00-00-00-00-00-00-00-00-00-00-00-00-00-00-00-00-00-00
[15:25:55:753]HidD_GetInputReport=True
[15:25:55:753]reply_report=00-4F-00-00-00-00-00-00-00-00-00-00-00-00-00-00-00-00-00-00-00-00-00-00-00-00-00-00-00-00-00-00-00-00-00-00-00-00-00-00-00-00-00-00-00-00-00-00-00-00-00-00-00-00-00-00-00-00-00-00-00-00-00-00-00
[15:25:55:753]50-41-06-08-01-00-63 [CMD_SENT][CMD_GET_IO_LEVEL]
[15:25:55:756][HID_TX_ack]00-12-50-49-01-C0-9D-5A-02-00-08-00-06-88-00-01-D8-FF-1F-00-00-00-00-02-00-E0-00-17-50-49-0E-E1-00-00-00-00-02-00-E0-00-00-00-00-00-00-00-00-00-00-00-00-00-00-00-00-00-00-00-00-00-00-00-00-00-00
[15:25:55:756]50-49-01-C0-9D-5A-02-00-08-00-06-88-00-01-D8-FF-1F-00
[15:25:55:978][HID_TX]00-80-06-B0-C2-50-41-0E-09-01-E0-00-00-00-00-00-00-00-00-00-00-00-00-00-00-00-00-00-00-00-00-00-00-00-00-00-00-00-00-00-00-00-00-00-00-00-00-00-00-00-00-00-00-00-00-00-00-00-00-00-00-00-00-00-00
[15:25:55:980]HidD_GetInputReport=True
[15:25:55:980]reply_report=00-4F-00-00-00-00-00-00-00-00-00-00-00-00-00-00-00-00-00-00-00-00-00-00-00-00-00-00-00-00-00-00-00-00-00-00-00-00-00-00-00-00-00-00-00-00-00-00-00-00-00-00-00-00-00-00-00-00-00-00-00-00-00-00-00
[15:25:55:980]50-41-0E-09-01-E0 [CMD_SENT][REMOTE_GET_MODE]
[15:25:55:982][HID_TX_ack]00-19-50-49-01-C0-51-5B-02-00-03-00-0E-89-00-50-49-0E-F3-00-00-00-00-02-00-E0-00-17-50-49-0E-E1-00-00-00-00-02-00-E0-00-00-00-00-00-00-00-00-00-00-00-00-00-00-00-00-00-00-00-00-00-00-00-00-00-00
[15:25:55:982]50-49-01-C0-51-5B-02-00-03-00-0E-89-00
[15:25:55:982]50-49-0E-F3-00-00-00-00-02-00-E0-00-
[15:25:55:982]REMOTE_GET_MODE=00
[15:25:55:982][HID_TX]00-80-07-B7-5E-50-41-06-0A-01-00-63-00-00-00-00-00-00-00-00-00-00-00-00-00-00-00-00-00-00-00-00-00-00-00-00-00-00-00-00-00-00-00-00-00-00-00-00-00-00-00-00-00-00-00-00-00-00-00-00-00-00-00-00-00
[15:25:55:984]HidD_GetInputReport=True
[15:25:55:984]reply_report=00-4F-00-00-00-00-00-00-00-00-00-00-00-00-00-00-00-00-00-00-00-00-00-00-00-00-00-00-00-00-00-00-00-00-00-00-00-00-00-00-00-00-00-00-00-00-00-00-00-00-00-00-00-00-00-00-00-00-00-00-00-00-00-00-00
[15:25:55:984]50-41-06-0A-01-00-63 [CMD_SENT][CMD_GET_IO_LEVEL]
[15:25:55:987][HID_TX_ack]00-12-50-49-01-C0-56-5B-02-00-08-00-06-8A-00-01-D8-FF-1F-00-00-00-00-02-00-E0-00-17-50-49-0E-E1-00-00-00-00-02-00-E0-00-00-00-00-00-00-00-00-00-00-00-00-00-00-00-00-00-00-00-00-00-00-00-00-00-00
[15:25:55:987]50-49-01-C0-56-5B-02-00-08-00-06-8A-00-01-D8-FF-1F-00
[15:25:56:211][HID_TX]00-80-06-5B-ED-50-41-0E-0B-01-E0-00-00-00-00-00-00-00-00-00-00-00-00-00-00-00-00-00-00-00-00-00-00-00-00-00-00-00-00-00-00-00-00-00-00-00-00-00-00-00-00-00-00-00-00-00-00-00-00-00-00-00-00-00-00
[15:25:56:212]HidD_GetInputReport=True
[15:25:56:212]reply_report=00-4F-00-00-00-00-00-00-00-00-00-00-00-00-00-00-00-00-00-00-00-00-00-00-00-00-00-00-00-00-00-00-00-00-00-00-00-00-00-00-00-00-00-00-00-00-00-00-00-00-00-00-00-00-00-00-00-00-00-00-00-00-00-00-00
[15:25:56:213]50-41-0E-0B-01-E0 [CMD_SENT][REMOTE_GET_MODE]
[15:25:56:217][HID_TX_ack]00-19-50-49-01-C0-0C-5C-02-00-03-00-0E-8B-00-50-49-0E-F4-00-00-00-00-02-00-E0-00-17-50-49-0E-E1-00-00-00-00-02-00-E0-00-00-00-00-00-00-00-00-00-00-00-00-00-00-00-00-00-00-00-00-00-00-00-00-00-00
[15:25:56:217]50-49-01-C0-0C-5C-02-00-03-00-0E-8B-00
[15:25:56:217]50-49-0E-F4-00-00-00-00-02-00-E0-00-
[15:25:56:217]REMOTE_GET_MODE=00
[15:25:56:217][HID_TX]00-80-07-8A-2E-50-41-06-0C-01-00-63-00-00-00-00-00-00-00-00-00-00-00-00-00-00-00-00-00-00-00-00-00-00-00-00-00-00-00-00-00-00-00-00-00-00-00-00-00-00-00-00-00-00-00-00-00-00-00-00-00-00-00-00-00
[15:25:56:219]HidD_GetInputReport=True
[15:25:56:219]reply_report=00-4F-00-00-00-00-00-00-00-00-00-00-00-00-00-00-00-00-00-00-00-00-00-00-00-00-00-00-00-00-00-00-00-00-00-00-00-00-00-00-00-00-00-00-00-00-00-00-00-00-00-00-00-00-00-00-00-00-00-00-00-00-00-00-00
[15:25:56:219]50-41-06-0C-01-00-63 [CMD_SENT][CMD_GET_IO_LEVEL]
[15:25:56:222][HID_TX_ack]00-12-50-49-01-C0-12-5C-02-00-08-00-06-8C-00-01-D8-FF-1F-00-00-00-00-02-00-E0-00-17-50-49-0E-E1-00-00-00-00-02-00-E0-00-00-00-00-00-00-00-00-00-00-00-00-00-00-00-00-00-00-00-00-00-00-00-00-00-00
[15:25:56:222]50-49-01-C0-12-5C-02-00-08-00-06-8C-00-01-D8-FF-1F-00
[15:25:56:442][HID_TX]00-80-06-66-9D-50-41-0E-0D-01-E0-00-00-00-00-00-00-00-00-00-00-00-00-00-00-00-00-00-00-00-00-00-00-00-00-00-00-00-00-00-00-00-00-00-00-00-00-00-00-00-00-00-00-00-00-00-00-00-00-00-00-00-00-00-00
[15:25:56:443]HidD_GetInputReport=True
[15:25:56:443]reply_report=00-4F-00-00-00-00-00-00-00-00-00-00-00-00-00-00-00-00-00-00-00-00-00-00-00-00-00-00-00-00-00-00-00-00-00-00-00-00-00-00-00-00-00-00-00-00-00-00-00-00-00-00-00-00-00-00-00-00-00-00-00-00-00-00-00
[15:25:56:443]50-41-0E-0D-01-E0 [CMD_SENT][REMOTE_GET_MODE]
[15:25:56:446][HID_TX_ack]00-19-50-49-01-C0-C5-5C-02-00-03-00-0E-8D-00-50-49-0E-F5-00-00-00-00-02-00-E0-00-17-50-49-0E-E1-00-00-00-00-02-00-E0-00-00-00-00-00-00-00-00-00-00-00-00-00-00-00-00-00-00-00-00-00-00-00-00-00-00
[15:25:56:446]50-49-01-C0-C5-5C-02-00-03-00-0E-8D-00
[15:25:56:446]50-49-0E-F5-00-00-00-00-02-00-E0-00-
[15:25:56:446]REMOTE_GET_MODE=00
[15:25:56:446][HID_TX]00-80-07-61-01-50-41-06-0E-01-00-63-00-00-00-00-00-00-00-00-00-00-00-00-00-00-00-00-00-00-00-00-00-00-00-00-00-00-00-00-00-00-00-00-00-00-00-00-00-00-00-00-00-00-00-00-00-00-00-00-00-00-00-00-00
[15:25:56:447]HidD_GetInputReport=True
[15:25:56:447]reply_report=00-4F-00-00-00-00-00-00-00-00-00-00-00-00-00-00-00-00-00-00-00-00-00-00-00-00-00-00-00-00-00-00-00-00-00-00-00-00-00-00-00-00-00-00-00-00-00-00-00-00-00-00-00-00-00-00-00-00-00-00-00-00-00-00-00
[15:25:56:447]50-41-06-0E-01-00-63 [CMD_SENT][CMD_GET_IO_LEVEL]
[15:25:56:449][HID_TX_ack]00-12-50-49-01-C0-C8-5C-02-00-08-00-06-8E-00-01-D8-FF-1F-00-00-00-00-02-00-E0-00-17-50-49-0E-E1-00-00-00-00-02-00-E0-00-00-00-00-00-00-00-00-00-00-00-00-00-00-00-00-00-00-00-00-00-00-00-00-00-00
[15:25:56:449]50-49-01-C0-C8-5C-02-00-08-00-06-8E-00-01-D8-FF-1F-00
[15:25:56:676][HID_TX]00-80-06-8D-B2-50-41-0E-0F-01-E0-00-00-00-00-00-00-00-00-00-00-00-00-00-00-00-00-00-00-00-00-00-00-00-00-00-00-00-00-00-00-00-00-00-00-00-00-00-00-00-00-00-00-00-00-00-00-00-00-00-00-00-00-00-00
[15:25:56:677]HidD_GetInputReport=True
[15:25:56:677]reply_report=00-4F-00-00-00-00-00-00-00-00-00-00-00-00-00-00-00-00-00-00-00-00-00-00-00-00-00-00-00-00-00-00-00-00-00-00-00-00-00-00-00-00-00-00-00-00-00-00-00-00-00-00-00-00-00-00-00-00-00-00-00-00-00-00-00
[15:25:56:677]50-41-0E-0F-01-E0 [CMD_SENT][REMOTE_GET_MODE]
[15:25:56:680][HID_TX_ack]00-19-50-49-01-C0-80-5D-02-00-03-00-0E-8F-00-50-49-0E-F6-00-00-00-00-02-00-E0-00-17-50-49-0E-E1-00-00-00-00-02-00-E0-00-00-00-00-00-00-00-00-00-00-00-00-00-00-00-00-00-00-00-00-00-00-00-00-00-00
[15:25:56:680]50-49-01-C0-80-5D-02-00-03-00-0E-8F-00
[15:25:56:680]50-49-0E-F6-00-00-00-00-02-00-E0-00-
[15:25:56:680]REMOTE_GET_MODE=00
[15:25:56:680][HID_TX]00-80-07-89-A1-50-41-06-10-01-00-63-00-00-00-00-00-00-00-00-00-00-00-00-00-00-00-00-00-00-00-00-00-00-00-00-00-00-00-00-00-00-00-00-00-00-00-00-00-00-00-00-00-00-00-00-00-00-00-00-00-00-00-00-00
[15:25:56:681]HidD_GetInputReport=True
[15:25:56:681]reply_report=00-4F-00-00-00-00-00-00-00-00-00-00-00-00-00-00-00-00-00-00-00-00-00-00-00-00-00-00-00-00-00-00-00-00-00-00-00-00-00-00-00-00-00-00-00-00-00-00-00-00-00-00-00-00-00-00-00-00-00-00-00-00-00-00-00
[15:25:56:681]50-41-06-10-01-00-63 [CMD_SENT][CMD_GET_IO_LEVEL]
[15:25:56:683][HID_TX_ack]00-12-50-49-01-C0-83-5D-02-00-08-00-06-90-00-01-D8-FF-1F-00-00-00-00-02-00-E0-00-17-50-49-0E-E1-00-00-00-00-02-00-E0-00-00-00-00-00-00-00-00-00-00-00-00-00-00-00-00-00-00-00-00-00-00-00-00-00-00
[15:25:56:684]50-49-01-C0-83-5D-02-00-08-00-06-90-00-01-D8-FF-1F-00
[15:25:56:893][HID_TX]00-80-06-65-12-50-41-0E-11-01-E0-00-00-00-00-00-00-00-00-00-00-00-00-00-00-00-00-00-00-00-00-00-00-00-00-00-00-00-00-00-00-00-00-00-00-00-00-00-00-00-00-00-00-00-00-00-00-00-00-00-00-00-00-00-00
[15:25:56:895]HidD_GetInputReport=True
[15:25:56:895]reply_report=00-4F-00-00-00-00-00-00-00-00-00-00-00-00-00-00-00-00-00-00-00-00-00-00-00-00-00-00-00-00-00-00-00-00-00-00-00-00-00-00-00-00-00-00-00-00-00-00-00-00-00-00-00-00-00-00-00-00-00-00-00-00-00-00-00
[15:25:56:895]50-41-0E-11-01-E0 [CMD_SENT][REMOTE_GET_MODE]
[15:25:56:897][HID_TX_ack]00-19-50-49-01-C0-2E-5E-02-00-03-00-0E-91-00-50-49-0E-F7-00-00-00-00-02-00-E0-00-17-50-49-0E-E1-00-00-00-00-02-00-E0-00-00-00-00-00-00-00-00-00-00-00-00-00-00-00-00-00-00-00-00-00-00-00-00-00-00
[15:25:56:898]50-49-01-C0-2E-5E-02-00-03-00-0E-91-00
[15:25:56:898]50-49-0E-F7-00-00-00-00-02-00-E0-00-
[15:25:56:898]REMOTE_GET_MODE=00
[15:25:56:898][HID_TX]00-80-07-62-8E-50-41-06-12-01-00-63-00-00-00-00-00-00-00-00-00-00-00-00-00-00-00-00-00-00-00-00-00-00-00-00-00-00-00-00-00-00-00-00-00-00-00-00-00-00-00-00-00-00-00-00-00-00-00-00-00-00-00-00-00
[15:25:56:899]HidD_GetInputReport=True
[15:25:56:899]reply_report=00-4F-00-00-00-00-00-00-00-00-00-00-00-00-00-00-00-00-00-00-00-00-00-00-00-00-00-00-00-00-00-00-00-00-00-00-00-00-00-00-00-00-00-00-00-00-00-00-00-00-00-00-00-00-00-00-00-00-00-00-00-00-00-00-00
[15:25:56:899]50-41-06-12-01-00-63 [CMD_SENT][CMD_GET_IO_LEVEL]
[15:25:56:902][HID_TX_ack]00-12-50-49-01-C0-32-5E-02-00-08-00-06-92-00-01-D8-FF-1F-00-00-00-00-02-00-E0-00-17-50-49-0E-E1-00-00-00-00-02-00-E0-00-00-00-00-00-00-00-00-00-00-00-00-00-00-00-00-00-00-00-00-00-00-00-00-00-00
[15:25:56:902]50-49-01-C0-32-5E-02-00-08-00-06-92-00-01-D8-FF-1F-00
[15:25:57:126][HID_TX]00-80-06-8E-3D-50-41-0E-13-01-E0-00-00-00-00-00-00-00-00-00-00-00-00-00-00-00-00-00-00-00-00-00-00-00-00-00-00-00-00-00-00-00-00-00-00-00-00-00-00-00-00-00-00-00-00-00-00-00-00-00-00-00-00-00-00
[15:25:57:127]HidD_GetInputReport=True
[15:25:57:127]reply_report=00-4F-00-00-00-00-00-00-00-00-00-00-00-00-00-00-00-00-00-00-00-00-00-00-00-00-00-00-00-00-00-00-00-00-00-00-00-00-00-00-00-00-00-00-00-00-00-00-00-00-00-00-00-00-00-00-00-00-00-00-00-00-00-00-00
[15:25:57:127]50-41-0E-13-01-E0 [CMD_SENT][REMOTE_GET_MODE]
[15:25:57:130][HID_TX_ack]00-19-50-49-01-C0-E8-5E-02-00-03-00-0E-93-00-50-49-0E-F8-00-00-00-00-02-00-E0-00-17-50-49-0E-E1-00-00-00-00-02-00-E0-00-00-00-00-00-00-00-00-00-00-00-00-00-00-00-00-00-00-00-00-00-00-00-00-00-00
[15:25:57:130]50-49-01-C0-E8-5E-02-00-03-00-0E-93-00
[15:25:57:130]50-49-0E-F8-00-00-00-00-02-00-E0-00-
[15:25:57:130]REMOTE_GET_MODE=00
[15:25:57:130][HID_TX]00-80-07-5F-FE-50-41-06-14-01-00-63-00-00-00-00-00-00-00-00-00-00-00-00-00-00-00-00-00-00-00-00-00-00-00-00-00-00-00-00-00-00-00-00-00-00-00-00-00-00-00-00-00-00-00-00-00-00-00-00-00-00-00-00-00
[15:25:57:131]HidD_GetInputReport=True
[15:25:57:131]reply_report=00-4F-00-00-00-00-00-00-00-00-00-00-00-00-00-00-00-00-00-00-00-00-00-00-00-00-00-00-00-00-00-00-00-00-00-00-00-00-00-00-00-00-00-00-00-00-00-00-00-00-00-00-00-00-00-00-00-00-00-00-00-00-00-00-00
[15:25:57:131]50-41-06-14-01-00-63 [CMD_SENT][CMD_GET_IO_LEVEL]
[15:25:57:134][HID_TX_ack]00-12-50-49-01-C0-EB-5E-02-00-08-00-06-94-00-01-D8-FF-1F-00-00-00-00-02-00-E0-00-17-50-49-0E-E1-00-00-00-00-02-00-E0-00-00-00-00-00-00-00-00-00-00-00-00-00-00-00-00-00-00-00-00-00-00-00-00-00-00
[15:25:57:134]50-49-01-C0-EB-5E-02-00-08-00-06-94-00-01-D8-FF-1F-00
[15:25:57:345][HID_TX]00-80-06-B3-4D-50-41-0E-15-01-E0-00-00-00-00-00-00-00-00-00-00-00-00-00-00-00-00-00-00-00-00-00-00-00-00-00-00-00-00-00-00-00-00-00-00-00-00-00-00-00-00-00-00-00-00-00-00-00-00-00-00-00-00-00-00
[15:25:57:346]HidD_GetInputReport=True
[15:25:57:346]reply_report=00-4F-00-00-00-00-00-00-00-00-00-00-00-00-00-00-00-00-00-00-00-00-00-00-00-00-00-00-00-00-00-00-00-00-00-00-00-00-00-00-00-00-00-00-00-00-00-00-00-00-00-00-00-00-00-00-00-00-00-00-00-00-00-00-00
[15:25:57:346]50-41-0E-15-01-E0 [CMD_SENT][REMOTE_GET_MODE]
[15:25:57:349][HID_TX_ack]00-19-50-49-01-C0-97-5F-02-00-03-00-0E-95-00-50-49-0E-F9-00-00-00-00-02-00-E0-00-17-50-49-0E-E1-00-00-00-00-02-00-E0-00-00-00-00-00-00-00-00-00-00-00-00-00-00-00-00-00-00-00-00-00-00-00-00-00-00
[15:25:57:349]50-49-01-C0-97-5F-02-00-03-00-0E-95-00
[15:25:57:349]50-49-0E-F9-00-00-00-00-02-00-E0-00-
[15:25:57:349]REMOTE_GET_MODE=00
[15:25:57:349][HID_TX]00-80-07-B4-D1-50-41-06-16-01-00-63-00-00-00-00-00-00-00-00-00-00-00-00-00-00-00-00-00-00-00-00-00-00-00-00-00-00-00-00-00-00-00-00-00-00-00-00-00-00-00-00-00-00-00-00-00-00-00-00-00-00-00-00-00
[15:25:57:350]HidD_GetInputReport=True
[15:25:57:350]reply_report=00-4F-00-00-00-00-00-00-00-00-00-00-00-00-00-00-00-00-00-00-00-00-00-00-00-00-00-00-00-00-00-00-00-00-00-00-00-00-00-00-00-00-00-00-00-00-00-00-00-00-00-00-00-00-00-00-00-00-00-00-00-00-00-00-00
[15:25:57:350]50-41-06-16-01-00-63 [CMD_SENT][CMD_GET_IO_LEVEL]
[15:25:57:353][HID_TX_ack]00-12-50-49-01-C0-9A-5F-02-00-08-00-06-96-00-01-D8-FF-1F-00-00-00-00-02-00-E0-00-17-50-49-0E-E1-00-00-00-00-02-00-E0-00-00-00-00-00-00-00-00-00-00-00-00-00-00-00-00-00-00-00-00-00-00-00-00-00-00
[15:25:57:353]50-49-01-C0-9A-5F-02-00-08-00-06-96-00-01-D8-FF-1F-00
[15:25:57:578][HID_TX]00-80-06-58-62-50-41-0E-17-01-E0-00-00-00-00-00-00-00-00-00-00-00-00-00-00-00-00-00-00-00-00-00-00-00-00-00-00-00-00-00-00-00-00-00-00-00-00-00-00-00-00-00-00-00-00-00-00-00-00-00-00-00-00-00-00
[15:25:57:579]HidD_GetInputReport=True
[15:25:57:579]reply_report=00-4F-00-00-00-00-00-00-00-00-00-00-00-00-00-00-00-00-00-00-00-00-00-00-00-00-00-00-00-00-00-00-00-00-00-00-00-00-00-00-00-00-00-00-00-00-00-00-00-00-00-00-00-00-00-00-00-00-00-00-00-00-00-00-00
[15:25:57:579]50-41-0E-17-01-E0 [CMD_SENT][REMOTE_GET_MODE]
[15:25:57:582][HID_TX_ack]00-19-50-49-01-C0-51-60-02-00-03-00-0E-97-00-50-49-0E-FA-00-00-00-00-02-00-E0-00-17-50-49-0E-E1-00-00-00-00-02-00-E0-00-00-00-00-00-00-00-00-00-00-00-00-00-00-00-00-00-00-00-00-00-00-00-00-00-00
[15:25:57:582]50-49-01-C0-51-60-02-00-03-00-0E-97-00
[15:25:57:582]50-49-0E-FA-00-00-00-00-02-00-E0-00-
[15:25:57:582]REMOTE_GET_MODE=00
[15:25:57:582][HID_TX]00-80-07-25-1E-50-41-06-18-01-00-63-00-00-00-00-00-00-00-00-00-00-00-00-00-00-00-00-00-00-00-00-00-00-00-00-00-00-00-00-00-00-00-00-00-00-00-00-00-00-00-00-00-00-00-00-00-00-00-00-00-00-00-00-00
[15:25:57:583]HidD_GetInputReport=True
[15:25:57:583]reply_report=00-4F-00-00-00-00-00-00-00-00-00-00-00-00-00-00-00-00-00-00-00-00-00-00-00-00-00-00-00-00-00-00-00-00-00-00-00-00-00-00-00-00-00-00-00-00-00-00-00-00-00-00-00-00-00-00-00-00-00-00-00-00-00-00-00
[15:25:57:583]50-41-06-18-01-00-63 [CMD_SENT][CMD_GET_IO_LEVEL]
[15:25:57:586][HID_TX_ack]00-12-50-49-01-C0-55-60-02-00-08-00-06-98-00-01-D8-FF-1F-00-00-00-00-02-00-E0-00-17-50-49-0E-E1-00-00-00-00-02-00-E0-00-00-00-00-00-00-00-00-00-00-00-00-00-00-00-00-00-00-00-00-00-00-00-00-00-00
[15:25:57:586]50-49-01-C0-55-60-02-00-08-00-06-98-00-01-D8-FF-1F-00
[15:25:57:809][HID_TX]00-80-06-C9-AD-50-41-0E-19-01-E0-00-00-00-00-00-00-00-00-00-00-00-00-00-00-00-00-00-00-00-00-00-00-00-00-00-00-00-00-00-00-00-00-00-00-00-00-00-00-00-00-00-00-00-00-00-00-00-00-00-00-00-00-00-00
[15:25:57:812]HidD_GetInputReport=True
[15:25:57:812]reply_report=00-4F-00-00-00-00-00-00-00-00-00-00-00-00-00-00-00-00-00-00-00-00-00-00-00-00-00-00-00-00-00-00-00-00-00-00-00-00-00-00-00-00-00-00-00-00-00-00-00-00-00-00-00-00-00-00-00-00-00-00-00-00-00-00-00
[15:25:57:812]50-41-0E-19-01-E0 [CMD_SENT][REMOTE_GET_MODE]
[15:25:57:813][HID_TX_ack]00-19-50-49-01-C0-0B-61-02-00-03-00-0E-99-00-50-49-0E-FB-00-00-00-00-02-00-E0-00-17-50-49-0E-E1-00-00-00-00-02-00-E0-00-00-00-00-00-00-00-00-00-00-00-00-00-00-00-00-00-00-00-00-00-00-00-00-00-00
[15:25:57:813]50-49-01-C0-0B-61-02-00-03-00-0E-99-00
[15:25:57:815]50-49-0E-FB-00-00-00-00-02-00-E0-00-
[15:25:57:815]REMOTE_GET_MODE=00
[15:25:57:815][HID_TX]00-80-07-CE-31-50-41-06-1A-01-00-63-00-00-00-00-00-00-00-00-00-00-00-00-00-00-00-00-00-00-00-00-00-00-00-00-00-00-00-00-00-00-00-00-00-00-00-00-00-00-00-00-00-00-00-00-00-00-00-00-00-00-00-00-00
[15:25:57:817]HidD_GetInputReport=True
[15:25:57:817]reply_report=00-4F-00-00-00-00-00-00-00-00-00-00-00-00-00-00-00-00-00-00-00-00-00-00-00-00-00-00-00-00-00-00-00-00-00-00-00-00-00-00-00-00-00-00-00-00-00-00-00-00-00-00-00-00-00-00-00-00-00-00-00-00-00-00-00
[15:25:57:817]50-41-06-1A-01-00-63 [CMD_SENT][CMD_GET_IO_LEVEL]
[15:25:57:820][HID_TX_ack]00-12-50-49-01-C0-10-61-02-00-08-00-06-9A-00-01-D8-FF-1F-00-00-00-00-02-00-E0-00-17-50-49-0E-E1-00-00-00-00-02-00-E0-00-00-00-00-00-00-00-00-00-00-00-00-00-00-00-00-00-00-00-00-00-00-00-00-00-00
[15:25:57:820]50-49-01-C0-10-61-02-00-08-00-06-9A-00-01-D8-FF-1F-00
[15:25:58:041][HID_TX]00-80-06-22-82-50-41-0E-1B-01-E0-00-00-00-00-00-00-00-00-00-00-00-00-00-00-00-00-00-00-00-00-00-00-00-00-00-00-00-00-00-00-00-00-00-00-00-00-00-00-00-00-00-00-00-00-00-00-00-00-00-00-00-00-00-00
[15:25:58:042]HidD_GetInputReport=True
[15:25:58:043]reply_report=00-4F-00-00-00-00-00-00-00-00-00-00-00-00-00-00-00-00-00-00-00-00-00-00-00-00-00-00-00-00-00-00-00-00-00-00-00-00-00-00-00-00-00-00-00-00-00-00-00-00-00-00-00-00-00-00-00-00-00-00-00-00-00-00-00
[15:25:58:043]50-41-0E-1B-01-E0 [CMD_SENT][REMOTE_GET_MODE]
[15:25:58:045][HID_TX_ack]00-19-50-49-01-C0-C4-61-02-00-03-00-0E-9B-00-50-49-0E-FC-00-00-00-00-02-00-E0-00-17-50-49-0E-E1-00-00-00-00-02-00-E0-00-00-00-00-00-00-00-00-00-00-00-00-00-00-00-00-00-00-00-00-00-00-00-00-00-00
[15:25:58:045]50-49-01-C0-C4-61-02-00-03-00-0E-9B-00
[15:25:58:045]50-49-0E-FC-00-00-00-00-02-00-E0-00-
[15:25:58:045]REMOTE_GET_MODE=00
[15:25:58:045][HID_TX]00-80-07-F3-41-50-41-06-1C-01-00-63-00-00-00-00-00-00-00-00-00-00-00-00-00-00-00-00-00-00-00-00-00-00-00-00-00-00-00-00-00-00-00-00-00-00-00-00-00-00-00-00-00-00-00-00-00-00-00-00-00-00-00-00-00
[15:25:58:047]HidD_GetInputReport=True
[15:25:58:047]reply_report=00-4F-00-00-00-00-00-00-00-00-00-00-00-00-00-00-00-00-00-00-00-00-00-00-00-00-00-00-00-00-00-00-00-00-00-00-00-00-00-00-00-00-00-00-00-00-00-00-00-00-00-00-00-00-00-00-00-00-00-00-00-00-00-00-00
[15:25:58:047]50-41-06-1C-01-00-63 [CMD_SENT][CMD_GET_IO_LEVEL]
[15:25:58:049][HID_TX_ack]00-12-50-49-01-C0-C7-61-02-00-08-00-06-9C-00-01-D8-FF-1F-00-00-00-00-02-00-E0-00-17-50-49-0E-E1-00-00-00-00-02-00-E0-00-00-00-00-00-00-00-00-00-00-00-00-00-00-00-00-00-00-00-00-00-00-00-00-00-00
[15:25:58:049]50-49-01-C0-C7-61-02-00-08-00-06-9C-00-01-D8-FF-1F-00
