[15:53:39:321]\\?\hid#dell09c2&col02#5&bc4dc33&0&0001#{4d1e55b2-f16f-11cf-88cb-001111000030}
[15:53:39:321]\\?\hid#dell09c2&col03#5&bc4dc33&0&0002#{4d1e55b2-f16f-11cf-88cb-001111000030}
[15:53:39:321]\\?\hid#intc816&col01#3&207f9b7f&0&0000#{4d1e55b2-f16f-11cf-88cb-001111000030}
[15:53:39:321]\\?\hid#intc816&col02#3&207f9b7f&0&0001#{4d1e55b2-f16f-11cf-88cb-001111000030}
[15:53:39:321]\\?\hid#converteddevice&col02#5&17bac0a6&0&0001#{4d1e55b2-f16f-11cf-88cb-001111000030}
[15:53:39:321]\\?\hid#converteddevice&col03#5&17bac0a6&0&0002#{4d1e55b2-f16f-11cf-88cb-001111000030}
[15:53:39:321]\\?\hid#dell09c2&col04#5&bc4dc33&0&0003#{4d1e55b2-f16f-11cf-88cb-001111000030}
[15:53:39:321]\\?\hid#{00001812-0000-1000-8000-00805f9b34fb}_dev_vid&0232c2_pid&0001_rev&0068_ccb624cd66b1#9&326e3aae&0&0000#{4d1e55b2-f16f-11cf-88cb-001111000030}
[15:53:39:321]\\?\hid#dell09c2&col05#5&bc4dc33&0&0004#{4d1e55b2-f16f-11cf-88cb-001111000030}
[15:53:39:321]\\?\hid#converteddevice&col01#5&17bac0a6&0&0000#{4d1e55b2-f16f-11cf-88cb-001111000030}\kbd
[15:53:39:322]\\?\hid#dell09c2&col01#5&bc4dc33&0&0000#{4d1e55b2-f16f-11cf-88cb-001111000030}
[15:53:39:322]\\?\hid#vid_046d&pid_0adf&mi_00#7&3ad8dff3&0&0000#{4d1e55b2-f16f-11cf-88cb-001111000030}
[15:53:39:322]\\?\hid#vid_046d&pid_0adf&mi_04#7&18e94d0e&0&0000#{4d1e55b2-f16f-11cf-88cb-001111000030}
[15:53:39:323]try_path=\\?\hid#vid_046d&pid_0adf&mi_00#7&3ad8dff3&0&0000#{4d1e55b2-f16f-11cf-88cb-001111000030}
[15:53:39:325]	InputReportByteLength=65
[15:53:39:325]	OutputReportByteLength=65
[15:53:39:326]HID_Connected=\\?\hid#vid_046d&pid_0adf&mi_00#7&3ad8dff3&0&0000#{4d1e55b2-f16f-11cf-88cb-001111000030}
[15:53:39:327][HID_TX]00-84-01-D1-55-01-00-00-00-00-00-00-00-00-00-00-00-00-00-00-00-00-00-00-00-00-00-00-00-00-00-00-00-00-00-00-00-00-00-00-00-00-00-00-00-00-00-00-00-00-00-00-00-00-00-00-00-00-00-00-00-00-00-00-00
[15:53:39:329]HidD_GetInputReport=True
[15:53:39:329]reply_report=00-4F-56-31-2E-38-2E-35-2E-31-00-00-00-00-00-00-00-00-00-00-00-00-00-00-00-00-00-00-00-00-00-00-00-00-00-00-00-00-00-00-00-00-00-00-00-00-00-00-00-00-00-00-00-00-00-00-00-00-00-00-00-00-00-00-00
[15:53:39:329][ys_tech] fw_version=V1.8.5.1
[15:53:39:330]ystech_Power_Saving, is_EnablePowerSaving=False
[15:53:39:330][HID_TX]00-85-01-83-8B-01-00-00-00-00-00-00-00-00-00-00-00-00-00-00-00-00-00-00-00-00-00-00-00-00-00-00-00-00-00-00-00-00-00-00-00-00-00-00-00-00-00-00-00-00-00-00-00-00-00-00-00-00-00-00-00-00-00-00-00
[15:53:39:332]HidD_GetInputReport=True
[15:53:39:332]reply_report=00-46-00-00-00-00-00-00-00-00-00-00-00-00-00-00-00-00-00-00-00-00-00-00-00-00-00-00-00-00-00-00-00-00-00-00-00-00-00-00-00-00-00-00-00-00-00-00-00-00-00-00-00-00-00-00-00-00-00-00-00-00-00-00-00
[15:53:39:349][Response Fail][System.Exception]
[15:53:39:354]   at ..(Boolean  )
   at ..(Byte  , Byte[]  )
[15:53:39:405]_ystech_retry_count=1
[15:53:39:405][HID_TX]00-85-01-83-8B-01-00-00-00-00-00-00-00-00-00-00-00-00-00-00-00-00-00-00-00-00-00-00-00-00-00-00-00-00-00-00-00-00-00-00-00-00-00-00-00-00-00-00-00-00-00-00-00-00-00-00-00-00-00-00-00-00-00-00-00
[15:53:39:406]HidD_GetInputReport=True
[15:53:39:406]reply_report=00-4F-00-00-00-00-00-00-00-00-00-00-00-00-00-00-00-00-00-00-00-00-00-00-00-00-00-00-00-00-00-00-00-00-00-00-00-00-00-00-00-00-00-00-00-00-00-00-00-00-00-00-00-00-00-00-00-00-00-00-00-00-00-00-00
[15:53:39:406]HID_CMD_POWER_SAVING_Disable
[15:53:39:406]path_connected=\\?\hid#vid_046d&pid_0adf&mi_00#7&3ad8dff3&0&0000#{4d1e55b2-f16f-11cf-88cb-001111000030}
[15:53:40:594][HID_TX]00-80-06-1C-7D-50-41-0E-01-01-E0-00-00-00-00-00-00-00-00-00-00-00-00-00-00-00-00-00-00-00-00-00-00-00-00-00-00-00-00-00-00-00-00-00-00-00-00-00-00-00-00-00-00-00-00-00-00-00-00-00-00-00-00-00-00
[15:53:40:595]HidD_GetInputReport=True
[15:53:40:595]reply_report=00-4F-00-00-00-00-00-00-00-00-00-00-00-00-00-00-00-00-00-00-00-00-00-00-00-00-00-00-00-00-00-00-00-00-00-00-00-00-00-00-00-00-00-00-00-00-00-00-00-00-00-00-00-00-00-00-00-00-00-00-00-00-00-00-00
[15:53:40:595]50-41-0E-01-01-E0 [CMD_SENT][REMOTE_GET_MODE]
[15:53:40:600][HID_TX_ack]00-19-50-49-01-C0-24-DD-01-00-03-00-0E-81-00-50-49-0E-FF-00-00-00-00-02-00-E0-00-17-32-00-00-00-00-00-00-00-00-00-00-00-00-00-00-00-00-00-00-00-00-00-00-00-00-00-00-00-00-00-00-00-00-00-00-00-00
[15:53:40:604]REMOTE_GET_MODE=00
[15:53:40:604]50-49-01-C0-24-DD-01-00-03-00-0E-81-00
[15:53:40:604]50-49-0E-FF-00-00-00-00-02-00-E0-00-
[15:53:40:605][HID_TX]00-80-07-F5-A5-50-41-0E-02-02-E1-01-00-00-00-00-00-00-00-00-00-00-00-00-00-00-00-00-00-00-00-00-00-00-00-00-00-00-00-00-00-00-00-00-00-00-00-00-00-00-00-00-00-00-00-00-00-00-00-00-00-00-00-00-00
[15:53:40:606]HidD_GetInputReport=True
[15:53:40:606]reply_report=00-4F-00-00-00-00-00-00-00-00-00-00-00-00-00-00-00-00-00-00-00-00-00-00-00-00-00-00-00-00-00-00-00-00-00-00-00-00-00-00-00-00-00-00-00-00-00-00-00-00-00-00-00-00-00-00-00-00-00-00-00-00-00-00-00
[15:53:40:606]50-41-0E-02-02-E1-01 [CMD_SENT][REMOTE_SET_MODE] is_remote=True
[15:53:40:608][HID_TX_ack]00-0D-50-49-01-C0-2D-DD-01-00-03-00-0E-82-00-50-49-0E-FF-00-00-00-00-02-00-E0-00-17-32-00-00-00-00-00-00-00-00-00-00-00-00-00-00-00-00-00-00-00-00-00-00-00-00-00-00-00-00-00-00-00-00-00-00-00-00
[15:53:40:609]50-49-01-C0-2D-DD-01-00-03-00-0E-82-00
[15:53:40:609][HID_TX]00-80-13-A8-D9-50-41-06-03-0D-00-25-34-12-5A-5A-01-00-00-00-F0-00-00-00-00-00-00-00-00-00-00-00-00-00-00-00-00-00-00-00-00-00-00-00-00-00-00-00-00-00-00-00-00-00-00-00-00-00-00-00-00-00-00-00-00
[15:53:40:610]HidD_GetInputReport=True
[15:53:40:610]reply_report=00-4F-00-00-00-00-00-00-00-00-00-00-00-00-00-00-00-00-00-00-00-00-00-00-00-00-00-00-00-00-00-00-00-00-00-00-00-00-00-00-00-00-00-00-00-00-00-00-00-00-00-00-00-00-00-00-00-00-00-00-00-00-00-00-00
[15:53:40:610]50-41-06-03-0D-00-25-34-12-5A-5A-01-00-00-00-F0-00-00-00 [CMD_SENT][OTA_CMD_IOCTL][READ_MAX_LEN]
[15:53:40:642][HID_TX_ack]00-11-50-49-01-C0-B1-36-0D-00-07-00-06-83-00-F0-00-00-00-00-00-00-00-02-00-E0-00-17-32-00-00-00-00-00-00-00-00-00-00-00-00-00-00-00-00-00-00-00-00-00-00-00-00-00-00-00-00-00-00-00-00-00-00-00-00
[15:53:40:642]50-49-01-C0-B1-36-0D-00-07-00-06-83-00-F0-00-00-00
[15:53:40:642][HID_TX]00-80-06-2F-BD-50-41-0E-04-01-E0-00-00-00-00-00-00-00-00-00-00-00-00-00-00-00-00-00-00-00-00-00-00-00-00-00-00-00-00-00-00-00-00-00-00-00-00-00-00-00-00-00-00-00-00-00-00-00-00-00-00-00-00-00-00
[15:53:40:643]HidD_GetInputReport=True
[15:53:40:643]reply_report=00-4F-00-00-00-00-00-00-00-00-00-00-00-00-00-00-00-00-00-00-00-00-00-00-00-00-00-00-00-00-00-00-00-00-00-00-00-00-00-00-00-00-00-00-00-00-00-00-00-00-00-00-00-00-00-00-00-00-00-00-00-00-00-00-00
[15:53:40:643]50-41-0E-04-01-E0 [CMD_SENT][REMOTE_GET_MODE]
[15:53:40:646][HID_TX_ack]00-19-50-49-01-C0-4A-DD-01-00-03-00-0E-84-00-50-49-0E-C1-00-00-00-00-02-00-E0-01-17-32-00-00-00-00-00-00-00-00-00-00-00-00-00-00-00-00-00-00-00-00-00-00-00-00-00-00-00-00-00-00-00-00-00-00-00-00
[15:53:40:647]50-49-01-C0-4A-DD-01-00-03-00-0E-84-00
[15:53:40:647]50-49-0E-C1-00-00-00-00-02-00-E0-01-
[15:53:40:647]REMOTE_GET_MODE=01
[15:53:40:647][HID_TX]00-80-07-C3-0E-50-41-06-05-01-00-63-00-00-00-00-00-00-00-00-00-00-00-00-00-00-00-00-00-00-00-00-00-00-00-00-00-00-00-00-00-00-00-00-00-00-00-00-00-00-00-00-00-00-00-00-00-00-00-00-00-00-00-00-00
[15:53:40:648]HidD_GetInputReport=True
[15:53:40:648]reply_report=00-4F-00-00-00-00-00-00-00-00-00-00-00-00-00-00-00-00-00-00-00-00-00-00-00-00-00-00-00-00-00-00-00-00-00-00-00-00-00-00-00-00-00-00-00-00-00-00-00-00-00-00-00-00-00-00-00-00-00-00-00-00-00-00-00
[15:53:40:648]50-41-06-05-01-00-63 [CMD_SENT][CMD_GET_IO_LEVEL]
[15:53:40:660][HID_TX_ack]00-12-50-49-01-C2-C3-36-0D-00-08-00-06-85-00-01-FF-FF-0E-00-00-00-00-02-00-E0-01-17-32-00-00-00-00-00-00-00-00-00-00-00-00-00-00-00-00-00-00-00-00-00-00-00-00-00-00-00-00-00-00-00-00-00-00-00-00
[15:53:40:660]50-49-01-C2-C3-36-0D-00-08-00-06-85-00-01-FF-FF-0E-00
[15:53:42:321][HID_TX_ack]00-0D-50-49-11-C3-74-DE-01-00-03-00-20-EA-00-01-FF-FF-0E-00-00-00-00-02-00-E0-01-17-32-00-00-00-00-00-00-00-00-00-00-00-00-00-00-00-00-00-00-00-00-00-00-00-00-00-00-00-00-00-00-00-00-00-00-00-00
[15:53:42:321]50-49-11-C3-74-DE-01-00-03-00-20-EA-00
[15:53:42:322][HID_TX_ack]00-1A-50-49-01-C0-8E-DE-01-00-03-00-11-D0-18-50-49-01-C0-8F-DE-01-00-03-00-11-D1-17-32-00-00-00-00-00-00-00-00-00-00-00-00-00-00-00-00-00-00-00-00-00-00-00-00-00-00-00-00-00-00-00-00-00-00-00-00
[15:53:42:322]50-49-01-C0-8E-DE-01-00-03-00-11-D0-18
[15:53:42:322]50-49-01-C0-8F-DE-01-00-03-00-11-D1-17
[15:53:42:323][HID_TX_ack]00-0D-50-49-11-C4-90-DE-01-00-03-00-20-00-00-50-49-01-C0-8F-DE-01-00-03-00-11-D1-17-32-00-00-00-00-00-00-00-00-00-00-00-00-00-00-00-00-00-00-00-00-00-00-00-00-00-00-00-00-00-00-00-00-00-00-00-00
[15:53:42:323]50-49-11-C4-90-DE-01-00-03-00-20-00-00
[15:53:42:323][HID_TX_ack]00-0D-50-49-01-C0-9E-DE-01-00-03-00-11-D2-16-50-49-01-C0-8F-DE-01-00-03-00-11-D1-17-32-00-00-00-00-00-00-00-00-00-00-00-00-00-00-00-00-00-00-00-00-00-00-00-00-00-00-00-00-00-00-00-00-00-00-00-00
[15:53:42:323]50-49-01-C0-9E-DE-01-00-03-00-11-D2-16
[15:53:42:529][HID_TX]00-80-06-C4-92-50-41-0E-06-01-E0-00-00-00-00-00-00-00-00-00-00-00-00-00-00-00-00-00-00-00-00-00-00-00-00-00-00-00-00-00-00-00-00-00-00-00-00-00-00-00-00-00-00-00-00-00-00-00-00-00-00-00-00-00-00
[15:53:42:529]HidD_GetInputReport=True
[15:53:42:529]reply_report=00-4F-00-00-00-00-00-00-00-00-00-00-00-00-00-00-00-00-00-00-00-00-00-00-00-00-00-00-00-00-00-00-00-00-00-00-00-00-00-00-00-00-00-00-00-00-00-00-00-00-00-00-00-00-00-00-00-00-00-00-00-00-00-00-00
[15:53:42:529]50-41-0E-06-01-E0 [CMD_SENT][REMOTE_GET_MODE]
[15:53:42:532][HID_TX_ack]00-19-50-49-01-C0-30-E3-01-00-03-00-0E-86-00-50-49-0E-C5-00-00-00-00-02-00-E0-01-17-32-00-00-00-00-00-00-00-00-00-00-00-00-00-00-00-00-00-00-00-00-00-00-00-00-00-00-00-00-00-00-00-00-00-00-00-00
[15:53:42:532]50-49-01-C0-30-E3-01-00-03-00-0E-86-00
[15:53:42:532]50-49-0E-C5-00-00-00-00-02-00-E0-01-
[15:53:42:532]REMOTE_GET_MODE=01
[15:53:42:532][HID_TX]00-80-07-28-21-50-41-06-07-01-00-63-00-00-00-00-00-00-00-00-00-00-00-00-00-00-00-00-00-00-00-00-00-00-00-00-00-00-00-00-00-00-00-00-00-00-00-00-00-00-00-00-00-00-00-00-00-00-00-00-00-00-00-00-00
[15:53:42:533]HidD_GetInputReport=True
[15:53:42:533]reply_report=00-4F-00-00-00-00-00-00-00-00-00-00-00-00-00-00-00-00-00-00-00-00-00-00-00-00-00-00-00-00-00-00-00-00-00-00-00-00-00-00-00-00-00-00-00-00-00-00-00-00-00-00-00-00-00-00-00-00-00-00-00-00-00-00-00
[15:53:42:533]50-41-06-07-01-00-63 [CMD_SENT][CMD_GET_IO_LEVEL]
[15:53:42:567][HID_TX_ack]00-12-50-49-01-C6-B7-3C-0D-00-08-00-06-87-00-01-FF-FF-0F-00-00-00-00-02-00-E0-01-17-32-00-00-00-00-00-00-00-00-00-00-00-00-00-00-00-00-00-00-00-00-00-00-00-00-00-00-00-00-00-00-00-00-00-00-00-00
[15:53:42:567]50-49-01-C6-B7-3C-0D-00-08-00-06-87-00-01-FF-FF-0F-00
[15:53:44:572][HID_TX]00-80-06-55-5D-50-41-0E-08-01-E0-00-00-00-00-00-00-00-00-00-00-00-00-00-00-00-00-00-00-00-00-00-00-00-00-00-00-00-00-00-00-00-00-00-00-00-00-00-00-00-00-00-00-00-00-00-00-00-00-00-00-00-00-00-00
[15:53:44:573]HidD_GetInputReport=True
[15:53:44:573]reply_report=00-4F-00-00-00-00-00-00-00-00-00-00-00-00-00-00-00-00-00-00-00-00-00-00-00-00-00-00-00-00-00-00-00-00-00-00-00-00-00-00-00-00-00-00-00-00-00-00-00-00-00-00-00-00-00-00-00-00-00-00-00-00-00-00-00
[15:53:44:573]50-41-0E-08-01-E0 [CMD_SENT][REMOTE_GET_MODE]
[15:53:44:576][HID_TX_ack]00-19-50-49-01-C0-92-E9-01-00-03-00-0E-88-00-50-49-0E-C7-00-00-00-00-02-00-E0-01-17-32-00-00-00-00-00-00-00-00-00-00-00-00-00-00-00-00-00-00-00-00-00-00-00-00-00-00-00-00-00-00-00-00-00-00-00-00
[15:53:44:576]50-49-01-C0-92-E9-01-00-03-00-0E-88-00
[15:53:44:576]50-49-0E-C7-00-00-00-00-02-00-E0-01-
[15:53:44:576]REMOTE_GET_MODE=01
[15:53:44:576][HID_TX]00-80-07-B9-EE-50-41-06-09-01-00-63-00-00-00-00-00-00-00-00-00-00-00-00-00-00-00-00-00-00-00-00-00-00-00-00-00-00-00-00-00-00-00-00-00-00-00-00-00-00-00-00-00-00-00-00-00-00-00-00-00-00-00-00-00
[15:53:44:577]HidD_GetInputReport=True
[15:53:44:579]reply_report=00-4F-00-00-00-00-00-00-00-00-00-00-00-00-00-00-00-00-00-00-00-00-00-00-00-00-00-00-00-00-00-00-00-00-00-00-00-00-00-00-00-00-00-00-00-00-00-00-00-00-00-00-00-00-00-00-00-00-00-00-00-00-00-00-00
[15:53:44:579]50-41-06-09-01-00-63 [CMD_SENT][CMD_GET_IO_LEVEL]
[15:53:44:600][HID_TX_ack]00-12-50-49-01-C8-14-43-0D-00-08-00-06-89-00-01-FF-FF-0F-00-00-00-00-02-00-E0-01-17-32-00-00-00-00-00-00-00-00-00-00-00-00-00-00-00-00-00-00-00-00-00-00-00-00-00-00-00-00-00-00-00-00-00-00-00-00
[15:53:44:600]50-49-01-C8-14-43-0D-00-08-00-06-89-00-01-FF-FF-0F-00
[15:53:50:925][HID_TX]00-80-06-BE-72-50-41-0E-0A-01-E0-00-00-00-00-00-00-00-00-00-00-00-00-00-00-00-00-00-00-00-00-00-00-00-00-00-00-00-00-00-00-00-00-00-00-00-00-00-00-00-00-00-00-00-00-00-00-00-00-00-00-00-00-00-00
[15:53:50:926]HidD_GetInputReport=True
[15:53:50:926]reply_report=00-4F-00-00-00-00-00-00-00-00-00-00-00-00-00-00-00-00-00-00-00-00-00-00-00-00-00-00-00-00-00-00-00-00-00-00-00-00-00-00-00-00-00-00-00-00-00-00-00-00-00-00-00-00-00-00-00-00-00-00-00-00-00-00-00
[15:53:50:926]50-41-0E-0A-01-E0 [CMD_SENT][REMOTE_GET_MODE]
[15:53:50:929][HID_TX_ack]00-19-50-49-01-C0-6D-FD-01-00-03-00-0E-8A-00-50-49-0E-C9-00-00-00-00-02-00-E0-01-17-32-00-00-00-00-00-00-00-00-00-00-00-00-00-00-00-00-00-00-00-00-00-00-00-00-00-00-00-00-00-00-00-00-00-00-00-00
[15:53:50:929]50-49-01-C0-6D-FD-01-00-03-00-0E-8A-00
[15:53:50:929]50-49-0E-C9-00-00-00-00-02-00-E0-01-
[15:53:50:929]REMOTE_GET_MODE=01
[15:53:50:929][HID_TX]00-80-07-52-C1-50-41-06-0B-01-00-63-00-00-00-00-00-00-00-00-00-00-00-00-00-00-00-00-00-00-00-00-00-00-00-00-00-00-00-00-00-00-00-00-00-00-00-00-00-00-00-00-00-00-00-00-00-00-00-00-00-00-00-00-00
[15:53:50:930]HidD_GetInputReport=True
[15:53:50:930]reply_report=00-4F-00-00-00-00-00-00-00-00-00-00-00-00-00-00-00-00-00-00-00-00-00-00-00-00-00-00-00-00-00-00-00-00-00-00-00-00-00-00-00-00-00-00-00-00-00-00-00-00-00-00-00-00-00-00-00-00-00-00-00-00-00-00-00
[15:53:50:930]50-41-06-0B-01-00-63 [CMD_SENT][CMD_GET_IO_LEVEL]
[15:53:50:961][HID_TX_ack]00-12-50-49-01-CA-E3-56-0D-00-08-00-06-8B-00-01-FF-FF-0E-00-00-00-00-02-00-E0-01-17-32-00-00-00-00-00-00-00-00-00-00-00-00-00-00-00-00-00-00-00-00-00-00-00-00-00-00-00-00-00-00-00-00-00-00-00-00
[15:53:50:961]50-49-01-CA-E3-56-0D-00-08-00-06-8B-00-01-FF-FF-0E-00
[15:53:56:542][HID_TX]00-80-06-83-02-50-41-0E-0C-01-E0-00-00-00-00-00-00-00-00-00-00-00-00-00-00-00-00-00-00-00-00-00-00-00-00-00-00-00-00-00-00-00-00-00-00-00-00-00-00-00-00-00-00-00-00-00-00-00-00-00-00-00-00-00-00
[15:53:56:544]HidD_GetInputReport=True
[15:53:56:544]reply_report=00-4F-00-00-00-00-00-00-00-00-00-00-00-00-00-00-00-00-00-00-00-00-00-00-00-00-00-00-00-00-00-00-00-00-00-00-00-00-00-00-00-00-00-00-00-00-00-00-00-00-00-00-00-00-00-00-00-00-00-00-00-00-00-00-00
[15:53:56:544]50-41-0E-0C-01-E0 [CMD_SENT][REMOTE_GET_MODE]
[15:53:56:546][HID_TX_ack]00-19-50-49-01-C0-FB-0E-02-00-03-00-0E-8C-00-50-49-0E-CB-00-00-00-00-02-00-E0-01-17-32-00-00-00-00-00-00-00-00-00-00-00-00-00-00-00-00-00-00-00-00-00-00-00-00-00-00-00-00-00-00-00-00-00-00-00-00
[15:53:56:546]50-49-01-C0-FB-0E-02-00-03-00-0E-8C-00
[15:53:56:546]50-49-0E-CB-00-00-00-00-02-00-E0-01-
[15:53:56:546]REMOTE_GET_MODE=01
[15:53:56:547][HID_TX]00-80-07-6F-B1-50-41-06-0D-01-00-63-00-00-00-00-00-00-00-00-00-00-00-00-00-00-00-00-00-00-00-00-00-00-00-00-00-00-00-00-00-00-00-00-00-00-00-00-00-00-00-00-00-00-00-00-00-00-00-00-00-00-00-00-00
[15:53:56:548]HidD_GetInputReport=True
[15:53:56:548]reply_report=00-4F-00-00-00-00-00-00-00-00-00-00-00-00-00-00-00-00-00-00-00-00-00-00-00-00-00-00-00-00-00-00-00-00-00-00-00-00-00-00-00-00-00-00-00-00-00-00-00-00-00-00-00-00-00-00-00-00-00-00-00-00-00-00-00
[15:53:56:548]50-41-06-0D-01-00-63 [CMD_SENT][CMD_GET_IO_LEVEL]
[15:53:56:569][HID_TX_ack]00-12-50-49-01-CC-7C-68-0D-00-08-00-06-8D-00-01-F7-FF-0F-00-00-00-00-02-00-E0-01-17-32-00-00-00-00-00-00-00-00-00-00-00-00-00-00-00-00-00-00-00-00-00-00-00-00-00-00-00-00-00-00-00-00-00-00-00-00
[15:53:56:570]50-49-01-CC-7C-68-0D-00-08-00-06-8D-00-01-F7-FF-0F-00
[15:54:04:073][HID_TX]00-80-06-68-2D-50-41-0E-0E-01-E0-00-00-00-00-00-00-00-00-00-00-00-00-00-00-00-00-00-00-00-00-00-00-00-00-00-00-00-00-00-00-00-00-00-00-00-00-00-00-00-00-00-00-00-00-00-00-00-00-00-00-00-00-00-00
[15:54:04:074]HidD_GetInputReport=True
[15:54:04:074]reply_report=00-4F-00-00-00-00-00-00-00-00-00-00-00-00-00-00-00-00-00-00-00-00-00-00-00-00-00-00-00-00-00-00-00-00-00-00-00-00-00-00-00-00-00-00-00-00-00-00-00-00-00-00-00-00-00-00-00-00-00-00-00-00-00-00-00
[15:54:04:075]50-41-0E-0E-01-E0 [CMD_SENT][REMOTE_GET_MODE]
[15:54:04:077][HID_TX_ack]00-19-50-49-01-C0-83-26-02-00-03-00-0E-8E-00-50-49-0E-CD-00-00-00-00-02-00-E0-01-17-32-00-00-00-00-00-00-00-00-00-00-00-00-00-00-00-00-00-00-00-00-00-00-00-00-00-00-00-00-00-00-00-00-00-00-00-00
[15:54:04:077]50-49-01-C0-83-26-02-00-03-00-0E-8E-00
[15:54:04:077]50-49-0E-CD-00-00-00-00-02-00-E0-01-
[15:54:04:077]REMOTE_GET_MODE=01
[15:54:04:077][HID_TX]00-80-07-84-9E-50-41-06-0F-01-00-63-00-00-00-00-00-00-00-00-00-00-00-00-00-00-00-00-00-00-00-00-00-00-00-00-00-00-00-00-00-00-00-00-00-00-00-00-00-00-00-00-00-00-00-00-00-00-00-00-00-00-00-00-00
[15:54:04:078]HidD_GetInputReport=True
[15:54:04:078]reply_report=00-4F-00-00-00-00-00-00-00-00-00-00-00-00-00-00-00-00-00-00-00-00-00-00-00-00-00-00-00-00-00-00-00-00-00-00-00-00-00-00-00-00-00-00-00-00-00-00-00-00-00-00-00-00-00-00-00-00-00-00-00-00-00-00-00
[15:54:04:078]50-41-06-0F-01-00-63 [CMD_SENT][CMD_GET_IO_LEVEL]
[15:54:04:110][HID_TX_ack]00-12-50-49-01-CE-FB-7F-0D-00-08-00-06-8F-00-01-FF-FF-0F-00-00-00-00-02-00-E0-01-17-32-00-00-00-00-00-00-00-00-00-00-00-00-00-00-00-00-00-00-00-00-00-00-00-00-00-00-00-00-00-00-00-00-00-00-00-00
[15:54:04:111]50-49-01-CE-FB-7F-0D-00-08-00-06-8F-00-01-FF-FF-0F-00
[15:54:11:508][HID_TX]00-80-06-80-8D-50-41-0E-10-01-E0-00-00-00-00-00-00-00-00-00-00-00-00-00-00-00-00-00-00-00-00-00-00-00-00-00-00-00-00-00-00-00-00-00-00-00-00-00-00-00-00-00-00-00-00-00-00-00-00-00-00-00-00-00-00
[15:54:11:511]HidD_GetInputReport=True
[15:54:11:511]reply_report=00-4F-00-00-00-00-00-00-00-00-00-00-00-00-00-00-00-00-00-00-00-00-00-00-00-00-00-00-00-00-00-00-00-00-00-00-00-00-00-00-00-00-00-00-00-00-00-00-00-00-00-00-00-00-00-00-00-00-00-00-00-00-00-00-00
[15:54:11:511]50-41-0E-10-01-E0 [CMD_SENT][REMOTE_GET_MODE]
[15:54:11:518][HID_TX_ack]00-19-50-49-01-C0-C0-3D-02-00-03-00-0E-90-00-50-49-0E-CF-00-00-00-00-02-00-E0-01-17-32-00-00-00-00-00-00-00-00-00-00-00-00-00-00-00-00-00-00-00-00-00-00-00-00-00-00-00-00-00-00-00-00-00-00-00-00
[15:54:11:518]50-49-01-C0-C0-3D-02-00-03-00-0E-90-00
[15:54:11:518]50-49-0E-CF-00-00-00-00-02-00-E0-01-
[15:54:11:518]REMOTE_GET_MODE=01
[15:54:11:518][HID_TX]00-80-07-6C-3E-50-41-06-11-01-00-63-00-00-00-00-00-00-00-00-00-00-00-00-00-00-00-00-00-00-00-00-00-00-00-00-00-00-00-00-00-00-00-00-00-00-00-00-00-00-00-00-00-00-00-00-00-00-00-00-00-00-00-00-00
[15:54:11:519]HidD_GetInputReport=True
[15:54:11:519]reply_report=00-4F-00-00-00-00-00-00-00-00-00-00-00-00-00-00-00-00-00-00-00-00-00-00-00-00-00-00-00-00-00-00-00-00-00-00-00-00-00-00-00-00-00-00-00-00-00-00-00-00-00-00-00-00-00-00-00-00-00-00-00-00-00-00-00
[15:54:11:519]50-41-06-11-01-00-63 [CMD_SENT][CMD_GET_IO_LEVEL]
[15:54:11:547][HID_TX_ack]00-12-50-49-01-D0-49-97-0D-00-08-00-06-91-00-01-FF-FF-0E-00-00-00-00-02-00-E0-01-17-32-00-00-00-00-00-00-00-00-00-00-00-00-00-00-00-00-00-00-00-00-00-00-00-00-00-00-00-00-00-00-00-00-00-00-00-00
[15:54:11:547]50-49-01-D0-49-97-0D-00-08-00-06-91-00-01-FF-FF-0E-00
[15:54:16:878][HID_TX]00-80-06-6B-A2-50-41-0E-12-01-E0-00-00-00-00-00-00-00-00-00-00-00-00-00-00-00-00-00-00-00-00-00-00-00-00-00-00-00-00-00-00-00-00-00-00-00-00-00-00-00-00-00-00-00-00-00-00-00-00-00-00-00-00-00-00
[15:54:16:879]HidD_GetInputReport=True
[15:54:16:879]reply_report=00-4F-00-00-00-00-00-00-00-00-00-00-00-00-00-00-00-00-00-00-00-00-00-00-00-00-00-00-00-00-00-00-00-00-00-00-00-00-00-00-00-00-00-00-00-00-00-00-00-00-00-00-00-00-00-00-00-00-00-00-00-00-00-00-00
[15:54:16:879]50-41-0E-12-01-E0 [CMD_SENT][REMOTE_GET_MODE]
[15:54:16:882][HID_TX_ack]00-19-50-49-01-C0-87-4E-02-00-03-00-0E-92-00-50-49-0E-D1-00-00-00-00-02-00-E0-01-17-32-00-00-00-00-00-00-00-00-00-00-00-00-00-00-00-00-00-00-00-00-00-00-00-00-00-00-00-00-00-00-00-00-00-00-00-00
[15:54:16:882]50-49-01-C0-87-4E-02-00-03-00-0E-92-00
[15:54:16:882]50-49-0E-D1-00-00-00-00-02-00-E0-01-
[15:54:16:882]REMOTE_GET_MODE=01
[15:54:16:882][HID_TX]00-80-07-87-11-50-41-06-13-01-00-63-00-00-00-00-00-00-00-00-00-00-00-00-00-00-00-00-00-00-00-00-00-00-00-00-00-00-00-00-00-00-00-00-00-00-00-00-00-00-00-00-00-00-00-00-00-00-00-00-00-00-00-00-00
[15:54:16:883]HidD_GetInputReport=True
[15:54:16:883]reply_report=00-4F-00-00-00-00-00-00-00-00-00-00-00-00-00-00-00-00-00-00-00-00-00-00-00-00-00-00-00-00-00-00-00-00-00-00-00-00-00-00-00-00-00-00-00-00-00-00-00-00-00-00-00-00-00-00-00-00-00-00-00-00-00-00-00
[15:54:16:883]50-41-06-13-01-00-63 [CMD_SENT][CMD_GET_IO_LEVEL]
[15:54:16:905][HID_TX_ack]00-12-50-49-01-D2-08-A8-0D-00-08-00-06-93-00-01-FF-FF-0E-00-00-00-00-02-00-E0-01-17-32-00-00-00-00-00-00-00-00-00-00-00-00-00-00-00-00-00-00-00-00-00-00-00-00-00-00-00-00-00-00-00-00-00-00-00-00
[15:54:16:905]50-49-01-D2-08-A8-0D-00-08-00-06-93-00-01-FF-FF-0E-00
[15:54:23:362][HID_TX]00-80-06-56-D2-50-41-0E-14-01-E0-00-00-00-00-00-00-00-00-00-00-00-00-00-00-00-00-00-00-00-00-00-00-00-00-00-00-00-00-00-00-00-00-00-00-00-00-00-00-00-00-00-00-00-00-00-00-00-00-00-00-00-00-00-00
[15:54:23:363]HidD_GetInputReport=True
[15:54:23:363]reply_report=00-4F-00-00-00-00-00-00-00-00-00-00-00-00-00-00-00-00-00-00-00-00-00-00-00-00-00-00-00-00-00-00-00-00-00-00-00-00-00-00-00-00-00-00-00-00-00-00-00-00-00-00-00-00-00-00-00-00-00-00-00-00-00-00-00
[15:54:23:363]50-41-0E-14-01-E0 [CMD_SENT][REMOTE_GET_MODE]
[15:54:23:366][HID_TX_ack]00-19-50-49-01-C0-CA-62-02-00-03-00-0E-94-00-50-49-0E-D3-00-00-00-00-02-00-E0-01-17-32-00-00-00-00-00-00-00-00-00-00-00-00-00-00-00-00-00-00-00-00-00-00-00-00-00-00-00-00-00-00-00-00-00-00-00-00
[15:54:23:366]50-49-01-C0-CA-62-02-00-03-00-0E-94-00
[15:54:23:366]50-49-0E-D3-00-00-00-00-02-00-E0-01-
[15:54:23:366]REMOTE_GET_MODE=01
[15:54:23:366][HID_TX]00-80-07-BA-61-50-41-06-15-01-00-63-00-00-00-00-00-00-00-00-00-00-00-00-00-00-00-00-00-00-00-00-00-00-00-00-00-00-00-00-00-00-00-00-00-00-00-00-00-00-00-00-00-00-00-00-00-00-00-00-00-00-00-00-00
[15:54:23:367]HidD_GetInputReport=True
[15:54:23:367]reply_report=00-4F-00-00-00-00-00-00-00-00-00-00-00-00-00-00-00-00-00-00-00-00-00-00-00-00-00-00-00-00-00-00-00-00-00-00-00-00-00-00-00-00-00-00-00-00-00-00-00-00-00-00-00-00-00-00-00-00-00-00-00-00-00-00-00
[15:54:23:367]50-41-06-15-01-00-63 [CMD_SENT][CMD_GET_IO_LEVEL]
[15:54:23:395][HID_TX_ack]00-12-50-49-01-D4-4F-BC-0D-00-08-00-06-95-00-01-FF-FF-0D-00-00-00-00-02-00-E0-01-17-32-00-00-00-00-00-00-00-00-00-00-00-00-00-00-00-00-00-00-00-00-00-00-00-00-00-00-00-00-00-00-00-00-00-00-00-00
[15:54:23:395]50-49-01-D4-4F-BC-0D-00-08-00-06-95-00-01-FF-FF-0D-00
[15:54:29:297][HID_TX_ack]00-0D-50-49-11-D5-14-73-02-00-03-00-20-E9-00-01-FF-FF-0D-00-00-00-00-02-00-E0-01-17-32-00-00-00-00-00-00-00-00-00-00-00-00-00-00-00-00-00-00-00-00-00-00-00-00-00-00-00-00-00-00-00-00-00-00-00-00
[15:54:29:301]50-49-11-D5-14-73-02-00-03-00-20-E9-00
[15:54:29:303][HID_TX_ack]00-1A-50-49-01-C0-1D-73-02-00-03-00-11-D3-18-50-49-01-C0-1E-73-02-00-03-00-11-D4-17-32-00-00-00-00-00-00-00-00-00-00-00-00-00-00-00-00-00-00-00-00-00-00-00-00-00-00-00-00-00-00-00-00-00-00-00-00
[15:54:29:303]50-49-01-C0-1D-73-02-00-03-00-11-D3-18
[15:54:29:303]50-49-01-C0-1E-73-02-00-03-00-11-D4-17
[15:54:29:303][HID_TX_ack]00-0D-50-49-11-D6-20-73-02-00-03-00-20-00-00-50-49-01-C0-1E-73-02-00-03-00-11-D4-17-32-00-00-00-00-00-00-00-00-00-00-00-00-00-00-00-00-00-00-00-00-00-00-00-00-00-00-00-00-00-00-00-00-00-00-00-00
[15:54:29:303]50-49-11-D6-20-73-02-00-03-00-20-00-00
[15:54:29:303][HID_TX_ack]00-0D-50-49-01-C0-2D-73-02-00-03-00-11-D5-16-50-49-01-C0-1E-73-02-00-03-00-11-D4-17-32-00-00-00-00-00-00-00-00-00-00-00-00-00-00-00-00-00-00-00-00-00-00-00-00-00-00-00-00-00-00-00-00-00-00-00-00
[15:54:29:303]50-49-01-C0-2D-73-02-00-03-00-11-D5-16
[15:54:29:303][HID_TX_ack]00-0D-50-49-11-D7-68-73-02-00-03-00-20-E9-00-50-49-01-C0-1E-73-02-00-03-00-11-D4-17-32-00-00-00-00-00-00-00-00-00-00-00-00-00-00-00-00-00-00-00-00-00-00-00-00-00-00-00-00-00-00-00-00-00-00-00-00
[15:54:29:303]50-49-11-D7-68-73-02-00-03-00-20-E9-00
[15:54:29:303][HID_TX_ack]00-1A-50-49-01-C0-71-73-02-00-03-00-11-D6-18-50-49-01-C0-72-73-02-00-03-00-11-D7-17-32-00-00-00-00-00-00-00-00-00-00-00-00-00-00-00-00-00-00-00-00-00-00-00-00-00-00-00-00-00-00-00-00-00-00-00-00
[15:54:29:303]50-49-01-C0-71-73-02-00-03-00-11-D6-18
[15:54:29:303]50-49-01-C0-72-73-02-00-03-00-11-D7-17
[15:54:29:303][HID_TX_ack]00-0D-50-49-11-D8-73-73-02-00-03-00-20-00-00-50-49-01-C0-72-73-02-00-03-00-11-D7-17-32-00-00-00-00-00-00-00-00-00-00-00-00-00-00-00-00-00-00-00-00-00-00-00-00-00-00-00-00-00-00-00-00-00-00-00-00
[15:54:29:303]50-49-11-D8-73-73-02-00-03-00-20-00-00
[15:54:29:303][HID_TX_ack]00-0D-50-49-11-D9-B8-73-02-00-03-00-20-E9-00-50-49-01-C0-72-73-02-00-03-00-11-D7-17-32-00-00-00-00-00-00-00-00-00-00-00-00-00-00-00-00-00-00-00-00-00-00-00-00-00-00-00-00-00-00-00-00-00-00-00-00
[15:54:29:304]50-49-11-D9-B8-73-02-00-03-00-20-E9-00
[15:54:29:304][HID_TX_ack]00-1A-50-49-01-C0-C3-73-02-00-03-00-11-D8-18-50-49-01-C0-C4-73-02-00-03-00-11-D9-17-32-00-00-00-00-00-00-00-00-00-00-00-00-00-00-00-00-00-00-00-00-00-00-00-00-00-00-00-00-00-00-00-00-00-00-00-00
[15:54:29:304]50-49-01-C0-C3-73-02-00-03-00-11-D8-18
[15:54:29:304]50-49-01-C0-C4-73-02-00-03-00-11-D9-17
[15:54:29:304][HID_TX_ack]00-0D-50-49-11-DA-C5-73-02-00-03-00-20-00-00-50-49-01-C0-C4-73-02-00-03-00-11-D9-17-32-00-00-00-00-00-00-00-00-00-00-00-00-00-00-00-00-00-00-00-00-00-00-00-00-00-00-00-00-00-00-00-00-00-00-00-00
[15:54:29:304]50-49-11-DA-C5-73-02-00-03-00-20-00-00
[15:54:29:304][HID_TX_ack]00-0D-50-49-11-DB-10-74-02-00-03-00-20-E9-00-50-49-01-C0-C4-73-02-00-03-00-11-D9-17-32-00-00-00-00-00-00-00-00-00-00-00-00-00-00-00-00-00-00-00-00-00-00-00-00-00-00-00-00-00-00-00-00-00-00-00-00
[15:54:29:304]50-49-11-DB-10-74-02-00-03-00-20-E9-00
[15:54:29:304][HID_TX_ack]00-1A-50-49-01-C0-1D-74-02-00-03-00-11-DA-18-50-49-01-C0-1E-74-02-00-03-00-11-DB-17-32-00-00-00-00-00-00-00-00-00-00-00-00-00-00-00-00-00-00-00-00-00-00-00-00-00-00-00-00-00-00-00-00-00-00-00-00
[15:54:29:304]50-49-01-C0-1D-74-02-00-03-00-11-DA-18
[15:54:29:304]50-49-01-C0-1E-74-02-00-03-00-11-DB-17
[15:54:40:735][HID_TX_ack]00-0D-50-49-11-DC-20-74-02-00-03-00-20-00-00-50-49-01-C0-1E-74-02-00-03-00-11-DB-17-32-00-00-00-00-00-00-00-00-00-00-00-00-00-00-00-00-00-00-00-00-00-00-00-00-00-00-00-00-00-00-00-00-00-00-00-00
[15:54:40:737]50-49-11-DC-20-74-02-00-03-00-20-00-00
[15:54:40:737][HID_TX_ack]00-0D-50-49-11-DD-64-74-02-00-03-00-20-E9-00-50-49-01-C0-1E-74-02-00-03-00-11-DB-17-32-00-00-00-00-00-00-00-00-00-00-00-00-00-00-00-00-00-00-00-00-00-00-00-00-00-00-00-00-00-00-00-00-00-00-00-00
[15:54:40:737]50-49-11-DD-64-74-02-00-03-00-20-E9-00
[15:54:40:737][HID_TX_ack]00-1A-50-49-01-C0-70-74-02-00-03-00-11-DC-18-50-49-01-C0-71-74-02-00-03-00-11-DD-17-32-00-00-00-00-00-00-00-00-00-00-00-00-00-00-00-00-00-00-00-00-00-00-00-00-00-00-00-00-00-00-00-00-00-00-00-00
[15:54:40:737]50-49-01-C0-70-74-02-00-03-00-11-DC-18
[15:54:40:737]50-49-01-C0-71-74-02-00-03-00-11-DD-17
[15:54:40:740][HID_TX_ack]00-0D-50-49-11-DE-72-74-02-00-03-00-20-00-00-50-49-01-C0-71-74-02-00-03-00-11-DD-17-32-00-00-00-00-00-00-00-00-00-00-00-00-00-00-00-00-00-00-00-00-00-00-00-00-00-00-00-00-00-00-00-00-00-00-00-00
[15:54:40:740]50-49-11-DE-72-74-02-00-03-00-20-00-00
[15:54:40:740][HID_TX_ack]00-0D-50-49-11-DF-C4-74-02-00-03-00-20-E9-00-50-49-01-C0-71-74-02-00-03-00-11-DD-17-32-00-00-00-00-00-00-00-00-00-00-00-00-00-00-00-00-00-00-00-00-00-00-00-00-00-00-00-00-00-00-00-00-00-00-00-00
[15:54:40:740]50-49-11-DF-C4-74-02-00-03-00-20-E9-00
[15:54:40:740][HID_TX_ack]00-1A-50-49-01-C0-D1-74-02-00-03-00-11-DE-18-50-49-01-C0-D1-74-02-00-03-00-11-DF-17-32-00-00-00-00-00-00-00-00-00-00-00-00-00-00-00-00-00-00-00-00-00-00-00-00-00-00-00-00-00-00-00-00-00-00-00-00
[15:54:40:740]50-49-01-C0-D1-74-02-00-03-00-11-DE-18
[15:54:40:740]50-49-01-C0-D1-74-02-00-03-00-11-DF-17
[15:54:40:740][HID_TX_ack]00-0D-50-49-11-E0-D3-74-02-00-03-00-20-00-00-50-49-01-C0-D1-74-02-00-03-00-11-DF-17-32-00-00-00-00-00-00-00-00-00-00-00-00-00-00-00-00-00-00-00-00-00-00-00-00-00-00-00-00-00-00-00-00-00-00-00-00
[15:54:40:740]50-49-11-E0-D3-74-02-00-03-00-20-00-00
[15:54:40:740][HID_TX_ack]00-0D-50-49-11-E1-1A-75-02-00-03-00-20-E9-00-50-49-01-C0-D1-74-02-00-03-00-11-DF-17-32-00-00-00-00-00-00-00-00-00-00-00-00-00-00-00-00-00-00-00-00-00-00-00-00-00-00-00-00-00-00-00-00-00-00-00-00
[15:54:40:741]50-49-11-E1-1A-75-02-00-03-00-20-E9-00
[15:54:40:741][HID_TX_ack]00-1A-50-49-01-C0-24-75-02-00-03-00-11-E0-18-50-49-01-C0-25-75-02-00-03-00-11-E1-17-32-00-00-00-00-00-00-00-00-00-00-00-00-00-00-00-00-00-00-00-00-00-00-00-00-00-00-00-00-00-00-00-00-00-00-00-00
[15:54:40:741]50-49-01-C0-24-75-02-00-03-00-11-E0-18
[15:54:40:741]50-49-01-C0-25-75-02-00-03-00-11-E1-17
[15:54:40:741][HID_TX_ack]00-0D-50-49-11-E2-26-75-02-00-03-00-20-00-00-50-49-01-C0-25-75-02-00-03-00-11-E1-17-32-00-00-00-00-00-00-00-00-00-00-00-00-00-00-00-00-00-00-00-00-00-00-00-00-00-00-00-00-00-00-00-00-00-00-00-00
[15:54:40:741]50-49-11-E2-26-75-02-00-03-00-20-00-00
[15:54:40:741][HID_TX_ack]00-0D-50-49-11-E3-6E-75-02-00-03-00-20-E9-00-50-49-01-C0-25-75-02-00-03-00-11-E1-17-32-00-00-00-00-00-00-00-00-00-00-00-00-00-00-00-00-00-00-00-00-00-00-00-00-00-00-00-00-00-00-00-00-00-00-00-00
[15:54:40:741]50-49-11-E3-6E-75-02-00-03-00-20-E9-00
[15:54:40:741][HID_TX_ack]00-1A-50-49-01-C0-75-75-02-00-03-00-11-E2-18-50-49-01-C0-76-75-02-00-03-00-11-E3-17-32-00-00-00-00-00-00-00-00-00-00-00-00-00-00-00-00-00-00-00-00-00-00-00-00-00-00-00-00-00-00-00-00-00-00-00-00
[15:54:40:741]50-49-01-C0-75-75-02-00-03-00-11-E2-18
[15:54:40:741]50-49-01-C0-76-75-02-00-03-00-11-E3-17
[15:54:40:741][HID_TX_ack]00-0D-50-49-11-E4-77-75-02-00-03-00-20-00-00-50-49-01-C0-76-75-02-00-03-00-11-E3-17-32-00-00-00-00-00-00-00-00-00-00-00-00-00-00-00-00-00-00-00-00-00-00-00-00-00-00-00-00-00-00-00-00-00-00-00-00
[15:54:40:741]50-49-11-E4-77-75-02-00-03-00-20-00-00
[15:54:41:750][HID_TX]00-80-07-3D-09-50-41-0E-16-02-E1-00-00-00-00-00-00-00-00-00-00-00-00-00-00-00-00-00-00-00-00-00-00-00-00-00-00-00-00-00-00-00-00-00-00-00-00-00-00-00-00-00-00-00-00-00-00-00-00-00-00-00-00-00-00
[15:54:41:751]HidD_GetInputReport=True
[15:54:41:751]reply_report=00-4F-00-00-00-00-00-00-00-00-00-00-00-00-00-00-00-00-00-00-00-00-00-00-00-00-00-00-00-00-00-00-00-00-00-00-00-00-00-00-00-00-00-00-00-00-00-00-00-00-00-00-00-00-00-00-00-00-00-00-00-00-00-00-00
[15:54:41:751]50-41-0E-16-02-E1-00 [CMD_SENT][REMOTE_SET_MODE] is_remote=False
[15:54:41:754][HID_TX_ack]00-0D-50-49-01-C0-41-9C-02-00-03-00-0E-96-00-50-49-01-C0-76-75-02-00-03-00-11-E3-17-32-00-00-00-00-00-00-00-00-00-00-00-00-00-00-00-00-00-00-00-00-00-00-00-00-00-00-00-00-00-00-00-00-00-00-00-00
[15:54:41:754]50-49-01-C0-41-9C-02-00-03-00-0E-96-00
[15:54:41:755]ystech_Power_Saving, is_EnablePowerSaving=True
[15:54:41:755][HID_TX]00-85-01-73-56-02-00-00-00-00-00-00-00-00-00-00-00-00-00-00-00-00-00-00-00-00-00-00-00-00-00-00-00-00-00-00-00-00-00-00-00-00-00-00-00-00-00-00-00-00-00-00-00-00-00-00-00-00-00-00-00-00-00-00-00
[15:54:41:755]HidD_GetInputReport=True
[15:54:41:755]reply_report=00-4F-00-00-00-00-00-00-00-00-00-00-00-00-00-00-00-00-00-00-00-00-00-00-00-00-00-00-00-00-00-00-00-00-00-00-00-00-00-00-00-00-00-00-00-00-00-00-00-00-00-00-00-00-00-00-00-00-00-00-00-00-00-00-00
[15:54:41:755]HID_CMD_POWER_SAVING_Enable
[15:54:41:755]close_hid_stream
[15:54:41:755]close_hid_handle
