[11:58:11:815]\\?\hid#dell09c2&col02#5&bc4dc33&0&0001#{4d1e55b2-f16f-11cf-88cb-001111000030}
[11:58:11:815]\\?\hid#dell09c2&col03#5&bc4dc33&0&0002#{4d1e55b2-f16f-11cf-88cb-001111000030}
[11:58:11:815]\\?\hid#intc816&col01#3&207f9b7f&0&0000#{4d1e55b2-f16f-11cf-88cb-001111000030}
[11:58:11:815]\\?\hid#intc816&col02#3&207f9b7f&0&0001#{4d1e55b2-f16f-11cf-88cb-001111000030}
[11:58:11:815]\\?\hid#converteddevice&col02#5&17bac0a6&0&0001#{4d1e55b2-f16f-11cf-88cb-001111000030}
[11:58:11:815]\\?\hid#converteddevice&col03#5&17bac0a6&0&0002#{4d1e55b2-f16f-11cf-88cb-001111000030}
[11:58:11:815]\\?\hid#dell09c2&col04#5&bc4dc33&0&0003#{4d1e55b2-f16f-11cf-88cb-001111000030}
[11:58:11:815]\\?\hid#{00001812-0000-1000-8000-00805f9b34fb}_dev_vid&0232c2_pid&0001_rev&0068_ccb624cd66b1#9&326e3aae&0&0000#{4d1e55b2-f16f-11cf-88cb-001111000030}
[11:58:11:816]\\?\hid#dell09c2&col05#5&bc4dc33&0&0004#{4d1e55b2-f16f-11cf-88cb-001111000030}
[11:58:11:816]\\?\hid#converteddevice&col01#5&17bac0a6&0&0000#{4d1e55b2-f16f-11cf-88cb-001111000030}\kbd
[11:58:11:816]\\?\hid#dell09c2&col01#5&bc4dc33&0&0000#{4d1e55b2-f16f-11cf-88cb-001111000030}
[11:58:11:816]\\?\hid#vid_046d&pid_0adf&mi_00#7&3ad8dff3&0&0000#{4d1e55b2-f16f-11cf-88cb-001111000030}
[11:58:11:816]\\?\hid#vid_046d&pid_0adf&mi_04#7&18e94d0e&0&0000#{4d1e55b2-f16f-11cf-88cb-001111000030}
[11:58:11:818]try_path=\\?\hid#vid_046d&pid_0adf&mi_00#7&3ad8dff3&0&0000#{4d1e55b2-f16f-11cf-88cb-001111000030}
[11:58:11:819]	InputReportByteLength=65
[11:58:11:820]	OutputReportByteLength=65
[11:58:11:820]HID_Connected=\\?\hid#vid_046d&pid_0adf&mi_00#7&3ad8dff3&0&0000#{4d1e55b2-f16f-11cf-88cb-001111000030}
[11:58:11:821][HID_TX]00-84-01-D1-55-01-00-00-00-00-00-00-00-00-00-00-00-00-00-00-00-00-00-00-00-00-00-00-00-00-00-00-00-00-00-00-00-00-00-00-00-00-00-00-00-00-00-00-00-00-00-00-00-00-00-00-00-00-00-00-00-00-00-00-00
[11:58:11:822]HidD_GetInputReport=True
[11:58:11:822]reply_report=00-4F-56-31-2E-38-2E-35-2E-31-00-00-00-00-00-00-00-00-00-00-00-00-00-00-00-00-00-00-00-00-00-00-00-00-00-00-00-00-00-00-00-00-00-00-00-00-00-00-00-00-00-00-00-00-00-00-00-00-00-00-00-00-00-00-00
[11:58:11:823][ys_tech] fw_version=V1.8.5.1
[11:58:11:823]ystech_Power_Saving, is_EnablePowerSaving=False
[11:58:11:823][HID_TX]00-85-01-83-8B-01-00-00-00-00-00-00-00-00-00-00-00-00-00-00-00-00-00-00-00-00-00-00-00-00-00-00-00-00-00-00-00-00-00-00-00-00-00-00-00-00-00-00-00-00-00-00-00-00-00-00-00-00-00-00-00-00-00-00-00
[11:58:11:825]HidD_GetInputReport=True
[11:58:11:825]reply_report=00-46-00-00-00-00-00-00-00-00-00-00-00-00-00-00-00-00-00-00-00-00-00-00-00-00-00-00-00-00-00-00-00-00-00-00-00-00-00-00-00-00-00-00-00-00-00-00-00-00-00-00-00-00-00-00-00-00-00-00-00-00-00-00-00
[11:58:11:843][Response Fail][System.Exception]
[11:58:11:848]   at ..(Boolean  )
   at ..(Byte  , Byte[]  )
[11:58:11:910]_ystech_retry_count=1
[11:58:11:910][HID_TX]00-85-01-83-8B-01-00-00-00-00-00-00-00-00-00-00-00-00-00-00-00-00-00-00-00-00-00-00-00-00-00-00-00-00-00-00-00-00-00-00-00-00-00-00-00-00-00-00-00-00-00-00-00-00-00-00-00-00-00-00-00-00-00-00-00
[11:58:11:911]HidD_GetInputReport=True
[11:58:11:911]reply_report=00-4F-00-00-00-00-00-00-00-00-00-00-00-00-00-00-00-00-00-00-00-00-00-00-00-00-00-00-00-00-00-00-00-00-00-00-00-00-00-00-00-00-00-00-00-00-00-00-00-00-00-00-00-00-00-00-00-00-00-00-00-00-00-00-00
[11:58:11:911]HID_CMD_POWER_SAVING_Disable
[11:58:11:911]path_connected=\\?\hid#vid_046d&pid_0adf&mi_00#7&3ad8dff3&0&0000#{4d1e55b2-f16f-11cf-88cb-001111000030}
[11:58:13:142][HID_TX]00-80-06-1C-7D-50-41-0E-01-01-E0-00-00-00-00-00-00-00-00-00-00-00-00-00-00-00-00-00-00-00-00-00-00-00-00-00-00-00-00-00-00-00-00-00-00-00-00-00-00-00-00-00-00-00-00-00-00-00-00-00-00-00-00-00-00
[11:58:13:143]HidD_GetInputReport=True
[11:58:13:143]reply_report=00-4F-00-00-00-00-00-00-00-00-00-00-00-00-00-00-00-00-00-00-00-00-00-00-00-00-00-00-00-00-00-00-00-00-00-00-00-00-00-00-00-00-00-00-00-00-00-00-00-00-00-00-00-00-00-00-00-00-00-00-00-00-00-00-00
[11:58:13:143]50-41-0E-01-01-E0 [CMD_SENT][REMOTE_GET_MODE]
[11:58:13:148][HID_TX_ack]00-19-50-49-01-C0-8C-73-01-00-03-00-0E-81-00-50-49-0E-D1-00-00-00-00-02-00-E0-00-17-32-50-49-01-C0-7B-05-00-00-03-00-11-89-19-00-00-00-00-00-00-00-00-00-00-00-00-00-00-00-00-00-00-00-00-00-00-00
[11:58:13:152]REMOTE_GET_MODE=00
[11:58:13:152]50-49-01-C0-8C-73-01-00-03-00-0E-81-00
[11:58:13:152]50-49-0E-D1-00-00-00-00-02-00-E0-00-
[11:58:13:152][HID_TX]00-80-07-F5-A5-50-41-0E-02-02-E1-01-00-00-00-00-00-00-00-00-00-00-00-00-00-00-00-00-00-00-00-00-00-00-00-00-00-00-00-00-00-00-00-00-00-00-00-00-00-00-00-00-00-00-00-00-00-00-00-00-00-00-00-00-00
[11:58:13:153]HidD_GetInputReport=True
[11:58:13:153]reply_report=00-4F-00-00-00-00-00-00-00-00-00-00-00-00-00-00-00-00-00-00-00-00-00-00-00-00-00-00-00-00-00-00-00-00-00-00-00-00-00-00-00-00-00-00-00-00-00-00-00-00-00-00-00-00-00-00-00-00-00-00-00-00-00-00-00
[11:58:13:153]50-41-0E-02-02-E1-01 [CMD_SENT][REMOTE_SET_MODE] is_remote=True
[11:58:13:156][HID_TX_ack]00-0D-50-49-01-C0-94-73-01-00-03-00-0E-82-00-50-49-0E-D1-00-00-00-00-02-00-E0-00-17-32-50-49-01-C0-7B-05-00-00-03-00-11-89-19-00-00-00-00-00-00-00-00-00-00-00-00-00-00-00-00-00-00-00-00-00-00-00
[11:58:13:156]50-49-01-C0-94-73-01-00-03-00-0E-82-00
[11:58:13:156][HID_TX]00-80-13-A8-D9-50-41-06-03-0D-00-25-34-12-5A-5A-01-00-00-00-F0-00-00-00-00-00-00-00-00-00-00-00-00-00-00-00-00-00-00-00-00-00-00-00-00-00-00-00-00-00-00-00-00-00-00-00-00-00-00-00-00-00-00-00-00
[11:58:13:157]HidD_GetInputReport=True
[11:58:13:157]reply_report=00-4F-00-00-00-00-00-00-00-00-00-00-00-00-00-00-00-00-00-00-00-00-00-00-00-00-00-00-00-00-00-00-00-00-00-00-00-00-00-00-00-00-00-00-00-00-00-00-00-00-00-00-00-00-00-00-00-00-00-00-00-00-00-00-00
[11:58:13:157]50-41-06-03-0D-00-25-34-12-5A-5A-01-00-00-00-F0-00-00-00 [CMD_SENT][OTA_CMD_IOCTL][READ_MAX_LEN]
[11:58:13:196][HID_TX_ack]00-11-50-49-01-D2-7A-40-0A-00-07-00-06-83-00-F0-00-00-00-00-00-00-00-02-00-E0-00-17-32-50-49-01-C0-7B-05-00-00-03-00-11-89-19-00-00-00-00-00-00-00-00-00-00-00-00-00-00-00-00-00-00-00-00-00-00-00
[11:58:13:196]50-49-01-D2-7A-40-0A-00-07-00-06-83-00-F0-00-00-00
[11:58:13:196][HID_TX]00-80-06-2F-BD-50-41-0E-04-01-E0-00-00-00-00-00-00-00-00-00-00-00-00-00-00-00-00-00-00-00-00-00-00-00-00-00-00-00-00-00-00-00-00-00-00-00-00-00-00-00-00-00-00-00-00-00-00-00-00-00-00-00-00-00-00
[11:58:13:197]HidD_GetInputReport=True
[11:58:13:197]reply_report=00-4F-00-00-00-00-00-00-00-00-00-00-00-00-00-00-00-00-00-00-00-00-00-00-00-00-00-00-00-00-00-00-00-00-00-00-00-00-00-00-00-00-00-00-00-00-00-00-00-00-00-00-00-00-00-00-00-00-00-00-00-00-00-00-00
[11:58:13:197]50-41-0E-04-01-E0 [CMD_SENT][REMOTE_GET_MODE]
[11:58:13:200][HID_TX_ack]00-19-50-49-01-C0-B7-73-01-00-03-00-0E-84-00-50-49-0E-D3-00-00-00-00-02-00-E0-01-17-32-50-49-01-C0-7B-05-00-00-03-00-11-89-19-00-00-00-00-00-00-00-00-00-00-00-00-00-00-00-00-00-00-00-00-00-00-00
[11:58:13:200]50-49-01-C0-B7-73-01-00-03-00-0E-84-00
[11:58:13:200]50-49-0E-D3-00-00-00-00-02-00-E0-01-
[11:58:13:200]REMOTE_GET_MODE=01
[11:58:13:201][HID_TX]00-80-07-C3-0E-50-41-06-05-01-00-63-00-00-00-00-00-00-00-00-00-00-00-00-00-00-00-00-00-00-00-00-00-00-00-00-00-00-00-00-00-00-00-00-00-00-00-00-00-00-00-00-00-00-00-00-00-00-00-00-00-00-00-00-00
[11:58:13:202]HidD_GetInputReport=True
[11:58:13:202]reply_report=00-4F-00-00-00-00-00-00-00-00-00-00-00-00-00-00-00-00-00-00-00-00-00-00-00-00-00-00-00-00-00-00-00-00-00-00-00-00-00-00-00-00-00-00-00-00-00-00-00-00-00-00-00-00-00-00-00-00-00-00-00-00-00-00-00
[11:58:13:202]50-41-06-05-01-00-63 [CMD_SENT][CMD_GET_IO_LEVEL]
[11:58:13:216][HID_TX_ack]00-12-50-49-01-D4-99-40-0A-00-08-00-06-85-00-01-FF-FF-0F-00-00-00-00-02-00-E0-01-17-32-50-49-01-C0-7B-05-00-00-03-00-11-89-19-00-00-00-00-00-00-00-00-00-00-00-00-00-00-00-00-00-00-00-00-00-00-00
[11:58:13:216]50-49-01-D4-99-40-0A-00-08-00-06-85-00-01-FF-FF-0F-00
[11:58:14:802][HID_TX]00-80-06-C4-92-50-41-0E-06-01-E0-00-00-00-00-00-00-00-00-00-00-00-00-00-00-00-00-00-00-00-00-00-00-00-00-00-00-00-00-00-00-00-00-00-00-00-00-00-00-00-00-00-00-00-00-00-00-00-00-00-00-00-00-00-00
[11:58:14:804]HidD_GetInputReport=True
[11:58:14:804]reply_report=00-4F-00-00-00-00-00-00-00-00-00-00-00-00-00-00-00-00-00-00-00-00-00-00-00-00-00-00-00-00-00-00-00-00-00-00-00-00-00-00-00-00-00-00-00-00-00-00-00-00-00-00-00-00-00-00-00-00-00-00-00-00-00-00-00
[11:58:14:804]50-41-0E-06-01-E0 [CMD_SENT][REMOTE_GET_MODE]
[11:58:14:806][HID_TX_ack]00-19-50-49-01-C0-BC-78-01-00-03-00-0E-86-00-50-49-0E-D5-00-00-00-00-02-00-E0-01-17-32-50-49-01-C0-7B-05-00-00-03-00-11-89-19-00-00-00-00-00-00-00-00-00-00-00-00-00-00-00-00-00-00-00-00-00-00-00
[11:58:14:806]50-49-01-C0-BC-78-01-00-03-00-0E-86-00
[11:58:14:806]50-49-0E-D5-00-00-00-00-02-00-E0-01-
[11:58:14:807]REMOTE_GET_MODE=01
[11:58:14:807][HID_TX]00-80-07-28-21-50-41-06-07-01-00-63-00-00-00-00-00-00-00-00-00-00-00-00-00-00-00-00-00-00-00-00-00-00-00-00-00-00-00-00-00-00-00-00-00-00-00-00-00-00-00-00-00-00-00-00-00-00-00-00-00-00-00-00-00
[11:58:14:809]HidD_GetInputReport=True
[11:58:14:809]reply_report=00-4F-00-00-00-00-00-00-00-00-00-00-00-00-00-00-00-00-00-00-00-00-00-00-00-00-00-00-00-00-00-00-00-00-00-00-00-00-00-00-00-00-00-00-00-00-00-00-00-00-00-00-00-00-00-00-00-00-00-00-00-00-00-00-00
[11:58:14:809]50-41-06-07-01-00-63 [CMD_SENT][CMD_GET_IO_LEVEL]
[11:58:14:838][HID_TX_ack]00-12-50-49-01-D6-AE-45-0A-00-08-00-06-87-00-01-FF-FF-0F-00-00-00-00-02-00-E0-01-17-32-50-49-01-C0-7B-05-00-00-03-00-11-89-19-00-00-00-00-00-00-00-00-00-00-00-00-00-00-00-00-00-00-00-00-00-00-00
[11:58:14:838]50-49-01-D6-AE-45-0A-00-08-00-06-87-00-01-FF-FF-0F-00
[11:58:16:385][HID_TX]00-80-06-55-5D-50-41-0E-08-01-E0-00-00-00-00-00-00-00-00-00-00-00-00-00-00-00-00-00-00-00-00-00-00-00-00-00-00-00-00-00-00-00-00-00-00-00-00-00-00-00-00-00-00-00-00-00-00-00-00-00-00-00-00-00-00
[11:58:16:386]HidD_GetInputReport=True
[11:58:16:386]reply_report=00-4F-00-00-00-00-00-00-00-00-00-00-00-00-00-00-00-00-00-00-00-00-00-00-00-00-00-00-00-00-00-00-00-00-00-00-00-00-00-00-00-00-00-00-00-00-00-00-00-00-00-00-00-00-00-00-00-00-00-00-00-00-00-00-00
[11:58:16:386]50-41-0E-08-01-E0 [CMD_SENT][REMOTE_GET_MODE]
[11:58:16:389][HID_TX_ack]00-19-50-49-01-C0-AE-7D-01-00-03-00-0E-88-00-50-49-0E-D7-00-00-00-00-02-00-E0-01-17-32-50-49-01-C0-7B-05-00-00-03-00-11-89-19-00-00-00-00-00-00-00-00-00-00-00-00-00-00-00-00-00-00-00-00-00-00-00
[11:58:16:389]50-49-01-C0-AE-7D-01-00-03-00-0E-88-00
[11:58:16:389]50-49-0E-D7-00-00-00-00-02-00-E0-01-
[11:58:16:389]REMOTE_GET_MODE=01
[11:58:16:389][HID_TX]00-80-07-B9-EE-50-41-06-09-01-00-63-00-00-00-00-00-00-00-00-00-00-00-00-00-00-00-00-00-00-00-00-00-00-00-00-00-00-00-00-00-00-00-00-00-00-00-00-00-00-00-00-00-00-00-00-00-00-00-00-00-00-00-00-00
[11:58:16:390]HidD_GetInputReport=True
[11:58:16:390]reply_report=00-4F-00-00-00-00-00-00-00-00-00-00-00-00-00-00-00-00-00-00-00-00-00-00-00-00-00-00-00-00-00-00-00-00-00-00-00-00-00-00-00-00-00-00-00-00-00-00-00-00-00-00-00-00-00-00-00-00-00-00-00-00-00-00-00
[11:58:16:390]50-41-06-09-01-00-63 [CMD_SENT][CMD_GET_IO_LEVEL]
[11:58:16:421][HID_TX_ack]00-12-50-49-01-D8-8E-4A-0A-00-08-00-06-89-00-01-FF-FF-0F-00-00-00-00-02-00-E0-01-17-32-50-49-01-C0-7B-05-00-00-03-00-11-89-19-00-00-00-00-00-00-00-00-00-00-00-00-00-00-00-00-00-00-00-00-00-00-00
[11:58:16:421]50-49-01-D8-8E-4A-0A-00-08-00-06-89-00-01-FF-FF-0F-00
[11:58:17:766][HID_TX]00-80-07-3E-86-50-41-0E-0A-02-E1-00-00-00-00-00-00-00-00-00-00-00-00-00-00-00-00-00-00-00-00-00-00-00-00-00-00-00-00-00-00-00-00-00-00-00-00-00-00-00-00-00-00-00-00-00-00-00-00-00-00-00-00-00-00
[11:58:17:768]HidD_GetInputReport=True
[11:58:17:768]reply_report=00-4F-00-00-00-00-00-00-00-00-00-00-00-00-00-00-00-00-00-00-00-00-00-00-00-00-00-00-00-00-00-00-00-00-00-00-00-00-00-00-00-00-00-00-00-00-00-00-00-00-00-00-00-00-00-00-00-00-00-00-00-00-00-00-00
[11:58:17:768]50-41-0E-0A-02-E1-00 [CMD_SENT][REMOTE_SET_MODE] is_remote=False
[11:58:17:773][HID_TX_ack]00-0D-50-49-01-C0-FF-81-01-00-03-00-0E-8A-00-01-FF-FF-0F-00-00-00-00-02-00-E0-01-17-32-50-49-01-C0-7B-05-00-00-03-00-11-89-19-00-00-00-00-00-00-00-00-00-00-00-00-00-00-00-00-00-00-00-00-00-00-00
[11:58:17:773]50-49-01-C0-FF-81-01-00-03-00-0E-8A-00
[11:58:17:773]ystech_Power_Saving, is_EnablePowerSaving=True
[11:58:17:774][HID_TX]00-85-01-73-56-02-00-00-00-00-00-00-00-00-00-00-00-00-00-00-00-00-00-00-00-00-00-00-00-00-00-00-00-00-00-00-00-00-00-00-00-00-00-00-00-00-00-00-00-00-00-00-00-00-00-00-00-00-00-00-00-00-00-00-00
[11:58:17:774]HidD_GetInputReport=True
[11:58:17:774]reply_report=00-4F-00-00-00-00-00-00-00-00-00-00-00-00-00-00-00-00-00-00-00-00-00-00-00-00-00-00-00-00-00-00-00-00-00-00-00-00-00-00-00-00-00-00-00-00-00-00-00-00-00-00-00-00-00-00-00-00-00-00-00-00-00-00-00
[11:58:17:774]HID_CMD_POWER_SAVING_Enable
[11:58:17:774]close_hid_stream
[11:58:17:774]close_hid_handle
