[19:07:23:902]\\?\hid#dell09c2&col02#5&bc4dc33&0&0001#{4d1e55b2-f16f-11cf-88cb-001111000030}
[19:07:23:903]\\?\hid#dell09c2&col03#5&bc4dc33&0&0002#{4d1e55b2-f16f-11cf-88cb-001111000030}
[19:07:23:903]\\?\hid#intc816&col01#3&207f9b7f&0&0000#{4d1e55b2-f16f-11cf-88cb-001111000030}
[19:07:23:903]\\?\hid#vid_046d&pid_0adf&mi_04#7&2ad3f249&0&0000#{4d1e55b2-f16f-11cf-88cb-001111000030}
[19:07:23:903]\\?\hid#intc816&col02#3&207f9b7f&0&0001#{4d1e55b2-f16f-11cf-88cb-001111000030}
[19:07:23:903]\\?\hid#converteddevice&col02#5&17bac0a6&0&0001#{4d1e55b2-f16f-11cf-88cb-001111000030}
[19:07:23:903]\\?\hid#converteddevice&col03#5&17bac0a6&0&0002#{4d1e55b2-f16f-11cf-88cb-001111000030}
[19:07:23:903]\\?\hid#dell09c2&col04#5&bc4dc33&0&0003#{4d1e55b2-f16f-11cf-88cb-001111000030}
[19:07:23:903]\\?\hid#{00001812-0000-1000-8000-00805f9b34fb}_dev_vid&0232c2_pid&0001_rev&0068_ccb624cd66b1#9&326e3aae&0&0000#{4d1e55b2-f16f-11cf-88cb-001111000030}
[19:07:23:903]\\?\hid#dell09c2&col05#5&bc4dc33&0&0004#{4d1e55b2-f16f-11cf-88cb-001111000030}
[19:07:23:903]\\?\hid#vid_046d&pid_0adf&mi_00#7&28ee3ab8&0&0000#{4d1e55b2-f16f-11cf-88cb-001111000030}
[19:07:23:903]\\?\hid#converteddevice&col01#5&17bac0a6&0&0000#{4d1e55b2-f16f-11cf-88cb-001111000030}\kbd
[19:07:23:903]\\?\hid#dell09c2&col01#5&bc4dc33&0&0000#{4d1e55b2-f16f-11cf-88cb-001111000030}
[19:07:23:905]try_path=\\?\hid#vid_046d&pid_0adf&mi_04#7&2ad3f249&0&0000#{4d1e55b2-f16f-11cf-88cb-001111000030}
[19:07:23:911][invalid device][System.Exception]
[19:07:23:915]   at ..connect(String path)
[19:07:23:916]close_hid_handle
[19:07:23:918][connect HID device fail : invalid device][System.Exception]
[19:07:23:918]   at ..connect(String path)
   at ..(String  )
   at ..connect(UInt16 vid, UInt16 pid,  vt)
[19:07:23:918]try_path=\\?\hid#vid_046d&pid_0adf&mi_00#7&28ee3ab8&0&0000#{4d1e55b2-f16f-11cf-88cb-001111000030}
[19:07:23:919]	InputReportByteLength=65
[19:07:23:919]	OutputReportByteLength=65
[19:07:23:919]HID_Connected=\\?\hid#vid_046d&pid_0adf&mi_00#7&28ee3ab8&0&0000#{4d1e55b2-f16f-11cf-88cb-001111000030}
[19:07:23:920][HID_TX]00-84-01-D1-55-01-00-00-00-00-00-00-00-00-00-00-00-00-00-00-00-00-00-00-00-00-00-00-00-00-00-00-00-00-00-00-00-00-00-00-00-00-00-00-00-00-00-00-00-00-00-00-00-00-00-00-00-00-00-00-00-00-00-00-00
[19:07:23:922]HidD_GetInputReport=True
[19:07:23:922]reply_report=00-4F-56-31-2E-36-2E-31-00-00-00-00-00-00-00-00-00-00-00-00-00-00-00-00-00-00-00-00-00-00-00-00-00-00-00-00-00-00-00-00-00-00-00-00-00-00-00-00-00-00-00-00-00-00-00-00-00-00-00-00-00-00-00-00-00
[19:07:23:922][ys_tech] fw_version=V1.6.1
[19:07:23:922]ystech_Power_Saving, is_EnablePowerSaving=False
[19:07:23:922][HID_TX]00-85-01-83-8B-01-00-00-00-00-00-00-00-00-00-00-00-00-00-00-00-00-00-00-00-00-00-00-00-00-00-00-00-00-00-00-00-00-00-00-00-00-00-00-00-00-00-00-00-00-00-00-00-00-00-00-00-00-00-00-00-00-00-00-00
[19:07:23:923]HidD_GetInputReport=True
[19:07:23:923]reply_report=00-4F-00-00-00-00-00-00-00-00-00-00-00-00-00-00-00-00-00-00-00-00-00-00-00-00-00-00-00-00-00-00-00-00-00-00-00-00-00-00-00-00-00-00-00-00-00-00-00-00-00-00-00-00-00-00-00-00-00-00-00-00-00-00-00
[19:07:23:923]HID_CMD_POWER_SAVING_Disable
[19:07:23:923]path_connected=\\?\hid#vid_046d&pid_0adf&mi_00#7&28ee3ab8&0&0000#{4d1e55b2-f16f-11cf-88cb-001111000030}
[19:07:27:470][HID_TX]00-80-06-1C-7D-50-41-0E-01-01-E0-00-00-00-00-00-00-00-00-00-00-00-00-00-00-00-00-00-00-00-00-00-00-00-00-00-00-00-00-00-00-00-00-00-00-00-00-00-00-00-00-00-00-00-00-00-00-00-00-00-00-00-00-00-00
[19:07:27:471]HidD_GetInputReport=True
[19:07:27:471]reply_report=00-4F-00-00-00-00-00-00-00-00-00-00-00-00-00-00-00-00-00-00-00-00-00-00-00-00-00-00-00-00-00-00-00-00-00-00-00-00-00-00-00-00-00-00-00-00-00-00-00-00-00-00-00-00-00-00-00-00-00-00-00-00-00-00-00
[19:07:27:471]50-41-0E-01-01-E0 [CMD_SENT][REMOTE_GET_MODE]
[19:07:27:476][HID_TX_ack]00-19-50-49-01-C0-FB-B1-00-00-03-00-0E-81-00-50-49-0E-C6-00-00-00-00-02-00-E0-00-00-01-00-01-00-01-00-00-00-31-00-01-00-08-00-00-00-00-00-00-00-00-00-00-00-00-00-00-00-00-00-00-00-00-00-00-00-00
[19:07:27:491]REMOTE_GET_MODE=00
[19:07:27:492]50-49-01-C0-FB-B1-00-00-03-00-0E-81-00
[19:07:27:492]50-49-0E-C6-00-00-00-00-02-00-E0-00-
[19:07:27:493][HID_TX]00-80-08-21-B0-50-41-07-02-03-08-00-E4-00-00-00-00-00-00-00-00-00-00-00-00-00-00-00-00-00-00-00-00-00-00-00-00-00-00-00-00-00-00-00-00-00-00-00-00-00-00-00-00-00-00-00-00-00-00-00-00-00-00-00-00
[19:07:27:494]HidD_GetInputReport=True
[19:07:27:494]reply_report=00-4F-00-00-00-00-00-00-00-00-00-00-00-00-00-00-00-00-00-00-00-00-00-00-00-00-00-00-00-00-00-00-00-00-00-00-00-00-00-00-00-00-00-00-00-00-00-00-00-00-00-00-00-00-00-00-00-00-00-00-00-00-00-00-00
[19:07:27:494]50-41-07-02-03-08-00-E4 [CMD_SENT] [CMD_SENT][UNKNOW]
[19:07:27:543][HID_TX_ack]00-0F-50-49-01-C0-33-B2-00-00-05-00-07-82-08-00-00-0E-C6-00-00-00-00-02-00-E0-00-00-01-00-01-00-01-00-00-00-31-00-01-00-08-00-00-00-00-00-00-00-00-00-00-00-00-00-00-00-00-00-00-00-00-00-00-00-00
[19:07:27:543]50-49-01-C0-33-B2-00-00-05-00-07-82-08-00-00
[19:07:32:553][HID_TX]00-80-06-F7-52-50-41-0E-03-01-E0-00-00-00-00-00-00-00-00-00-00-00-00-00-00-00-00-00-00-00-00-00-00-00-00-00-00-00-00-00-00-00-00-00-00-00-00-00-00-00-00-00-00-00-00-00-00-00-00-00-00-00-00-00-00
[19:07:32:554]HidD_GetInputReport=True
[19:07:32:554]reply_report=00-4F-00-00-00-00-00-00-00-00-00-00-00-00-00-00-00-00-00-00-00-00-00-00-00-00-00-00-00-00-00-00-00-00-00-00-00-00-00-00-00-00-00-00-00-00-00-00-00-00-00-00-00-00-00-00-00-00-00-00-00-00-00-00-00
[19:07:32:554]50-41-0E-03-01-E0 [CMD_SENT][REMOTE_GET_MODE]
[19:07:32:557][HID_TX_ack]00-19-50-49-01-C0-1F-C1-00-00-03-00-0E-83-00-50-49-0E-C7-00-00-00-00-02-00-E0-00-00-01-00-01-00-01-00-00-00-31-00-01-00-08-00-00-00-00-00-00-00-00-00-00-00-00-00-00-00-00-00-00-00-00-00-00-00-00
[19:07:32:557]50-49-01-C0-1F-C1-00-00-03-00-0E-83-00
[19:07:32:557]50-49-0E-C7-00-00-00-00-02-00-E0-00-
[19:07:32:557]REMOTE_GET_MODE=00
[19:07:32:557][HID_TX]00-80-08-35-96-50-41-06-04-02-00-43-01-00-00-00-00-00-00-00-00-00-00-00-00-00-00-00-00-00-00-00-00-00-00-00-00-00-00-00-00-00-00-00-00-00-00-00-00-00-00-00-00-00-00-00-00-00-00-00-00-00-00-00-00
[19:07:32:558]HidD_GetInputReport=True
[19:07:32:558]reply_report=00-4F-00-00-00-00-00-00-00-00-00-00-00-00-00-00-00-00-00-00-00-00-00-00-00-00-00-00-00-00-00-00-00-00-00-00-00-00-00-00-00-00-00-00-00-00-00-00-00-00-00-00-00-00-00-00-00-00-00-00-00-00-00-00-00
[19:07:32:558]50-41-06-04-02-00-43-01 [CMD_SENT][CMD_READ_MP_DATA_BY_ID]
[19:07:32:561][HID_TX_ack]00-13-50-49-01-C0-1F-C1-00-00-09-00-06-84-00-49-24-14-09-08-21-00-00-02-00-E0-00-00-01-00-01-00-01-00-00-00-31-00-01-00-08-00-00-00-00-00-00-00-00-00-00-00-00-00-00-00-00-00-00-00-00-00-00-00-00
[19:07:32:561]50-49-01-C0-1F-C1-00-00-09-00-06-84-00-49-24-14-09-08-21
[19:07:33:775][The device is not connected.
][System.IO.IOException]
[19:07:33:775]   at System.IO.__Error.WinIOError(Int32 errorCode, String maybeFullPath)
   at System.IO.FileStream.BeginReadCore(Byte[] bytes, Int32 offset, Int32 numBytes, AsyncCallback userCallback, Object stateObject, Int32 numBufferedBytesRead)
   at System.IO.FileStream.BeginReadAsync(Byte[] array, Int32 offset, Int32 numBytes, AsyncCallback userCallback, Object stateObject)
   at System.IO.FileStream.BeginRead(Byte[] array, Int32 offset, Int32 numBytes, AsyncCallback userCallback, Object stateObject)
   at ..()
[19:07:33:775]ystech_Power_Saving, is_EnablePowerSaving=True
[19:07:33:775][HID_TX]00-85-01-73-56-02-00-00-00-00-00-00-00-00-00-00-00-00-00-00-00-00-00-00-00-00-00-00-00-00-00-00-00-00-00-00-00-00-00-00-00-00-00-00-00-00-00-00-00-00-00-00-00-00-00-00-00-00-00-00-00-00-00-00-00
[19:07:33:781][The device is not connected.
][System.IO.IOException]
[19:07:33:781]   at System.IO.__Error.WinIOError(Int32 errorCode, String maybeFullPath)
   at System.IO.FileStream.BeginWriteCore(Byte[] bytes, Int32 offset, Int32 numBytes, AsyncCallback userCallback, Object stateObject)
   at System.IO.FileStream.WriteCore(Byte[] buffer, Int32 offset, Int32 count)
   at System.IO.FileStream.Write(Byte[] array, Int32 offset, Int32 count)
   at ..(Byte  , Byte[]  )
[19:07:33:784][connect HID device fail : The device is not connected.
][System.Exception]
[19:07:33:784]   at ..(Byte  , Byte[]  )
   at ..(Boolean  )
   at ..close()
[19:07:33:784]close_hid_stream
[19:07:33:787][External component has thrown an exception.][System.Runtime.InteropServices.SEHException]
[19:07:33:787]   at ..(IntPtr  )
   at ..close()
[19:07:48:302]\\?\hid#dell09c2&col02#5&bc4dc33&0&0001#{4d1e55b2-f16f-11cf-88cb-001111000030}
[19:07:48:302]\\?\hid#dell09c2&col03#5&bc4dc33&0&0002#{4d1e55b2-f16f-11cf-88cb-001111000030}
[19:07:48:302]\\?\hid#intc816&col01#3&207f9b7f&0&0000#{4d1e55b2-f16f-11cf-88cb-001111000030}
[19:07:48:302]\\?\hid#vid_046d&pid_0adf&mi_04#7&2ad3f249&0&0000#{4d1e55b2-f16f-11cf-88cb-001111000030}
[19:07:48:302]\\?\hid#intc816&col02#3&207f9b7f&0&0001#{4d1e55b2-f16f-11cf-88cb-001111000030}
[19:07:48:302]\\?\hid#converteddevice&col02#5&17bac0a6&0&0001#{4d1e55b2-f16f-11cf-88cb-001111000030}
[19:07:48:302]\\?\hid#converteddevice&col03#5&17bac0a6&0&0002#{4d1e55b2-f16f-11cf-88cb-001111000030}
[19:07:48:302]\\?\hid#dell09c2&col04#5&bc4dc33&0&0003#{4d1e55b2-f16f-11cf-88cb-001111000030}
[19:07:48:302]\\?\hid#{00001812-0000-1000-8000-00805f9b34fb}_dev_vid&0232c2_pid&0001_rev&0068_ccb624cd66b1#9&326e3aae&0&0000#{4d1e55b2-f16f-11cf-88cb-001111000030}
[19:07:48:302]\\?\hid#dell09c2&col05#5&bc4dc33&0&0004#{4d1e55b2-f16f-11cf-88cb-001111000030}
[19:07:48:302]\\?\hid#vid_046d&pid_0adf&mi_00#7&28ee3ab8&0&0000#{4d1e55b2-f16f-11cf-88cb-001111000030}
[19:07:48:302]\\?\hid#converteddevice&col01#5&17bac0a6&0&0000#{4d1e55b2-f16f-11cf-88cb-001111000030}\kbd
[19:07:48:303]\\?\hid#dell09c2&col01#5&bc4dc33&0&0000#{4d1e55b2-f16f-11cf-88cb-001111000030}
[19:07:48:303]try_path=\\?\hid#vid_046d&pid_0adf&mi_04#7&2ad3f249&0&0000#{4d1e55b2-f16f-11cf-88cb-001111000030}
[19:07:48:307][invalid device][System.Exception]
[19:07:48:307]   at ..connect(String path)
[19:07:48:307]close_hid_handle
[19:07:48:309][connect HID device fail : invalid device][System.Exception]
[19:07:48:309]   at ..connect(String path)
   at ..(String  )
   at ..connect(UInt16 vid, UInt16 pid,  vt)
[19:07:48:309]try_path=\\?\hid#vid_046d&pid_0adf&mi_00#7&28ee3ab8&0&0000#{4d1e55b2-f16f-11cf-88cb-001111000030}
[19:07:48:309]	InputReportByteLength=65
[19:07:48:309]	OutputReportByteLength=65
[19:07:48:309]HID_Connected=\\?\hid#vid_046d&pid_0adf&mi_00#7&28ee3ab8&0&0000#{4d1e55b2-f16f-11cf-88cb-001111000030}
[19:07:48:309][HID_TX]00-84-01-D1-55-01-00-00-00-00-00-00-00-00-00-00-00-00-00-00-00-00-00-00-00-00-00-00-00-00-00-00-00-00-00-00-00-00-00-00-00-00-00-00-00-00-00-00-00-00-00-00-00-00-00-00-00-00-00-00-00-00-00-00-00
[19:07:48:310]HidD_GetInputReport=True
[19:07:48:310]reply_report=00-4F-56-31-2E-36-2E-31-00-00-00-00-00-00-00-00-00-00-00-00-00-00-00-00-00-00-00-00-00-00-00-00-00-00-00-00-00-00-00-00-00-00-00-00-00-00-00-00-00-00-00-00-00-00-00-00-00-00-00-00-00-00-00-00-00
[19:07:48:310][ys_tech] fw_version=V1.6.1
[19:07:48:310]ystech_Power_Saving, is_EnablePowerSaving=False
[19:07:48:310][HID_TX]00-85-01-83-8B-01-00-00-00-00-00-00-00-00-00-00-00-00-00-00-00-00-00-00-00-00-00-00-00-00-00-00-00-00-00-00-00-00-00-00-00-00-00-00-00-00-00-00-00-00-00-00-00-00-00-00-00-00-00-00-00-00-00-00-00
[19:07:48:311]HidD_GetInputReport=True
[19:07:48:311]reply_report=00-4F-00-00-00-00-00-00-00-00-00-00-00-00-00-00-00-00-00-00-00-00-00-00-00-00-00-00-00-00-00-00-00-00-00-00-00-00-00-00-00-00-00-00-00-00-00-00-00-00-00-00-00-00-00-00-00-00-00-00-00-00-00-00-00
[19:07:48:311]HID_CMD_POWER_SAVING_Disable
[19:07:48:311]path_connected=\\?\hid#vid_046d&pid_0adf&mi_00#7&28ee3ab8&0&0000#{4d1e55b2-f16f-11cf-88cb-001111000030}
[19:07:48:311][HID_TX]00-80-06-95-4D-50-41-0E-05-01-E3-00-00-00-00-00-00-00-00-00-00-00-00-00-00-00-00-00-00-00-00-00-00-00-00-00-00-00-00-00-00-00-00-00-00-00-00-00-00-00-00-00-00-00-00-00-00-00-00-00-00-00-00-00-00
[19:07:48:312]HidD_GetInputReport=True
[19:07:48:312]reply_report=00-4F-00-00-00-00-00-00-00-00-00-00-00-00-00-00-00-00-00-00-00-00-00-00-00-00-00-00-00-00-00-00-00-00-00-00-00-00-00-00-00-00-00-00-00-00-00-00-00-00-00-00-00-00-00-00-00-00-00-00-00-00-00-00-00
[19:07:48:312]50-41-0E-05-01-E3 [CMD_SENT][REMOTE_GET_CONNECT_STATUS]
[19:07:48:314][HID_TX_ack]00-19-50-49-01-C0-FA-23-00-00-03-00-0E-85-00-50-49-0E-C4-00-00-00-00-02-00-E3-00-00-01-00-01-00-01-00-00-00-31-00-01-00-08-00-00-00-00-00-00-00-00-00-00-00-00-00-00-00-00-00-00-00-00-00-00-00-00
[19:07:48:314]50-49-01-C0-FA-23-00-00-03-00-0E-85-00
[19:07:48:314]50-49-0E-C4-00-00-00-00-02-00-E3-00-
[19:07:48:314]REMOTE_GET_CONNECT_STATUS=00
[19:07:49:325][HID_TX]00-80-07-44-66-50-41-0E-06-02-E1-00-00-00-00-00-00-00-00-00-00-00-00-00-00-00-00-00-00-00-00-00-00-00-00-00-00-00-00-00-00-00-00-00-00-00-00-00-00-00-00-00-00-00-00-00-00-00-00-00-00-00-00-00-00
[19:07:49:327]HidD_GetInputReport=True
[19:07:49:327]reply_report=00-4F-00-00-00-00-00-00-00-00-00-00-00-00-00-00-00-00-00-00-00-00-00-00-00-00-00-00-00-00-00-00-00-00-00-00-00-00-00-00-00-00-00-00-00-00-00-00-00-00-00-00-00-00-00-00-00-00-00-00-00-00-00-00-00
[19:07:49:327]50-41-0E-06-02-E1-00 [CMD_SENT][REMOTE_SET_MODE] is_remote=False
[19:07:49:330][HID_TX_ack]00-0D-50-49-01-C0-26-27-00-00-03-00-0E-86-00-50-49-0E-C4-00-00-00-00-02-00-E3-00-00-01-00-01-00-01-00-00-00-31-00-01-00-08-00-00-00-00-00-00-00-00-00-00-00-00-00-00-00-00-00-00-00-00-00-00-00-00
[19:07:49:330]50-49-01-C0-26-27-00-00-03-00-0E-86-00
[19:07:49:330]ystech_Power_Saving, is_EnablePowerSaving=True
[19:07:49:330][HID_TX]00-85-01-73-56-02-00-00-00-00-00-00-00-00-00-00-00-00-00-00-00-00-00-00-00-00-00-00-00-00-00-00-00-00-00-00-00-00-00-00-00-00-00-00-00-00-00-00-00-00-00-00-00-00-00-00-00-00-00-00-00-00-00-00-00
[19:07:49:331]HidD_GetInputReport=True
[19:07:49:331]reply_report=00-4F-00-00-00-00-00-00-00-00-00-00-00-00-00-00-00-00-00-00-00-00-00-00-00-00-00-00-00-00-00-00-00-00-00-00-00-00-00-00-00-00-00-00-00-00-00-00-00-00-00-00-00-00-00-00-00-00-00-00-00-00-00-00-00
[19:07:49:331]HID_CMD_POWER_SAVING_Enable
[19:07:49:331]close_hid_stream
[19:07:49:331]close_hid_handle
