[18:18:59:001]\\?\hid#dell09c2&col02#5&bc4dc33&0&0001#{4d1e55b2-f16f-11cf-88cb-001111000030}
[18:18:59:001]\\?\hid#dell09c2&col03#5&bc4dc33&0&0002#{4d1e55b2-f16f-11cf-88cb-001111000030}
[18:18:59:001]\\?\hid#intc816&col01#3&207f9b7f&0&0000#{4d1e55b2-f16f-11cf-88cb-001111000030}
[18:18:59:001]\\?\hid#vid_046d&pid_0adf&mi_04#7&2ad3f249&0&0000#{4d1e55b2-f16f-11cf-88cb-001111000030}
[18:18:59:001]\\?\hid#intc816&col02#3&207f9b7f&0&0001#{4d1e55b2-f16f-11cf-88cb-001111000030}
[18:18:59:001]\\?\hid#converteddevice&col02#5&17bac0a6&0&0001#{4d1e55b2-f16f-11cf-88cb-001111000030}
[18:18:59:001]\\?\hid#converteddevice&col03#5&17bac0a6&0&0002#{4d1e55b2-f16f-11cf-88cb-001111000030}
[18:18:59:001]\\?\hid#dell09c2&col04#5&bc4dc33&0&0003#{4d1e55b2-f16f-11cf-88cb-001111000030}
[18:18:59:001]\\?\hid#dell09c2&col05#5&bc4dc33&0&0004#{4d1e55b2-f16f-11cf-88cb-001111000030}
[18:18:59:001]\\?\hid#vid_046d&pid_0adf&mi_00#7&28ee3ab8&0&0000#{4d1e55b2-f16f-11cf-88cb-001111000030}
[18:18:59:002]\\?\hid#converteddevice&col01#5&17bac0a6&0&0000#{4d1e55b2-f16f-11cf-88cb-001111000030}\kbd
[18:18:59:002]\\?\hid#dell09c2&col01#5&bc4dc33&0&0000#{4d1e55b2-f16f-11cf-88cb-001111000030}
[18:18:59:002]\\?\hid#vid_413c&pid_301a#6&3b68e75b&0&0000#{4d1e55b2-f16f-11cf-88cb-001111000030}
[18:18:59:003]try_path=\\?\hid#vid_046d&pid_0adf&mi_04#7&2ad3f249&0&0000#{4d1e55b2-f16f-11cf-88cb-001111000030}
[18:18:59:014][invalid device][System.Exception]
[18:18:59:018]   at ..connect(String path)
[18:18:59:019]close_hid_handle
[18:18:59:021][connect HID device fail : invalid device][System.Exception]
[18:18:59:021]   at ..connect(String path)
   at ..(String  )
   at ..connect(UInt16 vid, UInt16 pid,  vt)
[18:18:59:021]try_path=\\?\hid#vid_046d&pid_0adf&mi_00#7&28ee3ab8&0&0000#{4d1e55b2-f16f-11cf-88cb-001111000030}
[18:18:59:022]	InputReportByteLength=65
[18:18:59:022]	OutputReportByteLength=65
[18:18:59:023]HID_Connected=\\?\hid#vid_046d&pid_0adf&mi_00#7&28ee3ab8&0&0000#{4d1e55b2-f16f-11cf-88cb-001111000030}
[18:18:59:023][HID_TX]00-84-01-D1-55-01-00-00-00-00-00-00-00-00-00-00-00-00-00-00-00-00-00-00-00-00-00-00-00-00-00-00-00-00-00-00-00-00-00-00-00-00-00-00-00-00-00-00-00-00-00-00-00-00-00-00-00-00-00-00-00-00-00-00-00
[18:18:59:025]HidD_GetInputReport=True
[18:18:59:025]reply_report=00-4F-56-31-2E-36-2E-31-00-00-00-00-00-00-00-00-00-00-00-00-00-00-00-00-00-00-00-00-00-00-00-00-00-00-00-00-00-00-00-00-00-00-00-00-00-00-00-00-00-00-00-00-00-00-00-00-00-00-00-00-00-00-00-00-00
[18:18:59:025][ys_tech] fw_version=V1.6.1
[18:18:59:026]ystech_Power_Saving, is_EnablePowerSaving=False
[18:18:59:026][HID_TX]00-85-01-83-8B-01-00-00-00-00-00-00-00-00-00-00-00-00-00-00-00-00-00-00-00-00-00-00-00-00-00-00-00-00-00-00-00-00-00-00-00-00-00-00-00-00-00-00-00-00-00-00-00-00-00-00-00-00-00-00-00-00-00-00-00
[18:18:59:030]HidD_GetInputReport=True
[18:18:59:030]reply_report=00-4F-00-00-00-00-00-00-00-00-00-00-00-00-00-00-00-00-00-00-00-00-00-00-00-00-00-00-00-00-00-00-00-00-00-00-00-00-00-00-00-00-00-00-00-00-00-00-00-00-00-00-00-00-00-00-00-00-00-00-00-00-00-00-00
[18:18:59:030]HID_CMD_POWER_SAVING_Disable
[18:18:59:030]path_connected=\\?\hid#vid_046d&pid_0adf&mi_00#7&28ee3ab8&0&0000#{4d1e55b2-f16f-11cf-88cb-001111000030}
[18:18:59:292][HID_TX_ack]00-0D-50-49-01-C0-D8-00-04-00-03-00-11-9E-11-00-00-00-DB-00-00-00-00-02-00-E0-01-00-01-00-01-00-01-00-00-00-31-00-01-00-0C-00-00-00-00-00-00-00-00-00-00-00-00-00-00-00-00-00-00-00-00-00-00-00-00
[18:18:59:296]50-49-01-C0-D8-00-04-00-03-00-11-9E-11
[18:18:59:297][HID_TX_ack]00-0D-50-49-01-C0-DE-00-04-00-03-00-11-9F-11-00-00-00-DB-00-00-00-00-02-00-E0-01-00-01-00-01-00-01-00-00-00-31-00-01-00-0C-00-00-00-00-00-00-00-00-00-00-00-00-00-00-00-00-00-00-00-00-00-00-00-00
[18:18:59:297]50-49-01-C0-DE-00-04-00-03-00-11-9F-11
[18:18:59:307][HID_TX_ack]00-0D-50-49-01-C0-E6-00-04-00-03-00-11-A0-11-00-00-00-DB-00-00-00-00-02-00-E0-01-00-01-00-01-00-01-00-00-00-31-00-01-00-0C-00-00-00-00-00-00-00-00-00-00-00-00-00-00-00-00-00-00-00-00-00-00-00-00
[18:18:59:307]50-49-01-C0-E6-00-04-00-03-00-11-A0-11
[18:18:59:316][HID_TX_ack]00-0D-50-49-01-C0-ED-00-04-00-03-00-11-A1-11-00-00-00-DB-00-00-00-00-02-00-E0-01-00-01-00-01-00-01-00-00-00-31-00-01-00-0C-00-00-00-00-00-00-00-00-00-00-00-00-00-00-00-00-00-00-00-00-00-00-00-00
[18:18:59:316]50-49-01-C0-ED-00-04-00-03-00-11-A1-11
[18:18:59:329][HID_TX_ack]00-0D-50-49-01-C0-F7-00-04-00-03-00-11-A2-11-00-00-00-DB-00-00-00-00-02-00-E0-01-00-01-00-01-00-01-00-00-00-31-00-01-00-0C-00-00-00-00-00-00-00-00-00-00-00-00-00-00-00-00-00-00-00-00-00-00-00-00
[18:18:59:329]50-49-01-C0-F7-00-04-00-03-00-11-A2-11
[18:18:59:577][HID_TX_ack]00-0D-50-49-01-C0-BE-01-04-00-03-00-11-A3-11-00-00-00-DB-00-00-00-00-02-00-E0-01-00-01-00-01-00-01-00-00-00-31-00-01-00-0C-00-00-00-00-00-00-00-00-00-00-00-00-00-00-00-00-00-00-00-00-00-00-00-00
[18:18:59:577]50-49-01-C0-BE-01-04-00-03-00-11-A3-11
[18:18:59:593][HID_TX_ack]00-0D-50-49-01-C0-CA-01-04-00-03-00-11-A4-11-00-00-00-DB-00-00-00-00-02-00-E0-01-00-01-00-01-00-01-00-00-00-31-00-01-00-0C-00-00-00-00-00-00-00-00-00-00-00-00-00-00-00-00-00-00-00-00-00-00-00-00
[18:18:59:593]50-49-01-C0-CA-01-04-00-03-00-11-A4-11
[18:18:59:602][HID_TX_ack]00-0D-50-49-01-C0-D2-01-04-00-03-00-11-A5-11-00-00-00-DB-00-00-00-00-02-00-E0-01-00-01-00-01-00-01-00-00-00-31-00-01-00-0C-00-00-00-00-00-00-00-00-00-00-00-00-00-00-00-00-00-00-00-00-00-00-00-00
[18:18:59:602]50-49-01-C0-D2-01-04-00-03-00-11-A5-11
[18:18:59:610][HID_TX_ack]00-0D-50-49-01-C0-D9-01-04-00-03-00-11-A6-11-00-00-00-DB-00-00-00-00-02-00-E0-01-00-01-00-01-00-01-00-00-00-31-00-01-00-0C-00-00-00-00-00-00-00-00-00-00-00-00-00-00-00-00-00-00-00-00-00-00-00-00
[18:18:59:610]50-49-01-C0-D9-01-04-00-03-00-11-A6-11
[18:18:59:620][HID_TX_ack]00-0D-50-49-01-C0-E0-01-04-00-03-00-11-A7-11-00-00-00-DB-00-00-00-00-02-00-E0-01-00-01-00-01-00-01-00-00-00-31-00-01-00-0C-00-00-00-00-00-00-00-00-00-00-00-00-00-00-00-00-00-00-00-00-00-00-00-00
[18:18:59:620]50-49-01-C0-E0-01-04-00-03-00-11-A7-11
[18:18:59:634][HID_TX_ack]00-0D-50-49-01-C0-EB-01-04-00-03-00-11-A8-11-00-00-00-DB-00-00-00-00-02-00-E0-01-00-01-00-01-00-01-00-00-00-31-00-01-00-0C-00-00-00-00-00-00-00-00-00-00-00-00-00-00-00-00-00-00-00-00-00-00-00-00
[18:18:59:634]50-49-01-C0-EB-01-04-00-03-00-11-A8-11
[18:19:00:040][HID_TX]00-80-06-43-12-50-41-0E-01-01-E3-00-00-00-00-00-00-00-00-00-00-00-00-00-00-00-00-00-00-00-00-00-00-00-00-00-00-00-00-00-00-00-00-00-00-00-00-00-00-00-00-00-00-00-00-00-00-00-00-00-00-00-00-00-00
[18:19:00:041]HidD_GetInputReport=True
[18:19:00:041]reply_report=00-4F-00-00-00-00-00-00-00-00-00-00-00-00-00-00-00-00-00-00-00-00-00-00-00-00-00-00-00-00-00-00-00-00-00-00-00-00-00-00-00-00-00-00-00-00-00-00-00-00-00-00-00-00-00-00-00-00-00-00-00-00-00-00-00
[18:19:00:041]50-41-0E-01-01-E3 [CMD_SENT][REMOTE_GET_CONNECT_STATUS]
[18:19:00:045][HID_TX_ack]00-19-50-49-01-C0-33-03-04-00-03-00-0E-81-00-50-49-0E-DD-00-00-00-00-02-00-E3-01-00-01-00-01-00-01-00-00-00-31-00-01-00-0C-00-00-00-00-00-00-00-00-00-00-00-00-00-00-00-00-00-00-00-00-00-00-00-00
[18:19:00:054]REMOTE_GET_CONNECT_STATUS=01
[18:19:00:054]50-49-01-C0-33-03-04-00-03-00-0E-81-00
[18:19:00:054]50-49-0E-DD-00-00-00-00-02-00-E3-01-
[18:19:01:066][HID_TX]00-80-07-92-39-50-41-0E-02-02-E1-00-00-00-00-00-00-00-00-00-00-00-00-00-00-00-00-00-00-00-00-00-00-00-00-00-00-00-00-00-00-00-00-00-00-00-00-00-00-00-00-00-00-00-00-00-00-00-00-00-00-00-00-00-00
[18:19:01:067]HidD_GetInputReport=True
[18:19:01:067]reply_report=00-4F-00-00-00-00-00-00-00-00-00-00-00-00-00-00-00-00-00-00-00-00-00-00-00-00-00-00-00-00-00-00-00-00-00-00-00-00-00-00-00-00-00-00-00-00-00-00-00-00-00-00-00-00-00-00-00-00-00-00-00-00-00-00-00
[18:19:01:067]50-41-0E-02-02-E1-00 [CMD_SENT][REMOTE_SET_MODE] is_remote=False
[18:19:01:069][HID_TX_ack]00-0D-50-49-01-C0-68-06-04-00-03-00-0E-82-00-50-49-0E-DD-00-00-00-00-02-00-E3-01-00-01-00-01-00-01-00-00-00-31-00-01-00-0C-00-00-00-00-00-00-00-00-00-00-00-00-00-00-00-00-00-00-00-00-00-00-00-00
[18:19:01:069]50-49-01-C0-68-06-04-00-03-00-0E-82-00
[18:19:01:069]ystech_Power_Saving, is_EnablePowerSaving=True
[18:19:01:070][HID_TX]00-85-01-73-56-02-00-00-00-00-00-00-00-00-00-00-00-00-00-00-00-00-00-00-00-00-00-00-00-00-00-00-00-00-00-00-00-00-00-00-00-00-00-00-00-00-00-00-00-00-00-00-00-00-00-00-00-00-00-00-00-00-00-00-00
[18:19:01:071]HidD_GetInputReport=True
[18:19:01:071]reply_report=00-4F-00-00-00-00-00-00-00-00-00-00-00-00-00-00-00-00-00-00-00-00-00-00-00-00-00-00-00-00-00-00-00-00-00-00-00-00-00-00-00-00-00-00-00-00-00-00-00-00-00-00-00-00-00-00-00-00-00-00-00-00-00-00-00
[18:19:01:071]HID_CMD_POWER_SAVING_Enable
[18:19:01:071]close_hid_stream
[18:19:01:071]close_hid_handle
[18:19:05:174]\\?\hid#dell09c2&col02#5&bc4dc33&0&0001#{4d1e55b2-f16f-11cf-88cb-001111000030}
[18:19:05:174]\\?\hid#dell09c2&col03#5&bc4dc33&0&0002#{4d1e55b2-f16f-11cf-88cb-001111000030}
[18:19:05:174]\\?\hid#intc816&col01#3&207f9b7f&0&0000#{4d1e55b2-f16f-11cf-88cb-001111000030}
[18:19:05:174]\\?\hid#vid_046d&pid_0adf&mi_04#7&2ad3f249&0&0000#{4d1e55b2-f16f-11cf-88cb-001111000030}
[18:19:05:174]\\?\hid#intc816&col02#3&207f9b7f&0&0001#{4d1e55b2-f16f-11cf-88cb-001111000030}
[18:19:05:174]\\?\hid#converteddevice&col02#5&17bac0a6&0&0001#{4d1e55b2-f16f-11cf-88cb-001111000030}
[18:19:05:174]\\?\hid#converteddevice&col03#5&17bac0a6&0&0002#{4d1e55b2-f16f-11cf-88cb-001111000030}
[18:19:05:174]\\?\hid#dell09c2&col04#5&bc4dc33&0&0003#{4d1e55b2-f16f-11cf-88cb-001111000030}
[18:19:05:174]\\?\hid#dell09c2&col05#5&bc4dc33&0&0004#{4d1e55b2-f16f-11cf-88cb-001111000030}
[18:19:05:174]\\?\hid#vid_046d&pid_0adf&mi_00#7&28ee3ab8&0&0000#{4d1e55b2-f16f-11cf-88cb-001111000030}
[18:19:05:174]\\?\hid#converteddevice&col01#5&17bac0a6&0&0000#{4d1e55b2-f16f-11cf-88cb-001111000030}\kbd
[18:19:05:174]\\?\hid#dell09c2&col01#5&bc4dc33&0&0000#{4d1e55b2-f16f-11cf-88cb-001111000030}
[18:19:05:174]\\?\hid#vid_413c&pid_301a#6&3b68e75b&0&0000#{4d1e55b2-f16f-11cf-88cb-001111000030}
[18:19:05:174]try_path=\\?\hid#vid_046d&pid_0adf&mi_04#7&2ad3f249&0&0000#{4d1e55b2-f16f-11cf-88cb-001111000030}
[18:19:05:177][invalid device][System.Exception]
[18:19:05:177]   at ..connect(String path)
[18:19:05:177]close_hid_handle
[18:19:05:179][connect HID device fail : invalid device][System.Exception]
[18:19:05:179]   at ..connect(String path)
   at ..(String  )
   at ..connect(UInt16 vid, UInt16 pid,  vt)
[18:19:05:179]try_path=\\?\hid#vid_046d&pid_0adf&mi_00#7&28ee3ab8&0&0000#{4d1e55b2-f16f-11cf-88cb-001111000030}
[18:19:05:180]	InputReportByteLength=65
[18:19:05:180]	OutputReportByteLength=65
[18:19:05:180]HID_Connected=\\?\hid#vid_046d&pid_0adf&mi_00#7&28ee3ab8&0&0000#{4d1e55b2-f16f-11cf-88cb-001111000030}
[18:19:05:180][HID_TX]00-84-01-D1-55-01-00-00-00-00-00-00-00-00-00-00-00-00-00-00-00-00-00-00-00-00-00-00-00-00-00-00-00-00-00-00-00-00-00-00-00-00-00-00-00-00-00-00-00-00-00-00-00-00-00-00-00-00-00-00-00-00-00-00-00
[18:19:05:180]HidD_GetInputReport=True
[18:19:05:180]reply_report=00-4F-56-31-2E-36-2E-31-00-00-00-00-00-00-00-00-00-00-00-00-00-00-00-00-00-00-00-00-00-00-00-00-00-00-00-00-00-00-00-00-00-00-00-00-00-00-00-00-00-00-00-00-00-00-00-00-00-00-00-00-00-00-00-00-00
[18:19:05:180][ys_tech] fw_version=V1.6.1
[18:19:05:180]ystech_Power_Saving, is_EnablePowerSaving=False
[18:19:05:180][HID_TX]00-85-01-83-8B-01-00-00-00-00-00-00-00-00-00-00-00-00-00-00-00-00-00-00-00-00-00-00-00-00-00-00-00-00-00-00-00-00-00-00-00-00-00-00-00-00-00-00-00-00-00-00-00-00-00-00-00-00-00-00-00-00-00-00-00
[18:19:05:181]HidD_GetInputReport=True
[18:19:05:181]reply_report=00-4F-00-00-00-00-00-00-00-00-00-00-00-00-00-00-00-00-00-00-00-00-00-00-00-00-00-00-00-00-00-00-00-00-00-00-00-00-00-00-00-00-00-00-00-00-00-00-00-00-00-00-00-00-00-00-00-00-00-00-00-00-00-00-00
[18:19:05:181]HID_CMD_POWER_SAVING_Disable
[18:19:05:181]path_connected=\\?\hid#vid_046d&pid_0adf&mi_00#7&28ee3ab8&0&0000#{4d1e55b2-f16f-11cf-88cb-001111000030}
[18:19:05:181][HID_TX]00-80-06-A8-3D-50-41-0E-03-01-E3-00-00-00-00-00-00-00-00-00-00-00-00-00-00-00-00-00-00-00-00-00-00-00-00-00-00-00-00-00-00-00-00-00-00-00-00-00-00-00-00-00-00-00-00-00-00-00-00-00-00-00-00-00-00
[18:19:05:182]HidD_GetInputReport=True
[18:19:05:182]reply_report=00-4F-00-00-00-00-00-00-00-00-00-00-00-00-00-00-00-00-00-00-00-00-00-00-00-00-00-00-00-00-00-00-00-00-00-00-00-00-00-00-00-00-00-00-00-00-00-00-00-00-00-00-00-00-00-00-00-00-00-00-00-00-00-00-00
[18:19:05:182]50-41-0E-03-01-E3 [CMD_SENT][REMOTE_GET_CONNECT_STATUS]
[18:19:05:185][HID_TX_ack]00-19-50-49-01-C0-44-13-04-00-03-00-0E-83-00-50-49-0E-DE-00-00-00-00-02-00-E3-01-00-01-00-01-00-01-00-00-00-31-00-01-00-0C-00-00-00-00-00-00-00-00-00-00-00-00-00-00-00-00-00-00-00-00-00-00-00-00
[18:19:05:185]50-49-01-C0-44-13-04-00-03-00-0E-83-00
[18:19:05:185]REMOTE_GET_CONNECT_STATUS=01
[18:19:05:185]50-49-0E-DE-00-00-00-00-02-00-E3-01-
[18:19:05:185][HID_TX]00-80-07-C8-D5-50-41-0E-04-02-E1-01-00-00-00-00-00-00-00-00-00-00-00-00-00-00-00-00-00-00-00-00-00-00-00-00-00-00-00-00-00-00-00-00-00-00-00-00-00-00-00-00-00-00-00-00-00-00-00-00-00-00-00-00-00
[18:19:05:186]HidD_GetInputReport=True
[18:19:05:186]reply_report=00-4F-00-00-00-00-00-00-00-00-00-00-00-00-00-00-00-00-00-00-00-00-00-00-00-00-00-00-00-00-00-00-00-00-00-00-00-00-00-00-00-00-00-00-00-00-00-00-00-00-00-00-00-00-00-00-00-00-00-00-00-00-00-00-00
[18:19:05:186]50-41-0E-04-02-E1-01 [CMD_SENT][REMOTE_SET_MODE] is_remote=True
[18:19:05:189][HID_TX_ack]00-0D-50-49-01-C0-47-13-04-00-03-00-0E-84-00-50-49-0E-DE-00-00-00-00-02-00-E3-01-00-01-00-01-00-01-00-00-00-31-00-01-00-0C-00-00-00-00-00-00-00-00-00-00-00-00-00-00-00-00-00-00-00-00-00-00-00-00
[18:19:05:189]50-49-01-C0-47-13-04-00-03-00-0E-84-00
[18:19:05:189][HID_TX]00-80-13-95-A9-50-41-06-05-0D-00-25-34-12-5A-5A-01-00-00-00-F0-00-00-00-00-00-00-00-00-00-00-00-00-00-00-00-00-00-00-00-00-00-00-00-00-00-00-00-00-00-00-00-00-00-00-00-00-00-00-00-00-00-00-00-00
[18:19:05:190]HidD_GetInputReport=True
[18:19:05:190]reply_report=00-4F-00-00-00-00-00-00-00-00-00-00-00-00-00-00-00-00-00-00-00-00-00-00-00-00-00-00-00-00-00-00-00-00-00-00-00-00-00-00-00-00-00-00-00-00-00-00-00-00-00-00-00-00-00-00-00-00-00-00-00-00-00-00-00
[18:19:05:190]50-41-06-05-0D-00-25-34-12-5A-5A-01-00-00-00-F0-00-00-00 [CMD_SENT][OTA_CMD_IOCTL][READ_MAX_LEN]
[18:19:05:212][HID_TX_ack]00-11-50-49-01-DF-F0-32-04-00-07-00-06-85-00-F0-00-00-00-00-00-00-00-02-00-E3-01-00-01-00-01-00-01-00-00-00-31-00-01-00-0C-00-00-00-00-00-00-00-00-00-00-00-00-00-00-00-00-00-00-00-00-00-00-00-00
[18:19:05:212]50-49-01-DF-F0-32-04-00-07-00-06-85-00-F0-00-00-00
[18:19:05:215][HID_TX]00-80-06-C4-92-50-41-0E-06-01-E0-00-00-00-00-00-00-00-00-00-00-00-00-00-00-00-00-00-00-00-00-00-00-00-00-00-00-00-00-00-00-00-00-00-00-00-00-00-00-00-00-00-00-00-00-00-00-00-00-00-00-00-00-00-00
[18:19:05:216]HidD_GetInputReport=True
[18:19:05:216]reply_report=00-4F-00-00-00-00-00-00-00-00-00-00-00-00-00-00-00-00-00-00-00-00-00-00-00-00-00-00-00-00-00-00-00-00-00-00-00-00-00-00-00-00-00-00-00-00-00-00-00-00-00-00-00-00-00-00-00-00-00-00-00-00-00-00-00
[18:19:05:217]50-41-0E-06-01-E0 [CMD_SENT][REMOTE_GET_MODE]
[18:19:05:219][HID_TX_ack]00-19-50-49-01-C0-5F-13-04-00-03-00-0E-86-00-50-49-0E-E0-00-00-00-00-02-00-E0-01-00-01-00-01-00-01-00-00-00-31-00-01-00-0C-00-00-00-00-00-00-00-00-00-00-00-00-00-00-00-00-00-00-00-00-00-00-00-00
[18:19:05:219]50-49-01-C0-5F-13-04-00-03-00-0E-86-00
[18:19:05:219]50-49-0E-E0-00-00-00-00-02-00-E0-01-
[18:19:05:219]REMOTE_GET_MODE=01
[18:19:05:222][HID_TX]00-80-0E-73-B2-50-41-04-07-09-09-00-00-00-01-00-00-00-00-00-00-00-00-00-00-00-00-00-00-00-00-00-00-00-00-00-00-00-00-00-00-00-00-00-00-00-00-00-00-00-00-00-00-00-00-00-00-00-00-00-00-00-00-00-00
[18:19:05:223]HidD_GetInputReport=True
[18:19:05:223]reply_report=00-4F-00-00-00-00-00-00-00-00-00-00-00-00-00-00-00-00-00-00-00-00-00-00-00-00-00-00-00-00-00-00-00-00-00-00-00-00-00-00-00-00-00-00-00-00-00-00-00-00-00-00-00-00-00-00-00-00-00-00-00-00-00-00-00
[18:19:05:223]50-41-04-07-09-09-00-00-00-01-00-00-00-00 [CMD_SENT][HID_AW_HANDSET_MIC_NR_ENABLE]
[18:19:05:236][HID_TX_ack]00-10-50-49-01-E1-03-33-04-00-06-00-04-87-00-00-00-00-E0-00-00-00-00-02-00-E0-01-00-01-00-01-00-01-00-00-00-31-00-01-00-0C-00-00-00-00-00-00-00-00-00-00-00-00-00-00-00-00-00-00-00-00-00-00-00-00
[18:19:05:236]50-49-01-E1-03-33-04-00-06-00-04-87-00-00-00-00
[18:19:05:236][HID_TX]00-80-07-A1-F9-50-41-0E-07-02-E1-00-00-00-00-00-00-00-00-00-00-00-00-00-00-00-00-00-00-00-00-00-00-00-00-00-00-00-00-00-00-00-00-00-00-00-00-00-00-00-00-00-00-00-00-00-00-00-00-00-00-00-00-00-00
[18:19:05:237]HidD_GetInputReport=True
[18:19:05:237]reply_report=00-4F-00-00-00-00-00-00-00-00-00-00-00-00-00-00-00-00-00-00-00-00-00-00-00-00-00-00-00-00-00-00-00-00-00-00-00-00-00-00-00-00-00-00-00-00-00-00-00-00-00-00-00-00-00-00-00-00-00-00-00-00-00-00-00
[18:19:05:237]50-41-0E-07-02-E1-00 [CMD_SENT][REMOTE_SET_MODE] is_remote=False
[18:19:05:240][HID_TX_ack]00-0D-50-49-01-C0-70-13-04-00-03-00-0E-87-00-00-00-00-E0-00-00-00-00-02-00-E0-01-00-01-00-01-00-01-00-00-00-31-00-01-00-0C-00-00-00-00-00-00-00-00-00-00-00-00-00-00-00-00-00-00-00-00-00-00-00-00
[18:19:05:240]50-49-01-C0-70-13-04-00-03-00-0E-87-00
[18:19:05:240]ystech_Power_Saving, is_EnablePowerSaving=True
[18:19:05:240][HID_TX]00-85-01-73-56-02-00-00-00-00-00-00-00-00-00-00-00-00-00-00-00-00-00-00-00-00-00-00-00-00-00-00-00-00-00-00-00-00-00-00-00-00-00-00-00-00-00-00-00-00-00-00-00-00-00-00-00-00-00-00-00-00-00-00-00
[18:19:05:241]HidD_GetInputReport=True
[18:19:05:241]reply_report=00-4F-00-00-00-00-00-00-00-00-00-00-00-00-00-00-00-00-00-00-00-00-00-00-00-00-00-00-00-00-00-00-00-00-00-00-00-00-00-00-00-00-00-00-00-00-00-00-00-00-00-00-00-00-00-00-00-00-00-00-00-00-00-00-00
[18:19:05:241]HID_CMD_POWER_SAVING_Enable
[18:19:05:241]close_hid_stream
[18:19:05:241]close_hid_handle
[18:19:06:256]\\?\hid#dell09c2&col02#5&bc4dc33&0&0001#{4d1e55b2-f16f-11cf-88cb-001111000030}
[18:19:06:256]\\?\hid#dell09c2&col03#5&bc4dc33&0&0002#{4d1e55b2-f16f-11cf-88cb-001111000030}
[18:19:06:256]\\?\hid#intc816&col01#3&207f9b7f&0&0000#{4d1e55b2-f16f-11cf-88cb-001111000030}
[18:19:06:256]\\?\hid#vid_046d&pid_0adf&mi_04#7&2ad3f249&0&0000#{4d1e55b2-f16f-11cf-88cb-001111000030}
[18:19:06:256]\\?\hid#intc816&col02#3&207f9b7f&0&0001#{4d1e55b2-f16f-11cf-88cb-001111000030}
[18:19:06:256]\\?\hid#converteddevice&col02#5&17bac0a6&0&0001#{4d1e55b2-f16f-11cf-88cb-001111000030}
[18:19:06:256]\\?\hid#converteddevice&col03#5&17bac0a6&0&0002#{4d1e55b2-f16f-11cf-88cb-001111000030}
[18:19:06:256]\\?\hid#dell09c2&col04#5&bc4dc33&0&0003#{4d1e55b2-f16f-11cf-88cb-001111000030}
[18:19:06:256]\\?\hid#dell09c2&col05#5&bc4dc33&0&0004#{4d1e55b2-f16f-11cf-88cb-001111000030}
[18:19:06:256]\\?\hid#vid_046d&pid_0adf&mi_00#7&28ee3ab8&0&0000#{4d1e55b2-f16f-11cf-88cb-001111000030}
[18:19:06:256]\\?\hid#converteddevice&col01#5&17bac0a6&0&0000#{4d1e55b2-f16f-11cf-88cb-001111000030}\kbd
[18:19:06:256]\\?\hid#dell09c2&col01#5&bc4dc33&0&0000#{4d1e55b2-f16f-11cf-88cb-001111000030}
[18:19:06:256]\\?\hid#vid_413c&pid_301a#6&3b68e75b&0&0000#{4d1e55b2-f16f-11cf-88cb-001111000030}
[18:19:06:256]try_path=\\?\hid#vid_046d&pid_0adf&mi_04#7&2ad3f249&0&0000#{4d1e55b2-f16f-11cf-88cb-001111000030}
[18:19:06:260][invalid device][System.Exception]
[18:19:06:260]   at ..connect(String path)
[18:19:06:264][External component has thrown an exception.][System.Runtime.InteropServices.SEHException]
[18:19:06:264]   at ..(IntPtr  )
   at ..close()
[18:19:06:266][connect HID device fail : invalid device][System.Exception]
[18:19:06:266]   at ..connect(String path)
   at ..(String  )
   at ..connect(UInt16 vid, UInt16 pid,  vt)
[18:19:06:266]try_path=\\?\hid#vid_046d&pid_0adf&mi_00#7&28ee3ab8&0&0000#{4d1e55b2-f16f-11cf-88cb-001111000030}
[18:19:06:266]	InputReportByteLength=65
[18:19:06:266]	OutputReportByteLength=65
[18:19:06:266]HID_Connected=\\?\hid#vid_046d&pid_0adf&mi_00#7&28ee3ab8&0&0000#{4d1e55b2-f16f-11cf-88cb-001111000030}
[18:19:06:266][HID_TX]00-84-01-D1-55-01-00-00-00-00-00-00-00-00-00-00-00-00-00-00-00-00-00-00-00-00-00-00-00-00-00-00-00-00-00-00-00-00-00-00-00-00-00-00-00-00-00-00-00-00-00-00-00-00-00-00-00-00-00-00-00-00-00-00-00
[18:19:06:267]HidD_GetInputReport=True
[18:19:06:267]reply_report=00-4F-56-31-2E-36-2E-31-00-00-00-00-00-00-00-00-00-00-00-00-00-00-00-00-00-00-00-00-00-00-00-00-00-00-00-00-00-00-00-00-00-00-00-00-00-00-00-00-00-00-00-00-00-00-00-00-00-00-00-00-00-00-00-00-00
[18:19:06:267][ys_tech] fw_version=V1.6.1
[18:19:06:267]ystech_Power_Saving, is_EnablePowerSaving=False
[18:19:06:267][HID_TX]00-85-01-83-8B-01-00-00-00-00-00-00-00-00-00-00-00-00-00-00-00-00-00-00-00-00-00-00-00-00-00-00-00-00-00-00-00-00-00-00-00-00-00-00-00-00-00-00-00-00-00-00-00-00-00-00-00-00-00-00-00-00-00-00-00
[18:19:06:268]HidD_GetInputReport=True
[18:19:06:268]reply_report=00-4F-00-00-00-00-00-00-00-00-00-00-00-00-00-00-00-00-00-00-00-00-00-00-00-00-00-00-00-00-00-00-00-00-00-00-00-00-00-00-00-00-00-00-00-00-00-00-00-00-00-00-00-00-00-00-00-00-00-00-00-00-00-00-00
[18:19:06:268]HID_CMD_POWER_SAVING_Disable
[18:19:06:268]path_connected=\\?\hid#vid_046d&pid_0adf&mi_00#7&28ee3ab8&0&0000#{4d1e55b2-f16f-11cf-88cb-001111000030}
[18:19:06:268][HID_TX]00-80-06-0A-32-50-41-0E-08-01-E3-00-00-00-00-00-00-00-00-00-00-00-00-00-00-00-00-00-00-00-00-00-00-00-00-00-00-00-00-00-00-00-00-00-00-00-00-00-00-00-00-00-00-00-00-00-00-00-00-00-00-00-00-00-00
[18:19:06:269]HidD_GetInputReport=True
[18:19:06:269]reply_report=00-4F-00-00-00-00-00-00-00-00-00-00-00-00-00-00-00-00-00-00-00-00-00-00-00-00-00-00-00-00-00-00-00-00-00-00-00-00-00-00-00-00-00-00-00-00-00-00-00-00-00-00-00-00-00-00-00-00-00-00-00-00-00-00-00
[18:19:06:269]50-41-0E-08-01-E3 [CMD_SENT][REMOTE_GET_CONNECT_STATUS]
[18:19:06:272][HID_TX_ack]00-19-50-49-01-C0-AA-16-04-00-03-00-0E-88-00-50-49-0E-E2-00-00-00-00-02-00-E3-01-00-01-00-01-00-01-00-00-00-31-00-01-00-0C-00-00-00-00-00-00-00-00-00-00-00-00-00-00-00-00-00-00-00-00-00-00-00-00
[18:19:06:272]50-49-01-C0-AA-16-04-00-03-00-0E-88-00
[18:19:06:272]50-49-0E-E2-00-00-00-00-02-00-E3-01-
[18:19:06:272]REMOTE_GET_CONNECT_STATUS=01
[18:19:06:272][HID_TX]00-80-07-57-AA-50-41-0E-09-02-E1-01-00-00-00-00-00-00-00-00-00-00-00-00-00-00-00-00-00-00-00-00-00-00-00-00-00-00-00-00-00-00-00-00-00-00-00-00-00-00-00-00-00-00-00-00-00-00-00-00-00-00-00-00-00
[18:19:06:273]HidD_GetInputReport=True
[18:19:06:273]reply_report=00-4F-00-00-00-00-00-00-00-00-00-00-00-00-00-00-00-00-00-00-00-00-00-00-00-00-00-00-00-00-00-00-00-00-00-00-00-00-00-00-00-00-00-00-00-00-00-00-00-00-00-00-00-00-00-00-00-00-00-00-00-00-00-00-00
[18:19:06:273]50-41-0E-09-02-E1-01 [CMD_SENT][REMOTE_SET_MODE] is_remote=True
[18:19:06:276][HID_TX_ack]00-0D-50-49-01-C0-AD-16-04-00-03-00-0E-89-00-50-49-0E-E2-00-00-00-00-02-00-E3-01-00-01-00-01-00-01-00-00-00-31-00-01-00-0C-00-00-00-00-00-00-00-00-00-00-00-00-00-00-00-00-00-00-00-00-00-00-00-00
[18:19:06:276]50-49-01-C0-AD-16-04-00-03-00-0E-89-00
[18:19:06:276][HID_TX]00-80-13-E1-F9-50-41-06-0A-0D-00-25-34-12-5A-5A-01-00-00-00-F0-00-00-00-00-00-00-00-00-00-00-00-00-00-00-00-00-00-00-00-00-00-00-00-00-00-00-00-00-00-00-00-00-00-00-00-00-00-00-00-00-00-00-00-00
[18:19:06:277]HidD_GetInputReport=True
[18:19:06:277]reply_report=00-4F-00-00-00-00-00-00-00-00-00-00-00-00-00-00-00-00-00-00-00-00-00-00-00-00-00-00-00-00-00-00-00-00-00-00-00-00-00-00-00-00-00-00-00-00-00-00-00-00-00-00-00-00-00-00-00-00-00-00-00-00-00-00-00
[18:19:06:277]50-41-06-0A-0D-00-25-34-12-5A-5A-01-00-00-00-F0-00-00-00 [CMD_SENT][OTA_CMD_IOCTL][READ_MAX_LEN]
[18:19:06:286][HID_TX_ack]00-11-50-49-01-E3-4E-36-04-00-07-00-06-8A-00-F0-00-00-00-00-00-00-00-02-00-E3-01-00-01-00-01-00-01-00-00-00-31-00-01-00-0C-00-00-00-00-00-00-00-00-00-00-00-00-00-00-00-00-00-00-00-00-00-00-00-00
[18:19:06:286]50-49-01-E3-4E-36-04-00-07-00-06-8A-00-F0-00-00-00
[18:19:06:286][HID_TX]00-80-06-5B-ED-50-41-0E-0B-01-E0-00-00-00-00-00-00-00-00-00-00-00-00-00-00-00-00-00-00-00-00-00-00-00-00-00-00-00-00-00-00-00-00-00-00-00-00-00-00-00-00-00-00-00-00-00-00-00-00-00-00-00-00-00-00
[18:19:06:287]HidD_GetInputReport=True
[18:19:06:287]reply_report=00-4F-00-00-00-00-00-00-00-00-00-00-00-00-00-00-00-00-00-00-00-00-00-00-00-00-00-00-00-00-00-00-00-00-00-00-00-00-00-00-00-00-00-00-00-00-00-00-00-00-00-00-00-00-00-00-00-00-00-00-00-00-00-00-00
[18:19:06:287]50-41-0E-0B-01-E0 [CMD_SENT][REMOTE_GET_MODE]
[18:19:06:290][HID_TX_ack]00-19-50-49-01-C0-B8-16-04-00-03-00-0E-8B-00-50-49-0E-E4-00-00-00-00-02-00-E0-01-00-01-00-01-00-01-00-00-00-31-00-01-00-0C-00-00-00-00-00-00-00-00-00-00-00-00-00-00-00-00-00-00-00-00-00-00-00-00
[18:19:06:290]50-49-01-C0-B8-16-04-00-03-00-0E-8B-00
[18:19:06:290]50-49-0E-E4-00-00-00-00-02-00-E0-01-
[18:19:06:290]REMOTE_GET_MODE=01
[18:19:06:290][HID_TX]00-80-16-67-B0-50-41-04-0C-11-26-00-00-00-03-0B-00-00-00-00-00-00-00-01-00-00-00-00-00-00-00-00-00-00-00-00-00-00-00-00-00-00-00-00-00-00-00-00-00-00-00-00-00-00-00-00-00-00-00-00-00-00-00-00-00
[18:19:06:291]HidD_GetInputReport=True
[18:19:06:291]reply_report=00-4F-00-00-00-00-00-00-00-00-00-00-00-00-00-00-00-00-00-00-00-00-00-00-00-00-00-00-00-00-00-00-00-00-00-00-00-00-00-00-00-00-00-00-00-00-00-00-00-00-00-00-00-00-00-00-00-00-00-00-00-00-00-00-00
[18:19:06:291]50-41-04-0C-11-26-00-00-00-03-0B-00-00-00-00-00-00-00-01-00-00-00 [CMD_SENT][HID_AW_HANDSET_MIC_MIC1]
[18:19:06:350][HID_TX_ack]00-10-50-49-01-E5-7E-36-04-00-06-00-04-8C-FF-FF-FF-FF-E4-00-00-00-00-02-00-E0-01-00-01-00-01-00-01-00-00-00-31-00-01-00-0C-00-00-00-00-00-00-00-00-00-00-00-00-00-00-00-00-00-00-00-00-00-00-00-00
[18:19:06:350]50-49-01-E5-7E-36-04-00-06-00-04-8C-FF-FF-FF-FF
[18:19:07:356]\\?\hid#dell09c2&col02#5&bc4dc33&0&0001#{4d1e55b2-f16f-11cf-88cb-001111000030}
[18:19:07:356]\\?\hid#dell09c2&col03#5&bc4dc33&0&0002#{4d1e55b2-f16f-11cf-88cb-001111000030}
[18:19:07:356]\\?\hid#intc816&col01#3&207f9b7f&0&0000#{4d1e55b2-f16f-11cf-88cb-001111000030}
[18:19:07:356]\\?\hid#vid_046d&pid_0adf&mi_04#7&2ad3f249&0&0000#{4d1e55b2-f16f-11cf-88cb-001111000030}
[18:19:07:356]\\?\hid#intc816&col02#3&207f9b7f&0&0001#{4d1e55b2-f16f-11cf-88cb-001111000030}
[18:19:07:356]\\?\hid#converteddevice&col02#5&17bac0a6&0&0001#{4d1e55b2-f16f-11cf-88cb-001111000030}
[18:19:07:356]\\?\hid#converteddevice&col03#5&17bac0a6&0&0002#{4d1e55b2-f16f-11cf-88cb-001111000030}
[18:19:07:356]\\?\hid#dell09c2&col04#5&bc4dc33&0&0003#{4d1e55b2-f16f-11cf-88cb-001111000030}
[18:19:07:356]\\?\hid#dell09c2&col05#5&bc4dc33&0&0004#{4d1e55b2-f16f-11cf-88cb-001111000030}
[18:19:07:356]\\?\hid#vid_046d&pid_0adf&mi_00#7&28ee3ab8&0&0000#{4d1e55b2-f16f-11cf-88cb-001111000030}
[18:19:07:356]\\?\hid#converteddevice&col01#5&17bac0a6&0&0000#{4d1e55b2-f16f-11cf-88cb-001111000030}\kbd
[18:19:07:356]\\?\hid#dell09c2&col01#5&bc4dc33&0&0000#{4d1e55b2-f16f-11cf-88cb-001111000030}
[18:19:07:356]\\?\hid#vid_413c&pid_301a#6&3b68e75b&0&0000#{4d1e55b2-f16f-11cf-88cb-001111000030}
[18:19:07:356]try_path=\\?\hid#vid_046d&pid_0adf&mi_04#7&2ad3f249&0&0000#{4d1e55b2-f16f-11cf-88cb-001111000030}
[18:19:07:359][invalid device][System.Exception]
[18:19:07:359]   at ..connect(String path)
[18:19:07:359]ystech_Power_Saving, is_EnablePowerSaving=True
[18:19:07:359][HID_TX]00-85-01-73-56-02-00-00-00-00-00-00-00-00-00-00-00-00-00-00-00-00-00-00-00-00-00-00-00-00-00-00-00-00-00-00-00-00-00-00-00-00-00-00-00-00-00-00-00-00-00-00-00-00-00-00-00-00-00-00-00-00-00-00-00
[18:19:07:361]HidD_GetInputReport=True
[18:19:07:361]reply_report=00-4F-00-00-00-00-00-00-00-00-00-00-00-00-00-00-00-00-00-00-00-00-00-00-00-00-00-00-00-00-00-00-00-00-00-00-00-00-00-00-00-00-00-00-00-00-00-00-00-00-00-00-00-00-00-00-00-00-00-00-00-00-00-00-00
[18:19:07:361]HID_CMD_POWER_SAVING_Enable
[18:19:07:361]close_hid_stream
[18:19:07:361]close_hid_handle
[18:19:07:363][connect HID device fail : invalid device][System.Exception]
[18:19:07:363]   at ..connect(String path)
   at ..(String  )
   at ..connect(UInt16 vid, UInt16 pid,  vt)
[18:19:07:363]try_path=\\?\hid#vid_046d&pid_0adf&mi_00#7&28ee3ab8&0&0000#{4d1e55b2-f16f-11cf-88cb-001111000030}
[18:19:07:363]	InputReportByteLength=65
[18:19:07:363]	OutputReportByteLength=65
[18:19:07:363]HID_Connected=\\?\hid#vid_046d&pid_0adf&mi_00#7&28ee3ab8&0&0000#{4d1e55b2-f16f-11cf-88cb-001111000030}
[18:19:07:363][HID_TX]00-84-01-D1-55-01-00-00-00-00-00-00-00-00-00-00-00-00-00-00-00-00-00-00-00-00-00-00-00-00-00-00-00-00-00-00-00-00-00-00-00-00-00-00-00-00-00-00-00-00-00-00-00-00-00-00-00-00-00-00-00-00-00-00-00
[18:19:07:364]HidD_GetInputReport=True
[18:19:07:364]reply_report=00-4F-56-31-2E-36-2E-31-00-00-00-00-00-00-00-00-00-00-00-00-00-00-00-00-00-00-00-00-00-00-00-00-00-00-00-00-00-00-00-00-00-00-00-00-00-00-00-00-00-00-00-00-00-00-00-00-00-00-00-00-00-00-00-00-00
[18:19:07:364][ys_tech] fw_version=V1.6.1
[18:19:07:364]ystech_Power_Saving, is_EnablePowerSaving=False
[18:19:07:364][HID_TX]00-85-01-83-8B-01-00-00-00-00-00-00-00-00-00-00-00-00-00-00-00-00-00-00-00-00-00-00-00-00-00-00-00-00-00-00-00-00-00-00-00-00-00-00-00-00-00-00-00-00-00-00-00-00-00-00-00-00-00-00-00-00-00-00-00
[18:19:07:365]HidD_GetInputReport=True
[18:19:07:365]reply_report=00-4F-00-00-00-00-00-00-00-00-00-00-00-00-00-00-00-00-00-00-00-00-00-00-00-00-00-00-00-00-00-00-00-00-00-00-00-00-00-00-00-00-00-00-00-00-00-00-00-00-00-00-00-00-00-00-00-00-00-00-00-00-00-00-00
[18:19:07:365]HID_CMD_POWER_SAVING_Disable
[18:19:07:365]path_connected=\\?\hid#vid_046d&pid_0adf&mi_00#7&28ee3ab8&0&0000#{4d1e55b2-f16f-11cf-88cb-001111000030}
[18:19:07:365][HID_TX]00-80-06-DC-6D-50-41-0E-0C-01-E3-00-00-00-00-00-00-00-00-00-00-00-00-00-00-00-00-00-00-00-00-00-00-00-00-00-00-00-00-00-00-00-00-00-00-00-00-00-00-00-00-00-00-00-00-00-00-00-00-00-00-00-00-00-00
[18:19:07:366]HidD_GetInputReport=True
[18:19:07:366]reply_report=00-4F-00-00-00-00-00-00-00-00-00-00-00-00-00-00-00-00-00-00-00-00-00-00-00-00-00-00-00-00-00-00-00-00-00-00-00-00-00-00-00-00-00-00-00-00-00-00-00-00-00-00-00-00-00-00-00-00-00-00-00-00-00-00-00
[18:19:07:366]50-41-0E-0C-01-E3 [CMD_SENT][REMOTE_GET_CONNECT_STATUS]
[18:19:07:369][HID_TX_ack]00-19-50-49-01-C0-17-1A-04-00-03-00-0E-8C-00-50-49-0E-E6-00-00-00-00-02-00-E3-01-00-01-00-01-00-01-00-00-00-31-00-01-00-0C-00-00-00-00-00-00-00-00-00-00-00-00-00-00-00-00-00-00-00-00-00-00-00-00
[18:19:07:369]50-49-01-C0-17-1A-04-00-03-00-0E-8C-00
[18:19:07:369]50-49-0E-E6-00-00-00-00-02-00-E3-01-
[18:19:07:369]REMOTE_GET_CONNECT_STATUS=01
[18:19:07:369][HID_TX]00-80-07-81-F5-50-41-0E-0D-02-E1-01-00-00-00-00-00-00-00-00-00-00-00-00-00-00-00-00-00-00-00-00-00-00-00-00-00-00-00-00-00-00-00-00-00-00-00-00-00-00-00-00-00-00-00-00-00-00-00-00-00-00-00-00-00
[18:19:07:370]HidD_GetInputReport=True
[18:19:07:370]reply_report=00-4F-00-00-00-00-00-00-00-00-00-00-00-00-00-00-00-00-00-00-00-00-00-00-00-00-00-00-00-00-00-00-00-00-00-00-00-00-00-00-00-00-00-00-00-00-00-00-00-00-00-00-00-00-00-00-00-00-00-00-00-00-00-00-00
[18:19:07:370]50-41-0E-0D-02-E1-01 [CMD_SENT][REMOTE_SET_MODE] is_remote=True
[18:19:07:373][HID_TX_ack]00-0D-50-49-01-C0-1B-1A-04-00-03-00-0E-8D-00-50-49-0E-E6-00-00-00-00-02-00-E3-01-00-01-00-01-00-01-00-00-00-31-00-01-00-0C-00-00-00-00-00-00-00-00-00-00-00-00-00-00-00-00-00-00-00-00-00-00-00-00
[18:19:07:373]50-49-01-C0-1B-1A-04-00-03-00-0E-8D-00
[18:19:07:373][HID_TX]00-80-13-37-A6-50-41-06-0E-0D-00-25-34-12-5A-5A-01-00-00-00-F0-00-00-00-00-00-00-00-00-00-00-00-00-00-00-00-00-00-00-00-00-00-00-00-00-00-00-00-00-00-00-00-00-00-00-00-00-00-00-00-00-00-00-00-00
[18:19:07:374]HidD_GetInputReport=True
[18:19:07:374]reply_report=00-4F-00-00-00-00-00-00-00-00-00-00-00-00-00-00-00-00-00-00-00-00-00-00-00-00-00-00-00-00-00-00-00-00-00-00-00-00-00-00-00-00-00-00-00-00-00-00-00-00-00-00-00-00-00-00-00-00-00-00-00-00-00-00-00
[18:19:07:374]50-41-06-0E-0D-00-25-34-12-5A-5A-01-00-00-00-F0-00-00-00 [CMD_SENT][OTA_CMD_IOCTL][READ_MAX_LEN]
[18:19:07:385][HID_TX_ack]00-11-50-49-01-E7-BC-39-04-00-07-00-06-8E-00-F0-00-00-00-00-00-00-00-02-00-E3-01-00-01-00-01-00-01-00-00-00-31-00-01-00-0C-00-00-00-00-00-00-00-00-00-00-00-00-00-00-00-00-00-00-00-00-00-00-00-00
[18:19:07:385]50-49-01-E7-BC-39-04-00-07-00-06-8E-00-F0-00-00-00
[18:19:07:385][HID_TX]00-80-06-8D-B2-50-41-0E-0F-01-E0-00-00-00-00-00-00-00-00-00-00-00-00-00-00-00-00-00-00-00-00-00-00-00-00-00-00-00-00-00-00-00-00-00-00-00-00-00-00-00-00-00-00-00-00-00-00-00-00-00-00-00-00-00-00
[18:19:07:386]HidD_GetInputReport=True
[18:19:07:386]reply_report=00-4F-00-00-00-00-00-00-00-00-00-00-00-00-00-00-00-00-00-00-00-00-00-00-00-00-00-00-00-00-00-00-00-00-00-00-00-00-00-00-00-00-00-00-00-00-00-00-00-00-00-00-00-00-00-00-00-00-00-00-00-00-00-00-00
[18:19:07:386]50-41-0E-0F-01-E0 [CMD_SENT][REMOTE_GET_MODE]
[18:19:07:389][HID_TX_ack]00-19-50-49-01-C0-27-1A-04-00-03-00-0E-8F-00-50-49-0E-E8-00-00-00-00-02-00-E0-01-00-01-00-01-00-01-00-00-00-31-00-01-00-0C-00-00-00-00-00-00-00-00-00-00-00-00-00-00-00-00-00-00-00-00-00-00-00-00
[18:19:07:389]50-49-01-C0-27-1A-04-00-03-00-0E-8F-00
[18:19:07:389]50-49-0E-E8-00-00-00-00-02-00-E0-01-
[18:19:07:389]REMOTE_GET_MODE=01
[18:19:07:389][HID_TX]00-80-16-9D-97-50-41-04-10-11-26-00-00-00-03-0B-00-00-00-01-00-00-00-01-00-00-00-00-00-00-00-00-00-00-00-00-00-00-00-00-00-00-00-00-00-00-00-00-00-00-00-00-00-00-00-00-00-00-00-00-00-00-00-00-00
[18:19:07:390]HidD_GetInputReport=True
[18:19:07:390]reply_report=00-4F-00-00-00-00-00-00-00-00-00-00-00-00-00-00-00-00-00-00-00-00-00-00-00-00-00-00-00-00-00-00-00-00-00-00-00-00-00-00-00-00-00-00-00-00-00-00-00-00-00-00-00-00-00-00-00-00-00-00-00-00-00-00-00
[18:19:07:390]50-41-04-10-11-26-00-00-00-03-0B-00-00-00-01-00-00-00-01-00-00-00 [CMD_SENT][HID_AW_HANDSET_MIC_MIC2]
[18:19:07:398][HID_TX_ack]00-10-50-49-01-E9-C8-39-04-00-06-00-04-90-00-00-00-00-E8-00-00-00-00-02-00-E0-01-00-01-00-01-00-01-00-00-00-31-00-01-00-0C-00-00-00-00-00-00-00-00-00-00-00-00-00-00-00-00-00-00-00-00-00-00-00-00
[18:19:07:398]50-49-01-E9-C8-39-04-00-06-00-04-90-00-00-00-00
[18:19:07:398][HID_TX]00-80-07-00-79-50-41-0E-10-02-E1-00-00-00-00-00-00-00-00-00-00-00-00-00-00-00-00-00-00-00-00-00-00-00-00-00-00-00-00-00-00-00-00-00-00-00-00-00-00-00-00-00-00-00-00-00-00-00-00-00-00-00-00-00-00
[18:19:07:399]HidD_GetInputReport=True
[18:19:07:399]reply_report=00-4F-00-00-00-00-00-00-00-00-00-00-00-00-00-00-00-00-00-00-00-00-00-00-00-00-00-00-00-00-00-00-00-00-00-00-00-00-00-00-00-00-00-00-00-00-00-00-00-00-00-00-00-00-00-00-00-00-00-00-00-00-00-00-00
[18:19:07:399]50-41-0E-10-02-E1-00 [CMD_SENT][REMOTE_SET_MODE] is_remote=False
[18:19:07:402][HID_TX_ack]00-0D-50-49-01-C0-32-1A-04-00-03-00-0E-90-00-00-00-00-E8-00-00-00-00-02-00-E0-01-00-01-00-01-00-01-00-00-00-31-00-01-00-0C-00-00-00-00-00-00-00-00-00-00-00-00-00-00-00-00-00-00-00-00-00-00-00-00
[18:19:07:402]50-49-01-C0-32-1A-04-00-03-00-0E-90-00
[18:19:07:402]ystech_Power_Saving, is_EnablePowerSaving=True
[18:19:07:403][HID_TX]00-85-01-73-56-02-00-00-00-00-00-00-00-00-00-00-00-00-00-00-00-00-00-00-00-00-00-00-00-00-00-00-00-00-00-00-00-00-00-00-00-00-00-00-00-00-00-00-00-00-00-00-00-00-00-00-00-00-00-00-00-00-00-00-00
[18:19:07:403]HidD_GetInputReport=True
[18:19:07:403]reply_report=00-4F-00-00-00-00-00-00-00-00-00-00-00-00-00-00-00-00-00-00-00-00-00-00-00-00-00-00-00-00-00-00-00-00-00-00-00-00-00-00-00-00-00-00-00-00-00-00-00-00-00-00-00-00-00-00-00-00-00-00-00-00-00-00-00
[18:19:07:403]HID_CMD_POWER_SAVING_Enable
[18:19:07:403]close_hid_stream
[18:19:07:403]close_hid_handle
[18:19:09:521]\\?\hid#dell09c2&col02#5&bc4dc33&0&0001#{4d1e55b2-f16f-11cf-88cb-001111000030}
[18:19:09:521]\\?\hid#dell09c2&col03#5&bc4dc33&0&0002#{4d1e55b2-f16f-11cf-88cb-001111000030}
[18:19:09:521]\\?\hid#intc816&col01#3&207f9b7f&0&0000#{4d1e55b2-f16f-11cf-88cb-001111000030}
[18:19:09:521]\\?\hid#vid_046d&pid_0adf&mi_04#7&2ad3f249&0&0000#{4d1e55b2-f16f-11cf-88cb-001111000030}
[18:19:09:521]\\?\hid#intc816&col02#3&207f9b7f&0&0001#{4d1e55b2-f16f-11cf-88cb-001111000030}
[18:19:09:521]\\?\hid#converteddevice&col02#5&17bac0a6&0&0001#{4d1e55b2-f16f-11cf-88cb-001111000030}
[18:19:09:521]\\?\hid#converteddevice&col03#5&17bac0a6&0&0002#{4d1e55b2-f16f-11cf-88cb-001111000030}
[18:19:09:521]\\?\hid#dell09c2&col04#5&bc4dc33&0&0003#{4d1e55b2-f16f-11cf-88cb-001111000030}
[18:19:09:521]\\?\hid#dell09c2&col05#5&bc4dc33&0&0004#{4d1e55b2-f16f-11cf-88cb-001111000030}
[18:19:09:521]\\?\hid#vid_046d&pid_0adf&mi_00#7&28ee3ab8&0&0000#{4d1e55b2-f16f-11cf-88cb-001111000030}
[18:19:09:521]\\?\hid#converteddevice&col01#5&17bac0a6&0&0000#{4d1e55b2-f16f-11cf-88cb-001111000030}\kbd
[18:19:09:521]\\?\hid#dell09c2&col01#5&bc4dc33&0&0000#{4d1e55b2-f16f-11cf-88cb-001111000030}
[18:19:09:521]\\?\hid#vid_413c&pid_301a#6&3b68e75b&0&0000#{4d1e55b2-f16f-11cf-88cb-001111000030}
[18:19:09:522]try_path=\\?\hid#vid_046d&pid_0adf&mi_04#7&2ad3f249&0&0000#{4d1e55b2-f16f-11cf-88cb-001111000030}
[18:19:09:525][invalid device][System.Exception]
[18:19:09:525]   at ..connect(String path)
[18:19:09:528][External component has thrown an exception.][System.Runtime.InteropServices.SEHException]
[18:19:09:528]   at ..(IntPtr  )
   at ..close()
[18:19:09:530][connect HID device fail : invalid device][System.Exception]
[18:19:09:530]   at ..connect(String path)
   at ..(String  )
   at ..connect(UInt16 vid, UInt16 pid,  vt)
[18:19:09:530]try_path=\\?\hid#vid_046d&pid_0adf&mi_00#7&28ee3ab8&0&0000#{4d1e55b2-f16f-11cf-88cb-001111000030}
[18:19:09:530]	InputReportByteLength=65
[18:19:09:530]	OutputReportByteLength=65
[18:19:09:530]HID_Connected=\\?\hid#vid_046d&pid_0adf&mi_00#7&28ee3ab8&0&0000#{4d1e55b2-f16f-11cf-88cb-001111000030}
[18:19:09:530][HID_TX]00-84-01-D1-55-01-00-00-00-00-00-00-00-00-00-00-00-00-00-00-00-00-00-00-00-00-00-00-00-00-00-00-00-00-00-00-00-00-00-00-00-00-00-00-00-00-00-00-00-00-00-00-00-00-00-00-00-00-00-00-00-00-00-00-00
[18:19:09:530]HidD_GetInputReport=True
[18:19:09:530]reply_report=00-4F-56-31-2E-36-2E-31-00-00-00-00-00-00-00-00-00-00-00-00-00-00-00-00-00-00-00-00-00-00-00-00-00-00-00-00-00-00-00-00-00-00-00-00-00-00-00-00-00-00-00-00-00-00-00-00-00-00-00-00-00-00-00-00-00
[18:19:09:530][ys_tech] fw_version=V1.6.1
[18:19:09:530]ystech_Power_Saving, is_EnablePowerSaving=False
[18:19:09:530][HID_TX]00-85-01-83-8B-01-00-00-00-00-00-00-00-00-00-00-00-00-00-00-00-00-00-00-00-00-00-00-00-00-00-00-00-00-00-00-00-00-00-00-00-00-00-00-00-00-00-00-00-00-00-00-00-00-00-00-00-00-00-00-00-00-00-00-00
[18:19:09:531]HidD_GetInputReport=True
[18:19:09:531]reply_report=00-4F-00-00-00-00-00-00-00-00-00-00-00-00-00-00-00-00-00-00-00-00-00-00-00-00-00-00-00-00-00-00-00-00-00-00-00-00-00-00-00-00-00-00-00-00-00-00-00-00-00-00-00-00-00-00-00-00-00-00-00-00-00-00-00
[18:19:09:531]HID_CMD_POWER_SAVING_Disable
[18:19:09:531]path_connected=\\?\hid#vid_046d&pid_0adf&mi_00#7&28ee3ab8&0&0000#{4d1e55b2-f16f-11cf-88cb-001111000030}
[18:19:09:531][HID_TX]00-80-06-3A-7D-50-41-0E-11-01-E3-00-00-00-00-00-00-00-00-00-00-00-00-00-00-00-00-00-00-00-00-00-00-00-00-00-00-00-00-00-00-00-00-00-00-00-00-00-00-00-00-00-00-00-00-00-00-00-00-00-00-00-00-00-00
[18:19:09:532]HidD_GetInputReport=True
[18:19:09:532]reply_report=00-4F-00-00-00-00-00-00-00-00-00-00-00-00-00-00-00-00-00-00-00-00-00-00-00-00-00-00-00-00-00-00-00-00-00-00-00-00-00-00-00-00-00-00-00-00-00-00-00-00-00-00-00-00-00-00-00-00-00-00-00-00-00-00-00
[18:19:09:532]50-41-0E-11-01-E3 [CMD_SENT][REMOTE_GET_CONNECT_STATUS]
[18:19:09:535][HID_TX_ack]00-19-50-49-01-C0-DC-20-04-00-03-00-0E-91-00-50-49-0E-EA-00-00-00-00-02-00-E3-01-00-01-00-01-00-01-00-00-00-31-00-01-00-0C-00-00-00-00-00-00-00-00-00-00-00-00-00-00-00-00-00-00-00-00-00-00-00-00
[18:19:09:535]50-49-01-C0-DC-20-04-00-03-00-0E-91-00
[18:19:09:535]50-49-0E-EA-00-00-00-00-02-00-E3-01-
[18:19:09:535]REMOTE_GET_CONNECT_STATUS=01
[18:19:09:535][HID_TX]00-80-07-8C-CA-50-41-0E-12-02-E1-01-00-00-00-00-00-00-00-00-00-00-00-00-00-00-00-00-00-00-00-00-00-00-00-00-00-00-00-00-00-00-00-00-00-00-00-00-00-00-00-00-00-00-00-00-00-00-00-00-00-00-00-00-00
[18:19:09:536]HidD_GetInputReport=True
[18:19:09:536]reply_report=00-4F-00-00-00-00-00-00-00-00-00-00-00-00-00-00-00-00-00-00-00-00-00-00-00-00-00-00-00-00-00-00-00-00-00-00-00-00-00-00-00-00-00-00-00-00-00-00-00-00-00-00-00-00-00-00-00-00-00-00-00-00-00-00-00
[18:19:09:536]50-41-0E-12-02-E1-01 [CMD_SENT][REMOTE_SET_MODE] is_remote=True
[18:19:09:539][HID_TX_ack]00-0D-50-49-01-C0-DF-20-04-00-03-00-0E-92-00-50-49-0E-EA-00-00-00-00-02-00-E3-01-00-01-00-01-00-01-00-00-00-31-00-01-00-0C-00-00-00-00-00-00-00-00-00-00-00-00-00-00-00-00-00-00-00-00-00-00-00-00
[18:19:09:539]50-49-01-C0-DF-20-04-00-03-00-0E-92-00
[18:19:09:539][HID_TX]00-80-13-D1-B6-50-41-06-13-0D-00-25-34-12-5A-5A-01-00-00-00-F0-00-00-00-00-00-00-00-00-00-00-00-00-00-00-00-00-00-00-00-00-00-00-00-00-00-00-00-00-00-00-00-00-00-00-00-00-00-00-00-00-00-00-00-00
[18:19:09:540]HidD_GetInputReport=True
[18:19:09:540]reply_report=00-4F-00-00-00-00-00-00-00-00-00-00-00-00-00-00-00-00-00-00-00-00-00-00-00-00-00-00-00-00-00-00-00-00-00-00-00-00-00-00-00-00-00-00-00-00-00-00-00-00-00-00-00-00-00-00-00-00-00-00-00-00-00-00-00
[18:19:09:540]50-41-06-13-0D-00-25-34-12-5A-5A-01-00-00-00-F0-00-00-00 [CMD_SENT][OTA_CMD_IOCTL][READ_MAX_LEN]
[18:19:09:550][HID_TX_ack]00-11-50-49-01-EB-82-40-04-00-07-00-06-93-00-F0-00-00-00-00-00-00-00-02-00-E3-01-00-01-00-01-00-01-00-00-00-31-00-01-00-0C-00-00-00-00-00-00-00-00-00-00-00-00-00-00-00-00-00-00-00-00-00-00-00-00
[18:19:09:550]50-49-01-EB-82-40-04-00-07-00-06-93-00-F0-00-00-00
[18:19:09:550][HID_TX]00-80-06-56-D2-50-41-0E-14-01-E0-00-00-00-00-00-00-00-00-00-00-00-00-00-00-00-00-00-00-00-00-00-00-00-00-00-00-00-00-00-00-00-00-00-00-00-00-00-00-00-00-00-00-00-00-00-00-00-00-00-00-00-00-00-00
[18:19:09:552]HidD_GetInputReport=True
[18:19:09:552]reply_report=00-4F-00-00-00-00-00-00-00-00-00-00-00-00-00-00-00-00-00-00-00-00-00-00-00-00-00-00-00-00-00-00-00-00-00-00-00-00-00-00-00-00-00-00-00-00-00-00-00-00-00-00-00-00-00-00-00-00-00-00-00-00-00-00-00
[18:19:09:552]50-41-0E-14-01-E0 [CMD_SENT][REMOTE_GET_MODE]
[18:19:09:554][HID_TX_ack]00-19-50-49-01-C0-EB-20-04-00-03-00-0E-94-00-50-49-0E-EC-00-00-00-00-02-00-E0-01-00-01-00-01-00-01-00-00-00-31-00-01-00-0C-00-00-00-00-00-00-00-00-00-00-00-00-00-00-00-00-00-00-00-00-00-00-00-00
[18:19:09:554]50-49-01-C0-EB-20-04-00-03-00-0E-94-00
[18:19:09:554]50-49-0E-EC-00-00-00-00-02-00-E0-01-
[18:19:09:554]REMOTE_GET_MODE=01
[18:19:09:554][HID_TX]00-80-16-84-39-50-41-04-15-11-26-00-00-00-03-0B-00-00-00-00-00-00-00-00-00-00-00-00-00-00-00-00-00-00-00-00-00-00-00-00-00-00-00-00-00-00-00-00-00-00-00-00-00-00-00-00-00-00-00-00-00-00-00-00-00
[18:19:09:555]HidD_GetInputReport=True
[18:19:09:555]reply_report=00-4F-00-00-00-00-00-00-00-00-00-00-00-00-00-00-00-00-00-00-00-00-00-00-00-00-00-00-00-00-00-00-00-00-00-00-00-00-00-00-00-00-00-00-00-00-00-00-00-00-00-00-00-00-00-00-00-00-00-00-00-00-00-00-00
[18:19:09:555]50-41-04-15-11-26-00-00-00-03-0B-00-00-00-00-00-00-00-00-00-00-00 [CMD_SENT][HID_AW_HANDSET_MIC_NORMAL]
[18:19:09:577][HID_TX_ack]00-10-50-49-01-ED-94-40-04-00-06-00-04-95-00-00-00-00-EC-00-00-00-00-02-00-E0-01-00-01-00-01-00-01-00-00-00-31-00-01-00-0C-00-00-00-00-00-00-00-00-00-00-00-00-00-00-00-00-00-00-00-00-00-00-00-00
[18:19:09:577]50-49-01-ED-94-40-04-00-06-00-04-95-00-00-00-00
[18:19:09:577][HID_TX]00-80-07-33-B9-50-41-0E-15-02-E1-00-00-00-00-00-00-00-00-00-00-00-00-00-00-00-00-00-00-00-00-00-00-00-00-00-00-00-00-00-00-00-00-00-00-00-00-00-00-00-00-00-00-00-00-00-00-00-00-00-00-00-00-00-00
[18:19:09:579]HidD_GetInputReport=True
[18:19:09:579]reply_report=00-4F-00-00-00-00-00-00-00-00-00-00-00-00-00-00-00-00-00-00-00-00-00-00-00-00-00-00-00-00-00-00-00-00-00-00-00-00-00-00-00-00-00-00-00-00-00-00-00-00-00-00-00-00-00-00-00-00-00-00-00-00-00-00-00
[18:19:09:579]50-41-0E-15-02-E1-00 [CMD_SENT][REMOTE_SET_MODE] is_remote=False
[18:19:09:581][HID_TX_ack]00-0D-50-49-01-C0-01-21-04-00-03-00-0E-95-00-00-00-00-EC-00-00-00-00-02-00-E0-01-00-01-00-01-00-01-00-00-00-31-00-01-00-0C-00-00-00-00-00-00-00-00-00-00-00-00-00-00-00-00-00-00-00-00-00-00-00-00
[18:19:09:581]50-49-01-C0-01-21-04-00-03-00-0E-95-00
[18:19:09:581]ystech_Power_Saving, is_EnablePowerSaving=True
[18:19:09:582][HID_TX]00-85-01-73-56-02-00-00-00-00-00-00-00-00-00-00-00-00-00-00-00-00-00-00-00-00-00-00-00-00-00-00-00-00-00-00-00-00-00-00-00-00-00-00-00-00-00-00-00-00-00-00-00-00-00-00-00-00-00-00-00-00-00-00-00
[18:19:09:584]HidD_GetInputReport=True
[18:19:09:584]reply_report=00-4F-00-00-00-00-00-00-00-00-00-00-00-00-00-00-00-00-00-00-00-00-00-00-00-00-00-00-00-00-00-00-00-00-00-00-00-00-00-00-00-00-00-00-00-00-00-00-00-00-00-00-00-00-00-00-00-00-00-00-00-00-00-00-00
[18:19:09:584]HID_CMD_POWER_SAVING_Enable
[18:19:09:584]close_hid_stream
[18:19:09:584]close_hid_handle
[18:19:10:596]\\?\hid#dell09c2&col02#5&bc4dc33&0&0001#{4d1e55b2-f16f-11cf-88cb-001111000030}
[18:19:10:596]\\?\hid#dell09c2&col03#5&bc4dc33&0&0002#{4d1e55b2-f16f-11cf-88cb-001111000030}
[18:19:10:596]\\?\hid#intc816&col01#3&207f9b7f&0&0000#{4d1e55b2-f16f-11cf-88cb-001111000030}
[18:19:10:596]\\?\hid#vid_046d&pid_0adf&mi_04#7&2ad3f249&0&0000#{4d1e55b2-f16f-11cf-88cb-001111000030}
[18:19:10:596]\\?\hid#intc816&col02#3&207f9b7f&0&0001#{4d1e55b2-f16f-11cf-88cb-001111000030}
[18:19:10:596]\\?\hid#converteddevice&col02#5&17bac0a6&0&0001#{4d1e55b2-f16f-11cf-88cb-001111000030}
[18:19:10:596]\\?\hid#converteddevice&col03#5&17bac0a6&0&0002#{4d1e55b2-f16f-11cf-88cb-001111000030}
[18:19:10:596]\\?\hid#dell09c2&col04#5&bc4dc33&0&0003#{4d1e55b2-f16f-11cf-88cb-001111000030}
[18:19:10:596]\\?\hid#dell09c2&col05#5&bc4dc33&0&0004#{4d1e55b2-f16f-11cf-88cb-001111000030}
[18:19:10:596]\\?\hid#vid_046d&pid_0adf&mi_00#7&28ee3ab8&0&0000#{4d1e55b2-f16f-11cf-88cb-001111000030}
[18:19:10:596]\\?\hid#converteddevice&col01#5&17bac0a6&0&0000#{4d1e55b2-f16f-11cf-88cb-001111000030}\kbd
[18:19:10:596]\\?\hid#dell09c2&col01#5&bc4dc33&0&0000#{4d1e55b2-f16f-11cf-88cb-001111000030}
[18:19:10:597]\\?\hid#vid_413c&pid_301a#6&3b68e75b&0&0000#{4d1e55b2-f16f-11cf-88cb-001111000030}
[18:19:10:597]try_path=\\?\hid#vid_046d&pid_0adf&mi_04#7&2ad3f249&0&0000#{4d1e55b2-f16f-11cf-88cb-001111000030}
[18:19:10:600][invalid device][System.Exception]
[18:19:10:600]   at ..connect(String path)
[18:19:10:603][External component has thrown an exception.][System.Runtime.InteropServices.SEHException]
[18:19:10:603]   at ..(IntPtr  )
   at ..close()
[18:19:10:605][connect HID device fail : invalid device][System.Exception]
[18:19:10:605]   at ..connect(String path)
   at ..(String  )
   at ..connect(UInt16 vid, UInt16 pid,  vt)
[18:19:10:605]try_path=\\?\hid#vid_046d&pid_0adf&mi_00#7&28ee3ab8&0&0000#{4d1e55b2-f16f-11cf-88cb-001111000030}
[18:19:10:605]	InputReportByteLength=65
[18:19:10:605]	OutputReportByteLength=65
[18:19:10:605]HID_Connected=\\?\hid#vid_046d&pid_0adf&mi_00#7&28ee3ab8&0&0000#{4d1e55b2-f16f-11cf-88cb-001111000030}
[18:19:10:605][HID_TX]00-84-01-D1-55-01-00-00-00-00-00-00-00-00-00-00-00-00-00-00-00-00-00-00-00-00-00-00-00-00-00-00-00-00-00-00-00-00-00-00-00-00-00-00-00-00-00-00-00-00-00-00-00-00-00-00-00-00-00-00-00-00-00-00-00
[18:19:10:606]HidD_GetInputReport=True
[18:19:10:606]reply_report=00-4F-56-31-2E-36-2E-31-00-00-00-00-00-00-00-00-00-00-00-00-00-00-00-00-00-00-00-00-00-00-00-00-00-00-00-00-00-00-00-00-00-00-00-00-00-00-00-00-00-00-00-00-00-00-00-00-00-00-00-00-00-00-00-00-00
[18:19:10:606][ys_tech] fw_version=V1.6.1
[18:19:10:606]ystech_Power_Saving, is_EnablePowerSaving=False
[18:19:10:606][HID_TX]00-85-01-83-8B-01-00-00-00-00-00-00-00-00-00-00-00-00-00-00-00-00-00-00-00-00-00-00-00-00-00-00-00-00-00-00-00-00-00-00-00-00-00-00-00-00-00-00-00-00-00-00-00-00-00-00-00-00-00-00-00-00-00-00-00
[18:19:10:607]HidD_GetInputReport=True
[18:19:10:607]reply_report=00-4F-00-00-00-00-00-00-00-00-00-00-00-00-00-00-00-00-00-00-00-00-00-00-00-00-00-00-00-00-00-00-00-00-00-00-00-00-00-00-00-00-00-00-00-00-00-00-00-00-00-00-00-00-00-00-00-00-00-00-00-00-00-00-00
[18:19:10:607]HID_CMD_POWER_SAVING_Disable
[18:19:10:607]path_connected=\\?\hid#vid_046d&pid_0adf&mi_00#7&28ee3ab8&0&0000#{4d1e55b2-f16f-11cf-88cb-001111000030}
[18:19:10:607][HID_TX]00-80-06-E2-92-50-41-0E-16-01-E3-00-00-00-00-00-00-00-00-00-00-00-00-00-00-00-00-00-00-00-00-00-00-00-00-00-00-00-00-00-00-00-00-00-00-00-00-00-00-00-00-00-00-00-00-00-00-00-00-00-00-00-00-00-00
[18:19:10:608]HidD_GetInputReport=True
[18:19:10:608]reply_report=00-4F-00-00-00-00-00-00-00-00-00-00-00-00-00-00-00-00-00-00-00-00-00-00-00-00-00-00-00-00-00-00-00-00-00-00-00-00-00-00-00-00-00-00-00-00-00-00-00-00-00-00-00-00-00-00-00-00-00-00-00-00-00-00-00
[18:19:10:608]50-41-0E-16-01-E3 [CMD_SENT][REMOTE_GET_CONNECT_STATUS]
[18:19:10:611][HID_TX_ack]00-19-50-49-01-C0-39-24-04-00-03-00-0E-96-00-50-49-0E-EE-00-00-00-00-02-00-E3-01-00-01-00-01-00-01-00-00-00-31-00-01-00-0C-00-00-00-00-00-00-00-00-00-00-00-00-00-00-00-00-00-00-00-00-00-00-00-00
[18:19:10:611]50-49-01-C0-39-24-04-00-03-00-0E-96-00
[18:19:10:611]REMOTE_GET_CONNECT_STATUS=01
[18:19:10:611]50-49-0E-EE-00-00-00-00-02-00-E3-01-
[18:19:10:611][HID_TX]00-80-07-BF-0A-50-41-0E-17-02-E1-01-00-00-00-00-00-00-00-00-00-00-00-00-00-00-00-00-00-00-00-00-00-00-00-00-00-00-00-00-00-00-00-00-00-00-00-00-00-00-00-00-00-00-00-00-00-00-00-00-00-00-00-00-00
[18:19:10:612]HidD_GetInputReport=True
[18:19:10:612]reply_report=00-4F-00-00-00-00-00-00-00-00-00-00-00-00-00-00-00-00-00-00-00-00-00-00-00-00-00-00-00-00-00-00-00-00-00-00-00-00-00-00-00-00-00-00-00-00-00-00-00-00-00-00-00-00-00-00-00-00-00-00-00-00-00-00-00
[18:19:10:612]50-41-0E-17-02-E1-01 [CMD_SENT][REMOTE_SET_MODE] is_remote=True
[18:19:10:615][HID_TX_ack]00-0D-50-49-01-C0-3C-24-04-00-03-00-0E-97-00-50-49-0E-EE-00-00-00-00-02-00-E3-01-00-01-00-01-00-01-00-00-00-31-00-01-00-0C-00-00-00-00-00-00-00-00-00-00-00-00-00-00-00-00-00-00-00-00-00-00-00-00
[18:19:10:615]50-49-01-C0-3C-24-04-00-03-00-0E-97-00
[18:19:10:615][HID_TX]00-80-13-73-B9-50-41-06-18-0D-00-25-34-12-5A-5A-01-00-00-00-F0-00-00-00-00-00-00-00-00-00-00-00-00-00-00-00-00-00-00-00-00-00-00-00-00-00-00-00-00-00-00-00-00-00-00-00-00-00-00-00-00-00-00-00-00
[18:19:10:616]HidD_GetInputReport=True
[18:19:10:616]reply_report=00-4F-00-00-00-00-00-00-00-00-00-00-00-00-00-00-00-00-00-00-00-00-00-00-00-00-00-00-00-00-00-00-00-00-00-00-00-00-00-00-00-00-00-00-00-00-00-00-00-00-00-00-00-00-00-00-00-00-00-00-00-00-00-00-00
[18:19:10:616]50-41-06-18-0D-00-25-34-12-5A-5A-01-00-00-00-F0-00-00-00 [CMD_SENT][OTA_CMD_IOCTL][READ_MAX_LEN]
[18:19:10:646][HID_TX_ack]00-11-50-49-01-EF-DD-43-04-00-07-00-06-98-00-F0-00-00-00-00-00-00-00-02-00-E3-01-00-01-00-01-00-01-00-00-00-31-00-01-00-0C-00-00-00-00-00-00-00-00-00-00-00-00-00-00-00-00-00-00-00-00-00-00-00-00
[18:19:10:646]50-49-01-EF-DD-43-04-00-07-00-06-98-00-F0-00-00-00
[18:19:10:646][HID_TX]00-80-06-C9-AD-50-41-0E-19-01-E0-00-00-00-00-00-00-00-00-00-00-00-00-00-00-00-00-00-00-00-00-00-00-00-00-00-00-00-00-00-00-00-00-00-00-00-00-00-00-00-00-00-00-00-00-00-00-00-00-00-00-00-00-00-00
[18:19:10:647]HidD_GetInputReport=True
[18:19:10:647]reply_report=00-4F-00-00-00-00-00-00-00-00-00-00-00-00-00-00-00-00-00-00-00-00-00-00-00-00-00-00-00-00-00-00-00-00-00-00-00-00-00-00-00-00-00-00-00-00-00-00-00-00-00-00-00-00-00-00-00-00-00-00-00-00-00-00-00
[18:19:10:647]50-41-0E-19-01-E0 [CMD_SENT][REMOTE_GET_MODE]
[18:19:10:650][HID_TX_ack]00-19-50-49-01-C0-58-24-04-00-03-00-0E-99-00-50-49-0E-F0-00-00-00-00-02-00-E0-01-00-01-00-01-00-01-00-00-00-31-00-01-00-0C-00-00-00-00-00-00-00-00-00-00-00-00-00-00-00-00-00-00-00-00-00-00-00-00
[18:19:10:650]50-49-01-C0-58-24-04-00-03-00-0E-99-00
[18:19:10:650]50-49-0E-F0-00-00-00-00-02-00-E0-01-
[18:19:10:650]REMOTE_GET_MODE=01
[18:19:10:650][HID_TX]00-80-0E-E3-B0-50-41-04-1A-09-09-00-00-00-01-01-00-00-00-00-00-00-00-00-00-00-00-00-00-00-00-00-00-00-00-00-00-00-00-00-00-00-00-00-00-00-00-00-00-00-00-00-00-00-00-00-00-00-00-00-00-00-00-00-00
[18:19:10:652]HidD_GetInputReport=True
[18:19:10:652]reply_report=00-4F-00-00-00-00-00-00-00-00-00-00-00-00-00-00-00-00-00-00-00-00-00-00-00-00-00-00-00-00-00-00-00-00-00-00-00-00-00-00-00-00-00-00-00-00-00-00-00-00-00-00-00-00-00-00-00-00-00-00-00-00-00-00-00
[18:19:10:652]50-41-04-1A-09-09-00-00-00-01-01-00-00-00 [CMD_SENT][HID_AW_HANDSET_MIC_NR_ENABLE]
[18:19:10:678][HID_TX_ack]00-10-50-49-01-F1-05-44-04-00-06-00-04-9A-00-00-00-00-F0-00-00-00-00-02-00-E0-01-00-01-00-01-00-01-00-00-00-31-00-01-00-0C-00-00-00-00-00-00-00-00-00-00-00-00-00-00-00-00-00-00-00-00-00-00-00-00
[18:19:10:678]50-49-01-F1-05-44-04-00-06-00-04-9A-00-00-00-00
[18:19:10:678][HID_TX]00-80-07-47-E9-50-41-0E-1A-02-E1-00-00-00-00-00-00-00-00-00-00-00-00-00-00-00-00-00-00-00-00-00-00-00-00-00-00-00-00-00-00-00-00-00-00-00-00-00-00-00-00-00-00-00-00-00-00-00-00-00-00-00-00-00-00
[18:19:10:681]HidD_GetInputReport=True
[18:19:10:681]reply_report=00-4F-00-00-00-00-00-00-00-00-00-00-00-00-00-00-00-00-00-00-00-00-00-00-00-00-00-00-00-00-00-00-00-00-00-00-00-00-00-00-00-00-00-00-00-00-00-00-00-00-00-00-00-00-00-00-00-00-00-00-00-00-00-00-00
[18:19:10:681]50-41-0E-1A-02-E1-00 [CMD_SENT][REMOTE_SET_MODE] is_remote=False
[18:19:10:683][HID_TX_ack]00-0D-50-49-01-C0-72-24-04-00-03-00-0E-9A-00-00-00-00-F0-00-00-00-00-02-00-E0-01-00-01-00-01-00-01-00-00-00-31-00-01-00-0C-00-00-00-00-00-00-00-00-00-00-00-00-00-00-00-00-00-00-00-00-00-00-00-00
[18:19:10:683]50-49-01-C0-72-24-04-00-03-00-0E-9A-00
[18:19:10:683]ystech_Power_Saving, is_EnablePowerSaving=True
[18:19:10:683][HID_TX]00-85-01-73-56-02-00-00-00-00-00-00-00-00-00-00-00-00-00-00-00-00-00-00-00-00-00-00-00-00-00-00-00-00-00-00-00-00-00-00-00-00-00-00-00-00-00-00-00-00-00-00-00-00-00-00-00-00-00-00-00-00-00-00-00
[18:19:10:685]HidD_GetInputReport=True
[18:19:10:685]reply_report=00-4F-00-00-00-00-00-00-00-00-00-00-00-00-00-00-00-00-00-00-00-00-00-00-00-00-00-00-00-00-00-00-00-00-00-00-00-00-00-00-00-00-00-00-00-00-00-00-00-00-00-00-00-00-00-00-00-00-00-00-00-00-00-00-00
[18:19:10:685]HID_CMD_POWER_SAVING_Enable
[18:19:10:685]close_hid_stream
[18:19:10:685]close_hid_handle
