[22:19:23:871]connect_auto_select
[22:19:23:887]\\?\hid#dell09c2&col02#5&bc4dc33&0&0001#{4d1e55b2-f16f-11cf-88cb-001111000030}
[22:19:23:887]\\?\hid#vid_046d&pid_0adf&mi_04#7&31212da2&0&0000#{4d1e55b2-f16f-11cf-88cb-001111000030}
[22:19:23:887]\\?\hid#vid_046d&pid_0adf&mi_00#7&3e7114f&0&0000#{4d1e55b2-f16f-11cf-88cb-001111000030}
[22:19:23:887]\\?\hid#dell09c2&col03#5&bc4dc33&0&0002#{4d1e55b2-f16f-11cf-88cb-001111000030}
[22:19:23:887]\\?\hid#intc816&col01#3&207f9b7f&0&0000#{4d1e55b2-f16f-11cf-88cb-001111000030}
[22:19:23:887]\\?\hid#intc816&col02#3&207f9b7f&0&0001#{4d1e55b2-f16f-11cf-88cb-001111000030}
[22:19:23:887]\\?\hid#converteddevice&col02#5&17bac0a6&0&0001#{4d1e55b2-f16f-11cf-88cb-001111000030}
[22:19:23:887]\\?\hid#converteddevice&col03#5&17bac0a6&0&0002#{4d1e55b2-f16f-11cf-88cb-001111000030}
[22:19:23:887]\\?\hid#dell09c2&col04#5&bc4dc33&0&0003#{4d1e55b2-f16f-11cf-88cb-001111000030}
[22:19:23:887]\\?\hid#{00001812-0000-1000-8000-00805f9b34fb}_dev_vid&0232c2_pid&0001_rev&0068_ccb624cd66b1#9&326e3aae&0&0000#{4d1e55b2-f16f-11cf-88cb-001111000030}
[22:19:23:887]\\?\hid#dell09c2&col05#5&bc4dc33&0&0004#{4d1e55b2-f16f-11cf-88cb-001111000030}
[22:19:23:887]\\?\hid#converteddevice&col01#5&17bac0a6&0&0000#{4d1e55b2-f16f-11cf-88cb-001111000030}\kbd
[22:19:23:887]\\?\hid#dell09c2&col01#5&bc4dc33&0&0000#{4d1e55b2-f16f-11cf-88cb-001111000030}
[22:19:23:887]id=VID=046D,PID=0ADF
[22:19:23:887]CloseHandleX
[22:19:23:887]id=VID=046D,PID=0ADF
[22:19:23:887]	attributes.VendorID=0x46D
[22:19:23:887]	attributes.ProductID=0xADF
[22:19:23:887]	attributes.VersionNumber=512
[22:19:23:887]	attributes.Size=12
[22:19:23:887]	SerialNumberString=V001008005.1
[22:19:23:887]	ManufacturerString=Þ율Ý
[22:19:23:887]	ProductString=G435 Wireless Gaming Headset
[22:19:23:887]CloseHandleX
[22:19:23:887]try_path=\\?\hid#vid_046d&pid_0adf&mi_00#7&3e7114f&0&0000#{4d1e55b2-f16f-11cf-88cb-001111000030}
[22:19:23:887]	InputReportByteLength=65
[22:19:23:887]	OutputReportByteLength=65
[22:19:23:887]HID_Connected=\\?\hid#vid_046d&pid_0adf&mi_00#7&3e7114f&0&0000#{4d1e55b2-f16f-11cf-88cb-001111000030}
[22:19:23:902]ystech_read_fw_version
[22:19:23:902][HID_TX]00-84-01-D1-55-01-00-00-00-00-00-00-00-00-00-00-00-00-00-00-00-00-00-00-00-00-00-00-00-00-00-00-00-00-00-00-00-00-00-00-00-00-00-00-00-00-00-00-00-00-00-00-00-00-00-00-00-00-00-00-00-00-00-00-00
[22:19:23:902]HidD_GetInputReport=True
[22:19:23:902]reply_report=00-4F-56-31-2E-38-2E-35-2E-31-00-00-00-00-00-00-00-00-00-00-00-00-00-00-00-00-00-00-00-00-00-00-00-00-00-00-00-00-00-00-00-00-00-00-00-00-00-00-00-00-00-00-00-00-00-00-00-00-00-00-00-00-00-00-00
[22:19:23:902][ys_tech] fw_version=V1.8.5.1
[22:19:23:902]ystech_Power_Saving, is_EnablePowerSaving=False
[22:19:23:902][HID_TX]00-85-01-83-8B-01-00-00-00-00-00-00-00-00-00-00-00-00-00-00-00-00-00-00-00-00-00-00-00-00-00-00-00-00-00-00-00-00-00-00-00-00-00-00-00-00-00-00-00-00-00-00-00-00-00-00-00-00-00-00-00-00-00-00-00
[22:19:23:902]HidD_GetInputReport=True
[22:19:23:902]reply_report=00-46-00-00-00-00-00-00-00-00-00-00-00-00-00-00-00-00-00-00-00-00-00-00-00-00-00-00-00-00-00-00-00-00-00-00-00-00-00-00-00-00-00-00-00-00-00-00-00-00-00-00-00-00-00-00-00-00-00-00-00-00-00-00-00
[22:19:23:918][Response Fail][System.Exception]
[22:19:23:933]   at ..(Boolean  )
   at ..(Byte  , Byte[]  )
[22:19:23:996]_ystech_retry_count=1
[22:19:23:996][HID_TX]00-85-01-83-8B-01-00-00-00-00-00-00-00-00-00-00-00-00-00-00-00-00-00-00-00-00-00-00-00-00-00-00-00-00-00-00-00-00-00-00-00-00-00-00-00-00-00-00-00-00-00-00-00-00-00-00-00-00-00-00-00-00-00-00-00
[22:19:23:996]HidD_GetInputReport=True
[22:19:23:996]reply_report=00-4F-00-00-00-00-00-00-00-00-00-00-00-00-00-00-00-00-00-00-00-00-00-00-00-00-00-00-00-00-00-00-00-00-00-00-00-00-00-00-00-00-00-00-00-00-00-00-00-00-00-00-00-00-00-00-00-00-00-00-00-00-00-00-00
[22:19:23:996]HID_CMD_POWER_SAVING_Disable
[22:19:23:996]path_connected=\\?\hid#vid_046d&pid_0adf&mi_00#7&3e7114f&0&0000#{4d1e55b2-f16f-11cf-88cb-001111000030}
[22:19:23:996][HID_TX]00-80-13-43-F6-50-41-06-01-0D-00-25-34-12-5A-5A-01-00-00-00-F0-00-00-00-00-00-00-00-00-00-00-00-00-00-00-00-00-00-00-00-00-00-00-00-00-00-00-00-00-00-00-00-00-00-00-00-00-00-00-00-00-00-00-00-00
[22:19:23:996]HidD_GetInputReport=True
[22:19:23:996]reply_report=00-4F-00-00-00-00-00-00-00-00-00-00-00-00-00-00-00-00-00-00-00-00-00-00-00-00-00-00-00-00-00-00-00-00-00-00-00-00-00-00-00-00-00-00-00-00-00-00-00-00-00-00-00-00-00-00-00-00-00-00-00-00-00-00-00
[22:19:23:996]50-41-06-01-0D-00-25-34-12-5A-5A-01-00-00-00-F0-00-00-00 [CMD_SENT][OTA_CMD_IOCTL][READ_MAX_LEN=240]
[22:19:23:996][HID_TX_ack]00-11-50-49-01-C0-90-A7-02-00-07-00-06-81-00-F0-00-00-00-58-40-00-00-02-00-E0-00-13-32-00-00-00-00-00-00-00-00-00-00-00-00-00-00-00-00-00-00-00-00-00-00-00-00-00-00-00-00-00-00-00-00-00-00-00-00
[22:19:24:027]50-49-01-C0-90-A7-02-00-07-00-06-81-00-F0-00-00-00
[22:19:24:027][HID_TX]00-80-06-12-CD-50-41-0E-02-01-E0-00-00-00-00-00-00-00-00-00-00-00-00-00-00-00-00-00-00-00-00-00-00-00-00-00-00-00-00-00-00-00-00-00-00-00-00-00-00-00-00-00-00-00-00-00-00-00-00-00-00-00-00-00-00
[22:19:24:027]HidD_GetInputReport=True
[22:19:24:027]reply_report=00-4F-00-00-00-00-00-00-00-00-00-00-00-00-00-00-00-00-00-00-00-00-00-00-00-00-00-00-00-00-00-00-00-00-00-00-00-00-00-00-00-00-00-00-00-00-00-00-00-00-00-00-00-00-00-00-00-00-00-00-00-00-00-00-00
[22:19:24:027]50-41-0E-02-01-E0 [CMD_SENT][REMOTE_GET_MODE]
[22:19:24:027][HID_TX_ack]00-19-50-49-01-C0-90-A7-02-00-03-00-0E-82-00-50-49-0E-CA-00-00-00-00-02-00-E0-00-13-32-00-00-00-00-00-00-00-00-00-00-00-00-00-00-00-00-00-00-00-00-00-00-00-00-00-00-00-00-00-00-00-00-00-00-00-00
[22:19:24:027]50-49-01-C0-90-A7-02-00-03-00-0E-82-00
[22:19:24:027]50-49-0E-CA-00-00-00-00-02-00-E0-00-
[22:19:24:027]REMOTE_GET_MODE=00
[22:19:24:027][HID_TX]00-80-08-ED-79-50-41-06-03-02-00-43-01-00-00-00-00-00-00-00-00-00-00-00-00-00-00-00-00-00-00-00-00-00-00-00-00-00-00-00-00-00-00-00-00-00-00-00-00-00-00-00-00-00-00-00-00-00-00-00-00-00-00-00-00
[22:19:24:027]HidD_GetInputReport=True
[22:19:24:027]reply_report=00-4F-00-00-00-00-00-00-00-00-00-00-00-00-00-00-00-00-00-00-00-00-00-00-00-00-00-00-00-00-00-00-00-00-00-00-00-00-00-00-00-00-00-00-00-00-00-00-00-00-00-00-00-00-00-00-00-00-00-00-00-00-00-00-00
[22:19:24:027]50-41-06-03-02-00-43-01 [CMD_SENT][CMD_READ_MP_DATA_BY_ID]
[22:19:24:043][HID_TX_ack]00-13-50-49-01-C0-90-A7-02-00-09-00-06-83-00-48-A7-1F-99-58-40-00-00-02-00-E0-00-13-32-00-00-00-00-00-00-00-00-00-00-00-00-00-00-00-00-00-00-00-00-00-00-00-00-00-00-00-00-00-00-00-00-00-00-00-00
[22:19:24:043]50-49-01-C0-90-A7-02-00-09-00-06-83-00-48-A7-1F-99-58-40
[22:19:38:837][HID_TX]00-80-06-2F-BD-50-41-0E-04-01-E0-00-00-00-00-00-00-00-00-00-00-00-00-00-00-00-00-00-00-00-00-00-00-00-00-00-00-00-00-00-00-00-00-00-00-00-00-00-00-00-00-00-00-00-00-00-00-00-00-00-00-00-00-00-00
[22:19:38:838]HidD_GetInputReport=True
[22:19:38:838]reply_report=00-4F-00-00-00-00-00-00-00-00-00-00-00-00-00-00-00-00-00-00-00-00-00-00-00-00-00-00-00-00-00-00-00-00-00-00-00-00-00-00-00-00-00-00-00-00-00-00-00-00-00-00-00-00-00-00-00-00-00-00-00-00-00-00-00
[22:19:38:838]50-41-0E-04-01-E0 [CMD_SENT][REMOTE_GET_MODE]
[22:19:38:843][HID_TX_ack]00-19-50-49-01-C0-83-D6-02-00-03-00-0E-84-00-50-49-0E-CB-00-00-00-00-02-00-E0-00-13-32-00-00-00-00-00-00-00-00-00-00-00-00-00-00-00-00-00-00-00-00-00-00-00-00-00-00-00-00-00-00-00-00-00-00-00-00
[22:19:38:843]50-49-01-C0-83-D6-02-00-03-00-0E-84-00
[22:19:38:843]50-49-0E-CB-00-00-00-00-02-00-E0-00-
[22:19:38:843]REMOTE_GET_MODE=00
[22:19:38:843][HID_TX]00-80-08-D0-09-50-41-06-05-02-00-43-01-00-00-00-00-00-00-00-00-00-00-00-00-00-00-00-00-00-00-00-00-00-00-00-00-00-00-00-00-00-00-00-00-00-00-00-00-00-00-00-00-00-00-00-00-00-00-00-00-00-00-00-00
[22:19:38:844]HidD_GetInputReport=True
[22:19:38:844]reply_report=00-4F-00-00-00-00-00-00-00-00-00-00-00-00-00-00-00-00-00-00-00-00-00-00-00-00-00-00-00-00-00-00-00-00-00-00-00-00-00-00-00-00-00-00-00-00-00-00-00-00-00-00-00-00-00-00-00-00-00-00-00-00-00-00-00
[22:19:38:844]50-41-06-05-02-00-43-01 [CMD_SENT][CMD_READ_MP_DATA_BY_ID]
[22:19:38:847][HID_TX_ack]00-13-50-49-01-C0-88-D6-02-00-09-00-06-85-00-48-A7-1F-99-58-40-00-00-02-00-E0-00-13-32-00-00-00-00-00-00-00-00-00-00-00-00-00-00-00-00-00-00-00-00-00-00-00-00-00-00-00-00-00-00-00-00-00-00-00-00
[22:19:38:847]50-49-01-C0-88-D6-02-00-09-00-06-85-00-48-A7-1F-99-58-40
