[15:25:27:613]\\?\hid#dell09c2&col02#5&bc4dc33&0&0001#{4d1e55b2-f16f-11cf-88cb-001111000030}
[15:25:27:613]\\?\hid#dell09c2&col03#5&bc4dc33&0&0002#{4d1e55b2-f16f-11cf-88cb-001111000030}
[15:25:27:613]\\?\hid#intc816&col01#3&207f9b7f&0&0000#{4d1e55b2-f16f-11cf-88cb-001111000030}
[15:25:27:613]\\?\hid#intc816&col02#3&207f9b7f&0&0001#{4d1e55b2-f16f-11cf-88cb-001111000030}
[15:25:27:613]\\?\hid#converteddevice&col02#5&17bac0a6&0&0001#{4d1e55b2-f16f-11cf-88cb-001111000030}
[15:25:27:613]\\?\hid#converteddevice&col03#5&17bac0a6&0&0002#{4d1e55b2-f16f-11cf-88cb-001111000030}
[15:25:27:613]\\?\hid#dell09c2&col04#5&bc4dc33&0&0003#{4d1e55b2-f16f-11cf-88cb-001111000030}
[15:25:27:613]\\?\hid#{00001812-0000-1000-8000-00805f9b34fb}_dev_vid&0232c2_pid&0001_rev&0068_ccb624cd66b1#9&326e3aae&0&0000#{4d1e55b2-f16f-11cf-88cb-001111000030}
[15:25:27:614]\\?\hid#dell09c2&col05#5&bc4dc33&0&0004#{4d1e55b2-f16f-11cf-88cb-001111000030}
[15:25:27:614]\\?\hid#converteddevice&col01#5&17bac0a6&0&0000#{4d1e55b2-f16f-11cf-88cb-001111000030}\kbd
[15:25:27:614]\\?\hid#dell09c2&col01#5&bc4dc33&0&0000#{4d1e55b2-f16f-11cf-88cb-001111000030}
[15:25:27:614]\\?\hid#vid_046d&pid_0adf&mi_00#7&3ad8dff3&0&0000#{4d1e55b2-f16f-11cf-88cb-001111000030}
[15:25:27:614]\\?\hid#vid_046d&pid_0adf&mi_04#7&18e94d0e&0&0000#{4d1e55b2-f16f-11cf-88cb-001111000030}
[15:25:27:616]try_path=\\?\hid#vid_046d&pid_0adf&mi_00#7&3ad8dff3&0&0000#{4d1e55b2-f16f-11cf-88cb-001111000030}
[15:25:27:617]	InputReportByteLength=65
[15:25:27:617]	OutputReportByteLength=65
[15:25:27:618]HID_Connected=\\?\hid#vid_046d&pid_0adf&mi_00#7&3ad8dff3&0&0000#{4d1e55b2-f16f-11cf-88cb-001111000030}
[15:25:27:619][HID_TX]00-84-01-D1-55-01-00-00-00-00-00-00-00-00-00-00-00-00-00-00-00-00-00-00-00-00-00-00-00-00-00-00-00-00-00-00-00-00-00-00-00-00-00-00-00-00-00-00-00-00-00-00-00-00-00-00-00-00-00-00-00-00-00-00-00
[15:25:27:620]HidD_GetInputReport=True
[15:25:27:620]reply_report=00-4F-56-31-2E-38-2E-35-2E-31-00-00-00-00-00-00-00-00-00-00-00-00-00-00-00-00-00-00-00-00-00-00-00-00-00-00-00-00-00-00-00-00-00-00-00-00-00-00-00-00-00-00-00-00-00-00-00-00-00-00-00-00-00-00-00
[15:25:27:620][ys_tech] fw_version=V1.8.5.1
[15:25:27:621]ystech_Power_Saving, is_EnablePowerSaving=False
[15:25:27:621][HID_TX]00-85-01-83-8B-01-00-00-00-00-00-00-00-00-00-00-00-00-00-00-00-00-00-00-00-00-00-00-00-00-00-00-00-00-00-00-00-00-00-00-00-00-00-00-00-00-00-00-00-00-00-00-00-00-00-00-00-00-00-00-00-00-00-00-00
[15:25:27:622]HidD_GetInputReport=True
[15:25:27:622]reply_report=00-4F-00-00-00-00-00-00-00-00-00-00-00-00-00-00-00-00-00-00-00-00-00-00-00-00-00-00-00-00-00-00-00-00-00-00-00-00-00-00-00-00-00-00-00-00-00-00-00-00-00-00-00-00-00-00-00-00-00-00-00-00-00-00-00
[15:25:27:622]HID_CMD_POWER_SAVING_Disable
[15:25:27:622]path_connected=\\?\hid#vid_046d&pid_0adf&mi_00#7&3ad8dff3&0&0000#{4d1e55b2-f16f-11cf-88cb-001111000030}
[15:25:28:798][HID_TX]00-80-06-1C-7D-50-41-0E-01-01-E0-00-00-00-00-00-00-00-00-00-00-00-00-00-00-00-00-00-00-00-00-00-00-00-00-00-00-00-00-00-00-00-00-00-00-00-00-00-00-00-00-00-00-00-00-00-00-00-00-00-00-00-00-00-00
[15:25:28:798]HidD_GetInputReport=True
[15:25:28:798]reply_report=00-4F-00-00-00-00-00-00-00-00-00-00-00-00-00-00-00-00-00-00-00-00-00-00-00-00-00-00-00-00-00-00-00-00-00-00-00-00-00-00-00-00-00-00-00-00-00-00-00-00-00-00-00-00-00-00-00-00-00-00-00-00-00-00-00
[15:25:28:798]50-41-0E-01-01-E0 [CMD_SENT][REMOTE_GET_MODE]
[15:25:28:802][HID_TX_ack]00-19-50-49-01-C0-61-06-02-00-03-00-0E-81-00-50-49-0E-D2-00-00-00-00-02-00-E0-00-17-32-00-00-00-00-00-00-00-00-00-00-00-00-00-00-00-00-00-00-00-00-00-00-00-00-00-00-00-00-00-00-00-00-00-00-00-00
[15:25:28:807]REMOTE_GET_MODE=00
[15:25:28:807]50-49-01-C0-61-06-02-00-03-00-0E-81-00
[15:25:28:807]50-49-0E-D2-00-00-00-00-02-00-E0-00-
[15:25:28:807][HID_TX]00-80-07-1B-E1-50-41-06-02-01-00-63-00-00-00-00-00-00-00-00-00-00-00-00-00-00-00-00-00-00-00-00-00-00-00-00-00-00-00-00-00-00-00-00-00-00-00-00-00-00-00-00-00-00-00-00-00-00-00-00-00-00-00-00-00
[15:25:28:809]HidD_GetInputReport=True
[15:25:28:809]reply_report=00-4F-00-00-00-00-00-00-00-00-00-00-00-00-00-00-00-00-00-00-00-00-00-00-00-00-00-00-00-00-00-00-00-00-00-00-00-00-00-00-00-00-00-00-00-00-00-00-00-00-00-00-00-00-00-00-00-00-00-00-00-00-00-00-00
[15:25:28:809]50-41-06-02-01-00-63 [CMD_SENT][CMD_GET_IO_LEVEL]
[15:25:28:811][HID_TX_ack]00-12-50-49-01-C0-6A-06-02-00-08-00-06-82-00-01-D8-FF-1F-00-00-00-00-02-00-E0-00-17-32-00-00-00-00-00-00-00-00-00-00-00-00-00-00-00-00-00-00-00-00-00-00-00-00-00-00-00-00-00-00-00-00-00-00-00-00
[15:25:28:811]50-49-01-C0-6A-06-02-00-08-00-06-82-00-01-D8-FF-1F-00
[15:25:29:027][HID_TX]00-80-06-F7-52-50-41-0E-03-01-E0-00-00-00-00-00-00-00-00-00-00-00-00-00-00-00-00-00-00-00-00-00-00-00-00-00-00-00-00-00-00-00-00-00-00-00-00-00-00-00-00-00-00-00-00-00-00-00-00-00-00-00-00-00-00
[15:25:29:027]HidD_GetInputReport=True
[15:25:29:027]reply_report=00-4F-00-00-00-00-00-00-00-00-00-00-00-00-00-00-00-00-00-00-00-00-00-00-00-00-00-00-00-00-00-00-00-00-00-00-00-00-00-00-00-00-00-00-00-00-00-00-00-00-00-00-00-00-00-00-00-00-00-00-00-00-00-00-00
[15:25:29:027]50-41-0E-03-01-E0 [CMD_SENT][REMOTE_GET_MODE]
[15:25:29:030][HID_TX_ack]00-19-50-49-01-C0-18-07-02-00-03-00-0E-83-00-50-49-0E-D3-00-00-00-00-02-00-E0-00-17-32-00-00-00-00-00-00-00-00-00-00-00-00-00-00-00-00-00-00-00-00-00-00-00-00-00-00-00-00-00-00-00-00-00-00-00-00
[15:25:29:030]50-49-01-C0-18-07-02-00-03-00-0E-83-00
[15:25:29:030]50-49-0E-D3-00-00-00-00-02-00-E0-00-
[15:25:29:030]REMOTE_GET_MODE=00
[15:25:29:030][HID_TX]00-80-07-26-91-50-41-06-04-01-00-63-00-00-00-00-00-00-00-00-00-00-00-00-00-00-00-00-00-00-00-00-00-00-00-00-00-00-00-00-00-00-00-00-00-00-00-00-00-00-00-00-00-00-00-00-00-00-00-00-00-00-00-00-00
[15:25:29:031]HidD_GetInputReport=True
[15:25:29:031]reply_report=00-4F-00-00-00-00-00-00-00-00-00-00-00-00-00-00-00-00-00-00-00-00-00-00-00-00-00-00-00-00-00-00-00-00-00-00-00-00-00-00-00-00-00-00-00-00-00-00-00-00-00-00-00-00-00-00-00-00-00-00-00-00-00-00-00
[15:25:29:031]50-41-06-04-01-00-63 [CMD_SENT][CMD_GET_IO_LEVEL]
[15:25:29:034][HID_TX_ack]00-12-50-49-01-C0-1B-07-02-00-08-00-06-84-00-01-D8-FF-1F-00-00-00-00-02-00-E0-00-17-32-00-00-00-00-00-00-00-00-00-00-00-00-00-00-00-00-00-00-00-00-00-00-00-00-00-00-00-00-00-00-00-00-00-00-00-00
[15:25:29:034]50-49-01-C0-1B-07-02-00-08-00-06-84-00-01-D8-FF-1F-00
[15:25:29:257][HID_TX]00-80-06-CA-22-50-41-0E-05-01-E0-00-00-00-00-00-00-00-00-00-00-00-00-00-00-00-00-00-00-00-00-00-00-00-00-00-00-00-00-00-00-00-00-00-00-00-00-00-00-00-00-00-00-00-00-00-00-00-00-00-00-00-00-00-00
[15:25:29:258]HidD_GetInputReport=True
[15:25:29:258]reply_report=00-4F-00-00-00-00-00-00-00-00-00-00-00-00-00-00-00-00-00-00-00-00-00-00-00-00-00-00-00-00-00-00-00-00-00-00-00-00-00-00-00-00-00-00-00-00-00-00-00-00-00-00-00-00-00-00-00-00-00-00-00-00-00-00-00
[15:25:29:258]50-41-0E-05-01-E0 [CMD_SENT][REMOTE_GET_MODE]
[15:25:29:261][HID_TX_ack]00-19-50-49-01-C0-D1-07-02-00-03-00-0E-85-00-50-49-0E-D4-00-00-00-00-02-00-E0-00-17-32-00-00-00-00-00-00-00-00-00-00-00-00-00-00-00-00-00-00-00-00-00-00-00-00-00-00-00-00-00-00-00-00-00-00-00-00
[15:25:29:261]50-49-01-C0-D1-07-02-00-03-00-0E-85-00
[15:25:29:261]50-49-0E-D4-00-00-00-00-02-00-E0-00-
[15:25:29:261]REMOTE_GET_MODE=00
[15:25:29:261][HID_TX]00-80-07-CD-BE-50-41-06-06-01-00-63-00-00-00-00-00-00-00-00-00-00-00-00-00-00-00-00-00-00-00-00-00-00-00-00-00-00-00-00-00-00-00-00-00-00-00-00-00-00-00-00-00-00-00-00-00-00-00-00-00-00-00-00-00
[15:25:29:262]HidD_GetInputReport=True
[15:25:29:262]reply_report=00-4F-00-00-00-00-00-00-00-00-00-00-00-00-00-00-00-00-00-00-00-00-00-00-00-00-00-00-00-00-00-00-00-00-00-00-00-00-00-00-00-00-00-00-00-00-00-00-00-00-00-00-00-00-00-00-00-00-00-00-00-00-00-00-00
[15:25:29:262]50-41-06-06-01-00-63 [CMD_SENT][CMD_GET_IO_LEVEL]
[15:25:29:265][HID_TX_ack]00-12-50-49-01-C0-D4-07-02-00-08-00-06-86-00-01-D8-FF-1F-00-00-00-00-02-00-E0-00-17-32-00-00-00-00-00-00-00-00-00-00-00-00-00-00-00-00-00-00-00-00-00-00-00-00-00-00-00-00-00-00-00-00-00-00-00-00
[15:25:29:265]50-49-01-C0-D4-07-02-00-08-00-06-86-00-01-D8-FF-1F-00
[15:25:29:493][HID_TX]00-80-06-21-0D-50-41-0E-07-01-E0-00-00-00-00-00-00-00-00-00-00-00-00-00-00-00-00-00-00-00-00-00-00-00-00-00-00-00-00-00-00-00-00-00-00-00-00-00-00-00-00-00-00-00-00-00-00-00-00-00-00-00-00-00-00
[15:25:29:494]HidD_GetInputReport=True
[15:25:29:494]reply_report=00-4F-00-00-00-00-00-00-00-00-00-00-00-00-00-00-00-00-00-00-00-00-00-00-00-00-00-00-00-00-00-00-00-00-00-00-00-00-00-00-00-00-00-00-00-00-00-00-00-00-00-00-00-00-00-00-00-00-00-00-00-00-00-00-00
[15:25:29:494]50-41-0E-07-01-E0 [CMD_SENT][REMOTE_GET_MODE]
[15:25:29:497][HID_TX_ack]00-19-50-49-01-C0-8D-08-02-00-03-00-0E-87-00-50-49-0E-D5-00-00-00-00-02-00-E0-00-17-32-00-00-00-00-00-00-00-00-00-00-00-00-00-00-00-00-00-00-00-00-00-00-00-00-00-00-00-00-00-00-00-00-00-00-00-00
[15:25:29:497]50-49-01-C0-8D-08-02-00-03-00-0E-87-00
[15:25:29:497]50-49-0E-D5-00-00-00-00-02-00-E0-00-
[15:25:29:497]REMOTE_GET_MODE=00
[15:25:29:497][HID_TX]00-80-07-5C-71-50-41-06-08-01-00-63-00-00-00-00-00-00-00-00-00-00-00-00-00-00-00-00-00-00-00-00-00-00-00-00-00-00-00-00-00-00-00-00-00-00-00-00-00-00-00-00-00-00-00-00-00-00-00-00-00-00-00-00-00
[15:25:29:498]HidD_GetInputReport=True
[15:25:29:498]reply_report=00-4F-00-00-00-00-00-00-00-00-00-00-00-00-00-00-00-00-00-00-00-00-00-00-00-00-00-00-00-00-00-00-00-00-00-00-00-00-00-00-00-00-00-00-00-00-00-00-00-00-00-00-00-00-00-00-00-00-00-00-00-00-00-00-00
[15:25:29:498]50-41-06-08-01-00-63 [CMD_SENT][CMD_GET_IO_LEVEL]
[15:25:29:501][HID_TX_ack]00-12-50-49-01-C0-91-08-02-00-08-00-06-88-00-01-D8-FF-1F-00-00-00-00-02-00-E0-00-17-32-00-00-00-00-00-00-00-00-00-00-00-00-00-00-00-00-00-00-00-00-00-00-00-00-00-00-00-00-00-00-00-00-00-00-00-00
[15:25:29:501]50-49-01-C0-91-08-02-00-08-00-06-88-00-01-D8-FF-1F-00
[15:25:29:726][HID_TX]00-80-06-B0-C2-50-41-0E-09-01-E0-00-00-00-00-00-00-00-00-00-00-00-00-00-00-00-00-00-00-00-00-00-00-00-00-00-00-00-00-00-00-00-00-00-00-00-00-00-00-00-00-00-00-00-00-00-00-00-00-00-00-00-00-00-00
[15:25:29:727]HidD_GetInputReport=True
[15:25:29:727]reply_report=00-4F-00-00-00-00-00-00-00-00-00-00-00-00-00-00-00-00-00-00-00-00-00-00-00-00-00-00-00-00-00-00-00-00-00-00-00-00-00-00-00-00-00-00-00-00-00-00-00-00-00-00-00-00-00-00-00-00-00-00-00-00-00-00-00
[15:25:29:727]50-41-0E-09-01-E0 [CMD_SENT][REMOTE_GET_MODE]
[15:25:29:730][HID_TX_ack]00-19-50-49-01-C0-48-09-02-00-03-00-0E-89-00-50-49-0E-D6-00-00-00-00-02-00-E0-00-17-32-00-00-00-00-00-00-00-00-00-00-00-00-00-00-00-00-00-00-00-00-00-00-00-00-00-00-00-00-00-00-00-00-00-00-00-00
[15:25:29:730]50-49-01-C0-48-09-02-00-03-00-0E-89-00
[15:25:29:730]50-49-0E-D6-00-00-00-00-02-00-E0-00-
[15:25:29:730]REMOTE_GET_MODE=00
[15:25:29:730][HID_TX]00-80-07-B7-5E-50-41-06-0A-01-00-63-00-00-00-00-00-00-00-00-00-00-00-00-00-00-00-00-00-00-00-00-00-00-00-00-00-00-00-00-00-00-00-00-00-00-00-00-00-00-00-00-00-00-00-00-00-00-00-00-00-00-00-00-00
[15:25:29:731]HidD_GetInputReport=True
[15:25:29:731]reply_report=00-4F-00-00-00-00-00-00-00-00-00-00-00-00-00-00-00-00-00-00-00-00-00-00-00-00-00-00-00-00-00-00-00-00-00-00-00-00-00-00-00-00-00-00-00-00-00-00-00-00-00-00-00-00-00-00-00-00-00-00-00-00-00-00-00
[15:25:29:731]50-41-06-0A-01-00-63 [CMD_SENT][CMD_GET_IO_LEVEL]
[15:25:29:734][HID_TX_ack]00-12-50-49-01-C0-4B-09-02-00-08-00-06-8A-00-01-D8-FF-1F-00-00-00-00-02-00-E0-00-17-32-00-00-00-00-00-00-00-00-00-00-00-00-00-00-00-00-00-00-00-00-00-00-00-00-00-00-00-00-00-00-00-00-00-00-00-00
[15:25:29:734]50-49-01-C0-4B-09-02-00-08-00-06-8A-00-01-D8-FF-1F-00
[15:25:29:945][HID_TX]00-80-06-5B-ED-50-41-0E-0B-01-E0-00-00-00-00-00-00-00-00-00-00-00-00-00-00-00-00-00-00-00-00-00-00-00-00-00-00-00-00-00-00-00-00-00-00-00-00-00-00-00-00-00-00-00-00-00-00-00-00-00-00-00-00-00-00
[15:25:29:946]HidD_GetInputReport=True
[15:25:29:946]reply_report=00-4F-00-00-00-00-00-00-00-00-00-00-00-00-00-00-00-00-00-00-00-00-00-00-00-00-00-00-00-00-00-00-00-00-00-00-00-00-00-00-00-00-00-00-00-00-00-00-00-00-00-00-00-00-00-00-00-00-00-00-00-00-00-00-00
[15:25:29:948]50-41-0E-0B-01-E0 [CMD_SENT][REMOTE_GET_MODE]
[15:25:29:952][HID_TX_ack]00-19-50-49-01-C0-F7-09-02-00-03-00-0E-8B-00-50-49-0E-D7-00-00-00-00-02-00-E0-00-17-32-00-00-00-00-00-00-00-00-00-00-00-00-00-00-00-00-00-00-00-00-00-00-00-00-00-00-00-00-00-00-00-00-00-00-00-00
[15:25:29:952]50-49-01-C0-F7-09-02-00-03-00-0E-8B-00
[15:25:29:952]50-49-0E-D7-00-00-00-00-02-00-E0-00-
[15:25:29:952]REMOTE_GET_MODE=00
[15:25:29:952][HID_TX]00-80-07-8A-2E-50-41-06-0C-01-00-63-00-00-00-00-00-00-00-00-00-00-00-00-00-00-00-00-00-00-00-00-00-00-00-00-00-00-00-00-00-00-00-00-00-00-00-00-00-00-00-00-00-00-00-00-00-00-00-00-00-00-00-00-00
[15:25:29:953]HidD_GetInputReport=True
[15:25:29:953]reply_report=00-4F-00-00-00-00-00-00-00-00-00-00-00-00-00-00-00-00-00-00-00-00-00-00-00-00-00-00-00-00-00-00-00-00-00-00-00-00-00-00-00-00-00-00-00-00-00-00-00-00-00-00-00-00-00-00-00-00-00-00-00-00-00-00-00
[15:25:29:953]50-41-06-0C-01-00-63 [CMD_SENT][CMD_GET_IO_LEVEL]
[15:25:29:955][HID_TX_ack]00-12-50-49-01-C0-FD-09-02-00-08-00-06-8C-00-01-D8-FF-1F-00-00-00-00-02-00-E0-00-17-32-00-00-00-00-00-00-00-00-00-00-00-00-00-00-00-00-00-00-00-00-00-00-00-00-00-00-00-00-00-00-00-00-00-00-00-00
[15:25:29:955]50-49-01-C0-FD-09-02-00-08-00-06-8C-00-01-D8-FF-1F-00
[15:25:30:179][HID_TX]00-80-06-66-9D-50-41-0E-0D-01-E0-00-00-00-00-00-00-00-00-00-00-00-00-00-00-00-00-00-00-00-00-00-00-00-00-00-00-00-00-00-00-00-00-00-00-00-00-00-00-00-00-00-00-00-00-00-00-00-00-00-00-00-00-00-00
[15:25:30:180]HidD_GetInputReport=True
[15:25:30:180]reply_report=00-4F-00-00-00-00-00-00-00-00-00-00-00-00-00-00-00-00-00-00-00-00-00-00-00-00-00-00-00-00-00-00-00-00-00-00-00-00-00-00-00-00-00-00-00-00-00-00-00-00-00-00-00-00-00-00-00-00-00-00-00-00-00-00-00
[15:25:30:180]50-41-0E-0D-01-E0 [CMD_SENT][REMOTE_GET_MODE]
[15:25:30:183][HID_TX_ack]00-19-50-49-01-C0-B2-0A-02-00-03-00-0E-8D-00-50-49-0E-D8-00-00-00-00-02-00-E0-00-17-32-00-00-00-00-00-00-00-00-00-00-00-00-00-00-00-00-00-00-00-00-00-00-00-00-00-00-00-00-00-00-00-00-00-00-00-00
[15:25:30:183]50-49-01-C0-B2-0A-02-00-03-00-0E-8D-00
[15:25:30:183]50-49-0E-D8-00-00-00-00-02-00-E0-00-
[15:25:30:183]REMOTE_GET_MODE=00
[15:25:30:183][HID_TX]00-80-07-61-01-50-41-06-0E-01-00-63-00-00-00-00-00-00-00-00-00-00-00-00-00-00-00-00-00-00-00-00-00-00-00-00-00-00-00-00-00-00-00-00-00-00-00-00-00-00-00-00-00-00-00-00-00-00-00-00-00-00-00-00-00
[15:25:30:186]HidD_GetInputReport=True
[15:25:30:186]reply_report=00-4F-00-00-00-00-00-00-00-00-00-00-00-00-00-00-00-00-00-00-00-00-00-00-00-00-00-00-00-00-00-00-00-00-00-00-00-00-00-00-00-00-00-00-00-00-00-00-00-00-00-00-00-00-00-00-00-00-00-00-00-00-00-00-00
[15:25:30:186]50-41-06-0E-01-00-63 [CMD_SENT][CMD_GET_IO_LEVEL]
[15:25:30:188][HID_TX_ack]00-12-50-49-01-C0-B6-0A-02-00-08-00-06-8E-00-01-D8-FF-1F-00-00-00-00-02-00-E0-00-17-32-00-00-00-00-00-00-00-00-00-00-00-00-00-00-00-00-00-00-00-00-00-00-00-00-00-00-00-00-00-00-00-00-00-00-00-00
[15:25:30:188]50-49-01-C0-B6-0A-02-00-08-00-06-8E-00-01-D8-FF-1F-00
[15:25:30:398][HID_TX]00-80-06-8D-B2-50-41-0E-0F-01-E0-00-00-00-00-00-00-00-00-00-00-00-00-00-00-00-00-00-00-00-00-00-00-00-00-00-00-00-00-00-00-00-00-00-00-00-00-00-00-00-00-00-00-00-00-00-00-00-00-00-00-00-00-00-00
[15:25:30:400]HidD_GetInputReport=True
[15:25:30:400]reply_report=00-4F-00-00-00-00-00-00-00-00-00-00-00-00-00-00-00-00-00-00-00-00-00-00-00-00-00-00-00-00-00-00-00-00-00-00-00-00-00-00-00-00-00-00-00-00-00-00-00-00-00-00-00-00-00-00-00-00-00-00-00-00-00-00-00
[15:25:30:400]50-41-0E-0F-01-E0 [CMD_SENT][REMOTE_GET_MODE]
[15:25:30:402][HID_TX_ack]00-19-50-49-01-C0-61-0B-02-00-03-00-0E-8F-00-50-49-0E-D9-00-00-00-00-02-00-E0-00-17-32-00-00-00-00-00-00-00-00-00-00-00-00-00-00-00-00-00-00-00-00-00-00-00-00-00-00-00-00-00-00-00-00-00-00-00-00
[15:25:30:402]50-49-01-C0-61-0B-02-00-03-00-0E-8F-00
[15:25:30:402]50-49-0E-D9-00-00-00-00-02-00-E0-00-
[15:25:30:402]REMOTE_GET_MODE=00
[15:25:30:402][HID_TX]00-80-07-89-A1-50-41-06-10-01-00-63-00-00-00-00-00-00-00-00-00-00-00-00-00-00-00-00-00-00-00-00-00-00-00-00-00-00-00-00-00-00-00-00-00-00-00-00-00-00-00-00-00-00-00-00-00-00-00-00-00-00-00-00-00
[15:25:30:404]HidD_GetInputReport=True
[15:25:30:404]reply_report=00-4F-00-00-00-00-00-00-00-00-00-00-00-00-00-00-00-00-00-00-00-00-00-00-00-00-00-00-00-00-00-00-00-00-00-00-00-00-00-00-00-00-00-00-00-00-00-00-00-00-00-00-00-00-00-00-00-00-00-00-00-00-00-00-00
[15:25:30:404]50-41-06-10-01-00-63 [CMD_SENT][CMD_GET_IO_LEVEL]
[15:25:30:407][HID_TX_ack]00-12-50-49-01-C0-66-0B-02-00-08-00-06-90-00-01-D8-FF-1F-00-00-00-00-02-00-E0-00-17-32-00-00-00-00-00-00-00-00-00-00-00-00-00-00-00-00-00-00-00-00-00-00-00-00-00-00-00-00-00-00-00-00-00-00-00-00
[15:25:30:407]50-49-01-C0-66-0B-02-00-08-00-06-90-00-01-D8-FF-1F-00
[15:25:30:630][HID_TX]00-80-06-65-12-50-41-0E-11-01-E0-00-00-00-00-00-00-00-00-00-00-00-00-00-00-00-00-00-00-00-00-00-00-00-00-00-00-00-00-00-00-00-00-00-00-00-00-00-00-00-00-00-00-00-00-00-00-00-00-00-00-00-00-00-00
[15:25:30:631]HidD_GetInputReport=True
[15:25:30:631]reply_report=00-4F-00-00-00-00-00-00-00-00-00-00-00-00-00-00-00-00-00-00-00-00-00-00-00-00-00-00-00-00-00-00-00-00-00-00-00-00-00-00-00-00-00-00-00-00-00-00-00-00-00-00-00-00-00-00-00-00-00-00-00-00-00-00-00
[15:25:30:631]50-41-0E-11-01-E0 [CMD_SENT][REMOTE_GET_MODE]
[15:25:30:634][HID_TX_ack]00-19-50-49-01-C0-1B-0C-02-00-03-00-0E-91-00-50-49-0E-DA-00-00-00-00-02-00-E0-00-17-32-00-00-00-00-00-00-00-00-00-00-00-00-00-00-00-00-00-00-00-00-00-00-00-00-00-00-00-00-00-00-00-00-00-00-00-00
[15:25:30:634]50-49-01-C0-1B-0C-02-00-03-00-0E-91-00
[15:25:30:634]50-49-0E-DA-00-00-00-00-02-00-E0-00-
[15:25:30:634]REMOTE_GET_MODE=00
[15:25:30:634][HID_TX]00-80-07-62-8E-50-41-06-12-01-00-63-00-00-00-00-00-00-00-00-00-00-00-00-00-00-00-00-00-00-00-00-00-00-00-00-00-00-00-00-00-00-00-00-00-00-00-00-00-00-00-00-00-00-00-00-00-00-00-00-00-00-00-00-00
[15:25:30:635]HidD_GetInputReport=True
[15:25:30:635]reply_report=00-4F-00-00-00-00-00-00-00-00-00-00-00-00-00-00-00-00-00-00-00-00-00-00-00-00-00-00-00-00-00-00-00-00-00-00-00-00-00-00-00-00-00-00-00-00-00-00-00-00-00-00-00-00-00-00-00-00-00-00-00-00-00-00-00
[15:25:30:635]50-41-06-12-01-00-63 [CMD_SENT][CMD_GET_IO_LEVEL]
[15:25:30:638][HID_TX_ack]00-12-50-49-01-C0-1E-0C-02-00-08-00-06-92-00-01-D8-FF-1F-00-00-00-00-02-00-E0-00-17-32-00-00-00-00-00-00-00-00-00-00-00-00-00-00-00-00-00-00-00-00-00-00-00-00-00-00-00-00-00-00-00-00-00-00-00-00
[15:25:30:638]50-49-01-C0-1E-0C-02-00-08-00-06-92-00-01-D8-FF-1F-00
[15:25:30:848][HID_TX]00-80-06-8E-3D-50-41-0E-13-01-E0-00-00-00-00-00-00-00-00-00-00-00-00-00-00-00-00-00-00-00-00-00-00-00-00-00-00-00-00-00-00-00-00-00-00-00-00-00-00-00-00-00-00-00-00-00-00-00-00-00-00-00-00-00-00
[15:25:30:851]HidD_GetInputReport=True
[15:25:30:851]reply_report=00-4F-00-00-00-00-00-00-00-00-00-00-00-00-00-00-00-00-00-00-00-00-00-00-00-00-00-00-00-00-00-00-00-00-00-00-00-00-00-00-00-00-00-00-00-00-00-00-00-00-00-00-00-00-00-00-00-00-00-00-00-00-00-00-00
[15:25:30:851]50-41-0E-13-01-E0 [CMD_SENT][REMOTE_GET_MODE]
[15:25:30:852][HID_TX_ack]00-19-50-49-01-C0-CA-0C-02-00-03-00-0E-93-00-50-49-0E-DB-00-00-00-00-02-00-E0-00-17-32-00-00-00-00-00-00-00-00-00-00-00-00-00-00-00-00-00-00-00-00-00-00-00-00-00-00-00-00-00-00-00-00-00-00-00-00
[15:25:30:852]50-49-01-C0-CA-0C-02-00-03-00-0E-93-00
[15:25:30:852]50-49-0E-DB-00-00-00-00-02-00-E0-00-
[15:25:30:852]REMOTE_GET_MODE=00
[15:25:30:854][HID_TX]00-80-07-5F-FE-50-41-06-14-01-00-63-00-00-00-00-00-00-00-00-00-00-00-00-00-00-00-00-00-00-00-00-00-00-00-00-00-00-00-00-00-00-00-00-00-00-00-00-00-00-00-00-00-00-00-00-00-00-00-00-00-00-00-00-00
[15:25:30:854]HidD_GetInputReport=True
[15:25:30:854]reply_report=00-4F-00-00-00-00-00-00-00-00-00-00-00-00-00-00-00-00-00-00-00-00-00-00-00-00-00-00-00-00-00-00-00-00-00-00-00-00-00-00-00-00-00-00-00-00-00-00-00-00-00-00-00-00-00-00-00-00-00-00-00-00-00-00-00
[15:25:30:854]50-41-06-14-01-00-63 [CMD_SENT][CMD_GET_IO_LEVEL]
[15:25:30:857][HID_TX_ack]00-12-50-49-01-C0-CE-0C-02-00-08-00-06-94-00-01-D8-FF-1F-00-00-00-00-02-00-E0-00-17-32-00-00-00-00-00-00-00-00-00-00-00-00-00-00-00-00-00-00-00-00-00-00-00-00-00-00-00-00-00-00-00-00-00-00-00-00
[15:25:30:857]50-49-01-C0-CE-0C-02-00-08-00-06-94-00-01-D8-FF-1F-00
[15:25:31:080][HID_TX]00-80-06-B3-4D-50-41-0E-15-01-E0-00-00-00-00-00-00-00-00-00-00-00-00-00-00-00-00-00-00-00-00-00-00-00-00-00-00-00-00-00-00-00-00-00-00-00-00-00-00-00-00-00-00-00-00-00-00-00-00-00-00-00-00-00-00
[15:25:31:081]HidD_GetInputReport=True
[15:25:31:081]reply_report=00-4F-00-00-00-00-00-00-00-00-00-00-00-00-00-00-00-00-00-00-00-00-00-00-00-00-00-00-00-00-00-00-00-00-00-00-00-00-00-00-00-00-00-00-00-00-00-00-00-00-00-00-00-00-00-00-00-00-00-00-00-00-00-00-00
[15:25:31:081]50-41-0E-15-01-E0 [CMD_SENT][REMOTE_GET_MODE]
[15:25:31:084][HID_TX_ack]00-19-50-49-01-C0-83-0D-02-00-03-00-0E-95-00-50-49-0E-DC-00-00-00-00-02-00-E0-00-17-32-00-00-00-00-00-00-00-00-00-00-00-00-00-00-00-00-00-00-00-00-00-00-00-00-00-00-00-00-00-00-00-00-00-00-00-00
[15:25:31:084]50-49-01-C0-83-0D-02-00-03-00-0E-95-00
[15:25:31:084]50-49-0E-DC-00-00-00-00-02-00-E0-00-
[15:25:31:084]REMOTE_GET_MODE=00
[15:25:31:084][HID_TX]00-80-07-B4-D1-50-41-06-16-01-00-63-00-00-00-00-00-00-00-00-00-00-00-00-00-00-00-00-00-00-00-00-00-00-00-00-00-00-00-00-00-00-00-00-00-00-00-00-00-00-00-00-00-00-00-00-00-00-00-00-00-00-00-00-00
[15:25:31:085]HidD_GetInputReport=True
[15:25:31:085]reply_report=00-4F-00-00-00-00-00-00-00-00-00-00-00-00-00-00-00-00-00-00-00-00-00-00-00-00-00-00-00-00-00-00-00-00-00-00-00-00-00-00-00-00-00-00-00-00-00-00-00-00-00-00-00-00-00-00-00-00-00-00-00-00-00-00-00
[15:25:31:085]50-41-06-16-01-00-63 [CMD_SENT][CMD_GET_IO_LEVEL]
[15:25:31:088][HID_TX_ack]00-12-50-49-01-C0-86-0D-02-00-08-00-06-96-00-01-D8-FF-1F-00-00-00-00-02-00-E0-00-17-32-00-00-00-00-00-00-00-00-00-00-00-00-00-00-00-00-00-00-00-00-00-00-00-00-00-00-00-00-00-00-00-00-00-00-00-00
[15:25:31:088]50-49-01-C0-86-0D-02-00-08-00-06-96-00-01-D8-FF-1F-00
[15:25:31:311][HID_TX]00-80-06-58-62-50-41-0E-17-01-E0-00-00-00-00-00-00-00-00-00-00-00-00-00-00-00-00-00-00-00-00-00-00-00-00-00-00-00-00-00-00-00-00-00-00-00-00-00-00-00-00-00-00-00-00-00-00-00-00-00-00-00-00-00-00
[15:25:31:312]HidD_GetInputReport=True
[15:25:31:312]reply_report=00-4F-00-00-00-00-00-00-00-00-00-00-00-00-00-00-00-00-00-00-00-00-00-00-00-00-00-00-00-00-00-00-00-00-00-00-00-00-00-00-00-00-00-00-00-00-00-00-00-00-00-00-00-00-00-00-00-00-00-00-00-00-00-00-00
[15:25:31:312]50-41-0E-17-01-E0 [CMD_SENT][REMOTE_GET_MODE]
[15:25:31:315][HID_TX_ack]00-19-50-49-01-C0-3C-0E-02-00-03-00-0E-97-00-50-49-0E-DD-00-00-00-00-02-00-E0-00-17-32-00-00-00-00-00-00-00-00-00-00-00-00-00-00-00-00-00-00-00-00-00-00-00-00-00-00-00-00-00-00-00-00-00-00-00-00
[15:25:31:315]50-49-01-C0-3C-0E-02-00-03-00-0E-97-00
[15:25:31:315]50-49-0E-DD-00-00-00-00-02-00-E0-00-
[15:25:31:315]REMOTE_GET_MODE=00
[15:25:31:315][HID_TX]00-80-07-25-1E-50-41-06-18-01-00-63-00-00-00-00-00-00-00-00-00-00-00-00-00-00-00-00-00-00-00-00-00-00-00-00-00-00-00-00-00-00-00-00-00-00-00-00-00-00-00-00-00-00-00-00-00-00-00-00-00-00-00-00-00
[15:25:31:316]HidD_GetInputReport=True
[15:25:31:316]reply_report=00-4F-00-00-00-00-00-00-00-00-00-00-00-00-00-00-00-00-00-00-00-00-00-00-00-00-00-00-00-00-00-00-00-00-00-00-00-00-00-00-00-00-00-00-00-00-00-00-00-00-00-00-00-00-00-00-00-00-00-00-00-00-00-00-00
[15:25:31:316]50-41-06-18-01-00-63 [CMD_SENT][CMD_GET_IO_LEVEL]
[15:25:31:319][HID_TX_ack]00-12-50-49-01-C0-3F-0E-02-00-08-00-06-98-00-01-D8-FF-1F-00-00-00-00-02-00-E0-00-17-32-00-00-00-00-00-00-00-00-00-00-00-00-00-00-00-00-00-00-00-00-00-00-00-00-00-00-00-00-00-00-00-00-00-00-00-00
[15:25:31:319]50-49-01-C0-3F-0E-02-00-08-00-06-98-00-01-D8-FF-1F-00
[15:25:31:531][HID_TX]00-80-06-C9-AD-50-41-0E-19-01-E0-00-00-00-00-00-00-00-00-00-00-00-00-00-00-00-00-00-00-00-00-00-00-00-00-00-00-00-00-00-00-00-00-00-00-00-00-00-00-00-00-00-00-00-00-00-00-00-00-00-00-00-00-00-00
[15:25:31:532]HidD_GetInputReport=True
[15:25:31:532]reply_report=00-4F-00-00-00-00-00-00-00-00-00-00-00-00-00-00-00-00-00-00-00-00-00-00-00-00-00-00-00-00-00-00-00-00-00-00-00-00-00-00-00-00-00-00-00-00-00-00-00-00-00-00-00-00-00-00-00-00-00-00-00-00-00-00-00
[15:25:31:532]50-41-0E-19-01-E0 [CMD_SENT][REMOTE_GET_MODE]
[15:25:31:534][HID_TX_ack]00-19-50-49-01-C0-EC-0E-02-00-03-00-0E-99-00-50-49-0E-DE-00-00-00-00-02-00-E0-00-17-32-00-00-00-00-00-00-00-00-00-00-00-00-00-00-00-00-00-00-00-00-00-00-00-00-00-00-00-00-00-00-00-00-00-00-00-00
[15:25:31:534]50-49-01-C0-EC-0E-02-00-03-00-0E-99-00
[15:25:31:535]50-49-0E-DE-00-00-00-00-02-00-E0-00-
[15:25:31:535]REMOTE_GET_MODE=00
[15:25:31:535][HID_TX]00-80-07-CE-31-50-41-06-1A-01-00-63-00-00-00-00-00-00-00-00-00-00-00-00-00-00-00-00-00-00-00-00-00-00-00-00-00-00-00-00-00-00-00-00-00-00-00-00-00-00-00-00-00-00-00-00-00-00-00-00-00-00-00-00-00
[15:25:31:536]HidD_GetInputReport=True
[15:25:31:536]reply_report=00-4F-00-00-00-00-00-00-00-00-00-00-00-00-00-00-00-00-00-00-00-00-00-00-00-00-00-00-00-00-00-00-00-00-00-00-00-00-00-00-00-00-00-00-00-00-00-00-00-00-00-00-00-00-00-00-00-00-00-00-00-00-00-00-00
[15:25:31:536]50-41-06-1A-01-00-63 [CMD_SENT][CMD_GET_IO_LEVEL]
[15:25:31:538][HID_TX_ack]00-12-50-49-01-C0-EF-0E-02-00-08-00-06-9A-00-01-D8-FF-1F-00-00-00-00-02-00-E0-00-17-32-00-00-00-00-00-00-00-00-00-00-00-00-00-00-00-00-00-00-00-00-00-00-00-00-00-00-00-00-00-00-00-00-00-00-00-00
[15:25:31:538]50-49-01-C0-EF-0E-02-00-08-00-06-9A-00-01-D8-FF-1F-00
[15:25:31:739][HID_TX_ack]00-0D-50-49-11-DF-8E-0F-02-00-03-00-20-EA-00-01-D8-FF-1F-00-00-00-00-02-00-E0-00-17-32-00-00-00-00-00-00-00-00-00-00-00-00-00-00-00-00-00-00-00-00-00-00-00-00-00-00-00-00-00-00-00-00-00-00-00-00
[15:25:31:739]50-49-11-DF-8E-0F-02-00-03-00-20-EA-00
[15:25:31:752][HID_TX_ack]00-1A-50-49-01-C0-99-0F-02-00-03-00-11-9F-18-50-49-01-C0-9A-0F-02-00-03-00-11-A0-17-32-00-00-00-00-00-00-00-00-00-00-00-00-00-00-00-00-00-00-00-00-00-00-00-00-00-00-00-00-00-00-00-00-00-00-00-00
[15:25:31:752]50-49-01-C0-99-0F-02-00-03-00-11-9F-18
[15:25:31:752]50-49-01-C0-9A-0F-02-00-03-00-11-A0-17
[15:25:31:755][HID_TX_ack]00-0D-50-49-11-E0-9B-0F-02-00-03-00-20-00-00-50-49-01-C0-9A-0F-02-00-03-00-11-A0-17-32-00-00-00-00-00-00-00-00-00-00-00-00-00-00-00-00-00-00-00-00-00-00-00-00-00-00-00-00-00-00-00-00-00-00-00-00
[15:25:31:755]50-49-11-E0-9B-0F-02-00-03-00-20-00-00
[15:25:31:762][HID_TX]00-80-06-22-82-50-41-0E-1B-01-E0-00-00-00-00-00-00-00-00-00-00-00-00-00-00-00-00-00-00-00-00-00-00-00-00-00-00-00-00-00-00-00-00-00-00-00-00-00-00-00-00-00-00-00-00-00-00-00-00-00-00-00-00-00-00
[15:25:31:763]HidD_GetInputReport=True
[15:25:31:763]reply_report=00-4F-00-00-00-00-00-00-00-00-00-00-00-00-00-00-00-00-00-00-00-00-00-00-00-00-00-00-00-00-00-00-00-00-00-00-00-00-00-00-00-00-00-00-00-00-00-00-00-00-00-00-00-00-00-00-00-00-00-00-00-00-00-00-00
[15:25:31:763]50-41-0E-1B-01-E0 [CMD_SENT][REMOTE_GET_MODE]
[15:25:31:772][HID_TX_ack]00-26-50-49-01-C0-A8-0F-02-00-03-00-11-A1-16-50-49-01-C0-A9-0F-02-00-03-00-0E-9B-00-50-49-0E-E1-00-00-00-00-02-00-E0-00-00-00-00-00-00-00-00-00-00-00-00-00-00-00-00-00-00-00-00-00-00-00-00-00-00
[15:25:31:772]50-49-01-C0-A8-0F-02-00-03-00-11-A1-16
[15:25:31:772]50-49-01-C0-A9-0F-02-00-03-00-0E-9B-00
[15:25:31:772]50-49-0E-E1-00-00-00-00-02-00-E0-00-
[15:25:31:772]REMOTE_GET_MODE=00
[15:25:31:772][HID_TX]00-80-07-F3-41-50-41-06-1C-01-00-63-00-00-00-00-00-00-00-00-00-00-00-00-00-00-00-00-00-00-00-00-00-00-00-00-00-00-00-00-00-00-00-00-00-00-00-00-00-00-00-00-00-00-00-00-00-00-00-00-00-00-00-00-00
[15:25:31:773]HidD_GetInputReport=True
[15:25:31:773]reply_report=00-4F-00-00-00-00-00-00-00-00-00-00-00-00-00-00-00-00-00-00-00-00-00-00-00-00-00-00-00-00-00-00-00-00-00-00-00-00-00-00-00-00-00-00-00-00-00-00-00-00-00-00-00-00-00-00-00-00-00-00-00-00-00-00-00
[15:25:31:773]50-41-06-1C-01-00-63 [CMD_SENT][CMD_GET_IO_LEVEL]
[15:25:31:776][HID_TX_ack]00-12-50-49-01-C0-AD-0F-02-00-08-00-06-9C-00-01-D8-FF-1F-00-0F-02-00-03-00-0E-9B-00-50-49-0E-E1-00-00-00-00-02-00-E0-00-00-00-00-00-00-00-00-00-00-00-00-00-00-00-00-00-00-00-00-00-00-00-00-00-00
[15:25:31:776]50-49-01-C0-AD-0F-02-00-08-00-06-9C-00-01-D8-FF-1F-00
[15:25:31:997][HID_TX]00-80-06-1F-F2-50-41-0E-1D-01-E0-00-00-00-00-00-00-00-00-00-00-00-00-00-00-00-00-00-00-00-00-00-00-00-00-00-00-00-00-00-00-00-00-00-00-00-00-00-00-00-00-00-00-00-00-00-00-00-00-00-00-00-00-00-00
[15:25:31:998]HidD_GetInputReport=True
[15:25:31:998]reply_report=00-4F-00-00-00-00-00-00-00-00-00-00-00-00-00-00-00-00-00-00-00-00-00-00-00-00-00-00-00-00-00-00-00-00-00-00-00-00-00-00-00-00-00-00-00-00-00-00-00-00-00-00-00-00-00-00-00-00-00-00-00-00-00-00-00
[15:25:31:998]50-41-0E-1D-01-E0 [CMD_SENT][REMOTE_GET_MODE]
[15:25:32:001][HID_TX_ack]00-19-50-49-01-C0-61-10-02-00-03-00-0E-9D-00-50-49-0E-E2-00-00-00-00-02-00-E0-00-00-50-49-0E-E1-00-00-00-00-02-00-E0-00-00-00-00-00-00-00-00-00-00-00-00-00-00-00-00-00-00-00-00-00-00-00-00-00-00
[15:25:32:001]50-49-01-C0-61-10-02-00-03-00-0E-9D-00
[15:25:32:001]50-49-0E-E2-00-00-00-00-02-00-E0-00-
[15:25:32:001]REMOTE_GET_MODE=00
[15:25:32:001][HID_TX]00-80-07-18-6E-50-41-06-1E-01-00-63-00-00-00-00-00-00-00-00-00-00-00-00-00-00-00-00-00-00-00-00-00-00-00-00-00-00-00-00-00-00-00-00-00-00-00-00-00-00-00-00-00-00-00-00-00-00-00-00-00-00-00-00-00
[15:25:32:002]HidD_GetInputReport=True
[15:25:32:002]reply_report=00-4F-00-00-00-00-00-00-00-00-00-00-00-00-00-00-00-00-00-00-00-00-00-00-00-00-00-00-00-00-00-00-00-00-00-00-00-00-00-00-00-00-00-00-00-00-00-00-00-00-00-00-00-00-00-00-00-00-00-00-00-00-00-00-00
[15:25:32:002]50-41-06-1E-01-00-63 [CMD_SENT][CMD_GET_IO_LEVEL]
[15:25:32:005][HID_TX_ack]00-12-50-49-01-C0-64-10-02-00-08-00-06-9E-00-01-D8-FF-1F-00-00-00-00-02-00-E0-00-00-50-49-0E-E1-00-00-00-00-02-00-E0-00-00-00-00-00-00-00-00-00-00-00-00-00-00-00-00-00-00-00-00-00-00-00-00-00-00
[15:25:32:005]50-49-01-C0-64-10-02-00-08-00-06-9E-00-01-D8-FF-1F-00
[15:25:32:216][HID_TX]00-80-06-F4-DD-50-41-0E-1F-01-E0-00-00-00-00-00-00-00-00-00-00-00-00-00-00-00-00-00-00-00-00-00-00-00-00-00-00-00-00-00-00-00-00-00-00-00-00-00-00-00-00-00-00-00-00-00-00-00-00-00-00-00-00-00-00
[15:25:32:217]HidD_GetInputReport=True
[15:25:32:217]reply_report=00-4F-00-00-00-00-00-00-00-00-00-00-00-00-00-00-00-00-00-00-00-00-00-00-00-00-00-00-00-00-00-00-00-00-00-00-00-00-00-00-00-00-00-00-00-00-00-00-00-00-00-00-00-00-00-00-00-00-00-00-00-00-00-00-00
[15:25:32:217]50-41-0E-1F-01-E0 [CMD_SENT][REMOTE_GET_MODE]
[15:25:32:220][HID_TX_ack]00-19-50-49-01-C0-10-11-02-00-03-00-0E-9F-00-50-49-0E-E3-00-00-00-00-02-00-E0-00-00-50-49-0E-E1-00-00-00-00-02-00-E0-00-00-00-00-00-00-00-00-00-00-00-00-00-00-00-00-00-00-00-00-00-00-00-00-00-00
[15:25:32:220]50-49-01-C0-10-11-02-00-03-00-0E-9F-00
[15:25:32:220]50-49-0E-E3-00-00-00-00-02-00-E0-00-
[15:25:32:220]REMOTE_GET_MODE=00
[15:25:32:220][HID_TX]00-80-07-02-10-50-41-06-20-01-00-63-00-00-00-00-00-00-00-00-00-00-00-00-00-00-00-00-00-00-00-00-00-00-00-00-00-00-00-00-00-00-00-00-00-00-00-00-00-00-00-00-00-00-00-00-00-00-00-00-00-00-00-00-00
[15:25:32:221]HidD_GetInputReport=True
[15:25:32:221]reply_report=00-4F-00-00-00-00-00-00-00-00-00-00-00-00-00-00-00-00-00-00-00-00-00-00-00-00-00-00-00-00-00-00-00-00-00-00-00-00-00-00-00-00-00-00-00-00-00-00-00-00-00-00-00-00-00-00-00-00-00-00-00-00-00-00-00
[15:25:32:221]50-41-06-20-01-00-63 [CMD_SENT][CMD_GET_IO_LEVEL]
[15:25:32:224][HID_TX_ack]00-12-50-49-01-C0-13-11-02-00-08-00-06-A0-00-01-D8-FF-1F-00-00-00-00-02-00-E0-00-00-50-49-0E-E1-00-00-00-00-02-00-E0-00-00-00-00-00-00-00-00-00-00-00-00-00-00-00-00-00-00-00-00-00-00-00-00-00-00
[15:25:32:224]50-49-01-C0-13-11-02-00-08-00-06-A0-00-01-D8-FF-1F-00
[15:25:32:447][HID_TX]00-80-06-EE-A3-50-41-0E-21-01-E0-00-00-00-00-00-00-00-00-00-00-00-00-00-00-00-00-00-00-00-00-00-00-00-00-00-00-00-00-00-00-00-00-00-00-00-00-00-00-00-00-00-00-00-00-00-00-00-00-00-00-00-00-00-00
[15:25:32:448]HidD_GetInputReport=True
[15:25:32:448]reply_report=00-4F-00-00-00-00-00-00-00-00-00-00-00-00-00-00-00-00-00-00-00-00-00-00-00-00-00-00-00-00-00-00-00-00-00-00-00-00-00-00-00-00-00-00-00-00-00-00-00-00-00-00-00-00-00-00-00-00-00-00-00-00-00-00-00
[15:25:32:449]50-41-0E-21-01-E0 [CMD_SENT][REMOTE_GET_MODE]
[15:25:32:451][HID_TX_ack]00-19-50-49-01-C0-C9-11-02-00-03-00-0E-A1-00-50-49-0E-E4-00-00-00-00-02-00-E0-00-00-50-49-0E-E1-00-00-00-00-02-00-E0-00-00-00-00-00-00-00-00-00-00-00-00-00-00-00-00-00-00-00-00-00-00-00-00-00-00
[15:25:32:451]50-49-01-C0-C9-11-02-00-03-00-0E-A1-00
[15:25:32:451]50-49-0E-E4-00-00-00-00-02-00-E0-00-
[15:25:32:451]REMOTE_GET_MODE=00
[15:25:32:451][HID_TX]00-80-07-E9-3F-50-41-06-22-01-00-63-00-00-00-00-00-00-00-00-00-00-00-00-00-00-00-00-00-00-00-00-00-00-00-00-00-00-00-00-00-00-00-00-00-00-00-00-00-00-00-00-00-00-00-00-00-00-00-00-00-00-00-00-00
[15:25:32:453]HidD_GetInputReport=True
[15:25:32:453]reply_report=00-4F-00-00-00-00-00-00-00-00-00-00-00-00-00-00-00-00-00-00-00-00-00-00-00-00-00-00-00-00-00-00-00-00-00-00-00-00-00-00-00-00-00-00-00-00-00-00-00-00-00-00-00-00-00-00-00-00-00-00-00-00-00-00-00
[15:25:32:453]50-41-06-22-01-00-63 [CMD_SENT][CMD_GET_IO_LEVEL]
[15:25:32:455][HID_TX_ack]00-12-50-49-01-C0-CC-11-02-00-08-00-06-A2-00-01-D8-FF-1F-00-00-00-00-02-00-E0-00-00-50-49-0E-E1-00-00-00-00-02-00-E0-00-00-00-00-00-00-00-00-00-00-00-00-00-00-00-00-00-00-00-00-00-00-00-00-00-00
[15:25:32:455]50-49-01-C0-CC-11-02-00-08-00-06-A2-00-01-D8-FF-1F-00
[15:25:32:629][HID_TX_ack]00-0D-50-49-11-E5-56-12-02-00-03-00-20-E9-00-01-D8-FF-1F-00-00-00-00-02-00-E0-00-00-50-49-0E-E1-00-00-00-00-02-00-E0-00-00-00-00-00-00-00-00-00-00-00-00-00-00-00-00-00-00-00-00-00-00-00-00-00-00
[15:25:32:629]50-49-11-E5-56-12-02-00-03-00-20-E9-00
[15:25:32:639][HID_TX_ack]00-1A-50-49-01-C0-5E-12-02-00-03-00-11-A2-18-50-49-01-C0-5F-12-02-00-03-00-11-A3-17-50-49-0E-E1-00-00-00-00-02-00-E0-00-00-00-00-00-00-00-00-00-00-00-00-00-00-00-00-00-00-00-00-00-00-00-00-00-00
[15:25:32:639]50-49-01-C0-5E-12-02-00-03-00-11-A2-18
[15:25:32:639]50-49-01-C0-5F-12-02-00-03-00-11-A3-17
[15:25:32:642][HID_TX_ack]00-0D-50-49-11-E6-61-12-02-00-03-00-20-00-00-50-49-01-C0-5F-12-02-00-03-00-11-A3-17-50-49-0E-E1-00-00-00-00-02-00-E0-00-00-00-00-00-00-00-00-00-00-00-00-00-00-00-00-00-00-00-00-00-00-00-00-00-00
[15:25:32:642]50-49-11-E6-61-12-02-00-03-00-20-00-00
[15:25:32:657][HID_TX_ack]00-0D-50-49-01-C0-6E-12-02-00-03-00-11-A4-16-50-49-01-C0-5F-12-02-00-03-00-11-A3-17-50-49-0E-E1-00-00-00-00-02-00-E0-00-00-00-00-00-00-00-00-00-00-00-00-00-00-00-00-00-00-00-00-00-00-00-00-00-00
[15:25:32:657]50-49-01-C0-6E-12-02-00-03-00-11-A4-16
[15:25:32:665][HID_TX]00-80-06-05-8C-50-41-0E-23-01-E0-00-00-00-00-00-00-00-00-00-00-00-00-00-00-00-00-00-00-00-00-00-00-00-00-00-00-00-00-00-00-00-00-00-00-00-00-00-00-00-00-00-00-00-00-00-00-00-00-00-00-00-00-00-00
[15:25:32:666]HidD_GetInputReport=True
[15:25:32:666]reply_report=00-4F-00-00-00-00-00-00-00-00-00-00-00-00-00-00-00-00-00-00-00-00-00-00-00-00-00-00-00-00-00-00-00-00-00-00-00-00-00-00-00-00-00-00-00-00-00-00-00-00-00-00-00-00-00-00-00-00-00-00-00-00-00-00-00
[15:25:32:666]50-41-0E-23-01-E0 [CMD_SENT][REMOTE_GET_MODE]
[15:25:32:669][HID_TX_ack]00-19-50-49-01-C0-77-12-02-00-03-00-0E-A3-00-50-49-0E-E7-00-00-00-00-02-00-E0-00-17-50-49-0E-E1-00-00-00-00-02-00-E0-00-00-00-00-00-00-00-00-00-00-00-00-00-00-00-00-00-00-00-00-00-00-00-00-00-00
[15:25:32:669]50-49-01-C0-77-12-02-00-03-00-0E-A3-00
[15:25:32:669]50-49-0E-E7-00-00-00-00-02-00-E0-00-
[15:25:32:669]REMOTE_GET_MODE=00
[15:25:32:669][HID_TX]00-80-07-D4-4F-50-41-06-24-01-00-63-00-00-00-00-00-00-00-00-00-00-00-00-00-00-00-00-00-00-00-00-00-00-00-00-00-00-00-00-00-00-00-00-00-00-00-00-00-00-00-00-00-00-00-00-00-00-00-00-00-00-00-00-00
[15:25:32:671]HidD_GetInputReport=True
[15:25:32:671]reply_report=00-4F-00-00-00-00-00-00-00-00-00-00-00-00-00-00-00-00-00-00-00-00-00-00-00-00-00-00-00-00-00-00-00-00-00-00-00-00-00-00-00-00-00-00-00-00-00-00-00-00-00-00-00-00-00-00-00-00-00-00-00-00-00-00-00
[15:25:32:671]50-41-06-24-01-00-63 [CMD_SENT][CMD_GET_IO_LEVEL]
[15:25:32:674][HID_TX_ack]00-12-50-49-01-C0-7B-12-02-00-08-00-06-A4-00-01-D8-FF-1F-00-00-00-00-02-00-E0-00-17-50-49-0E-E1-00-00-00-00-02-00-E0-00-00-00-00-00-00-00-00-00-00-00-00-00-00-00-00-00-00-00-00-00-00-00-00-00-00
[15:25:32:674]50-49-01-C0-7B-12-02-00-08-00-06-A4-00-01-D8-FF-1F-00
[15:25:32:897][HID_TX]00-80-06-38-FC-50-41-0E-25-01-E0-00-00-00-00-00-00-00-00-00-00-00-00-00-00-00-00-00-00-00-00-00-00-00-00-00-00-00-00-00-00-00-00-00-00-00-00-00-00-00-00-00-00-00-00-00-00-00-00-00-00-00-00-00-00
[15:25:32:899]HidD_GetInputReport=True
[15:25:32:899]reply_report=00-4F-00-00-00-00-00-00-00-00-00-00-00-00-00-00-00-00-00-00-00-00-00-00-00-00-00-00-00-00-00-00-00-00-00-00-00-00-00-00-00-00-00-00-00-00-00-00-00-00-00-00-00-00-00-00-00-00-00-00-00-00-00-00-00
[15:25:32:899]50-41-0E-25-01-E0 [CMD_SENT][REMOTE_GET_MODE]
[15:25:32:901][HID_TX_ack]00-19-50-49-01-C0-31-13-02-00-03-00-0E-A5-00-50-49-0E-E8-00-00-00-00-02-00-E0-00-17-50-49-0E-E1-00-00-00-00-02-00-E0-00-00-00-00-00-00-00-00-00-00-00-00-00-00-00-00-00-00-00-00-00-00-00-00-00-00
[15:25:32:901]50-49-01-C0-31-13-02-00-03-00-0E-A5-00
[15:25:32:902]50-49-0E-E8-00-00-00-00-02-00-E0-00-
[15:25:32:903]REMOTE_GET_MODE=00
[15:25:32:903][HID_TX]00-80-07-3F-60-50-41-06-26-01-00-63-00-00-00-00-00-00-00-00-00-00-00-00-00-00-00-00-00-00-00-00-00-00-00-00-00-00-00-00-00-00-00-00-00-00-00-00-00-00-00-00-00-00-00-00-00-00-00-00-00-00-00-00-00
[15:25:32:905]HidD_GetInputReport=True
[15:25:32:905]reply_report=00-4F-00-00-00-00-00-00-00-00-00-00-00-00-00-00-00-00-00-00-00-00-00-00-00-00-00-00-00-00-00-00-00-00-00-00-00-00-00-00-00-00-00-00-00-00-00-00-00-00-00-00-00-00-00-00-00-00-00-00-00-00-00-00-00
[15:25:32:905]50-41-06-26-01-00-63 [CMD_SENT][CMD_GET_IO_LEVEL]
[15:25:32:907][HID_TX_ack]00-12-50-49-01-C0-36-13-02-00-08-00-06-A6-00-01-D8-FF-1F-00-00-00-00-02-00-E0-00-17-50-49-0E-E1-00-00-00-00-02-00-E0-00-00-00-00-00-00-00-00-00-00-00-00-00-00-00-00-00-00-00-00-00-00-00-00-00-00
[15:25:32:908]50-49-01-C0-36-13-02-00-08-00-06-A6-00-01-D8-FF-1F-00
[15:25:33:130][HID_TX]00-80-06-D3-D3-50-41-0E-27-01-E0-00-00-00-00-00-00-00-00-00-00-00-00-00-00-00-00-00-00-00-00-00-00-00-00-00-00-00-00-00-00-00-00-00-00-00-00-00-00-00-00-00-00-00-00-00-00-00-00-00-00-00-00-00-00
[15:25:33:131]HidD_GetInputReport=True
[15:25:33:131]reply_report=00-4F-00-00-00-00-00-00-00-00-00-00-00-00-00-00-00-00-00-00-00-00-00-00-00-00-00-00-00-00-00-00-00-00-00-00-00-00-00-00-00-00-00-00-00-00-00-00-00-00-00-00-00-00-00-00-00-00-00-00-00-00-00-00-00
[15:25:33:131]50-41-0E-27-01-E0 [CMD_SENT][REMOTE_GET_MODE]
[15:25:33:134][HID_TX_ack]00-19-50-49-01-C0-EB-13-02-00-03-00-0E-A7-00-50-49-0E-E9-00-00-00-00-02-00-E0-00-17-50-49-0E-E1-00-00-00-00-02-00-E0-00-00-00-00-00-00-00-00-00-00-00-00-00-00-00-00-00-00-00-00-00-00-00-00-00-00
[15:25:33:134]50-49-01-C0-EB-13-02-00-03-00-0E-A7-00
[15:25:33:134]50-49-0E-E9-00-00-00-00-02-00-E0-00-
[15:25:33:134]REMOTE_GET_MODE=00
[15:25:33:134][HID_TX]00-80-07-AE-AF-50-41-06-28-01-00-63-00-00-00-00-00-00-00-00-00-00-00-00-00-00-00-00-00-00-00-00-00-00-00-00-00-00-00-00-00-00-00-00-00-00-00-00-00-00-00-00-00-00-00-00-00-00-00-00-00-00-00-00-00
[15:25:33:135]HidD_GetInputReport=True
[15:25:33:135]reply_report=00-4F-00-00-00-00-00-00-00-00-00-00-00-00-00-00-00-00-00-00-00-00-00-00-00-00-00-00-00-00-00-00-00-00-00-00-00-00-00-00-00-00-00-00-00-00-00-00-00-00-00-00-00-00-00-00-00-00-00-00-00-00-00-00-00
[15:25:33:135]50-41-06-28-01-00-63 [CMD_SENT][CMD_GET_IO_LEVEL]
[15:25:33:138][HID_TX_ack]00-12-50-49-01-C0-EE-13-02-00-08-00-06-A8-00-01-D8-FF-1F-00-00-00-00-02-00-E0-00-17-50-49-0E-E1-00-00-00-00-02-00-E0-00-00-00-00-00-00-00-00-00-00-00-00-00-00-00-00-00-00-00-00-00-00-00-00-00-00
[15:25:33:138]50-49-01-C0-EE-13-02-00-08-00-06-A8-00-01-D8-FF-1F-00
[15:25:33:349][HID_TX]00-80-06-42-1C-50-41-0E-29-01-E0-00-00-00-00-00-00-00-00-00-00-00-00-00-00-00-00-00-00-00-00-00-00-00-00-00-00-00-00-00-00-00-00-00-00-00-00-00-00-00-00-00-00-00-00-00-00-00-00-00-00-00-00-00-00
[15:25:33:350]HidD_GetInputReport=True
[15:25:33:350]reply_report=00-4F-00-00-00-00-00-00-00-00-00-00-00-00-00-00-00-00-00-00-00-00-00-00-00-00-00-00-00-00-00-00-00-00-00-00-00-00-00-00-00-00-00-00-00-00-00-00-00-00-00-00-00-00-00-00-00-00-00-00-00-00-00-00-00
[15:25:33:350]50-41-0E-29-01-E0 [CMD_SENT][REMOTE_GET_MODE]
[15:25:33:353][HID_TX_ack]00-19-50-49-01-C0-9A-14-02-00-03-00-0E-A9-00-50-49-0E-EA-00-00-00-00-02-00-E0-00-17-50-49-0E-E1-00-00-00-00-02-00-E0-00-00-00-00-00-00-00-00-00-00-00-00-00-00-00-00-00-00-00-00-00-00-00-00-00-00
[15:25:33:353]50-49-01-C0-9A-14-02-00-03-00-0E-A9-00
[15:25:33:353]50-49-0E-EA-00-00-00-00-02-00-E0-00-
[15:25:33:353]REMOTE_GET_MODE=00
[15:25:33:353][HID_TX]00-80-07-45-80-50-41-06-2A-01-00-63-00-00-00-00-00-00-00-00-00-00-00-00-00-00-00-00-00-00-00-00-00-00-00-00-00-00-00-00-00-00-00-00-00-00-00-00-00-00-00-00-00-00-00-00-00-00-00-00-00-00-00-00-00
[15:25:33:354]HidD_GetInputReport=True
[15:25:33:354]reply_report=00-4F-00-00-00-00-00-00-00-00-00-00-00-00-00-00-00-00-00-00-00-00-00-00-00-00-00-00-00-00-00-00-00-00-00-00-00-00-00-00-00-00-00-00-00-00-00-00-00-00-00-00-00-00-00-00-00-00-00-00-00-00-00-00-00
[15:25:33:354]50-41-06-2A-01-00-63 [CMD_SENT][CMD_GET_IO_LEVEL]
[15:25:33:357][HID_TX_ack]00-12-50-49-01-C0-9E-14-02-00-08-00-06-AA-00-01-D8-FF-1F-00-00-00-00-02-00-E0-00-17-50-49-0E-E1-00-00-00-00-02-00-E0-00-00-00-00-00-00-00-00-00-00-00-00-00-00-00-00-00-00-00-00-00-00-00-00-00-00
[15:25:33:357]50-49-01-C0-9E-14-02-00-08-00-06-AA-00-01-D8-FF-1F-00
[15:25:33:567][HID_TX]00-80-06-A9-33-50-41-0E-2B-01-E0-00-00-00-00-00-00-00-00-00-00-00-00-00-00-00-00-00-00-00-00-00-00-00-00-00-00-00-00-00-00-00-00-00-00-00-00-00-00-00-00-00-00-00-00-00-00-00-00-00-00-00-00-00-00
[15:25:33:568]HidD_GetInputReport=True
[15:25:33:568]reply_report=00-4F-00-00-00-00-00-00-00-00-00-00-00-00-00-00-00-00-00-00-00-00-00-00-00-00-00-00-00-00-00-00-00-00-00-00-00-00-00-00-00-00-00-00-00-00-00-00-00-00-00-00-00-00-00-00-00-00-00-00-00-00-00-00-00
[15:25:33:568]50-41-0E-2B-01-E0 [CMD_SENT][REMOTE_GET_MODE]
[15:25:33:570][HID_TX_ack]00-19-50-49-01-C0-49-15-02-00-03-00-0E-AB-00-50-49-0E-EB-00-00-00-00-02-00-E0-00-17-50-49-0E-E1-00-00-00-00-02-00-E0-00-00-00-00-00-00-00-00-00-00-00-00-00-00-00-00-00-00-00-00-00-00-00-00-00-00
[15:25:33:571]50-49-01-C0-49-15-02-00-03-00-0E-AB-00
[15:25:33:571]50-49-0E-EB-00-00-00-00-02-00-E0-00-
[15:25:33:571]REMOTE_GET_MODE=00
[15:25:33:571][HID_TX]00-80-07-78-F0-50-41-06-2C-01-00-63-00-00-00-00-00-00-00-00-00-00-00-00-00-00-00-00-00-00-00-00-00-00-00-00-00-00-00-00-00-00-00-00-00-00-00-00-00-00-00-00-00-00-00-00-00-00-00-00-00-00-00-00-00
[15:25:33:573]HidD_GetInputReport=True
[15:25:33:573]reply_report=00-4F-00-00-00-00-00-00-00-00-00-00-00-00-00-00-00-00-00-00-00-00-00-00-00-00-00-00-00-00-00-00-00-00-00-00-00-00-00-00-00-00-00-00-00-00-00-00-00-00-00-00-00-00-00-00-00-00-00-00-00-00-00-00-00
[15:25:33:573]50-41-06-2C-01-00-63 [CMD_SENT][CMD_GET_IO_LEVEL]
[15:25:33:574][HID_TX_ack]00-12-50-49-01-C0-4C-15-02-00-08-00-06-AC-00-01-D8-FF-1F-00-00-00-00-02-00-E0-00-17-50-49-0E-E1-00-00-00-00-02-00-E0-00-00-00-00-00-00-00-00-00-00-00-00-00-00-00-00-00-00-00-00-00-00-00-00-00-00
[15:25:33:575]50-49-01-C0-4C-15-02-00-08-00-06-AC-00-01-D8-FF-1F-00
[15:25:33:786][HID_TX]00-80-06-94-43-50-41-0E-2D-01-E0-00-00-00-00-00-00-00-00-00-00-00-00-00-00-00-00-00-00-00-00-00-00-00-00-00-00-00-00-00-00-00-00-00-00-00-00-00-00-00-00-00-00-00-00-00-00-00-00-00-00-00-00-00-00
[15:25:33:788]HidD_GetInputReport=True
[15:25:33:788]reply_report=00-4F-00-00-00-00-00-00-00-00-00-00-00-00-00-00-00-00-00-00-00-00-00-00-00-00-00-00-00-00-00-00-00-00-00-00-00-00-00-00-00-00-00-00-00-00-00-00-00-00-00-00-00-00-00-00-00-00-00-00-00-00-00-00-00
[15:25:33:788]50-41-0E-2D-01-E0 [CMD_SENT][REMOTE_GET_MODE]
[15:25:33:790][HID_TX_ack]00-19-50-49-01-C0-F8-15-02-00-03-00-0E-AD-00-50-49-0E-EC-00-00-00-00-02-00-E0-00-17-50-49-0E-E1-00-00-00-00-02-00-E0-00-00-00-00-00-00-00-00-00-00-00-00-00-00-00-00-00-00-00-00-00-00-00-00-00-00
[15:25:33:790]50-49-01-C0-F8-15-02-00-03-00-0E-AD-00
[15:25:33:790]50-49-0E-EC-00-00-00-00-02-00-E0-00-
[15:25:33:790]REMOTE_GET_MODE=00
[15:25:33:790][HID_TX]00-80-07-93-DF-50-41-06-2E-01-00-63-00-00-00-00-00-00-00-00-00-00-00-00-00-00-00-00-00-00-00-00-00-00-00-00-00-00-00-00-00-00-00-00-00-00-00-00-00-00-00-00-00-00-00-00-00-00-00-00-00-00-00-00-00
[15:25:33:793]HidD_GetInputReport=True
[15:25:33:793]reply_report=00-4F-00-00-00-00-00-00-00-00-00-00-00-00-00-00-00-00-00-00-00-00-00-00-00-00-00-00-00-00-00-00-00-00-00-00-00-00-00-00-00-00-00-00-00-00-00-00-00-00-00-00-00-00-00-00-00-00-00-00-00-00-00-00-00
[15:25:33:793]50-41-06-2E-01-00-63 [CMD_SENT][CMD_GET_IO_LEVEL]
[15:25:33:795][HID_TX_ack]00-12-50-49-01-C0-FC-15-02-00-08-00-06-AE-00-01-D8-FF-1F-00-00-00-00-02-00-E0-00-17-50-49-0E-E1-00-00-00-00-02-00-E0-00-00-00-00-00-00-00-00-00-00-00-00-00-00-00-00-00-00-00-00-00-00-00-00-00-00
[15:25:33:795]50-49-01-C0-FC-15-02-00-08-00-06-AE-00-01-D8-FF-1F-00
[15:25:34:018][HID_TX]00-80-06-7F-6C-50-41-0E-2F-01-E0-00-00-00-00-00-00-00-00-00-00-00-00-00-00-00-00-00-00-00-00-00-00-00-00-00-00-00-00-00-00-00-00-00-00-00-00-00-00-00-00-00-00-00-00-00-00-00-00-00-00-00-00-00-00
[15:25:34:019]HidD_GetInputReport=True
[15:25:34:019]reply_report=00-4F-00-00-00-00-00-00-00-00-00-00-00-00-00-00-00-00-00-00-00-00-00-00-00-00-00-00-00-00-00-00-00-00-00-00-00-00-00-00-00-00-00-00-00-00-00-00-00-00-00-00-00-00-00-00-00-00-00-00-00-00-00-00-00
[15:25:34:019]50-41-0E-2F-01-E0 [CMD_SENT][REMOTE_GET_MODE]
[15:25:34:022][HID_TX_ack]00-19-50-49-01-C0-B1-16-02-00-03-00-0E-AF-00-50-49-0E-ED-00-00-00-00-02-00-E0-00-17-50-49-0E-E1-00-00-00-00-02-00-E0-00-00-00-00-00-00-00-00-00-00-00-00-00-00-00-00-00-00-00-00-00-00-00-00-00-00
[15:25:34:022]50-49-01-C0-B1-16-02-00-03-00-0E-AF-00
[15:25:34:022]50-49-0E-ED-00-00-00-00-02-00-E0-00-
[15:25:34:022]REMOTE_GET_MODE=00
[15:25:34:022][HID_TX]00-80-07-7B-7F-50-41-06-30-01-00-63-00-00-00-00-00-00-00-00-00-00-00-00-00-00-00-00-00-00-00-00-00-00-00-00-00-00-00-00-00-00-00-00-00-00-00-00-00-00-00-00-00-00-00-00-00-00-00-00-00-00-00-00-00
[15:25:34:023]HidD_GetInputReport=True
[15:25:34:023]reply_report=00-4F-00-00-00-00-00-00-00-00-00-00-00-00-00-00-00-00-00-00-00-00-00-00-00-00-00-00-00-00-00-00-00-00-00-00-00-00-00-00-00-00-00-00-00-00-00-00-00-00-00-00-00-00-00-00-00-00-00-00-00-00-00-00-00
[15:25:34:023]50-41-06-30-01-00-63 [CMD_SENT][CMD_GET_IO_LEVEL]
[15:25:34:026][HID_TX_ack]00-12-50-49-01-C0-B5-16-02-00-08-00-06-B0-00-01-D8-FF-1F-00-00-00-00-02-00-E0-00-17-50-49-0E-E1-00-00-00-00-02-00-E0-00-00-00-00-00-00-00-00-00-00-00-00-00-00-00-00-00-00-00-00-00-00-00-00-00-00
[15:25:34:026]50-49-01-C0-B5-16-02-00-08-00-06-B0-00-01-D8-FF-1F-00
[15:25:34:250][HID_TX]00-80-06-97-CC-50-41-0E-31-01-E0-00-00-00-00-00-00-00-00-00-00-00-00-00-00-00-00-00-00-00-00-00-00-00-00-00-00-00-00-00-00-00-00-00-00-00-00-00-00-00-00-00-00-00-00-00-00-00-00-00-00-00-00-00-00
[15:25:34:251]HidD_GetInputReport=True
[15:25:34:251]reply_report=00-4F-00-00-00-00-00-00-00-00-00-00-00-00-00-00-00-00-00-00-00-00-00-00-00-00-00-00-00-00-00-00-00-00-00-00-00-00-00-00-00-00-00-00-00-00-00-00-00-00-00-00-00-00-00-00-00-00-00-00-00-00-00-00-00
[15:25:34:251]50-41-0E-31-01-E0 [CMD_SENT][REMOTE_GET_MODE]
[15:25:34:253][HID_TX_ack]00-19-50-49-01-C0-6B-17-02-00-03-00-0E-B1-00-50-49-0E-EE-00-00-00-00-02-00-E0-00-17-50-49-0E-E1-00-00-00-00-02-00-E0-00-00-00-00-00-00-00-00-00-00-00-00-00-00-00-00-00-00-00-00-00-00-00-00-00-00
[15:25:34:253]50-49-01-C0-6B-17-02-00-03-00-0E-B1-00
[15:25:34:253]50-49-0E-EE-00-00-00-00-02-00-E0-00-
[15:25:34:253]REMOTE_GET_MODE=00
[15:25:34:253][HID_TX]00-80-07-90-50-50-41-06-32-01-00-63-00-00-00-00-00-00-00-00-00-00-00-00-00-00-00-00-00-00-00-00-00-00-00-00-00-00-00-00-00-00-00-00-00-00-00-00-00-00-00-00-00-00-00-00-00-00-00-00-00-00-00-00-00
[15:25:34:255]HidD_GetInputReport=True
[15:25:34:255]reply_report=00-4F-00-00-00-00-00-00-00-00-00-00-00-00-00-00-00-00-00-00-00-00-00-00-00-00-00-00-00-00-00-00-00-00-00-00-00-00-00-00-00-00-00-00-00-00-00-00-00-00-00-00-00-00-00-00-00-00-00-00-00-00-00-00-00
[15:25:34:255]50-41-06-32-01-00-63 [CMD_SENT][CMD_GET_IO_LEVEL]
[15:25:34:257][HID_TX_ack]00-12-50-49-01-C0-6E-17-02-00-08-00-06-B2-00-01-D8-FF-1F-00-00-00-00-02-00-E0-00-17-50-49-0E-E1-00-00-00-00-02-00-E0-00-00-00-00-00-00-00-00-00-00-00-00-00-00-00-00-00-00-00-00-00-00-00-00-00-00
[15:25:34:257]50-49-01-C0-6E-17-02-00-08-00-06-B2-00-01-D8-FF-1F-00
