[15:49:08:763]\\?\hid#dell09c2&col02#5&bc4dc33&0&0001#{4d1e55b2-f16f-11cf-88cb-001111000030}
[15:49:08:763]\\?\hid#dell09c2&col03#5&bc4dc33&0&0002#{4d1e55b2-f16f-11cf-88cb-001111000030}
[15:49:08:763]\\?\hid#intc816&col01#3&207f9b7f&0&0000#{4d1e55b2-f16f-11cf-88cb-001111000030}
[15:49:08:763]\\?\hid#intc816&col02#3&207f9b7f&0&0001#{4d1e55b2-f16f-11cf-88cb-001111000030}
[15:49:08:763]\\?\hid#converteddevice&col02#5&17bac0a6&0&0001#{4d1e55b2-f16f-11cf-88cb-001111000030}
[15:49:08:763]\\?\hid#converteddevice&col03#5&17bac0a6&0&0002#{4d1e55b2-f16f-11cf-88cb-001111000030}
[15:49:08:763]\\?\hid#dell09c2&col04#5&bc4dc33&0&0003#{4d1e55b2-f16f-11cf-88cb-001111000030}
[15:49:08:763]\\?\hid#{00001812-0000-1000-8000-00805f9b34fb}_dev_vid&0232c2_pid&0001_rev&0068_ccb624cd66b1#9&326e3aae&0&0000#{4d1e55b2-f16f-11cf-88cb-001111000030}
[15:49:08:763]\\?\hid#dell09c2&col05#5&bc4dc33&0&0004#{4d1e55b2-f16f-11cf-88cb-001111000030}
[15:49:08:763]\\?\hid#converteddevice&col01#5&17bac0a6&0&0000#{4d1e55b2-f16f-11cf-88cb-001111000030}\kbd
[15:49:08:763]\\?\hid#dell09c2&col01#5&bc4dc33&0&0000#{4d1e55b2-f16f-11cf-88cb-001111000030}
[15:49:08:763]\\?\hid#vid_046d&pid_0adf&mi_00#7&3ad8dff3&0&0000#{4d1e55b2-f16f-11cf-88cb-001111000030}
[15:49:08:763]\\?\hid#vid_046d&pid_0adf&mi_04#7&18e94d0e&0&0000#{4d1e55b2-f16f-11cf-88cb-001111000030}
[15:49:08:765]try_path=\\?\hid#vid_046d&pid_0adf&mi_00#7&3ad8dff3&0&0000#{4d1e55b2-f16f-11cf-88cb-001111000030}
[15:49:08:767]	InputReportByteLength=65
[15:49:08:767]	OutputReportByteLength=65
[15:49:08:768]HID_Connected=\\?\hid#vid_046d&pid_0adf&mi_00#7&3ad8dff3&0&0000#{4d1e55b2-f16f-11cf-88cb-001111000030}
[15:49:08:768][HID_TX]00-84-01-D1-55-01-00-00-00-00-00-00-00-00-00-00-00-00-00-00-00-00-00-00-00-00-00-00-00-00-00-00-00-00-00-00-00-00-00-00-00-00-00-00-00-00-00-00-00-00-00-00-00-00-00-00-00-00-00-00-00-00-00-00-00
[15:49:08:771]HidD_GetInputReport=True
[15:49:08:771]reply_report=00-4F-56-31-2E-38-2E-35-2E-31-00-00-00-00-00-00-00-00-00-00-00-00-00-00-00-00-00-00-00-00-00-00-00-00-00-00-00-00-00-00-00-00-00-00-00-00-00-00-00-00-00-00-00-00-00-00-00-00-00-00-00-00-00-00-00
[15:49:08:771][ys_tech] fw_version=V1.8.5.1
[15:49:08:771]ystech_Power_Saving, is_EnablePowerSaving=False
[15:49:08:771][HID_TX]00-85-01-83-8B-01-00-00-00-00-00-00-00-00-00-00-00-00-00-00-00-00-00-00-00-00-00-00-00-00-00-00-00-00-00-00-00-00-00-00-00-00-00-00-00-00-00-00-00-00-00-00-00-00-00-00-00-00-00-00-00-00-00-00-00
[15:49:08:772]HidD_GetInputReport=True
[15:49:08:772]reply_report=00-46-00-00-00-00-00-00-00-00-00-00-00-00-00-00-00-00-00-00-00-00-00-00-00-00-00-00-00-00-00-00-00-00-00-00-00-00-00-00-00-00-00-00-00-00-00-00-00-00-00-00-00-00-00-00-00-00-00-00-00-00-00-00-00
[15:49:08:789][Response Fail][System.Exception]
[15:49:08:794]   at ..(Boolean  )
   at ..(Byte  , Byte[]  )
[15:49:08:846]_ystech_retry_count=1
[15:49:08:846][HID_TX]00-85-01-83-8B-01-00-00-00-00-00-00-00-00-00-00-00-00-00-00-00-00-00-00-00-00-00-00-00-00-00-00-00-00-00-00-00-00-00-00-00-00-00-00-00-00-00-00-00-00-00-00-00-00-00-00-00-00-00-00-00-00-00-00-00
[15:49:08:847]HidD_GetInputReport=True
[15:49:08:847]reply_report=00-46-00-00-00-00-00-00-00-00-00-00-00-00-00-00-00-00-00-00-00-00-00-00-00-00-00-00-00-00-00-00-00-00-00-00-00-00-00-00-00-00-00-00-00-00-00-00-00-00-00-00-00-00-00-00-00-00-00-00-00-00-00-00-00
[15:49:08:852][Response Fail][System.Exception]
[15:49:08:852]   at ..(Boolean  )
   at ..(Byte  , Byte[]  )
[15:49:08:907]_ystech_retry_count=2
[15:49:08:907][HID_TX]00-85-01-83-8B-01-00-00-00-00-00-00-00-00-00-00-00-00-00-00-00-00-00-00-00-00-00-00-00-00-00-00-00-00-00-00-00-00-00-00-00-00-00-00-00-00-00-00-00-00-00-00-00-00-00-00-00-00-00-00-00-00-00-00-00
[15:49:08:908]HidD_GetInputReport=True
[15:49:08:908]reply_report=00-4F-00-00-00-00-00-00-00-00-00-00-00-00-00-00-00-00-00-00-00-00-00-00-00-00-00-00-00-00-00-00-00-00-00-00-00-00-00-00-00-00-00-00-00-00-00-00-00-00-00-00-00-00-00-00-00-00-00-00-00-00-00-00-00
[15:49:08:908]HID_CMD_POWER_SAVING_Disable
[15:49:08:908]path_connected=\\?\hid#vid_046d&pid_0adf&mi_00#7&3ad8dff3&0&0000#{4d1e55b2-f16f-11cf-88cb-001111000030}
[15:49:10:087][HID_TX]00-80-06-1C-7D-50-41-0E-01-01-E0-00-00-00-00-00-00-00-00-00-00-00-00-00-00-00-00-00-00-00-00-00-00-00-00-00-00-00-00-00-00-00-00-00-00-00-00-00-00-00-00-00-00-00-00-00-00-00-00-00-00-00-00-00-00
[15:49:10:088]HidD_GetInputReport=True
[15:49:10:088]reply_report=00-4F-00-00-00-00-00-00-00-00-00-00-00-00-00-00-00-00-00-00-00-00-00-00-00-00-00-00-00-00-00-00-00-00-00-00-00-00-00-00-00-00-00-00-00-00-00-00-00-00-00-00-00-00-00-00-00-00-00-00-00-00-00-00-00
[15:49:10:088]50-41-0E-01-01-E0 [CMD_SENT][REMOTE_GET_MODE]
[15:49:10:093][HID_TX_ack]00-19-50-49-01-C0-B1-F5-06-00-03-00-0E-81-00-50-49-0E-C2-00-00-00-00-02-00-E0-00-17-49-01-C0-0E-2D-00-00-03-00-11-AA-18-00-00-00-00-00-00-00-00-00-00-00-00-00-00-00-00-00-00-00-00-00-00-00-00-00
[15:49:10:100]REMOTE_GET_MODE=00
[15:49:10:100]50-49-01-C0-B1-F5-06-00-03-00-0E-81-00
[15:49:10:100]50-49-0E-C2-00-00-00-00-02-00-E0-00-
[15:49:10:101][HID_TX]00-80-07-F5-A5-50-41-0E-02-02-E1-01-00-00-00-00-00-00-00-00-00-00-00-00-00-00-00-00-00-00-00-00-00-00-00-00-00-00-00-00-00-00-00-00-00-00-00-00-00-00-00-00-00-00-00-00-00-00-00-00-00-00-00-00-00
[15:49:10:102]HidD_GetInputReport=True
[15:49:10:102]reply_report=00-4F-00-00-00-00-00-00-00-00-00-00-00-00-00-00-00-00-00-00-00-00-00-00-00-00-00-00-00-00-00-00-00-00-00-00-00-00-00-00-00-00-00-00-00-00-00-00-00-00-00-00-00-00-00-00-00-00-00-00-00-00-00-00-00
[15:49:10:102]50-41-0E-02-02-E1-01 [CMD_SENT][REMOTE_SET_MODE] is_remote=True
[15:49:10:105][HID_TX_ack]00-0D-50-49-01-C0-BD-F5-06-00-03-00-0E-82-00-50-49-0E-C2-00-00-00-00-02-00-E0-00-17-49-01-C0-0E-2D-00-00-03-00-11-AA-18-00-00-00-00-00-00-00-00-00-00-00-00-00-00-00-00-00-00-00-00-00-00-00-00-00
[15:49:10:105]50-49-01-C0-BD-F5-06-00-03-00-0E-82-00
[15:49:10:105][HID_TX]00-80-13-A8-D9-50-41-06-03-0D-00-25-34-12-5A-5A-01-00-00-00-F0-00-00-00-00-00-00-00-00-00-00-00-00-00-00-00-00-00-00-00-00-00-00-00-00-00-00-00-00-00-00-00-00-00-00-00-00-00-00-00-00-00-00-00-00
[15:49:10:106]HidD_GetInputReport=True
[15:49:10:106]reply_report=00-4F-00-00-00-00-00-00-00-00-00-00-00-00-00-00-00-00-00-00-00-00-00-00-00-00-00-00-00-00-00-00-00-00-00-00-00-00-00-00-00-00-00-00-00-00-00-00-00-00-00-00-00-00-00-00-00-00-00-00-00-00-00-00-00
[15:49:10:106]50-41-06-03-0D-00-25-34-12-5A-5A-01-00-00-00-F0-00-00-00 [CMD_SENT][OTA_CMD_IOCTL][READ_MAX_LEN]
[15:49:10:140][HID_TX_ack]00-11-50-49-01-C3-56-E9-09-00-07-00-06-83-00-F0-00-00-00-00-00-00-00-02-00-E0-00-17-49-01-C0-0E-2D-00-00-03-00-11-AA-18-00-00-00-00-00-00-00-00-00-00-00-00-00-00-00-00-00-00-00-00-00-00-00-00-00
[15:49:10:140]50-49-01-C3-56-E9-09-00-07-00-06-83-00-F0-00-00-00
[15:49:10:140][HID_TX]00-80-06-2F-BD-50-41-0E-04-01-E0-00-00-00-00-00-00-00-00-00-00-00-00-00-00-00-00-00-00-00-00-00-00-00-00-00-00-00-00-00-00-00-00-00-00-00-00-00-00-00-00-00-00-00-00-00-00-00-00-00-00-00-00-00-00
[15:49:10:141]HidD_GetInputReport=True
[15:49:10:141]reply_report=00-4F-00-00-00-00-00-00-00-00-00-00-00-00-00-00-00-00-00-00-00-00-00-00-00-00-00-00-00-00-00-00-00-00-00-00-00-00-00-00-00-00-00-00-00-00-00-00-00-00-00-00-00-00-00-00-00-00-00-00-00-00-00-00-00
[15:49:10:141]50-41-0E-04-01-E0 [CMD_SENT][REMOTE_GET_MODE]
[15:49:10:144][HID_TX_ack]00-19-50-49-01-C0-DC-F5-06-00-03-00-0E-84-00-50-49-0E-C4-00-00-00-00-02-00-E0-01-17-49-01-C0-0E-2D-00-00-03-00-11-AA-18-00-00-00-00-00-00-00-00-00-00-00-00-00-00-00-00-00-00-00-00-00-00-00-00-00
[15:49:10:144]50-49-01-C0-DC-F5-06-00-03-00-0E-84-00
[15:49:10:144]50-49-0E-C4-00-00-00-00-02-00-E0-01-
[15:49:10:144]REMOTE_GET_MODE=01
[15:49:10:145][HID_TX]00-80-07-C3-0E-50-41-06-05-01-00-63-00-00-00-00-00-00-00-00-00-00-00-00-00-00-00-00-00-00-00-00-00-00-00-00-00-00-00-00-00-00-00-00-00-00-00-00-00-00-00-00-00-00-00-00-00-00-00-00-00-00-00-00-00
[15:49:10:146]HidD_GetInputReport=True
[15:49:10:146]reply_report=00-4F-00-00-00-00-00-00-00-00-00-00-00-00-00-00-00-00-00-00-00-00-00-00-00-00-00-00-00-00-00-00-00-00-00-00-00-00-00-00-00-00-00-00-00-00-00-00-00-00-00-00-00-00-00-00-00-00-00-00-00-00-00-00-00
[15:49:10:146]50-41-06-05-01-00-63 [CMD_SENT][CMD_GET_IO_LEVEL]
[15:49:10:168][HID_TX_ack]00-12-50-49-01-C5-7F-E9-09-00-08-00-06-85-00-01-FF-FF-0F-00-00-00-00-02-00-E0-01-17-49-01-C0-0E-2D-00-00-03-00-11-AA-18-00-00-00-00-00-00-00-00-00-00-00-00-00-00-00-00-00-00-00-00-00-00-00-00-00
[15:49:10:169]50-49-01-C5-7F-E9-09-00-08-00-06-85-00-01-FF-FF-0F-00
[15:49:17:062][HID_TX]00-80-06-C4-92-50-41-0E-06-01-E0-00-00-00-00-00-00-00-00-00-00-00-00-00-00-00-00-00-00-00-00-00-00-00-00-00-00-00-00-00-00-00-00-00-00-00-00-00-00-00-00-00-00-00-00-00-00-00-00-00-00-00-00-00-00
[15:49:17:064]HidD_GetInputReport=True
[15:49:17:064]reply_report=00-4F-00-00-00-00-00-00-00-00-00-00-00-00-00-00-00-00-00-00-00-00-00-00-00-00-00-00-00-00-00-00-00-00-00-00-00-00-00-00-00-00-00-00-00-00-00-00-00-00-00-00-00-00-00-00-00-00-00-00-00-00-00-00-00
[15:49:17:064]50-41-0E-06-01-E0 [CMD_SENT][REMOTE_GET_MODE]
[15:49:17:070][HID_TX_ack]00-19-50-49-01-C0-7D-0B-07-00-03-00-0E-86-00-50-49-0E-C6-00-00-00-00-02-00-E0-01-17-49-01-C0-0E-2D-00-00-03-00-11-AA-18-00-00-00-00-00-00-00-00-00-00-00-00-00-00-00-00-00-00-00-00-00-00-00-00-00
[15:49:17:070]50-49-01-C0-7D-0B-07-00-03-00-0E-86-00
[15:49:17:070]50-49-0E-C6-00-00-00-00-02-00-E0-01-
[15:49:17:070]REMOTE_GET_MODE=01
[15:49:17:070][HID_TX]00-80-07-28-21-50-41-06-07-01-00-63-00-00-00-00-00-00-00-00-00-00-00-00-00-00-00-00-00-00-00-00-00-00-00-00-00-00-00-00-00-00-00-00-00-00-00-00-00-00-00-00-00-00-00-00-00-00-00-00-00-00-00-00-00
[15:49:17:072]HidD_GetInputReport=True
[15:49:17:072]reply_report=00-4F-00-00-00-00-00-00-00-00-00-00-00-00-00-00-00-00-00-00-00-00-00-00-00-00-00-00-00-00-00-00-00-00-00-00-00-00-00-00-00-00-00-00-00-00-00-00-00-00-00-00-00-00-00-00-00-00-00-00-00-00-00-00-00
[15:49:17:072]50-41-06-07-01-00-63 [CMD_SENT][CMD_GET_IO_LEVEL]
[15:49:17:101][HID_TX_ack]00-12-50-49-01-C7-19-FF-09-00-08-00-06-87-00-01-FF-FF-0F-00-00-00-00-02-00-E0-01-17-49-01-C0-0E-2D-00-00-03-00-11-AA-18-00-00-00-00-00-00-00-00-00-00-00-00-00-00-00-00-00-00-00-00-00-00-00-00-00
[15:49:17:102]50-49-01-C7-19-FF-09-00-08-00-06-87-00-01-FF-FF-0F-00
[15:49:33:785][HID_TX_ack]00-0D-50-49-11-C8-D2-13-07-00-03-00-20-EA-00-01-FF-FF-0F-00-00-00-00-02-00-E0-01-17-49-01-C0-0E-2D-00-00-03-00-11-AA-18-00-00-00-00-00-00-00-00-00-00-00-00-00-00-00-00-00-00-00-00-00-00-00-00-00
[15:49:33:785]50-49-11-C8-D2-13-07-00-03-00-20-EA-00
[15:49:33:786][HID_TX_ack]00-1A-50-49-01-C0-7C-14-07-00-03-00-11-8C-18-50-49-01-C0-7D-14-07-00-03-00-11-8D-17-49-01-C0-0E-2D-00-00-03-00-11-AA-18-00-00-00-00-00-00-00-00-00-00-00-00-00-00-00-00-00-00-00-00-00-00-00-00-00
[15:49:33:786]50-49-01-C0-7C-14-07-00-03-00-11-8C-18
[15:49:33:786]50-49-01-C0-7D-14-07-00-03-00-11-8D-17
[15:49:33:786][HID_TX_ack]00-0D-50-49-11-CD-7E-14-07-00-03-00-20-00-00-50-49-01-C0-7D-14-07-00-03-00-11-8D-17-49-01-C0-0E-2D-00-00-03-00-11-AA-18-00-00-00-00-00-00-00-00-00-00-00-00-00-00-00-00-00-00-00-00-00-00-00-00-00
[15:49:33:786]50-49-11-CD-7E-14-07-00-03-00-20-00-00
[15:49:33:786][HID_TX_ack]00-0D-50-49-11-CE-CA-14-07-00-03-00-20-EA-00-50-49-01-C0-7D-14-07-00-03-00-11-8D-17-49-01-C0-0E-2D-00-00-03-00-11-AA-18-00-00-00-00-00-00-00-00-00-00-00-00-00-00-00-00-00-00-00-00-00-00-00-00-00
[15:49:33:786]50-49-11-CE-CA-14-07-00-03-00-20-EA-00
[15:49:33:786][HID_TX_ack]00-1A-50-49-01-C0-D5-14-07-00-03-00-11-8E-18-50-49-01-C0-D5-14-07-00-03-00-11-8F-17-49-01-C0-0E-2D-00-00-03-00-11-AA-18-00-00-00-00-00-00-00-00-00-00-00-00-00-00-00-00-00-00-00-00-00-00-00-00-00
[15:49:33:786]50-49-01-C0-D5-14-07-00-03-00-11-8E-18
[15:49:33:786]50-49-01-C0-D5-14-07-00-03-00-11-8F-17
[15:49:33:787][HID_TX_ack]00-0D-50-49-11-CF-D7-14-07-00-03-00-20-00-00-50-49-01-C0-D5-14-07-00-03-00-11-8F-17-49-01-C0-0E-2D-00-00-03-00-11-AA-18-00-00-00-00-00-00-00-00-00-00-00-00-00-00-00-00-00-00-00-00-00-00-00-00-00
[15:49:33:787]50-49-11-CF-D7-14-07-00-03-00-20-00-00
[15:49:33:787][HID_TX_ack]00-0D-50-49-11-D0-26-15-07-00-03-00-20-EA-00-50-49-01-C0-D5-14-07-00-03-00-11-8F-17-49-01-C0-0E-2D-00-00-03-00-11-AA-18-00-00-00-00-00-00-00-00-00-00-00-00-00-00-00-00-00-00-00-00-00-00-00-00-00
[15:49:33:787]50-49-11-D0-26-15-07-00-03-00-20-EA-00
[15:49:33:787][HID_TX_ack]00-1A-50-49-01-C0-2E-15-07-00-03-00-11-90-18-50-49-01-C0-2F-15-07-00-03-00-11-91-17-49-01-C0-0E-2D-00-00-03-00-11-AA-18-00-00-00-00-00-00-00-00-00-00-00-00-00-00-00-00-00-00-00-00-00-00-00-00-00
[15:49:33:787]50-49-01-C0-2E-15-07-00-03-00-11-90-18
[15:49:33:787]50-49-01-C0-2F-15-07-00-03-00-11-91-17
[15:49:33:787][HID_TX_ack]00-0D-50-49-11-D1-30-15-07-00-03-00-20-00-00-50-49-01-C0-2F-15-07-00-03-00-11-91-17-49-01-C0-0E-2D-00-00-03-00-11-AA-18-00-00-00-00-00-00-00-00-00-00-00-00-00-00-00-00-00-00-00-00-00-00-00-00-00
[15:49:33:787]50-49-11-D1-30-15-07-00-03-00-20-00-00
[15:49:33:788][HID_TX_ack]00-0D-50-49-11-D2-6C-15-07-00-03-00-20-EA-00-50-49-01-C0-2F-15-07-00-03-00-11-91-17-49-01-C0-0E-2D-00-00-03-00-11-AA-18-00-00-00-00-00-00-00-00-00-00-00-00-00-00-00-00-00-00-00-00-00-00-00-00-00
[15:49:33:788]50-49-11-D2-6C-15-07-00-03-00-20-EA-00
[15:49:33:788][HID_TX_ack]00-1A-50-49-01-C0-75-15-07-00-03-00-11-92-18-50-49-01-C0-76-15-07-00-03-00-11-93-17-49-01-C0-0E-2D-00-00-03-00-11-AA-18-00-00-00-00-00-00-00-00-00-00-00-00-00-00-00-00-00-00-00-00-00-00-00-00-00
[15:49:33:788]50-49-01-C0-75-15-07-00-03-00-11-92-18
[15:49:33:788]50-49-01-C0-76-15-07-00-03-00-11-93-17
[15:49:33:788][HID_TX_ack]00-0D-50-49-11-D3-77-15-07-00-03-00-20-00-00-50-49-01-C0-76-15-07-00-03-00-11-93-17-49-01-C0-0E-2D-00-00-03-00-11-AA-18-00-00-00-00-00-00-00-00-00-00-00-00-00-00-00-00-00-00-00-00-00-00-00-00-00
[15:49:33:788]50-49-11-D3-77-15-07-00-03-00-20-00-00
[15:49:33:788][HID_TX_ack]00-0D-50-49-11-D4-C6-15-07-00-03-00-20-EA-00-50-49-01-C0-76-15-07-00-03-00-11-93-17-49-01-C0-0E-2D-00-00-03-00-11-AA-18-00-00-00-00-00-00-00-00-00-00-00-00-00-00-00-00-00-00-00-00-00-00-00-00-00
[15:49:33:788]50-49-11-D4-C6-15-07-00-03-00-20-EA-00
[15:49:33:788][HID_TX_ack]00-0D-50-49-01-C0-CD-15-07-00-03-00-11-94-18-50-49-01-C0-76-15-07-00-03-00-11-93-17-49-01-C0-0E-2D-00-00-03-00-11-AA-18-00-00-00-00-00-00-00-00-00-00-00-00-00-00-00-00-00-00-00-00-00-00-00-00-00
[15:49:33:788]50-49-01-C0-CD-15-07-00-03-00-11-94-18
[15:49:33:788][HID_TX_ack]00-0D-50-49-01-C0-D2-15-07-00-03-00-11-95-17-50-49-01-C0-76-15-07-00-03-00-11-93-17-49-01-C0-0E-2D-00-00-03-00-11-AA-18-00-00-00-00-00-00-00-00-00-00-00-00-00-00-00-00-00-00-00-00-00-00-00-00-00
[15:49:33:788]50-49-01-C0-D2-15-07-00-03-00-11-95-17
[15:49:33:788][HID_TX_ack]00-0D-50-49-11-D5-D4-15-07-00-03-00-20-00-00-50-49-01-C0-76-15-07-00-03-00-11-93-17-49-01-C0-0E-2D-00-00-03-00-11-AA-18-00-00-00-00-00-00-00-00-00-00-00-00-00-00-00-00-00-00-00-00-00-00-00-00-00
[15:49:33:788]50-49-11-D5-D4-15-07-00-03-00-20-00-00
[15:49:33:788][HID_TX_ack]00-0D-50-49-11-D6-26-16-07-00-03-00-20-EA-00-50-49-01-C0-76-15-07-00-03-00-11-93-17-49-01-C0-0E-2D-00-00-03-00-11-AA-18-00-00-00-00-00-00-00-00-00-00-00-00-00-00-00-00-00-00-00-00-00-00-00-00-00
[15:49:33:788]50-49-11-D6-26-16-07-00-03-00-20-EA-00
[15:49:33:788][HID_TX_ack]00-1A-50-49-01-C0-35-16-07-00-03-00-11-96-18-50-49-01-C0-36-16-07-00-03-00-11-97-17-49-01-C0-0E-2D-00-00-03-00-11-AA-18-00-00-00-00-00-00-00-00-00-00-00-00-00-00-00-00-00-00-00-00-00-00-00-00-00
[15:49:33:788]50-49-01-C0-35-16-07-00-03-00-11-96-18
[15:49:33:788]50-49-01-C0-36-16-07-00-03-00-11-97-17
[15:49:33:788][HID_TX_ack]00-0D-50-49-11-D7-38-16-07-00-03-00-20-00-00-50-49-01-C0-36-16-07-00-03-00-11-97-17-49-01-C0-0E-2D-00-00-03-00-11-AA-18-00-00-00-00-00-00-00-00-00-00-00-00-00-00-00-00-00-00-00-00-00-00-00-00-00
[15:49:33:788]50-49-11-D7-38-16-07-00-03-00-20-00-00
[15:49:33:788][HID_TX_ack]00-0D-50-49-11-D8-7C-16-07-00-03-00-20-EA-00-50-49-01-C0-36-16-07-00-03-00-11-97-17-49-01-C0-0E-2D-00-00-03-00-11-AA-18-00-00-00-00-00-00-00-00-00-00-00-00-00-00-00-00-00-00-00-00-00-00-00-00-00
[15:49:33:788]50-49-11-D8-7C-16-07-00-03-00-20-EA-00
[15:49:33:788][HID_TX_ack]00-1A-50-49-01-C0-90-16-07-00-03-00-11-98-18-50-49-01-C0-91-16-07-00-03-00-11-99-17-49-01-C0-0E-2D-00-00-03-00-11-AA-18-00-00-00-00-00-00-00-00-00-00-00-00-00-00-00-00-00-00-00-00-00-00-00-00-00
[15:49:33:788]50-49-01-C0-90-16-07-00-03-00-11-98-18
[15:49:33:788]50-49-01-C0-91-16-07-00-03-00-11-99-17
[15:49:33:789][HID_TX_ack]00-0D-50-49-11-D9-92-16-07-00-03-00-20-00-00-50-49-01-C0-91-16-07-00-03-00-11-99-17-49-01-C0-0E-2D-00-00-03-00-11-AA-18-00-00-00-00-00-00-00-00-00-00-00-00-00-00-00-00-00-00-00-00-00-00-00-00-00
[15:49:33:789]50-49-11-D9-92-16-07-00-03-00-20-00-00
[15:49:33:789][HID_TX_ack]00-0D-50-49-01-C0-9F-16-07-00-03-00-11-9A-16-50-49-01-C0-91-16-07-00-03-00-11-99-17-49-01-C0-0E-2D-00-00-03-00-11-AA-18-00-00-00-00-00-00-00-00-00-00-00-00-00-00-00-00-00-00-00-00-00-00-00-00-00
[15:49:33:789]50-49-01-C0-9F-16-07-00-03-00-11-9A-16
[15:49:33:789][HID_TX_ack]00-0D-50-49-11-DA-DA-3A-07-00-03-00-20-E9-00-50-49-01-C0-91-16-07-00-03-00-11-99-17-49-01-C0-0E-2D-00-00-03-00-11-AA-18-00-00-00-00-00-00-00-00-00-00-00-00-00-00-00-00-00-00-00-00-00-00-00-00-00
[15:49:33:789]50-49-11-DA-DA-3A-07-00-03-00-20-E9-00
[15:49:33:789][HID_TX_ack]00-1A-50-49-01-C0-E1-3A-07-00-03-00-11-9B-18-50-49-01-C0-E1-3A-07-00-03-00-11-9C-17-49-01-C0-0E-2D-00-00-03-00-11-AA-18-00-00-00-00-00-00-00-00-00-00-00-00-00-00-00-00-00-00-00-00-00-00-00-00-00
[15:49:33:789]50-49-01-C0-E1-3A-07-00-03-00-11-9B-18
[15:49:33:789]50-49-01-C0-E1-3A-07-00-03-00-11-9C-17
[15:49:33:789][HID_TX_ack]00-0D-50-49-11-DB-E3-3A-07-00-03-00-20-00-00-50-49-01-C0-E1-3A-07-00-03-00-11-9C-17-49-01-C0-0E-2D-00-00-03-00-11-AA-18-00-00-00-00-00-00-00-00-00-00-00-00-00-00-00-00-00-00-00-00-00-00-00-00-00
[15:49:33:789]50-49-11-DB-E3-3A-07-00-03-00-20-00-00
[15:49:33:789][HID_TX_ack]00-0D-50-49-01-C0-F1-3A-07-00-03-00-11-9D-16-50-49-01-C0-E1-3A-07-00-03-00-11-9C-17-49-01-C0-0E-2D-00-00-03-00-11-AA-18-00-00-00-00-00-00-00-00-00-00-00-00-00-00-00-00-00-00-00-00-00-00-00-00-00
[15:49:33:789]50-49-01-C0-F1-3A-07-00-03-00-11-9D-16
[15:49:33:789][HID_TX_ack]00-0D-50-49-11-DC-4C-3F-07-00-03-00-20-E9-00-50-49-01-C0-E1-3A-07-00-03-00-11-9C-17-49-01-C0-0E-2D-00-00-03-00-11-AA-18-00-00-00-00-00-00-00-00-00-00-00-00-00-00-00-00-00-00-00-00-00-00-00-00-00
[15:49:33:789]50-49-11-DC-4C-3F-07-00-03-00-20-E9-00
[15:49:33:789][HID_TX_ack]00-1A-50-49-01-C0-55-3F-07-00-03-00-11-9E-18-50-49-01-C0-55-3F-07-00-03-00-11-9F-17-49-01-C0-0E-2D-00-00-03-00-11-AA-18-00-00-00-00-00-00-00-00-00-00-00-00-00-00-00-00-00-00-00-00-00-00-00-00-00
[15:49:33:789]50-49-01-C0-55-3F-07-00-03-00-11-9E-18
[15:49:33:789]50-49-01-C0-55-3F-07-00-03-00-11-9F-17
[15:49:33:789][HID_TX_ack]00-0D-50-49-11-DD-57-3F-07-00-03-00-20-00-00-50-49-01-C0-55-3F-07-00-03-00-11-9F-17-49-01-C0-0E-2D-00-00-03-00-11-AA-18-00-00-00-00-00-00-00-00-00-00-00-00-00-00-00-00-00-00-00-00-00-00-00-00-00
[15:49:33:789]50-49-11-DD-57-3F-07-00-03-00-20-00-00
[15:49:33:789][HID_TX_ack]00-0D-50-49-11-DE-AA-3F-07-00-03-00-20-E9-00-50-49-01-C0-55-3F-07-00-03-00-11-9F-17-49-01-C0-0E-2D-00-00-03-00-11-AA-18-00-00-00-00-00-00-00-00-00-00-00-00-00-00-00-00-00-00-00-00-00-00-00-00-00
[15:49:33:789]50-49-11-DE-AA-3F-07-00-03-00-20-E9-00
[15:49:33:789][HID_TX_ack]00-1A-50-49-01-C0-B4-3F-07-00-03-00-11-A0-18-50-49-01-C0-B5-3F-07-00-03-00-11-A1-17-49-01-C0-0E-2D-00-00-03-00-11-AA-18-00-00-00-00-00-00-00-00-00-00-00-00-00-00-00-00-00-00-00-00-00-00-00-00-00
[15:49:33:789]50-49-01-C0-B4-3F-07-00-03-00-11-A0-18
[15:49:33:789]50-49-01-C0-B5-3F-07-00-03-00-11-A1-17
[15:49:33:789][HID_TX_ack]00-0D-50-49-11-DF-B6-3F-07-00-03-00-20-00-00-50-49-01-C0-B5-3F-07-00-03-00-11-A1-17-49-01-C0-0E-2D-00-00-03-00-11-AA-18-00-00-00-00-00-00-00-00-00-00-00-00-00-00-00-00-00-00-00-00-00-00-00-00-00
[15:49:33:789]50-49-11-DF-B6-3F-07-00-03-00-20-00-00
[15:49:33:869][HID_TX_ack]00-0D-50-49-11-E0-FE-3F-07-00-03-00-20-E9-00-50-49-01-C0-B5-3F-07-00-03-00-11-A1-17-49-01-C0-0E-2D-00-00-03-00-11-AA-18-00-00-00-00-00-00-00-00-00-00-00-00-00-00-00-00-00-00-00-00-00-00-00-00-00
[15:49:33:869]50-49-11-E0-FE-3F-07-00-03-00-20-E9-00
[15:49:33:879][HID_TX_ack]00-1A-50-49-01-C0-07-40-07-00-03-00-11-A2-18-50-49-01-C0-08-40-07-00-03-00-11-A3-17-49-01-C0-0E-2D-00-00-03-00-11-AA-18-00-00-00-00-00-00-00-00-00-00-00-00-00-00-00-00-00-00-00-00-00-00-00-00-00
[15:49:33:879]50-49-01-C0-07-40-07-00-03-00-11-A2-18
[15:49:33:879]50-49-01-C0-08-40-07-00-03-00-11-A3-17
[15:49:33:882][HID_TX_ack]00-0D-50-49-11-E1-09-40-07-00-03-00-20-00-00-50-49-01-C0-08-40-07-00-03-00-11-A3-17-49-01-C0-0E-2D-00-00-03-00-11-AA-18-00-00-00-00-00-00-00-00-00-00-00-00-00-00-00-00-00-00-00-00-00-00-00-00-00
[15:49:33:882]50-49-11-E1-09-40-07-00-03-00-20-00-00
[15:49:33:957][HID_TX_ack]00-0D-50-49-11-E2-46-40-07-00-03-00-20-E9-00-50-49-01-C0-08-40-07-00-03-00-11-A3-17-49-01-C0-0E-2D-00-00-03-00-11-AA-18-00-00-00-00-00-00-00-00-00-00-00-00-00-00-00-00-00-00-00-00-00-00-00-00-00
[15:49:33:958]50-49-11-E2-46-40-07-00-03-00-20-E9-00
[15:49:33:968][HID_TX_ack]00-1A-50-49-01-C0-4E-40-07-00-03-00-11-A4-18-50-49-01-C0-4F-40-07-00-03-00-11-A5-17-49-01-C0-0E-2D-00-00-03-00-11-AA-18-00-00-00-00-00-00-00-00-00-00-00-00-00-00-00-00-00-00-00-00-00-00-00-00-00
[15:49:33:968]50-49-01-C0-4E-40-07-00-03-00-11-A4-18
[15:49:33:968]50-49-01-C0-4F-40-07-00-03-00-11-A5-17
[15:49:33:971][HID_TX_ack]00-0D-50-49-11-E3-50-40-07-00-03-00-20-00-00-50-49-01-C0-4F-40-07-00-03-00-11-A5-17-49-01-C0-0E-2D-00-00-03-00-11-AA-18-00-00-00-00-00-00-00-00-00-00-00-00-00-00-00-00-00-00-00-00-00-00-00-00-00
[15:49:33:971]50-49-11-E3-50-40-07-00-03-00-20-00-00
[15:49:34:005][HID_TX]00-80-06-55-5D-50-41-0E-08-01-E0-00-00-00-00-00-00-00-00-00-00-00-00-00-00-00-00-00-00-00-00-00-00-00-00-00-00-00-00-00-00-00-00-00-00-00-00-00-00-00-00-00-00-00-00-00-00-00-00-00-00-00-00-00-00
[15:49:34:006]HidD_GetInputReport=True
[15:49:34:006]reply_report=00-4F-00-00-00-00-00-00-00-00-00-00-00-00-00-00-00-00-00-00-00-00-00-00-00-00-00-00-00-00-00-00-00-00-00-00-00-00-00-00-00-00-00-00-00-00-00-00-00-00-00-00-00-00-00-00-00-00-00-00-00-00-00-00-00
[15:49:34:006]50-41-0E-08-01-E0 [CMD_SENT][REMOTE_GET_MODE]
[15:49:34:009][HID_TX_ack]00-19-50-49-01-C0-70-40-07-00-03-00-0E-88-00-50-49-0E-E4-00-00-00-00-02-00-E0-01-17-49-01-C0-0E-2D-00-00-03-00-11-AA-18-00-00-00-00-00-00-00-00-00-00-00-00-00-00-00-00-00-00-00-00-00-00-00-00-00
[15:49:34:009]50-49-01-C0-70-40-07-00-03-00-0E-88-00
[15:49:34:009]50-49-0E-E4-00-00-00-00-02-00-E0-01-
[15:49:34:009]REMOTE_GET_MODE=01
[15:49:34:009][HID_TX]00-80-07-B9-EE-50-41-06-09-01-00-63-00-00-00-00-00-00-00-00-00-00-00-00-00-00-00-00-00-00-00-00-00-00-00-00-00-00-00-00-00-00-00-00-00-00-00-00-00-00-00-00-00-00-00-00-00-00-00-00-00-00-00-00-00
[15:49:34:010]HidD_GetInputReport=True
[15:49:34:010]reply_report=00-4F-00-00-00-00-00-00-00-00-00-00-00-00-00-00-00-00-00-00-00-00-00-00-00-00-00-00-00-00-00-00-00-00-00-00-00-00-00-00-00-00-00-00-00-00-00-00-00-00-00-00-00-00-00-00-00-00-00-00-00-00-00-00-00
[15:49:34:010]50-41-06-09-01-00-63 [CMD_SENT][CMD_GET_IO_LEVEL]
[15:49:34:038][HID_TX_ack]00-12-50-49-01-E5-13-34-0A-00-08-00-06-89-00-01-FF-FF-0D-00-00-00-00-02-00-E0-01-17-49-01-C0-0E-2D-00-00-03-00-11-AA-18-00-00-00-00-00-00-00-00-00-00-00-00-00-00-00-00-00-00-00-00-00-00-00-00-00
[15:49:34:038]50-49-01-E5-13-34-0A-00-08-00-06-89-00-01-FF-FF-0D-00
[15:49:45:992][HID_TX_ack]00-0D-50-49-11-E6-9A-40-07-00-03-00-20-E9-00-01-FF-FF-0D-00-00-00-00-02-00-E0-01-17-49-01-C0-0E-2D-00-00-03-00-11-AA-18-00-00-00-00-00-00-00-00-00-00-00-00-00-00-00-00-00-00-00-00-00-00-00-00-00
[15:49:45:992]50-49-11-E6-9A-40-07-00-03-00-20-E9-00
[15:49:45:992][HID_TX_ack]00-0D-50-49-11-F2-9E-42-07-00-03-00-20-E9-00-50-49-01-C0-4F-42-07-00-03-00-11-B1-17-49-01-C0-0E-2D-00-00-03-00-11-AA-18-00-00-00-00-00-00-00-00-00-00-00-00-00-00-00-00-00-00-00-00-00-00-00-00-00
[15:49:45:992]50-49-11-F2-9E-42-07-00-03-00-20-E9-00
[15:49:45:992][HID_TX_ack]00-1A-50-49-01-C0-A8-42-07-00-03-00-11-B2-18-50-49-01-C0-A9-42-07-00-03-00-11-B3-17-49-01-C0-0E-2D-00-00-03-00-11-AA-18-00-00-00-00-00-00-00-00-00-00-00-00-00-00-00-00-00-00-00-00-00-00-00-00-00
[15:49:45:992]50-49-01-C0-A8-42-07-00-03-00-11-B2-18
[15:49:45:992]50-49-01-C0-A9-42-07-00-03-00-11-B3-17
[15:49:45:992][HID_TX_ack]00-0D-50-49-11-F3-AA-42-07-00-03-00-20-00-00-50-49-01-C0-A9-42-07-00-03-00-11-B3-17-49-01-C0-0E-2D-00-00-03-00-11-AA-18-00-00-00-00-00-00-00-00-00-00-00-00-00-00-00-00-00-00-00-00-00-00-00-00-00
[15:49:45:992]50-49-11-F3-AA-42-07-00-03-00-20-00-00
[15:49:45:992][HID_TX_ack]00-0D-50-49-11-F4-F2-42-07-00-03-00-20-E9-00-50-49-01-C0-A9-42-07-00-03-00-11-B3-17-49-01-C0-0E-2D-00-00-03-00-11-AA-18-00-00-00-00-00-00-00-00-00-00-00-00-00-00-00-00-00-00-00-00-00-00-00-00-00
[15:49:45:992]50-49-11-F4-F2-42-07-00-03-00-20-E9-00
[15:49:45:993][HID_TX_ack]00-1A-50-49-01-C0-FC-42-07-00-03-00-11-B4-18-50-49-01-C0-FD-42-07-00-03-00-11-B5-17-49-01-C0-0E-2D-00-00-03-00-11-AA-18-00-00-00-00-00-00-00-00-00-00-00-00-00-00-00-00-00-00-00-00-00-00-00-00-00
[15:49:45:993]50-49-01-C0-FC-42-07-00-03-00-11-B4-18
[15:49:45:993]50-49-01-C0-FD-42-07-00-03-00-11-B5-17
[15:49:45:993][HID_TX_ack]00-0D-50-49-11-F5-FE-42-07-00-03-00-20-00-00-50-49-01-C0-FD-42-07-00-03-00-11-B5-17-49-01-C0-0E-2D-00-00-03-00-11-AA-18-00-00-00-00-00-00-00-00-00-00-00-00-00-00-00-00-00-00-00-00-00-00-00-00-00
[15:49:45:993]50-49-11-F5-FE-42-07-00-03-00-20-00-00
[15:49:45:993][HID_TX_ack]00-0D-50-49-11-F6-4E-43-07-00-03-00-20-E9-00-50-49-01-C0-FD-42-07-00-03-00-11-B5-17-49-01-C0-0E-2D-00-00-03-00-11-AA-18-00-00-00-00-00-00-00-00-00-00-00-00-00-00-00-00-00-00-00-00-00-00-00-00-00
[15:49:45:993]50-49-11-F6-4E-43-07-00-03-00-20-E9-00
[15:49:45:993][HID_TX_ack]00-0D-50-49-01-C0-55-43-07-00-03-00-11-B6-18-50-49-01-C0-FD-42-07-00-03-00-11-B5-17-49-01-C0-0E-2D-00-00-03-00-11-AA-18-00-00-00-00-00-00-00-00-00-00-00-00-00-00-00-00-00-00-00-00-00-00-00-00-00
[15:49:45:993]50-49-01-C0-55-43-07-00-03-00-11-B6-18
[15:49:45:993][HID_TX_ack]00-0D-50-49-01-C0-5A-43-07-00-03-00-11-B7-17-50-49-01-C0-FD-42-07-00-03-00-11-B5-17-49-01-C0-0E-2D-00-00-03-00-11-AA-18-00-00-00-00-00-00-00-00-00-00-00-00-00-00-00-00-00-00-00-00-00-00-00-00-00
[15:49:45:993]50-49-01-C0-5A-43-07-00-03-00-11-B7-17
[15:49:45:993][HID_TX_ack]00-0D-50-49-11-F7-5B-43-07-00-03-00-20-00-00-50-49-01-C0-FD-42-07-00-03-00-11-B5-17-49-01-C0-0E-2D-00-00-03-00-11-AA-18-00-00-00-00-00-00-00-00-00-00-00-00-00-00-00-00-00-00-00-00-00-00-00-00-00
[15:49:45:993]50-49-11-F7-5B-43-07-00-03-00-20-00-00
[15:49:45:993][HID_TX_ack]00-0D-50-49-11-F8-A8-43-07-00-03-00-20-E9-00-50-49-01-C0-FD-42-07-00-03-00-11-B5-17-49-01-C0-0E-2D-00-00-03-00-11-AA-18-00-00-00-00-00-00-00-00-00-00-00-00-00-00-00-00-00-00-00-00-00-00-00-00-00
[15:49:45:993]50-49-11-F8-A8-43-07-00-03-00-20-E9-00
[15:49:45:993][HID_TX_ack]00-1A-50-49-01-C0-B6-43-07-00-03-00-11-B8-18-50-49-01-C0-B8-43-07-00-03-00-11-B9-17-49-01-C0-0E-2D-00-00-03-00-11-AA-18-00-00-00-00-00-00-00-00-00-00-00-00-00-00-00-00-00-00-00-00-00-00-00-00-00
[15:49:45:993]50-49-01-C0-B6-43-07-00-03-00-11-B8-18
[15:49:45:993]50-49-01-C0-B8-43-07-00-03-00-11-B9-17
[15:49:45:993][HID_TX_ack]00-0D-50-49-11-F9-B9-43-07-00-03-00-20-00-00-50-49-01-C0-B8-43-07-00-03-00-11-B9-17-49-01-C0-0E-2D-00-00-03-00-11-AA-18-00-00-00-00-00-00-00-00-00-00-00-00-00-00-00-00-00-00-00-00-00-00-00-00-00
[15:49:45:993]50-49-11-F9-B9-43-07-00-03-00-20-00-00
[15:49:45:993][HID_TX_ack]00-0D-50-49-11-FA-FC-43-07-00-03-00-20-E9-00-50-49-01-C0-B8-43-07-00-03-00-11-B9-17-49-01-C0-0E-2D-00-00-03-00-11-AA-18-00-00-00-00-00-00-00-00-00-00-00-00-00-00-00-00-00-00-00-00-00-00-00-00-00
[15:49:45:993]50-49-11-FA-FC-43-07-00-03-00-20-E9-00
[15:49:45:993][HID_TX_ack]00-1A-50-49-01-C0-07-44-07-00-03-00-11-BA-18-50-49-01-C0-08-44-07-00-03-00-11-BB-17-49-01-C0-0E-2D-00-00-03-00-11-AA-18-00-00-00-00-00-00-00-00-00-00-00-00-00-00-00-00-00-00-00-00-00-00-00-00-00
[15:49:45:993]50-49-01-C0-07-44-07-00-03-00-11-BA-18
[15:49:45:993]50-49-01-C0-08-44-07-00-03-00-11-BB-17
[15:49:45:993][HID_TX_ack]00-0D-50-49-11-FB-09-44-07-00-03-00-20-00-00-50-49-01-C0-08-44-07-00-03-00-11-BB-17-49-01-C0-0E-2D-00-00-03-00-11-AA-18-00-00-00-00-00-00-00-00-00-00-00-00-00-00-00-00-00-00-00-00-00-00-00-00-00
[15:49:45:993]50-49-11-FB-09-44-07-00-03-00-20-00-00
[15:49:45:993][HID_TX_ack]00-0D-50-49-11-FC-48-44-07-00-03-00-20-E9-00-50-49-01-C0-08-44-07-00-03-00-11-BB-17-49-01-C0-0E-2D-00-00-03-00-11-AA-18-00-00-00-00-00-00-00-00-00-00-00-00-00-00-00-00-00-00-00-00-00-00-00-00-00
[15:49:45:993]50-49-11-FC-48-44-07-00-03-00-20-E9-00
[15:49:45:995][HID_TX_ack]00-1A-50-49-01-C0-4E-44-07-00-03-00-11-BC-18-50-49-01-C0-4F-44-07-00-03-00-11-BD-17-49-01-C0-0E-2D-00-00-03-00-11-AA-18-00-00-00-00-00-00-00-00-00-00-00-00-00-00-00-00-00-00-00-00-00-00-00-00-00
[15:49:45:995]50-49-01-C0-4E-44-07-00-03-00-11-BC-18
[15:49:45:995]50-49-01-C0-4F-44-07-00-03-00-11-BD-17
[15:49:45:995][HID_TX_ack]00-0D-50-49-11-FD-50-44-07-00-03-00-20-00-00-50-49-01-C0-4F-44-07-00-03-00-11-BD-17-49-01-C0-0E-2D-00-00-03-00-11-AA-18-00-00-00-00-00-00-00-00-00-00-00-00-00-00-00-00-00-00-00-00-00-00-00-00-00
[15:49:45:995]50-49-11-FD-50-44-07-00-03-00-20-00-00
[15:49:45:995][HID_TX_ack]00-0D-50-49-11-FE-A2-44-07-00-03-00-20-E9-00-50-49-01-C0-4F-44-07-00-03-00-11-BD-17-49-01-C0-0E-2D-00-00-03-00-11-AA-18-00-00-00-00-00-00-00-00-00-00-00-00-00-00-00-00-00-00-00-00-00-00-00-00-00
[15:49:45:995]50-49-11-FE-A2-44-07-00-03-00-20-E9-00
[15:49:45:995][HID_TX_ack]00-1A-50-49-01-C0-A9-44-07-00-03-00-11-BE-18-50-49-01-C0-AA-44-07-00-03-00-11-BF-17-49-01-C0-0E-2D-00-00-03-00-11-AA-18-00-00-00-00-00-00-00-00-00-00-00-00-00-00-00-00-00-00-00-00-00-00-00-00-00
[15:49:45:995]50-49-01-C0-A9-44-07-00-03-00-11-BE-18
[15:49:45:995]50-49-01-C0-AA-44-07-00-03-00-11-BF-17
[15:49:45:995][HID_TX_ack]00-0D-50-49-11-FF-AB-44-07-00-03-00-20-00-00-50-49-01-C0-AA-44-07-00-03-00-11-BF-17-49-01-C0-0E-2D-00-00-03-00-11-AA-18-00-00-00-00-00-00-00-00-00-00-00-00-00-00-00-00-00-00-00-00-00-00-00-00-00
[15:49:45:995]50-49-11-FF-AB-44-07-00-03-00-20-00-00
[15:49:45:995][HID_TX_ack]00-0D-50-49-11-C0-F9-44-07-00-03-00-20-E9-00-50-49-01-C0-AA-44-07-00-03-00-11-BF-17-49-01-C0-0E-2D-00-00-03-00-11-AA-18-00-00-00-00-00-00-00-00-00-00-00-00-00-00-00-00-00-00-00-00-00-00-00-00-00
[15:49:45:995]50-49-11-C0-F9-44-07-00-03-00-20-E9-00
[15:49:45:995][HID_TX_ack]00-1A-50-49-01-C0-01-45-07-00-03-00-11-C0-18-50-49-01-C0-02-45-07-00-03-00-11-C1-17-49-01-C0-0E-2D-00-00-03-00-11-AA-18-00-00-00-00-00-00-00-00-00-00-00-00-00-00-00-00-00-00-00-00-00-00-00-00-00
[15:49:45:995]50-49-01-C0-01-45-07-00-03-00-11-C0-18
[15:49:45:995]50-49-01-C0-02-45-07-00-03-00-11-C1-17
[15:49:45:996][HID_TX_ack]00-0D-50-49-11-C1-03-45-07-00-03-00-20-00-00-50-49-01-C0-02-45-07-00-03-00-11-C1-17-49-01-C0-0E-2D-00-00-03-00-11-AA-18-00-00-00-00-00-00-00-00-00-00-00-00-00-00-00-00-00-00-00-00-00-00-00-00-00
[15:49:45:996]50-49-11-C1-03-45-07-00-03-00-20-00-00
[15:49:45:996][HID_TX_ack]00-0D-50-49-11-C2-54-45-07-00-03-00-20-E9-00-50-49-01-C0-02-45-07-00-03-00-11-C1-17-49-01-C0-0E-2D-00-00-03-00-11-AA-18-00-00-00-00-00-00-00-00-00-00-00-00-00-00-00-00-00-00-00-00-00-00-00-00-00
[15:49:45:996]50-49-11-C2-54-45-07-00-03-00-20-E9-00
[15:49:45:996][HID_TX_ack]00-0D-50-49-01-C0-5C-45-07-00-03-00-11-C2-18-50-49-01-C0-02-45-07-00-03-00-11-C1-17-49-01-C0-0E-2D-00-00-03-00-11-AA-18-00-00-00-00-00-00-00-00-00-00-00-00-00-00-00-00-00-00-00-00-00-00-00-00-00
[15:49:45:996]50-49-01-C0-5C-45-07-00-03-00-11-C2-18
[15:49:45:996][HID_TX_ack]00-0D-50-49-01-C0-61-45-07-00-03-00-11-C3-17-50-49-01-C0-02-45-07-00-03-00-11-C1-17-49-01-C0-0E-2D-00-00-03-00-11-AA-18-00-00-00-00-00-00-00-00-00-00-00-00-00-00-00-00-00-00-00-00-00-00-00-00-00
[15:49:45:996]50-49-01-C0-61-45-07-00-03-00-11-C3-17
[15:49:45:996][HID_TX_ack]00-0D-50-49-11-C3-62-45-07-00-03-00-20-00-00-50-49-01-C0-02-45-07-00-03-00-11-C1-17-49-01-C0-0E-2D-00-00-03-00-11-AA-18-00-00-00-00-00-00-00-00-00-00-00-00-00-00-00-00-00-00-00-00-00-00-00-00-00
[15:49:45:996]50-49-11-C3-62-45-07-00-03-00-20-00-00
[15:49:45:996][HID_TX_ack]00-0D-50-49-11-C4-9A-45-07-00-03-00-20-E9-00-50-49-01-C0-02-45-07-00-03-00-11-C1-17-49-01-C0-0E-2D-00-00-03-00-11-AA-18-00-00-00-00-00-00-00-00-00-00-00-00-00-00-00-00-00-00-00-00-00-00-00-00-00
[15:49:45:996]50-49-11-C4-9A-45-07-00-03-00-20-E9-00
[15:49:45:996][HID_TX_ack]00-1A-50-49-01-C0-A2-45-07-00-03-00-11-C4-18-50-49-01-C0-A2-45-07-00-03-00-11-C5-17-49-01-C0-0E-2D-00-00-03-00-11-AA-18-00-00-00-00-00-00-00-00-00-00-00-00-00-00-00-00-00-00-00-00-00-00-00-00-00
[15:49:45:996]50-49-01-C0-A2-45-07-00-03-00-11-C4-18
[15:49:45:996]50-49-01-C0-A2-45-07-00-03-00-11-C5-17
[15:49:45:996][HID_TX_ack]00-0D-50-49-11-C5-A4-45-07-00-03-00-20-00-00-50-49-01-C0-A2-45-07-00-03-00-11-C5-17-49-01-C0-0E-2D-00-00-03-00-11-AA-18-00-00-00-00-00-00-00-00-00-00-00-00-00-00-00-00-00-00-00-00-00-00-00-00-00
[15:49:45:996]50-49-11-C5-A4-45-07-00-03-00-20-00-00
[15:49:47:688][HID_TX_ack]00-0D-50-49-11-C6-14-6A-07-00-03-00-20-E9-00-50-49-01-C0-A2-45-07-00-03-00-11-C5-17-49-01-C0-0E-2D-00-00-03-00-11-AA-18-00-00-00-00-00-00-00-00-00-00-00-00-00-00-00-00-00-00-00-00-00-00-00-00-00
[15:49:47:688]50-49-11-C6-14-6A-07-00-03-00-20-E9-00
[15:49:47:688][HID_TX_ack]00-1A-50-49-01-C0-1B-6A-07-00-03-00-11-C6-18-50-49-01-C0-1C-6A-07-00-03-00-11-C7-17-49-01-C0-0E-2D-00-00-03-00-11-AA-18-00-00-00-00-00-00-00-00-00-00-00-00-00-00-00-00-00-00-00-00-00-00-00-00-00
[15:49:47:688]50-49-01-C0-1B-6A-07-00-03-00-11-C6-18
[15:49:47:688]50-49-01-C0-1C-6A-07-00-03-00-11-C7-17
[15:49:47:688][HID_TX_ack]00-0D-50-49-11-C7-1E-6A-07-00-03-00-20-00-00-50-49-01-C0-1C-6A-07-00-03-00-11-C7-17-49-01-C0-0E-2D-00-00-03-00-11-AA-18-00-00-00-00-00-00-00-00-00-00-00-00-00-00-00-00-00-00-00-00-00-00-00-00-00
[15:49:47:688]50-49-11-C7-1E-6A-07-00-03-00-20-00-00
[15:49:47:689][HID_TX_ack]00-0D-50-49-11-C8-68-6A-07-00-03-00-20-E9-00-50-49-01-C0-1C-6A-07-00-03-00-11-C7-17-49-01-C0-0E-2D-00-00-03-00-11-AA-18-00-00-00-00-00-00-00-00-00-00-00-00-00-00-00-00-00-00-00-00-00-00-00-00-00
[15:49:47:689]50-49-11-C8-68-6A-07-00-03-00-20-E9-00
[15:49:47:689][HID_TX_ack]00-0D-50-49-01-C0-6E-6A-07-00-03-00-11-C8-18-50-49-01-C0-1C-6A-07-00-03-00-11-C7-17-49-01-C0-0E-2D-00-00-03-00-11-AA-18-00-00-00-00-00-00-00-00-00-00-00-00-00-00-00-00-00-00-00-00-00-00-00-00-00
[15:49:47:689]50-49-01-C0-6E-6A-07-00-03-00-11-C8-18
[15:49:47:689][HID_TX_ack]00-0D-50-49-01-C0-70-6A-07-00-03-00-11-C9-17-50-49-01-C0-1C-6A-07-00-03-00-11-C7-17-49-01-C0-0E-2D-00-00-03-00-11-AA-18-00-00-00-00-00-00-00-00-00-00-00-00-00-00-00-00-00-00-00-00-00-00-00-00-00
[15:49:47:689]50-49-01-C0-70-6A-07-00-03-00-11-C9-17
[15:49:47:689][HID_TX_ack]00-0D-50-49-11-C9-71-6A-07-00-03-00-20-00-00-50-49-01-C0-1C-6A-07-00-03-00-11-C7-17-49-01-C0-0E-2D-00-00-03-00-11-AA-18-00-00-00-00-00-00-00-00-00-00-00-00-00-00-00-00-00-00-00-00-00-00-00-00-00
[15:49:47:689]50-49-11-C9-71-6A-07-00-03-00-20-00-00
[15:49:47:689][HID_TX_ack]00-0D-50-49-11-CA-C2-6A-07-00-03-00-20-E9-00-50-49-01-C0-1C-6A-07-00-03-00-11-C7-17-49-01-C0-0E-2D-00-00-03-00-11-AA-18-00-00-00-00-00-00-00-00-00-00-00-00-00-00-00-00-00-00-00-00-00-00-00-00-00
[15:49:47:689]50-49-11-CA-C2-6A-07-00-03-00-20-E9-00
[15:49:47:689][HID_TX_ack]00-1A-50-49-01-C0-CE-6A-07-00-03-00-11-CA-18-50-49-01-C0-CF-6A-07-00-03-00-11-CB-17-49-01-C0-0E-2D-00-00-03-00-11-AA-18-00-00-00-00-00-00-00-00-00-00-00-00-00-00-00-00-00-00-00-00-00-00-00-00-00
[15:49:47:689]50-49-01-C0-CE-6A-07-00-03-00-11-CA-18
[15:49:47:689]50-49-01-C0-CF-6A-07-00-03-00-11-CB-17
[15:49:47:689][HID_TX_ack]00-0D-50-49-11-CB-D0-6A-07-00-03-00-20-00-00-50-49-01-C0-CF-6A-07-00-03-00-11-CB-17-49-01-C0-0E-2D-00-00-03-00-11-AA-18-00-00-00-00-00-00-00-00-00-00-00-00-00-00-00-00-00-00-00-00-00-00-00-00-00
[15:49:47:689]50-49-11-CB-D0-6A-07-00-03-00-20-00-00
[15:49:47:689][HID_TX_ack]00-0D-50-49-11-CC-22-6B-07-00-03-00-20-E9-00-50-49-01-C0-CF-6A-07-00-03-00-11-CB-17-49-01-C0-0E-2D-00-00-03-00-11-AA-18-00-00-00-00-00-00-00-00-00-00-00-00-00-00-00-00-00-00-00-00-00-00-00-00-00
[15:49:47:689]50-49-11-CC-22-6B-07-00-03-00-20-E9-00
[15:49:47:689][HID_TX_ack]00-1A-50-49-01-C0-2C-6B-07-00-03-00-11-CC-18-50-49-01-C0-2E-6B-07-00-03-00-11-CD-17-49-01-C0-0E-2D-00-00-03-00-11-AA-18-00-00-00-00-00-00-00-00-00-00-00-00-00-00-00-00-00-00-00-00-00-00-00-00-00
[15:49:47:689]50-49-01-C0-2C-6B-07-00-03-00-11-CC-18
[15:49:47:689]50-49-01-C0-2E-6B-07-00-03-00-11-CD-17
[15:49:47:689][HID_TX_ack]00-0D-50-49-11-CD-2F-6B-07-00-03-00-20-00-00-50-49-01-C0-2E-6B-07-00-03-00-11-CD-17-49-01-C0-0E-2D-00-00-03-00-11-AA-18-00-00-00-00-00-00-00-00-00-00-00-00-00-00-00-00-00-00-00-00-00-00-00-00-00
[15:49:47:689]50-49-11-CD-2F-6B-07-00-03-00-20-00-00
[15:49:47:772][HID_TX_ack]00-0D-50-49-11-CE-72-6B-07-00-03-00-20-E9-00-50-49-01-C0-2E-6B-07-00-03-00-11-CD-17-49-01-C0-0E-2D-00-00-03-00-11-AA-18-00-00-00-00-00-00-00-00-00-00-00-00-00-00-00-00-00-00-00-00-00-00-00-00-00
[15:49:47:773]50-49-11-CE-72-6B-07-00-03-00-20-E9-00
[15:49:47:783][HID_TX_ack]00-1A-50-49-01-C0-7B-6B-07-00-03-00-11-CE-18-50-49-01-C0-7C-6B-07-00-03-00-11-CF-17-49-01-C0-0E-2D-00-00-03-00-11-AA-18-00-00-00-00-00-00-00-00-00-00-00-00-00-00-00-00-00-00-00-00-00-00-00-00-00
[15:49:47:784]50-49-01-C0-7B-6B-07-00-03-00-11-CE-18
[15:49:47:784]50-49-01-C0-7C-6B-07-00-03-00-11-CF-17
[15:49:47:786][HID_TX_ack]00-0D-50-49-11-CF-7D-6B-07-00-03-00-20-00-00-50-49-01-C0-7C-6B-07-00-03-00-11-CF-17-49-01-C0-0E-2D-00-00-03-00-11-AA-18-00-00-00-00-00-00-00-00-00-00-00-00-00-00-00-00-00-00-00-00-00-00-00-00-00
[15:49:47:787]50-49-11-CF-7D-6B-07-00-03-00-20-00-00
[15:49:47:803][HID_TX]00-80-06-BE-72-50-41-0E-0A-01-E0-00-00-00-00-00-00-00-00-00-00-00-00-00-00-00-00-00-00-00-00-00-00-00-00-00-00-00-00-00-00-00-00-00-00-00-00-00-00-00-00-00-00-00-00-00-00-00-00-00-00-00-00-00-00
[15:49:47:805]HidD_GetInputReport=True
[15:49:47:805]reply_report=00-4F-00-00-00-00-00-00-00-00-00-00-00-00-00-00-00-00-00-00-00-00-00-00-00-00-00-00-00-00-00-00-00-00-00-00-00-00-00-00-00-00-00-00-00-00-00-00-00-00-00-00-00-00-00-00-00-00-00-00-00-00-00-00-00
[15:49:47:805]50-41-0E-0A-01-E0 [CMD_SENT][REMOTE_GET_MODE]
[15:49:47:807][HID_TX_ack]00-19-50-49-01-C0-8E-6B-07-00-03-00-0E-8A-00-50-49-0E-D0-00-00-00-00-02-00-E0-01-17-49-01-C0-0E-2D-00-00-03-00-11-AA-18-00-00-00-00-00-00-00-00-00-00-00-00-00-00-00-00-00-00-00-00-00-00-00-00-00
[15:49:47:807]50-49-01-C0-8E-6B-07-00-03-00-0E-8A-00
[15:49:47:807]50-49-0E-D0-00-00-00-00-02-00-E0-01-
[15:49:47:807]REMOTE_GET_MODE=01
[15:49:47:807][HID_TX]00-80-07-52-C1-50-41-06-0B-01-00-63-00-00-00-00-00-00-00-00-00-00-00-00-00-00-00-00-00-00-00-00-00-00-00-00-00-00-00-00-00-00-00-00-00-00-00-00-00-00-00-00-00-00-00-00-00-00-00-00-00-00-00-00-00
[15:49:47:809]HidD_GetInputReport=True
[15:49:47:809]reply_report=00-4F-00-00-00-00-00-00-00-00-00-00-00-00-00-00-00-00-00-00-00-00-00-00-00-00-00-00-00-00-00-00-00-00-00-00-00-00-00-00-00-00-00-00-00-00-00-00-00-00-00-00-00-00-00-00-00-00-00-00-00-00-00-00-00
[15:49:47:809]50-41-06-0B-01-00-63 [CMD_SENT][CMD_GET_IO_LEVEL]
[15:49:47:835][HID_TX_ack]00-12-50-49-01-D1-27-5F-0A-00-08-00-06-8B-00-01-FF-FF-0D-00-00-00-00-02-00-E0-01-17-49-01-C0-0E-2D-00-00-03-00-11-AA-18-00-00-00-00-00-00-00-00-00-00-00-00-00-00-00-00-00-00-00-00-00-00-00-00-00
[15:49:47:835]50-49-01-D1-27-5F-0A-00-08-00-06-8B-00-01-FF-FF-0D-00
[15:49:47:867][HID_TX_ack]00-0D-50-49-11-D2-BD-6B-07-00-03-00-20-E9-00-01-FF-FF-0D-00-00-00-00-02-00-E0-01-17-49-01-C0-0E-2D-00-00-03-00-11-AA-18-00-00-00-00-00-00-00-00-00-00-00-00-00-00-00-00-00-00-00-00-00-00-00-00-00
[15:49:47:867]50-49-11-D2-BD-6B-07-00-03-00-20-E9-00
[15:49:47:886][HID_TX_ack]00-1A-50-49-01-C0-CC-6B-07-00-03-00-11-D0-18-50-49-01-C0-CD-6B-07-00-03-00-11-D1-17-49-01-C0-0E-2D-00-00-03-00-11-AA-18-00-00-00-00-00-00-00-00-00-00-00-00-00-00-00-00-00-00-00-00-00-00-00-00-00
[15:49:47:886]50-49-01-C0-CC-6B-07-00-03-00-11-D0-18
[15:49:47:886]50-49-01-C0-CD-6B-07-00-03-00-11-D1-17
[15:49:47:888][HID_TX_ack]00-0D-50-49-11-D3-CE-6B-07-00-03-00-20-00-00-50-49-01-C0-CD-6B-07-00-03-00-11-D1-17-49-01-C0-0E-2D-00-00-03-00-11-AA-18-00-00-00-00-00-00-00-00-00-00-00-00-00-00-00-00-00-00-00-00-00-00-00-00-00
[15:49:47:888]50-49-11-D3-CE-6B-07-00-03-00-20-00-00
[15:49:48:512][HID_TX_ack]00-0D-50-49-11-D4-14-6C-07-00-03-00-20-E9-00-50-49-01-C0-CD-6B-07-00-03-00-11-D1-17-49-01-C0-0E-2D-00-00-03-00-11-AA-18-00-00-00-00-00-00-00-00-00-00-00-00-00-00-00-00-00-00-00-00-00-00-00-00-00
[15:49:48:512]50-49-11-D4-14-6C-07-00-03-00-20-E9-00
[15:49:48:512][HID_TX_ack]00-1A-50-49-01-C0-1A-6C-07-00-03-00-11-D2-18-50-49-01-C0-1B-6C-07-00-03-00-11-D3-17-49-01-C0-0E-2D-00-00-03-00-11-AA-18-00-00-00-00-00-00-00-00-00-00-00-00-00-00-00-00-00-00-00-00-00-00-00-00-00
[15:49:48:512]50-49-01-C0-1A-6C-07-00-03-00-11-D2-18
[15:49:48:512]50-49-01-C0-1B-6C-07-00-03-00-11-D3-17
[15:49:48:512][HID_TX_ack]00-0D-50-49-11-D5-1C-6C-07-00-03-00-20-00-00-50-49-01-C0-1B-6C-07-00-03-00-11-D3-17-49-01-C0-0E-2D-00-00-03-00-11-AA-18-00-00-00-00-00-00-00-00-00-00-00-00-00-00-00-00-00-00-00-00-00-00-00-00-00
[15:49:48:513]50-49-11-D5-1C-6C-07-00-03-00-20-00-00
[15:49:48:513][HID_TX_ack]00-0D-50-49-11-D6-6E-6C-07-00-03-00-20-E9-00-50-49-01-C0-1B-6C-07-00-03-00-11-D3-17-49-01-C0-0E-2D-00-00-03-00-11-AA-18-00-00-00-00-00-00-00-00-00-00-00-00-00-00-00-00-00-00-00-00-00-00-00-00-00
[15:49:48:513]50-49-11-D6-6E-6C-07-00-03-00-20-E9-00
[15:49:48:513][HID_TX_ack]00-0D-50-49-01-C0-74-6C-07-00-03-00-11-D4-18-50-49-01-C0-1B-6C-07-00-03-00-11-D3-17-49-01-C0-0E-2D-00-00-03-00-11-AA-18-00-00-00-00-00-00-00-00-00-00-00-00-00-00-00-00-00-00-00-00-00-00-00-00-00
[15:49:48:513]50-49-01-C0-74-6C-07-00-03-00-11-D4-18
[15:49:48:513][HID_TX_ack]00-0D-50-49-01-C0-76-6C-07-00-03-00-11-D5-17-50-49-01-C0-1B-6C-07-00-03-00-11-D3-17-49-01-C0-0E-2D-00-00-03-00-11-AA-18-00-00-00-00-00-00-00-00-00-00-00-00-00-00-00-00-00-00-00-00-00-00-00-00-00
[15:49:48:513]50-49-01-C0-76-6C-07-00-03-00-11-D5-17
[15:49:48:513][HID_TX_ack]00-0D-50-49-11-D7-77-6C-07-00-03-00-20-00-00-50-49-01-C0-1B-6C-07-00-03-00-11-D3-17-49-01-C0-0E-2D-00-00-03-00-11-AA-18-00-00-00-00-00-00-00-00-00-00-00-00-00-00-00-00-00-00-00-00-00-00-00-00-00
[15:49:48:513]50-49-11-D7-77-6C-07-00-03-00-20-00-00
[15:49:48:513][HID_TX_ack]00-0D-50-49-11-D8-C8-6C-07-00-03-00-20-E9-00-50-49-01-C0-1B-6C-07-00-03-00-11-D3-17-49-01-C0-0E-2D-00-00-03-00-11-AA-18-00-00-00-00-00-00-00-00-00-00-00-00-00-00-00-00-00-00-00-00-00-00-00-00-00
[15:49:48:513]50-49-11-D8-C8-6C-07-00-03-00-20-E9-00
[15:49:48:513][HID_TX_ack]00-1A-50-49-01-C0-D3-6C-07-00-03-00-11-D6-18-50-49-01-C0-D4-6C-07-00-03-00-11-D7-17-49-01-C0-0E-2D-00-00-03-00-11-AA-18-00-00-00-00-00-00-00-00-00-00-00-00-00-00-00-00-00-00-00-00-00-00-00-00-00
[15:49:48:513]50-49-01-C0-D3-6C-07-00-03-00-11-D6-18
[15:49:48:513]50-49-01-C0-D4-6C-07-00-03-00-11-D7-17
[15:49:48:513][HID_TX_ack]00-0D-50-49-11-D9-D5-6C-07-00-03-00-20-00-00-50-49-01-C0-D4-6C-07-00-03-00-11-D7-17-49-01-C0-0E-2D-00-00-03-00-11-AA-18-00-00-00-00-00-00-00-00-00-00-00-00-00-00-00-00-00-00-00-00-00-00-00-00-00
[15:49:48:513]50-49-11-D9-D5-6C-07-00-03-00-20-00-00
[15:49:48:513][HID_TX_ack]00-0D-50-49-11-DA-14-6D-07-00-03-00-20-E9-00-50-49-01-C0-D4-6C-07-00-03-00-11-D7-17-49-01-C0-0E-2D-00-00-03-00-11-AA-18-00-00-00-00-00-00-00-00-00-00-00-00-00-00-00-00-00-00-00-00-00-00-00-00-00
[15:49:48:513]50-49-11-DA-14-6D-07-00-03-00-20-E9-00
[15:49:48:513][HID_TX_ack]00-0D-50-49-01-C0-1C-6D-07-00-03-00-11-D8-18-50-49-01-C0-D4-6C-07-00-03-00-11-D7-17-49-01-C0-0E-2D-00-00-03-00-11-AA-18-00-00-00-00-00-00-00-00-00-00-00-00-00-00-00-00-00-00-00-00-00-00-00-00-00
[15:49:48:513]50-49-01-C0-1C-6D-07-00-03-00-11-D8-18
[15:49:48:513][HID_TX_ack]00-1A-50-49-01-C0-1D-6D-07-00-03-00-11-D9-17-50-49-11-DB-1F-6D-07-00-03-00-20-00-00-49-01-C0-0E-2D-00-00-03-00-11-AA-18-00-00-00-00-00-00-00-00-00-00-00-00-00-00-00-00-00-00-00-00-00-00-00-00-00
[15:49:48:513]50-49-01-C0-1D-6D-07-00-03-00-11-D9-17
[15:49:48:514]50-49-11-DB-1F-6D-07-00-03-00-20-00-00
[15:49:48:514][HID_TX_ack]00-0D-50-49-11-DC-6A-6D-07-00-03-00-20-E9-00-50-49-11-DB-1F-6D-07-00-03-00-20-00-00-49-01-C0-0E-2D-00-00-03-00-11-AA-18-00-00-00-00-00-00-00-00-00-00-00-00-00-00-00-00-00-00-00-00-00-00-00-00-00
[15:49:48:514]50-49-11-DC-6A-6D-07-00-03-00-20-E9-00
[15:49:48:514][HID_TX_ack]00-1A-50-49-01-C0-76-6D-07-00-03-00-11-DA-18-50-49-01-C0-77-6D-07-00-03-00-11-DB-17-49-01-C0-0E-2D-00-00-03-00-11-AA-18-00-00-00-00-00-00-00-00-00-00-00-00-00-00-00-00-00-00-00-00-00-00-00-00-00
[15:49:48:514]50-49-01-C0-76-6D-07-00-03-00-11-DA-18
[15:49:48:514]50-49-01-C0-77-6D-07-00-03-00-11-DB-17
[15:49:48:514][HID_TX_ack]00-0D-50-49-11-DD-78-6D-07-00-03-00-20-00-00-50-49-01-C0-77-6D-07-00-03-00-11-DB-17-49-01-C0-0E-2D-00-00-03-00-11-AA-18-00-00-00-00-00-00-00-00-00-00-00-00-00-00-00-00-00-00-00-00-00-00-00-00-00
[15:49:48:514]50-49-11-DD-78-6D-07-00-03-00-20-00-00
[15:49:48:516][HID_TX_ack]00-0D-50-49-11-DE-C4-6D-07-00-03-00-20-E9-00-50-49-01-C0-77-6D-07-00-03-00-11-DB-17-49-01-C0-0E-2D-00-00-03-00-11-AA-18-00-00-00-00-00-00-00-00-00-00-00-00-00-00-00-00-00-00-00-00-00-00-00-00-00
[15:49:48:516]50-49-11-DE-C4-6D-07-00-03-00-20-E9-00
[15:49:48:525][HID_TX_ack]00-1A-50-49-01-C0-CC-6D-07-00-03-00-11-DC-18-50-49-01-C0-CE-6D-07-00-03-00-11-DD-17-49-01-C0-0E-2D-00-00-03-00-11-AA-18-00-00-00-00-00-00-00-00-00-00-00-00-00-00-00-00-00-00-00-00-00-00-00-00-00
[15:49:48:525]50-49-01-C0-CC-6D-07-00-03-00-11-DC-18
[15:49:48:525]50-49-01-C0-CE-6D-07-00-03-00-11-DD-17
[15:49:48:528][HID_TX_ack]00-0D-50-49-11-DF-CF-6D-07-00-03-00-20-00-00-50-49-01-C0-CE-6D-07-00-03-00-11-DD-17-49-01-C0-0E-2D-00-00-03-00-11-AA-18-00-00-00-00-00-00-00-00-00-00-00-00-00-00-00-00-00-00-00-00-00-00-00-00-00
[15:49:48:528]50-49-11-DF-CF-6D-07-00-03-00-20-00-00
[15:49:48:622][HID_TX_ack]00-0D-50-49-11-E0-18-6E-07-00-03-00-20-E9-00-50-49-01-C0-CE-6D-07-00-03-00-11-DD-17-49-01-C0-0E-2D-00-00-03-00-11-AA-18-00-00-00-00-00-00-00-00-00-00-00-00-00-00-00-00-00-00-00-00-00-00-00-00-00
[15:49:48:622]50-49-11-E0-18-6E-07-00-03-00-20-E9-00
[15:49:48:626][HID_TX]00-80-06-83-02-50-41-0E-0C-01-E0-00-00-00-00-00-00-00-00-00-00-00-00-00-00-00-00-00-00-00-00-00-00-00-00-00-00-00-00-00-00-00-00-00-00-00-00-00-00-00-00-00-00-00-00-00-00-00-00-00-00-00-00-00-00
[15:49:48:627]HidD_GetInputReport=True
[15:49:48:627]reply_report=00-4F-00-00-00-00-00-00-00-00-00-00-00-00-00-00-00-00-00-00-00-00-00-00-00-00-00-00-00-00-00-00-00-00-00-00-00-00-00-00-00-00-00-00-00-00-00-00-00-00-00-00-00-00-00-00-00-00-00-00-00-00-00-00-00
[15:49:48:627]50-41-0E-0C-01-E0 [CMD_SENT][REMOTE_GET_MODE]
[15:49:48:632][HID_TX_ack]00-33-50-49-01-C0-21-6E-07-00-03-00-0E-8C-00-50-49-0E-E1-00-00-00-00-02-00-E0-01-50-49-01-C0-21-6E-07-00-03-00-11-DE-18-50-49-01-C0-22-6E-07-00-03-00-11-DF-17-00-00-00-00-00-00-00-00-00-00-00-00
[15:49:48:632]50-49-01-C0-21-6E-07-00-03-00-0E-8C-00
[15:49:48:632]50-49-0E-E1-00-00-00-00-02-00-E0-01-
[15:49:48:632]REMOTE_GET_MODE=01
[15:49:48:632]50-49-01-C0-21-6E-07-00-03-00-11-DE-18
[15:49:48:632]50-49-01-C0-22-6E-07-00-03-00-11-DF-17
[15:49:48:632][HID_TX]00-80-07-6F-B1-50-41-06-0D-01-00-63-00-00-00-00-00-00-00-00-00-00-00-00-00-00-00-00-00-00-00-00-00-00-00-00-00-00-00-00-00-00-00-00-00-00-00-00-00-00-00-00-00-00-00-00-00-00-00-00-00-00-00-00-00
[15:49:48:633]HidD_GetInputReport=True
[15:49:48:633]reply_report=00-4F-00-00-00-00-00-00-00-00-00-00-00-00-00-00-00-00-00-00-00-00-00-00-00-00-00-00-00-00-00-00-00-00-00-00-00-00-00-00-00-00-00-00-00-00-00-00-00-00-00-00-00-00-00-00-00-00-00-00-00-00-00-00-00
[15:49:48:633]50-41-06-0D-01-00-63 [CMD_SENT][CMD_GET_IO_LEVEL]
[15:49:48:635][HID_TX_ack]00-0D-50-49-11-E2-24-6E-07-00-03-00-20-00-00-50-49-0E-E1-00-00-00-00-02-00-E0-01-50-49-01-C0-21-6E-07-00-03-00-11-DE-18-50-49-01-C0-22-6E-07-00-03-00-11-DF-17-00-00-00-00-00-00-00-00-00-00-00-00
[15:49:48:635]50-49-11-E2-24-6E-07-00-03-00-20-00-00
[15:49:48:668][HID_TX_ack]00-12-50-49-01-E3-C6-61-0A-00-08-00-06-8D-00-01-FF-FF-0D-00-00-00-00-02-00-E0-01-50-49-01-C0-21-6E-07-00-03-00-11-DE-18-50-49-01-C0-22-6E-07-00-03-00-11-DF-17-00-00-00-00-00-00-00-00-00-00-00-00
[15:49:48:668]50-49-01-E3-C6-61-0A-00-08-00-06-8D-00-01-FF-FF-0D-00
[15:49:48:727][HID_TX_ack]00-0D-50-49-11-E4-6E-6E-07-00-03-00-20-E9-00-01-FF-FF-0D-00-00-00-00-02-00-E0-01-50-49-01-C0-21-6E-07-00-03-00-11-DE-18-50-49-01-C0-22-6E-07-00-03-00-11-DF-17-00-00-00-00-00-00-00-00-00-00-00-00
[15:49:48:727]50-49-11-E4-6E-6E-07-00-03-00-20-E9-00
[15:49:48:736][HID_TX_ack]00-1A-50-49-01-C0-75-6E-07-00-03-00-11-E0-18-50-49-01-C0-76-6E-07-00-03-00-11-E1-17-49-01-C0-21-6E-07-00-03-00-11-DE-18-50-49-01-C0-22-6E-07-00-03-00-11-DF-17-00-00-00-00-00-00-00-00-00-00-00-00
[15:49:48:736]50-49-01-C0-75-6E-07-00-03-00-11-E0-18
[15:49:48:736]50-49-01-C0-76-6E-07-00-03-00-11-E1-17
[15:49:48:739][HID_TX_ack]00-0D-50-49-11-E5-77-6E-07-00-03-00-20-00-00-50-49-01-C0-76-6E-07-00-03-00-11-E1-17-49-01-C0-21-6E-07-00-03-00-11-DE-18-50-49-01-C0-22-6E-07-00-03-00-11-DF-17-00-00-00-00-00-00-00-00-00-00-00-00
[15:49:48:739]50-49-11-E5-77-6E-07-00-03-00-20-00-00
[15:49:49:320][HID_TX_ack]00-0D-50-49-11-E6-BD-6E-07-00-03-00-20-E9-00-50-49-01-C0-76-6E-07-00-03-00-11-E1-17-49-01-C0-21-6E-07-00-03-00-11-DE-18-50-49-01-C0-22-6E-07-00-03-00-11-DF-17-00-00-00-00-00-00-00-00-00-00-00-00
[15:49:49:320]50-49-11-E6-BD-6E-07-00-03-00-20-E9-00
[15:49:49:321][HID_TX_ack]00-1A-50-49-01-C0-C8-6E-07-00-03-00-11-E2-18-50-49-01-C0-C9-6E-07-00-03-00-11-E3-17-49-01-C0-21-6E-07-00-03-00-11-DE-18-50-49-01-C0-22-6E-07-00-03-00-11-DF-17-00-00-00-00-00-00-00-00-00-00-00-00
[15:49:49:321]50-49-01-C0-C8-6E-07-00-03-00-11-E2-18
[15:49:49:321]50-49-01-C0-C9-6E-07-00-03-00-11-E3-17
[15:49:49:321][HID_TX_ack]00-0D-50-49-11-E7-CA-6E-07-00-03-00-20-00-00-50-49-01-C0-C9-6E-07-00-03-00-11-E3-17-49-01-C0-21-6E-07-00-03-00-11-DE-18-50-49-01-C0-22-6E-07-00-03-00-11-DF-17-00-00-00-00-00-00-00-00-00-00-00-00
[15:49:49:321]50-49-11-E7-CA-6E-07-00-03-00-20-00-00
[15:49:49:321][HID_TX_ack]00-0D-50-49-11-E8-14-6F-07-00-03-00-20-E9-00-50-49-01-C0-C9-6E-07-00-03-00-11-E3-17-49-01-C0-21-6E-07-00-03-00-11-DE-18-50-49-01-C0-22-6E-07-00-03-00-11-DF-17-00-00-00-00-00-00-00-00-00-00-00-00
[15:49:49:321]50-49-11-E8-14-6F-07-00-03-00-20-E9-00
[15:49:49:321][HID_TX_ack]00-1A-50-49-01-C0-1B-6F-07-00-03-00-11-E4-18-50-49-01-C0-1C-6F-07-00-03-00-11-E5-17-49-01-C0-21-6E-07-00-03-00-11-DE-18-50-49-01-C0-22-6E-07-00-03-00-11-DF-17-00-00-00-00-00-00-00-00-00-00-00-00
[15:49:49:321]50-49-01-C0-1B-6F-07-00-03-00-11-E4-18
[15:49:49:321]50-49-01-C0-1C-6F-07-00-03-00-11-E5-17
[15:49:49:321][HID_TX_ack]00-0D-50-49-11-E9-1D-6F-07-00-03-00-20-00-00-50-49-01-C0-1C-6F-07-00-03-00-11-E5-17-49-01-C0-21-6E-07-00-03-00-11-DE-18-50-49-01-C0-22-6E-07-00-03-00-11-DF-17-00-00-00-00-00-00-00-00-00-00-00-00
[15:49:49:321]50-49-11-E9-1D-6F-07-00-03-00-20-00-00
[15:49:49:321][HID_TX_ack]00-0D-50-49-11-EA-76-6F-07-00-03-00-20-E9-00-50-49-01-C0-1C-6F-07-00-03-00-11-E5-17-49-01-C0-21-6E-07-00-03-00-11-DE-18-50-49-01-C0-22-6E-07-00-03-00-11-DF-17-00-00-00-00-00-00-00-00-00-00-00-00
[15:49:49:321]50-49-11-EA-76-6F-07-00-03-00-20-E9-00
[15:49:49:321][HID_TX_ack]00-1A-50-49-01-C0-83-6F-07-00-03-00-11-E6-18-50-49-01-C0-84-6F-07-00-03-00-11-E7-17-49-01-C0-21-6E-07-00-03-00-11-DE-18-50-49-01-C0-22-6E-07-00-03-00-11-DF-17-00-00-00-00-00-00-00-00-00-00-00-00
[15:49:49:321]50-49-01-C0-83-6F-07-00-03-00-11-E6-18
[15:49:49:321]50-49-01-C0-84-6F-07-00-03-00-11-E7-17
[15:49:49:321][HID_TX_ack]00-0D-50-49-11-EB-86-6F-07-00-03-00-20-00-00-50-49-01-C0-84-6F-07-00-03-00-11-E7-17-49-01-C0-21-6E-07-00-03-00-11-DE-18-50-49-01-C0-22-6E-07-00-03-00-11-DF-17-00-00-00-00-00-00-00-00-00-00-00-00
[15:49:49:321]50-49-11-EB-86-6F-07-00-03-00-20-00-00
[15:49:49:322][HID_TX_ack]00-0D-50-49-11-EC-C2-6F-07-00-03-00-20-E9-00-50-49-01-C0-84-6F-07-00-03-00-11-E7-17-49-01-C0-21-6E-07-00-03-00-11-DE-18-50-49-01-C0-22-6E-07-00-03-00-11-DF-17-00-00-00-00-00-00-00-00-00-00-00-00
[15:49:49:322]50-49-11-EC-C2-6F-07-00-03-00-20-E9-00
[15:49:49:322][HID_TX_ack]00-1A-50-49-01-C0-CE-6F-07-00-03-00-11-E8-18-50-49-01-C0-CF-6F-07-00-03-00-11-E9-17-49-01-C0-21-6E-07-00-03-00-11-DE-18-50-49-01-C0-22-6E-07-00-03-00-11-DF-17-00-00-00-00-00-00-00-00-00-00-00-00
[15:49:49:322]50-49-01-C0-CE-6F-07-00-03-00-11-E8-18
[15:49:49:322]50-49-01-C0-CF-6F-07-00-03-00-11-E9-17
[15:49:49:322][HID_TX_ack]00-0D-50-49-11-ED-D0-6F-07-00-03-00-20-00-00-50-49-01-C0-CF-6F-07-00-03-00-11-E9-17-49-01-C0-21-6E-07-00-03-00-11-DE-18-50-49-01-C0-22-6E-07-00-03-00-11-DF-17-00-00-00-00-00-00-00-00-00-00-00-00
[15:49:49:322]50-49-11-ED-D0-6F-07-00-03-00-20-00-00
[15:49:49:322][HID_TX_ack]00-0D-50-49-11-EE-1E-70-07-00-03-00-20-E9-00-50-49-01-C0-CF-6F-07-00-03-00-11-E9-17-49-01-C0-21-6E-07-00-03-00-11-DE-18-50-49-01-C0-22-6E-07-00-03-00-11-DF-17-00-00-00-00-00-00-00-00-00-00-00-00
[15:49:49:322]50-49-11-EE-1E-70-07-00-03-00-20-E9-00
[15:49:49:322][HID_TX_ack]00-1A-50-49-01-C0-28-70-07-00-03-00-11-EA-18-50-49-01-C0-29-70-07-00-03-00-11-EB-17-49-01-C0-21-6E-07-00-03-00-11-DE-18-50-49-01-C0-22-6E-07-00-03-00-11-DF-17-00-00-00-00-00-00-00-00-00-00-00-00
[15:49:49:322]50-49-01-C0-28-70-07-00-03-00-11-EA-18
[15:49:49:322]50-49-01-C0-29-70-07-00-03-00-11-EB-17
[15:49:49:322][HID_TX_ack]00-0D-50-49-11-EF-2A-70-07-00-03-00-20-00-00-50-49-01-C0-29-70-07-00-03-00-11-EB-17-49-01-C0-21-6E-07-00-03-00-11-DE-18-50-49-01-C0-22-6E-07-00-03-00-11-DF-17-00-00-00-00-00-00-00-00-00-00-00-00
[15:49:49:322]50-49-11-EF-2A-70-07-00-03-00-20-00-00
[15:49:49:359][HID_TX_ack]00-0D-50-49-11-F0-67-70-07-00-03-00-20-E9-00-50-49-01-C0-29-70-07-00-03-00-11-EB-17-49-01-C0-21-6E-07-00-03-00-11-DE-18-50-49-01-C0-22-6E-07-00-03-00-11-DF-17-00-00-00-00-00-00-00-00-00-00-00-00
[15:49:49:359]50-49-11-F0-67-70-07-00-03-00-20-E9-00
[15:49:49:366][HID_TX_ack]00-0D-50-49-01-C0-6D-70-07-00-03-00-11-EC-18-50-49-01-C0-29-70-07-00-03-00-11-EB-17-49-01-C0-21-6E-07-00-03-00-11-DE-18-50-49-01-C0-22-6E-07-00-03-00-11-DF-17-00-00-00-00-00-00-00-00-00-00-00-00
[15:49:49:366]50-49-01-C0-6D-70-07-00-03-00-11-EC-18
[15:49:49:372][HID_TX_ack]00-0D-50-49-01-C0-72-70-07-00-03-00-11-ED-17-50-49-01-C0-29-70-07-00-03-00-11-EB-17-49-01-C0-21-6E-07-00-03-00-11-DE-18-50-49-01-C0-22-6E-07-00-03-00-11-DF-17-00-00-00-00-00-00-00-00-00-00-00-00
[15:49:49:372]50-49-01-C0-72-70-07-00-03-00-11-ED-17
[15:49:49:375][HID_TX_ack]00-0D-50-49-11-F1-74-70-07-00-03-00-20-00-00-50-49-01-C0-29-70-07-00-03-00-11-EB-17-49-01-C0-21-6E-07-00-03-00-11-DE-18-50-49-01-C0-22-6E-07-00-03-00-11-DF-17-00-00-00-00-00-00-00-00-00-00-00-00
[15:49:49:375]50-49-11-F1-74-70-07-00-03-00-20-00-00
[15:49:49:422][HID_TX]00-80-06-68-2D-50-41-0E-0E-01-E0-00-00-00-00-00-00-00-00-00-00-00-00-00-00-00-00-00-00-00-00-00-00-00-00-00-00-00-00-00-00-00-00-00-00-00-00-00-00-00-00-00-00-00-00-00-00-00-00-00-00-00-00-00-00
[15:49:49:423]HidD_GetInputReport=True
[15:49:49:423]reply_report=00-4F-00-00-00-00-00-00-00-00-00-00-00-00-00-00-00-00-00-00-00-00-00-00-00-00-00-00-00-00-00-00-00-00-00-00-00-00-00-00-00-00-00-00-00-00-00-00-00-00-00-00-00-00-00-00-00-00-00-00-00-00-00-00-00
[15:49:49:423]50-41-0E-0E-01-E0 [CMD_SENT][REMOTE_GET_MODE]
[15:49:49:427][HID_TX_ack]00-19-50-49-01-C0-9E-70-07-00-03-00-0E-8E-00-50-49-0E-F2-00-00-00-00-02-00-E0-01-17-49-01-C0-21-6E-07-00-03-00-11-DE-18-50-49-01-C0-22-6E-07-00-03-00-11-DF-17-00-00-00-00-00-00-00-00-00-00-00-00
[15:49:49:427]50-49-01-C0-9E-70-07-00-03-00-0E-8E-00
[15:49:49:427]50-49-0E-F2-00-00-00-00-02-00-E0-01-
[15:49:49:427]REMOTE_GET_MODE=01
[15:49:49:427][HID_TX]00-80-07-84-9E-50-41-06-0F-01-00-63-00-00-00-00-00-00-00-00-00-00-00-00-00-00-00-00-00-00-00-00-00-00-00-00-00-00-00-00-00-00-00-00-00-00-00-00-00-00-00-00-00-00-00-00-00-00-00-00-00-00-00-00-00
[15:49:49:428]HidD_GetInputReport=True
[15:49:49:428]reply_report=00-4F-00-00-00-00-00-00-00-00-00-00-00-00-00-00-00-00-00-00-00-00-00-00-00-00-00-00-00-00-00-00-00-00-00-00-00-00-00-00-00-00-00-00-00-00-00-00-00-00-00-00-00-00-00-00-00-00-00-00-00-00-00-00-00
[15:49:49:428]50-41-06-0F-01-00-63 [CMD_SENT][CMD_GET_IO_LEVEL]
[15:49:49:462][HID_TX_ack]00-12-50-49-01-F3-47-64-0A-00-08-00-06-8F-00-01-FF-FF-0D-00-00-00-00-02-00-E0-01-17-49-01-C0-21-6E-07-00-03-00-11-DE-18-50-49-01-C0-22-6E-07-00-03-00-11-DF-17-00-00-00-00-00-00-00-00-00-00-00-00
[15:49:49:462]50-49-01-F3-47-64-0A-00-08-00-06-8F-00-01-FF-FF-0D-00
[15:49:49:466][HID_TX_ack]00-0D-50-49-11-F4-BC-70-07-00-03-00-20-E9-00-01-FF-FF-0D-00-00-00-00-02-00-E0-01-17-49-01-C0-21-6E-07-00-03-00-11-DE-18-50-49-01-C0-22-6E-07-00-03-00-11-DF-17-00-00-00-00-00-00-00-00-00-00-00-00
[15:49:49:466]50-49-11-F4-BC-70-07-00-03-00-20-E9-00
[15:49:49:480][HID_TX_ack]00-1A-50-49-01-C0-C8-70-07-00-03-00-11-EE-18-50-49-01-C0-C9-70-07-00-03-00-11-EF-17-49-01-C0-21-6E-07-00-03-00-11-DE-18-50-49-01-C0-22-6E-07-00-03-00-11-DF-17-00-00-00-00-00-00-00-00-00-00-00-00
[15:49:49:480]50-49-01-C0-C8-70-07-00-03-00-11-EE-18
[15:49:49:480]50-49-01-C0-C9-70-07-00-03-00-11-EF-17
[15:49:49:483][HID_TX_ack]00-0D-50-49-11-F5-CA-70-07-00-03-00-20-00-00-50-49-01-C0-C9-70-07-00-03-00-11-EF-17-49-01-C0-21-6E-07-00-03-00-11-DE-18-50-49-01-C0-22-6E-07-00-03-00-11-DF-17-00-00-00-00-00-00-00-00-00-00-00-00
[15:49:49:483]50-49-11-F5-CA-70-07-00-03-00-20-00-00
[15:49:50:522][HID_TX_ack]00-0D-50-49-11-F6-1A-71-07-00-03-00-20-E9-00-50-49-01-C0-C9-70-07-00-03-00-11-EF-17-49-01-C0-21-6E-07-00-03-00-11-DE-18-50-49-01-C0-22-6E-07-00-03-00-11-DF-17-00-00-00-00-00-00-00-00-00-00-00-00
[15:49:50:522]50-49-11-F6-1A-71-07-00-03-00-20-E9-00
[15:49:50:522][HID_TX_ack]00-1A-50-49-01-C0-21-71-07-00-03-00-11-F0-18-50-49-01-C0-22-71-07-00-03-00-11-F1-17-49-01-C0-21-6E-07-00-03-00-11-DE-18-50-49-01-C0-22-6E-07-00-03-00-11-DF-17-00-00-00-00-00-00-00-00-00-00-00-00
[15:49:50:522]50-49-01-C0-21-71-07-00-03-00-11-F0-18
[15:49:50:918]50-49-01-C0-22-71-07-00-03-00-11-F1-17
[15:49:50:920][HID_TX_ack]00-0D-50-49-11-F7-23-71-07-00-03-00-20-00-00-50-49-01-C0-22-71-07-00-03-00-11-F1-17-49-01-C0-21-6E-07-00-03-00-11-DE-18-50-49-01-C0-22-6E-07-00-03-00-11-DF-17-00-00-00-00-00-00-00-00-00-00-00-00
[15:49:50:920]50-49-11-F7-23-71-07-00-03-00-20-00-00
[15:49:50:920][HID_TX_ack]00-0D-50-49-11-F8-68-71-07-00-03-00-20-E9-00-50-49-01-C0-22-71-07-00-03-00-11-F1-17-49-01-C0-21-6E-07-00-03-00-11-DE-18-50-49-01-C0-22-6E-07-00-03-00-11-DF-17-00-00-00-00-00-00-00-00-00-00-00-00
[15:49:50:923]50-49-11-F8-68-71-07-00-03-00-20-E9-00
[15:49:50:923][HID_TX_ack]00-0D-50-49-01-C0-6E-71-07-00-03-00-11-F2-18-50-49-01-C0-22-71-07-00-03-00-11-F1-17-49-01-C0-21-6E-07-00-03-00-11-DE-18-50-49-01-C0-22-6E-07-00-03-00-11-DF-17-00-00-00-00-00-00-00-00-00-00-00-00
[15:49:50:923]50-49-01-C0-6E-71-07-00-03-00-11-F2-18
[15:49:50:923][HID_TX_ack]00-1A-50-49-01-C0-70-71-07-00-03-00-11-F3-17-50-49-11-F9-71-71-07-00-03-00-20-00-00-49-01-C0-21-6E-07-00-03-00-11-DE-18-50-49-01-C0-22-6E-07-00-03-00-11-DF-17-00-00-00-00-00-00-00-00-00-00-00-00
[15:49:50:923]50-49-01-C0-70-71-07-00-03-00-11-F3-17
[15:49:50:923]50-49-11-F9-71-71-07-00-03-00-20-00-00
[15:49:51:602][HID_TX]00-80-06-80-8D-50-41-0E-10-01-E0-00-00-00-00-00-00-00-00-00-00-00-00-00-00-00-00-00-00-00-00-00-00-00-00-00-00-00-00-00-00-00-00-00-00-00-00-00-00-00-00-00-00-00-00-00-00-00-00-00-00-00-00-00-00
[15:49:51:604]HidD_GetInputReport=True
[15:49:51:604]reply_report=00-4F-00-00-00-00-00-00-00-00-00-00-00-00-00-00-00-00-00-00-00-00-00-00-00-00-00-00-00-00-00-00-00-00-00-00-00-00-00-00-00-00-00-00-00-00-00-00-00-00-00-00-00-00-00-00-00-00-00-00-00-00-00-00-00
[15:49:51:604]50-41-0E-10-01-E0 [CMD_SENT][REMOTE_GET_MODE]
[15:49:51:606][HID_TX_ack]00-19-50-49-01-C0-6E-77-07-00-03-00-0E-90-00-50-49-0E-FA-00-00-00-00-02-00-E0-01-00-49-01-C0-21-6E-07-00-03-00-11-DE-18-50-49-01-C0-22-6E-07-00-03-00-11-DF-17-00-00-00-00-00-00-00-00-00-00-00-00
[15:49:51:606]50-49-01-C0-6E-77-07-00-03-00-0E-90-00
[15:49:51:606]50-49-0E-FA-00-00-00-00-02-00-E0-01-
[15:49:51:607]REMOTE_GET_MODE=01
[15:49:51:607][HID_TX]00-80-07-6C-3E-50-41-06-11-01-00-63-00-00-00-00-00-00-00-00-00-00-00-00-00-00-00-00-00-00-00-00-00-00-00-00-00-00-00-00-00-00-00-00-00-00-00-00-00-00-00-00-00-00-00-00-00-00-00-00-00-00-00-00-00
[15:49:51:608]HidD_GetInputReport=True
[15:49:51:608]reply_report=00-4F-00-00-00-00-00-00-00-00-00-00-00-00-00-00-00-00-00-00-00-00-00-00-00-00-00-00-00-00-00-00-00-00-00-00-00-00-00-00-00-00-00-00-00-00-00-00-00-00-00-00-00-00-00-00-00-00-00-00-00-00-00-00-00
[15:49:51:608]50-41-06-11-01-00-63 [CMD_SENT][CMD_GET_IO_LEVEL]
[15:49:51:625][HID_TX_ack]00-12-50-49-01-FB-09-6B-0A-00-08-00-06-91-00-01-FF-FF-0F-00-00-00-00-02-00-E0-01-00-49-01-C0-21-6E-07-00-03-00-11-DE-18-50-49-01-C0-22-6E-07-00-03-00-11-DF-17-00-00-00-00-00-00-00-00-00-00-00-00
[15:49:51:625]50-49-01-FB-09-6B-0A-00-08-00-06-91-00-01-FF-FF-0F-00
[15:50:01:823][HID_TX_ack]00-0D-50-49-11-FC-44-8F-07-00-03-00-20-E9-00-01-FF-FF-0F-00-00-00-00-02-00-E0-01-00-49-01-C0-21-6E-07-00-03-00-11-DE-18-50-49-01-C0-22-6E-07-00-03-00-11-DF-17-00-00-00-00-00-00-00-00-00-00-00-00
[15:50:01:823]50-49-11-FC-44-8F-07-00-03-00-20-E9-00
[15:50:01:824][HID_TX_ack]00-1A-50-49-01-C0-4D-8F-07-00-03-00-11-F4-18-50-49-01-C0-4E-8F-07-00-03-00-11-F5-17-49-01-C0-21-6E-07-00-03-00-11-DE-18-50-49-01-C0-22-6E-07-00-03-00-11-DF-17-00-00-00-00-00-00-00-00-00-00-00-00
[15:50:01:824]50-49-01-C0-4D-8F-07-00-03-00-11-F4-18
[15:50:01:824]50-49-01-C0-4E-8F-07-00-03-00-11-F5-17
[15:50:01:825][HID_TX_ack]00-0D-50-49-11-FD-4F-8F-07-00-03-00-20-00-00-50-49-01-C0-4E-8F-07-00-03-00-11-F5-17-49-01-C0-21-6E-07-00-03-00-11-DE-18-50-49-01-C0-22-6E-07-00-03-00-11-DF-17-00-00-00-00-00-00-00-00-00-00-00-00
[15:50:01:825]50-49-11-FD-4F-8F-07-00-03-00-20-00-00
[15:50:01:826][HID_TX_ack]00-0D-50-49-01-C0-5D-8F-07-00-03-00-11-F6-16-50-49-01-C0-4E-8F-07-00-03-00-11-F5-17-49-01-C0-21-6E-07-00-03-00-11-DE-18-50-49-01-C0-22-6E-07-00-03-00-11-DF-17-00-00-00-00-00-00-00-00-00-00-00-00
[15:50:01:826]50-49-01-C0-5D-8F-07-00-03-00-11-F6-16
[15:50:01:827][HID_TX_ack]00-0D-50-49-11-FE-9E-8F-07-00-03-00-20-E9-00-50-49-01-C0-4E-8F-07-00-03-00-11-F5-17-49-01-C0-21-6E-07-00-03-00-11-DE-18-50-49-01-C0-22-6E-07-00-03-00-11-DF-17-00-00-00-00-00-00-00-00-00-00-00-00
[15:50:01:827]50-49-11-FE-9E-8F-07-00-03-00-20-E9-00
[15:50:01:827][HID_TX_ack]00-1A-50-49-01-C0-A8-8F-07-00-03-00-11-F7-18-50-49-01-C0-A9-8F-07-00-03-00-11-F8-17-49-01-C0-21-6E-07-00-03-00-11-DE-18-50-49-01-C0-22-6E-07-00-03-00-11-DF-17-00-00-00-00-00-00-00-00-00-00-00-00
[15:50:01:827]50-49-01-C0-A8-8F-07-00-03-00-11-F7-18
[15:50:01:827]50-49-01-C0-A9-8F-07-00-03-00-11-F8-17
[15:50:01:827][HID_TX_ack]00-0D-50-49-11-FF-AB-8F-07-00-03-00-20-00-00-50-49-01-C0-A9-8F-07-00-03-00-11-F8-17-49-01-C0-21-6E-07-00-03-00-11-DE-18-50-49-01-C0-22-6E-07-00-03-00-11-DF-17-00-00-00-00-00-00-00-00-00-00-00-00
[15:50:01:827]50-49-11-FF-AB-8F-07-00-03-00-20-00-00
[15:50:01:828][HID_TX_ack]00-0D-50-49-11-C0-FA-8F-07-00-03-00-20-E9-00-50-49-01-C0-A9-8F-07-00-03-00-11-F8-17-49-01-C0-21-6E-07-00-03-00-11-DE-18-50-49-01-C0-22-6E-07-00-03-00-11-DF-17-00-00-00-00-00-00-00-00-00-00-00-00
[15:50:01:828]50-49-11-C0-FA-8F-07-00-03-00-20-E9-00
[15:50:01:828][HID_TX_ack]00-1A-50-49-01-C0-02-90-07-00-03-00-11-F9-18-50-49-01-C0-03-90-07-00-03-00-11-FA-17-49-01-C0-21-6E-07-00-03-00-11-DE-18-50-49-01-C0-22-6E-07-00-03-00-11-DF-17-00-00-00-00-00-00-00-00-00-00-00-00
[15:50:01:828]50-49-01-C0-02-90-07-00-03-00-11-F9-18
[15:50:01:828]50-49-01-C0-03-90-07-00-03-00-11-FA-17
[15:50:01:829][HID_TX_ack]00-0D-50-49-11-C1-04-90-07-00-03-00-20-00-00-50-49-01-C0-03-90-07-00-03-00-11-FA-17-49-01-C0-21-6E-07-00-03-00-11-DE-18-50-49-01-C0-22-6E-07-00-03-00-11-DF-17-00-00-00-00-00-00-00-00-00-00-00-00
[15:50:01:829]50-49-11-C1-04-90-07-00-03-00-20-00-00
[15:50:01:829][HID_TX_ack]00-0D-50-49-11-C2-40-90-07-00-03-00-20-E9-00-50-49-01-C0-03-90-07-00-03-00-11-FA-17-49-01-C0-21-6E-07-00-03-00-11-DE-18-50-49-01-C0-22-6E-07-00-03-00-11-DF-17-00-00-00-00-00-00-00-00-00-00-00-00
[15:50:01:829]50-49-11-C2-40-90-07-00-03-00-20-E9-00
[15:50:01:832][HID_TX]00-80-06-6B-A2-50-41-0E-12-01-E0-00-00-00-00-00-00-00-00-00-00-00-00-00-00-00-00-00-00-00-00-00-00-00-00-00-00-00-00-00-00-00-00-00-00-00-00-00-00-00-00-00-00-00-00-00-00-00-00-00-00-00-00-00-00
[15:50:01:833][HID_TX_ack]00-1A-50-49-01-C0-48-90-07-00-03-00-11-FB-18-50-49-01-C0-49-90-07-00-03-00-11-FC-17-49-01-C0-21-6E-07-00-03-00-11-DE-18-50-49-01-C0-22-6E-07-00-03-00-11-DF-17-00-00-00-00-00-00-00-00-00-00-00-00
[15:50:01:833]50-49-01-C0-48-90-07-00-03-00-11-FB-18
[15:50:01:833]50-49-01-C0-49-90-07-00-03-00-11-FC-17
[15:50:01:833]HidD_GetInputReport=True
[15:50:01:833]reply_report=00-4F-00-00-00-00-00-00-00-00-00-00-00-00-00-00-00-00-00-00-00-00-00-00-00-00-00-00-00-00-00-00-00-00-00-00-00-00-00-00-00-00-00-00-00-00-00-00-00-00-00-00-00-00-00-00-00-00-00-00-00-00-00-00-00
[15:50:01:833]50-41-0E-12-01-E0 [CMD_SENT][REMOTE_GET_MODE]
[15:50:01:833][HID_TX_ack]00-0D-50-49-11-C3-4A-90-07-00-03-00-20-00-00-50-49-01-C0-49-90-07-00-03-00-11-FC-17-49-01-C0-21-6E-07-00-03-00-11-DE-18-50-49-01-C0-22-6E-07-00-03-00-11-DF-17-00-00-00-00-00-00-00-00-00-00-00-00
[15:50:01:833]50-49-11-C3-4A-90-07-00-03-00-20-00-00
[15:50:01:834][HID_TX_ack]00-0D-50-49-11-C4-9A-90-07-00-03-00-20-E9-00-50-49-01-C0-49-90-07-00-03-00-11-FC-17-49-01-C0-21-6E-07-00-03-00-11-DE-18-50-49-01-C0-22-6E-07-00-03-00-11-DF-17-00-00-00-00-00-00-00-00-00-00-00-00
[15:50:01:834]50-49-11-C4-9A-90-07-00-03-00-20-E9-00
[15:50:01:834][HID_TX_ack]00-1A-50-49-01-C0-A2-90-07-00-03-00-11-FD-18-50-49-01-C0-A3-90-07-00-03-00-11-FE-17-49-01-C0-21-6E-07-00-03-00-11-DE-18-50-49-01-C0-22-6E-07-00-03-00-11-DF-17-00-00-00-00-00-00-00-00-00-00-00-00
[15:50:01:834]50-49-01-C0-A2-90-07-00-03-00-11-FD-18
[15:50:01:834]50-49-01-C0-A3-90-07-00-03-00-11-FE-17
[15:50:01:834][HID_TX_ack]00-0D-50-49-11-C5-A4-90-07-00-03-00-20-00-00-50-49-01-C0-A3-90-07-00-03-00-11-FE-17-49-01-C0-21-6E-07-00-03-00-11-DE-18-50-49-01-C0-22-6E-07-00-03-00-11-DF-17-00-00-00-00-00-00-00-00-00-00-00-00
[15:50:01:834]50-49-11-C5-A4-90-07-00-03-00-20-00-00
[15:50:01:834][HID_TX_ack]00-0D-50-49-11-C6-E8-90-07-00-03-00-20-E9-00-50-49-01-C0-A3-90-07-00-03-00-11-FE-17-49-01-C0-21-6E-07-00-03-00-11-DE-18-50-49-01-C0-22-6E-07-00-03-00-11-DF-17-00-00-00-00-00-00-00-00-00-00-00-00
[15:50:01:834]50-49-11-C6-E8-90-07-00-03-00-20-E9-00
[15:50:01:834][HID_TX_ack]00-1A-50-49-01-C0-F0-90-07-00-03-00-11-FF-18-50-49-01-C0-F1-90-07-00-03-00-11-80-17-49-01-C0-21-6E-07-00-03-00-11-DE-18-50-49-01-C0-22-6E-07-00-03-00-11-DF-17-00-00-00-00-00-00-00-00-00-00-00-00
[15:50:01:834]50-49-01-C0-F0-90-07-00-03-00-11-FF-18
[15:50:01:834]50-49-01-C0-F1-90-07-00-03-00-11-80-17
[15:50:01:834][HID_TX_ack]00-0D-50-49-11-C7-F2-90-07-00-03-00-20-00-00-50-49-01-C0-F1-90-07-00-03-00-11-80-17-49-01-C0-21-6E-07-00-03-00-11-DE-18-50-49-01-C0-22-6E-07-00-03-00-11-DF-17-00-00-00-00-00-00-00-00-00-00-00-00
[15:50:01:835]50-49-11-C7-F2-90-07-00-03-00-20-00-00
[15:50:01:836][HID_TX_ack]00-19-50-49-01-C0-65-97-07-00-03-00-0E-92-00-50-49-0E-C8-00-00-00-00-02-00-E0-01-17-49-01-C0-21-6E-07-00-03-00-11-DE-18-50-49-01-C0-22-6E-07-00-03-00-11-DF-17-00-00-00-00-00-00-00-00-00-00-00-00
[15:50:01:836]50-49-01-C0-65-97-07-00-03-00-0E-92-00
[15:50:01:836]50-49-0E-C8-00-00-00-00-02-00-E0-01-
[15:50:01:836]REMOTE_GET_MODE=01
[15:50:01:836][HID_TX]00-80-07-87-11-50-41-06-13-01-00-63-00-00-00-00-00-00-00-00-00-00-00-00-00-00-00-00-00-00-00-00-00-00-00-00-00-00-00-00-00-00-00-00-00-00-00-00-00-00-00-00-00-00-00-00-00-00-00-00-00-00-00-00-00
[15:50:01:837]HidD_GetInputReport=True
[15:50:01:837]reply_report=00-4F-00-00-00-00-00-00-00-00-00-00-00-00-00-00-00-00-00-00-00-00-00-00-00-00-00-00-00-00-00-00-00-00-00-00-00-00-00-00-00-00-00-00-00-00-00-00-00-00-00-00-00-00-00-00-00-00-00-00-00-00-00-00-00
[15:50:01:837]50-41-06-13-01-00-63 [CMD_SENT][CMD_GET_IO_LEVEL]
[15:50:01:871][HID_TX_ack]00-12-50-49-01-C9-00-8B-0A-00-08-00-06-93-00-01-FF-FF-0F-00-00-00-00-02-00-E0-01-17-49-01-C0-21-6E-07-00-03-00-11-DE-18-50-49-01-C0-22-6E-07-00-03-00-11-DF-17-00-00-00-00-00-00-00-00-00-00-00-00
[15:50:01:871]50-49-01-C9-00-8B-0A-00-08-00-06-93-00-01-FF-FF-0F-00
