[15:34:36:463]\\?\hid#dell09c2&col02#5&bc4dc33&0&0001#{4d1e55b2-f16f-11cf-88cb-001111000030}
[15:34:36:463]\\?\hid#dell09c2&col03#5&bc4dc33&0&0002#{4d1e55b2-f16f-11cf-88cb-001111000030}
[15:34:36:463]\\?\hid#intc816&col01#3&207f9b7f&0&0000#{4d1e55b2-f16f-11cf-88cb-001111000030}
[15:34:36:463]\\?\hid#intc816&col02#3&207f9b7f&0&0001#{4d1e55b2-f16f-11cf-88cb-001111000030}
[15:34:36:463]\\?\hid#converteddevice&col02#5&17bac0a6&0&0001#{4d1e55b2-f16f-11cf-88cb-001111000030}
[15:34:36:463]\\?\hid#converteddevice&col03#5&17bac0a6&0&0002#{4d1e55b2-f16f-11cf-88cb-001111000030}
[15:34:36:463]\\?\hid#dell09c2&col04#5&bc4dc33&0&0003#{4d1e55b2-f16f-11cf-88cb-001111000030}
[15:34:36:463]\\?\hid#{00001812-0000-1000-8000-00805f9b34fb}_dev_vid&0232c2_pid&0001_rev&0068_ccb624cd66b1#9&326e3aae&0&0000#{4d1e55b2-f16f-11cf-88cb-001111000030}
[15:34:36:464]\\?\hid#dell09c2&col05#5&bc4dc33&0&0004#{4d1e55b2-f16f-11cf-88cb-001111000030}
[15:34:36:464]\\?\hid#converteddevice&col01#5&17bac0a6&0&0000#{4d1e55b2-f16f-11cf-88cb-001111000030}\kbd
[15:34:36:464]\\?\hid#dell09c2&col01#5&bc4dc33&0&0000#{4d1e55b2-f16f-11cf-88cb-001111000030}
[15:34:36:464]\\?\hid#vid_046d&pid_0adf&mi_00#7&3ad8dff3&0&0000#{4d1e55b2-f16f-11cf-88cb-001111000030}
[15:34:36:464]\\?\hid#vid_046d&pid_0adf&mi_04#7&18e94d0e&0&0000#{4d1e55b2-f16f-11cf-88cb-001111000030}
[15:34:36:466]try_path=\\?\hid#vid_046d&pid_0adf&mi_00#7&3ad8dff3&0&0000#{4d1e55b2-f16f-11cf-88cb-001111000030}
[15:34:36:467]	InputReportByteLength=65
[15:34:36:467]	OutputReportByteLength=65
[15:34:36:468]HID_Connected=\\?\hid#vid_046d&pid_0adf&mi_00#7&3ad8dff3&0&0000#{4d1e55b2-f16f-11cf-88cb-001111000030}
[15:34:36:469][HID_TX]00-84-01-D1-55-01-00-00-00-00-00-00-00-00-00-00-00-00-00-00-00-00-00-00-00-00-00-00-00-00-00-00-00-00-00-00-00-00-00-00-00-00-00-00-00-00-00-00-00-00-00-00-00-00-00-00-00-00-00-00-00-00-00-00-00
[15:34:36:471]HidD_GetInputReport=True
[15:34:36:471]reply_report=00-4F-56-31-2E-38-2E-35-2E-31-00-00-00-00-00-00-00-00-00-00-00-00-00-00-00-00-00-00-00-00-00-00-00-00-00-00-00-00-00-00-00-00-00-00-00-00-00-00-00-00-00-00-00-00-00-00-00-00-00-00-00-00-00-00-00
[15:34:36:471][ys_tech] fw_version=V1.8.5.1
[15:34:36:471]ystech_Power_Saving, is_EnablePowerSaving=False
[15:34:36:471][HID_TX]00-85-01-83-8B-01-00-00-00-00-00-00-00-00-00-00-00-00-00-00-00-00-00-00-00-00-00-00-00-00-00-00-00-00-00-00-00-00-00-00-00-00-00-00-00-00-00-00-00-00-00-00-00-00-00-00-00-00-00-00-00-00-00-00-00
[15:34:36:472]HidD_GetInputReport=True
[15:34:36:472]reply_report=00-4F-00-00-00-00-00-00-00-00-00-00-00-00-00-00-00-00-00-00-00-00-00-00-00-00-00-00-00-00-00-00-00-00-00-00-00-00-00-00-00-00-00-00-00-00-00-00-00-00-00-00-00-00-00-00-00-00-00-00-00-00-00-00-00
[15:34:36:472]HID_CMD_POWER_SAVING_Disable
[15:34:36:472]path_connected=\\?\hid#vid_046d&pid_0adf&mi_00#7&3ad8dff3&0&0000#{4d1e55b2-f16f-11cf-88cb-001111000030}
[15:34:40:355][HID_TX]00-80-06-1C-7D-50-41-0E-01-01-E0-00-00-00-00-00-00-00-00-00-00-00-00-00-00-00-00-00-00-00-00-00-00-00-00-00-00-00-00-00-00-00-00-00-00-00-00-00-00-00-00-00-00-00-00-00-00-00-00-00-00-00-00-00-00
[15:34:40:357]HidD_GetInputReport=True
[15:34:40:357]reply_report=00-4F-00-00-00-00-00-00-00-00-00-00-00-00-00-00-00-00-00-00-00-00-00-00-00-00-00-00-00-00-00-00-00-00-00-00-00-00-00-00-00-00-00-00-00-00-00-00-00-00-00-00-00-00-00-00-00-00-00-00-00-00-00-00-00
[15:34:40:357]50-41-0E-01-01-E0 [CMD_SENT][REMOTE_GET_MODE]
[15:34:40:362][HID_TX_ack]00-19-50-49-01-C0-C9-92-00-00-03-00-0E-81-00-50-49-0E-C8-00-00-00-00-02-00-E0-00-E2-00-00-00-00-00-00-00-00-00-00-00-00-00-00-00-00-00-00-00-00-00-00-00-00-00-00-00-00-00-00-00-00-00-00-00-00-00
[15:34:40:367]REMOTE_GET_MODE=00
[15:34:40:367]50-49-01-C0-C9-92-00-00-03-00-0E-81-00
[15:34:40:367]50-49-0E-C8-00-00-00-00-02-00-E0-00-
[15:34:40:367][HID_TX]00-80-07-1B-E1-50-41-06-02-01-00-63-00-00-00-00-00-00-00-00-00-00-00-00-00-00-00-00-00-00-00-00-00-00-00-00-00-00-00-00-00-00-00-00-00-00-00-00-00-00-00-00-00-00-00-00-00-00-00-00-00-00-00-00-00
[15:34:40:369]HidD_GetInputReport=True
[15:34:40:369]reply_report=00-4F-00-00-00-00-00-00-00-00-00-00-00-00-00-00-00-00-00-00-00-00-00-00-00-00-00-00-00-00-00-00-00-00-00-00-00-00-00-00-00-00-00-00-00-00-00-00-00-00-00-00-00-00-00-00-00-00-00-00-00-00-00-00-00
[15:34:40:369]50-41-06-02-01-00-63 [CMD_SENT][CMD_GET_IO_LEVEL]
[15:34:40:371][HID_TX_ack]00-12-50-49-01-C0-CD-92-00-00-08-00-06-82-00-01-D8-FF-1F-00-00-00-00-02-00-E0-00-E2-00-00-00-00-00-00-00-00-00-00-00-00-00-00-00-00-00-00-00-00-00-00-00-00-00-00-00-00-00-00-00-00-00-00-00-00-00
[15:34:40:371]50-49-01-C0-CD-92-00-00-08-00-06-82-00-01-D8-FF-1F-00
[15:35:03:817][HID_TX]00-80-06-F7-52-50-41-0E-03-01-E0-00-00-00-00-00-00-00-00-00-00-00-00-00-00-00-00-00-00-00-00-00-00-00-00-00-00-00-00-00-00-00-00-00-00-00-00-00-00-00-00-00-00-00-00-00-00-00-00-00-00-00-00-00-00
[15:35:03:819]HidD_GetInputReport=True
[15:35:03:819]reply_report=00-4F-00-00-00-00-00-00-00-00-00-00-00-00-00-00-00-00-00-00-00-00-00-00-00-00-00-00-00-00-00-00-00-00-00-00-00-00-00-00-00-00-00-00-00-00-00-00-00-00-00-00-00-00-00-00-00-00-00-00-00-00-00-00-00
[15:35:03:819]50-41-0E-03-01-E0 [CMD_SENT][REMOTE_GET_MODE]
[15:35:03:822][HID_TX_ack]00-19-50-49-01-C0-CD-DB-00-00-03-00-0E-83-00-50-49-0E-C9-00-00-00-00-02-00-E0-00-E2-00-00-00-00-00-00-00-00-00-00-00-00-00-00-00-00-00-00-00-00-00-00-00-00-00-00-00-00-00-00-00-00-00-00-00-00-00
[15:35:03:822]50-49-01-C0-CD-DB-00-00-03-00-0E-83-00
[15:35:03:822]50-49-0E-C9-00-00-00-00-02-00-E0-00-
[15:35:03:822]REMOTE_GET_MODE=00
[15:35:03:822][HID_TX]00-80-07-26-91-50-41-06-04-01-00-63-00-00-00-00-00-00-00-00-00-00-00-00-00-00-00-00-00-00-00-00-00-00-00-00-00-00-00-00-00-00-00-00-00-00-00-00-00-00-00-00-00-00-00-00-00-00-00-00-00-00-00-00-00
[15:35:03:823]HidD_GetInputReport=True
[15:35:03:823]reply_report=00-4F-00-00-00-00-00-00-00-00-00-00-00-00-00-00-00-00-00-00-00-00-00-00-00-00-00-00-00-00-00-00-00-00-00-00-00-00-00-00-00-00-00-00-00-00-00-00-00-00-00-00-00-00-00-00-00-00-00-00-00-00-00-00-00
[15:35:03:823]50-41-06-04-01-00-63 [CMD_SENT][CMD_GET_IO_LEVEL]
[15:35:03:826][HID_TX_ack]00-12-50-49-01-C0-CD-DB-00-00-08-00-06-84-00-01-D8-FF-1F-00-00-00-00-02-00-E0-00-E2-00-00-00-00-00-00-00-00-00-00-00-00-00-00-00-00-00-00-00-00-00-00-00-00-00-00-00-00-00-00-00-00-00-00-00-00-00
[15:35:03:826]50-49-01-C0-CD-DB-00-00-08-00-06-84-00-01-D8-FF-1F-00
[15:35:18:384][HID_TX]00-80-06-CA-22-50-41-0E-05-01-E0-00-00-00-00-00-00-00-00-00-00-00-00-00-00-00-00-00-00-00-00-00-00-00-00-00-00-00-00-00-00-00-00-00-00-00-00-00-00-00-00-00-00-00-00-00-00-00-00-00-00-00-00-00-00
[15:35:18:385]HidD_GetInputReport=True
[15:35:18:385]reply_report=00-4F-00-00-00-00-00-00-00-00-00-00-00-00-00-00-00-00-00-00-00-00-00-00-00-00-00-00-00-00-00-00-00-00-00-00-00-00-00-00-00-00-00-00-00-00-00-00-00-00-00-00-00-00-00-00-00-00-00-00-00-00-00-00-00
[15:35:18:385]50-41-0E-05-01-E0 [CMD_SENT][REMOTE_GET_MODE]
[15:35:18:388][HID_TX_ack]00-19-50-49-01-C0-A0-09-01-00-03-00-0E-85-00-50-49-0E-CA-00-00-00-00-02-00-E0-00-E2-00-00-00-00-00-00-00-00-00-00-00-00-00-00-00-00-00-00-00-00-00-00-00-00-00-00-00-00-00-00-00-00-00-00-00-00-00
[15:35:18:388]50-49-01-C0-A0-09-01-00-03-00-0E-85-00
[15:35:18:388]50-49-0E-CA-00-00-00-00-02-00-E0-00-
[15:35:18:388]REMOTE_GET_MODE=00
[15:35:18:388][HID_TX]00-80-07-CD-BE-50-41-06-06-01-00-63-00-00-00-00-00-00-00-00-00-00-00-00-00-00-00-00-00-00-00-00-00-00-00-00-00-00-00-00-00-00-00-00-00-00-00-00-00-00-00-00-00-00-00-00-00-00-00-00-00-00-00-00-00
[15:35:18:389]HidD_GetInputReport=True
[15:35:18:389]reply_report=00-4F-00-00-00-00-00-00-00-00-00-00-00-00-00-00-00-00-00-00-00-00-00-00-00-00-00-00-00-00-00-00-00-00-00-00-00-00-00-00-00-00-00-00-00-00-00-00-00-00-00-00-00-00-00-00-00-00-00-00-00-00-00-00-00
[15:35:18:389]50-41-06-06-01-00-63 [CMD_SENT][CMD_GET_IO_LEVEL]
[15:35:18:392][HID_TX_ack]00-12-50-49-01-C0-A3-09-01-00-08-00-06-86-00-01-D8-FF-1F-00-00-00-00-02-00-E0-00-E2-00-00-00-00-00-00-00-00-00-00-00-00-00-00-00-00-00-00-00-00-00-00-00-00-00-00-00-00-00-00-00-00-00-00-00-00-00
[15:35:18:392]50-49-01-C0-A3-09-01-00-08-00-06-86-00-01-D8-FF-1F-00
[15:35:30:169][HID_TX]00-80-06-21-0D-50-41-0E-07-01-E0-00-00-00-00-00-00-00-00-00-00-00-00-00-00-00-00-00-00-00-00-00-00-00-00-00-00-00-00-00-00-00-00-00-00-00-00-00-00-00-00-00-00-00-00-00-00-00-00-00-00-00-00-00-00
[15:35:30:171]HidD_GetInputReport=True
[15:35:30:171]reply_report=00-4F-00-00-00-00-00-00-00-00-00-00-00-00-00-00-00-00-00-00-00-00-00-00-00-00-00-00-00-00-00-00-00-00-00-00-00-00-00-00-00-00-00-00-00-00-00-00-00-00-00-00-00-00-00-00-00-00-00-00-00-00-00-00-00
[15:35:30:171]50-41-0E-07-01-E0 [CMD_SENT][REMOTE_GET_MODE]
[15:35:30:175][HID_TX_ack]00-19-50-49-01-C0-CD-2D-01-00-03-00-0E-87-00-50-49-0E-CB-00-00-00-00-02-00-E0-00-E2-00-00-00-00-00-00-00-00-00-00-00-00-00-00-00-00-00-00-00-00-00-00-00-00-00-00-00-00-00-00-00-00-00-00-00-00-00
[15:35:30:175]50-49-01-C0-CD-2D-01-00-03-00-0E-87-00
[15:35:30:175]50-49-0E-CB-00-00-00-00-02-00-E0-00-
[15:35:30:175]REMOTE_GET_MODE=00
[15:35:30:175][HID_TX]00-80-07-5C-71-50-41-06-08-01-00-63-00-00-00-00-00-00-00-00-00-00-00-00-00-00-00-00-00-00-00-00-00-00-00-00-00-00-00-00-00-00-00-00-00-00-00-00-00-00-00-00-00-00-00-00-00-00-00-00-00-00-00-00-00
[15:35:30:176]HidD_GetInputReport=True
[15:35:30:176]reply_report=00-4F-00-00-00-00-00-00-00-00-00-00-00-00-00-00-00-00-00-00-00-00-00-00-00-00-00-00-00-00-00-00-00-00-00-00-00-00-00-00-00-00-00-00-00-00-00-00-00-00-00-00-00-00-00-00-00-00-00-00-00-00-00-00-00
[15:35:30:176]50-41-06-08-01-00-63 [CMD_SENT][CMD_GET_IO_LEVEL]
[15:35:30:179][HID_TX_ack]00-12-50-49-01-C0-CD-2D-01-00-08-00-06-88-00-01-D8-FF-1F-00-00-00-00-02-00-E0-00-E2-00-00-00-00-00-00-00-00-00-00-00-00-00-00-00-00-00-00-00-00-00-00-00-00-00-00-00-00-00-00-00-00-00-00-00-00-00
[15:35:30:179]50-49-01-C0-CD-2D-01-00-08-00-06-88-00-01-D8-FF-1F-00
[15:35:43:168][HID_TX]00-80-06-B0-C2-50-41-0E-09-01-E0-00-00-00-00-00-00-00-00-00-00-00-00-00-00-00-00-00-00-00-00-00-00-00-00-00-00-00-00-00-00-00-00-00-00-00-00-00-00-00-00-00-00-00-00-00-00-00-00-00-00-00-00-00-00
[15:35:43:170]HidD_GetInputReport=True
[15:35:43:170]reply_report=00-4F-00-00-00-00-00-00-00-00-00-00-00-00-00-00-00-00-00-00-00-00-00-00-00-00-00-00-00-00-00-00-00-00-00-00-00-00-00-00-00-00-00-00-00-00-00-00-00-00-00-00-00-00-00-00-00-00-00-00-00-00-00-00-00
[15:35:43:170]50-41-0E-09-01-E0 [CMD_SENT][REMOTE_GET_MODE]
[15:35:43:172][HID_TX_ack]00-19-50-49-01-C0-CD-56-01-00-03-00-0E-89-00-50-49-0E-CC-00-00-00-00-02-00-E0-00-E2-00-00-00-00-00-00-00-00-00-00-00-00-00-00-00-00-00-00-00-00-00-00-00-00-00-00-00-00-00-00-00-00-00-00-00-00-00
[15:35:43:172]50-49-01-C0-CD-56-01-00-03-00-0E-89-00
[15:35:43:172]50-49-0E-CC-00-00-00-00-02-00-E0-00-
[15:35:43:172]REMOTE_GET_MODE=00
[15:35:43:172][HID_TX]00-80-07-B7-5E-50-41-06-0A-01-00-63-00-00-00-00-00-00-00-00-00-00-00-00-00-00-00-00-00-00-00-00-00-00-00-00-00-00-00-00-00-00-00-00-00-00-00-00-00-00-00-00-00-00-00-00-00-00-00-00-00-00-00-00-00
[15:35:43:173]HidD_GetInputReport=True
[15:35:43:173]reply_report=00-4F-00-00-00-00-00-00-00-00-00-00-00-00-00-00-00-00-00-00-00-00-00-00-00-00-00-00-00-00-00-00-00-00-00-00-00-00-00-00-00-00-00-00-00-00-00-00-00-00-00-00-00-00-00-00-00-00-00-00-00-00-00-00-00
[15:35:43:173]50-41-06-0A-01-00-63 [CMD_SENT][CMD_GET_IO_LEVEL]
[15:35:43:177][HID_TX_ack]00-12-50-49-01-C0-CD-56-01-00-08-00-06-8A-00-01-D8-FF-1F-00-00-00-00-02-00-E0-00-E2-00-00-00-00-00-00-00-00-00-00-00-00-00-00-00-00-00-00-00-00-00-00-00-00-00-00-00-00-00-00-00-00-00-00-00-00-00
[15:35:43:177]50-49-01-C0-CD-56-01-00-08-00-06-8A-00-01-D8-FF-1F-00
