[15:27:53:819]\\?\hid#dell09c2&col02#5&bc4dc33&0&0001#{4d1e55b2-f16f-11cf-88cb-001111000030}
[15:27:53:819]\\?\hid#dell09c2&col03#5&bc4dc33&0&0002#{4d1e55b2-f16f-11cf-88cb-001111000030}
[15:27:53:819]\\?\hid#intc816&col01#3&207f9b7f&0&0000#{4d1e55b2-f16f-11cf-88cb-001111000030}
[15:27:53:819]\\?\hid#intc816&col02#3&207f9b7f&0&0001#{4d1e55b2-f16f-11cf-88cb-001111000030}
[15:27:53:819]\\?\hid#converteddevice&col02#5&17bac0a6&0&0001#{4d1e55b2-f16f-11cf-88cb-001111000030}
[15:27:53:819]\\?\hid#converteddevice&col03#5&17bac0a6&0&0002#{4d1e55b2-f16f-11cf-88cb-001111000030}
[15:27:53:819]\\?\hid#dell09c2&col04#5&bc4dc33&0&0003#{4d1e55b2-f16f-11cf-88cb-001111000030}
[15:27:53:819]\\?\hid#{00001812-0000-1000-8000-00805f9b34fb}_dev_vid&0232c2_pid&0001_rev&0068_ccb624cd66b1#9&326e3aae&0&0000#{4d1e55b2-f16f-11cf-88cb-001111000030}
[15:27:53:820]\\?\hid#dell09c2&col05#5&bc4dc33&0&0004#{4d1e55b2-f16f-11cf-88cb-001111000030}
[15:27:53:820]\\?\hid#converteddevice&col01#5&17bac0a6&0&0000#{4d1e55b2-f16f-11cf-88cb-001111000030}\kbd
[15:27:53:820]\\?\hid#dell09c2&col01#5&bc4dc33&0&0000#{4d1e55b2-f16f-11cf-88cb-001111000030}
[15:27:53:820]\\?\hid#vid_046d&pid_0adf&mi_00#7&3e7114f&0&0000#{4d1e55b2-f16f-11cf-88cb-001111000030}
[15:27:53:820]\\?\hid#vid_046d&pid_0adf&mi_04#7&31212da2&0&0000#{4d1e55b2-f16f-11cf-88cb-001111000030}
[15:27:53:822]try_path=\\?\hid#vid_046d&pid_0adf&mi_00#7&3e7114f&0&0000#{4d1e55b2-f16f-11cf-88cb-001111000030}
[15:27:53:824]	InputReportByteLength=65
[15:27:53:824]	OutputReportByteLength=65
[15:27:53:825]HID_Connected=\\?\hid#vid_046d&pid_0adf&mi_00#7&3e7114f&0&0000#{4d1e55b2-f16f-11cf-88cb-001111000030}
[15:27:53:826][HID_TX]00-84-01-D1-55-01-00-00-00-00-00-00-00-00-00-00-00-00-00-00-00-00-00-00-00-00-00-00-00-00-00-00-00-00-00-00-00-00-00-00-00-00-00-00-00-00-00-00-00-00-00-00-00-00-00-00-00-00-00-00-00-00-00-00-00
[15:27:53:828]HidD_GetInputReport=True
[15:27:53:828]reply_report=00-4F-56-31-2E-38-2E-35-2E-31-00-00-00-00-00-00-00-00-00-00-00-00-00-00-00-00-00-00-00-00-00-00-00-00-00-00-00-00-00-00-00-00-00-00-00-00-00-00-00-00-00-00-00-00-00-00-00-00-00-00-00-00-00-00-00
[15:27:53:828][ys_tech] fw_version=V1.8.5.1
[15:27:53:828]ystech_Power_Saving, is_EnablePowerSaving=False
[15:27:53:828][HID_TX]00-85-01-83-8B-01-00-00-00-00-00-00-00-00-00-00-00-00-00-00-00-00-00-00-00-00-00-00-00-00-00-00-00-00-00-00-00-00-00-00-00-00-00-00-00-00-00-00-00-00-00-00-00-00-00-00-00-00-00-00-00-00-00-00-00
[15:27:53:829]HidD_GetInputReport=True
[15:27:53:829]reply_report=00-4F-00-00-00-00-00-00-00-00-00-00-00-00-00-00-00-00-00-00-00-00-00-00-00-00-00-00-00-00-00-00-00-00-00-00-00-00-00-00-00-00-00-00-00-00-00-00-00-00-00-00-00-00-00-00-00-00-00-00-00-00-00-00-00
[15:27:53:829]HID_CMD_POWER_SAVING_Disable
[15:27:53:829]path_connected=\\?\hid#vid_046d&pid_0adf&mi_00#7&3e7114f&0&0000#{4d1e55b2-f16f-11cf-88cb-001111000030}
[15:27:54:997][HID_TX]00-80-06-1C-7D-50-41-0E-01-01-E0-00-00-00-00-00-00-00-00-00-00-00-00-00-00-00-00-00-00-00-00-00-00-00-00-00-00-00-00-00-00-00-00-00-00-00-00-00-00-00-00-00-00-00-00-00-00-00-00-00-00-00-00-00-00
[15:27:54:998]HidD_GetInputReport=True
[15:27:54:998]reply_report=00-4F-00-00-00-00-00-00-00-00-00-00-00-00-00-00-00-00-00-00-00-00-00-00-00-00-00-00-00-00-00-00-00-00-00-00-00-00-00-00-00-00-00-00-00-00-00-00-00-00-00-00-00-00-00-00-00-00-00-00-00-00-00-00-00
[15:27:54:998]50-41-0E-01-01-E0 [CMD_SENT][REMOTE_GET_MODE]
[15:27:55:004][HID_TX_ack]00-19-50-49-01-C0-65-00-05-00-03-00-0E-81-00-50-49-0E-C0-00-00-00-00-02-00-E0-00-17-32-50-49-01-C0-22-05-00-00-03-00-11-88-19-00-00-00-00-00-00-00-00-00-00-00-00-00-00-00-00-00-00-00-00-00-00-00
[15:27:55:008]REMOTE_GET_MODE=00
[15:27:55:008]50-49-01-C0-65-00-05-00-03-00-0E-81-00
[15:27:55:008]50-49-0E-C0-00-00-00-00-02-00-E0-00-
[15:27:55:009][HID_TX]00-80-07-F5-A5-50-41-0E-02-02-E1-01-00-00-00-00-00-00-00-00-00-00-00-00-00-00-00-00-00-00-00-00-00-00-00-00-00-00-00-00-00-00-00-00-00-00-00-00-00-00-00-00-00-00-00-00-00-00-00-00-00-00-00-00-00
[15:27:55:010]HidD_GetInputReport=True
[15:27:55:010]reply_report=00-4F-00-00-00-00-00-00-00-00-00-00-00-00-00-00-00-00-00-00-00-00-00-00-00-00-00-00-00-00-00-00-00-00-00-00-00-00-00-00-00-00-00-00-00-00-00-00-00-00-00-00-00-00-00-00-00-00-00-00-00-00-00-00-00
[15:27:55:010]50-41-0E-02-02-E1-01 [CMD_SENT][REMOTE_SET_MODE] is_remote=True
[15:27:55:013][HID_TX_ack]00-0D-50-49-01-C0-6F-00-05-00-03-00-0E-82-00-50-49-0E-C0-00-00-00-00-02-00-E0-00-17-32-50-49-01-C0-22-05-00-00-03-00-11-88-19-00-00-00-00-00-00-00-00-00-00-00-00-00-00-00-00-00-00-00-00-00-00-00
[15:27:55:013]50-49-01-C0-6F-00-05-00-03-00-0E-82-00
[15:27:55:013][HID_TX]00-80-13-A8-D9-50-41-06-03-0D-00-25-34-12-5A-5A-01-00-00-00-F0-00-00-00-00-00-00-00-00-00-00-00-00-00-00-00-00-00-00-00-00-00-00-00-00-00-00-00-00-00-00-00-00-00-00-00-00-00-00-00-00-00-00-00-00
[15:27:55:014]HidD_GetInputReport=True
[15:27:55:014]reply_report=00-4F-00-00-00-00-00-00-00-00-00-00-00-00-00-00-00-00-00-00-00-00-00-00-00-00-00-00-00-00-00-00-00-00-00-00-00-00-00-00-00-00-00-00-00-00-00-00-00-00-00-00-00-00-00-00-00-00-00-00-00-00-00-00-00
[15:27:55:014]50-41-06-03-0D-00-25-34-12-5A-5A-01-00-00-00-F0-00-00-00 [CMD_SENT][OTA_CMD_IOCTL][READ_MAX_LEN]
[15:27:55:035][HID_TX_ack]00-11-50-49-01-C1-11-1A-05-00-07-00-06-83-00-F0-00-00-00-00-00-00-00-02-00-E0-00-17-32-50-49-01-C0-22-05-00-00-03-00-11-88-19-00-00-00-00-00-00-00-00-00-00-00-00-00-00-00-00-00-00-00-00-00-00-00
[15:27:55:035]50-49-01-C1-11-1A-05-00-07-00-06-83-00-F0-00-00-00
[15:27:55:035][HID_TX]00-80-06-2F-BD-50-41-0E-04-01-E0-00-00-00-00-00-00-00-00-00-00-00-00-00-00-00-00-00-00-00-00-00-00-00-00-00-00-00-00-00-00-00-00-00-00-00-00-00-00-00-00-00-00-00-00-00-00-00-00-00-00-00-00-00-00
[15:27:55:036]HidD_GetInputReport=True
[15:27:55:036]reply_report=00-4F-00-00-00-00-00-00-00-00-00-00-00-00-00-00-00-00-00-00-00-00-00-00-00-00-00-00-00-00-00-00-00-00-00-00-00-00-00-00-00-00-00-00-00-00-00-00-00-00-00-00-00-00-00-00-00-00-00-00-00-00-00-00-00
[15:27:55:036]50-41-0E-04-01-E0 [CMD_SENT][REMOTE_GET_MODE]
[15:27:55:040][HID_TX_ack]00-19-50-49-01-C0-84-00-05-00-03-00-0E-84-00-50-49-0E-C2-00-00-00-00-02-00-E0-01-17-32-50-49-01-C0-22-05-00-00-03-00-11-88-19-00-00-00-00-00-00-00-00-00-00-00-00-00-00-00-00-00-00-00-00-00-00-00
[15:27:55:040]50-49-01-C0-84-00-05-00-03-00-0E-84-00
[15:27:55:040]REMOTE_GET_MODE=01
[15:27:55:040]50-49-0E-C2-00-00-00-00-02-00-E0-01-
[15:27:55:041][HID_TX]00-80-07-C3-0E-50-41-06-05-01-00-63-00-00-00-00-00-00-00-00-00-00-00-00-00-00-00-00-00-00-00-00-00-00-00-00-00-00-00-00-00-00-00-00-00-00-00-00-00-00-00-00-00-00-00-00-00-00-00-00-00-00-00-00-00
[15:27:55:042]HidD_GetInputReport=True
[15:27:55:042]reply_report=00-4F-00-00-00-00-00-00-00-00-00-00-00-00-00-00-00-00-00-00-00-00-00-00-00-00-00-00-00-00-00-00-00-00-00-00-00-00-00-00-00-00-00-00-00-00-00-00-00-00-00-00-00-00-00-00-00-00-00-00-00-00-00-00-00
[15:27:55:042]50-41-06-05-01-00-63 [CMD_SENT][CMD_GET_IO_LEVEL]
[15:27:55:052][HID_TX_ack]00-12-50-49-01-C3-25-1A-05-00-08-00-06-85-00-01-FF-FF-1F-00-00-00-00-02-00-E0-01-17-32-50-49-01-C0-22-05-00-00-03-00-11-88-19-00-00-00-00-00-00-00-00-00-00-00-00-00-00-00-00-00-00-00-00-00-00-00
[15:27:55:052]50-49-01-C3-25-1A-05-00-08-00-06-85-00-01-FF-FF-1F-00
[15:27:55:379][HID_TX]00-80-06-C4-92-50-41-0E-06-01-E0-00-00-00-00-00-00-00-00-00-00-00-00-00-00-00-00-00-00-00-00-00-00-00-00-00-00-00-00-00-00-00-00-00-00-00-00-00-00-00-00-00-00-00-00-00-00-00-00-00-00-00-00-00-00
[15:27:55:380]HidD_GetInputReport=True
[15:27:55:381]reply_report=00-4F-00-00-00-00-00-00-00-00-00-00-00-00-00-00-00-00-00-00-00-00-00-00-00-00-00-00-00-00-00-00-00-00-00-00-00-00-00-00-00-00-00-00-00-00-00-00-00-00-00-00-00-00-00-00-00-00-00-00-00-00-00-00-00
[15:27:55:381]50-41-0E-06-01-E0 [CMD_SENT][REMOTE_GET_MODE]
[15:27:55:382][HID_TX_ack]00-19-50-49-01-C0-97-01-05-00-03-00-0E-86-00-50-49-0E-C4-00-00-00-00-02-00-E0-01-17-32-50-49-01-C0-22-05-00-00-03-00-11-88-19-00-00-00-00-00-00-00-00-00-00-00-00-00-00-00-00-00-00-00-00-00-00-00
[15:27:55:383]50-49-01-C0-97-01-05-00-03-00-0E-86-00
[15:27:55:383]50-49-0E-C4-00-00-00-00-02-00-E0-01-
[15:27:55:383]REMOTE_GET_MODE=01
[15:27:55:383][HID_TX]00-80-07-28-21-50-41-06-07-01-00-63-00-00-00-00-00-00-00-00-00-00-00-00-00-00-00-00-00-00-00-00-00-00-00-00-00-00-00-00-00-00-00-00-00-00-00-00-00-00-00-00-00-00-00-00-00-00-00-00-00-00-00-00-00
[15:27:55:385]HidD_GetInputReport=True
[15:27:55:385]reply_report=00-4F-00-00-00-00-00-00-00-00-00-00-00-00-00-00-00-00-00-00-00-00-00-00-00-00-00-00-00-00-00-00-00-00-00-00-00-00-00-00-00-00-00-00-00-00-00-00-00-00-00-00-00-00-00-00-00-00-00-00-00-00-00-00-00
[15:27:55:385]50-41-06-07-01-00-63 [CMD_SENT][CMD_GET_IO_LEVEL]
[15:27:55:405][HID_TX_ack]00-12-50-49-01-C5-40-1B-05-00-08-00-06-87-00-01-FF-FF-1F-00-00-00-00-02-00-E0-01-17-32-50-49-01-C0-22-05-00-00-03-00-11-88-19-00-00-00-00-00-00-00-00-00-00-00-00-00-00-00-00-00-00-00-00-00-00-00
[15:27:55:405]50-49-01-C5-40-1B-05-00-08-00-06-87-00-01-FF-FF-1F-00
[15:27:55:738][HID_TX]00-80-06-55-5D-50-41-0E-08-01-E0-00-00-00-00-00-00-00-00-00-00-00-00-00-00-00-00-00-00-00-00-00-00-00-00-00-00-00-00-00-00-00-00-00-00-00-00-00-00-00-00-00-00-00-00-00-00-00-00-00-00-00-00-00-00
[15:27:55:739]HidD_GetInputReport=True
[15:27:55:739]reply_report=00-4F-00-00-00-00-00-00-00-00-00-00-00-00-00-00-00-00-00-00-00-00-00-00-00-00-00-00-00-00-00-00-00-00-00-00-00-00-00-00-00-00-00-00-00-00-00-00-00-00-00-00-00-00-00-00-00-00-00-00-00-00-00-00-00
[15:27:55:739]50-41-0E-08-01-E0 [CMD_SENT][REMOTE_GET_MODE]
[15:27:55:742][HID_TX_ack]00-19-50-49-01-C0-B6-02-05-00-03-00-0E-88-00-50-49-0E-C6-00-00-00-00-02-00-E0-01-17-32-50-49-01-C0-22-05-00-00-03-00-11-88-19-00-00-00-00-00-00-00-00-00-00-00-00-00-00-00-00-00-00-00-00-00-00-00
[15:27:55:742]50-49-01-C0-B6-02-05-00-03-00-0E-88-00
[15:27:55:742]50-49-0E-C6-00-00-00-00-02-00-E0-01-
[15:27:55:742]REMOTE_GET_MODE=01
[15:27:55:742][HID_TX]00-80-07-B9-EE-50-41-06-09-01-00-63-00-00-00-00-00-00-00-00-00-00-00-00-00-00-00-00-00-00-00-00-00-00-00-00-00-00-00-00-00-00-00-00-00-00-00-00-00-00-00-00-00-00-00-00-00-00-00-00-00-00-00-00-00
[15:27:55:743]HidD_GetInputReport=True
[15:27:55:743]reply_report=00-4F-00-00-00-00-00-00-00-00-00-00-00-00-00-00-00-00-00-00-00-00-00-00-00-00-00-00-00-00-00-00-00-00-00-00-00-00-00-00-00-00-00-00-00-00-00-00-00-00-00-00-00-00-00-00-00-00-00-00-00-00-00-00-00
[15:27:55:743]50-41-06-09-01-00-63 [CMD_SENT][CMD_GET_IO_LEVEL]
[15:27:55:770][HID_TX_ack]00-12-50-49-01-C7-64-1C-05-00-08-00-06-89-00-01-F7-FF-1F-00-00-00-00-02-00-E0-01-17-32-50-49-01-C0-22-05-00-00-03-00-11-88-19-00-00-00-00-00-00-00-00-00-00-00-00-00-00-00-00-00-00-00-00-00-00-00
[15:27:55:770]50-49-01-C7-64-1C-05-00-08-00-06-89-00-01-F7-FF-1F-00
[15:27:57:074][HID_TX]00-80-06-BE-72-50-41-0E-0A-01-E0-00-00-00-00-00-00-00-00-00-00-00-00-00-00-00-00-00-00-00-00-00-00-00-00-00-00-00-00-00-00-00-00-00-00-00-00-00-00-00-00-00-00-00-00-00-00-00-00-00-00-00-00-00-00
[15:27:57:075]HidD_GetInputReport=True
[15:27:57:075]reply_report=00-4F-00-00-00-00-00-00-00-00-00-00-00-00-00-00-00-00-00-00-00-00-00-00-00-00-00-00-00-00-00-00-00-00-00-00-00-00-00-00-00-00-00-00-00-00-00-00-00-00-00-00-00-00-00-00-00-00-00-00-00-00-00-00-00
[15:27:57:075]50-41-0E-0A-01-E0 [CMD_SENT][REMOTE_GET_MODE]
[15:27:57:080][HID_TX_ack]00-19-50-49-01-C0-E3-06-05-00-03-00-0E-8A-00-50-49-0E-C8-00-00-00-00-02-00-E0-01-17-32-50-49-01-C0-22-05-00-00-03-00-11-88-19-00-00-00-00-00-00-00-00-00-00-00-00-00-00-00-00-00-00-00-00-00-00-00
[15:27:57:080]50-49-01-C0-E3-06-05-00-03-00-0E-8A-00
[15:27:57:080]50-49-0E-C8-00-00-00-00-02-00-E0-01-
[15:27:57:080]REMOTE_GET_MODE=01
[15:27:57:080][HID_TX]00-80-07-52-C1-50-41-06-0B-01-00-63-00-00-00-00-00-00-00-00-00-00-00-00-00-00-00-00-00-00-00-00-00-00-00-00-00-00-00-00-00-00-00-00-00-00-00-00-00-00-00-00-00-00-00-00-00-00-00-00-00-00-00-00-00
[15:27:57:081]HidD_GetInputReport=True
[15:27:57:081]reply_report=00-4F-00-00-00-00-00-00-00-00-00-00-00-00-00-00-00-00-00-00-00-00-00-00-00-00-00-00-00-00-00-00-00-00-00-00-00-00-00-00-00-00-00-00-00-00-00-00-00-00-00-00-00-00-00-00-00-00-00-00-00-00-00-00-00
[15:27:57:081]50-41-06-0B-01-00-63 [CMD_SENT][CMD_GET_IO_LEVEL]
[15:27:57:102][HID_TX_ack]00-12-50-49-01-C9-8E-20-05-00-08-00-06-8B-00-01-FF-FF-1E-00-00-00-00-02-00-E0-01-17-32-50-49-01-C0-22-05-00-00-03-00-11-88-19-00-00-00-00-00-00-00-00-00-00-00-00-00-00-00-00-00-00-00-00-00-00-00
[15:27:57:102]50-49-01-C9-8E-20-05-00-08-00-06-8B-00-01-FF-FF-1E-00
[15:27:57:465][HID_TX_ack]00-0D-50-49-11-CA-17-08-05-00-03-00-20-EA-00-01-FF-FF-1E-00-00-00-00-02-00-E0-01-17-32-50-49-01-C0-22-05-00-00-03-00-11-88-19-00-00-00-00-00-00-00-00-00-00-00-00-00-00-00-00-00-00-00-00-00-00-00
[15:27:57:465]50-49-11-CA-17-08-05-00-03-00-20-EA-00
[15:27:57:473][HID_TX_ack]00-1A-50-49-01-C0-1D-08-05-00-03-00-11-E0-18-50-49-01-C0-1F-08-05-00-03-00-11-E1-17-32-50-49-01-C0-22-05-00-00-03-00-11-88-19-00-00-00-00-00-00-00-00-00-00-00-00-00-00-00-00-00-00-00-00-00-00-00
[15:27:57:473]50-49-01-C0-1D-08-05-00-03-00-11-E0-18
[15:27:57:473]50-49-01-C0-1F-08-05-00-03-00-11-E1-17
[15:27:57:475][HID_TX_ack]00-0D-50-49-11-CB-20-08-05-00-03-00-20-00-00-50-49-01-C0-1F-08-05-00-03-00-11-E1-17-32-50-49-01-C0-22-05-00-00-03-00-11-88-19-00-00-00-00-00-00-00-00-00-00-00-00-00-00-00-00-00-00-00-00-00-00-00
[15:27:57:475]50-49-11-CB-20-08-05-00-03-00-20-00-00
[15:27:58:418][HID_TX]00-80-06-83-02-50-41-0E-0C-01-E0-00-00-00-00-00-00-00-00-00-00-00-00-00-00-00-00-00-00-00-00-00-00-00-00-00-00-00-00-00-00-00-00-00-00-00-00-00-00-00-00-00-00-00-00-00-00-00-00-00-00-00-00-00-00
[15:27:58:419]HidD_GetInputReport=True
[15:27:58:419]reply_report=00-4F-00-00-00-00-00-00-00-00-00-00-00-00-00-00-00-00-00-00-00-00-00-00-00-00-00-00-00-00-00-00-00-00-00-00-00-00-00-00-00-00-00-00-00-00-00-00-00-00-00-00-00-00-00-00-00-00-00-00-00-00-00-00-00
[15:27:58:419]50-41-0E-0C-01-E0 [CMD_SENT][REMOTE_GET_MODE]
[15:27:58:422][HID_TX_ack]00-19-50-49-01-C0-16-0B-05-00-03-00-0E-8C-00-50-49-0E-CC-00-00-00-00-02-00-E0-01-17-32-50-49-01-C0-22-05-00-00-03-00-11-88-19-00-00-00-00-00-00-00-00-00-00-00-00-00-00-00-00-00-00-00-00-00-00-00
[15:27:58:422]50-49-01-C0-16-0B-05-00-03-00-0E-8C-00
[15:27:58:422]50-49-0E-CC-00-00-00-00-02-00-E0-01-
[15:27:58:422]REMOTE_GET_MODE=01
[15:27:58:422][HID_TX]00-80-07-6F-B1-50-41-06-0D-01-00-63-00-00-00-00-00-00-00-00-00-00-00-00-00-00-00-00-00-00-00-00-00-00-00-00-00-00-00-00-00-00-00-00-00-00-00-00-00-00-00-00-00-00-00-00-00-00-00-00-00-00-00-00-00
[15:27:58:423]HidD_GetInputReport=True
[15:27:58:423]reply_report=00-4F-00-00-00-00-00-00-00-00-00-00-00-00-00-00-00-00-00-00-00-00-00-00-00-00-00-00-00-00-00-00-00-00-00-00-00-00-00-00-00-00-00-00-00-00-00-00-00-00-00-00-00-00-00-00-00-00-00-00-00-00-00-00-00
[15:27:58:423]50-41-06-0D-01-00-63 [CMD_SENT][CMD_GET_IO_LEVEL]
[15:27:58:447][HID_TX_ack]00-12-50-49-01-CD-C1-24-05-00-08-00-06-8D-00-01-FF-FF-1D-00-00-00-00-02-00-E0-01-17-32-50-49-01-C0-22-05-00-00-03-00-11-88-19-00-00-00-00-00-00-00-00-00-00-00-00-00-00-00-00-00-00-00-00-00-00-00
[15:27:58:447]50-49-01-CD-C1-24-05-00-08-00-06-8D-00-01-FF-FF-1D-00
[15:27:58:982][HID_TX_ack]00-0D-50-49-11-CE-D5-0C-05-00-03-00-20-E9-00-01-FF-FF-1D-00-00-00-00-02-00-E0-01-17-32-50-49-01-C0-22-05-00-00-03-00-11-88-19-00-00-00-00-00-00-00-00-00-00-00-00-00-00-00-00-00-00-00-00-00-00-00
[15:27:58:982]50-49-11-CE-D5-0C-05-00-03-00-20-E9-00
[15:27:58:991][HID_TX_ack]00-1A-50-49-01-C0-DC-0C-05-00-03-00-11-E2-18-50-49-01-C0-DD-0C-05-00-03-00-11-E3-17-32-50-49-01-C0-22-05-00-00-03-00-11-88-19-00-00-00-00-00-00-00-00-00-00-00-00-00-00-00-00-00-00-00-00-00-00-00
[15:27:58:991]50-49-01-C0-DC-0C-05-00-03-00-11-E2-18
[15:27:58:991]50-49-01-C0-DD-0C-05-00-03-00-11-E3-17
[15:27:58:994][HID_TX_ack]00-0D-50-49-11-CF-DE-0C-05-00-03-00-20-00-00-50-49-01-C0-DD-0C-05-00-03-00-11-E3-17-32-50-49-01-C0-22-05-00-00-03-00-11-88-19-00-00-00-00-00-00-00-00-00-00-00-00-00-00-00-00-00-00-00-00-00-00-00
[15:27:58:994]50-49-11-CF-DE-0C-05-00-03-00-20-00-00
[15:27:59:596][HID_TX]00-80-07-E8-D9-50-41-0E-0E-02-E1-00-00-00-00-00-00-00-00-00-00-00-00-00-00-00-00-00-00-00-00-00-00-00-00-00-00-00-00-00-00-00-00-00-00-00-00-00-00-00-00-00-00-00-00-00-00-00-00-00-00-00-00-00-00
[15:27:59:598]HidD_GetInputReport=True
[15:27:59:598]reply_report=00-4F-00-00-00-00-00-00-00-00-00-00-00-00-00-00-00-00-00-00-00-00-00-00-00-00-00-00-00-00-00-00-00-00-00-00-00-00-00-00-00-00-00-00-00-00-00-00-00-00-00-00-00-00-00-00-00-00-00-00-00-00-00-00-00
[15:27:59:598]50-41-0E-0E-02-E1-00 [CMD_SENT][REMOTE_SET_MODE] is_remote=False
[15:27:59:601][HID_TX_ack]00-0D-50-49-01-C0-C5-0E-05-00-03-00-0E-8E-00-50-49-01-C0-DD-0C-05-00-03-00-11-E3-17-32-50-49-01-C0-22-05-00-00-03-00-11-88-19-00-00-00-00-00-00-00-00-00-00-00-00-00-00-00-00-00-00-00-00-00-00-00
[15:27:59:601]50-49-01-C0-C5-0E-05-00-03-00-0E-8E-00
[15:27:59:601]ystech_Power_Saving, is_EnablePowerSaving=True
[15:27:59:601][HID_TX]00-85-01-73-56-02-00-00-00-00-00-00-00-00-00-00-00-00-00-00-00-00-00-00-00-00-00-00-00-00-00-00-00-00-00-00-00-00-00-00-00-00-00-00-00-00-00-00-00-00-00-00-00-00-00-00-00-00-00-00-00-00-00-00-00
[15:27:59:602]HidD_GetInputReport=True
[15:27:59:602]reply_report=00-4F-00-00-00-00-00-00-00-00-00-00-00-00-00-00-00-00-00-00-00-00-00-00-00-00-00-00-00-00-00-00-00-00-00-00-00-00-00-00-00-00-00-00-00-00-00-00-00-00-00-00-00-00-00-00-00-00-00-00-00-00-00-00-00
[15:27:59:602]HID_CMD_POWER_SAVING_Enable
[15:27:59:602]close_hid_stream
[15:27:59:602]close_hid_handle
