[03:00:09:911]\\?\hid#dell09c2&col02#5&bc4dc33&0&0001#{4d1e55b2-f16f-11cf-88cb-001111000030}
[03:00:09:911]\\?\hid#dell09c2&col03#5&bc4dc33&0&0002#{4d1e55b2-f16f-11cf-88cb-001111000030}
[03:00:09:911]\\?\hid#intc816&col01#3&207f9b7f&0&0000#{4d1e55b2-f16f-11cf-88cb-001111000030}
[03:00:09:911]\\?\hid#intc816&col02#3&207f9b7f&0&0001#{4d1e55b2-f16f-11cf-88cb-001111000030}
[03:00:09:911]\\?\hid#converteddevice&col02#5&17bac0a6&0&0001#{4d1e55b2-f16f-11cf-88cb-001111000030}
[03:00:09:911]\\?\hid#converteddevice&col03#5&17bac0a6&0&0002#{4d1e55b2-f16f-11cf-88cb-001111000030}
[03:00:09:911]\\?\hid#dell09c2&col04#5&bc4dc33&0&0003#{4d1e55b2-f16f-11cf-88cb-001111000030}
[03:00:09:911]\\?\hid#{00001812-0000-1000-8000-00805f9b34fb}_dev_vid&0232c2_pid&0001_rev&0068_ccb624cd66b1#9&326e3aae&0&0000#{4d1e55b2-f16f-11cf-88cb-001111000030}
[03:00:09:912]\\?\hid#dell09c2&col05#5&bc4dc33&0&0004#{4d1e55b2-f16f-11cf-88cb-001111000030}
[03:00:09:912]\\?\hid#converteddevice&col01#5&17bac0a6&0&0000#{4d1e55b2-f16f-11cf-88cb-001111000030}\kbd
[03:00:09:912]\\?\hid#dell09c2&col01#5&bc4dc33&0&0000#{4d1e55b2-f16f-11cf-88cb-001111000030}
[03:00:09:912]\\?\hid#vid_046d&pid_0adf&mi_00#7&3ad8dff3&0&0000#{4d1e55b2-f16f-11cf-88cb-001111000030}
[03:00:09:912]\\?\hid#vid_046d&pid_0adf&mi_04#7&18e94d0e&0&0000#{4d1e55b2-f16f-11cf-88cb-001111000030}
[03:00:09:914]try_path=\\?\hid#vid_046d&pid_0adf&mi_00#7&3ad8dff3&0&0000#{4d1e55b2-f16f-11cf-88cb-001111000030}
[03:00:09:916]	InputReportByteLength=65
[03:00:09:916]	OutputReportByteLength=65
[03:00:09:916]HID_Connected=\\?\hid#vid_046d&pid_0adf&mi_00#7&3ad8dff3&0&0000#{4d1e55b2-f16f-11cf-88cb-001111000030}
[03:00:09:917][HID_TX]00-84-01-D1-55-01-00-00-00-00-00-00-00-00-00-00-00-00-00-00-00-00-00-00-00-00-00-00-00-00-00-00-00-00-00-00-00-00-00-00-00-00-00-00-00-00-00-00-00-00-00-00-00-00-00-00-00-00-00-00-00-00-00-00-00
[03:00:09:919]HidD_GetInputReport=True
[03:00:09:919]reply_report=00-4F-56-31-2E-38-2E-35-2E-31-00-00-00-00-00-00-00-00-00-00-00-00-00-00-00-00-00-00-00-00-00-00-00-00-00-00-00-00-00-00-00-00-00-00-00-00-00-00-00-00-00-00-00-00-00-00-00-00-00-00-00-00-00-00-00
[03:00:09:919][ys_tech] fw_version=V1.8.5.1
[03:00:09:920]ystech_Power_Saving, is_EnablePowerSaving=False
[03:00:09:920][HID_TX]00-85-01-83-8B-01-00-00-00-00-00-00-00-00-00-00-00-00-00-00-00-00-00-00-00-00-00-00-00-00-00-00-00-00-00-00-00-00-00-00-00-00-00-00-00-00-00-00-00-00-00-00-00-00-00-00-00-00-00-00-00-00-00-00-00
[03:00:09:921]HidD_GetInputReport=True
[03:00:09:921]reply_report=00-46-00-00-00-00-00-00-00-00-00-00-00-00-00-00-00-00-00-00-00-00-00-00-00-00-00-00-00-00-00-00-00-00-00-00-00-00-00-00-00-00-00-00-00-00-00-00-00-00-00-00-00-00-00-00-00-00-00-00-00-00-00-00-00
[03:00:09:940][Response Fail][System.Exception]
[03:00:09:947]   at ..(Boolean  )
   at ..(Byte  , Byte[]  )
[03:00:10:009]_ystech_retry_count=1
[03:00:10:009][HID_TX]00-85-01-83-8B-01-00-00-00-00-00-00-00-00-00-00-00-00-00-00-00-00-00-00-00-00-00-00-00-00-00-00-00-00-00-00-00-00-00-00-00-00-00-00-00-00-00-00-00-00-00-00-00-00-00-00-00-00-00-00-00-00-00-00-00
[03:00:10:010]HidD_GetInputReport=True
[03:00:10:010]reply_report=00-4F-00-00-00-00-00-00-00-00-00-00-00-00-00-00-00-00-00-00-00-00-00-00-00-00-00-00-00-00-00-00-00-00-00-00-00-00-00-00-00-00-00-00-00-00-00-00-00-00-00-00-00-00-00-00-00-00-00-00-00-00-00-00-00
[03:00:10:010]HID_CMD_POWER_SAVING_Disable
[03:00:10:010]path_connected=\\?\hid#vid_046d&pid_0adf&mi_00#7&3ad8dff3&0&0000#{4d1e55b2-f16f-11cf-88cb-001111000030}
[03:00:12:654][HID_TX]00-80-06-1C-7D-50-41-0E-01-01-E0-00-00-00-00-00-00-00-00-00-00-00-00-00-00-00-00-00-00-00-00-00-00-00-00-00-00-00-00-00-00-00-00-00-00-00-00-00-00-00-00-00-00-00-00-00-00-00-00-00-00-00-00-00-00
[03:00:12:654]HidD_GetInputReport=True
[03:00:12:655]reply_report=00-4F-00-00-00-00-00-00-00-00-00-00-00-00-00-00-00-00-00-00-00-00-00-00-00-00-00-00-00-00-00-00-00-00-00-00-00-00-00-00-00-00-00-00-00-00-00-00-00-00-00-00-00-00-00-00-00-00-00-00-00-00-00-00-00
[03:00:12:655]50-41-0E-01-01-E0 [CMD_SENT][REMOTE_GET_MODE]
[03:00:12:662][HID_TX_ack]00-19-50-49-01-C0-A2-36-00-00-03-00-0E-81-00-50-49-0E-C5-00-00-00-00-02-00-E0-00-00-32-00-00-00-00-00-00-00-00-00-00-00-00-00-00-00-00-00-00-00-00-00-00-00-00-00-00-00-00-00-00-00-00-00-00-00-00
[03:00:12:676]REMOTE_GET_MODE=00
[03:00:12:676]50-49-01-C0-A2-36-00-00-03-00-0E-81-00
[03:00:12:676]50-49-0E-C5-00-00-00-00-02-00-E0-00-
[03:00:12:676][HID_TX]00-80-08-08-E6-50-41-06-02-02-00-43-01-00-00-00-00-00-00-00-00-00-00-00-00-00-00-00-00-00-00-00-00-00-00-00-00-00-00-00-00-00-00-00-00-00-00-00-00-00-00-00-00-00-00-00-00-00-00-00-00-00-00-00-00
[03:00:12:677]HidD_GetInputReport=True
[03:00:12:677]reply_report=00-4F-00-00-00-00-00-00-00-00-00-00-00-00-00-00-00-00-00-00-00-00-00-00-00-00-00-00-00-00-00-00-00-00-00-00-00-00-00-00-00-00-00-00-00-00-00-00-00-00-00-00-00-00-00-00-00-00-00-00-00-00-00-00-00
[03:00:12:677]50-41-06-02-02-00-43-01 [CMD_SENT][CMD_READ_MP_DATA_BY_ID]
[03:00:12:680][HID_TX_ack]00-13-50-49-01-C0-B5-36-00-00-09-00-06-82-00-56-34-12-AA-CB-89-00-00-02-00-E0-00-00-32-00-00-00-00-00-00-00-00-00-00-00-00-00-00-00-00-00-00-00-00-00-00-00-00-00-00-00-00-00-00-00-00-00-00-00-00
[03:00:12:680]50-49-01-C0-B5-36-00-00-09-00-06-82-00-56-34-12-AA-CB-89
[03:00:16:039][HID_TX]00-80-06-F7-52-50-41-0E-03-01-E0-00-00-00-00-00-00-00-00-00-00-00-00-00-00-00-00-00-00-00-00-00-00-00-00-00-00-00-00-00-00-00-00-00-00-00-00-00-00-00-00-00-00-00-00-00-00-00-00-00-00-00-00-00-00
[03:00:16:041]HidD_GetInputReport=True
[03:00:16:041]reply_report=00-4F-00-00-00-00-00-00-00-00-00-00-00-00-00-00-00-00-00-00-00-00-00-00-00-00-00-00-00-00-00-00-00-00-00-00-00-00-00-00-00-00-00-00-00-00-00-00-00-00-00-00-00-00-00-00-00-00-00-00-00-00-00-00-00
[03:00:16:041]50-41-0E-03-01-E0 [CMD_SENT][REMOTE_GET_MODE]
[03:00:16:044][HID_TX_ack]00-19-50-49-01-C0-37-41-00-00-03-00-0E-83-00-50-49-0E-C6-00-00-00-00-02-00-E0-00-00-32-00-00-00-00-00-00-00-00-00-00-00-00-00-00-00-00-00-00-00-00-00-00-00-00-00-00-00-00-00-00-00-00-00-00-00-00
[03:00:16:044]50-49-01-C0-37-41-00-00-03-00-0E-83-00
[03:00:16:044]50-49-0E-C6-00-00-00-00-02-00-E0-00-
[03:00:16:044]REMOTE_GET_MODE=00
[03:00:16:044][HID_TX]00-80-07-C8-D5-50-41-0E-04-02-E1-01-00-00-00-00-00-00-00-00-00-00-00-00-00-00-00-00-00-00-00-00-00-00-00-00-00-00-00-00-00-00-00-00-00-00-00-00-00-00-00-00-00-00-00-00-00-00-00-00-00-00-00-00-00
[03:00:16:044]HidD_GetInputReport=True
[03:00:16:044]reply_report=00-4F-00-00-00-00-00-00-00-00-00-00-00-00-00-00-00-00-00-00-00-00-00-00-00-00-00-00-00-00-00-00-00-00-00-00-00-00-00-00-00-00-00-00-00-00-00-00-00-00-00-00-00-00-00-00-00-00-00-00-00-00-00-00-00
[03:00:16:044]50-41-0E-04-02-E1-01 [CMD_SENT][REMOTE_SET_MODE] is_remote=True
[03:00:16:048][HID_TX_ack]00-0D-50-49-01-C0-3A-41-00-00-03-00-0E-84-00-50-49-0E-C6-00-00-00-00-02-00-E0-00-00-32-00-00-00-00-00-00-00-00-00-00-00-00-00-00-00-00-00-00-00-00-00-00-00-00-00-00-00-00-00-00-00-00-00-00-00-00
[03:00:16:048]50-49-01-C0-3A-41-00-00-03-00-0E-84-00
[03:00:16:048][HID_TX]00-80-13-95-A9-50-41-06-05-0D-00-25-34-12-5A-5A-01-00-00-00-F0-00-00-00-00-00-00-00-00-00-00-00-00-00-00-00-00-00-00-00-00-00-00-00-00-00-00-00-00-00-00-00-00-00-00-00-00-00-00-00-00-00-00-00-00
[03:00:16:048]HidD_GetInputReport=True
[03:00:16:048]reply_report=00-4F-00-00-00-00-00-00-00-00-00-00-00-00-00-00-00-00-00-00-00-00-00-00-00-00-00-00-00-00-00-00-00-00-00-00-00-00-00-00-00-00-00-00-00-00-00-00-00-00-00-00-00-00-00-00-00-00-00-00-00-00-00-00-00
[03:00:16:048]50-41-06-05-0D-00-25-34-12-5A-5A-01-00-00-00-F0-00-00-00 [CMD_SENT][OTA_CMD_IOCTL][READ_MAX_LEN]
[03:00:16:068][HID_TX_ack]00-11-50-49-01-C7-C7-65-00-00-07-00-06-85-00-F0-00-00-00-00-00-00-00-02-00-E0-00-00-32-00-00-00-00-00-00-00-00-00-00-00-00-00-00-00-00-00-00-00-00-00-00-00-00-00-00-00-00-00-00-00-00-00-00-00-00
[03:00:16:068]50-49-01-C7-C7-65-00-00-07-00-06-85-00-F0-00-00-00
[03:00:16:068][HID_TX]00-80-06-C4-92-50-41-0E-06-01-E0-00-00-00-00-00-00-00-00-00-00-00-00-00-00-00-00-00-00-00-00-00-00-00-00-00-00-00-00-00-00-00-00-00-00-00-00-00-00-00-00-00-00-00-00-00-00-00-00-00-00-00-00-00-00
[03:00:16:069]HidD_GetInputReport=True
[03:00:16:069]reply_report=00-4F-00-00-00-00-00-00-00-00-00-00-00-00-00-00-00-00-00-00-00-00-00-00-00-00-00-00-00-00-00-00-00-00-00-00-00-00-00-00-00-00-00-00-00-00-00-00-00-00-00-00-00-00-00-00-00-00-00-00-00-00-00-00-00
[03:00:16:069]50-41-0E-06-01-E0 [CMD_SENT][REMOTE_GET_MODE]
[03:00:16:071][HID_TX_ack]00-19-50-49-01-C0-4D-41-00-00-03-00-0E-86-00-50-49-0E-C8-00-00-00-00-02-00-E0-01-00-32-00-00-00-00-00-00-00-00-00-00-00-00-00-00-00-00-00-00-00-00-00-00-00-00-00-00-00-00-00-00-00-00-00-00-00-00
[03:00:16:072]50-49-01-C0-4D-41-00-00-03-00-0E-86-00
[03:00:16:072]50-49-0E-C8-00-00-00-00-02-00-E0-01-
[03:00:16:072]REMOTE_GET_MODE=01
[03:00:16:074][HID_TX]00-80-15-BE-1C-50-41-02-07-10-74-72-61-63-65-72-20-6E-76-64-73-72-20-32-33-36-00-00-00-00-00-00-00-00-00-00-00-00-00-00-00-00-00-00-00-00-00-00-00-00-00-00-00-00-00-00-00-00-00-00-00-00-00-00-00
[03:00:16:075]HidD_GetInputReport=True
[03:00:16:075]reply_report=00-4F-00-00-00-00-00-00-00-00-00-00-00-00-00-00-00-00-00-00-00-00-00-00-00-00-00-00-00-00-00-00-00-00-00-00-00-00-00-00-00-00-00-00-00-00-00-00-00-00-00-00-00-00-00-00-00-00-00-00-00-00-00-00-00
[03:00:16:075]50-41-02-07-10-74-72-61-63-65-72-20-6E-76-64-73-72-20-32-33-36 [CMD_SENT][write_tracer][tracer nvdsr 236]
[03:00:16:082][HID_TX_ack]00-27-50-49-01-C9-D3-65-00-00-1D-00-02-07-2D-2D-2D-2D-2D-2D-2D-2D-4E-56-44-53-20-52-65-61-64-20-46-69-6C-65-5B-32-33-36-5D-00-00-00-00-00-00-00-00-00-00-00-00-00-00-00-00-00-00-00-00-00-00-00-00
[03:00:16:083]50-49-01-C9-D3-65-00-00-1D-00-02-07-2D-2D-2D-2D-2D-2D-2D-2D-4E-56-44-53-20-52-65-61-64-20-46-69-6C-65-5B-32-33-36-5D
[03:00:16:092][HID_TX_ack]00-2F-50-49-01-CA-DA-65-00-00-25-00-02-07-56-5B-30-5D-53-5B-31-35-5D-44-5B-30-31-20-30-30-20-30-30-20-30-30-20-30-30-20-30-30-20-30-30-20-30-31-5D-00-00-00-00-00-00-00-00-00-00-00-00-00-00-00-00
[03:00:16:092]50-49-01-CA-DA-65-00-00-25-00-02-07-56-5B-30-5D-53-5B-31-35-5D-44-5B-30-31-20-30-30-20-30-30-20-30-30-20-30-30-20-30-30-20-30-30-20-30-31-5D
[03:00:16:160][HID_TX_ack]00-0C-50-49-01-CB-DA-65-00-00-02-00-02-87-56-5B-30-5D-53-5B-31-35-5D-44-5B-30-31-20-30-30-20-30-30-20-30-30-20-30-30-20-30-30-20-30-30-20-30-31-5D-00-00-00-00-00-00-00-00-00-00-00-00-00-00-00-00
[03:00:16:160]50-49-01-CB-DA-65-00-00-02-00-02-87-
[03:00:16:160][write_tracer_result]
[03:00:16:160][write_tracer_result]--------NVDS Read File[236]V[0]S[15]D[01 00 00 00 00 00 00 01]
[03:00:16:160]rep1=--------NVDS Read File[236]V[0]S[15]D[01 00 00 00 00 00 00 01]
[03:00:16:160]rep2=]V[0]S[15]D[01 00 00 00 00 00 00 01]
[03:00:16:163][HID_TX]00-80-15-CA-4C-50-41-02-08-10-74-72-61-63-65-72-20-6E-76-64-73-72-20-32-33-36-00-00-00-00-00-00-00-00-00-00-00-00-00-00-00-00-00-00-00-00-00-00-00-00-00-00-00-00-00-00-00-00-00-00-00-00-00-00-00
[03:00:16:165]HidD_GetInputReport=True
[03:00:16:165]reply_report=00-4F-00-00-00-00-00-00-00-00-00-00-00-00-00-00-00-00-00-00-00-00-00-00-00-00-00-00-00-00-00-00-00-00-00-00-00-00-00-00-00-00-00-00-00-00-00-00-00-00-00-00-00-00-00-00-00-00-00-00-00-00-00-00-00
[03:00:16:165]50-41-02-08-10-74-72-61-63-65-72-20-6E-76-64-73-72-20-32-33-36 [CMD_SENT][write_tracer][tracer nvdsr 236]
[03:00:16:188][HID_TX_ack]00-3F-50-49-01-CC-26-66-00-00-1D-00-02-08-2D-2D-2D-2D-2D-2D-2D-2D-4E-56-44-53-20-52-65-61-64-20-46-69-6C-65-5B-32-33-36-5D-50-49-01-CD-27-66-00-00-25-00-02-08-56-5B-30-5D-53-5B-31-35-5D-44-5B-30
[03:00:16:188]50-49-01-CC-26-66-00-00-1D-00-02-08-2D-2D-2D-2D-2D-2D-2D-2D-4E-56-44-53-20-52-65-61-64-20-46-69-6C-65-5B-32-33-36-5D
[03:00:16:191][HID_TX_ack]00-17-31-20-30-30-20-30-30-20-30-30-20-30-30-20-30-30-20-30-30-20-30-31-5D-53-20-52-65-61-64-20-46-69-6C-65-5B-32-33-36-5D-50-49-01-CD-27-66-00-00-25-00-02-08-56-5B-30-5D-53-5B-31-35-5D-44-5B-30
[03:00:16:191]50-49-01-CD-27-66-00-00-25-00-02-08-56-5B-30-5D-53-5B-31-35-5D-44-5B-30-31-20-30-30-20-30-30-20-30-30-20-30-30-20-30-30-20-30-30-20-30-31-5D
[03:00:16:248][HID_TX_ack]00-0C-50-49-01-CE-27-66-00-00-02-00-02-88-30-20-30-30-20-30-30-20-30-31-5D-53-20-52-65-61-64-20-46-69-6C-65-5B-32-33-36-5D-50-49-01-CD-27-66-00-00-25-00-02-08-56-5B-30-5D-53-5B-31-35-5D-44-5B-30
[03:00:16:248]50-49-01-CE-27-66-00-00-02-00-02-88-
[03:00:16:248][write_tracer_result]
[03:00:16:249][write_tracer_result]--------NVDS Read File[236]V[0]S[15]D[01 00 00 00 00 00 00 01]
[03:00:16:249]rep1=--------NVDS Read File[236]V[0]S[15]D[01 00 00 00 00 00 00 01]
[03:00:16:250]rep2=]V[0]S[15]D[01 00 00 00 00 00 00 01]
[03:00:16:250][HID_TX]00-80-3C-75-B3-50-41-02-09-4F-74-72-61-63-65-72-20-6E-76-64-73-77-20-32-33-36-20-30-78-31-34-20-31-20-30-78-30-20-30-78-30-20-30-78-30-20-30-78-30-20-30-78-30-20-30-78-30-20-30-20-30-20-30-20-30
[03:00:16:252]HidD_GetInputReport=True
[03:00:16:252]reply_report=00-4F-00-00-00-00-00-00-00-00-00-00-00-00-00-00-00-00-00-00-00-00-00-00-00-00-00-00-00-00-00-00-00-00-00-00-00-00-00-00-00-00-00-00-00-00-00-00-00-00-00-00-00-00-00-00-00-00-00-00-00-00-00-00-00
[03:00:16:252][HID_TX]00-80-18-04-35-20-30-20-30-78-31-30-20-30-20-30-20-30-78-30-44-20-30-20-30-20-30-20-30-00-00-00-00-00-00-00-00-00-00-00-00-00-00-00-00-00-00-00-00-00-00-00-00-00-00-00-00-00-00-00-00-00-00-00-00
[03:00:16:253]HidD_GetInputReport=True
[03:00:16:253]reply_report=00-4F-00-00-00-00-00-00-00-00-00-00-00-00-00-00-00-00-00-00-00-00-00-00-00-00-00-00-00-00-00-00-00-00-00-00-00-00-00-00-00-00-00-00-00-00-00-00-00-00-00-00-00-00-00-00-00-00-00-00-00-00-00-00-00
[03:00:16:253]50-41-02-09-4F-74-72-61-63-65-72-20-6E-76-64-73-77-20-32-33-36-20-30-78-31-34-20-31-20-30-78-30-20-30-78-30-20-30-78-30-20-30-78-30-20-30-78-30-20-30-78-30-20-30-20-30-20-30-20-30-20-30-20-30-78-31-30-20-30-20-30-20-30-78-30-44-20-30-20-30-20-30-20-30 [CMD_SENT][write_tracer][tracer nvdsw 236 0x14 1 0x0 0x0 0x0 0x0 0x0 0x0 0 0 0 0 0 0x10 0 0 0x0D 0 0 0 0]
[03:00:16:281][HID_TX_ack]00-3F-50-49-01-CF-6E-66-00-00-27-00-02-09-2D-2D-2D-2D-2D-2D-2D-2D-4E-56-44-53-20-57-72-69-74-65-20-46-69-6C-65-5B-32-33-36-5D-56-5B-30-5D-53-5B-32-30-5D-50-49-01-D0-6F-66-00-00-10-00-02-09-4E-56
[03:00:16:281]50-49-01-CF-6E-66-00-00-27-00-02-09-2D-2D-2D-2D-2D-2D-2D-2D-4E-56-44-53-20-57-72-69-74-65-20-46-69-6C-65-5B-32-33-36-5D-56-5B-30-5D-53-5B-32-30-5D
[03:00:16:283][HID_TX_ack]00-0C-44-53-20-69-73-20-64-6F-6E-65-20-30-2D-2D-2D-2D-2D-2D-2D-2D-4E-56-44-53-20-57-72-69-74-65-20-46-69-6C-65-5B-32-33-36-5D-56-5B-30-5D-53-5B-32-30-5D-50-49-01-D0-6F-66-00-00-10-00-02-09-4E-56
[03:00:16:283]50-49-01-D0-6F-66-00-00-10-00-02-09-4E-56-44-53-20-69-73-20-64-6F-6E-65-20-30
[03:00:16:333][HID_TX_ack]00-0C-50-49-01-D1-6F-66-00-00-02-00-02-89-2D-2D-2D-2D-2D-2D-2D-2D-4E-56-44-53-20-57-72-69-74-65-20-46-69-6C-65-5B-32-33-36-5D-56-5B-30-5D-53-5B-32-30-5D-50-49-01-D0-6F-66-00-00-10-00-02-09-4E-56
[03:00:16:333]50-49-01-D1-6F-66-00-00-02-00-02-89-
[03:00:16:333][write_tracer_result]
[03:00:16:333][write_tracer_result]--------NVDS Write File[236]V[0]S[20]NVDS is done 0
[03:00:17:342][HID_TX]00-80-07-3E-86-50-41-0E-0A-02-E1-00-00-00-00-00-00-00-00-00-00-00-00-00-00-00-00-00-00-00-00-00-00-00-00-00-00-00-00-00-00-00-00-00-00-00-00-00-00-00-00-00-00-00-00-00-00-00-00-00-00-00-00-00-00
[03:00:17:343]HidD_GetInputReport=True
[03:00:17:343]reply_report=00-4F-00-00-00-00-00-00-00-00-00-00-00-00-00-00-00-00-00-00-00-00-00-00-00-00-00-00-00-00-00-00-00-00-00-00-00-00-00-00-00-00-00-00-00-00-00-00-00-00-00-00-00-00-00-00-00-00-00-00-00-00-00-00-00
[03:00:17:343]50-41-0E-0A-02-E1-00 [CMD_SENT][REMOTE_SET_MODE] is_remote=False
[03:00:17:346][HID_TX_ack]00-0D-50-49-01-C0-49-45-00-00-03-00-0E-8A-00-2D-2D-2D-2D-2D-2D-2D-4E-56-44-53-20-57-72-69-74-65-20-46-69-6C-65-5B-32-33-36-5D-56-5B-30-5D-53-5B-32-30-5D-50-49-01-D0-6F-66-00-00-10-00-02-09-4E-56
[03:00:17:346]50-49-01-C0-49-45-00-00-03-00-0E-8A-00
[03:00:17:348]ystech_Power_Saving, is_EnablePowerSaving=True
[03:00:17:348][HID_TX]00-85-01-73-56-02-00-00-00-00-00-00-00-00-00-00-00-00-00-00-00-00-00-00-00-00-00-00-00-00-00-00-00-00-00-00-00-00-00-00-00-00-00-00-00-00-00-00-00-00-00-00-00-00-00-00-00-00-00-00-00-00-00-00-00
[03:00:17:349]HidD_GetInputReport=True
[03:00:17:349]reply_report=00-4F-00-00-00-00-00-00-00-00-00-00-00-00-00-00-00-00-00-00-00-00-00-00-00-00-00-00-00-00-00-00-00-00-00-00-00-00-00-00-00-00-00-00-00-00-00-00-00-00-00-00-00-00-00-00-00-00-00-00-00-00-00-00-00
[03:00:17:349]HID_CMD_POWER_SAVING_Enable
[03:00:17:349]close_hid_stream
[03:00:17:349]close_hid_handle
