[14:47:22:110]\\?\hid#dell09c2&col02#5&bc4dc33&0&0001#{4d1e55b2-f16f-11cf-88cb-001111000030}
[14:47:22:110]\\?\hid#dell09c2&col03#5&bc4dc33&0&0002#{4d1e55b2-f16f-11cf-88cb-001111000030}
[14:47:22:110]\\?\hid#intc816&col01#3&207f9b7f&0&0000#{4d1e55b2-f16f-11cf-88cb-001111000030}
[14:47:22:110]\\?\hid#vid_046d&pid_0adf&mi_04#7&2ad3f249&0&0000#{4d1e55b2-f16f-11cf-88cb-001111000030}
[14:47:22:110]\\?\hid#intc816&col02#3&207f9b7f&0&0001#{4d1e55b2-f16f-11cf-88cb-001111000030}
[14:47:22:110]\\?\hid#converteddevice&col02#5&17bac0a6&0&0001#{4d1e55b2-f16f-11cf-88cb-001111000030}
[14:47:22:110]\\?\hid#converteddevice&col03#5&17bac0a6&0&0002#{4d1e55b2-f16f-11cf-88cb-001111000030}
[14:47:22:110]\\?\hid#dell09c2&col04#5&bc4dc33&0&0003#{4d1e55b2-f16f-11cf-88cb-001111000030}
[14:47:22:111]\\?\hid#dell09c2&col05#5&bc4dc33&0&0004#{4d1e55b2-f16f-11cf-88cb-001111000030}
[14:47:22:111]\\?\hid#vid_046d&pid_0adf&mi_00#7&28ee3ab8&0&0000#{4d1e55b2-f16f-11cf-88cb-001111000030}
[14:47:22:111]\\?\hid#converteddevice&col01#5&17bac0a6&0&0000#{4d1e55b2-f16f-11cf-88cb-001111000030}\kbd
[14:47:22:111]\\?\hid#dell09c2&col01#5&bc4dc33&0&0000#{4d1e55b2-f16f-11cf-88cb-001111000030}
[14:47:22:111]\\?\hid#vid_413c&pid_301a#6&3b68e75b&0&0000#{4d1e55b2-f16f-11cf-88cb-001111000030}
[14:47:22:112]try_path=\\?\hid#vid_046d&pid_0adf&mi_04#7&2ad3f249&0&0000#{4d1e55b2-f16f-11cf-88cb-001111000030}
[14:47:22:122][invalid device][System.Exception]
[14:47:22:127]   at ..connect(String path)
[14:47:22:127]close_hid_handle
[14:47:22:130][connect HID device fail : invalid device][System.Exception]
[14:47:22:130]   at ..connect(String path)
   at ..(String  )
   at ..connect(UInt16 vid, UInt16 pid,  vt)
[14:47:22:130]try_path=\\?\hid#vid_046d&pid_0adf&mi_00#7&28ee3ab8&0&0000#{4d1e55b2-f16f-11cf-88cb-001111000030}
[14:47:22:130]	InputReportByteLength=65
[14:47:22:130]	OutputReportByteLength=65
[14:47:22:131]HID_Connected=\\?\hid#vid_046d&pid_0adf&mi_00#7&28ee3ab8&0&0000#{4d1e55b2-f16f-11cf-88cb-001111000030}
[14:47:22:131][HID_TX]00-84-01-D1-55-01-00-00-00-00-00-00-00-00-00-00-00-00-00-00-00-00-00-00-00-00-00-00-00-00-00-00-00-00-00-00-00-00-00-00-00-00-00-00-00-00-00-00-00-00-00-00-00-00-00-00-00-00-00-00-00-00-00-00-00
[14:47:22:134]HidD_GetInputReport=True
[14:47:22:134]reply_report=00-4F-56-31-2E-36-2E-31-00-00-00-00-00-00-00-00-00-00-00-00-00-00-00-00-00-00-00-00-00-00-00-00-00-00-00-00-00-00-00-00-00-00-00-00-00-00-00-00-00-00-00-00-00-00-00-00-00-00-00-00-00-00-00-00-00
[14:47:22:134][ys_tech] fw_version=V1.6.1
[14:47:22:134]ystech_Power_Saving, is_EnablePowerSaving=False
[14:47:22:134][HID_TX]00-85-01-83-8B-01-00-00-00-00-00-00-00-00-00-00-00-00-00-00-00-00-00-00-00-00-00-00-00-00-00-00-00-00-00-00-00-00-00-00-00-00-00-00-00-00-00-00-00-00-00-00-00-00-00-00-00-00-00-00-00-00-00-00-00
[14:47:22:135]HidD_GetInputReport=True
[14:47:22:135]reply_report=00-4F-00-00-00-00-00-00-00-00-00-00-00-00-00-00-00-00-00-00-00-00-00-00-00-00-00-00-00-00-00-00-00-00-00-00-00-00-00-00-00-00-00-00-00-00-00-00-00-00-00-00-00-00-00-00-00-00-00-00-00-00-00-00-00
[14:47:22:135]HID_CMD_POWER_SAVING_Disable
[14:47:22:135]path_connected=\\?\hid#vid_046d&pid_0adf&mi_00#7&28ee3ab8&0&0000#{4d1e55b2-f16f-11cf-88cb-001111000030}
[14:47:23:144][HID_TX]00-80-06-1C-7D-50-41-0E-01-01-E0-00-00-00-00-00-00-00-00-00-00-00-00-00-00-00-00-00-00-00-00-00-00-00-00-00-00-00-00-00-00-00-00-00-00-00-00-00-00-00-00-00-00-00-00-00-00-00-00-00-00-00-00-00-00
[14:47:23:146]HidD_GetInputReport=True
[14:47:23:146]reply_report=00-4F-00-00-00-00-00-00-00-00-00-00-00-00-00-00-00-00-00-00-00-00-00-00-00-00-00-00-00-00-00-00-00-00-00-00-00-00-00-00-00-00-00-00-00-00-00-00-00-00-00-00-00-00-00-00-00-00-00-00-00-00-00-00-00
[14:47:23:147]50-41-0E-01-01-E0 [CMD_SENT][REMOTE_GET_MODE]
[14:47:23:151][HID_TX_ack]00-19-50-49-01-C0-8F-8C-02-00-03-00-0E-81-00-50-49-0E-C7-00-00-00-00-02-00-E0-00-00-01-00-01-00-00-00-00-00-31-00-01-00-19-00-00-00-00-00-00-00-00-00-00-00-00-00-00-00-00-00-00-00-00-00-00-00-00
[14:47:23:164]REMOTE_GET_MODE=00
[14:47:23:164]50-49-01-C0-8F-8C-02-00-03-00-0E-81-00
[14:47:23:164]50-49-0E-C7-00-00-00-00-02-00-E0-00-
[14:47:23:165][HID_TX]00-80-08-08-E6-50-41-06-02-02-00-43-01-00-00-00-00-00-00-00-00-00-00-00-00-00-00-00-00-00-00-00-00-00-00-00-00-00-00-00-00-00-00-00-00-00-00-00-00-00-00-00-00-00-00-00-00-00-00-00-00-00-00-00-00
[14:47:23:166]HidD_GetInputReport=True
[14:47:23:166]reply_report=00-4F-00-00-00-00-00-00-00-00-00-00-00-00-00-00-00-00-00-00-00-00-00-00-00-00-00-00-00-00-00-00-00-00-00-00-00-00-00-00-00-00-00-00-00-00-00-00-00-00-00-00-00-00-00-00-00-00-00-00-00-00-00-00-00
[14:47:23:166]50-41-06-02-02-00-43-01 [CMD_SENT][CMD_READ_MP_DATA_BY_ID]
[14:47:23:169][HID_TX_ack]00-13-50-49-01-C0-8F-8C-02-00-09-00-06-82-00-87-56-03-99-58-40-00-00-02-00-E0-00-00-01-00-01-00-00-00-00-00-31-00-01-00-19-00-00-00-00-00-00-00-00-00-00-00-00-00-00-00-00-00-00-00-00-00-00-00-00
[14:47:23:169]50-49-01-C0-8F-8C-02-00-09-00-06-82-00-87-56-03-99-58-40
[14:47:24:182][HID_TX]00-80-07-77-A6-50-41-0E-03-02-E1-00-00-00-00-00-00-00-00-00-00-00-00-00-00-00-00-00-00-00-00-00-00-00-00-00-00-00-00-00-00-00-00-00-00-00-00-00-00-00-00-00-00-00-00-00-00-00-00-00-00-00-00-00-00
[14:47:24:184]HidD_GetInputReport=True
[14:47:24:184]reply_report=00-4F-00-00-00-00-00-00-00-00-00-00-00-00-00-00-00-00-00-00-00-00-00-00-00-00-00-00-00-00-00-00-00-00-00-00-00-00-00-00-00-00-00-00-00-00-00-00-00-00-00-00-00-00-00-00-00-00-00-00-00-00-00-00-00
[14:47:24:184]50-41-0E-03-02-E1-00 [CMD_SENT][REMOTE_SET_MODE] is_remote=False
[14:47:24:187][HID_TX_ack]00-0D-50-49-01-C0-75-90-02-00-03-00-0E-83-00-87-56-03-99-58-40-00-00-02-00-E0-00-00-01-00-01-00-00-00-00-00-31-00-01-00-19-00-00-00-00-00-00-00-00-00-00-00-00-00-00-00-00-00-00-00-00-00-00-00-00
[14:47:24:187]50-49-01-C0-75-90-02-00-03-00-0E-83-00
[14:47:24:187]ystech_Power_Saving, is_EnablePowerSaving=True
[14:47:24:187][HID_TX]00-85-01-73-56-02-00-00-00-00-00-00-00-00-00-00-00-00-00-00-00-00-00-00-00-00-00-00-00-00-00-00-00-00-00-00-00-00-00-00-00-00-00-00-00-00-00-00-00-00-00-00-00-00-00-00-00-00-00-00-00-00-00-00-00
[14:47:24:188]HidD_GetInputReport=True
[14:47:24:188]reply_report=00-4F-00-00-00-00-00-00-00-00-00-00-00-00-00-00-00-00-00-00-00-00-00-00-00-00-00-00-00-00-00-00-00-00-00-00-00-00-00-00-00-00-00-00-00-00-00-00-00-00-00-00-00-00-00-00-00-00-00-00-00-00-00-00-00
[14:47:24:188]HID_CMD_POWER_SAVING_Enable
[14:47:24:188]close_hid_stream
[14:47:24:188]close_hid_handle
