[08:27:46:409]\\?\hid#dell09c2&col02#5&bc4dc33&0&0001#{4d1e55b2-f16f-11cf-88cb-001111000030}
[08:27:46:409]\\?\hid#vid_046d&pid_0acb&mi_03&col01#7&2c0518a&0&0000#{4d1e55b2-f16f-11cf-88cb-001111000030}
[08:27:46:409]\\?\hid#dell09c2&col03#5&bc4dc33&0&0002#{4d1e55b2-f16f-11cf-88cb-001111000030}
[08:27:46:409]\\?\hid#intc816&col01#3&207f9b7f&0&0000#{4d1e55b2-f16f-11cf-88cb-001111000030}
[08:27:46:409]\\?\hid#intc816&col02#3&207f9b7f&0&0001#{4d1e55b2-f16f-11cf-88cb-001111000030}
[08:27:46:409]\\?\hid#vid_046d&pid_0acb&mi_03&col02#7&2c0518a&0&0001#{4d1e55b2-f16f-11cf-88cb-001111000030}
[08:27:46:409]\\?\hid#converteddevice&col02#5&17bac0a6&0&0001#{4d1e55b2-f16f-11cf-88cb-001111000030}
[08:27:46:409]\\?\hid#converteddevice&col03#5&17bac0a6&0&0002#{4d1e55b2-f16f-11cf-88cb-001111000030}
[08:27:46:409]\\?\hid#dell09c2&col04#5&bc4dc33&0&0003#{4d1e55b2-f16f-11cf-88cb-001111000030}
[08:27:46:409]\\?\hid#vid_046d&pid_0acb&mi_03&col03#7&2c0518a&0&0002#{4d1e55b2-f16f-11cf-88cb-001111000030}
[08:27:46:409]\\?\hid#dell09c2&col05#5&bc4dc33&0&0004#{4d1e55b2-f16f-11cf-88cb-001111000030}
[08:27:46:409]\\?\hid#vid_046d&pid_0acb&mi_03&col04#7&2c0518a&0&0003#{4d1e55b2-f16f-11cf-88cb-001111000030}
[08:27:46:409]\\?\hid#converteddevice&col01#5&17bac0a6&0&0000#{4d1e55b2-f16f-11cf-88cb-001111000030}\kbd
[08:27:46:409]\\?\hid#dell09c2&col01#5&bc4dc33&0&0000#{4d1e55b2-f16f-11cf-88cb-001111000030}
[08:27:46:409]\\?\hid#vid_413c&pid_301a#6&3b68e75b&0&0000#{4d1e55b2-f16f-11cf-88cb-001111000030}
[08:27:46:411]try_path=\\?\hid#vid_046d&pid_0acb&mi_03&col01#7&2c0518a&0&0000#{4d1e55b2-f16f-11cf-88cb-001111000030}
[08:27:46:420][invalid device][System.Exception]
[08:27:46:424]   at ..connect(String path)
[08:27:46:425]close_hid_handle
[08:27:46:427][connect HID device fail : invalid device][System.Exception]
[08:27:46:427]   at ..connect(String path)
   at ..(String  )
   at ..connect(UInt16 vid, UInt16 pid,  vt)
[08:27:46:427]try_path=\\?\hid#vid_046d&pid_0acb&mi_03&col02#7&2c0518a&0&0001#{4d1e55b2-f16f-11cf-88cb-001111000030}
[08:27:46:428]	InputReportByteLength=5
[08:27:46:428]	OutputReportByteLength=0
[08:27:46:428]HID_Connected=\\?\hid#vid_046d&pid_0acb&mi_03&col02#7&2c0518a&0&0001#{4d1e55b2-f16f-11cf-88cb-001111000030}
[08:27:46:429][HID_TX]00-84-01-D1-55-01-00-00-00-00-00-00-00-00-00-00-00-00-00-00-00-00-00-00-00-00-00-00-00-00-00-00-00-00-00-00-00-00-00-00-00-00-00-00-00-00-00-00-00-00-00-00-00-00-00-00-00-00-00-00-00-00-00-00-00
[08:27:46:434][Incorrect function.
][System.IO.IOException]
[08:27:46:435]   at System.IO.__Error.WinIOError(Int32 errorCode, String maybeFullPath)
   at System.IO.FileStream.BeginWriteCore(Byte[] bytes, Int32 offset, Int32 numBytes, AsyncCallback userCallback, Object stateObject)
   at System.IO.FileStream.WriteCore(Byte[] buffer, Int32 offset, Int32 count)
   at System.IO.FileStream.Write(Byte[] array, Int32 offset, Int32 count)
   at ..(Byte  , Byte[]  )
[08:27:46:437][ystech_read_fw_version_fail]connect HID device fail : Incorrect function.

[08:27:46:437]ystech_Power_Saving, is_EnablePowerSaving=True
[08:27:46:437][HID_TX]00-85-01-73-56-02-00-00-00-00-00-00-00-00-00-00-00-00-00-00-00-00-00-00-00-00-00-00-00-00-00-00-00-00-00-00-00-00-00-00-00-00-00-00-00-00-00-00-00-00-00-00-00-00-00-00-00-00-00-00-00-00-00-00-00
[08:27:46:440][The handle is invalid.
][System.IO.IOException]
[08:27:46:440]   at System.IO.__Error.WinIOError(Int32 errorCode, String maybeFullPath)
   at System.IO.FileStream.BeginWriteCore(Byte[] bytes, Int32 offset, Int32 numBytes, AsyncCallback userCallback, Object stateObject)
   at System.IO.FileStream.WriteCore(Byte[] buffer, Int32 offset, Int32 count)
   at System.IO.FileStream.Write(Byte[] array, Int32 offset, Int32 count)
   at ..(Byte  , Byte[]  )
[08:27:46:443][connect HID device fail : The handle is invalid.
][System.Exception]
[08:27:46:443]   at ..(Byte  , Byte[]  )
   at ..(Boolean  )
   at ..close()
[08:27:46:443]close_hid_stream
[08:27:46:446][External component has thrown an exception.][System.Runtime.InteropServices.SEHException]
[08:27:46:446]   at ..(IntPtr  )
   at ..close()
[08:27:46:446]retry_connect
[08:27:46:446]	InputReportByteLength=5
[08:27:46:446]	OutputReportByteLength=0
[08:27:46:446]HID_Connected=\\?\hid#vid_046d&pid_0acb&mi_03&col02#7&2c0518a&0&0001#{4d1e55b2-f16f-11cf-88cb-001111000030}
[08:27:46:446]ystech_DFU_mode=True
[08:27:46:446][HID_TX]00-81-01-A8-C2-01-00-00-00-00-00-00-00-00-00-00-00-00-00-00-00-00-00-00-00-00-00-00-00-00-00-00-00-00-00-00-00-00-00-00-00-00-00-00-00-00-00-00-00-00-00-00-00-00-00-00-00-00-00-00-00-00-00-00-00
[08:27:46:449][Incorrect function.
][System.IO.IOException]
[08:27:46:449]   at System.IO.__Error.WinIOError(Int32 errorCode, String maybeFullPath)
   at System.IO.FileStream.BeginWriteCore(Byte[] bytes, Int32 offset, Int32 numBytes, AsyncCallback userCallback, Object stateObject)
   at System.IO.FileStream.WriteCore(Byte[] buffer, Int32 offset, Int32 count)
   at System.IO.FileStream.Write(Byte[] array, Int32 offset, Int32 count)
   at ..(Byte  , Byte[]  )
[08:27:46:451][connect HID device fail : Incorrect function.
][System.Exception]
[08:27:46:451]   at ..(Byte  , Byte[]  )
   at ..(Boolean  )
   at ..(String  )
   at ..connect(UInt16 vid, UInt16 pid,  vt)
[08:27:46:451]try_path=\\?\hid#vid_046d&pid_0acb&mi_03&col03#7&2c0518a&0&0002#{4d1e55b2-f16f-11cf-88cb-001111000030}
[08:27:46:451]	InputReportByteLength=8
[08:27:46:451]	OutputReportByteLength=515
[08:27:46:451]HID_Connected=\\?\hid#vid_046d&pid_0acb&mi_03&col03#7&2c0518a&0&0002#{4d1e55b2-f16f-11cf-88cb-001111000030}
[08:27:46:451][HID_TX]00-84-01-D1-55-01-00-00-00-00-00-00-00-00-00-00-00-00-00-00-00-00-00-00-00-00-00-00-00-00-00-00-00-00-00-00-00-00-00-00-00-00-00-00-00-00-00-00-00-00-00-00-00-00-00-00-00-00-00-00-00-00-00-00-00
[08:27:46:460][The parameter is incorrect.
][System.IO.IOException]
[08:27:46:460]   at System.IO.__Error.WinIOError(Int32 errorCode, String maybeFullPath)
   at System.IO.FileStream.BeginWriteCore(Byte[] bytes, Int32 offset, Int32 numBytes, AsyncCallback userCallback, Object stateObject)
   at System.IO.FileStream.WriteCore(Byte[] buffer, Int32 offset, Int32 count)
   at System.IO.FileStream.Write(Byte[] array, Int32 offset, Int32 count)
   at ..(Byte  , Byte[]  )
[08:27:46:494][ystech_read_fw_version_fail]connect HID device fail : The parameter is incorrect.

[08:27:46:495]ystech_Power_Saving, is_EnablePowerSaving=True
[08:27:46:495][HID_TX]00-85-01-73-56-02-00-00-00-00-00-00-00-00-00-00-00-00-00-00-00-00-00-00-00-00-00-00-00-00-00-00-00-00-00-00-00-00-00-00-00-00-00-00-00-00-00-00-00-00-00-00-00-00-00-00-00-00-00-00-00-00-00-00-00
[08:27:46:498][The handle is invalid.
][System.IO.IOException]
[08:27:46:498]   at System.IO.__Error.WinIOError(Int32 errorCode, String maybeFullPath)
   at System.IO.FileStream.BeginWriteCore(Byte[] bytes, Int32 offset, Int32 numBytes, AsyncCallback userCallback, Object stateObject)
   at System.IO.FileStream.WriteCore(Byte[] buffer, Int32 offset, Int32 count)
   at System.IO.FileStream.Write(Byte[] array, Int32 offset, Int32 count)
   at ..(Byte  , Byte[]  )
[08:27:46:500][External component has thrown an exception.][System.Runtime.InteropServices.SEHException]
[08:27:46:500]   at ..(IntPtr  )
   at ..(Byte  , Byte[]  )
   at ..(Boolean  )
   at ..close()
[08:27:46:500]close_hid_stream
[08:27:46:503][External component has thrown an exception.][System.Runtime.InteropServices.SEHException]
[08:27:46:503]   at ..(IntPtr  )
   at ..close()
[08:27:46:503]retry_connect
[08:27:46:503]	InputReportByteLength=8
[08:27:46:503]	OutputReportByteLength=515
[08:27:46:503]HID_Connected=\\?\hid#vid_046d&pid_0acb&mi_03&col03#7&2c0518a&0&0002#{4d1e55b2-f16f-11cf-88cb-001111000030}
[08:27:46:503]ystech_DFU_mode=True
[08:27:46:503][HID_TX]00-81-01-A8-C2-01-00-00-00-00-00-00-00-00-00-00-00-00-00-00-00-00-00-00-00-00-00-00-00-00-00-00-00-00-00-00-00-00-00-00-00-00-00-00-00-00-00-00-00-00-00-00-00-00-00-00-00-00-00-00-00-00-00-00-00
[08:27:46:505][The parameter is incorrect.
][System.IO.IOException]
[08:27:46:505]   at System.IO.__Error.WinIOError(Int32 errorCode, String maybeFullPath)
   at System.IO.FileStream.BeginWriteCore(Byte[] bytes, Int32 offset, Int32 numBytes, AsyncCallback userCallback, Object stateObject)
   at System.IO.FileStream.WriteCore(Byte[] buffer, Int32 offset, Int32 count)
   at System.IO.FileStream.Write(Byte[] array, Int32 offset, Int32 count)
   at ..(Byte  , Byte[]  )
[08:27:46:508][connect HID device fail : The parameter is incorrect.
][System.Exception]
[08:27:46:508]   at ..(Byte  , Byte[]  )
   at ..(Boolean  )
   at ..(String  )
   at ..connect(UInt16 vid, UInt16 pid,  vt)
[08:27:46:508]try_path=\\?\hid#vid_046d&pid_0acb&mi_03&col04#7&2c0518a&0&0003#{4d1e55b2-f16f-11cf-88cb-001111000030}
[08:27:46:508]	InputReportByteLength=21
[08:27:46:508]	OutputReportByteLength=3
[08:27:46:508]HID_Connected=\\?\hid#vid_046d&pid_0acb&mi_03&col04#7&2c0518a&0&0003#{4d1e55b2-f16f-11cf-88cb-001111000030}
[08:27:46:508][HID_TX]00-84-01-D1-55-01-00-00-00-00-00-00-00-00-00-00-00-00-00-00-00-00-00-00-00-00-00-00-00-00-00-00-00-00-00-00-00-00-00-00-00-00-00-00-00-00-00-00-00-00-00-00-00-00-00-00-00-00-00-00-00-00-00-00-00
[08:27:46:510][The parameter is incorrect.
][System.IO.IOException]
[08:27:46:510]   at System.IO.__Error.WinIOError(Int32 errorCode, String maybeFullPath)
   at System.IO.FileStream.BeginWriteCore(Byte[] bytes, Int32 offset, Int32 numBytes, AsyncCallback userCallback, Object stateObject)
   at System.IO.FileStream.WriteCore(Byte[] buffer, Int32 offset, Int32 count)
   at System.IO.FileStream.Write(Byte[] array, Int32 offset, Int32 count)
   at ..(Byte  , Byte[]  )
[08:27:46:512][ystech_read_fw_version_fail]connect HID device fail : The parameter is incorrect.

[08:27:46:512]ystech_Power_Saving, is_EnablePowerSaving=True
[08:27:46:512][HID_TX]00-85-01-73-56-02-00-00-00-00-00-00-00-00-00-00-00-00-00-00-00-00-00-00-00-00-00-00-00-00-00-00-00-00-00-00-00-00-00-00-00-00-00-00-00-00-00-00-00-00-00-00-00-00-00-00-00-00-00-00-00-00-00-00-00
[08:27:46:515][The handle is invalid.
][System.IO.IOException]
[08:27:46:515]   at System.IO.__Error.WinIOError(Int32 errorCode, String maybeFullPath)
   at System.IO.FileStream.BeginWriteCore(Byte[] bytes, Int32 offset, Int32 numBytes, AsyncCallback userCallback, Object stateObject)
   at System.IO.FileStream.WriteCore(Byte[] buffer, Int32 offset, Int32 count)
   at System.IO.FileStream.Write(Byte[] array, Int32 offset, Int32 count)
   at ..(Byte  , Byte[]  )
[08:27:46:517][connect HID device fail : The handle is invalid.
][System.Exception]
[08:27:46:517]   at ..(Byte  , Byte[]  )
   at ..(Boolean  )
   at ..close()
[08:27:46:517]close_hid_stream
[08:27:46:519][External component has thrown an exception.][System.Runtime.InteropServices.SEHException]
[08:27:46:519]   at ..(IntPtr  )
   at ..close()
[08:27:46:519]retry_connect
[08:27:46:519]	InputReportByteLength=21
[08:27:46:519]	OutputReportByteLength=3
[08:27:46:520]HID_Connected=\\?\hid#vid_046d&pid_0acb&mi_03&col04#7&2c0518a&0&0003#{4d1e55b2-f16f-11cf-88cb-001111000030}
[08:27:46:521]ystech_DFU_mode=True
[08:27:46:521][HID_TX]00-81-01-A8-C2-01-00-00-00-00-00-00-00-00-00-00-00-00-00-00-00-00-00-00-00-00-00-00-00-00-00-00-00-00-00-00-00-00-00-00-00-00-00-00-00-00-00-00-00-00-00-00-00-00-00-00-00-00-00-00-00-00-00-00-00
[08:27:46:589][The parameter is incorrect.
][System.IO.IOException]
[08:27:46:593]   at System.IO.__Error.WinIOError(Int32 errorCode, String maybeFullPath)
   at System.IO.FileStream.BeginWriteCore(Byte[] bytes, Int32 offset, Int32 numBytes, AsyncCallback userCallback, Object stateObject)
   at System.IO.FileStream.WriteCore(Byte[] buffer, Int32 offset, Int32 count)
   at System.IO.FileStream.Write(Byte[] array, Int32 offset, Int32 count)
   at ..(Byte  , Byte[]  )
[08:27:46:599][connect HID device fail : The parameter is incorrect.
][System.Exception]
[08:27:46:599]   at ..(Byte  , Byte[]  )
   at ..(Boolean  )
   at ..(String  )
   at ..connect(UInt16 vid, UInt16 pid,  vt)
[08:27:46:635][Cannot access a closed file.][System.ObjectDisposedException]
[08:27:46:636]   at System.IO.__Error.FileNotOpen()
   at System.IO.FileStream.BeginRead(Byte[] array, Int32 offset, Int32 numBytes, AsyncCallback userCallback, Object stateObject)
   at ..()
[08:27:46:639][Cannot access a closed file.][System.ObjectDisposedException]
[08:27:46:639]   at System.IO.__Error.FileNotOpen()
   at System.IO.FileStream.BeginRead(Byte[] array, Int32 offset, Int32 numBytes, AsyncCallback userCallback, Object stateObject)
   at ..()
[08:27:46:641][The handle is invalid.
][System.IO.IOException]
[08:27:46:641]   at System.IO.__Error.WinIOError(Int32 errorCode, String maybeFullPath)
   at System.IO.FileStream.BeginReadCore(Byte[] bytes, Int32 offset, Int32 numBytes, AsyncCallback userCallback, Object stateObject, Int32 numBufferedBytesRead)
   at System.IO.FileStream.BeginReadAsync(Byte[] array, Int32 offset, Int32 numBytes, AsyncCallback userCallback, Object stateObject)
   at System.IO.FileStream.BeginRead(Byte[] array, Int32 offset, Int32 numBytes, AsyncCallback userCallback, Object stateObject)
   at ..()
[08:27:46:641]ystech_Power_Saving, is_EnablePowerSaving=True
[08:27:46:641][HID_TX]00-85-01-73-56-02-00-00-00-00-00-00-00-00-00-00-00-00-00-00-00-00-00-00-00-00-00-00-00-00-00-00-00-00-00-00-00-00-00-00-00-00-00-00-00-00-00-00-00-00-00-00-00-00-00-00-00-00-00-00-00-00-00-00-00
[08:27:46:644][Cannot access a closed file.][System.ObjectDisposedException]
[08:27:46:644]   at System.IO.__Error.FileNotOpen()
   at System.IO.FileStream.Write(Byte[] array, Int32 offset, Int32 count)
   at ..(Byte  , Byte[]  )
[08:27:46:646][External component has thrown an exception.][System.Runtime.InteropServices.SEHException]
[08:27:46:646]   at ..(IntPtr  )
   at ..(Byte  , Byte[]  )
   at ..(Boolean  )
   at ..close()
[08:27:46:646]close_hid_stream
[08:27:46:648][External component has thrown an exception.][System.Runtime.InteropServices.SEHException]
[08:27:46:648]   at ..(IntPtr  )
   at ..close()
[08:27:52:262]close_hid_handle
