[08:28:20:602]\\?\hid#dell09c2&col02#5&bc4dc33&0&0001#{4d1e55b2-f16f-11cf-88cb-001111000030}
[08:28:20:603]\\?\hid#vid_046d&pid_0acb&mi_03&col01#7&2c0518a&0&0000#{4d1e55b2-f16f-11cf-88cb-001111000030}
[08:28:20:603]\\?\hid#dell09c2&col03#5&bc4dc33&0&0002#{4d1e55b2-f16f-11cf-88cb-001111000030}
[08:28:20:603]\\?\hid#intc816&col01#3&207f9b7f&0&0000#{4d1e55b2-f16f-11cf-88cb-001111000030}
[08:28:20:603]\\?\hid#intc816&col02#3&207f9b7f&0&0001#{4d1e55b2-f16f-11cf-88cb-001111000030}
[08:28:20:603]\\?\hid#vid_046d&pid_0acb&mi_03&col02#7&2c0518a&0&0001#{4d1e55b2-f16f-11cf-88cb-001111000030}
[08:28:20:603]\\?\hid#converteddevice&col02#5&17bac0a6&0&0001#{4d1e55b2-f16f-11cf-88cb-001111000030}
[08:28:20:603]\\?\hid#converteddevice&col03#5&17bac0a6&0&0002#{4d1e55b2-f16f-11cf-88cb-001111000030}
[08:28:20:603]\\?\hid#dell09c2&col04#5&bc4dc33&0&0003#{4d1e55b2-f16f-11cf-88cb-001111000030}
[08:28:20:603]\\?\hid#vid_046d&pid_0acb&mi_03&col03#7&2c0518a&0&0002#{4d1e55b2-f16f-11cf-88cb-001111000030}
[08:28:20:603]\\?\hid#dell09c2&col05#5&bc4dc33&0&0004#{4d1e55b2-f16f-11cf-88cb-001111000030}
[08:28:20:603]\\?\hid#vid_046d&pid_0acb&mi_03&col04#7&2c0518a&0&0003#{4d1e55b2-f16f-11cf-88cb-001111000030}
[08:28:20:603]\\?\hid#converteddevice&col01#5&17bac0a6&0&0000#{4d1e55b2-f16f-11cf-88cb-001111000030}\kbd
[08:28:20:603]\\?\hid#dell09c2&col01#5&bc4dc33&0&0000#{4d1e55b2-f16f-11cf-88cb-001111000030}
[08:28:20:603]\\?\hid#vid_413c&pid_301a#6&3b68e75b&0&0000#{4d1e55b2-f16f-11cf-88cb-001111000030}
[08:28:20:605]try_path=\\?\hid#vid_046d&pid_0acb&mi_03&col01#7&2c0518a&0&0000#{4d1e55b2-f16f-11cf-88cb-001111000030}
[08:28:20:615][invalid device][System.Exception]
[08:28:20:619]   at ..connect(String path)
[08:28:20:619]close_hid_handle
[08:28:20:621][connect HID device fail : invalid device][System.Exception]
[08:28:20:621]   at ..connect(String path)
   at ..(String  )
   at ..connect(UInt16 vid, UInt16 pid,  vt)
[08:28:20:621]try_path=\\?\hid#vid_046d&pid_0acb&mi_03&col02#7&2c0518a&0&0001#{4d1e55b2-f16f-11cf-88cb-001111000030}
[08:28:20:622]	InputReportByteLength=5
[08:28:20:622]	OutputReportByteLength=0
[08:28:20:622]HID_Connected=\\?\hid#vid_046d&pid_0acb&mi_03&col02#7&2c0518a&0&0001#{4d1e55b2-f16f-11cf-88cb-001111000030}
[08:28:20:623][HID_TX]00-84-01-D1-55-01-00-00-00-00-00-00-00-00-00-00-00-00-00-00-00-00-00-00-00-00-00-00-00-00-00-00-00-00-00-00-00-00-00-00-00-00-00-00-00-00-00-00-00-00-00-00-00-00-00-00-00-00-00-00-00-00-00-00-00
[08:28:20:628][Incorrect function.
][System.IO.IOException]
[08:28:20:629]   at System.IO.__Error.WinIOError(Int32 errorCode, String maybeFullPath)
   at System.IO.FileStream.BeginWriteCore(Byte[] bytes, Int32 offset, Int32 numBytes, AsyncCallback userCallback, Object stateObject)
   at System.IO.FileStream.WriteCore(Byte[] buffer, Int32 offset, Int32 count)
   at System.IO.FileStream.Write(Byte[] array, Int32 offset, Int32 count)
   at ..(Byte  , Byte[]  )
[08:28:20:660][ystech_read_fw_version_fail]connect HID device fail : Incorrect function.

[08:28:20:660]ystech_Power_Saving, is_EnablePowerSaving=True
[08:28:20:661][HID_TX]00-85-01-73-56-02-00-00-00-00-00-00-00-00-00-00-00-00-00-00-00-00-00-00-00-00-00-00-00-00-00-00-00-00-00-00-00-00-00-00-00-00-00-00-00-00-00-00-00-00-00-00-00-00-00-00-00-00-00-00-00-00-00-00-00
[08:28:20:664][The handle is invalid.
][System.IO.IOException]
[08:28:20:665]   at System.IO.__Error.WinIOError(Int32 errorCode, String maybeFullPath)
   at System.IO.FileStream.BeginWriteCore(Byte[] bytes, Int32 offset, Int32 numBytes, AsyncCallback userCallback, Object stateObject)
   at System.IO.FileStream.WriteCore(Byte[] buffer, Int32 offset, Int32 count)
   at System.IO.FileStream.Write(Byte[] array, Int32 offset, Int32 count)
   at ..(Byte  , Byte[]  )
[08:28:20:670][connect HID device fail : The handle is invalid.
][System.Exception]
[08:28:20:670]   at ..(Byte  , Byte[]  )
   at ..(Boolean  )
   at ..close()
[08:28:20:670]close_hid_stream
[08:28:20:673][External component has thrown an exception.][System.Runtime.InteropServices.SEHException]
[08:28:20:673]   at ..(IntPtr  )
   at ..close()
[08:28:20:673]retry_connect
[08:28:20:673]	InputReportByteLength=5
[08:28:20:673]	OutputReportByteLength=0
[08:28:20:673]HID_Connected=\\?\hid#vid_046d&pid_0acb&mi_03&col02#7&2c0518a&0&0001#{4d1e55b2-f16f-11cf-88cb-001111000030}
[08:28:20:673]ystech_DFU_mode=True
[08:28:20:673][HID_TX]00-81-01-A8-C2-01-00-00-00-00-00-00-00-00-00-00-00-00-00-00-00-00-00-00-00-00-00-00-00-00-00-00-00-00-00-00-00-00-00-00-00-00-00-00-00-00-00-00-00-00-00-00-00-00-00-00-00-00-00-00-00-00-00-00-00
[08:28:20:676][Incorrect function.
][System.IO.IOException]
[08:28:20:676]   at System.IO.__Error.WinIOError(Int32 errorCode, String maybeFullPath)
   at System.IO.FileStream.BeginWriteCore(Byte[] bytes, Int32 offset, Int32 numBytes, AsyncCallback userCallback, Object stateObject)
   at System.IO.FileStream.WriteCore(Byte[] buffer, Int32 offset, Int32 count)
   at System.IO.FileStream.Write(Byte[] array, Int32 offset, Int32 count)
   at ..(Byte  , Byte[]  )
[08:28:20:679][connect HID device fail : Incorrect function.
][System.Exception]
[08:28:20:679]   at ..(Byte  , Byte[]  )
   at ..(Boolean  )
   at ..(String  )
   at ..connect(UInt16 vid, UInt16 pid,  vt)
[08:28:20:679]try_path=\\?\hid#vid_046d&pid_0acb&mi_03&col03#7&2c0518a&0&0002#{4d1e55b2-f16f-11cf-88cb-001111000030}
[08:28:20:680]	InputReportByteLength=8
[08:28:20:680]	OutputReportByteLength=515
[08:28:20:681]HID_Connected=\\?\hid#vid_046d&pid_0acb&mi_03&col03#7&2c0518a&0&0002#{4d1e55b2-f16f-11cf-88cb-001111000030}
[08:28:20:681][HID_TX]00-84-01-D1-55-01-00-00-00-00-00-00-00-00-00-00-00-00-00-00-00-00-00-00-00-00-00-00-00-00-00-00-00-00-00-00-00-00-00-00-00-00-00-00-00-00-00-00-00-00-00-00-00-00-00-00-00-00-00-00-00-00-00-00-00
[08:28:20:686][The handle is invalid.
][System.IO.IOException]
[08:28:20:686]   at System.IO.__Error.WinIOError(Int32 errorCode, String maybeFullPath)
   at System.IO.FileStream.BeginReadCore(Byte[] bytes, Int32 offset, Int32 numBytes, AsyncCallback userCallback, Object stateObject, Int32 numBufferedBytesRead)
   at System.IO.FileStream.BeginReadAsync(Byte[] array, Int32 offset, Int32 numBytes, AsyncCallback userCallback, Object stateObject)
   at System.IO.FileStream.BeginRead(Byte[] array, Int32 offset, Int32 numBytes, AsyncCallback userCallback, Object stateObject)
   at ..()
[08:28:20:686]ystech_Power_Saving, is_EnablePowerSaving=True
[08:28:20:686][HID_TX]00-85-01-73-56-02-00-00-00-00-00-00-00-00-00-00-00-00-00-00-00-00-00-00-00-00-00-00-00-00-00-00-00-00-00-00-00-00-00-00-00-00-00-00-00-00-00-00-00-00-00-00-00-00-00-00-00-00-00-00-00-00-00-00-00
[08:28:20:688][The parameter is incorrect.
][System.IO.IOException]
[08:28:20:688]   at System.IO.__Error.WinIOError(Int32 errorCode, String maybeFullPath)
   at System.IO.FileStream.BeginWriteCore(Byte[] bytes, Int32 offset, Int32 numBytes, AsyncCallback userCallback, Object stateObject)
   at System.IO.FileStream.WriteCore(Byte[] buffer, Int32 offset, Int32 count)
   at System.IO.FileStream.Write(Byte[] array, Int32 offset, Int32 count)
   at ..(Byte  , Byte[]  )
[08:28:20:690][connect HID device fail : The parameter is incorrect.
][System.Exception]
[08:28:20:690]   at ..(Byte  , Byte[]  )
   at ..(Boolean  )
   at ..close()
[08:28:20:690]close_hid_stream
[08:28:20:692][External component has thrown an exception.][System.Runtime.InteropServices.SEHException]
[08:28:20:692]   at ..(IntPtr  )
   at ..close()
[08:28:20:697][The parameter is incorrect.
][System.IO.IOException]
[08:28:20:697]   at System.IO.__Error.WinIOError(Int32 errorCode, String maybeFullPath)
   at System.IO.FileStream.BeginWriteCore(Byte[] bytes, Int32 offset, Int32 numBytes, AsyncCallback userCallback, Object stateObject)
   at System.IO.FileStream.WriteCore(Byte[] buffer, Int32 offset, Int32 count)
   at System.IO.FileStream.Write(Byte[] array, Int32 offset, Int32 count)
   at ..(Byte  , Byte[]  )
[08:28:20:700][ystech_read_fw_version_fail]External component has thrown an exception.
[08:28:20:702][External component has thrown an exception.][System.Runtime.InteropServices.SEHException]
[08:28:20:702]   at ..(IntPtr  )
   at ..close()
[08:28:20:702]retry_connect
[08:28:20:702]	InputReportByteLength=8
[08:28:20:702]	OutputReportByteLength=515
[08:28:20:702]HID_Connected=\\?\hid#vid_046d&pid_0acb&mi_03&col03#7&2c0518a&0&0002#{4d1e55b2-f16f-11cf-88cb-001111000030}
[08:28:20:702]ystech_DFU_mode=True
[08:28:20:702][HID_TX]00-81-01-A8-C2-01-00-00-00-00-00-00-00-00-00-00-00-00-00-00-00-00-00-00-00-00-00-00-00-00-00-00-00-00-00-00-00-00-00-00-00-00-00-00-00-00-00-00-00-00-00-00-00-00-00-00-00-00-00-00-00-00-00-00-00
[08:28:20:705][The parameter is incorrect.
][System.IO.IOException]
[08:28:20:705]   at System.IO.__Error.WinIOError(Int32 errorCode, String maybeFullPath)
   at System.IO.FileStream.BeginWriteCore(Byte[] bytes, Int32 offset, Int32 numBytes, AsyncCallback userCallback, Object stateObject)
   at System.IO.FileStream.WriteCore(Byte[] buffer, Int32 offset, Int32 count)
   at System.IO.FileStream.Write(Byte[] array, Int32 offset, Int32 count)
   at ..(Byte  , Byte[]  )
[08:28:20:707][connect HID device fail : The parameter is incorrect.
][System.Exception]
[08:28:20:707]   at ..(Byte  , Byte[]  )
   at ..(Boolean  )
   at ..(String  )
   at ..connect(UInt16 vid, UInt16 pid,  vt)
[08:28:20:707]try_path=\\?\hid#vid_046d&pid_0acb&mi_03&col04#7&2c0518a&0&0003#{4d1e55b2-f16f-11cf-88cb-001111000030}
[08:28:20:707]	InputReportByteLength=21
[08:28:20:707]	OutputReportByteLength=3
[08:28:20:707]HID_Connected=\\?\hid#vid_046d&pid_0acb&mi_03&col04#7&2c0518a&0&0003#{4d1e55b2-f16f-11cf-88cb-001111000030}
[08:28:20:707][HID_TX]00-84-01-D1-55-01-00-00-00-00-00-00-00-00-00-00-00-00-00-00-00-00-00-00-00-00-00-00-00-00-00-00-00-00-00-00-00-00-00-00-00-00-00-00-00-00-00-00-00-00-00-00-00-00-00-00-00-00-00-00-00-00-00-00-00
[08:28:20:710][The parameter is incorrect.
][System.IO.IOException]
[08:28:20:710]   at System.IO.__Error.WinIOError(Int32 errorCode, String maybeFullPath)
   at System.IO.FileStream.BeginWriteCore(Byte[] bytes, Int32 offset, Int32 numBytes, AsyncCallback userCallback, Object stateObject)
   at System.IO.FileStream.WriteCore(Byte[] buffer, Int32 offset, Int32 count)
   at System.IO.FileStream.Write(Byte[] array, Int32 offset, Int32 count)
   at ..(Byte  , Byte[]  )
[08:28:20:712][ystech_read_fw_version_fail]connect HID device fail : The parameter is incorrect.

[08:28:20:712]ystech_Power_Saving, is_EnablePowerSaving=True
[08:28:20:712][HID_TX]00-85-01-73-56-02-00-00-00-00-00-00-00-00-00-00-00-00-00-00-00-00-00-00-00-00-00-00-00-00-00-00-00-00-00-00-00-00-00-00-00-00-00-00-00-00-00-00-00-00-00-00-00-00-00-00-00-00-00-00-00-00-00-00-00
[08:28:20:714][The handle is invalid.
][System.IO.IOException]
[08:28:20:714]   at System.IO.__Error.WinIOError(Int32 errorCode, String maybeFullPath)
   at System.IO.FileStream.BeginWriteCore(Byte[] bytes, Int32 offset, Int32 numBytes, AsyncCallback userCallback, Object stateObject)
   at System.IO.FileStream.WriteCore(Byte[] buffer, Int32 offset, Int32 count)
   at System.IO.FileStream.Write(Byte[] array, Int32 offset, Int32 count)
   at ..(Byte  , Byte[]  )
[08:28:20:716][connect HID device fail : The handle is invalid.
][System.Exception]
[08:28:20:716]   at ..(Byte  , Byte[]  )
   at ..(Boolean  )
   at ..close()
[08:28:20:716]close_hid_stream
[08:28:20:719][External component has thrown an exception.][System.Runtime.InteropServices.SEHException]
[08:28:20:719]   at ..(IntPtr  )
   at ..close()
[08:28:20:719]retry_connect
[08:28:20:719]	InputReportByteLength=21
[08:28:20:719]	OutputReportByteLength=3
[08:28:20:719]HID_Connected=\\?\hid#vid_046d&pid_0acb&mi_03&col04#7&2c0518a&0&0003#{4d1e55b2-f16f-11cf-88cb-001111000030}
[08:28:20:721]ystech_DFU_mode=True
[08:28:20:721][HID_TX]00-81-01-A8-C2-01-00-00-00-00-00-00-00-00-00-00-00-00-00-00-00-00-00-00-00-00-00-00-00-00-00-00-00-00-00-00-00-00-00-00-00-00-00-00-00-00-00-00-00-00-00-00-00-00-00-00-00-00-00-00-00-00-00-00-00
[08:28:20:724][The parameter is incorrect.
][System.IO.IOException]
[08:28:20:724]   at System.IO.__Error.WinIOError(Int32 errorCode, String maybeFullPath)
   at System.IO.FileStream.BeginWriteCore(Byte[] bytes, Int32 offset, Int32 numBytes, AsyncCallback userCallback, Object stateObject)
   at System.IO.FileStream.WriteCore(Byte[] buffer, Int32 offset, Int32 count)
   at System.IO.FileStream.Write(Byte[] array, Int32 offset, Int32 count)
   at ..(Byte  , Byte[]  )
[08:28:20:726][connect HID device fail : The parameter is incorrect.
][System.Exception]
[08:28:20:726]   at ..(Byte  , Byte[]  )
   at ..(Boolean  )
   at ..(String  )
   at ..connect(UInt16 vid, UInt16 pid,  vt)
[08:28:20:757][The handle is invalid.
][System.IO.IOException]
[08:28:20:757]   at System.IO.__Error.WinIOError(Int32 errorCode, String maybeFullPath)
   at System.IO.FileStream.BeginReadCore(Byte[] bytes, Int32 offset, Int32 numBytes, AsyncCallback userCallback, Object stateObject, Int32 numBufferedBytesRead)
   at System.IO.FileStream.BeginReadAsync(Byte[] array, Int32 offset, Int32 numBytes, AsyncCallback userCallback, Object stateObject)
   at System.IO.FileStream.BeginRead(Byte[] array, Int32 offset, Int32 numBytes, AsyncCallback userCallback, Object stateObject)
   at ..()
[08:28:20:757]ystech_Power_Saving, is_EnablePowerSaving=True
[08:28:20:757][HID_TX]00-85-01-73-56-02-00-00-00-00-00-00-00-00-00-00-00-00-00-00-00-00-00-00-00-00-00-00-00-00-00-00-00-00-00-00-00-00-00-00-00-00-00-00-00-00-00-00-00-00-00-00-00-00-00-00-00-00-00-00-00-00-00-00-00
[08:28:20:759][Cannot access a closed file.][System.ObjectDisposedException]
[08:28:20:759]   at System.IO.__Error.FileNotOpen()
   at System.IO.FileStream.Write(Byte[] array, Int32 offset, Int32 count)
   at ..(Byte  , Byte[]  )
[08:28:20:762][External component has thrown an exception.][System.Runtime.InteropServices.SEHException]
[08:28:20:762]   at ..(IntPtr  )
   at ..(Byte  , Byte[]  )
   at ..(Boolean  )
   at ..close()
[08:28:20:762]close_hid_stream
[08:28:20:764][External component has thrown an exception.][System.Runtime.InteropServices.SEHException]
[08:28:20:764]   at ..(IntPtr  )
   at ..close()
[08:28:20:766][Cannot access a closed file.][System.ObjectDisposedException]
[08:28:20:766]   at System.IO.__Error.FileNotOpen()
   at System.IO.FileStream.BeginRead(Byte[] array, Int32 offset, Int32 numBytes, AsyncCallback userCallback, Object stateObject)
   at ..()
