[02:39:32:765]\\?\hid#dell09c2&col02#5&bc4dc33&0&0001#{4d1e55b2-f16f-11cf-88cb-001111000030}
[02:39:32:765]\\?\hid#dell09c2&col03#5&bc4dc33&0&0002#{4d1e55b2-f16f-11cf-88cb-001111000030}
[02:39:32:765]\\?\hid#intc816&col01#3&207f9b7f&0&0000#{4d1e55b2-f16f-11cf-88cb-001111000030}
[02:39:32:765]\\?\hid#intc816&col02#3&207f9b7f&0&0001#{4d1e55b2-f16f-11cf-88cb-001111000030}
[02:39:32:765]\\?\hid#converteddevice&col02#5&17bac0a6&0&0001#{4d1e55b2-f16f-11cf-88cb-001111000030}
[02:39:32:765]\\?\hid#converteddevice&col03#5&17bac0a6&0&0002#{4d1e55b2-f16f-11cf-88cb-001111000030}
[02:39:32:765]\\?\hid#dell09c2&col04#5&bc4dc33&0&0003#{4d1e55b2-f16f-11cf-88cb-001111000030}
[02:39:32:765]\\?\hid#{00001812-0000-1000-8000-00805f9b34fb}_dev_vid&0232c2_pid&0001_rev&0068_ccb624cd66b1#9&326e3aae&0&0000#{4d1e55b2-f16f-11cf-88cb-001111000030}
[02:39:32:765]\\?\hid#dell09c2&col05#5&bc4dc33&0&0004#{4d1e55b2-f16f-11cf-88cb-001111000030}
[02:39:32:765]\\?\hid#converteddevice&col01#5&17bac0a6&0&0000#{4d1e55b2-f16f-11cf-88cb-001111000030}\kbd
[02:39:32:765]\\?\hid#dell09c2&col01#5&bc4dc33&0&0000#{4d1e55b2-f16f-11cf-88cb-001111000030}
[02:39:32:765]\\?\hid#vid_046d&pid_0adf&mi_00#7&3ad8dff3&0&0000#{4d1e55b2-f16f-11cf-88cb-001111000030}
[02:39:32:766]\\?\hid#vid_046d&pid_0adf&mi_04#7&18e94d0e&0&0000#{4d1e55b2-f16f-11cf-88cb-001111000030}
[02:39:32:767]try_path=\\?\hid#vid_046d&pid_0adf&mi_00#7&3ad8dff3&0&0000#{4d1e55b2-f16f-11cf-88cb-001111000030}
[02:39:32:769]	InputReportByteLength=65
[02:39:32:769]	OutputReportByteLength=65
[02:39:32:769]HID_Connected=\\?\hid#vid_046d&pid_0adf&mi_00#7&3ad8dff3&0&0000#{4d1e55b2-f16f-11cf-88cb-001111000030}
[02:39:32:770][HID_TX]00-84-01-D1-55-01-00-00-00-00-00-00-00-00-00-00-00-00-00-00-00-00-00-00-00-00-00-00-00-00-00-00-00-00-00-00-00-00-00-00-00-00-00-00-00-00-00-00-00-00-00-00-00-00-00-00-00-00-00-00-00-00-00-00-00
[02:39:32:771]HidD_GetInputReport=True
[02:39:32:771]reply_report=00-4F-56-31-2E-38-2E-35-2E-31-00-00-00-00-00-00-00-00-00-00-00-00-00-00-00-00-00-00-00-00-00-00-00-00-00-00-00-00-00-00-00-00-00-00-00-00-00-00-00-00-00-00-00-00-00-00-00-00-00-00-00-00-00-00-00
[02:39:32:771][ys_tech] fw_version=V1.8.5.1
[02:39:32:772]ystech_Power_Saving, is_EnablePowerSaving=False
[02:39:32:772][HID_TX]00-85-01-83-8B-01-00-00-00-00-00-00-00-00-00-00-00-00-00-00-00-00-00-00-00-00-00-00-00-00-00-00-00-00-00-00-00-00-00-00-00-00-00-00-00-00-00-00-00-00-00-00-00-00-00-00-00-00-00-00-00-00-00-00-00
[02:39:32:773]HidD_GetInputReport=True
[02:39:32:774]reply_report=00-46-00-00-00-00-00-00-00-00-00-00-00-00-00-00-00-00-00-00-00-00-00-00-00-00-00-00-00-00-00-00-00-00-00-00-00-00-00-00-00-00-00-00-00-00-00-00-00-00-00-00-00-00-00-00-00-00-00-00-00-00-00-00-00
[02:39:32:791][Response Fail][System.Exception]
[02:39:32:797]   at ..(Boolean  )
   at ..(Byte  , Byte[]  )
[02:39:32:850]_ystech_retry_count=1
[02:39:32:850][HID_TX]00-85-01-83-8B-01-00-00-00-00-00-00-00-00-00-00-00-00-00-00-00-00-00-00-00-00-00-00-00-00-00-00-00-00-00-00-00-00-00-00-00-00-00-00-00-00-00-00-00-00-00-00-00-00-00-00-00-00-00-00-00-00-00-00-00
[02:39:32:850]HidD_GetInputReport=True
[02:39:32:850]reply_report=00-4F-00-00-00-00-00-00-00-00-00-00-00-00-00-00-00-00-00-00-00-00-00-00-00-00-00-00-00-00-00-00-00-00-00-00-00-00-00-00-00-00-00-00-00-00-00-00-00-00-00-00-00-00-00-00-00-00-00-00-00-00-00-00-00
[02:39:32:850]HID_CMD_POWER_SAVING_Disable
[02:39:32:850]path_connected=\\?\hid#vid_046d&pid_0adf&mi_00#7&3ad8dff3&0&0000#{4d1e55b2-f16f-11cf-88cb-001111000030}
[02:39:33:858][HID_TX]00-80-06-1C-7D-50-41-0E-01-01-E0-00-00-00-00-00-00-00-00-00-00-00-00-00-00-00-00-00-00-00-00-00-00-00-00-00-00-00-00-00-00-00-00-00-00-00-00-00-00-00-00-00-00-00-00-00-00-00-00-00-00-00-00-00-00
[02:39:33:860]HidD_GetInputReport=True
[02:39:33:860]reply_report=00-4F-00-00-00-00-00-00-00-00-00-00-00-00-00-00-00-00-00-00-00-00-00-00-00-00-00-00-00-00-00-00-00-00-00-00-00-00-00-00-00-00-00-00-00-00-00-00-00-00-00-00-00-00-00-00-00-00-00-00-00-00-00-00-00
[02:39:33:860]50-41-0E-01-01-E0 [CMD_SENT][REMOTE_GET_MODE]
[02:39:33:865][HID_TX_ack]00-19-50-49-01-C0-6A-50-00-00-03-00-0E-81-00-50-49-0E-C5-00-00-00-00-02-00-E0-00-00-32-00-00-00-00-00-00-00-00-00-00-00-00-00-00-00-00-00-00-00-00-00-00-00-00-00-00-00-00-00-00-00-00-00-00-00-00
[02:39:33:880]REMOTE_GET_MODE=00
[02:39:33:880]50-49-01-C0-6A-50-00-00-03-00-0E-81-00
[02:39:33:880]50-49-0E-C5-00-00-00-00-02-00-E0-00-
[02:39:33:880][HID_TX]00-80-08-08-E6-50-41-06-02-02-00-43-01-00-00-00-00-00-00-00-00-00-00-00-00-00-00-00-00-00-00-00-00-00-00-00-00-00-00-00-00-00-00-00-00-00-00-00-00-00-00-00-00-00-00-00-00-00-00-00-00-00-00-00-00
[02:39:33:881]HidD_GetInputReport=True
[02:39:33:881]reply_report=00-4F-00-00-00-00-00-00-00-00-00-00-00-00-00-00-00-00-00-00-00-00-00-00-00-00-00-00-00-00-00-00-00-00-00-00-00-00-00-00-00-00-00-00-00-00-00-00-00-00-00-00-00-00-00-00-00-00-00-00-00-00-00-00-00
[02:39:33:881]50-41-06-02-02-00-43-01 [CMD_SENT][CMD_READ_MP_DATA_BY_ID]
[02:39:33:884][HID_TX_ack]00-13-50-49-01-C0-7C-50-00-00-09-00-06-82-00-56-34-12-AA-CB-89-00-00-02-00-E0-00-00-32-00-00-00-00-00-00-00-00-00-00-00-00-00-00-00-00-00-00-00-00-00-00-00-00-00-00-00-00-00-00-00-00-00-00-00-00
[02:39:33:884]50-49-01-C0-7C-50-00-00-09-00-06-82-00-56-34-12-AA-CB-89
[02:39:35:646][HID_TX_ack]00-0E-50-49-11-C6-FA-55-00-00-04-00-04-00-00-32-34-12-AA-CB-89-00-00-02-00-E0-00-00-32-00-00-00-00-00-00-00-00-00-00-00-00-00-00-00-00-00-00-00-00-00-00-00-00-00-00-00-00-00-00-00-00-00-00-00-00
[02:39:35:646]50-49-11-C6-FA-55-00-00-04-00-04-00-00-32
[02:39:36:387][HID_TX]00-80-06-F7-52-50-41-0E-03-01-E0-00-00-00-00-00-00-00-00-00-00-00-00-00-00-00-00-00-00-00-00-00-00-00-00-00-00-00-00-00-00-00-00-00-00-00-00-00-00-00-00-00-00-00-00-00-00-00-00-00-00-00-00-00-00
[02:39:36:390]HidD_GetInputReport=True
[02:39:36:390]reply_report=00-4F-00-00-00-00-00-00-00-00-00-00-00-00-00-00-00-00-00-00-00-00-00-00-00-00-00-00-00-00-00-00-00-00-00-00-00-00-00-00-00-00-00-00-00-00-00-00-00-00-00-00-00-00-00-00-00-00-00-00-00-00-00-00-00
[02:39:36:390]50-41-0E-03-01-E0 [CMD_SENT][REMOTE_GET_MODE]
[02:39:36:392][HID_TX_ack]00-19-50-49-01-C0-51-58-00-00-03-00-0E-83-00-50-49-0E-C7-00-00-00-00-02-00-E0-00-00-32-00-00-00-00-00-00-00-00-00-00-00-00-00-00-00-00-00-00-00-00-00-00-00-00-00-00-00-00-00-00-00-00-00-00-00-00
[02:39:36:392]50-49-01-C0-51-58-00-00-03-00-0E-83-00
[02:39:36:392]50-49-0E-C7-00-00-00-00-02-00-E0-00-
[02:39:36:392]REMOTE_GET_MODE=00
[02:39:36:398][HID_TX]00-80-08-1C-C0-50-41-07-04-03-08-00-E4-00-00-00-00-00-00-00-00-00-00-00-00-00-00-00-00-00-00-00-00-00-00-00-00-00-00-00-00-00-00-00-00-00-00-00-00-00-00-00-00-00-00-00-00-00-00-00-00-00-00-00-00
[02:39:36:399]HidD_GetInputReport=True
[02:39:36:399]reply_report=00-4F-00-00-00-00-00-00-00-00-00-00-00-00-00-00-00-00-00-00-00-00-00-00-00-00-00-00-00-00-00-00-00-00-00-00-00-00-00-00-00-00-00-00-00-00-00-00-00-00-00-00-00-00-00-00-00-00-00-00-00-00-00-00-00
[02:39:36:399]50-41-07-04-03-08-00-E4 [CMD_SENT] [CMD_SENT][UNKNOW]
[02:39:36:463][HID_TX_ack]00-0F-50-49-01-C0-54-58-00-00-05-00-07-84-08-00-00-0E-C7-00-00-00-00-02-00-E0-00-00-32-00-00-00-00-00-00-00-00-00-00-00-00-00-00-00-00-00-00-00-00-00-00-00-00-00-00-00-00-00-00-00-00-00-00-00-00
[02:39:36:463]50-49-01-C0-54-58-00-00-05-00-07-84-08-00-00
[02:39:43:654][The device is not connected.
][System.IO.IOException]
[02:39:43:654]   at System.IO.__Error.WinIOError(Int32 errorCode, String maybeFullPath)
   at System.IO.FileStream.BeginReadCore(Byte[] bytes, Int32 offset, Int32 numBytes, AsyncCallback userCallback, Object stateObject, Int32 numBufferedBytesRead)
   at System.IO.FileStream.BeginReadAsync(Byte[] array, Int32 offset, Int32 numBytes, AsyncCallback userCallback, Object stateObject)
   at System.IO.FileStream.BeginRead(Byte[] array, Int32 offset, Int32 numBytes, AsyncCallback userCallback, Object stateObject)
   at ..()
[02:39:43:655]ystech_Power_Saving, is_EnablePowerSaving=True
[02:39:43:655][HID_TX]00-85-01-73-56-02-00-00-00-00-00-00-00-00-00-00-00-00-00-00-00-00-00-00-00-00-00-00-00-00-00-00-00-00-00-00-00-00-00-00-00-00-00-00-00-00-00-00-00-00-00-00-00-00-00-00-00-00-00-00-00-00-00-00-00
[02:39:43:661][The device is not connected.
][System.IO.IOException]
[02:39:43:662]   at System.IO.__Error.WinIOError(Int32 errorCode, String maybeFullPath)
   at System.IO.FileStream.BeginWriteCore(Byte[] bytes, Int32 offset, Int32 numBytes, AsyncCallback userCallback, Object stateObject)
   at System.IO.FileStream.WriteCore(Byte[] buffer, Int32 offset, Int32 count)
   at System.IO.FileStream.Write(Byte[] array, Int32 offset, Int32 count)
   at ..(Byte  , Byte[]  )
[02:39:43:665][connect HID device fail : The device is not connected.
][System.Exception]
[02:39:43:665]   at ..(Byte  , Byte[]  )
   at ..(Boolean  )
   at ..close()
[02:39:43:665]close_hid_stream
[02:39:43:669][External component has thrown an exception.][System.Runtime.InteropServices.SEHException]
[02:39:43:669]   at ..(IntPtr  )
   at ..close()
[02:47:18:983]\\?\hid#dell09c2&col02#5&bc4dc33&0&0001#{4d1e55b2-f16f-11cf-88cb-001111000030}
[02:47:18:983]\\?\hid#dell09c2&col03#5&bc4dc33&0&0002#{4d1e55b2-f16f-11cf-88cb-001111000030}
[02:47:18:983]\\?\hid#intc816&col01#3&207f9b7f&0&0000#{4d1e55b2-f16f-11cf-88cb-001111000030}
[02:47:18:983]\\?\hid#intc816&col02#3&207f9b7f&0&0001#{4d1e55b2-f16f-11cf-88cb-001111000030}
[02:47:18:983]\\?\hid#converteddevice&col02#5&17bac0a6&0&0001#{4d1e55b2-f16f-11cf-88cb-001111000030}
[02:47:18:983]\\?\hid#converteddevice&col03#5&17bac0a6&0&0002#{4d1e55b2-f16f-11cf-88cb-001111000030}
[02:47:18:983]\\?\hid#dell09c2&col04#5&bc4dc33&0&0003#{4d1e55b2-f16f-11cf-88cb-001111000030}
[02:47:18:983]\\?\hid#{00001812-0000-1000-8000-00805f9b34fb}_dev_vid&0232c2_pid&0001_rev&0068_ccb624cd66b1#9&326e3aae&0&0000#{4d1e55b2-f16f-11cf-88cb-001111000030}
[02:47:18:983]\\?\hid#dell09c2&col05#5&bc4dc33&0&0004#{4d1e55b2-f16f-11cf-88cb-001111000030}
[02:47:18:983]\\?\hid#converteddevice&col01#5&17bac0a6&0&0000#{4d1e55b2-f16f-11cf-88cb-001111000030}\kbd
[02:47:18:983]\\?\hid#dell09c2&col01#5&bc4dc33&0&0000#{4d1e55b2-f16f-11cf-88cb-001111000030}
[02:47:18:983]\\?\hid#vid_046d&pid_0adf&mi_00#7&3ad8dff3&0&0000#{4d1e55b2-f16f-11cf-88cb-001111000030}
[02:47:18:983]\\?\hid#vid_046d&pid_0adf&mi_04#7&18e94d0e&0&0000#{4d1e55b2-f16f-11cf-88cb-001111000030}
[02:47:18:983]try_path=\\?\hid#vid_046d&pid_0adf&mi_00#7&3ad8dff3&0&0000#{4d1e55b2-f16f-11cf-88cb-001111000030}
[02:47:18:983]	InputReportByteLength=65
[02:47:18:983]	OutputReportByteLength=65
[02:47:18:983]HID_Connected=\\?\hid#vid_046d&pid_0adf&mi_00#7&3ad8dff3&0&0000#{4d1e55b2-f16f-11cf-88cb-001111000030}
[02:47:18:983][HID_TX]00-84-01-D1-55-01-00-00-00-00-00-00-00-00-00-00-00-00-00-00-00-00-00-00-00-00-00-00-00-00-00-00-00-00-00-00-00-00-00-00-00-00-00-00-00-00-00-00-00-00-00-00-00-00-00-00-00-00-00-00-00-00-00-00-00
[02:47:18:985]HidD_GetInputReport=True
[02:47:18:985]reply_report=00-4F-56-31-2E-38-2E-35-2E-31-00-00-00-00-00-00-00-00-00-00-00-00-00-00-00-00-00-00-00-00-00-00-00-00-00-00-00-00-00-00-00-00-00-00-00-00-00-00-00-00-00-00-00-00-00-00-00-00-00-00-00-00-00-00-00
[02:47:18:985][ys_tech] fw_version=V1.8.5.1
[02:47:18:985]ystech_Power_Saving, is_EnablePowerSaving=False
[02:47:18:985][HID_TX]00-85-01-83-8B-01-00-00-00-00-00-00-00-00-00-00-00-00-00-00-00-00-00-00-00-00-00-00-00-00-00-00-00-00-00-00-00-00-00-00-00-00-00-00-00-00-00-00-00-00-00-00-00-00-00-00-00-00-00-00-00-00-00-00-00
[02:47:18:986]HidD_GetInputReport=True
[02:47:18:986]reply_report=00-46-00-00-00-00-00-00-00-00-00-00-00-00-00-00-00-00-00-00-00-00-00-00-00-00-00-00-00-00-00-00-00-00-00-00-00-00-00-00-00-00-00-00-00-00-00-00-00-00-00-00-00-00-00-00-00-00-00-00-00-00-00-00-00
[02:47:18:989][Response Fail][System.Exception]
[02:47:18:989]   at ..(Boolean  )
   at ..(Byte  , Byte[]  )
[02:47:19:051]_ystech_retry_count=1
[02:47:19:051][HID_TX]00-85-01-83-8B-01-00-00-00-00-00-00-00-00-00-00-00-00-00-00-00-00-00-00-00-00-00-00-00-00-00-00-00-00-00-00-00-00-00-00-00-00-00-00-00-00-00-00-00-00-00-00-00-00-00-00-00-00-00-00-00-00-00-00-00
[02:47:19:053]HidD_GetInputReport=True
[02:47:19:053]reply_report=00-4F-00-00-00-00-00-00-00-00-00-00-00-00-00-00-00-00-00-00-00-00-00-00-00-00-00-00-00-00-00-00-00-00-00-00-00-00-00-00-00-00-00-00-00-00-00-00-00-00-00-00-00-00-00-00-00-00-00-00-00-00-00-00-00
[02:47:19:053]HID_CMD_POWER_SAVING_Disable
[02:47:19:053]path_connected=\\?\hid#vid_046d&pid_0adf&mi_00#7&3ad8dff3&0&0000#{4d1e55b2-f16f-11cf-88cb-001111000030}
[02:47:30:643][HID_TX]00-80-06-95-4D-50-41-0E-05-01-E3-00-00-00-00-00-00-00-00-00-00-00-00-00-00-00-00-00-00-00-00-00-00-00-00-00-00-00-00-00-00-00-00-00-00-00-00-00-00-00-00-00-00-00-00-00-00-00-00-00-00-00-00-00-00
[02:47:30:643]HidD_GetInputReport=True
[02:47:30:643]reply_report=00-4F-00-00-00-00-00-00-00-00-00-00-00-00-00-00-00-00-00-00-00-00-00-00-00-00-00-00-00-00-00-00-00-00-00-00-00-00-00-00-00-00-00-00-00-00-00-00-00-00-00-00-00-00-00-00-00-00-00-00-00-00-00-00-00
[02:47:30:643]50-41-0E-05-01-E3 [CMD_SENT][REMOTE_GET_CONNECT_STATUS]
[02:47:30:646][HID_TX_ack]00-19-50-49-01-C0-43-AE-05-00-03-00-0E-85-00-50-49-0E-C5-00-00-00-00-02-00-E3-01-00-32-00-00-00-00-00-00-00-00-00-00-00-00-00-00-00-00-00-00-00-00-00-00-00-00-00-00-00-00-00-00-00-00-00-00-00-00
[02:47:30:646]50-49-01-C0-43-AE-05-00-03-00-0E-85-00
[02:47:30:646]50-49-0E-C5-00-00-00-00-02-00-E3-01-
[02:47:30:646]REMOTE_GET_CONNECT_STATUS=01
[02:48:27:020][HID_TX]00-80-07-44-66-50-41-0E-06-02-E1-00-00-00-00-00-00-00-00-00-00-00-00-00-00-00-00-00-00-00-00-00-00-00-00-00-00-00-00-00-00-00-00-00-00-00-00-00-00-00-00-00-00-00-00-00-00-00-00-00-00-00-00-00-00
[02:48:27:022]HidD_GetInputReport=True
[02:48:27:022]reply_report=00-4F-00-00-00-00-00-00-00-00-00-00-00-00-00-00-00-00-00-00-00-00-00-00-00-00-00-00-00-00-00-00-00-00-00-00-00-00-00-00-00-00-00-00-00-00-00-00-00-00-00-00-00-00-00-00-00-00-00-00-00-00-00-00-00
[02:48:27:022]50-41-0E-06-02-E1-00 [CMD_SENT][REMOTE_SET_MODE] is_remote=False
[02:48:27:025][HID_TX_ack]00-0D-50-49-01-C0-72-5E-06-00-03-00-0E-86-00-50-49-0E-C5-00-00-00-00-02-00-E3-01-00-32-00-00-00-00-00-00-00-00-00-00-00-00-00-00-00-00-00-00-00-00-00-00-00-00-00-00-00-00-00-00-00-00-00-00-00-00
[02:48:27:025]50-49-01-C0-72-5E-06-00-03-00-0E-86-00
[02:48:27:025]ystech_Power_Saving, is_EnablePowerSaving=True
[02:48:27:025][HID_TX]00-85-01-73-56-02-00-00-00-00-00-00-00-00-00-00-00-00-00-00-00-00-00-00-00-00-00-00-00-00-00-00-00-00-00-00-00-00-00-00-00-00-00-00-00-00-00-00-00-00-00-00-00-00-00-00-00-00-00-00-00-00-00-00-00
[02:48:27:026]HidD_GetInputReport=True
[02:48:27:026]reply_report=00-4F-00-00-00-00-00-00-00-00-00-00-00-00-00-00-00-00-00-00-00-00-00-00-00-00-00-00-00-00-00-00-00-00-00-00-00-00-00-00-00-00-00-00-00-00-00-00-00-00-00-00-00-00-00-00-00-00-00-00-00-00-00-00-00
[02:48:27:026]HID_CMD_POWER_SAVING_Enable
[02:48:27:026]close_hid_stream
[02:48:27:026]close_hid_handle
