[14:58:53:991]close_hid_handle
[14:58:54:998]\\?\hid#dell09c2&col02#5&bc4dc33&0&0001#{4d1e55b2-f16f-11cf-88cb-001111000030}
[14:58:54:998]\\?\hid#dell09c2&col03#5&bc4dc33&0&0002#{4d1e55b2-f16f-11cf-88cb-001111000030}
[14:58:54:998]\\?\hid#intc816&col01#3&207f9b7f&0&0000#{4d1e55b2-f16f-11cf-88cb-001111000030}
[14:58:54:998]\\?\hid#vid_046d&pid_0adf&mi_04#7&2ad3f249&0&0000#{4d1e55b2-f16f-11cf-88cb-001111000030}
[14:58:54:998]\\?\hid#intc816&col02#3&207f9b7f&0&0001#{4d1e55b2-f16f-11cf-88cb-001111000030}
[14:58:54:998]\\?\hid#converteddevice&col02#5&17bac0a6&0&0001#{4d1e55b2-f16f-11cf-88cb-001111000030}
[14:58:54:998]\\?\hid#converteddevice&col03#5&17bac0a6&0&0002#{4d1e55b2-f16f-11cf-88cb-001111000030}
[14:58:54:999]\\?\hid#dell09c2&col04#5&bc4dc33&0&0003#{4d1e55b2-f16f-11cf-88cb-001111000030}
[14:58:54:999]\\?\hid#dell09c2&col05#5&bc4dc33&0&0004#{4d1e55b2-f16f-11cf-88cb-001111000030}
[14:58:54:999]\\?\hid#vid_046d&pid_0adf&mi_00#7&28ee3ab8&0&0000#{4d1e55b2-f16f-11cf-88cb-001111000030}
[14:58:54:999]\\?\hid#converteddevice&col01#5&17bac0a6&0&0000#{4d1e55b2-f16f-11cf-88cb-001111000030}\kbd
[14:58:54:999]\\?\hid#dell09c2&col01#5&bc4dc33&0&0000#{4d1e55b2-f16f-11cf-88cb-001111000030}
[14:58:54:999]\\?\hid#vid_413c&pid_301a#6&3b68e75b&0&0000#{4d1e55b2-f16f-11cf-88cb-001111000030}
[14:58:55:000]try_path=\\?\hid#vid_046d&pid_0adf&mi_04#7&2ad3f249&0&0000#{4d1e55b2-f16f-11cf-88cb-001111000030}
[14:58:55:006][invalid device][System.Exception]
[14:58:55:006]   at ..connect(String path)
[14:58:55:006]close_hid_handle
[14:58:55:007][connect HID device fail : invalid device][System.Exception]
[14:58:55:007]   at ..connect(String path)
   at ..(String  )
   at ..connect(UInt16 vid, UInt16 pid,  vt)
[14:58:55:007]try_path=\\?\hid#vid_046d&pid_0adf&mi_00#7&28ee3ab8&0&0000#{4d1e55b2-f16f-11cf-88cb-001111000030}
[14:58:55:008]	InputReportByteLength=65
[14:58:55:008]	OutputReportByteLength=65
[14:58:55:008]HID_Connected=\\?\hid#vid_046d&pid_0adf&mi_00#7&28ee3ab8&0&0000#{4d1e55b2-f16f-11cf-88cb-001111000030}
[14:58:55:009][HID_TX]00-84-01-D1-55-01-00-00-00-00-00-00-00-00-00-00-00-00-00-00-00-00-00-00-00-00-00-00-00-00-00-00-00-00-00-00-00-00-00-00-00-00-00-00-00-00-00-00-00-00-00-00-00-00-00-00-00-00-00-00-00-00-00-00-00
[14:58:55:010]HidD_GetInputReport=True
[14:58:55:010]reply_report=00-4F-56-31-2E-36-2E-31-00-00-00-00-00-00-00-00-00-00-00-00-00-00-00-00-00-00-00-00-00-00-00-00-00-00-00-00-00-00-00-00-00-00-00-00-00-00-00-00-00-00-00-00-00-00-00-00-00-00-00-00-00-00-00-00-00
[14:58:55:010][ys_tech] fw_version=V1.6.1
[14:58:55:011]ystech_Power_Saving, is_EnablePowerSaving=False
[14:58:55:011][HID_TX]00-85-01-83-8B-01-00-00-00-00-00-00-00-00-00-00-00-00-00-00-00-00-00-00-00-00-00-00-00-00-00-00-00-00-00-00-00-00-00-00-00-00-00-00-00-00-00-00-00-00-00-00-00-00-00-00-00-00-00-00-00-00-00-00-00
[14:58:55:013]HidD_GetInputReport=True
[14:58:55:013]reply_report=00-4F-00-00-00-00-00-00-00-00-00-00-00-00-00-00-00-00-00-00-00-00-00-00-00-00-00-00-00-00-00-00-00-00-00-00-00-00-00-00-00-00-00-00-00-00-00-00-00-00-00-00-00-00-00-00-00-00-00-00-00-00-00-00-00
[14:58:55:013]HID_CMD_POWER_SAVING_Disable
[14:58:55:013]path_connected=\\?\hid#vid_046d&pid_0adf&mi_00#7&28ee3ab8&0&0000#{4d1e55b2-f16f-11cf-88cb-001111000030}
[14:58:56:023][HID_TX]00-80-06-12-CD-50-41-0E-02-01-E0-00-00-00-00-00-00-00-00-00-00-00-00-00-00-00-00-00-00-00-00-00-00-00-00-00-00-00-00-00-00-00-00-00-00-00-00-00-00-00-00-00-00-00-00-00-00-00-00-00-00-00-00-00-00
[14:58:56:026]HidD_GetInputReport=True
[14:58:56:026]reply_report=00-4F-00-00-00-00-00-00-00-00-00-00-00-00-00-00-00-00-00-00-00-00-00-00-00-00-00-00-00-00-00-00-00-00-00-00-00-00-00-00-00-00-00-00-00-00-00-00-00-00-00-00-00-00-00-00-00-00-00-00-00-00-00-00-00
[14:58:56:026]50-41-0E-02-01-E0 [CMD_SENT][REMOTE_GET_MODE]
[14:58:56:030][HID_TX_ack]00-19-50-49-01-C0-60-E7-00-00-03-00-0E-82-00-50-49-0E-C4-00-00-00-00-02-00-E0-00-00-01-00-01-00-00-00-00-00-31-00-01-00-19-00-00-00-00-00-00-00-00-00-00-00-00-00-00-00-00-00-00-00-00-00-00-00-00
[14:58:56:044]REMOTE_GET_MODE=00
[14:58:56:044]50-49-01-C0-60-E7-00-00-03-00-0E-82-00
[14:58:56:044]50-49-0E-C4-00-00-00-00-02-00-E0-00-
[14:58:56:044][HID_TX]00-80-08-ED-79-50-41-06-03-02-00-43-01-00-00-00-00-00-00-00-00-00-00-00-00-00-00-00-00-00-00-00-00-00-00-00-00-00-00-00-00-00-00-00-00-00-00-00-00-00-00-00-00-00-00-00-00-00-00-00-00-00-00-00-00
[14:58:56:046]HidD_GetInputReport=True
[14:58:56:046]reply_report=00-4F-00-00-00-00-00-00-00-00-00-00-00-00-00-00-00-00-00-00-00-00-00-00-00-00-00-00-00-00-00-00-00-00-00-00-00-00-00-00-00-00-00-00-00-00-00-00-00-00-00-00-00-00-00-00-00-00-00-00-00-00-00-00-00
[14:58:56:046]50-41-06-03-02-00-43-01 [CMD_SENT][CMD_READ_MP_DATA_BY_ID]
[14:58:56:048][HID_TX_ack]00-13-50-49-01-C0-70-E7-00-00-09-00-06-83-00-87-56-03-99-58-40-00-00-02-00-E0-00-00-01-00-01-00-00-00-00-00-31-00-01-00-19-00-00-00-00-00-00-00-00-00-00-00-00-00-00-00-00-00-00-00-00-00-00-00-00
[14:58:56:048]50-49-01-C0-70-E7-00-00-09-00-06-83-00-87-56-03-99-58-40
[14:58:59:601][HID_TX]00-80-06-2F-BD-50-41-0E-04-01-E0-00-00-00-00-00-00-00-00-00-00-00-00-00-00-00-00-00-00-00-00-00-00-00-00-00-00-00-00-00-00-00-00-00-00-00-00-00-00-00-00-00-00-00-00-00-00-00-00-00-00-00-00-00-00
[14:58:59:602]HidD_GetInputReport=True
[14:58:59:602]reply_report=00-4F-00-00-00-00-00-00-00-00-00-00-00-00-00-00-00-00-00-00-00-00-00-00-00-00-00-00-00-00-00-00-00-00-00-00-00-00-00-00-00-00-00-00-00-00-00-00-00-00-00-00-00-00-00-00-00-00-00-00-00-00-00-00-00
[14:58:59:602]50-41-0E-04-01-E0 [CMD_SENT][REMOTE_GET_MODE]
[14:58:59:604][HID_TX_ack]00-19-50-49-01-C0-8E-F2-00-00-03-00-0E-84-00-50-49-0E-C5-00-00-00-00-02-00-E0-00-00-01-00-01-00-00-00-00-00-31-00-01-00-19-00-00-00-00-00-00-00-00-00-00-00-00-00-00-00-00-00-00-00-00-00-00-00-00
[14:58:59:604]50-49-01-C0-8E-F2-00-00-03-00-0E-84-00
[14:58:59:604]50-49-0E-C5-00-00-00-00-02-00-E0-00-
[14:58:59:604]REMOTE_GET_MODE=00
[14:58:59:606][HID_TX]00-80-08-F9-5F-50-41-07-05-03-08-00-E4-00-00-00-00-00-00-00-00-00-00-00-00-00-00-00-00-00-00-00-00-00-00-00-00-00-00-00-00-00-00-00-00-00-00-00-00-00-00-00-00-00-00-00-00-00-00-00-00-00-00-00-00
[14:58:59:607]HidD_GetInputReport=True
[14:58:59:607]reply_report=00-4F-00-00-00-00-00-00-00-00-00-00-00-00-00-00-00-00-00-00-00-00-00-00-00-00-00-00-00-00-00-00-00-00-00-00-00-00-00-00-00-00-00-00-00-00-00-00-00-00-00-00-00-00-00-00-00-00-00-00-00-00-00-00-00
[14:58:59:607]50-41-07-05-03-08-00-E4 [CMD_SENT] [CMD_SENT][UNKNOW]
[14:58:59:664][HID_TX_ack]00-0F-50-49-01-C0-8E-F2-00-00-05-00-07-85-08-00-00-0E-C5-00-00-00-00-02-00-E0-00-00-01-00-01-00-00-00-00-00-31-00-01-00-19-00-00-00-00-00-00-00-00-00-00-00-00-00-00-00-00-00-00-00-00-00-00-00-00
[14:58:59:664]50-49-01-C0-8E-F2-00-00-05-00-07-85-08-00-00
[14:59:06:871][The device is not connected.
][System.IO.IOException]
[14:59:06:871]   at System.IO.__Error.WinIOError(Int32 errorCode, String maybeFullPath)
   at System.IO.FileStream.BeginReadCore(Byte[] bytes, Int32 offset, Int32 numBytes, AsyncCallback userCallback, Object stateObject, Int32 numBufferedBytesRead)
   at System.IO.FileStream.BeginReadAsync(Byte[] array, Int32 offset, Int32 numBytes, AsyncCallback userCallback, Object stateObject)
   at System.IO.FileStream.BeginRead(Byte[] array, Int32 offset, Int32 numBytes, AsyncCallback userCallback, Object stateObject)
   at ..()
[14:59:06:871]ystech_Power_Saving, is_EnablePowerSaving=True
[14:59:06:871][HID_TX]00-85-01-73-56-02-00-00-00-00-00-00-00-00-00-00-00-00-00-00-00-00-00-00-00-00-00-00-00-00-00-00-00-00-00-00-00-00-00-00-00-00-00-00-00-00-00-00-00-00-00-00-00-00-00-00-00-00-00-00-00-00-00-00-00
[14:59:06:878][The device is not connected.
][System.IO.IOException]
[14:59:06:878]   at System.IO.__Error.WinIOError(Int32 errorCode, String maybeFullPath)
   at System.IO.FileStream.BeginWriteCore(Byte[] bytes, Int32 offset, Int32 numBytes, AsyncCallback userCallback, Object stateObject)
   at System.IO.FileStream.WriteCore(Byte[] buffer, Int32 offset, Int32 count)
   at System.IO.FileStream.Write(Byte[] array, Int32 offset, Int32 count)
   at ..(Byte  , Byte[]  )
[14:59:06:880][connect HID device fail : The device is not connected.
][System.Exception]
[14:59:06:880]   at ..(Byte  , Byte[]  )
   at ..(Boolean  )
   at ..close()
[14:59:06:880]close_hid_stream
[14:59:06:883][External component has thrown an exception.][System.Runtime.InteropServices.SEHException]
[14:59:06:883]   at ..(IntPtr  )
   at ..close()
[14:59:23:667]\\?\hid#dell09c2&col02#5&bc4dc33&0&0001#{4d1e55b2-f16f-11cf-88cb-001111000030}
[14:59:23:667]\\?\hid#dell09c2&col03#5&bc4dc33&0&0002#{4d1e55b2-f16f-11cf-88cb-001111000030}
[14:59:23:667]\\?\hid#intc816&col01#3&207f9b7f&0&0000#{4d1e55b2-f16f-11cf-88cb-001111000030}
[14:59:23:667]\\?\hid#vid_046d&pid_0adf&mi_04#7&2ad3f249&0&0000#{4d1e55b2-f16f-11cf-88cb-001111000030}
[14:59:23:667]\\?\hid#intc816&col02#3&207f9b7f&0&0001#{4d1e55b2-f16f-11cf-88cb-001111000030}
[14:59:23:667]\\?\hid#converteddevice&col02#5&17bac0a6&0&0001#{4d1e55b2-f16f-11cf-88cb-001111000030}
[14:59:23:667]\\?\hid#converteddevice&col03#5&17bac0a6&0&0002#{4d1e55b2-f16f-11cf-88cb-001111000030}
[14:59:23:667]\\?\hid#dell09c2&col04#5&bc4dc33&0&0003#{4d1e55b2-f16f-11cf-88cb-001111000030}
[14:59:23:667]\\?\hid#dell09c2&col05#5&bc4dc33&0&0004#{4d1e55b2-f16f-11cf-88cb-001111000030}
[14:59:23:667]\\?\hid#vid_046d&pid_0adf&mi_00#7&28ee3ab8&0&0000#{4d1e55b2-f16f-11cf-88cb-001111000030}
[14:59:23:667]\\?\hid#converteddevice&col01#5&17bac0a6&0&0000#{4d1e55b2-f16f-11cf-88cb-001111000030}\kbd
[14:59:23:667]\\?\hid#dell09c2&col01#5&bc4dc33&0&0000#{4d1e55b2-f16f-11cf-88cb-001111000030}
[14:59:23:668]\\?\hid#vid_413c&pid_301a#6&3b68e75b&0&0000#{4d1e55b2-f16f-11cf-88cb-001111000030}
[14:59:23:668]try_path=\\?\hid#vid_046d&pid_0adf&mi_04#7&2ad3f249&0&0000#{4d1e55b2-f16f-11cf-88cb-001111000030}
[14:59:23:680][invalid device][System.Exception]
[14:59:23:680]   at ..connect(String path)
[14:59:23:680]close_hid_handle
[14:59:23:682][connect HID device fail : invalid device][System.Exception]
[14:59:23:682]   at ..connect(String path)
   at ..(String  )
   at ..connect(UInt16 vid, UInt16 pid,  vt)
[14:59:23:682]try_path=\\?\hid#vid_046d&pid_0adf&mi_00#7&28ee3ab8&0&0000#{4d1e55b2-f16f-11cf-88cb-001111000030}
[14:59:23:683]	InputReportByteLength=65
[14:59:23:683]	OutputReportByteLength=65
[14:59:23:683]HID_Connected=\\?\hid#vid_046d&pid_0adf&mi_00#7&28ee3ab8&0&0000#{4d1e55b2-f16f-11cf-88cb-001111000030}
[14:59:23:683][HID_TX]00-84-01-D1-55-01-00-00-00-00-00-00-00-00-00-00-00-00-00-00-00-00-00-00-00-00-00-00-00-00-00-00-00-00-00-00-00-00-00-00-00-00-00-00-00-00-00-00-00-00-00-00-00-00-00-00-00-00-00-00-00-00-00-00-00
[14:59:23:685]HidD_GetInputReport=True
[14:59:23:685]reply_report=00-4F-56-31-2E-36-2E-31-00-00-00-00-00-00-00-00-00-00-00-00-00-00-00-00-00-00-00-00-00-00-00-00-00-00-00-00-00-00-00-00-00-00-00-00-00-00-00-00-00-00-00-00-00-00-00-00-00-00-00-00-00-00-00-00-00
[14:59:23:685][ys_tech] fw_version=V1.6.1
[14:59:23:685]ystech_Power_Saving, is_EnablePowerSaving=False
[14:59:23:685][HID_TX]00-85-01-83-8B-01-00-00-00-00-00-00-00-00-00-00-00-00-00-00-00-00-00-00-00-00-00-00-00-00-00-00-00-00-00-00-00-00-00-00-00-00-00-00-00-00-00-00-00-00-00-00-00-00-00-00-00-00-00-00-00-00-00-00-00
[14:59:23:686]HidD_GetInputReport=True
[14:59:23:686]reply_report=00-4F-00-00-00-00-00-00-00-00-00-00-00-00-00-00-00-00-00-00-00-00-00-00-00-00-00-00-00-00-00-00-00-00-00-00-00-00-00-00-00-00-00-00-00-00-00-00-00-00-00-00-00-00-00-00-00-00-00-00-00-00-00-00-00
[14:59:23:686]HID_CMD_POWER_SAVING_Disable
[14:59:23:686]path_connected=\\?\hid#vid_046d&pid_0adf&mi_00#7&28ee3ab8&0&0000#{4d1e55b2-f16f-11cf-88cb-001111000030}
[14:59:23:687][HID_TX]00-80-06-9B-FD-50-41-0E-06-01-E3-00-00-00-00-00-00-00-00-00-00-00-00-00-00-00-00-00-00-00-00-00-00-00-00-00-00-00-00-00-00-00-00-00-00-00-00-00-00-00-00-00-00-00-00-00-00-00-00-00-00-00-00-00-00
[14:59:23:687]HidD_GetInputReport=True
[14:59:23:687]reply_report=00-4F-00-00-00-00-00-00-00-00-00-00-00-00-00-00-00-00-00-00-00-00-00-00-00-00-00-00-00-00-00-00-00-00-00-00-00-00-00-00-00-00-00-00-00-00-00-00-00-00-00-00-00-00-00-00-00-00-00-00-00-00-00-00-00
[14:59:23:687]50-41-0E-06-01-E3 [CMD_SENT][REMOTE_GET_CONNECT_STATUS]
[14:59:23:692][HID_TX_ack]00-19-50-49-01-C0-BC-25-00-00-03-00-0E-86-00-50-49-0E-C3-00-00-00-00-02-00-E3-01-00-01-00-01-00-31-00-00-00-31-00-01-00-18-00-00-00-00-00-00-00-00-00-00-00-00-00-00-00-00-00-00-00-00-00-00-00-00
[14:59:23:692]50-49-01-C0-BC-25-00-00-03-00-0E-86-00
[14:59:23:692]50-49-0E-C3-00-00-00-00-02-00-E3-01-
[14:59:23:692]REMOTE_GET_CONNECT_STATUS=01
[14:59:27:038][HID_TX]00-80-07-A1-F9-50-41-0E-07-02-E1-00-00-00-00-00-00-00-00-00-00-00-00-00-00-00-00-00-00-00-00-00-00-00-00-00-00-00-00-00-00-00-00-00-00-00-00-00-00-00-00-00-00-00-00-00-00-00-00-00-00-00-00-00-00
[14:59:27:040]HidD_GetInputReport=True
[14:59:27:040]reply_report=00-4F-00-00-00-00-00-00-00-00-00-00-00-00-00-00-00-00-00-00-00-00-00-00-00-00-00-00-00-00-00-00-00-00-00-00-00-00-00-00-00-00-00-00-00-00-00-00-00-00-00-00-00-00-00-00-00-00-00-00-00-00-00-00-00
[14:59:27:040]50-41-0E-07-02-E1-00 [CMD_SENT][REMOTE_SET_MODE] is_remote=False
[14:59:27:043][HID_TX_ack]00-0D-50-49-01-C0-36-30-00-00-03-00-0E-87-00-50-49-0E-C3-00-00-00-00-02-00-E3-01-00-01-00-01-00-31-00-00-00-31-00-01-00-18-00-00-00-00-00-00-00-00-00-00-00-00-00-00-00-00-00-00-00-00-00-00-00-00
[14:59:27:043]50-49-01-C0-36-30-00-00-03-00-0E-87-00
[14:59:27:043]ystech_Power_Saving, is_EnablePowerSaving=True
[14:59:27:043][HID_TX]00-85-01-73-56-02-00-00-00-00-00-00-00-00-00-00-00-00-00-00-00-00-00-00-00-00-00-00-00-00-00-00-00-00-00-00-00-00-00-00-00-00-00-00-00-00-00-00-00-00-00-00-00-00-00-00-00-00-00-00-00-00-00-00-00
[14:59:27:044]HidD_GetInputReport=True
[14:59:27:044]reply_report=00-4F-00-00-00-00-00-00-00-00-00-00-00-00-00-00-00-00-00-00-00-00-00-00-00-00-00-00-00-00-00-00-00-00-00-00-00-00-00-00-00-00-00-00-00-00-00-00-00-00-00-00-00-00-00-00-00-00-00-00-00-00-00-00-00
[14:59:27:044]HID_CMD_POWER_SAVING_Enable
[14:59:27:044]close_hid_stream
[14:59:27:044]close_hid_handle
