[08:12:55:466]\\?\hid#dell09c2&col02#5&bc4dc33&0&0001#{4d1e55b2-f16f-11cf-88cb-001111000030}
[08:12:55:466]\\?\hid#dell09c2&col03#5&bc4dc33&0&0002#{4d1e55b2-f16f-11cf-88cb-001111000030}
[08:12:55:466]\\?\hid#intc816&col01#3&207f9b7f&0&0000#{4d1e55b2-f16f-11cf-88cb-001111000030}
[08:12:55:466]\\?\hid#vid_046d&pid_0adf&mi_04#7&2ad3f249&0&0000#{4d1e55b2-f16f-11cf-88cb-001111000030}
[08:12:55:466]\\?\hid#intc816&col02#3&207f9b7f&0&0001#{4d1e55b2-f16f-11cf-88cb-001111000030}
[08:12:55:466]\\?\hid#converteddevice&col02#5&17bac0a6&0&0001#{4d1e55b2-f16f-11cf-88cb-001111000030}
[08:12:55:466]\\?\hid#converteddevice&col03#5&17bac0a6&0&0002#{4d1e55b2-f16f-11cf-88cb-001111000030}
[08:12:55:466]\\?\hid#dell09c2&col04#5&bc4dc33&0&0003#{4d1e55b2-f16f-11cf-88cb-001111000030}
[08:12:55:467]\\?\hid#{00001812-0000-1000-8000-00805f9b34fb}_dev_vid&0232c2_pid&0001_rev&0068_ccb624cd66b1#9&326e3aae&0&0000#{4d1e55b2-f16f-11cf-88cb-001111000030}
[08:12:55:467]\\?\hid#dell09c2&col05#5&bc4dc33&0&0004#{4d1e55b2-f16f-11cf-88cb-001111000030}
[08:12:55:467]\\?\hid#vid_046d&pid_0adf&mi_00#7&28ee3ab8&0&0000#{4d1e55b2-f16f-11cf-88cb-001111000030}
[08:12:55:467]\\?\hid#converteddevice&col01#5&17bac0a6&0&0000#{4d1e55b2-f16f-11cf-88cb-001111000030}\kbd
[08:12:55:467]\\?\hid#dell09c2&col01#5&bc4dc33&0&0000#{4d1e55b2-f16f-11cf-88cb-001111000030}
[08:12:55:468]try_path=\\?\hid#vid_046d&pid_0adf&mi_04#7&2ad3f249&0&0000#{4d1e55b2-f16f-11cf-88cb-001111000030}
[08:12:55:479][invalid device][System.Exception]
[08:12:55:483]   at ..connect(String path)
[08:12:55:483]close_hid_handle
[08:12:55:486][connect HID device fail : invalid device][System.Exception]
[08:12:55:486]   at ..connect(String path)
   at ..(String  )
   at ..connect(UInt16 vid, UInt16 pid,  vt)
[08:12:55:486]try_path=\\?\hid#vid_046d&pid_0adf&mi_00#7&28ee3ab8&0&0000#{4d1e55b2-f16f-11cf-88cb-001111000030}
[08:12:55:487]	InputReportByteLength=65
[08:12:55:487]	OutputReportByteLength=65
[08:12:55:487]HID_Connected=\\?\hid#vid_046d&pid_0adf&mi_00#7&28ee3ab8&0&0000#{4d1e55b2-f16f-11cf-88cb-001111000030}
[08:12:55:488][HID_TX]00-84-01-D1-55-01-00-00-00-00-00-00-00-00-00-00-00-00-00-00-00-00-00-00-00-00-00-00-00-00-00-00-00-00-00-00-00-00-00-00-00-00-00-00-00-00-00-00-00-00-00-00-00-00-00-00-00-00-00-00-00-00-00-00-00
[08:12:55:489]HidD_GetInputReport=True
[08:12:55:489]reply_report=00-4F-56-31-2E-36-2E-31-00-00-00-00-00-00-00-00-00-00-00-00-00-00-00-00-00-00-00-00-00-00-00-00-00-00-00-00-00-00-00-00-00-00-00-00-00-00-00-00-00-00-00-00-00-00-00-00-00-00-00-00-00-00-00-00-00
[08:12:55:489][ys_tech] fw_version=V1.6.1
[08:12:55:489]ystech_Power_Saving, is_EnablePowerSaving=False
[08:12:55:489][HID_TX]00-85-01-83-8B-01-00-00-00-00-00-00-00-00-00-00-00-00-00-00-00-00-00-00-00-00-00-00-00-00-00-00-00-00-00-00-00-00-00-00-00-00-00-00-00-00-00-00-00-00-00-00-00-00-00-00-00-00-00-00-00-00-00-00-00
[08:12:55:491]HidD_GetInputReport=True
[08:12:55:491]reply_report=00-46-00-00-00-00-00-00-00-00-00-00-00-00-00-00-00-00-00-00-00-00-00-00-00-00-00-00-00-00-00-00-00-00-00-00-00-00-00-00-00-00-00-00-00-00-00-00-00-00-00-00-00-00-00-00-00-00-00-00-00-00-00-00-00
[08:12:55:494][Response Fail][System.Exception]
[08:12:55:494]   at ..(Boolean  )
   at ..(Byte  , Byte[]  )
[08:12:55:558]_ystech_retry_count=1
[08:12:55:558][HID_TX]00-85-01-83-8B-01-00-00-00-00-00-00-00-00-00-00-00-00-00-00-00-00-00-00-00-00-00-00-00-00-00-00-00-00-00-00-00-00-00-00-00-00-00-00-00-00-00-00-00-00-00-00-00-00-00-00-00-00-00-00-00-00-00-00-00
[08:12:55:559]HidD_GetInputReport=True
[08:12:55:559]reply_report=00-4F-00-00-00-00-00-00-00-00-00-00-00-00-00-00-00-00-00-00-00-00-00-00-00-00-00-00-00-00-00-00-00-00-00-00-00-00-00-00-00-00-00-00-00-00-00-00-00-00-00-00-00-00-00-00-00-00-00-00-00-00-00-00-00
[08:12:55:559]HID_CMD_POWER_SAVING_Disable
[08:12:55:559]path_connected=\\?\hid#vid_046d&pid_0adf&mi_00#7&28ee3ab8&0&0000#{4d1e55b2-f16f-11cf-88cb-001111000030}
[08:12:59:111][HID_TX]00-80-06-1C-7D-50-41-0E-01-01-E0-00-00-00-00-00-00-00-00-00-00-00-00-00-00-00-00-00-00-00-00-00-00-00-00-00-00-00-00-00-00-00-00-00-00-00-00-00-00-00-00-00-00-00-00-00-00-00-00-00-00-00-00-00-00
[08:12:59:113]HidD_GetInputReport=True
[08:12:59:113]reply_report=00-4F-00-00-00-00-00-00-00-00-00-00-00-00-00-00-00-00-00-00-00-00-00-00-00-00-00-00-00-00-00-00-00-00-00-00-00-00-00-00-00-00-00-00-00-00-00-00-00-00-00-00-00-00-00-00-00-00-00-00-00-00-00-00-00
[08:12:59:113]50-41-0E-01-01-E0 [CMD_SENT][REMOTE_GET_MODE]
[08:12:59:115][HID_TX_ack]00-19-50-49-01-C0-B5-D1-00-00-03-00-0E-81-00-50-49-0E-C5-00-00-00-00-02-00-E0-00-00-01-00-01-00-01-00-00-00-31-00-01-00-08-00-00-00-00-00-00-00-00-00-00-00-00-00-00-00-00-00-00-00-00-00-00-00-00
[08:12:59:128]REMOTE_GET_MODE=00
[08:12:59:128]50-49-01-C0-B5-D1-00-00-03-00-0E-81-00
[08:12:59:128]50-49-0E-C5-00-00-00-00-02-00-E0-00-
[08:12:59:129][HID_TX]00-80-08-21-B0-50-41-07-02-03-08-00-E4-00-00-00-00-00-00-00-00-00-00-00-00-00-00-00-00-00-00-00-00-00-00-00-00-00-00-00-00-00-00-00-00-00-00-00-00-00-00-00-00-00-00-00-00-00-00-00-00-00-00-00-00
[08:12:59:132]HidD_GetInputReport=True
[08:12:59:132]reply_report=00-4F-00-00-00-00-00-00-00-00-00-00-00-00-00-00-00-00-00-00-00-00-00-00-00-00-00-00-00-00-00-00-00-00-00-00-00-00-00-00-00-00-00-00-00-00-00-00-00-00-00-00-00-00-00-00-00-00-00-00-00-00-00-00-00
[08:12:59:132]50-41-07-02-03-08-00-E4 [CMD_SENT] [CMD_SENT][UNKNOW]
[08:12:59:186][HID_TX_ack]00-0F-50-49-01-C0-B5-D1-00-00-05-00-07-82-08-00-00-0E-C5-00-00-00-00-02-00-E0-00-00-01-00-01-00-01-00-00-00-31-00-01-00-08-00-00-00-00-00-00-00-00-00-00-00-00-00-00-00-00-00-00-00-00-00-00-00-00
[08:12:59:186]50-49-01-C0-B5-D1-00-00-05-00-07-82-08-00-00
[08:13:00:194][HID_TX]00-80-06-F7-52-50-41-0E-03-01-E0-00-00-00-00-00-00-00-00-00-00-00-00-00-00-00-00-00-00-00-00-00-00-00-00-00-00-00-00-00-00-00-00-00-00-00-00-00-00-00-00-00-00-00-00-00-00-00-00-00-00-00-00-00-00
[08:13:00:195]HidD_GetInputReport=True
[08:13:00:195]reply_report=00-4F-00-00-00-00-00-00-00-00-00-00-00-00-00-00-00-00-00-00-00-00-00-00-00-00-00-00-00-00-00-00-00-00-00-00-00-00-00-00-00-00-00-00-00-00-00-00-00-00-00-00-00-00-00-00-00-00-00-00-00-00-00-00-00
[08:13:00:195]50-41-0E-03-01-E0 [CMD_SENT][REMOTE_GET_MODE]
[08:13:00:198][HID_TX_ack]00-19-50-49-01-C0-B5-D4-00-00-03-00-0E-83-00-50-49-0E-C6-00-00-00-00-02-00-E0-00-00-01-00-01-00-01-00-00-00-31-00-01-00-08-00-00-00-00-00-00-00-00-00-00-00-00-00-00-00-00-00-00-00-00-00-00-00-00
[08:13:00:198]50-49-01-C0-B5-D4-00-00-03-00-0E-83-00
[08:13:00:198]50-49-0E-C6-00-00-00-00-02-00-E0-00-
[08:13:00:198]REMOTE_GET_MODE=00
[08:13:00:198][HID_TX]00-80-08-35-96-50-41-06-04-02-00-43-01-00-00-00-00-00-00-00-00-00-00-00-00-00-00-00-00-00-00-00-00-00-00-00-00-00-00-00-00-00-00-00-00-00-00-00-00-00-00-00-00-00-00-00-00-00-00-00-00-00-00-00-00
[08:13:00:200]HidD_GetInputReport=True
[08:13:00:200]reply_report=00-4F-00-00-00-00-00-00-00-00-00-00-00-00-00-00-00-00-00-00-00-00-00-00-00-00-00-00-00-00-00-00-00-00-00-00-00-00-00-00-00-00-00-00-00-00-00-00-00-00-00-00-00-00-00-00-00-00-00-00-00-00-00-00-00
[08:13:00:200]50-41-06-04-02-00-43-01 [CMD_SENT][CMD_READ_MP_DATA_BY_ID]
[08:13:00:202][HID_TX_ack]00-13-50-49-01-C0-82-D5-00-00-09-00-06-84-00-47-48-05-99-58-40-00-00-02-00-E0-00-00-01-00-01-00-01-00-00-00-31-00-01-00-08-00-00-00-00-00-00-00-00-00-00-00-00-00-00-00-00-00-00-00-00-00-00-00-00
[08:13:00:202]50-49-01-C0-82-D5-00-00-09-00-06-84-00-47-48-05-99-58-40
[08:13:03:554][The device is not connected.
][System.IO.IOException]
[08:13:03:554]   at System.IO.__Error.WinIOError(Int32 errorCode, String maybeFullPath)
   at System.IO.FileStream.BeginReadCore(Byte[] bytes, Int32 offset, Int32 numBytes, AsyncCallback userCallback, Object stateObject, Int32 numBufferedBytesRead)
   at System.IO.FileStream.BeginReadAsync(Byte[] array, Int32 offset, Int32 numBytes, AsyncCallback userCallback, Object stateObject)
   at System.IO.FileStream.BeginRead(Byte[] array, Int32 offset, Int32 numBytes, AsyncCallback userCallback, Object stateObject)
   at ..()
[08:13:03:554]ystech_Power_Saving, is_EnablePowerSaving=True
[08:13:03:554][HID_TX]00-85-01-73-56-02-00-00-00-00-00-00-00-00-00-00-00-00-00-00-00-00-00-00-00-00-00-00-00-00-00-00-00-00-00-00-00-00-00-00-00-00-00-00-00-00-00-00-00-00-00-00-00-00-00-00-00-00-00-00-00-00-00-00-00
[08:13:03:559][The device is not connected.
][System.IO.IOException]
[08:13:03:559]   at System.IO.__Error.WinIOError(Int32 errorCode, String maybeFullPath)
   at System.IO.FileStream.BeginWriteCore(Byte[] bytes, Int32 offset, Int32 numBytes, AsyncCallback userCallback, Object stateObject)
   at System.IO.FileStream.WriteCore(Byte[] buffer, Int32 offset, Int32 count)
   at System.IO.FileStream.Write(Byte[] array, Int32 offset, Int32 count)
   at ..(Byte  , Byte[]  )
[08:13:03:561][connect HID device fail : The device is not connected.
][System.Exception]
[08:13:03:561]   at ..(Byte  , Byte[]  )
   at ..(Boolean  )
   at ..close()
[08:13:03:562]close_hid_stream
[08:13:03:564][External component has thrown an exception.][System.Runtime.InteropServices.SEHException]
[08:13:03:564]   at ..(IntPtr  )
   at ..close()
[08:13:15:845]\\?\hid#dell09c2&col02#5&bc4dc33&0&0001#{4d1e55b2-f16f-11cf-88cb-001111000030}
[08:13:15:845]\\?\hid#dell09c2&col03#5&bc4dc33&0&0002#{4d1e55b2-f16f-11cf-88cb-001111000030}
[08:13:15:846]\\?\hid#intc816&col01#3&207f9b7f&0&0000#{4d1e55b2-f16f-11cf-88cb-001111000030}
[08:13:15:846]\\?\hid#vid_046d&pid_0adf&mi_04#7&2ad3f249&0&0000#{4d1e55b2-f16f-11cf-88cb-001111000030}
[08:13:15:846]\\?\hid#intc816&col02#3&207f9b7f&0&0001#{4d1e55b2-f16f-11cf-88cb-001111000030}
[08:13:15:846]\\?\hid#converteddevice&col02#5&17bac0a6&0&0001#{4d1e55b2-f16f-11cf-88cb-001111000030}
[08:13:15:846]\\?\hid#converteddevice&col03#5&17bac0a6&0&0002#{4d1e55b2-f16f-11cf-88cb-001111000030}
[08:13:15:846]\\?\hid#dell09c2&col04#5&bc4dc33&0&0003#{4d1e55b2-f16f-11cf-88cb-001111000030}
[08:13:15:846]\\?\hid#{00001812-0000-1000-8000-00805f9b34fb}_dev_vid&0232c2_pid&0001_rev&0068_ccb624cd66b1#9&326e3aae&0&0000#{4d1e55b2-f16f-11cf-88cb-001111000030}
[08:13:15:846]\\?\hid#dell09c2&col05#5&bc4dc33&0&0004#{4d1e55b2-f16f-11cf-88cb-001111000030}
[08:13:15:846]\\?\hid#vid_046d&pid_0adf&mi_00#7&28ee3ab8&0&0000#{4d1e55b2-f16f-11cf-88cb-001111000030}
[08:13:15:846]\\?\hid#converteddevice&col01#5&17bac0a6&0&0000#{4d1e55b2-f16f-11cf-88cb-001111000030}\kbd
[08:13:15:846]\\?\hid#dell09c2&col01#5&bc4dc33&0&0000#{4d1e55b2-f16f-11cf-88cb-001111000030}
[08:13:15:846]try_path=\\?\hid#vid_046d&pid_0adf&mi_04#7&2ad3f249&0&0000#{4d1e55b2-f16f-11cf-88cb-001111000030}
[08:13:15:850][invalid device][System.Exception]
[08:13:15:850]   at ..connect(String path)
[08:13:15:852][External component has thrown an exception.][System.Runtime.InteropServices.SEHException]
[08:13:15:852]   at ..(IntPtr  )
   at ..close()
[08:13:15:854][connect HID device fail : invalid device][System.Exception]
[08:13:15:854]   at ..connect(String path)
   at ..(String  )
   at ..connect(UInt16 vid, UInt16 pid,  vt)
[08:13:15:854]try_path=\\?\hid#vid_046d&pid_0adf&mi_00#7&28ee3ab8&0&0000#{4d1e55b2-f16f-11cf-88cb-001111000030}
[08:13:15:854]	InputReportByteLength=65
[08:13:15:855]	OutputReportByteLength=65
[08:13:15:855]HID_Connected=\\?\hid#vid_046d&pid_0adf&mi_00#7&28ee3ab8&0&0000#{4d1e55b2-f16f-11cf-88cb-001111000030}
[08:13:15:855][HID_TX]00-84-01-D1-55-01-00-00-00-00-00-00-00-00-00-00-00-00-00-00-00-00-00-00-00-00-00-00-00-00-00-00-00-00-00-00-00-00-00-00-00-00-00-00-00-00-00-00-00-00-00-00-00-00-00-00-00-00-00-00-00-00-00-00-00
[08:13:15:857]HidD_GetInputReport=True
[08:13:15:857]reply_report=00-4F-56-31-2E-36-2E-31-00-00-00-00-00-00-00-00-00-00-00-00-00-00-00-00-00-00-00-00-00-00-00-00-00-00-00-00-00-00-00-00-00-00-00-00-00-00-00-00-00-00-00-00-00-00-00-00-00-00-00-00-00-00-00-00-00
[08:13:15:857][ys_tech] fw_version=V1.6.1
[08:13:15:857]ystech_Power_Saving, is_EnablePowerSaving=False
[08:13:15:857][HID_TX]00-85-01-83-8B-01-00-00-00-00-00-00-00-00-00-00-00-00-00-00-00-00-00-00-00-00-00-00-00-00-00-00-00-00-00-00-00-00-00-00-00-00-00-00-00-00-00-00-00-00-00-00-00-00-00-00-00-00-00-00-00-00-00-00-00
[08:13:15:858]HidD_GetInputReport=True
[08:13:15:858]reply_report=00-4F-00-00-00-00-00-00-00-00-00-00-00-00-00-00-00-00-00-00-00-00-00-00-00-00-00-00-00-00-00-00-00-00-00-00-00-00-00-00-00-00-00-00-00-00-00-00-00-00-00-00-00-00-00-00-00-00-00-00-00-00-00-00-00
[08:13:15:858]HID_CMD_POWER_SAVING_Disable
[08:13:15:858]path_connected=\\?\hid#vid_046d&pid_0adf&mi_00#7&28ee3ab8&0&0000#{4d1e55b2-f16f-11cf-88cb-001111000030}
[08:13:15:858][HID_TX]00-80-06-95-4D-50-41-0E-05-01-E3-00-00-00-00-00-00-00-00-00-00-00-00-00-00-00-00-00-00-00-00-00-00-00-00-00-00-00-00-00-00-00-00-00-00-00-00-00-00-00-00-00-00-00-00-00-00-00-00-00-00-00-00-00-00
[08:13:15:858]HidD_GetInputReport=True
[08:13:15:858]reply_report=00-4F-00-00-00-00-00-00-00-00-00-00-00-00-00-00-00-00-00-00-00-00-00-00-00-00-00-00-00-00-00-00-00-00-00-00-00-00-00-00-00-00-00-00-00-00-00-00-00-00-00-00-00-00-00-00-00-00-00-00-00-00-00-00-00
[08:13:15:858]50-41-0E-05-01-E3 [CMD_SENT][REMOTE_GET_CONNECT_STATUS]
[08:13:15:860][HID_TX_ack]00-19-50-49-01-C0-81-14-00-00-03-00-0E-85-00-50-49-0E-C3-00-00-00-00-02-00-E3-01-00-01-00-01-00-31-00-00-00-31-00-01-00-00-00-00-00-00-00-00-00-00-00-00-00-00-00-00-00-00-00-00-00-00-00-00-00-00
[08:13:15:860]50-49-01-C0-81-14-00-00-03-00-0E-85-00
[08:13:15:860]50-49-0E-C3-00-00-00-00-02-00-E3-01-
[08:13:15:860]REMOTE_GET_CONNECT_STATUS=01
[08:13:16:871][HID_TX]00-80-07-44-66-50-41-0E-06-02-E1-00-00-00-00-00-00-00-00-00-00-00-00-00-00-00-00-00-00-00-00-00-00-00-00-00-00-00-00-00-00-00-00-00-00-00-00-00-00-00-00-00-00-00-00-00-00-00-00-00-00-00-00-00-00
[08:13:16:873]HidD_GetInputReport=True
[08:13:16:873]reply_report=00-4F-00-00-00-00-00-00-00-00-00-00-00-00-00-00-00-00-00-00-00-00-00-00-00-00-00-00-00-00-00-00-00-00-00-00-00-00-00-00-00-00-00-00-00-00-00-00-00-00-00-00-00-00-00-00-00-00-00-00-00-00-00-00-00
[08:13:16:873]50-41-0E-06-02-E1-00 [CMD_SENT][REMOTE_SET_MODE] is_remote=False
[08:13:16:875][HID_TX_ack]00-0D-50-49-01-C0-AC-17-00-00-03-00-0E-86-00-50-49-0E-C3-00-00-00-00-02-00-E3-01-00-01-00-01-00-31-00-00-00-31-00-01-00-00-00-00-00-00-00-00-00-00-00-00-00-00-00-00-00-00-00-00-00-00-00-00-00-00
[08:13:16:875]50-49-01-C0-AC-17-00-00-03-00-0E-86-00
[08:13:16:875]ystech_Power_Saving, is_EnablePowerSaving=True
[08:13:16:875][HID_TX]00-85-01-73-56-02-00-00-00-00-00-00-00-00-00-00-00-00-00-00-00-00-00-00-00-00-00-00-00-00-00-00-00-00-00-00-00-00-00-00-00-00-00-00-00-00-00-00-00-00-00-00-00-00-00-00-00-00-00-00-00-00-00-00-00
[08:13:16:877]HidD_GetInputReport=True
[08:13:16:877]reply_report=00-4F-00-00-00-00-00-00-00-00-00-00-00-00-00-00-00-00-00-00-00-00-00-00-00-00-00-00-00-00-00-00-00-00-00-00-00-00-00-00-00-00-00-00-00-00-00-00-00-00-00-00-00-00-00-00-00-00-00-00-00-00-00-00-00
[08:13:16:877]HID_CMD_POWER_SAVING_Enable
[08:13:16:877]close_hid_stream
[08:13:16:877]close_hid_handle
