[15:28:02:144]\\?\hid#dell09c2&col02#5&bc4dc33&0&0001#{4d1e55b2-f16f-11cf-88cb-001111000030}
[15:28:02:144]\\?\hid#dell09c2&col03#5&bc4dc33&0&0002#{4d1e55b2-f16f-11cf-88cb-001111000030}
[15:28:02:144]\\?\hid#intc816&col01#3&207f9b7f&0&0000#{4d1e55b2-f16f-11cf-88cb-001111000030}
[15:28:02:144]\\?\hid#intc816&col02#3&207f9b7f&0&0001#{4d1e55b2-f16f-11cf-88cb-001111000030}
[15:28:02:144]\\?\hid#converteddevice&col02#5&17bac0a6&0&0001#{4d1e55b2-f16f-11cf-88cb-001111000030}
[15:28:02:144]\\?\hid#converteddevice&col03#5&17bac0a6&0&0002#{4d1e55b2-f16f-11cf-88cb-001111000030}
[15:28:02:144]\\?\hid#dell09c2&col04#5&bc4dc33&0&0003#{4d1e55b2-f16f-11cf-88cb-001111000030}
[15:28:02:144]\\?\hid#{00001812-0000-1000-8000-00805f9b34fb}_dev_vid&0232c2_pid&0001_rev&0068_ccb624cd66b1#9&326e3aae&0&0000#{4d1e55b2-f16f-11cf-88cb-001111000030}
[15:28:02:144]\\?\hid#dell09c2&col05#5&bc4dc33&0&0004#{4d1e55b2-f16f-11cf-88cb-001111000030}
[15:28:02:145]\\?\hid#converteddevice&col01#5&17bac0a6&0&0000#{4d1e55b2-f16f-11cf-88cb-001111000030}\kbd
[15:28:02:145]\\?\hid#dell09c2&col01#5&bc4dc33&0&0000#{4d1e55b2-f16f-11cf-88cb-001111000030}
[15:28:02:145]\\?\hid#vid_046d&pid_0adf&mi_00#7&3ad8dff3&0&0000#{4d1e55b2-f16f-11cf-88cb-001111000030}
[15:28:02:145]\\?\hid#vid_046d&pid_0adf&mi_04#7&18e94d0e&0&0000#{4d1e55b2-f16f-11cf-88cb-001111000030}
[15:28:02:146]try_path=\\?\hid#vid_046d&pid_0adf&mi_00#7&3ad8dff3&0&0000#{4d1e55b2-f16f-11cf-88cb-001111000030}
[15:28:02:148]	InputReportByteLength=65
[15:28:02:148]	OutputReportByteLength=65
[15:28:02:149]HID_Connected=\\?\hid#vid_046d&pid_0adf&mi_00#7&3ad8dff3&0&0000#{4d1e55b2-f16f-11cf-88cb-001111000030}
[15:28:02:150][HID_TX]00-84-01-D1-55-01-00-00-00-00-00-00-00-00-00-00-00-00-00-00-00-00-00-00-00-00-00-00-00-00-00-00-00-00-00-00-00-00-00-00-00-00-00-00-00-00-00-00-00-00-00-00-00-00-00-00-00-00-00-00-00-00-00-00-00
[15:28:02:151]HidD_GetInputReport=True
[15:28:02:151]reply_report=00-4F-56-31-2E-38-2E-35-2E-31-00-00-00-00-00-00-00-00-00-00-00-00-00-00-00-00-00-00-00-00-00-00-00-00-00-00-00-00-00-00-00-00-00-00-00-00-00-00-00-00-00-00-00-00-00-00-00-00-00-00-00-00-00-00-00
[15:28:02:151][ys_tech] fw_version=V1.8.5.1
[15:28:02:152]ystech_Power_Saving, is_EnablePowerSaving=False
[15:28:02:152][HID_TX]00-85-01-83-8B-01-00-00-00-00-00-00-00-00-00-00-00-00-00-00-00-00-00-00-00-00-00-00-00-00-00-00-00-00-00-00-00-00-00-00-00-00-00-00-00-00-00-00-00-00-00-00-00-00-00-00-00-00-00-00-00-00-00-00-00
[15:28:02:153]HidD_GetInputReport=True
[15:28:02:153]reply_report=00-46-00-00-00-00-00-00-00-00-00-00-00-00-00-00-00-00-00-00-00-00-00-00-00-00-00-00-00-00-00-00-00-00-00-00-00-00-00-00-00-00-00-00-00-00-00-00-00-00-00-00-00-00-00-00-00-00-00-00-00-00-00-00-00
[15:28:02:171][Response Fail][System.Exception]
[15:28:02:176]   at ..(Boolean  )
   at ..(Byte  , Byte[]  )
[15:28:02:229]_ystech_retry_count=1
[15:28:02:229][HID_TX]00-85-01-83-8B-01-00-00-00-00-00-00-00-00-00-00-00-00-00-00-00-00-00-00-00-00-00-00-00-00-00-00-00-00-00-00-00-00-00-00-00-00-00-00-00-00-00-00-00-00-00-00-00-00-00-00-00-00-00-00-00-00-00-00-00
[15:28:02:230]HidD_GetInputReport=True
[15:28:02:230]reply_report=00-4F-00-00-00-00-00-00-00-00-00-00-00-00-00-00-00-00-00-00-00-00-00-00-00-00-00-00-00-00-00-00-00-00-00-00-00-00-00-00-00-00-00-00-00-00-00-00-00-00-00-00-00-00-00-00-00-00-00-00-00-00-00-00-00
[15:28:02:230]HID_CMD_POWER_SAVING_Disable
[15:28:02:230]path_connected=\\?\hid#vid_046d&pid_0adf&mi_00#7&3ad8dff3&0&0000#{4d1e55b2-f16f-11cf-88cb-001111000030}
[15:28:03:410][HID_TX]00-80-06-1C-7D-50-41-0E-01-01-E0-00-00-00-00-00-00-00-00-00-00-00-00-00-00-00-00-00-00-00-00-00-00-00-00-00-00-00-00-00-00-00-00-00-00-00-00-00-00-00-00-00-00-00-00-00-00-00-00-00-00-00-00-00-00
[15:28:03:411]HidD_GetInputReport=True
[15:28:03:411]reply_report=00-4F-00-00-00-00-00-00-00-00-00-00-00-00-00-00-00-00-00-00-00-00-00-00-00-00-00-00-00-00-00-00-00-00-00-00-00-00-00-00-00-00-00-00-00-00-00-00-00-00-00-00-00-00-00-00-00-00-00-00-00-00-00-00-00
[15:28:03:411]50-41-0E-01-01-E0 [CMD_SENT][REMOTE_GET_MODE]
[15:28:03:415][HID_TX_ack]00-19-50-49-01-C0-8B-E9-03-00-03-00-0E-81-00-50-49-0E-D7-00-00-00-00-02-00-E0-00-17-50-49-0E-EC-00-00-00-00-02-00-E0-00-00-00-00-00-00-00-00-00-00-00-00-00-00-00-00-00-00-00-00-00-00-00-00-00-00
[15:28:03:420]REMOTE_GET_MODE=00
[15:28:03:420]50-49-01-C0-8B-E9-03-00-03-00-0E-81-00
[15:28:03:420]50-49-0E-D7-00-00-00-00-02-00-E0-00-
[15:28:03:421][HID_TX]00-80-07-1B-E1-50-41-06-02-01-00-63-00-00-00-00-00-00-00-00-00-00-00-00-00-00-00-00-00-00-00-00-00-00-00-00-00-00-00-00-00-00-00-00-00-00-00-00-00-00-00-00-00-00-00-00-00-00-00-00-00-00-00-00-00
[15:28:03:422]HidD_GetInputReport=True
[15:28:03:422]reply_report=00-4F-00-00-00-00-00-00-00-00-00-00-00-00-00-00-00-00-00-00-00-00-00-00-00-00-00-00-00-00-00-00-00-00-00-00-00-00-00-00-00-00-00-00-00-00-00-00-00-00-00-00-00-00-00-00-00-00-00-00-00-00-00-00-00
[15:28:03:422]50-41-06-02-01-00-63 [CMD_SENT][CMD_GET_IO_LEVEL]
[15:28:03:425][HID_TX_ack]00-12-50-49-01-C0-95-E9-03-00-08-00-06-82-00-01-D8-FF-1F-00-00-00-00-02-00-E0-00-17-50-49-0E-EC-00-00-00-00-02-00-E0-00-00-00-00-00-00-00-00-00-00-00-00-00-00-00-00-00-00-00-00-00-00-00-00-00-00
[15:28:03:425]50-49-01-C0-95-E9-03-00-08-00-06-82-00-01-D8-FF-1F-00
[15:28:03:643][HID_TX]00-80-06-F7-52-50-41-0E-03-01-E0-00-00-00-00-00-00-00-00-00-00-00-00-00-00-00-00-00-00-00-00-00-00-00-00-00-00-00-00-00-00-00-00-00-00-00-00-00-00-00-00-00-00-00-00-00-00-00-00-00-00-00-00-00-00
[15:28:03:643]HidD_GetInputReport=True
[15:28:03:643]reply_report=00-4F-00-00-00-00-00-00-00-00-00-00-00-00-00-00-00-00-00-00-00-00-00-00-00-00-00-00-00-00-00-00-00-00-00-00-00-00-00-00-00-00-00-00-00-00-00-00-00-00-00-00-00-00-00-00-00-00-00-00-00-00-00-00-00
[15:28:03:643]50-41-0E-03-01-E0 [CMD_SENT][REMOTE_GET_MODE]
[15:28:03:650][HID_TX_ack]00-19-50-49-01-C0-45-EA-03-00-03-00-0E-83-00-50-49-0E-D8-00-00-00-00-02-00-E0-00-17-50-49-0E-EC-00-00-00-00-02-00-E0-00-00-00-00-00-00-00-00-00-00-00-00-00-00-00-00-00-00-00-00-00-00-00-00-00-00
[15:28:03:650]50-49-01-C0-45-EA-03-00-03-00-0E-83-00
[15:28:03:650]50-49-0E-D8-00-00-00-00-02-00-E0-00-
[15:28:03:650]REMOTE_GET_MODE=00
[15:28:03:650][HID_TX]00-80-07-26-91-50-41-06-04-01-00-63-00-00-00-00-00-00-00-00-00-00-00-00-00-00-00-00-00-00-00-00-00-00-00-00-00-00-00-00-00-00-00-00-00-00-00-00-00-00-00-00-00-00-00-00-00-00-00-00-00-00-00-00-00
[15:28:03:651]HidD_GetInputReport=True
[15:28:03:651]reply_report=00-4F-00-00-00-00-00-00-00-00-00-00-00-00-00-00-00-00-00-00-00-00-00-00-00-00-00-00-00-00-00-00-00-00-00-00-00-00-00-00-00-00-00-00-00-00-00-00-00-00-00-00-00-00-00-00-00-00-00-00-00-00-00-00-00
[15:28:03:651]50-41-06-04-01-00-63 [CMD_SENT][CMD_GET_IO_LEVEL]
[15:28:03:654][HID_TX_ack]00-12-50-49-01-C0-4C-EA-03-00-08-00-06-84-00-01-D8-FF-1F-00-00-00-00-02-00-E0-00-17-50-49-0E-EC-00-00-00-00-02-00-E0-00-00-00-00-00-00-00-00-00-00-00-00-00-00-00-00-00-00-00-00-00-00-00-00-00-00
[15:28:03:654]50-49-01-C0-4C-EA-03-00-08-00-06-84-00-01-D8-FF-1F-00
[15:28:03:875][HID_TX]00-80-06-CA-22-50-41-0E-05-01-E0-00-00-00-00-00-00-00-00-00-00-00-00-00-00-00-00-00-00-00-00-00-00-00-00-00-00-00-00-00-00-00-00-00-00-00-00-00-00-00-00-00-00-00-00-00-00-00-00-00-00-00-00-00-00
[15:28:03:876]HidD_GetInputReport=True
[15:28:03:877]reply_report=00-4F-00-00-00-00-00-00-00-00-00-00-00-00-00-00-00-00-00-00-00-00-00-00-00-00-00-00-00-00-00-00-00-00-00-00-00-00-00-00-00-00-00-00-00-00-00-00-00-00-00-00-00-00-00-00-00-00-00-00-00-00-00-00-00
[15:28:03:877]50-41-0E-05-01-E0 [CMD_SENT][REMOTE_GET_MODE]
[15:28:03:879][HID_TX_ack]00-19-50-49-01-C0-00-EB-03-00-03-00-0E-85-00-50-49-0E-D9-00-00-00-00-02-00-E0-00-17-50-49-0E-EC-00-00-00-00-02-00-E0-00-00-00-00-00-00-00-00-00-00-00-00-00-00-00-00-00-00-00-00-00-00-00-00-00-00
[15:28:03:879]50-49-01-C0-00-EB-03-00-03-00-0E-85-00
[15:28:03:879]50-49-0E-D9-00-00-00-00-02-00-E0-00-
[15:28:03:879]REMOTE_GET_MODE=00
[15:28:03:879][HID_TX]00-80-07-CD-BE-50-41-06-06-01-00-63-00-00-00-00-00-00-00-00-00-00-00-00-00-00-00-00-00-00-00-00-00-00-00-00-00-00-00-00-00-00-00-00-00-00-00-00-00-00-00-00-00-00-00-00-00-00-00-00-00-00-00-00-00
[15:28:03:880]HidD_GetInputReport=True
[15:28:03:881]reply_report=00-4F-00-00-00-00-00-00-00-00-00-00-00-00-00-00-00-00-00-00-00-00-00-00-00-00-00-00-00-00-00-00-00-00-00-00-00-00-00-00-00-00-00-00-00-00-00-00-00-00-00-00-00-00-00-00-00-00-00-00-00-00-00-00-00
[15:28:03:881]50-41-06-06-01-00-63 [CMD_SENT][CMD_GET_IO_LEVEL]
[15:28:03:883][HID_TX_ack]00-12-50-49-01-C0-03-EB-03-00-08-00-06-86-00-01-D8-FF-1F-00-00-00-00-02-00-E0-00-17-50-49-0E-EC-00-00-00-00-02-00-E0-00-00-00-00-00-00-00-00-00-00-00-00-00-00-00-00-00-00-00-00-00-00-00-00-00-00
[15:28:03:883]50-49-01-C0-03-EB-03-00-08-00-06-86-00-01-D8-FF-1F-00
[15:28:04:107][HID_TX]00-80-06-21-0D-50-41-0E-07-01-E0-00-00-00-00-00-00-00-00-00-00-00-00-00-00-00-00-00-00-00-00-00-00-00-00-00-00-00-00-00-00-00-00-00-00-00-00-00-00-00-00-00-00-00-00-00-00-00-00-00-00-00-00-00-00
[15:28:04:108]HidD_GetInputReport=True
[15:28:04:108]reply_report=00-4F-00-00-00-00-00-00-00-00-00-00-00-00-00-00-00-00-00-00-00-00-00-00-00-00-00-00-00-00-00-00-00-00-00-00-00-00-00-00-00-00-00-00-00-00-00-00-00-00-00-00-00-00-00-00-00-00-00-00-00-00-00-00-00
[15:28:04:108]50-41-0E-07-01-E0 [CMD_SENT][REMOTE_GET_MODE]
[15:28:04:111][HID_TX_ack]00-19-50-49-01-C0-B8-EB-03-00-03-00-0E-87-00-50-49-0E-DA-00-00-00-00-02-00-E0-00-17-50-49-0E-EC-00-00-00-00-02-00-E0-00-00-00-00-00-00-00-00-00-00-00-00-00-00-00-00-00-00-00-00-00-00-00-00-00-00
[15:28:04:111]50-49-01-C0-B8-EB-03-00-03-00-0E-87-00
[15:28:04:111]50-49-0E-DA-00-00-00-00-02-00-E0-00-
[15:28:04:111]REMOTE_GET_MODE=00
[15:28:04:111][HID_TX]00-80-07-5C-71-50-41-06-08-01-00-63-00-00-00-00-00-00-00-00-00-00-00-00-00-00-00-00-00-00-00-00-00-00-00-00-00-00-00-00-00-00-00-00-00-00-00-00-00-00-00-00-00-00-00-00-00-00-00-00-00-00-00-00-00
[15:28:04:112]HidD_GetInputReport=True
[15:28:04:112]reply_report=00-4F-00-00-00-00-00-00-00-00-00-00-00-00-00-00-00-00-00-00-00-00-00-00-00-00-00-00-00-00-00-00-00-00-00-00-00-00-00-00-00-00-00-00-00-00-00-00-00-00-00-00-00-00-00-00-00-00-00-00-00-00-00-00-00
[15:28:04:112]50-41-06-08-01-00-63 [CMD_SENT][CMD_GET_IO_LEVEL]
[15:28:04:115][HID_TX_ack]00-12-50-49-01-C0-BC-EB-03-00-08-00-06-88-00-01-D8-FF-1F-00-00-00-00-02-00-E0-00-17-50-49-0E-EC-00-00-00-00-02-00-E0-00-00-00-00-00-00-00-00-00-00-00-00-00-00-00-00-00-00-00-00-00-00-00-00-00-00
[15:28:04:115]50-49-01-C0-BC-EB-03-00-08-00-06-88-00-01-D8-FF-1F-00
[15:28:04:336][HID_TX]00-80-06-B0-C2-50-41-0E-09-01-E0-00-00-00-00-00-00-00-00-00-00-00-00-00-00-00-00-00-00-00-00-00-00-00-00-00-00-00-00-00-00-00-00-00-00-00-00-00-00-00-00-00-00-00-00-00-00-00-00-00-00-00-00-00-00
[15:28:04:337]HidD_GetInputReport=True
[15:28:04:337]reply_report=00-4F-00-00-00-00-00-00-00-00-00-00-00-00-00-00-00-00-00-00-00-00-00-00-00-00-00-00-00-00-00-00-00-00-00-00-00-00-00-00-00-00-00-00-00-00-00-00-00-00-00-00-00-00-00-00-00-00-00-00-00-00-00-00-00
[15:28:04:337]50-41-0E-09-01-E0 [CMD_SENT][REMOTE_GET_MODE]
[15:28:04:340][HID_TX_ack]00-19-50-49-01-C0-70-EC-03-00-03-00-0E-89-00-50-49-0E-DB-00-00-00-00-02-00-E0-00-17-50-49-0E-EC-00-00-00-00-02-00-E0-00-00-00-00-00-00-00-00-00-00-00-00-00-00-00-00-00-00-00-00-00-00-00-00-00-00
[15:28:04:340]50-49-01-C0-70-EC-03-00-03-00-0E-89-00
[15:28:04:340]50-49-0E-DB-00-00-00-00-02-00-E0-00-
[15:28:04:340]REMOTE_GET_MODE=00
[15:28:04:340][HID_TX]00-80-07-B7-5E-50-41-06-0A-01-00-63-00-00-00-00-00-00-00-00-00-00-00-00-00-00-00-00-00-00-00-00-00-00-00-00-00-00-00-00-00-00-00-00-00-00-00-00-00-00-00-00-00-00-00-00-00-00-00-00-00-00-00-00-00
[15:28:04:341]HidD_GetInputReport=True
[15:28:04:341]reply_report=00-4F-00-00-00-00-00-00-00-00-00-00-00-00-00-00-00-00-00-00-00-00-00-00-00-00-00-00-00-00-00-00-00-00-00-00-00-00-00-00-00-00-00-00-00-00-00-00-00-00-00-00-00-00-00-00-00-00-00-00-00-00-00-00-00
[15:28:04:342]50-41-06-0A-01-00-63 [CMD_SENT][CMD_GET_IO_LEVEL]
[15:28:04:344][HID_TX_ack]00-12-50-49-01-C0-74-EC-03-00-08-00-06-8A-00-01-D8-FF-1F-00-00-00-00-02-00-E0-00-17-50-49-0E-EC-00-00-00-00-02-00-E0-00-00-00-00-00-00-00-00-00-00-00-00-00-00-00-00-00-00-00-00-00-00-00-00-00-00
[15:28:04:344]50-49-01-C0-74-EC-03-00-08-00-06-8A-00-01-D8-FF-1F-00
[15:28:04:553][HID_TX]00-80-06-5B-ED-50-41-0E-0B-01-E0-00-00-00-00-00-00-00-00-00-00-00-00-00-00-00-00-00-00-00-00-00-00-00-00-00-00-00-00-00-00-00-00-00-00-00-00-00-00-00-00-00-00-00-00-00-00-00-00-00-00-00-00-00-00
[15:28:04:555]HidD_GetInputReport=True
[15:28:04:555]reply_report=00-4F-00-00-00-00-00-00-00-00-00-00-00-00-00-00-00-00-00-00-00-00-00-00-00-00-00-00-00-00-00-00-00-00-00-00-00-00-00-00-00-00-00-00-00-00-00-00-00-00-00-00-00-00-00-00-00-00-00-00-00-00-00-00-00
[15:28:04:555]50-41-0E-0B-01-E0 [CMD_SENT][REMOTE_GET_MODE]
[15:28:04:557][HID_TX_ack]00-19-50-49-01-C0-1E-ED-03-00-03-00-0E-8B-00-50-49-0E-DC-00-00-00-00-02-00-E0-00-17-50-49-0E-EC-00-00-00-00-02-00-E0-00-00-00-00-00-00-00-00-00-00-00-00-00-00-00-00-00-00-00-00-00-00-00-00-00-00
[15:28:04:557]50-49-01-C0-1E-ED-03-00-03-00-0E-8B-00
[15:28:04:557]50-49-0E-DC-00-00-00-00-02-00-E0-00-
[15:28:04:557]REMOTE_GET_MODE=00
[15:28:04:558][HID_TX]00-80-07-8A-2E-50-41-06-0C-01-00-63-00-00-00-00-00-00-00-00-00-00-00-00-00-00-00-00-00-00-00-00-00-00-00-00-00-00-00-00-00-00-00-00-00-00-00-00-00-00-00-00-00-00-00-00-00-00-00-00-00-00-00-00-00
[15:28:04:559]HidD_GetInputReport=True
[15:28:04:559]reply_report=00-4F-00-00-00-00-00-00-00-00-00-00-00-00-00-00-00-00-00-00-00-00-00-00-00-00-00-00-00-00-00-00-00-00-00-00-00-00-00-00-00-00-00-00-00-00-00-00-00-00-00-00-00-00-00-00-00-00-00-00-00-00-00-00-00
[15:28:04:559]50-41-06-0C-01-00-63 [CMD_SENT][CMD_GET_IO_LEVEL]
[15:28:04:561][HID_TX_ack]00-12-50-49-01-C0-21-ED-03-00-08-00-06-8C-00-01-D8-FF-1F-00-00-00-00-02-00-E0-00-17-50-49-0E-EC-00-00-00-00-02-00-E0-00-00-00-00-00-00-00-00-00-00-00-00-00-00-00-00-00-00-00-00-00-00-00-00-00-00
[15:28:04:561]50-49-01-C0-21-ED-03-00-08-00-06-8C-00-01-D8-FF-1F-00
[15:28:04:784][HID_TX]00-80-06-66-9D-50-41-0E-0D-01-E0-00-00-00-00-00-00-00-00-00-00-00-00-00-00-00-00-00-00-00-00-00-00-00-00-00-00-00-00-00-00-00-00-00-00-00-00-00-00-00-00-00-00-00-00-00-00-00-00-00-00-00-00-00-00
[15:28:04:785]HidD_GetInputReport=True
[15:28:04:785]reply_report=00-4F-00-00-00-00-00-00-00-00-00-00-00-00-00-00-00-00-00-00-00-00-00-00-00-00-00-00-00-00-00-00-00-00-00-00-00-00-00-00-00-00-00-00-00-00-00-00-00-00-00-00-00-00-00-00-00-00-00-00-00-00-00-00-00
[15:28:04:785]50-41-0E-0D-01-E0 [CMD_SENT][REMOTE_GET_MODE]
[15:28:04:788][HID_TX_ack]00-19-50-49-01-C0-D7-ED-03-00-03-00-0E-8D-00-50-49-0E-DD-00-00-00-00-02-00-E0-00-17-50-49-0E-EC-00-00-00-00-02-00-E0-00-00-00-00-00-00-00-00-00-00-00-00-00-00-00-00-00-00-00-00-00-00-00-00-00-00
[15:28:04:788]50-49-01-C0-D7-ED-03-00-03-00-0E-8D-00
[15:28:04:788]50-49-0E-DD-00-00-00-00-02-00-E0-00-
[15:28:04:788]REMOTE_GET_MODE=00
[15:28:04:788][HID_TX]00-80-07-61-01-50-41-06-0E-01-00-63-00-00-00-00-00-00-00-00-00-00-00-00-00-00-00-00-00-00-00-00-00-00-00-00-00-00-00-00-00-00-00-00-00-00-00-00-00-00-00-00-00-00-00-00-00-00-00-00-00-00-00-00-00
[15:28:04:789]HidD_GetInputReport=True
[15:28:04:789]reply_report=00-4F-00-00-00-00-00-00-00-00-00-00-00-00-00-00-00-00-00-00-00-00-00-00-00-00-00-00-00-00-00-00-00-00-00-00-00-00-00-00-00-00-00-00-00-00-00-00-00-00-00-00-00-00-00-00-00-00-00-00-00-00-00-00-00
[15:28:04:789]50-41-06-0E-01-00-63 [CMD_SENT][CMD_GET_IO_LEVEL]
[15:28:04:792][HID_TX_ack]00-12-50-49-01-C0-DA-ED-03-00-08-00-06-8E-00-01-D8-FF-1F-00-00-00-00-02-00-E0-00-17-50-49-0E-EC-00-00-00-00-02-00-E0-00-00-00-00-00-00-00-00-00-00-00-00-00-00-00-00-00-00-00-00-00-00-00-00-00-00
[15:28:04:792]50-49-01-C0-DA-ED-03-00-08-00-06-8E-00-01-D8-FF-1F-00
[15:28:05:016][HID_TX]00-80-06-8D-B2-50-41-0E-0F-01-E0-00-00-00-00-00-00-00-00-00-00-00-00-00-00-00-00-00-00-00-00-00-00-00-00-00-00-00-00-00-00-00-00-00-00-00-00-00-00-00-00-00-00-00-00-00-00-00-00-00-00-00-00-00-00
[15:28:05:017]HidD_GetInputReport=True
[15:28:05:017]reply_report=00-4F-00-00-00-00-00-00-00-00-00-00-00-00-00-00-00-00-00-00-00-00-00-00-00-00-00-00-00-00-00-00-00-00-00-00-00-00-00-00-00-00-00-00-00-00-00-00-00-00-00-00-00-00-00-00-00-00-00-00-00-00-00-00-00
[15:28:05:017]50-41-0E-0F-01-E0 [CMD_SENT][REMOTE_GET_MODE]
[15:28:05:020][HID_TX_ack]00-19-50-49-01-C0-90-EE-03-00-03-00-0E-8F-00-50-49-0E-DE-00-00-00-00-02-00-E0-00-17-50-49-0E-EC-00-00-00-00-02-00-E0-00-00-00-00-00-00-00-00-00-00-00-00-00-00-00-00-00-00-00-00-00-00-00-00-00-00
[15:28:05:020]50-49-01-C0-90-EE-03-00-03-00-0E-8F-00
[15:28:05:020]50-49-0E-DE-00-00-00-00-02-00-E0-00-
[15:28:05:020]REMOTE_GET_MODE=00
[15:28:05:020][HID_TX]00-80-07-89-A1-50-41-06-10-01-00-63-00-00-00-00-00-00-00-00-00-00-00-00-00-00-00-00-00-00-00-00-00-00-00-00-00-00-00-00-00-00-00-00-00-00-00-00-00-00-00-00-00-00-00-00-00-00-00-00-00-00-00-00-00
[15:28:05:021]HidD_GetInputReport=True
[15:28:05:021]reply_report=00-4F-00-00-00-00-00-00-00-00-00-00-00-00-00-00-00-00-00-00-00-00-00-00-00-00-00-00-00-00-00-00-00-00-00-00-00-00-00-00-00-00-00-00-00-00-00-00-00-00-00-00-00-00-00-00-00-00-00-00-00-00-00-00-00
[15:28:05:021]50-41-06-10-01-00-63 [CMD_SENT][CMD_GET_IO_LEVEL]
[15:28:05:025][HID_TX_ack]00-12-50-49-01-C0-94-EE-03-00-08-00-06-90-00-01-D8-FF-1F-00-00-00-00-02-00-E0-00-17-50-49-0E-EC-00-00-00-00-02-00-E0-00-00-00-00-00-00-00-00-00-00-00-00-00-00-00-00-00-00-00-00-00-00-00-00-00-00
[15:28:05:025]50-49-01-C0-94-EE-03-00-08-00-06-90-00-01-D8-FF-1F-00
[15:28:05:249][HID_TX]00-80-06-65-12-50-41-0E-11-01-E0-00-00-00-00-00-00-00-00-00-00-00-00-00-00-00-00-00-00-00-00-00-00-00-00-00-00-00-00-00-00-00-00-00-00-00-00-00-00-00-00-00-00-00-00-00-00-00-00-00-00-00-00-00-00
[15:28:05:251]HidD_GetInputReport=True
[15:28:05:251]reply_report=00-4F-00-00-00-00-00-00-00-00-00-00-00-00-00-00-00-00-00-00-00-00-00-00-00-00-00-00-00-00-00-00-00-00-00-00-00-00-00-00-00-00-00-00-00-00-00-00-00-00-00-00-00-00-00-00-00-00-00-00-00-00-00-00-00
[15:28:05:251]50-41-0E-11-01-E0 [CMD_SENT][REMOTE_GET_MODE]
[15:28:05:253][HID_TX_ack]00-19-50-49-01-C0-4B-EF-03-00-03-00-0E-91-00-50-49-0E-DF-00-00-00-00-02-00-E0-00-17-50-49-0E-EC-00-00-00-00-02-00-E0-00-00-00-00-00-00-00-00-00-00-00-00-00-00-00-00-00-00-00-00-00-00-00-00-00-00
[15:28:05:253]50-49-01-C0-4B-EF-03-00-03-00-0E-91-00
[15:28:05:253]50-49-0E-DF-00-00-00-00-02-00-E0-00-
[15:28:05:253]REMOTE_GET_MODE=00
[15:28:05:254][HID_TX]00-80-07-62-8E-50-41-06-12-01-00-63-00-00-00-00-00-00-00-00-00-00-00-00-00-00-00-00-00-00-00-00-00-00-00-00-00-00-00-00-00-00-00-00-00-00-00-00-00-00-00-00-00-00-00-00-00-00-00-00-00-00-00-00-00
[15:28:05:255]HidD_GetInputReport=True
[15:28:05:255]reply_report=00-4F-00-00-00-00-00-00-00-00-00-00-00-00-00-00-00-00-00-00-00-00-00-00-00-00-00-00-00-00-00-00-00-00-00-00-00-00-00-00-00-00-00-00-00-00-00-00-00-00-00-00-00-00-00-00-00-00-00-00-00-00-00-00-00
[15:28:05:255]50-41-06-12-01-00-63 [CMD_SENT][CMD_GET_IO_LEVEL]
[15:28:05:257][HID_TX_ack]00-12-50-49-01-C0-4E-EF-03-00-08-00-06-92-00-01-D8-FF-1F-00-00-00-00-02-00-E0-00-17-50-49-0E-EC-00-00-00-00-02-00-E0-00-00-00-00-00-00-00-00-00-00-00-00-00-00-00-00-00-00-00-00-00-00-00-00-00-00
[15:28:05:258]50-49-01-C0-4E-EF-03-00-08-00-06-92-00-01-D8-FF-1F-00
[15:28:05:480][HID_TX]00-80-06-8E-3D-50-41-0E-13-01-E0-00-00-00-00-00-00-00-00-00-00-00-00-00-00-00-00-00-00-00-00-00-00-00-00-00-00-00-00-00-00-00-00-00-00-00-00-00-00-00-00-00-00-00-00-00-00-00-00-00-00-00-00-00-00
[15:28:05:481]HidD_GetInputReport=True
[15:28:05:481]reply_report=00-4F-00-00-00-00-00-00-00-00-00-00-00-00-00-00-00-00-00-00-00-00-00-00-00-00-00-00-00-00-00-00-00-00-00-00-00-00-00-00-00-00-00-00-00-00-00-00-00-00-00-00-00-00-00-00-00-00-00-00-00-00-00-00-00
[15:28:05:481]50-41-0E-13-01-E0 [CMD_SENT][REMOTE_GET_MODE]
[15:28:05:483][HID_TX_ack]00-19-50-49-01-C0-03-F0-03-00-03-00-0E-93-00-50-49-0E-E0-00-00-00-00-02-00-E0-00-17-50-49-0E-EC-00-00-00-00-02-00-E0-00-00-00-00-00-00-00-00-00-00-00-00-00-00-00-00-00-00-00-00-00-00-00-00-00-00
[15:28:05:483]50-49-01-C0-03-F0-03-00-03-00-0E-93-00
[15:28:05:483]50-49-0E-E0-00-00-00-00-02-00-E0-00-
[15:28:05:484]REMOTE_GET_MODE=00
[15:28:05:484][HID_TX]00-80-07-5F-FE-50-41-06-14-01-00-63-00-00-00-00-00-00-00-00-00-00-00-00-00-00-00-00-00-00-00-00-00-00-00-00-00-00-00-00-00-00-00-00-00-00-00-00-00-00-00-00-00-00-00-00-00-00-00-00-00-00-00-00-00
[15:28:05:485]HidD_GetInputReport=True
[15:28:05:485]reply_report=00-4F-00-00-00-00-00-00-00-00-00-00-00-00-00-00-00-00-00-00-00-00-00-00-00-00-00-00-00-00-00-00-00-00-00-00-00-00-00-00-00-00-00-00-00-00-00-00-00-00-00-00-00-00-00-00-00-00-00-00-00-00-00-00-00
[15:28:05:485]50-41-06-14-01-00-63 [CMD_SENT][CMD_GET_IO_LEVEL]
[15:28:05:487][HID_TX_ack]00-12-50-49-01-C0-06-F0-03-00-08-00-06-94-00-01-D8-FF-1F-00-00-00-00-02-00-E0-00-17-50-49-0E-EC-00-00-00-00-02-00-E0-00-00-00-00-00-00-00-00-00-00-00-00-00-00-00-00-00-00-00-00-00-00-00-00-00-00
[15:28:05:487]50-49-01-C0-06-F0-03-00-08-00-06-94-00-01-D8-FF-1F-00
[15:28:05:710][HID_TX]00-80-06-B3-4D-50-41-0E-15-01-E0-00-00-00-00-00-00-00-00-00-00-00-00-00-00-00-00-00-00-00-00-00-00-00-00-00-00-00-00-00-00-00-00-00-00-00-00-00-00-00-00-00-00-00-00-00-00-00-00-00-00-00-00-00-00
[15:28:05:711]HidD_GetInputReport=True
[15:28:05:711]reply_report=00-4F-00-00-00-00-00-00-00-00-00-00-00-00-00-00-00-00-00-00-00-00-00-00-00-00-00-00-00-00-00-00-00-00-00-00-00-00-00-00-00-00-00-00-00-00-00-00-00-00-00-00-00-00-00-00-00-00-00-00-00-00-00-00-00
[15:28:05:711]50-41-0E-15-01-E0 [CMD_SENT][REMOTE_GET_MODE]
[15:28:05:714][HID_TX_ack]00-19-50-49-01-C0-BB-F0-03-00-03-00-0E-95-00-50-49-0E-E1-00-00-00-00-02-00-E0-00-17-50-49-0E-EC-00-00-00-00-02-00-E0-00-00-00-00-00-00-00-00-00-00-00-00-00-00-00-00-00-00-00-00-00-00-00-00-00-00
[15:28:05:714]50-49-01-C0-BB-F0-03-00-03-00-0E-95-00
[15:28:05:714]50-49-0E-E1-00-00-00-00-02-00-E0-00-
[15:28:05:714]REMOTE_GET_MODE=00
[15:28:05:714][HID_TX]00-80-07-B4-D1-50-41-06-16-01-00-63-00-00-00-00-00-00-00-00-00-00-00-00-00-00-00-00-00-00-00-00-00-00-00-00-00-00-00-00-00-00-00-00-00-00-00-00-00-00-00-00-00-00-00-00-00-00-00-00-00-00-00-00-00
[15:28:05:716]HidD_GetInputReport=True
[15:28:05:716]reply_report=00-4F-00-00-00-00-00-00-00-00-00-00-00-00-00-00-00-00-00-00-00-00-00-00-00-00-00-00-00-00-00-00-00-00-00-00-00-00-00-00-00-00-00-00-00-00-00-00-00-00-00-00-00-00-00-00-00-00-00-00-00-00-00-00-00
[15:28:05:716]50-41-06-16-01-00-63 [CMD_SENT][CMD_GET_IO_LEVEL]
[15:28:05:718][HID_TX_ack]00-12-50-49-01-C0-BF-F0-03-00-08-00-06-96-00-01-D8-FF-1F-00-00-00-00-02-00-E0-00-17-50-49-0E-EC-00-00-00-00-02-00-E0-00-00-00-00-00-00-00-00-00-00-00-00-00-00-00-00-00-00-00-00-00-00-00-00-00-00
[15:28:05:718]50-49-01-C0-BF-F0-03-00-08-00-06-96-00-01-D8-FF-1F-00
[15:28:05:942][HID_TX]00-80-06-58-62-50-41-0E-17-01-E0-00-00-00-00-00-00-00-00-00-00-00-00-00-00-00-00-00-00-00-00-00-00-00-00-00-00-00-00-00-00-00-00-00-00-00-00-00-00-00-00-00-00-00-00-00-00-00-00-00-00-00-00-00-00
[15:28:05:943]HidD_GetInputReport=True
[15:28:05:943]reply_report=00-4F-00-00-00-00-00-00-00-00-00-00-00-00-00-00-00-00-00-00-00-00-00-00-00-00-00-00-00-00-00-00-00-00-00-00-00-00-00-00-00-00-00-00-00-00-00-00-00-00-00-00-00-00-00-00-00-00-00-00-00-00-00-00-00
[15:28:05:943]50-41-0E-17-01-E0 [CMD_SENT][REMOTE_GET_MODE]
[15:28:05:946][HID_TX_ack]00-19-50-49-01-C0-75-F1-03-00-03-00-0E-97-00-50-49-0E-E2-00-00-00-00-02-00-E0-00-17-50-49-0E-EC-00-00-00-00-02-00-E0-00-00-00-00-00-00-00-00-00-00-00-00-00-00-00-00-00-00-00-00-00-00-00-00-00-00
[15:28:05:946]50-49-01-C0-75-F1-03-00-03-00-0E-97-00
[15:28:05:946]50-49-0E-E2-00-00-00-00-02-00-E0-00-
[15:28:05:946]REMOTE_GET_MODE=00
[15:28:05:946][HID_TX]00-80-07-25-1E-50-41-06-18-01-00-63-00-00-00-00-00-00-00-00-00-00-00-00-00-00-00-00-00-00-00-00-00-00-00-00-00-00-00-00-00-00-00-00-00-00-00-00-00-00-00-00-00-00-00-00-00-00-00-00-00-00-00-00-00
[15:28:05:947]HidD_GetInputReport=True
[15:28:05:947]reply_report=00-4F-00-00-00-00-00-00-00-00-00-00-00-00-00-00-00-00-00-00-00-00-00-00-00-00-00-00-00-00-00-00-00-00-00-00-00-00-00-00-00-00-00-00-00-00-00-00-00-00-00-00-00-00-00-00-00-00-00-00-00-00-00-00-00
[15:28:05:947]50-41-06-18-01-00-63 [CMD_SENT][CMD_GET_IO_LEVEL]
[15:28:05:950][HID_TX_ack]00-12-50-49-01-C0-79-F1-03-00-08-00-06-98-00-01-D8-FF-1F-00-00-00-00-02-00-E0-00-17-50-49-0E-EC-00-00-00-00-02-00-E0-00-00-00-00-00-00-00-00-00-00-00-00-00-00-00-00-00-00-00-00-00-00-00-00-00-00
[15:28:05:950]50-49-01-C0-79-F1-03-00-08-00-06-98-00-01-D8-FF-1F-00
