[14:19:29:623]connect_auto_select
[14:19:29:631]\\?\hid#dell0a23&col03#5&184b7e16&0&0002#{4d1e55b2-f16f-11cf-88cb-001111000030}
[14:19:29:631]\\?\hid#dell0a23&col04#5&184b7e16&0&0003#{4d1e55b2-f16f-11cf-88cb-001111000030}
[14:19:29:631]\\?\hid#vid_046d&pid_0adf&mi_04#7&18e94d0e&0&0000#{4d1e55b2-f16f-11cf-88cb-001111000030}
[14:19:29:631]\\?\hid#vid_17ef&pid_6100&mi_01&col01#8&11d7c966&0&0000#{4d1e55b2-f16f-11cf-88cb-001111000030}
[14:19:29:631]\\?\hid#vid_ffff&pid_bace&rev_0002&mi_00&col03#3&258c3fbc&0&0002#{4d1e55b2-f16f-11cf-88cb-001111000030}
[14:19:29:631]\\?\hid#vid_17ef&pid_6100&mi_01&col02#8&11d7c966&0&0001#{4d1e55b2-f16f-11cf-88cb-001111000030}
[14:19:29:632]\\?\hid#vid_ffff&pid_bace&rev_0002&mi_00&col04#3&258c3fbc&0&0003#{4d1e55b2-f16f-11cf-88cb-001111000030}
[14:19:29:632]\\?\hid#intc816#3&d2322f2&0&0000#{4d1e55b2-f16f-11cf-88cb-001111000030}
[14:19:29:632]\\?\hid#vid_046d&pid_0adf&mi_00#7&3ad8dff3&0&0000#{4d1e55b2-f16f-11cf-88cb-001111000030}
[14:19:29:632]\\?\hid#vid_ffff&pid_bace&rev_0002&mi_00&col05#3&258c3fbc&0&0004#{4d1e55b2-f16f-11cf-88cb-001111000030}
[14:19:29:632]\\?\hid#vid_ffff&pid_bace&rev_0002&mi_00&col01#3&258c3fbc&0&0000#{4d1e55b2-f16f-11cf-88cb-001111000030}\kbd
[14:19:29:632]\\?\hid#vid_046d&pid_c077#7&9c2d848&0&0000#{4d1e55b2-f16f-11cf-88cb-001111000030}
[14:19:29:632]\\?\hid#converteddevice&col02#5&32cf90e6&0&0001#{4d1e55b2-f16f-11cf-88cb-001111000030}
[14:19:29:632]\\?\hid#converteddevice&col03#5&32cf90e6&0&0002#{4d1e55b2-f16f-11cf-88cb-001111000030}
[14:19:29:632]\\?\hid#vid_ffff&pid_bace&rev_0002&mi_00&col02#3&258c3fbc&0&0001#{4d1e55b2-f16f-11cf-88cb-001111000030}\kbd
[14:19:29:632]\\?\hid#converteddevice&col01#5&32cf90e6&0&0000#{4d1e55b2-f16f-11cf-88cb-001111000030}\kbd
[14:19:29:632]\\?\hid#vid_17ef&pid_6100&mi_00#8&299b55ab&0&0000#{4d1e55b2-f16f-11cf-88cb-001111000030}\kbd
[14:19:29:632]\\?\hid#dell0a23&col01#5&184b7e16&0&0000#{4d1e55b2-f16f-11cf-88cb-001111000030}
[14:19:29:632]\\?\hid#dell0a23&col02#5&184b7e16&0&0001#{4d1e55b2-f16f-11cf-88cb-001111000030}
[14:19:29:659]id=VID=046D,PID=0ADF
[14:19:29:660]	getCaps=null
[14:19:29:660]CloseHandleX
[14:19:29:660]id=VID=17EF,PID=6100
[14:19:29:660]	getCaps=null
[14:19:29:660]CloseHandleX
[14:19:29:660]id=VID=FFFF,PID=BACE
[14:19:29:660]	getCaps=null
[14:19:29:660]CloseHandleX
[14:19:29:660]id=VID=17EF,PID=6100
[14:19:29:660]	caps.InputReportByteLength=0
[14:19:29:660]	caps.OutputReportByteLength=0
[14:19:29:660]	attributes.VendorID=0x17EF
[14:19:29:660]	attributes.ProductID=0x6100
[14:19:29:660]	SerialNumberString=׽ΰ׽Ȁ
[14:19:29:661]	ManufacturerString=LiteOn
[14:19:29:664]	ProductString=Lenovo New Calliope USB Keyboard
[14:19:29:664]CloseHandleX
[14:19:29:664]id=VID=FFFF,PID=BACE
[14:19:29:664]	getCaps=null
[14:19:29:664]CloseHandleX
[14:19:29:664]id=VID=046D,PID=0ADF
[14:19:29:664]	caps.InputReportByteLength=65
[14:19:29:664]	caps.OutputReportByteLength=65
[14:19:29:664]	attributes.VendorID=0x46D
[14:19:29:664]	attributes.ProductID=0xADF
[14:19:29:664]	SerialNumberString=V001008005.1
[14:19:29:664]	ManufacturerString=⥐׾׽ĸ
[14:19:29:664]	ProductString=G435 Wireless Gaming Headset
[14:19:29:664]CloseHandleX
[14:19:29:664]id=VID=FFFF,PID=BACE
[14:19:29:664]	getCaps=null
[14:19:29:664]CloseHandleX
[14:19:29:664]id=VID=FFFF,PID=BACE
[14:19:29:664]	getCaps=null
[14:19:29:664]CloseHandleX
[14:19:29:664]id=VID=046D,PID=C077
[14:19:29:664]	getCaps=null
[14:19:29:664]CloseHandleX
[14:19:29:664]id=VID=FFFF,PID=BACE
[14:19:29:664]	getCaps=null
[14:19:29:664]CloseHandleX
[14:19:29:664]id=VID=17EF,PID=6100
[14:19:29:664]	getCaps=null
[14:19:29:664]CloseHandleX
[14:19:29:665]try_path=\\?\hid#vid_046d&pid_0adf&mi_00#7&3ad8dff3&0&0000#{4d1e55b2-f16f-11cf-88cb-001111000030}
[14:19:29:665]	InputReportByteLength=65
[14:19:29:665]	OutputReportByteLength=65
[14:19:29:665]HID_Connected=\\?\hid#vid_046d&pid_0adf&mi_00#7&3ad8dff3&0&0000#{4d1e55b2-f16f-11cf-88cb-001111000030}
[14:19:29:666]ystech_read_fw_version
[14:19:29:666][HID_TX]00-84-01-D1-55-01-00-00-00-00-00-00-00-00-00-00-00-00-00-00-00-00-00-00-00-00-00-00-00-00-00-00-00-00-00-00-00-00-00-00-00-00-00-00-00-00-00-00-00-00-00-00-00-00-00-00-00-00-00-00-00-00-00-00-00
[14:19:29:668]HidD_GetInputReport=True
[14:19:29:668]reply_report=00-4F-56-31-2E-38-2E-35-2E-31-00-00-00-00-00-00-00-00-00-00-00-00-00-00-00-00-00-00-00-00-00-00-00-00-00-00-00-00-00-00-00-00-00-00-00-00-00-00-00-00-00-00-00-00-00-00-00-00-00-00-00-00-00-00-00
[14:19:29:668][ys_tech] fw_version=V1.8.5.1
[14:19:29:668]ystech_Power_Saving, is_EnablePowerSaving=False
[14:19:29:668][HID_TX]00-85-01-83-8B-01-00-00-00-00-00-00-00-00-00-00-00-00-00-00-00-00-00-00-00-00-00-00-00-00-00-00-00-00-00-00-00-00-00-00-00-00-00-00-00-00-00-00-00-00-00-00-00-00-00-00-00-00-00-00-00-00-00-00-00
[14:19:29:669]HidD_GetInputReport=True
[14:19:29:669]reply_report=00-4F-00-00-00-00-00-00-00-00-00-00-00-00-00-00-00-00-00-00-00-00-00-00-00-00-00-00-00-00-00-00-00-00-00-00-00-00-00-00-00-00-00-00-00-00-00-00-00-00-00-00-00-00-00-00-00-00-00-00-00-00-00-00-00
[14:19:29:669]HID_CMD_POWER_SAVING_Disable
[14:19:29:669]path_connected=\\?\hid#vid_046d&pid_0adf&mi_00#7&3ad8dff3&0&0000#{4d1e55b2-f16f-11cf-88cb-001111000030}
[14:19:29:671][HID_TX]00-80-13-43-F6-50-41-06-01-0D-00-25-34-12-5A-5A-01-00-00-00-F0-00-00-00-00-00-00-00-00-00-00-00-00-00-00-00-00-00-00-00-00-00-00-00-00-00-00-00-00-00-00-00-00-00-00-00-00-00-00-00-00-00-00-00-00
[14:19:29:672]HidD_GetInputReport=True
[14:19:29:672]reply_report=00-4F-00-00-00-00-00-00-00-00-00-00-00-00-00-00-00-00-00-00-00-00-00-00-00-00-00-00-00-00-00-00-00-00-00-00-00-00-00-00-00-00-00-00-00-00-00-00-00-00-00-00-00-00-00-00-00-00-00-00-00-00-00-00-00
[14:19:29:672]50-41-06-01-0D-00-25-34-12-5A-5A-01-00-00-00-F0-00-00-00 [CMD_SENT][OTA_CMD_IOCTL][READ_MAX_LEN=240]
[14:19:29:675][HID_TX_ack]00-11-50-49-01-C0-62-86-0B-00-07-00-06-81-00-F0-00-00-00-5D-00-0B-00-03-00-11-A2-17-32-00-00-00-00-00-00-00-00-00-00-00-00-00-00-00-00-00-00-00-00-00-00-00-00-00-00-00-00-00-00-00-00-00-00-00-00
[14:19:29:683]50-49-01-C0-62-86-0B-00-07-00-06-81-00-F0-00-00-00
[14:19:29:684][HID_TX]00-80-06-12-CD-50-41-0E-02-01-E0-00-00-00-00-00-00-00-00-00-00-00-00-00-00-00-00-00-00-00-00-00-00-00-00-00-00-00-00-00-00-00-00-00-00-00-00-00-00-00-00-00-00-00-00-00-00-00-00-00-00-00-00-00-00
[14:19:29:685]HidD_GetInputReport=True
[14:19:29:685]reply_report=00-4F-00-00-00-00-00-00-00-00-00-00-00-00-00-00-00-00-00-00-00-00-00-00-00-00-00-00-00-00-00-00-00-00-00-00-00-00-00-00-00-00-00-00-00-00-00-00-00-00-00-00-00-00-00-00-00-00-00-00-00-00-00-00-00
[14:19:29:685]50-41-0E-02-01-E0 [CMD_SENT][REMOTE_GET_MODE]
[14:19:29:688][HID_TX_ack]00-19-50-49-01-C0-6C-86-0B-00-03-00-0E-82-00-50-49-0E-C4-00-00-00-00-02-00-E0-00-17-32-00-00-00-00-00-00-00-00-00-00-00-00-00-00-00-00-00-00-00-00-00-00-00-00-00-00-00-00-00-00-00-00-00-00-00-00
[14:19:29:688]50-49-01-C0-6C-86-0B-00-03-00-0E-82-00
[14:19:29:688]50-49-0E-C4-00-00-00-00-02-00-E0-00-
[14:19:29:688]REMOTE_GET_MODE=00
[14:19:29:688][HID_TX]00-80-08-ED-79-50-41-06-03-02-00-43-01-00-00-00-00-00-00-00-00-00-00-00-00-00-00-00-00-00-00-00-00-00-00-00-00-00-00-00-00-00-00-00-00-00-00-00-00-00-00-00-00-00-00-00-00-00-00-00-00-00-00-00-00
[14:19:29:689]HidD_GetInputReport=True
[14:19:29:689]reply_report=00-4F-00-00-00-00-00-00-00-00-00-00-00-00-00-00-00-00-00-00-00-00-00-00-00-00-00-00-00-00-00-00-00-00-00-00-00-00-00-00-00-00-00-00-00-00-00-00-00-00-00-00-00-00-00-00-00-00-00-00-00-00-00-00-00
[14:19:29:689]50-41-06-03-02-00-43-01 [CMD_SENT][CMD_READ_MP_DATA_BY_ID]
[14:19:29:700][HID_TX_ack]00-13-50-49-01-C0-76-86-0B-00-09-00-06-83-00-75-B8-27-99-58-40-00-00-02-00-E0-00-17-32-00-00-00-00-00-00-00-00-00-00-00-00-00-00-00-00-00-00-00-00-00-00-00-00-00-00-00-00-00-00-00-00-00-00-00-00
[14:19:29:700]50-49-01-C0-76-86-0B-00-09-00-06-83-00-75-B8-27-99-58-40
[14:19:29:701][HID_TX]00-80-07-AF-49-50-41-0E-04-02-E1-00-00-00-00-00-00-00-00-00-00-00-00-00-00-00-00-00-00-00-00-00-00-00-00-00-00-00-00-00-00-00-00-00-00-00-00-00-00-00-00-00-00-00-00-00-00-00-00-00-00-00-00-00-00
[14:19:29:702]HidD_GetInputReport=True
[14:19:29:702]reply_report=00-4F-00-00-00-00-00-00-00-00-00-00-00-00-00-00-00-00-00-00-00-00-00-00-00-00-00-00-00-00-00-00-00-00-00-00-00-00-00-00-00-00-00-00-00-00-00-00-00-00-00-00-00-00-00-00-00-00-00-00-00-00-00-00-00
[14:19:29:702]50-41-0E-04-02-E1-00 [CMD_SENT][REMOTE_SET_MODE] is_remote=False
[14:19:29:705][HID_TX_ack]00-0D-50-49-01-C0-7A-86-0B-00-03-00-0E-84-00-75-B8-27-99-58-40-00-00-02-00-E0-00-17-32-00-00-00-00-00-00-00-00-00-00-00-00-00-00-00-00-00-00-00-00-00-00-00-00-00-00-00-00-00-00-00-00-00-00-00-00
[14:19:29:705]50-49-01-C0-7A-86-0B-00-03-00-0E-84-00
[14:19:29:705]ystech_Power_Saving, is_EnablePowerSaving=True
[14:19:29:705][HID_TX]00-85-01-73-56-02-00-00-00-00-00-00-00-00-00-00-00-00-00-00-00-00-00-00-00-00-00-00-00-00-00-00-00-00-00-00-00-00-00-00-00-00-00-00-00-00-00-00-00-00-00-00-00-00-00-00-00-00-00-00-00-00-00-00-00
[14:19:29:707]HidD_GetInputReport=True
[14:19:29:707]reply_report=00-4F-00-00-00-00-00-00-00-00-00-00-00-00-00-00-00-00-00-00-00-00-00-00-00-00-00-00-00-00-00-00-00-00-00-00-00-00-00-00-00-00-00-00-00-00-00-00-00-00-00-00-00-00-00-00-00-00-00-00-00-00-00-00-00
[14:19:29:707]HID_CMD_POWER_SAVING_Enable
[14:19:29:707]close_hid_stream
[14:19:29:707]CloseHandleX
[14:19:29:707]close_hid_handle
