[08:23:57:054]connect_auto_select
[08:23:57:059]\\?\hid#dell0a23&col03#5&184b7e16&0&0002#{4d1e55b2-f16f-11cf-88cb-001111000030}
[08:23:57:059]\\?\hid#dell0a23&col04#5&184b7e16&0&0003#{4d1e55b2-f16f-11cf-88cb-001111000030}
[08:23:57:059]\\?\hid#vid_046d&pid_c077#7&1c7c88ed&0&0000#{4d1e55b2-f16f-11cf-88cb-001111000030}
[08:23:57:059]\\?\hid#vid_046d&pid_0adf&mi_04#7&18e94d0e&0&0000#{4d1e55b2-f16f-11cf-88cb-001111000030}
[08:23:57:059]\\?\hid#vid_17ef&pid_6100&mi_01&col01#8&11d7c966&0&0000#{4d1e55b2-f16f-11cf-88cb-001111000030}
[08:23:57:059]\\?\hid#vid_ffff&pid_bace&rev_0002&mi_00&col03#3&258c3fbc&0&0002#{4d1e55b2-f16f-11cf-88cb-001111000030}
[08:23:57:060]\\?\hid#vid_17ef&pid_6100&mi_01&col02#8&11d7c966&0&0001#{4d1e55b2-f16f-11cf-88cb-001111000030}
[08:23:57:060]\\?\hid#vid_ffff&pid_bace&rev_0002&mi_00&col04#3&258c3fbc&0&0003#{4d1e55b2-f16f-11cf-88cb-001111000030}
[08:23:57:060]\\?\hid#intc816#3&d2322f2&0&0000#{4d1e55b2-f16f-11cf-88cb-001111000030}
[08:23:57:060]\\?\hid#vid_046d&pid_0adf&mi_00#7&3ad8dff3&0&0000#{4d1e55b2-f16f-11cf-88cb-001111000030}
[08:23:57:060]\\?\hid#vid_ffff&pid_bace&rev_0002&mi_00&col05#3&258c3fbc&0&0004#{4d1e55b2-f16f-11cf-88cb-001111000030}
[08:23:57:060]\\?\hid#vid_ffff&pid_bace&rev_0002&mi_00&col01#3&258c3fbc&0&0000#{4d1e55b2-f16f-11cf-88cb-001111000030}\kbd
[08:23:57:060]\\?\hid#converteddevice&col02#5&32cf90e6&0&0001#{4d1e55b2-f16f-11cf-88cb-001111000030}
[08:23:57:060]\\?\hid#converteddevice&col03#5&32cf90e6&0&0002#{4d1e55b2-f16f-11cf-88cb-001111000030}
[08:23:57:060]\\?\hid#vid_ffff&pid_bace&rev_0002&mi_00&col02#3&258c3fbc&0&0001#{4d1e55b2-f16f-11cf-88cb-001111000030}\kbd
[08:23:57:060]\\?\hid#converteddevice&col01#5&32cf90e6&0&0000#{4d1e55b2-f16f-11cf-88cb-001111000030}\kbd
[08:23:57:060]\\?\hid#vid_17ef&pid_6100&mi_00#8&299b55ab&0&0000#{4d1e55b2-f16f-11cf-88cb-001111000030}\kbd
[08:23:57:060]\\?\hid#dell0a23&col01#5&184b7e16&0&0000#{4d1e55b2-f16f-11cf-88cb-001111000030}
[08:23:57:060]\\?\hid#dell0a23&col02#5&184b7e16&0&0001#{4d1e55b2-f16f-11cf-88cb-001111000030}
[08:23:57:062]id=VID=046D,PID=C077
[08:23:57:063]	getCaps=null
[08:23:57:063]CloseHandleX
[08:23:57:063]id=VID=046D,PID=0ADF
[08:23:57:063]	getCaps=null
[08:23:57:063]CloseHandleX
[08:23:57:063]id=VID=17EF,PID=6100
[08:23:57:063]	getCaps=null
[08:23:57:063]CloseHandleX
[08:23:57:063]id=VID=FFFF,PID=BACE
[08:23:57:063]	getCaps=null
[08:23:57:063]CloseHandleX
[08:23:57:063]id=VID=17EF,PID=6100
[08:23:57:063]	caps.InputReportByteLength=0
[08:23:57:063]	caps.OutputReportByteLength=0
[08:23:57:063]	attributes.VendorID=0x17EF
[08:23:57:063]	attributes.ProductID=0x6100
[08:23:57:063]	SerialNumberString=㓨ر⁐خ
[08:23:57:064]	ManufacturerString=LiteOn
[08:23:57:067]	ProductString=Lenovo New Calliope USB Keyboard
[08:23:57:067]CloseHandleX
[08:23:57:067]id=VID=FFFF,PID=BACE
[08:23:57:067]	getCaps=null
[08:23:57:067]CloseHandleX
[08:23:57:067]id=VID=046D,PID=0ADF
[08:23:57:067]	caps.InputReportByteLength=65
[08:23:57:067]	caps.OutputReportByteLength=65
[08:23:57:067]	attributes.VendorID=0x46D
[08:23:57:067]	attributes.ProductID=0xADF
[08:23:57:067]	SerialNumberString=V001008005.1
[08:23:57:067]	ManufacturerString=瓨ر⁐خ
[08:23:57:068]	ProductString=G435 Wireless Gaming Headset
[08:23:57:068]CloseHandleX
[08:23:57:068]id=VID=FFFF,PID=BACE
[08:23:57:068]	getCaps=null
[08:23:57:068]CloseHandleX
[08:23:57:068]id=VID=FFFF,PID=BACE
[08:23:57:068]	getCaps=null
[08:23:57:068]CloseHandleX
[08:23:57:068]id=VID=FFFF,PID=BACE
[08:23:57:068]	getCaps=null
[08:23:57:068]CloseHandleX
[08:23:57:068]id=VID=17EF,PID=6100
[08:23:57:068]	getCaps=null
[08:23:57:068]CloseHandleX
[08:23:57:068]try_path=\\?\hid#vid_046d&pid_0adf&mi_00#7&3ad8dff3&0&0000#{4d1e55b2-f16f-11cf-88cb-001111000030}
[08:23:57:069]	InputReportByteLength=65
[08:23:57:069]	OutputReportByteLength=65
[08:23:57:070]HID_Connected=\\?\hid#vid_046d&pid_0adf&mi_00#7&3ad8dff3&0&0000#{4d1e55b2-f16f-11cf-88cb-001111000030}
[08:23:57:070]ystech_read_fw_version
[08:23:57:071][HID_TX]00-84-01-D1-55-01-00-00-00-00-00-00-00-00-00-00-00-00-00-00-00-00-00-00-00-00-00-00-00-00-00-00-00-00-00-00-00-00-00-00-00-00-00-00-00-00-00-00-00-00-00-00-00-00-00-00-00-00-00-00-00-00-00-00-00
[08:23:57:073]HidD_GetInputReport=True
[08:23:57:073]reply_report=00-4F-56-31-2E-38-2E-35-2E-31-00-00-00-00-00-00-00-00-00-00-00-00-00-00-00-00-00-00-00-00-00-00-00-00-00-00-00-00-00-00-00-00-00-00-00-00-00-00-00-00-00-00-00-00-00-00-00-00-00-00-00-00-00-00-00
[08:23:57:073][ys_tech] fw_version=V1.8.5.1
[08:23:57:073]ystech_Power_Saving, is_EnablePowerSaving=False
[08:23:57:073][HID_TX]00-85-01-83-8B-01-00-00-00-00-00-00-00-00-00-00-00-00-00-00-00-00-00-00-00-00-00-00-00-00-00-00-00-00-00-00-00-00-00-00-00-00-00-00-00-00-00-00-00-00-00-00-00-00-00-00-00-00-00-00-00-00-00-00-00
[08:23:57:074]HidD_GetInputReport=True
[08:23:57:074]reply_report=00-4F-00-00-00-00-00-00-00-00-00-00-00-00-00-00-00-00-00-00-00-00-00-00-00-00-00-00-00-00-00-00-00-00-00-00-00-00-00-00-00-00-00-00-00-00-00-00-00-00-00-00-00-00-00-00-00-00-00-00-00-00-00-00-00
[08:23:57:074]HID_CMD_POWER_SAVING_Disable
[08:23:57:074]path_connected=\\?\hid#vid_046d&pid_0adf&mi_00#7&3ad8dff3&0&0000#{4d1e55b2-f16f-11cf-88cb-001111000030}
[08:23:57:076][HID_TX]00-80-13-43-F6-50-41-06-01-0D-00-25-34-12-5A-5A-01-00-00-00-F0-00-00-00-00-00-00-00-00-00-00-00-00-00-00-00-00-00-00-00-00-00-00-00-00-00-00-00-00-00-00-00-00-00-00-00-00-00-00-00-00-00-00-00-00
[08:23:57:078]HidD_GetInputReport=True
[08:23:57:078]reply_report=00-4F-00-00-00-00-00-00-00-00-00-00-00-00-00-00-00-00-00-00-00-00-00-00-00-00-00-00-00-00-00-00-00-00-00-00-00-00-00-00-00-00-00-00-00-00-00-00-00-00-00-00-00-00-00-00-00-00-00-00-00-00-00-00-00
[08:23:57:078]50-41-06-01-0D-00-25-34-12-5A-5A-01-00-00-00-F0-00-00-00 [CMD_SENT][OTA_CMD_IOCTL][READ_MAX_LEN=240]
[08:23:57:083][HID_TX_ack]00-11-50-49-01-C0-19-A7-05-00-07-00-06-81-00-F0-00-00-00-F5-A1-04-00-03-00-11-BB-17-32-00-00-00-00-00-00-00-00-00-00-00-00-00-00-00-00-00-00-00-00-00-00-00-00-00-00-00-00-00-00-00-00-00-00-00-00
[08:23:57:092]50-49-01-C0-19-A7-05-00-07-00-06-81-00-F0-00-00-00
[08:24:01:301][HID_TX]00-80-06-12-CD-50-41-0E-02-01-E0-00-00-00-00-00-00-00-00-00-00-00-00-00-00-00-00-00-00-00-00-00-00-00-00-00-00-00-00-00-00-00-00-00-00-00-00-00-00-00-00-00-00-00-00-00-00-00-00-00-00-00-00-00-00
[08:24:01:302]HidD_GetInputReport=True
[08:24:01:302]reply_report=00-4F-00-00-00-00-00-00-00-00-00-00-00-00-00-00-00-00-00-00-00-00-00-00-00-00-00-00-00-00-00-00-00-00-00-00-00-00-00-00-00-00-00-00-00-00-00-00-00-00-00-00-00-00-00-00-00-00-00-00-00-00-00-00-00
[08:24:01:302]50-41-0E-02-01-E0 [CMD_SENT][REMOTE_GET_MODE]
[08:24:01:304][HID_TX_ack]00-19-50-49-01-C0-4C-B4-05-00-03-00-0E-82-00-50-49-0E-C6-00-00-00-00-02-00-E0-00-17-32-00-00-00-00-00-00-00-00-00-00-00-00-00-00-00-00-00-00-00-00-00-00-00-00-00-00-00-00-00-00-00-00-00-00-00-00
[08:24:01:304]50-49-01-C0-4C-B4-05-00-03-00-0E-82-00
[08:24:01:304]50-49-0E-C6-00-00-00-00-02-00-E0-00-
[08:24:01:304]REMOTE_GET_MODE=00
[08:24:01:305][HID_TX]00-80-08-ED-79-50-41-06-03-02-00-43-01-00-00-00-00-00-00-00-00-00-00-00-00-00-00-00-00-00-00-00-00-00-00-00-00-00-00-00-00-00-00-00-00-00-00-00-00-00-00-00-00-00-00-00-00-00-00-00-00-00-00-00-00
[08:24:01:306]HidD_GetInputReport=True
[08:24:01:306]reply_report=00-4F-00-00-00-00-00-00-00-00-00-00-00-00-00-00-00-00-00-00-00-00-00-00-00-00-00-00-00-00-00-00-00-00-00-00-00-00-00-00-00-00-00-00-00-00-00-00-00-00-00-00-00-00-00-00-00-00-00-00-00-00-00-00-00
[08:24:01:306]50-41-06-03-02-00-43-01 [CMD_SENT][CMD_READ_MP_DATA_BY_ID]
[08:24:01:309][HID_TX_ack]00-13-50-49-01-C0-4F-B4-05-00-09-00-06-83-00-81-D9-2D-99-58-40-00-00-02-00-E0-00-17-32-00-00-00-00-00-00-00-00-00-00-00-00-00-00-00-00-00-00-00-00-00-00-00-00-00-00-00-00-00-00-00-00-00-00-00-00
[08:24:01:309]50-49-01-C0-4F-B4-05-00-09-00-06-83-00-81-D9-2D-99-58-40
